1456779040562	<INFO 7f98e8090740> 2016-02-29 21:50:40 STARTUP
1456779040565	<INFO 7f98e8090740> CORE::GRAPH rmat-28_s8
1456779040569	<INFO 7f98e8090740> CORE::ALGORITHM pagerank
1456779040572	<INFO 7f98e8090740> CORE::VERTEX_STRIPING ON
1456779040576	<INFO 7f98e8090740> 2016-02-29 21:50:40 Blocking memory amount 126701535232
1456779148210	<INFO 7f98e8090740> 2016-02-29 21:52:28 Done blocking memory
1456779148215	<INFO 7f98e8090740> SG-DRIVER-ORIGINAL
1456779148219	<INFO 7f98e8090740> CORE::CONFIG::PROCESSORS 8
1456779148222	<INFO 7f98e8090740> CORE::CONFIG::PHYSICAL_MEMORY 2147483648
1456779148226	<INFO 7f98e8090740> CORE::CONFIG::VERTICES 268435456
1456779148230	<INFO 7f98e8090740> CORE::CONFIG::VERTEX_SIZE 12
1456779148234	<INFO 7f98e8090740> CORE::CONFIG::VERTEX_BUFFER 100663296
1456779148237	<INFO 7f98e8090740> CORE::CONFIG::EDGES 536870912
1456779148241	<INFO 7f98e8090740> CORE::CONFIG::PARTITIONS 256
1456779148245	<INFO 7f98e8090740> CORE::CONFIG::FANOUT 256
1456779148248	<INFO 7f98e8090740> CORE::CONFIG::SUPER_PARTITIONS 32
1456779148252	<INFO 7f98e8090740> CORE::CONFIG::TILES 1
1456779148255	<INFO 7f98e8090740> CORE::CONFIG::BUFFER_SIZE 409360179
1456779148260	<INFO 7f98e8090740> CORE::CONFIG::MAX_BUFFERS 4
1456779148263	<INFO 7f98e8090740> CORE::CONFIG::MAX_STREAMS 4
1456779148267	<INFO 7f98e8090740> SLIPSTREAM::EXT_MEM_SHUFFLE OFF
1456779150064	<WARNING 7f98e8090740> Unable to unlink file (stream.0.0.0):No such file or directory
1456779150069	<WARNING 7f98e8090740> Unable to unlink file (stream.0.1.0):No such file or directory
1456779150072	<WARNING 7f98e8090740> Unable to unlink file (stream.0.2.0):No such file or directory
1456779150076	<WARNING 7f98e8090740> Unable to unlink file (stream.0.3.0):No such file or directory
1456779150080	<WARNING 7f98e8090740> Unable to unlink file (stream.0.4.0):No such file or directory
1456779150084	<WARNING 7f98e8090740> Unable to unlink file (stream.0.5.0):No such file or directory
1456779150088	<WARNING 7f98e8090740> Unable to unlink file (stream.0.6.0):No such file or directory
1456779150092	<WARNING 7f98e8090740> Unable to unlink file (stream.0.7.0):No such file or directory
1456779150096	<WARNING 7f98e8090740> Unable to unlink file (stream.0.8.0):No such file or directory
1456779150100	<WARNING 7f98e8090740> Unable to unlink file (stream.0.9.0):No such file or directory
1456779150103	<WARNING 7f98e8090740> Unable to unlink file (stream.0.10.0):No such file or directory
1456779150107	<WARNING 7f98e8090740> Unable to unlink file (stream.0.11.0):No such file or directory
1456779150111	<WARNING 7f98e8090740> Unable to unlink file (stream.0.12.0):No such file or directory
1456779150115	<WARNING 7f98e8090740> Unable to unlink file (stream.0.13.0):No such file or directory
1456779150119	<WARNING 7f98e8090740> Unable to unlink file (stream.0.14.0):No such file or directory
1456779150123	<WARNING 7f98e8090740> Unable to unlink file (stream.0.15.0):No such file or directory
1456779150128	<WARNING 7f98e8090740> Unable to unlink file (stream.0.16.0):No such file or directory
1456779150131	<WARNING 7f98e8090740> Unable to unlink file (stream.0.17.0):No such file or directory
1456779150135	<WARNING 7f98e8090740> Unable to unlink file (stream.0.18.0):No such file or directory
1456779150139	<WARNING 7f98e8090740> Unable to unlink file (stream.0.19.0):No such file or directory
1456779150142	<WARNING 7f98e8090740> Unable to unlink file (stream.0.20.0):No such file or directory
1456779150146	<WARNING 7f98e8090740> Unable to unlink file (stream.0.21.0):No such file or directory
1456779150149	<WARNING 7f98e8090740> Unable to unlink file (stream.0.22.0):No such file or directory
1456779150153	<WARNING 7f98e8090740> Unable to unlink file (stream.0.23.0):No such file or directory
1456779150157	<WARNING 7f98e8090740> Unable to unlink file (stream.0.24.0):No such file or directory
1456779150160	<WARNING 7f98e8090740> Unable to unlink file (stream.0.25.0):No such file or directory
1456779150164	<WARNING 7f98e8090740> Unable to unlink file (stream.0.26.0):No such file or directory
1456779150168	<WARNING 7f98e8090740> Unable to unlink file (stream.0.27.0):No such file or directory
1456779150171	<WARNING 7f98e8090740> Unable to unlink file (stream.0.28.0):No such file or directory
1456779150175	<WARNING 7f98e8090740> Unable to unlink file (stream.0.29.0):No such file or directory
1456779150179	<WARNING 7f98e8090740> Unable to unlink file (stream.0.30.0):No such file or directory
1456779150182	<WARNING 7f98e8090740> Unable to unlink file (stream.0.31.0):No such file or directory
1456779150186	<WARNING 7f98e8090740> Unable to unlink file (stream.1.1.0):No such file or directory
1456779150189	<WARNING 7f98e8090740> Unable to unlink file (stream.1.2.0):No such file or directory
1456779150193	<WARNING 7f98e8090740> Unable to unlink file (stream.1.3.0):No such file or directory
1456779150196	<WARNING 7f98e8090740> Unable to unlink file (stream.1.4.0):No such file or directory
1456779150200	<WARNING 7f98e8090740> Unable to unlink file (stream.1.5.0):No such file or directory
1456779150204	<WARNING 7f98e8090740> Unable to unlink file (stream.1.6.0):No such file or directory
1456779150207	<WARNING 7f98e8090740> Unable to unlink file (stream.1.7.0):No such file or directory
1456779150211	<WARNING 7f98e8090740> Unable to unlink file (stream.1.8.0):No such file or directory
1456779150215	<WARNING 7f98e8090740> Unable to unlink file (stream.1.9.0):No such file or directory
1456779150219	<WARNING 7f98e8090740> Unable to unlink file (stream.1.10.0):No such file or directory
1456779150222	<WARNING 7f98e8090740> Unable to unlink file (stream.1.11.0):No such file or directory
1456779150225	<WARNING 7f98e8090740> Unable to unlink file (stream.1.12.0):No such file or directory
1456779150229	<WARNING 7f98e8090740> Unable to unlink file (stream.1.13.0):No such file or directory
1456779150233	<WARNING 7f98e8090740> Unable to unlink file (stream.1.14.0):No such file or directory
1456779150236	<WARNING 7f98e8090740> Unable to unlink file (stream.1.15.0):No such file or directory
1456779150240	<WARNING 7f98e8090740> Unable to unlink file (stream.1.16.0):No such file or directory
1456779150243	<WARNING 7f98e8090740> Unable to unlink file (stream.1.17.0):No such file or directory
1456779150247	<WARNING 7f98e8090740> Unable to unlink file (stream.1.18.0):No such file or directory
1456779150250	<WARNING 7f98e8090740> Unable to unlink file (stream.1.19.0):No such file or directory
1456779150254	<WARNING 7f98e8090740> Unable to unlink file (stream.1.20.0):No such file or directory
1456779150257	<WARNING 7f98e8090740> Unable to unlink file (stream.1.21.0):No such file or directory
1456779150261	<WARNING 7f98e8090740> Unable to unlink file (stream.1.22.0):No such file or directory
1456779150264	<WARNING 7f98e8090740> Unable to unlink file (stream.1.23.0):No such file or directory
1456779150268	<WARNING 7f98e8090740> Unable to unlink file (stream.1.24.0):No such file or directory
1456779150271	<WARNING 7f98e8090740> Unable to unlink file (stream.1.25.0):No such file or directory
1456779150275	<WARNING 7f98e8090740> Unable to unlink file (stream.1.26.0):No such file or directory
1456779150278	<WARNING 7f98e8090740> Unable to unlink file (stream.1.27.0):No such file or directory
1456779150283	<WARNING 7f98e8090740> Unable to unlink file (stream.1.28.0):No such file or directory
1456779150286	<WARNING 7f98e8090740> Unable to unlink file (stream.1.29.0):No such file or directory
1456779150290	<WARNING 7f98e8090740> Unable to unlink file (stream.1.30.0):No such file or directory
1456779150293	<WARNING 7f98e8090740> Unable to unlink file (stream.1.31.0):No such file or directory
1456779150296	<WARNING 7f98e8090740> Unable to unlink file (stream.2.0.0):No such file or directory
1456779150300	<WARNING 7f98e8090740> Unable to unlink file (stream.2.1.0):No such file or directory
1456779150303	<WARNING 7f98e8090740> Unable to unlink file (stream.2.2.0):No such file or directory
1456779150307	<WARNING 7f98e8090740> Unable to unlink file (stream.2.3.0):No such file or directory
1456779150310	<WARNING 7f98e8090740> Unable to unlink file (stream.2.4.0):No such file or directory
1456779150314	<WARNING 7f98e8090740> Unable to unlink file (stream.2.5.0):No such file or directory
1456779150317	<WARNING 7f98e8090740> Unable to unlink file (stream.2.6.0):No such file or directory
1456779150321	<WARNING 7f98e8090740> Unable to unlink file (stream.2.7.0):No such file or directory
1456779150324	<WARNING 7f98e8090740> Unable to unlink file (stream.2.8.0):No such file or directory
1456779150328	<WARNING 7f98e8090740> Unable to unlink file (stream.2.9.0):No such file or directory
1456779150331	<WARNING 7f98e8090740> Unable to unlink file (stream.2.10.0):No such file or directory
1456779150335	<WARNING 7f98e8090740> Unable to unlink file (stream.2.11.0):No such file or directory
1456779150338	<WARNING 7f98e8090740> Unable to unlink file (stream.2.12.0):No such file or directory
1456779150342	<WARNING 7f98e8090740> Unable to unlink file (stream.2.13.0):No such file or directory
1456779150345	<WARNING 7f98e8090740> Unable to unlink file (stream.2.14.0):No such file or directory
1456779150349	<WARNING 7f98e8090740> Unable to unlink file (stream.2.15.0):No such file or directory
1456779150352	<WARNING 7f98e8090740> Unable to unlink file (stream.2.16.0):No such file or directory
1456779150356	<WARNING 7f98e8090740> Unable to unlink file (stream.2.17.0):No such file or directory
1456779150359	<WARNING 7f98e8090740> Unable to unlink file (stream.2.18.0):No such file or directory
1456779150363	<WARNING 7f98e8090740> Unable to unlink file (stream.2.19.0):No such file or directory
1456779150366	<WARNING 7f98e8090740> Unable to unlink file (stream.2.20.0):No such file or directory
1456779150370	<WARNING 7f98e8090740> Unable to unlink file (stream.2.21.0):No such file or directory
1456779150373	<WARNING 7f98e8090740> Unable to unlink file (stream.2.22.0):No such file or directory
1456779150376	<WARNING 7f98e8090740> Unable to unlink file (stream.2.23.0):No such file or directory
1456779150380	<WARNING 7f98e8090740> Unable to unlink file (stream.2.24.0):No such file or directory
1456779150384	<WARNING 7f98e8090740> Unable to unlink file (stream.2.25.0):No such file or directory
1456779150387	<WARNING 7f98e8090740> Unable to unlink file (stream.2.26.0):No such file or directory
1456779150390	<WARNING 7f98e8090740> Unable to unlink file (stream.2.27.0):No such file or directory
1456779150394	<WARNING 7f98e8090740> Unable to unlink file (stream.2.28.0):No such file or directory
1456779150398	<WARNING 7f98e8090740> Unable to unlink file (stream.2.29.0):No such file or directory
1456779150401	<WARNING 7f98e8090740> Unable to unlink file (stream.2.30.0):No such file or directory
1456779150404	<WARNING 7f98e8090740> Unable to unlink file (stream.2.31.0):No such file or directory
1456779150408	<WARNING 7f98e8090740> Unable to unlink file (stream.3.0.0):No such file or directory
1456779150411	<WARNING 7f98e8090740> Unable to unlink file (stream.3.1.0):No such file or directory
1456779150414	<WARNING 7f98e8090740> Unable to unlink file (stream.3.2.0):No such file or directory
1456779150418	<WARNING 7f98e8090740> Unable to unlink file (stream.3.3.0):No such file or directory
1456779150421	<WARNING 7f98e8090740> Unable to unlink file (stream.3.4.0):No such file or directory
1456779150425	<WARNING 7f98e8090740> Unable to unlink file (stream.3.5.0):No such file or directory
1456779150428	<WARNING 7f98e8090740> Unable to unlink file (stream.3.6.0):No such file or directory
1456779150432	<WARNING 7f98e8090740> Unable to unlink file (stream.3.7.0):No such file or directory
1456779150436	<WARNING 7f98e8090740> Unable to unlink file (stream.3.8.0):No such file or directory
1456779150439	<WARNING 7f98e8090740> Unable to unlink file (stream.3.9.0):No such file or directory
1456779150442	<WARNING 7f98e8090740> Unable to unlink file (stream.3.10.0):No such file or directory
1456779150445	<WARNING 7f98e8090740> Unable to unlink file (stream.3.11.0):No such file or directory
1456779150449	<WARNING 7f98e8090740> Unable to unlink file (stream.3.12.0):No such file or directory
1456779150453	<WARNING 7f98e8090740> Unable to unlink file (stream.3.13.0):No such file or directory
1456779150456	<WARNING 7f98e8090740> Unable to unlink file (stream.3.14.0):No such file or directory
1456779150459	<WARNING 7f98e8090740> Unable to unlink file (stream.3.15.0):No such file or directory
1456779150463	<WARNING 7f98e8090740> Unable to unlink file (stream.3.16.0):No such file or directory
1456779150467	<WARNING 7f98e8090740> Unable to unlink file (stream.3.17.0):No such file or directory
1456779150470	<WARNING 7f98e8090740> Unable to unlink file (stream.3.18.0):No such file or directory
1456779150474	<WARNING 7f98e8090740> Unable to unlink file (stream.3.19.0):No such file or directory
1456779150479	<WARNING 7f98e8090740> Unable to unlink file (stream.3.20.0):No such file or directory
1456779150483	<WARNING 7f98e8090740> Unable to unlink file (stream.3.21.0):No such file or directory
1456779150486	<WARNING 7f98e8090740> Unable to unlink file (stream.3.22.0):No such file or directory
1456779150489	<WARNING 7f98e8090740> Unable to unlink file (stream.3.23.0):No such file or directory
1456779150493	<WARNING 7f98e8090740> Unable to unlink file (stream.3.24.0):No such file or directory
1456779150497	<WARNING 7f98e8090740> Unable to unlink file (stream.3.25.0):No such file or directory
1456779150500	<WARNING 7f98e8090740> Unable to unlink file (stream.3.26.0):No such file or directory
1456779150503	<WARNING 7f98e8090740> Unable to unlink file (stream.3.27.0):No such file or directory
1456779150506	<WARNING 7f98e8090740> Unable to unlink file (stream.3.28.0):No such file or directory
1456779150511	<WARNING 7f98e8090740> Unable to unlink file (stream.3.29.0):No such file or directory
1456779150514	<WARNING 7f98e8090740> Unable to unlink file (stream.3.30.0):No such file or directory
1456779150518	<WARNING 7f98e8090740> Unable to unlink file (stream.3.31.0):No such file or directory
1456779150521	<INFO 7f98e8090740> SLIPSTORE::ZMQ_THREADS 2
1456779150524	<INFO 7f98e8090740> SLIPSTORE::COMM Connecting to tcp://dco-node137-10g:5016
1456779150528	<INFO 7f98e8090740> SLIPSTORE::COMM Connecting to tcp://dco-node138-10g:5034
1456779150533	<INFO 7f98e8090740> SLIPSTORE::COMM Connecting to tcp://dco-node139-10g:5052
1456779150537	<INFO 7f98e8090740> SLIPSTORE::COMM Connecting to tcp://dco-node140-10g:5070
1456779150541	<INFO 7f98e8090740> SLIPSTORE::COMM Connecting to tcp://dco-node141-10g:5088
1456779150545	<INFO 7f98e8090740> SLIPSTORE::COMM Connecting to tcp://dco-node142-10g:5106
1456779150549	<INFO 7f98e8090740> SLIPSTORE::COMM Connecting to tcp://dco-node143-10g:5124
1456779150552	<INFO 7f98e8090740> SLIPSTORE::COMM Connecting to tcp://dco-node144-10g:5142
1456779150555	<INFO 7f98e8090740> SLIPSTORE::COMM Listening at tcp://ens1f0:5044
1456779150558	<INFO 7f98e8090740> SLIPSTORE::COMM Listening at tcp://ens1f0:5045
1456779150562	<INFO 7f98e8090740> SLIPSTORE::COMM Listening at ipc://client
1456779150565	<INFO 7f98e8090740> SLIPSTORE::COMM Listening at tcp://ens1f0:5047
1456779150569	<INFO 7f98e8090740> SLIPSTORE::COMM Listening at tcp://ens1f0:5048
1456779150572	<INFO 7f98e8090740> SLIPSTORE::COMM Listening at tcp://ens1f0:5049
1456779150576	<INFO 7f98e8090740> SLIPSTORE::COMM Listening at tcp://ens1f0:5050
1456779150579	<INFO 7f98e8090740> SLIPSTORE::COMM Listening at tcp://ens1f0:5051
1456779150582	<INFO 7f98e8090740> SLIPSTORE::COMM Connecting to tcp://dco-node137-10g:5016
1456779150585	<INFO 7f98e8090740> SLIPSTORE::COMM Connecting to tcp://dco-node138-10g:5034
1456779150588	<INFO 7f98e8090740> SLIPSTORE::COMM Connecting to tcp://dco-node139-10g:5052
1456779150591	<INFO 7f98e8090740> SLIPSTORE::COMM Connecting to tcp://dco-node140-10g:5070
1456779150595	<INFO 7f98e8090740> SLIPSTORE::COMM Connecting to tcp://dco-node141-10g:5088
1456779150599	<INFO 7f98e8090740> SLIPSTORE::COMM Connecting to tcp://dco-node142-10g:5106
1456779150602	<INFO 7f98e8090740> SLIPSTORE::COMM Connecting to tcp://dco-node143-10g:5124
1456779150606	<INFO 7f98e8090740> SLIPSTORE::COMM Connecting to tcp://dco-node144-10g:5142
1456779150609	<INFO 7f98e8090740> SLIPSTORE::COMM Connecting to tcp://dco-node137-10g:5002
1456779150613	<INFO 7f98e8090740> SLIPSTORE::COMM Connecting to tcp://dco-node138-10g:5020
1456779150616	<INFO 7f98e8090740> SLIPSTORE::COMM Connecting to ipc://server
1456779150620	<INFO 7f98e8090740> SLIPSTORE::COMM Connecting to tcp://dco-node140-10g:5056
1456779150622	<INFO 7f98e8090740> SLIPSTORE::COMM Connecting to tcp://dco-node141-10g:5074
1456779150626	<INFO 7f98e8090740> SLIPSTORE::COMM Connecting to tcp://dco-node142-10g:5092
1456779150629	<INFO 7f98e8090740> SLIPSTORE::COMM Connecting to tcp://dco-node143-10g:5110
1456779150633	<INFO 7f98e8090740> SLIPSTORE::COMM Connecting to tcp://dco-node144-10g:5128
1456779150637	<INFO 7f98e8090740> SLIPSTORE::COMM Connecting to tcp://dco-node140-10g:5071
1456779150640	<INFO 7f98e8090740> SLIPSTORE::COMM Listening at tcp://ens1f0:5053
1456779150643	<INFO 7f98e8090740> SLIPSTORE::COMM Connecting to tcp://dco-node139-10g:5052
1456779150646	<INFO 7f98e8090740> SLIPSTORE::HELP_POLICY NONE
1456779150649	<INFO 7f98e8090740> SLIPSTORE::SERVER ASYNC
1456779150652	<INFO 7f98e8090740> SLIPSTORE::MACHINES 8
1456779150655	<INFO 7f98e8090740> SLIPSTORE::ME 2
1456779150659	<INFO 7f98e8090740> SLIPSTORE::SLIPCHUNK 4194304
1456779150661	<INFO 7f98e8090740> SLIPSTORE::QUOTA 18446744073709551615
1456779150665	<INFO 7f98e8090740> SLIPSTORE::IO PAGECACHE
1456779150669	<INFO 7f7ac9ff7700> SLIPSTORE::COMM Listening at tcp://ens1f0:5052
1456779150671	<INFO 7f7ac9ff7700> SLIPSTORE::COMM Listening at tcp://ens1f0:5036
1456779150676	<INFO 7f7ac9ff7700> SLIPSTORE::COMM Connecting to tcp://dco-node137-10g:5010
1456779150679	<INFO 7f7ac9ff7700> SLIPSTORE::COMM Listening at tcp://ens1f0:5037
1456779150683	<INFO 7f7ac9ff7700> SLIPSTORE::COMM Connecting to tcp://dco-node138-10g:5028
1456779150686	<INFO 7f7ac9ff7700> SLIPSTORE::COMM Listening at ipc://server
1456779150689	<INFO 7f7ac9ff7700> SLIPSTORE::COMM Connecting to ipc://client
1456779150693	<INFO 7f7ac9ff7700> SLIPSTORE::COMM Listening at tcp://ens1f0:5039
1456779150696	<INFO 7f7ac9ff7700> SLIPSTORE::COMM Connecting to tcp://dco-node140-10g:5064
1456779150700	<INFO 7f7ac9ff7700> SLIPSTORE::COMM Listening at tcp://ens1f0:5040
1456779150703	<INFO 7f7ac9ff7700> SLIPSTORE::COMM Connecting to tcp://dco-node141-10g:5082
1456779150707	<INFO 7f7ac9ff7700> SLIPSTORE::COMM Listening at tcp://ens1f0:5041
1456779150710	<INFO 7f7ac9ff7700> SLIPSTORE::COMM Connecting to tcp://dco-node142-10g:5100
1456779150714	<INFO 7f7ac9ff7700> SLIPSTORE::COMM Listening at tcp://ens1f0:5042
1456779150717	<INFO 7f7ac9ff7700> SLIPSTORE::COMM Connecting to tcp://dco-node143-10g:5118
1456779150720	<INFO 7f7ac9ff7700> SLIPSTORE::COMM Listening at tcp://ens1f0:5043
1456779150724	<INFO 7f7ac9ff7700> SLIPSTORE::COMM Connecting to tcp://dco-node144-10g:5136
1456779151890	<INFO 7f98e8090740> SLIPSTORE::CHECKPOINTS NONE FOUND
1456779223989	<INFO 7f98e8090740> 2016-02-29 21:53:43 Completed init
1456779258816	<INFO 7f98e8090740> 2016-02-29 21:54:18 Completed phase 1 Bytes read 10307376948 Bytes written 6710470680
1456779327458	<INFO 7f98e8090740> 2016-02-29 21:55:27 Completed phase 2 Bytes read 14574956136 Bytes written 9671918120
1456779417465	<INFO 7f98e8090740> 2016-02-29 21:56:57 Completed phase 3 Bytes read 20183580380 Bytes written 12679603576
1456779503583	<INFO 7f98e8090740> 2016-02-29 21:58:23 Completed phase 4 Bytes read 25867431112 Bytes written 15643422144
1456779593714	<INFO 7f98e8090740> 2016-02-29 21:59:53 Completed phase 5 Bytes read 31514463556 Bytes written 18520523904
1456779679420	<INFO 7f98e8090740> 2016-02-29 22:01:19 Completed phase 6 Bytes read 37161214832 Bytes written 21272050872
1456779769982	<INFO 7f98e8090740> 2016-02-29 22:02:49 Completed phase 7 Bytes read 42707637708 Bytes written 23997388360
1456779769984	<INFO 7f98e8090740> CORE::PARTITIONS_PROCESSED 302
1456779769987	<INFO 7f98e8090740> CORE::BYTES::EDGES_STREAMED 3952479264
1456779769990	<INFO 7f98e8090740> CORE::BYTES::UPDATES_OUT 2237029928
1456779769992	<INFO 7f98e8090740> CORE::BYTES::UPDATES_IN 1051826176
1456779769995	<INFO 7f7abeffd700> CORE::PARTITIONS_PROCESSED 568
1456779769997	<INFO 7f7abf7fe700> CORE::PARTITIONS_PROCESSED 752
1456779769999	<INFO 7f7abffff700> CORE::PARTITIONS_PROCESSED 612
1456779770002	<INFO 7f7abd7fa700> CORE::PARTITIONS_PROCESSED 840
1456779770004	<INFO 7f7ac8ff5700> CORE::PARTITIONS_PROCESSED 601
1456779770006	<INFO 7f7abe7fc700> CORE::PARTITIONS_PROCESSED 705
1456779770009	<INFO 7f7abdffb700> CORE::PARTITIONS_PROCESSED 740
1456779770011	<INFO 7f7abdffb700> CORE::BYTES::EDGES_STREAMED 3867050448
1456779770013	<INFO 7f7ac8ff5700> CORE::BYTES::EDGES_STREAMED 3407161212
1456779770016	<INFO 7f7abeffd700> CORE::BYTES::EDGES_STREAMED 3412912692
1456779770018	<INFO 7f7abdffb700> CORE::BYTES::UPDATES_OUT 2154116808
1456779770020	<INFO 7f7ac8ff5700> CORE::BYTES::UPDATES_OUT 1964068344
1456779770023	<INFO 7f7abd7fa700> CORE::BYTES::EDGES_STREAMED 3720847176
1456779770025	<INFO 7f7abf7fe700> CORE::BYTES::EDGES_STREAMED 3475615908
1456779770027	<INFO 7f7abffff700> CORE::BYTES::EDGES_STREAMED 3391318644
1456779770030	<INFO 7f7abeffd700> CORE::BYTES::UPDATES_OUT 1913911640
1456779770032	<INFO 7f7abe7fc700> CORE::BYTES::EDGES_STREAMED 3658471236
1456779770035	<INFO 7f7abd7fa700> CORE::BYTES::UPDATES_OUT 2160219576
1456779770037	<INFO 7f7abe7fc700> CORE::BYTES::UPDATES_OUT 2125054656
1456779770040	<INFO 7f7ac8ff5700> CORE::BYTES::UPDATES_IN 808407832
1456779770042	<INFO 7f7abeffd700> CORE::BYTES::UPDATES_IN 955249432
1456779770044	<INFO 7f7abf7fe700> CORE::BYTES::UPDATES_OUT 2005250376
1456779770047	<INFO 7f7abd7fa700> CORE::BYTES::UPDATES_IN 1139574344
1456779770049	<INFO 7f7abe7fc700> CORE::BYTES::UPDATES_IN 870811400
1456779770052	<INFO 7f7abffff700> CORE::BYTES::UPDATES_OUT 1946552432
1456779770054	<INFO 7f7abffff700> CORE::BYTES::UPDATES_IN 884791872
1456779770056	<INFO 7f7abf7fe700> CORE::BYTES::UPDATES_IN 822275048
1456779770059	<INFO 7f7abdffb700> CORE::BYTES::UPDATES_IN 1204125936
1456779770213	<INFO 7f7ac9ff7700> SLIPSTORE service is exiting
1456779770215	<INFO 7f7ac9ff7700> SLIPSTORE::HELP_OFFERS_RECVD 392
1456779770218	<INFO 7f7ac9ff7700> SLIPSTORE::HELP_OFFERS_ACCEPTED 0
1456779770223	<INFO 7f7ac9ff7700> SLIPSTORE::HELP_ACCEPTANCE_RATIO 0
1456779770226	<INFO 7f7ac9ff7700> SLIPSTORE::SERVER_BUSY_DISK  382.316 seconds
1456779770228	<INFO 7f7ac9ff7700> SLIPSTORE::SERVER_BUSY_MEM  0 seconds
1456779770231	<INFO 7f7ac9ff7700> SLIPSTORE::SERVER_TOTAL  620.113 seconds
1456779770235	<INFO 7f98e8090740> SLIPSTORE::CLIENT::DISK_READ_TIME  245.459 seconds
1456779770237	<INFO 7f98e8090740> SLIPSTORE::CLIENT::MEM_READ_TIME  0 seconds
1456779770240	<INFO 7f98e8090740> SLIPSTORE::CLIENT::DISK_BYTES_READ 46768940112
1456779770243	<INFO 7f98e8090740> SLIPSTORE::CLIENT::MEM_BYTES_READ 0
1456779770246	<INFO 7f98e8090740> SLIPSTORE::CLIENT::WRITE_TIME  106.404 seconds
1456779770248	<INFO 7f98e8090740> SLIPSTORE::CLIENT::BYTES_WRITTEN 3623878656
1456779770251	<INFO 7f98e8090740> SLIPSTORE::CLIENT_BUSY  351.862 seconds
1456779770254	<INFO 7f98e8090740> SLIPSTORE::IO::TIME 290.18 seconds
1456779770257	<INFO 7f98e8090740> SLIPSTORE::SNAP::TIME 0 seconds
1456779770259	<INFO 7f98e8090740> SLIPSTORE::MAX_DISK_USAGE_BYTES 9114176360
1456779770833	<INFO 7f98e8090740> CORE::RUSAGE::MAX_RSS_KB 125956352
1456779770837	<INFO 7f98e8090740> CORE::RUSAGE::MINFLT 32282900
1456779770840	<INFO 7f98e8090740> CORE::RUSAGE::MAJFLT 113
1456779770844	<INFO 7f98e8090740> CORE::RUSAGE::MAJFLT 113
1456779770847	<INFO 7f98e8090740> CORE::RUSAGE::INBLK 54245168
1456779770851	<INFO 7f98e8090740> CORE::RUSAGE::OUBLK 46878120
1456779770854	<INFO 7f98e8090740> CORE::UTILS::BYTES_READ 42707637708
1456779770858	<INFO 7f98e8090740> CORE::UTILS::BYTES_WRITTEN 23997388360
1456779770862	<INFO 7f98e8090740> CORE::UTILS::TILE_COPY_BYTES 3825205248
1456779770865	<INFO 7f98e8090740> CORE::TIME::IO_WAIT 312.256 seconds
1456779770869	<INFO 7f98e8090740> CORE::TIME_TILE_COPY 0 seconds
1456779770872	<INFO 7f98e8090740> CORE::TIME_TILE_MERGE 0 seconds
1456779770876	<INFO 7f98e8090740> CORE::TIME_PROCESSING_STOLEN 0 seconds
1456779770879	<INFO 7f98e8090740> CORE::TIME_MERGE_WAIT 0 seconds
1456779770882	<INFO 7f98e8090740> CORE::TIME_ALL_MC_BARRIER 223.629 seconds
1456779770886	<INFO 7f98e8090740> CORE::PHASES 7
1456779770889	<INFO 7f98e8090740> CORE::TIME::SETUP 4.52701 seconds
1456779770892	<INFO 7f98e8090740> CORE::TIME::WALL 622.623 seconds
1456779770894	<INFO 7f98e8090740> SHUTDOWN
