1461695017268	<INFO 7f5531480740> 2016-04-26 20:23:37 STARTUP
1461695017272	<INFO 7f5531480740> CORE::GRAPH rmat-28_s8
1461695017275	<INFO 7f5531480740> CORE::ALGORITHM pagerank
1461695017279	<INFO 7f5531480740> CORE::VERTEX_STRIPING OFF
1461695017283	<INFO 7f5531480740> CORE::OPTIMIZED_STATE_LOAD_STORE OFF
1461695017287	<INFO 7f5531480740> CORE::BINARY_SEARCH_SUPER_PARTITION ON
1461695017291	<INFO 7f5531480740> CORE::SUPER_PARTITION_COMPUTED_FOR_EACH_SCATTER_GATHER_PHASE
1461695017295	<INFO 7f5531480740> CORE::BATCH IO OFF
1461695017299	<INFO 7f5531480740> 2016-04-26 20:23:37 Blocking memory amount 126701535232
1461695123071	<INFO 7f5531480740> 2016-04-26 20:25:23 Done blocking memory
1461695123075	<INFO 7f5531480740> SG-DRIVER-ORIGINAL
1461695123079	<INFO 7f5531480740> 2016-04-26 20:25:23 START read config parameters
1461695123083	<INFO 7f5531480740> PARTITIONING::OLD 0
1461695123086	<INFO 7f5531480740> PARTITIONING::BALANCED_PARTITIONS 0
1461695123090	<INFO 7f5531480740> CORE::CONFIG::PROCESSORS 8
1461695123094	<INFO 7f5531480740> CORE::CONFIG::PHYSICAL_MEMORY 2147483648
1461695123097	<INFO 7f5531480740> CORE::CONFIG::VERTICES 268435456
1461695123101	<INFO 7f5531480740> CORE::CONFIG::VERTEX_SIZE 12
1461695123105	<INFO 7f5531480740> CORE::CONFIG::VERTEX_BUFFER 1306428636
1461695123109	<INFO 7f5531480740> CORE::CONFIG::EDGES 536870912
1461695123113	<INFO 7f5531480740> CORE::CONFIG::PARTITIONS 64
1461695123117	<INFO 7f5531480740> CORE::CONFIG::FANOUT 64
1461695123121	<INFO 7f5531480740> CORE::CONFIG::SUPER_PARTITIONS 8
1461695123124	<INFO 7f5531480740> CORE::CONFIG::TILES 1
1461695123128	<INFO 7f5531480740> CORE::CONFIG::BUFFER_SIZE 168209876
1461695123132	<INFO 7f5531480740> CORE::CONFIG::MAX_BUFFERS 4
1461695123136	<INFO 7f5531480740> CORE::CONFIG::MAX_STREAMS 4
1461695123140	<INFO 7f5531480740> CORE::CONFIG::SUM_OF_OUT_DEGREES_FOR_NEW_PARTITIONS::FIRST_CONSTRAINT 0
1461695123143	<INFO 7f5531480740> CORE::CONFIG::MAX_EDGES_PER_NEW_PARTITION::SECOND_CONSTRAINT 0
1461695123147	<INFO 7f5531480740> SLIPSTREAM::EXT_MEM_SHUFFLE OFF
1461695123151	<INFO 7f5531480740> 2016-04-26 20:25:23 END read config parameters
1461695124866	<WARNING 7f5531480740> Unable to unlink file (stream.0.0.0):No such file or directory
1461695124871	<WARNING 7f5531480740> Unable to unlink file (stream.0.1.0):No such file or directory
1461695124874	<WARNING 7f5531480740> Unable to unlink file (stream.0.2.0):No such file or directory
1461695124878	<WARNING 7f5531480740> Unable to unlink file (stream.0.3.0):No such file or directory
1461695124882	<WARNING 7f5531480740> Unable to unlink file (stream.0.4.0):No such file or directory
1461695124886	<WARNING 7f5531480740> Unable to unlink file (stream.0.5.0):No such file or directory
1461695124891	<WARNING 7f5531480740> Unable to unlink file (stream.0.6.0):No such file or directory
1461695124895	<WARNING 7f5531480740> Unable to unlink file (stream.0.7.0):No such file or directory
1461695124899	<WARNING 7f5531480740> Unable to unlink file (stream.1.1.0):No such file or directory
1461695124903	<WARNING 7f5531480740> Unable to unlink file (stream.1.2.0):No such file or directory
1461695124907	<WARNING 7f5531480740> Unable to unlink file (stream.1.3.0):No such file or directory
1461695124911	<WARNING 7f5531480740> Unable to unlink file (stream.1.4.0):No such file or directory
1461695124915	<WARNING 7f5531480740> Unable to unlink file (stream.1.5.0):No such file or directory
1461695124919	<WARNING 7f5531480740> Unable to unlink file (stream.1.6.0):No such file or directory
1461695124923	<WARNING 7f5531480740> Unable to unlink file (stream.1.7.0):No such file or directory
1461695124928	<WARNING 7f5531480740> Unable to unlink file (stream.2.0.0):No such file or directory
1461695124932	<WARNING 7f5531480740> Unable to unlink file (stream.2.1.0):No such file or directory
1461695124935	<WARNING 7f5531480740> Unable to unlink file (stream.2.2.0):No such file or directory
1461695124940	<WARNING 7f5531480740> Unable to unlink file (stream.2.3.0):No such file or directory
1461695124943	<WARNING 7f5531480740> Unable to unlink file (stream.2.4.0):No such file or directory
1461695124947	<WARNING 7f5531480740> Unable to unlink file (stream.2.5.0):No such file or directory
1461695124951	<WARNING 7f5531480740> Unable to unlink file (stream.2.6.0):No such file or directory
1461695124954	<WARNING 7f5531480740> Unable to unlink file (stream.2.7.0):No such file or directory
1461695124958	<WARNING 7f5531480740> Unable to unlink file (stream.3.0.0):No such file or directory
1461695124962	<WARNING 7f5531480740> Unable to unlink file (stream.3.1.0):No such file or directory
1461695124965	<WARNING 7f5531480740> Unable to unlink file (stream.3.2.0):No such file or directory
1461695124969	<WARNING 7f5531480740> Unable to unlink file (stream.3.3.0):No such file or directory
1461695124973	<WARNING 7f5531480740> Unable to unlink file (stream.3.4.0):No such file or directory
1461695124977	<WARNING 7f5531480740> Unable to unlink file (stream.3.5.0):No such file or directory
1461695124980	<WARNING 7f5531480740> Unable to unlink file (stream.3.6.0):No such file or directory
1461695124985	<WARNING 7f5531480740> Unable to unlink file (stream.3.7.0):No such file or directory
1461695124988	<INFO 7f5531480740> SLIPSTORE::ZMQ_THREADS 2
1461695124992	<INFO 7f5531480740> SLIPSTORE::COMM Connecting to tcp://dco-node137-10g:5016
1461695124995	<INFO 7f5531480740> SLIPSTORE::COMM Connecting to tcp://dco-node138-10g:5034
1461695124999	<INFO 7f5531480740> SLIPSTORE::COMM Connecting to tcp://dco-node139-10g:5052
1461695125002	<INFO 7f5531480740> SLIPSTORE::COMM Connecting to tcp://dco-node140-10g:5070
1461695125005	<INFO 7f5531480740> SLIPSTORE::COMM Connecting to tcp://dco-node141-10g:5088
1461695125008	<INFO 7f5531480740> SLIPSTORE::COMM Connecting to tcp://dco-node142-10g:5106
1461695125012	<INFO 7f5531480740> SLIPSTORE::COMM Connecting to tcp://dco-node143-10g:5124
1461695125016	<INFO 7f5531480740> SLIPSTORE::COMM Connecting to tcp://dco-node144-10g:5142
1461695125020	<INFO 7f5531480740> SLIPSTORE::COMM Listening at tcp://ens1f0:5026
1461695125024	<INFO 7f5531480740> SLIPSTORE::COMM Listening at ipc://client
1461695125027	<INFO 7f5531480740> SLIPSTORE::COMM Listening at tcp://ens1f0:5028
1461695125031	<INFO 7f5531480740> SLIPSTORE::COMM Listening at tcp://ens1f0:5029
1461695125034	<INFO 7f5531480740> SLIPSTORE::COMM Listening at tcp://ens1f0:5030
1461695125037	<INFO 7f5531480740> SLIPSTORE::COMM Listening at tcp://ens1f0:5031
1461695125041	<INFO 7f5531480740> SLIPSTORE::COMM Listening at tcp://ens1f0:5032
1461695125044	<INFO 7f5531480740> SLIPSTORE::COMM Listening at tcp://ens1f0:5033
1461695125049	<INFO 7f5531480740> SLIPSTORE::COMM Connecting to tcp://dco-node137-10g:5016
1461695125053	<INFO 7f5531480740> SLIPSTORE::COMM Connecting to tcp://dco-node138-10g:5034
1461695125056	<INFO 7f5531480740> SLIPSTORE::COMM Connecting to tcp://dco-node139-10g:5052
1461695125058	<INFO 7f5531480740> SLIPSTORE::COMM Connecting to tcp://dco-node140-10g:5070
1461695125061	<INFO 7f5531480740> SLIPSTORE::COMM Connecting to tcp://dco-node141-10g:5088
1461695125065	<INFO 7f5531480740> SLIPSTORE::COMM Connecting to tcp://dco-node142-10g:5106
1461695125068	<INFO 7f5531480740> SLIPSTORE::COMM Connecting to tcp://dco-node143-10g:5124
1461695125070	<INFO 7f5531480740> SLIPSTORE::COMM Connecting to tcp://dco-node144-10g:5142
1461695125073	<INFO 7f5531480740> SLIPSTORE::COMM Connecting to tcp://dco-node137-10g:5001
1461695125076	<INFO 7f5531480740> SLIPSTORE::COMM Connecting to ipc://server
1461695125079	<INFO 7f5531480740> SLIPSTORE::COMM Connecting to tcp://dco-node139-10g:5037
1461695125081	<INFO 7f5531480740> SLIPSTORE::COMM Connecting to tcp://dco-node140-10g:5055
1461695125085	<INFO 7f5531480740> SLIPSTORE::COMM Connecting to tcp://dco-node141-10g:5073
1461695125088	<INFO 7f5531480740> SLIPSTORE::COMM Connecting to tcp://dco-node142-10g:5091
1461695125091	<INFO 7f5531480740> SLIPSTORE::COMM Connecting to tcp://dco-node143-10g:5109
1461695125093	<INFO 7f5531480740> SLIPSTORE::COMM Connecting to tcp://dco-node144-10g:5127
1461695125096	<INFO 7f5531480740> SLIPSTORE::COMM Connecting to tcp://dco-node139-10g:5053
1461695125098	<INFO 7f5531480740> SLIPSTORE::COMM Listening at tcp://ens1f0:5035
1461695125102	<INFO 7f5531480740> SLIPSTORE::COMM Connecting to tcp://dco-node138-10g:5034
1461695125105	<INFO 7f5531480740> SLIPSTORE::HELP_POLICY NONE
1461695125108	<INFO 7f5531480740> SLIPSTORE::SERVER ASYNC
1461695125111	<INFO 7f5531480740> SLIPSTORE::MACHINES 8
1461695125114	<INFO 7f5531480740> SLIPSTORE::ME 1
1461695125116	<INFO 7f5531480740> SLIPSTORE::SLIPCHUNK 4194304
1461695125119	<INFO 7f5531480740> SLIPSTORE::QUOTA 18446744073709551615
1461695125121	<INFO 7f5531480740> SLIPSTORE::IO PAGECACHE
1461695125124	<INFO 7f37257fa700> SLIPSTORE::COMM Listening at tcp://ens1f0:5034
1461695125126	<INFO 7f37257fa700> SLIPSTORE::COMM Listening at tcp://ens1f0:5018
1461695125129	<INFO 7f37257fa700> SLIPSTORE::COMM Connecting to tcp://dco-node137-10g:5009
1461695125132	<INFO 7f37257fa700> SLIPSTORE::COMM Listening at ipc://server
1461695125135	<INFO 7f37257fa700> SLIPSTORE::COMM Connecting to ipc://client
1461695125138	<INFO 7f37257fa700> SLIPSTORE::COMM Listening at tcp://ens1f0:5020
1461695125141	<INFO 7f37257fa700> SLIPSTORE::COMM Connecting to tcp://dco-node139-10g:5045
1461695125144	<INFO 7f37257fa700> SLIPSTORE::COMM Listening at tcp://ens1f0:5021
1461695125146	<INFO 7f37257fa700> SLIPSTORE::COMM Connecting to tcp://dco-node140-10g:5063
1461695125149	<INFO 7f37257fa700> SLIPSTORE::COMM Listening at tcp://ens1f0:5022
1461695125152	<INFO 7f37257fa700> SLIPSTORE::COMM Connecting to tcp://dco-node141-10g:5081
1461695125155	<INFO 7f37257fa700> SLIPSTORE::COMM Listening at tcp://ens1f0:5023
1461695125157	<INFO 7f37257fa700> SLIPSTORE::COMM Connecting to tcp://dco-node142-10g:5099
1461695125159	<INFO 7f37257fa700> SLIPSTORE::COMM Listening at tcp://ens1f0:5024
1461695125162	<INFO 7f37257fa700> SLIPSTORE::COMM Connecting to tcp://dco-node143-10g:5117
1461695125165	<INFO 7f37257fa700> SLIPSTORE::COMM Listening at tcp://ens1f0:5025
1461695125167	<INFO 7f37257fa700> SLIPSTORE::COMM Connecting to tcp://dco-node144-10g:5135
1461695127868	<INFO 7f5531480740> SLIPSTORE::CHECKPOINTS NONE FOUND
1461695127870	<INFO 7f5531480740> 2016-04-26 20:25:27 Start edge split
1461695182865	<INFO 7f5531480740> 2016-04-26 20:26:22 Completed init
1461695187164	<INFO 7f5531480740> 2016-04-26 20:26:27 Started gather
1461695187524	<INFO 7f5531480740> 2016-04-26 20:26:27 Completed gather
1461695195681	<INFO 7f5531480740> 2016-04-26 20:26:35 Started scatter
1461695227670	<INFO 7f5531480740> 2016-04-26 20:27:07 Completed scatter
1461695228166	<INFO 7f5531480740> 2016-04-26 20:27:08 Completed phase 1 Bytes read 13373018316 Bytes written 6930567372
1461695236874	<INFO 7f5531480740> 2016-04-26 20:27:16 Started gather
1461695237270	<INFO 7f5531480740> 2016-04-26 20:27:17 Completed gather
1461695245457	<INFO 7f5531480740> 2016-04-26 20:27:25 Started gather
1461695313204	<INFO 7f5531480740> 2016-04-26 20:28:33 Completed gather
1461695313598	<INFO 7f5531480740> 2016-04-26 20:28:33 Completed phase 2 Bytes read 20388934248 Bytes written 11693008628
1461695324465	<INFO 7f5531480740> 2016-04-26 20:28:44 Started gather
1461695352294	<INFO 7f5531480740> 2016-04-26 20:29:12 Completed gather
1461695438415	<INFO 7f5531480740> 2016-04-26 20:30:38 Started scatter
1461695488916	<INFO 7f5531480740> 2016-04-26 20:31:28 Completed scatter
1461695489401	<INFO 7f5531480740> 2016-04-26 20:31:29 Completed phase 3 Bytes read 31911245756 Bytes written 16370101324
1461695498143	<INFO 7f5531480740> 2016-04-26 20:31:38 Started gather
1461695527328	<INFO 7f5531480740> 2016-04-26 20:32:07 Completed gather
1461695600751	<INFO 7f5531480740> 2016-04-26 20:33:20 Started scatter
1461695652221	<INFO 7f5531480740> 2016-04-26 20:34:12 Completed scatter
1461695652292	<INFO 7f5531480740> 2016-04-26 20:34:12 Completed phase 4 Bytes read 43433557264 Bytes written 21047194020
1461695661512	<INFO 7f5531480740> 2016-04-26 20:34:21 Started gather
1461695690169	<INFO 7f5531480740> 2016-04-26 20:34:50 Completed gather
1461695763170	<INFO 7f5531480740> 2016-04-26 20:36:03 Started scatter
1461695813983	<INFO 7f5531480740> 2016-04-26 20:36:53 Completed scatter
1461695814382	<INFO 7f5531480740> 2016-04-26 20:36:54 Completed phase 5 Bytes read 54955868772 Bytes written 25724286716
1461695823640	<INFO 7f5531480740> 2016-04-26 20:37:03 Started gather
1461695852531	<INFO 7f5531480740> 2016-04-26 20:37:32 Completed gather
1461695927523	<INFO 7f5531480740> 2016-04-26 20:38:47 Started scatter
1461695979382	<INFO 7f5531480740> 2016-04-26 20:39:39 Completed scatter
1461695979725	<INFO 7f5531480740> 2016-04-26 20:39:39 Completed phase 6 Bytes read 66478180280 Bytes written 30401379412
1461695988842	<INFO 7f5531480740> 2016-04-26 20:39:48 Started gather
1461696014985	<INFO 7f5531480740> 2016-04-26 20:40:14 Completed gather
1461696091881	<INFO 7f5531480740> 2016-04-26 20:41:31 Started scatter
1461696144015	<INFO 7f5531480740> 2016-04-26 20:42:24 Completed scatter
1461696144780	<INFO 7f5531480740> 2016-04-26 20:42:24 Completed phase 7 Bytes read 78000491788 Bytes written 35078472108
1461696144782	<INFO 7f5531480740> CORE::PARTITIONS_PROCESSED 1216
1461696144784	<INFO 7f5531480740> CORE::BYTES::EDGES_STREAMED 5746424640
1461696144787	<INFO 7f5531480740> CORE::BYTES::UPDATES_OUT 3318412776
1461696144789	<INFO 7f5531480740> CORE::BYTES::UPDATES_IN 2415201776
1461696144791	<INFO 7f370bfff700> CORE::PARTITIONS_PROCESSED 1480
1461696144793	<INFO 7f370bfff700> CORE::BYTES::EDGES_STREAMED 9427204428
1461696144795	<INFO 7f370bfff700> CORE::BYTES::UPDATES_OUT 5258121048
1461696144798	<INFO 7f370bfff700> CORE::BYTES::UPDATES_IN 3917580808
1461696144800	<INFO 7f370b7fe700> CORE::PARTITIONS_PROCESSED 430
1461696144802	<INFO 7f370a7fc700> CORE::PARTITIONS_PROCESSED 956
1461696144805	<INFO 7f3708ff9700> CORE::PARTITIONS_PROCESSED 1216
1461696144807	<INFO 7f3709ffb700> CORE::PARTITIONS_PROCESSED 1351
1461696144809	<INFO 7f370a7fc700> CORE::BYTES::EDGES_STREAMED 4644009132
1461696144811	<INFO 7f370affd700> CORE::PARTITIONS_PROCESSED 1046
1461696144814	<INFO 7f370b7fe700> CORE::BYTES::EDGES_STREAMED 4993966704
1461696144816	<INFO 7f370a7fc700> CORE::BYTES::UPDATES_OUT 2681145976
1461696144818	<INFO 7f3709ffb700> CORE::BYTES::EDGES_STREAMED 5734391784
1461696144820	<INFO 7f37097fa700> CORE::PARTITIONS_PROCESSED 945
1461696144823	<INFO 7f370b7fe700> CORE::BYTES::UPDATES_OUT 2839227800
1461696144825	<INFO 7f370affd700> CORE::BYTES::EDGES_STREAMED 5339264292
1461696144827	<INFO 7f3708ff9700> CORE::BYTES::EDGES_STREAMED 5743280148
1461696144829	<INFO 7f37097fa700> CORE::BYTES::EDGES_STREAMED 5690550636
1461696144832	<INFO 7f370a7fc700> CORE::BYTES::UPDATES_IN 1864990752
1461696144834	<INFO 7f370affd700> CORE::BYTES::UPDATES_OUT 3045116448
1461696144836	<INFO 7f370b7fe700> CORE::BYTES::UPDATES_IN 2201811784
1461696144839	<INFO 7f3708ff9700> CORE::BYTES::UPDATES_OUT 3337749528
1461696144841	<INFO 7f370affd700> CORE::BYTES::UPDATES_IN 2793890184
1461696144843	<INFO 7f3709ffb700> CORE::BYTES::UPDATES_OUT 3305113856
1461696144845	<INFO 7f37097fa700> CORE::BYTES::UPDATES_OUT 3254593576
1461696144847	<INFO 7f3708ff9700> CORE::BYTES::UPDATES_IN 3861536608
1461696144850	<INFO 7f3709ffb700> CORE::BYTES::UPDATES_IN 2786798792
1461696144852	<INFO 7f37097fa700> CORE::BYTES::UPDATES_IN 2690167176
1461696144854	<INFO 7f37257fa700> SLIPSTORE service is exiting
1461696144856	<INFO 7f37257fa700> SLIPSTORE::HELP_OFFERS_RECVD 98
1461696144859	<INFO 7f37257fa700> SLIPSTORE::HELP_OFFERS_ACCEPTED 0
1461696144861	<INFO 7f37257fa700> SLIPSTORE::HELP_ACCEPTANCE_RATIO 0
1461696144863	<INFO 7f37257fa700> SLIPSTORE::SERVER_BUSY_DISK  366.502 seconds
1461696144865	<INFO 7f37257fa700> SLIPSTORE::SERVER_BUSY_MEM  0 seconds
1461696144867	<INFO 7f37257fa700> SLIPSTORE::SERVER_TOTAL  1019.9 seconds
1461696144869	<INFO 7f5531480740> SLIPSTORE::CLIENT::DISK_READ_TIME  393.913 seconds
1461696144872	<INFO 7f5531480740> SLIPSTORE::CLIENT::MEM_READ_TIME  0 seconds
1461696144874	<INFO 7f5531480740> SLIPSTORE::CLIENT::DISK_BYTES_READ 78000491788
1461696144876	<INFO 7f5531480740> SLIPSTORE::CLIENT::MEM_BYTES_READ 0
1461696144878	<INFO 7f5531480740> SLIPSTORE::CLIENT::WRITE_TIME  169.592 seconds
1461696144881	<INFO 7f5531480740> SLIPSTORE::CLIENT::BYTES_WRITTEN 34762160352
1461696144883	<INFO 7f5531480740> SLIPSTORE::CLIENT_BUSY  563.507 seconds
1461696144885	<INFO 7f5531480740> SLIPSTORE::IO::TIME 361.27 seconds
1461696144887	<INFO 7f5531480740> SLIPSTORE::SNAP::TIME 0 seconds
1461696144889	<INFO 7f5531480740> SLIPSTORE::MAX_DISK_USAGE_BYTES 11351614388
1461696146755	<INFO 7f5531480740> CORE::RUSAGE::MAX_RSS_KB 125883340
1461696146758	<INFO 7f5531480740> CORE::RUSAGE::MINFLT 31468476
1461696146760	<INFO 7f5531480740> CORE::RUSAGE::MAJFLT 7
1461696146762	<INFO 7f5531480740> CORE::RUSAGE::MAJFLT 7
1461696146764	<INFO 7f5531480740> CORE::RUSAGE::INBLK 148038392
1461696146767	<INFO 7f5531480740> CORE::RUSAGE::OUBLK 68512800
1461696146769	<INFO 7f5531480740> CORE::UTILS::BYTES_READ 78000491788
1461696146771	<INFO 7f5531480740> CORE::UTILS::BYTES_WRITTEN 35078472108
1461696146775	<INFO 7f5531480740> CORE::UTILS::TILE_COPY_BYTES 1706971200
1461696146778	<INFO 7f5531480740> CORE::TIME::IO_WAIT 385.031 seconds
1461696146781	<INFO 7f5531480740> CORE::TIME_TILE_COPY 0 seconds
1461696146783	<INFO 7f5531480740> CORE::TIME_TILE_MERGE 0 seconds
1461696146785	<INFO 7f5531480740> CORE::TIME_PROCESSING_STOLEN 0 seconds
1461696146788	<INFO 7f5531480740> CORE::TIME_MERGE_WAIT 0 seconds
1461696146790	<INFO 7f5531480740> CORE::OTHER_TIME_ALL_MC_BARRIER 0 seconds
1461696146792	<INFO 7f5531480740> CORE::SCATTER_TIME_ALL_MC_BARRIER 1.83588 seconds
1461696146794	<INFO 7f5531480740> CORE::GATHER_TIME_ALL_MC_BARRIER 0.381292 seconds
1461696146797	<INFO 7f5531480740> CORE::INIT_TIME_ALL_MC_BARRIER 3.53729 seconds
1461696146800	<INFO 7f5531480740> CORE::SHUT_DOWN_TIME_ALL_MC_BARRIER 0.014576 seconds
1461696146802	<INFO 7f5531480740> CORE::STREAM_SKIP_BEFORE_TIME_ALL_MC_BARRIER 51.1962 seconds
1461696146805	<INFO 7f5531480740> CORE::TAKE_CHECKPOINT_BEFORE_TIME_ALL_MC_BARRIER 0 seconds
1461696146808	<INFO 7f5531480740> CORE::TAKE_CHECKPOINT_COMPLETE_TIME_ALL_MC_BARRIER 0 seconds
1461696146811	<INFO 7f5531480740> CORE::METADATA_WRITE_COMPLETE_TIME_ALL_MC_BARRIER 0 seconds
1461696146814	<INFO 7f5531480740> CORE::STREAM_EOF_BEFORE_TIME_ALL_MC_BARRIER 0 seconds
1461696146816	<INFO 7f5531480740> CORE::STREAM_EOF_AFTER_TIME_ALL_MC_BARRIER 0 seconds
1461696146819	<INFO 7f5531480740> CORE::STATE_LOAD_TIME_ALL_MC_BARRIER 0 seconds
1461696146822	<INFO 7f5531480740> CORE::STATE_STORE_TIME_ALL_MC_BARRIER 0 seconds
1461696146824	<INFO 7f5531480740> CORE::PHASES 7
1461696146827	<INFO 7f5531480740> CORE::TIME::SETUP 6.77047 seconds
1461696146830	<INFO 7f5531480740> CORE::TIME::STATE_ITER 8.88643 seconds
1461696146833	<INFO 7f5531480740> CORE::TIME::GATHER 593.401 seconds
1461696146835	<INFO 7f5531480740> CORE::TIME::SCATTER 359.341 seconds
1461696146837	<INFO 7f5531480740> CORE::TIME::WALL 1023.69 seconds
1461696146840	<INFO 7f5531480740> SHUTDOWN
