1457779017164	<INFO 7f423b229740> 2016-03-12 11:36:57 STARTUP
1457779017168	<INFO 7f423b229740> CORE::GRAPH rmat-28-und_s8
1457779017172	<INFO 7f423b229740> CORE::ALGORITHM bfs
1457779017175	<INFO 7f423b229740> CORE::VERTEX_STRIPING ON
1457779017179	<INFO 7f423b229740> 2016-03-12 11:36:57 Blocking memory amount 126701535232
1457779126010	<INFO 7f423b229740> 2016-03-12 11:38:46 Done blocking memory
1457779126014	<INFO 7f423b229740> SG-DRIVER-ORIGINAL
1457779126018	<INFO 7f423b229740> CORE::CONFIG::PROCESSORS 8
1457779126022	<INFO 7f423b229740> CORE::CONFIG::PHYSICAL_MEMORY 2147483648
1457779126026	<INFO 7f423b229740> CORE::CONFIG::VERTICES 268435456
1457779126030	<INFO 7f423b229740> CORE::CONFIG::VERTEX_SIZE 8
1457779126034	<INFO 7f423b229740> CORE::CONFIG::VERTEX_BUFFER 67108864
1457779126038	<INFO 7f423b229740> CORE::CONFIG::EDGES 1073741824
1457779126042	<INFO 7f423b229740> CORE::CONFIG::PARTITIONS 256
1457779126046	<INFO 7f423b229740> CORE::CONFIG::FANOUT 256
1457779126050	<INFO 7f423b229740> CORE::CONFIG::SUPER_PARTITIONS 32
1457779126054	<INFO 7f423b229740> CORE::CONFIG::TILES 1
1457779126058	<INFO 7f423b229740> CORE::CONFIG::BUFFER_SIZE 416071065
1457779126061	<INFO 7f423b229740> CORE::CONFIG::MAX_BUFFERS 4
1457779126065	<INFO 7f423b229740> CORE::CONFIG::MAX_STREAMS 4
1457779126069	<INFO 7f423b229740> SLIPSTREAM::EXT_MEM_SHUFFLE OFF
1457779128559	<INFO 7f423b229740> SLIPSTORE::ZMQ_THREADS 2
1457779128563	<INFO 7f423b229740> SLIPSTORE::COMM Connecting to tcp://dco-node137-10g:5016
1457779128567	<INFO 7f423b229740> SLIPSTORE::COMM Connecting to tcp://dco-node138-10g:5034
1457779128571	<INFO 7f423b229740> SLIPSTORE::COMM Connecting to tcp://dco-node139-10g:5052
1457779128575	<INFO 7f423b229740> SLIPSTORE::COMM Connecting to tcp://dco-node140-10g:5070
1457779128579	<INFO 7f423b229740> SLIPSTORE::COMM Connecting to tcp://dco-node141-10g:5088
1457779128583	<INFO 7f423b229740> SLIPSTORE::COMM Connecting to tcp://dco-node142-10g:5106
1457779128589	<INFO 7f423b229740> SLIPSTORE::COMM Connecting to tcp://dco-node143-10g:5124
1457779128593	<INFO 7f423b229740> SLIPSTORE::COMM Connecting to tcp://dco-node144-10g:5142
1457779128597	<INFO 7f423b229740> SLIPSTORE::COMM Listening at tcp://ens1f0:5134
1457779128601	<INFO 7f423b229740> SLIPSTORE::COMM Listening at tcp://ens1f0:5135
1457779128604	<INFO 7f423b229740> SLIPSTORE::COMM Listening at tcp://ens1f0:5136
1457779128608	<INFO 7f423b229740> SLIPSTORE::COMM Listening at tcp://ens1f0:5137
1457779128613	<INFO 7f423b229740> SLIPSTORE::COMM Listening at tcp://ens1f0:5138
1457779128617	<INFO 7f423b229740> SLIPSTORE::COMM Listening at tcp://ens1f0:5139
1457779128621	<INFO 7f423b229740> SLIPSTORE::COMM Listening at tcp://ens1f0:5140
1457779128624	<INFO 7f423b229740> SLIPSTORE::COMM Listening at ipc://client
1457779128628	<INFO 7f423b229740> SLIPSTORE::COMM Connecting to tcp://dco-node137-10g:5016
1457779128632	<INFO 7f423b229740> SLIPSTORE::COMM Connecting to tcp://dco-node138-10g:5034
1457779128636	<INFO 7f423b229740> SLIPSTORE::COMM Connecting to tcp://dco-node139-10g:5052
1457779128639	<INFO 7f423b229740> SLIPSTORE::COMM Connecting to tcp://dco-node140-10g:5070
1457779128642	<INFO 7f423b229740> SLIPSTORE::COMM Connecting to tcp://dco-node141-10g:5088
1457779128646	<INFO 7f423b229740> SLIPSTORE::COMM Connecting to tcp://dco-node142-10g:5106
1457779128649	<INFO 7f423b229740> SLIPSTORE::COMM Connecting to tcp://dco-node143-10g:5124
1457779128653	<INFO 7f423b229740> SLIPSTORE::COMM Connecting to tcp://dco-node144-10g:5142
1457779128656	<INFO 7f423b229740> SLIPSTORE::COMM Connecting to tcp://dco-node137-10g:5007
1457779128660	<INFO 7f423b229740> SLIPSTORE::COMM Connecting to tcp://dco-node138-10g:5025
1457779128664	<INFO 7f423b229740> SLIPSTORE::COMM Connecting to tcp://dco-node139-10g:5043
1457779128668	<INFO 7f423b229740> SLIPSTORE::COMM Connecting to tcp://dco-node140-10g:5061
1457779128671	<INFO 7f423b229740> SLIPSTORE::COMM Connecting to tcp://dco-node141-10g:5079
1457779128674	<INFO 7f423b229740> SLIPSTORE::COMM Connecting to tcp://dco-node142-10g:5097
1457779128677	<INFO 7f423b229740> SLIPSTORE::COMM Connecting to tcp://dco-node143-10g:5115
1457779128680	<INFO 7f423b229740> SLIPSTORE::COMM Connecting to ipc://server
1457779128684	<INFO 7f423b229740> SLIPSTORE::COMM Connecting to tcp://dco-node137-10g:5017
1457779128688	<INFO 7f423b229740> SLIPSTORE::COMM Listening at tcp://ens1f0:5143
1457779128692	<INFO 7f423b229740> SLIPSTORE::COMM Connecting to tcp://dco-node144-10g:5142
1457779128695	<INFO 7f423b229740> SLIPSTORE::HELP_POLICY NONE
1457779128698	<INFO 7f423b229740> SLIPSTORE::SERVER ASYNC
1457779128701	<INFO 7f423b229740> SLIPSTORE::MACHINES 8
1457779128704	<INFO 7f423b229740> SLIPSTORE::ME 7
1457779128707	<INFO 7f423b229740> SLIPSTORE::SLIPCHUNK 4194304
1457779128710	<INFO 7f423b229740> SLIPSTORE::QUOTA 18446744073709551615
1457779128714	<INFO 7f423b229740> SLIPSTORE::IO PAGECACHE
1457779128717	<INFO 7f2424ff4700> SLIPSTORE::COMM Listening at tcp://ens1f0:5142
1457779128720	<INFO 7f2424ff4700> SLIPSTORE::COMM Listening at tcp://ens1f0:5126
1457779128723	<INFO 7f2424ff4700> SLIPSTORE::COMM Connecting to tcp://dco-node137-10g:5015
1457779128727	<INFO 7f2424ff4700> SLIPSTORE::COMM Listening at tcp://ens1f0:5127
1457779128730	<INFO 7f2424ff4700> SLIPSTORE::COMM Connecting to tcp://dco-node138-10g:5033
1457779128732	<INFO 7f2424ff4700> SLIPSTORE::COMM Listening at tcp://ens1f0:5128
1457779128737	<INFO 7f2424ff4700> SLIPSTORE::COMM Connecting to tcp://dco-node139-10g:5051
1457779128740	<INFO 7f2424ff4700> SLIPSTORE::COMM Listening at tcp://ens1f0:5129
1457779128743	<INFO 7f2424ff4700> SLIPSTORE::COMM Connecting to tcp://dco-node140-10g:5069
1457779128747	<INFO 7f2424ff4700> SLIPSTORE::COMM Listening at tcp://ens1f0:5130
1457779128751	<INFO 7f2424ff4700> SLIPSTORE::COMM Connecting to tcp://dco-node141-10g:5087
1457779128753	<INFO 7f2424ff4700> SLIPSTORE::COMM Listening at tcp://ens1f0:5131
1457779128755	<INFO 7f2424ff4700> SLIPSTORE::COMM Connecting to tcp://dco-node142-10g:5105
1457779128759	<INFO 7f2424ff4700> SLIPSTORE::COMM Listening at tcp://ens1f0:5132
1457779128763	<INFO 7f2424ff4700> SLIPSTORE::COMM Connecting to tcp://dco-node143-10g:5123
1457779128766	<INFO 7f2424ff4700> SLIPSTORE::COMM Listening at ipc://server
1457779128770	<INFO 7f2424ff4700> SLIPSTORE::COMM Connecting to ipc://client
1457779128773	<INFO 7f423b229740> SLIPSTORE::CHECKPOINTS NONE FOUND
1457779279234	<INFO 7f423b229740> 2016-03-12 11:41:19 Completed init
1457779280554	<INFO 7f423b229740> 2016-03-12 11:41:20 Started gather
1457779281249	<INFO 7f423b229740> 2016-03-12 11:41:21 Completed gather
1457779281251	<INFO 7f423b229740> 2016-03-12 11:41:21 Started gather
1457779281792	<INFO 7f423b229740> 2016-03-12 11:41:21 Completed gather
1457779281795	<INFO 7f423b229740> 2016-03-12 11:41:21 Started gather
1457779282305	<INFO 7f423b229740> 2016-03-12 11:41:22 Completed gather
1457779282308	<INFO 7f423b229740> 2016-03-12 11:41:22 Started gather
1457779282890	<INFO 7f423b229740> 2016-03-12 11:41:22 Completed gather
1457779283034	<INFO 7f423b229740> 2016-03-12 11:41:23 Started scatter
1457779292113	<INFO 7f423b229740> 2016-03-12 11:41:32 Completed scatter
1457779292116	<INFO 7f423b229740> 2016-03-12 11:41:32 Started scatter
1457779296373	<INFO 7f423b229740> 2016-03-12 11:41:36 Completed scatter
1457779296377	<INFO 7f423b229740> 2016-03-12 11:41:36 Started scatter
1457779299801	<INFO 7f423b229740> 2016-03-12 11:41:39 Completed scatter
1457779299804	<INFO 7f423b229740> 2016-03-12 11:41:39 Started scatter
1457779302014	<INFO 7f423b229740> 2016-03-12 11:41:42 Completed scatter
1457779393229	<INFO 7f423b229740> 2016-03-12 11:43:13 Completed phase 1 Bytes read 26193862316 Bytes written 13312894124
1457779393306	<INFO 7f423b229740> 2016-03-12 11:43:13 Started gather
1457779393767	<INFO 7f423b229740> 2016-03-12 11:43:13 Completed gather
1457779393769	<INFO 7f423b229740> 2016-03-12 11:43:13 Started gather
1457779394431	<INFO 7f423b229740> 2016-03-12 11:43:14 Completed gather
1457779394434	<INFO 7f423b229740> 2016-03-12 11:43:14 Started gather
1457779396014	<INFO 7f423b229740> 2016-03-12 11:43:16 Completed gather
1457779396016	<INFO 7f423b229740> 2016-03-12 11:43:16 Started gather
1457779396848	<INFO 7f423b229740> 2016-03-12 11:43:16 Completed gather
1457779397930	<INFO 7f423b229740> 2016-03-12 11:43:17 Started scatter
1457779406837	<INFO 7f423b229740> 2016-03-12 11:43:26 Completed scatter
1457779406841	<INFO 7f423b229740> 2016-03-12 11:43:26 Started scatter
1457779413538	<INFO 7f423b229740> 2016-03-12 11:43:33 Completed scatter
1457779413541	<INFO 7f423b229740> 2016-03-12 11:43:33 Started scatter
1457779420575	<INFO 7f423b229740> 2016-03-12 11:43:40 Completed scatter
1457779420578	<INFO 7f423b229740> 2016-03-12 11:43:40 Started scatter
1457779425063	<INFO 7f423b229740> 2016-03-12 11:43:45 Completed scatter
1457779598205	<INFO 7f423b229740> 2016-03-12 11:46:38 Completed phase 2 Bytes read 39506756440 Bytes written 18510959732
1457779598287	<INFO 7f423b229740> 2016-03-12 11:46:38 Started gather
1457779604797	<INFO 7f423b229740> 2016-03-12 11:46:44 Completed gather
1457779604800	<INFO 7f423b229740> 2016-03-12 11:46:44 Started gather
1457779610070	<INFO 7f423b229740> 2016-03-12 11:46:50 Completed gather
1457779610073	<INFO 7f423b229740> 2016-03-12 11:46:50 Started gather
1457779612584	<INFO 7f423b229740> 2016-03-12 11:46:52 Completed gather
1457779612586	<INFO 7f423b229740> 2016-03-12 11:46:52 Started gather
1457779615511	<INFO 7f423b229740> 2016-03-12 11:46:55 Completed gather
1457779652018	<INFO 7f423b229740> 2016-03-12 11:47:32 Started scatter
1457779660516	<INFO 7f423b229740> 2016-03-12 11:47:40 Completed scatter
1457779660519	<INFO 7f423b229740> 2016-03-12 11:47:40 Started scatter
1457779666246	<INFO 7f423b229740> 2016-03-12 11:47:46 Completed scatter
1457779666248	<INFO 7f423b229740> 2016-03-12 11:47:46 Started scatter
1457779674509	<INFO 7f423b229740> 2016-03-12 11:47:54 Completed scatter
1457779674512	<INFO 7f423b229740> 2016-03-12 11:47:54 Started scatter
1457779677126	<INFO 7f423b229740> 2016-03-12 11:47:57 Completed scatter
1457779827217	<INFO 7f423b229740> 2016-03-12 11:50:27 Completed phase 3 Bytes read 57745347020 Bytes written 22632660252
1457779827291	<INFO 7f423b229740> 2016-03-12 11:50:27 Started gather
1457779834299	<INFO 7f423b229740> 2016-03-12 11:50:34 Completed gather
1457779834302	<INFO 7f423b229740> 2016-03-12 11:50:34 Started gather
1457779837845	<INFO 7f423b229740> 2016-03-12 11:50:37 Completed gather
1457779837849	<INFO 7f423b229740> 2016-03-12 11:50:37 Started gather
1457779839503	<INFO 7f423b229740> 2016-03-12 11:50:39 Completed gather
1457779839505	<INFO 7f423b229740> 2016-03-12 11:50:39 Started gather
1457779841925	<INFO 7f423b229740> 2016-03-12 11:50:41 Completed gather
1457779871120	<INFO 7f423b229740> 2016-03-12 11:51:11 Started scatter
1457779878492	<INFO 7f423b229740> 2016-03-12 11:51:18 Completed scatter
1457779878495	<INFO 7f423b229740> 2016-03-12 11:51:18 Started scatter
1457779883378	<INFO 7f423b229740> 2016-03-12 11:51:23 Completed scatter
1457779883380	<INFO 7f423b229740> 2016-03-12 11:51:23 Started scatter
1457779886962	<INFO 7f423b229740> 2016-03-12 11:51:26 Completed scatter
1457779886967	<INFO 7f423b229740> 2016-03-12 11:51:26 Started scatter
1457779888885	<INFO 7f423b229740> 2016-03-12 11:51:28 Completed scatter
1457779975986	<INFO 7f423b229740> 2016-03-12 11:52:55 Completed phase 4 Bytes read 74907572512 Bytes written 22920817132
1457779976068	<INFO 7f423b229740> 2016-03-12 11:52:56 Started gather
1457779976652	<INFO 7f423b229740> 2016-03-12 11:52:56 Completed gather
1457779976656	<INFO 7f423b229740> 2016-03-12 11:52:56 Started gather
1457779977478	<INFO 7f423b229740> 2016-03-12 11:52:57 Completed gather
1457779977481	<INFO 7f423b229740> 2016-03-12 11:52:57 Started gather
1457779978888	<INFO 7f423b229740> 2016-03-12 11:52:58 Completed gather
1457779978891	<INFO 7f423b229740> 2016-03-12 11:52:58 Started gather
1457779979764	<INFO 7f423b229740> 2016-03-12 11:52:59 Completed gather
1457779980515	<INFO 7f423b229740> 2016-03-12 11:53:00 Started scatter
1457779986583	<INFO 7f423b229740> 2016-03-12 11:53:06 Completed scatter
1457779986585	<INFO 7f423b229740> 2016-03-12 11:53:06 Started scatter
1457779992015	<INFO 7f423b229740> 2016-03-12 11:53:12 Completed scatter
1457779992018	<INFO 7f423b229740> 2016-03-12 11:53:12 Started scatter
1457779995668	<INFO 7f423b229740> 2016-03-12 11:53:15 Completed scatter
1457779995671	<INFO 7f423b229740> 2016-03-12 11:53:15 Started scatter
1457779998568	<INFO 7f423b229740> 2016-03-12 11:53:18 Completed scatter
1457780087505	<INFO 7f423b229740> 2016-03-12 11:54:47 Completed phase 5 Bytes read 88236254364 Bytes written 23189301204
1457780087598	<INFO 7f423b229740> 2016-03-12 11:54:47 Started gather
1457780088005	<INFO 7f423b229740> 2016-03-12 11:54:48 Completed gather
1457780088007	<INFO 7f423b229740> 2016-03-12 11:54:48 Started gather
1457780089477	<INFO 7f423b229740> 2016-03-12 11:54:49 Completed gather
1457780089482	<INFO 7f423b229740> 2016-03-12 11:54:49 Started gather
1457780090289	<INFO 7f423b229740> 2016-03-12 11:54:50 Completed gather
1457780090292	<INFO 7f423b229740> 2016-03-12 11:54:50 Started gather
1457780091262	<INFO 7f423b229740> 2016-03-12 11:54:51 Completed gather
1457780092276	<INFO 7f423b229740> 2016-03-12 11:54:52 Started scatter
1457780100362	<INFO 7f423b229740> 2016-03-12 11:55:00 Completed scatter
1457780100365	<INFO 7f423b229740> 2016-03-12 11:55:00 Started scatter
1457780105313	<INFO 7f423b229740> 2016-03-12 11:55:05 Completed scatter
1457780105316	<INFO 7f423b229740> 2016-03-12 11:55:05 Started scatter
1457780109637	<INFO 7f423b229740> 2016-03-12 11:55:09 Completed scatter
1457780109640	<INFO 7f423b229740> 2016-03-12 11:55:09 Started scatter
1457780112189	<INFO 7f423b229740> 2016-03-12 11:55:12 Completed scatter
1457780195593	<INFO 7f423b229740> 2016-03-12 11:56:35 Completed phase 6 Bytes read 101545263408 Bytes written 23457736740
1457780195674	<INFO 7f423b229740> 2016-03-12 11:56:35 Started gather
1457780196240	<INFO 7f423b229740> 2016-03-12 11:56:36 Completed gather
1457780196244	<INFO 7f423b229740> 2016-03-12 11:56:36 Started gather
1457780197116	<INFO 7f423b229740> 2016-03-12 11:56:37 Completed gather
1457780197118	<INFO 7f423b229740> 2016-03-12 11:56:37 Started gather
1457780198088	<INFO 7f423b229740> 2016-03-12 11:56:38 Completed gather
1457780198091	<INFO 7f423b229740> 2016-03-12 11:56:38 Started gather
1457780200139	<INFO 7f423b229740> 2016-03-12 11:56:40 Completed gather
1457780201013	<INFO 7f423b229740> 2016-03-12 11:56:41 Started scatter
1457780208199	<INFO 7f423b229740> 2016-03-12 11:56:48 Completed scatter
1457780208202	<INFO 7f423b229740> 2016-03-12 11:56:48 Started scatter
1457780213269	<INFO 7f423b229740> 2016-03-12 11:56:53 Completed scatter
1457780213273	<INFO 7f423b229740> 2016-03-12 11:56:53 Started scatter
1457780217105	<INFO 7f423b229740> 2016-03-12 11:56:57 Completed scatter
1457780217108	<INFO 7f423b229740> 2016-03-12 11:56:57 Started scatter
1457780219259	<INFO 7f423b229740> 2016-03-12 11:56:59 Completed scatter
1457780307585	<INFO 7f423b229740> 2016-03-12 11:58:27 Completed phase 7 Bytes read 114854223916 Bytes written 23726172196
1457780307588	<INFO 7f423b229740> ALGORITHM::BFS::VERTICES_DISCOVERED 8412615
1457780307590	<INFO 7f423b229740> ALGORITHM::BFS::EDGES_EXPLORED 118757207
1457780307592	<INFO 7f423b229740> CORE::PARTITIONS_PROCESSED 355
1457780307595	<INFO 7f423b229740> CORE::BYTES::EDGES_STREAMED 1430375820
1457780307597	<INFO 7f423b229740> CORE::BYTES::UPDATES_OUT 151910000
1457780307600	<INFO 7f423b229740> CORE::BYTES::UPDATES_IN 125245688
1457780307602	<INFO 7f240ffff700> CORE::PARTITIONS_PROCESSED 729
1457780307604	<INFO 7f240ffff700> CORE::BYTES::EDGES_STREAMED 1304480496
1457780307606	<INFO 7f240ffff700> CORE::BYTES::UPDATES_OUT 104983680
1457780307609	<INFO 7f240ffff700> CORE::BYTES::UPDATES_IN 139692920
1457780307611	<INFO 7f241affd700> CORE::PARTITIONS_PROCESSED 615
1457780307613	<INFO 7f241a7fc700> CORE::PARTITIONS_PROCESSED 685
1457780307616	<INFO 7f241affd700> CORE::BYTES::EDGES_STREAMED 1172891064
1457780307618	<INFO 7f24197fa700> CORE::PARTITIONS_PROCESSED 682
1457780307620	<INFO 7f2418ff9700> CORE::PARTITIONS_PROCESSED 670
1457780307623	<INFO 7f2419ffb700> CORE::PARTITIONS_PROCESSED 541
1457780307625	<INFO 7f24197fa700> CORE::BYTES::EDGES_STREAMED 1244573172
1457780307627	<INFO 7f241a7fc700> CORE::BYTES::EDGES_STREAMED 1151378988
1457780307630	<INFO 7f241b7fe700> CORE::PARTITIONS_PROCESSED 580
1457780307632	<INFO 7f24197fa700> CORE::BYTES::UPDATES_OUT 132211272
1457780307634	<INFO 7f241affd700> CORE::BYTES::UPDATES_OUT 111225880
1457780307637	<INFO 7f24197fa700> CORE::BYTES::UPDATES_IN 121318352
1457780307639	<INFO 7f241affd700> CORE::BYTES::UPDATES_IN 98977248
1457780307641	<INFO 7f2419ffb700> CORE::BYTES::EDGES_STREAMED 1131735720
1457780307644	<INFO 7f241b7fe700> CORE::BYTES::EDGES_STREAMED 1216548900
1457780307646	<INFO 7f241a7fc700> CORE::BYTES::UPDATES_OUT 101369080
1457780307649	<INFO 7f2418ff9700> CORE::BYTES::EDGES_STREAMED 1324303224
1457780307651	<INFO 7f2418ff9700> CORE::BYTES::UPDATES_OUT 129286472
1457780307653	<INFO 7f241b7fe700> CORE::BYTES::UPDATES_OUT 114112512
1457780307656	<INFO 7f2419ffb700> CORE::BYTES::UPDATES_OUT 104958760
1457780307658	<INFO 7f2418ff9700> CORE::BYTES::UPDATES_IN 146739408
1457780307660	<INFO 7f241b7fe700> CORE::BYTES::UPDATES_IN 115239048
1457780307663	<INFO 7f2419ffb700> CORE::BYTES::UPDATES_IN 100217336
1457780307665	<INFO 7f241a7fc700> CORE::BYTES::UPDATES_IN 102627656
1457780307667	<INFO 7f2424ff4700> SLIPSTORE service is exiting
1457780307670	<INFO 7f2424ff4700> SLIPSTORE::HELP_OFFERS_RECVD 392
1457780307672	<INFO 7f2424ff4700> SLIPSTORE::HELP_OFFERS_ACCEPTED 0
1457780307674	<INFO 7f2424ff4700> SLIPSTORE::HELP_ACCEPTANCE_RATIO 0
1457780307677	<INFO 7f2424ff4700> SLIPSTORE::SERVER_BUSY_DISK  855.138 seconds
1457780307679	<INFO 7f2424ff4700> SLIPSTORE::SERVER_BUSY_MEM  0 seconds
1457780307681	<INFO 7f2424ff4700> SLIPSTORE::SERVER_TOTAL  1179 seconds
1457780307684	<INFO 7f423b229740> SLIPSTORE::CLIENT::DISK_READ_TIME  279.749 seconds
1457780307686	<INFO 7f423b229740> SLIPSTORE::CLIENT::MEM_READ_TIME  0 seconds
1457780307688	<INFO 7f423b229740> SLIPSTORE::CLIENT::DISK_BYTES_READ 27544202088
1457780307691	<INFO 7f423b229740> SLIPSTORE::CLIENT::MEM_BYTES_READ 0
1457780307693	<INFO 7f423b229740> SLIPSTORE::CLIENT::WRITE_TIME  98.0688 seconds
1457780307696	<INFO 7f423b229740> SLIPSTORE::CLIENT::BYTES_WRITTEN 2147483648
1457780307698	<INFO 7f423b229740> SLIPSTORE::CLIENT_BUSY  377.818 seconds
1457780307700	<INFO 7f423b229740> SLIPSTORE::IO::TIME 755.805 seconds
1457780307703	<INFO 7f423b229740> SLIPSTORE::SNAP::TIME 0 seconds
1457780307705	<INFO 7f423b229740> SLIPSTORE::MAX_DISK_USAGE_BYTES 17970155124
1457780307708	<INFO 7f423b229740> CORE::RUSAGE::MAX_RSS_KB 125954804
1457780307710	<INFO 7f423b229740> CORE::RUSAGE::MINFLT 31720873
1457780307712	<INFO 7f423b229740> CORE::RUSAGE::MAJFLT 5
1457780307715	<INFO 7f423b229740> CORE::RUSAGE::MAJFLT 5
1457780307717	<INFO 7f423b229740> CORE::RUSAGE::INBLK 217222256
1457780307720	<INFO 7f423b229740> CORE::RUSAGE::OUBLK 46351960
1457780307722	<INFO 7f423b229740> CORE::UTILS::BYTES_READ 114854223916
1457780307724	<INFO 7f423b229740> CORE::UTILS::BYTES_WRITTEN 23726172196
1457780307727	<INFO 7f423b229740> CORE::UTILS::TILE_COPY_BYTES 3758096384
1457780307729	<INFO 7f423b229740> CORE::TIME::IO_WAIT 351.893 seconds
1457780307732	<INFO 7f423b229740> CORE::TIME_TILE_COPY 0 seconds
1457780307734	<INFO 7f423b229740> CORE::TIME_TILE_MERGE 0 seconds
1457780307736	<INFO 7f423b229740> CORE::TIME_PROCESSING_STOLEN 0 seconds
1457780307739	<INFO 7f423b229740> CORE::TIME_MERGE_WAIT 0 seconds
1457780307741	<INFO 7f423b229740> CORE::TIME_ALL_MC_BARRIER 736.287 seconds
1457780307744	<INFO 7f423b229740> CORE::PHASES 7
1457780307746	<INFO 7f423b229740> CORE::TIME::SETUP 2.76729 seconds
1457780307749	<INFO 7f423b229740> CORE::TIME::WALL 1181.59 seconds
1457780307752	<INFO 7f423b229740> SHUTDOWN
