1463258058661	<INFO 7fe993a16780> 2016-05-14 22:34:18 STARTUP
1463258058663	<INFO 7fe993a16780> CORE::GRAPH rmat-28_s8
1463258058665	<INFO 7fe993a16780> CORE::ALGORITHM pagerank
1463258058668	<INFO 7fe993a16780> CORE::VERTEX_STRIPING OFF
1463258058670	<INFO 7fe993a16780> CORE::OPTIMIZED_STATE_LOAD_STORE OFF
1463258058673	<INFO 7fe993a16780> CORE::BINARY_SEARCH_SUPER_PARTITION ON
1463258058675	<INFO 7fe993a16780> CORE::SUPER_PARTITION_COMPUTED_FOR_EACH_SCATTER_GATHER_PHASE
1463258058677	<INFO 7fe993a16780> CORE::EDGE_STRIPING ON
1463258058680	<INFO 7fe993a16780> CORE::BATCH IO ON
1463258058682	<INFO 7fe993a16780> CORE::GRID_PARTITIONING OFF
1463258058684	<INFO 7fe993a16780> 2016-05-14 22:34:18 Blocking memory amount 126701535232
1463258166100	<INFO 7fe993a16780> 2016-05-14 22:36:06 Done blocking memory
1463258166103	<INFO 7fe993a16780> SG-DRIVER-ORIGINAL
1463258166105	<INFO 7fe993a16780> 2016-05-14 22:36:06 START read config parameters
1463258166107	<INFO 7fe993a16780> PARTITIONING::OLD 0
1463258166110	<INFO 7fe993a16780> PARTITIONING::BALANCED_PARTITIONS 0
1463258166112	<INFO 7fe993a16780> CORE::CONFIG::PROCESSORS 8
1463258166114	<INFO 7fe993a16780> CORE::CONFIG::PHYSICAL_MEMORY 2147483648
1463258166117	<INFO 7fe993a16780> CORE::CONFIG::VERTICES 268435456
1463258166119	<INFO 7fe993a16780> CORE::CONFIG::VERTEX_SIZE 12
1463258166122	<INFO 7fe993a16780> CORE::CONFIG::VERTEX_BUFFER 1203488628
1463258166124	<INFO 7fe993a16780> CORE::CONFIG::EDGES 536870912
1463258166127	<INFO 7fe993a16780> CORE::CONFIG::PARTITIONS 64
1463258166129	<INFO 7fe993a16780> CORE::CONFIG::FANOUT 64
1463258166132	<INFO 7fe993a16780> CORE::CONFIG::SUPER_PARTITIONS 8
1463258166134	<INFO 7fe993a16780> CORE::CONFIG::MACHINE_ID 1
1463258166136	<INFO 7fe993a16780> CORE::CONFIG::TILES 1
1463258166139	<INFO 7fe993a16780> CORE::CONFIG::BUFFER_SIZE 188797877
1463258166142	<INFO 7fe993a16780> CORE::CONFIG::MAX_BUFFERS 4
1463258166144	<INFO 7fe993a16780> CORE::CONFIG::MAX_STREAMS 4
1463258166146	<INFO 7fe993a16780> CORE::CONFIG::SUM_OF_OUT_DEGREES_FOR_NEW_PARTITIONS::FIRST_CONSTRAINT 0
1463258166150	<INFO 7fe993a16780> CORE::CONFIG::MAX_EDGES_PER_NEW_PARTITION::SECOND_CONSTRAINT 0
1463258166152	<INFO 7fe993a16780> SLIPSTREAM::EXT_MEM_SHUFFLE OFF
1463258166154	<INFO 7fe993a16780> 2016-05-14 22:36:06 END read config parameters
1463258167857	<WARNING 7fe993a16780> Unable to unlink file (stream.0.0.0):No such file or directory
1463258167860	<WARNING 7fe993a16780> Unable to unlink file (stream.0.1.0):No such file or directory
1463258167862	<WARNING 7fe993a16780> Unable to unlink file (stream.0.2.0):No such file or directory
1463258167865	<WARNING 7fe993a16780> Unable to unlink file (stream.0.3.0):No such file or directory
1463258167867	<WARNING 7fe993a16780> Unable to unlink file (stream.0.4.0):No such file or directory
1463258167870	<WARNING 7fe993a16780> Unable to unlink file (stream.0.5.0):No such file or directory
1463258167872	<WARNING 7fe993a16780> Unable to unlink file (stream.0.6.0):No such file or directory
1463258167874	<WARNING 7fe993a16780> Unable to unlink file (stream.0.7.0):No such file or directory
1463258167877	<WARNING 7fe993a16780> Unable to unlink file (stream.1.1.0):No such file or directory
1463258167880	<WARNING 7fe993a16780> Unable to unlink file (stream.1.2.0):No such file or directory
1463258167882	<WARNING 7fe993a16780> Unable to unlink file (stream.1.3.0):No such file or directory
1463258167885	<WARNING 7fe993a16780> Unable to unlink file (stream.1.4.0):No such file or directory
1463258167887	<WARNING 7fe993a16780> Unable to unlink file (stream.1.5.0):No such file or directory
1463258167890	<WARNING 7fe993a16780> Unable to unlink file (stream.1.6.0):No such file or directory
1463258167892	<WARNING 7fe993a16780> Unable to unlink file (stream.1.7.0):No such file or directory
1463258167895	<WARNING 7fe993a16780> Unable to unlink file (stream.2.0.0):No such file or directory
1463258167897	<WARNING 7fe993a16780> Unable to unlink file (stream.2.1.0):No such file or directory
1463258167899	<WARNING 7fe993a16780> Unable to unlink file (stream.2.2.0):No such file or directory
1463258167901	<WARNING 7fe993a16780> Unable to unlink file (stream.2.3.0):No such file or directory
1463258167904	<WARNING 7fe993a16780> Unable to unlink file (stream.2.4.0):No such file or directory
1463258167906	<WARNING 7fe993a16780> Unable to unlink file (stream.2.5.0):No such file or directory
1463258167908	<WARNING 7fe993a16780> Unable to unlink file (stream.2.6.0):No such file or directory
1463258167910	<WARNING 7fe993a16780> Unable to unlink file (stream.2.7.0):No such file or directory
1463258167912	<WARNING 7fe993a16780> Unable to unlink file (stream.3.0.0):No such file or directory
1463258167914	<WARNING 7fe993a16780> Unable to unlink file (stream.3.1.0):No such file or directory
1463258167917	<WARNING 7fe993a16780> Unable to unlink file (stream.3.2.0):No such file or directory
1463258167919	<WARNING 7fe993a16780> Unable to unlink file (stream.3.3.0):No such file or directory
1463258167921	<WARNING 7fe993a16780> Unable to unlink file (stream.3.4.0):No such file or directory
1463258167923	<WARNING 7fe993a16780> Unable to unlink file (stream.3.5.0):No such file or directory
1463258167926	<WARNING 7fe993a16780> Unable to unlink file (stream.3.6.0):No such file or directory
1463258167928	<WARNING 7fe993a16780> Unable to unlink file (stream.3.7.0):No such file or directory
1463258167930	<INFO 7fe993a16780> SLIPSTORE::ZMQ_THREADS 2
1463258167933	<INFO 7fe993a16780> SLIPSTORE::COMM Connecting to tcp://dco-node137-10g:5016
1463258167935	<INFO 7fe993a16780> SLIPSTORE::COMM Connecting to tcp://dco-node138-10g:5034
1463258167938	<INFO 7fe993a16780> SLIPSTORE::COMM Connecting to tcp://dco-node139-10g:5052
1463258167940	<INFO 7fe993a16780> SLIPSTORE::COMM Connecting to tcp://dco-node140-10g:5070
1463258167943	<INFO 7fe993a16780> SLIPSTORE::COMM Connecting to tcp://dco-node141-10g:5088
1463258167945	<INFO 7fe993a16780> SLIPSTORE::COMM Connecting to tcp://dco-node142-10g:5106
1463258167947	<INFO 7fe993a16780> SLIPSTORE::COMM Connecting to tcp://dco-node143-10g:5124
1463258167950	<INFO 7fe993a16780> SLIPSTORE::COMM Connecting to tcp://dco-node144-10g:5142
1463258167952	<INFO 7fe993a16780> SLIPSTORE::COMM Listening at tcp://p1p1:5026
1463258167954	<INFO 7fe993a16780> SLIPSTORE::COMM Listening at ipc://client
1463258167958	<INFO 7fe993a16780> SLIPSTORE::COMM Listening at tcp://p1p1:5028
1463258167960	<INFO 7fe993a16780> SLIPSTORE::COMM Listening at tcp://p1p1:5029
1463258167962	<INFO 7fe993a16780> SLIPSTORE::COMM Listening at tcp://p1p1:5030
1463258167965	<INFO 7fe993a16780> SLIPSTORE::COMM Listening at tcp://p1p1:5031
1463258167967	<INFO 7fe993a16780> SLIPSTORE::COMM Listening at tcp://p1p1:5032
1463258167969	<INFO 7fe993a16780> SLIPSTORE::COMM Listening at tcp://p1p1:5033
1463258167971	<INFO 7fe993a16780> SLIPSTORE::COMM Connecting to tcp://dco-node137-10g:5016
1463258167974	<INFO 7fe993a16780> SLIPSTORE::COMM Connecting to tcp://dco-node138-10g:5034
1463258167977	<INFO 7fe993a16780> SLIPSTORE::COMM Connecting to tcp://dco-node139-10g:5052
1463258167979	<INFO 7fe993a16780> SLIPSTORE::COMM Connecting to tcp://dco-node140-10g:5070
1463258167981	<INFO 7fe993a16780> SLIPSTORE::COMM Connecting to tcp://dco-node141-10g:5088
1463258167984	<INFO 7fe993a16780> SLIPSTORE::COMM Connecting to tcp://dco-node142-10g:5106
1463258167986	<INFO 7fe993a16780> SLIPSTORE::COMM Connecting to tcp://dco-node143-10g:5124
1463258167988	<INFO 7fe993a16780> SLIPSTORE::COMM Connecting to tcp://dco-node144-10g:5142
1463258167991	<INFO 7fe993a16780> SLIPSTORE::COMM Connecting to tcp://dco-node137-10g:5001
1463258167993	<INFO 7fe993a16780> SLIPSTORE::COMM Connecting to ipc://server
1463258167995	<INFO 7fe993a16780> SLIPSTORE::COMM Connecting to tcp://dco-node139-10g:5037
1463258167998	<INFO 7fe993a16780> SLIPSTORE::COMM Connecting to tcp://dco-node140-10g:5055
1463258168000	<INFO 7fe993a16780> SLIPSTORE::COMM Connecting to tcp://dco-node141-10g:5073
1463258168003	<INFO 7fe993a16780> SLIPSTORE::COMM Connecting to tcp://dco-node142-10g:5091
1463258168005	<INFO 7fe993a16780> SLIPSTORE::COMM Connecting to tcp://dco-node143-10g:5109
1463258168008	<INFO 7fe993a16780> SLIPSTORE::COMM Connecting to tcp://dco-node144-10g:5127
1463258168010	<INFO 7fe993a16780> SLIPSTORE::COMM Connecting to tcp://dco-node139-10g:5053
1463258168012	<INFO 7fe993a16780> SLIPSTORE::COMM Listening at tcp://p1p1:5035
1463258168015	<INFO 7fe993a16780> SLIPSTORE::COMM Connecting to tcp://dco-node138-10g:5034
1463258168017	<INFO 7fe993a16780> SLIPSTORE::HELP_POLICY NONE
1463258168020	<INFO 7fe993a16780> SLIPSTORE::SERVER ASYNC
1463258168022	<INFO 7fe993a16780> SLIPSTORE::MACHINES 8
1463258168025	<INFO 7fe993a16780> SLIPSTORE::ME 1
1463258168030	<INFO 7fe993a16780> SLIPSTORE::SLIPCHUNK 4194304
1463258168032	<INFO 7fe993a16780> SLIPSTORE::QUOTA 18446744073709551615
1463258168034	<INFO 7fe993a16780> SLIPSTORE::IO PAGECACHE
1463258168037	<INFO 7fcb763f8700> SLIPSTORE::COMM Listening at tcp://p1p1:5034
1463258168039	<INFO 7fcb763f8700> SLIPSTORE::COMM Listening at tcp://p1p1:5018
1463258168041	<INFO 7fcb763f8700> SLIPSTORE::COMM Connecting to tcp://dco-node137-10g:5009
1463258168044	<INFO 7fcb763f8700> SLIPSTORE::COMM Listening at ipc://server
1463258168046	<INFO 7fcb763f8700> SLIPSTORE::COMM Connecting to ipc://client
1463258168048	<INFO 7fcb763f8700> SLIPSTORE::COMM Listening at tcp://p1p1:5020
1463258168051	<INFO 7fcb763f8700> SLIPSTORE::COMM Connecting to tcp://dco-node139-10g:5045
1463258168053	<INFO 7fcb763f8700> SLIPSTORE::COMM Listening at tcp://p1p1:5021
1463258168055	<INFO 7fcb763f8700> SLIPSTORE::COMM Connecting to tcp://dco-node140-10g:5063
1463258168058	<INFO 7fcb763f8700> SLIPSTORE::COMM Listening at tcp://p1p1:5022
1463258168060	<INFO 7fcb763f8700> SLIPSTORE::COMM Connecting to tcp://dco-node141-10g:5081
1463258168063	<INFO 7fcb763f8700> SLIPSTORE::COMM Listening at tcp://p1p1:5023
1463258168065	<INFO 7fcb763f8700> SLIPSTORE::COMM Connecting to tcp://dco-node142-10g:5099
1463258168067	<INFO 7fcb763f8700> SLIPSTORE::COMM Listening at tcp://p1p1:5024
1463258168070	<INFO 7fcb763f8700> SLIPSTORE::COMM Connecting to tcp://dco-node143-10g:5117
1463258168072	<INFO 7fcb763f8700> SLIPSTORE::COMM Listening at tcp://p1p1:5025
1463258168074	<INFO 7fcb763f8700> SLIPSTORE::COMM Connecting to tcp://dco-node144-10g:5135
1463258168466	<INFO 7fe993a16780> SLIPSTORE::CHECKPOINTS NONE FOUND
1463258168469	<INFO 7fe993a16780> 2016-05-14 22:36:08 Start edge split
1463258267560	<INFO 7fe993a16780> 2016-05-14 22:37:47 Completed init
1463258270775	<INFO 7fe993a16780> 2016-05-14 22:37:50 Started gather
1463258271159	<INFO 7fe993a16780> 2016-05-14 22:37:51 Completed gather
1463258276551	<INFO 7fe993a16780> 2016-05-14 22:37:56 Started scatter
1463258322190	<INFO 7fe993a16780> 2016-05-14 22:38:42 Completed scatter
1463258328200	<INFO 7fe993a16780> 2016-05-14 22:38:48 Completed phase 1 Bytes read 12997974444 Bytes written 6555523500
1463258333771	<INFO 7fe993a16780> 2016-05-14 22:38:53 Started gather
1463258334161	<INFO 7fe993a16780> 2016-05-14 22:38:54 Completed gather
1463258339783	<INFO 7fe993a16780> 2016-05-14 22:38:59 Started gather
1463258450885	<INFO 7fe993a16780> 2016-05-14 22:40:50 Completed gather
1463258450907	<INFO 7fe993a16780> 2016-05-14 22:40:50 Completed phase 2 Bytes read 19639055688 Bytes written 11159898812
1463258456519	<INFO 7fe993a16780> 2016-05-14 22:40:56 Started gather
1463258489861	<INFO 7fe993a16780> 2016-05-14 22:41:29 Completed gather
1463258504751	<INFO 7fe993a16780> 2016-05-14 22:41:44 Started scatter
1463258613240	<INFO 7fe993a16780> 2016-05-14 22:43:33 Completed scatter
1463258613888	<INFO 7fe993a16780> 2016-05-14 22:43:33 Completed phase 3 Bytes read 30627839012 Bytes written 15733470828
1463258619689	<INFO 7fe993a16780> 2016-05-14 22:43:39 Started gather
1463258653626	<INFO 7fe993a16780> 2016-05-14 22:44:13 Completed gather
1463258668793	<INFO 7fe993a16780> 2016-05-14 22:44:28 Started scatter
1463258769194	<INFO 7fe993a16780> 2016-05-14 22:46:09 Completed scatter
1463258770856	<INFO 7fe993a16780> 2016-05-14 22:46:10 Completed phase 4 Bytes read 41671376784 Bytes written 20347571868
1463258777164	<INFO 7fe993a16780> 2016-05-14 22:46:17 Started gather
1463258810135	<INFO 7fe993a16780> 2016-05-14 22:46:50 Completed gather
1463258826764	<INFO 7fe993a16780> 2016-05-14 22:47:06 Started scatter
1463258939597	<INFO 7fe993a16780> 2016-05-14 22:48:59 Completed scatter
1463258939717	<INFO 7fe993a16780> 2016-05-14 22:48:59 Completed phase 5 Bytes read 52755443580 Bytes written 25052696220
1463258945942	<INFO 7fe993a16780> 2016-05-14 22:49:05 Started gather
1463258983883	<INFO 7fe993a16780> 2016-05-14 22:49:43 Completed gather
1463258994376	<INFO 7fe993a16780> 2016-05-14 22:49:54 Started scatter
1463259103720	<INFO 7fe993a16780> 2016-05-14 22:51:43 Completed scatter
1463259104768	<INFO 7fe993a16780> 2016-05-14 22:51:44 Completed phase 6 Bytes read 63930533688 Bytes written 29772321836
1463259110994	<INFO 7fe993a16780> 2016-05-14 22:51:50 Started gather
1463259143601	<INFO 7fe993a16780> 2016-05-14 22:52:23 Completed gather
1463259159790	<INFO 7fe993a16780> 2016-05-14 22:52:39 Started scatter
1463259269947	<INFO 7fe993a16780> 2016-05-14 22:54:29 Completed scatter
1463259275392	<INFO 7fe993a16780> 2016-05-14 22:54:35 Completed phase 7 Bytes read 75120125060 Bytes written 34268572324
1463259275395	<INFO 7fe993a16780> CORE::PARTITIONS_PROCESSED 1010
1463259275397	<INFO 7fe993a16780> CORE::BYTES::EDGES_STREAMED 5545166340
1463259275399	<INFO 7fe993a16780> CORE::BYTES::UPDATES_OUT 3197906032
1463259275402	<INFO 7fe993a16780> CORE::BYTES::UPDATES_IN 2953627176
1463259275404	<INFO 7fcb6bfff700> CORE::PARTITIONS_PROCESSED 905
1463259275406	<INFO 7fcb6bfff700> CORE::BYTES::EDGES_STREAMED 5907305376
1463259275409	<INFO 7fcb6bfff700> CORE::BYTES::UPDATES_OUT 3371616032
1463259275411	<INFO 7fcb6bfff700> CORE::BYTES::UPDATES_IN 2814522528
1463259275413	<INFO 7fcb6a7fc700> CORE::PARTITIONS_PROCESSED 1522
1463259275416	<INFO 7fcb6a7fc700> CORE::BYTES::EDGES_STREAMED 5971858752
1463259275418	<INFO 7fcb6a7fc700> CORE::BYTES::UPDATES_OUT 3451320512
1463259275420	<INFO 7fcb6a7fc700> CORE::BYTES::UPDATES_IN 2672210680
1463259275422	<INFO 7fcb6affd700> CORE::PARTITIONS_PROCESSED 1252
1463259275428	<INFO 7fcb6affd700> CORE::BYTES::EDGES_STREAMED 5639757096
1463259275430	<INFO 7fcb6affd700> CORE::BYTES::UPDATES_OUT 3211503552
1463259275433	<INFO 7fcb6affd700> CORE::BYTES::UPDATES_IN 2749424392
1463259275435	<INFO 7fcb69ffb700> CORE::PARTITIONS_PROCESSED 130
1463259275438	<INFO 7fcb74bf5700> CORE::PARTITIONS_PROCESSED 1305
1463259275440	<INFO 7fcb69ffb700> CORE::BYTES::EDGES_STREAMED 9345574656
1463259275442	<INFO 7fcb6b7fe700> CORE::PARTITIONS_PROCESSED 1257
1463259275445	<INFO 7fcb74bf5700> CORE::BYTES::EDGES_STREAMED 5948653188
1463259275447	<INFO 7fcb753f6700> CORE::PARTITIONS_PROCESSED 939
1463259275449	<INFO 7fcb69ffb700> CORE::BYTES::UPDATES_OUT 5305770240
1463259275452	<INFO 7fcb74bf5700> CORE::BYTES::UPDATES_OUT 3413458488
1463259275454	<INFO 7fcb74bf5700> CORE::BYTES::UPDATES_IN 2916145664
1463259275457	<INFO 7fcb6b7fe700> CORE::BYTES::EDGES_STREAMED 5597126820
1463259275460	<INFO 7fcb753f6700> CORE::BYTES::EDGES_STREAMED 5649582528
1463259275462	<INFO 7fcb69ffb700> CORE::BYTES::UPDATES_IN 4552266640
1463259275465	<INFO 7fcb6b7fe700> CORE::BYTES::UPDATES_OUT 3193310768
1463259275467	<INFO 7fcb753f6700> CORE::BYTES::UPDATES_OUT 3200842808
1463259275470	<INFO 7fcb6b7fe700> CORE::BYTES::UPDATES_IN 2761291536
1463259275472	<INFO 7fcb753f6700> CORE::BYTES::UPDATES_IN 2200949064
1463259275475	<INFO 7fcb763f8700> SLIPSTORE service is exiting
1463259275477	<INFO 7fcb763f8700> SLIPSTORE::HELP_OFFERS_RECVD 98
1463259275479	<INFO 7fcb763f8700> SLIPSTORE::HELP_OFFERS_ACCEPTED 0
1463259275482	<INFO 7fcb763f8700> SLIPSTORE::HELP_ACCEPTANCE_RATIO 0
1463259275484	<INFO 7fcb763f8700> SLIPSTORE::SERVER_BUSY_DISK  749.044 seconds
1463259275487	<INFO 7fcb763f8700> SLIPSTORE::SERVER_BUSY_MEM  0 seconds
1463259275489	<INFO 7fcb763f8700> SLIPSTORE::SERVER_TOTAL  1107.5 seconds
1463259275492	<INFO 7fe993a16780> SLIPSTORE::CLIENT::DISK_READ_TIME  666.443 seconds
1463259275495	<INFO 7fe993a16780> SLIPSTORE::CLIENT::MEM_READ_TIME  0 seconds
1463259275497	<INFO 7fe993a16780> SLIPSTORE::CLIENT::DISK_BYTES_READ 81211290116
1463259275499	<INFO 7fe993a16780> SLIPSTORE::CLIENT::MEM_BYTES_READ 0
1463259275502	<INFO 7fe993a16780> SLIPSTORE::CLIENT::WRITE_TIME  305.75 seconds
1463259275504	<INFO 7fe993a16780> SLIPSTORE::CLIENT::BYTES_WRITTEN 1283366160
1463259275507	<INFO 7fe993a16780> SLIPSTORE::CLIENT_BUSY  972.193 seconds
1463259275510	<INFO 7fe993a16780> SLIPSTORE::IO::TIME 578.292 seconds
1463259275512	<INFO 7fe993a16780> SLIPSTORE::SNAP::TIME 0 seconds
1463259275515	<INFO 7fe993a16780> SLIPSTORE::MAX_DISK_USAGE_BYTES 11018475884
1463259276613	<INFO 7fe993a16780> CORE::RUSAGE::MAX_RSS_KB 125942644
1463259276616	<INFO 7fe993a16780> CORE::RUSAGE::MINFLT 50995540
1463259276618	<INFO 7fe993a16780> CORE::RUSAGE::MAJFLT 3
1463259276621	<INFO 7fe993a16780> CORE::RUSAGE::MAJFLT 3
1463259276623	<INFO 7fe993a16780> CORE::RUSAGE::INBLK 136582816
1463259276626	<INFO 7fe993a16780> CORE::RUSAGE::OUBLK 66937408
1463259276628	<INFO 7fe993a16780> CORE::UTILS::BYTES_READ 75120125060
1463259276630	<INFO 7fe993a16780> CORE::UTILS::BYTES_WRITTEN 34268572324
1463259276633	<INFO 7fe993a16780> CORE::UTILS::TILE_COPY_BYTES 1711154880
1463259276635	<INFO 7fe993a16780> CORE::TIME::IO_WAIT 796.354 seconds
1463259276637	<INFO 7fe993a16780> CORE::TIME_TILE_COPY 0 seconds
1463259276640	<INFO 7fe993a16780> CORE::TIME_TILE_MERGE 0 seconds
1463259276642	<INFO 7fe993a16780> CORE::TIME_PROCESSING_STOLEN 0 seconds
1463259276645	<INFO 7fe993a16780> CORE::TIME_MERGE_WAIT 0 seconds
1463259276647	<INFO 7fe993a16780> CORE::OTHER_TIME_ALL_MC_BARRIER 0 seconds
1463259276649	<INFO 7fe993a16780> CORE::SCATTER_TIME_ALL_MC_BARRIER 13.2437 seconds
1463259276652	<INFO 7fe993a16780> CORE::GATHER_TIME_ALL_MC_BARRIER 0.021616 seconds
1463259276654	<INFO 7fe993a16780> CORE::INIT_TIME_ALL_MC_BARRIER 0.940167 seconds
1463259276657	<INFO 7fe993a16780> CORE::SHUT_DOWN_TIME_ALL_MC_BARRIER 0.004233 seconds
1463259276659	<INFO 7fe993a16780> CORE::STREAM_SKIP_BEFORE_TIME_ALL_MC_BARRIER 35.9781 seconds
1463259276662	<INFO 7fe993a16780> CORE::TAKE_CHECKPOINT_BEFORE_TIME_ALL_MC_BARRIER 0 seconds
1463259276665	<INFO 7fe993a16780> CORE::TAKE_CHECKPOINT_COMPLETE_TIME_ALL_MC_BARRIER 0 seconds
1463259276667	<INFO 7fe993a16780> CORE::METADATA_WRITE_COMPLETE_TIME_ALL_MC_BARRIER 0 seconds
1463259276670	<INFO 7fe993a16780> CORE::STREAM_EOF_BEFORE_TIME_ALL_MC_BARRIER 0 seconds
1463259276672	<INFO 7fe993a16780> CORE::STREAM_EOF_AFTER_TIME_ALL_MC_BARRIER 0 seconds
1463259276674	<INFO 7fe993a16780> CORE::STATE_LOAD_TIME_ALL_MC_BARRIER 0 seconds
1463259276677	<INFO 7fe993a16780> CORE::STATE_STORE_TIME_ALL_MC_BARRIER 0 seconds
1463259276679	<INFO 7fe993a16780> CORE::PHASES 7
1463259276682	<INFO 7fe993a16780> CORE::TIME::SETUP 3.58302 seconds
1463259276684	<INFO 7fe993a16780> CORE::TIME::INIT_PARTITIONS_TIME 99.095 seconds
1463259276687	<INFO 7fe993a16780> CORE::TIME::STATE_ITER 2.86098 seconds
1463259276690	<INFO 7fe993a16780> CORE::TIME::GATHER 291.904 seconds
1463259276692	<INFO 7fe993a16780> CORE::TIME::SCATTER 712.805 seconds
1463259276694	<INFO 7fe993a16780> CORE::TIME::WALL 1110.51 seconds
1463259276697	<INFO 7fe993a16780> SHUTDOWN
