1457376916081	<INFO 7fdd17dc9740> 2016-03-07 19:55:16 STARTUP
1457376916084	<INFO 7fdd17dc9740> CORE::GRAPH rmat-28_s8
1457376916088	<INFO 7fdd17dc9740> CORE::ALGORITHM pagerank
1457376916092	<INFO 7fdd17dc9740> CORE::VERTEX_STRIPING ON
1457376916095	<INFO 7fdd17dc9740> 2016-03-07 19:55:16 Blocking memory amount 126701535232
1457377025685	<INFO 7fdd17dc9740> 2016-03-07 19:57:05 Done blocking memory
1457377025688	<INFO 7fdd17dc9740> SG-DRIVER-ORIGINAL
1457377025692	<INFO 7fdd17dc9740> CORE::CONFIG::PROCESSORS 8
1457377025697	<INFO 7fdd17dc9740> CORE::CONFIG::PHYSICAL_MEMORY 2147483648
1457377025700	<INFO 7fdd17dc9740> CORE::CONFIG::VERTICES 268435456
1457377025704	<INFO 7fdd17dc9740> CORE::CONFIG::VERTEX_SIZE 12
1457377025708	<INFO 7fdd17dc9740> CORE::CONFIG::VERTEX_BUFFER 402653184
1457377025712	<INFO 7fdd17dc9740> CORE::CONFIG::EDGES 536870912
1457377025715	<INFO 7fdd17dc9740> CORE::CONFIG::PARTITIONS 64
1457377025719	<INFO 7fdd17dc9740> CORE::CONFIG::FANOUT 64
1457377025723	<INFO 7fdd17dc9740> CORE::CONFIG::SUPER_PARTITIONS 8
1457377025726	<INFO 7fdd17dc9740> CORE::CONFIG::TILES 1
1457377025731	<INFO 7fdd17dc9740> CORE::CONFIG::BUFFER_SIZE 348964966
1457377025734	<INFO 7fdd17dc9740> CORE::CONFIG::MAX_BUFFERS 4
1457377025738	<INFO 7fdd17dc9740> CORE::CONFIG::MAX_STREAMS 4
1457377025742	<INFO 7fdd17dc9740> SLIPSTREAM::EXT_MEM_SHUFFLE OFF
1457377029017	<INFO 7fdd17dc9740> SLIPSTORE::ZMQ_THREADS 2
1457377029021	<INFO 7fdd17dc9740> SLIPSTORE::COMM Connecting to tcp://dco-node137-10g:5016
1457377029025	<INFO 7fdd17dc9740> SLIPSTORE::COMM Connecting to tcp://dco-node138-10g:5034
1457377029029	<INFO 7fdd17dc9740> SLIPSTORE::COMM Connecting to tcp://dco-node139-10g:5052
1457377029033	<INFO 7fdd17dc9740> SLIPSTORE::COMM Connecting to tcp://dco-node140-10g:5070
1457377029037	<INFO 7fdd17dc9740> SLIPSTORE::COMM Connecting to tcp://dco-node141-10g:5088
1457377029041	<INFO 7fdd17dc9740> SLIPSTORE::COMM Connecting to tcp://dco-node142-10g:5106
1457377029045	<INFO 7fdd17dc9740> SLIPSTORE::COMM Connecting to tcp://dco-node143-10g:5124
1457377029049	<INFO 7fdd17dc9740> SLIPSTORE::COMM Connecting to tcp://dco-node144-10g:5142
1457377029051	<INFO 7fdd17dc9740> SLIPSTORE::COMM Listening at tcp://ens1f0:5134
1457377029055	<INFO 7fdd17dc9740> SLIPSTORE::COMM Listening at tcp://ens1f0:5135
1457377029060	<INFO 7fdd17dc9740> SLIPSTORE::COMM Listening at tcp://ens1f0:5136
1457377029062	<INFO 7fdd17dc9740> SLIPSTORE::COMM Listening at tcp://ens1f0:5137
1457377029065	<INFO 7fdd17dc9740> SLIPSTORE::COMM Listening at tcp://ens1f0:5138
1457377029068	<INFO 7fdd17dc9740> SLIPSTORE::COMM Listening at tcp://ens1f0:5139
1457377029072	<INFO 7fdd17dc9740> SLIPSTORE::COMM Listening at tcp://ens1f0:5140
1457377029076	<INFO 7fdd17dc9740> SLIPSTORE::COMM Listening at ipc://client
1457377029078	<INFO 7fdd17dc9740> SLIPSTORE::COMM Connecting to tcp://dco-node137-10g:5016
1457377029083	<INFO 7fdd17dc9740> SLIPSTORE::COMM Connecting to tcp://dco-node138-10g:5034
1457377029086	<INFO 7fdd17dc9740> SLIPSTORE::COMM Connecting to tcp://dco-node139-10g:5052
1457377029091	<INFO 7fdd17dc9740> SLIPSTORE::COMM Connecting to tcp://dco-node140-10g:5070
1457377029095	<INFO 7fdd17dc9740> SLIPSTORE::COMM Connecting to tcp://dco-node141-10g:5088
1457377029098	<INFO 7fdd17dc9740> SLIPSTORE::COMM Connecting to tcp://dco-node142-10g:5106
1457377029101	<INFO 7fdd17dc9740> SLIPSTORE::COMM Connecting to tcp://dco-node143-10g:5124
1457377029105	<INFO 7fdd17dc9740> SLIPSTORE::COMM Connecting to tcp://dco-node144-10g:5142
1457377029109	<INFO 7fdd17dc9740> SLIPSTORE::COMM Connecting to tcp://dco-node137-10g:5007
1457377029113	<INFO 7fdd17dc9740> SLIPSTORE::COMM Connecting to tcp://dco-node138-10g:5025
1457377029117	<INFO 7fdd17dc9740> SLIPSTORE::COMM Connecting to tcp://dco-node139-10g:5043
1457377029119	<INFO 7fdd17dc9740> SLIPSTORE::COMM Connecting to tcp://dco-node140-10g:5061
1457377029122	<INFO 7fdd17dc9740> SLIPSTORE::COMM Connecting to tcp://dco-node141-10g:5079
1457377029126	<INFO 7fdd17dc9740> SLIPSTORE::COMM Connecting to tcp://dco-node142-10g:5097
1457377029128	<INFO 7fdd17dc9740> SLIPSTORE::COMM Connecting to tcp://dco-node143-10g:5115
1457377029131	<INFO 7fdd17dc9740> SLIPSTORE::COMM Connecting to ipc://server
1457377029137	<INFO 7fdd17dc9740> SLIPSTORE::COMM Connecting to tcp://dco-node137-10g:5017
1457377029140	<INFO 7fdd17dc9740> SLIPSTORE::COMM Listening at tcp://ens1f0:5143
1457377029143	<INFO 7fdd17dc9740> SLIPSTORE::COMM Connecting to tcp://dco-node144-10g:5142
1457377029146	<INFO 7fdd17dc9740> SLIPSTORE::HELP_POLICY HEURISTIC_NEW
1457377029149	<INFO 7fdd17dc9740> SLIPSTORE::SERVER ASYNC
1457377029154	<INFO 7fdd17dc9740> SLIPSTORE::MACHINES 8
1457377029157	<INFO 7fdd17dc9740> SLIPSTORE::ME 7
1457377029159	<INFO 7fdd17dc9740> SLIPSTORE::SLIPCHUNK 4194304
1457377029164	<INFO 7fdd17dc9740> SLIPSTORE::QUOTA 18446744073709551615
1457377029167	<INFO 7fdd17dc9740> SLIPSTORE::IO PAGECACHE
1457377029169	<INFO 7fbef9bf6700> SLIPSTORE::COMM Listening at tcp://ens1f0:5142
1457377029173	<INFO 7fbef9bf6700> SLIPSTORE::COMM Listening at tcp://ens1f0:5126
1457377029176	<INFO 7fbef9bf6700> SLIPSTORE::COMM Connecting to tcp://dco-node137-10g:5015
1457377029178	<INFO 7fbef9bf6700> SLIPSTORE::COMM Listening at tcp://ens1f0:5127
1457377029182	<INFO 7fbef9bf6700> SLIPSTORE::COMM Connecting to tcp://dco-node138-10g:5033
1457377029185	<INFO 7fbef9bf6700> SLIPSTORE::COMM Listening at tcp://ens1f0:5128
1457377029187	<INFO 7fbef9bf6700> SLIPSTORE::COMM Connecting to tcp://dco-node139-10g:5051
1457377029190	<INFO 7fbef9bf6700> SLIPSTORE::COMM Listening at tcp://ens1f0:5129
1457377029194	<INFO 7fbef9bf6700> SLIPSTORE::COMM Connecting to tcp://dco-node140-10g:5069
1457377029196	<INFO 7fbef9bf6700> SLIPSTORE::COMM Listening at tcp://ens1f0:5130
1457377029199	<INFO 7fbef9bf6700> SLIPSTORE::COMM Connecting to tcp://dco-node141-10g:5087
1457377029203	<INFO 7fbef9bf6700> SLIPSTORE::COMM Listening at tcp://ens1f0:5131
1457377029205	<INFO 7fbef9bf6700> SLIPSTORE::COMM Connecting to tcp://dco-node142-10g:5105
1457377029207	<INFO 7fbef9bf6700> SLIPSTORE::COMM Listening at tcp://ens1f0:5132
1457377029211	<INFO 7fbef9bf6700> SLIPSTORE::COMM Connecting to tcp://dco-node143-10g:5123
1457377029215	<INFO 7fbef9bf6700> SLIPSTORE::COMM Listening at ipc://server
1457377029218	<INFO 7fbef9bf6700> SLIPSTORE::COMM Connecting to ipc://client
1457377029222	<INFO 7fdd17dc9740> SLIPSTORE::CHECKPOINTS NONE FOUND
1457377103984	<INFO 7fdd17dc9740> 2016-03-07 19:58:23 Completed init
1457377105344	<INFO 7fdd17dc9740> 2016-03-07 19:58:25 Started gather
1457377108500	<INFO 7fdd17dc9740> 2016-03-07 19:58:28 Completed gather
1457377108547	<INFO 7fdd17dc9740> 2016-03-07 19:58:28 Started scatter
1457377116591	<INFO 7fdd17dc9740> 2016-03-07 19:58:36 Completed scatter
1457377116740	<INFO 7fdd17dc9740> 2016-03-07 19:58:36 Started helping 0
1457377150881	<INFO 7fdd17dc9740> 2016-03-07 19:59:10 Completed helping 0
1457377150956	<INFO 7fdd17dc9740> 2016-03-07 19:59:10 Completed phase 1 Bytes read 13939622328 Bytes written 7295844792
1457377153434	<INFO 7fdd17dc9740> 2016-03-07 19:59:13 Started gather
1457377155908	<INFO 7fdd17dc9740> 2016-03-07 19:59:15 Completed gather
1457377155997	<INFO 7fdd17dc9740> 2016-03-07 19:59:15 Started gather
1457377183813	<INFO 7fdd17dc9740> 2016-03-07 19:59:43 Completed gather
1457377183868	<INFO 7fdd17dc9740> 2016-03-07 19:59:43 Started helping 0
1457377240883	<INFO 7fdd17dc9740> 2016-03-07 20:00:40 Completed helping 0
1457377242251	<INFO 7fdd17dc9740> 2016-03-07 20:00:42 Completed phase 2 Bytes read 21839446896 Bytes written 12632826072
1457377249396	<INFO 7fdd17dc9740> 2016-03-07 20:00:49 Started gather
1457377265800	<INFO 7fdd17dc9740> 2016-03-07 20:01:05 Completed gather
1457377265853	<INFO 7fdd17dc9740> 2016-03-07 20:01:05 Started helping 0
1457377281479	<INFO 7fdd17dc9740> 2016-03-07 20:01:21 Completed helping 0
1457377290643	<INFO 7fdd17dc9740> 2016-03-07 20:01:30 Started scatter
1457377298776	<INFO 7fdd17dc9740> 2016-03-07 20:01:38 Completed scatter
1457377299541	<INFO 7fdd17dc9740> 2016-03-07 20:01:39 Started helping 0
1457377367333	<INFO 7fdd17dc9740> 2016-03-07 20:02:47 Completed helping 0
1457377367665	<INFO 7fdd17dc9740> 2016-03-07 20:02:47 Completed phase 3 Bytes read 34119951432 Bytes written 17964320136
1457377371081	<INFO 7fdd17dc9740> 2016-03-07 20:02:51 Started gather
1457377388252	<INFO 7fdd17dc9740> 2016-03-07 20:03:08 Completed gather
1457377388284	<INFO 7fdd17dc9740> 2016-03-07 20:03:08 Started helping 0
1457377403526	<INFO 7fdd17dc9740> 2016-03-07 20:03:23 Completed helping 0
1457377412785	<INFO 7fdd17dc9740> 2016-03-07 20:03:32 Started scatter
1457377421975	<INFO 7fdd17dc9740> 2016-03-07 20:03:41 Completed scatter
1457377422605	<INFO 7fdd17dc9740> 2016-03-07 20:03:42 Started helping 0
1457377486337	<INFO 7fdd17dc9740> 2016-03-07 20:04:46 Completed helping 0
1457377486655	<INFO 7fdd17dc9740> 2016-03-07 20:04:46 Completed phase 4 Bytes read 46747290288 Bytes written 23071712128
1457377489996	<INFO 7fdd17dc9740> 2016-03-07 20:04:49 Started gather
1457377507689	<INFO 7fdd17dc9740> 2016-03-07 20:05:07 Completed gather
1457377507726	<INFO 7fdd17dc9740> 2016-03-07 20:05:07 Started helping 0
1457377521277	<INFO 7fdd17dc9740> 2016-03-07 20:05:21 Completed helping 0
1457377530604	<INFO 7fdd17dc9740> 2016-03-07 20:05:30 Started scatter
1457377544825	<INFO 7fdd17dc9740> 2016-03-07 20:05:44 Completed scatter
1457377545912	<INFO 7fdd17dc9740> 2016-03-07 20:05:45 Started helping 0
1457377607181	<INFO 7fdd17dc9740> 2016-03-07 20:06:47 Completed helping 0
1457377607662	<INFO 7fdd17dc9740> 2016-03-07 20:06:47 Completed phase 5 Bytes read 59200858720 Bytes written 27909889800
1457377611612	<INFO 7fdd17dc9740> 2016-03-07 20:06:51 Started gather
1457377627825	<INFO 7fdd17dc9740> 2016-03-07 20:07:07 Completed gather
1457377627883	<INFO 7fdd17dc9740> 2016-03-07 20:07:07 Started helping 0
1457377645559	<INFO 7fdd17dc9740> 2016-03-07 20:07:25 Completed helping 0
1457377654710	<INFO 7fdd17dc9740> 2016-03-07 20:07:34 Started scatter
1457377664201	<INFO 7fdd17dc9740> 2016-03-07 20:07:44 Completed scatter
1457377664515	<INFO 7fdd17dc9740> 2016-03-07 20:07:44 Started helping 0
1457377735312	<INFO 7fdd17dc9740> 2016-03-07 20:08:55 Completed helping 0
1457377735652	<INFO 7fdd17dc9740> 2016-03-07 20:08:55 Completed phase 6 Bytes read 71334881184 Bytes written 32941005504
1457377739829	<INFO 7fdd17dc9740> 2016-03-07 20:08:59 Started gather
1457377756606	<INFO 7fdd17dc9740> 2016-03-07 20:09:16 Completed gather
1457377756703	<INFO 7fdd17dc9740> 2016-03-07 20:09:16 Started helping 0
1457377772024	<INFO 7fdd17dc9740> 2016-03-07 20:09:32 Completed helping 0
1457377781235	<INFO 7fdd17dc9740> 2016-03-07 20:09:41 Started scatter
1457377792320	<INFO 7fdd17dc9740> 2016-03-07 20:09:52 Completed scatter
1457377792617	<INFO 7fdd17dc9740> 2016-03-07 20:09:52 Started helping 0
1457377857151	<INFO 7fdd17dc9740> 2016-03-07 20:10:57 Completed helping 0
1457377857375	<INFO 7fdd17dc9740> 2016-03-07 20:10:57 Completed phase 7 Bytes read 83661841680 Bytes written 38060045304
1457377857378	<INFO 7fdd17dc9740> CORE::PARTITIONS_PROCESSED 166
1457377857380	<INFO 7fdd17dc9740> CORE::BYTES::EDGES_STREAMED 3702010332
1457377857383	<INFO 7fdd17dc9740> CORE::BYTES::UPDATES_OUT 2137213248
1457377857385	<INFO 7fdd17dc9740> CORE::BYTES::UPDATES_IN 1557087832
1457377857388	<INFO 7fbeeffff700> CORE::PARTITIONS_PROCESSED 369
1457377857390	<INFO 7fbeeffff700> CORE::BYTES::EDGES_STREAMED 3930836844
1457377857393	<INFO 7fbeeffff700> CORE::BYTES::UPDATES_OUT 2169174456
1457377857395	<INFO 7fbeeffff700> CORE::BYTES::UPDATES_IN 1874728040
1457377857397	<INFO 7fbeed7fa700> CORE::PARTITIONS_PROCESSED 520
1457377857400	<INFO 7fbeed7fa700> CORE::BYTES::EDGES_STREAMED 8102624808
1457377857402	<INFO 7fbeed7fa700> CORE::BYTES::UPDATES_OUT 4677930520
1457377857405	<INFO 7fbeed7fa700> CORE::BYTES::UPDATES_IN 2033113128
1457377857407	<INFO 7fbeee7fc700> CORE::PARTITIONS_PROCESSED 438
1457377857410	<INFO 7fbeedffb700> CORE::PARTITIONS_PROCESSED 435
1457377857412	<INFO 7fbeef7fe700> CORE::PARTITIONS_PROCESSED 468
1457377857415	<INFO 7fbef8bf4700> CORE::PARTITIONS_PROCESSED 338
1457377857417	<INFO 7fbeef7fe700> CORE::BYTES::EDGES_STREAMED 4637289060
1457377857420	<INFO 7fbeedffb700> CORE::BYTES::EDGES_STREAMED 4666624128
1457377857422	<INFO 7fbef8bf4700> CORE::BYTES::EDGES_STREAMED 4240495716
1457377857425	<INFO 7fbeeeffd700> CORE::PARTITIONS_PROCESSED 338
1457377857427	<INFO 7fbeee7fc700> CORE::BYTES::EDGES_STREAMED 4397295576
1457377857430	<INFO 7fbef8bf4700> CORE::BYTES::UPDATES_OUT 2460230800
1457377857433	<INFO 7fbeef7fe700> CORE::BYTES::UPDATES_OUT 2682568064
1457377857435	<INFO 7fbeedffb700> CORE::BYTES::UPDATES_OUT 2610537160
1457377857437	<INFO 7fbeee7fc700> CORE::BYTES::UPDATES_OUT 2497690536
1457377857440	<INFO 7fbeeeffd700> CORE::BYTES::EDGES_STREAMED 4618247748
1457377857442	<INFO 7fbeedffb700> CORE::BYTES::UPDATES_IN 2201441432
1457377857445	<INFO 7fbeef7fe700> CORE::BYTES::UPDATES_IN 1882443768
1457377857448	<INFO 7fbeeeffd700> CORE::BYTES::UPDATES_OUT 2644941376
1457377857450	<INFO 7fbef8bf4700> CORE::BYTES::UPDATES_IN 1483668360
1457377857453	<INFO 7fbeee7fc700> CORE::BYTES::UPDATES_IN 2066596048
1457377857455	<INFO 7fbeeeffd700> CORE::BYTES::UPDATES_IN 1761321272
1457377857459	<INFO 7fbef9bf6700> SLIPSTORE service is exiting
1457377857461	<INFO 7fbef9bf6700> SLIPSTORE::HELP_OFFERS_RECVD 98
1457377857463	<INFO 7fbef9bf6700> SLIPSTORE::HELP_OFFERS_ACCEPTED 0
1457377857466	<INFO 7fbef9bf6700> SLIPSTORE::HELP_ACCEPTANCE_RATIO 0
1457377857468	<INFO 7fbef9bf6700> SLIPSTORE::SERVER_BUSY_DISK  678.609 seconds
1457377857471	<INFO 7fbef9bf6700> SLIPSTORE::SERVER_BUSY_MEM  1.47788 seconds
1457377857473	<INFO 7fbef9bf6700> SLIPSTORE::SERVER_TOTAL  828.334 seconds
1457377857475	<INFO 7fdd17dc9740> SLIPSTORE::CLIENT::DISK_READ_TIME  555.199 seconds
1457377857478	<INFO 7fdd17dc9740> SLIPSTORE::CLIENT::MEM_READ_TIME  0 seconds
1457377857480	<INFO 7fdd17dc9740> SLIPSTORE::CLIENT::DISK_BYTES_READ 72520925624
1457377857483	<INFO 7fdd17dc9740> SLIPSTORE::CLIENT::MEM_BYTES_READ 0
1457377857486	<INFO 7fdd17dc9740> SLIPSTORE::CLIENT::WRITE_TIME  208.365 seconds
1457377857488	<INFO 7fdd17dc9740> SLIPSTORE::CLIENT::BYTES_WRITTEN 6039797760
1457377857491	<INFO 7fdd17dc9740> SLIPSTORE::CLIENT_BUSY  763.564 seconds
1457377857494	<INFO 7fdd17dc9740> SLIPSTORE::IO::TIME 593.095 seconds
1457377857496	<INFO 7fdd17dc9740> SLIPSTORE::SNAP::TIME 0 seconds
1457377857499	<INFO 7fdd17dc9740> SLIPSTORE::MAX_DISK_USAGE_BYTES 11419379304
1457377858995	<INFO 7fdd17dc9740> CORE::RUSAGE::MAX_RSS_KB 125950552
1457377859000	<INFO 7fdd17dc9740> CORE::RUSAGE::MINFLT 32511654
1457377859004	<INFO 7fdd17dc9740> CORE::RUSAGE::MAJFLT 5
1457377859008	<INFO 7fdd17dc9740> CORE::RUSAGE::MAJFLT 5
1457377859012	<INFO 7fdd17dc9740> CORE::RUSAGE::INBLK 135019312
1457377859016	<INFO 7fdd17dc9740> CORE::RUSAGE::OUBLK 74339088
1457377859019	<INFO 7fdd17dc9740> CORE::UTILS::BYTES_READ 83661841680
1457377859023	<INFO 7fdd17dc9740> CORE::UTILS::BYTES_WRITTEN 38060045304
1457377859027	<INFO 7fdd17dc9740> CORE::UTILS::TILE_COPY_BYTES 12884901888
1457377859031	<INFO 7fdd17dc9740> CORE::TIME::IO_WAIT 701.568 seconds
1457377859035	<INFO 7fdd17dc9740> CORE::TIME_TILE_COPY 136.745 seconds
1457377859039	<INFO 7fdd17dc9740> CORE::TIME_TILE_MERGE 0 seconds
1457377859042	<INFO 7fdd17dc9740> CORE::TIME_PROCESSING_STOLEN 344.67 seconds
1457377859047	<INFO 7fdd17dc9740> CORE::TIME_MERGE_WAIT 15.1179 seconds
1457377859051	<INFO 7fdd17dc9740> CORE::TIME_ALL_MC_BARRIER 2.62649 seconds
1457377859055	<INFO 7fdd17dc9740> CORE::PHASES 7
1457377859059	<INFO 7fdd17dc9740> CORE::TIME::SETUP 5.15352 seconds
1457377859063	<INFO 7fdd17dc9740> CORE::TIME::WALL 833.311 seconds
1457377859067	<INFO 7fdd17dc9740> SHUTDOWN
