1457376916210	<INFO 7f3512037740> 2016-03-07 19:55:16 STARTUP
1457376916214	<INFO 7f3512037740> CORE::GRAPH rmat-28_s8
1457376916218	<INFO 7f3512037740> CORE::ALGORITHM pagerank
1457376916222	<INFO 7f3512037740> CORE::VERTEX_STRIPING ON
1457376916226	<INFO 7f3512037740> 2016-03-07 19:55:16 Blocking memory amount 126701535232
1457377023107	<INFO 7f3512037740> 2016-03-07 19:57:03 Done blocking memory
1457377023110	<INFO 7f3512037740> SG-DRIVER-ORIGINAL
1457377023114	<INFO 7f3512037740> CORE::CONFIG::PROCESSORS 8
1457377023118	<INFO 7f3512037740> CORE::CONFIG::PHYSICAL_MEMORY 2147483648
1457377023121	<INFO 7f3512037740> CORE::CONFIG::VERTICES 268435456
1457377023125	<INFO 7f3512037740> CORE::CONFIG::VERTEX_SIZE 12
1457377023130	<INFO 7f3512037740> CORE::CONFIG::VERTEX_BUFFER 402653184
1457377023133	<INFO 7f3512037740> CORE::CONFIG::EDGES 536870912
1457377023137	<INFO 7f3512037740> CORE::CONFIG::PARTITIONS 64
1457377023141	<INFO 7f3512037740> CORE::CONFIG::FANOUT 64
1457377023144	<INFO 7f3512037740> CORE::CONFIG::SUPER_PARTITIONS 8
1457377023148	<INFO 7f3512037740> CORE::CONFIG::TILES 1
1457377023152	<INFO 7f3512037740> CORE::CONFIG::BUFFER_SIZE 348964966
1457377023156	<INFO 7f3512037740> CORE::CONFIG::MAX_BUFFERS 4
1457377023159	<INFO 7f3512037740> CORE::CONFIG::MAX_STREAMS 4
1457377023163	<INFO 7f3512037740> SLIPSTREAM::EXT_MEM_SHUFFLE OFF
1457377026385	<INFO 7f3512037740> SLIPSTORE::ZMQ_THREADS 2
1457377026388	<INFO 7f3512037740> SLIPSTORE::COMM Connecting to tcp://dco-node137-10g:5016
1457377026393	<INFO 7f3512037740> SLIPSTORE::COMM Connecting to tcp://dco-node138-10g:5034
1457377026397	<INFO 7f3512037740> SLIPSTORE::COMM Connecting to tcp://dco-node139-10g:5052
1457377026402	<INFO 7f3512037740> SLIPSTORE::COMM Connecting to tcp://dco-node140-10g:5070
1457377026406	<INFO 7f3512037740> SLIPSTORE::COMM Connecting to tcp://dco-node141-10g:5088
1457377026410	<INFO 7f3512037740> SLIPSTORE::COMM Connecting to tcp://dco-node142-10g:5106
1457377026415	<INFO 7f3512037740> SLIPSTORE::COMM Connecting to tcp://dco-node143-10g:5124
1457377026419	<INFO 7f3512037740> SLIPSTORE::COMM Connecting to tcp://dco-node144-10g:5142
1457377026422	<INFO 7f3512037740> SLIPSTORE::COMM Listening at tcp://ens1f0:5062
1457377026426	<INFO 7f3512037740> SLIPSTORE::COMM Listening at tcp://ens1f0:5063
1457377026430	<INFO 7f3512037740> SLIPSTORE::COMM Listening at tcp://ens1f0:5064
1457377026434	<INFO 7f3512037740> SLIPSTORE::COMM Listening at ipc://client
1457377026438	<INFO 7f3512037740> SLIPSTORE::COMM Listening at tcp://ens1f0:5066
1457377026442	<INFO 7f3512037740> SLIPSTORE::COMM Listening at tcp://ens1f0:5067
1457377026445	<INFO 7f3512037740> SLIPSTORE::COMM Listening at tcp://ens1f0:5068
1457377026450	<INFO 7f3512037740> SLIPSTORE::COMM Listening at tcp://ens1f0:5069
1457377026454	<INFO 7f3512037740> SLIPSTORE::COMM Connecting to tcp://dco-node137-10g:5016
1457377026457	<INFO 7f3512037740> SLIPSTORE::COMM Connecting to tcp://dco-node138-10g:5034
1457377026461	<INFO 7f3512037740> SLIPSTORE::COMM Connecting to tcp://dco-node139-10g:5052
1457377026464	<INFO 7f3512037740> SLIPSTORE::COMM Connecting to tcp://dco-node140-10g:5070
1457377026468	<INFO 7f3512037740> SLIPSTORE::COMM Connecting to tcp://dco-node141-10g:5088
1457377026472	<INFO 7f3512037740> SLIPSTORE::COMM Connecting to tcp://dco-node142-10g:5106
1457377026476	<INFO 7f3512037740> SLIPSTORE::COMM Connecting to tcp://dco-node143-10g:5124
1457377026480	<INFO 7f3512037740> SLIPSTORE::COMM Connecting to tcp://dco-node144-10g:5142
1457377026483	<INFO 7f3512037740> SLIPSTORE::COMM Connecting to tcp://dco-node137-10g:5003
1457377026487	<INFO 7f3512037740> SLIPSTORE::COMM Connecting to tcp://dco-node138-10g:5021
1457377026490	<INFO 7f3512037740> SLIPSTORE::COMM Connecting to tcp://dco-node139-10g:5039
1457377026494	<INFO 7f3512037740> SLIPSTORE::COMM Connecting to ipc://server
1457377026498	<INFO 7f3512037740> SLIPSTORE::COMM Connecting to tcp://dco-node141-10g:5075
1457377026503	<INFO 7f3512037740> SLIPSTORE::COMM Connecting to tcp://dco-node142-10g:5093
1457377026506	<INFO 7f3512037740> SLIPSTORE::COMM Connecting to tcp://dco-node143-10g:5111
1457377026509	<INFO 7f3512037740> SLIPSTORE::COMM Connecting to tcp://dco-node144-10g:5129
1457377026513	<INFO 7f3512037740> SLIPSTORE::COMM Connecting to tcp://dco-node141-10g:5089
1457377026517	<INFO 7f3512037740> SLIPSTORE::COMM Listening at tcp://ens1f0:5071
1457377026521	<INFO 7f3512037740> SLIPSTORE::COMM Connecting to tcp://dco-node140-10g:5070
1457377026524	<INFO 7f3512037740> SLIPSTORE::HELP_POLICY HEURISTIC_NEW
1457377026528	<INFO 7f3512037740> SLIPSTORE::SERVER ASYNC
1457377026531	<INFO 7f3512037740> SLIPSTORE::MACHINES 8
1457377026534	<INFO 7f3512037740> SLIPSTORE::ME 3
1457377026538	<INFO 7f3512037740> SLIPSTORE::SLIPCHUNK 4194304
1457377026541	<INFO 7f3512037740> SLIPSTORE::QUOTA 18446744073709551615
1457377026544	<INFO 7f3512037740> SLIPSTORE::IO PAGECACHE
1457377026547	<INFO 7f16f3bfe700> SLIPSTORE::COMM Listening at tcp://ens1f0:5070
1457377026550	<INFO 7f16f3bfe700> SLIPSTORE::COMM Listening at tcp://ens1f0:5054
1457377026554	<INFO 7f16f3bfe700> SLIPSTORE::COMM Connecting to tcp://dco-node137-10g:5011
1457377026557	<INFO 7f16f3bfe700> SLIPSTORE::COMM Listening at tcp://ens1f0:5055
1457377026560	<INFO 7f16f3bfe700> SLIPSTORE::COMM Connecting to tcp://dco-node138-10g:5029
1457377026564	<INFO 7f16f3bfe700> SLIPSTORE::COMM Listening at tcp://ens1f0:5056
1457377026567	<INFO 7f16f3bfe700> SLIPSTORE::COMM Connecting to tcp://dco-node139-10g:5047
1457377026571	<INFO 7f16f3bfe700> SLIPSTORE::COMM Listening at ipc://server
1457377026573	<INFO 7f16f3bfe700> SLIPSTORE::COMM Connecting to ipc://client
1457377026576	<INFO 7f16f3bfe700> SLIPSTORE::COMM Listening at tcp://ens1f0:5058
1457377026579	<INFO 7f16f3bfe700> SLIPSTORE::COMM Connecting to tcp://dco-node141-10g:5083
1457377026581	<INFO 7f16f3bfe700> SLIPSTORE::COMM Listening at tcp://ens1f0:5059
1457377026584	<INFO 7f16f3bfe700> SLIPSTORE::COMM Connecting to tcp://dco-node142-10g:5101
1457377026586	<INFO 7f16f3bfe700> SLIPSTORE::COMM Listening at tcp://ens1f0:5060
1457377026589	<INFO 7f16f3bfe700> SLIPSTORE::COMM Connecting to tcp://dco-node143-10g:5119
1457377026592	<INFO 7f16f3bfe700> SLIPSTORE::COMM Listening at tcp://ens1f0:5061
1457377026595	<INFO 7f16f3bfe700> SLIPSTORE::COMM Connecting to tcp://dco-node144-10g:5137
1457377029220	<INFO 7f3512037740> SLIPSTORE::CHECKPOINTS NONE FOUND
1457377103982	<INFO 7f3512037740> 2016-03-07 19:58:23 Completed init
1457377105342	<INFO 7f3512037740> 2016-03-07 19:58:25 Started gather
1457377108401	<INFO 7f3512037740> 2016-03-07 19:58:28 Completed gather
1457377108545	<INFO 7f3512037740> 2016-03-07 19:58:28 Started scatter
1457377122830	<INFO 7f3512037740> 2016-03-07 19:58:42 Completed scatter
1457377122917	<INFO 7f3512037740> 2016-03-07 19:58:42 Started helping 0
1457377150840	<INFO 7f3512037740> 2016-03-07 19:59:10 Completed helping 0
1457377150954	<INFO 7f3512037740> 2016-03-07 19:59:10 Completed phase 1 Bytes read 13679985024 Bytes written 7036207488
1457377153432	<INFO 7f3512037740> 2016-03-07 19:59:13 Started gather
1457377155948	<INFO 7f3512037740> 2016-03-07 19:59:15 Completed gather
1457377155994	<INFO 7f3512037740> 2016-03-07 19:59:15 Started gather
1457377200695	<INFO 7f3512037740> 2016-03-07 20:00:00 Completed gather
1457377200760	<INFO 7f3512037740> 2016-03-07 20:00:00 Started helping 0
1457377239219	<INFO 7f3512037740> 2016-03-07 20:00:39 Completed helping 0
1457377242249	<INFO 7f3512037740> 2016-03-07 20:00:42 Completed phase 2 Bytes read 21320172288 Bytes written 12801905320
1457377249394	<INFO 7f3512037740> 2016-03-07 20:00:49 Started gather
1457377268922	<INFO 7f3512037740> 2016-03-07 20:01:08 Completed gather
1457377268926	<INFO 7f3512037740> 2016-03-07 20:01:08 Started helping 0
1457377279857	<INFO 7f3512037740> 2016-03-07 20:01:19 Completed helping 0
1457377290640	<INFO 7f3512037740> 2016-03-07 20:01:30 Started scatter
1457377315922	<INFO 7f3512037740> 2016-03-07 20:01:55 Completed scatter
1457377316608	<INFO 7f3512037740> 2016-03-07 20:01:56 Started helping 0
1457377367251	<INFO 7f3512037740> 2016-03-07 20:02:47 Completed helping 0
1457377367663	<INFO 7f3512037740> 2016-03-07 20:02:47 Completed phase 3 Bytes read 33769756072 Bytes written 18145842240
1457377371079	<INFO 7f3512037740> 2016-03-07 20:02:51 Started gather
1457377390757	<INFO 7f3512037740> 2016-03-07 20:03:10 Completed gather
1457377390863	<INFO 7f3512037740> 2016-03-07 20:03:10 Started helping 0
1457377401875	<INFO 7f3512037740> 2016-03-07 20:03:21 Completed helping 0
1457377412781	<INFO 7f3512037740> 2016-03-07 20:03:32 Started scatter
1457377433949	<INFO 7f3512037740> 2016-03-07 20:03:53 Completed scatter
1457377434714	<INFO 7f3512037740> 2016-03-07 20:03:54 Started helping 0
1457377486464	<INFO 7f3512037740> 2016-03-07 20:04:46 Completed helping 0
1457377486653	<INFO 7f3512037740> 2016-03-07 20:04:46 Completed phase 4 Bytes read 46149900480 Bytes written 23458594120
1457377489994	<INFO 7f3512037740> 2016-03-07 20:04:49 Started gather
1457377509357	<INFO 7f3512037740> 2016-03-07 20:05:09 Completed gather
1457377509360	<INFO 7f3512037740> 2016-03-07 20:05:09 Started helping 0
1457377519606	<INFO 7f3512037740> 2016-03-07 20:05:19 Completed helping 0
1457377530602	<INFO 7f3512037740> 2016-03-07 20:05:30 Started scatter
1457377553873	<INFO 7f3512037740> 2016-03-07 20:05:53 Completed scatter
1457377555675	<INFO 7f3512037740> 2016-03-07 20:05:55 Started helping 0
1457377607190	<INFO 7f3512037740> 2016-03-07 20:06:47 Completed helping 0
1457377607660	<INFO 7f3512037740> 2016-03-07 20:06:47 Completed phase 5 Bytes read 58549191496 Bytes written 28691982448
1457377611611	<INFO 7f3512037740> 2016-03-07 20:06:51 Started gather
1457377631968	<INFO 7f3512037740> 2016-03-07 20:07:11 Completed gather
1457377632014	<INFO 7f3512037740> 2016-03-07 20:07:12 Started helping 0
1457377643913	<INFO 7f3512037740> 2016-03-07 20:07:23 Completed helping 0
1457377654708	<INFO 7f3512037740> 2016-03-07 20:07:34 Started scatter
1457377674914	<INFO 7f3512037740> 2016-03-07 20:07:54 Completed scatter
1457377676297	<INFO 7f3512037740> 2016-03-07 20:07:56 Started helping 0
1457377735311	<INFO 7f3512037740> 2016-03-07 20:08:55 Completed helping 0
1457377735650	<INFO 7f3512037740> 2016-03-07 20:08:55 Completed phase 6 Bytes read 70818787312 Bytes written 34034335136
1457377739827	<INFO 7f3512037740> 2016-03-07 20:08:59 Started gather
1457377759963	<INFO 7f3512037740> 2016-03-07 20:09:19 Completed gather
1457377759966	<INFO 7f3512037740> 2016-03-07 20:09:19 Started helping 0
1457377770400	<INFO 7f3512037740> 2016-03-07 20:09:30 Completed helping 0
1457377781233	<INFO 7f3512037740> 2016-03-07 20:09:41 Started scatter
1457377803660	<INFO 7f3512037740> 2016-03-07 20:10:03 Completed scatter
1457377804563	<INFO 7f3512037740> 2016-03-07 20:10:04 Started helping 0
1457377857021	<INFO 7f3512037740> 2016-03-07 20:10:57 Completed helping 0
1457377857374	<INFO 7f3512037740> 2016-03-07 20:10:57 Completed phase 7 Bytes read 83197347488 Bytes written 39637543216
1457377857376	<INFO 7f3512037740> CORE::PARTITIONS_PROCESSED 171
1457377857379	<INFO 7f3512037740> CORE::BYTES::EDGES_STREAMED 3933937872
1457377857381	<INFO 7f3512037740> CORE::BYTES::UPDATES_OUT 2246867800
1457377857384	<INFO 7f3512037740> CORE::BYTES::UPDATES_IN 1630151832
1457377857386	<INFO 7f16f13f9700> CORE::PARTITIONS_PROCESSED 344
1457377857389	<INFO 7f16f13f9700> CORE::BYTES::EDGES_STREAMED 4450160736
1457377857391	<INFO 7f16f13f9700> CORE::BYTES::UPDATES_OUT 2539633240
1457377857393	<INFO 7f16f13f9700> CORE::BYTES::UPDATES_IN 1721626000
1457377857396	<INFO 7f16e77fe700> CORE::PARTITIONS_PROCESSED 519
1457377857398	<INFO 7f16f2bfc700> CORE::PARTITIONS_PROCESSED 358
1457377857400	<INFO 7f16f23fb700> CORE::PARTITIONS_PROCESSED 346
1457377857403	<INFO 7f16f1bfa700> CORE::PARTITIONS_PROCESSED 465
1457377857405	<INFO 7f16f0bf8700> CORE::PARTITIONS_PROCESSED 434
1457377857407	<INFO 7f16e7fff700> CORE::PARTITIONS_PROCESSED 435
1457377857410	<INFO 7f16e77fe700> CORE::BYTES::EDGES_STREAMED 7853978976
1457377857412	<INFO 7f16f23fb700> CORE::BYTES::EDGES_STREAMED 3797175240
1457377857415	<INFO 7f16f2bfc700> CORE::BYTES::EDGES_STREAMED 4118537652
1457377857417	<INFO 7f16e77fe700> CORE::BYTES::UPDATES_OUT 4456686112
1457377857420	<INFO 7f16f0bf8700> CORE::BYTES::EDGES_STREAMED 4341691332
1457377857422	<INFO 7f16e7fff700> CORE::BYTES::EDGES_STREAMED 4307052408
1457377857424	<INFO 7f16f1bfa700> CORE::BYTES::EDGES_STREAMED 4722018876
1457377857426	<INFO 7f16f23fb700> CORE::BYTES::UPDATES_OUT 2192294896
1457377857429	<INFO 7f16f2bfc700> CORE::BYTES::UPDATES_OUT 2287800352
1457377857431	<INFO 7f16e7fff700> CORE::BYTES::UPDATES_OUT 2490765128
1457377857433	<INFO 7f16e77fe700> CORE::BYTES::UPDATES_IN 2206671480
1457377857436	<INFO 7f16f23fb700> CORE::BYTES::UPDATES_IN 1506197688
1457377857438	<INFO 7f16f1bfa700> CORE::BYTES::UPDATES_OUT 2620018120
1457377857440	<INFO 7f16f0bf8700> CORE::BYTES::UPDATES_OUT 2472742504
1457377857443	<INFO 7f16e7fff700> CORE::BYTES::UPDATES_IN 2303309680
1457377857445	<INFO 7f16f2bfc700> CORE::BYTES::UPDATES_IN 1584796552
1457377857447	<INFO 7f16f1bfa700> CORE::BYTES::UPDATES_IN 1936736728
1457377857450	<INFO 7f16f0bf8700> CORE::BYTES::UPDATES_IN 1898752352
1457377857452	<INFO 7f16f3bfe700> SLIPSTORE service is exiting
1457377857454	<INFO 7f16f3bfe700> SLIPSTORE::HELP_OFFERS_RECVD 98
1457377857457	<INFO 7f16f3bfe700> SLIPSTORE::HELP_OFFERS_ACCEPTED 0
1457377857459	<INFO 7f16f3bfe700> SLIPSTORE::HELP_ACCEPTANCE_RATIO 0
1457377857461	<INFO 7f16f3bfe700> SLIPSTORE::SERVER_BUSY_DISK  671.672 seconds
1457377857464	<INFO 7f16f3bfe700> SLIPSTORE::SERVER_BUSY_MEM  1.45471 seconds
1457377857466	<INFO 7f16f3bfe700> SLIPSTORE::SERVER_TOTAL  830.962 seconds
1457377857468	<INFO 7f3512037740> SLIPSTORE::CLIENT::DISK_READ_TIME  554.835 seconds
1457377857471	<INFO 7f3512037740> SLIPSTORE::CLIENT::MEM_READ_TIME  0 seconds
1457377857473	<INFO 7f3512037740> SLIPSTORE::CLIENT::DISK_BYTES_READ 71921166336
1457377857475	<INFO 7f3512037740> SLIPSTORE::CLIENT::MEM_BYTES_READ 0
1457377857478	<INFO 7f3512037740> SLIPSTORE::CLIENT::WRITE_TIME  207.394 seconds
1457377857480	<INFO 7f3512037740> SLIPSTORE::CLIENT::BYTES_WRITTEN 6039797760
1457377857482	<INFO 7f3512037740> SLIPSTORE::CLIENT_BUSY  762.228 seconds
1457377857485	<INFO 7f3512037740> SLIPSTORE::IO::TIME 582.922 seconds
1457377857487	<INFO 7f3512037740> SLIPSTORE::SNAP::TIME 0 seconds
1457377857489	<INFO 7f3512037740> SLIPSTORE::MAX_DISK_USAGE_BYTES 11431456016
1457377858951	<INFO 7f3512037740> CORE::RUSAGE::MAX_RSS_KB 125961304
1457377858954	<INFO 7f3512037740> CORE::RUSAGE::MINFLT 32614591
1457377858957	<INFO 7f3512037740> CORE::RUSAGE::MAJFLT 5
1457377858960	<INFO 7f3512037740> CORE::RUSAGE::MAJFLT 5
1457377858962	<INFO 7f3512037740> CORE::RUSAGE::INBLK 132077096
1457377858965	<INFO 7f3512037740> CORE::RUSAGE::OUBLK 77424048
1457377858968	<INFO 7f3512037740> CORE::UTILS::BYTES_READ 83197347488
1457377858970	<INFO 7f3512037740> CORE::UTILS::BYTES_WRITTEN 39637543216
1457377858973	<INFO 7f3512037740> CORE::UTILS::TILE_COPY_BYTES 12884901888
1457377858976	<INFO 7f3512037740> CORE::TIME::IO_WAIT 701.1 seconds
1457377858979	<INFO 7f3512037740> CORE::TIME_TILE_COPY 129.034 seconds
1457377858981	<INFO 7f3512037740> CORE::TIME_TILE_MERGE 0 seconds
1457377858984	<INFO 7f3512037740> CORE::TIME_PROCESSING_STOLEN 251.872 seconds
1457377858987	<INFO 7f3512037740> CORE::TIME_MERGE_WAIT 5.22899 seconds
1457377858990	<INFO 7f3512037740> CORE::TIME_ALL_MC_BARRIER 8.13909 seconds
1457377858993	<INFO 7f3512037740> CORE::PHASES 7
1457377858995	<INFO 7f3512037740> CORE::TIME::SETUP 7.68866 seconds
1457377858998	<INFO 7f3512037740> CORE::TIME::WALL 835.846 seconds
1457377859001	<INFO 7f3512037740> SHUTDOWN
