1461710268064	<INFO 7fcc3c4c6740> 2016-04-27 00:37:48 STARTUP
1461710268067	<INFO 7fcc3c4c6740> CORE::GRAPH rmat-28_s8
1461710268071	<INFO 7fcc3c4c6740> CORE::ALGORITHM pagerank
1461710268075	<INFO 7fcc3c4c6740> CORE::VERTEX_STRIPING OFF
1461710268079	<INFO 7fcc3c4c6740> CORE::OPTIMIZED_STATE_LOAD_STORE ON
1461710268082	<INFO 7fcc3c4c6740> CORE::BINARY_SEARCH_SUPER_PARTITION ON
1461710268086	<INFO 7fcc3c4c6740> CORE::SUPER_PARTITION_COMPUTED_FOR_EACH_SCATTER_GATHER_PHASE
1461710268090	<INFO 7fcc3c4c6740> CORE::EDGE_STRIPING ON
1461710268094	<INFO 7fcc3c4c6740> CORE::BATCH IO ON
1461710268098	<INFO 7fcc3c4c6740> 2016-04-27 00:37:48 Blocking memory amount 126701535232
1461710376223	<INFO 7fcc3c4c6740> 2016-04-27 00:39:36 Done blocking memory
1461710376227	<INFO 7fcc3c4c6740> SG-DRIVER-ORIGINAL
1461710376230	<INFO 7fcc3c4c6740> 2016-04-27 00:39:36 START read config parameters
1461710376234	<INFO 7fcc3c4c6740> PARTITIONING::OLD 0
1461710376237	<INFO 7fcc3c4c6740> PARTITIONING::BALANCED_PARTITIONS 0
1461710376241	<INFO 7fcc3c4c6740> CORE::CONFIG::PROCESSORS 8
1461710376245	<INFO 7fcc3c4c6740> CORE::CONFIG::PHYSICAL_MEMORY 2147483648
1461710376249	<INFO 7fcc3c4c6740> CORE::CONFIG::VERTICES 268435456
1461710376253	<INFO 7fcc3c4c6740> CORE::CONFIG::VERTEX_SIZE 12
1461710376256	<INFO 7fcc3c4c6740> CORE::CONFIG::VERTEX_BUFFER 1306428636
1461710376260	<INFO 7fcc3c4c6740> CORE::CONFIG::EDGES 536870912
1461710376264	<INFO 7fcc3c4c6740> CORE::CONFIG::PARTITIONS 64
1461710376268	<INFO 7fcc3c4c6740> CORE::CONFIG::FANOUT 64
1461710376272	<INFO 7fcc3c4c6740> CORE::CONFIG::SUPER_PARTITIONS 8
1461710376275	<INFO 7fcc3c4c6740> CORE::CONFIG::TILES 1
1461710376279	<INFO 7fcc3c4c6740> CORE::CONFIG::BUFFER_SIZE 168209876
1461710376282	<INFO 7fcc3c4c6740> CORE::CONFIG::MAX_BUFFERS 4
1461710376286	<INFO 7fcc3c4c6740> CORE::CONFIG::MAX_STREAMS 4
1461710376289	<INFO 7fcc3c4c6740> CORE::CONFIG::SUM_OF_OUT_DEGREES_FOR_NEW_PARTITIONS::FIRST_CONSTRAINT 0
1461710376294	<INFO 7fcc3c4c6740> CORE::CONFIG::MAX_EDGES_PER_NEW_PARTITION::SECOND_CONSTRAINT 0
1461710376297	<INFO 7fcc3c4c6740> SLIPSTREAM::EXT_MEM_SHUFFLE OFF
1461710376301	<INFO 7fcc3c4c6740> 2016-04-27 00:39:36 END read config parameters
1461710378035	<WARNING 7fcc3c4c6740> Unable to unlink file (stream.0.0.0):No such file or directory
1461710378039	<WARNING 7fcc3c4c6740> Unable to unlink file (stream.0.1.0):No such file or directory
1461710378043	<WARNING 7fcc3c4c6740> Unable to unlink file (stream.0.2.0):No such file or directory
1461710378047	<WARNING 7fcc3c4c6740> Unable to unlink file (stream.0.3.0):No such file or directory
1461710378050	<WARNING 7fcc3c4c6740> Unable to unlink file (stream.0.4.0):No such file or directory
1461710378055	<WARNING 7fcc3c4c6740> Unable to unlink file (stream.0.5.0):No such file or directory
1461710378059	<WARNING 7fcc3c4c6740> Unable to unlink file (stream.0.6.0):No such file or directory
1461710378062	<WARNING 7fcc3c4c6740> Unable to unlink file (stream.0.7.0):No such file or directory
1461710378065	<WARNING 7fcc3c4c6740> Unable to unlink file (stream.1.1.0):No such file or directory
1461710378069	<WARNING 7fcc3c4c6740> Unable to unlink file (stream.1.2.0):No such file or directory
1461710378073	<WARNING 7fcc3c4c6740> Unable to unlink file (stream.1.3.0):No such file or directory
1461710378076	<WARNING 7fcc3c4c6740> Unable to unlink file (stream.1.4.0):No such file or directory
1461710378080	<WARNING 7fcc3c4c6740> Unable to unlink file (stream.1.5.0):No such file or directory
1461710378084	<WARNING 7fcc3c4c6740> Unable to unlink file (stream.1.6.0):No such file or directory
1461710378088	<WARNING 7fcc3c4c6740> Unable to unlink file (stream.1.7.0):No such file or directory
1461710378091	<WARNING 7fcc3c4c6740> Unable to unlink file (stream.2.0.0):No such file or directory
1461710378095	<WARNING 7fcc3c4c6740> Unable to unlink file (stream.2.1.0):No such file or directory
1461710378098	<WARNING 7fcc3c4c6740> Unable to unlink file (stream.2.2.0):No such file or directory
1461710378102	<WARNING 7fcc3c4c6740> Unable to unlink file (stream.2.3.0):No such file or directory
1461710378106	<WARNING 7fcc3c4c6740> Unable to unlink file (stream.2.4.0):No such file or directory
1461710378110	<WARNING 7fcc3c4c6740> Unable to unlink file (stream.2.5.0):No such file or directory
1461710378114	<WARNING 7fcc3c4c6740> Unable to unlink file (stream.2.6.0):No such file or directory
1461710378117	<WARNING 7fcc3c4c6740> Unable to unlink file (stream.2.7.0):No such file or directory
1461710378121	<WARNING 7fcc3c4c6740> Unable to unlink file (stream.3.0.0):No such file or directory
1461710378124	<WARNING 7fcc3c4c6740> Unable to unlink file (stream.3.1.0):No such file or directory
1461710378128	<WARNING 7fcc3c4c6740> Unable to unlink file (stream.3.2.0):No such file or directory
1461710378131	<WARNING 7fcc3c4c6740> Unable to unlink file (stream.3.3.0):No such file or directory
1461710378134	<WARNING 7fcc3c4c6740> Unable to unlink file (stream.3.4.0):No such file or directory
1461710378138	<WARNING 7fcc3c4c6740> Unable to unlink file (stream.3.5.0):No such file or directory
1461710378141	<WARNING 7fcc3c4c6740> Unable to unlink file (stream.3.6.0):No such file or directory
1461710378145	<WARNING 7fcc3c4c6740> Unable to unlink file (stream.3.7.0):No such file or directory
1461710378149	<INFO 7fcc3c4c6740> SLIPSTORE::ZMQ_THREADS 2
1461710378152	<INFO 7fcc3c4c6740> SLIPSTORE::COMM Connecting to tcp://dco-node137-10g:5016
1461710378155	<INFO 7fcc3c4c6740> SLIPSTORE::COMM Connecting to tcp://dco-node138-10g:5034
1461710378159	<INFO 7fcc3c4c6740> SLIPSTORE::COMM Connecting to tcp://dco-node139-10g:5052
1461710378162	<INFO 7fcc3c4c6740> SLIPSTORE::COMM Connecting to tcp://dco-node140-10g:5070
1461710378165	<INFO 7fcc3c4c6740> SLIPSTORE::COMM Connecting to tcp://dco-node141-10g:5088
1461710378168	<INFO 7fcc3c4c6740> SLIPSTORE::COMM Connecting to tcp://dco-node142-10g:5106
1461710378172	<INFO 7fcc3c4c6740> SLIPSTORE::COMM Connecting to tcp://dco-node143-10g:5124
1461710378175	<INFO 7fcc3c4c6740> SLIPSTORE::COMM Connecting to tcp://dco-node144-10g:5142
1461710378178	<INFO 7fcc3c4c6740> SLIPSTORE::COMM Listening at tcp://ens1f0:5134
1461710378181	<INFO 7fcc3c4c6740> SLIPSTORE::COMM Listening at tcp://ens1f0:5135
1461710378184	<INFO 7fcc3c4c6740> SLIPSTORE::COMM Listening at tcp://ens1f0:5136
1461710378187	<INFO 7fcc3c4c6740> SLIPSTORE::COMM Listening at tcp://ens1f0:5137
1461710378191	<INFO 7fcc3c4c6740> SLIPSTORE::COMM Listening at tcp://ens1f0:5138
1461710378194	<INFO 7fcc3c4c6740> SLIPSTORE::COMM Listening at tcp://ens1f0:5139
1461710378197	<INFO 7fcc3c4c6740> SLIPSTORE::COMM Listening at tcp://ens1f0:5140
1461710378200	<INFO 7fcc3c4c6740> SLIPSTORE::COMM Listening at ipc://client
1461710378203	<INFO 7fcc3c4c6740> SLIPSTORE::COMM Connecting to tcp://dco-node137-10g:5016
1461710378206	<INFO 7fcc3c4c6740> SLIPSTORE::COMM Connecting to tcp://dco-node138-10g:5034
1461710378209	<INFO 7fcc3c4c6740> SLIPSTORE::COMM Connecting to tcp://dco-node139-10g:5052
1461710378213	<INFO 7fcc3c4c6740> SLIPSTORE::COMM Connecting to tcp://dco-node140-10g:5070
1461710378216	<INFO 7fcc3c4c6740> SLIPSTORE::COMM Connecting to tcp://dco-node141-10g:5088
1461710378219	<INFO 7fcc3c4c6740> SLIPSTORE::COMM Connecting to tcp://dco-node142-10g:5106
1461710378222	<INFO 7fcc3c4c6740> SLIPSTORE::COMM Connecting to tcp://dco-node143-10g:5124
1461710378225	<INFO 7fcc3c4c6740> SLIPSTORE::COMM Connecting to tcp://dco-node144-10g:5142
1461710378228	<INFO 7fcc3c4c6740> SLIPSTORE::COMM Connecting to tcp://dco-node137-10g:5007
1461710378230	<INFO 7fcc3c4c6740> SLIPSTORE::COMM Connecting to tcp://dco-node138-10g:5025
1461710378233	<INFO 7fcc3c4c6740> SLIPSTORE::COMM Connecting to tcp://dco-node139-10g:5043
1461710378236	<INFO 7fcc3c4c6740> SLIPSTORE::COMM Connecting to tcp://dco-node140-10g:5061
1461710378238	<INFO 7fcc3c4c6740> SLIPSTORE::COMM Connecting to tcp://dco-node141-10g:5079
1461710378241	<INFO 7fcc3c4c6740> SLIPSTORE::COMM Connecting to tcp://dco-node142-10g:5097
1461710378244	<INFO 7fcc3c4c6740> SLIPSTORE::COMM Connecting to tcp://dco-node143-10g:5115
1461710378247	<INFO 7fcc3c4c6740> SLIPSTORE::COMM Connecting to ipc://server
1461710378250	<INFO 7fcc3c4c6740> SLIPSTORE::COMM Connecting to tcp://dco-node137-10g:5017
1461710378254	<INFO 7fcc3c4c6740> SLIPSTORE::COMM Listening at tcp://ens1f0:5143
1461710378257	<INFO 7fcc3c4c6740> SLIPSTORE::COMM Connecting to tcp://dco-node144-10g:5142
1461710378260	<INFO 7fcc3c4c6740> SLIPSTORE::HELP_POLICY NONE
1461710378263	<INFO 7fcc3c4c6740> SLIPSTORE::SERVER ASYNC
1461710378266	<INFO 7fcc3c4c6740> SLIPSTORE::MACHINES 8
1461710378269	<INFO 7fcc3c4c6740> SLIPSTORE::ME 7
1461710378273	<INFO 7fcc3c4c6740> SLIPSTORE::SLIPCHUNK 4194304
1461710378276	<INFO 7fcc3c4c6740> SLIPSTORE::QUOTA 18446744073709551615
1461710378280	<INFO 7fcc3c4c6740> SLIPSTORE::IO PAGECACHE
1461710378283	<INFO 7fae1e3f8700> SLIPSTORE::COMM Listening at tcp://ens1f0:5142
1461710378287	<INFO 7fae1e3f8700> SLIPSTORE::COMM Listening at tcp://ens1f0:5126
1461710378290	<INFO 7fae1e3f8700> SLIPSTORE::COMM Connecting to tcp://dco-node137-10g:5015
1461710378294	<INFO 7fae1e3f8700> SLIPSTORE::COMM Listening at tcp://ens1f0:5127
1461710378298	<INFO 7fae1e3f8700> SLIPSTORE::COMM Connecting to tcp://dco-node138-10g:5033
1461710378303	<INFO 7fae1e3f8700> SLIPSTORE::COMM Listening at tcp://ens1f0:5128
1461710378306	<INFO 7fae1e3f8700> SLIPSTORE::COMM Connecting to tcp://dco-node139-10g:5051
1461710378309	<INFO 7fae1e3f8700> SLIPSTORE::COMM Listening at tcp://ens1f0:5129
1461710378312	<INFO 7fae1e3f8700> SLIPSTORE::COMM Connecting to tcp://dco-node140-10g:5069
1461710378316	<INFO 7fae1e3f8700> SLIPSTORE::COMM Listening at tcp://ens1f0:5130
1461710378319	<INFO 7fae1e3f8700> SLIPSTORE::COMM Connecting to tcp://dco-node141-10g:5087
1461710378322	<INFO 7fae1e3f8700> SLIPSTORE::COMM Listening at tcp://ens1f0:5131
1461710378326	<INFO 7fae1e3f8700> SLIPSTORE::COMM Connecting to tcp://dco-node142-10g:5105
1461710378329	<INFO 7fae1e3f8700> SLIPSTORE::COMM Listening at tcp://ens1f0:5132
1461710378332	<INFO 7fae1e3f8700> SLIPSTORE::COMM Connecting to tcp://dco-node143-10g:5123
1461710378334	<INFO 7fae1e3f8700> SLIPSTORE::COMM Listening at ipc://server
1461710378337	<INFO 7fae1e3f8700> SLIPSTORE::COMM Connecting to ipc://client
1461710378339	<INFO 7fcc3c4c6740> SLIPSTORE::CHECKPOINTS NONE FOUND
1461710378343	<INFO 7fcc3c4c6740> 2016-04-27 00:39:38 Start edge split
1461710429487	<INFO 7fcc3c4c6740> 2016-04-27 00:40:29 Completed init
1461710435210	<INFO 7fcc3c4c6740> 2016-04-27 00:40:35 Started gather
1461710437404	<INFO 7fcc3c4c6740> 2016-04-27 00:40:37 Completed gather
1461710437432	<INFO 7fcc3c4c6740> 2016-04-27 00:40:37 Started scatter
1461710467518	<INFO 7fcc3c4c6740> 2016-04-27 00:41:07 Completed scatter
1461710470126	<INFO 7fcc3c4c6740> 2016-04-27 00:41:10 Completed phase 1 Bytes read 14194065264 Bytes written 7751614320
1461710479293	<INFO 7fcc3c4c6740> 2016-04-27 00:41:19 Started gather
1461710479296	<INFO 7fcc3c4c6740> 2016-04-27 00:41:19 Completed gather
1461710479320	<INFO 7fcc3c4c6740> 2016-04-27 00:41:19 Started gather
1461710523259	<INFO 7fcc3c4c6740> 2016-04-27 00:42:03 Completed gather
1461710529124	<INFO 7fcc3c4c6740> 2016-04-27 00:42:09 Completed phase 2 Bytes read 21945679584 Bytes written 13316359372
1461710542239	<INFO 7fcc3c4c6740> 2016-04-27 00:42:22 Started gather
1461710572919	<INFO 7fcc3c4c6740> 2016-04-27 00:42:52 Completed gather
1461710733801	<INFO 7fcc3c4c6740> 2016-04-27 00:45:33 Started scatter
1461710777670	<INFO 7fcc3c4c6740> 2016-04-27 00:46:17 Completed scatter
1461710782020	<INFO 7fcc3c4c6740> 2016-04-27 00:46:22 Completed phase 3 Bytes read 33955610320 Bytes written 19052667360
1461710795779	<INFO 7fcc3c4c6740> 2016-04-27 00:46:35 Started gather
1461710822523	<INFO 7fcc3c4c6740> 2016-04-27 00:47:02 Completed gather
1461710985991	<INFO 7fcc3c4c6740> 2016-04-27 00:49:45 Started scatter
1461711029067	<INFO 7fcc3c4c6740> 2016-04-27 00:50:29 Completed scatter
1461711034335	<INFO 7fcc3c4c6740> 2016-04-27 00:50:34 Completed phase 4 Bytes read 46137103992 Bytes written 24800184868
1461711048215	<INFO 7fcc3c4c6740> 2016-04-27 00:50:48 Started gather
1461711073184	<INFO 7fcc3c4c6740> 2016-04-27 00:51:13 Completed gather
1461711233070	<INFO 7fcc3c4c6740> 2016-04-27 00:53:53 Started scatter
1461711274646	<INFO 7fcc3c4c6740> 2016-04-27 00:54:34 Completed scatter
1461711281050	<INFO 7fcc3c4c6740> 2016-04-27 00:54:41 Completed phase 5 Bytes read 58329807184 Bytes written 30551627520
1461711294636	<INFO 7fcc3c4c6740> 2016-04-27 00:54:54 Started gather
1461711319049	<INFO 7fcc3c4c6740> 2016-04-27 00:55:19 Completed gather
1461711479355	<INFO 7fcc3c4c6740> 2016-04-27 00:57:59 Started scatter
1461711523331	<INFO 7fcc3c4c6740> 2016-04-27 00:58:43 Completed scatter
1461711528153	<INFO 7fcc3c4c6740> 2016-04-27 00:58:48 Completed phase 6 Bytes read 70526435520 Bytes written 36311158764
1461711540743	<INFO 7fcc3c4c6740> 2016-04-27 00:59:00 Started gather
1461711567455	<INFO 7fcc3c4c6740> 2016-04-27 00:59:27 Completed gather
1461711719546	<INFO 7fcc3c4c6740> 2016-04-27 01:01:59 Started scatter
1461711762184	<INFO 7fcc3c4c6740> 2016-04-27 01:02:42 Completed scatter
1461711768487	<INFO 7fcc3c4c6740> 2016-04-27 01:02:48 Completed phase 7 Bytes read 82731152448 Bytes written 42037831824
1461711772525	<INFO 7fcc3c4c6740> CORE::PARTITIONS_PROCESSED 1177
1461711772528	<INFO 7fae13fff700> CORE::PARTITIONS_PROCESSED 1258
1461711772530	<INFO 7fcc3c4c6740> CORE::BYTES::EDGES_STREAMED 4354641336
1461711772532	<INFO 7fcc3c4c6740> CORE::BYTES::UPDATES_OUT 2487833848
1461711772535	<INFO 7fae11ffb700> CORE::PARTITIONS_PROCESSED 749
1461711772537	<INFO 7fcc3c4c6740> CORE::BYTES::UPDATES_IN 2212574160
1461711772539	<INFO 7fae13fff700> CORE::BYTES::EDGES_STREAMED 4462776360
1461711772541	<INFO 7fae12ffd700> CORE::PARTITIONS_PROCESSED 115
1461711772544	<INFO 7fae1cbf5700> CORE::PARTITIONS_PROCESSED 1154
1461711772546	<INFO 7fae13fff700> CORE::BYTES::UPDATES_OUT 2536669720
1461711772548	<INFO 7fae11ffb700> CORE::BYTES::EDGES_STREAMED 4352569596
1461711772551	<INFO 7fae127fc700> CORE::PARTITIONS_PROCESSED 715
1461711772553	<INFO 7fae1d3f6700> CORE::PARTITIONS_PROCESSED 814
1461711772555	<INFO 7fae137fe700> CORE::PARTITIONS_PROCESSED 1378
1461711772559	<INFO 7fae13fff700> CORE::BYTES::UPDATES_IN 2004409696
1461711772561	<INFO 7fae11ffb700> CORE::BYTES::UPDATES_OUT 2491544856
1461711772564	<INFO 7fae12ffd700> CORE::BYTES::EDGES_STREAMED 6777929760
1461711772566	<INFO 7fae1cbf5700> CORE::BYTES::EDGES_STREAMED 4613529264
1461711772568	<INFO 7fae137fe700> CORE::BYTES::EDGES_STREAMED 5258911380
1461711772571	<INFO 7fae12ffd700> CORE::BYTES::UPDATES_OUT 3879089848
1461711772573	<INFO 7fae1cbf5700> CORE::BYTES::UPDATES_OUT 2653518120
1461711772575	<INFO 7fae1d3f6700> CORE::BYTES::EDGES_STREAMED 4702303896
1461711772578	<INFO 7fae127fc700> CORE::BYTES::EDGES_STREAMED 4247263476
1461711772581	<INFO 7fae11ffb700> CORE::BYTES::UPDATES_IN 2110184192
1461711772583	<INFO 7fae137fe700> CORE::BYTES::UPDATES_OUT 3005409264
1461711772586	<INFO 7fae12ffd700> CORE::BYTES::UPDATES_IN 3557693320
1461711772588	<INFO 7fae127fc700> CORE::BYTES::UPDATES_OUT 2414924432
1461711772590	<INFO 7fae1cbf5700> CORE::BYTES::UPDATES_IN 2048349936
1461711772593	<INFO 7fae137fe700> CORE::BYTES::UPDATES_IN 2163268656
1461711772595	<INFO 7fae127fc700> CORE::BYTES::UPDATES_IN 2159179112
1461711772597	<INFO 7fae1d3f6700> CORE::BYTES::UPDATES_OUT 2685252808
1461711772600	<INFO 7fae1d3f6700> CORE::BYTES::UPDATES_IN 2206289288
1461711773738	<INFO 7fae1e3f8700> SLIPSTORE service is exiting
1461711773742	<INFO 7fae1e3f8700> SLIPSTORE::HELP_OFFERS_RECVD 98
1461711773745	<INFO 7fae1e3f8700> SLIPSTORE::HELP_OFFERS_ACCEPTED 0
1461711773747	<INFO 7fae1e3f8700> SLIPSTORE::HELP_ACCEPTANCE_RATIO 0
1461711773750	<INFO 7fae1e3f8700> SLIPSTORE::SERVER_BUSY_DISK  523.98 seconds
1461711773753	<INFO 7fae1e3f8700> SLIPSTORE::SERVER_BUSY_MEM  0 seconds
1461711773756	<INFO 7fae1e3f8700> SLIPSTORE::SERVER_TOTAL  1395.67 seconds
1461711773759	<INFO 7fcc3c4c6740> SLIPSTORE::CLIENT::DISK_READ_TIME  403.099 seconds
1461711773762	<INFO 7fcc3c4c6740> SLIPSTORE::CLIENT::MEM_READ_TIME  0 seconds
1461711773765	<INFO 7fcc3c4c6740> SLIPSTORE::CLIENT::DISK_BYTES_READ 72919988024
1461711773767	<INFO 7fcc3c4c6740> SLIPSTORE::CLIENT::MEM_BYTES_READ 0
1461711773770	<INFO 7fcc3c4c6740> SLIPSTORE::CLIENT::WRITE_TIME  160.792 seconds
1461711773772	<INFO 7fcc3c4c6740> SLIPSTORE::CLIENT::BYTES_WRITTEN 9145000452
1461711773776	<INFO 7fcc3c4c6740> SLIPSTORE::CLIENT_BUSY  563.891 seconds
1461711773779	<INFO 7fcc3c4c6740> SLIPSTORE::IO::TIME 524.596 seconds
1461711773782	<INFO 7fcc3c4c6740> SLIPSTORE::SNAP::TIME 0 seconds
1461711773785	<INFO 7fcc3c4c6740> SLIPSTORE::MAX_DISK_USAGE_BYTES 12204716928
1461711774854	<INFO 7fcc3c4c6740> CORE::RUSAGE::MAX_RSS_KB 125963424
1461711774857	<INFO 7fcc3c4c6740> CORE::RUSAGE::MINFLT 34395967
1461711774861	<INFO 7fcc3c4c6740> CORE::RUSAGE::MAJFLT 8
1461711774866	<INFO 7fcc3c4c6740> CORE::RUSAGE::MAJFLT 8
1461711774870	<INFO 7fcc3c4c6740> CORE::RUSAGE::INBLK 156298312
1461711774874	<INFO 7fcc3c4c6740> CORE::RUSAGE::OUBLK 82105792
1461711774877	<INFO 7fcc3c4c6740> CORE::UTILS::BYTES_READ 82731152448
1461711774881	<INFO 7fcc3c4c6740> CORE::UTILS::BYTES_WRITTEN 42037831824
1461711774885	<INFO 7fcc3c4c6740> CORE::UTILS::TILE_COPY_BYTES 9145000452
1461711774889	<INFO 7fcc3c4c6740> CORE::TIME::IO_WAIT 377.607 seconds
1461711774893	<INFO 7fcc3c4c6740> CORE::TIME_TILE_COPY 0 seconds
1461711774896	<INFO 7fcc3c4c6740> CORE::TIME_TILE_MERGE 0 seconds
1461711774900	<INFO 7fcc3c4c6740> CORE::TIME_PROCESSING_STOLEN 0 seconds
1461711774904	<INFO 7fcc3c4c6740> CORE::TIME_MERGE_WAIT 0 seconds
1461711774907	<INFO 7fcc3c4c6740> CORE::OTHER_TIME_ALL_MC_BARRIER 0 seconds
1461711774911	<INFO 7fcc3c4c6740> CORE::SCATTER_TIME_ALL_MC_BARRIER 26.1893 seconds
1461711774914	<INFO 7fcc3c4c6740> CORE::GATHER_TIME_ALL_MC_BARRIER 5.08975 seconds
1461711774918	<INFO 7fcc3c4c6740> CORE::INIT_TIME_ALL_MC_BARRIER 1.35856 seconds
1461711774922	<INFO 7fcc3c4c6740> CORE::SHUT_DOWN_TIME_ALL_MC_BARRIER 1.20847 seconds
1461711774926	<INFO 7fcc3c4c6740> CORE::STREAM_SKIP_BEFORE_TIME_ALL_MC_BARRIER 0.18376 seconds
1461711774929	<INFO 7fcc3c4c6740> CORE::TAKE_CHECKPOINT_BEFORE_TIME_ALL_MC_BARRIER 0 seconds
1461711774933	<INFO 7fcc3c4c6740> CORE::TAKE_CHECKPOINT_COMPLETE_TIME_ALL_MC_BARRIER 0 seconds
1461711774937	<INFO 7fcc3c4c6740> CORE::METADATA_WRITE_COMPLETE_TIME_ALL_MC_BARRIER 0 seconds
1461711774940	<INFO 7fcc3c4c6740> CORE::STREAM_EOF_BEFORE_TIME_ALL_MC_BARRIER 0 seconds
1461711774944	<INFO 7fcc3c4c6740> CORE::STREAM_EOF_AFTER_TIME_ALL_MC_BARRIER 0 seconds
1461711774948	<INFO 7fcc3c4c6740> CORE::STATE_LOAD_TIME_ALL_MC_BARRIER 0 seconds
1461711774952	<INFO 7fcc3c4c6740> CORE::STATE_STORE_TIME_ALL_MC_BARRIER 0 seconds
1461711774956	<INFO 7fcc3c4c6740> CORE::PHASES 7
1461711774959	<INFO 7fcc3c4c6740> CORE::TIME::SETUP 4.34533 seconds
1461711774963	<INFO 7fcc3c4c6740> CORE::TIME::STATE_ITER 81.501 seconds
1461711774966	<INFO 7fcc3c4c6740> CORE::TIME::GATHER 932.55 seconds
1461711774971	<INFO 7fcc3c4c6740> CORE::TIME::SCATTER 324.658 seconds
1461711774974	<INFO 7fcc3c4c6740> CORE::TIME::WALL 1398.63 seconds
1461711774978	<INFO 7fcc3c4c6740> SHUTDOWN
