1461710268241	<INFO 7f1a68caa740> 2016-04-27 00:37:48 STARTUP
1461710268245	<INFO 7f1a68caa740> CORE::GRAPH rmat-28_s8
1461710268249	<INFO 7f1a68caa740> CORE::ALGORITHM pagerank
1461710268253	<INFO 7f1a68caa740> CORE::VERTEX_STRIPING OFF
1461710268257	<INFO 7f1a68caa740> CORE::OPTIMIZED_STATE_LOAD_STORE ON
1461710268260	<INFO 7f1a68caa740> CORE::BINARY_SEARCH_SUPER_PARTITION ON
1461710268264	<INFO 7f1a68caa740> CORE::SUPER_PARTITION_COMPUTED_FOR_EACH_SCATTER_GATHER_PHASE
1461710268268	<INFO 7f1a68caa740> CORE::EDGE_STRIPING ON
1461710268272	<INFO 7f1a68caa740> CORE::BATCH IO ON
1461710268276	<INFO 7f1a68caa740> 2016-04-27 00:37:48 Blocking memory amount 126701535232
1461710375403	<INFO 7f1a68caa740> 2016-04-27 00:39:35 Done blocking memory
1461710375406	<INFO 7f1a68caa740> SG-DRIVER-ORIGINAL
1461710375410	<INFO 7f1a68caa740> 2016-04-27 00:39:35 START read config parameters
1461710375414	<INFO 7f1a68caa740> PARTITIONING::OLD 0
1461710375418	<INFO 7f1a68caa740> PARTITIONING::BALANCED_PARTITIONS 0
1461710375422	<INFO 7f1a68caa740> CORE::CONFIG::PROCESSORS 8
1461710375426	<INFO 7f1a68caa740> CORE::CONFIG::PHYSICAL_MEMORY 2147483648
1461710375430	<INFO 7f1a68caa740> CORE::CONFIG::VERTICES 268435456
1461710375434	<INFO 7f1a68caa740> CORE::CONFIG::VERTEX_SIZE 12
1461710375437	<INFO 7f1a68caa740> CORE::CONFIG::VERTEX_BUFFER 1306428636
1461710375441	<INFO 7f1a68caa740> CORE::CONFIG::EDGES 536870912
1461710375445	<INFO 7f1a68caa740> CORE::CONFIG::PARTITIONS 64
1461710375449	<INFO 7f1a68caa740> CORE::CONFIG::FANOUT 64
1461710375452	<INFO 7f1a68caa740> CORE::CONFIG::SUPER_PARTITIONS 8
1461710375456	<INFO 7f1a68caa740> CORE::CONFIG::TILES 1
1461710375460	<INFO 7f1a68caa740> CORE::CONFIG::BUFFER_SIZE 168209876
1461710375464	<INFO 7f1a68caa740> CORE::CONFIG::MAX_BUFFERS 4
1461710375468	<INFO 7f1a68caa740> CORE::CONFIG::MAX_STREAMS 4
1461710375471	<INFO 7f1a68caa740> CORE::CONFIG::SUM_OF_OUT_DEGREES_FOR_NEW_PARTITIONS::FIRST_CONSTRAINT 0
1461710375475	<INFO 7f1a68caa740> CORE::CONFIG::MAX_EDGES_PER_NEW_PARTITION::SECOND_CONSTRAINT 0
1461710375479	<INFO 7f1a68caa740> SLIPSTREAM::EXT_MEM_SHUFFLE OFF
1461710375483	<INFO 7f1a68caa740> 2016-04-27 00:39:35 END read config parameters
1461710377207	<WARNING 7f1a68caa740> Unable to unlink file (stream.0.0.0):No such file or directory
1461710377211	<WARNING 7f1a68caa740> Unable to unlink file (stream.0.1.0):No such file or directory
1461710377215	<WARNING 7f1a68caa740> Unable to unlink file (stream.0.2.0):No such file or directory
1461710377219	<WARNING 7f1a68caa740> Unable to unlink file (stream.0.3.0):No such file or directory
1461710377223	<WARNING 7f1a68caa740> Unable to unlink file (stream.0.4.0):No such file or directory
1461710377227	<WARNING 7f1a68caa740> Unable to unlink file (stream.0.5.0):No such file or directory
1461710377231	<WARNING 7f1a68caa740> Unable to unlink file (stream.0.6.0):No such file or directory
1461710377235	<WARNING 7f1a68caa740> Unable to unlink file (stream.0.7.0):No such file or directory
1461710377239	<WARNING 7f1a68caa740> Unable to unlink file (stream.1.1.0):No such file or directory
1461710377244	<WARNING 7f1a68caa740> Unable to unlink file (stream.1.2.0):No such file or directory
1461710377249	<WARNING 7f1a68caa740> Unable to unlink file (stream.1.3.0):No such file or directory
1461710377253	<WARNING 7f1a68caa740> Unable to unlink file (stream.1.4.0):No such file or directory
1461710377257	<WARNING 7f1a68caa740> Unable to unlink file (stream.1.5.0):No such file or directory
1461710377261	<WARNING 7f1a68caa740> Unable to unlink file (stream.1.6.0):No such file or directory
1461710377266	<WARNING 7f1a68caa740> Unable to unlink file (stream.1.7.0):No such file or directory
1461710377270	<WARNING 7f1a68caa740> Unable to unlink file (stream.2.0.0):No such file or directory
1461710377274	<WARNING 7f1a68caa740> Unable to unlink file (stream.2.1.0):No such file or directory
1461710377278	<WARNING 7f1a68caa740> Unable to unlink file (stream.2.2.0):No such file or directory
1461710377282	<WARNING 7f1a68caa740> Unable to unlink file (stream.2.3.0):No such file or directory
1461710377286	<WARNING 7f1a68caa740> Unable to unlink file (stream.2.4.0):No such file or directory
1461710377290	<WARNING 7f1a68caa740> Unable to unlink file (stream.2.5.0):No such file or directory
1461710377294	<WARNING 7f1a68caa740> Unable to unlink file (stream.2.6.0):No such file or directory
1461710377298	<WARNING 7f1a68caa740> Unable to unlink file (stream.2.7.0):No such file or directory
1461710377302	<WARNING 7f1a68caa740> Unable to unlink file (stream.3.0.0):No such file or directory
1461710377305	<WARNING 7f1a68caa740> Unable to unlink file (stream.3.1.0):No such file or directory
1461710377309	<WARNING 7f1a68caa740> Unable to unlink file (stream.3.2.0):No such file or directory
1461710377313	<WARNING 7f1a68caa740> Unable to unlink file (stream.3.3.0):No such file or directory
1461710377317	<WARNING 7f1a68caa740> Unable to unlink file (stream.3.4.0):No such file or directory
1461710377320	<WARNING 7f1a68caa740> Unable to unlink file (stream.3.5.0):No such file or directory
1461710377324	<WARNING 7f1a68caa740> Unable to unlink file (stream.3.6.0):No such file or directory
1461710377327	<WARNING 7f1a68caa740> Unable to unlink file (stream.3.7.0):No such file or directory
1461710377331	<INFO 7f1a68caa740> SLIPSTORE::ZMQ_THREADS 2
1461710377334	<INFO 7f1a68caa740> SLIPSTORE::COMM Connecting to tcp://dco-node137-10g:5016
1461710377337	<INFO 7f1a68caa740> SLIPSTORE::COMM Connecting to tcp://dco-node138-10g:5034
1461710377341	<INFO 7f1a68caa740> SLIPSTORE::COMM Connecting to tcp://dco-node139-10g:5052
1461710377344	<INFO 7f1a68caa740> SLIPSTORE::COMM Connecting to tcp://dco-node140-10g:5070
1461710377348	<INFO 7f1a68caa740> SLIPSTORE::COMM Connecting to tcp://dco-node141-10g:5088
1461710377351	<INFO 7f1a68caa740> SLIPSTORE::COMM Connecting to tcp://dco-node142-10g:5106
1461710377354	<INFO 7f1a68caa740> SLIPSTORE::COMM Connecting to tcp://dco-node143-10g:5124
1461710377358	<INFO 7f1a68caa740> SLIPSTORE::COMM Connecting to tcp://dco-node144-10g:5142
1461710377361	<INFO 7f1a68caa740> SLIPSTORE::COMM Listening at tcp://ens1f0:5098
1461710377364	<INFO 7f1a68caa740> SLIPSTORE::COMM Listening at tcp://ens1f0:5099
1461710377367	<INFO 7f1a68caa740> SLIPSTORE::COMM Listening at tcp://ens1f0:5100
1461710377370	<INFO 7f1a68caa740> SLIPSTORE::COMM Listening at tcp://ens1f0:5101
1461710377374	<INFO 7f1a68caa740> SLIPSTORE::COMM Listening at tcp://ens1f0:5102
1461710377378	<INFO 7f1a68caa740> SLIPSTORE::COMM Listening at ipc://client
1461710377382	<INFO 7f1a68caa740> SLIPSTORE::COMM Listening at tcp://ens1f0:5104
1461710377385	<INFO 7f1a68caa740> SLIPSTORE::COMM Listening at tcp://ens1f0:5105
1461710377389	<INFO 7f1a68caa740> SLIPSTORE::COMM Connecting to tcp://dco-node137-10g:5016
1461710377393	<INFO 7f1a68caa740> SLIPSTORE::COMM Connecting to tcp://dco-node138-10g:5034
1461710377396	<INFO 7f1a68caa740> SLIPSTORE::COMM Connecting to tcp://dco-node139-10g:5052
1461710377398	<INFO 7f1a68caa740> SLIPSTORE::COMM Connecting to tcp://dco-node140-10g:5070
1461710377401	<INFO 7f1a68caa740> SLIPSTORE::COMM Connecting to tcp://dco-node141-10g:5088
1461710377404	<INFO 7f1a68caa740> SLIPSTORE::COMM Connecting to tcp://dco-node142-10g:5106
1461710377408	<INFO 7f1a68caa740> SLIPSTORE::COMM Connecting to tcp://dco-node143-10g:5124
1461710377412	<INFO 7f1a68caa740> SLIPSTORE::COMM Connecting to tcp://dco-node144-10g:5142
1461710377415	<INFO 7f1a68caa740> SLIPSTORE::COMM Connecting to tcp://dco-node137-10g:5005
1461710377418	<INFO 7f1a68caa740> SLIPSTORE::COMM Connecting to tcp://dco-node138-10g:5023
1461710377420	<INFO 7f1a68caa740> SLIPSTORE::COMM Connecting to tcp://dco-node139-10g:5041
1461710377423	<INFO 7f1a68caa740> SLIPSTORE::COMM Connecting to tcp://dco-node140-10g:5059
1461710377425	<INFO 7f1a68caa740> SLIPSTORE::COMM Connecting to tcp://dco-node141-10g:5077
1461710377427	<INFO 7f1a68caa740> SLIPSTORE::COMM Connecting to ipc://server
1461710377430	<INFO 7f1a68caa740> SLIPSTORE::COMM Connecting to tcp://dco-node143-10g:5113
1461710377434	<INFO 7f1a68caa740> SLIPSTORE::COMM Connecting to tcp://dco-node144-10g:5131
1461710377438	<INFO 7f1a68caa740> SLIPSTORE::COMM Connecting to tcp://dco-node143-10g:5125
1461710377441	<INFO 7f1a68caa740> SLIPSTORE::COMM Listening at tcp://ens1f0:5107
1461710377444	<INFO 7f1a68caa740> SLIPSTORE::COMM Connecting to tcp://dco-node142-10g:5106
1461710377446	<INFO 7f1a68caa740> SLIPSTORE::HELP_POLICY NONE
1461710377449	<INFO 7f1a68caa740> SLIPSTORE::SERVER ASYNC
1461710377452	<INFO 7f1a68caa740> SLIPSTORE::MACHINES 8
1461710377457	<INFO 7f1a68caa740> SLIPSTORE::ME 5
1461710377460	<INFO 7f1a68caa740> SLIPSTORE::SLIPCHUNK 4194304
1461710377464	<INFO 7f1a68caa740> SLIPSTORE::QUOTA 18446744073709551615
1461710377467	<INFO 7f1a68caa740> SLIPSTORE::IO PAGECACHE
1461710377471	<INFO 7efc4a7f9700> SLIPSTORE::COMM Listening at tcp://ens1f0:5106
1461710377476	<INFO 7efc4a7f9700> SLIPSTORE::COMM Listening at tcp://ens1f0:5090
1461710377479	<INFO 7efc4a7f9700> SLIPSTORE::COMM Connecting to tcp://dco-node137-10g:5013
1461710377483	<INFO 7efc4a7f9700> SLIPSTORE::COMM Listening at tcp://ens1f0:5091
1461710377486	<INFO 7efc4a7f9700> SLIPSTORE::COMM Connecting to tcp://dco-node138-10g:5031
1461710377489	<INFO 7efc4a7f9700> SLIPSTORE::COMM Listening at tcp://ens1f0:5092
1461710377493	<INFO 7efc4a7f9700> SLIPSTORE::COMM Connecting to tcp://dco-node139-10g:5049
1461710377496	<INFO 7efc4a7f9700> SLIPSTORE::COMM Listening at tcp://ens1f0:5093
1461710377499	<INFO 7efc4a7f9700> SLIPSTORE::COMM Connecting to tcp://dco-node140-10g:5067
1461710377502	<INFO 7efc4a7f9700> SLIPSTORE::COMM Listening at tcp://ens1f0:5094
1461710377504	<INFO 7efc4a7f9700> SLIPSTORE::COMM Connecting to tcp://dco-node141-10g:5085
1461710377507	<INFO 7efc4a7f9700> SLIPSTORE::COMM Listening at ipc://server
1461710377510	<INFO 7efc4a7f9700> SLIPSTORE::COMM Connecting to ipc://client
1461710377513	<INFO 7efc4a7f9700> SLIPSTORE::COMM Listening at tcp://ens1f0:5096
1461710377515	<INFO 7efc4a7f9700> SLIPSTORE::COMM Connecting to tcp://dco-node143-10g:5121
1461710377517	<INFO 7efc4a7f9700> SLIPSTORE::COMM Listening at tcp://ens1f0:5097
1461710377520	<INFO 7efc4a7f9700> SLIPSTORE::COMM Connecting to tcp://dco-node144-10g:5139
1461710378241	<INFO 7f1a68caa740> SLIPSTORE::CHECKPOINTS NONE FOUND
1461710378244	<INFO 7f1a68caa740> 2016-04-27 00:39:38 Start edge split
1461710429488	<INFO 7f1a68caa740> 2016-04-27 00:40:29 Completed init
1461710435211	<INFO 7f1a68caa740> 2016-04-27 00:40:35 Started gather
1461710436422	<INFO 7f1a68caa740> 2016-04-27 00:40:36 Completed gather
1461710437432	<INFO 7f1a68caa740> 2016-04-27 00:40:37 Started scatter
1461710467141	<INFO 7f1a68caa740> 2016-04-27 00:41:07 Completed scatter
1461710470126	<INFO 7f1a68caa740> 2016-04-27 00:41:10 Completed phase 1 Bytes read 13643317464 Bytes written 7200866520
1461710479293	<INFO 7f1a68caa740> 2016-04-27 00:41:19 Started gather
1461710479296	<INFO 7f1a68caa740> 2016-04-27 00:41:19 Completed gather
1461710479320	<INFO 7f1a68caa740> 2016-04-27 00:41:19 Started gather
1461710525702	<INFO 7f1a68caa740> 2016-04-27 00:42:05 Completed gather
1461710529125	<INFO 7f1a68caa740> 2016-04-27 00:42:09 Completed phase 2 Bytes read 20844183984 Bytes written 12426391216
1461710542239	<INFO 7f1a68caa740> 2016-04-27 00:42:22 Started gather
1461710574170	<INFO 7f1a68caa740> 2016-04-27 00:42:54 Completed gather
1461710733801	<INFO 7f1a68caa740> 2016-04-27 00:45:33 Started scatter
1461710780023	<INFO 7f1a68caa740> 2016-04-27 00:46:20 Completed scatter
1461710782020	<INFO 7f1a68caa740> 2016-04-27 00:46:22 Completed phase 3 Bytes read 32521847296 Bytes written 17642334864
1461710795779	<INFO 7f1a68caa740> 2016-04-27 00:46:35 Started gather
1461710821613	<INFO 7f1a68caa740> 2016-04-27 00:47:01 Completed gather
1461710985991	<INFO 7f1a68caa740> 2016-04-27 00:49:45 Started scatter
1461711031643	<INFO 7f1a68caa740> 2016-04-27 00:50:31 Completed scatter
1461711034335	<INFO 7f1a68caa740> 2016-04-27 00:50:34 Completed phase 4 Bytes read 44189929560 Bytes written 22794284560
1461711048215	<INFO 7f1a68caa740> 2016-04-27 00:50:48 Started gather
1461711072800	<INFO 7f1a68caa740> 2016-04-27 00:51:12 Completed gather
1461711233070	<INFO 7f1a68caa740> 2016-04-27 00:53:53 Started scatter
1461711277453	<INFO 7f1a68caa740> 2016-04-27 00:54:37 Completed scatter
1461711281050	<INFO 7f1a68caa740> 2016-04-27 00:54:41 Completed phase 5 Bytes read 55794017872 Bytes written 27964720064
1461711294637	<INFO 7f1a68caa740> 2016-04-27 00:54:54 Started gather
1461711320460	<INFO 7f1a68caa740> 2016-04-27 00:55:20 Completed gather
1461711479355	<INFO 7f1a68caa740> 2016-04-27 00:57:59 Started scatter
1461711524250	<INFO 7f1a68caa740> 2016-04-27 00:58:44 Completed scatter
1461711528154	<INFO 7f1a68caa740> 2016-04-27 00:58:48 Completed phase 6 Bytes read 67416591992 Bytes written 33167626744
1461711540743	<INFO 7f1a68caa740> 2016-04-27 00:59:00 Started gather
1461711568039	<INFO 7f1a68caa740> 2016-04-27 00:59:28 Completed gather
1461711719546	<INFO 7f1a68caa740> 2016-04-27 01:01:59 Started scatter
1461711765382	<INFO 7f1a68caa740> 2016-04-27 01:02:45 Completed scatter
1461711768487	<INFO 7f1a68caa740> 2016-04-27 01:02:48 Completed phase 7 Bytes read 79071637288 Bytes written 38327665216
1461711771327	<INFO 7f1a68caa740> CORE::PARTITIONS_PROCESSED 1409
1461711771329	<INFO 7f1a68caa740> CORE::BYTES::EDGES_STREAMED 5243997384
1461711771331	<INFO 7f1a68caa740> CORE::BYTES::UPDATES_OUT 3023704760
1461711771333	<INFO 7f1a68caa740> CORE::BYTES::UPDATES_IN 2037669448
1461711771336	<INFO 7efc3ffff700> CORE::PARTITIONS_PROCESSED 624
1461711771338	<INFO 7efc3ffff700> CORE::BYTES::EDGES_STREAMED 5231121384
1461711771340	<INFO 7efc3ffff700> CORE::BYTES::UPDATES_OUT 2990724576
1461711771342	<INFO 7efc3ffff700> CORE::BYTES::UPDATES_IN 2511915792
1461711771345	<INFO 7efc3f7fe700> CORE::PARTITIONS_PROCESSED 1523
1461711771347	<INFO 7efc3f7fe700> CORE::BYTES::EDGES_STREAMED 4413601860
1461711771349	<INFO 7efc3f7fe700> CORE::BYTES::UPDATES_OUT 2542094152
1461711771351	<INFO 7efc3f7fe700> CORE::BYTES::UPDATES_IN 2138128680
1461711771353	<INFO 7efc497f7700> CORE::PARTITIONS_PROCESSED 508
1461711771356	<INFO 7efc3dffb700> CORE::PARTITIONS_PROCESSED 1118
1461711771358	<INFO 7efc3e7fc700> CORE::PARTITIONS_PROCESSED 1319
1461711771360	<INFO 7efc497f7700> CORE::BYTES::EDGES_STREAMED 4996878264
1461711771362	<INFO 7efc497f7700> CORE::BYTES::UPDATES_OUT 2773578696
1461711771365	<INFO 7efc48ff6700> CORE::PARTITIONS_PROCESSED 625
1461711771367	<INFO 7efc3effd700> CORE::PARTITIONS_PROCESSED 874
1461711771369	<INFO 7efc497f7700> CORE::BYTES::UPDATES_IN 2916462848
1461711771371	<INFO 7efc3dffb700> CORE::BYTES::EDGES_STREAMED 6274969332
1461711771374	<INFO 7efc48ff6700> CORE::BYTES::EDGES_STREAMED 5085678408
1461711771376	<INFO 7efc3dffb700> CORE::BYTES::UPDATES_OUT 3632307488
1461711771378	<INFO 7efc3effd700> CORE::BYTES::EDGES_STREAMED 4503622548
1461711771381	<INFO 7efc3e7fc700> CORE::BYTES::EDGES_STREAMED 6923703048
1461711771383	<INFO 7efc48ff6700> CORE::BYTES::UPDATES_OUT 2890733872
1461711771385	<INFO 7efc3effd700> CORE::BYTES::UPDATES_OUT 2557681536
1461711771387	<INFO 7efc3e7fc700> CORE::BYTES::UPDATES_OUT 3974073336
1461711771390	<INFO 7efc3dffb700> CORE::BYTES::UPDATES_IN 2756604832
1461711771392	<INFO 7efc48ff6700> CORE::BYTES::UPDATES_IN 2531656040
1461711771394	<INFO 7efc3e7fc700> CORE::BYTES::UPDATES_IN 3283077872
1461711771396	<INFO 7efc3effd700> CORE::BYTES::UPDATES_IN 2145689728
1461711773738	<INFO 7efc4a7f9700> SLIPSTORE service is exiting
1461711773741	<INFO 7efc4a7f9700> SLIPSTORE::HELP_OFFERS_RECVD 98
1461711773745	<INFO 7efc4a7f9700> SLIPSTORE::HELP_OFFERS_ACCEPTED 0
1461711773748	<INFO 7efc4a7f9700> SLIPSTORE::HELP_ACCEPTANCE_RATIO 0
1461711773752	<INFO 7efc4a7f9700> SLIPSTORE::SERVER_BUSY_DISK  494.783 seconds
1461711773755	<INFO 7efc4a7f9700> SLIPSTORE::SERVER_BUSY_MEM  0 seconds
1461711773758	<INFO 7efc4a7f9700> SLIPSTORE::SERVER_TOTAL  1396.5 seconds
1461711773762	<INFO 7f1a68caa740> SLIPSTORE::CLIENT::DISK_READ_TIME  386.03 seconds
1461711773765	<INFO 7f1a68caa740> SLIPSTORE::CLIENT::MEM_READ_TIME  0 seconds
1461711773768	<INFO 7f1a68caa740> SLIPSTORE::CLIENT::DISK_BYTES_READ 74678336028
1461711773771	<INFO 7f1a68caa740> SLIPSTORE::CLIENT::MEM_BYTES_READ 0
1461711773774	<INFO 7f1a68caa740> SLIPSTORE::CLIENT::WRITE_TIME  158.756 seconds
1461711773777	<INFO 7f1a68caa740> SLIPSTORE::CLIENT::BYTES_WRITTEN 5241095328
1461711773780	<INFO 7f1a68caa740> SLIPSTORE::CLIENT_BUSY  544.786 seconds
1461711773783	<INFO 7f1a68caa740> SLIPSTORE::IO::TIME 487.2 seconds
1461711773787	<INFO 7f1a68caa740> SLIPSTORE::SNAP::TIME 0 seconds
1461711773790	<INFO 7f1a68caa740> SLIPSTORE::MAX_DISK_USAGE_BYTES 11677663312
1461711775146	<INFO 7f1a68caa740> CORE::RUSAGE::MAX_RSS_KB 125960920
1461711775150	<INFO 7f1a68caa740> CORE::RUSAGE::MINFLT 35914815
1461711775154	<INFO 7f1a68caa740> CORE::RUSAGE::MAJFLT 8
1461711775158	<INFO 7f1a68caa740> CORE::RUSAGE::MAJFLT 8
1461711775162	<INFO 7f1a68caa740> CORE::RUSAGE::INBLK 151258688
1461711775166	<INFO 7f1a68caa740> CORE::RUSAGE::OUBLK 74861456
1461711775169	<INFO 7f1a68caa740> CORE::UTILS::BYTES_READ 79071637288
1461711775173	<INFO 7f1a68caa740> CORE::UTILS::BYTES_WRITTEN 38327665216
1461711775177	<INFO 7f1a68caa740> CORE::UTILS::TILE_COPY_BYTES 5241095328
1461711775180	<INFO 7f1a68caa740> CORE::TIME::IO_WAIT 359.704 seconds
1461711775185	<INFO 7f1a68caa740> CORE::TIME_TILE_COPY 0 seconds
1461711775189	<INFO 7f1a68caa740> CORE::TIME_TILE_MERGE 0 seconds
1461711775192	<INFO 7f1a68caa740> CORE::TIME_PROCESSING_STOLEN 0 seconds
1461711775196	<INFO 7f1a68caa740> CORE::TIME_MERGE_WAIT 0 seconds
1461711775199	<INFO 7f1a68caa740> CORE::OTHER_TIME_ALL_MC_BARRIER 0 seconds
1461711775204	<INFO 7f1a68caa740> CORE::SCATTER_TIME_ALL_MC_BARRIER 14.9984 seconds
1461711775207	<INFO 7f1a68caa740> CORE::GATHER_TIME_ALL_MC_BARRIER 3.0408 seconds
1461711775211	<INFO 7f1a68caa740> CORE::INIT_TIME_ALL_MC_BARRIER 1.32115 seconds
1461711775215	<INFO 7f1a68caa740> CORE::SHUT_DOWN_TIME_ALL_MC_BARRIER 2.40948 seconds
1461711775219	<INFO 7f1a68caa740> CORE::STREAM_SKIP_BEFORE_TIME_ALL_MC_BARRIER 33.3862 seconds
1461711775222	<INFO 7f1a68caa740> CORE::TAKE_CHECKPOINT_BEFORE_TIME_ALL_MC_BARRIER 0 seconds
1461711775226	<INFO 7f1a68caa740> CORE::TAKE_CHECKPOINT_COMPLETE_TIME_ALL_MC_BARRIER 0 seconds
1461711775230	<INFO 7f1a68caa740> CORE::METADATA_WRITE_COMPLETE_TIME_ALL_MC_BARRIER 0 seconds
1461711775234	<INFO 7f1a68caa740> CORE::STREAM_EOF_BEFORE_TIME_ALL_MC_BARRIER 0 seconds
1461711775237	<INFO 7f1a68caa740> CORE::STREAM_EOF_AFTER_TIME_ALL_MC_BARRIER 0 seconds
1461711775241	<INFO 7f1a68caa740> CORE::STATE_LOAD_TIME_ALL_MC_BARRIER 0 seconds
1461711775245	<INFO 7f1a68caa740> CORE::STATE_STORE_TIME_ALL_MC_BARRIER 0 seconds
1461711775249	<INFO 7f1a68caa740> CORE::PHASES 7
1461711775252	<INFO 7f1a68caa740> CORE::TIME::SETUP 6.65596 seconds
1461711775256	<INFO 7f1a68caa740> CORE::TIME::STATE_ITER 48.2986 seconds
1461711775260	<INFO 7f1a68caa740> CORE::TIME::GATHER 965.752 seconds
1461711775264	<INFO 7f1a68caa740> CORE::TIME::SCATTER 324.659 seconds
1461711775268	<INFO 7f1a68caa740> CORE::TIME::WALL 1399.74 seconds
1461711775272	<INFO 7f1a68caa740> SHUTDOWN
