1457419911206	<INFO 7fce704fc740> 2016-03-08 07:51:51 STARTUP
1457419911210	<INFO 7fce704fc740> CORE::GRAPH rmat-29_s8
1457419911214	<INFO 7fce704fc740> CORE::ALGORITHM pagerank
1457419911218	<INFO 7fce704fc740> CORE::VERTEX_STRIPING ON
1457419911222	<INFO 7fce704fc740> 2016-03-08 07:51:51 Blocking memory amount 126701535232
1457420019271	<INFO 7fce704fc740> 2016-03-08 07:53:39 Done blocking memory
1457420019274	<INFO 7fce704fc740> SG-DRIVER-ORIGINAL
1457420019278	<INFO 7fce704fc740> CORE::CONFIG::PROCESSORS 8
1457420019282	<INFO 7fce704fc740> CORE::CONFIG::PHYSICAL_MEMORY 2147483648
1457420019286	<INFO 7fce704fc740> CORE::CONFIG::VERTICES 536870912
1457420019289	<INFO 7fce704fc740> CORE::CONFIG::VERTEX_SIZE 12
1457420019294	<INFO 7fce704fc740> CORE::CONFIG::VERTEX_BUFFER 805306368
1457420019297	<INFO 7fce704fc740> CORE::CONFIG::EDGES 1073741824
1457420019301	<INFO 7fce704fc740> CORE::CONFIG::PARTITIONS 64
1457420019305	<INFO 7fce704fc740> CORE::CONFIG::FANOUT 64
1457420019309	<INFO 7fce704fc740> CORE::CONFIG::SUPER_PARTITIONS 8
1457420019313	<INFO 7fce704fc740> CORE::CONFIG::TILES 1
1457420019316	<INFO 7fce704fc740> CORE::CONFIG::BUFFER_SIZE 268434329
1457420019320	<INFO 7fce704fc740> CORE::CONFIG::MAX_BUFFERS 4
1457420019324	<INFO 7fce704fc740> CORE::CONFIG::MAX_STREAMS 4
1457420019328	<INFO 7fce704fc740> SLIPSTREAM::EXT_MEM_SHUFFLE OFF
1457420021455	<INFO 7fce704fc740> SLIPSTORE::ZMQ_THREADS 2
1457420021459	<INFO 7fce704fc740> SLIPSTORE::COMM Connecting to tcp://dco-node137-10g:5016
1457420021462	<INFO 7fce704fc740> SLIPSTORE::COMM Connecting to tcp://dco-node138-10g:5034
1457420021467	<INFO 7fce704fc740> SLIPSTORE::COMM Connecting to tcp://dco-node139-10g:5052
1457420021471	<INFO 7fce704fc740> SLIPSTORE::COMM Connecting to tcp://dco-node140-10g:5070
1457420021475	<INFO 7fce704fc740> SLIPSTORE::COMM Connecting to tcp://dco-node141-10g:5088
1457420021479	<INFO 7fce704fc740> SLIPSTORE::COMM Connecting to tcp://dco-node142-10g:5106
1457420021483	<INFO 7fce704fc740> SLIPSTORE::COMM Connecting to tcp://dco-node143-10g:5124
1457420021487	<INFO 7fce704fc740> SLIPSTORE::COMM Connecting to tcp://dco-node144-10g:5142
1457420021490	<INFO 7fce704fc740> SLIPSTORE::COMM Listening at tcp://ens1f0:5134
1457420021494	<INFO 7fce704fc740> SLIPSTORE::COMM Listening at tcp://ens1f0:5135
1457420021498	<INFO 7fce704fc740> SLIPSTORE::COMM Listening at tcp://ens1f0:5136
1457420021502	<INFO 7fce704fc740> SLIPSTORE::COMM Listening at tcp://ens1f0:5137
1457420021506	<INFO 7fce704fc740> SLIPSTORE::COMM Listening at tcp://ens1f0:5138
1457420021510	<INFO 7fce704fc740> SLIPSTORE::COMM Listening at tcp://ens1f0:5139
1457420021514	<INFO 7fce704fc740> SLIPSTORE::COMM Listening at tcp://ens1f0:5140
1457420021518	<INFO 7fce704fc740> SLIPSTORE::COMM Listening at ipc://client
1457420021522	<INFO 7fce704fc740> SLIPSTORE::COMM Connecting to tcp://dco-node137-10g:5016
1457420021526	<INFO 7fce704fc740> SLIPSTORE::COMM Connecting to tcp://dco-node138-10g:5034
1457420021529	<INFO 7fce704fc740> SLIPSTORE::COMM Connecting to tcp://dco-node139-10g:5052
1457420021533	<INFO 7fce704fc740> SLIPSTORE::COMM Connecting to tcp://dco-node140-10g:5070
1457420021537	<INFO 7fce704fc740> SLIPSTORE::COMM Connecting to tcp://dco-node141-10g:5088
1457420021541	<INFO 7fce704fc740> SLIPSTORE::COMM Connecting to tcp://dco-node142-10g:5106
1457420021545	<INFO 7fce704fc740> SLIPSTORE::COMM Connecting to tcp://dco-node143-10g:5124
1457420021548	<INFO 7fce704fc740> SLIPSTORE::COMM Connecting to tcp://dco-node144-10g:5142
1457420021552	<INFO 7fce704fc740> SLIPSTORE::COMM Connecting to tcp://dco-node137-10g:5007
1457420021556	<INFO 7fce704fc740> SLIPSTORE::COMM Connecting to tcp://dco-node138-10g:5025
1457420021560	<INFO 7fce704fc740> SLIPSTORE::COMM Connecting to tcp://dco-node139-10g:5043
1457420021564	<INFO 7fce704fc740> SLIPSTORE::COMM Connecting to tcp://dco-node140-10g:5061
1457420021567	<INFO 7fce704fc740> SLIPSTORE::COMM Connecting to tcp://dco-node141-10g:5079
1457420021571	<INFO 7fce704fc740> SLIPSTORE::COMM Connecting to tcp://dco-node142-10g:5097
1457420021574	<INFO 7fce704fc740> SLIPSTORE::COMM Connecting to tcp://dco-node143-10g:5115
1457420021578	<INFO 7fce704fc740> SLIPSTORE::COMM Connecting to ipc://server
1457420021581	<INFO 7fce704fc740> SLIPSTORE::COMM Connecting to tcp://dco-node137-10g:5017
1457420021585	<INFO 7fce704fc740> SLIPSTORE::COMM Listening at tcp://ens1f0:5143
1457420021589	<INFO 7fce704fc740> SLIPSTORE::COMM Connecting to tcp://dco-node144-10g:5142
1457420021592	<INFO 7fce704fc740> SLIPSTORE::HELP_POLICY HEURISTIC_NEW
1457420021595	<INFO 7fce704fc740> SLIPSTORE::SERVER ASYNC
1457420021598	<INFO 7fce704fc740> SLIPSTORE::MACHINES 8
1457420021602	<INFO 7fce704fc740> SLIPSTORE::ME 7
1457420021606	<INFO 7fce704fc740> SLIPSTORE::SLIPCHUNK 4194304
1457420021610	<INFO 7fce704fc740> SLIPSTORE::QUOTA 18446744073709551615
1457420021614	<INFO 7fce704fc740> SLIPSTORE::IO PAGECACHE
1457420021617	<INFO 7fb0523f8700> SLIPSTORE::COMM Listening at tcp://ens1f0:5142
1457420021620	<INFO 7fb0523f8700> SLIPSTORE::COMM Listening at tcp://ens1f0:5126
1457420021624	<INFO 7fb0523f8700> SLIPSTORE::COMM Connecting to tcp://dco-node137-10g:5015
1457420021628	<INFO 7fb0523f8700> SLIPSTORE::COMM Listening at tcp://ens1f0:5127
1457420021632	<INFO 7fb0523f8700> SLIPSTORE::COMM Connecting to tcp://dco-node138-10g:5033
1457420021635	<INFO 7fb0523f8700> SLIPSTORE::COMM Listening at tcp://ens1f0:5128
1457420021638	<INFO 7fb0523f8700> SLIPSTORE::COMM Connecting to tcp://dco-node139-10g:5051
1457420021642	<INFO 7fb0523f8700> SLIPSTORE::COMM Listening at tcp://ens1f0:5129
1457420021646	<INFO 7fb0523f8700> SLIPSTORE::COMM Connecting to tcp://dco-node140-10g:5069
1457420021649	<INFO 7fb0523f8700> SLIPSTORE::COMM Listening at tcp://ens1f0:5130
1457420021653	<INFO 7fb0523f8700> SLIPSTORE::COMM Connecting to tcp://dco-node141-10g:5087
1457420021657	<INFO 7fb0523f8700> SLIPSTORE::COMM Listening at tcp://ens1f0:5131
1457420021661	<INFO 7fb0523f8700> SLIPSTORE::COMM Connecting to tcp://dco-node142-10g:5105
1457420021663	<INFO 7fb0523f8700> SLIPSTORE::COMM Listening at tcp://ens1f0:5132
1457420021666	<INFO 7fb0523f8700> SLIPSTORE::COMM Connecting to tcp://dco-node143-10g:5123
1457420021669	<INFO 7fb0523f8700> SLIPSTORE::COMM Listening at ipc://server
1457420021673	<INFO 7fb0523f8700> SLIPSTORE::COMM Connecting to ipc://client
1457420021676	<INFO 7fce704fc740> SLIPSTORE::CHECKPOINTS NONE FOUND
1457420183986	<INFO 7fce704fc740> 2016-03-08 07:56:23 Completed init
1457420186759	<INFO 7fce704fc740> 2016-03-08 07:56:26 Started gather
1457420192132	<INFO 7fce704fc740> 2016-03-08 07:56:32 Completed gather
1457420192412	<INFO 7fce704fc740> 2016-03-08 07:56:32 Started scatter
1457420207299	<INFO 7fce704fc740> 2016-03-08 07:56:47 Completed scatter
1457420207459	<INFO 7fce704fc740> 2016-03-08 07:56:47 Started helping 0
1457420275907	<INFO 7fce704fc740> 2016-03-08 07:57:55 Completed helping 0
1457420276141	<INFO 7fce704fc740> 2016-03-08 07:57:56 Completed phase 1 Bytes read 27904446816 Bytes written 14516228448
1457420281727	<INFO 7fce704fc740> 2016-03-08 07:58:01 Started gather
1457420287309	<INFO 7fce704fc740> 2016-03-08 07:58:07 Completed gather
1457420287388	<INFO 7fce704fc740> 2016-03-08 07:58:07 Started gather
1457420339400	<INFO 7fce704fc740> 2016-03-08 07:58:59 Completed gather
1457420339502	<INFO 7fce704fc740> 2016-03-08 07:58:59 Started helping 0
1457420468891	<INFO 7fce704fc740> 2016-03-08 08:01:08 Completed helping 0
1457420471808	<INFO 7fce704fc740> 2016-03-08 08:01:11 Completed phase 2 Bytes read 43628634816 Bytes written 25651737384
1457420484489	<INFO 7fce704fc740> 2016-03-08 08:01:24 Started gather
1457420518916	<INFO 7fce704fc740> 2016-03-08 08:01:58 Completed gather
1457420519050	<INFO 7fce704fc740> 2016-03-08 08:01:59 Started helping 0
1457420560997	<INFO 7fce704fc740> 2016-03-08 08:02:40 Completed helping 0
1457420571830	<INFO 7fce704fc740> 2016-03-08 08:02:51 Started scatter
1457420607575	<INFO 7fce704fc740> 2016-03-08 08:03:27 Completed scatter
1457420608659	<INFO 7fce704fc740> 2016-03-08 08:03:28 Started helping 0
1457420740356	<INFO 7fce704fc740> 2016-03-08 08:05:40 Completed helping 0
1457420741258	<INFO 7fce704fc740> 2016-03-08 08:05:41 Completed phase 3 Bytes read 68575729128 Bytes written 35635709520
1457420756099	<INFO 7fce704fc740> 2016-03-08 08:05:56 Started gather
1457420789763	<INFO 7fce704fc740> 2016-03-08 08:06:29 Completed gather
1457420789814	<INFO 7fce704fc740> 2016-03-08 08:06:29 Started helping 0
1457420833028	<INFO 7fce704fc740> 2016-03-08 08:07:13 Completed helping 0
1457420843856	<INFO 7fce704fc740> 2016-03-08 08:07:23 Started scatter
1457420878609	<INFO 7fce704fc740> 2016-03-08 08:07:58 Completed scatter
1457420879973	<INFO 7fce704fc740> 2016-03-08 08:07:59 Started helping 0
1457421015459	<INFO 7fce704fc740> 2016-03-08 08:10:15 Completed helping 0
1457421016091	<INFO 7fce704fc740> 2016-03-08 08:10:16 Completed phase 4 Bytes read 93377919600 Bytes written 45816162400
1457421028787	<INFO 7fce704fc740> 2016-03-08 08:10:28 Started gather
1457421061163	<INFO 7fce704fc740> 2016-03-08 08:11:01 Completed gather
1457421061284	<INFO 7fce704fc740> 2016-03-08 08:11:01 Started helping 0
1457421107420	<INFO 7fce704fc740> 2016-03-08 08:11:47 Completed helping 0
1457421118054	<INFO 7fce704fc740> 2016-03-08 08:11:58 Started scatter
1457421152696	<INFO 7fce704fc740> 2016-03-08 08:12:32 Completed scatter
1457421153156	<INFO 7fce704fc740> 2016-03-08 08:12:33 Started helping 0
1457421283598	<INFO 7fce704fc740> 2016-03-08 08:14:43 Completed helping 0
1457421284575	<INFO 7fce704fc740> 2016-03-08 08:14:44 Completed phase 5 Bytes read 118376590816 Bytes written 55832584424
1457421299519	<INFO 7fce704fc740> 2016-03-08 08:14:59 Started gather
1457421332836	<INFO 7fce704fc740> 2016-03-08 08:15:32 Completed gather
1457421332987	<INFO 7fce704fc740> 2016-03-08 08:15:32 Started helping 0
1457421377078	<INFO 7fce704fc740> 2016-03-08 08:16:17 Completed helping 0
1457421387653	<INFO 7fce704fc740> 2016-03-08 08:16:27 Started scatter
1457421426583	<INFO 7fce704fc740> 2016-03-08 08:17:06 Completed scatter
1457421427821	<INFO 7fce704fc740> 2016-03-08 08:17:07 Started helping 0
1457421560087	<INFO 7fce704fc740> 2016-03-08 08:19:20 Completed helping 0
1457421561292	<INFO 7fce704fc740> 2016-03-08 08:19:21 Completed phase 6 Bytes read 143110567880 Bytes written 65768991096
1457421576934	<INFO 7fce704fc740> 2016-03-08 08:19:36 Started gather
1457421610604	<INFO 7fce704fc740> 2016-03-08 08:20:10 Completed gather
1457421610624	<INFO 7fce704fc740> 2016-03-08 08:20:10 Started helping 0
1457421656760	<INFO 7fce704fc740> 2016-03-08 08:20:56 Completed helping 0
1457421667332	<INFO 7fce704fc740> 2016-03-08 08:21:07 Started scatter
1457421702759	<INFO 7fce704fc740> 2016-03-08 08:21:42 Completed scatter
1457421703306	<INFO 7fce704fc740> 2016-03-08 08:21:43 Started helping 0
1457421839320	<INFO 7fce704fc740> 2016-03-08 08:23:59 Completed helping 0
1457421840524	<INFO 7fce704fc740> 2016-03-08 08:24:00 Completed phase 7 Bytes read 167865192888 Bytes written 75882509104
1457421840527	<INFO 7fce704fc740> CORE::PARTITIONS_PROCESSED 387
1457421840529	<INFO 7fce704fc740> CORE::BYTES::EDGES_STREAMED 7935338580
1457421840532	<INFO 7fce704fc740> CORE::BYTES::UPDATES_OUT 4592512720
1457421840534	<INFO 7fce704fc740> CORE::BYTES::UPDATES_IN 3229945824
1457421840536	<INFO 7fb050bf5700> CORE::PARTITIONS_PROCESSED 884
1457421840539	<INFO 7fb050bf5700> CORE::BYTES::EDGES_STREAMED 7932555468
1457421840541	<INFO 7fb050bf5700> CORE::BYTES::UPDATES_OUT 4427718696
1457421840543	<INFO 7fb050bf5700> CORE::BYTES::UPDATES_IN 3371355888
1457421840546	<INFO 7fb046ffd700> CORE::PARTITIONS_PROCESSED 1058
1457421840548	<INFO 7fb0467fc700> CORE::PARTITIONS_PROCESSED 1059
1457421840550	<INFO 7fb047fff700> CORE::PARTITIONS_PROCESSED 1150
1457421840553	<INFO 7fb0477fe700> CORE::PARTITIONS_PROCESSED 818
1457421840555	<INFO 7fb045ffb700> CORE::PARTITIONS_PROCESSED 1270
1457421840557	<INFO 7fb047fff700> CORE::BYTES::EDGES_STREAMED 9353793444
1457421840559	<INFO 7fb046ffd700> CORE::BYTES::EDGES_STREAMED 9532880568
1457421840562	<INFO 7fb0513f6700> CORE::PARTITIONS_PROCESSED 862
1457421840564	<INFO 7fb0477fe700> CORE::BYTES::EDGES_STREAMED 9134849124
1457421840567	<INFO 7fb0467fc700> CORE::BYTES::EDGES_STREAMED 9251545824
1457421840569	<INFO 7fb0513f6700> CORE::BYTES::EDGES_STREAMED 8530136328
1457421840571	<INFO 7fb045ffb700> CORE::BYTES::EDGES_STREAMED 15016655808
1457421840574	<INFO 7fb0467fc700> CORE::BYTES::UPDATES_OUT 5227815080
1457421840576	<INFO 7fb0513f6700> CORE::BYTES::UPDATES_OUT 4895420440
1457421840578	<INFO 7fb0467fc700> CORE::BYTES::UPDATES_IN 4426599264
1457421840581	<INFO 7fb045ffb700> CORE::BYTES::UPDATES_OUT 8728606776
1457421840583	<INFO 7fb046ffd700> CORE::BYTES::UPDATES_OUT 5207632440
1457421840585	<INFO 7fb0477fe700> CORE::BYTES::UPDATES_OUT 5233651448
1457421840589	<INFO 7fb047fff700> CORE::BYTES::UPDATES_OUT 5327193184
1457421840591	<INFO 7fb0513f6700> CORE::BYTES::UPDATES_IN 3354357152
1457421840593	<INFO 7fb046ffd700> CORE::BYTES::UPDATES_IN 3789954888
1457421840596	<INFO 7fb045ffb700> CORE::BYTES::UPDATES_IN 4806623672
1457421840598	<INFO 7fb047fff700> CORE::BYTES::UPDATES_IN 3223117512
1457421840601	<INFO 7fb0477fe700> CORE::BYTES::UPDATES_IN 3590967960
1457421840603	<INFO 7fb0523f8700> SLIPSTORE service is exiting
1457421840605	<INFO 7fb0523f8700> SLIPSTORE::HELP_OFFERS_RECVD 98
1457421840608	<INFO 7fb0523f8700> SLIPSTORE::HELP_OFFERS_ACCEPTED 0
1457421840610	<INFO 7fb0523f8700> SLIPSTORE::HELP_ACCEPTANCE_RATIO 0
1457421840612	<INFO 7fb0523f8700> SLIPSTORE::SERVER_BUSY_DISK  1466.91 seconds
1457421840615	<INFO 7fb0523f8700> SLIPSTORE::SERVER_BUSY_MEM  2.92403 seconds
1457421840617	<INFO 7fb0523f8700> SLIPSTORE::SERVER_TOTAL  1819.04 seconds
1457421840620	<INFO 7fce704fc740> SLIPSTORE::CLIENT::DISK_READ_TIME  1251.27 seconds
1457421840622	<INFO 7fce704fc740> SLIPSTORE::CLIENT::MEM_READ_TIME  0 seconds
1457421840625	<INFO 7fce704fc740> SLIPSTORE::CLIENT::DISK_BYTES_READ 145558994980
1457421840627	<INFO 7fce704fc740> SLIPSTORE::CLIENT::MEM_BYTES_READ 0
1457421840630	<INFO 7fce704fc740> SLIPSTORE::CLIENT::WRITE_TIME  475.026 seconds
1457421840632	<INFO 7fce704fc740> SLIPSTORE::CLIENT::BYTES_WRITTEN 12079595520
1457421840634	<INFO 7fce704fc740> SLIPSTORE::CLIENT_BUSY  1726.29 seconds
1457421840637	<INFO 7fce704fc740> SLIPSTORE::IO::TIME 1260.99 seconds
1457421840639	<INFO 7fce704fc740> SLIPSTORE::SNAP::TIME 0 seconds
1457421840642	<INFO 7fce704fc740> SLIPSTORE::MAX_DISK_USAGE_BYTES 22430511912
1457421841959	<INFO 7fce704fc740> CORE::RUSAGE::MAX_RSS_KB 125951088
1457421841961	<INFO 7fce704fc740> CORE::RUSAGE::MINFLT 37010906
1457421841964	<INFO 7fce704fc740> CORE::RUSAGE::MAJFLT 6
1457421841967	<INFO 7fce704fc740> CORE::RUSAGE::MAJFLT 6
1457421841969	<INFO 7fce704fc740> CORE::RUSAGE::INBLK 289868184
1457421841972	<INFO 7fce704fc740> CORE::RUSAGE::OUBLK 148214440
1457421841975	<INFO 7fce704fc740> CORE::UTILS::BYTES_READ 167865192888
1457421841977	<INFO 7fce704fc740> CORE::UTILS::BYTES_WRITTEN 75882509104
1457421841979	<INFO 7fce704fc740> CORE::UTILS::TILE_COPY_BYTES 25769803776
1457421841982	<INFO 7fce704fc740> CORE::TIME::IO_WAIT 1597.73 seconds
1457421841985	<INFO 7fce704fc740> CORE::TIME_TILE_COPY 316.792 seconds
1457421841989	<INFO 7fce704fc740> CORE::TIME_TILE_MERGE 0 seconds
1457421841991	<INFO 7fce704fc740> CORE::TIME_PROCESSING_STOLEN 737.434 seconds
1457421841994	<INFO 7fce704fc740> CORE::TIME_MERGE_WAIT 30.901 seconds
1457421841997	<INFO 7fce704fc740> CORE::TIME_ALL_MC_BARRIER 7.27008 seconds
1457421841999	<INFO 7fce704fc740> CORE::PHASES 7
1457421842003	<INFO 7fce704fc740> CORE::TIME::SETUP 3.82075 seconds
1457421842006	<INFO 7fce704fc740> CORE::TIME::WALL 1822.69 seconds
1457421842009	<INFO 7fce704fc740> SHUTDOWN
