1457419911209	<INFO 7fb4873d8740> 2016-03-08 07:51:51 STARTUP
1457419911212	<INFO 7fb4873d8740> CORE::GRAPH rmat-29_s8
1457419911216	<INFO 7fb4873d8740> CORE::ALGORITHM pagerank
1457419911220	<INFO 7fb4873d8740> CORE::VERTEX_STRIPING ON
1457419911224	<INFO 7fb4873d8740> 2016-03-08 07:51:51 Blocking memory amount 126701535232
1457420019115	<INFO 7fb4873d8740> 2016-03-08 07:53:39 Done blocking memory
1457420019119	<INFO 7fb4873d8740> SG-DRIVER-ORIGINAL
1457420019122	<INFO 7fb4873d8740> CORE::CONFIG::PROCESSORS 8
1457420019126	<INFO 7fb4873d8740> CORE::CONFIG::PHYSICAL_MEMORY 2147483648
1457420019130	<INFO 7fb4873d8740> CORE::CONFIG::VERTICES 536870912
1457420019134	<INFO 7fb4873d8740> CORE::CONFIG::VERTEX_SIZE 12
1457420019138	<INFO 7fb4873d8740> CORE::CONFIG::VERTEX_BUFFER 805306368
1457420019142	<INFO 7fb4873d8740> CORE::CONFIG::EDGES 1073741824
1457420019146	<INFO 7fb4873d8740> CORE::CONFIG::PARTITIONS 64
1457420019150	<INFO 7fb4873d8740> CORE::CONFIG::FANOUT 64
1457420019154	<INFO 7fb4873d8740> CORE::CONFIG::SUPER_PARTITIONS 8
1457420019157	<INFO 7fb4873d8740> CORE::CONFIG::TILES 1
1457420019162	<INFO 7fb4873d8740> CORE::CONFIG::BUFFER_SIZE 268434329
1457420019165	<INFO 7fb4873d8740> CORE::CONFIG::MAX_BUFFERS 4
1457420019169	<INFO 7fb4873d8740> CORE::CONFIG::MAX_STREAMS 4
1457420019173	<INFO 7fb4873d8740> SLIPSTREAM::EXT_MEM_SHUFFLE OFF
1457420021232	<INFO 7fb4873d8740> SLIPSTORE::ZMQ_THREADS 2
1457420021236	<INFO 7fb4873d8740> SLIPSTORE::COMM Connecting to tcp://dco-node137-10g:5016
1457420021240	<INFO 7fb4873d8740> SLIPSTORE::COMM Connecting to tcp://dco-node138-10g:5034
1457420021244	<INFO 7fb4873d8740> SLIPSTORE::COMM Connecting to tcp://dco-node139-10g:5052
1457420021248	<INFO 7fb4873d8740> SLIPSTORE::COMM Connecting to tcp://dco-node140-10g:5070
1457420021252	<INFO 7fb4873d8740> SLIPSTORE::COMM Connecting to tcp://dco-node141-10g:5088
1457420021257	<INFO 7fb4873d8740> SLIPSTORE::COMM Connecting to tcp://dco-node142-10g:5106
1457420021262	<INFO 7fb4873d8740> SLIPSTORE::COMM Connecting to tcp://dco-node143-10g:5124
1457420021266	<INFO 7fb4873d8740> SLIPSTORE::COMM Connecting to tcp://dco-node144-10g:5142
1457420021270	<INFO 7fb4873d8740> SLIPSTORE::COMM Listening at tcp://ens1f0:5044
1457420021274	<INFO 7fb4873d8740> SLIPSTORE::COMM Listening at tcp://ens1f0:5045
1457420021278	<INFO 7fb4873d8740> SLIPSTORE::COMM Listening at ipc://client
1457420021282	<INFO 7fb4873d8740> SLIPSTORE::COMM Listening at tcp://ens1f0:5047
1457420021287	<INFO 7fb4873d8740> SLIPSTORE::COMM Listening at tcp://ens1f0:5048
1457420021291	<INFO 7fb4873d8740> SLIPSTORE::COMM Listening at tcp://ens1f0:5049
1457420021295	<INFO 7fb4873d8740> SLIPSTORE::COMM Listening at tcp://ens1f0:5050
1457420021299	<INFO 7fb4873d8740> SLIPSTORE::COMM Listening at tcp://ens1f0:5051
1457420021303	<INFO 7fb4873d8740> SLIPSTORE::COMM Connecting to tcp://dco-node137-10g:5016
1457420021307	<INFO 7fb4873d8740> SLIPSTORE::COMM Connecting to tcp://dco-node138-10g:5034
1457420021311	<INFO 7fb4873d8740> SLIPSTORE::COMM Connecting to tcp://dco-node139-10g:5052
1457420021314	<INFO 7fb4873d8740> SLIPSTORE::COMM Connecting to tcp://dco-node140-10g:5070
1457420021319	<INFO 7fb4873d8740> SLIPSTORE::COMM Connecting to tcp://dco-node141-10g:5088
1457420021322	<INFO 7fb4873d8740> SLIPSTORE::COMM Connecting to tcp://dco-node142-10g:5106
1457420021326	<INFO 7fb4873d8740> SLIPSTORE::COMM Connecting to tcp://dco-node143-10g:5124
1457420021330	<INFO 7fb4873d8740> SLIPSTORE::COMM Connecting to tcp://dco-node144-10g:5142
1457420021334	<INFO 7fb4873d8740> SLIPSTORE::COMM Connecting to tcp://dco-node137-10g:5002
1457420021337	<INFO 7fb4873d8740> SLIPSTORE::COMM Connecting to tcp://dco-node138-10g:5020
1457420021341	<INFO 7fb4873d8740> SLIPSTORE::COMM Connecting to ipc://server
1457420021345	<INFO 7fb4873d8740> SLIPSTORE::COMM Connecting to tcp://dco-node140-10g:5056
1457420021348	<INFO 7fb4873d8740> SLIPSTORE::COMM Connecting to tcp://dco-node141-10g:5074
1457420021351	<INFO 7fb4873d8740> SLIPSTORE::COMM Connecting to tcp://dco-node142-10g:5092
1457420021356	<INFO 7fb4873d8740> SLIPSTORE::COMM Connecting to tcp://dco-node143-10g:5110
1457420021359	<INFO 7fb4873d8740> SLIPSTORE::COMM Connecting to tcp://dco-node144-10g:5128
1457420021363	<INFO 7fb4873d8740> SLIPSTORE::COMM Connecting to tcp://dco-node140-10g:5071
1457420021366	<INFO 7fb4873d8740> SLIPSTORE::COMM Listening at tcp://ens1f0:5053
1457420021370	<INFO 7fb4873d8740> SLIPSTORE::COMM Connecting to tcp://dco-node139-10g:5052
1457420021374	<INFO 7fb4873d8740> SLIPSTORE::HELP_POLICY HEURISTIC_NEW
1457420021378	<INFO 7fb4873d8740> SLIPSTORE::SERVER ASYNC
1457420021381	<INFO 7fb4873d8740> SLIPSTORE::MACHINES 8
1457420021384	<INFO 7fb4873d8740> SLIPSTORE::ME 2
1457420021387	<INFO 7fb4873d8740> SLIPSTORE::SLIPCHUNK 4194304
1457420021391	<INFO 7fb4873d8740> SLIPSTORE::QUOTA 18446744073709551615
1457420021394	<INFO 7fb4873d8740> SLIPSTORE::IO PAGECACHE
1457420021398	<INFO 7f96713f5700> SLIPSTORE::COMM Listening at tcp://ens1f0:5052
1457420021402	<INFO 7f96713f5700> SLIPSTORE::COMM Listening at tcp://ens1f0:5036
1457420021404	<INFO 7f96713f5700> SLIPSTORE::COMM Connecting to tcp://dco-node137-10g:5010
1457420021407	<INFO 7f96713f5700> SLIPSTORE::COMM Listening at tcp://ens1f0:5037
1457420021411	<INFO 7f96713f5700> SLIPSTORE::COMM Connecting to tcp://dco-node138-10g:5028
1457420021415	<INFO 7f96713f5700> SLIPSTORE::COMM Listening at ipc://server
1457420021419	<INFO 7f96713f5700> SLIPSTORE::COMM Connecting to ipc://client
1457420021422	<INFO 7f96713f5700> SLIPSTORE::COMM Listening at tcp://ens1f0:5039
1457420021426	<INFO 7f96713f5700> SLIPSTORE::COMM Connecting to tcp://dco-node140-10g:5064
1457420021428	<INFO 7f96713f5700> SLIPSTORE::COMM Listening at tcp://ens1f0:5040
1457420021432	<INFO 7f96713f5700> SLIPSTORE::COMM Connecting to tcp://dco-node141-10g:5082
1457420021435	<INFO 7f96713f5700> SLIPSTORE::COMM Listening at tcp://ens1f0:5041
1457420021439	<INFO 7f96713f5700> SLIPSTORE::COMM Connecting to tcp://dco-node142-10g:5100
1457420021443	<INFO 7f96713f5700> SLIPSTORE::COMM Listening at tcp://ens1f0:5042
1457420021446	<INFO 7f96713f5700> SLIPSTORE::COMM Connecting to tcp://dco-node143-10g:5118
1457420021450	<INFO 7f96713f5700> SLIPSTORE::COMM Listening at tcp://ens1f0:5043
1457420021453	<INFO 7f96713f5700> SLIPSTORE::COMM Connecting to tcp://dco-node144-10g:5136
1457420021661	<INFO 7fb4873d8740> SLIPSTORE::CHECKPOINTS NONE FOUND
1457420183986	<INFO 7fb4873d8740> 2016-03-08 07:56:23 Completed init
1457420186759	<INFO 7fb4873d8740> 2016-03-08 07:56:26 Started gather
1457420192195	<INFO 7fb4873d8740> 2016-03-08 07:56:32 Completed gather
1457420192413	<INFO 7fb4873d8740> 2016-03-08 07:56:32 Started scatter
1457420272158	<INFO 7fb4873d8740> 2016-03-08 07:57:52 Completed scatter
1457420276141	<INFO 7fb4873d8740> 2016-03-08 07:57:56 Completed phase 1 Bytes read 28010358912 Bytes written 14622140544
1457420281727	<INFO 7fb4873d8740> 2016-03-08 07:58:01 Started gather
1457420287201	<INFO 7fb4873d8740> 2016-03-08 07:58:07 Completed gather
1457420287389	<INFO 7fb4873d8740> 2016-03-08 07:58:07 Started gather
1457420461172	<INFO 7fb4873d8740> 2016-03-08 08:01:01 Completed gather
1457420471809	<INFO 7fb4873d8740> 2016-03-08 08:01:11 Completed phase 2 Bytes read 43840459008 Bytes written 25487144592
1457420484489	<INFO 7fb4873d8740> 2016-03-08 08:01:24 Started gather
1457420546702	<INFO 7fb4873d8740> 2016-03-08 08:02:26 Completed gather
1457420571831	<INFO 7fb4873d8740> 2016-03-08 08:02:51 Started scatter
1457420723904	<INFO 7fb4873d8740> 2016-03-08 08:05:23 Completed scatter
1457420724387	<INFO 7fb4873d8740> 2016-03-08 08:05:24 Started helping 0
1457420741237	<INFO 7fb4873d8740> 2016-03-08 08:05:41 Completed helping 0
1457420741259	<INFO 7fb4873d8740> 2016-03-08 08:05:41 Completed phase 3 Bytes read 68622960528 Bytes written 35595088824
1457420756100	<INFO 7fb4873d8740> 2016-03-08 08:05:56 Started gather
1457420810575	<INFO 7fb4873d8740> 2016-03-08 08:06:50 Completed gather
1457420843857	<INFO 7fb4873d8740> 2016-03-08 08:07:23 Started scatter
1457421000346	<INFO 7fb4873d8740> 2016-03-08 08:10:00 Completed scatter
1457421001938	<INFO 7fb4873d8740> 2016-03-08 08:10:01 Started helping 0
1457421016069	<INFO 7fb4873d8740> 2016-03-08 08:10:16 Completed helping 0
1457421016093	<INFO 7fb4873d8740> 2016-03-08 08:10:16 Completed phase 4 Bytes read 93655035192 Bytes written 45921350760
1457421028789	<INFO 7fb4873d8740> 2016-03-08 08:10:28 Started gather
1457421089267	<INFO 7fb4873d8740> 2016-03-08 08:11:29 Completed gather
1457421118056	<INFO 7fb4873d8740> 2016-03-08 08:11:58 Started scatter
1457421273309	<INFO 7fb4873d8740> 2016-03-08 08:14:33 Completed scatter
1457421273670	<INFO 7fb4873d8740> 2016-03-08 08:14:33 Started helping 0
1457421284553	<INFO 7fb4873d8740> 2016-03-08 08:14:44 Completed helping 0
1457421284577	<INFO 7fb4873d8740> 2016-03-08 08:14:44 Completed phase 5 Bytes read 118905427560 Bytes written 55913374128
1457421299521	<INFO 7fb4873d8740> 2016-03-08 08:14:59 Started gather
1457421362390	<INFO 7fb4873d8740> 2016-03-08 08:16:02 Completed gather
1457421387651	<INFO 7fb4873d8740> 2016-03-08 08:16:27 Started scatter
1457421542173	<INFO 7fb4873d8740> 2016-03-08 08:19:02 Completed scatter
1457421542319	<INFO 7fb4873d8740> 2016-03-08 08:19:02 Started helping 0
1457421561193	<INFO 7fb4873d8740> 2016-03-08 08:19:21 Completed helping 0
1457421561290	<INFO 7fb4873d8740> 2016-03-08 08:19:21 Completed phase 6 Bytes read 143720918064 Bytes written 66090231720
1457421576932	<INFO 7fb4873d8740> 2016-03-08 08:19:36 Started gather
1457421630163	<INFO 7fb4873d8740> 2016-03-08 08:20:30 Completed gather
1457421667330	<INFO 7fb4873d8740> 2016-03-08 08:21:07 Started scatter
1457421824774	<INFO 7fb4873d8740> 2016-03-08 08:23:44 Completed scatter
1457421824964	<INFO 7fb4873d8740> 2016-03-08 08:23:44 Started helping 0
1457421840286	<INFO 7fb4873d8740> 2016-03-08 08:24:00 Completed helping 0
1457421840522	<INFO 7fb4873d8740> 2016-03-08 08:24:00 Completed phase 7 Bytes read 168821906088 Bytes written 76500172192
1457421840524	<INFO 7fb4873d8740> CORE::PARTITIONS_PROCESSED 615
1457421840527	<INFO 7fb4873d8740> CORE::BYTES::EDGES_STREAMED 9704116584
1457421840529	<INFO 7fb4873d8740> CORE::BYTES::UPDATES_OUT 5566197352
1457421840532	<INFO 7fb4873d8740> CORE::BYTES::UPDATES_IN 4971086904
1457421840535	<INFO 7f965cff9700> CORE::PARTITIONS_PROCESSED 2008
1457421840537	<INFO 7f965e7fc700> CORE::PARTITIONS_PROCESSED 1296
1457421840539	<INFO 7f965ffff700> CORE::PARTITIONS_PROCESSED 1366
1457421840542	<INFO 7f965f7fe700> CORE::PARTITIONS_PROCESSED 1388
1457421840545	<INFO 7f965ffff700> CORE::BYTES::EDGES_STREAMED 10718626356
1457421840547	<INFO 7f965dffb700> CORE::PARTITIONS_PROCESSED 1679
1457421840549	<INFO 7f965d7fa700> CORE::PARTITIONS_PROCESSED 1672
1457421840552	<INFO 7f965e7fc700> CORE::BYTES::EDGES_STREAMED 11890125432
1457421840554	<INFO 7f965effd700> CORE::PARTITIONS_PROCESSED 1816
1457421840556	<INFO 7f965cff9700> CORE::BYTES::EDGES_STREAMED 21627950880
1457421840558	<INFO 7f965dffb700> CORE::BYTES::EDGES_STREAMED 11479232208
1457421840561	<INFO 7f965d7fa700> CORE::BYTES::EDGES_STREAMED 11559935112
1457421840563	<INFO 7f965e7fc700> CORE::BYTES::UPDATES_OUT 6789507552
1457421840566	<INFO 7f965f7fe700> CORE::BYTES::EDGES_STREAMED 10587933612
1457421840568	<INFO 7f965dffb700> CORE::BYTES::UPDATES_OUT 6451689304
1457421840571	<INFO 7f965effd700> CORE::BYTES::EDGES_STREAMED 12457938756
1457421840573	<INFO 7f965ffff700> CORE::BYTES::UPDATES_OUT 6036141056
1457421840575	<INFO 7f965cff9700> CORE::BYTES::UPDATES_OUT 12620322440
1457421840578	<INFO 7f965dffb700> CORE::BYTES::UPDATES_IN 6111647888
1457421840580	<INFO 7f965f7fe700> CORE::BYTES::UPDATES_OUT 6075734592
1457421840583	<INFO 7f965ffff700> CORE::BYTES::UPDATES_IN 5322020032
1457421840585	<INFO 7f965d7fa700> CORE::BYTES::UPDATES_OUT 6515056216
1457421840587	<INFO 7f965e7fc700> CORE::BYTES::UPDATES_IN 5419841824
1457421840590	<INFO 7f965f7fe700> CORE::BYTES::UPDATES_IN 5307055224
1457421840592	<INFO 7f965d7fa700> CORE::BYTES::UPDATES_IN 7208540448
1457421840595	<INFO 7f965effd700> CORE::BYTES::UPDATES_OUT 7102985168
1457421840597	<INFO 7f965cff9700> CORE::BYTES::UPDATES_IN 7674137208
1457421840599	<INFO 7f965effd700> CORE::BYTES::UPDATES_IN 5616700512
1457421840602	<INFO 7f96713f5700> SLIPSTORE service is exiting
1457421840604	<INFO 7f96713f5700> SLIPSTORE::HELP_OFFERS_RECVD 98
1457421840606	<INFO 7f96713f5700> SLIPSTORE::HELP_OFFERS_ACCEPTED 0
1457421840609	<INFO 7f96713f5700> SLIPSTORE::HELP_ACCEPTANCE_RATIO 0
1457421840611	<INFO 7f96713f5700> SLIPSTORE::SERVER_BUSY_DISK  1483.46 seconds
1457421840613	<INFO 7f96713f5700> SLIPSTORE::SERVER_BUSY_MEM  0 seconds
1457421840615	<INFO 7f96713f5700> SLIPSTORE::SERVER_TOTAL  1819.26 seconds
1457421840618	<INFO 7fb4873d8740> SLIPSTORE::CLIENT::DISK_READ_TIME  1107.75 seconds
1457421840620	<INFO 7fb4873d8740> SLIPSTORE::CLIENT::MEM_READ_TIME  0 seconds
1457421840623	<INFO 7fb4873d8740> SLIPSTORE::CLIENT::DISK_BYTES_READ 180838027768
1457421840625	<INFO 7fb4873d8740> SLIPSTORE::CLIENT::MEM_BYTES_READ 0
1457421840627	<INFO 7fb4873d8740> SLIPSTORE::CLIENT::WRITE_TIME  537.948 seconds
1457421840630	<INFO 7fb4873d8740> SLIPSTORE::CLIENT::BYTES_WRITTEN 12079595520
1457421840632	<INFO 7fb4873d8740> SLIPSTORE::CLIENT_BUSY  1645.7 seconds
1457421840635	<INFO 7fb4873d8740> SLIPSTORE::IO::TIME 1278.94 seconds
1457421840637	<INFO 7fb4873d8740> SLIPSTORE::SNAP::TIME 0 seconds
1457421840639	<INFO 7fb4873d8740> SLIPSTORE::MAX_DISK_USAGE_BYTES 22616161912
1457421841780	<INFO 7fb4873d8740> CORE::RUSAGE::MAX_RSS_KB 125952888
1457421841783	<INFO 7fb4873d8740> CORE::RUSAGE::MINFLT 36037022
1457421841787	<INFO 7fb4873d8740> CORE::RUSAGE::MAJFLT 6
1457421841791	<INFO 7fb4873d8740> CORE::RUSAGE::MAJFLT 6
1457421841795	<INFO 7fb4873d8740> CORE::RUSAGE::INBLK 291725416
1457421841799	<INFO 7fb4873d8740> CORE::RUSAGE::OUBLK 149420976
1457421841803	<INFO 7fb4873d8740> CORE::UTILS::BYTES_READ 168821906088
1457421841807	<INFO 7fb4873d8740> CORE::UTILS::BYTES_WRITTEN 76500172192
1457421841811	<INFO 7fb4873d8740> CORE::UTILS::TILE_COPY_BYTES 20132659200
1457421841815	<INFO 7fb4873d8740> CORE::TIME::IO_WAIT 1482.02 seconds
1457421841818	<INFO 7fb4873d8740> CORE::TIME_TILE_COPY 76.0561 seconds
1457421841823	<INFO 7fb4873d8740> CORE::TIME_TILE_MERGE 0 seconds
1457421841827	<INFO 7fb4873d8740> CORE::TIME_PROCESSING_STOLEN 0.003053 seconds
1457421841831	<INFO 7fb4873d8740> CORE::TIME_MERGE_WAIT 0 seconds
1457421841835	<INFO 7fb4873d8740> CORE::TIME_ALL_MC_BARRIER 26.4049 seconds
1457421841838	<INFO 7fb4873d8740> CORE::PHASES 7
1457421841842	<INFO 7fb4873d8740> CORE::TIME::SETUP 3.79878 seconds
1457421841846	<INFO 7fb4873d8740> CORE::TIME::WALL 1822.66 seconds
1457421841850	<INFO 7fb4873d8740> SHUTDOWN
