1462404442361	<INFO 7f1fc7f26780> 2016-05-05 01:27:22 STARTUP
1462404442363	<INFO 7f1fc7f26780> CORE::GRAPH rmat-28_s8
1462404442365	<INFO 7f1fc7f26780> CORE::ALGORITHM pagerank
1462404442368	<INFO 7f1fc7f26780> CORE::VERTEX_STRIPING OFF
1462404442370	<INFO 7f1fc7f26780> CORE::OPTIMIZED_STATE_LOAD_STORE ON
1462404442372	<INFO 7f1fc7f26780> CORE::BINARY_SEARCH_SUPER_PARTITION ON
1462404442375	<INFO 7f1fc7f26780> CORE::SUPER_PARTITION_COMPUTED_FOR_EACH_SCATTER_GATHER_PHASE
1462404442377	<INFO 7f1fc7f26780> CORE::EDGE_STRIPING ON
1462404442379	<INFO 7f1fc7f26780> CORE::BATCH IO ON
1462404442381	<INFO 7f1fc7f26780> 2016-05-05 01:27:22 Blocking memory amount 126701535232
1462404549876	<INFO 7f1fc7f26780> 2016-05-05 01:29:09 Done blocking memory
1462404549878	<INFO 7f1fc7f26780> SG-DRIVER-ORIGINAL
1462404549880	<INFO 7f1fc7f26780> 2016-05-05 01:29:09 START read config parameters
1462404549883	<INFO 7f1fc7f26780> PARTITIONING::OLD 0
1462404549885	<INFO 7f1fc7f26780> PARTITIONING::BALANCED_PARTITIONS 0
1462404549888	<INFO 7f1fc7f26780> CORE::CONFIG::PROCESSORS 8
1462404549890	<INFO 7f1fc7f26780> CORE::CONFIG::PHYSICAL_MEMORY 2147483648
1462404549892	<INFO 7f1fc7f26780> CORE::CONFIG::VERTICES 268435456
1462404549894	<INFO 7f1fc7f26780> CORE::CONFIG::VERTEX_SIZE 12
1462404549897	<INFO 7f1fc7f26780> CORE::CONFIG::VERTEX_BUFFER 1402204788
1462404549900	<INFO 7f1fc7f26780> CORE::CONFIG::EDGES 536870912
1462404549902	<INFO 7f1fc7f26780> CORE::CONFIG::PARTITIONS 64
1462404549904	<INFO 7f1fc7f26780> CORE::CONFIG::FANOUT 64
1462404549906	<INFO 7f1fc7f26780> CORE::CONFIG::SUPER_PARTITIONS 8
1462404549909	<INFO 7f1fc7f26780> CORE::CONFIG::TILES 1
1462404549912	<INFO 7f1fc7f26780> CORE::CONFIG::BUFFER_SIZE 149054645
1462404549914	<INFO 7f1fc7f26780> CORE::CONFIG::MAX_BUFFERS 4
1462404549917	<INFO 7f1fc7f26780> CORE::CONFIG::MAX_STREAMS 4
1462404549919	<INFO 7f1fc7f26780> CORE::CONFIG::SUM_OF_OUT_DEGREES_FOR_NEW_PARTITIONS::FIRST_CONSTRAINT 536870912
1462404549922	<INFO 7f1fc7f26780> CORE::CONFIG::MAX_EDGES_PER_NEW_PARTITION::SECOND_CONSTRAINT 536870912
1462404549924	<INFO 7f1fc7f26780> SLIPSTREAM::EXT_MEM_SHUFFLE OFF
1462404549926	<INFO 7f1fc7f26780> 2016-05-05 01:29:09 END read config parameters
1462404551626	<WARNING 7f1fc7f26780> Unable to unlink file (stream.0.0.0):No such file or directory
1462404551629	<WARNING 7f1fc7f26780> Unable to unlink file (stream.0.1.0):No such file or directory
1462404551631	<WARNING 7f1fc7f26780> Unable to unlink file (stream.0.2.0):No such file or directory
1462404551633	<WARNING 7f1fc7f26780> Unable to unlink file (stream.0.3.0):No such file or directory
1462404551636	<WARNING 7f1fc7f26780> Unable to unlink file (stream.0.4.0):No such file or directory
1462404551638	<WARNING 7f1fc7f26780> Unable to unlink file (stream.0.5.0):No such file or directory
1462404551641	<WARNING 7f1fc7f26780> Unable to unlink file (stream.0.6.0):No such file or directory
1462404551643	<WARNING 7f1fc7f26780> Unable to unlink file (stream.0.7.0):No such file or directory
1462404551645	<WARNING 7f1fc7f26780> Unable to unlink file (stream.1.1.0):No such file or directory
1462404551647	<WARNING 7f1fc7f26780> Unable to unlink file (stream.1.2.0):No such file or directory
1462404551650	<WARNING 7f1fc7f26780> Unable to unlink file (stream.1.3.0):No such file or directory
1462404551652	<WARNING 7f1fc7f26780> Unable to unlink file (stream.1.4.0):No such file or directory
1462404551654	<WARNING 7f1fc7f26780> Unable to unlink file (stream.1.5.0):No such file or directory
1462404551658	<WARNING 7f1fc7f26780> Unable to unlink file (stream.1.6.0):No such file or directory
1462404551662	<WARNING 7f1fc7f26780> Unable to unlink file (stream.1.7.0):No such file or directory
1462404551664	<WARNING 7f1fc7f26780> Unable to unlink file (stream.2.0.0):No such file or directory
1462404551666	<WARNING 7f1fc7f26780> Unable to unlink file (stream.2.1.0):No such file or directory
1462404551668	<WARNING 7f1fc7f26780> Unable to unlink file (stream.2.2.0):No such file or directory
1462404551671	<WARNING 7f1fc7f26780> Unable to unlink file (stream.2.3.0):No such file or directory
1462404551673	<WARNING 7f1fc7f26780> Unable to unlink file (stream.2.4.0):No such file or directory
1462404551675	<WARNING 7f1fc7f26780> Unable to unlink file (stream.2.5.0):No such file or directory
1462404551677	<WARNING 7f1fc7f26780> Unable to unlink file (stream.2.6.0):No such file or directory
1462404551679	<WARNING 7f1fc7f26780> Unable to unlink file (stream.2.7.0):No such file or directory
1462404551681	<WARNING 7f1fc7f26780> Unable to unlink file (stream.3.0.0):No such file or directory
1462404551683	<WARNING 7f1fc7f26780> Unable to unlink file (stream.3.1.0):No such file or directory
1462404551685	<WARNING 7f1fc7f26780> Unable to unlink file (stream.3.2.0):No such file or directory
1462404551687	<WARNING 7f1fc7f26780> Unable to unlink file (stream.3.3.0):No such file or directory
1462404551694	<WARNING 7f1fc7f26780> Unable to unlink file (stream.3.4.0):No such file or directory
1462404551696	<WARNING 7f1fc7f26780> Unable to unlink file (stream.3.5.0):No such file or directory
1462404551698	<WARNING 7f1fc7f26780> Unable to unlink file (stream.3.6.0):No such file or directory
1462404551700	<WARNING 7f1fc7f26780> Unable to unlink file (stream.3.7.0):No such file or directory
1462404551702	<INFO 7f1fc7f26780> SLIPSTORE::ZMQ_THREADS 2
1462404551704	<INFO 7f1fc7f26780> SLIPSTORE::COMM Connecting to tcp://dco-node137-10g:5016
1462404551707	<INFO 7f1fc7f26780> SLIPSTORE::COMM Connecting to tcp://dco-node138-10g:5034
1462404551711	<INFO 7f1fc7f26780> SLIPSTORE::COMM Connecting to tcp://dco-node139-10g:5052
1462404551713	<INFO 7f1fc7f26780> SLIPSTORE::COMM Connecting to tcp://dco-node140-10g:5070
1462404551716	<INFO 7f1fc7f26780> SLIPSTORE::COMM Connecting to tcp://dco-node141-10g:5088
1462404551718	<INFO 7f1fc7f26780> SLIPSTORE::COMM Connecting to tcp://dco-node142-10g:5106
1462404551721	<INFO 7f1fc7f26780> SLIPSTORE::COMM Connecting to tcp://dco-node143-10g:5124
1462404551724	<INFO 7f1fc7f26780> SLIPSTORE::COMM Connecting to tcp://dco-node144-10g:5142
1462404551726	<INFO 7f1fc7f26780> SLIPSTORE::COMM Listening at tcp://p1p1:5080
1462404551728	<INFO 7f1fc7f26780> SLIPSTORE::COMM Listening at tcp://p1p1:5081
1462404551730	<INFO 7f1fc7f26780> SLIPSTORE::COMM Listening at tcp://p1p1:5082
1462404551733	<INFO 7f1fc7f26780> SLIPSTORE::COMM Listening at tcp://p1p1:5083
1462404551735	<INFO 7f1fc7f26780> SLIPSTORE::COMM Listening at ipc://client
1462404551737	<INFO 7f1fc7f26780> SLIPSTORE::COMM Listening at tcp://p1p1:5085
1462404551739	<INFO 7f1fc7f26780> SLIPSTORE::COMM Listening at tcp://p1p1:5086
1462404551742	<INFO 7f1fc7f26780> SLIPSTORE::COMM Listening at tcp://p1p1:5087
1462404551744	<INFO 7f1fc7f26780> SLIPSTORE::COMM Connecting to tcp://dco-node137-10g:5016
1462404551746	<INFO 7f1fc7f26780> SLIPSTORE::COMM Connecting to tcp://dco-node138-10g:5034
1462404551749	<INFO 7f1fc7f26780> SLIPSTORE::COMM Connecting to tcp://dco-node139-10g:5052
1462404551751	<INFO 7f1fc7f26780> SLIPSTORE::COMM Connecting to tcp://dco-node140-10g:5070
1462404551753	<INFO 7f1fc7f26780> SLIPSTORE::COMM Connecting to tcp://dco-node141-10g:5088
1462404551755	<INFO 7f1fc7f26780> SLIPSTORE::COMM Connecting to tcp://dco-node142-10g:5106
1462404551758	<INFO 7f1fc7f26780> SLIPSTORE::COMM Connecting to tcp://dco-node143-10g:5124
1462404551761	<INFO 7f1fc7f26780> SLIPSTORE::COMM Connecting to tcp://dco-node144-10g:5142
1462404551763	<INFO 7f1fc7f26780> SLIPSTORE::COMM Connecting to tcp://dco-node137-10g:5004
1462404551765	<INFO 7f1fc7f26780> SLIPSTORE::COMM Connecting to tcp://dco-node138-10g:5022
1462404551769	<INFO 7f1fc7f26780> SLIPSTORE::COMM Connecting to tcp://dco-node139-10g:5040
1462404551771	<INFO 7f1fc7f26780> SLIPSTORE::COMM Connecting to tcp://dco-node140-10g:5058
1462404551773	<INFO 7f1fc7f26780> SLIPSTORE::COMM Connecting to ipc://server
1462404551775	<INFO 7f1fc7f26780> SLIPSTORE::COMM Connecting to tcp://dco-node142-10g:5094
1462404551778	<INFO 7f1fc7f26780> SLIPSTORE::COMM Connecting to tcp://dco-node143-10g:5112
1462404551780	<INFO 7f1fc7f26780> SLIPSTORE::COMM Connecting to tcp://dco-node144-10g:5130
1462404551782	<INFO 7f1fc7f26780> SLIPSTORE::COMM Connecting to tcp://dco-node142-10g:5107
1462404551784	<INFO 7f1fc7f26780> SLIPSTORE::COMM Listening at tcp://p1p1:5089
1462404551787	<INFO 7f1fc7f26780> SLIPSTORE::COMM Connecting to tcp://dco-node141-10g:5088
1462404551789	<INFO 7f1fc7f26780> SLIPSTORE::HELP_POLICY NONE
1462404551792	<INFO 7f1fc7f26780> SLIPSTORE::SERVER ASYNC
1462404551794	<INFO 7f1fc7f26780> SLIPSTORE::MACHINES 8
1462404551797	<INFO 7f1fc7f26780> SLIPSTORE::ME 4
1462404551800	<INFO 7f1fc7f26780> SLIPSTORE::SLIPCHUNK 4194304
1462404551802	<INFO 7f1fc7f26780> SLIPSTORE::QUOTA 18446744073709551615
1462404551805	<INFO 7f1fc7f26780> SLIPSTORE::IO PAGECACHE
1462404551807	<INFO 7f01aa7f9700> SLIPSTORE::COMM Listening at tcp://p1p1:5088
1462404551810	<INFO 7f01aa7f9700> SLIPSTORE::COMM Listening at tcp://p1p1:5072
1462404551812	<INFO 7f01aa7f9700> SLIPSTORE::COMM Connecting to tcp://dco-node137-10g:5012
1462404551814	<INFO 7f01aa7f9700> SLIPSTORE::COMM Listening at tcp://p1p1:5073
1462404551816	<INFO 7f01aa7f9700> SLIPSTORE::COMM Connecting to tcp://dco-node138-10g:5030
1462404551819	<INFO 7f01aa7f9700> SLIPSTORE::COMM Listening at tcp://p1p1:5074
1462404551821	<INFO 7f01aa7f9700> SLIPSTORE::COMM Connecting to tcp://dco-node139-10g:5048
1462404551823	<INFO 7f01aa7f9700> SLIPSTORE::COMM Listening at tcp://p1p1:5075
1462404551826	<INFO 7f01aa7f9700> SLIPSTORE::COMM Connecting to tcp://dco-node140-10g:5066
1462404551829	<INFO 7f01aa7f9700> SLIPSTORE::COMM Listening at ipc://server
1462404551831	<INFO 7f01aa7f9700> SLIPSTORE::COMM Connecting to ipc://client
1462404551833	<INFO 7f01aa7f9700> SLIPSTORE::COMM Listening at tcp://p1p1:5077
1462404551836	<INFO 7f01aa7f9700> SLIPSTORE::COMM Connecting to tcp://dco-node142-10g:5102
1462404551839	<INFO 7f01aa7f9700> SLIPSTORE::COMM Listening at tcp://p1p1:5078
1462404551841	<INFO 7f01aa7f9700> SLIPSTORE::COMM Connecting to tcp://dco-node143-10g:5120
1462404551843	<INFO 7f01aa7f9700> SLIPSTORE::COMM Listening at tcp://p1p1:5079
1462404551846	<INFO 7f01aa7f9700> SLIPSTORE::COMM Connecting to tcp://dco-node144-10g:5138
1462404551882	<INFO 7f1fc7f26780> SLIPSTORE::CHECKPOINTS NONE FOUND
1462404551885	<INFO 7f1fc7f26780> 2016-05-05 01:29:11 Start edge split
1462404643265	<INFO 7f1fc7f26780> 2016-05-05 01:30:43 Completed init
1462404647708	<INFO 7f1fc7f26780> 2016-05-05 01:30:47 Started gather
1462404648628	<INFO 7f1fc7f26780> 2016-05-05 01:30:48 Completed gather
1462404651251	<INFO 7f1fc7f26780> 2016-05-05 01:30:51 Started scatter
1462404684787	<INFO 7f1fc7f26780> 2016-05-05 01:31:24 Completed scatter
1462404684961	<INFO 7f1fc7f26780> 2016-05-05 01:31:24 Completed phase 1 Bytes read 13263790176 Bytes written 6821339232
1462404692890	<INFO 7f1fc7f26780> 2016-05-05 01:31:32 Started gather
1462404692895	<INFO 7f1fc7f26780> 2016-05-05 01:31:32 Completed gather
1462404692925	<INFO 7f1fc7f26780> 2016-05-05 01:31:32 Started gather
1462404766970	<INFO 7f1fc7f26780> 2016-05-05 01:32:46 Completed gather
1462404768041	<INFO 7f1fc7f26780> 2016-05-05 01:32:48 Completed phase 2 Bytes read 20085129408 Bytes written 11471191024
1462404781477	<INFO 7f1fc7f26780> 2016-05-05 01:33:01 Started gather
1462404805628	<INFO 7f1fc7f26780> 2016-05-05 01:33:25 Completed gather
1462404812882	<INFO 7f1fc7f26780> 2016-05-05 01:33:32 Started scatter
1462404882651	<INFO 7f1fc7f26780> 2016-05-05 01:34:42 Completed scatter
1462404884647	<INFO 7f1fc7f26780> 2016-05-05 01:34:44 Completed phase 3 Bytes read 31178798416 Bytes written 16218204288
1462404898212	<INFO 7f1fc7f26780> 2016-05-05 01:34:58 Started gather
1462404923809	<INFO 7f1fc7f26780> 2016-05-05 01:35:23 Completed gather
1462404930510	<INFO 7f1fc7f26780> 2016-05-05 01:35:30 Started scatter
1462405000534	<INFO 7f1fc7f26780> 2016-05-05 01:36:40 Completed scatter
1462405002883	<INFO 7f1fc7f26780> 2016-05-05 01:36:42 Completed phase 4 Bytes read 42369628896 Bytes written 20808911096
1462405016217	<INFO 7f1fc7f26780> 2016-05-05 01:36:56 Started gather
1462405039316	<INFO 7f1fc7f26780> 2016-05-05 01:37:19 Completed gather
1462405047225	<INFO 7f1fc7f26780> 2016-05-05 01:37:27 Started scatter
1462405116968	<INFO 7f1fc7f26780> 2016-05-05 01:38:36 Completed scatter
1462405120654	<INFO 7f1fc7f26780> 2016-05-05 01:38:40 Completed phase 5 Bytes read 53404152920 Bytes written 25429283080
1462405132514	<INFO 7f1fc7f26780> 2016-05-05 01:38:52 Started gather
1462405156221	<INFO 7f1fc7f26780> 2016-05-05 01:39:16 Completed gather
1462405163149	<INFO 7f1fc7f26780> 2016-05-05 01:39:23 Started scatter
1462405234690	<INFO 7f1fc7f26780> 2016-05-05 01:40:34 Completed scatter
1462405236051	<INFO 7f1fc7f26780> 2016-05-05 01:40:36 Completed phase 6 Bytes read 64468342120 Bytes written 30156766088
1462405249585	<INFO 7f1fc7f26780> 2016-05-05 01:40:49 Started gather
1462405273332	<INFO 7f1fc7f26780> 2016-05-05 01:41:13 Completed gather
1462405280708	<INFO 7f1fc7f26780> 2016-05-05 01:41:20 Started scatter
1462405353959	<INFO 7f1fc7f26780> 2016-05-05 01:42:33 Completed scatter
1462405354107	<INFO 7f1fc7f26780> 2016-05-05 01:42:34 Completed phase 7 Bytes read 75639642344 Bytes written 34805346304
1462405354156	<INFO 7f1fc7f26780> CORE::PARTITIONS_PROCESSED 586
1462405354158	<INFO 7f1fc7f26780> CORE::BYTES::EDGES_STREAMED 4922625972
1462405354161	<INFO 7f1fc7f26780> CORE::BYTES::UPDATES_OUT 2825389888
1462405354163	<INFO 7f1fc7f26780> CORE::BYTES::UPDATES_IN 2296261360
1462405354165	<INFO 7f01a97f7700> CORE::PARTITIONS_PROCESSED 642
1462405354168	<INFO 7f01a97f7700> CORE::BYTES::EDGES_STREAMED 5104865484
1462405354170	<INFO 7f01a97f7700> CORE::BYTES::UPDATES_OUT 2894564472
1462405354172	<INFO 7f01a97f7700> CORE::BYTES::UPDATES_IN 2318107032
1462405354174	<INFO 7f019ffff700> CORE::PARTITIONS_PROCESSED 669
1462405354177	<INFO 7f019f7fe700> CORE::PARTITIONS_PROCESSED 1779
1462405354179	<INFO 7f01a8ff6700> CORE::PARTITIONS_PROCESSED 2174
1462405354181	<INFO 7f019effd700> CORE::PARTITIONS_PROCESSED 1418
1462405354183	<INFO 7f019e7fc700> CORE::PARTITIONS_PROCESSED 1675
1462405354186	<INFO 7f019dffb700> CORE::PARTITIONS_PROCESSED 657
1462405354188	<INFO 7f019effd700> CORE::BYTES::EDGES_STREAMED 8275731048
1462405354191	<INFO 7f01a8ff6700> CORE::BYTES::EDGES_STREAMED 4566280584
1462405354193	<INFO 7f019ffff700> CORE::BYTES::EDGES_STREAMED 4884470640
1462405354195	<INFO 7f019effd700> CORE::BYTES::UPDATES_OUT 4824985432
1462405354198	<INFO 7f019dffb700> CORE::BYTES::EDGES_STREAMED 5139224148
1462405354200	<INFO 7f01a8ff6700> CORE::BYTES::UPDATES_OUT 2610225456
1462405354202	<INFO 7f019e7fc700> CORE::BYTES::EDGES_STREAMED 5385155676
1462405354204	<INFO 7f019f7fe700> CORE::BYTES::EDGES_STREAMED 6822147096
1462405354207	<INFO 7f019ffff700> CORE::BYTES::UPDATES_OUT 2782827496
1462405354209	<INFO 7f01a8ff6700> CORE::BYTES::UPDATES_IN 2150745440
1462405354211	<INFO 7f019dffb700> CORE::BYTES::UPDATES_OUT 2913842472
1462405354214	<INFO 7f019effd700> CORE::BYTES::UPDATES_IN 4445440544
1462405354216	<INFO 7f019e7fc700> CORE::BYTES::UPDATES_OUT 3060019152
1462405354218	<INFO 7f019f7fe700> CORE::BYTES::UPDATES_OUT 3859860288
1462405354221	<INFO 7f019ffff700> CORE::BYTES::UPDATES_IN 2366661112
1462405354223	<INFO 7f019dffb700> CORE::BYTES::UPDATES_IN 2578991112
1462405354225	<INFO 7f019e7fc700> CORE::BYTES::UPDATES_IN 2520232064
1462405354227	<INFO 7f019f7fe700> CORE::BYTES::UPDATES_IN 2797948016
1462405354230	<INFO 7f01aa7f9700> SLIPSTORE service is exiting
1462405354232	<INFO 7f01aa7f9700> SLIPSTORE::HELP_OFFERS_RECVD 98
1462405354234	<INFO 7f01aa7f9700> SLIPSTORE::HELP_OFFERS_ACCEPTED 0
1462405354237	<INFO 7f01aa7f9700> SLIPSTORE::HELP_ACCEPTANCE_RATIO 0
1462405354239	<INFO 7f01aa7f9700> SLIPSTORE::SERVER_BUSY_DISK  648.148 seconds
1462405354241	<INFO 7f01aa7f9700> SLIPSTORE::SERVER_BUSY_MEM  0 seconds
1462405354243	<INFO 7f01aa7f9700> SLIPSTORE::SERVER_TOTAL  802.493 seconds
1462405354246	<INFO 7f1fc7f26780> SLIPSTORE::CLIENT::DISK_READ_TIME  506.304 seconds
1462405354248	<INFO 7f1fc7f26780> SLIPSTORE::CLIENT::MEM_READ_TIME  0 seconds
1462405354251	<INFO 7f1fc7f26780> SLIPSTORE::CLIENT::DISK_BYTES_READ 75764843740
1462405354253	<INFO 7f1fc7f26780> SLIPSTORE::CLIENT::MEM_BYTES_READ 0
1462405354255	<INFO 7f1fc7f26780> SLIPSTORE::CLIENT::WRITE_TIME  187.547 seconds
1462405354258	<INFO 7f1fc7f26780> SLIPSTORE::CLIENT::BYTES_WRITTEN 2642654112
1462405354260	<INFO 7f1fc7f26780> SLIPSTORE::CLIENT_BUSY  693.851 seconds
1462405354262	<INFO 7f1fc7f26780> SLIPSTORE::IO::TIME 456.906 seconds
1462405354264	<INFO 7f1fc7f26780> SLIPSTORE::SNAP::TIME 0 seconds
1462405354267	<INFO 7f1fc7f26780> SLIPSTORE::MAX_DISK_USAGE_BYTES 11190830480
1462405355544	<INFO 7f1fc7f26780> CORE::RUSAGE::MAX_RSS_KB 125943980
1462405355546	<INFO 7f1fc7f26780> CORE::RUSAGE::MINFLT 51498177
1462405355549	<INFO 7f1fc7f26780> CORE::RUSAGE::MAJFLT 2
1462405355552	<INFO 7f1fc7f26780> CORE::RUSAGE::MAJFLT 2
1462405355554	<INFO 7f1fc7f26780> CORE::RUSAGE::INBLK 143898000
1462405355556	<INFO 7f1fc7f26780> CORE::RUSAGE::OUBLK 67985408
1462405355559	<INFO 7f1fc7f26780> CORE::UTILS::BYTES_READ 75639642344
1462405355561	<INFO 7f1fc7f26780> CORE::UTILS::BYTES_WRITTEN 34805346304
1462405355563	<INFO 7f1fc7f26780> CORE::UTILS::TILE_COPY_BYTES 2642654112
1462405355565	<INFO 7f1fc7f26780> CORE::TIME::IO_WAIT 527.275 seconds
1462405355568	<INFO 7f1fc7f26780> CORE::TIME_TILE_COPY 0 seconds
1462405355570	<INFO 7f1fc7f26780> CORE::TIME_TILE_MERGE 0 seconds
1462405355572	<INFO 7f1fc7f26780> CORE::TIME_PROCESSING_STOLEN 0 seconds
1462405355575	<INFO 7f1fc7f26780> CORE::TIME_MERGE_WAIT 0 seconds
1462405355577	<INFO 7f1fc7f26780> CORE::OTHER_TIME_ALL_MC_BARRIER 0 seconds
1462405355579	<INFO 7f1fc7f26780> CORE::SCATTER_TIME_ALL_MC_BARRIER 6.69891 seconds
1462405355581	<INFO 7f1fc7f26780> CORE::GATHER_TIME_ALL_MC_BARRIER 0.835264 seconds
1462405355584	<INFO 7f1fc7f26780> CORE::INIT_TIME_ALL_MC_BARRIER 0.566062 seconds
1462405355586	<INFO 7f1fc7f26780> CORE::SHUT_DOWN_TIME_ALL_MC_BARRIER 0.002469 seconds
1462405355588	<INFO 7f1fc7f26780> CORE::STREAM_SKIP_BEFORE_TIME_ALL_MC_BARRIER 60.8989 seconds
1462405355591	<INFO 7f1fc7f26780> CORE::TAKE_CHECKPOINT_BEFORE_TIME_ALL_MC_BARRIER 0 seconds
1462405355593	<INFO 7f1fc7f26780> CORE::TAKE_CHECKPOINT_COMPLETE_TIME_ALL_MC_BARRIER 0 seconds
1462405355595	<INFO 7f1fc7f26780> CORE::METADATA_WRITE_COMPLETE_TIME_ALL_MC_BARRIER 0 seconds
1462405355597	<INFO 7f1fc7f26780> CORE::STREAM_EOF_BEFORE_TIME_ALL_MC_BARRIER 0 seconds
1462405355600	<INFO 7f1fc7f26780> CORE::STREAM_EOF_AFTER_TIME_ALL_MC_BARRIER 0 seconds
1462405355602	<INFO 7f1fc7f26780> CORE::STATE_LOAD_TIME_ALL_MC_BARRIER 0 seconds
1462405355604	<INFO 7f1fc7f26780> CORE::STATE_STORE_TIME_ALL_MC_BARRIER 0 seconds
1462405355606	<INFO 7f1fc7f26780> CORE::PHASES 7
1462405355609	<INFO 7f1fc7f26780> CORE::TIME::SETUP 3.39339 seconds
1462405355611	<INFO 7f1fc7f26780> CORE::TIME::STATE_ITER 17.0803 seconds
1462405355613	<INFO 7f1fc7f26780> CORE::TIME::GATHER 220.911 seconds
1462405355615	<INFO 7f1fc7f26780> CORE::TIME::SCATTER 472.588 seconds
1462405355618	<INFO 7f1fc7f26780> CORE::TIME::WALL 805.668 seconds
1462405355620	<INFO 7f1fc7f26780> SHUTDOWN
