1462391456474	<INFO 7f264b5fb780> 2016-05-04 21:50:56 STARTUP
1462391456476	<INFO 7f264b5fb780> CORE::GRAPH rmat-28_s8
1462391456478	<INFO 7f264b5fb780> CORE::ALGORITHM pagerank
1462391456481	<INFO 7f264b5fb780> CORE::VERTEX_STRIPING OFF
1462391456483	<INFO 7f264b5fb780> CORE::OPTIMIZED_STATE_LOAD_STORE OFF
1462391456485	<INFO 7f264b5fb780> CORE::BINARY_SEARCH_SUPER_PARTITION ON
1462391456488	<INFO 7f264b5fb780> CORE::SUPER_PARTITION_COMPUTED_FOR_EACH_SCATTER_GATHER_PHASE
1462391456490	<INFO 7f264b5fb780> CORE::BATCH IO OFF
1462391456492	<INFO 7f264b5fb780> 2016-05-04 21:50:56 Blocking memory amount 126701535232
1462391562825	<INFO 7f264b5fb780> 2016-05-04 21:52:42 Done blocking memory
1462391562827	<INFO 7f264b5fb780> SG-DRIVER-ORIGINAL
1462391562830	<INFO 7f264b5fb780> 2016-05-04 21:52:42 START read config parameters
1462391562832	<INFO 7f264b5fb780> PARTITIONING::OLD 0
1462391562834	<INFO 7f264b5fb780> PARTITIONING::BALANCED_PARTITIONS 0
1462391562836	<INFO 7f264b5fb780> CORE::CONFIG::PROCESSORS 8
1462391562839	<INFO 7f264b5fb780> CORE::CONFIG::PHYSICAL_MEMORY 2147483648
1462391562842	<INFO 7f264b5fb780> CORE::CONFIG::VERTICES 268435456
1462391562844	<INFO 7f264b5fb780> CORE::CONFIG::VERTEX_SIZE 12
1462391562846	<INFO 7f264b5fb780> CORE::CONFIG::VERTEX_BUFFER 1306428636
1462391562848	<INFO 7f264b5fb780> CORE::CONFIG::EDGES 536870912
1462391562851	<INFO 7f264b5fb780> CORE::CONFIG::PARTITIONS 64
1462391562853	<INFO 7f264b5fb780> CORE::CONFIG::FANOUT 64
1462391562855	<INFO 7f264b5fb780> CORE::CONFIG::SUPER_PARTITIONS 8
1462391562857	<INFO 7f264b5fb780> CORE::CONFIG::TILES 1
1462391562860	<INFO 7f264b5fb780> CORE::CONFIG::BUFFER_SIZE 168209876
1462391562862	<INFO 7f264b5fb780> CORE::CONFIG::MAX_BUFFERS 4
1462391562864	<INFO 7f264b5fb780> CORE::CONFIG::MAX_STREAMS 4
1462391562866	<INFO 7f264b5fb780> CORE::CONFIG::SUM_OF_OUT_DEGREES_FOR_NEW_PARTITIONS::FIRST_CONSTRAINT 0
1462391562868	<INFO 7f264b5fb780> CORE::CONFIG::MAX_EDGES_PER_NEW_PARTITION::SECOND_CONSTRAINT 0
1462391562871	<INFO 7f264b5fb780> SLIPSTREAM::EXT_MEM_SHUFFLE OFF
1462391562874	<INFO 7f264b5fb780> 2016-05-04 21:52:42 END read config parameters
1462391564571	<WARNING 7f264b5fb780> Unable to unlink file (stream.0.0.0):No such file or directory
1462391564573	<WARNING 7f264b5fb780> Unable to unlink file (stream.0.1.0):No such file or directory
1462391564575	<WARNING 7f264b5fb780> Unable to unlink file (stream.0.2.0):No such file or directory
1462391564577	<WARNING 7f264b5fb780> Unable to unlink file (stream.0.3.0):No such file or directory
1462391564580	<WARNING 7f264b5fb780> Unable to unlink file (stream.0.4.0):No such file or directory
1462391564582	<WARNING 7f264b5fb780> Unable to unlink file (stream.0.5.0):No such file or directory
1462391564584	<WARNING 7f264b5fb780> Unable to unlink file (stream.0.6.0):No such file or directory
1462391564587	<WARNING 7f264b5fb780> Unable to unlink file (stream.0.7.0):No such file or directory
1462391564589	<WARNING 7f264b5fb780> Unable to unlink file (stream.1.1.0):No such file or directory
1462391564592	<WARNING 7f264b5fb780> Unable to unlink file (stream.1.2.0):No such file or directory
1462391564594	<WARNING 7f264b5fb780> Unable to unlink file (stream.1.3.0):No such file or directory
1462391564596	<WARNING 7f264b5fb780> Unable to unlink file (stream.1.4.0):No such file or directory
1462391564598	<WARNING 7f264b5fb780> Unable to unlink file (stream.1.5.0):No such file or directory
1462391564601	<WARNING 7f264b5fb780> Unable to unlink file (stream.1.6.0):No such file or directory
1462391564603	<WARNING 7f264b5fb780> Unable to unlink file (stream.1.7.0):No such file or directory
1462391564605	<WARNING 7f264b5fb780> Unable to unlink file (stream.2.0.0):No such file or directory
1462391564607	<WARNING 7f264b5fb780> Unable to unlink file (stream.2.1.0):No such file or directory
1462391564609	<WARNING 7f264b5fb780> Unable to unlink file (stream.2.2.0):No such file or directory
1462391564611	<WARNING 7f264b5fb780> Unable to unlink file (stream.2.3.0):No such file or directory
1462391564613	<WARNING 7f264b5fb780> Unable to unlink file (stream.2.4.0):No such file or directory
1462391564615	<WARNING 7f264b5fb780> Unable to unlink file (stream.2.5.0):No such file or directory
1462391564618	<WARNING 7f264b5fb780> Unable to unlink file (stream.2.6.0):No such file or directory
1462391564620	<WARNING 7f264b5fb780> Unable to unlink file (stream.2.7.0):No such file or directory
1462391564622	<WARNING 7f264b5fb780> Unable to unlink file (stream.3.0.0):No such file or directory
1462391564624	<WARNING 7f264b5fb780> Unable to unlink file (stream.3.1.0):No such file or directory
1462391564626	<WARNING 7f264b5fb780> Unable to unlink file (stream.3.2.0):No such file or directory
1462391564628	<WARNING 7f264b5fb780> Unable to unlink file (stream.3.3.0):No such file or directory
1462391564630	<WARNING 7f264b5fb780> Unable to unlink file (stream.3.4.0):No such file or directory
1462391564632	<WARNING 7f264b5fb780> Unable to unlink file (stream.3.5.0):No such file or directory
1462391564634	<WARNING 7f264b5fb780> Unable to unlink file (stream.3.6.0):No such file or directory
1462391564636	<WARNING 7f264b5fb780> Unable to unlink file (stream.3.7.0):No such file or directory
1462391564638	<INFO 7f264b5fb780> SLIPSTORE::ZMQ_THREADS 2
1462391564639	<INFO 7f264b5fb780> SLIPSTORE::COMM Connecting to tcp://dco-node137-10g:5016
1462391564642	<INFO 7f264b5fb780> SLIPSTORE::COMM Connecting to tcp://dco-node138-10g:5034
1462391564645	<INFO 7f264b5fb780> SLIPSTORE::COMM Connecting to tcp://dco-node139-10g:5052
1462391564647	<INFO 7f264b5fb780> SLIPSTORE::COMM Connecting to tcp://dco-node140-10g:5070
1462391564648	<INFO 7f264b5fb780> SLIPSTORE::COMM Connecting to tcp://dco-node141-10g:5088
1462391564650	<INFO 7f264b5fb780> SLIPSTORE::COMM Connecting to tcp://dco-node142-10g:5106
1462391564652	<INFO 7f264b5fb780> SLIPSTORE::COMM Connecting to tcp://dco-node143-10g:5124
1462391564654	<INFO 7f264b5fb780> SLIPSTORE::COMM Connecting to tcp://dco-node144-10g:5142
1462391564656	<INFO 7f264b5fb780> SLIPSTORE::COMM Listening at tcp://p1p1:5062
1462391564658	<INFO 7f264b5fb780> SLIPSTORE::COMM Listening at tcp://p1p1:5063
1462391564661	<INFO 7f264b5fb780> SLIPSTORE::COMM Listening at tcp://p1p1:5064
1462391564662	<INFO 7f264b5fb780> SLIPSTORE::COMM Listening at ipc://client
1462391564665	<INFO 7f264b5fb780> SLIPSTORE::COMM Listening at tcp://p1p1:5066
1462391564666	<INFO 7f264b5fb780> SLIPSTORE::COMM Listening at tcp://p1p1:5067
1462391564668	<INFO 7f264b5fb780> SLIPSTORE::COMM Listening at tcp://p1p1:5068
1462391564671	<INFO 7f264b5fb780> SLIPSTORE::COMM Listening at tcp://p1p1:5069
1462391564673	<INFO 7f264b5fb780> SLIPSTORE::COMM Connecting to tcp://dco-node137-10g:5016
1462391564675	<INFO 7f264b5fb780> SLIPSTORE::COMM Connecting to tcp://dco-node138-10g:5034
1462391564676	<INFO 7f264b5fb780> SLIPSTORE::COMM Connecting to tcp://dco-node139-10g:5052
1462391564679	<INFO 7f264b5fb780> SLIPSTORE::COMM Connecting to tcp://dco-node140-10g:5070
1462391564681	<INFO 7f264b5fb780> SLIPSTORE::COMM Connecting to tcp://dco-node141-10g:5088
1462391564683	<INFO 7f264b5fb780> SLIPSTORE::COMM Connecting to tcp://dco-node142-10g:5106
1462391564685	<INFO 7f264b5fb780> SLIPSTORE::COMM Connecting to tcp://dco-node143-10g:5124
1462391564687	<INFO 7f264b5fb780> SLIPSTORE::COMM Connecting to tcp://dco-node144-10g:5142
1462391564689	<INFO 7f264b5fb780> SLIPSTORE::COMM Connecting to tcp://dco-node137-10g:5003
1462391564691	<INFO 7f264b5fb780> SLIPSTORE::COMM Connecting to tcp://dco-node138-10g:5021
1462391564693	<INFO 7f264b5fb780> SLIPSTORE::COMM Connecting to tcp://dco-node139-10g:5039
1462391564694	<INFO 7f264b5fb780> SLIPSTORE::COMM Connecting to ipc://server
1462391564696	<INFO 7f264b5fb780> SLIPSTORE::COMM Connecting to tcp://dco-node141-10g:5075
1462391564699	<INFO 7f264b5fb780> SLIPSTORE::COMM Connecting to tcp://dco-node142-10g:5093
1462391564701	<INFO 7f264b5fb780> SLIPSTORE::COMM Connecting to tcp://dco-node143-10g:5111
1462391564703	<INFO 7f264b5fb780> SLIPSTORE::COMM Connecting to tcp://dco-node144-10g:5129
1462391564705	<INFO 7f264b5fb780> SLIPSTORE::COMM Connecting to tcp://dco-node141-10g:5089
1462391564707	<INFO 7f264b5fb780> SLIPSTORE::COMM Listening at tcp://p1p1:5071
1462391564713	<INFO 7f264b5fb780> SLIPSTORE::COMM Connecting to tcp://dco-node140-10g:5070
1462391564715	<INFO 7f264b5fb780> SLIPSTORE::HELP_POLICY NONE
1462391564719	<INFO 7f264b5fb780> SLIPSTORE::SERVER ASYNC
1462391564721	<INFO 7f264b5fb780> SLIPSTORE::MACHINES 8
1462391564724	<INFO 7f264b5fb780> SLIPSTORE::ME 3
1462391564727	<INFO 7f264b5fb780> SLIPSTORE::SLIPCHUNK 4194304
1462391564729	<INFO 7f264b5fb780> SLIPSTORE::QUOTA 18446744073709551615
1462391564732	<INFO 7f264b5fb780> SLIPSTORE::IO PAGECACHE
1462391564734	<INFO 7f08448b8700> SLIPSTORE::COMM Listening at tcp://p1p1:5070
1462391564736	<INFO 7f08448b8700> SLIPSTORE::COMM Listening at tcp://p1p1:5054
1462391564738	<INFO 7f08448b8700> SLIPSTORE::COMM Connecting to tcp://dco-node137-10g:5011
1462391564740	<INFO 7f08448b8700> SLIPSTORE::COMM Listening at tcp://p1p1:5055
1462391564743	<INFO 7f08448b8700> SLIPSTORE::COMM Connecting to tcp://dco-node138-10g:5029
1462391564745	<INFO 7f08448b8700> SLIPSTORE::COMM Listening at tcp://p1p1:5056
1462391564747	<INFO 7f08448b8700> SLIPSTORE::COMM Connecting to tcp://dco-node139-10g:5047
1462391564750	<INFO 7f08448b8700> SLIPSTORE::COMM Listening at ipc://server
1462391564752	<INFO 7f08448b8700> SLIPSTORE::COMM Connecting to ipc://client
1462391564755	<INFO 7f08448b8700> SLIPSTORE::COMM Listening at tcp://p1p1:5058
1462391564757	<INFO 7f08448b8700> SLIPSTORE::COMM Connecting to tcp://dco-node141-10g:5083
1462391564759	<INFO 7f08448b8700> SLIPSTORE::COMM Listening at tcp://p1p1:5059
1462391564762	<INFO 7f08448b8700> SLIPSTORE::COMM Connecting to tcp://dco-node142-10g:5101
1462391564764	<INFO 7f08448b8700> SLIPSTORE::COMM Listening at tcp://p1p1:5060
1462391564766	<INFO 7f08448b8700> SLIPSTORE::COMM Connecting to tcp://dco-node143-10g:5119
1462391564768	<INFO 7f08448b8700> SLIPSTORE::COMM Listening at tcp://p1p1:5061
1462391564771	<INFO 7f08448b8700> SLIPSTORE::COMM Connecting to tcp://dco-node144-10g:5137
1462391565775	<INFO 7f264b5fb780> SLIPSTORE::CHECKPOINTS NONE FOUND
1462391565777	<INFO 7f264b5fb780> 2016-05-04 21:52:45 Start edge split
1462391692476	<INFO 7f264b5fb780> 2016-05-04 21:54:52 Completed init
1462391696791	<INFO 7f264b5fb780> 2016-05-04 21:54:56 Started gather
1462391698445	<INFO 7f264b5fb780> 2016-05-04 21:54:58 Completed gather
1462391704932	<INFO 7f264b5fb780> 2016-05-04 21:55:04 Started scatter
1462391741429	<INFO 7f264b5fb780> 2016-05-04 21:55:41 Completed scatter
1462391742486	<INFO 7f264b5fb780> 2016-05-04 21:55:42 Completed phase 1 Bytes read 13544964372 Bytes written 7102513428
1462391750799	<INFO 7f264b5fb780> 2016-05-04 21:55:50 Started gather
1462391752463	<INFO 7f264b5fb780> 2016-05-04 21:55:52 Completed gather
1462391759018	<INFO 7f264b5fb780> 2016-05-04 21:55:59 Started gather
1462391868905	<INFO 7f264b5fb780> 2016-05-04 21:57:48 Completed gather
1462391872078	<INFO 7f264b5fb780> 2016-05-04 21:57:52 Completed phase 2 Bytes read 20905642956 Bytes written 12267779224
1462391880649	<INFO 7f264b5fb780> 2016-05-04 21:58:00 Started gather
1462391908637	<INFO 7f264b5fb780> 2016-05-04 21:58:28 Completed gather
1462391917087	<INFO 7f264b5fb780> 2016-05-04 21:58:37 Started scatter
1462392026270	<INFO 7f264b5fb780> 2016-05-04 22:00:26 Completed scatter
1462392029912	<INFO 7f264b5fb780> 2016-05-04 22:00:29 Completed phase 3 Bytes read 32657091868 Bytes written 17174879864
1462392039006	<INFO 7f264b5fb780> 2016-05-04 22:00:39 Started gather
1462392065787	<INFO 7f264b5fb780> 2016-05-04 22:01:05 Completed gather
1462392077111	<INFO 7f264b5fb780> 2016-05-04 22:01:17 Started scatter
1462392180892	<INFO 7f264b5fb780> 2016-05-04 22:03:00 Completed scatter
1462392186017	<INFO 7f264b5fb780> 2016-05-04 22:03:06 Completed phase 4 Bytes read 44408540780 Bytes written 22081980504
1462392195295	<INFO 7f264b5fb780> 2016-05-04 22:03:15 Started gather
1462392221887	<INFO 7f264b5fb780> 2016-05-04 22:03:41 Completed gather
1462392234532	<INFO 7f264b5fb780> 2016-05-04 22:03:54 Started scatter
1462392342721	<INFO 7f264b5fb780> 2016-05-04 22:05:42 Completed scatter
1462392346311	<INFO 7f264b5fb780> 2016-05-04 22:05:46 Completed phase 5 Bytes read 56159989692 Bytes written 26989081144
1462392355448	<INFO 7f264b5fb780> 2016-05-04 22:05:55 Started gather
1462392382363	<INFO 7f264b5fb780> 2016-05-04 22:06:22 Completed gather
1462392394085	<INFO 7f264b5fb780> 2016-05-04 22:06:34 Started scatter
1462392496851	<INFO 7f264b5fb780> 2016-05-04 22:08:16 Completed scatter
1462392499573	<INFO 7f264b5fb780> 2016-05-04 22:08:19 Completed phase 6 Bytes read 67911438604 Bytes written 31896181784
1462392508755	<INFO 7f264b5fb780> 2016-05-04 22:08:28 Started gather
1462392537816	<INFO 7f264b5fb780> 2016-05-04 22:08:57 Completed gather
1462392547244	<INFO 7f264b5fb780> 2016-05-04 22:09:07 Started scatter
1462392654772	<INFO 7f264b5fb780> 2016-05-04 22:10:54 Completed scatter
1462392656795	<INFO 7f264b5fb780> 2016-05-04 22:10:56 Completed phase 7 Bytes read 79662887516 Bytes written 36803282424
1462392656797	<INFO 7f264b5fb780> CORE::PARTITIONS_PROCESSED 1322
1462392656799	<INFO 7f264b5fb780> CORE::BYTES::EDGES_STREAMED 5745581580
1462392656801	<INFO 7f264b5fb780> CORE::BYTES::UPDATES_OUT 3270782128
1462392656804	<INFO 7f264b5fb780> CORE::BYTES::UPDATES_IN 2612399624
1462392656806	<INFO 7f0826ffd700> CORE::PARTITIONS_PROCESSED 135
1462392656808	<INFO 7f0826ffd700> CORE::BYTES::EDGES_STREAMED 8479771440
1462392656811	<INFO 7f0826ffd700> CORE::BYTES::UPDATES_OUT 4864249752
1462392656813	<INFO 7f08247f8700> CORE::PARTITIONS_PROCESSED 1314
1462392656816	<INFO 7f08247f8700> CORE::BYTES::EDGES_STREAMED 5386569432
1462392656818	<INFO 7f0826ffd700> CORE::BYTES::UPDATES_IN 4230881160
1462392656820	<INFO 7f08247f8700> CORE::BYTES::UPDATES_OUT 3078282488
1462392656822	<INFO 7f08247f8700> CORE::BYTES::UPDATES_IN 2602884848
1462392656825	<INFO 7f08257fa700> CORE::PARTITIONS_PROCESSED 1811
1462392656827	<INFO 7f0825ffb700> CORE::PARTITIONS_PROCESSED 874
1462392656829	<INFO 7f08257fa700> CORE::BYTES::EDGES_STREAMED 4887626220
1462392656831	<INFO 7f0825ffb700> CORE::BYTES::EDGES_STREAMED 5319241740
1462392656834	<INFO 7f08257fa700> CORE::BYTES::UPDATES_OUT 2802879312
1462392656836	<INFO 7f0824ff9700> CORE::PARTITIONS_PROCESSED 605
1462392656838	<INFO 7f08277fe700> CORE::PARTITIONS_PROCESSED 1615
1462392656840	<INFO 7f0824ff9700> CORE::BYTES::EDGES_STREAMED 5336717616
1462392656843	<INFO 7f0824ff9700> CORE::BYTES::UPDATES_OUT 3033467800
1462392656845	<INFO 7f08257fa700> CORE::BYTES::UPDATES_IN 2268046992
1462392656847	<INFO 7f0824ff9700> CORE::BYTES::UPDATES_IN 2462366208
1462392656849	<INFO 7f08277fe700> CORE::BYTES::EDGES_STREAMED 5745413448
1462392656851	<INFO 7f08267fc700> CORE::PARTITIONS_PROCESSED 964
1462392656854	<INFO 7f0825ffb700> CORE::BYTES::UPDATES_OUT 3043762984
1462392656856	<INFO 7f0825ffb700> CORE::BYTES::UPDATES_IN 2474093736
1462392656858	<INFO 7f08277fe700> CORE::BYTES::UPDATES_OUT 3268862792
1462392656860	<INFO 7f08267fc700> CORE::BYTES::EDGES_STREAMED 5202360336
1462392656863	<INFO 7f08277fe700> CORE::BYTES::UPDATES_IN 2600557648
1462392656865	<INFO 7f08267fc700> CORE::BYTES::UPDATES_OUT 2982445208
1462392656867	<INFO 7f08267fc700> CORE::BYTES::UPDATES_IN 2702621424
1462392656869	<INFO 7f08448b8700> SLIPSTORE service is exiting
1462392656871	<INFO 7f08448b8700> SLIPSTORE::HELP_OFFERS_RECVD 98
1462392656873	<INFO 7f08448b8700> SLIPSTORE::HELP_OFFERS_ACCEPTED 0
1462392656875	<INFO 7f08448b8700> SLIPSTORE::HELP_ACCEPTANCE_RATIO 0
1462392656878	<INFO 7f08448b8700> SLIPSTORE::SERVER_BUSY_DISK  510.039 seconds
1462392656880	<INFO 7f08448b8700> SLIPSTORE::SERVER_BUSY_MEM  0 seconds
1462392656882	<INFO 7f08448b8700> SLIPSTORE::SERVER_TOTAL  1092.2 seconds
1462392656884	<INFO 7f264b5fb780> SLIPSTORE::CLIENT::DISK_READ_TIME  547.95 seconds
1462392656886	<INFO 7f264b5fb780> SLIPSTORE::CLIENT::MEM_READ_TIME  0 seconds
1462392656888	<INFO 7f264b5fb780> SLIPSTORE::CLIENT::DISK_BYTES_READ 79662887516
1462392656891	<INFO 7f264b5fb780> SLIPSTORE::CLIENT::MEM_BYTES_READ 0
1462392656893	<INFO 7f264b5fb780> SLIPSTORE::CLIENT::WRITE_TIME  409.294 seconds
1462392656895	<INFO 7f264b5fb780> SLIPSTORE::CLIENT::BYTES_WRITTEN 36659660748
1462392656897	<INFO 7f264b5fb780> SLIPSTORE::CLIENT_BUSY  957.244 seconds
1462392656899	<INFO 7f264b5fb780> SLIPSTORE::IO::TIME 322.459 seconds
1462392656902	<INFO 7f264b5fb780> SLIPSTORE::SNAP::TIME 0 seconds
1462392656904	<INFO 7f264b5fb780> SLIPSTORE::MAX_DISK_USAGE_BYTES 11235118600
1462392657383	<INFO 7f264b5fb780> CORE::RUSAGE::MAX_RSS_KB 125868792
1462392657386	<INFO 7f264b5fb780> CORE::RUSAGE::MINFLT 77556169
1462392657388	<INFO 7f264b5fb780> CORE::RUSAGE::MAJFLT 3
1462392657390	<INFO 7f264b5fb780> CORE::RUSAGE::MAJFLT 3
1462392657392	<INFO 7f264b5fb780> CORE::RUSAGE::INBLK 143939232
1462392657395	<INFO 7f264b5fb780> CORE::RUSAGE::OUBLK 71884208
1462392657397	<INFO 7f264b5fb780> CORE::UTILS::BYTES_READ 79662887516
1462392657399	<INFO 7f264b5fb780> CORE::UTILS::BYTES_WRITTEN 36803282424
1462392657402	<INFO 7f264b5fb780> CORE::UTILS::TILE_COPY_BYTES 5163303120
1462392657404	<INFO 7f264b5fb780> CORE::TIME::IO_WAIT 810.982 seconds
1462392657406	<INFO 7f264b5fb780> CORE::TIME_TILE_COPY 0 seconds
1462392657409	<INFO 7f264b5fb780> CORE::TIME_TILE_MERGE 0 seconds
1462392657411	<INFO 7f264b5fb780> CORE::TIME_PROCESSING_STOLEN 0 seconds
1462392657413	<INFO 7f264b5fb780> CORE::TIME_MERGE_WAIT 0 seconds
1462392657415	<INFO 7f264b5fb780> CORE::OTHER_TIME_ALL_MC_BARRIER 0 seconds
1462392657418	<INFO 7f264b5fb780> CORE::SCATTER_TIME_ALL_MC_BARRIER 15.0535 seconds
1462392657420	<INFO 7f264b5fb780> CORE::GATHER_TIME_ALL_MC_BARRIER 3.07842 seconds
1462392657422	<INFO 7f264b5fb780> CORE::INIT_TIME_ALL_MC_BARRIER 2.19539 seconds
1462392657426	<INFO 7f264b5fb780> CORE::SHUT_DOWN_TIME_ALL_MC_BARRIER 0.012419 seconds
1462392657428	<INFO 7f264b5fb780> CORE::STREAM_SKIP_BEFORE_TIME_ALL_MC_BARRIER 46.5522 seconds
1462392657430	<INFO 7f264b5fb780> CORE::TAKE_CHECKPOINT_BEFORE_TIME_ALL_MC_BARRIER 0 seconds
1462392657433	<INFO 7f264b5fb780> CORE::TAKE_CHECKPOINT_COMPLETE_TIME_ALL_MC_BARRIER 0 seconds
1462392657435	<INFO 7f264b5fb780> CORE::METADATA_WRITE_COMPLETE_TIME_ALL_MC_BARRIER 0 seconds
1462392657437	<INFO 7f264b5fb780> CORE::STREAM_EOF_BEFORE_TIME_ALL_MC_BARRIER 0 seconds
1462392657440	<INFO 7f264b5fb780> CORE::STREAM_EOF_AFTER_TIME_ALL_MC_BARRIER 0 seconds
1462392657442	<INFO 7f264b5fb780> CORE::STATE_LOAD_TIME_ALL_MC_BARRIER 0 seconds
1462392657445	<INFO 7f264b5fb780> CORE::STATE_STORE_TIME_ALL_MC_BARRIER 0 seconds
1462392657447	<INFO 7f264b5fb780> CORE::PHASES 7
1462392657449	<INFO 7f264b5fb780> CORE::TIME::SETUP 3.53644 seconds
1462392657452	<INFO 7f264b5fb780> CORE::TIME::STATE_ITER 11.221 seconds
1462392657454	<INFO 7f264b5fb780> CORE::TIME::GATHER 253.791 seconds
1462392657456	<INFO 7f264b5fb780> CORE::TIME::SCATTER 699.058 seconds
1462392657459	<INFO 7f264b5fb780> CORE::TIME::WALL 1094.56 seconds
1462392657461	<INFO 7f264b5fb780> SHUTDOWN
