1461695017521	<INFO 7fb136f6b740> 2016-04-26 20:23:37 STARTUP
1461695017525	<INFO 7fb136f6b740> CORE::GRAPH rmat-28_s8
1461695017529	<INFO 7fb136f6b740> CORE::ALGORITHM pagerank
1461695017533	<INFO 7fb136f6b740> CORE::VERTEX_STRIPING OFF
1461695017537	<INFO 7fb136f6b740> CORE::OPTIMIZED_STATE_LOAD_STORE OFF
1461695017540	<INFO 7fb136f6b740> CORE::BINARY_SEARCH_SUPER_PARTITION ON
1461695017544	<INFO 7fb136f6b740> CORE::SUPER_PARTITION_COMPUTED_FOR_EACH_SCATTER_GATHER_PHASE
1461695017548	<INFO 7fb136f6b740> CORE::BATCH IO OFF
1461695017552	<INFO 7fb136f6b740> 2016-04-26 20:23:37 Blocking memory amount 126701535232
1461695124888	<INFO 7fb136f6b740> 2016-04-26 20:25:24 Done blocking memory
1461695124892	<INFO 7fb136f6b740> SG-DRIVER-ORIGINAL
1461695124896	<INFO 7fb136f6b740> 2016-04-26 20:25:24 START read config parameters
1461695124899	<INFO 7fb136f6b740> PARTITIONING::OLD 0
1461695124903	<INFO 7fb136f6b740> PARTITIONING::BALANCED_PARTITIONS 0
1461695124906	<INFO 7fb136f6b740> CORE::CONFIG::PROCESSORS 8
1461695124909	<INFO 7fb136f6b740> CORE::CONFIG::PHYSICAL_MEMORY 2147483648
1461695124913	<INFO 7fb136f6b740> CORE::CONFIG::VERTICES 268435456
1461695124917	<INFO 7fb136f6b740> CORE::CONFIG::VERTEX_SIZE 12
1461695124920	<INFO 7fb136f6b740> CORE::CONFIG::VERTEX_BUFFER 1306428636
1461695124924	<INFO 7fb136f6b740> CORE::CONFIG::EDGES 536870912
1461695124927	<INFO 7fb136f6b740> CORE::CONFIG::PARTITIONS 64
1461695124931	<INFO 7fb136f6b740> CORE::CONFIG::FANOUT 64
1461695124934	<INFO 7fb136f6b740> CORE::CONFIG::SUPER_PARTITIONS 8
1461695124937	<INFO 7fb136f6b740> CORE::CONFIG::TILES 1
1461695124941	<INFO 7fb136f6b740> CORE::CONFIG::BUFFER_SIZE 168209876
1461695124945	<INFO 7fb136f6b740> CORE::CONFIG::MAX_BUFFERS 4
1461695124948	<INFO 7fb136f6b740> CORE::CONFIG::MAX_STREAMS 4
1461695124952	<INFO 7fb136f6b740> CORE::CONFIG::SUM_OF_OUT_DEGREES_FOR_NEW_PARTITIONS::FIRST_CONSTRAINT 0
1461695124955	<INFO 7fb136f6b740> CORE::CONFIG::MAX_EDGES_PER_NEW_PARTITION::SECOND_CONSTRAINT 0
1461695124959	<INFO 7fb136f6b740> SLIPSTREAM::EXT_MEM_SHUFFLE OFF
1461695124963	<INFO 7fb136f6b740> 2016-04-26 20:25:24 END read config parameters
1461695126680	<WARNING 7fb136f6b740> Unable to unlink file (stream.0.0.0):No such file or directory
1461695126684	<WARNING 7fb136f6b740> Unable to unlink file (stream.0.1.0):No such file or directory
1461695126687	<WARNING 7fb136f6b740> Unable to unlink file (stream.0.2.0):No such file or directory
1461695126691	<WARNING 7fb136f6b740> Unable to unlink file (stream.0.3.0):No such file or directory
1461695126694	<WARNING 7fb136f6b740> Unable to unlink file (stream.0.4.0):No such file or directory
1461695126698	<WARNING 7fb136f6b740> Unable to unlink file (stream.0.5.0):No such file or directory
1461695126702	<WARNING 7fb136f6b740> Unable to unlink file (stream.0.6.0):No such file or directory
1461695126706	<WARNING 7fb136f6b740> Unable to unlink file (stream.0.7.0):No such file or directory
1461695126709	<WARNING 7fb136f6b740> Unable to unlink file (stream.1.1.0):No such file or directory
1461695126713	<WARNING 7fb136f6b740> Unable to unlink file (stream.1.2.0):No such file or directory
1461695126716	<WARNING 7fb136f6b740> Unable to unlink file (stream.1.3.0):No such file or directory
1461695126720	<WARNING 7fb136f6b740> Unable to unlink file (stream.1.4.0):No such file or directory
1461695126723	<WARNING 7fb136f6b740> Unable to unlink file (stream.1.5.0):No such file or directory
1461695126727	<WARNING 7fb136f6b740> Unable to unlink file (stream.1.6.0):No such file or directory
1461695126731	<WARNING 7fb136f6b740> Unable to unlink file (stream.1.7.0):No such file or directory
1461695126734	<WARNING 7fb136f6b740> Unable to unlink file (stream.2.0.0):No such file or directory
1461695126738	<WARNING 7fb136f6b740> Unable to unlink file (stream.2.1.0):No such file or directory
1461695126741	<WARNING 7fb136f6b740> Unable to unlink file (stream.2.2.0):No such file or directory
1461695126745	<WARNING 7fb136f6b740> Unable to unlink file (stream.2.3.0):No such file or directory
1461695126749	<WARNING 7fb136f6b740> Unable to unlink file (stream.2.4.0):No such file or directory
1461695126752	<WARNING 7fb136f6b740> Unable to unlink file (stream.2.5.0):No such file or directory
1461695126756	<WARNING 7fb136f6b740> Unable to unlink file (stream.2.6.0):No such file or directory
1461695126759	<WARNING 7fb136f6b740> Unable to unlink file (stream.2.7.0):No such file or directory
1461695126762	<WARNING 7fb136f6b740> Unable to unlink file (stream.3.0.0):No such file or directory
1461695126765	<WARNING 7fb136f6b740> Unable to unlink file (stream.3.1.0):No such file or directory
1461695126769	<WARNING 7fb136f6b740> Unable to unlink file (stream.3.2.0):No such file or directory
1461695126772	<WARNING 7fb136f6b740> Unable to unlink file (stream.3.3.0):No such file or directory
1461695126775	<WARNING 7fb136f6b740> Unable to unlink file (stream.3.4.0):No such file or directory
1461695126779	<WARNING 7fb136f6b740> Unable to unlink file (stream.3.5.0):No such file or directory
1461695126782	<WARNING 7fb136f6b740> Unable to unlink file (stream.3.6.0):No such file or directory
1461695126785	<WARNING 7fb136f6b740> Unable to unlink file (stream.3.7.0):No such file or directory
1461695126788	<INFO 7fb136f6b740> SLIPSTORE::ZMQ_THREADS 2
1461695126792	<INFO 7fb136f6b740> SLIPSTORE::COMM Connecting to tcp://dco-node137-10g:5016
1461695126795	<INFO 7fb136f6b740> SLIPSTORE::COMM Connecting to tcp://dco-node138-10g:5034
1461695126798	<INFO 7fb136f6b740> SLIPSTORE::COMM Connecting to tcp://dco-node139-10g:5052
1461695126801	<INFO 7fb136f6b740> SLIPSTORE::COMM Connecting to tcp://dco-node140-10g:5070
1461695126805	<INFO 7fb136f6b740> SLIPSTORE::COMM Connecting to tcp://dco-node141-10g:5088
1461695126808	<INFO 7fb136f6b740> SLIPSTORE::COMM Connecting to tcp://dco-node142-10g:5106
1461695126811	<INFO 7fb136f6b740> SLIPSTORE::COMM Connecting to tcp://dco-node143-10g:5124
1461695126814	<INFO 7fb136f6b740> SLIPSTORE::COMM Connecting to tcp://dco-node144-10g:5142
1461695126817	<INFO 7fb136f6b740> SLIPSTORE::COMM Listening at tcp://ens1f0:5098
1461695126820	<INFO 7fb136f6b740> SLIPSTORE::COMM Listening at tcp://ens1f0:5099
1461695126824	<INFO 7fb136f6b740> SLIPSTORE::COMM Listening at tcp://ens1f0:5100
1461695126827	<INFO 7fb136f6b740> SLIPSTORE::COMM Listening at tcp://ens1f0:5101
1461695126830	<INFO 7fb136f6b740> SLIPSTORE::COMM Listening at tcp://ens1f0:5102
1461695126833	<INFO 7fb136f6b740> SLIPSTORE::COMM Listening at ipc://client
1461695126836	<INFO 7fb136f6b740> SLIPSTORE::COMM Listening at tcp://ens1f0:5104
1461695126839	<INFO 7fb136f6b740> SLIPSTORE::COMM Listening at tcp://ens1f0:5105
1461695126843	<INFO 7fb136f6b740> SLIPSTORE::COMM Connecting to tcp://dco-node137-10g:5016
1461695126846	<INFO 7fb136f6b740> SLIPSTORE::COMM Connecting to tcp://dco-node138-10g:5034
1461695126848	<INFO 7fb136f6b740> SLIPSTORE::COMM Connecting to tcp://dco-node139-10g:5052
1461695126852	<INFO 7fb136f6b740> SLIPSTORE::COMM Connecting to tcp://dco-node140-10g:5070
1461695126855	<INFO 7fb136f6b740> SLIPSTORE::COMM Connecting to tcp://dco-node141-10g:5088
1461695126857	<INFO 7fb136f6b740> SLIPSTORE::COMM Connecting to tcp://dco-node142-10g:5106
1461695126861	<INFO 7fb136f6b740> SLIPSTORE::COMM Connecting to tcp://dco-node143-10g:5124
1461695126863	<INFO 7fb136f6b740> SLIPSTORE::COMM Connecting to tcp://dco-node144-10g:5142
1461695126866	<INFO 7fb136f6b740> SLIPSTORE::COMM Connecting to tcp://dco-node137-10g:5005
1461695126869	<INFO 7fb136f6b740> SLIPSTORE::COMM Connecting to tcp://dco-node138-10g:5023
1461695126871	<INFO 7fb136f6b740> SLIPSTORE::COMM Connecting to tcp://dco-node139-10g:5041
1461695126874	<INFO 7fb136f6b740> SLIPSTORE::COMM Connecting to tcp://dco-node140-10g:5059
1461695126876	<INFO 7fb136f6b740> SLIPSTORE::COMM Connecting to tcp://dco-node141-10g:5077
1461695126880	<INFO 7fb136f6b740> SLIPSTORE::COMM Connecting to ipc://server
1461695126883	<INFO 7fb136f6b740> SLIPSTORE::COMM Connecting to tcp://dco-node143-10g:5113
1461695126887	<INFO 7fb136f6b740> SLIPSTORE::COMM Connecting to tcp://dco-node144-10g:5131
1461695126890	<INFO 7fb136f6b740> SLIPSTORE::COMM Connecting to tcp://dco-node143-10g:5125
1461695126892	<INFO 7fb136f6b740> SLIPSTORE::COMM Listening at tcp://ens1f0:5107
1461695126895	<INFO 7fb136f6b740> SLIPSTORE::COMM Connecting to tcp://dco-node142-10g:5106
1461695126897	<INFO 7fb136f6b740> SLIPSTORE::HELP_POLICY NONE
1461695126900	<INFO 7fb136f6b740> SLIPSTORE::SERVER ASYNC
1461695126903	<INFO 7fb136f6b740> SLIPSTORE::MACHINES 8
1461695126906	<INFO 7fb136f6b740> SLIPSTORE::ME 5
1461695126909	<INFO 7fb136f6b740> SLIPSTORE::SLIPCHUNK 4194304
1461695126911	<INFO 7fb136f6b740> SLIPSTORE::QUOTA 18446744073709551615
1461695126914	<INFO 7fb136f6b740> SLIPSTORE::IO PAGECACHE
1461695126917	<INFO 7f93233fd700> SLIPSTORE::COMM Listening at tcp://ens1f0:5106
1461695126921	<INFO 7f93233fd700> SLIPSTORE::COMM Listening at tcp://ens1f0:5090
1461695126924	<INFO 7f93233fd700> SLIPSTORE::COMM Connecting to tcp://dco-node137-10g:5013
1461695126926	<INFO 7f93233fd700> SLIPSTORE::COMM Listening at tcp://ens1f0:5091
1461695126929	<INFO 7f93233fd700> SLIPSTORE::COMM Connecting to tcp://dco-node138-10g:5031
1461695126932	<INFO 7f93233fd700> SLIPSTORE::COMM Listening at tcp://ens1f0:5092
1461695126935	<INFO 7f93233fd700> SLIPSTORE::COMM Connecting to tcp://dco-node139-10g:5049
1461695126937	<INFO 7f93233fd700> SLIPSTORE::COMM Listening at tcp://ens1f0:5093
1461695126940	<INFO 7f93233fd700> SLIPSTORE::COMM Connecting to tcp://dco-node140-10g:5067
1461695126943	<INFO 7f93233fd700> SLIPSTORE::COMM Listening at tcp://ens1f0:5094
1461695126946	<INFO 7f93233fd700> SLIPSTORE::COMM Connecting to tcp://dco-node141-10g:5085
1461695126950	<INFO 7f93233fd700> SLIPSTORE::COMM Listening at ipc://server
1461695126952	<INFO 7f93233fd700> SLIPSTORE::COMM Connecting to ipc://client
1461695126955	<INFO 7f93233fd700> SLIPSTORE::COMM Listening at tcp://ens1f0:5096
1461695126957	<INFO 7f93233fd700> SLIPSTORE::COMM Connecting to tcp://dco-node143-10g:5121
1461695126960	<INFO 7f93233fd700> SLIPSTORE::COMM Listening at tcp://ens1f0:5097
1461695126963	<INFO 7f93233fd700> SLIPSTORE::COMM Connecting to tcp://dco-node144-10g:5139
1461695127869	<INFO 7fb136f6b740> SLIPSTORE::CHECKPOINTS NONE FOUND
1461695127871	<INFO 7fb136f6b740> 2016-04-26 20:25:27 Start edge split
1461695182865	<INFO 7fb136f6b740> 2016-04-26 20:26:22 Completed init
1461695187164	<INFO 7fb136f6b740> 2016-04-26 20:26:27 Started gather
1461695191367	<INFO 7fb136f6b740> 2016-04-26 20:26:31 Completed gather
1461695195682	<INFO 7fb136f6b740> 2016-04-26 20:26:35 Started scatter
1461695225917	<INFO 7fb136f6b740> 2016-04-26 20:27:05 Completed scatter
1461695228167	<INFO 7fb136f6b740> 2016-04-26 20:27:08 Completed phase 1 Bytes read 14036131356 Bytes written 7593680412
1461695236873	<INFO 7fb136f6b740> 2016-04-26 20:27:16 Started gather
1461695240839	<INFO 7fb136f6b740> 2016-04-26 20:27:20 Completed gather
1461695245457	<INFO 7fb136f6b740> 2016-04-26 20:27:25 Started gather
1461695300063	<INFO 7fb136f6b740> 2016-04-26 20:28:20 Completed gather
1461695313598	<INFO 7fb136f6b740> 2016-04-26 20:28:33 Completed phase 2 Bytes read 22378539672 Bytes written 13904105172
1461695324466	<INFO 7fb136f6b740> 2016-04-26 20:28:44 Started gather
1461695353233	<INFO 7fb136f6b740> 2016-04-26 20:29:13 Completed gather
1461695438415	<INFO 7fb136f6b740> 2016-04-26 20:30:38 Started scatter
1461695484842	<INFO 7fb136f6b740> 2016-04-26 20:31:24 Completed scatter
1461695489401	<INFO 7fb136f6b740> 2016-04-26 20:31:29 Completed phase 3 Bytes read 34785189036 Bytes written 19465802028
1461695498144	<INFO 7fb136f6b740> 2016-04-26 20:31:38 Started gather
1461695528765	<INFO 7fb136f6b740> 2016-04-26 20:32:08 Completed gather
1461695600751	<INFO 7fb136f6b740> 2016-04-26 20:33:20 Started scatter
1461695646292	<INFO 7fb136f6b740> 2016-04-26 20:34:06 Completed scatter
1461695652293	<INFO 7fb136f6b740> 2016-04-26 20:34:12 Completed phase 4 Bytes read 47191838400 Bytes written 25027498884
1461695661513	<INFO 7fb136f6b740> 2016-04-26 20:34:21 Started gather
1461695691544	<INFO 7fb136f6b740> 2016-04-26 20:34:51 Completed gather
1461695763171	<INFO 7fb136f6b740> 2016-04-26 20:36:03 Started scatter
1461695809039	<INFO 7fb136f6b740> 2016-04-26 20:36:49 Completed scatter
1461695814382	<INFO 7fb136f6b740> 2016-04-26 20:36:54 Completed phase 5 Bytes read 59598487764 Bytes written 30589195740
1461695823641	<INFO 7fb136f6b740> 2016-04-26 20:37:03 Started gather
1461695854134	<INFO 7fb136f6b740> 2016-04-26 20:37:34 Completed gather
1461695927524	<INFO 7fb136f6b740> 2016-04-26 20:38:47 Started scatter
1461695974808	<INFO 7fb136f6b740> 2016-04-26 20:39:34 Completed scatter
1461695979725	<INFO 7fb136f6b740> 2016-04-26 20:39:39 Completed phase 6 Bytes read 72005137128 Bytes written 36150892596
1461695988843	<INFO 7fb136f6b740> 2016-04-26 20:39:48 Started gather
1461696018277	<INFO 7fb136f6b740> 2016-04-26 20:40:18 Completed gather
1461696091882	<INFO 7fb136f6b740> 2016-04-26 20:41:31 Started scatter
1461696140878	<INFO 7fb136f6b740> 2016-04-26 20:42:20 Completed scatter
1461696144780	<INFO 7fb136f6b740> 2016-04-26 20:42:24 Completed phase 7 Bytes read 84411786492 Bytes written 41712589452
1461696144782	<INFO 7fb136f6b740> CORE::PARTITIONS_PROCESSED 1504
1461696144785	<INFO 7fb136f6b740> CORE::BYTES::EDGES_STREAMED 4370769036
1461696144787	<INFO 7fb136f6b740> CORE::BYTES::UPDATES_OUT 2505981104
1461696144789	<INFO 7fb136f6b740> CORE::BYTES::UPDATES_IN 2113116040
1461696144791	<INFO 7f9320bf8700> CORE::PARTITIONS_PROCESSED 1373
1461696144794	<INFO 7f93223fb700> CORE::PARTITIONS_PROCESSED 558
1461696144796	<INFO 7f930effd700> CORE::PARTITIONS_PROCESSED 1111
1461696144799	<INFO 7f930f7fe700> CORE::PARTITIONS_PROCESSED 1241
1461696144801	<INFO 7f9321bfa700> CORE::PARTITIONS_PROCESSED 627
1461696144803	<INFO 7f9320bf8700> CORE::BYTES::EDGES_STREAMED 4443379104
1461696144806	<INFO 7f930f7fe700> CORE::BYTES::EDGES_STREAMED 7385782980
1461696144808	<INFO 7f9321bfa700> CORE::BYTES::EDGES_STREAMED 5287605600
1461696144810	<INFO 7f930ffff700> CORE::PARTITIONS_PROCESSED 961
1461696144813	<INFO 7f93213f9700> CORE::PARTITIONS_PROCESSED 625
1461696144815	<INFO 7f93223fb700> CORE::BYTES::EDGES_STREAMED 5052906228
1461696144817	<INFO 7f9321bfa700> CORE::BYTES::UPDATES_OUT 3018310152
1461696144819	<INFO 7f93213f9700> CORE::BYTES::EDGES_STREAMED 5324349048
1461696144821	<INFO 7f93223fb700> CORE::BYTES::UPDATES_OUT 2928520528
1461696144824	<INFO 7f9320bf8700> CORE::BYTES::UPDATES_OUT 2535267376
1461696144826	<INFO 7f93213f9700> CORE::BYTES::UPDATES_OUT 3041694648
1461696144828	<INFO 7f9321bfa700> CORE::BYTES::UPDATES_IN 2523780016
1461696144831	<INFO 7f930effd700> CORE::BYTES::EDGES_STREAMED 6375729588
1461696144833	<INFO 7f9320bf8700> CORE::BYTES::UPDATES_IN 2120315600
1461696144835	<INFO 7f930ffff700> CORE::BYTES::EDGES_STREAMED 4433050644
1461696144837	<INFO 7f930f7fe700> CORE::BYTES::UPDATES_OUT 4229772608
1461696144839	<INFO 7f930effd700> CORE::BYTES::UPDATES_OUT 3591313528
1461696144842	<INFO 7f93223fb700> CORE::BYTES::UPDATES_IN 2502642272
1461696144844	<INFO 7f930ffff700> CORE::BYTES::UPDATES_OUT 2534038472
1461696144846	<INFO 7f93213f9700> CORE::BYTES::UPDATES_IN 2531293160
1461696144848	<INFO 7f930effd700> CORE::BYTES::UPDATES_IN 2936841880
1461696144851	<INFO 7f930f7fe700> CORE::BYTES::UPDATES_IN 3479583928
1461696144853	<INFO 7f930ffff700> CORE::BYTES::UPDATES_IN 2113632344
1461696144855	<INFO 7f93233fd700> SLIPSTORE service is exiting
1461696144858	<INFO 7f93233fd700> SLIPSTORE::HELP_OFFERS_RECVD 98
1461696144860	<INFO 7f93233fd700> SLIPSTORE::HELP_OFFERS_ACCEPTED 0
1461696144862	<INFO 7f93233fd700> SLIPSTORE::HELP_ACCEPTANCE_RATIO 0
1461696144864	<INFO 7f93233fd700> SLIPSTORE::SERVER_BUSY_DISK  373.39 seconds
1461696144867	<INFO 7f93233fd700> SLIPSTORE::SERVER_BUSY_MEM  0 seconds
1461696144869	<INFO 7f93233fd700> SLIPSTORE::SERVER_TOTAL  1018.08 seconds
1461696144871	<INFO 7fb136f6b740> SLIPSTORE::CLIENT::DISK_READ_TIME  392.096 seconds
1461696144874	<INFO 7fb136f6b740> SLIPSTORE::CLIENT::MEM_READ_TIME  0 seconds
1461696144876	<INFO 7fb136f6b740> SLIPSTORE::CLIENT::DISK_BYTES_READ 84411786492
1461696144878	<INFO 7fb136f6b740> SLIPSTORE::CLIENT::MEM_BYTES_READ 0
1461696144881	<INFO 7fb136f6b740> SLIPSTORE::CLIENT::WRITE_TIME  174.438 seconds
1461696144883	<INFO 7fb136f6b740> SLIPSTORE::CLIENT::BYTES_WRITTEN 42058267920
1461696144886	<INFO 7fb136f6b740> SLIPSTORE::CLIENT_BUSY  566.534 seconds
1461696144888	<INFO 7fb136f6b740> SLIPSTORE::IO::TIME 362.839 seconds
1461696144890	<INFO 7fb136f6b740> SLIPSTORE::SNAP::TIME 0 seconds
1461696144892	<INFO 7fb136f6b740> SLIPSTORE::MAX_DISK_USAGE_BYTES 10909193556
1461696144947	<INFO 7fb136f6b740> CORE::RUSAGE::MAX_RSS_KB 125886648
1461696144950	<INFO 7fb136f6b740> CORE::RUSAGE::MINFLT 31468301
1461696144952	<INFO 7fb136f6b740> CORE::RUSAGE::MAJFLT 6
1461696144954	<INFO 7fb136f6b740> CORE::RUSAGE::MAJFLT 6
1461696144957	<INFO 7fb136f6b740> CORE::RUSAGE::INBLK 135116456
1461696144959	<INFO 7fb136f6b740> CORE::RUSAGE::OUBLK 81469984
1461696144961	<INFO 7fb136f6b740> CORE::UTILS::BYTES_READ 84411786492
1461696144964	<INFO 7fb136f6b740> CORE::UTILS::BYTES_WRITTEN 41712589452
1461696144966	<INFO 7fb136f6b740> CORE::UTILS::TILE_COPY_BYTES 14974558080
1461696144968	<INFO 7fb136f6b740> CORE::TIME::IO_WAIT 359.688 seconds
1461696144971	<INFO 7fb136f6b740> CORE::TIME_TILE_COPY 0 seconds
1461696144973	<INFO 7fb136f6b740> CORE::TIME_TILE_MERGE 0 seconds
1461696144975	<INFO 7fb136f6b740> CORE::TIME_PROCESSING_STOLEN 0 seconds
1461696144978	<INFO 7fb136f6b740> CORE::TIME_MERGE_WAIT 0 seconds
1461696144980	<INFO 7fb136f6b740> CORE::OTHER_TIME_ALL_MC_BARRIER 0 seconds
1461696144982	<INFO 7fb136f6b740> CORE::SCATTER_TIME_ALL_MC_BARRIER 24.1805 seconds
1461696144985	<INFO 7fb136f6b740> CORE::GATHER_TIME_ALL_MC_BARRIER 12.5402 seconds
1461696144987	<INFO 7fb136f6b740> CORE::INIT_TIME_ALL_MC_BARRIER 4.09785 seconds
1461696144989	<INFO 7fb136f6b740> CORE::SHUT_DOWN_TIME_ALL_MC_BARRIER 0.014635 seconds
1461696144992	<INFO 7fb136f6b740> CORE::STREAM_SKIP_BEFORE_TIME_ALL_MC_BARRIER 26.2838 seconds
1461696144994	<INFO 7fb136f6b740> CORE::TAKE_CHECKPOINT_BEFORE_TIME_ALL_MC_BARRIER 0 seconds
1461696144997	<INFO 7fb136f6b740> CORE::TAKE_CHECKPOINT_COMPLETE_TIME_ALL_MC_BARRIER 0 seconds
1461696144999	<INFO 7fb136f6b740> CORE::METADATA_WRITE_COMPLETE_TIME_ALL_MC_BARRIER 0 seconds
1461696145001	<INFO 7fb136f6b740> CORE::STREAM_EOF_BEFORE_TIME_ALL_MC_BARRIER 0 seconds
1461696145004	<INFO 7fb136f6b740> CORE::STREAM_EOF_AFTER_TIME_ALL_MC_BARRIER 0 seconds
1461696145006	<INFO 7fb136f6b740> CORE::STATE_LOAD_TIME_ALL_MC_BARRIER 0 seconds
1461696145008	<INFO 7fb136f6b740> CORE::STATE_STORE_TIME_ALL_MC_BARRIER 0 seconds
1461696145011	<INFO 7fb136f6b740> CORE::PHASES 7
1461696145013	<INFO 7fb136f6b740> CORE::TIME::SETUP 3.14524 seconds
1461696145015	<INFO 7fb136f6b740> CORE::TIME::STATE_ITER 33.7986 seconds
1461696145018	<INFO 7fb136f6b740> CORE::TIME::GATHER 568.489 seconds
1461696145020	<INFO 7fb136f6b740> CORE::TIME::SCATTER 359.341 seconds
1461696145022	<INFO 7fb136f6b740> CORE::TIME::WALL 1020.06 seconds
1461696145025	<INFO 7fb136f6b740> SHUTDOWN
