1461695017284	<INFO 7f2e4be36740> 2016-04-26 20:23:37 STARTUP
1461695017288	<INFO 7f2e4be36740> CORE::GRAPH rmat-28_s8
1461695017292	<INFO 7f2e4be36740> CORE::ALGORITHM pagerank
1461695017296	<INFO 7f2e4be36740> CORE::VERTEX_STRIPING OFF
1461695017300	<INFO 7f2e4be36740> CORE::OPTIMIZED_STATE_LOAD_STORE OFF
1461695017303	<INFO 7f2e4be36740> CORE::BINARY_SEARCH_SUPER_PARTITION ON
1461695017307	<INFO 7f2e4be36740> CORE::SUPER_PARTITION_COMPUTED_FOR_EACH_SCATTER_GATHER_PHASE
1461695017311	<INFO 7f2e4be36740> CORE::BATCH IO OFF
1461695017315	<INFO 7f2e4be36740> 2016-04-26 20:23:37 Blocking memory amount 126701535232
1461695124878	<INFO 7f2e4be36740> 2016-04-26 20:25:24 Done blocking memory
1461695124883	<INFO 7f2e4be36740> SG-DRIVER-ORIGINAL
1461695124886	<INFO 7f2e4be36740> 2016-04-26 20:25:24 START read config parameters
1461695124890	<INFO 7f2e4be36740> PARTITIONING::OLD 0
1461695124894	<INFO 7f2e4be36740> PARTITIONING::BALANCED_PARTITIONS 0
1461695124898	<INFO 7f2e4be36740> CORE::CONFIG::PROCESSORS 8
1461695124902	<INFO 7f2e4be36740> CORE::CONFIG::PHYSICAL_MEMORY 2147483648
1461695124906	<INFO 7f2e4be36740> CORE::CONFIG::VERTICES 268435456
1461695124909	<INFO 7f2e4be36740> CORE::CONFIG::VERTEX_SIZE 12
1461695124913	<INFO 7f2e4be36740> CORE::CONFIG::VERTEX_BUFFER 1306428636
1461695124917	<INFO 7f2e4be36740> CORE::CONFIG::EDGES 536870912
1461695124921	<INFO 7f2e4be36740> CORE::CONFIG::PARTITIONS 64
1461695124925	<INFO 7f2e4be36740> CORE::CONFIG::FANOUT 64
1461695124928	<INFO 7f2e4be36740> CORE::CONFIG::SUPER_PARTITIONS 8
1461695124932	<INFO 7f2e4be36740> CORE::CONFIG::TILES 1
1461695124936	<INFO 7f2e4be36740> CORE::CONFIG::BUFFER_SIZE 168209876
1461695124939	<INFO 7f2e4be36740> CORE::CONFIG::MAX_BUFFERS 4
1461695124943	<INFO 7f2e4be36740> CORE::CONFIG::MAX_STREAMS 4
1461695124947	<INFO 7f2e4be36740> CORE::CONFIG::SUM_OF_OUT_DEGREES_FOR_NEW_PARTITIONS::FIRST_CONSTRAINT 0
1461695124951	<INFO 7f2e4be36740> CORE::CONFIG::MAX_EDGES_PER_NEW_PARTITION::SECOND_CONSTRAINT 0
1461695124954	<INFO 7f2e4be36740> SLIPSTREAM::EXT_MEM_SHUFFLE OFF
1461695124959	<INFO 7f2e4be36740> 2016-04-26 20:25:24 END read config parameters
1461695126660	<WARNING 7f2e4be36740> Unable to unlink file (stream.0.0.0):No such file or directory
1461695126664	<WARNING 7f2e4be36740> Unable to unlink file (stream.0.1.0):No such file or directory
1461695126668	<WARNING 7f2e4be36740> Unable to unlink file (stream.0.2.0):No such file or directory
1461695126671	<WARNING 7f2e4be36740> Unable to unlink file (stream.0.3.0):No such file or directory
1461695126675	<WARNING 7f2e4be36740> Unable to unlink file (stream.0.4.0):No such file or directory
1461695126680	<WARNING 7f2e4be36740> Unable to unlink file (stream.0.5.0):No such file or directory
1461695126685	<WARNING 7f2e4be36740> Unable to unlink file (stream.0.6.0):No such file or directory
1461695126689	<WARNING 7f2e4be36740> Unable to unlink file (stream.0.7.0):No such file or directory
1461695126693	<WARNING 7f2e4be36740> Unable to unlink file (stream.1.1.0):No such file or directory
1461695126696	<WARNING 7f2e4be36740> Unable to unlink file (stream.1.2.0):No such file or directory
1461695126700	<WARNING 7f2e4be36740> Unable to unlink file (stream.1.3.0):No such file or directory
1461695126704	<WARNING 7f2e4be36740> Unable to unlink file (stream.1.4.0):No such file or directory
1461695126709	<WARNING 7f2e4be36740> Unable to unlink file (stream.1.5.0):No such file or directory
1461695126712	<WARNING 7f2e4be36740> Unable to unlink file (stream.1.6.0):No such file or directory
1461695126717	<WARNING 7f2e4be36740> Unable to unlink file (stream.1.7.0):No such file or directory
1461695126720	<WARNING 7f2e4be36740> Unable to unlink file (stream.2.0.0):No such file or directory
1461695126725	<WARNING 7f2e4be36740> Unable to unlink file (stream.2.1.0):No such file or directory
1461695126729	<WARNING 7f2e4be36740> Unable to unlink file (stream.2.2.0):No such file or directory
1461695126733	<WARNING 7f2e4be36740> Unable to unlink file (stream.2.3.0):No such file or directory
1461695126737	<WARNING 7f2e4be36740> Unable to unlink file (stream.2.4.0):No such file or directory
1461695126741	<WARNING 7f2e4be36740> Unable to unlink file (stream.2.5.0):No such file or directory
1461695126745	<WARNING 7f2e4be36740> Unable to unlink file (stream.2.6.0):No such file or directory
1461695126749	<WARNING 7f2e4be36740> Unable to unlink file (stream.2.7.0):No such file or directory
1461695126753	<WARNING 7f2e4be36740> Unable to unlink file (stream.3.0.0):No such file or directory
1461695126757	<WARNING 7f2e4be36740> Unable to unlink file (stream.3.1.0):No such file or directory
1461695126761	<WARNING 7f2e4be36740> Unable to unlink file (stream.3.2.0):No such file or directory
1461695126765	<WARNING 7f2e4be36740> Unable to unlink file (stream.3.3.0):No such file or directory
1461695126768	<WARNING 7f2e4be36740> Unable to unlink file (stream.3.4.0):No such file or directory
1461695126773	<WARNING 7f2e4be36740> Unable to unlink file (stream.3.5.0):No such file or directory
1461695126777	<WARNING 7f2e4be36740> Unable to unlink file (stream.3.6.0):No such file or directory
1461695126781	<WARNING 7f2e4be36740> Unable to unlink file (stream.3.7.0):No such file or directory
1461695126785	<INFO 7f2e4be36740> SLIPSTORE::ZMQ_THREADS 2
1461695126789	<INFO 7f2e4be36740> SLIPSTORE::COMM Connecting to tcp://dco-node137-10g:5016
1461695126793	<INFO 7f2e4be36740> SLIPSTORE::COMM Connecting to tcp://dco-node138-10g:5034
1461695126797	<INFO 7f2e4be36740> SLIPSTORE::COMM Connecting to tcp://dco-node139-10g:5052
1461695126801	<INFO 7f2e4be36740> SLIPSTORE::COMM Connecting to tcp://dco-node140-10g:5070
1461695126806	<INFO 7f2e4be36740> SLIPSTORE::COMM Connecting to tcp://dco-node141-10g:5088
1461695126811	<INFO 7f2e4be36740> SLIPSTORE::COMM Connecting to tcp://dco-node142-10g:5106
1461695126814	<INFO 7f2e4be36740> SLIPSTORE::COMM Connecting to tcp://dco-node143-10g:5124
1461695126817	<INFO 7f2e4be36740> SLIPSTORE::COMM Connecting to tcp://dco-node144-10g:5142
1461695126820	<INFO 7f2e4be36740> SLIPSTORE::COMM Listening at tcp://ens1f0:5044
1461695126824	<INFO 7f2e4be36740> SLIPSTORE::COMM Listening at tcp://ens1f0:5045
1461695126827	<INFO 7f2e4be36740> SLIPSTORE::COMM Listening at ipc://client
1461695126830	<INFO 7f2e4be36740> SLIPSTORE::COMM Listening at tcp://ens1f0:5047
1461695126833	<INFO 7f2e4be36740> SLIPSTORE::COMM Listening at tcp://ens1f0:5048
1461695126838	<INFO 7f2e4be36740> SLIPSTORE::COMM Listening at tcp://ens1f0:5049
1461695126841	<INFO 7f2e4be36740> SLIPSTORE::COMM Listening at tcp://ens1f0:5050
1461695126845	<INFO 7f2e4be36740> SLIPSTORE::COMM Listening at tcp://ens1f0:5051
1461695126848	<INFO 7f2e4be36740> SLIPSTORE::COMM Connecting to tcp://dco-node137-10g:5016
1461695126851	<INFO 7f2e4be36740> SLIPSTORE::COMM Connecting to tcp://dco-node138-10g:5034
1461695126855	<INFO 7f2e4be36740> SLIPSTORE::COMM Connecting to tcp://dco-node139-10g:5052
1461695126857	<INFO 7f2e4be36740> SLIPSTORE::COMM Connecting to tcp://dco-node140-10g:5070
1461695126861	<INFO 7f2e4be36740> SLIPSTORE::COMM Connecting to tcp://dco-node141-10g:5088
1461695126865	<INFO 7f2e4be36740> SLIPSTORE::COMM Connecting to tcp://dco-node142-10g:5106
1461695126868	<INFO 7f2e4be36740> SLIPSTORE::COMM Connecting to tcp://dco-node143-10g:5124
1461695126873	<INFO 7f2e4be36740> SLIPSTORE::COMM Connecting to tcp://dco-node144-10g:5142
1461695126876	<INFO 7f2e4be36740> SLIPSTORE::COMM Connecting to tcp://dco-node137-10g:5002
1461695126879	<INFO 7f2e4be36740> SLIPSTORE::COMM Connecting to tcp://dco-node138-10g:5020
1461695126883	<INFO 7f2e4be36740> SLIPSTORE::COMM Connecting to ipc://server
1461695126886	<INFO 7f2e4be36740> SLIPSTORE::COMM Connecting to tcp://dco-node140-10g:5056
1461695126889	<INFO 7f2e4be36740> SLIPSTORE::COMM Connecting to tcp://dco-node141-10g:5074
1461695126892	<INFO 7f2e4be36740> SLIPSTORE::COMM Connecting to tcp://dco-node142-10g:5092
1461695126895	<INFO 7f2e4be36740> SLIPSTORE::COMM Connecting to tcp://dco-node143-10g:5110
1461695126899	<INFO 7f2e4be36740> SLIPSTORE::COMM Connecting to tcp://dco-node144-10g:5128
1461695126903	<INFO 7f2e4be36740> SLIPSTORE::COMM Connecting to tcp://dco-node140-10g:5071
1461695126907	<INFO 7f2e4be36740> SLIPSTORE::COMM Listening at tcp://ens1f0:5053
1461695126911	<INFO 7f2e4be36740> SLIPSTORE::COMM Connecting to tcp://dco-node139-10g:5052
1461695126914	<INFO 7f2e4be36740> SLIPSTORE::HELP_POLICY NONE
1461695126917	<INFO 7f2e4be36740> SLIPSTORE::SERVER ASYNC
1461695126920	<INFO 7f2e4be36740> SLIPSTORE::MACHINES 8
1461695126923	<INFO 7f2e4be36740> SLIPSTORE::ME 2
1461695126927	<INFO 7f2e4be36740> SLIPSTORE::SLIPCHUNK 4194304
1461695126931	<INFO 7f2e4be36740> SLIPSTORE::QUOTA 18446744073709551615
1461695126935	<INFO 7f2e4be36740> SLIPSTORE::IO PAGECACHE
1461695126938	<INFO 7f102ffff700> SLIPSTORE::COMM Listening at tcp://ens1f0:5052
1461695126941	<INFO 7f102ffff700> SLIPSTORE::COMM Listening at tcp://ens1f0:5036
1461695126946	<INFO 7f102ffff700> SLIPSTORE::COMM Connecting to tcp://dco-node137-10g:5010
1461695126949	<INFO 7f102ffff700> SLIPSTORE::COMM Listening at tcp://ens1f0:5037
1461695126953	<INFO 7f102ffff700> SLIPSTORE::COMM Connecting to tcp://dco-node138-10g:5028
1461695126956	<INFO 7f102ffff700> SLIPSTORE::COMM Listening at ipc://server
1461695126960	<INFO 7f102ffff700> SLIPSTORE::COMM Connecting to ipc://client
1461695126962	<INFO 7f102ffff700> SLIPSTORE::COMM Listening at tcp://ens1f0:5039
1461695126965	<INFO 7f102ffff700> SLIPSTORE::COMM Connecting to tcp://dco-node140-10g:5064
1461695126968	<INFO 7f102ffff700> SLIPSTORE::COMM Listening at tcp://ens1f0:5040
1461695126970	<INFO 7f102ffff700> SLIPSTORE::COMM Connecting to tcp://dco-node141-10g:5082
1461695126973	<INFO 7f102ffff700> SLIPSTORE::COMM Listening at tcp://ens1f0:5041
1461695126976	<INFO 7f102ffff700> SLIPSTORE::COMM Connecting to tcp://dco-node142-10g:5100
1461695126979	<INFO 7f102ffff700> SLIPSTORE::COMM Listening at tcp://ens1f0:5042
1461695126982	<INFO 7f102ffff700> SLIPSTORE::COMM Connecting to tcp://dco-node143-10g:5118
1461695126985	<INFO 7f102ffff700> SLIPSTORE::COMM Listening at tcp://ens1f0:5043
1461695126988	<INFO 7f102ffff700> SLIPSTORE::COMM Connecting to tcp://dco-node144-10g:5136
1461695127868	<INFO 7f2e4be36740> SLIPSTORE::CHECKPOINTS NONE FOUND
1461695127872	<INFO 7f2e4be36740> 2016-04-26 20:25:27 Start edge split
1461695182864	<INFO 7f2e4be36740> 2016-04-26 20:26:22 Completed init
1461695187162	<INFO 7f2e4be36740> 2016-04-26 20:26:27 Started gather
1461695192588	<INFO 7f2e4be36740> 2016-04-26 20:26:32 Completed gather
1461695195680	<INFO 7f2e4be36740> 2016-04-26 20:26:35 Started scatter
1461695228142	<INFO 7f2e4be36740> 2016-04-26 20:27:08 Completed scatter
1461695228165	<INFO 7f2e4be36740> 2016-04-26 20:27:08 Completed phase 1 Bytes read 13431936384 Bytes written 6989485440
1461695236872	<INFO 7f2e4be36740> 2016-04-26 20:27:16 Started gather
1461695237521	<INFO 7f2e4be36740> 2016-04-26 20:27:17 Completed gather
1461695245456	<INFO 7f2e4be36740> 2016-04-26 20:27:25 Started gather
1461695311637	<INFO 7f2e4be36740> 2016-04-26 20:28:31 Completed gather
1461695313596	<INFO 7f2e4be36740> 2016-04-26 20:28:33 Completed phase 2 Bytes read 20565696912 Bytes written 11889583944
1461695324465	<INFO 7f2e4be36740> 2016-04-26 20:28:44 Started gather
1461695349371	<INFO 7f2e4be36740> 2016-04-26 20:29:09 Completed gather
1461695438415	<INFO 7f2e4be36740> 2016-04-26 20:30:38 Started scatter
1461695488482	<INFO 7f2e4be36740> 2016-04-26 20:31:28 Completed scatter
1461695489399	<INFO 7f2e4be36740> 2016-04-26 20:31:29 Completed phase 3 Bytes read 32166730680 Bytes written 16645407360
1461695498142	<INFO 7f2e4be36740> 2016-04-26 20:31:38 Started gather
1461695520734	<INFO 7f2e4be36740> 2016-04-26 20:32:00 Completed gather
1461695600750	<INFO 7f2e4be36740> 2016-04-26 20:33:20 Started scatter
1461695650970	<INFO 7f2e4be36740> 2016-04-26 20:34:10 Completed scatter
1461695652292	<INFO 7f2e4be36740> 2016-04-26 20:34:12 Completed phase 4 Bytes read 43767764448 Bytes written 21401230776
1461695661511	<INFO 7f2e4be36740> 2016-04-26 20:34:21 Started gather
1461695687496	<INFO 7f2e4be36740> 2016-04-26 20:34:47 Completed gather
1461695763169	<INFO 7f2e4be36740> 2016-04-26 20:36:03 Started scatter
1461695813553	<INFO 7f2e4be36740> 2016-04-26 20:36:53 Completed scatter
1461695814381	<INFO 7f2e4be36740> 2016-04-26 20:36:54 Completed phase 5 Bytes read 55368798216 Bytes written 26157054192
1461695823639	<INFO 7f2e4be36740> 2016-04-26 20:37:03 Started gather
1461695850001	<INFO 7f2e4be36740> 2016-04-26 20:37:30 Completed gather
1461695927522	<INFO 7f2e4be36740> 2016-04-26 20:38:47 Started scatter
1461695979503	<INFO 7f2e4be36740> 2016-04-26 20:39:39 Completed scatter
1461695979724	<INFO 7f2e4be36740> 2016-04-26 20:39:39 Completed phase 6 Bytes read 66969831984 Bytes written 30912877608
1461695988841	<INFO 7f2e4be36740> 2016-04-26 20:39:48 Started gather
1461696014782	<INFO 7f2e4be36740> 2016-04-26 20:40:14 Completed gather
1461696091880	<INFO 7f2e4be36740> 2016-04-26 20:41:31 Started scatter
1461696144561	<INFO 7f2e4be36740> 2016-04-26 20:42:24 Completed scatter
1461696144779	<INFO 7f2e4be36740> 2016-04-26 20:42:24 Completed phase 7 Bytes read 78570865752 Bytes written 35668701024
1461696144781	<INFO 7f2e4be36740> CORE::PARTITIONS_PROCESSED 927
1461696144783	<INFO 7f2e4be36740> CORE::BYTES::EDGES_STREAMED 4701010032
1461696144786	<INFO 7f2e4be36740> CORE::BYTES::UPDATES_OUT 2652844024
1461696144788	<INFO 7f2e4be36740> CORE::BYTES::UPDATES_IN 2239786888
1461696144790	<INFO 7f1023fff700> CORE::PARTITIONS_PROCESSED 432
1461696144792	<INFO 7f10237fe700> CORE::PARTITIONS_PROCESSED 1069
1461696144795	<INFO 7f1023fff700> CORE::BYTES::EDGES_STREAMED 4949061084
1461696144797	<INFO 7f10237fe700> CORE::BYTES::EDGES_STREAMED 5405573964
1461696144800	<INFO 7f1023fff700> CORE::BYTES::UPDATES_OUT 2903748728
1461696144802	<INFO 7f10237fe700> CORE::BYTES::UPDATES_OUT 3099864576
1461696144804	<INFO 7f1023fff700> CORE::BYTES::UPDATES_IN 1982056872
1461696144807	<INFO 7f10237fe700> CORE::BYTES::UPDATES_IN 2638115904
1461696144809	<INFO 7f102effd700> CORE::PARTITIONS_PROCESSED 1457
1461696144811	<INFO 7f102cff9700> CORE::PARTITIONS_PROCESSED 1485
1461696144813	<INFO 7f102dffb700> CORE::PARTITIONS_PROCESSED 1250
1461696144815	<INFO 7f102e7fc700> CORE::PARTITIONS_PROCESSED 840
1461696144818	<INFO 7f102dffb700> CORE::BYTES::EDGES_STREAMED 6128826984
1461696144820	<INFO 7f102cff9700> CORE::BYTES::EDGES_STREAMED 8731804608
1461696144823	<INFO 7f102e7fc700> CORE::BYTES::EDGES_STREAMED 5494027464
1461696144825	<INFO 7f102cff9700> CORE::BYTES::UPDATES_OUT 5043165264
1461696144827	<INFO 7f102d7fa700> CORE::PARTITIONS_PROCESSED 1180
1461696144830	<INFO 7f102effd700> CORE::BYTES::EDGES_STREAMED 5477506428
1461696144832	<INFO 7f102e7fc700> CORE::BYTES::UPDATES_OUT 3136699960
1461696144834	<INFO 7f102d7fa700> CORE::BYTES::EDGES_STREAMED 6018736284
1461696144836	<INFO 7f102dffb700> CORE::BYTES::UPDATES_OUT 3386294456
1461696144839	<INFO 7f102effd700> CORE::BYTES::UPDATES_OUT 3086832648
1461696144841	<INFO 7f102dffb700> CORE::BYTES::UPDATES_IN 2584811400
1461696144843	<INFO 7f102effd700> CORE::BYTES::UPDATES_IN 2737155272
1461696144846	<INFO 7f102cff9700> CORE::BYTES::UPDATES_IN 5160737592
1461696144848	<INFO 7f102d7fa700> CORE::BYTES::UPDATES_OUT 3494291400
1461696144850	<INFO 7f102e7fc700> CORE::BYTES::UPDATES_IN 2615130896
1461696144853	<INFO 7f102d7fa700> CORE::BYTES::UPDATES_IN 2378571376
1461696144855	<INFO 7f102ffff700> SLIPSTORE service is exiting
1461696144857	<INFO 7f102ffff700> SLIPSTORE::HELP_OFFERS_RECVD 98
1461696144860	<INFO 7f102ffff700> SLIPSTORE::HELP_OFFERS_ACCEPTED 0
1461696144862	<INFO 7f102ffff700> SLIPSTORE::HELP_ACCEPTANCE_RATIO 0
1461696144864	<INFO 7f102ffff700> SLIPSTORE::SERVER_BUSY_DISK  370.108 seconds
1461696144867	<INFO 7f102ffff700> SLIPSTORE::SERVER_BUSY_MEM  0 seconds
1461696144869	<INFO 7f102ffff700> SLIPSTORE::SERVER_TOTAL  1018.11 seconds
1461696144872	<INFO 7f2e4be36740> SLIPSTORE::CLIENT::DISK_READ_TIME  418.09 seconds
1461696144874	<INFO 7f2e4be36740> SLIPSTORE::CLIENT::MEM_READ_TIME  0 seconds
1461696144876	<INFO 7f2e4be36740> SLIPSTORE::CLIENT::DISK_BYTES_READ 78570865752
1461696144878	<INFO 7f2e4be36740> SLIPSTORE::CLIENT::MEM_BYTES_READ 0
1461696144881	<INFO 7f2e4be36740> SLIPSTORE::CLIENT::WRITE_TIME  163.433 seconds
1461696144883	<INFO 7f2e4be36740> SLIPSTORE::CLIENT::BYTES_WRITTEN 35410318320
1461696144885	<INFO 7f2e4be36740> SLIPSTORE::CLIENT_BUSY  581.524 seconds
1461696144888	<INFO 7f2e4be36740> SLIPSTORE::IO::TIME 366.45 seconds
1461696144890	<INFO 7f2e4be36740> SLIPSTORE::SNAP::TIME 0 seconds
1461696144893	<INFO 7f2e4be36740> SLIPSTORE::MAX_DISK_USAGE_BYTES 11312483592
1461696147049	<INFO 7f2e4be36740> CORE::RUSAGE::MAX_RSS_KB 125874476
1461696147053	<INFO 7f2e4be36740> CORE::RUSAGE::MINFLT 31467279
1461696147057	<INFO 7f2e4be36740> CORE::RUSAGE::MAJFLT 6
1461696147060	<INFO 7f2e4be36740> CORE::RUSAGE::MAJFLT 6
1461696147063	<INFO 7f2e4be36740> CORE::RUSAGE::INBLK 145785232
1461696147066	<INFO 7f2e4be36740> CORE::RUSAGE::OUBLK 69665528
1461696147070	<INFO 7f2e4be36740> CORE::UTILS::BYTES_READ 78570865752
1461696147073	<INFO 7f2e4be36740> CORE::UTILS::BYTES_WRITTEN 35668701024
1461696147076	<INFO 7f2e4be36740> CORE::UTILS::TILE_COPY_BYTES 2885501760
1461696147080	<INFO 7f2e4be36740> CORE::TIME::IO_WAIT 389.431 seconds
1461696147083	<INFO 7f2e4be36740> CORE::TIME_TILE_COPY 0 seconds
1461696147086	<INFO 7f2e4be36740> CORE::TIME_TILE_MERGE 0 seconds
1461696147090	<INFO 7f2e4be36740> CORE::TIME_PROCESSING_STOLEN 0 seconds
1461696147093	<INFO 7f2e4be36740> CORE::TIME_MERGE_WAIT 0 seconds
1461696147096	<INFO 7f2e4be36740> CORE::OTHER_TIME_ALL_MC_BARRIER 0 seconds
1461696147099	<INFO 7f2e4be36740> CORE::SCATTER_TIME_ALL_MC_BARRIER 2.29753 seconds
1461696147103	<INFO 7f2e4be36740> CORE::GATHER_TIME_ALL_MC_BARRIER 0.606384 seconds
1461696147106	<INFO 7f2e4be36740> CORE::INIT_TIME_ALL_MC_BARRIER 2.18115 seconds
1461696147109	<INFO 7f2e4be36740> CORE::SHUT_DOWN_TIME_ALL_MC_BARRIER 0.014602 seconds
1461696147113	<INFO 7f2e4be36740> CORE::STREAM_SKIP_BEFORE_TIME_ALL_MC_BARRIER 32.4328 seconds
1461696147117	<INFO 7f2e4be36740> CORE::TAKE_CHECKPOINT_BEFORE_TIME_ALL_MC_BARRIER 0 seconds
1461696147121	<INFO 7f2e4be36740> CORE::TAKE_CHECKPOINT_COMPLETE_TIME_ALL_MC_BARRIER 0 seconds
1461696147124	<INFO 7f2e4be36740> CORE::METADATA_WRITE_COMPLETE_TIME_ALL_MC_BARRIER 0 seconds
1461696147127	<INFO 7f2e4be36740> CORE::STREAM_EOF_BEFORE_TIME_ALL_MC_BARRIER 0 seconds
1461696147131	<INFO 7f2e4be36740> CORE::STREAM_EOF_AFTER_TIME_ALL_MC_BARRIER 0 seconds
1461696147135	<INFO 7f2e4be36740> CORE::STATE_LOAD_TIME_ALL_MC_BARRIER 0 seconds
1461696147138	<INFO 7f2e4be36740> CORE::STATE_STORE_TIME_ALL_MC_BARRIER 0 seconds
1461696147141	<INFO 7f2e4be36740> CORE::PHASES 7
1461696147145	<INFO 7f2e4be36740> CORE::TIME::SETUP 5.25579 seconds
1461696147149	<INFO 7f2e4be36740> CORE::TIME::STATE_ITER 27.6495 seconds
1461696147153	<INFO 7f2e4be36740> CORE::TIME::GATHER 574.638 seconds
1461696147156	<INFO 7f2e4be36740> CORE::TIME::SCATTER 359.341 seconds
1461696147160	<INFO 7f2e4be36740> CORE::TIME::WALL 1022.17 seconds
1461696147164	<INFO 7f2e4be36740> SHUTDOWN
