1457382095730	<INFO 7f5d5910e740> 2016-03-07 21:21:35 STARTUP
1457382095734	<INFO 7f5d5910e740> CORE::GRAPH rmat-28_s8
1457382095737	<INFO 7f5d5910e740> CORE::ALGORITHM pagerank
1457382095741	<INFO 7f5d5910e740> CORE::VERTEX_STRIPING ON
1457382095745	<INFO 7f5d5910e740> 2016-03-07 21:21:35 Blocking memory amount 126701535232
1457382203058	<INFO 7f5d5910e740> 2016-03-07 21:23:23 Done blocking memory
1457382203062	<INFO 7f5d5910e740> SG-DRIVER-ORIGINAL
1457382203066	<INFO 7f5d5910e740> CORE::CONFIG::PROCESSORS 8
1457382203070	<INFO 7f5d5910e740> CORE::CONFIG::PHYSICAL_MEMORY 2147483648
1457382203074	<INFO 7f5d5910e740> CORE::CONFIG::VERTICES 268435456
1457382203078	<INFO 7f5d5910e740> CORE::CONFIG::VERTEX_SIZE 12
1457382203082	<INFO 7f5d5910e740> CORE::CONFIG::VERTEX_BUFFER 50331648
1457382203086	<INFO 7f5d5910e740> CORE::CONFIG::EDGES 536870912
1457382203090	<INFO 7f5d5910e740> CORE::CONFIG::PARTITIONS 512
1457382203094	<INFO 7f5d5910e740> CORE::CONFIG::FANOUT 512
1457382203098	<INFO 7f5d5910e740> CORE::CONFIG::SUPER_PARTITIONS 64
1457382203102	<INFO 7f5d5910e740> CORE::CONFIG::TILES 1
1457382203106	<INFO 7f5d5910e740> CORE::CONFIG::BUFFER_SIZE 419422822
1457382203110	<INFO 7f5d5910e740> CORE::CONFIG::MAX_BUFFERS 4
1457382203114	<INFO 7f5d5910e740> CORE::CONFIG::MAX_STREAMS 4
1457382203118	<INFO 7f5d5910e740> SLIPSTREAM::EXT_MEM_SHUFFLE OFF
1457382204971	<WARNING 7f5d5910e740> Unable to unlink file (stream.0.32.0):No such file or directory
1457382204975	<WARNING 7f5d5910e740> Unable to unlink file (stream.0.33.0):No such file or directory
1457382204979	<WARNING 7f5d5910e740> Unable to unlink file (stream.0.34.0):No such file or directory
1457382204983	<WARNING 7f5d5910e740> Unable to unlink file (stream.0.35.0):No such file or directory
1457382204986	<WARNING 7f5d5910e740> Unable to unlink file (stream.0.36.0):No such file or directory
1457382204990	<WARNING 7f5d5910e740> Unable to unlink file (stream.0.37.0):No such file or directory
1457382204994	<WARNING 7f5d5910e740> Unable to unlink file (stream.0.38.0):No such file or directory
1457382204998	<WARNING 7f5d5910e740> Unable to unlink file (stream.0.39.0):No such file or directory
1457382205002	<WARNING 7f5d5910e740> Unable to unlink file (stream.0.40.0):No such file or directory
1457382205006	<WARNING 7f5d5910e740> Unable to unlink file (stream.0.41.0):No such file or directory
1457382205010	<WARNING 7f5d5910e740> Unable to unlink file (stream.0.42.0):No such file or directory
1457382205014	<WARNING 7f5d5910e740> Unable to unlink file (stream.0.43.0):No such file or directory
1457382205018	<WARNING 7f5d5910e740> Unable to unlink file (stream.0.44.0):No such file or directory
1457382205022	<WARNING 7f5d5910e740> Unable to unlink file (stream.0.45.0):No such file or directory
1457382205026	<WARNING 7f5d5910e740> Unable to unlink file (stream.0.46.0):No such file or directory
1457382205030	<WARNING 7f5d5910e740> Unable to unlink file (stream.0.47.0):No such file or directory
1457382205034	<WARNING 7f5d5910e740> Unable to unlink file (stream.0.48.0):No such file or directory
1457382205038	<WARNING 7f5d5910e740> Unable to unlink file (stream.0.49.0):No such file or directory
1457382205042	<WARNING 7f5d5910e740> Unable to unlink file (stream.0.50.0):No such file or directory
1457382205046	<WARNING 7f5d5910e740> Unable to unlink file (stream.0.51.0):No such file or directory
1457382205050	<WARNING 7f5d5910e740> Unable to unlink file (stream.0.52.0):No such file or directory
1457382205054	<WARNING 7f5d5910e740> Unable to unlink file (stream.0.53.0):No such file or directory
1457382205058	<WARNING 7f5d5910e740> Unable to unlink file (stream.0.54.0):No such file or directory
1457382205062	<WARNING 7f5d5910e740> Unable to unlink file (stream.0.55.0):No such file or directory
1457382205066	<WARNING 7f5d5910e740> Unable to unlink file (stream.0.56.0):No such file or directory
1457382205069	<WARNING 7f5d5910e740> Unable to unlink file (stream.0.57.0):No such file or directory
1457382205074	<WARNING 7f5d5910e740> Unable to unlink file (stream.0.58.0):No such file or directory
1457382205078	<WARNING 7f5d5910e740> Unable to unlink file (stream.0.59.0):No such file or directory
1457382205082	<WARNING 7f5d5910e740> Unable to unlink file (stream.0.60.0):No such file or directory
1457382205086	<WARNING 7f5d5910e740> Unable to unlink file (stream.0.61.0):No such file or directory
1457382205090	<WARNING 7f5d5910e740> Unable to unlink file (stream.0.62.0):No such file or directory
1457382205094	<WARNING 7f5d5910e740> Unable to unlink file (stream.0.63.0):No such file or directory
1457382205098	<WARNING 7f5d5910e740> Unable to unlink file (stream.1.32.0):No such file or directory
1457382205101	<WARNING 7f5d5910e740> Unable to unlink file (stream.1.33.0):No such file or directory
1457382205105	<WARNING 7f5d5910e740> Unable to unlink file (stream.1.34.0):No such file or directory
1457382205109	<WARNING 7f5d5910e740> Unable to unlink file (stream.1.35.0):No such file or directory
1457382205113	<WARNING 7f5d5910e740> Unable to unlink file (stream.1.36.0):No such file or directory
1457382205118	<WARNING 7f5d5910e740> Unable to unlink file (stream.1.37.0):No such file or directory
1457382205122	<WARNING 7f5d5910e740> Unable to unlink file (stream.1.38.0):No such file or directory
1457382205126	<WARNING 7f5d5910e740> Unable to unlink file (stream.1.39.0):No such file or directory
1457382205129	<WARNING 7f5d5910e740> Unable to unlink file (stream.1.40.0):No such file or directory
1457382205134	<WARNING 7f5d5910e740> Unable to unlink file (stream.1.41.0):No such file or directory
1457382205138	<WARNING 7f5d5910e740> Unable to unlink file (stream.1.42.0):No such file or directory
1457382205142	<WARNING 7f5d5910e740> Unable to unlink file (stream.1.43.0):No such file or directory
1457382205146	<WARNING 7f5d5910e740> Unable to unlink file (stream.1.44.0):No such file or directory
1457382205150	<WARNING 7f5d5910e740> Unable to unlink file (stream.1.45.0):No such file or directory
1457382205154	<WARNING 7f5d5910e740> Unable to unlink file (stream.1.46.0):No such file or directory
1457382205158	<WARNING 7f5d5910e740> Unable to unlink file (stream.1.47.0):No such file or directory
1457382205162	<WARNING 7f5d5910e740> Unable to unlink file (stream.1.48.0):No such file or directory
1457382205166	<WARNING 7f5d5910e740> Unable to unlink file (stream.1.49.0):No such file or directory
1457382205170	<WARNING 7f5d5910e740> Unable to unlink file (stream.1.50.0):No such file or directory
1457382205174	<WARNING 7f5d5910e740> Unable to unlink file (stream.1.51.0):No such file or directory
1457382205180	<WARNING 7f5d5910e740> Unable to unlink file (stream.1.52.0):No such file or directory
1457382205184	<WARNING 7f5d5910e740> Unable to unlink file (stream.1.53.0):No such file or directory
1457382205188	<WARNING 7f5d5910e740> Unable to unlink file (stream.1.54.0):No such file or directory
1457382205192	<WARNING 7f5d5910e740> Unable to unlink file (stream.1.55.0):No such file or directory
1457382205195	<WARNING 7f5d5910e740> Unable to unlink file (stream.1.56.0):No such file or directory
1457382205200	<WARNING 7f5d5910e740> Unable to unlink file (stream.1.57.0):No such file or directory
1457382205204	<WARNING 7f5d5910e740> Unable to unlink file (stream.1.58.0):No such file or directory
1457382205208	<WARNING 7f5d5910e740> Unable to unlink file (stream.1.59.0):No such file or directory
1457382205212	<WARNING 7f5d5910e740> Unable to unlink file (stream.1.60.0):No such file or directory
1457382205216	<WARNING 7f5d5910e740> Unable to unlink file (stream.1.61.0):No such file or directory
1457382205220	<WARNING 7f5d5910e740> Unable to unlink file (stream.1.62.0):No such file or directory
1457382205224	<WARNING 7f5d5910e740> Unable to unlink file (stream.1.63.0):No such file or directory
1457382205674	<WARNING 7f5d5910e740> Unable to unlink file (stream.2.32.0):No such file or directory
1457382205678	<WARNING 7f5d5910e740> Unable to unlink file (stream.2.33.0):No such file or directory
1457382205682	<WARNING 7f5d5910e740> Unable to unlink file (stream.2.34.0):No such file or directory
1457382205686	<WARNING 7f5d5910e740> Unable to unlink file (stream.2.35.0):No such file or directory
1457382205690	<WARNING 7f5d5910e740> Unable to unlink file (stream.2.36.0):No such file or directory
1457382205694	<WARNING 7f5d5910e740> Unable to unlink file (stream.2.37.0):No such file or directory
1457382205699	<WARNING 7f5d5910e740> Unable to unlink file (stream.2.38.0):No such file or directory
1457382205703	<WARNING 7f5d5910e740> Unable to unlink file (stream.2.39.0):No such file or directory
1457382205707	<WARNING 7f5d5910e740> Unable to unlink file (stream.2.40.0):No such file or directory
1457382205711	<WARNING 7f5d5910e740> Unable to unlink file (stream.2.41.0):No such file or directory
1457382205715	<WARNING 7f5d5910e740> Unable to unlink file (stream.2.42.0):No such file or directory
1457382205719	<WARNING 7f5d5910e740> Unable to unlink file (stream.2.43.0):No such file or directory
1457382205723	<WARNING 7f5d5910e740> Unable to unlink file (stream.2.44.0):No such file or directory
1457382205727	<WARNING 7f5d5910e740> Unable to unlink file (stream.2.45.0):No such file or directory
1457382205731	<WARNING 7f5d5910e740> Unable to unlink file (stream.2.46.0):No such file or directory
1457382205735	<WARNING 7f5d5910e740> Unable to unlink file (stream.2.47.0):No such file or directory
1457382205739	<WARNING 7f5d5910e740> Unable to unlink file (stream.2.48.0):No such file or directory
1457382205744	<WARNING 7f5d5910e740> Unable to unlink file (stream.2.49.0):No such file or directory
1457382205748	<WARNING 7f5d5910e740> Unable to unlink file (stream.2.50.0):No such file or directory
1457382205752	<WARNING 7f5d5910e740> Unable to unlink file (stream.2.51.0):No such file or directory
1457382205756	<WARNING 7f5d5910e740> Unable to unlink file (stream.2.52.0):No such file or directory
1457382205760	<WARNING 7f5d5910e740> Unable to unlink file (stream.2.53.0):No such file or directory
1457382205764	<WARNING 7f5d5910e740> Unable to unlink file (stream.2.54.0):No such file or directory
1457382205768	<WARNING 7f5d5910e740> Unable to unlink file (stream.2.55.0):No such file or directory
1457382205774	<WARNING 7f5d5910e740> Unable to unlink file (stream.2.56.0):No such file or directory
1457382205778	<WARNING 7f5d5910e740> Unable to unlink file (stream.2.57.0):No such file or directory
1457382205782	<WARNING 7f5d5910e740> Unable to unlink file (stream.2.58.0):No such file or directory
1457382205786	<WARNING 7f5d5910e740> Unable to unlink file (stream.2.59.0):No such file or directory
1457382205790	<WARNING 7f5d5910e740> Unable to unlink file (stream.2.60.0):No such file or directory
1457382205794	<WARNING 7f5d5910e740> Unable to unlink file (stream.2.61.0):No such file or directory
1457382205798	<WARNING 7f5d5910e740> Unable to unlink file (stream.2.62.0):No such file or directory
1457382205802	<WARNING 7f5d5910e740> Unable to unlink file (stream.2.63.0):No such file or directory
1457382206325	<WARNING 7f5d5910e740> Unable to unlink file (stream.3.32.0):No such file or directory
1457382206329	<WARNING 7f5d5910e740> Unable to unlink file (stream.3.33.0):No such file or directory
1457382206333	<WARNING 7f5d5910e740> Unable to unlink file (stream.3.34.0):No such file or directory
1457382206337	<WARNING 7f5d5910e740> Unable to unlink file (stream.3.35.0):No such file or directory
1457382206341	<WARNING 7f5d5910e740> Unable to unlink file (stream.3.36.0):No such file or directory
1457382206345	<WARNING 7f5d5910e740> Unable to unlink file (stream.3.37.0):No such file or directory
1457382206349	<WARNING 7f5d5910e740> Unable to unlink file (stream.3.38.0):No such file or directory
1457382206354	<WARNING 7f5d5910e740> Unable to unlink file (stream.3.39.0):No such file or directory
1457382206359	<WARNING 7f5d5910e740> Unable to unlink file (stream.3.40.0):No such file or directory
1457382206363	<WARNING 7f5d5910e740> Unable to unlink file (stream.3.41.0):No such file or directory
1457382206367	<WARNING 7f5d5910e740> Unable to unlink file (stream.3.42.0):No such file or directory
1457382206371	<WARNING 7f5d5910e740> Unable to unlink file (stream.3.43.0):No such file or directory
1457382206376	<WARNING 7f5d5910e740> Unable to unlink file (stream.3.44.0):No such file or directory
1457382206379	<WARNING 7f5d5910e740> Unable to unlink file (stream.3.45.0):No such file or directory
1457382206384	<WARNING 7f5d5910e740> Unable to unlink file (stream.3.46.0):No such file or directory
1457382206388	<WARNING 7f5d5910e740> Unable to unlink file (stream.3.47.0):No such file or directory
1457382206392	<WARNING 7f5d5910e740> Unable to unlink file (stream.3.48.0):No such file or directory
1457382206396	<WARNING 7f5d5910e740> Unable to unlink file (stream.3.49.0):No such file or directory
1457382206400	<WARNING 7f5d5910e740> Unable to unlink file (stream.3.50.0):No such file or directory
1457382206404	<WARNING 7f5d5910e740> Unable to unlink file (stream.3.51.0):No such file or directory
1457382206408	<WARNING 7f5d5910e740> Unable to unlink file (stream.3.52.0):No such file or directory
1457382206413	<WARNING 7f5d5910e740> Unable to unlink file (stream.3.53.0):No such file or directory
1457382206417	<WARNING 7f5d5910e740> Unable to unlink file (stream.3.54.0):No such file or directory
1457382206420	<WARNING 7f5d5910e740> Unable to unlink file (stream.3.55.0):No such file or directory
1457382206423	<WARNING 7f5d5910e740> Unable to unlink file (stream.3.56.0):No such file or directory
1457382206427	<WARNING 7f5d5910e740> Unable to unlink file (stream.3.57.0):No such file or directory
1457382206431	<WARNING 7f5d5910e740> Unable to unlink file (stream.3.58.0):No such file or directory
1457382206434	<WARNING 7f5d5910e740> Unable to unlink file (stream.3.59.0):No such file or directory
1457382206438	<WARNING 7f5d5910e740> Unable to unlink file (stream.3.60.0):No such file or directory
1457382206442	<WARNING 7f5d5910e740> Unable to unlink file (stream.3.61.0):No such file or directory
1457382206445	<WARNING 7f5d5910e740> Unable to unlink file (stream.3.62.0):No such file or directory
1457382206449	<WARNING 7f5d5910e740> Unable to unlink file (stream.3.63.0):No such file or directory
1457382206452	<INFO 7f5d5910e740> SLIPSTORE::ZMQ_THREADS 2
1457382206455	<INFO 7f5d5910e740> SLIPSTORE::COMM Connecting to tcp://dco-node137-10g:5016
1457382206459	<INFO 7f5d5910e740> SLIPSTORE::COMM Connecting to tcp://dco-node138-10g:5034
1457382206463	<INFO 7f5d5910e740> SLIPSTORE::COMM Connecting to tcp://dco-node139-10g:5052
1457382206467	<INFO 7f5d5910e740> SLIPSTORE::COMM Connecting to tcp://dco-node140-10g:5070
1457382206471	<INFO 7f5d5910e740> SLIPSTORE::COMM Connecting to tcp://dco-node141-10g:5088
1457382206474	<INFO 7f5d5910e740> SLIPSTORE::COMM Connecting to tcp://dco-node142-10g:5106
1457382206479	<INFO 7f5d5910e740> SLIPSTORE::COMM Connecting to tcp://dco-node143-10g:5124
1457382206483	<INFO 7f5d5910e740> SLIPSTORE::COMM Connecting to tcp://dco-node144-10g:5142
1457382206487	<INFO 7f5d5910e740> SLIPSTORE::COMM Listening at ipc://client
1457382206490	<INFO 7f5d5910e740> SLIPSTORE::COMM Listening at tcp://ens1f0:5009
1457382206494	<INFO 7f5d5910e740> SLIPSTORE::COMM Listening at tcp://ens1f0:5010
1457382206498	<INFO 7f5d5910e740> SLIPSTORE::COMM Listening at tcp://ens1f0:5011
1457382206501	<INFO 7f5d5910e740> SLIPSTORE::COMM Listening at tcp://ens1f0:5012
1457382206504	<INFO 7f5d5910e740> SLIPSTORE::COMM Listening at tcp://ens1f0:5013
1457382206507	<INFO 7f5d5910e740> SLIPSTORE::COMM Listening at tcp://ens1f0:5014
1457382206510	<INFO 7f5d5910e740> SLIPSTORE::COMM Listening at tcp://ens1f0:5015
1457382206513	<INFO 7f5d5910e740> SLIPSTORE::COMM Connecting to tcp://dco-node137-10g:5016
1457382206515	<INFO 7f5d5910e740> SLIPSTORE::COMM Connecting to tcp://dco-node138-10g:5034
1457382206518	<INFO 7f5d5910e740> SLIPSTORE::COMM Connecting to tcp://dco-node139-10g:5052
1457382206521	<INFO 7f5d5910e740> SLIPSTORE::COMM Connecting to tcp://dco-node140-10g:5070
1457382206524	<INFO 7f5d5910e740> SLIPSTORE::COMM Connecting to tcp://dco-node141-10g:5088
1457382206528	<INFO 7f5d5910e740> SLIPSTORE::COMM Connecting to tcp://dco-node142-10g:5106
1457382206531	<INFO 7f5d5910e740> SLIPSTORE::COMM Connecting to tcp://dco-node143-10g:5124
1457382206534	<INFO 7f5d5910e740> SLIPSTORE::COMM Connecting to tcp://dco-node144-10g:5142
1457382206537	<INFO 7f5d5910e740> SLIPSTORE::COMM Connecting to ipc://server
1457382206540	<INFO 7f5d5910e740> SLIPSTORE::COMM Connecting to tcp://dco-node138-10g:5018
1457382206543	<INFO 7f5d5910e740> SLIPSTORE::COMM Connecting to tcp://dco-node139-10g:5036
1457382206545	<INFO 7f5d5910e740> SLIPSTORE::COMM Connecting to tcp://dco-node140-10g:5054
1457382206549	<INFO 7f5d5910e740> SLIPSTORE::COMM Connecting to tcp://dco-node141-10g:5072
1457382206551	<INFO 7f5d5910e740> SLIPSTORE::COMM Connecting to tcp://dco-node142-10g:5090
1457382206554	<INFO 7f5d5910e740> SLIPSTORE::COMM Connecting to tcp://dco-node143-10g:5108
1457382206556	<INFO 7f5d5910e740> SLIPSTORE::COMM Connecting to tcp://dco-node144-10g:5126
1457382206559	<INFO 7f5d5910e740> SLIPSTORE::COMM Connecting to tcp://dco-node138-10g:5035
1457382206561	<INFO 7f5d5910e740> SLIPSTORE::COMM Listening at tcp://ens1f0:5017
1457382206565	<INFO 7f5d5910e740> SLIPSTORE::COMM Connecting to tcp://dco-node137-10g:5016
1457382206568	<INFO 7f5d5910e740> SLIPSTORE::HELP_POLICY HEURISTIC_NEW
1457382206571	<INFO 7f5d5910e740> SLIPSTORE::SERVER ASYNC
1457382206574	<INFO 7f5d5910e740> SLIPSTORE::MACHINES 8
1457382206577	<INFO 7f5d5910e740> SLIPSTORE::ME 0
1457382206580	<INFO 7f5d5910e740> SLIPSTORE::SLIPCHUNK 4194304
1457382206584	<INFO 7f5d5910e740> SLIPSTORE::QUOTA 18446744073709551615
1457382206589	<INFO 7f5d5910e740> SLIPSTORE::IO PAGECACHE
1457382206592	<INFO 7f3f3abfa700> SLIPSTORE::COMM Listening at tcp://ens1f0:5016
1457382206595	<INFO 7f3f3abfa700> SLIPSTORE::COMM Listening at ipc://server
1457382206597	<INFO 7f3f3abfa700> SLIPSTORE::COMM Connecting to ipc://client
1457382206600	<INFO 7f3f3abfa700> SLIPSTORE::COMM Listening at tcp://ens1f0:5001
1457382206603	<INFO 7f3f3abfa700> SLIPSTORE::COMM Connecting to tcp://dco-node138-10g:5026
1457382206605	<INFO 7f3f3abfa700> SLIPSTORE::COMM Listening at tcp://ens1f0:5002
1457382206608	<INFO 7f3f3abfa700> SLIPSTORE::COMM Connecting to tcp://dco-node139-10g:5044
1457382206611	<INFO 7f3f3abfa700> SLIPSTORE::COMM Listening at tcp://ens1f0:5003
1457382206614	<INFO 7f3f3abfa700> SLIPSTORE::COMM Connecting to tcp://dco-node140-10g:5062
1457382206618	<INFO 7f3f3abfa700> SLIPSTORE::COMM Listening at tcp://ens1f0:5004
1457382206621	<INFO 7f3f3abfa700> SLIPSTORE::COMM Connecting to tcp://dco-node141-10g:5080
1457382206625	<INFO 7f3f3abfa700> SLIPSTORE::COMM Listening at tcp://ens1f0:5005
1457382206629	<INFO 7f3f3abfa700> SLIPSTORE::COMM Connecting to tcp://dco-node142-10g:5098
1457382206632	<INFO 7f3f3abfa700> SLIPSTORE::COMM Listening at tcp://ens1f0:5006
1457382206636	<INFO 7f3f3abfa700> SLIPSTORE::COMM Connecting to tcp://dco-node143-10g:5116
1457382206639	<INFO 7f3f3abfa700> SLIPSTORE::COMM Listening at tcp://ens1f0:5007
1457382206642	<INFO 7f3f3abfa700> SLIPSTORE::COMM Connecting to tcp://dco-node144-10g:5134
1457382207827	<INFO 7f5d5910e740> SLIPSTORE::CHECKPOINTS NONE FOUND
1457382277844	<INFO 7f5d5910e740> 2016-03-07 21:24:37 Completed init
1457382279977	<INFO 7f5d5910e740> 2016-03-07 21:24:39 Started gather
1457382280631	<INFO 7f5d5910e740> 2016-03-07 21:24:40 Completed gather
1457382280633	<INFO 7f5d5910e740> 2016-03-07 21:24:40 Started gather
1457382281240	<INFO 7f5d5910e740> 2016-03-07 21:24:41 Completed gather
1457382281243	<INFO 7f5d5910e740> 2016-03-07 21:24:41 Started gather
1457382281632	<INFO 7f5d5910e740> 2016-03-07 21:24:41 Completed gather
1457382281634	<INFO 7f5d5910e740> 2016-03-07 21:24:41 Started gather
1457382282016	<INFO 7f5d5910e740> 2016-03-07 21:24:42 Completed gather
1457382282019	<INFO 7f5d5910e740> 2016-03-07 21:24:42 Started gather
1457382282414	<INFO 7f5d5910e740> 2016-03-07 21:24:42 Completed gather
1457382282417	<INFO 7f5d5910e740> 2016-03-07 21:24:42 Started gather
1457382282834	<INFO 7f5d5910e740> 2016-03-07 21:24:42 Completed gather
1457382282838	<INFO 7f5d5910e740> 2016-03-07 21:24:42 Started gather
1457382283319	<INFO 7f5d5910e740> 2016-03-07 21:24:43 Completed gather
1457382283323	<INFO 7f5d5910e740> 2016-03-07 21:24:43 Started gather
1457382283730	<INFO 7f5d5910e740> 2016-03-07 21:24:43 Completed gather
1457382284168	<INFO 7f5d5910e740> 2016-03-07 21:24:44 Started scatter
1457382315656	<INFO 7f5d5910e740> 2016-03-07 21:25:15 Completed scatter
1457382315658	<INFO 7f5d5910e740> 2016-03-07 21:25:15 Started scatter
1457382319787	<INFO 7f5d5910e740> 2016-03-07 21:25:19 Completed scatter
1457382319790	<INFO 7f5d5910e740> 2016-03-07 21:25:19 Started scatter
1457382324077	<INFO 7f5d5910e740> 2016-03-07 21:25:24 Completed scatter
1457382324079	<INFO 7f5d5910e740> 2016-03-07 21:25:24 Started scatter
1457382326573	<INFO 7f5d5910e740> 2016-03-07 21:25:26 Completed scatter
1457382326575	<INFO 7f5d5910e740> 2016-03-07 21:25:26 Started scatter
1457382330624	<INFO 7f5d5910e740> 2016-03-07 21:25:30 Completed scatter
1457382330627	<INFO 7f5d5910e740> 2016-03-07 21:25:30 Started scatter
1457382332122	<INFO 7f5d5910e740> 2016-03-07 21:25:32 Completed scatter
1457382332125	<INFO 7f5d5910e740> 2016-03-07 21:25:32 Started scatter
1457382334020	<INFO 7f5d5910e740> 2016-03-07 21:25:34 Completed scatter
1457382334022	<INFO 7f5d5910e740> 2016-03-07 21:25:34 Started scatter
1457382334762	<INFO 7f5d5910e740> 2016-03-07 21:25:34 Completed scatter
1457382334956	<INFO 7f5d5910e740> 2016-03-07 21:25:34 Completed phase 1 Bytes read 13816636308 Bytes written 7122527124
1457382338602	<INFO 7f5d5910e740> 2016-03-07 21:25:38 Started gather
1457382338924	<INFO 7f5d5910e740> 2016-03-07 21:25:38 Completed gather
1457382338927	<INFO 7f5d5910e740> 2016-03-07 21:25:38 Started gather
1457382339559	<INFO 7f5d5910e740> 2016-03-07 21:25:39 Completed gather
1457382339561	<INFO 7f5d5910e740> 2016-03-07 21:25:39 Started gather
1457382340000	<INFO 7f5d5910e740> 2016-03-07 21:25:39 Completed gather
1457382340004	<INFO 7f5d5910e740> 2016-03-07 21:25:39 Started gather
1457382340468	<INFO 7f5d5910e740> 2016-03-07 21:25:40 Completed gather
1457382340471	<INFO 7f5d5910e740> 2016-03-07 21:25:40 Started gather
1457382340938	<INFO 7f5d5910e740> 2016-03-07 21:25:40 Completed gather
1457382340943	<INFO 7f5d5910e740> 2016-03-07 21:25:40 Started gather
1457382341456	<INFO 7f5d5910e740> 2016-03-07 21:25:41 Completed gather
1457382341460	<INFO 7f5d5910e740> 2016-03-07 21:25:41 Started gather
1457382341926	<INFO 7f5d5910e740> 2016-03-07 21:25:41 Completed gather
1457382341929	<INFO 7f5d5910e740> 2016-03-07 21:25:41 Started gather
1457382342247	<INFO 7f5d5910e740> 2016-03-07 21:25:42 Completed gather
1457382342437	<INFO 7f5d5910e740> 2016-03-07 21:25:42 Started gather
1457382402141	<INFO 7f5d5910e740> 2016-03-07 21:26:42 Completed gather
1457382402144	<INFO 7f5d5910e740> 2016-03-07 21:26:42 Started gather
1457382416754	<INFO 7f5d5910e740> 2016-03-07 21:26:56 Completed gather
1457382416756	<INFO 7f5d5910e740> 2016-03-07 21:26:56 Started gather
1457382422551	<INFO 7f5d5910e740> 2016-03-07 21:27:02 Completed gather
1457382422553	<INFO 7f5d5910e740> 2016-03-07 21:27:02 Started gather
1457382428442	<INFO 7f5d5910e740> 2016-03-07 21:27:08 Completed gather
1457382428446	<INFO 7f5d5910e740> 2016-03-07 21:27:08 Started gather
1457382436767	<INFO 7f5d5910e740> 2016-03-07 21:27:16 Completed gather
1457382436770	<INFO 7f5d5910e740> 2016-03-07 21:27:16 Started gather
1457382439120	<INFO 7f5d5910e740> 2016-03-07 21:27:19 Completed gather
1457382439122	<INFO 7f5d5910e740> 2016-03-07 21:27:19 Started gather
1457382439929	<INFO 7f5d5910e740> 2016-03-07 21:27:19 Completed gather
1457382439931	<INFO 7f5d5910e740> 2016-03-07 21:27:19 Started gather
1457382440266	<INFO 7f5d5910e740> 2016-03-07 21:27:20 Completed gather
1457382440471	<INFO 7f5d5910e740> 2016-03-07 21:27:20 Completed phase 2 Bytes read 21517977384 Bytes written 12364061812
1457382452307	<INFO 7f5d5910e740> 2016-03-07 21:27:32 Started gather
1457382474749	<INFO 7f5d5910e740> 2016-03-07 21:27:54 Completed gather
1457382474754	<INFO 7f5d5910e740> 2016-03-07 21:27:54 Started gather
1457382481748	<INFO 7f5d5910e740> 2016-03-07 21:28:01 Completed gather
1457382481750	<INFO 7f5d5910e740> 2016-03-07 21:28:01 Started gather
1457382485242	<INFO 7f5d5910e740> 2016-03-07 21:28:05 Completed gather
1457382485245	<INFO 7f5d5910e740> 2016-03-07 21:28:05 Started gather
1457382489978	<INFO 7f5d5910e740> 2016-03-07 21:28:09 Completed gather
1457382489983	<INFO 7f5d5910e740> 2016-03-07 21:28:09 Started gather
1457382493348	<INFO 7f5d5910e740> 2016-03-07 21:28:13 Completed gather
1457382493351	<INFO 7f5d5910e740> 2016-03-07 21:28:13 Started gather
1457382493902	<INFO 7f5d5910e740> 2016-03-07 21:28:13 Completed gather
1457382493905	<INFO 7f5d5910e740> 2016-03-07 21:28:13 Started gather
1457382494371	<INFO 7f5d5910e740> 2016-03-07 21:28:14 Completed gather
1457382494377	<INFO 7f5d5910e740> 2016-03-07 21:28:14 Started gather
1457382496551	<INFO 7f5d5910e740> 2016-03-07 21:28:16 Completed gather
1457382504144	<INFO 7f5d5910e740> 2016-03-07 21:28:24 Started scatter
1457382557166	<INFO 7f5d5910e740> 2016-03-07 21:29:17 Completed scatter
1457382557168	<INFO 7f5d5910e740> 2016-03-07 21:29:17 Started scatter
1457382564650	<INFO 7f5d5910e740> 2016-03-07 21:29:24 Completed scatter
1457382564653	<INFO 7f5d5910e740> 2016-03-07 21:29:24 Started scatter
1457382574439	<INFO 7f5d5910e740> 2016-03-07 21:29:34 Completed scatter
1457382574442	<INFO 7f5d5910e740> 2016-03-07 21:29:34 Started scatter
1457382577288	<INFO 7f5d5910e740> 2016-03-07 21:29:37 Completed scatter
1457382577291	<INFO 7f5d5910e740> 2016-03-07 21:29:37 Started scatter
1457382584680	<INFO 7f5d5910e740> 2016-03-07 21:29:44 Completed scatter
1457382584682	<INFO 7f5d5910e740> 2016-03-07 21:29:44 Started scatter
1457382586513	<INFO 7f5d5910e740> 2016-03-07 21:29:46 Completed scatter
1457382586516	<INFO 7f5d5910e740> 2016-03-07 21:29:46 Started scatter
1457382588479	<INFO 7f5d5910e740> 2016-03-07 21:29:48 Completed scatter
1457382588482	<INFO 7f5d5910e740> 2016-03-07 21:29:48 Started scatter
1457382590027	<INFO 7f5d5910e740> 2016-03-07 21:29:50 Completed scatter
1457382590298	<INFO 7f5d5910e740> 2016-03-07 21:29:50 Completed phase 3 Bytes read 33571660700 Bytes written 17468888004
1457382600802	<INFO 7f5d5910e740> 2016-03-07 21:30:00 Started gather
1457382625592	<INFO 7f5d5910e740> 2016-03-07 21:30:25 Completed gather
1457382625596	<INFO 7f5d5910e740> 2016-03-07 21:30:25 Started gather
1457382629450	<INFO 7f5d5910e740> 2016-03-07 21:30:29 Completed gather
1457382629453	<INFO 7f5d5910e740> 2016-03-07 21:30:29 Started gather
1457382634000	<INFO 7f5d5910e740> 2016-03-07 21:30:33 Completed gather
1457382634003	<INFO 7f5d5910e740> 2016-03-07 21:30:33 Started gather
1457382639002	<INFO 7f5d5910e740> 2016-03-07 21:30:39 Completed gather
1457382639005	<INFO 7f5d5910e740> 2016-03-07 21:30:39 Started gather
1457382640869	<INFO 7f5d5910e740> 2016-03-07 21:30:40 Completed gather
1457382640872	<INFO 7f5d5910e740> 2016-03-07 21:30:40 Started gather
1457382642426	<INFO 7f5d5910e740> 2016-03-07 21:30:42 Completed gather
1457382642431	<INFO 7f5d5910e740> 2016-03-07 21:30:42 Started gather
1457382642977	<INFO 7f5d5910e740> 2016-03-07 21:30:42 Completed gather
1457382642982	<INFO 7f5d5910e740> 2016-03-07 21:30:42 Started gather
1457382643304	<INFO 7f5d5910e740> 2016-03-07 21:30:43 Completed gather
1457382650856	<INFO 7f5d5910e740> 2016-03-07 21:30:50 Started scatter
1457382707368	<INFO 7f5d5910e740> 2016-03-07 21:31:47 Completed scatter
1457382707371	<INFO 7f5d5910e740> 2016-03-07 21:31:47 Started scatter
1457382712162	<INFO 7f5d5910e740> 2016-03-07 21:31:52 Completed scatter
1457382712164	<INFO 7f5d5910e740> 2016-03-07 21:31:52 Started scatter
1457382719836	<INFO 7f5d5910e740> 2016-03-07 21:31:59 Completed scatter
1457382719838	<INFO 7f5d5910e740> 2016-03-07 21:31:59 Started scatter
1457382722647	<INFO 7f5d5910e740> 2016-03-07 21:32:02 Completed scatter
1457382722650	<INFO 7f5d5910e740> 2016-03-07 21:32:02 Started scatter
1457382729853	<INFO 7f5d5910e740> 2016-03-07 21:32:09 Completed scatter
1457382729856	<INFO 7f5d5910e740> 2016-03-07 21:32:09 Started scatter
1457382733241	<INFO 7f5d5910e740> 2016-03-07 21:32:13 Completed scatter
1457382733245	<INFO 7f5d5910e740> 2016-03-07 21:32:13 Started scatter
1457382735766	<INFO 7f5d5910e740> 2016-03-07 21:32:15 Completed scatter
1457382735768	<INFO 7f5d5910e740> 2016-03-07 21:32:15 Started scatter
1457382738536	<INFO 7f5d5910e740> 2016-03-07 21:32:18 Completed scatter
1457382738801	<INFO 7f5d5910e740> 2016-03-07 21:32:18 Completed phase 4 Bytes read 45815791232 Bytes written 22668028100
1457382748122	<INFO 7f5d5910e740> 2016-03-07 21:32:28 Started gather
1457382775863	<INFO 7f5d5910e740> 2016-03-07 21:32:55 Completed gather
1457382775867	<INFO 7f5d5910e740> 2016-03-07 21:32:55 Started gather
1457382786271	<INFO 7f5d5910e740> 2016-03-07 21:33:06 Completed gather
1457382786274	<INFO 7f5d5910e740> 2016-03-07 21:33:06 Started gather
1457382788456	<INFO 7f5d5910e740> 2016-03-07 21:33:08 Completed gather
1457382788458	<INFO 7f5d5910e740> 2016-03-07 21:33:08 Started gather
1457382790793	<INFO 7f5d5910e740> 2016-03-07 21:33:10 Completed gather
1457382790796	<INFO 7f5d5910e740> 2016-03-07 21:33:10 Started gather
1457382792642	<INFO 7f5d5910e740> 2016-03-07 21:33:12 Completed gather
1457382792645	<INFO 7f5d5910e740> 2016-03-07 21:33:12 Started gather
1457382793844	<INFO 7f5d5910e740> 2016-03-07 21:33:13 Completed gather
1457382793847	<INFO 7f5d5910e740> 2016-03-07 21:33:13 Started gather
1457382794304	<INFO 7f5d5910e740> 2016-03-07 21:33:14 Completed gather
1457382794309	<INFO 7f5d5910e740> 2016-03-07 21:33:14 Started gather
1457382794620	<INFO 7f5d5910e740> 2016-03-07 21:33:14 Completed gather
1457382802209	<INFO 7f5d5910e740> 2016-03-07 21:33:22 Started scatter
1457382851356	<INFO 7f5d5910e740> 2016-03-07 21:34:11 Completed scatter
1457382851359	<INFO 7f5d5910e740> 2016-03-07 21:34:11 Started scatter
1457382859157	<INFO 7f5d5910e740> 2016-03-07 21:34:19 Completed scatter
1457382859159	<INFO 7f5d5910e740> 2016-03-07 21:34:19 Started scatter
1457382868285	<INFO 7f5d5910e740> 2016-03-07 21:34:28 Completed scatter
1457382868288	<INFO 7f5d5910e740> 2016-03-07 21:34:28 Started scatter
1457382872693	<INFO 7f5d5910e740> 2016-03-07 21:34:32 Completed scatter
1457382872696	<INFO 7f5d5910e740> 2016-03-07 21:34:32 Started scatter
1457382880756	<INFO 7f5d5910e740> 2016-03-07 21:34:40 Completed scatter
1457382880759	<INFO 7f5d5910e740> 2016-03-07 21:34:40 Started scatter
1457382886300	<INFO 7f5d5910e740> 2016-03-07 21:34:46 Completed scatter
1457382886304	<INFO 7f5d5910e740> 2016-03-07 21:34:46 Started scatter
1457382888797	<INFO 7f5d5910e740> 2016-03-07 21:34:48 Completed scatter
1457382888800	<INFO 7f5d5910e740> 2016-03-07 21:34:48 Started scatter
1457382890380	<INFO 7f5d5910e740> 2016-03-07 21:34:50 Completed scatter
1457382890725	<INFO 7f5d5910e740> 2016-03-07 21:34:50 Completed phase 5 Bytes read 58204567316 Bytes written 27929079892
1457382902288	<INFO 7f5d5910e740> 2016-03-07 21:35:02 Started gather
1457382926067	<INFO 7f5d5910e740> 2016-03-07 21:35:26 Completed gather
1457382926069	<INFO 7f5d5910e740> 2016-03-07 21:35:26 Started gather
1457382935985	<INFO 7f5d5910e740> 2016-03-07 21:35:35 Completed gather
1457382935988	<INFO 7f5d5910e740> 2016-03-07 21:35:35 Started gather
1457382940115	<INFO 7f5d5910e740> 2016-03-07 21:35:40 Completed gather
1457382940118	<INFO 7f5d5910e740> 2016-03-07 21:35:40 Started gather
1457382942436	<INFO 7f5d5910e740> 2016-03-07 21:35:42 Completed gather
1457382942439	<INFO 7f5d5910e740> 2016-03-07 21:35:42 Started gather
1457382943580	<INFO 7f5d5910e740> 2016-03-07 21:35:43 Completed gather
1457382943582	<INFO 7f5d5910e740> 2016-03-07 21:35:43 Started gather
1457382944799	<INFO 7f5d5910e740> 2016-03-07 21:35:44 Completed gather
1457382944802	<INFO 7f5d5910e740> 2016-03-07 21:35:44 Started gather
1457382945316	<INFO 7f5d5910e740> 2016-03-07 21:35:45 Completed gather
1457382945319	<INFO 7f5d5910e740> 2016-03-07 21:35:45 Started gather
1457382945630	<INFO 7f5d5910e740> 2016-03-07 21:35:45 Completed gather
1457382952976	<INFO 7f5d5910e740> 2016-03-07 21:35:52 Started scatter
1457383004229	<INFO 7f5d5910e740> 2016-03-07 21:36:44 Completed scatter
1457383004231	<INFO 7f5d5910e740> 2016-03-07 21:36:44 Started scatter
1457383010972	<INFO 7f5d5910e740> 2016-03-07 21:36:50 Completed scatter
1457383010976	<INFO 7f5d5910e740> 2016-03-07 21:36:50 Started scatter
1457383020630	<INFO 7f5d5910e740> 2016-03-07 21:37:00 Completed scatter
1457383020633	<INFO 7f5d5910e740> 2016-03-07 21:37:00 Started scatter
1457383023670	<INFO 7f5d5910e740> 2016-03-07 21:37:03 Completed scatter
1457383023673	<INFO 7f5d5910e740> 2016-03-07 21:37:03 Started scatter
1457383032392	<INFO 7f5d5910e740> 2016-03-07 21:37:12 Completed scatter
1457383032395	<INFO 7f5d5910e740> 2016-03-07 21:37:12 Started scatter
1457383035094	<INFO 7f5d5910e740> 2016-03-07 21:37:15 Completed scatter
1457383035096	<INFO 7f5d5910e740> 2016-03-07 21:37:15 Started scatter
1457383038571	<INFO 7f5d5910e740> 2016-03-07 21:37:18 Completed scatter
1457383038574	<INFO 7f5d5910e740> 2016-03-07 21:37:18 Started scatter
1457383040819	<INFO 7f5d5910e740> 2016-03-07 21:37:20 Completed scatter
1457383041285	<INFO 7f5d5910e740> 2016-03-07 21:37:21 Completed phase 6 Bytes read 70655255096 Bytes written 33159965180
1457383051054	<INFO 7f5d5910e740> 2016-03-07 21:37:31 Started gather
1457383073356	<INFO 7f5d5910e740> 2016-03-07 21:37:53 Completed gather
1457383073358	<INFO 7f5d5910e740> 2016-03-07 21:37:53 Started gather
1457383082798	<INFO 7f5d5910e740> 2016-03-07 21:38:02 Completed gather
1457383082802	<INFO 7f5d5910e740> 2016-03-07 21:38:02 Started gather
1457383086592	<INFO 7f5d5910e740> 2016-03-07 21:38:06 Completed gather
1457383086595	<INFO 7f5d5910e740> 2016-03-07 21:38:06 Started gather
1457383091571	<INFO 7f5d5910e740> 2016-03-07 21:38:11 Completed gather
1457383091574	<INFO 7f5d5910e740> 2016-03-07 21:38:11 Started gather
1457383093401	<INFO 7f5d5910e740> 2016-03-07 21:38:13 Completed gather
1457383093404	<INFO 7f5d5910e740> 2016-03-07 21:38:13 Started gather
1457383095262	<INFO 7f5d5910e740> 2016-03-07 21:38:15 Completed gather
1457383095264	<INFO 7f5d5910e740> 2016-03-07 21:38:15 Started gather
1457383095668	<INFO 7f5d5910e740> 2016-03-07 21:38:15 Completed gather
1457383095674	<INFO 7f5d5910e740> 2016-03-07 21:38:15 Started gather
1457383095971	<INFO 7f5d5910e740> 2016-03-07 21:38:15 Completed gather
1457383103604	<INFO 7f5d5910e740> 2016-03-07 21:38:23 Started scatter
1457383154007	<INFO 7f5d5910e740> 2016-03-07 21:39:14 Completed scatter
1457383154010	<INFO 7f5d5910e740> 2016-03-07 21:39:14 Started scatter
1457383163766	<INFO 7f5d5910e740> 2016-03-07 21:39:23 Completed scatter
1457383163768	<INFO 7f5d5910e740> 2016-03-07 21:39:23 Started scatter
1457383171527	<INFO 7f5d5910e740> 2016-03-07 21:39:31 Completed scatter
1457383171531	<INFO 7f5d5910e740> 2016-03-07 21:39:31 Started scatter
1457383174551	<INFO 7f5d5910e740> 2016-03-07 21:39:34 Completed scatter
1457383174554	<INFO 7f5d5910e740> 2016-03-07 21:39:34 Started scatter
1457383184624	<INFO 7f5d5910e740> 2016-03-07 21:39:44 Completed scatter
1457383184627	<INFO 7f5d5910e740> 2016-03-07 21:39:44 Started scatter
1457383187421	<INFO 7f5d5910e740> 2016-03-07 21:39:47 Completed scatter
1457383187425	<INFO 7f5d5910e740> 2016-03-07 21:39:47 Started scatter
1457383190626	<INFO 7f5d5910e740> 2016-03-07 21:39:50 Completed scatter
1457383190630	<INFO 7f5d5910e740> 2016-03-07 21:39:50 Started scatter
1457383192781	<INFO 7f5d5910e740> 2016-03-07 21:39:52 Completed scatter
1457383193063	<INFO 7f5d5910e740> 2016-03-07 21:39:53 Completed phase 7 Bytes read 83075776372 Bytes written 38258812092
1457383193065	<INFO 7f5d5910e740> CORE::PARTITIONS_PROCESSED 2965
1457383193068	<INFO 7f5d5910e740> CORE::BYTES::EDGES_STREAMED 8639031480
1457383193070	<INFO 7f5d5910e740> CORE::BYTES::UPDATES_OUT 4949541936
1457383193073	<INFO 7f5d5910e740> CORE::BYTES::UPDATES_IN 4392972336
1457383193075	<INFO 7f3f393f7700> CORE::PARTITIONS_PROCESSED 5880
1457383193079	<INFO 7f3f393f7700> CORE::BYTES::EDGES_STREAMED 7517201844
1457383193081	<INFO 7f3f393f7700> CORE::BYTES::UPDATES_OUT 4305918128
1457383193084	<INFO 7f3f393f7700> CORE::BYTES::UPDATES_IN 4196545144
1457383193086	<INFO 7f3f2e7fc700> CORE::PARTITIONS_PROCESSED 7588
1457383193088	<INFO 7f3f2e7fc700> CORE::BYTES::EDGES_STREAMED 8669719836
1457383193091	<INFO 7f3f2e7fc700> CORE::BYTES::UPDATES_OUT 4977724824
1457383193093	<INFO 7f3f2e7fc700> CORE::BYTES::UPDATES_IN 4422543376
1457383193095	<INFO 7f3f2ffff700> CORE::PARTITIONS_PROCESSED 5299
1457383193097	<INFO 7f3f2effd700> CORE::PARTITIONS_PROCESSED 6816
1457383193100	<INFO 7f3f39bf8700> CORE::PARTITIONS_PROCESSED 5904
1457383193102	<INFO 7f3f38bf6700> CORE::PARTITIONS_PROCESSED 7267
1457383193104	<INFO 7f3f2f7fe700> CORE::PARTITIONS_PROCESSED 6919
1457383193107	<INFO 7f3f38bf6700> CORE::BYTES::EDGES_STREAMED 8156567028
1457383193109	<INFO 7f3f2f7fe700> CORE::BYTES::EDGES_STREAMED 8469840324
1457383193112	<INFO 7f3f38bf6700> CORE::BYTES::UPDATES_OUT 4634283896
1457383193114	<INFO 7f3f2effd700> CORE::BYTES::EDGES_STREAMED 8640615420
1457383193116	<INFO 7f3f39bf8700> CORE::BYTES::EDGES_STREAMED 7796354124
1457383193119	<INFO 7f3f2f7fe700> CORE::BYTES::UPDATES_OUT 4814663056
1457383193121	<INFO 7f3f2ffff700> CORE::BYTES::EDGES_STREAMED 8042347800
1457383193123	<INFO 7f3f39bf8700> CORE::BYTES::UPDATES_OUT 4499869248
1457383193126	<INFO 7f3f2f7fe700> CORE::BYTES::UPDATES_IN 4543108208
1457383193128	<INFO 7f3f38bf6700> CORE::BYTES::UPDATES_IN 4576708352
1457383193130	<INFO 7f3f2effd700> CORE::BYTES::UPDATES_OUT 4883559056
1457383193133	<INFO 7f3f2ffff700> CORE::BYTES::UPDATES_OUT 4606691432
1457383193135	<INFO 7f3f39bf8700> CORE::BYTES::UPDATES_IN 4254367312
1457383193138	<INFO 7f3f2ffff700> CORE::BYTES::UPDATES_IN 4345279816
1457383193140	<INFO 7f3f2effd700> CORE::BYTES::UPDATES_IN 4217199240
1457383193142	<INFO 7f3f3abfa700> SLIPSTORE service is exiting
1457383193145	<INFO 7f3f3abfa700> SLIPSTORE::HELP_OFFERS_RECVD 784
1457383193147	<INFO 7f3f3abfa700> SLIPSTORE::HELP_OFFERS_ACCEPTED 328
1457383193150	<INFO 7f3f3abfa700> SLIPSTORE::HELP_ACCEPTANCE_RATIO 0.418367
1457383193152	<INFO 7f3f3abfa700> SLIPSTORE::SERVER_BUSY_DISK  725.45 seconds
1457383193154	<INFO 7f3f3abfa700> SLIPSTORE::SERVER_BUSY_MEM  0 seconds
1457383193157	<INFO 7f3f3abfa700> SLIPSTORE::SERVER_TOTAL  986.717 seconds
1457383193159	<INFO 7f5d5910e740> SLIPSTORE::CLIENT::DISK_READ_TIME  674.423 seconds
1457383193162	<INFO 7f5d5910e740> SLIPSTORE::CLIENT::MEM_READ_TIME  30.1891 seconds
1457383193164	<INFO 7f5d5910e740> SLIPSTORE::CLIENT::DISK_BYTES_READ 115170389420
1457383193166	<INFO 7f5d5910e740> SLIPSTORE::CLIENT::MEM_BYTES_READ 5586812928
1457383193169	<INFO 7f5d5910e740> SLIPSTORE::CLIENT::WRITE_TIME  224.721 seconds
1457383193171	<INFO 7f5d5910e740> SLIPSTORE::CLIENT::BYTES_WRITTEN 6039797760
1457383193173	<INFO 7f5d5910e740> SLIPSTORE::CLIENT_BUSY  929.333 seconds
1457383193176	<INFO 7f5d5910e740> SLIPSTORE::IO::TIME 605.566 seconds
1457383193178	<INFO 7f5d5910e740> SLIPSTORE::SNAP::TIME 0 seconds
1457383193180	<INFO 7f5d5910e740> SLIPSTORE::MAX_DISK_USAGE_BYTES 11175619364
1457383193426	<INFO 7f5d5910e740> CORE::RUSAGE::MAX_RSS_KB 125960620
1457383193429	<INFO 7f5d5910e740> CORE::RUSAGE::MINFLT 41927183
1457383193432	<INFO 7f5d5910e740> CORE::RUSAGE::MAJFLT 5
1457383193435	<INFO 7f5d5910e740> CORE::RUSAGE::MAJFLT 5
1457383193437	<INFO 7f5d5910e740> CORE::RUSAGE::INBLK 134295544
1457383193440	<INFO 7f5d5910e740> CORE::RUSAGE::OUBLK 74749048
1457383193442	<INFO 7f5d5910e740> CORE::UTILS::BYTES_READ 83075776372
1457383193445	<INFO 7f5d5910e740> CORE::UTILS::BYTES_WRITTEN 38258812092
1457383193448	<INFO 7f5d5910e740> CORE::UTILS::TILE_COPY_BYTES 13639876608
1457383193450	<INFO 7f5d5910e740> CORE::TIME::IO_WAIT 830.815 seconds
1457383193453	<INFO 7f5d5910e740> CORE::TIME_TILE_COPY 0 seconds
1457383193456	<INFO 7f5d5910e740> CORE::TIME_TILE_MERGE 30.2586 seconds
1457383193458	<INFO 7f5d5910e740> CORE::TIME_PROCESSING_STOLEN 0 seconds
1457383193461	<INFO 7f5d5910e740> CORE::TIME_MERGE_WAIT 8.84307 seconds
1457383193464	<INFO 7f5d5910e740> CORE::TIME_ALL_MC_BARRIER 9.50325 seconds
1457383193466	<INFO 7f5d5910e740> CORE::PHASES 7
1457383193469	<INFO 7f5d5910e740> CORE::TIME::SETUP 5.12892 seconds
1457383193472	<INFO 7f5d5910e740> CORE::TIME::WALL 990.369 seconds
1457383193474	<INFO 7f5d5910e740> SHUTDOWN
