1457382095771	<INFO 7f40542f4740> 2016-03-07 21:21:35 STARTUP
1457382095775	<INFO 7f40542f4740> CORE::GRAPH rmat-28_s8
1457382095778	<INFO 7f40542f4740> CORE::ALGORITHM pagerank
1457382095781	<INFO 7f40542f4740> CORE::VERTEX_STRIPING ON
1457382095785	<INFO 7f40542f4740> 2016-03-07 21:21:35 Blocking memory amount 126701535232
1457382203465	<INFO 7f40542f4740> 2016-03-07 21:23:23 Done blocking memory
1457382203469	<INFO 7f40542f4740> SG-DRIVER-ORIGINAL
1457382203473	<INFO 7f40542f4740> CORE::CONFIG::PROCESSORS 8
1457382203477	<INFO 7f40542f4740> CORE::CONFIG::PHYSICAL_MEMORY 2147483648
1457382203481	<INFO 7f40542f4740> CORE::CONFIG::VERTICES 268435456
1457382203485	<INFO 7f40542f4740> CORE::CONFIG::VERTEX_SIZE 12
1457382203489	<INFO 7f40542f4740> CORE::CONFIG::VERTEX_BUFFER 50331648
1457382203492	<INFO 7f40542f4740> CORE::CONFIG::EDGES 536870912
1457382203497	<INFO 7f40542f4740> CORE::CONFIG::PARTITIONS 512
1457382203501	<INFO 7f40542f4740> CORE::CONFIG::FANOUT 512
1457382203504	<INFO 7f40542f4740> CORE::CONFIG::SUPER_PARTITIONS 64
1457382203508	<INFO 7f40542f4740> CORE::CONFIG::TILES 1
1457382203512	<INFO 7f40542f4740> CORE::CONFIG::BUFFER_SIZE 419422822
1457382203516	<INFO 7f40542f4740> CORE::CONFIG::MAX_BUFFERS 4
1457382203520	<INFO 7f40542f4740> CORE::CONFIG::MAX_STREAMS 4
1457382203524	<INFO 7f40542f4740> SLIPSTREAM::EXT_MEM_SHUFFLE OFF
1457382205427	<WARNING 7f40542f4740> Unable to unlink file (stream.0.32.0):No such file or directory
1457382205431	<WARNING 7f40542f4740> Unable to unlink file (stream.0.33.0):No such file or directory
1457382205435	<WARNING 7f40542f4740> Unable to unlink file (stream.0.34.0):No such file or directory
1457382205438	<WARNING 7f40542f4740> Unable to unlink file (stream.0.35.0):No such file or directory
1457382205443	<WARNING 7f40542f4740> Unable to unlink file (stream.0.36.0):No such file or directory
1457382205446	<WARNING 7f40542f4740> Unable to unlink file (stream.0.37.0):No such file or directory
1457382205449	<WARNING 7f40542f4740> Unable to unlink file (stream.0.38.0):No such file or directory
1457382205453	<WARNING 7f40542f4740> Unable to unlink file (stream.0.39.0):No such file or directory
1457382205457	<WARNING 7f40542f4740> Unable to unlink file (stream.0.40.0):No such file or directory
1457382205461	<WARNING 7f40542f4740> Unable to unlink file (stream.0.41.0):No such file or directory
1457382205465	<WARNING 7f40542f4740> Unable to unlink file (stream.0.42.0):No such file or directory
1457382205469	<WARNING 7f40542f4740> Unable to unlink file (stream.0.43.0):No such file or directory
1457382205472	<WARNING 7f40542f4740> Unable to unlink file (stream.0.44.0):No such file or directory
1457382205476	<WARNING 7f40542f4740> Unable to unlink file (stream.0.45.0):No such file or directory
1457382205479	<WARNING 7f40542f4740> Unable to unlink file (stream.0.46.0):No such file or directory
1457382205484	<WARNING 7f40542f4740> Unable to unlink file (stream.0.47.0):No such file or directory
1457382205487	<WARNING 7f40542f4740> Unable to unlink file (stream.0.48.0):No such file or directory
1457382205491	<WARNING 7f40542f4740> Unable to unlink file (stream.0.49.0):No such file or directory
1457382205495	<WARNING 7f40542f4740> Unable to unlink file (stream.0.50.0):No such file or directory
1457382205498	<WARNING 7f40542f4740> Unable to unlink file (stream.0.51.0):No such file or directory
1457382205502	<WARNING 7f40542f4740> Unable to unlink file (stream.0.52.0):No such file or directory
1457382205506	<WARNING 7f40542f4740> Unable to unlink file (stream.0.53.0):No such file or directory
1457382205509	<WARNING 7f40542f4740> Unable to unlink file (stream.0.54.0):No such file or directory
1457382205513	<WARNING 7f40542f4740> Unable to unlink file (stream.0.55.0):No such file or directory
1457382205517	<WARNING 7f40542f4740> Unable to unlink file (stream.0.56.0):No such file or directory
1457382205520	<WARNING 7f40542f4740> Unable to unlink file (stream.0.57.0):No such file or directory
1457382205524	<WARNING 7f40542f4740> Unable to unlink file (stream.0.58.0):No such file or directory
1457382205528	<WARNING 7f40542f4740> Unable to unlink file (stream.0.59.0):No such file or directory
1457382205532	<WARNING 7f40542f4740> Unable to unlink file (stream.0.60.0):No such file or directory
1457382205536	<WARNING 7f40542f4740> Unable to unlink file (stream.0.61.0):No such file or directory
1457382205539	<WARNING 7f40542f4740> Unable to unlink file (stream.0.62.0):No such file or directory
1457382205543	<WARNING 7f40542f4740> Unable to unlink file (stream.0.63.0):No such file or directory
1457382205546	<WARNING 7f40542f4740> Unable to unlink file (stream.1.32.0):No such file or directory
1457382205550	<WARNING 7f40542f4740> Unable to unlink file (stream.1.33.0):No such file or directory
1457382205554	<WARNING 7f40542f4740> Unable to unlink file (stream.1.34.0):No such file or directory
1457382205558	<WARNING 7f40542f4740> Unable to unlink file (stream.1.35.0):No such file or directory
1457382205561	<WARNING 7f40542f4740> Unable to unlink file (stream.1.36.0):No such file or directory
1457382205565	<WARNING 7f40542f4740> Unable to unlink file (stream.1.37.0):No such file or directory
1457382205569	<WARNING 7f40542f4740> Unable to unlink file (stream.1.38.0):No such file or directory
1457382205572	<WARNING 7f40542f4740> Unable to unlink file (stream.1.39.0):No such file or directory
1457382205576	<WARNING 7f40542f4740> Unable to unlink file (stream.1.40.0):No such file or directory
1457382205580	<WARNING 7f40542f4740> Unable to unlink file (stream.1.41.0):No such file or directory
1457382205583	<WARNING 7f40542f4740> Unable to unlink file (stream.1.42.0):No such file or directory
1457382205587	<WARNING 7f40542f4740> Unable to unlink file (stream.1.43.0):No such file or directory
1457382205591	<WARNING 7f40542f4740> Unable to unlink file (stream.1.44.0):No such file or directory
1457382205595	<WARNING 7f40542f4740> Unable to unlink file (stream.1.45.0):No such file or directory
1457382205598	<WARNING 7f40542f4740> Unable to unlink file (stream.1.46.0):No such file or directory
1457382205602	<WARNING 7f40542f4740> Unable to unlink file (stream.1.47.0):No such file or directory
1457382205606	<WARNING 7f40542f4740> Unable to unlink file (stream.1.48.0):No such file or directory
1457382205610	<WARNING 7f40542f4740> Unable to unlink file (stream.1.49.0):No such file or directory
1457382205613	<WARNING 7f40542f4740> Unable to unlink file (stream.1.50.0):No such file or directory
1457382205616	<WARNING 7f40542f4740> Unable to unlink file (stream.1.51.0):No such file or directory
1457382205620	<WARNING 7f40542f4740> Unable to unlink file (stream.1.52.0):No such file or directory
1457382205623	<WARNING 7f40542f4740> Unable to unlink file (stream.1.53.0):No such file or directory
1457382205627	<WARNING 7f40542f4740> Unable to unlink file (stream.1.54.0):No such file or directory
1457382205631	<WARNING 7f40542f4740> Unable to unlink file (stream.1.55.0):No such file or directory
1457382205635	<WARNING 7f40542f4740> Unable to unlink file (stream.1.56.0):No such file or directory
1457382205639	<WARNING 7f40542f4740> Unable to unlink file (stream.1.57.0):No such file or directory
1457382205642	<WARNING 7f40542f4740> Unable to unlink file (stream.1.58.0):No such file or directory
1457382205646	<WARNING 7f40542f4740> Unable to unlink file (stream.1.59.0):No such file or directory
1457382205649	<WARNING 7f40542f4740> Unable to unlink file (stream.1.60.0):No such file or directory
1457382205652	<WARNING 7f40542f4740> Unable to unlink file (stream.1.61.0):No such file or directory
1457382205656	<WARNING 7f40542f4740> Unable to unlink file (stream.1.62.0):No such file or directory
1457382205659	<WARNING 7f40542f4740> Unable to unlink file (stream.1.63.0):No such file or directory
1457382206195	<WARNING 7f40542f4740> Unable to unlink file (stream.2.32.0):No such file or directory
1457382206198	<WARNING 7f40542f4740> Unable to unlink file (stream.2.33.0):No such file or directory
1457382206202	<WARNING 7f40542f4740> Unable to unlink file (stream.2.34.0):No such file or directory
1457382206205	<WARNING 7f40542f4740> Unable to unlink file (stream.2.35.0):No such file or directory
1457382206208	<WARNING 7f40542f4740> Unable to unlink file (stream.2.36.0):No such file or directory
1457382206212	<WARNING 7f40542f4740> Unable to unlink file (stream.2.37.0):No such file or directory
1457382206216	<WARNING 7f40542f4740> Unable to unlink file (stream.2.38.0):No such file or directory
1457382206219	<WARNING 7f40542f4740> Unable to unlink file (stream.2.39.0):No such file or directory
1457382206223	<WARNING 7f40542f4740> Unable to unlink file (stream.2.40.0):No such file or directory
1457382206226	<WARNING 7f40542f4740> Unable to unlink file (stream.2.41.0):No such file or directory
1457382206230	<WARNING 7f40542f4740> Unable to unlink file (stream.2.42.0):No such file or directory
1457382206233	<WARNING 7f40542f4740> Unable to unlink file (stream.2.43.0):No such file or directory
1457382206236	<WARNING 7f40542f4740> Unable to unlink file (stream.2.44.0):No such file or directory
1457382206240	<WARNING 7f40542f4740> Unable to unlink file (stream.2.45.0):No such file or directory
1457382206243	<WARNING 7f40542f4740> Unable to unlink file (stream.2.46.0):No such file or directory
1457382206247	<WARNING 7f40542f4740> Unable to unlink file (stream.2.47.0):No such file or directory
1457382206250	<WARNING 7f40542f4740> Unable to unlink file (stream.2.48.0):No such file or directory
1457382206254	<WARNING 7f40542f4740> Unable to unlink file (stream.2.49.0):No such file or directory
1457382206258	<WARNING 7f40542f4740> Unable to unlink file (stream.2.50.0):No such file or directory
1457382206261	<WARNING 7f40542f4740> Unable to unlink file (stream.2.51.0):No such file or directory
1457382206266	<WARNING 7f40542f4740> Unable to unlink file (stream.2.52.0):No such file or directory
1457382206271	<WARNING 7f40542f4740> Unable to unlink file (stream.2.53.0):No such file or directory
1457382206275	<WARNING 7f40542f4740> Unable to unlink file (stream.2.54.0):No such file or directory
1457382206278	<WARNING 7f40542f4740> Unable to unlink file (stream.2.55.0):No such file or directory
1457382206281	<WARNING 7f40542f4740> Unable to unlink file (stream.2.56.0):No such file or directory
1457382206284	<WARNING 7f40542f4740> Unable to unlink file (stream.2.57.0):No such file or directory
1457382206288	<WARNING 7f40542f4740> Unable to unlink file (stream.2.58.0):No such file or directory
1457382206292	<WARNING 7f40542f4740> Unable to unlink file (stream.2.59.0):No such file or directory
1457382206295	<WARNING 7f40542f4740> Unable to unlink file (stream.2.60.0):No such file or directory
1457382206298	<WARNING 7f40542f4740> Unable to unlink file (stream.2.61.0):No such file or directory
1457382206302	<WARNING 7f40542f4740> Unable to unlink file (stream.2.62.0):No such file or directory
1457382206306	<WARNING 7f40542f4740> Unable to unlink file (stream.2.63.0):No such file or directory
1457382206862	<WARNING 7f40542f4740> Unable to unlink file (stream.3.32.0):No such file or directory
1457382206866	<WARNING 7f40542f4740> Unable to unlink file (stream.3.33.0):No such file or directory
1457382206869	<WARNING 7f40542f4740> Unable to unlink file (stream.3.34.0):No such file or directory
1457382206873	<WARNING 7f40542f4740> Unable to unlink file (stream.3.35.0):No such file or directory
1457382206876	<WARNING 7f40542f4740> Unable to unlink file (stream.3.36.0):No such file or directory
1457382206880	<WARNING 7f40542f4740> Unable to unlink file (stream.3.37.0):No such file or directory
1457382206884	<WARNING 7f40542f4740> Unable to unlink file (stream.3.38.0):No such file or directory
1457382206888	<WARNING 7f40542f4740> Unable to unlink file (stream.3.39.0):No such file or directory
1457382206892	<WARNING 7f40542f4740> Unable to unlink file (stream.3.40.0):No such file or directory
1457382206896	<WARNING 7f40542f4740> Unable to unlink file (stream.3.41.0):No such file or directory
1457382206900	<WARNING 7f40542f4740> Unable to unlink file (stream.3.42.0):No such file or directory
1457382206904	<WARNING 7f40542f4740> Unable to unlink file (stream.3.43.0):No such file or directory
1457382206908	<WARNING 7f40542f4740> Unable to unlink file (stream.3.44.0):No such file or directory
1457382206911	<WARNING 7f40542f4740> Unable to unlink file (stream.3.45.0):No such file or directory
1457382206915	<WARNING 7f40542f4740> Unable to unlink file (stream.3.46.0):No such file or directory
1457382206918	<WARNING 7f40542f4740> Unable to unlink file (stream.3.47.0):No such file or directory
1457382206924	<WARNING 7f40542f4740> Unable to unlink file (stream.3.48.0):No such file or directory
1457382206928	<WARNING 7f40542f4740> Unable to unlink file (stream.3.49.0):No such file or directory
1457382206931	<WARNING 7f40542f4740> Unable to unlink file (stream.3.50.0):No such file or directory
1457382206935	<WARNING 7f40542f4740> Unable to unlink file (stream.3.51.0):No such file or directory
1457382206939	<WARNING 7f40542f4740> Unable to unlink file (stream.3.52.0):No such file or directory
1457382206943	<WARNING 7f40542f4740> Unable to unlink file (stream.3.53.0):No such file or directory
1457382206946	<WARNING 7f40542f4740> Unable to unlink file (stream.3.54.0):No such file or directory
1457382206950	<WARNING 7f40542f4740> Unable to unlink file (stream.3.55.0):No such file or directory
1457382206953	<WARNING 7f40542f4740> Unable to unlink file (stream.3.56.0):No such file or directory
1457382206957	<WARNING 7f40542f4740> Unable to unlink file (stream.3.57.0):No such file or directory
1457382206961	<WARNING 7f40542f4740> Unable to unlink file (stream.3.58.0):No such file or directory
1457382206965	<WARNING 7f40542f4740> Unable to unlink file (stream.3.59.0):No such file or directory
1457382206969	<WARNING 7f40542f4740> Unable to unlink file (stream.3.60.0):No such file or directory
1457382206972	<WARNING 7f40542f4740> Unable to unlink file (stream.3.61.0):No such file or directory
1457382206976	<WARNING 7f40542f4740> Unable to unlink file (stream.3.62.0):No such file or directory
1457382206979	<WARNING 7f40542f4740> Unable to unlink file (stream.3.63.0):No such file or directory
1457382206983	<INFO 7f40542f4740> SLIPSTORE::ZMQ_THREADS 2
1457382206988	<INFO 7f40542f4740> SLIPSTORE::COMM Connecting to tcp://dco-node137-10g:5016
1457382206991	<INFO 7f40542f4740> SLIPSTORE::COMM Connecting to tcp://dco-node138-10g:5034
1457382206995	<INFO 7f40542f4740> SLIPSTORE::COMM Connecting to tcp://dco-node139-10g:5052
1457382206999	<INFO 7f40542f4740> SLIPSTORE::COMM Connecting to tcp://dco-node140-10g:5070
1457382207003	<INFO 7f40542f4740> SLIPSTORE::COMM Connecting to tcp://dco-node141-10g:5088
1457382207007	<INFO 7f40542f4740> SLIPSTORE::COMM Connecting to tcp://dco-node142-10g:5106
1457382207011	<INFO 7f40542f4740> SLIPSTORE::COMM Connecting to tcp://dco-node143-10g:5124
1457382207015	<INFO 7f40542f4740> SLIPSTORE::COMM Connecting to tcp://dco-node144-10g:5142
1457382207019	<INFO 7f40542f4740> SLIPSTORE::COMM Listening at tcp://ens1f0:5134
1457382207023	<INFO 7f40542f4740> SLIPSTORE::COMM Listening at tcp://ens1f0:5135
1457382207026	<INFO 7f40542f4740> SLIPSTORE::COMM Listening at tcp://ens1f0:5136
1457382207030	<INFO 7f40542f4740> SLIPSTORE::COMM Listening at tcp://ens1f0:5137
1457382207034	<INFO 7f40542f4740> SLIPSTORE::COMM Listening at tcp://ens1f0:5138
1457382207037	<INFO 7f40542f4740> SLIPSTORE::COMM Listening at tcp://ens1f0:5139
1457382207040	<INFO 7f40542f4740> SLIPSTORE::COMM Listening at tcp://ens1f0:5140
1457382207044	<INFO 7f40542f4740> SLIPSTORE::COMM Listening at ipc://client
1457382207047	<INFO 7f40542f4740> SLIPSTORE::COMM Connecting to tcp://dco-node137-10g:5016
1457382207050	<INFO 7f40542f4740> SLIPSTORE::COMM Connecting to tcp://dco-node138-10g:5034
1457382207053	<INFO 7f40542f4740> SLIPSTORE::COMM Connecting to tcp://dco-node139-10g:5052
1457382207056	<INFO 7f40542f4740> SLIPSTORE::COMM Connecting to tcp://dco-node140-10g:5070
1457382207060	<INFO 7f40542f4740> SLIPSTORE::COMM Connecting to tcp://dco-node141-10g:5088
1457382207064	<INFO 7f40542f4740> SLIPSTORE::COMM Connecting to tcp://dco-node142-10g:5106
1457382207068	<INFO 7f40542f4740> SLIPSTORE::COMM Connecting to tcp://dco-node143-10g:5124
1457382207072	<INFO 7f40542f4740> SLIPSTORE::COMM Connecting to tcp://dco-node144-10g:5142
1457382207076	<INFO 7f40542f4740> SLIPSTORE::COMM Connecting to tcp://dco-node137-10g:5007
1457382207080	<INFO 7f40542f4740> SLIPSTORE::COMM Connecting to tcp://dco-node138-10g:5025
1457382207084	<INFO 7f40542f4740> SLIPSTORE::COMM Connecting to tcp://dco-node139-10g:5043
1457382207086	<INFO 7f40542f4740> SLIPSTORE::COMM Connecting to tcp://dco-node140-10g:5061
1457382207090	<INFO 7f40542f4740> SLIPSTORE::COMM Connecting to tcp://dco-node141-10g:5079
1457382207094	<INFO 7f40542f4740> SLIPSTORE::COMM Connecting to tcp://dco-node142-10g:5097
1457382207097	<INFO 7f40542f4740> SLIPSTORE::COMM Connecting to tcp://dco-node143-10g:5115
1457382207100	<INFO 7f40542f4740> SLIPSTORE::COMM Connecting to ipc://server
1457382207103	<INFO 7f40542f4740> SLIPSTORE::COMM Connecting to tcp://dco-node137-10g:5017
1457382207106	<INFO 7f40542f4740> SLIPSTORE::COMM Listening at tcp://ens1f0:5143
1457382207110	<INFO 7f40542f4740> SLIPSTORE::COMM Connecting to tcp://dco-node144-10g:5142
1457382207113	<INFO 7f40542f4740> SLIPSTORE::HELP_POLICY HEURISTIC_NEW
1457382207118	<INFO 7f40542f4740> SLIPSTORE::SERVER ASYNC
1457382207121	<INFO 7f40542f4740> SLIPSTORE::MACHINES 8
1457382207125	<INFO 7f40542f4740> SLIPSTORE::ME 7
1457382207129	<INFO 7f40542f4740> SLIPSTORE::SLIPCHUNK 4194304
1457382207133	<INFO 7f40542f4740> SLIPSTORE::QUOTA 18446744073709551615
1457382207137	<INFO 7f40542f4740> SLIPSTORE::IO PAGECACHE
1457382207140	<INFO 7f2235ff7700> SLIPSTORE::COMM Listening at tcp://ens1f0:5142
1457382207143	<INFO 7f2235ff7700> SLIPSTORE::COMM Listening at tcp://ens1f0:5126
1457382207146	<INFO 7f2235ff7700> SLIPSTORE::COMM Connecting to tcp://dco-node137-10g:5015
1457382207150	<INFO 7f2235ff7700> SLIPSTORE::COMM Listening at tcp://ens1f0:5127
1457382207154	<INFO 7f2235ff7700> SLIPSTORE::COMM Connecting to tcp://dco-node138-10g:5033
1457382207157	<INFO 7f2235ff7700> SLIPSTORE::COMM Listening at tcp://ens1f0:5128
1457382207161	<INFO 7f2235ff7700> SLIPSTORE::COMM Connecting to tcp://dco-node139-10g:5051
1457382207165	<INFO 7f2235ff7700> SLIPSTORE::COMM Listening at tcp://ens1f0:5129
1457382207169	<INFO 7f2235ff7700> SLIPSTORE::COMM Connecting to tcp://dco-node140-10g:5069
1457382207172	<INFO 7f2235ff7700> SLIPSTORE::COMM Listening at tcp://ens1f0:5130
1457382207176	<INFO 7f2235ff7700> SLIPSTORE::COMM Connecting to tcp://dco-node141-10g:5087
1457382207179	<INFO 7f2235ff7700> SLIPSTORE::COMM Listening at tcp://ens1f0:5131
1457382207183	<INFO 7f2235ff7700> SLIPSTORE::COMM Connecting to tcp://dco-node142-10g:5105
1457382207186	<INFO 7f2235ff7700> SLIPSTORE::COMM Listening at tcp://ens1f0:5132
1457382207190	<INFO 7f2235ff7700> SLIPSTORE::COMM Connecting to tcp://dco-node143-10g:5123
1457382207193	<INFO 7f2235ff7700> SLIPSTORE::COMM Listening at ipc://server
1457382207197	<INFO 7f2235ff7700> SLIPSTORE::COMM Connecting to ipc://client
1457382207827	<INFO 7f40542f4740> SLIPSTORE::CHECKPOINTS NONE FOUND
1457382277844	<INFO 7f40542f4740> 2016-03-07 21:24:37 Completed init
1457382279977	<INFO 7f40542f4740> 2016-03-07 21:24:39 Started gather
1457382280629	<INFO 7f40542f4740> 2016-03-07 21:24:40 Completed gather
1457382280631	<INFO 7f40542f4740> 2016-03-07 21:24:40 Started gather
1457382281199	<INFO 7f40542f4740> 2016-03-07 21:24:41 Completed gather
1457382281202	<INFO 7f40542f4740> 2016-03-07 21:24:41 Started gather
1457382281549	<INFO 7f40542f4740> 2016-03-07 21:24:41 Completed gather
1457382281552	<INFO 7f40542f4740> 2016-03-07 21:24:41 Started gather
1457382281869	<INFO 7f40542f4740> 2016-03-07 21:24:41 Completed gather
1457382281872	<INFO 7f40542f4740> 2016-03-07 21:24:41 Started gather
1457382282227	<INFO 7f40542f4740> 2016-03-07 21:24:42 Completed gather
1457382282230	<INFO 7f40542f4740> 2016-03-07 21:24:42 Started gather
1457382282619	<INFO 7f40542f4740> 2016-03-07 21:24:42 Completed gather
1457382282622	<INFO 7f40542f4740> 2016-03-07 21:24:42 Started gather
1457382282977	<INFO 7f40542f4740> 2016-03-07 21:24:42 Completed gather
1457382282980	<INFO 7f40542f4740> 2016-03-07 21:24:42 Started gather
1457382283393	<INFO 7f40542f4740> 2016-03-07 21:24:43 Completed gather
1457382284168	<INFO 7f40542f4740> 2016-03-07 21:24:44 Started scatter
1457382288323	<INFO 7f40542f4740> 2016-03-07 21:24:48 Completed scatter
1457382288327	<INFO 7f40542f4740> 2016-03-07 21:24:48 Started scatter
1457382290621	<INFO 7f40542f4740> 2016-03-07 21:24:50 Completed scatter
1457382290624	<INFO 7f40542f4740> 2016-03-07 21:24:50 Started scatter
1457382292181	<INFO 7f40542f4740> 2016-03-07 21:24:52 Completed scatter
1457382292184	<INFO 7f40542f4740> 2016-03-07 21:24:52 Started scatter
1457382294193	<INFO 7f40542f4740> 2016-03-07 21:24:54 Completed scatter
1457382294197	<INFO 7f40542f4740> 2016-03-07 21:24:54 Started scatter
1457382295891	<INFO 7f40542f4740> 2016-03-07 21:24:55 Completed scatter
1457382295894	<INFO 7f40542f4740> 2016-03-07 21:24:55 Started scatter
1457382297074	<INFO 7f40542f4740> 2016-03-07 21:24:57 Completed scatter
1457382297077	<INFO 7f40542f4740> 2016-03-07 21:24:57 Started scatter
1457382297819	<INFO 7f40542f4740> 2016-03-07 21:24:57 Completed scatter
1457382297822	<INFO 7f40542f4740> 2016-03-07 21:24:57 Started scatter
1457382298389	<INFO 7f40542f4740> 2016-03-07 21:24:58 Completed scatter
1457382298405	<INFO 7f40542f4740> 2016-03-07 21:24:58 Started helping 0
1457382315655	<INFO 7f40542f4740> 2016-03-07 21:25:15 Completed helping 0
1457382316441	<INFO 7f40542f4740> 2016-03-07 21:25:16 Started helping 0
1457382319744	<INFO 7f40542f4740> 2016-03-07 21:25:19 Completed helping 0
1457382319767	<INFO 7f40542f4740> 2016-03-07 21:25:19 Started helping 0
1457382324072	<INFO 7f40542f4740> 2016-03-07 21:25:24 Completed helping 0
1457382324287	<INFO 7f40542f4740> 2016-03-07 21:25:24 Started helping 0
1457382326556	<INFO 7f40542f4740> 2016-03-07 21:25:26 Completed helping 0
1457382326720	<INFO 7f40542f4740> 2016-03-07 21:25:26 Started helping 0
1457382330552	<INFO 7f40542f4740> 2016-03-07 21:25:30 Completed helping 0
1457382330647	<INFO 7f40542f4740> 2016-03-07 21:25:30 Started helping 0
1457382332099	<INFO 7f40542f4740> 2016-03-07 21:25:32 Completed helping 0
1457382332413	<INFO 7f40542f4740> 2016-03-07 21:25:32 Started helping 0
1457382333999	<INFO 7f40542f4740> 2016-03-07 21:25:33 Completed helping 0
1457382334143	<INFO 7f40542f4740> 2016-03-07 21:25:34 Started helping 0
1457382334720	<INFO 7f40542f4740> 2016-03-07 21:25:34 Completed helping 0
1457382334955	<INFO 7f40542f4740> 2016-03-07 21:25:34 Completed phase 1 Bytes read 13695470712 Bytes written 7127190648
1457382338601	<INFO 7f40542f4740> 2016-03-07 21:25:38 Started gather
1457382338984	<INFO 7f40542f4740> 2016-03-07 21:25:38 Completed gather
1457382338987	<INFO 7f40542f4740> 2016-03-07 21:25:38 Started gather
1457382339538	<INFO 7f40542f4740> 2016-03-07 21:25:39 Completed gather
1457382339540	<INFO 7f40542f4740> 2016-03-07 21:25:39 Started gather
1457382339910	<INFO 7f40542f4740> 2016-03-07 21:25:39 Completed gather
1457382339912	<INFO 7f40542f4740> 2016-03-07 21:25:39 Started gather
1457382340303	<INFO 7f40542f4740> 2016-03-07 21:25:40 Completed gather
1457382340310	<INFO 7f40542f4740> 2016-03-07 21:25:40 Started gather
1457382340577	<INFO 7f40542f4740> 2016-03-07 21:25:40 Completed gather
1457382340580	<INFO 7f40542f4740> 2016-03-07 21:25:40 Started gather
1457382341035	<INFO 7f40542f4740> 2016-03-07 21:25:41 Completed gather
1457382341037	<INFO 7f40542f4740> 2016-03-07 21:25:41 Started gather
1457382341482	<INFO 7f40542f4740> 2016-03-07 21:25:41 Completed gather
1457382341486	<INFO 7f40542f4740> 2016-03-07 21:25:41 Started gather
1457382341838	<INFO 7f40542f4740> 2016-03-07 21:25:41 Completed gather
1457382342437	<INFO 7f40542f4740> 2016-03-07 21:25:42 Started gather
1457382350034	<INFO 7f40542f4740> 2016-03-07 21:25:50 Completed gather
1457382350037	<INFO 7f40542f4740> 2016-03-07 21:25:50 Started gather
1457382356839	<INFO 7f40542f4740> 2016-03-07 21:25:56 Completed gather
1457382356842	<INFO 7f40542f4740> 2016-03-07 21:25:56 Started gather
1457382361919	<INFO 7f40542f4740> 2016-03-07 21:26:01 Completed gather
1457382361922	<INFO 7f40542f4740> 2016-03-07 21:26:01 Started gather
1457382368139	<INFO 7f40542f4740> 2016-03-07 21:26:08 Completed gather
1457382368142	<INFO 7f40542f4740> 2016-03-07 21:26:08 Started gather
1457382375414	<INFO 7f40542f4740> 2016-03-07 21:26:15 Completed gather
1457382375416	<INFO 7f40542f4740> 2016-03-07 21:26:15 Started gather
1457382380148	<INFO 7f40542f4740> 2016-03-07 21:26:20 Completed gather
1457382380150	<INFO 7f40542f4740> 2016-03-07 21:26:20 Started gather
1457382385693	<INFO 7f40542f4740> 2016-03-07 21:26:25 Completed gather
1457382385696	<INFO 7f40542f4740> 2016-03-07 21:26:25 Started gather
1457382391600	<INFO 7f40542f4740> 2016-03-07 21:26:31 Completed gather
1457382391607	<INFO 7f40542f4740> 2016-03-07 21:26:31 Started helping 0
1457382401149	<INFO 7f40542f4740> 2016-03-07 21:26:41 Completed helping 0
1457382401902	<INFO 7f40542f4740> 2016-03-07 21:26:41 Started helping 0
1457382415411	<INFO 7f40542f4740> 2016-03-07 21:26:55 Completed helping 0
1457382415692	<INFO 7f40542f4740> 2016-03-07 21:26:55 Started helping 0
1457382421992	<INFO 7f40542f4740> 2016-03-07 21:27:01 Completed helping 0
1457382422253	<INFO 7f40542f4740> 2016-03-07 21:27:02 Started helping 0
1457382428070	<INFO 7f40542f4740> 2016-03-07 21:27:08 Completed helping 0
1457382428203	<INFO 7f40542f4740> 2016-03-07 21:27:08 Started helping 0
1457382435151	<INFO 7f40542f4740> 2016-03-07 21:27:15 Completed helping 0
1457382436394	<INFO 7f40542f4740> 2016-03-07 21:27:16 Started helping 0
1457382440160	<INFO 7f40542f4740> 2016-03-07 21:27:20 Completed helping 0
1457382440470	<INFO 7f40542f4740> 2016-03-07 21:27:20 Completed phase 2 Bytes read 21313394928 Bytes written 13016723400
1457382452307	<INFO 7f40542f4740> 2016-03-07 21:27:32 Started gather
1457382459187	<INFO 7f40542f4740> 2016-03-07 21:27:39 Completed gather
1457382459189	<INFO 7f40542f4740> 2016-03-07 21:27:39 Started gather
1457382462011	<INFO 7f40542f4740> 2016-03-07 21:27:42 Completed gather
1457382462013	<INFO 7f40542f4740> 2016-03-07 21:27:42 Started gather
1457382463400	<INFO 7f40542f4740> 2016-03-07 21:27:43 Completed gather
1457382463403	<INFO 7f40542f4740> 2016-03-07 21:27:43 Started gather
1457382464866	<INFO 7f40542f4740> 2016-03-07 21:27:44 Completed gather
1457382464868	<INFO 7f40542f4740> 2016-03-07 21:27:44 Started gather
1457382466989	<INFO 7f40542f4740> 2016-03-07 21:27:46 Completed gather
1457382466991	<INFO 7f40542f4740> 2016-03-07 21:27:46 Started gather
1457382468776	<INFO 7f40542f4740> 2016-03-07 21:27:48 Completed gather
1457382468779	<INFO 7f40542f4740> 2016-03-07 21:27:48 Started gather
1457382470378	<INFO 7f40542f4740> 2016-03-07 21:27:50 Completed gather
1457382470381	<INFO 7f40542f4740> 2016-03-07 21:27:50 Started gather
1457382471666	<INFO 7f40542f4740> 2016-03-07 21:27:51 Completed gather
1457382471676	<INFO 7f40542f4740> 2016-03-07 21:27:51 Started helping 0
1457382473859	<INFO 7f40542f4740> 2016-03-07 21:27:53 Completed helping 0
1457382474515	<INFO 7f40542f4740> 2016-03-07 21:27:54 Started helping 0
1457382479517	<INFO 7f40542f4740> 2016-03-07 21:27:59 Completed helping 0
1457382479564	<INFO 7f40542f4740> 2016-03-07 21:27:59 Started helping 0
1457382484699	<INFO 7f40542f4740> 2016-03-07 21:28:04 Completed helping 0
1457382485079	<INFO 7f40542f4740> 2016-03-07 21:28:05 Started helping 0
1457382491165	<INFO 7f40542f4740> 2016-03-07 21:28:11 Completed helping 0
1457382504144	<INFO 7f40542f4740> 2016-03-07 21:28:24 Started scatter
1457382506817	<INFO 7f40542f4740> 2016-03-07 21:28:26 Completed scatter
1457382506820	<INFO 7f40542f4740> 2016-03-07 21:28:26 Started scatter
1457382510803	<INFO 7f40542f4740> 2016-03-07 21:28:30 Completed scatter
1457382510807	<INFO 7f40542f4740> 2016-03-07 21:28:30 Started scatter
1457382517273	<INFO 7f40542f4740> 2016-03-07 21:28:37 Completed scatter
1457382517275	<INFO 7f40542f4740> 2016-03-07 21:28:37 Started scatter
1457382521550	<INFO 7f40542f4740> 2016-03-07 21:28:41 Completed scatter
1457382521553	<INFO 7f40542f4740> 2016-03-07 21:28:41 Started scatter
1457382524714	<INFO 7f40542f4740> 2016-03-07 21:28:44 Completed scatter
1457382524717	<INFO 7f40542f4740> 2016-03-07 21:28:44 Started scatter
1457382529765	<INFO 7f40542f4740> 2016-03-07 21:28:49 Completed scatter
1457382529768	<INFO 7f40542f4740> 2016-03-07 21:28:49 Started scatter
1457382531412	<INFO 7f40542f4740> 2016-03-07 21:28:51 Completed scatter
1457382531417	<INFO 7f40542f4740> 2016-03-07 21:28:51 Started scatter
1457382535474	<INFO 7f40542f4740> 2016-03-07 21:28:55 Completed scatter
1457382535942	<INFO 7f40542f4740> 2016-03-07 21:28:55 Started helping 0
1457382556913	<INFO 7f40542f4740> 2016-03-07 21:29:16 Completed helping 0
1457382557524	<INFO 7f40542f4740> 2016-03-07 21:29:17 Started helping 0
1457382565197	<INFO 7f40542f4740> 2016-03-07 21:29:25 Completed helping 0
1457382566699	<INFO 7f40542f4740> 2016-03-07 21:29:26 Started helping 0
1457382574439	<INFO 7f40542f4740> 2016-03-07 21:29:34 Completed helping 0
1457382575858	<INFO 7f40542f4740> 2016-03-07 21:29:35 Started helping 0
1457382577289	<INFO 7f40542f4740> 2016-03-07 21:29:37 Completed helping 0
1457382578534	<INFO 7f40542f4740> 2016-03-07 21:29:38 Started helping 0
1457382584679	<INFO 7f40542f4740> 2016-03-07 21:29:44 Completed helping 0
1457382584918	<INFO 7f40542f4740> 2016-03-07 21:29:44 Started helping 0
1457382586505	<INFO 7f40542f4740> 2016-03-07 21:29:46 Completed helping 0
1457382586881	<INFO 7f40542f4740> 2016-03-07 21:29:46 Started helping 0
1457382588442	<INFO 7f40542f4740> 2016-03-07 21:29:48 Completed helping 0
1457382588832	<INFO 7f40542f4740> 2016-03-07 21:29:48 Started helping 0
1457382590041	<INFO 7f40542f4740> 2016-03-07 21:29:50 Completed helping 0
1457382590298	<INFO 7f40542f4740> 2016-03-07 21:29:50 Completed phase 3 Bytes read 33772275896 Bytes written 18503023376
1457382600802	<INFO 7f40542f4740> 2016-03-07 21:30:00 Started gather
1457382605996	<INFO 7f40542f4740> 2016-03-07 21:30:05 Completed gather
1457382606003	<INFO 7f40542f4740> 2016-03-07 21:30:05 Started gather
1457382609590	<INFO 7f40542f4740> 2016-03-07 21:30:09 Completed gather
1457382609594	<INFO 7f40542f4740> 2016-03-07 21:30:09 Started gather
1457382610890	<INFO 7f40542f4740> 2016-03-07 21:30:10 Completed gather
1457382610893	<INFO 7f40542f4740> 2016-03-07 21:30:10 Started gather
1457382613093	<INFO 7f40542f4740> 2016-03-07 21:30:13 Completed gather
1457382613097	<INFO 7f40542f4740> 2016-03-07 21:30:13 Started gather
1457382615026	<INFO 7f40542f4740> 2016-03-07 21:30:15 Completed gather
1457382615029	<INFO 7f40542f4740> 2016-03-07 21:30:15 Started gather
1457382616699	<INFO 7f40542f4740> 2016-03-07 21:30:16 Completed gather
1457382616702	<INFO 7f40542f4740> 2016-03-07 21:30:16 Started gather
1457382618345	<INFO 7f40542f4740> 2016-03-07 21:30:18 Completed gather
1457382618348	<INFO 7f40542f4740> 2016-03-07 21:30:18 Started gather
1457382620775	<INFO 7f40542f4740> 2016-03-07 21:30:20 Completed gather
1457382620829	<INFO 7f40542f4740> 2016-03-07 21:30:20 Started helping 0
1457382628758	<INFO 7f40542f4740> 2016-03-07 21:30:28 Completed helping 0
1457382629121	<INFO 7f40542f4740> 2016-03-07 21:30:29 Started helping 0
1457382632359	<INFO 7f40542f4740> 2016-03-07 21:30:32 Completed helping 0
1457382632493	<INFO 7f40542f4740> 2016-03-07 21:30:32 Started helping 0
1457382639952	<INFO 7f40542f4740> 2016-03-07 21:30:39 Completed helping 0
1457382640174	<INFO 7f40542f4740> 2016-03-07 21:30:40 Started helping 0
1457382642881	<INFO 7f40542f4740> 2016-03-07 21:30:42 Completed helping 0
1457382650856	<INFO 7f40542f4740> 2016-03-07 21:30:50 Started scatter
1457382654406	<INFO 7f40542f4740> 2016-03-07 21:30:54 Completed scatter
1457382654409	<INFO 7f40542f4740> 2016-03-07 21:30:54 Started scatter
1457382657960	<INFO 7f40542f4740> 2016-03-07 21:30:57 Completed scatter
1457382657962	<INFO 7f40542f4740> 2016-03-07 21:30:57 Started scatter
1457382664123	<INFO 7f40542f4740> 2016-03-07 21:31:04 Completed scatter
1457382664125	<INFO 7f40542f4740> 2016-03-07 21:31:04 Started scatter
1457382667108	<INFO 7f40542f4740> 2016-03-07 21:31:07 Completed scatter
1457382667111	<INFO 7f40542f4740> 2016-03-07 21:31:07 Started scatter
1457382670857	<INFO 7f40542f4740> 2016-03-07 21:31:10 Completed scatter
1457382670860	<INFO 7f40542f4740> 2016-03-07 21:31:10 Started scatter
1457382676473	<INFO 7f40542f4740> 2016-03-07 21:31:16 Completed scatter
1457382676476	<INFO 7f40542f4740> 2016-03-07 21:31:16 Started scatter
1457382678181	<INFO 7f40542f4740> 2016-03-07 21:31:18 Completed scatter
1457382678183	<INFO 7f40542f4740> 2016-03-07 21:31:18 Started scatter
1457382680898	<INFO 7f40542f4740> 2016-03-07 21:31:20 Completed scatter
1457382683351	<INFO 7f40542f4740> 2016-03-07 21:31:23 Started helping 0
1457382707368	<INFO 7f40542f4740> 2016-03-07 21:31:47 Completed helping 0
1457382709736	<INFO 7f40542f4740> 2016-03-07 21:31:49 Started helping 0
1457382719836	<INFO 7f40542f4740> 2016-03-07 21:31:59 Completed helping 0
1457382720541	<INFO 7f40542f4740> 2016-03-07 21:32:00 Started helping 0
1457382722652	<INFO 7f40542f4740> 2016-03-07 21:32:02 Completed helping 0
1457382723386	<INFO 7f40542f4740> 2016-03-07 21:32:03 Started helping 0
1457382729852	<INFO 7f40542f4740> 2016-03-07 21:32:09 Completed helping 0
1457382730356	<INFO 7f40542f4740> 2016-03-07 21:32:10 Started helping 0
1457382733173	<INFO 7f40542f4740> 2016-03-07 21:32:13 Completed helping 0
1457382733716	<INFO 7f40542f4740> 2016-03-07 21:32:13 Started helping 0
1457382735766	<INFO 7f40542f4740> 2016-03-07 21:32:15 Completed helping 0
1457382736606	<INFO 7f40542f4740> 2016-03-07 21:32:16 Started helping 0
1457382738484	<INFO 7f40542f4740> 2016-03-07 21:32:18 Completed helping 0
1457382738801	<INFO 7f40542f4740> 2016-03-07 21:32:18 Completed phase 4 Bytes read 46192828536 Bytes written 23816547880
1457382748122	<INFO 7f40542f4740> 2016-03-07 21:32:28 Started gather
1457382755653	<INFO 7f40542f4740> 2016-03-07 21:32:35 Completed gather
1457382755656	<INFO 7f40542f4740> 2016-03-07 21:32:35 Started gather
1457382757707	<INFO 7f40542f4740> 2016-03-07 21:32:37 Completed gather
1457382757710	<INFO 7f40542f4740> 2016-03-07 21:32:37 Started gather
1457382759811	<INFO 7f40542f4740> 2016-03-07 21:32:39 Completed gather
1457382759814	<INFO 7f40542f4740> 2016-03-07 21:32:39 Started gather
1457382761279	<INFO 7f40542f4740> 2016-03-07 21:32:41 Completed gather
1457382761282	<INFO 7f40542f4740> 2016-03-07 21:32:41 Started gather
1457382762974	<INFO 7f40542f4740> 2016-03-07 21:32:42 Completed gather
1457382762977	<INFO 7f40542f4740> 2016-03-07 21:32:42 Started gather
1457382764753	<INFO 7f40542f4740> 2016-03-07 21:32:44 Completed gather
1457382764756	<INFO 7f40542f4740> 2016-03-07 21:32:44 Started gather
1457382769045	<INFO 7f40542f4740> 2016-03-07 21:32:49 Completed gather
1457382770256	<INFO 7f40542f4740> 2016-03-07 21:32:49 Started gather
1457382771760	<INFO 7f40542f4740> 2016-03-07 21:32:51 Completed gather
1457382771791	<INFO 7f40542f4740> 2016-03-07 21:32:51 Started helping 0
1457382773214	<INFO 7f40542f4740> 2016-03-07 21:32:53 Completed helping 0
1457382773465	<INFO 7f40542f4740> 2016-03-07 21:32:53 Started helping 0
1457382783843	<INFO 7f40542f4740> 2016-03-07 21:33:03 Completed helping 0
1457382784192	<INFO 7f40542f4740> 2016-03-07 21:33:04 Started helping 0
1457382787683	<INFO 7f40542f4740> 2016-03-07 21:33:07 Completed helping 0
1457382788229	<INFO 7f40542f4740> 2016-03-07 21:33:08 Started helping 0
1457382792376	<INFO 7f40542f4740> 2016-03-07 21:33:12 Completed helping 0
1457382792514	<INFO 7f40542f4740> 2016-03-07 21:33:12 Started helping 0
1457382794530	<INFO 7f40542f4740> 2016-03-07 21:33:14 Completed helping 0
1457382802208	<INFO 7f40542f4740> 2016-03-07 21:33:22 Started scatter
1457382805561	<INFO 7f40542f4740> 2016-03-07 21:33:25 Completed scatter
1457382805563	<INFO 7f40542f4740> 2016-03-07 21:33:25 Started scatter
1457382810582	<INFO 7f40542f4740> 2016-03-07 21:33:30 Completed scatter
1457382810586	<INFO 7f40542f4740> 2016-03-07 21:33:30 Started scatter
1457382815953	<INFO 7f40542f4740> 2016-03-07 21:33:35 Completed scatter
1457382815956	<INFO 7f40542f4740> 2016-03-07 21:33:35 Started scatter
1457382818864	<INFO 7f40542f4740> 2016-03-07 21:33:38 Completed scatter
1457382818866	<INFO 7f40542f4740> 2016-03-07 21:33:38 Started scatter
1457382822376	<INFO 7f40542f4740> 2016-03-07 21:33:42 Completed scatter
1457382822379	<INFO 7f40542f4740> 2016-03-07 21:33:42 Started scatter
1457382826463	<INFO 7f40542f4740> 2016-03-07 21:33:46 Completed scatter
1457382826466	<INFO 7f40542f4740> 2016-03-07 21:33:46 Started scatter
1457382829635	<INFO 7f40542f4740> 2016-03-07 21:33:49 Completed scatter
1457382829638	<INFO 7f40542f4740> 2016-03-07 21:33:49 Started scatter
1457382834603	<INFO 7f40542f4740> 2016-03-07 21:33:54 Completed scatter
1457382834927	<INFO 7f40542f4740> 2016-03-07 21:33:54 Started helping 0
1457382851301	<INFO 7f40542f4740> 2016-03-07 21:34:11 Completed helping 0
1457382853250	<INFO 7f40542f4740> 2016-03-07 21:34:13 Started helping 0
1457382859157	<INFO 7f40542f4740> 2016-03-07 21:34:19 Completed helping 0
1457382859809	<INFO 7f40542f4740> 2016-03-07 21:34:19 Started helping 0
1457382868197	<INFO 7f40542f4740> 2016-03-07 21:34:28 Completed helping 0
1457382870572	<INFO 7f40542f4740> 2016-03-07 21:34:30 Started helping 0
1457382872693	<INFO 7f40542f4740> 2016-03-07 21:34:32 Completed helping 0
1457382873504	<INFO 7f40542f4740> 2016-03-07 21:34:33 Started helping 0
1457382880756	<INFO 7f40542f4740> 2016-03-07 21:34:40 Completed helping 0
1457382882126	<INFO 7f40542f4740> 2016-03-07 21:34:42 Started helping 0
1457382886105	<INFO 7f40542f4740> 2016-03-07 21:34:46 Completed helping 0
1457382886665	<INFO 7f40542f4740> 2016-03-07 21:34:46 Started helping 0
1457382888883	<INFO 7f40542f4740> 2016-03-07 21:34:48 Completed helping 0
1457382889419	<INFO 7f40542f4740> 2016-03-07 21:34:49 Started helping 0
1457382890385	<INFO 7f40542f4740> 2016-03-07 21:34:50 Completed helping 0
1457382890725	<INFO 7f40542f4740> 2016-03-07 21:34:50 Completed phase 5 Bytes read 58465771528 Bytes written 29032214352
1457382902288	<INFO 7f40542f4740> 2016-03-07 21:35:02 Started gather
1457382906321	<INFO 7f40542f4740> 2016-03-07 21:35:06 Completed gather
1457382906324	<INFO 7f40542f4740> 2016-03-07 21:35:06 Started gather
1457382909359	<INFO 7f40542f4740> 2016-03-07 21:35:09 Completed gather
1457382909362	<INFO 7f40542f4740> 2016-03-07 21:35:09 Started gather
1457382911031	<INFO 7f40542f4740> 2016-03-07 21:35:11 Completed gather
1457382911033	<INFO 7f40542f4740> 2016-03-07 21:35:11 Started gather
1457382912032	<INFO 7f40542f4740> 2016-03-07 21:35:12 Completed gather
1457382912036	<INFO 7f40542f4740> 2016-03-07 21:35:12 Started gather
1457382914474	<INFO 7f40542f4740> 2016-03-07 21:35:14 Completed gather
1457382914476	<INFO 7f40542f4740> 2016-03-07 21:35:14 Started gather
1457382915714	<INFO 7f40542f4740> 2016-03-07 21:35:15 Completed gather
1457382915716	<INFO 7f40542f4740> 2016-03-07 21:35:15 Started gather
1457382917958	<INFO 7f40542f4740> 2016-03-07 21:35:17 Completed gather
1457382917961	<INFO 7f40542f4740> 2016-03-07 21:35:17 Started gather
1457382919481	<INFO 7f40542f4740> 2016-03-07 21:35:19 Completed gather
1457382919573	<INFO 7f40542f4740> 2016-03-07 21:35:19 Started helping 0
1457382924384	<INFO 7f40542f4740> 2016-03-07 21:35:24 Completed helping 0
1457382925268	<INFO 7f40542f4740> 2016-03-07 21:35:25 Started helping 0
1457382934877	<INFO 7f40542f4740> 2016-03-07 21:35:34 Completed helping 0
1457382935529	<INFO 7f40542f4740> 2016-03-07 21:35:35 Started helping 0
1457382939604	<INFO 7f40542f4740> 2016-03-07 21:35:39 Completed helping 0
1457382940017	<INFO 7f40542f4740> 2016-03-07 21:35:40 Started helping 0
1457382943418	<INFO 7f40542f4740> 2016-03-07 21:35:43 Completed helping 0
1457382943492	<INFO 7f40542f4740> 2016-03-07 21:35:43 Started helping 0
1457382945542	<INFO 7f40542f4740> 2016-03-07 21:35:45 Completed helping 0
1457382952975	<INFO 7f40542f4740> 2016-03-07 21:35:52 Started scatter
1457382956111	<INFO 7f40542f4740> 2016-03-07 21:35:56 Completed scatter
1457382956116	<INFO 7f40542f4740> 2016-03-07 21:35:56 Started scatter
1457382960890	<INFO 7f40542f4740> 2016-03-07 21:36:00 Completed scatter
1457382960893	<INFO 7f40542f4740> 2016-03-07 21:36:00 Started scatter
1457382965977	<INFO 7f40542f4740> 2016-03-07 21:36:05 Completed scatter
1457382965980	<INFO 7f40542f4740> 2016-03-07 21:36:05 Started scatter
1457382969978	<INFO 7f40542f4740> 2016-03-07 21:36:09 Completed scatter
1457382969981	<INFO 7f40542f4740> 2016-03-07 21:36:09 Started scatter
1457382973206	<INFO 7f40542f4740> 2016-03-07 21:36:13 Completed scatter
1457382973209	<INFO 7f40542f4740> 2016-03-07 21:36:13 Started scatter
1457382977799	<INFO 7f40542f4740> 2016-03-07 21:36:17 Completed scatter
1457382977802	<INFO 7f40542f4740> 2016-03-07 21:36:17 Started scatter
1457382979712	<INFO 7f40542f4740> 2016-03-07 21:36:19 Completed scatter
1457382979715	<INFO 7f40542f4740> 2016-03-07 21:36:19 Started scatter
1457382983172	<INFO 7f40542f4740> 2016-03-07 21:36:23 Completed scatter
1457382983619	<INFO 7f40542f4740> 2016-03-07 21:36:23 Started helping 0
1457383004246	<INFO 7f40542f4740> 2016-03-07 21:36:44 Completed helping 0
1457383005135	<INFO 7f40542f4740> 2016-03-07 21:36:45 Started helping 0
1457383010971	<INFO 7f40542f4740> 2016-03-07 21:36:50 Completed helping 0
1457383012531	<INFO 7f40542f4740> 2016-03-07 21:36:52 Started helping 0
1457383020630	<INFO 7f40542f4740> 2016-03-07 21:37:00 Completed helping 0
1457383021959	<INFO 7f40542f4740> 2016-03-07 21:37:01 Started helping 0
1457383023617	<INFO 7f40542f4740> 2016-03-07 21:37:03 Completed helping 0
1457383025324	<INFO 7f40542f4740> 2016-03-07 21:37:05 Started helping 0
1457383032391	<INFO 7f40542f4740> 2016-03-07 21:37:12 Completed helping 0
1457383033679	<INFO 7f40542f4740> 2016-03-07 21:37:13 Started helping 0
1457383035079	<INFO 7f40542f4740> 2016-03-07 21:37:15 Completed helping 0
1457383035907	<INFO 7f40542f4740> 2016-03-07 21:37:15 Started helping 0
1457383038579	<INFO 7f40542f4740> 2016-03-07 21:37:18 Completed helping 0
1457383039386	<INFO 7f40542f4740> 2016-03-07 21:37:19 Started helping 0
1457383040898	<INFO 7f40542f4740> 2016-03-07 21:37:20 Completed helping 0
1457383041284	<INFO 7f40542f4740> 2016-03-07 21:37:21 Completed phase 6 Bytes read 70640856488 Bytes written 34208799728
1457383051054	<INFO 7f40542f4740> 2016-03-07 21:37:31 Started gather
1457383057615	<INFO 7f40542f4740> 2016-03-07 21:37:37 Completed gather
1457383057618	<INFO 7f40542f4740> 2016-03-07 21:37:37 Started gather
1457383060537	<INFO 7f40542f4740> 2016-03-07 21:37:40 Completed gather
1457383060539	<INFO 7f40542f4740> 2016-03-07 21:37:40 Started gather
1457383061642	<INFO 7f40542f4740> 2016-03-07 21:37:41 Completed gather
1457383061645	<INFO 7f40542f4740> 2016-03-07 21:37:41 Started gather
1457383063914	<INFO 7f40542f4740> 2016-03-07 21:37:43 Completed gather
1457383063916	<INFO 7f40542f4740> 2016-03-07 21:37:43 Started gather
1457383065284	<INFO 7f40542f4740> 2016-03-07 21:37:45 Completed gather
1457383065286	<INFO 7f40542f4740> 2016-03-07 21:37:45 Started gather
1457383067494	<INFO 7f40542f4740> 2016-03-07 21:37:47 Completed gather
1457383067497	<INFO 7f40542f4740> 2016-03-07 21:37:47 Started gather
1457383068958	<INFO 7f40542f4740> 2016-03-07 21:37:48 Completed gather
1457383068961	<INFO 7f40542f4740> 2016-03-07 21:37:48 Started gather
1457383070227	<INFO 7f40542f4740> 2016-03-07 21:37:50 Completed gather
1457383070273	<INFO 7f40542f4740> 2016-03-07 21:37:50 Started helping 0
1457383072447	<INFO 7f40542f4740> 2016-03-07 21:37:52 Completed helping 0
1457383073002	<INFO 7f40542f4740> 2016-03-07 21:37:53 Started helping 0
1457383080250	<INFO 7f40542f4740> 2016-03-07 21:38:00 Completed helping 0
1457383081342	<INFO 7f40542f4740> 2016-03-07 21:38:01 Started helping 0
1457383086385	<INFO 7f40542f4740> 2016-03-07 21:38:06 Completed helping 0
1457383086439	<INFO 7f40542f4740> 2016-03-07 21:38:06 Started helping 0
1457383092231	<INFO 7f40542f4740> 2016-03-07 21:38:12 Completed helping 0
1457383092260	<INFO 7f40542f4740> 2016-03-07 21:38:12 Started helping 0
1457383095891	<INFO 7f40542f4740> 2016-03-07 21:38:15 Completed helping 0
1457383103604	<INFO 7f40542f4740> 2016-03-07 21:38:23 Started scatter
1457383106737	<INFO 7f40542f4740> 2016-03-07 21:38:26 Completed scatter
1457383106740	<INFO 7f40542f4740> 2016-03-07 21:38:26 Started scatter
1457383110095	<INFO 7f40542f4740> 2016-03-07 21:38:30 Completed scatter
1457383110098	<INFO 7f40542f4740> 2016-03-07 21:38:30 Started scatter
1457383117028	<INFO 7f40542f4740> 2016-03-07 21:38:37 Completed scatter
1457383117031	<INFO 7f40542f4740> 2016-03-07 21:38:37 Started scatter
1457383120128	<INFO 7f40542f4740> 2016-03-07 21:38:40 Completed scatter
1457383120133	<INFO 7f40542f4740> 2016-03-07 21:38:40 Started scatter
1457383122629	<INFO 7f40542f4740> 2016-03-07 21:38:42 Completed scatter
1457383122632	<INFO 7f40542f4740> 2016-03-07 21:38:42 Started scatter
1457383126056	<INFO 7f40542f4740> 2016-03-07 21:38:46 Completed scatter
1457383126059	<INFO 7f40542f4740> 2016-03-07 21:38:46 Started scatter
1457383130179	<INFO 7f40542f4740> 2016-03-07 21:38:50 Completed scatter
1457383130181	<INFO 7f40542f4740> 2016-03-07 21:38:50 Started scatter
1457383132325	<INFO 7f40542f4740> 2016-03-07 21:38:52 Completed scatter
1457383132995	<INFO 7f40542f4740> 2016-03-07 21:38:52 Started helping 0
1457383154084	<INFO 7f40542f4740> 2016-03-07 21:39:14 Completed helping 0
1457383155984	<INFO 7f40542f4740> 2016-03-07 21:39:15 Started helping 0
1457383161241	<INFO 7f40542f4740> 2016-03-07 21:39:21 Completed helping 0
1457383163909	<INFO 7f40542f4740> 2016-03-07 21:39:23 Started helping 0
1457383171506	<INFO 7f40542f4740> 2016-03-07 21:39:31 Completed helping 0
1457383172661	<INFO 7f40542f4740> 2016-03-07 21:39:32 Started helping 0
1457383174474	<INFO 7f40542f4740> 2016-03-07 21:39:34 Completed helping 0
1457383176172	<INFO 7f40542f4740> 2016-03-07 21:39:36 Started helping 0
1457383184623	<INFO 7f40542f4740> 2016-03-07 21:39:44 Completed helping 0
1457383185491	<INFO 7f40542f4740> 2016-03-07 21:39:45 Started helping 0
1457383187419	<INFO 7f40542f4740> 2016-03-07 21:39:47 Completed helping 0
1457383188164	<INFO 7f40542f4740> 2016-03-07 21:39:48 Started helping 0
1457383190644	<INFO 7f40542f4740> 2016-03-07 21:39:50 Completed helping 0
1457383190744	<INFO 7f40542f4740> 2016-03-07 21:39:50 Started helping 0
1457383192746	<INFO 7f40542f4740> 2016-03-07 21:39:52 Completed helping 0
1457383193062	<INFO 7f40542f4740> 2016-03-07 21:39:53 Completed phase 7 Bytes read 82776860352 Bytes written 39475646656
1457383193064	<INFO 7f40542f4740> CORE::PARTITIONS_PROCESSED 2541
1457383193067	<INFO 7f40542f4740> CORE::BYTES::EDGES_STREAMED 4983668520
1457383193069	<INFO 7f40542f4740> CORE::BYTES::UPDATES_OUT 2853225280
1457383193072	<INFO 7f40542f4740> CORE::BYTES::UPDATES_IN 1784131744
1457383193074	<INFO 7f222bfff700> CORE::PARTITIONS_PROCESSED 4974
1457383193076	<INFO 7f222bfff700> CORE::BYTES::EDGES_STREAMED 4371183372
1457383193079	<INFO 7f222bfff700> CORE::BYTES::UPDATES_OUT 2487362632
1457383193081	<INFO 7f222bfff700> CORE::BYTES::UPDATES_IN 1658085256
1457383193083	<INFO 7f2229ffb700> CORE::PARTITIONS_PROCESSED 5783
1457383193086	<INFO 7f222affd700> CORE::PARTITIONS_PROCESSED 4408
1457383193088	<INFO 7f222a7fc700> CORE::PARTITIONS_PROCESSED 5770
1457383193090	<INFO 7f2234ff5700> CORE::PARTITIONS_PROCESSED 4885
1457383193093	<INFO 7f222a7fc700> CORE::BYTES::EDGES_STREAMED 4973588964
1457383193095	<INFO 7f2229ffb700> CORE::BYTES::EDGES_STREAMED 4813925484
1457383193097	<INFO 7f222a7fc700> CORE::BYTES::UPDATES_OUT 2837950000
1457383193100	<INFO 7f222b7fe700> CORE::PARTITIONS_PROCESSED 6114
1457383193102	<INFO 7f22297fa700> CORE::PARTITIONS_PROCESSED 6485
1457383193104	<INFO 7f222affd700> CORE::BYTES::EDGES_STREAMED 4663549704
1457383193107	<INFO 7f222a7fc700> CORE::BYTES::UPDATES_IN 1611713816
1457383193109	<INFO 7f2229ffb700> CORE::BYTES::UPDATES_OUT 2759401856
1457383193112	<INFO 7f222affd700> CORE::BYTES::UPDATES_OUT 2675304088
1457383193114	<INFO 7f222b7fe700> CORE::BYTES::EDGES_STREAMED 4497055860
1457383193116	<INFO 7f22297fa700> CORE::BYTES::EDGES_STREAMED 4924704984
1457383193119	<INFO 7f2234ff5700> CORE::BYTES::EDGES_STREAMED 4432098744
1457383193121	<INFO 7f222affd700> CORE::BYTES::UPDATES_IN 1663166224
1457383193124	<INFO 7f2229ffb700> CORE::BYTES::UPDATES_IN 1532737832
1457383193126	<INFO 7f222b7fe700> CORE::BYTES::UPDATES_OUT 2584973352
1457383193128	<INFO 7f22297fa700> CORE::BYTES::UPDATES_OUT 2791949752
1457383193131	<INFO 7f22297fa700> CORE::BYTES::UPDATES_IN 1657389400
1457383193133	<INFO 7f2234ff5700> CORE::BYTES::UPDATES_OUT 2508851736
1457383193136	<INFO 7f222b7fe700> CORE::BYTES::UPDATES_IN 1730637840
1457383193138	<INFO 7f2234ff5700> CORE::BYTES::UPDATES_IN 1427597912
1457383193141	<INFO 7f2235ff7700> SLIPSTORE service is exiting
1457383193143	<INFO 7f2235ff7700> SLIPSTORE::HELP_OFFERS_RECVD 784
1457383193145	<INFO 7f2235ff7700> SLIPSTORE::HELP_OFFERS_ACCEPTED 0
1457383193148	<INFO 7f2235ff7700> SLIPSTORE::HELP_ACCEPTANCE_RATIO 0
1457383193150	<INFO 7f2235ff7700> SLIPSTORE::SERVER_BUSY_DISK  734.9 seconds
1457383193153	<INFO 7f2235ff7700> SLIPSTORE::SERVER_BUSY_MEM  0.942087 seconds
1457383193155	<INFO 7f2235ff7700> SLIPSTORE::SERVER_TOTAL  986.173 seconds
1457383193158	<INFO 7f40542f4740> SLIPSTORE::CLIENT::DISK_READ_TIME  695.661 seconds
1457383193160	<INFO 7f40542f4740> SLIPSTORE::CLIENT::MEM_READ_TIME  0 seconds
1457383193162	<INFO 7f40542f4740> SLIPSTORE::CLIENT::DISK_BYTES_READ 68836234384
1457383193165	<INFO 7f40542f4740> SLIPSTORE::CLIENT::MEM_BYTES_READ 0
1457383193167	<INFO 7f40542f4740> SLIPSTORE::CLIENT::WRITE_TIME  210.459 seconds
1457383193170	<INFO 7f40542f4740> SLIPSTORE::CLIENT::BYTES_WRITTEN 6039797760
1457383193172	<INFO 7f40542f4740> SLIPSTORE::CLIENT_BUSY  906.12 seconds
1457383193175	<INFO 7f40542f4740> SLIPSTORE::IO::TIME 613.555 seconds
1457383193177	<INFO 7f40542f4740> SLIPSTORE::SNAP::TIME 0 seconds
1457383193180	<INFO 7f40542f4740> SLIPSTORE::MAX_DISK_USAGE_BYTES 11406110664
1457383193377	<INFO 7f40542f4740> CORE::RUSAGE::MAX_RSS_KB 125951024
1457383193379	<INFO 7f40542f4740> CORE::RUSAGE::MINFLT 32947510
1457383193382	<INFO 7f40542f4740> CORE::RUSAGE::MAJFLT 5
1457383193385	<INFO 7f40542f4740> CORE::RUSAGE::MAJFLT 5
1457383193388	<INFO 7f40542f4740> CORE::RUSAGE::INBLK 134017744
1457383193392	<INFO 7f40542f4740> CORE::RUSAGE::OUBLK 77124856
1457383193395	<INFO 7f40542f4740> CORE::UTILS::BYTES_READ 82776860352
1457383193399	<INFO 7f40542f4740> CORE::UTILS::BYTES_WRITTEN 39475646656
1457383193401	<INFO 7f40542f4740> CORE::UTILS::TILE_COPY_BYTES 11878268928
1457383193404	<INFO 7f40542f4740> CORE::TIME::IO_WAIT 826.01 seconds
1457383193408	<INFO 7f40542f4740> CORE::TIME_TILE_COPY 89.6818 seconds
1457383193411	<INFO 7f40542f4740> CORE::TIME_TILE_MERGE 0 seconds
1457383193415	<INFO 7f40542f4740> CORE::TIME_PROCESSING_STOLEN 315.288 seconds
1457383193418	<INFO 7f40542f4740> CORE::TIME_MERGE_WAIT 24.4537 seconds
1457383193420	<INFO 7f40542f4740> CORE::TIME_ALL_MC_BARRIER 8.02138 seconds
1457383193423	<INFO 7f40542f4740> CORE::PHASES 7
1457383193426	<INFO 7f40542f4740> CORE::TIME::SETUP 4.67286 seconds
1457383193429	<INFO 7f40542f4740> CORE::TIME::WALL 989.912 seconds
1457383193431	<INFO 7f40542f4740> SHUTDOWN
