1457382095793	<INFO 7fc410728740> 2016-03-07 21:21:35 STARTUP
1457382095797	<INFO 7fc410728740> CORE::GRAPH rmat-28_s8
1457382095801	<INFO 7fc410728740> CORE::ALGORITHM pagerank
1457382095804	<INFO 7fc410728740> CORE::VERTEX_STRIPING ON
1457382095808	<INFO 7fc410728740> 2016-03-07 21:21:35 Blocking memory amount 126701535232
1457382203175	<INFO 7fc410728740> 2016-03-07 21:23:23 Done blocking memory
1457382203179	<INFO 7fc410728740> SG-DRIVER-ORIGINAL
1457382203183	<INFO 7fc410728740> CORE::CONFIG::PROCESSORS 8
1457382203187	<INFO 7fc410728740> CORE::CONFIG::PHYSICAL_MEMORY 2147483648
1457382203191	<INFO 7fc410728740> CORE::CONFIG::VERTICES 268435456
1457382203195	<INFO 7fc410728740> CORE::CONFIG::VERTEX_SIZE 12
1457382203199	<INFO 7fc410728740> CORE::CONFIG::VERTEX_BUFFER 50331648
1457382203203	<INFO 7fc410728740> CORE::CONFIG::EDGES 536870912
1457382203207	<INFO 7fc410728740> CORE::CONFIG::PARTITIONS 512
1457382203211	<INFO 7fc410728740> CORE::CONFIG::FANOUT 512
1457382203215	<INFO 7fc410728740> CORE::CONFIG::SUPER_PARTITIONS 64
1457382203219	<INFO 7fc410728740> CORE::CONFIG::TILES 1
1457382203223	<INFO 7fc410728740> CORE::CONFIG::BUFFER_SIZE 419422822
1457382203226	<INFO 7fc410728740> CORE::CONFIG::MAX_BUFFERS 4
1457382203230	<INFO 7fc410728740> CORE::CONFIG::MAX_STREAMS 4
1457382203234	<INFO 7fc410728740> SLIPSTREAM::EXT_MEM_SHUFFLE OFF
1457382205074	<WARNING 7fc410728740> Unable to unlink file (stream.0.32.0):No such file or directory
1457382205078	<WARNING 7fc410728740> Unable to unlink file (stream.0.33.0):No such file or directory
1457382205082	<WARNING 7fc410728740> Unable to unlink file (stream.0.34.0):No such file or directory
1457382205086	<WARNING 7fc410728740> Unable to unlink file (stream.0.35.0):No such file or directory
1457382205090	<WARNING 7fc410728740> Unable to unlink file (stream.0.36.0):No such file or directory
1457382205094	<WARNING 7fc410728740> Unable to unlink file (stream.0.37.0):No such file or directory
1457382205098	<WARNING 7fc410728740> Unable to unlink file (stream.0.38.0):No such file or directory
1457382205102	<WARNING 7fc410728740> Unable to unlink file (stream.0.39.0):No such file or directory
1457382205106	<WARNING 7fc410728740> Unable to unlink file (stream.0.40.0):No such file or directory
1457382205110	<WARNING 7fc410728740> Unable to unlink file (stream.0.41.0):No such file or directory
1457382205114	<WARNING 7fc410728740> Unable to unlink file (stream.0.42.0):No such file or directory
1457382205118	<WARNING 7fc410728740> Unable to unlink file (stream.0.43.0):No such file or directory
1457382205122	<WARNING 7fc410728740> Unable to unlink file (stream.0.44.0):No such file or directory
1457382205126	<WARNING 7fc410728740> Unable to unlink file (stream.0.45.0):No such file or directory
1457382205130	<WARNING 7fc410728740> Unable to unlink file (stream.0.46.0):No such file or directory
1457382205134	<WARNING 7fc410728740> Unable to unlink file (stream.0.47.0):No such file or directory
1457382205138	<WARNING 7fc410728740> Unable to unlink file (stream.0.48.0):No such file or directory
1457382205142	<WARNING 7fc410728740> Unable to unlink file (stream.0.49.0):No such file or directory
1457382205146	<WARNING 7fc410728740> Unable to unlink file (stream.0.50.0):No such file or directory
1457382205150	<WARNING 7fc410728740> Unable to unlink file (stream.0.51.0):No such file or directory
1457382205154	<WARNING 7fc410728740> Unable to unlink file (stream.0.52.0):No such file or directory
1457382205158	<WARNING 7fc410728740> Unable to unlink file (stream.0.53.0):No such file or directory
1457382205162	<WARNING 7fc410728740> Unable to unlink file (stream.0.54.0):No such file or directory
1457382205166	<WARNING 7fc410728740> Unable to unlink file (stream.0.55.0):No such file or directory
1457382205170	<WARNING 7fc410728740> Unable to unlink file (stream.0.56.0):No such file or directory
1457382205174	<WARNING 7fc410728740> Unable to unlink file (stream.0.57.0):No such file or directory
1457382205178	<WARNING 7fc410728740> Unable to unlink file (stream.0.58.0):No such file or directory
1457382205182	<WARNING 7fc410728740> Unable to unlink file (stream.0.59.0):No such file or directory
1457382205186	<WARNING 7fc410728740> Unable to unlink file (stream.0.60.0):No such file or directory
1457382205190	<WARNING 7fc410728740> Unable to unlink file (stream.0.61.0):No such file or directory
1457382205194	<WARNING 7fc410728740> Unable to unlink file (stream.0.62.0):No such file or directory
1457382205198	<WARNING 7fc410728740> Unable to unlink file (stream.0.63.0):No such file or directory
1457382205202	<WARNING 7fc410728740> Unable to unlink file (stream.1.32.0):No such file or directory
1457382205206	<WARNING 7fc410728740> Unable to unlink file (stream.1.33.0):No such file or directory
1457382205210	<WARNING 7fc410728740> Unable to unlink file (stream.1.34.0):No such file or directory
1457382205214	<WARNING 7fc410728740> Unable to unlink file (stream.1.35.0):No such file or directory
1457382205218	<WARNING 7fc410728740> Unable to unlink file (stream.1.36.0):No such file or directory
1457382205222	<WARNING 7fc410728740> Unable to unlink file (stream.1.37.0):No such file or directory
1457382205226	<WARNING 7fc410728740> Unable to unlink file (stream.1.38.0):No such file or directory
1457382205230	<WARNING 7fc410728740> Unable to unlink file (stream.1.39.0):No such file or directory
1457382205233	<WARNING 7fc410728740> Unable to unlink file (stream.1.40.0):No such file or directory
1457382205237	<WARNING 7fc410728740> Unable to unlink file (stream.1.41.0):No such file or directory
1457382205242	<WARNING 7fc410728740> Unable to unlink file (stream.1.42.0):No such file or directory
1457382205246	<WARNING 7fc410728740> Unable to unlink file (stream.1.43.0):No such file or directory
1457382205250	<WARNING 7fc410728740> Unable to unlink file (stream.1.44.0):No such file or directory
1457382205253	<WARNING 7fc410728740> Unable to unlink file (stream.1.45.0):No such file or directory
1457382205257	<WARNING 7fc410728740> Unable to unlink file (stream.1.46.0):No such file or directory
1457382205261	<WARNING 7fc410728740> Unable to unlink file (stream.1.47.0):No such file or directory
1457382205265	<WARNING 7fc410728740> Unable to unlink file (stream.1.48.0):No such file or directory
1457382205269	<WARNING 7fc410728740> Unable to unlink file (stream.1.49.0):No such file or directory
1457382205273	<WARNING 7fc410728740> Unable to unlink file (stream.1.50.0):No such file or directory
1457382205277	<WARNING 7fc410728740> Unable to unlink file (stream.1.51.0):No such file or directory
1457382205281	<WARNING 7fc410728740> Unable to unlink file (stream.1.52.0):No such file or directory
1457382205286	<WARNING 7fc410728740> Unable to unlink file (stream.1.53.0):No such file or directory
1457382205290	<WARNING 7fc410728740> Unable to unlink file (stream.1.54.0):No such file or directory
1457382205294	<WARNING 7fc410728740> Unable to unlink file (stream.1.55.0):No such file or directory
1457382205298	<WARNING 7fc410728740> Unable to unlink file (stream.1.56.0):No such file or directory
1457382205302	<WARNING 7fc410728740> Unable to unlink file (stream.1.57.0):No such file or directory
1457382205306	<WARNING 7fc410728740> Unable to unlink file (stream.1.58.0):No such file or directory
1457382205310	<WARNING 7fc410728740> Unable to unlink file (stream.1.59.0):No such file or directory
1457382205314	<WARNING 7fc410728740> Unable to unlink file (stream.1.60.0):No such file or directory
1457382205318	<WARNING 7fc410728740> Unable to unlink file (stream.1.61.0):No such file or directory
1457382205321	<WARNING 7fc410728740> Unable to unlink file (stream.1.62.0):No such file or directory
1457382205325	<WARNING 7fc410728740> Unable to unlink file (stream.1.63.0):No such file or directory
1457382205825	<WARNING 7fc410728740> Unable to unlink file (stream.2.32.0):No such file or directory
1457382205828	<WARNING 7fc410728740> Unable to unlink file (stream.2.33.0):No such file or directory
1457382205832	<WARNING 7fc410728740> Unable to unlink file (stream.2.34.0):No such file or directory
1457382205836	<WARNING 7fc410728740> Unable to unlink file (stream.2.35.0):No such file or directory
1457382205840	<WARNING 7fc410728740> Unable to unlink file (stream.2.36.0):No such file or directory
1457382205844	<WARNING 7fc410728740> Unable to unlink file (stream.2.37.0):No such file or directory
1457382205848	<WARNING 7fc410728740> Unable to unlink file (stream.2.38.0):No such file or directory
1457382205852	<WARNING 7fc410728740> Unable to unlink file (stream.2.39.0):No such file or directory
1457382205856	<WARNING 7fc410728740> Unable to unlink file (stream.2.40.0):No such file or directory
1457382205860	<WARNING 7fc410728740> Unable to unlink file (stream.2.41.0):No such file or directory
1457382205864	<WARNING 7fc410728740> Unable to unlink file (stream.2.42.0):No such file or directory
1457382205868	<WARNING 7fc410728740> Unable to unlink file (stream.2.43.0):No such file or directory
1457382205872	<WARNING 7fc410728740> Unable to unlink file (stream.2.44.0):No such file or directory
1457382205876	<WARNING 7fc410728740> Unable to unlink file (stream.2.45.0):No such file or directory
1457382205880	<WARNING 7fc410728740> Unable to unlink file (stream.2.46.0):No such file or directory
1457382205884	<WARNING 7fc410728740> Unable to unlink file (stream.2.47.0):No such file or directory
1457382205888	<WARNING 7fc410728740> Unable to unlink file (stream.2.48.0):No such file or directory
1457382205892	<WARNING 7fc410728740> Unable to unlink file (stream.2.49.0):No such file or directory
1457382205895	<WARNING 7fc410728740> Unable to unlink file (stream.2.50.0):No such file or directory
1457382205899	<WARNING 7fc410728740> Unable to unlink file (stream.2.51.0):No such file or directory
1457382205903	<WARNING 7fc410728740> Unable to unlink file (stream.2.52.0):No such file or directory
1457382205907	<WARNING 7fc410728740> Unable to unlink file (stream.2.53.0):No such file or directory
1457382205911	<WARNING 7fc410728740> Unable to unlink file (stream.2.54.0):No such file or directory
1457382205915	<WARNING 7fc410728740> Unable to unlink file (stream.2.55.0):No such file or directory
1457382205919	<WARNING 7fc410728740> Unable to unlink file (stream.2.56.0):No such file or directory
1457382205923	<WARNING 7fc410728740> Unable to unlink file (stream.2.57.0):No such file or directory
1457382205928	<WARNING 7fc410728740> Unable to unlink file (stream.2.58.0):No such file or directory
1457382205931	<WARNING 7fc410728740> Unable to unlink file (stream.2.59.0):No such file or directory
1457382205935	<WARNING 7fc410728740> Unable to unlink file (stream.2.60.0):No such file or directory
1457382205939	<WARNING 7fc410728740> Unable to unlink file (stream.2.61.0):No such file or directory
1457382205944	<WARNING 7fc410728740> Unable to unlink file (stream.2.62.0):No such file or directory
1457382205948	<WARNING 7fc410728740> Unable to unlink file (stream.2.63.0):No such file or directory
1457382206476	<WARNING 7fc410728740> Unable to unlink file (stream.3.32.0):No such file or directory
1457382206479	<WARNING 7fc410728740> Unable to unlink file (stream.3.33.0):No such file or directory
1457382206484	<WARNING 7fc410728740> Unable to unlink file (stream.3.34.0):No such file or directory
1457382206488	<WARNING 7fc410728740> Unable to unlink file (stream.3.35.0):No such file or directory
1457382206492	<WARNING 7fc410728740> Unable to unlink file (stream.3.36.0):No such file or directory
1457382206496	<WARNING 7fc410728740> Unable to unlink file (stream.3.37.0):No such file or directory
1457382206500	<WARNING 7fc410728740> Unable to unlink file (stream.3.38.0):No such file or directory
1457382206504	<WARNING 7fc410728740> Unable to unlink file (stream.3.39.0):No such file or directory
1457382206508	<WARNING 7fc410728740> Unable to unlink file (stream.3.40.0):No such file or directory
1457382206512	<WARNING 7fc410728740> Unable to unlink file (stream.3.41.0):No such file or directory
1457382206516	<WARNING 7fc410728740> Unable to unlink file (stream.3.42.0):No such file or directory
1457382206521	<WARNING 7fc410728740> Unable to unlink file (stream.3.43.0):No such file or directory
1457382206525	<WARNING 7fc410728740> Unable to unlink file (stream.3.44.0):No such file or directory
1457382206528	<WARNING 7fc410728740> Unable to unlink file (stream.3.45.0):No such file or directory
1457382206532	<WARNING 7fc410728740> Unable to unlink file (stream.3.46.0):No such file or directory
1457382206536	<WARNING 7fc410728740> Unable to unlink file (stream.3.47.0):No such file or directory
1457382206540	<WARNING 7fc410728740> Unable to unlink file (stream.3.48.0):No such file or directory
1457382206545	<WARNING 7fc410728740> Unable to unlink file (stream.3.49.0):No such file or directory
1457382206549	<WARNING 7fc410728740> Unable to unlink file (stream.3.50.0):No such file or directory
1457382206553	<WARNING 7fc410728740> Unable to unlink file (stream.3.51.0):No such file or directory
1457382206556	<WARNING 7fc410728740> Unable to unlink file (stream.3.52.0):No such file or directory
1457382206560	<WARNING 7fc410728740> Unable to unlink file (stream.3.53.0):No such file or directory
1457382206564	<WARNING 7fc410728740> Unable to unlink file (stream.3.54.0):No such file or directory
1457382206568	<WARNING 7fc410728740> Unable to unlink file (stream.3.55.0):No such file or directory
1457382206572	<WARNING 7fc410728740> Unable to unlink file (stream.3.56.0):No such file or directory
1457382206577	<WARNING 7fc410728740> Unable to unlink file (stream.3.57.0):No such file or directory
1457382206581	<WARNING 7fc410728740> Unable to unlink file (stream.3.58.0):No such file or directory
1457382206585	<WARNING 7fc410728740> Unable to unlink file (stream.3.59.0):No such file or directory
1457382206589	<WARNING 7fc410728740> Unable to unlink file (stream.3.60.0):No such file or directory
1457382206592	<WARNING 7fc410728740> Unable to unlink file (stream.3.61.0):No such file or directory
1457382206596	<WARNING 7fc410728740> Unable to unlink file (stream.3.62.0):No such file or directory
1457382206600	<WARNING 7fc410728740> Unable to unlink file (stream.3.63.0):No such file or directory
1457382206604	<INFO 7fc410728740> SLIPSTORE::ZMQ_THREADS 2
1457382206608	<INFO 7fc410728740> SLIPSTORE::COMM Connecting to tcp://dco-node137-10g:5016
1457382206611	<INFO 7fc410728740> SLIPSTORE::COMM Connecting to tcp://dco-node138-10g:5034
1457382206615	<INFO 7fc410728740> SLIPSTORE::COMM Connecting to tcp://dco-node139-10g:5052
1457382206619	<INFO 7fc410728740> SLIPSTORE::COMM Connecting to tcp://dco-node140-10g:5070
1457382206623	<INFO 7fc410728740> SLIPSTORE::COMM Connecting to tcp://dco-node141-10g:5088
1457382206626	<INFO 7fc410728740> SLIPSTORE::COMM Connecting to tcp://dco-node142-10g:5106
1457382206630	<INFO 7fc410728740> SLIPSTORE::COMM Connecting to tcp://dco-node143-10g:5124
1457382206633	<INFO 7fc410728740> SLIPSTORE::COMM Connecting to tcp://dco-node144-10g:5142
1457382206636	<INFO 7fc410728740> SLIPSTORE::COMM Listening at tcp://ens1f0:5080
1457382206639	<INFO 7fc410728740> SLIPSTORE::COMM Listening at tcp://ens1f0:5081
1457382206643	<INFO 7fc410728740> SLIPSTORE::COMM Listening at tcp://ens1f0:5082
1457382206646	<INFO 7fc410728740> SLIPSTORE::COMM Listening at tcp://ens1f0:5083
1457382206650	<INFO 7fc410728740> SLIPSTORE::COMM Listening at ipc://client
1457382206653	<INFO 7fc410728740> SLIPSTORE::COMM Listening at tcp://ens1f0:5085
1457382206657	<INFO 7fc410728740> SLIPSTORE::COMM Listening at tcp://ens1f0:5086
1457382206661	<INFO 7fc410728740> SLIPSTORE::COMM Listening at tcp://ens1f0:5087
1457382206664	<INFO 7fc410728740> SLIPSTORE::COMM Connecting to tcp://dco-node137-10g:5016
1457382206668	<INFO 7fc410728740> SLIPSTORE::COMM Connecting to tcp://dco-node138-10g:5034
1457382206671	<INFO 7fc410728740> SLIPSTORE::COMM Connecting to tcp://dco-node139-10g:5052
1457382206675	<INFO 7fc410728740> SLIPSTORE::COMM Connecting to tcp://dco-node140-10g:5070
1457382206679	<INFO 7fc410728740> SLIPSTORE::COMM Connecting to tcp://dco-node141-10g:5088
1457382206682	<INFO 7fc410728740> SLIPSTORE::COMM Connecting to tcp://dco-node142-10g:5106
1457382206684	<INFO 7fc410728740> SLIPSTORE::COMM Connecting to tcp://dco-node143-10g:5124
1457382206688	<INFO 7fc410728740> SLIPSTORE::COMM Connecting to tcp://dco-node144-10g:5142
1457382206692	<INFO 7fc410728740> SLIPSTORE::COMM Connecting to tcp://dco-node137-10g:5004
1457382206695	<INFO 7fc410728740> SLIPSTORE::COMM Connecting to tcp://dco-node138-10g:5022
1457382206697	<INFO 7fc410728740> SLIPSTORE::COMM Connecting to tcp://dco-node139-10g:5040
1457382206700	<INFO 7fc410728740> SLIPSTORE::COMM Connecting to tcp://dco-node140-10g:5058
1457382206703	<INFO 7fc410728740> SLIPSTORE::COMM Connecting to ipc://server
1457382206706	<INFO 7fc410728740> SLIPSTORE::COMM Connecting to tcp://dco-node142-10g:5094
1457382206709	<INFO 7fc410728740> SLIPSTORE::COMM Connecting to tcp://dco-node143-10g:5112
1457382206712	<INFO 7fc410728740> SLIPSTORE::COMM Connecting to tcp://dco-node144-10g:5130
1457382206715	<INFO 7fc410728740> SLIPSTORE::COMM Connecting to tcp://dco-node142-10g:5107
1457382206719	<INFO 7fc410728740> SLIPSTORE::COMM Listening at tcp://ens1f0:5089
1457382206722	<INFO 7fc410728740> SLIPSTORE::COMM Connecting to tcp://dco-node141-10g:5088
1457382206727	<INFO 7fc410728740> SLIPSTORE::HELP_POLICY HEURISTIC_NEW
1457382206730	<INFO 7fc410728740> SLIPSTORE::SERVER ASYNC
1457382206733	<INFO 7fc410728740> SLIPSTORE::MACHINES 8
1457382206737	<INFO 7fc410728740> SLIPSTORE::ME 4
1457382206740	<INFO 7fc410728740> SLIPSTORE::SLIPCHUNK 4194304
1457382206743	<INFO 7fc410728740> SLIPSTORE::QUOTA 18446744073709551615
1457382206746	<INFO 7fc410728740> SLIPSTORE::IO PAGECACHE
1457382206749	<INFO 7fa5f23f8700> SLIPSTORE::COMM Listening at tcp://ens1f0:5088
1457382206752	<INFO 7fa5f23f8700> SLIPSTORE::COMM Listening at tcp://ens1f0:5072
1457382206756	<INFO 7fa5f23f8700> SLIPSTORE::COMM Connecting to tcp://dco-node137-10g:5012
1457382206759	<INFO 7fa5f23f8700> SLIPSTORE::COMM Listening at tcp://ens1f0:5073
1457382206761	<INFO 7fa5f23f8700> SLIPSTORE::COMM Connecting to tcp://dco-node138-10g:5030
1457382206764	<INFO 7fa5f23f8700> SLIPSTORE::COMM Listening at tcp://ens1f0:5074
1457382206766	<INFO 7fa5f23f8700> SLIPSTORE::COMM Connecting to tcp://dco-node139-10g:5048
1457382206769	<INFO 7fa5f23f8700> SLIPSTORE::COMM Listening at tcp://ens1f0:5075
1457382206772	<INFO 7fa5f23f8700> SLIPSTORE::COMM Connecting to tcp://dco-node140-10g:5066
1457382206776	<INFO 7fa5f23f8700> SLIPSTORE::COMM Listening at ipc://server
1457382206779	<INFO 7fa5f23f8700> SLIPSTORE::COMM Connecting to ipc://client
1457382206782	<INFO 7fa5f23f8700> SLIPSTORE::COMM Listening at tcp://ens1f0:5077
1457382206785	<INFO 7fa5f23f8700> SLIPSTORE::COMM Connecting to tcp://dco-node142-10g:5102
1457382206788	<INFO 7fa5f23f8700> SLIPSTORE::COMM Listening at tcp://ens1f0:5078
1457382206790	<INFO 7fa5f23f8700> SLIPSTORE::COMM Connecting to tcp://dco-node143-10g:5120
1457382206793	<INFO 7fa5f23f8700> SLIPSTORE::COMM Listening at tcp://ens1f0:5079
1457382206796	<INFO 7fa5f23f8700> SLIPSTORE::COMM Connecting to tcp://dco-node144-10g:5138
1457382207826	<INFO 7fc410728740> SLIPSTORE::CHECKPOINTS NONE FOUND
1457382277843	<INFO 7fc410728740> 2016-03-07 21:24:37 Completed init
1457382279976	<INFO 7fc410728740> 2016-03-07 21:24:39 Started gather
1457382280638	<INFO 7fc410728740> 2016-03-07 21:24:40 Completed gather
1457382280641	<INFO 7fc410728740> 2016-03-07 21:24:40 Started gather
1457382281160	<INFO 7fc410728740> 2016-03-07 21:24:41 Completed gather
1457382281163	<INFO 7fc410728740> 2016-03-07 21:24:41 Started gather
1457382281528	<INFO 7fc410728740> 2016-03-07 21:24:41 Completed gather
1457382281531	<INFO 7fc410728740> 2016-03-07 21:24:41 Started gather
1457382281884	<INFO 7fc410728740> 2016-03-07 21:24:41 Completed gather
1457382281888	<INFO 7fc410728740> 2016-03-07 21:24:41 Started gather
1457382282298	<INFO 7fc410728740> 2016-03-07 21:24:42 Completed gather
1457382282302	<INFO 7fc410728740> 2016-03-07 21:24:42 Started gather
1457382282712	<INFO 7fc410728740> 2016-03-07 21:24:42 Completed gather
1457382282714	<INFO 7fc410728740> 2016-03-07 21:24:42 Started gather
1457382283113	<INFO 7fc410728740> 2016-03-07 21:24:43 Completed gather
1457382283116	<INFO 7fc410728740> 2016-03-07 21:24:43 Started gather
1457382283592	<INFO 7fc410728740> 2016-03-07 21:24:43 Completed gather
1457382284167	<INFO 7fc410728740> 2016-03-07 21:24:44 Started scatter
1457382300162	<INFO 7fc410728740> 2016-03-07 21:25:00 Completed scatter
1457382300165	<INFO 7fc410728740> 2016-03-07 21:25:00 Started scatter
1457382305520	<INFO 7fc410728740> 2016-03-07 21:25:05 Completed scatter
1457382305524	<INFO 7fc410728740> 2016-03-07 21:25:05 Started scatter
1457382319661	<INFO 7fc410728740> 2016-03-07 21:25:19 Completed scatter
1457382319663	<INFO 7fc410728740> 2016-03-07 21:25:19 Started scatter
1457382322387	<INFO 7fc410728740> 2016-03-07 21:25:22 Completed scatter
1457382322390	<INFO 7fc410728740> 2016-03-07 21:25:22 Started scatter
1457382327218	<INFO 7fc410728740> 2016-03-07 21:25:27 Completed scatter
1457382327221	<INFO 7fc410728740> 2016-03-07 21:25:27 Started scatter
1457382330690	<INFO 7fc410728740> 2016-03-07 21:25:30 Completed scatter
1457382330693	<INFO 7fc410728740> 2016-03-07 21:25:30 Started scatter
1457382332875	<INFO 7fc410728740> 2016-03-07 21:25:32 Completed scatter
1457382332877	<INFO 7fc410728740> 2016-03-07 21:25:32 Started scatter
1457382334203	<INFO 7fc410728740> 2016-03-07 21:25:34 Completed scatter
1457382334350	<INFO 7fc410728740> 2016-03-07 21:25:34 Started helping 0
1457382334784	<INFO 7fc410728740> 2016-03-07 21:25:34 Completed helping 0
1457382334955	<INFO 7fc410728740> 2016-03-07 21:25:34 Completed phase 1 Bytes read 14003194728 Bytes written 7434914664
1457382338601	<INFO 7fc410728740> 2016-03-07 21:25:38 Started gather
1457382338898	<INFO 7fc410728740> 2016-03-07 21:25:38 Completed gather
1457382338900	<INFO 7fc410728740> 2016-03-07 21:25:38 Started gather
1457382339485	<INFO 7fc410728740> 2016-03-07 21:25:39 Completed gather
1457382339488	<INFO 7fc410728740> 2016-03-07 21:25:39 Started gather
1457382339831	<INFO 7fc410728740> 2016-03-07 21:25:39 Completed gather
1457382339833	<INFO 7fc410728740> 2016-03-07 21:25:39 Started gather
1457382340189	<INFO 7fc410728740> 2016-03-07 21:25:40 Completed gather
1457382340192	<INFO 7fc410728740> 2016-03-07 21:25:40 Started gather
1457382340550	<INFO 7fc410728740> 2016-03-07 21:25:40 Completed gather
1457382340553	<INFO 7fc410728740> 2016-03-07 21:25:40 Started gather
1457382340952	<INFO 7fc410728740> 2016-03-07 21:25:40 Completed gather
1457382340955	<INFO 7fc410728740> 2016-03-07 21:25:40 Started gather
1457382341449	<INFO 7fc410728740> 2016-03-07 21:25:41 Completed gather
1457382341452	<INFO 7fc410728740> 2016-03-07 21:25:41 Started gather
1457382341919	<INFO 7fc410728740> 2016-03-07 21:25:41 Completed gather
1457382342436	<INFO 7fc410728740> 2016-03-07 21:25:42 Started gather
1457382367160	<INFO 7fc410728740> 2016-03-07 21:26:07 Completed gather
1457382367163	<INFO 7fc410728740> 2016-03-07 21:26:07 Started gather
1457382380302	<INFO 7fc410728740> 2016-03-07 21:26:20 Completed gather
1457382380304	<INFO 7fc410728740> 2016-03-07 21:26:20 Started gather
1457382393266	<INFO 7fc410728740> 2016-03-07 21:26:33 Completed gather
1457382393269	<INFO 7fc410728740> 2016-03-07 21:26:33 Started gather
1457382400442	<INFO 7fc410728740> 2016-03-07 21:26:40 Completed gather
1457382400446	<INFO 7fc410728740> 2016-03-07 21:26:40 Started gather
1457382411500	<INFO 7fc410728740> 2016-03-07 21:26:51 Completed gather
1457382411503	<INFO 7fc410728740> 2016-03-07 21:26:51 Started gather
1457382418557	<INFO 7fc410728740> 2016-03-07 21:26:58 Completed gather
1457382418561	<INFO 7fc410728740> 2016-03-07 21:26:58 Started gather
1457382425463	<INFO 7fc410728740> 2016-03-07 21:27:05 Completed gather
1457382425465	<INFO 7fc410728740> 2016-03-07 21:27:05 Started gather
1457382428879	<INFO 7fc410728740> 2016-03-07 21:27:08 Completed gather
1457382432471	<INFO 7fc410728740> 2016-03-07 21:27:12 Started helping 0
1457382438739	<INFO 7fc410728740> 2016-03-07 21:27:18 Completed helping 0
1457382440470	<INFO 7fc410728740> 2016-03-07 21:27:20 Completed phase 2 Bytes read 21928842960 Bytes written 12850960600
1457382452306	<INFO 7fc410728740> 2016-03-07 21:27:32 Started gather
1457382464877	<INFO 7fc410728740> 2016-03-07 21:27:44 Completed gather
1457382464879	<INFO 7fc410728740> 2016-03-07 21:27:44 Started gather
1457382468270	<INFO 7fc410728740> 2016-03-07 21:27:48 Completed gather
1457382468273	<INFO 7fc410728740> 2016-03-07 21:27:48 Started gather
1457382471692	<INFO 7fc410728740> 2016-03-07 21:27:51 Completed gather
1457382471694	<INFO 7fc410728740> 2016-03-07 21:27:51 Started gather
1457382474478	<INFO 7fc410728740> 2016-03-07 21:27:54 Completed gather
1457382474481	<INFO 7fc410728740> 2016-03-07 21:27:54 Started gather
1457382478716	<INFO 7fc410728740> 2016-03-07 21:27:58 Completed gather
1457382478719	<INFO 7fc410728740> 2016-03-07 21:27:58 Started gather
1457382483955	<INFO 7fc410728740> 2016-03-07 21:28:03 Completed gather
1457382483959	<INFO 7fc410728740> 2016-03-07 21:28:03 Started gather
1457382486652	<INFO 7fc410728740> 2016-03-07 21:28:06 Completed gather
1457382486655	<INFO 7fc410728740> 2016-03-07 21:28:06 Started gather
1457382490206	<INFO 7fc410728740> 2016-03-07 21:28:10 Completed gather
1457382490326	<INFO 7fc410728740> 2016-03-07 21:28:10 Started helping 0
1457382494299	<INFO 7fc410728740> 2016-03-07 21:28:14 Completed helping 0
1457382504143	<INFO 7fc410728740> 2016-03-07 21:28:24 Started scatter
1457382528936	<INFO 7fc410728740> 2016-03-07 21:28:48 Completed scatter
1457382528939	<INFO 7fc410728740> 2016-03-07 21:28:48 Started scatter
1457382536954	<INFO 7fc410728740> 2016-03-07 21:28:56 Completed scatter
1457382536956	<INFO 7fc410728740> 2016-03-07 21:28:56 Started scatter
1457382547724	<INFO 7fc410728740> 2016-03-07 21:29:07 Completed scatter
1457382547726	<INFO 7fc410728740> 2016-03-07 21:29:07 Started scatter
1457382552928	<INFO 7fc410728740> 2016-03-07 21:29:12 Completed scatter
1457382552930	<INFO 7fc410728740> 2016-03-07 21:29:12 Started scatter
1457382564650	<INFO 7fc410728740> 2016-03-07 21:29:24 Completed scatter
1457382564653	<INFO 7fc410728740> 2016-03-07 21:29:24 Started scatter
1457382572221	<INFO 7fc410728740> 2016-03-07 21:29:32 Completed scatter
1457382572225	<INFO 7fc410728740> 2016-03-07 21:29:32 Started scatter
1457382574679	<INFO 7fc410728740> 2016-03-07 21:29:34 Completed scatter
1457382574682	<INFO 7fc410728740> 2016-03-07 21:29:34 Started scatter
1457382577912	<INFO 7fc410728740> 2016-03-07 21:29:37 Completed scatter
1457382579610	<INFO 7fc410728740> 2016-03-07 21:29:39 Started helping 0
1457382584173	<INFO 7fc410728740> 2016-03-07 21:29:44 Completed helping 0
1457382584679	<INFO 7fc410728740> 2016-03-07 21:29:44 Started helping 0
1457382586471	<INFO 7fc410728740> 2016-03-07 21:29:46 Completed helping 0
1457382586880	<INFO 7fc410728740> 2016-03-07 21:29:46 Started helping 0
1457382588460	<INFO 7fc410728740> 2016-03-07 21:29:48 Completed helping 0
1457382589009	<INFO 7fc410728740> 2016-03-07 21:29:49 Started helping 0
1457382590023	<INFO 7fc410728740> 2016-03-07 21:29:50 Completed helping 0
1457382590297	<INFO 7fc410728740> 2016-03-07 21:29:50 Completed phase 3 Bytes read 34221961128 Bytes written 17897383736
1457382600802	<INFO 7fc410728740> 2016-03-07 21:30:00 Started gather
1457382611546	<INFO 7fc410728740> 2016-03-07 21:30:11 Completed gather
1457382611549	<INFO 7fc410728740> 2016-03-07 21:30:11 Started gather
1457382615534	<INFO 7fc410728740> 2016-03-07 21:30:15 Completed gather
1457382615537	<INFO 7fc410728740> 2016-03-07 21:30:15 Started gather
1457382620410	<INFO 7fc410728740> 2016-03-07 21:30:20 Completed gather
1457382620413	<INFO 7fc410728740> 2016-03-07 21:30:20 Started gather
1457382622579	<INFO 7fc410728740> 2016-03-07 21:30:22 Completed gather
1457382622582	<INFO 7fc410728740> 2016-03-07 21:30:22 Started gather
1457382628570	<INFO 7fc410728740> 2016-03-07 21:30:28 Completed gather
1457382628572	<INFO 7fc410728740> 2016-03-07 21:30:28 Started gather
1457382631960	<INFO 7fc410728740> 2016-03-07 21:30:31 Completed gather
1457382631963	<INFO 7fc410728740> 2016-03-07 21:30:31 Started gather
1457382636044	<INFO 7fc410728740> 2016-03-07 21:30:36 Completed gather
1457382636046	<INFO 7fc410728740> 2016-03-07 21:30:36 Started gather
1457382640046	<INFO 7fc410728740> 2016-03-07 21:30:40 Completed gather
1457382640406	<INFO 7fc410728740> 2016-03-07 21:30:40 Started helping 0
1457382642779	<INFO 7fc410728740> 2016-03-07 21:30:42 Completed helping 0
1457382650856	<INFO 7fc410728740> 2016-03-07 21:30:50 Started scatter
1457382676836	<INFO 7fc410728740> 2016-03-07 21:31:16 Completed scatter
1457382676838	<INFO 7fc410728740> 2016-03-07 21:31:16 Started scatter
1457382686010	<INFO 7fc410728740> 2016-03-07 21:31:26 Completed scatter
1457382686012	<INFO 7fc410728740> 2016-03-07 21:31:26 Started scatter
1457382699325	<INFO 7fc410728740> 2016-03-07 21:31:39 Completed scatter
1457382699328	<INFO 7fc410728740> 2016-03-07 21:31:39 Started scatter
1457382704277	<INFO 7fc410728740> 2016-03-07 21:31:44 Completed scatter
1457382704280	<INFO 7fc410728740> 2016-03-07 21:31:44 Started scatter
1457382718315	<INFO 7fc410728740> 2016-03-07 21:31:58 Completed scatter
1457382718317	<INFO 7fc410728740> 2016-03-07 21:31:58 Started scatter
1457382723150	<INFO 7fc410728740> 2016-03-07 21:32:03 Completed scatter
1457382723152	<INFO 7fc410728740> 2016-03-07 21:32:03 Started scatter
1457382728390	<INFO 7fc410728740> 2016-03-07 21:32:08 Completed scatter
1457382728393	<INFO 7fc410728740> 2016-03-07 21:32:08 Started scatter
1457382732648	<INFO 7fc410728740> 2016-03-07 21:32:12 Completed scatter
1457382733166	<INFO 7fc410728740> 2016-03-07 21:32:13 Started helping 0
1457382735937	<INFO 7fc410728740> 2016-03-07 21:32:15 Completed helping 0
1457382737088	<INFO 7fc410728740> 2016-03-07 21:32:17 Started helping 0
1457382738479	<INFO 7fc410728740> 2016-03-07 21:32:18 Completed helping 0
1457382738800	<INFO 7fc410728740> 2016-03-07 21:32:18 Completed phase 4 Bytes read 46510360944 Bytes written 22932076440
1457382748121	<INFO 7fc410728740> 2016-03-07 21:32:28 Started gather
1457382758014	<INFO 7fc410728740> 2016-03-07 21:32:38 Completed gather
1457382758017	<INFO 7fc410728740> 2016-03-07 21:32:38 Started gather
1457382761966	<INFO 7fc410728740> 2016-03-07 21:32:41 Completed gather
1457382761970	<INFO 7fc410728740> 2016-03-07 21:32:41 Started gather
1457382769022	<INFO 7fc410728740> 2016-03-07 21:32:49 Completed gather
1457382769025	<INFO 7fc410728740> 2016-03-07 21:32:49 Started gather
1457382772432	<INFO 7fc410728740> 2016-03-07 21:32:52 Completed gather
1457382772435	<INFO 7fc410728740> 2016-03-07 21:32:52 Started gather
1457382782688	<INFO 7fc410728740> 2016-03-07 21:33:02 Completed gather
1457382782690	<INFO 7fc410728740> 2016-03-07 21:33:02 Started gather
1457382784947	<INFO 7fc410728740> 2016-03-07 21:33:04 Completed gather
1457382784950	<INFO 7fc410728740> 2016-03-07 21:33:04 Started gather
1457382787385	<INFO 7fc410728740> 2016-03-07 21:33:07 Completed gather
1457382787387	<INFO 7fc410728740> 2016-03-07 21:33:07 Started gather
1457382788636	<INFO 7fc410728740> 2016-03-07 21:33:08 Completed gather
1457382789238	<INFO 7fc410728740> 2016-03-07 21:33:09 Started helping 0
1457382792266	<INFO 7fc410728740> 2016-03-07 21:33:12 Completed helping 0
1457382792509	<INFO 7fc410728740> 2016-03-07 21:33:12 Started helping 0
1457382794180	<INFO 7fc410728740> 2016-03-07 21:33:14 Completed helping 0
1457382802208	<INFO 7fc410728740> 2016-03-07 21:33:22 Started scatter
1457382828157	<INFO 7fc410728740> 2016-03-07 21:33:48 Completed scatter
1457382828160	<INFO 7fc410728740> 2016-03-07 21:33:48 Started scatter
1457382840818	<INFO 7fc410728740> 2016-03-07 21:34:00 Completed scatter
1457382840821	<INFO 7fc410728740> 2016-03-07 21:34:00 Started scatter
1457382855463	<INFO 7fc410728740> 2016-03-07 21:34:15 Completed scatter
1457382855466	<INFO 7fc410728740> 2016-03-07 21:34:15 Started scatter
1457382862013	<INFO 7fc410728740> 2016-03-07 21:34:22 Completed scatter
1457382862017	<INFO 7fc410728740> 2016-03-07 21:34:22 Started scatter
1457382873393	<INFO 7fc410728740> 2016-03-07 21:34:33 Completed scatter
1457382873395	<INFO 7fc410728740> 2016-03-07 21:34:33 Started scatter
1457382878331	<INFO 7fc410728740> 2016-03-07 21:34:38 Completed scatter
1457382878334	<INFO 7fc410728740> 2016-03-07 21:34:38 Started scatter
1457382886269	<INFO 7fc410728740> 2016-03-07 21:34:46 Completed scatter
1457382886271	<INFO 7fc410728740> 2016-03-07 21:34:46 Started scatter
1457382889244	<INFO 7fc410728740> 2016-03-07 21:34:49 Completed scatter
1457382889925	<INFO 7fc410728740> 2016-03-07 21:34:49 Started helping 0
1457382890548	<INFO 7fc410728740> 2016-03-07 21:34:50 Completed helping 0
1457382890726	<INFO 7fc410728740> 2016-03-07 21:34:50 Completed phase 5 Bytes read 58812196152 Bytes written 27970585608
1457382902288	<INFO 7fc410728740> 2016-03-07 21:35:02 Started gather
1457382911599	<INFO 7fc410728740> 2016-03-07 21:35:11 Completed gather
1457382911602	<INFO 7fc410728740> 2016-03-07 21:35:11 Started gather
1457382915200	<INFO 7fc410728740> 2016-03-07 21:35:15 Completed gather
1457382915202	<INFO 7fc410728740> 2016-03-07 21:35:15 Started gather
1457382918575	<INFO 7fc410728740> 2016-03-07 21:35:18 Completed gather
1457382918578	<INFO 7fc410728740> 2016-03-07 21:35:18 Started gather
1457382924175	<INFO 7fc410728740> 2016-03-07 21:35:24 Completed gather
1457382924178	<INFO 7fc410728740> 2016-03-07 21:35:24 Started gather
1457382932205	<INFO 7fc410728740> 2016-03-07 21:35:32 Completed gather
1457382932208	<INFO 7fc410728740> 2016-03-07 21:35:32 Started gather
1457382937474	<INFO 7fc410728740> 2016-03-07 21:35:37 Completed gather
1457382937477	<INFO 7fc410728740> 2016-03-07 21:35:37 Started gather
1457382939106	<INFO 7fc410728740> 2016-03-07 21:35:39 Completed gather
1457382939109	<INFO 7fc410728740> 2016-03-07 21:35:39 Started gather
1457382940437	<INFO 7fc410728740> 2016-03-07 21:35:40 Completed gather
1457382941365	<INFO 7fc410728740> 2016-03-07 21:35:41 Started helping 0
1457382943298	<INFO 7fc410728740> 2016-03-07 21:35:43 Completed helping 0
1457382943304	<INFO 7fc410728740> 2016-03-07 21:35:43 Started helping 0
1457382945231	<INFO 7fc410728740> 2016-03-07 21:35:45 Completed helping 0
1457382952975	<INFO 7fc410728740> 2016-03-07 21:35:52 Started scatter
1457382978521	<INFO 7fc410728740> 2016-03-07 21:36:18 Completed scatter
1457382978523	<INFO 7fc410728740> 2016-03-07 21:36:18 Started scatter
1457382986222	<INFO 7fc410728740> 2016-03-07 21:36:26 Completed scatter
1457382986225	<INFO 7fc410728740> 2016-03-07 21:36:26 Started scatter
1457382997635	<INFO 7fc410728740> 2016-03-07 21:36:37 Completed scatter
1457382997638	<INFO 7fc410728740> 2016-03-07 21:36:37 Started scatter
1457383001893	<INFO 7fc410728740> 2016-03-07 21:36:41 Completed scatter
1457383001897	<INFO 7fc410728740> 2016-03-07 21:36:41 Started scatter
1457383011530	<INFO 7fc410728740> 2016-03-07 21:36:51 Completed scatter
1457383011534	<INFO 7fc410728740> 2016-03-07 21:36:51 Started scatter
1457383018734	<INFO 7fc410728740> 2016-03-07 21:36:58 Completed scatter
1457383018740	<INFO 7fc410728740> 2016-03-07 21:36:58 Started scatter
1457383023198	<INFO 7fc410728740> 2016-03-07 21:37:03 Completed scatter
1457383023200	<INFO 7fc410728740> 2016-03-07 21:37:03 Started scatter
1457383027792	<INFO 7fc410728740> 2016-03-07 21:37:07 Completed scatter
1457383032263	<INFO 7fc410728740> 2016-03-07 21:37:12 Started helping 0
1457383035224	<INFO 7fc410728740> 2016-03-07 21:37:15 Completed helping 0
1457383035937	<INFO 7fc410728740> 2016-03-07 21:37:15 Started helping 0
1457383038557	<INFO 7fc410728740> 2016-03-07 21:37:18 Completed helping 0
1457383039361	<INFO 7fc410728740> 2016-03-07 21:37:19 Started helping 0
1457383040819	<INFO 7fc410728740> 2016-03-07 21:37:20 Completed helping 0
1457383041284	<INFO 7fc410728740> 2016-03-07 21:37:21 Completed phase 6 Bytes read 71117847824 Bytes written 33099608832
1457383051054	<INFO 7fc410728740> 2016-03-07 21:37:31 Started gather
1457383061172	<INFO 7fc410728740> 2016-03-07 21:37:41 Completed gather
1457383061175	<INFO 7fc410728740> 2016-03-07 21:37:41 Started gather
1457383064942	<INFO 7fc410728740> 2016-03-07 21:37:44 Completed gather
1457383064945	<INFO 7fc410728740> 2016-03-07 21:37:44 Started gather
1457383068385	<INFO 7fc410728740> 2016-03-07 21:37:48 Completed gather
1457383068387	<INFO 7fc410728740> 2016-03-07 21:37:48 Started gather
1457383070220	<INFO 7fc410728740> 2016-03-07 21:37:50 Completed gather
1457383070223	<INFO 7fc410728740> 2016-03-07 21:37:50 Started gather
1457383078641	<INFO 7fc410728740> 2016-03-07 21:37:58 Completed gather
1457383078644	<INFO 7fc410728740> 2016-03-07 21:37:58 Started gather
1457383081282	<INFO 7fc410728740> 2016-03-07 21:38:01 Completed gather
1457383081285	<INFO 7fc410728740> 2016-03-07 21:38:01 Started gather
1457383086196	<INFO 7fc410728740> 2016-03-07 21:38:06 Completed gather
1457383086199	<INFO 7fc410728740> 2016-03-07 21:38:06 Started gather
1457383088718	<INFO 7fc410728740> 2016-03-07 21:38:08 Completed gather
1457383090891	<INFO 7fc410728740> 2016-03-07 21:38:10 Started helping 0
1457383095156	<INFO 7fc410728740> 2016-03-07 21:38:15 Completed helping 0
1457383103603	<INFO 7fc410728740> 2016-03-07 21:38:23 Started scatter
1457383128000	<INFO 7fc410728740> 2016-03-07 21:38:47 Completed scatter
1457383128003	<INFO 7fc410728740> 2016-03-07 21:38:47 Started scatter
1457383137716	<INFO 7fc410728740> 2016-03-07 21:38:57 Completed scatter
1457383137719	<INFO 7fc410728740> 2016-03-07 21:38:57 Started scatter
1457383150532	<INFO 7fc410728740> 2016-03-07 21:39:10 Completed scatter
1457383150536	<INFO 7fc410728740> 2016-03-07 21:39:10 Started scatter
1457383156628	<INFO 7fc410728740> 2016-03-07 21:39:16 Completed scatter
1457383156631	<INFO 7fc410728740> 2016-03-07 21:39:16 Started scatter
1457383170494	<INFO 7fc410728740> 2016-03-07 21:39:30 Completed scatter
1457383170496	<INFO 7fc410728740> 2016-03-07 21:39:30 Started scatter
1457383174876	<INFO 7fc410728740> 2016-03-07 21:39:34 Completed scatter
1457383174879	<INFO 7fc410728740> 2016-03-07 21:39:34 Started scatter
1457383181615	<INFO 7fc410728740> 2016-03-07 21:39:41 Completed scatter
1457383181618	<INFO 7fc410728740> 2016-03-07 21:39:41 Started scatter
1457383185441	<INFO 7fc410728740> 2016-03-07 21:39:45 Completed scatter
1457383186463	<INFO 7fc410728740> 2016-03-07 21:39:46 Started helping 0
1457383187279	<INFO 7fc410728740> 2016-03-07 21:39:47 Completed helping 0
1457383187282	<INFO 7fc410728740> 2016-03-07 21:39:47 Started helping 0
1457383190864	<INFO 7fc410728740> 2016-03-07 21:39:50 Completed helping 0
1457383191412	<INFO 7fc410728740> 2016-03-07 21:39:51 Started helping 0
1457383192725	<INFO 7fc410728740> 2016-03-07 21:39:52 Completed helping 0
1457383193062	<INFO 7fc410728740> 2016-03-07 21:39:53 Completed phase 7 Bytes read 83514013552 Bytes written 38013338976
1457383193065	<INFO 7fc410728740> CORE::PARTITIONS_PROCESSED 2687
1457383193067	<INFO 7fc410728740> CORE::BYTES::EDGES_STREAMED 6894899004
1457383193071	<INFO 7fc410728740> CORE::BYTES::UPDATES_OUT 3990439792
1457383193073	<INFO 7fc410728740> CORE::BYTES::UPDATES_IN 3235398936
1457383193075	<INFO 7fa5e67fc700> CORE::PARTITIONS_PROCESSED 6398
1457383193077	<INFO 7fa5e67fc700> CORE::BYTES::EDGES_STREAMED 6662206704
1457383193080	<INFO 7fa5e67fc700> CORE::BYTES::UPDATES_OUT 3820064576
1457383193082	<INFO 7fa5e67fc700> CORE::BYTES::UPDATES_IN 3267108320
1457383193084	<INFO 7fa5e5ffb700> CORE::PARTITIONS_PROCESSED 7178
1457383193086	<INFO 7fa5e7fff700> CORE::PARTITIONS_PROCESSED 6685
1457383193089	<INFO 7fa5e6ffd700> CORE::PARTITIONS_PROCESSED 6363
1457383193091	<INFO 7fa5e77fe700> CORE::PARTITIONS_PROCESSED 4846
1457383193093	<INFO 7fa5f13f6700> CORE::PARTITIONS_PROCESSED 5455
1457383193096	<INFO 7fa5f0bf5700> CORE::PARTITIONS_PROCESSED 5444
1457383193098	<INFO 7fa5e6ffd700> CORE::BYTES::EDGES_STREAMED 6620017476
1457383193100	<INFO 7fa5e7fff700> CORE::BYTES::EDGES_STREAMED 6321891228
1457383193103	<INFO 7fa5e5ffb700> CORE::BYTES::EDGES_STREAMED 6860975004
1457383193105	<INFO 7fa5e6ffd700> CORE::BYTES::UPDATES_OUT 3815776072
1457383193107	<INFO 7fa5e77fe700> CORE::BYTES::EDGES_STREAMED 6452895300
1457383193109	<INFO 7fa5f0bf5700> CORE::BYTES::EDGES_STREAMED 5989202628
1457383193112	<INFO 7fa5e6ffd700> CORE::BYTES::UPDATES_IN 3510375144
1457383193114	<INFO 7fa5f13f6700> CORE::BYTES::EDGES_STREAMED 6000704820
1457383193117	<INFO 7fa5e7fff700> CORE::BYTES::UPDATES_OUT 3607799920
1457383193119	<INFO 7fa5e77fe700> CORE::BYTES::UPDATES_OUT 3728906312
1457383193122	<INFO 7fa5e5ffb700> CORE::BYTES::UPDATES_OUT 3897735264
1457383193124	<INFO 7fa5e77fe700> CORE::BYTES::UPDATES_IN 3078029896
1457383193126	<INFO 7fa5f0bf5700> CORE::BYTES::UPDATES_OUT 3443628288
1457383193129	<INFO 7fa5e7fff700> CORE::BYTES::UPDATES_IN 2977009432
1457383193131	<INFO 7fa5e5ffb700> CORE::BYTES::UPDATES_IN 3468084424
1457383193133	<INFO 7fa5f0bf5700> CORE::BYTES::UPDATES_IN 3060925368
1457383193136	<INFO 7fa5f13f6700> CORE::BYTES::UPDATES_OUT 3467469232
1457383193138	<INFO 7fa5f13f6700> CORE::BYTES::UPDATES_IN 3011777344
1457383193141	<INFO 7fa5f23f8700> SLIPSTORE service is exiting
1457383193143	<INFO 7fa5f23f8700> SLIPSTORE::HELP_OFFERS_RECVD 784
1457383193146	<INFO 7fa5f23f8700> SLIPSTORE::HELP_OFFERS_ACCEPTED 0
1457383193148	<INFO 7fa5f23f8700> SLIPSTORE::HELP_ACCEPTANCE_RATIO 0
1457383193150	<INFO 7fa5f23f8700> SLIPSTORE::SERVER_BUSY_DISK  723.076 seconds
1457383193153	<INFO 7fa5f23f8700> SLIPSTORE::SERVER_BUSY_MEM  0.235361 seconds
1457383193155	<INFO 7fa5f23f8700> SLIPSTORE::SERVER_TOTAL  986.565 seconds
1457383193225	<INFO 7fc410728740> SLIPSTORE::CLIENT::DISK_READ_TIME  711.544 seconds
1457383193228	<INFO 7fc410728740> SLIPSTORE::CLIENT::MEM_READ_TIME  0 seconds
1457383193230	<INFO 7fc410728740> SLIPSTORE::CLIENT::DISK_BYTES_READ 92808803496
1457383193233	<INFO 7fc410728740> SLIPSTORE::CLIENT::MEM_BYTES_READ 0
1457383193236	<INFO 7fc410728740> SLIPSTORE::CLIENT::WRITE_TIME  208.983 seconds
1457383193239	<INFO 7fc410728740> SLIPSTORE::CLIENT::BYTES_WRITTEN 6039797760
1457383193241	<INFO 7fc410728740> SLIPSTORE::CLIENT_BUSY  920.527 seconds
1457383193244	<INFO 7fc410728740> SLIPSTORE::IO::TIME 605.716 seconds
1457383193246	<INFO 7fc410728740> SLIPSTORE::SNAP::TIME 0 seconds
1457383193249	<INFO 7fc410728740> SLIPSTORE::MAX_DISK_USAGE_BYTES 11355978336
1457383194508	<INFO 7fc410728740> CORE::RUSAGE::MAX_RSS_KB 125952976
1457383194512	<INFO 7fc410728740> CORE::RUSAGE::MINFLT 34921048
1457383194516	<INFO 7fc410728740> CORE::RUSAGE::MAJFLT 5
1457383194519	<INFO 7fc410728740> CORE::RUSAGE::MAJFLT 5
1457383194523	<INFO 7fc410728740> CORE::RUSAGE::INBLK 135947152
1457383194527	<INFO 7fc410728740> CORE::RUSAGE::OUBLK 74268800
1457383194531	<INFO 7fc410728740> CORE::UTILS::BYTES_READ 83514013552
1457383194535	<INFO 7fc410728740> CORE::UTILS::BYTES_WRITTEN 38013338976
1457383194539	<INFO 7fc410728740> CORE::UTILS::TILE_COPY_BYTES 9160359936
1457383194543	<INFO 7fc410728740> CORE::TIME::IO_WAIT 831.836 seconds
1457383194546	<INFO 7fc410728740> CORE::TIME_TILE_COPY 21.6411 seconds
1457383194550	<INFO 7fc410728740> CORE::TIME_TILE_MERGE 0 seconds
1457383194554	<INFO 7fc410728740> CORE::TIME_PROCESSING_STOLEN 22.0001 seconds
1457383194558	<INFO 7fc410728740> CORE::TIME_MERGE_WAIT 7.86336 seconds
1457383194562	<INFO 7fc410728740> CORE::TIME_ALL_MC_BARRIER 8.76548 seconds
1457383194566	<INFO 7fc410728740> CORE::PHASES 7
1457383194569	<INFO 7fc410728740> CORE::TIME::SETUP 6.09313 seconds
1457383194573	<INFO 7fc410728740> CORE::TIME::WALL 991.333 seconds
1457383194577	<INFO 7fc410728740> SHUTDOWN
