1462009103267	<INFO 7fb16f76b740> 2016-04-30 11:38:23 STARTUP
1462009103271	<INFO 7fb16f76b740> CORE::GRAPH rmat-28_s8
1462009103274	<INFO 7fb16f76b740> CORE::ALGORITHM pagerank
1462009103277	<INFO 7fb16f76b740> CORE::VERTEX_STRIPING OFF
1462009103281	<INFO 7fb16f76b740> CORE::UPDATES_STRIPING ON
1462009103285	<INFO 7fb16f76b740> CORE::UPDATES BATCH IO ON
1462009103288	<INFO 7fb16f76b740> CORE::OPTIMIZED_STATE_LOAD_STORE ON
1462009103291	<INFO 7fb16f76b740> CORE::BINARY_SEARCH_SUPER_PARTITION ON
1462009103295	<INFO 7fb16f76b740> CORE::SUPER_PARTITION_COMPUTED_FOR_EACH_SCATTER_GATHER_PHASE
1462009103299	<INFO 7fb16f76b740> CORE::BATCH IO OFF
1462009103302	<INFO 7fb16f76b740> 2016-04-30 11:38:23 Blocking memory amount 126701535232
1462009211035	<INFO 7fb16f76b740> 2016-04-30 11:40:11 Done blocking memory
1462009211039	<INFO 7fb16f76b740> SG-DRIVER-ORIGINAL
1462009211042	<INFO 7fb16f76b740> 2016-04-30 11:40:11 START read config parameters
1462009211046	<INFO 7fb16f76b740> PARTITIONING::OLD 0
1462009211049	<INFO 7fb16f76b740> PARTITIONING::BALANCED_PARTITIONS 0
1462009211053	<INFO 7fb16f76b740> CORE::CONFIG::PROCESSORS 8
1462009211056	<INFO 7fb16f76b740> CORE::CONFIG::PHYSICAL_MEMORY 2147483648
1462009211060	<INFO 7fb16f76b740> CORE::CONFIG::VERTICES 268435456
1462009211063	<INFO 7fb16f76b740> CORE::CONFIG::VERTEX_SIZE 12
1462009211067	<INFO 7fb16f76b740> CORE::CONFIG::VERTEX_BUFFER 1402204788
1462009211070	<INFO 7fb16f76b740> CORE::CONFIG::EDGES 536870912
1462009211074	<INFO 7fb16f76b740> CORE::CONFIG::PARTITIONS 64
1462009211078	<INFO 7fb16f76b740> CORE::CONFIG::FANOUT 64
1462009211081	<INFO 7fb16f76b740> CORE::CONFIG::SUPER_PARTITIONS 8
1462009211085	<INFO 7fb16f76b740> CORE::CONFIG::TILES 1
1462009211089	<INFO 7fb16f76b740> CORE::CONFIG::BUFFER_SIZE 149054645
1462009211093	<INFO 7fb16f76b740> CORE::CONFIG::MAX_BUFFERS 4
1462009211097	<INFO 7fb16f76b740> CORE::CONFIG::MAX_STREAMS 4
1462009211100	<INFO 7fb16f76b740> CORE::CONFIG::SUM_OF_OUT_DEGREES_FOR_NEW_PARTITIONS::FIRST_CONSTRAINT 536870912
1462009211104	<INFO 7fb16f76b740> CORE::CONFIG::MAX_EDGES_PER_NEW_PARTITION::SECOND_CONSTRAINT 536870912
1462009211108	<INFO 7fb16f76b740> SLIPSTREAM::EXT_MEM_SHUFFLE OFF
1462009211112	<INFO 7fb16f76b740> 2016-04-30 11:40:11 END read config parameters
1462009212826	<WARNING 7fb16f76b740> Unable to unlink file (stream.0.0.0):No such file or directory
1462009212830	<WARNING 7fb16f76b740> Unable to unlink file (stream.0.1.0):No such file or directory
1462009212833	<WARNING 7fb16f76b740> Unable to unlink file (stream.0.2.0):No such file or directory
1462009212837	<WARNING 7fb16f76b740> Unable to unlink file (stream.0.3.0):No such file or directory
1462009212841	<WARNING 7fb16f76b740> Unable to unlink file (stream.0.4.0):No such file or directory
1462009212845	<WARNING 7fb16f76b740> Unable to unlink file (stream.0.5.0):No such file or directory
1462009212850	<WARNING 7fb16f76b740> Unable to unlink file (stream.0.6.0):No such file or directory
1462009212854	<WARNING 7fb16f76b740> Unable to unlink file (stream.0.7.0):No such file or directory
1462009212857	<WARNING 7fb16f76b740> Unable to unlink file (stream.1.1.0):No such file or directory
1462009212862	<WARNING 7fb16f76b740> Unable to unlink file (stream.1.2.0):No such file or directory
1462009212865	<WARNING 7fb16f76b740> Unable to unlink file (stream.1.3.0):No such file or directory
1462009212869	<WARNING 7fb16f76b740> Unable to unlink file (stream.1.4.0):No such file or directory
1462009212873	<WARNING 7fb16f76b740> Unable to unlink file (stream.1.5.0):No such file or directory
1462009212877	<WARNING 7fb16f76b740> Unable to unlink file (stream.1.6.0):No such file or directory
1462009212880	<WARNING 7fb16f76b740> Unable to unlink file (stream.1.7.0):No such file or directory
1462009212885	<WARNING 7fb16f76b740> Unable to unlink file (stream.2.0.0):No such file or directory
1462009212889	<WARNING 7fb16f76b740> Unable to unlink file (stream.2.1.0):No such file or directory
1462009212893	<WARNING 7fb16f76b740> Unable to unlink file (stream.2.2.0):No such file or directory
1462009212897	<WARNING 7fb16f76b740> Unable to unlink file (stream.2.3.0):No such file or directory
1462009212900	<WARNING 7fb16f76b740> Unable to unlink file (stream.2.4.0):No such file or directory
1462009212904	<WARNING 7fb16f76b740> Unable to unlink file (stream.2.5.0):No such file or directory
1462009212907	<WARNING 7fb16f76b740> Unable to unlink file (stream.2.6.0):No such file or directory
1462009212912	<WARNING 7fb16f76b740> Unable to unlink file (stream.2.7.0):No such file or directory
1462009212916	<WARNING 7fb16f76b740> Unable to unlink file (stream.3.0.0):No such file or directory
1462009212920	<WARNING 7fb16f76b740> Unable to unlink file (stream.3.1.0):No such file or directory
1462009212924	<WARNING 7fb16f76b740> Unable to unlink file (stream.3.2.0):No such file or directory
1462009212927	<WARNING 7fb16f76b740> Unable to unlink file (stream.3.3.0):No such file or directory
1462009212930	<WARNING 7fb16f76b740> Unable to unlink file (stream.3.4.0):No such file or directory
1462009212934	<WARNING 7fb16f76b740> Unable to unlink file (stream.3.5.0):No such file or directory
1462009212938	<WARNING 7fb16f76b740> Unable to unlink file (stream.3.6.0):No such file or directory
1462009212941	<WARNING 7fb16f76b740> Unable to unlink file (stream.3.7.0):No such file or directory
1462009212945	<INFO 7fb16f76b740> SLIPSTORE::ZMQ_THREADS 2
1462009212948	<INFO 7fb16f76b740> SLIPSTORE::COMM Connecting to tcp://dco-node137-10g:5016
1462009212951	<INFO 7fb16f76b740> SLIPSTORE::COMM Connecting to tcp://dco-node138-10g:5034
1462009212954	<INFO 7fb16f76b740> SLIPSTORE::COMM Connecting to tcp://dco-node139-10g:5052
1462009212957	<INFO 7fb16f76b740> SLIPSTORE::COMM Connecting to tcp://dco-node140-10g:5070
1462009212961	<INFO 7fb16f76b740> SLIPSTORE::COMM Connecting to tcp://dco-node141-10g:5088
1462009212964	<INFO 7fb16f76b740> SLIPSTORE::COMM Connecting to tcp://dco-node142-10g:5106
1462009212967	<INFO 7fb16f76b740> SLIPSTORE::COMM Connecting to tcp://dco-node143-10g:5124
1462009212970	<INFO 7fb16f76b740> SLIPSTORE::COMM Connecting to tcp://dco-node144-10g:5142
1462009212973	<INFO 7fb16f76b740> SLIPSTORE::COMM Listening at tcp://ens1f0:5062
1462009212976	<INFO 7fb16f76b740> SLIPSTORE::COMM Listening at tcp://ens1f0:5063
1462009212979	<INFO 7fb16f76b740> SLIPSTORE::COMM Listening at tcp://ens1f0:5064
1462009212983	<INFO 7fb16f76b740> SLIPSTORE::COMM Listening at ipc://client
1462009212986	<INFO 7fb16f76b740> SLIPSTORE::COMM Listening at tcp://ens1f0:5066
1462009212989	<INFO 7fb16f76b740> SLIPSTORE::COMM Listening at tcp://ens1f0:5067
1462009212992	<INFO 7fb16f76b740> SLIPSTORE::COMM Listening at tcp://ens1f0:5068
1462009212995	<INFO 7fb16f76b740> SLIPSTORE::COMM Listening at tcp://ens1f0:5069
1462009212998	<INFO 7fb16f76b740> SLIPSTORE::COMM Connecting to tcp://dco-node137-10g:5016
1462009213001	<INFO 7fb16f76b740> SLIPSTORE::COMM Connecting to tcp://dco-node138-10g:5034
1462009213004	<INFO 7fb16f76b740> SLIPSTORE::COMM Connecting to tcp://dco-node139-10g:5052
1462009213007	<INFO 7fb16f76b740> SLIPSTORE::COMM Connecting to tcp://dco-node140-10g:5070
1462009213010	<INFO 7fb16f76b740> SLIPSTORE::COMM Connecting to tcp://dco-node141-10g:5088
1462009213013	<INFO 7fb16f76b740> SLIPSTORE::COMM Connecting to tcp://dco-node142-10g:5106
1462009213016	<INFO 7fb16f76b740> SLIPSTORE::COMM Connecting to tcp://dco-node143-10g:5124
1462009213019	<INFO 7fb16f76b740> SLIPSTORE::COMM Connecting to tcp://dco-node144-10g:5142
1462009213022	<INFO 7fb16f76b740> SLIPSTORE::COMM Connecting to tcp://dco-node137-10g:5003
1462009213025	<INFO 7fb16f76b740> SLIPSTORE::COMM Connecting to tcp://dco-node138-10g:5021
1462009213028	<INFO 7fb16f76b740> SLIPSTORE::COMM Connecting to tcp://dco-node139-10g:5039
1462009213031	<INFO 7fb16f76b740> SLIPSTORE::COMM Connecting to ipc://server
1462009213034	<INFO 7fb16f76b740> SLIPSTORE::COMM Connecting to tcp://dco-node141-10g:5075
1462009213037	<INFO 7fb16f76b740> SLIPSTORE::COMM Connecting to tcp://dco-node142-10g:5093
1462009213039	<INFO 7fb16f76b740> SLIPSTORE::COMM Connecting to tcp://dco-node143-10g:5111
1462009213042	<INFO 7fb16f76b740> SLIPSTORE::COMM Connecting to tcp://dco-node144-10g:5129
1462009213045	<INFO 7fb16f76b740> SLIPSTORE::COMM Connecting to tcp://dco-node141-10g:5089
1462009213048	<INFO 7fb16f76b740> SLIPSTORE::COMM Listening at tcp://ens1f0:5071
1462009213051	<INFO 7fb16f76b740> SLIPSTORE::COMM Connecting to tcp://dco-node140-10g:5070
1462009213054	<INFO 7fb16f76b740> SLIPSTORE::HELP_POLICY NONE
1462009213057	<INFO 7fb16f76b740> SLIPSTORE::SERVER ASYNC
1462009213059	<INFO 7fb16f76b740> SLIPSTORE::MACHINES 8
1462009213062	<INFO 7fb16f76b740> SLIPSTORE::ME 3
1462009213065	<INFO 7fb16f76b740> SLIPSTORE::SLIPCHUNK 4194304
1462009213068	<INFO 7fb16f76b740> SLIPSTORE::QUOTA 18446744073709551615
1462009213071	<INFO 7fb16f76b740> SLIPSTORE::IO PAGECACHE
1462009213074	<INFO 7f935b7fe700> SLIPSTORE::COMM Listening at tcp://ens1f0:5070
1462009213076	<INFO 7f935b7fe700> SLIPSTORE::COMM Listening at tcp://ens1f0:5054
1462009213080	<INFO 7f935b7fe700> SLIPSTORE::COMM Connecting to tcp://dco-node137-10g:5011
1462009213083	<INFO 7f935b7fe700> SLIPSTORE::COMM Listening at tcp://ens1f0:5055
1462009213086	<INFO 7f935b7fe700> SLIPSTORE::COMM Connecting to tcp://dco-node138-10g:5029
1462009213089	<INFO 7f935b7fe700> SLIPSTORE::COMM Listening at tcp://ens1f0:5056
1462009213091	<INFO 7f935b7fe700> SLIPSTORE::COMM Connecting to tcp://dco-node139-10g:5047
1462009213094	<INFO 7f935b7fe700> SLIPSTORE::COMM Listening at ipc://server
1462009213097	<INFO 7f935b7fe700> SLIPSTORE::COMM Connecting to ipc://client
1462009213100	<INFO 7f935b7fe700> SLIPSTORE::COMM Listening at tcp://ens1f0:5058
1462009213102	<INFO 7f935b7fe700> SLIPSTORE::COMM Connecting to tcp://dco-node141-10g:5083
1462009213105	<INFO 7f935b7fe700> SLIPSTORE::COMM Listening at tcp://ens1f0:5059
1462009213108	<INFO 7f935b7fe700> SLIPSTORE::COMM Connecting to tcp://dco-node142-10g:5101
1462009213110	<INFO 7f935b7fe700> SLIPSTORE::COMM Listening at tcp://ens1f0:5060
1462009213113	<INFO 7f935b7fe700> SLIPSTORE::COMM Connecting to tcp://dco-node143-10g:5119
1462009213116	<INFO 7f935b7fe700> SLIPSTORE::COMM Listening at tcp://ens1f0:5061
1462009213119	<INFO 7f935b7fe700> SLIPSTORE::COMM Connecting to tcp://dco-node144-10g:5137
1462009213813	<INFO 7fb16f76b740> SLIPSTORE::CHECKPOINTS NONE FOUND
1462009213816	<INFO 7fb16f76b740> 2016-04-30 11:40:13 Start edge split
1462009266648	<INFO 7fb16f76b740> 2016-04-30 11:41:06 Completed init
1462009272476	<INFO 7fb16f76b740> 2016-04-30 11:41:12 Started gather
1462009272915	<INFO 7fb16f76b740> 2016-04-30 11:41:12 Completed gather
1462009274786	<INFO 7fb16f76b740> 2016-04-30 11:41:14 Started scatter
1462009305253	<INFO 7fb16f76b740> 2016-04-30 11:41:45 Completed scatter
1462009306606	<INFO 7fb16f76b740> 2016-04-30 11:41:46 Completed phase 1 Bytes read 13121029320 Bytes written 6678578376
1462009319314	<INFO 7fb16f76b740> 2016-04-30 11:41:59 Started gather
1462009319316	<INFO 7fb16f76b740> 2016-04-30 11:41:59 Completed gather
1462009319340	<INFO 7fb16f76b740> 2016-04-30 11:41:59 Started gather
1462009367752	<INFO 7fb16f76b740> 2016-04-30 11:42:47 Completed gather
1462009370589	<INFO 7fb16f76b740> 2016-04-30 11:42:50 Completed phase 2 Bytes read 19799607696 Bytes written 11086245744
1462009387886	<INFO 7fb16f76b740> 2016-04-30 11:43:07 Started gather
1462009415277	<INFO 7fb16f76b740> 2016-04-30 11:43:35 Completed gather
1462009589549	<INFO 7fb16f76b740> 2016-04-30 11:46:29 Started scatter
1462009637842	<INFO 7fb16f76b740> 2016-04-30 11:47:17 Completed scatter
1462009638618	<INFO 7fb16f76b740> 2016-04-30 11:47:18 Completed phase 3 Bytes read 30649260192 Bytes written 15808075992
1462009652816	<INFO 7fb16f76b740> 2016-04-30 11:47:32 Started gather
1462009681438	<INFO 7fb16f76b740> 2016-04-30 11:48:01 Completed gather
1462009840305	<INFO 7fb16f76b740> 2016-04-30 11:50:40 Started scatter
1462009888834	<INFO 7fb16f76b740> 2016-04-30 11:51:28 Completed scatter
1462009889663	<INFO 7fb16f76b740> 2016-04-30 11:51:29 Completed phase 4 Bytes read 41813075568 Bytes written 20171516368
1462009902634	<INFO 7fb16f76b740> 2016-04-30 11:51:42 Started gather
1462009930042	<INFO 7fb16f76b740> 2016-04-30 11:52:10 Completed gather
1462010091345	<INFO 7fb16f76b740> 2016-04-30 11:54:51 Started scatter
1462010140215	<INFO 7fb16f76b740> 2016-04-30 11:55:40 Completed scatter
1462010140387	<INFO 7fb16f76b740> 2016-04-30 11:55:40 Completed phase 5 Bytes read 52618501072 Bytes written 24915705480
1462010154299	<INFO 7fb16f76b740> 2016-04-30 11:55:54 Started gather
1462010181940	<INFO 7fb16f76b740> 2016-04-30 11:56:21 Completed gather
1462010339612	<INFO 7fb16f76b740> 2016-04-30 11:58:59 Started scatter
1462010387332	<INFO 7fb16f76b740> 2016-04-30 11:59:47 Completed scatter
1462010390443	<INFO 7fb16f76b740> 2016-04-30 11:59:50 Completed phase 6 Bytes read 63804675312 Bytes written 29258417640
1462010403527	<INFO 7fb16f76b740> 2016-04-30 12:00:03 Started gather
1462010433857	<INFO 7fb16f76b740> 2016-04-30 12:00:33 Completed gather
1462010584623	<INFO 7fb16f76b740> 2016-04-30 12:03:04 Started scatter
1462010633092	<INFO 7fb16f76b740> 2016-04-30 12:03:53 Completed scatter
1462010633145	<INFO 7fb16f76b740> 2016-04-30 12:03:53 Completed phase 7 Bytes read 74589372600 Bytes written 34020032456
1462010636100	<INFO 7fb16f76b740> CORE::PARTITIONS_PROCESSED 711
1462010636102	<INFO 7fb16f76b740> CORE::BYTES::EDGES_STREAMED 4912812480
1462010636104	<INFO 7fb16f76b740> CORE::BYTES::UPDATES_OUT 2796141312
1462010636106	<INFO 7fb16f76b740> CORE::BYTES::UPDATES_IN 2249972880
1462010636109	<INFO 7f9347fff700> CORE::PARTITIONS_PROCESSED 1590
1462010636111	<INFO 7f9347fff700> CORE::BYTES::EDGES_STREAMED 8377372992
1462010636113	<INFO 7f9347fff700> CORE::BYTES::UPDATES_OUT 4739095496
1462010636115	<INFO 7f9347fff700> CORE::BYTES::UPDATES_IN 3314957944
1462010636117	<INFO 7f9346ffd700> CORE::PARTITIONS_PROCESSED 594
1462010636120	<INFO 7f9346ffd700> CORE::BYTES::EDGES_STREAMED 5543725932
1462010636122	<INFO 7f9359ffb700> CORE::PARTITIONS_PROCESSED 2093
1462010636124	<INFO 7f93477fe700> CORE::PARTITIONS_PROCESSED 1599
1462010636126	<INFO 7f9358ff9700> CORE::PARTITIONS_PROCESSED 1544
1462010636129	<INFO 7f935a7fc700> CORE::PARTITIONS_PROCESSED 878
1462010636131	<INFO 7f93597fa700> CORE::PARTITIONS_PROCESSED 591
1462010636133	<INFO 7f93477fe700> CORE::BYTES::EDGES_STREAMED 5091891516
1462010636135	<INFO 7f9346ffd700> CORE::BYTES::UPDATES_OUT 3160750968
1462010636137	<INFO 7f935a7fc700> CORE::BYTES::EDGES_STREAMED 4963734036
1462010636140	<INFO 7f9358ff9700> CORE::BYTES::EDGES_STREAMED 6686816256
1462010636142	<INFO 7f9359ffb700> CORE::BYTES::EDGES_STREAMED 4558645608
1462010636144	<INFO 7f93477fe700> CORE::BYTES::UPDATES_OUT 2936302208
1462010636146	<INFO 7f9346ffd700> CORE::BYTES::UPDATES_IN 2498085000
1462010636149	<INFO 7f9359ffb700> CORE::BYTES::UPDATES_OUT 2610224496
1462010636151	<INFO 7f9358ff9700> CORE::BYTES::UPDATES_OUT 3862465968
1462010636153	<INFO 7f93477fe700> CORE::BYTES::UPDATES_IN 2504032840
1462010636155	<INFO 7f9359ffb700> CORE::BYTES::UPDATES_IN 2151406952
1462010636158	<INFO 7f935a7fc700> CORE::BYTES::UPDATES_OUT 2833170384
1462010636160	<INFO 7f93597fa700> CORE::BYTES::EDGES_STREAMED 4958897076
1462010636162	<INFO 7f935a7fc700> CORE::BYTES::UPDATES_IN 2386932640
1462010636164	<INFO 7f93597fa700> CORE::BYTES::UPDATES_OUT 2829789680
1462010636167	<INFO 7f9358ff9700> CORE::BYTES::UPDATES_IN 4114329920
1462010636169	<INFO 7f93597fa700> CORE::BYTES::UPDATES_IN 2254207184
1462010641418	<INFO 7f935b7fe700> SLIPSTORE service is exiting
1462010641421	<INFO 7f935b7fe700> SLIPSTORE::HELP_OFFERS_RECVD 98
1462010641425	<INFO 7f935b7fe700> SLIPSTORE::HELP_OFFERS_ACCEPTED 0
1462010641428	<INFO 7f935b7fe700> SLIPSTORE::HELP_ACCEPTANCE_RATIO 0
1462010641432	<INFO 7f935b7fe700> SLIPSTORE::SERVER_BUSY_DISK  325.942 seconds
1462010641435	<INFO 7f935b7fe700> SLIPSTORE::SERVER_BUSY_MEM  0 seconds
1462010641438	<INFO 7f935b7fe700> SLIPSTORE::SERVER_TOTAL  1428.56 seconds
1462010641442	<INFO 7fb16f76b740> SLIPSTORE::CLIENT::DISK_READ_TIME  412.499 seconds
1462010641445	<INFO 7fb16f76b740> SLIPSTORE::CLIENT::MEM_READ_TIME  0 seconds
1462010641448	<INFO 7fb16f76b740> SLIPSTORE::CLIENT::DISK_BYTES_READ 74666424936
1462010641451	<INFO 7fb16f76b740> SLIPSTORE::CLIENT::MEM_BYTES_READ 0
1462010641454	<INFO 7fb16f76b740> SLIPSTORE::CLIENT::WRITE_TIME  136.998 seconds
1462010641458	<INFO 7fb16f76b740> SLIPSTORE::CLIENT::BYTES_WRITTEN 8098603680
1462010641461	<INFO 7fb16f76b740> SLIPSTORE::CLIENT_BUSY  549.494 seconds
1462010641464	<INFO 7fb16f76b740> SLIPSTORE::IO::TIME 362.636 seconds
1462010641468	<INFO 7fb16f76b740> SLIPSTORE::SNAP::TIME 0 seconds
1462010641471	<INFO 7fb16f76b740> SLIPSTORE::MAX_DISK_USAGE_BYTES 11203599944
1462010641474	<INFO 7fb16f76b740> CORE::RUSAGE::MAX_RSS_KB 125894096
1462010641477	<INFO 7fb16f76b740> CORE::RUSAGE::MINFLT 31640960
1462010641481	<INFO 7fb16f76b740> CORE::RUSAGE::MAJFLT 6
1462010641484	<INFO 7fb16f76b740> CORE::RUSAGE::MAJFLT 6
1462010641488	<INFO 7fb16f76b740> CORE::RUSAGE::INBLK 143650240
1462010641491	<INFO 7fb16f76b740> CORE::RUSAGE::OUBLK 66446184
1462010641494	<INFO 7fb16f76b740> CORE::UTILS::BYTES_READ 74589372600
1462010641498	<INFO 7fb16f76b740> CORE::UTILS::BYTES_WRITTEN 34020032456
1462010641501	<INFO 7fb16f76b740> CORE::UTILS::TILE_COPY_BYTES 1656152736
1462010641505	<INFO 7fb16f76b740> CORE::TIME::IO_WAIT 368.916 seconds
1462010641508	<INFO 7fb16f76b740> CORE::TIME_TILE_COPY 0 seconds
1462010641511	<INFO 7fb16f76b740> CORE::TIME_TILE_MERGE 0 seconds
1462010641514	<INFO 7fb16f76b740> CORE::TIME_PROCESSING_STOLEN 0 seconds
1462010641518	<INFO 7fb16f76b740> CORE::TIME_MERGE_WAIT 0 seconds
1462010641521	<INFO 7fb16f76b740> CORE::OTHER_TIME_ALL_MC_BARRIER 0 seconds
1462010641525	<INFO 7fb16f76b740> CORE::SCATTER_TIME_ALL_MC_BARRIER 5.23151 seconds
1462010641528	<INFO 7fb16f76b740> CORE::GATHER_TIME_ALL_MC_BARRIER 2.37187 seconds
1462010641531	<INFO 7fb16f76b740> CORE::INIT_TIME_ALL_MC_BARRIER 2.65081 seconds
1462010641534	<INFO 7fb16f76b740> CORE::SHUT_DOWN_TIME_ALL_MC_BARRIER 5.31637 seconds
1462010641538	<INFO 7fb16f76b740> CORE::STREAM_SKIP_BEFORE_TIME_ALL_MC_BARRIER 58.1664 seconds
1462010641541	<INFO 7fb16f76b740> CORE::TAKE_CHECKPOINT_BEFORE_TIME_ALL_MC_BARRIER 0 seconds
1462010641545	<INFO 7fb16f76b740> CORE::TAKE_CHECKPOINT_COMPLETE_TIME_ALL_MC_BARRIER 0 seconds
1462010641548	<INFO 7fb16f76b740> CORE::METADATA_WRITE_COMPLETE_TIME_ALL_MC_BARRIER 0 seconds
1462010641552	<INFO 7fb16f76b740> CORE::STREAM_EOF_BEFORE_TIME_ALL_MC_BARRIER 0 seconds
1462010641554	<INFO 7fb16f76b740> CORE::STREAM_EOF_AFTER_TIME_ALL_MC_BARRIER 0 seconds
1462010641558	<INFO 7fb16f76b740> CORE::STATE_LOAD_TIME_ALL_MC_BARRIER 0 seconds
1462010641561	<INFO 7fb16f76b740> CORE::STATE_STORE_TIME_ALL_MC_BARRIER 0 seconds
1462010641565	<INFO 7fb16f76b740> CORE::PHASES 7
1462010641568	<INFO 7fb16f76b740> CORE::TIME::SETUP 8.1 seconds
1462010641572	<INFO 7fb16f76b740> CORE::TIME::STATE_ITER 31.7017 seconds
1462010641575	<INFO 7fb16f76b740> CORE::TIME::GATHER 1004.74 seconds
1462010641578	<INFO 7fb16f76b740> CORE::TIME::SCATTER 329.755 seconds
1462010641582	<INFO 7fb16f76b740> CORE::TIME::WALL 1430.39 seconds
1462010641585	<INFO 7fb16f76b740> SHUTDOWN
