1462009103251	<INFO 7f8c38466740> 2016-04-30 11:38:23 STARTUP
1462009103254	<INFO 7f8c38466740> CORE::GRAPH rmat-28_s8
1462009103258	<INFO 7f8c38466740> CORE::ALGORITHM pagerank
1462009103262	<INFO 7f8c38466740> CORE::VERTEX_STRIPING OFF
1462009103265	<INFO 7f8c38466740> CORE::UPDATES_STRIPING ON
1462009103269	<INFO 7f8c38466740> CORE::UPDATES BATCH IO ON
1462009103272	<INFO 7f8c38466740> CORE::OPTIMIZED_STATE_LOAD_STORE ON
1462009103276	<INFO 7f8c38466740> CORE::BINARY_SEARCH_SUPER_PARTITION ON
1462009103280	<INFO 7f8c38466740> CORE::SUPER_PARTITION_COMPUTED_FOR_EACH_SCATTER_GATHER_PHASE
1462009103284	<INFO 7f8c38466740> CORE::BATCH IO OFF
1462009103287	<INFO 7f8c38466740> 2016-04-30 11:38:23 Blocking memory amount 126701535232
1462009211781	<INFO 7f8c38466740> 2016-04-30 11:40:11 Done blocking memory
1462009211785	<INFO 7f8c38466740> SG-DRIVER-ORIGINAL
1462009211789	<INFO 7f8c38466740> 2016-04-30 11:40:11 START read config parameters
1462009211793	<INFO 7f8c38466740> PARTITIONING::OLD 0
1462009211797	<INFO 7f8c38466740> PARTITIONING::BALANCED_PARTITIONS 0
1462009211801	<INFO 7f8c38466740> CORE::CONFIG::PROCESSORS 8
1462009211804	<INFO 7f8c38466740> CORE::CONFIG::PHYSICAL_MEMORY 2147483648
1462009211808	<INFO 7f8c38466740> CORE::CONFIG::VERTICES 268435456
1462009211812	<INFO 7f8c38466740> CORE::CONFIG::VERTEX_SIZE 12
1462009211816	<INFO 7f8c38466740> CORE::CONFIG::VERTEX_BUFFER 1402204788
1462009211820	<INFO 7f8c38466740> CORE::CONFIG::EDGES 536870912
1462009211824	<INFO 7f8c38466740> CORE::CONFIG::PARTITIONS 64
1462009211828	<INFO 7f8c38466740> CORE::CONFIG::FANOUT 64
1462009211832	<INFO 7f8c38466740> CORE::CONFIG::SUPER_PARTITIONS 8
1462009211836	<INFO 7f8c38466740> CORE::CONFIG::TILES 1
1462009211840	<INFO 7f8c38466740> CORE::CONFIG::BUFFER_SIZE 149054645
1462009211844	<INFO 7f8c38466740> CORE::CONFIG::MAX_BUFFERS 4
1462009211847	<INFO 7f8c38466740> CORE::CONFIG::MAX_STREAMS 4
1462009211851	<INFO 7f8c38466740> CORE::CONFIG::SUM_OF_OUT_DEGREES_FOR_NEW_PARTITIONS::FIRST_CONSTRAINT 536870912
1462009211855	<INFO 7f8c38466740> CORE::CONFIG::MAX_EDGES_PER_NEW_PARTITION::SECOND_CONSTRAINT 536870912
1462009211859	<INFO 7f8c38466740> SLIPSTREAM::EXT_MEM_SHUFFLE OFF
1462009211863	<INFO 7f8c38466740> 2016-04-30 11:40:11 END read config parameters
1462009213609	<WARNING 7f8c38466740> Unable to unlink file (stream.0.0.0):No such file or directory
1462009213612	<WARNING 7f8c38466740> Unable to unlink file (stream.0.1.0):No such file or directory
1462009213616	<WARNING 7f8c38466740> Unable to unlink file (stream.0.2.0):No such file or directory
1462009213621	<WARNING 7f8c38466740> Unable to unlink file (stream.0.3.0):No such file or directory
1462009213624	<WARNING 7f8c38466740> Unable to unlink file (stream.0.4.0):No such file or directory
1462009213629	<WARNING 7f8c38466740> Unable to unlink file (stream.0.5.0):No such file or directory
1462009213633	<WARNING 7f8c38466740> Unable to unlink file (stream.0.6.0):No such file or directory
1462009213637	<WARNING 7f8c38466740> Unable to unlink file (stream.0.7.0):No such file or directory
1462009213641	<WARNING 7f8c38466740> Unable to unlink file (stream.1.1.0):No such file or directory
1462009213645	<WARNING 7f8c38466740> Unable to unlink file (stream.1.2.0):No such file or directory
1462009213649	<WARNING 7f8c38466740> Unable to unlink file (stream.1.3.0):No such file or directory
1462009213653	<WARNING 7f8c38466740> Unable to unlink file (stream.1.4.0):No such file or directory
1462009213657	<WARNING 7f8c38466740> Unable to unlink file (stream.1.5.0):No such file or directory
1462009213661	<WARNING 7f8c38466740> Unable to unlink file (stream.1.6.0):No such file or directory
1462009213664	<WARNING 7f8c38466740> Unable to unlink file (stream.1.7.0):No such file or directory
1462009213669	<WARNING 7f8c38466740> Unable to unlink file (stream.2.0.0):No such file or directory
1462009213673	<WARNING 7f8c38466740> Unable to unlink file (stream.2.1.0):No such file or directory
1462009213677	<WARNING 7f8c38466740> Unable to unlink file (stream.2.2.0):No such file or directory
1462009213681	<WARNING 7f8c38466740> Unable to unlink file (stream.2.3.0):No such file or directory
1462009213685	<WARNING 7f8c38466740> Unable to unlink file (stream.2.4.0):No such file or directory
1462009213689	<WARNING 7f8c38466740> Unable to unlink file (stream.2.5.0):No such file or directory
1462009213692	<WARNING 7f8c38466740> Unable to unlink file (stream.2.6.0):No such file or directory
1462009213696	<WARNING 7f8c38466740> Unable to unlink file (stream.2.7.0):No such file or directory
1462009213700	<WARNING 7f8c38466740> Unable to unlink file (stream.3.0.0):No such file or directory
1462009213704	<WARNING 7f8c38466740> Unable to unlink file (stream.3.1.0):No such file or directory
1462009213708	<WARNING 7f8c38466740> Unable to unlink file (stream.3.2.0):No such file or directory
1462009213712	<WARNING 7f8c38466740> Unable to unlink file (stream.3.3.0):No such file or directory
1462009213715	<WARNING 7f8c38466740> Unable to unlink file (stream.3.4.0):No such file or directory
1462009213719	<WARNING 7f8c38466740> Unable to unlink file (stream.3.5.0):No such file or directory
1462009213723	<WARNING 7f8c38466740> Unable to unlink file (stream.3.6.0):No such file or directory
1462009213727	<WARNING 7f8c38466740> Unable to unlink file (stream.3.7.0):No such file or directory
1462009213731	<INFO 7f8c38466740> SLIPSTORE::ZMQ_THREADS 2
1462009213734	<INFO 7f8c38466740> SLIPSTORE::COMM Connecting to tcp://dco-node137-10g:5016
1462009213738	<INFO 7f8c38466740> SLIPSTORE::COMM Connecting to tcp://dco-node138-10g:5034
1462009213742	<INFO 7f8c38466740> SLIPSTORE::COMM Connecting to tcp://dco-node139-10g:5052
1462009213746	<INFO 7f8c38466740> SLIPSTORE::COMM Connecting to tcp://dco-node140-10g:5070
1462009213750	<INFO 7f8c38466740> SLIPSTORE::COMM Connecting to tcp://dco-node141-10g:5088
1462009213754	<INFO 7f8c38466740> SLIPSTORE::COMM Connecting to tcp://dco-node142-10g:5106
1462009213758	<INFO 7f8c38466740> SLIPSTORE::COMM Connecting to tcp://dco-node143-10g:5124
1462009213762	<INFO 7f8c38466740> SLIPSTORE::COMM Connecting to tcp://dco-node144-10g:5142
1462009213766	<INFO 7f8c38466740> SLIPSTORE::COMM Listening at tcp://ens1f0:5116
1462009213769	<INFO 7f8c38466740> SLIPSTORE::COMM Listening at tcp://ens1f0:5117
1462009213773	<INFO 7f8c38466740> SLIPSTORE::COMM Listening at tcp://ens1f0:5118
1462009213777	<INFO 7f8c38466740> SLIPSTORE::COMM Listening at tcp://ens1f0:5119
1462009213780	<INFO 7f8c38466740> SLIPSTORE::COMM Listening at tcp://ens1f0:5120
1462009213784	<INFO 7f8c38466740> SLIPSTORE::COMM Listening at tcp://ens1f0:5121
1462009213787	<INFO 7f8c38466740> SLIPSTORE::COMM Listening at ipc://client
1462009213791	<INFO 7f8c38466740> SLIPSTORE::COMM Listening at tcp://ens1f0:5123
1462009213795	<INFO 7f8c38466740> SLIPSTORE::COMM Connecting to tcp://dco-node137-10g:5016
1462009213798	<INFO 7f8c38466740> SLIPSTORE::COMM Connecting to tcp://dco-node138-10g:5034
1462009213802	<INFO 7f8c38466740> SLIPSTORE::COMM Connecting to tcp://dco-node139-10g:5052
1462009213806	<INFO 7f8c38466740> SLIPSTORE::COMM Connecting to tcp://dco-node140-10g:5070
1462009213810	<INFO 7f8c38466740> SLIPSTORE::COMM Connecting to tcp://dco-node141-10g:5088
1462009213814	<INFO 7f8c38466740> SLIPSTORE::COMM Connecting to tcp://dco-node142-10g:5106
1462009213817	<INFO 7f8c38466740> SLIPSTORE::COMM Connecting to tcp://dco-node143-10g:5124
1462009213821	<INFO 7f8c38466740> SLIPSTORE::COMM Connecting to tcp://dco-node144-10g:5142
1462009213824	<INFO 7f8c38466740> SLIPSTORE::COMM Connecting to tcp://dco-node137-10g:5006
1462009213828	<INFO 7f8c38466740> SLIPSTORE::COMM Connecting to tcp://dco-node138-10g:5024
1462009213831	<INFO 7f8c38466740> SLIPSTORE::COMM Connecting to tcp://dco-node139-10g:5042
1462009213835	<INFO 7f8c38466740> SLIPSTORE::COMM Connecting to tcp://dco-node140-10g:5060
1462009213839	<INFO 7f8c38466740> SLIPSTORE::COMM Connecting to tcp://dco-node141-10g:5078
1462009213842	<INFO 7f8c38466740> SLIPSTORE::COMM Connecting to tcp://dco-node142-10g:5096
1462009213846	<INFO 7f8c38466740> SLIPSTORE::COMM Connecting to ipc://server
1462009213850	<INFO 7f8c38466740> SLIPSTORE::COMM Connecting to tcp://dco-node144-10g:5132
1462009213855	<INFO 7f8c38466740> SLIPSTORE::COMM Connecting to tcp://dco-node144-10g:5143
1462009213859	<INFO 7f8c38466740> SLIPSTORE::COMM Listening at tcp://ens1f0:5125
1462009213862	<INFO 7f8c38466740> SLIPSTORE::COMM Connecting to tcp://dco-node143-10g:5124
1462009213865	<INFO 7f8c38466740> SLIPSTORE::HELP_POLICY NONE
1462009213869	<INFO 7f8c38466740> SLIPSTORE::SERVER ASYNC
1462009213873	<INFO 7f8c38466740> SLIPSTORE::MACHINES 8
1462009213876	<INFO 7f8c38466740> SLIPSTORE::ME 6
1462009213882	<INFO 7f8c38466740> SLIPSTORE::SLIPCHUNK 4194304
1462009213885	<INFO 7f8c38466740> SLIPSTORE::QUOTA 18446744073709551615
1462009213890	<INFO 7f8c38466740> SLIPSTORE::IO PAGECACHE
1462009213895	<INFO 7f6e308f0700> SLIPSTORE::COMM Listening at tcp://ens1f0:5124
1462009213899	<INFO 7f6e308f0700> SLIPSTORE::COMM Listening at tcp://ens1f0:5108
1462009213902	<INFO 7f6e308f0700> SLIPSTORE::COMM Connecting to tcp://dco-node137-10g:5014
1462009213904	<INFO 7f6e308f0700> SLIPSTORE::COMM Listening at tcp://ens1f0:5109
1462009213907	<INFO 7f6e308f0700> SLIPSTORE::COMM Connecting to tcp://dco-node138-10g:5032
1462009213909	<INFO 7f6e308f0700> SLIPSTORE::COMM Listening at tcp://ens1f0:5110
1462009213914	<INFO 7f6e308f0700> SLIPSTORE::COMM Connecting to tcp://dco-node139-10g:5050
1462009213916	<INFO 7f6e308f0700> SLIPSTORE::COMM Listening at tcp://ens1f0:5111
1462009213919	<INFO 7f6e308f0700> SLIPSTORE::COMM Connecting to tcp://dco-node140-10g:5068
1462009213922	<INFO 7f6e308f0700> SLIPSTORE::COMM Listening at tcp://ens1f0:5112
1462009213924	<INFO 7f6e308f0700> SLIPSTORE::COMM Connecting to tcp://dco-node141-10g:5086
1462009213931	<INFO 7f6e308f0700> SLIPSTORE::COMM Listening at tcp://ens1f0:5113
1462009213933	<INFO 7f6e308f0700> SLIPSTORE::COMM Connecting to tcp://dco-node142-10g:5104
1462009213936	<INFO 7f6e308f0700> SLIPSTORE::COMM Listening at ipc://server
1462009213939	<INFO 7f6e308f0700> SLIPSTORE::COMM Connecting to ipc://client
1462009213942	<INFO 7f6e308f0700> SLIPSTORE::COMM Listening at tcp://ens1f0:5115
1462009213946	<INFO 7f6e308f0700> SLIPSTORE::COMM Connecting to tcp://dco-node144-10g:5140
1462009213949	<INFO 7f8c38466740> SLIPSTORE::CHECKPOINTS NONE FOUND
1462009213952	<INFO 7f8c38466740> 2016-04-30 11:40:13 Start edge split
1462009266648	<INFO 7f8c38466740> 2016-04-30 11:41:06 Completed init
1462009272477	<INFO 7f8c38466740> 2016-04-30 11:41:12 Started gather
1462009273119	<INFO 7f8c38466740> 2016-04-30 11:41:13 Completed gather
1462009274786	<INFO 7f8c38466740> 2016-04-30 11:41:14 Started scatter
1462009306261	<INFO 7f8c38466740> 2016-04-30 11:41:46 Completed scatter
1462009306606	<INFO 7f8c38466740> 2016-04-30 11:41:46 Completed phase 1 Bytes read 13294139724 Bytes written 6851688780
1462009319315	<INFO 7f8c38466740> 2016-04-30 11:41:59 Started gather
1462009319318	<INFO 7f8c38466740> 2016-04-30 11:41:59 Completed gather
1462009319341	<INFO 7f8c38466740> 2016-04-30 11:41:59 Started gather
1462009368977	<INFO 7f8c38466740> 2016-04-30 11:42:48 Completed gather
1462009370589	<INFO 7f8c38466740> 2016-04-30 11:42:50 Completed phase 2 Bytes read 20145828504 Bytes written 11328218912
1462009387886	<INFO 7f8c38466740> 2016-04-30 11:43:07 Started gather
1462009416750	<INFO 7f8c38466740> 2016-04-30 11:43:36 Completed gather
1462009589549	<INFO 7f8c38466740> 2016-04-30 11:46:29 Started scatter
1462009637996	<INFO 7f8c38466740> 2016-04-30 11:47:17 Completed scatter
1462009638618	<INFO 7f8c38466740> 2016-04-30 11:47:18 Completed phase 3 Bytes read 31064411204 Bytes written 16000269588
1462009652816	<INFO 7f8c38466740> 2016-04-30 11:47:32 Started gather
1462009680911	<INFO 7f8c38466740> 2016-04-30 11:48:00 Completed gather
1462009840306	<INFO 7f8c38466740> 2016-04-30 11:50:40 Started scatter
1462009889429	<INFO 7f8c38466740> 2016-04-30 11:51:29 Completed scatter
1462009889663	<INFO 7f8c38466740> 2016-04-30 11:51:29 Completed phase 4 Bytes read 42178514448 Bytes written 20709337360
1462009902635	<INFO 7f8c38466740> 2016-04-30 11:51:42 Started gather
1462009930691	<INFO 7f8c38466740> 2016-04-30 11:52:10 Completed gather
1462010091346	<INFO 7f8c38466740> 2016-04-30 11:54:51 Started scatter
1462010140044	<INFO 7f8c38466740> 2016-04-30 11:55:40 Completed scatter
1462010140387	<INFO 7f8c38466740> 2016-04-30 11:55:40 Completed phase 5 Bytes read 53329634788 Bytes written 25458014188
1462010154299	<INFO 7f8c38466740> 2016-04-30 11:55:54 Started gather
1462010182037	<INFO 7f8c38466740> 2016-04-30 11:56:22 Completed gather
1462010339613	<INFO 7f8c38466740> 2016-04-30 11:58:59 Started scatter
1462010390149	<INFO 7f8c38466740> 2016-04-30 11:59:50 Completed scatter
1462010390444	<INFO 7f8c38466740> 2016-04-30 11:59:50 Completed phase 6 Bytes read 64520364184 Bytes written 30382665920
1462010403527	<INFO 7f8c38466740> 2016-04-30 12:00:03 Started gather
1462010432610	<INFO 7f8c38466740> 2016-04-30 12:00:32 Completed gather
1462010584624	<INFO 7f8c38466740> 2016-04-30 12:03:04 Started scatter
1462010632542	<INFO 7f8c38466740> 2016-04-30 12:03:52 Completed scatter
1462010633145	<INFO 7f8c38466740> 2016-04-30 12:03:53 Completed phase 7 Bytes read 75887068484 Bytes written 35069119580
1462010641413	<INFO 7f8c38466740> CORE::PARTITIONS_PROCESSED 1193
1462010641415	<INFO 7f8c38466740> CORE::BYTES::EDGES_STREAMED 6074528232
1462010641417	<INFO 7f8c38466740> CORE::BYTES::UPDATES_OUT 3458932720
1462010641420	<INFO 7f8c38466740> CORE::BYTES::UPDATES_IN 2914667304
1462010641422	<INFO 7f6e0ffff700> CORE::PARTITIONS_PROCESSED 807
1462010641424	<INFO 7f6e0ffff700> CORE::BYTES::EDGES_STREAMED 4823849484
1462010641426	<INFO 7f6e0ffff700> CORE::BYTES::UPDATES_OUT 2745499056
1462010641429	<INFO 7f6e0ffff700> CORE::BYTES::UPDATES_IN 2187012824
1462010641431	<INFO 7f6e1a7fc700> CORE::PARTITIONS_PROCESSED 1532
1462010641433	<INFO 7f6e1a7fc700> CORE::BYTES::EDGES_STREAMED 4915777260
1462010641435	<INFO 7f6e1a7fc700> CORE::BYTES::UPDATES_OUT 2805393416
1462010641437	<INFO 7f6e1a7fc700> CORE::BYTES::UPDATES_IN 2353588728
1462010641440	<INFO 7f6e18ff9700> CORE::PARTITIONS_PROCESSED 150
1462010641442	<INFO 7f6e1b7fe700> CORE::PARTITIONS_PROCESSED 1586
1462010641444	<INFO 7f6e19ffb700> CORE::PARTITIONS_PROCESSED 1478
1462010641446	<INFO 7f6e1b7fe700> CORE::BYTES::EDGES_STREAMED 5266658112
1462010641449	<INFO 7f6e1affd700> CORE::PARTITIONS_PROCESSED 1055
1462010641451	<INFO 7f6e1b7fe700> CORE::BYTES::UPDATES_OUT 3011071728
1462010641453	<INFO 7f6e197fa700> CORE::PARTITIONS_PROCESSED 1799
1462010641455	<INFO 7f6e1affd700> CORE::BYTES::EDGES_STREAMED 5344063500
1462010641458	<INFO 7f6e1b7fe700> CORE::BYTES::UPDATES_IN 2404985320
1462010641460	<INFO 7f6e19ffb700> CORE::BYTES::EDGES_STREAMED 4951658928
1462010641462	<INFO 7f6e1affd700> CORE::BYTES::UPDATES_OUT 3052569096
1462010641464	<INFO 7f6e18ff9700> CORE::BYTES::EDGES_STREAMED 8637688560
1462010641467	<INFO 7f6e1affd700> CORE::BYTES::UPDATES_IN 2542215768
1462010641469	<INFO 7f6e197fa700> CORE::BYTES::EDGES_STREAMED 5080143900
1462010641471	<INFO 7f6e19ffb700> CORE::BYTES::UPDATES_OUT 2847242544
1462010641473	<INFO 7f6e18ff9700> CORE::BYTES::UPDATES_OUT 4937575712
1462010641476	<INFO 7f6e197fa700> CORE::BYTES::UPDATES_OUT 2909926000
1462010641478	<INFO 7f6e197fa700> CORE::BYTES::UPDATES_IN 2469640224
1462010641480	<INFO 7f6e19ffb700> CORE::BYTES::UPDATES_IN 2465488992
1462010641482	<INFO 7f6e18ff9700> CORE::BYTES::UPDATES_IN 4137635440
1462010641485	<INFO 7f6e308f0700> SLIPSTORE service is exiting
1462010641487	<INFO 7f6e308f0700> SLIPSTORE::HELP_OFFERS_RECVD 98
1462010641489	<INFO 7f6e308f0700> SLIPSTORE::HELP_OFFERS_ACCEPTED 0
1462010641491	<INFO 7f6e308f0700> SLIPSTORE::HELP_ACCEPTANCE_RATIO 0
1462010641494	<INFO 7f6e308f0700> SLIPSTORE::SERVER_BUSY_DISK  334.29 seconds
1462010641496	<INFO 7f6e308f0700> SLIPSTORE::SERVER_BUSY_MEM  0 seconds
1462010641498	<INFO 7f6e308f0700> SLIPSTORE::SERVER_TOTAL  1427.78 seconds
1462010641500	<INFO 7f8c38466740> SLIPSTORE::CLIENT::DISK_READ_TIME  422.087 seconds
1462010641503	<INFO 7f8c38466740> SLIPSTORE::CLIENT::MEM_READ_TIME  0 seconds
1462010641505	<INFO 7f8c38466740> SLIPSTORE::CLIENT::DISK_BYTES_READ 75879507004
1462010641507	<INFO 7f8c38466740> SLIPSTORE::CLIENT::MEM_BYTES_READ 0
1462010641510	<INFO 7f8c38466740> SLIPSTORE::CLIENT::WRITE_TIME  148.037 seconds
1462010641512	<INFO 7f8c38466740> SLIPSTORE::CLIENT::BYTES_WRITTEN 9309904428
1462010641514	<INFO 7f8c38466740> SLIPSTORE::CLIENT_BUSY  570.122 seconds
1462010641517	<INFO 7f8c38466740> SLIPSTORE::IO::TIME 365.384 seconds
1462010641519	<INFO 7f8c38466740> SLIPSTORE::SNAP::TIME 0 seconds
1462010641521	<INFO 7f8c38466740> SLIPSTORE::MAX_DISK_USAGE_BYTES 11366704300
1462010641524	<INFO 7f8c38466740> CORE::RUSAGE::MAX_RSS_KB 125895076
1462010641526	<INFO 7f8c38466740> CORE::RUSAGE::MINFLT 31569463
1462010641528	<INFO 7f8c38466740> CORE::RUSAGE::MAJFLT 6
1462010641530	<INFO 7f8c38466740> CORE::RUSAGE::MAJFLT 6
1462010641533	<INFO 7f8c38466740> CORE::RUSAGE::INBLK 145214968
1462010641535	<INFO 7f8c38466740> CORE::RUSAGE::OUBLK 68495128
1462010641537	<INFO 7f8c38466740> CORE::UTILS::BYTES_READ 75887068484
1462010641540	<INFO 7f8c38466740> CORE::UTILS::BYTES_WRITTEN 35069119580
1462010641542	<INFO 7f8c38466740> CORE::UTILS::TILE_COPY_BYTES 2867453484
1462010641545	<INFO 7f8c38466740> CORE::TIME::IO_WAIT 381.832 seconds
1462010641547	<INFO 7f8c38466740> CORE::TIME_TILE_COPY 0 seconds
1462010641550	<INFO 7f8c38466740> CORE::TIME_TILE_MERGE 0 seconds
1462010641552	<INFO 7f8c38466740> CORE::TIME_PROCESSING_STOLEN 0 seconds
1462010641555	<INFO 7f8c38466740> CORE::TIME_MERGE_WAIT 0 seconds
1462010641557	<INFO 7f8c38466740> CORE::OTHER_TIME_ALL_MC_BARRIER 0 seconds
1462010641560	<INFO 7f8c38466740> CORE::SCATTER_TIME_ALL_MC_BARRIER 1.70017 seconds
1462010641562	<INFO 7f8c38466740> CORE::GATHER_TIME_ALL_MC_BARRIER 1.49613 seconds
1462010641564	<INFO 7f8c38466740> CORE::INIT_TIME_ALL_MC_BARRIER 0.426271 seconds
1462010641567	<INFO 7f8c38466740> CORE::SHUT_DOWN_TIME_ALL_MC_BARRIER 0.0038 seconds
1462010641569	<INFO 7f8c38466740> CORE::STREAM_SKIP_BEFORE_TIME_ALL_MC_BARRIER 48.2718 seconds
1462010641572	<INFO 7f8c38466740> CORE::TAKE_CHECKPOINT_BEFORE_TIME_ALL_MC_BARRIER 0 seconds
1462010641574	<INFO 7f8c38466740> CORE::TAKE_CHECKPOINT_COMPLETE_TIME_ALL_MC_BARRIER 0 seconds
1462010641577	<INFO 7f8c38466740> CORE::METADATA_WRITE_COMPLETE_TIME_ALL_MC_BARRIER 0 seconds
1462010641579	<INFO 7f8c38466740> CORE::STREAM_EOF_BEFORE_TIME_ALL_MC_BARRIER 0 seconds
1462010641581	<INFO 7f8c38466740> CORE::STREAM_EOF_AFTER_TIME_ALL_MC_BARRIER 0 seconds
1462010641584	<INFO 7f8c38466740> CORE::STATE_LOAD_TIME_ALL_MC_BARRIER 0 seconds
1462010641586	<INFO 7f8c38466740> CORE::STATE_STORE_TIME_ALL_MC_BARRIER 0 seconds
1462010641589	<INFO 7f8c38466740> CORE::PHASES 7
1462010641591	<INFO 7f8c38466740> CORE::TIME::SETUP 2.04353 seconds
1462010641594	<INFO 7f8c38466740> CORE::TIME::STATE_ITER 41.5963 seconds
1462010641596	<INFO 7f8c38466740> CORE::TIME::GATHER 994.849 seconds
1462010641599	<INFO 7f8c38466740> CORE::TIME::SCATTER 329.755 seconds
1462010641601	<INFO 7f8c38466740> CORE::TIME::WALL 1429.64 seconds
1462010641604	<INFO 7f8c38466740> SHUTDOWN
