1459265865944	<INFO 7fe6111cd740> 2016-03-29 17:37:45 STARTUP
1459265865948	<INFO 7fe6111cd740> CORE::GRAPH rmat-24-und_s8
1459265865951	<INFO 7fe6111cd740> CORE::ALGORITHM bfs
1459265865955	<INFO 7fe6111cd740> CORE::VERTEX_STRIPING OFF
1459265865958	<INFO 7fe6111cd740> 2016-03-29 17:37:45 Blocking memory amount 126701535232
1459265972595	<INFO 7fe6111cd740> 2016-03-29 17:39:32 Done blocking memory
1459265972598	<INFO 7fe6111cd740> SG-DRIVER-ORIGINAL
1459265972602	<INFO 7fe6111cd740> 2016-03-29 17:39:32 START read config parameters
1459265972606	<INFO 7fe6111cd740> PARTITIONING::OLD 1
1459265972610	<INFO 7fe6111cd740> CORE::CONFIG::PROCESSORS 8
1459265972613	<INFO 7fe6111cd740> CORE::CONFIG::PHYSICAL_MEMORY 2147483648
1459265972617	<INFO 7fe6111cd740> CORE::CONFIG::VERTICES 16777216
1459265972621	<INFO 7fe6111cd740> CORE::CONFIG::VERTEX_SIZE 8
1459265972624	<INFO 7fe6111cd740> CORE::CONFIG::VERTEX_BUFFER 16777216
1459265972629	<INFO 7fe6111cd740> CORE::CONFIG::EDGES 67108864
1459265972633	<INFO 7fe6111cd740> CORE::CONFIG::PARTITIONS 64
1459265972636	<INFO 7fe6111cd740> CORE::CONFIG::FANOUT 64
1459265972640	<INFO 7fe6111cd740> CORE::CONFIG::SUPER_PARTITIONS 8
1459265972644	<INFO 7fe6111cd740> CORE::CONFIG::TILES 1
1459265972648	<INFO 7fe6111cd740> CORE::CONFIG::BUFFER_SIZE 426140160
1459265972651	<INFO 7fe6111cd740> CORE::CONFIG::MAX_BUFFERS 4
1459265972655	<INFO 7fe6111cd740> CORE::CONFIG::MAX_STREAMS 4
1459265972659	<INFO 7fe6111cd740> CORE::CONFIG::SUM_OF_OUT_DEGREES_FOR_NEW_PARTITIONS::FIRST_CONSTRAINT 2097152
1459265972663	<INFO 7fe6111cd740> CORE::CONFIG::MAX_EDGES_PER_NEW_PARTITION::SECOND_CONSTRAINT 8388608
1459265972666	<INFO 7fe6111cd740> SLIPSTREAM::EXT_MEM_SHUFFLE OFF
1459265972670	<INFO 7fe6111cd740> 2016-03-29 17:39:32 END read config parameters
1459265974389	<WARNING 7fe6111cd740> Unable to unlink file (stream.0.0.0):No such file or directory
1459265974393	<WARNING 7fe6111cd740> Unable to unlink file (stream.0.1.0):No such file or directory
1459265974397	<WARNING 7fe6111cd740> Unable to unlink file (stream.0.2.0):No such file or directory
1459265974400	<WARNING 7fe6111cd740> Unable to unlink file (stream.0.3.0):No such file or directory
1459265974403	<WARNING 7fe6111cd740> Unable to unlink file (stream.0.4.0):No such file or directory
1459265974407	<WARNING 7fe6111cd740> Unable to unlink file (stream.0.5.0):No such file or directory
1459265974412	<WARNING 7fe6111cd740> Unable to unlink file (stream.0.6.0):No such file or directory
1459265974415	<WARNING 7fe6111cd740> Unable to unlink file (stream.0.7.0):No such file or directory
1459265974419	<WARNING 7fe6111cd740> Unable to unlink file (stream.1.1.0):No such file or directory
1459265974422	<WARNING 7fe6111cd740> Unable to unlink file (stream.1.2.0):No such file or directory
1459265974426	<WARNING 7fe6111cd740> Unable to unlink file (stream.1.3.0):No such file or directory
1459265974430	<WARNING 7fe6111cd740> Unable to unlink file (stream.1.4.0):No such file or directory
1459265974433	<WARNING 7fe6111cd740> Unable to unlink file (stream.1.5.0):No such file or directory
1459265974437	<WARNING 7fe6111cd740> Unable to unlink file (stream.1.6.0):No such file or directory
1459265974442	<WARNING 7fe6111cd740> Unable to unlink file (stream.1.7.0):No such file or directory
1459265974446	<WARNING 7fe6111cd740> Unable to unlink file (stream.2.0.0):No such file or directory
1459265974449	<WARNING 7fe6111cd740> Unable to unlink file (stream.2.1.0):No such file or directory
1459265974453	<WARNING 7fe6111cd740> Unable to unlink file (stream.2.2.0):No such file or directory
1459265974456	<WARNING 7fe6111cd740> Unable to unlink file (stream.2.3.0):No such file or directory
1459265974460	<WARNING 7fe6111cd740> Unable to unlink file (stream.2.4.0):No such file or directory
1459265974464	<WARNING 7fe6111cd740> Unable to unlink file (stream.2.5.0):No such file or directory
1459265974467	<WARNING 7fe6111cd740> Unable to unlink file (stream.2.6.0):No such file or directory
1459265974470	<WARNING 7fe6111cd740> Unable to unlink file (stream.2.7.0):No such file or directory
1459265974474	<WARNING 7fe6111cd740> Unable to unlink file (stream.3.0.0):No such file or directory
1459265974478	<WARNING 7fe6111cd740> Unable to unlink file (stream.3.1.0):No such file or directory
1459265974481	<WARNING 7fe6111cd740> Unable to unlink file (stream.3.2.0):No such file or directory
1459265974484	<WARNING 7fe6111cd740> Unable to unlink file (stream.3.3.0):No such file or directory
1459265974488	<WARNING 7fe6111cd740> Unable to unlink file (stream.3.4.0):No such file or directory
1459265974491	<WARNING 7fe6111cd740> Unable to unlink file (stream.3.5.0):No such file or directory
1459265974495	<WARNING 7fe6111cd740> Unable to unlink file (stream.3.6.0):No such file or directory
1459265974498	<WARNING 7fe6111cd740> Unable to unlink file (stream.3.7.0):No such file or directory
1459265974501	<INFO 7fe6111cd740> SLIPSTORE::ZMQ_THREADS 2
1459265974505	<INFO 7fe6111cd740> SLIPSTORE::COMM Connecting to tcp://dco-node137-10g:5016
1459265974509	<INFO 7fe6111cd740> SLIPSTORE::COMM Connecting to tcp://dco-node138-10g:5034
1459265974513	<INFO 7fe6111cd740> SLIPSTORE::COMM Connecting to tcp://dco-node139-10g:5052
1459265974517	<INFO 7fe6111cd740> SLIPSTORE::COMM Connecting to tcp://dco-node140-10g:5070
1459265974520	<INFO 7fe6111cd740> SLIPSTORE::COMM Connecting to tcp://dco-node141-10g:5088
1459265974524	<INFO 7fe6111cd740> SLIPSTORE::COMM Connecting to tcp://dco-node142-10g:5106
1459265974527	<INFO 7fe6111cd740> SLIPSTORE::COMM Connecting to tcp://dco-node143-10g:5124
1459265974531	<INFO 7fe6111cd740> SLIPSTORE::COMM Connecting to tcp://dco-node144-10g:5142
1459265974534	<INFO 7fe6111cd740> SLIPSTORE::COMM Listening at tcp://ens1f0:5116
1459265974538	<INFO 7fe6111cd740> SLIPSTORE::COMM Listening at tcp://ens1f0:5117
1459265974541	<INFO 7fe6111cd740> SLIPSTORE::COMM Listening at tcp://ens1f0:5118
1459265974544	<INFO 7fe6111cd740> SLIPSTORE::COMM Listening at tcp://ens1f0:5119
1459265974547	<INFO 7fe6111cd740> SLIPSTORE::COMM Listening at tcp://ens1f0:5120
1459265974550	<INFO 7fe6111cd740> SLIPSTORE::COMM Listening at tcp://ens1f0:5121
1459265974554	<INFO 7fe6111cd740> SLIPSTORE::COMM Listening at ipc://client
1459265974556	<INFO 7fe6111cd740> SLIPSTORE::COMM Listening at tcp://ens1f0:5123
1459265974560	<INFO 7fe6111cd740> SLIPSTORE::COMM Connecting to tcp://dco-node137-10g:5016
1459265974564	<INFO 7fe6111cd740> SLIPSTORE::COMM Connecting to tcp://dco-node138-10g:5034
1459265974568	<INFO 7fe6111cd740> SLIPSTORE::COMM Connecting to tcp://dco-node139-10g:5052
1459265974571	<INFO 7fe6111cd740> SLIPSTORE::COMM Connecting to tcp://dco-node140-10g:5070
1459265974574	<INFO 7fe6111cd740> SLIPSTORE::COMM Connecting to tcp://dco-node141-10g:5088
1459265974578	<INFO 7fe6111cd740> SLIPSTORE::COMM Connecting to tcp://dco-node142-10g:5106
1459265974582	<INFO 7fe6111cd740> SLIPSTORE::COMM Connecting to tcp://dco-node143-10g:5124
1459265974585	<INFO 7fe6111cd740> SLIPSTORE::COMM Connecting to tcp://dco-node144-10g:5142
1459265974588	<INFO 7fe6111cd740> SLIPSTORE::COMM Connecting to tcp://dco-node137-10g:5006
1459265974591	<INFO 7fe6111cd740> SLIPSTORE::COMM Connecting to tcp://dco-node138-10g:5024
1459265974595	<INFO 7fe6111cd740> SLIPSTORE::COMM Connecting to tcp://dco-node139-10g:5042
1459265974597	<INFO 7fe6111cd740> SLIPSTORE::COMM Connecting to tcp://dco-node140-10g:5060
1459265974600	<INFO 7fe6111cd740> SLIPSTORE::COMM Connecting to tcp://dco-node141-10g:5078
1459265974603	<INFO 7fe6111cd740> SLIPSTORE::COMM Connecting to tcp://dco-node142-10g:5096
1459265974606	<INFO 7fe6111cd740> SLIPSTORE::COMM Connecting to ipc://server
1459265974609	<INFO 7fe6111cd740> SLIPSTORE::COMM Connecting to tcp://dco-node144-10g:5132
1459265974612	<INFO 7fe6111cd740> SLIPSTORE::COMM Connecting to tcp://dco-node144-10g:5143
1459265974615	<INFO 7fe6111cd740> SLIPSTORE::COMM Listening at tcp://ens1f0:5125
1459265974618	<INFO 7fe6111cd740> SLIPSTORE::COMM Connecting to tcp://dco-node143-10g:5124
1459265974621	<INFO 7fe6111cd740> SLIPSTORE::HELP_POLICY NONE
1459265974625	<INFO 7fe6111cd740> SLIPSTORE::SERVER ASYNC
1459265974628	<INFO 7fe6111cd740> SLIPSTORE::MACHINES 8
1459265974631	<INFO 7fe6111cd740> SLIPSTORE::ME 6
1459265974634	<INFO 7fe6111cd740> SLIPSTORE::SLIPCHUNK 4194304
1459265974637	<INFO 7fe6111cd740> SLIPSTORE::QUOTA 18446744073709551615
1459265974640	<INFO 7fe6111cd740> SLIPSTORE::IO PAGECACHE
1459265974644	<INFO 7fc7f2bfa700> SLIPSTORE::COMM Listening at tcp://ens1f0:5124
1459265974647	<INFO 7fc7f2bfa700> SLIPSTORE::COMM Listening at tcp://ens1f0:5108
1459265974650	<INFO 7fc7f2bfa700> SLIPSTORE::COMM Connecting to tcp://dco-node137-10g:5014
1459265974653	<INFO 7fc7f2bfa700> SLIPSTORE::COMM Listening at tcp://ens1f0:5109
1459265974657	<INFO 7fc7f2bfa700> SLIPSTORE::COMM Connecting to tcp://dco-node138-10g:5032
1459265974660	<INFO 7fc7f2bfa700> SLIPSTORE::COMM Listening at tcp://ens1f0:5110
1459265974663	<INFO 7fc7f2bfa700> SLIPSTORE::COMM Connecting to tcp://dco-node139-10g:5050
1459265974667	<INFO 7fc7f2bfa700> SLIPSTORE::COMM Listening at tcp://ens1f0:5111
1459265974670	<INFO 7fc7f2bfa700> SLIPSTORE::COMM Connecting to tcp://dco-node140-10g:5068
1459265974672	<INFO 7fc7f2bfa700> SLIPSTORE::COMM Listening at tcp://ens1f0:5112
1459265974676	<INFO 7fc7f2bfa700> SLIPSTORE::COMM Connecting to tcp://dco-node141-10g:5086
1459265974680	<INFO 7fc7f2bfa700> SLIPSTORE::COMM Listening at tcp://ens1f0:5113
1459265974683	<INFO 7fc7f2bfa700> SLIPSTORE::COMM Connecting to tcp://dco-node142-10g:5104
1459265974687	<INFO 7fc7f2bfa700> SLIPSTORE::COMM Listening at ipc://server
1459265974691	<INFO 7fc7f2bfa700> SLIPSTORE::COMM Connecting to ipc://client
1459265974695	<INFO 7fc7f2bfa700> SLIPSTORE::COMM Listening at tcp://ens1f0:5115
1459265974699	<INFO 7fc7f2bfa700> SLIPSTORE::COMM Connecting to tcp://dco-node144-10g:5140
1459265977154	<INFO 7fe6111cd740> SLIPSTORE::CHECKPOINTS NONE FOUND
1459265977156	<INFO 7fe6111cd740> 2016-03-29 17:39:37 Start edge split
1459265977159	<INFO 7fe6111cd740> 2016-03-29 17:39:37 Check1
1459265977161	<INFO 7fe6111cd740> 2016-03-29 17:39:37 Check2
1459265977164	<INFO 7fe6111cd740> 2016-03-29 17:39:37 Check3
1459265977167	<INFO 7fe6111cd740> 2016-03-29 17:39:37 Check4
1459265977170	<INFO 7fe6111cd740> 2016-03-29 17:39:37 Check5
1459265977172	<INFO 7fe6111cd740> 2016-03-29 17:39:37 Check7
1459265977174	<INFO 7fe6111cd740> 2016-03-29 17:39:37 CheckA
1459265977177	<INFO 7fe6111cd740> 2016-03-29 17:39:37 CheckB
1459265977180	<INFO 7fe6111cd740> 2016-03-29 17:39:37 CheckC
1459265977182	<INFO 7fe6111cd740> 2016-03-29 17:39:37 CheckD
1459265977185	<INFO 7fe6111cd740> 2016-03-29 17:39:37 CheckE
1459265977188	<INFO 7fe6111cd740> 2016-03-29 17:39:37 CheckF
1459265977191	<INFO 7fe6111cd740> 2016-03-29 17:39:37 CheckG
1459265977193	<INFO 7fe6111cd740> 2016-03-29 17:39:37 CheckH
1459265977195	<INFO 7fe6111cd740> 2016-03-29 17:39:37 CheckI
1459265979007	<INFO 7fe6111cd740> 2016-03-29 17:39:39 CheckJ
1459265979010	<INFO 7fe6111cd740> 2016-03-29 17:39:39 CheckK
1459265979013	<INFO 7fe6111cd740> 2016-03-29 17:39:39 CheckL
1459265979016	<INFO 7fe6111cd740> 2016-03-29 17:39:39 CheckM
1459265979019	<INFO 7fe6111cd740> 2016-03-29 17:39:39 CheckN
1459265979410	<INFO 7fe6111cd740> 2016-03-29 17:39:39 CheckO
1459265979413	<INFO 7fe6111cd740> 2016-03-29 17:39:39 CheckP
1459265979415	<INFO 7fe6111cd740> 2016-03-29 17:39:39 CheckQ
1459265979418	<INFO 7fe6111cd740> 2016-03-29 17:39:39 CheckI
1459265980618	<INFO 7fe6111cd740> 2016-03-29 17:39:40 CheckJ
1459265980621	<INFO 7fe6111cd740> 2016-03-29 17:39:40 CheckK
1459265980623	<INFO 7fe6111cd740> 2016-03-29 17:39:40 CheckL
1459265980626	<INFO 7fe6111cd740> 2016-03-29 17:39:40 CheckM
1459265980628	<INFO 7fe6111cd740> 2016-03-29 17:39:40 CheckN
1459265981840	<INFO 7fe6111cd740> 2016-03-29 17:39:41 CheckO
1459265981842	<INFO 7fe6111cd740> 2016-03-29 17:39:41 CheckP
1459265981845	<INFO 7fe6111cd740> 2016-03-29 17:39:41 CheckQ
1459265981848	<INFO 7fe6111cd740> 2016-03-29 17:39:41 CheckI
1459265981881	<INFO 7fe6111cd740> 2016-03-29 17:39:41 Check8
1459265983043	<INFO 7fe6111cd740> 2016-03-29 17:39:43 Check9
1459265983045	<INFO 7fe6111cd740> 2016-03-29 17:39:43 Completed init
1459265983177	<INFO 7fe6111cd740> 2016-03-29 17:39:43 Started gather
1459265983205	<INFO 7fe6111cd740> 2016-03-29 17:39:43 CheckA
1459265983207	<INFO 7fe6111cd740> 2016-03-29 17:39:43 CheckB
1459265983209	<INFO 7fe6111cd740> 2016-03-29 17:39:43 CheckC
1459265983212	<INFO 7fe6111cd740> 2016-03-29 17:39:43 CheckD
1459265983214	<INFO 7fe6111cd740> 2016-03-29 17:39:43 CheckE
1459265983216	<INFO 7fe6111cd740> 2016-03-29 17:39:43 CheckF
1459265983218	<INFO 7fe6111cd740> 2016-03-29 17:39:43 CheckG
1459265983221	<INFO 7fe6111cd740> 2016-03-29 17:39:43 CheckH
1459265983223	<INFO 7fe6111cd740> 2016-03-29 17:39:43 CheckI
1459265983374	<INFO 7fe6111cd740> 2016-03-29 17:39:43 Completed gather
1459265983408	<INFO 7fe6111cd740> 2016-03-29 17:39:43 Started scatter
1459265983436	<INFO 7fe6111cd740> 2016-03-29 17:39:43 CheckA
1459265983438	<INFO 7fe6111cd740> 2016-03-29 17:39:43 CheckB
1459265983441	<INFO 7fe6111cd740> 2016-03-29 17:39:43 CheckC
1459265983443	<INFO 7fe6111cd740> 2016-03-29 17:39:43 CheckD
1459265983446	<INFO 7fe6111cd740> 2016-03-29 17:39:43 CheckE
1459265983448	<INFO 7fe6111cd740> 2016-03-29 17:39:43 CheckF
1459265983450	<INFO 7fe6111cd740> 2016-03-29 17:39:43 CheckG
1459265983453	<INFO 7fe6111cd740> 2016-03-29 17:39:43 CheckH
1459265983455	<INFO 7fe6111cd740> 2016-03-29 17:39:43 CheckI
1459265983919	<INFO 7fe6111cd740> 2016-03-29 17:39:43 CheckJ
1459265983921	<INFO 7fe6111cd740> 2016-03-29 17:39:43 CheckK
1459265983924	<INFO 7fe6111cd740> 2016-03-29 17:39:43 CheckL
1459265983926	<INFO 7fe6111cd740> 2016-03-29 17:39:43 CheckM
1459265983929	<INFO 7fe6111cd740> 2016-03-29 17:39:43 CheckN
1459265984049	<INFO 7fe6111cd740> 2016-03-29 17:39:44 CheckO
1459265984052	<INFO 7fe6111cd740> 2016-03-29 17:39:44 CheckP
1459265984054	<INFO 7fe6111cd740> 2016-03-29 17:39:44 CheckQ
1459265984056	<INFO 7fe6111cd740> 2016-03-29 17:39:44 CheckI
1459265984059	<INFO 7fe6111cd740> 2016-03-29 17:39:44 Completed scatter
1459265986269	<INFO 7fe6111cd740> 2016-03-29 17:39:46 Completed phase 1 Bytes read 1625418164 Bytes written 820540748
1459265986291	<INFO 7fe6111cd740> 2016-03-29 17:39:46 Started gather
1459265986317	<INFO 7fe6111cd740> 2016-03-29 17:39:46 CheckA
1459265986319	<INFO 7fe6111cd740> 2016-03-29 17:39:46 CheckB
1459265986322	<INFO 7fe6111cd740> 2016-03-29 17:39:46 CheckC
1459265986324	<INFO 7fe6111cd740> 2016-03-29 17:39:46 CheckD
1459265986327	<INFO 7fe6111cd740> 2016-03-29 17:39:46 CheckE
1459265986329	<INFO 7fe6111cd740> 2016-03-29 17:39:46 CheckF
1459265986331	<INFO 7fe6111cd740> 2016-03-29 17:39:46 CheckG
1459265986334	<INFO 7fe6111cd740> 2016-03-29 17:39:46 CheckH
1459265986336	<INFO 7fe6111cd740> 2016-03-29 17:39:46 CheckI
1459265986339	<INFO 7fe6111cd740> 2016-03-29 17:39:46 CheckJ
1459265986341	<INFO 7fe6111cd740> 2016-03-29 17:39:46 CheckK
1459265986344	<INFO 7fe6111cd740> 2016-03-29 17:39:46 CheckL
1459265986346	<INFO 7fe6111cd740> 2016-03-29 17:39:46 CheckM
1459265986349	<INFO 7fe6111cd740> 2016-03-29 17:39:46 CheckN
1459265986351	<INFO 7fe6111cd740> 2016-03-29 17:39:46 CheckO
1459265986353	<INFO 7fe6111cd740> 2016-03-29 17:39:46 CheckP
1459265986356	<INFO 7fe6111cd740> 2016-03-29 17:39:46 CheckQ
1459265986358	<INFO 7fe6111cd740> 2016-03-29 17:39:46 CheckI
1459265986412	<INFO 7fe6111cd740> 2016-03-29 17:39:46 Completed gather
1459265986495	<INFO 7fe6111cd740> 2016-03-29 17:39:46 Started scatter
1459265986522	<INFO 7fe6111cd740> 2016-03-29 17:39:46 CheckA
1459265986525	<INFO 7fe6111cd740> 2016-03-29 17:39:46 CheckB
1459265986527	<INFO 7fe6111cd740> 2016-03-29 17:39:46 CheckC
1459265986531	<INFO 7fe6111cd740> 2016-03-29 17:39:46 CheckD
1459265986534	<INFO 7fe6111cd740> 2016-03-29 17:39:46 CheckE
1459265986537	<INFO 7fe6111cd740> 2016-03-29 17:39:46 CheckF
1459265986543	<INFO 7fe6111cd740> 2016-03-29 17:39:46 CheckG
1459265986549	<INFO 7fe6111cd740> 2016-03-29 17:39:46 CheckH
1459265986552	<INFO 7fe6111cd740> 2016-03-29 17:39:46 CheckI
1459265986939	<INFO 7fe6111cd740> 2016-03-29 17:39:46 CheckJ
1459265986942	<INFO 7fe6111cd740> 2016-03-29 17:39:46 CheckK
1459265986944	<INFO 7fe6111cd740> 2016-03-29 17:39:46 CheckL
1459265986947	<INFO 7fe6111cd740> 2016-03-29 17:39:46 CheckM
1459265986950	<INFO 7fe6111cd740> 2016-03-29 17:39:46 CheckN
1459265987156	<INFO 7fe6111cd740> 2016-03-29 17:39:47 CheckO
1459265987159	<INFO 7fe6111cd740> 2016-03-29 17:39:47 CheckP
1459265987162	<INFO 7fe6111cd740> 2016-03-29 17:39:47 CheckQ
1459265987165	<INFO 7fe6111cd740> 2016-03-29 17:39:47 CheckI
1459265987168	<INFO 7fe6111cd740> 2016-03-29 17:39:47 Completed scatter
1459265991554	<INFO 7fe6111cd740> 2016-03-29 17:39:51 Completed phase 2 Bytes read 2445958912 Bytes written 1170576724
1459265991578	<INFO 7fe6111cd740> 2016-03-29 17:39:51 Started gather
1459265991605	<INFO 7fe6111cd740> 2016-03-29 17:39:51 CheckA
1459265991607	<INFO 7fe6111cd740> 2016-03-29 17:39:51 CheckB
1459265991609	<INFO 7fe6111cd740> 2016-03-29 17:39:51 CheckC
1459265991612	<INFO 7fe6111cd740> 2016-03-29 17:39:51 CheckD
1459265991614	<INFO 7fe6111cd740> 2016-03-29 17:39:51 CheckE
1459265991617	<INFO 7fe6111cd740> 2016-03-29 17:39:51 CheckF
1459265991621	<INFO 7fe6111cd740> 2016-03-29 17:39:51 CheckG
1459265991623	<INFO 7fe6111cd740> 2016-03-29 17:39:51 CheckH
1459265991625	<INFO 7fe6111cd740> 2016-03-29 17:39:51 CheckI
1459265991880	<INFO 7fe6111cd740> 2016-03-29 17:39:51 CheckJ
1459265991883	<INFO 7fe6111cd740> 2016-03-29 17:39:51 CheckK
1459265991886	<INFO 7fe6111cd740> 2016-03-29 17:39:51 CheckL
1459265991888	<INFO 7fe6111cd740> 2016-03-29 17:39:51 CheckM
1459265991891	<INFO 7fe6111cd740> 2016-03-29 17:39:51 CheckN
1459265991956	<INFO 7fe6111cd740> 2016-03-29 17:39:51 CheckO
1459265991958	<INFO 7fe6111cd740> 2016-03-29 17:39:51 CheckP
1459265991960	<INFO 7fe6111cd740> 2016-03-29 17:39:51 CheckQ
1459265991963	<INFO 7fe6111cd740> 2016-03-29 17:39:51 CheckI
1459265992021	<INFO 7fe6111cd740> 2016-03-29 17:39:52 Completed gather
1459265994389	<INFO 7fe6111cd740> 2016-03-29 17:39:54 Started scatter
1459265994418	<INFO 7fe6111cd740> 2016-03-29 17:39:54 CheckA
1459265994421	<INFO 7fe6111cd740> 2016-03-29 17:39:54 CheckB
1459265994423	<INFO 7fe6111cd740> 2016-03-29 17:39:54 CheckC
1459265994426	<INFO 7fe6111cd740> 2016-03-29 17:39:54 CheckD
1459265994428	<INFO 7fe6111cd740> 2016-03-29 17:39:54 CheckE
1459265994430	<INFO 7fe6111cd740> 2016-03-29 17:39:54 CheckF
1459265994433	<INFO 7fe6111cd740> 2016-03-29 17:39:54 CheckG
1459265994435	<INFO 7fe6111cd740> 2016-03-29 17:39:54 CheckH
1459265994438	<INFO 7fe6111cd740> 2016-03-29 17:39:54 CheckI
1459265994810	<INFO 7fe6111cd740> 2016-03-29 17:39:54 CheckJ
1459265994812	<INFO 7fe6111cd740> 2016-03-29 17:39:54 CheckK
1459265994815	<INFO 7fe6111cd740> 2016-03-29 17:39:54 CheckL
1459265994817	<INFO 7fe6111cd740> 2016-03-29 17:39:54 CheckM
1459265994820	<INFO 7fe6111cd740> 2016-03-29 17:39:54 CheckN
1459265995021	<INFO 7fe6111cd740> 2016-03-29 17:39:55 CheckO
1459265995024	<INFO 7fe6111cd740> 2016-03-29 17:39:55 CheckP
1459265995028	<INFO 7fe6111cd740> 2016-03-29 17:39:55 CheckQ
1459265995031	<INFO 7fe6111cd740> 2016-03-29 17:39:55 CheckI
1459265995035	<INFO 7fe6111cd740> 2016-03-29 17:39:55 Completed scatter
1459265998441	<INFO 7fe6111cd740> 2016-03-29 17:39:58 Completed phase 3 Bytes read 3599329468 Bytes written 1380892572
1459265998465	<INFO 7fe6111cd740> 2016-03-29 17:39:58 Started gather
1459265998493	<INFO 7fe6111cd740> 2016-03-29 17:39:58 CheckA
1459265998496	<INFO 7fe6111cd740> 2016-03-29 17:39:58 CheckB
1459265998499	<INFO 7fe6111cd740> 2016-03-29 17:39:58 CheckC
1459265998501	<INFO 7fe6111cd740> 2016-03-29 17:39:58 CheckD
1459265998503	<INFO 7fe6111cd740> 2016-03-29 17:39:58 CheckE
1459265998506	<INFO 7fe6111cd740> 2016-03-29 17:39:58 CheckF
1459265998508	<INFO 7fe6111cd740> 2016-03-29 17:39:58 CheckG
1459265998511	<INFO 7fe6111cd740> 2016-03-29 17:39:58 CheckH
1459265998514	<INFO 7fe6111cd740> 2016-03-29 17:39:58 CheckI
1459265998671	<INFO 7fe6111cd740> 2016-03-29 17:39:58 CheckJ
1459265998674	<INFO 7fe6111cd740> 2016-03-29 17:39:58 CheckK
1459265998677	<INFO 7fe6111cd740> 2016-03-29 17:39:58 CheckL
1459265998680	<INFO 7fe6111cd740> 2016-03-29 17:39:58 CheckM
1459265998682	<INFO 7fe6111cd740> 2016-03-29 17:39:58 CheckN
1459265998721	<INFO 7fe6111cd740> 2016-03-29 17:39:58 CheckO
1459265998724	<INFO 7fe6111cd740> 2016-03-29 17:39:58 CheckP
1459265998726	<INFO 7fe6111cd740> 2016-03-29 17:39:58 CheckQ
1459265998729	<INFO 7fe6111cd740> 2016-03-29 17:39:58 CheckI
1459265998808	<INFO 7fe6111cd740> 2016-03-29 17:39:58 Completed gather
1459266000188	<INFO 7fe6111cd740> 2016-03-29 17:40:00 Started scatter
1459266000217	<INFO 7fe6111cd740> 2016-03-29 17:40:00 CheckA
1459266000219	<INFO 7fe6111cd740> 2016-03-29 17:40:00 CheckB
1459266000223	<INFO 7fe6111cd740> 2016-03-29 17:40:00 CheckC
1459266000226	<INFO 7fe6111cd740> 2016-03-29 17:40:00 CheckD
1459266000231	<INFO 7fe6111cd740> 2016-03-29 17:40:00 CheckE
1459266000234	<INFO 7fe6111cd740> 2016-03-29 17:40:00 CheckF
1459266000239	<INFO 7fe6111cd740> 2016-03-29 17:40:00 CheckG
1459266000242	<INFO 7fe6111cd740> 2016-03-29 17:40:00 CheckH
1459266000244	<INFO 7fe6111cd740> 2016-03-29 17:40:00 CheckI
1459266000698	<INFO 7fe6111cd740> 2016-03-29 17:40:00 CheckJ
1459266000700	<INFO 7fe6111cd740> 2016-03-29 17:40:00 CheckK
1459266000703	<INFO 7fe6111cd740> 2016-03-29 17:40:00 CheckL
1459266000705	<INFO 7fe6111cd740> 2016-03-29 17:40:00 CheckM
1459266000709	<INFO 7fe6111cd740> 2016-03-29 17:40:00 CheckN
1459266000828	<INFO 7fe6111cd740> 2016-03-29 17:40:00 CheckO
1459266000830	<INFO 7fe6111cd740> 2016-03-29 17:40:00 CheckP
1459266000833	<INFO 7fe6111cd740> 2016-03-29 17:40:00 CheckQ
1459266000835	<INFO 7fe6111cd740> 2016-03-29 17:40:00 CheckI
1459266000838	<INFO 7fe6111cd740> 2016-03-29 17:40:00 Completed scatter
1459266003048	<INFO 7fe6111cd740> 2016-03-29 17:40:03 Completed phase 4 Bytes read 4612979896 Bytes written 1398685500
1459266003073	<INFO 7fe6111cd740> 2016-03-29 17:40:03 Started gather
1459266003103	<INFO 7fe6111cd740> 2016-03-29 17:40:03 CheckA
1459266003105	<INFO 7fe6111cd740> 2016-03-29 17:40:03 CheckB
1459266003107	<INFO 7fe6111cd740> 2016-03-29 17:40:03 CheckC
1459266003110	<INFO 7fe6111cd740> 2016-03-29 17:40:03 CheckD
1459266003112	<INFO 7fe6111cd740> 2016-03-29 17:40:03 CheckE
1459266003115	<INFO 7fe6111cd740> 2016-03-29 17:40:03 CheckF
1459266003117	<INFO 7fe6111cd740> 2016-03-29 17:40:03 CheckG
1459266003119	<INFO 7fe6111cd740> 2016-03-29 17:40:03 CheckH
1459266003122	<INFO 7fe6111cd740> 2016-03-29 17:40:03 CheckI
1459266003124	<INFO 7fe6111cd740> 2016-03-29 17:40:03 CheckJ
1459266003126	<INFO 7fe6111cd740> 2016-03-29 17:40:03 CheckK
1459266003129	<INFO 7fe6111cd740> 2016-03-29 17:40:03 CheckL
1459266003131	<INFO 7fe6111cd740> 2016-03-29 17:40:03 CheckM
1459266003133	<INFO 7fe6111cd740> 2016-03-29 17:40:03 CheckN
1459266003136	<INFO 7fe6111cd740> 2016-03-29 17:40:03 CheckO
1459266003138	<INFO 7fe6111cd740> 2016-03-29 17:40:03 CheckP
1459266003140	<INFO 7fe6111cd740> 2016-03-29 17:40:03 CheckQ
1459266003142	<INFO 7fe6111cd740> 2016-03-29 17:40:03 CheckI
1459266003174	<INFO 7fe6111cd740> 2016-03-29 17:40:03 Completed gather
1459266003309	<INFO 7fe6111cd740> 2016-03-29 17:40:03 Started scatter
1459266003338	<INFO 7fe6111cd740> 2016-03-29 17:40:03 CheckA
1459266003341	<INFO 7fe6111cd740> 2016-03-29 17:40:03 CheckB
1459266003344	<INFO 7fe6111cd740> 2016-03-29 17:40:03 CheckC
1459266003347	<INFO 7fe6111cd740> 2016-03-29 17:40:03 CheckD
1459266003349	<INFO 7fe6111cd740> 2016-03-29 17:40:03 CheckE
1459266003351	<INFO 7fe6111cd740> 2016-03-29 17:40:03 CheckF
1459266003355	<INFO 7fe6111cd740> 2016-03-29 17:40:03 CheckG
1459266003357	<INFO 7fe6111cd740> 2016-03-29 17:40:03 CheckH
1459266003362	<INFO 7fe6111cd740> 2016-03-29 17:40:03 CheckI
1459266003777	<INFO 7fe6111cd740> 2016-03-29 17:40:03 CheckJ
1459266003779	<INFO 7fe6111cd740> 2016-03-29 17:40:03 CheckK
1459266003782	<INFO 7fe6111cd740> 2016-03-29 17:40:03 CheckL
1459266003785	<INFO 7fe6111cd740> 2016-03-29 17:40:03 CheckM
1459266003788	<INFO 7fe6111cd740> 2016-03-29 17:40:03 CheckN
1459266003907	<INFO 7fe6111cd740> 2016-03-29 17:40:03 CheckO
1459266003909	<INFO 7fe6111cd740> 2016-03-29 17:40:03 CheckP
1459266003912	<INFO 7fe6111cd740> 2016-03-29 17:40:03 CheckQ
1459266003915	<INFO 7fe6111cd740> 2016-03-29 17:40:03 CheckI
1459266003917	<INFO 7fe6111cd740> 2016-03-29 17:40:03 Completed scatter
1459266006092	<INFO 7fe6111cd740> 2016-03-29 17:40:06 Completed phase 5 Bytes read 5434107404 Bytes written 1415465932
1459266006117	<INFO 7fe6111cd740> 2016-03-29 17:40:06 Started gather
1459266006148	<INFO 7fe6111cd740> 2016-03-29 17:40:06 CheckA
1459266006150	<INFO 7fe6111cd740> 2016-03-29 17:40:06 CheckB
1459266006152	<INFO 7fe6111cd740> 2016-03-29 17:40:06 CheckC
1459266006155	<INFO 7fe6111cd740> 2016-03-29 17:40:06 CheckD
1459266006157	<INFO 7fe6111cd740> 2016-03-29 17:40:06 CheckE
1459266006159	<INFO 7fe6111cd740> 2016-03-29 17:40:06 CheckF
1459266006162	<INFO 7fe6111cd740> 2016-03-29 17:40:06 CheckG
1459266006164	<INFO 7fe6111cd740> 2016-03-29 17:40:06 CheckH
1459266006166	<INFO 7fe6111cd740> 2016-03-29 17:40:06 CheckI
1459266006186	<INFO 7fe6111cd740> 2016-03-29 17:40:06 CheckJ
1459266006188	<INFO 7fe6111cd740> 2016-03-29 17:40:06 CheckK
1459266006191	<INFO 7fe6111cd740> 2016-03-29 17:40:06 CheckL
1459266006193	<INFO 7fe6111cd740> 2016-03-29 17:40:06 CheckM
1459266006195	<INFO 7fe6111cd740> 2016-03-29 17:40:06 CheckN
1459266006197	<INFO 7fe6111cd740> 2016-03-29 17:40:06 CheckO
1459266006200	<INFO 7fe6111cd740> 2016-03-29 17:40:06 CheckP
1459266006202	<INFO 7fe6111cd740> 2016-03-29 17:40:06 CheckQ
1459266006204	<INFO 7fe6111cd740> 2016-03-29 17:40:06 CheckI
1459266006320	<INFO 7fe6111cd740> 2016-03-29 17:40:06 Completed gather
1459266006356	<INFO 7fe6111cd740> 2016-03-29 17:40:06 Started scatter
1459266006386	<INFO 7fe6111cd740> 2016-03-29 17:40:06 CheckA
1459266006389	<INFO 7fe6111cd740> 2016-03-29 17:40:06 CheckB
1459266006391	<INFO 7fe6111cd740> 2016-03-29 17:40:06 CheckC
1459266006393	<INFO 7fe6111cd740> 2016-03-29 17:40:06 CheckD
1459266006396	<INFO 7fe6111cd740> 2016-03-29 17:40:06 CheckE
1459266006398	<INFO 7fe6111cd740> 2016-03-29 17:40:06 CheckF
1459266006400	<INFO 7fe6111cd740> 2016-03-29 17:40:06 CheckG
1459266006403	<INFO 7fe6111cd740> 2016-03-29 17:40:06 CheckH
1459266006405	<INFO 7fe6111cd740> 2016-03-29 17:40:06 CheckI
1459266006843	<INFO 7fe6111cd740> 2016-03-29 17:40:06 CheckJ
1459266006845	<INFO 7fe6111cd740> 2016-03-29 17:40:06 CheckK
1459266006848	<INFO 7fe6111cd740> 2016-03-29 17:40:06 CheckL
1459266006850	<INFO 7fe6111cd740> 2016-03-29 17:40:06 CheckM
1459266006853	<INFO 7fe6111cd740> 2016-03-29 17:40:06 CheckN
1459266006982	<INFO 7fe6111cd740> 2016-03-29 17:40:06 CheckO
1459266006984	<INFO 7fe6111cd740> 2016-03-29 17:40:06 CheckP
1459266006987	<INFO 7fe6111cd740> 2016-03-29 17:40:06 CheckQ
1459266006989	<INFO 7fe6111cd740> 2016-03-29 17:40:06 CheckI
1459266006991	<INFO 7fe6111cd740> 2016-03-29 17:40:06 Completed scatter
1459266009434	<INFO 7fe6111cd740> 2016-03-29 17:40:09 Completed phase 6 Bytes read 6254222416 Bytes written 1432243156
1459266009458	<INFO 7fe6111cd740> 2016-03-29 17:40:09 Started gather
1459266009488	<INFO 7fe6111cd740> 2016-03-29 17:40:09 CheckA
1459266009491	<INFO 7fe6111cd740> 2016-03-29 17:40:09 CheckB
1459266009493	<INFO 7fe6111cd740> 2016-03-29 17:40:09 CheckC
1459266009495	<INFO 7fe6111cd740> 2016-03-29 17:40:09 CheckD
1459266009498	<INFO 7fe6111cd740> 2016-03-29 17:40:09 CheckE
1459266009500	<INFO 7fe6111cd740> 2016-03-29 17:40:09 CheckF
1459266009502	<INFO 7fe6111cd740> 2016-03-29 17:40:09 CheckG
1459266009505	<INFO 7fe6111cd740> 2016-03-29 17:40:09 CheckH
1459266009507	<INFO 7fe6111cd740> 2016-03-29 17:40:09 CheckI
1459266009510	<INFO 7fe6111cd740> 2016-03-29 17:40:09 CheckJ
1459266009512	<INFO 7fe6111cd740> 2016-03-29 17:40:09 CheckK
1459266009514	<INFO 7fe6111cd740> 2016-03-29 17:40:09 CheckL
1459266009517	<INFO 7fe6111cd740> 2016-03-29 17:40:09 CheckM
1459266009519	<INFO 7fe6111cd740> 2016-03-29 17:40:09 CheckN
1459266009521	<INFO 7fe6111cd740> 2016-03-29 17:40:09 CheckO
1459266009524	<INFO 7fe6111cd740> 2016-03-29 17:40:09 CheckP
1459266009526	<INFO 7fe6111cd740> 2016-03-29 17:40:09 CheckQ
1459266009528	<INFO 7fe6111cd740> 2016-03-29 17:40:09 CheckI
1459266009585	<INFO 7fe6111cd740> 2016-03-29 17:40:09 Completed gather
1459266009655	<INFO 7fe6111cd740> 2016-03-29 17:40:09 Started scatter
1459266009684	<INFO 7fe6111cd740> 2016-03-29 17:40:09 CheckA
1459266009687	<INFO 7fe6111cd740> 2016-03-29 17:40:09 CheckB
1459266009689	<INFO 7fe6111cd740> 2016-03-29 17:40:09 CheckC
1459266009692	<INFO 7fe6111cd740> 2016-03-29 17:40:09 CheckD
1459266009694	<INFO 7fe6111cd740> 2016-03-29 17:40:09 CheckE
1459266009696	<INFO 7fe6111cd740> 2016-03-29 17:40:09 CheckF
1459266009699	<INFO 7fe6111cd740> 2016-03-29 17:40:09 CheckG
1459266009701	<INFO 7fe6111cd740> 2016-03-29 17:40:09 CheckH
1459266009703	<INFO 7fe6111cd740> 2016-03-29 17:40:09 CheckI
1459266010088	<INFO 7fe6111cd740> 2016-03-29 17:40:10 CheckJ
1459266010093	<INFO 7fe6111cd740> 2016-03-29 17:40:10 CheckK
1459266010095	<INFO 7fe6111cd740> 2016-03-29 17:40:10 CheckL
1459266010098	<INFO 7fe6111cd740> 2016-03-29 17:40:10 CheckM
1459266010100	<INFO 7fe6111cd740> 2016-03-29 17:40:10 CheckN
1459266010227	<INFO 7fe6111cd740> 2016-03-29 17:40:10 CheckO
1459266010230	<INFO 7fe6111cd740> 2016-03-29 17:40:10 CheckP
1459266010232	<INFO 7fe6111cd740> 2016-03-29 17:40:10 CheckQ
1459266010236	<INFO 7fe6111cd740> 2016-03-29 17:40:10 CheckI
1459266010239	<INFO 7fe6111cd740> 2016-03-29 17:40:10 Completed scatter
1459266012561	<INFO 7fe6111cd740> 2016-03-29 17:40:12 Completed phase 7 Bytes read 7074334220 Bytes written 1449020372
1459266012564	<INFO 7fe6111cd740> ALGORITHM::BFS::VERTICES_DISCOVERED 946215
1459266012566	<INFO 7fe6111cd740> ALGORITHM::BFS::EDGES_EXPLORED 23492755
1459266012568	<INFO 7fe6111cd740> CORE::PARTITIONS_PROCESSED 27
1459266012571	<INFO 7fe6111cd740> CORE::BYTES::EDGES_STREAMED 192561192
1459266012573	<INFO 7fe6111cd740> CORE::BYTES::UPDATES_OUT 16207112
1459266012576	<INFO 7fe6111cd740> CORE::BYTES::UPDATES_IN 36480512
1459266012578	<INFO 7fc7e67fc700> CORE::PARTITIONS_PROCESSED 51
1459266012580	<INFO 7fc7e67fc700> CORE::BYTES::EDGES_STREAMED 441061812
1459266012582	<INFO 7fc7e67fc700> CORE::BYTES::UPDATES_OUT 46063528
1459266012585	<INFO 7fc7f1bf8700> CORE::PARTITIONS_PROCESSED 35
1459266012587	<INFO 7fc7f13f7700> CORE::PARTITIONS_PROCESSED 36
1459266012589	<INFO 7fc7e67fc700> CORE::BYTES::UPDATES_IN 25822040
1459266012591	<INFO 7fc7e77fe700> CORE::PARTITIONS_PROCESSED 45
1459266012594	<INFO 7fc7f13f7700> CORE::BYTES::EDGES_STREAMED 256249428
1459266012596	<INFO 7fc7f0bf6700> CORE::PARTITIONS_PROCESSED 47
1459266012598	<INFO 7fc7e6ffd700> CORE::PARTITIONS_PROCESSED 45
1459266012600	<INFO 7fc7f0bf6700> CORE::BYTES::EDGES_STREAMED 228830856
1459266012603	<INFO 7fc7e7fff700> CORE::PARTITIONS_PROCESSED 35
1459266012605	<INFO 7fc7e6ffd700> CORE::BYTES::EDGES_STREAMED 206576040
1459266012607	<INFO 7fc7f1bf8700> CORE::BYTES::EDGES_STREAMED 165158844
1459266012610	<INFO 7fc7f13f7700> CORE::BYTES::UPDATES_OUT 26019128
1459266012612	<INFO 7fc7e7fff700> CORE::BYTES::EDGES_STREAMED 239232540
1459266012614	<INFO 7fc7f0bf6700> CORE::BYTES::UPDATES_OUT 18736440
1459266012616	<INFO 7fc7e77fe700> CORE::BYTES::EDGES_STREAMED 243781944
1459266012619	<INFO 7fc7e6ffd700> CORE::BYTES::UPDATES_OUT 19749808
1459266012621	<INFO 7fc7f0bf6700> CORE::BYTES::UPDATES_IN 23260760
1459266012623	<INFO 7fc7f13f7700> CORE::BYTES::UPDATES_IN 21891376
1459266012626	<INFO 7fc7e6ffd700> CORE::BYTES::UPDATES_IN 19682648
1459266012628	<INFO 7fc7e77fe700> CORE::BYTES::UPDATES_OUT 19597712
1459266012630	<INFO 7fc7e7fff700> CORE::BYTES::UPDATES_OUT 22428048
1459266012633	<INFO 7fc7f1bf8700> CORE::BYTES::UPDATES_OUT 19140264
1459266012635	<INFO 7fc7f1bf8700> CORE::BYTES::UPDATES_IN 18705824
1459266012637	<INFO 7fc7e7fff700> CORE::BYTES::UPDATES_IN 22433912
1459266012639	<INFO 7fc7e77fe700> CORE::BYTES::UPDATES_IN 19664968
1459266012642	<INFO 7fc7f2bfa700> SLIPSTORE service is exiting
1459266012644	<INFO 7fc7f2bfa700> SLIPSTORE::HELP_OFFERS_RECVD 98
1459266012646	<INFO 7fc7f2bfa700> SLIPSTORE::HELP_OFFERS_ACCEPTED 0
1459266012649	<INFO 7fc7f2bfa700> SLIPSTORE::HELP_ACCEPTANCE_RATIO 0
1459266012651	<INFO 7fc7f2bfa700> SLIPSTORE::SERVER_BUSY_DISK  18.495 seconds
1459266012653	<INFO 7fc7f2bfa700> SLIPSTORE::SERVER_BUSY_MEM  0 seconds
1459266012656	<INFO 7fc7f2bfa700> SLIPSTORE::SERVER_TOTAL  38.1477 seconds
1459266012658	<INFO 7fe6111cd740> SLIPSTORE::CLIENT::DISK_READ_TIME  8.85195 seconds
1459266012660	<INFO 7fe6111cd740> SLIPSTORE::CLIENT::MEM_READ_TIME  0 seconds
1459266012662	<INFO 7fe6111cd740> SLIPSTORE::CLIENT::DISK_BYTES_READ 3197387020
1459266012665	<INFO 7fe6111cd740> SLIPSTORE::CLIENT::MEM_BYTES_READ 0
1459266012667	<INFO 7fe6111cd740> SLIPSTORE::CLIENT::WRITE_TIME  3.04859 seconds
1459266012669	<INFO 7fe6111cd740> SLIPSTORE::CLIENT::BYTES_WRITTEN 134217728
1459266012671	<INFO 7fe6111cd740> SLIPSTORE::CLIENT_BUSY  11.9005 seconds
1459266012674	<INFO 7fe6111cd740> SLIPSTORE::IO::TIME 9.50896 seconds
1459266012676	<INFO 7fe6111cd740> SLIPSTORE::SNAP::TIME 0 seconds
1459266012678	<INFO 7fe6111cd740> SLIPSTORE::MAX_DISK_USAGE_BYTES 1136593340
1459266012680	<INFO 7fe6111cd740> CORE::RUSAGE::MAX_RSS_KB 125948688
1459266012683	<INFO 7fe6111cd740> CORE::RUSAGE::MINFLT 31825610
1459266012685	<INFO 7fe6111cd740> CORE::RUSAGE::MAJFLT 0
1459266012687	<INFO 7fe6111cd740> CORE::RUSAGE::MAJFLT 0
1459266012690	<INFO 7fe6111cd740> CORE::RUSAGE::INBLK 1572864
1459266012692	<INFO 7fe6111cd740> CORE::RUSAGE::OUBLK 2830336
1459266012694	<INFO 7fe6111cd740> CORE::UTILS::BYTES_READ 7074334220
1459266012696	<INFO 7fe6111cd740> CORE::UTILS::BYTES_WRITTEN 1449020372
1459266012699	<INFO 7fe6111cd740> CORE::UTILS::TILE_COPY_BYTES 234881024
1459266012701	<INFO 7fe6111cd740> CORE::TIME::IO_WAIT 9.41643 seconds
1459266012703	<INFO 7fe6111cd740> CORE::TIME_TILE_COPY 0 seconds
1459266012705	<INFO 7fe6111cd740> CORE::TIME_TILE_MERGE 0 seconds
1459266012708	<INFO 7fe6111cd740> CORE::TIME_PROCESSING_STOLEN 0 seconds
1459266012710	<INFO 7fe6111cd740> CORE::TIME_MERGE_WAIT 0 seconds
1459266012712	<INFO 7fe6111cd740> CORE::TIME_ALL_MC_BARRIER 22.1562 seconds
1459266012715	<INFO 7fe6111cd740> CORE::PHASES 7
1459266012717	<INFO 7fe6111cd740> CORE::TIME::SETUP 4.57502 seconds
1459266012719	<INFO 7fe6111cd740> CORE::TIME::WALL 39.9857 seconds
1459266012722	<INFO 7fe6111cd740> SHUTDOWN
