1463356299069	<INFO 7fc2abaa7780> 2016-05-16 01:51:39 STARTUP
1463356299071	<INFO 7fc2abaa7780> CORE::GRAPH rmat-28_s8
1463356299074	<INFO 7fc2abaa7780> CORE::ALGORITHM pagerank
1463356299076	<INFO 7fc2abaa7780> CORE::VERTEX_STRIPING ON
1463356299078	<INFO 7fc2abaa7780> CORE::OPTIMIZED_STATE_LOAD_STORE OFF
1463356299081	<INFO 7fc2abaa7780> CORE::BINARY_SEARCH_SUPER_PARTITION ON
1463356299083	<INFO 7fc2abaa7780> CORE::SUPER_PARTITION_COMPUTED_FOR_EACH_SCATTER_GATHER_PHASE
1463356299085	<INFO 7fc2abaa7780> CORE::EDGE_STRIPING ON
1463356299087	<INFO 7fc2abaa7780> CORE::BATCH IO ON
1463356299090	<INFO 7fc2abaa7780> CORE::GRID_PARTITIONING OFF
1463356299092	<INFO 7fc2abaa7780> 2016-05-16 01:51:39 Blocking memory amount 126701535232
1463356406184	<INFO 7fc2abaa7780> 2016-05-16 01:53:26 Done blocking memory
1463356406187	<INFO 7fc2abaa7780> SG-DRIVER-ORIGINAL
1463356406189	<INFO 7fc2abaa7780> 2016-05-16 01:53:26 START read config parameters
1463356406191	<INFO 7fc2abaa7780> PARTITIONING::OLD 0
1463356406193	<INFO 7fc2abaa7780> PARTITIONING::BALANCED_PARTITIONS 0
1463356406196	<INFO 7fc2abaa7780> CORE::CONFIG::PROCESSORS 8
1463356406198	<INFO 7fc2abaa7780> CORE::CONFIG::PHYSICAL_MEMORY 2147483648
1463356406200	<INFO 7fc2abaa7780> CORE::CONFIG::VERTICES 268435456
1463356406202	<INFO 7fc2abaa7780> CORE::CONFIG::VERTEX_SIZE 12
1463356406204	<INFO 7fc2abaa7780> CORE::CONFIG::VERTEX_BUFFER 1306428636
1463356406206	<INFO 7fc2abaa7780> CORE::CONFIG::EDGES 536870912
1463356406209	<INFO 7fc2abaa7780> CORE::CONFIG::PARTITIONS 64
1463356406211	<INFO 7fc2abaa7780> CORE::CONFIG::FANOUT 64
1463356406213	<INFO 7fc2abaa7780> CORE::CONFIG::SUPER_PARTITIONS 8
1463356406215	<INFO 7fc2abaa7780> CORE::CONFIG::MACHINE_ID 0
1463356406217	<INFO 7fc2abaa7780> CORE::CONFIG::TILES 1
1463356406219	<INFO 7fc2abaa7780> CORE::CONFIG::BUFFER_SIZE 168209876
1463356406222	<INFO 7fc2abaa7780> CORE::CONFIG::MAX_BUFFERS 4
1463356406224	<INFO 7fc2abaa7780> CORE::CONFIG::MAX_STREAMS 4
1463356406226	<INFO 7fc2abaa7780> CORE::CONFIG::SUM_OF_OUT_DEGREES_FOR_NEW_PARTITIONS::FIRST_CONSTRAINT 0
1463356406229	<INFO 7fc2abaa7780> CORE::CONFIG::MAX_EDGES_PER_NEW_PARTITION::SECOND_CONSTRAINT 0
1463356406231	<INFO 7fc2abaa7780> SLIPSTREAM::EXT_MEM_SHUFFLE OFF
1463356406233	<INFO 7fc2abaa7780> 2016-05-16 01:53:26 END read config parameters
1463356407944	<WARNING 7fc2abaa7780> Unable to unlink file (stream.0.0.0):No such file or directory
1463356407947	<WARNING 7fc2abaa7780> Unable to unlink file (stream.0.1.0):No such file or directory
1463356407949	<WARNING 7fc2abaa7780> Unable to unlink file (stream.0.2.0):No such file or directory
1463356407951	<WARNING 7fc2abaa7780> Unable to unlink file (stream.0.3.0):No such file or directory
1463356407954	<WARNING 7fc2abaa7780> Unable to unlink file (stream.0.4.0):No such file or directory
1463356407956	<WARNING 7fc2abaa7780> Unable to unlink file (stream.0.5.0):No such file or directory
1463356407958	<WARNING 7fc2abaa7780> Unable to unlink file (stream.0.6.0):No such file or directory
1463356407961	<WARNING 7fc2abaa7780> Unable to unlink file (stream.0.7.0):No such file or directory
1463356407963	<WARNING 7fc2abaa7780> Unable to unlink file (stream.1.1.0):No such file or directory
1463356407965	<WARNING 7fc2abaa7780> Unable to unlink file (stream.1.2.0):No such file or directory
1463356407968	<WARNING 7fc2abaa7780> Unable to unlink file (stream.1.3.0):No such file or directory
1463356407970	<WARNING 7fc2abaa7780> Unable to unlink file (stream.1.4.0):No such file or directory
1463356407972	<WARNING 7fc2abaa7780> Unable to unlink file (stream.1.5.0):No such file or directory
1463356407976	<WARNING 7fc2abaa7780> Unable to unlink file (stream.1.6.0):No such file or directory
1463356407979	<WARNING 7fc2abaa7780> Unable to unlink file (stream.1.7.0):No such file or directory
1463356407981	<WARNING 7fc2abaa7780> Unable to unlink file (stream.2.0.0):No such file or directory
1463356407983	<WARNING 7fc2abaa7780> Unable to unlink file (stream.2.1.0):No such file or directory
1463356407986	<WARNING 7fc2abaa7780> Unable to unlink file (stream.2.2.0):No such file or directory
1463356407988	<WARNING 7fc2abaa7780> Unable to unlink file (stream.2.3.0):No such file or directory
1463356407990	<WARNING 7fc2abaa7780> Unable to unlink file (stream.2.4.0):No such file or directory
1463356407992	<WARNING 7fc2abaa7780> Unable to unlink file (stream.2.5.0):No such file or directory
1463356407994	<WARNING 7fc2abaa7780> Unable to unlink file (stream.2.6.0):No such file or directory
1463356407996	<WARNING 7fc2abaa7780> Unable to unlink file (stream.2.7.0):No such file or directory
1463356407998	<WARNING 7fc2abaa7780> Unable to unlink file (stream.3.0.0):No such file or directory
1463356408000	<WARNING 7fc2abaa7780> Unable to unlink file (stream.3.1.0):No such file or directory
1463356408003	<WARNING 7fc2abaa7780> Unable to unlink file (stream.3.2.0):No such file or directory
1463356408005	<WARNING 7fc2abaa7780> Unable to unlink file (stream.3.3.0):No such file or directory
1463356408007	<WARNING 7fc2abaa7780> Unable to unlink file (stream.3.4.0):No such file or directory
1463356408008	<WARNING 7fc2abaa7780> Unable to unlink file (stream.3.5.0):No such file or directory
1463356408010	<WARNING 7fc2abaa7780> Unable to unlink file (stream.3.6.0):No such file or directory
1463356408013	<WARNING 7fc2abaa7780> Unable to unlink file (stream.3.7.0):No such file or directory
1463356408015	<INFO 7fc2abaa7780> SLIPSTORE::ZMQ_THREADS 2
1463356408017	<INFO 7fc2abaa7780> SLIPSTORE::COMM Connecting to tcp://dco-node137-10g:5016
1463356408019	<INFO 7fc2abaa7780> SLIPSTORE::COMM Connecting to tcp://dco-node138-10g:5034
1463356408021	<INFO 7fc2abaa7780> SLIPSTORE::COMM Connecting to tcp://dco-node139-10g:5052
1463356408023	<INFO 7fc2abaa7780> SLIPSTORE::COMM Connecting to tcp://dco-node140-10g:5070
1463356408025	<INFO 7fc2abaa7780> SLIPSTORE::COMM Connecting to tcp://dco-node141-10g:5088
1463356408028	<INFO 7fc2abaa7780> SLIPSTORE::COMM Connecting to tcp://dco-node142-10g:5106
1463356408030	<INFO 7fc2abaa7780> SLIPSTORE::COMM Connecting to tcp://dco-node143-10g:5124
1463356408032	<INFO 7fc2abaa7780> SLIPSTORE::COMM Connecting to tcp://dco-node144-10g:5142
1463356408034	<INFO 7fc2abaa7780> SLIPSTORE::COMM Listening at ipc://client
1463356408036	<INFO 7fc2abaa7780> SLIPSTORE::COMM Listening at tcp://p1p1:5009
1463356408038	<INFO 7fc2abaa7780> SLIPSTORE::COMM Listening at tcp://p1p1:5010
1463356408041	<INFO 7fc2abaa7780> SLIPSTORE::COMM Listening at tcp://p1p1:5011
1463356408043	<INFO 7fc2abaa7780> SLIPSTORE::COMM Listening at tcp://p1p1:5012
1463356408045	<INFO 7fc2abaa7780> SLIPSTORE::COMM Listening at tcp://p1p1:5013
1463356408047	<INFO 7fc2abaa7780> SLIPSTORE::COMM Listening at tcp://p1p1:5014
1463356408049	<INFO 7fc2abaa7780> SLIPSTORE::COMM Listening at tcp://p1p1:5015
1463356408052	<INFO 7fc2abaa7780> SLIPSTORE::COMM Connecting to tcp://dco-node137-10g:5016
1463356408054	<INFO 7fc2abaa7780> SLIPSTORE::COMM Connecting to tcp://dco-node138-10g:5034
1463356408056	<INFO 7fc2abaa7780> SLIPSTORE::COMM Connecting to tcp://dco-node139-10g:5052
1463356408058	<INFO 7fc2abaa7780> SLIPSTORE::COMM Connecting to tcp://dco-node140-10g:5070
1463356408060	<INFO 7fc2abaa7780> SLIPSTORE::COMM Connecting to tcp://dco-node141-10g:5088
1463356408062	<INFO 7fc2abaa7780> SLIPSTORE::COMM Connecting to tcp://dco-node142-10g:5106
1463356408065	<INFO 7fc2abaa7780> SLIPSTORE::COMM Connecting to tcp://dco-node143-10g:5124
1463356408067	<INFO 7fc2abaa7780> SLIPSTORE::COMM Connecting to tcp://dco-node144-10g:5142
1463356408069	<INFO 7fc2abaa7780> SLIPSTORE::COMM Connecting to ipc://server
1463356408071	<INFO 7fc2abaa7780> SLIPSTORE::COMM Connecting to tcp://dco-node138-10g:5018
1463356408074	<INFO 7fc2abaa7780> SLIPSTORE::COMM Connecting to tcp://dco-node139-10g:5036
1463356408076	<INFO 7fc2abaa7780> SLIPSTORE::COMM Connecting to tcp://dco-node140-10g:5054
1463356408078	<INFO 7fc2abaa7780> SLIPSTORE::COMM Connecting to tcp://dco-node141-10g:5072
1463356408081	<INFO 7fc2abaa7780> SLIPSTORE::COMM Connecting to tcp://dco-node142-10g:5090
1463356408083	<INFO 7fc2abaa7780> SLIPSTORE::COMM Connecting to tcp://dco-node143-10g:5108
1463356408085	<INFO 7fc2abaa7780> SLIPSTORE::COMM Connecting to tcp://dco-node144-10g:5126
1463356408087	<INFO 7fc2abaa7780> SLIPSTORE::COMM Connecting to tcp://dco-node138-10g:5035
1463356408090	<INFO 7fc2abaa7780> SLIPSTORE::COMM Listening at tcp://p1p1:5017
1463356408092	<INFO 7fc2abaa7780> SLIPSTORE::COMM Connecting to tcp://dco-node137-10g:5016
1463356408095	<INFO 7fc2abaa7780> SLIPSTORE::HELP_POLICY NONE
1463356408097	<INFO 7fc2abaa7780> SLIPSTORE::SERVER ASYNC
1463356408099	<INFO 7fc2abaa7780> SLIPSTORE::MACHINES 8
1463356408103	<INFO 7fc2abaa7780> SLIPSTORE::ME 0
1463356408105	<INFO 7fc2abaa7780> SLIPSTORE::SLIPCHUNK 4194304
1463356408107	<INFO 7fc2abaa7780> SLIPSTORE::QUOTA 18446744073709551615
1463356408109	<INFO 7fc2abaa7780> SLIPSTORE::IO PAGECACHE
1463356408111	<INFO 7fa48e3f8700> SLIPSTORE::COMM Listening at tcp://p1p1:5016
1463356408114	<INFO 7fa48e3f8700> SLIPSTORE::COMM Listening at ipc://server
1463356408116	<INFO 7fa48e3f8700> SLIPSTORE::COMM Connecting to ipc://client
1463356408118	<INFO 7fa48e3f8700> SLIPSTORE::COMM Listening at tcp://p1p1:5001
1463356408120	<INFO 7fa48e3f8700> SLIPSTORE::COMM Connecting to tcp://dco-node138-10g:5026
1463356408122	<INFO 7fa48e3f8700> SLIPSTORE::COMM Listening at tcp://p1p1:5002
1463356408124	<INFO 7fa48e3f8700> SLIPSTORE::COMM Connecting to tcp://dco-node139-10g:5044
1463356408127	<INFO 7fa48e3f8700> SLIPSTORE::COMM Listening at tcp://p1p1:5003
1463356408129	<INFO 7fa48e3f8700> SLIPSTORE::COMM Connecting to tcp://dco-node140-10g:5062
1463356408131	<INFO 7fa48e3f8700> SLIPSTORE::COMM Listening at tcp://p1p1:5004
1463356408134	<INFO 7fa48e3f8700> SLIPSTORE::COMM Connecting to tcp://dco-node141-10g:5080
1463356408136	<INFO 7fa48e3f8700> SLIPSTORE::COMM Listening at tcp://p1p1:5005
1463356408138	<INFO 7fa48e3f8700> SLIPSTORE::COMM Connecting to tcp://dco-node142-10g:5098
1463356408140	<INFO 7fa48e3f8700> SLIPSTORE::COMM Listening at tcp://p1p1:5006
1463356408143	<INFO 7fa48e3f8700> SLIPSTORE::COMM Connecting to tcp://dco-node143-10g:5116
1463356408145	<INFO 7fa48e3f8700> SLIPSTORE::COMM Listening at tcp://p1p1:5007
1463356408147	<INFO 7fa48e3f8700> SLIPSTORE::COMM Connecting to tcp://dco-node144-10g:5134
1463356409734	<INFO 7fc2abaa7780> SLIPSTORE::CHECKPOINTS NONE FOUND
1463356409736	<INFO 7fc2abaa7780> 2016-05-16 01:53:29 Start edge split
1463356495600	<INFO 7fc2abaa7780> 2016-05-16 01:54:55 Completed init
1463356497754	<INFO 7fc2abaa7780> 2016-05-16 01:54:57 Started gather
1463356498057	<INFO 7fc2abaa7780> 2016-05-16 01:54:58 Completed gather
1463356505725	<INFO 7fc2abaa7780> 2016-05-16 01:55:05 Started scatter
1463356531699	<INFO 7fc2abaa7780> 2016-05-16 01:55:31 Completed scatter
1463356545690	<INFO 7fc2abaa7780> 2016-05-16 01:55:45 Completed phase 1 Bytes read 13624307768 Bytes written 7181856824
1463356552817	<INFO 7fc2abaa7780> 2016-05-16 01:55:52 Started gather
1463356552947	<INFO 7fc2abaa7780> 2016-05-16 01:55:52 Completed gather
1463356560341	<INFO 7fc2abaa7780> 2016-05-16 01:56:00 Started gather
1463356631151	<INFO 7fc2abaa7780> 2016-05-16 01:57:11 Completed gather
1463356646767	<INFO 7fc2abaa7780> 2016-05-16 01:57:26 Completed phase 2 Bytes read 21206936084 Bytes written 12640604788
1463356654689	<INFO 7fc2abaa7780> 2016-05-16 01:57:34 Started gather
1463356671412	<INFO 7fc2abaa7780> 2016-05-16 01:57:51 Completed gather
1463356695375	<INFO 7fc2abaa7780> 2016-05-16 01:58:15 Started scatter
1463356763811	<INFO 7fc2abaa7780> 2016-05-16 01:59:23 Completed scatter
1463356778366	<INFO 7fc2abaa7780> 2016-05-16 01:59:38 Completed phase 3 Bytes read 33045997888 Bytes written 17682316100
1463356786055	<INFO 7fc2abaa7780> 2016-05-16 01:59:46 Started gather
1463356804251	<INFO 7fc2abaa7780> 2016-05-16 02:00:04 Completed gather
1463356826521	<INFO 7fc2abaa7780> 2016-05-16 02:00:26 Started scatter
1463356896192	<INFO 7fc2abaa7780> 2016-05-16 02:01:36 Completed scatter
1463356909127	<INFO 7fc2abaa7780> 2016-05-16 02:01:49 Completed phase 4 Bytes read 44868794532 Bytes written 22654807956
1463356916965	<INFO 7fc2abaa7780> 2016-05-16 02:01:56 Started gather
1463356933714	<INFO 7fc2abaa7780> 2016-05-16 02:02:13 Completed gather
1463356958610	<INFO 7fc2abaa7780> 2016-05-16 02:02:38 Started scatter
1463357027020	<INFO 7fc2abaa7780> 2016-05-16 02:03:47 Completed scatter
1463357040228	<INFO 7fc2abaa7780> 2016-05-16 02:04:00 Completed phase 5 Bytes read 56622371720 Bytes written 27694734980
1463357047770	<INFO 7fc2abaa7780> 2016-05-16 02:04:07 Started gather
1463357064655	<INFO 7fc2abaa7780> 2016-05-16 02:04:24 Completed gather
1463357088448	<INFO 7fc2abaa7780> 2016-05-16 02:04:48 Started scatter
1463357158282	<INFO 7fc2abaa7780> 2016-05-16 02:05:58 Completed scatter
1463357170938	<INFO 7fc2abaa7780> 2016-05-16 02:06:10 Completed phase 6 Bytes read 68443384076 Bytes written 32726365940
1463357178802	<INFO 7fc2abaa7780> 2016-05-16 02:06:18 Started gather
1463357195107	<INFO 7fc2abaa7780> 2016-05-16 02:06:35 Completed gather
1463357219236	<INFO 7fc2abaa7780> 2016-05-16 02:06:59 Started scatter
1463357283215	<INFO 7fc2abaa7780> 2016-05-16 02:08:03 Completed scatter
1463357301780	<INFO 7fc2abaa7780> 2016-05-16 02:08:21 Completed phase 7 Bytes read 80256100368 Bytes written 37865013164
1463357301782	<INFO 7fc2abaa7780> CORE::PARTITIONS_PROCESSED 462
1463357301784	<INFO 7fc2abaa7780> CORE::BYTES::EDGES_STREAMED 6058867260
1463357301787	<INFO 7fc2abaa7780> CORE::BYTES::UPDATES_OUT 3468246592
1463357301789	<INFO 7fc2abaa7780> CORE::BYTES::UPDATES_IN 2426377472
1463357301792	<INFO 7fa481ffb700> CORE::PARTITIONS_PROCESSED 1520
1463357301794	<INFO 7fa48cbf5700> CORE::PARTITIONS_PROCESSED 1033
1463357301796	<INFO 7fa48d3f6700> CORE::PARTITIONS_PROCESSED 1048
1463357301799	<INFO 7fa4827fc700> CORE::PARTITIONS_PROCESSED 1258
1463357301801	<INFO 7fa483fff700> CORE::PARTITIONS_PROCESSED 1396
1463357301803	<INFO 7fa4837fe700> CORE::PARTITIONS_PROCESSED 971
1463357301805	<INFO 7fa48cbf5700> CORE::BYTES::EDGES_STREAMED 4876586244
1463357301808	<INFO 7fa48d3f6700> CORE::BYTES::EDGES_STREAMED 4925172936
1463357301810	<INFO 7fa482ffd700> CORE::PARTITIONS_PROCESSED 1272
1463357301813	<INFO 7fa4837fe700> CORE::BYTES::EDGES_STREAMED 5741592912
1463357301816	<INFO 7fa48cbf5700> CORE::BYTES::UPDATES_OUT 2793467256
1463357301818	<INFO 7fa481ffb700> CORE::BYTES::EDGES_STREAMED 7281833208
1463357301820	<INFO 7fa4827fc700> CORE::BYTES::EDGES_STREAMED 6331614708
1463357301822	<INFO 7fa4837fe700> CORE::BYTES::UPDATES_OUT 3285212024
1463357301824	<INFO 7fa483fff700> CORE::BYTES::EDGES_STREAMED 5803368972
1463357301827	<INFO 7fa48d3f6700> CORE::BYTES::UPDATES_OUT 2775466128
1463357301829	<INFO 7fa481ffb700> CORE::BYTES::UPDATES_OUT 4150398664
1463357301831	<INFO 7fa48cbf5700> CORE::BYTES::UPDATES_IN 2318136952
1463357301833	<INFO 7fa4827fc700> CORE::BYTES::UPDATES_OUT 3585313568
1463357301835	<INFO 7fa482ffd700> CORE::BYTES::EDGES_STREAMED 6790109424
1463357301838	<INFO 7fa483fff700> CORE::BYTES::UPDATES_OUT 3344371088
1463357301840	<INFO 7fa48d3f6700> CORE::BYTES::UPDATES_IN 2624434440
1463357301842	<INFO 7fa481ffb700> CORE::BYTES::UPDATES_IN 4842926600
1463357301844	<INFO 7fa483fff700> CORE::BYTES::UPDATES_IN 2651960944
1463357301847	<INFO 7fa4837fe700> CORE::BYTES::UPDATES_IN 2635851976
1463357301849	<INFO 7fa482ffd700> CORE::BYTES::UPDATES_OUT 3917036488
1463357301851	<INFO 7fa4827fc700> CORE::BYTES::UPDATES_IN 2529209152
1463357301853	<INFO 7fa482ffd700> CORE::BYTES::UPDATES_IN 2737272984
1463357301856	<INFO 7fa48e3f8700> SLIPSTORE service is exiting
1463357301858	<INFO 7fa48e3f8700> SLIPSTORE::HELP_OFFERS_RECVD 98
1463357301860	<INFO 7fa48e3f8700> SLIPSTORE::HELP_OFFERS_ACCEPTED 0
1463357301862	<INFO 7fa48e3f8700> SLIPSTORE::HELP_ACCEPTANCE_RATIO 0
1463357301865	<INFO 7fa48e3f8700> SLIPSTORE::SERVER_BUSY_DISK  670.607 seconds
1463357301867	<INFO 7fa48e3f8700> SLIPSTORE::SERVER_BUSY_MEM  0 seconds
1463357301870	<INFO 7fa48e3f8700> SLIPSTORE::SERVER_TOTAL  893.801 seconds
1463357301873	<INFO 7fc2abaa7780> SLIPSTORE::CLIENT::DISK_READ_TIME  425.802 seconds
1463357301875	<INFO 7fc2abaa7780> SLIPSTORE::CLIENT::MEM_READ_TIME  0 seconds
1463357301877	<INFO 7fc2abaa7780> SLIPSTORE::CLIENT::DISK_BYTES_READ 76988809280
1463357301879	<INFO 7fc2abaa7780> SLIPSTORE::CLIENT::MEM_BYTES_READ 0
1463357301882	<INFO 7fc2abaa7780> SLIPSTORE::CLIENT::WRITE_TIME  185.89 seconds
1463357301884	<INFO 7fc2abaa7780> SLIPSTORE::CLIENT::BYTES_WRITTEN 236217240
1463357301886	<INFO 7fc2abaa7780> SLIPSTORE::CLIENT_BUSY  611.693 seconds
1463357301888	<INFO 7fc2abaa7780> SLIPSTORE::IO::TIME 468.284 seconds
1463357301891	<INFO 7fc2abaa7780> SLIPSTORE::SNAP::TIME 0 seconds
1463357301893	<INFO 7fc2abaa7780> SLIPSTORE::MAX_DISK_USAGE_BYTES 11118189572
1463357301996	<INFO 7fc2abaa7780> CORE::RUSAGE::MAX_RSS_KB 125948564
1463357301998	<INFO 7fc2abaa7780> CORE::RUSAGE::MINFLT 59559972
1463357302000	<INFO 7fc2abaa7780> CORE::RUSAGE::MAJFLT 2
1463357302003	<INFO 7fc2abaa7780> CORE::RUSAGE::MAJFLT 2
1463357302005	<INFO 7fc2abaa7780> CORE::RUSAGE::INBLK 136819960
1463357302008	<INFO 7fc2abaa7780> CORE::RUSAGE::OUBLK 73972664
1463357302010	<INFO 7fc2abaa7780> CORE::UTILS::BYTES_READ 80256100368
1463357302013	<INFO 7fc2abaa7780> CORE::UTILS::BYTES_WRITTEN 37865013164
1463357302015	<INFO 7fc2abaa7780> CORE::UTILS::TILE_COPY_BYTES 314956320
1463357302017	<INFO 7fc2abaa7780> CORE::TIME::IO_WAIT 453.836 seconds
1463357302020	<INFO 7fc2abaa7780> CORE::TIME_TILE_COPY 0 seconds
1463357302023	<INFO 7fc2abaa7780> CORE::TIME_TILE_MERGE 0 seconds
1463357302025	<INFO 7fc2abaa7780> CORE::TIME_PROCESSING_STOLEN 0 seconds
1463357302028	<INFO 7fc2abaa7780> CORE::TIME_MERGE_WAIT 0 seconds
1463357302030	<INFO 7fc2abaa7780> CORE::OTHER_TIME_ALL_MC_BARRIER 0 seconds
1463357302032	<INFO 7fc2abaa7780> CORE::SCATTER_TIME_ALL_MC_BARRIER 82.1231 seconds
1463357302034	<INFO 7fc2abaa7780> CORE::GATHER_TIME_ALL_MC_BARRIER 15.0638 seconds
1463357302038	<INFO 7fc2abaa7780> CORE::INIT_TIME_ALL_MC_BARRIER 2.04132 seconds
1463357302040	<INFO 7fc2abaa7780> CORE::SHUT_DOWN_TIME_ALL_MC_BARRIER 0.002923 seconds
1463357302043	<INFO 7fc2abaa7780> CORE::STREAM_SKIP_BEFORE_TIME_ALL_MC_BARRIER 47.3419 seconds
1463357302045	<INFO 7fc2abaa7780> CORE::TAKE_CHECKPOINT_BEFORE_TIME_ALL_MC_BARRIER 0 seconds
1463357302047	<INFO 7fc2abaa7780> CORE::TAKE_CHECKPOINT_COMPLETE_TIME_ALL_MC_BARRIER 0 seconds
1463357302050	<INFO 7fc2abaa7780> CORE::METADATA_WRITE_COMPLETE_TIME_ALL_MC_BARRIER 0 seconds
1463357302052	<INFO 7fc2abaa7780> CORE::STREAM_EOF_BEFORE_TIME_ALL_MC_BARRIER 0 seconds
1463357302054	<INFO 7fc2abaa7780> CORE::STREAM_EOF_AFTER_TIME_ALL_MC_BARRIER 0 seconds
1463357302056	<INFO 7fc2abaa7780> CORE::STATE_LOAD_TIME_ALL_MC_BARRIER 0 seconds
1463357302059	<INFO 7fc2abaa7780> CORE::STATE_STORE_TIME_ALL_MC_BARRIER 0 seconds
1463357302061	<INFO 7fc2abaa7780> CORE::PHASES 7
1463357302063	<INFO 7fc2abaa7780> CORE::TIME::SETUP 3.7625 seconds
1463357302066	<INFO 7fc2abaa7780> CORE::TIME::INIT_PARTITIONS_TIME 85.8649 seconds
1463357302068	<INFO 7fc2abaa7780> CORE::TIME::STATE_ITER 0.683742 seconds
1463357302071	<INFO 7fc2abaa7780> CORE::TIME::GATHER 266.709 seconds
1463357302073	<INFO 7fc2abaa7780> CORE::TIME::SCATTER 538.536 seconds
1463357302076	<INFO 7fc2abaa7780> CORE::TIME::WALL 895.811 seconds
1463357302078	<INFO 7fc2abaa7780> SHUTDOWN
