1463606455593	<INFO 7f53dd3b5780> 2016-05-18 23:20:55 STARTUP
1463606455596	<INFO 7f53dd3b5780> CORE::GRAPH rmat-28-und_s8
1463606455598	<INFO 7f53dd3b5780> CORE::ALGORITHM bfs
1463606455601	<INFO 7f53dd3b5780> CORE::VERTEX_STRIPING ON
1463606455603	<INFO 7f53dd3b5780> CORE::OPTIMIZED_STATE_LOAD_STORE OFF
1463606455605	<INFO 7f53dd3b5780> CORE::BINARY_SEARCH_SUPER_PARTITION ON
1463606455608	<INFO 7f53dd3b5780> CORE::SUPER_PARTITION_COMPUTED_FOR_EACH_SCATTER_GATHER_PHASE
1463606455610	<INFO 7f53dd3b5780> CORE::EDGE_STRIPING ON
1463606455612	<INFO 7f53dd3b5780> CORE::BATCH IO ON
1463606455615	<INFO 7f53dd3b5780> CORE::GRID_PARTITIONING OFF
1463606455617	<INFO 7f53dd3b5780> 2016-05-18 23:20:55 Blocking memory amount 126701535232
1463606561656	<INFO 7f53dd3b5780> 2016-05-18 23:22:41 Done blocking memory
1463606561658	<INFO 7f53dd3b5780> SG-DRIVER-ORIGINAL
1463606561661	<INFO 7f53dd3b5780> 2016-05-18 23:22:41 START read config parameters
1463606561663	<INFO 7f53dd3b5780> PARTITIONING::OLD 1
1463606561666	<INFO 7f53dd3b5780> PARTITIONING::BALANCED_PARTITIONS 0
1463606561668	<INFO 7f53dd3b5780> CORE::CONFIG::PROCESSORS 8
1463606561671	<INFO 7f53dd3b5780> CORE::CONFIG::PHYSICAL_MEMORY 2147483648
1463606561673	<INFO 7f53dd3b5780> CORE::CONFIG::VERTICES 268435456
1463606561675	<INFO 7f53dd3b5780> CORE::CONFIG::VERTEX_SIZE 8
1463606561678	<INFO 7f53dd3b5780> CORE::CONFIG::VERTEX_BUFFER 268435456
1463606561680	<INFO 7f53dd3b5780> CORE::CONFIG::EDGES 1073741824
1463606561682	<INFO 7f53dd3b5780> CORE::CONFIG::PARTITIONS 64
1463606561685	<INFO 7f53dd3b5780> CORE::CONFIG::FANOUT 64
1463606561687	<INFO 7f53dd3b5780> CORE::CONFIG::SUPER_PARTITIONS 8
1463606561689	<INFO 7f53dd3b5780> CORE::CONFIG::MACHINE_ID 4
1463606561692	<INFO 7f53dd3b5780> CORE::CONFIG::TILES 1
1463606561694	<INFO 7f53dd3b5780> CORE::CONFIG::BUFFER_SIZE 375808512
1463606561697	<INFO 7f53dd3b5780> CORE::CONFIG::MAX_BUFFERS 4
1463606561699	<INFO 7f53dd3b5780> CORE::CONFIG::MAX_STREAMS 4
1463606561701	<INFO 7f53dd3b5780> CORE::CONFIG::SUM_OF_OUT_DEGREES_FOR_NEW_PARTITIONS::FIRST_CONSTRAINT 33554432
1463606561703	<INFO 7f53dd3b5780> CORE::CONFIG::MAX_EDGES_PER_NEW_PARTITION::SECOND_CONSTRAINT 134217728
1463606561706	<INFO 7f53dd3b5780> SLIPSTREAM::EXT_MEM_SHUFFLE OFF
1463606561708	<INFO 7f53dd3b5780> 2016-05-18 23:22:41 END read config parameters
1463606563409	<WARNING 7f53dd3b5780> Unable to unlink file (stream.0.0.0):No such file or directory
1463606563411	<WARNING 7f53dd3b5780> Unable to unlink file (stream.0.1.0):No such file or directory
1463606563414	<WARNING 7f53dd3b5780> Unable to unlink file (stream.0.2.0):No such file or directory
1463606563416	<WARNING 7f53dd3b5780> Unable to unlink file (stream.0.3.0):No such file or directory
1463606563419	<WARNING 7f53dd3b5780> Unable to unlink file (stream.0.4.0):No such file or directory
1463606563421	<WARNING 7f53dd3b5780> Unable to unlink file (stream.0.5.0):No such file or directory
1463606563423	<WARNING 7f53dd3b5780> Unable to unlink file (stream.0.6.0):No such file or directory
1463606563426	<WARNING 7f53dd3b5780> Unable to unlink file (stream.0.7.0):No such file or directory
1463606563429	<WARNING 7f53dd3b5780> Unable to unlink file (stream.1.1.0):No such file or directory
1463606563431	<WARNING 7f53dd3b5780> Unable to unlink file (stream.1.2.0):No such file or directory
1463606563434	<WARNING 7f53dd3b5780> Unable to unlink file (stream.1.3.0):No such file or directory
1463606563436	<WARNING 7f53dd3b5780> Unable to unlink file (stream.1.4.0):No such file or directory
1463606563442	<WARNING 7f53dd3b5780> Unable to unlink file (stream.1.5.0):No such file or directory
1463606563445	<WARNING 7f53dd3b5780> Unable to unlink file (stream.1.6.0):No such file or directory
1463606563447	<WARNING 7f53dd3b5780> Unable to unlink file (stream.1.7.0):No such file or directory
1463606563449	<WARNING 7f53dd3b5780> Unable to unlink file (stream.2.0.0):No such file or directory
1463606563452	<WARNING 7f53dd3b5780> Unable to unlink file (stream.2.1.0):No such file or directory
1463606563454	<WARNING 7f53dd3b5780> Unable to unlink file (stream.2.2.0):No such file or directory
1463606563456	<WARNING 7f53dd3b5780> Unable to unlink file (stream.2.3.0):No such file or directory
1463606563458	<WARNING 7f53dd3b5780> Unable to unlink file (stream.2.4.0):No such file or directory
1463606563460	<WARNING 7f53dd3b5780> Unable to unlink file (stream.2.5.0):No such file or directory
1463606563463	<WARNING 7f53dd3b5780> Unable to unlink file (stream.2.6.0):No such file or directory
1463606563465	<WARNING 7f53dd3b5780> Unable to unlink file (stream.2.7.0):No such file or directory
1463606563467	<WARNING 7f53dd3b5780> Unable to unlink file (stream.3.0.0):No such file or directory
1463606563469	<WARNING 7f53dd3b5780> Unable to unlink file (stream.3.1.0):No such file or directory
1463606563472	<WARNING 7f53dd3b5780> Unable to unlink file (stream.3.2.0):No such file or directory
1463606563475	<WARNING 7f53dd3b5780> Unable to unlink file (stream.3.3.0):No such file or directory
1463606563477	<WARNING 7f53dd3b5780> Unable to unlink file (stream.3.4.0):No such file or directory
1463606563479	<WARNING 7f53dd3b5780> Unable to unlink file (stream.3.5.0):No such file or directory
1463606563481	<WARNING 7f53dd3b5780> Unable to unlink file (stream.3.6.0):No such file or directory
1463606563483	<WARNING 7f53dd3b5780> Unable to unlink file (stream.3.7.0):No such file or directory
1463606563485	<INFO 7f53dd3b5780> SLIPSTORE::ZMQ_THREADS 2
1463606563487	<INFO 7f53dd3b5780> SLIPSTORE::COMM Connecting to tcp://dco-node137-10g:5016
1463606563490	<INFO 7f53dd3b5780> SLIPSTORE::COMM Connecting to tcp://dco-node138-10g:5034
1463606563492	<INFO 7f53dd3b5780> SLIPSTORE::COMM Connecting to tcp://dco-node139-10g:5052
1463606563495	<INFO 7f53dd3b5780> SLIPSTORE::COMM Connecting to tcp://dco-node140-10g:5070
1463606563497	<INFO 7f53dd3b5780> SLIPSTORE::COMM Connecting to tcp://dco-node141-10g:5088
1463606563499	<INFO 7f53dd3b5780> SLIPSTORE::COMM Connecting to tcp://dco-node142-10g:5106
1463606563502	<INFO 7f53dd3b5780> SLIPSTORE::COMM Connecting to tcp://dco-node143-10g:5124
1463606563504	<INFO 7f53dd3b5780> SLIPSTORE::COMM Connecting to tcp://dco-node144-10g:5142
1463606563506	<INFO 7f53dd3b5780> SLIPSTORE::COMM Listening at tcp://p1p1:5080
1463606563508	<INFO 7f53dd3b5780> SLIPSTORE::COMM Listening at tcp://p1p1:5081
1463606563510	<INFO 7f53dd3b5780> SLIPSTORE::COMM Listening at tcp://p1p1:5082
1463606563513	<INFO 7f53dd3b5780> SLIPSTORE::COMM Listening at tcp://p1p1:5083
1463606563515	<INFO 7f53dd3b5780> SLIPSTORE::COMM Listening at ipc://client
1463606563517	<INFO 7f53dd3b5780> SLIPSTORE::COMM Listening at tcp://p1p1:5085
1463606563519	<INFO 7f53dd3b5780> SLIPSTORE::COMM Listening at tcp://p1p1:5086
1463606563522	<INFO 7f53dd3b5780> SLIPSTORE::COMM Listening at tcp://p1p1:5087
1463606563524	<INFO 7f53dd3b5780> SLIPSTORE::COMM Connecting to tcp://dco-node137-10g:5016
1463606563526	<INFO 7f53dd3b5780> SLIPSTORE::COMM Connecting to tcp://dco-node138-10g:5034
1463606563529	<INFO 7f53dd3b5780> SLIPSTORE::COMM Connecting to tcp://dco-node139-10g:5052
1463606563531	<INFO 7f53dd3b5780> SLIPSTORE::COMM Connecting to tcp://dco-node140-10g:5070
1463606563533	<INFO 7f53dd3b5780> SLIPSTORE::COMM Connecting to tcp://dco-node141-10g:5088
1463606563536	<INFO 7f53dd3b5780> SLIPSTORE::COMM Connecting to tcp://dco-node142-10g:5106
1463606563538	<INFO 7f53dd3b5780> SLIPSTORE::COMM Connecting to tcp://dco-node143-10g:5124
1463606563540	<INFO 7f53dd3b5780> SLIPSTORE::COMM Connecting to tcp://dco-node144-10g:5142
1463606563543	<INFO 7f53dd3b5780> SLIPSTORE::COMM Connecting to tcp://dco-node137-10g:5004
1463606563545	<INFO 7f53dd3b5780> SLIPSTORE::COMM Connecting to tcp://dco-node138-10g:5022
1463606563547	<INFO 7f53dd3b5780> SLIPSTORE::COMM Connecting to tcp://dco-node139-10g:5040
1463606563549	<INFO 7f53dd3b5780> SLIPSTORE::COMM Connecting to tcp://dco-node140-10g:5058
1463606563552	<INFO 7f53dd3b5780> SLIPSTORE::COMM Connecting to ipc://server
1463606563554	<INFO 7f53dd3b5780> SLIPSTORE::COMM Connecting to tcp://dco-node142-10g:5094
1463606563556	<INFO 7f53dd3b5780> SLIPSTORE::COMM Connecting to tcp://dco-node143-10g:5112
1463606563558	<INFO 7f53dd3b5780> SLIPSTORE::COMM Connecting to tcp://dco-node144-10g:5130
1463606563561	<INFO 7f53dd3b5780> SLIPSTORE::COMM Connecting to tcp://dco-node142-10g:5107
1463606563563	<INFO 7f53dd3b5780> SLIPSTORE::COMM Listening at tcp://p1p1:5089
1463606563565	<INFO 7f53dd3b5780> SLIPSTORE::COMM Connecting to tcp://dco-node141-10g:5088
1463606563568	<INFO 7f53dd3b5780> SLIPSTORE::HELP_POLICY HEURISTIC_NEW
1463606563570	<INFO 7f53dd3b5780> SLIPSTORE::SERVER ASYNC
1463606563572	<INFO 7f53dd3b5780> SLIPSTORE::MACHINES 8
1463606563574	<INFO 7f53dd3b5780> SLIPSTORE::ME 4
1463606563576	<INFO 7f53dd3b5780> SLIPSTORE::SLIPCHUNK 4194304
1463606563578	<INFO 7f53dd3b5780> SLIPSTORE::QUOTA 18446744073709551615
1463606563581	<INFO 7f53dd3b5780> SLIPSTORE::IO PAGECACHE
1463606563583	<INFO 7f35c3bfe700> SLIPSTORE::COMM Listening at tcp://p1p1:5088
1463606563585	<INFO 7f35c3bfe700> SLIPSTORE::COMM Listening at tcp://p1p1:5072
1463606563587	<INFO 7f35c3bfe700> SLIPSTORE::COMM Connecting to tcp://dco-node137-10g:5012
1463606563590	<INFO 7f35c3bfe700> SLIPSTORE::COMM Listening at tcp://p1p1:5073
1463606563592	<INFO 7f35c3bfe700> SLIPSTORE::COMM Connecting to tcp://dco-node138-10g:5030
1463606563595	<INFO 7f35c3bfe700> SLIPSTORE::COMM Listening at tcp://p1p1:5074
1463606563597	<INFO 7f35c3bfe700> SLIPSTORE::COMM Connecting to tcp://dco-node139-10g:5048
1463606563599	<INFO 7f35c3bfe700> SLIPSTORE::COMM Listening at tcp://p1p1:5075
1463606563602	<INFO 7f35c3bfe700> SLIPSTORE::COMM Connecting to tcp://dco-node140-10g:5066
1463606563605	<INFO 7f35c3bfe700> SLIPSTORE::COMM Listening at ipc://server
1463606563607	<INFO 7f35c3bfe700> SLIPSTORE::COMM Connecting to ipc://client
1463606563609	<INFO 7f35c3bfe700> SLIPSTORE::COMM Listening at tcp://p1p1:5077
1463606563611	<INFO 7f35c3bfe700> SLIPSTORE::COMM Connecting to tcp://dco-node142-10g:5102
1463606563613	<INFO 7f35c3bfe700> SLIPSTORE::COMM Listening at tcp://p1p1:5078
1463606563616	<INFO 7f35c3bfe700> SLIPSTORE::COMM Connecting to tcp://dco-node143-10g:5120
1463606563618	<INFO 7f35c3bfe700> SLIPSTORE::COMM Listening at tcp://p1p1:5079
1463606563620	<INFO 7f35c3bfe700> SLIPSTORE::COMM Connecting to tcp://dco-node144-10g:5138
1463606565672	<INFO 7f53dd3b5780> SLIPSTORE::CHECKPOINTS NONE FOUND
1463606565674	<INFO 7f53dd3b5780> 2016-05-18 23:22:45 Start edge split
1463606724327	<INFO 7f53dd3b5780> 2016-05-18 23:25:24 Completed init
1463606725521	<INFO 7f53dd3b5780> 2016-05-18 23:25:25 Started gather
1463606727815	<INFO 7f53dd3b5780> 2016-05-18 23:25:27 Completed gather
1463606728079	<INFO 7f53dd3b5780> 2016-05-18 23:25:28 Started scatter
1463606793690	<INFO 7f53dd3b5780> 2016-05-18 23:26:33 Completed scatter
1463606793914	<INFO 7f53dd3b5780> 2016-05-18 23:26:33 Completed phase 1 Bytes read 26557159560 Bytes written 13509157128
1463606793935	<INFO 7f53dd3b5780> 2016-05-18 23:26:33 Started gather
1463606796274	<INFO 7f53dd3b5780> 2016-05-18 23:26:36 Completed gather
1463606796463	<INFO 7f53dd3b5780> 2016-05-18 23:26:36 Started scatter
1463606904670	<INFO 7f53dd3b5780> 2016-05-18 23:28:24 Completed scatter
1463606904757	<INFO 7f53dd3b5780> 2016-05-18 23:28:24 Completed phase 2 Bytes read 40301197712 Bytes written 18498857872
1463606904780	<INFO 7f53dd3b5780> 2016-05-18 23:28:24 Started gather
1463606929912	<INFO 7f53dd3b5780> 2016-05-18 23:28:49 Completed gather
1463606943518	<INFO 7f53dd3b5780> 2016-05-18 23:29:03 Started scatter
1463607042768	<INFO 7f53dd3b5780> 2016-05-18 23:30:42 Completed scatter
1463607042904	<INFO 7f53dd3b5780> 2016-05-18 23:30:42 Completed phase 3 Bytes read 58996710560 Bytes written 22611922048
1463607042925	<INFO 7f53dd3b5780> 2016-05-18 23:30:42 Started gather
1463607061572	<INFO 7f53dd3b5780> 2016-05-18 23:31:01 Completed gather
1463607075400	<INFO 7f53dd3b5780> 2016-05-18 23:31:15 Started scatter
1463607140907	<INFO 7f53dd3b5780> 2016-05-18 23:32:20 Completed scatter
1463607140927	<INFO 7f53dd3b5780> 2016-05-18 23:32:20 Completed phase 4 Bytes read 76614260248 Bytes written 22903379696
1463607140948	<INFO 7f53dd3b5780> 2016-05-18 23:32:20 Started gather
1463607143332	<INFO 7f53dd3b5780> 2016-05-18 23:32:23 Completed gather
1463607143580	<INFO 7f53dd3b5780> 2016-05-18 23:32:23 Started scatter
1463607209280	<INFO 7f53dd3b5780> 2016-05-18 23:33:29 Completed scatter
1463607209461	<INFO 7f53dd3b5780> 2016-05-18 23:33:29 Completed phase 5 Bytes read 90309540112 Bytes written 23171869280
1463607209481	<INFO 7f53dd3b5780> 2016-05-18 23:33:29 Started gather
1463607211651	<INFO 7f53dd3b5780> 2016-05-18 23:33:31 Completed gather
1463607211995	<INFO 7f53dd3b5780> 2016-05-18 23:33:31 Started scatter
1463607276463	<INFO 7f53dd3b5780> 2016-05-18 23:34:36 Completed scatter
1463607277057	<INFO 7f53dd3b5780> 2016-05-18 23:34:37 Completed phase 6 Bytes read 103981851912 Bytes written 23440304808
1463607277081	<INFO 7f53dd3b5780> 2016-05-18 23:34:37 Started gather
1463607279363	<INFO 7f53dd3b5780> 2016-05-18 23:34:39 Completed gather
1463607279579	<INFO 7f53dd3b5780> 2016-05-18 23:34:39 Started scatter
1463607344587	<INFO 7f53dd3b5780> 2016-05-18 23:35:44 Completed scatter
1463607344608	<INFO 7f53dd3b5780> 2016-05-18 23:35:44 Completed phase 7 Bytes read 117620555224 Bytes written 23708740264
1463607344611	<INFO 7f53dd3b5780> ALGORITHM::BFS::VERTICES_DISCOVERED 17487636
1463607344613	<INFO 7f53dd3b5780> ALGORITHM::BFS::EDGES_EXPLORED 1190770688
1463607344616	<INFO 7f53dd3b5780> CORE::PARTITIONS_PROCESSED 109
1463607344618	<INFO 7f53dd3b5780> CORE::BYTES::EDGES_STREAMED 11108431020
1463607344621	<INFO 7f53dd3b5780> CORE::BYTES::UPDATES_OUT 1011666792
1463607344623	<INFO 7f53dd3b5780> CORE::BYTES::UPDATES_IN 1035705952
1463607344625	<INFO 7f35c1bfa700> CORE::PARTITIONS_PROCESSED 296
1463607344628	<INFO 7f35c1bfa700> CORE::BYTES::EDGES_STREAMED 12060420696
1463607344630	<INFO 7f35c1bfa700> CORE::BYTES::UPDATES_OUT 1160865432
1463607344632	<INFO 7f35c1bfa700> CORE::BYTES::UPDATES_IN 1207737200
1463607344635	<INFO 7f35c0bf8700> CORE::PARTITIONS_PROCESSED 272
1463607344637	<INFO 7f35c0bf8700> CORE::BYTES::EDGES_STREAMED 12177199416
1463607344640	<INFO 7f35c0bf8700> CORE::BYTES::UPDATES_OUT 1156220104
1463607344642	<INFO 7f35c0bf8700> CORE::BYTES::UPDATES_IN 1148529528
1463607344644	<INFO 7f35c23fb700> CORE::PARTITIONS_PROCESSED 224
1463607344647	<INFO 7f35c13f9700> CORE::PARTITIONS_PROCESSED 209
1463607344649	<INFO 7f35b7fff700> CORE::PARTITIONS_PROCESSED 271
1463607344651	<INFO 7f35c23fb700> CORE::BYTES::EDGES_STREAMED 10296965844
1463607344654	<INFO 7f35b7fff700> CORE::BYTES::EDGES_STREAMED 12066097620
1463607344657	<INFO 7f35b77fe700> CORE::PARTITIONS_PROCESSED 330
1463607344659	<INFO 7f35c2bfc700> CORE::PARTITIONS_PROCESSED 221
1463607344661	<INFO 7f35c13f9700> CORE::BYTES::EDGES_STREAMED 11655566856
1463607344664	<INFO 7f35c23fb700> CORE::BYTES::UPDATES_OUT 938823728
1463607344666	<INFO 7f35b7fff700> CORE::BYTES::UPDATES_OUT 1173548048
1463607344668	<INFO 7f35c23fb700> CORE::BYTES::UPDATES_IN 999942360
1463607344671	<INFO 7f35b77fe700> CORE::BYTES::EDGES_STREAMED 20002664208
1463607344673	<INFO 7f35c2bfc700> CORE::BYTES::EDGES_STREAMED 10658258760
1463607344675	<INFO 7f35c13f9700> CORE::BYTES::UPDATES_OUT 1140048656
1463607344678	<INFO 7f35c2bfc700> CORE::BYTES::UPDATES_OUT 1055142128
1463607344680	<INFO 7f35b7fff700> CORE::BYTES::UPDATES_IN 1100037136
1463607344682	<INFO 7f35c13f9700> CORE::BYTES::UPDATES_IN 1111276544
1463607344685	<INFO 7f35b77fe700> CORE::BYTES::UPDATES_OUT 1889850616
1463607344687	<INFO 7f35b77fe700> CORE::BYTES::UPDATES_IN 1967361928
1463607344689	<INFO 7f35c2bfc700> CORE::BYTES::UPDATES_IN 955574856
1463607344692	<INFO 7f35c3bfe700> SLIPSTORE service is exiting
1463607344694	<INFO 7f35c3bfe700> SLIPSTORE::HELP_OFFERS_RECVD 98
1463607344696	<INFO 7f35c3bfe700> SLIPSTORE::HELP_OFFERS_ACCEPTED 3
1463607344699	<INFO 7f35c3bfe700> SLIPSTORE::HELP_ACCEPTANCE_RATIO 0.0306122
1463607344701	<INFO 7f35c3bfe700> SLIPSTORE::SERVER_BUSY_DISK  727.478 seconds
1463607344703	<INFO 7f35c3bfe700> SLIPSTORE::SERVER_BUSY_MEM  0 seconds
1463607344706	<INFO 7f35c3bfe700> SLIPSTORE::SERVER_TOTAL  781.163 seconds
1463607344708	<INFO 7f53dd3b5780> SLIPSTORE::CLIENT::DISK_READ_TIME  592.895 seconds
1463607344710	<INFO 7f53dd3b5780> SLIPSTORE::CLIENT::MEM_READ_TIME  0 seconds
1463607344713	<INFO 7f53dd3b5780> SLIPSTORE::CLIENT::DISK_BYTES_READ 126316415184
1463607344715	<INFO 7f53dd3b5780> SLIPSTORE::CLIENT::MEM_BYTES_READ 0
1463607344718	<INFO 7f53dd3b5780> SLIPSTORE::CLIENT::WRITE_TIME  156.628 seconds
1463607344720	<INFO 7f53dd3b5780> SLIPSTORE::CLIENT::BYTES_WRITTEN 2147483648
1463607344722	<INFO 7f53dd3b5780> SLIPSTORE::CLIENT_BUSY  749.523 seconds
1463607344725	<INFO 7f53dd3b5780> SLIPSTORE::IO::TIME 548.9 seconds
1463607344727	<INFO 7f53dd3b5780> SLIPSTORE::SNAP::TIME 0 seconds
1463607344729	<INFO 7f53dd3b5780> SLIPSTORE::MAX_DISK_USAGE_BYTES 17957315344
1463607344732	<INFO 7f53dd3b5780> CORE::RUSAGE::MAX_RSS_KB 125942032
1463607344734	<INFO 7f53dd3b5780> CORE::RUSAGE::MINFLT 57588232
1463607344736	<INFO 7f53dd3b5780> CORE::RUSAGE::MAJFLT 0
1463607344739	<INFO 7f53dd3b5780> CORE::RUSAGE::MAJFLT 0
1463607344741	<INFO 7f53dd3b5780> CORE::RUSAGE::INBLK 215915072
1463607344743	<INFO 7f53dd3b5780> CORE::RUSAGE::OUBLK 46310912
1463607344746	<INFO 7f53dd3b5780> CORE::UTILS::BYTES_READ 117620555224
1463607344748	<INFO 7f53dd3b5780> CORE::UTILS::BYTES_WRITTEN 23708740264
1463607344750	<INFO 7f53dd3b5780> CORE::UTILS::TILE_COPY_BYTES 3758096384
1463607344752	<INFO 7f53dd3b5780> CORE::TIME::IO_WAIT 641.257 seconds
1463607344755	<INFO 7f53dd3b5780> CORE::TIME_TILE_COPY 0 seconds
1463607344757	<INFO 7f53dd3b5780> CORE::TIME_TILE_MERGE 0 seconds
1463607344759	<INFO 7f53dd3b5780> CORE::TIME_PROCESSING_STOLEN 0 seconds
1463607344762	<INFO 7f53dd3b5780> CORE::TIME_MERGE_WAIT 0 seconds
1463607344764	<INFO 7f53dd3b5780> CORE::OTHER_TIME_ALL_MC_BARRIER 0 seconds
1463607344766	<INFO 7f53dd3b5780> CORE::SCATTER_TIME_ALL_MC_BARRIER 1.01286 seconds
1463607344769	<INFO 7f53dd3b5780> CORE::GATHER_TIME_ALL_MC_BARRIER 0.015502 seconds
1463607344771	<INFO 7f53dd3b5780> CORE::INIT_TIME_ALL_MC_BARRIER 3.05723 seconds
1463607344773	<INFO 7f53dd3b5780> CORE::SHUT_DOWN_TIME_ALL_MC_BARRIER 0.003408 seconds
1463607344776	<INFO 7f53dd3b5780> CORE::STREAM_SKIP_BEFORE_TIME_ALL_MC_BARRIER 0.112329 seconds
1463607344778	<INFO 7f53dd3b5780> CORE::TAKE_CHECKPOINT_BEFORE_TIME_ALL_MC_BARRIER 0 seconds
1463607344781	<INFO 7f53dd3b5780> CORE::TAKE_CHECKPOINT_COMPLETE_TIME_ALL_MC_BARRIER 0 seconds
1463607344783	<INFO 7f53dd3b5780> CORE::METADATA_WRITE_COMPLETE_TIME_ALL_MC_BARRIER 0 seconds
1463607344785	<INFO 7f53dd3b5780> CORE::STREAM_EOF_BEFORE_TIME_ALL_MC_BARRIER 0 seconds
1463607344787	<INFO 7f53dd3b5780> CORE::STREAM_EOF_AFTER_TIME_ALL_MC_BARRIER 0 seconds
1463607344790	<INFO 7f53dd3b5780> CORE::STATE_LOAD_TIME_ALL_MC_BARRIER 0 seconds
1463607344792	<INFO 7f53dd3b5780> CORE::STATE_STORE_TIME_ALL_MC_BARRIER 0 seconds
1463607344795	<INFO 7f53dd3b5780> CORE::WORK_STEALING_COST_GATHER 0 seconds
1463607344797	<INFO 7f53dd3b5780> CORE::WORK_STEALING_COST_SCATTER 0 seconds
1463607344799	<INFO 7f53dd3b5780> CORE::PHASES 7
1463607344802	<INFO 7f53dd3b5780> CORE::TIME::SETUP 4.02231 seconds
1463607344804	<INFO 7f53dd3b5780> CORE::TIME::INIT_PARTITIONS_TIME 158.655 seconds
1463607344806	<INFO 7f53dd3b5780> CORE::TIME::STATE_ITER 1.0873 seconds
1463607344809	<INFO 7f53dd3b5780> CORE::TIME::GATHER 84.0275 seconds
1463607344811	<INFO 7f53dd3b5780> CORE::TIME::SCATTER 534.907 seconds
1463607344814	<INFO 7f53dd3b5780> CORE::TIME::WALL 782.961 seconds
1463607344816	<INFO 7f53dd3b5780> SHUTDOWN
