1456858420056	<INFO 7f9a1bcca740> 2016-03-01 19:53:40 STARTUP
1456858420059	<INFO 7f9a1bcca740> CORE::GRAPH rmat-29-und_s8
1456858420063	<INFO 7f9a1bcca740> CORE::ALGORITHM bfs
1456858420068	<INFO 7f9a1bcca740> CORE::VERTEX_STRIPING ON
1456858420072	<INFO 7f9a1bcca740> 2016-03-01 19:53:40 Blocking memory amount 126701535232
1456858526953	<INFO 7f9a1bcca740> 2016-03-01 19:55:26 Done blocking memory
1456858526957	<INFO 7f9a1bcca740> SG-DRIVER-ORIGINAL
1456858526961	<INFO 7f9a1bcca740> CORE::CONFIG::PROCESSORS 8
1456858526965	<INFO 7f9a1bcca740> CORE::CONFIG::PHYSICAL_MEMORY 2147483648
1456858526969	<INFO 7f9a1bcca740> CORE::CONFIG::VERTICES 536870912
1456858526973	<INFO 7f9a1bcca740> CORE::CONFIG::VERTEX_SIZE 8
1456858526977	<INFO 7f9a1bcca740> CORE::CONFIG::VERTEX_BUFFER 536870912
1456858526981	<INFO 7f9a1bcca740> CORE::CONFIG::EDGES 2147483648
1456858526985	<INFO 7f9a1bcca740> CORE::CONFIG::PARTITIONS 64
1456858526989	<INFO 7f9a1bcca740> CORE::CONFIG::FANOUT 64
1456858526993	<INFO 7f9a1bcca740> CORE::CONFIG::SUPER_PARTITIONS 8
1456858526997	<INFO 7f9a1bcca740> CORE::CONFIG::TILES 1
1456858527001	<INFO 7f9a1bcca740> CORE::CONFIG::BUFFER_SIZE 322121420
1456858527005	<INFO 7f9a1bcca740> CORE::CONFIG::MAX_BUFFERS 4
1456858527009	<INFO 7f9a1bcca740> CORE::CONFIG::MAX_STREAMS 4
1456858527013	<INFO 7f9a1bcca740> SLIPSTREAM::EXT_MEM_SHUFFLE OFF
1456858528801	<WARNING 7f9a1bcca740> Unable to unlink file (stream.0.0.0):No such file or directory
1456858528805	<WARNING 7f9a1bcca740> Unable to unlink file (stream.0.1.0):No such file or directory
1456858528809	<WARNING 7f9a1bcca740> Unable to unlink file (stream.0.2.0):No such file or directory
1456858528813	<WARNING 7f9a1bcca740> Unable to unlink file (stream.0.3.0):No such file or directory
1456858528817	<WARNING 7f9a1bcca740> Unable to unlink file (stream.0.4.0):No such file or directory
1456858528821	<WARNING 7f9a1bcca740> Unable to unlink file (stream.0.5.0):No such file or directory
1456858528825	<WARNING 7f9a1bcca740> Unable to unlink file (stream.0.6.0):No such file or directory
1456858528830	<WARNING 7f9a1bcca740> Unable to unlink file (stream.0.7.0):No such file or directory
1456858528835	<WARNING 7f9a1bcca740> Unable to unlink file (stream.1.1.0):No such file or directory
1456858528839	<WARNING 7f9a1bcca740> Unable to unlink file (stream.1.2.0):No such file or directory
1456858528844	<WARNING 7f9a1bcca740> Unable to unlink file (stream.1.3.0):No such file or directory
1456858528848	<WARNING 7f9a1bcca740> Unable to unlink file (stream.1.4.0):No such file or directory
1456858528852	<WARNING 7f9a1bcca740> Unable to unlink file (stream.1.5.0):No such file or directory
1456858528856	<WARNING 7f9a1bcca740> Unable to unlink file (stream.1.6.0):No such file or directory
1456858528860	<WARNING 7f9a1bcca740> Unable to unlink file (stream.1.7.0):No such file or directory
1456858528865	<WARNING 7f9a1bcca740> Unable to unlink file (stream.2.0.0):No such file or directory
1456858528869	<WARNING 7f9a1bcca740> Unable to unlink file (stream.2.1.0):No such file or directory
1456858528873	<WARNING 7f9a1bcca740> Unable to unlink file (stream.2.2.0):No such file or directory
1456858528877	<WARNING 7f9a1bcca740> Unable to unlink file (stream.2.3.0):No such file or directory
1456858528881	<WARNING 7f9a1bcca740> Unable to unlink file (stream.2.4.0):No such file or directory
1456858528885	<WARNING 7f9a1bcca740> Unable to unlink file (stream.2.5.0):No such file or directory
1456858528889	<WARNING 7f9a1bcca740> Unable to unlink file (stream.2.6.0):No such file or directory
1456858528893	<WARNING 7f9a1bcca740> Unable to unlink file (stream.2.7.0):No such file or directory
1456858528897	<WARNING 7f9a1bcca740> Unable to unlink file (stream.3.0.0):No such file or directory
1456858528901	<WARNING 7f9a1bcca740> Unable to unlink file (stream.3.1.0):No such file or directory
1456858528905	<WARNING 7f9a1bcca740> Unable to unlink file (stream.3.2.0):No such file or directory
1456858528909	<WARNING 7f9a1bcca740> Unable to unlink file (stream.3.3.0):No such file or directory
1456858528912	<WARNING 7f9a1bcca740> Unable to unlink file (stream.3.4.0):No such file or directory
1456858528916	<WARNING 7f9a1bcca740> Unable to unlink file (stream.3.5.0):No such file or directory
1456858528920	<WARNING 7f9a1bcca740> Unable to unlink file (stream.3.6.0):No such file or directory
1456858528924	<WARNING 7f9a1bcca740> Unable to unlink file (stream.3.7.0):No such file or directory
1456858528928	<INFO 7f9a1bcca740> SLIPSTORE::ZMQ_THREADS 2
1456858528932	<INFO 7f9a1bcca740> SLIPSTORE::COMM Connecting to tcp://dco-node137-10g:5016
1456858528936	<INFO 7f9a1bcca740> SLIPSTORE::COMM Connecting to tcp://dco-node138-10g:5034
1456858528941	<INFO 7f9a1bcca740> SLIPSTORE::COMM Connecting to tcp://dco-node139-10g:5052
1456858528945	<INFO 7f9a1bcca740> SLIPSTORE::COMM Connecting to tcp://dco-node140-10g:5070
1456858528949	<INFO 7f9a1bcca740> SLIPSTORE::COMM Connecting to tcp://dco-node141-10g:5088
1456858528953	<INFO 7f9a1bcca740> SLIPSTORE::COMM Connecting to tcp://dco-node142-10g:5106
1456858528957	<INFO 7f9a1bcca740> SLIPSTORE::COMM Connecting to tcp://dco-node143-10g:5124
1456858528961	<INFO 7f9a1bcca740> SLIPSTORE::COMM Connecting to tcp://dco-node144-10g:5142
1456858528965	<INFO 7f9a1bcca740> SLIPSTORE::COMM Listening at tcp://ens1f0:5080
1456858528969	<INFO 7f9a1bcca740> SLIPSTORE::COMM Listening at tcp://ens1f0:5081
1456858528973	<INFO 7f9a1bcca740> SLIPSTORE::COMM Listening at tcp://ens1f0:5082
1456858528977	<INFO 7f9a1bcca740> SLIPSTORE::COMM Listening at tcp://ens1f0:5083
1456858528981	<INFO 7f9a1bcca740> SLIPSTORE::COMM Listening at ipc://client
1456858528984	<INFO 7f9a1bcca740> SLIPSTORE::COMM Listening at tcp://ens1f0:5085
1456858528988	<INFO 7f9a1bcca740> SLIPSTORE::COMM Listening at tcp://ens1f0:5086
1456858528992	<INFO 7f9a1bcca740> SLIPSTORE::COMM Listening at tcp://ens1f0:5087
1456858528995	<INFO 7f9a1bcca740> SLIPSTORE::COMM Connecting to tcp://dco-node137-10g:5016
1456858528999	<INFO 7f9a1bcca740> SLIPSTORE::COMM Connecting to tcp://dco-node138-10g:5034
1456858529004	<INFO 7f9a1bcca740> SLIPSTORE::COMM Connecting to tcp://dco-node139-10g:5052
1456858529008	<INFO 7f9a1bcca740> SLIPSTORE::COMM Connecting to tcp://dco-node140-10g:5070
1456858529012	<INFO 7f9a1bcca740> SLIPSTORE::COMM Connecting to tcp://dco-node141-10g:5088
1456858529016	<INFO 7f9a1bcca740> SLIPSTORE::COMM Connecting to tcp://dco-node142-10g:5106
1456858529019	<INFO 7f9a1bcca740> SLIPSTORE::COMM Connecting to tcp://dco-node143-10g:5124
1456858529023	<INFO 7f9a1bcca740> SLIPSTORE::COMM Connecting to tcp://dco-node144-10g:5142
1456858529026	<INFO 7f9a1bcca740> SLIPSTORE::COMM Connecting to tcp://dco-node137-10g:5004
1456858529029	<INFO 7f9a1bcca740> SLIPSTORE::COMM Connecting to tcp://dco-node138-10g:5022
1456858529032	<INFO 7f9a1bcca740> SLIPSTORE::COMM Connecting to tcp://dco-node139-10g:5040
1456858529035	<INFO 7f9a1bcca740> SLIPSTORE::COMM Connecting to tcp://dco-node140-10g:5058
1456858529038	<INFO 7f9a1bcca740> SLIPSTORE::COMM Connecting to ipc://server
1456858529042	<INFO 7f9a1bcca740> SLIPSTORE::COMM Connecting to tcp://dco-node142-10g:5094
1456858529046	<INFO 7f9a1bcca740> SLIPSTORE::COMM Connecting to tcp://dco-node143-10g:5112
1456858529049	<INFO 7f9a1bcca740> SLIPSTORE::COMM Connecting to tcp://dco-node144-10g:5130
1456858529052	<INFO 7f9a1bcca740> SLIPSTORE::COMM Connecting to tcp://dco-node142-10g:5107
1456858529056	<INFO 7f9a1bcca740> SLIPSTORE::COMM Listening at tcp://ens1f0:5089
1456858529060	<INFO 7f9a1bcca740> SLIPSTORE::COMM Connecting to tcp://dco-node141-10g:5088
1456858529064	<INFO 7f9a1bcca740> SLIPSTORE::HELP_POLICY NONE
1456858529068	<INFO 7f9a1bcca740> SLIPSTORE::SERVER ASYNC
1456858529072	<INFO 7f9a1bcca740> SLIPSTORE::MACHINES 8
1456858529075	<INFO 7f9a1bcca740> SLIPSTORE::ME 4
1456858529080	<INFO 7f9a1bcca740> SLIPSTORE::SLIPCHUNK 4194304
1456858529084	<INFO 7f9a1bcca740> SLIPSTORE::QUOTA 18446744073709551615
1456858529087	<INFO 7f9a1bcca740> SLIPSTORE::IO PAGECACHE
1456858529091	<INFO 7f7bfdbf6700> SLIPSTORE::COMM Listening at tcp://ens1f0:5088
1456858529095	<INFO 7f7bfdbf6700> SLIPSTORE::COMM Listening at tcp://ens1f0:5072
1456858529099	<INFO 7f7bfdbf6700> SLIPSTORE::COMM Connecting to tcp://dco-node137-10g:5012
1456858529102	<INFO 7f7bfdbf6700> SLIPSTORE::COMM Listening at tcp://ens1f0:5073
1456858529106	<INFO 7f7bfdbf6700> SLIPSTORE::COMM Connecting to tcp://dco-node138-10g:5030
1456858529109	<INFO 7f7bfdbf6700> SLIPSTORE::COMM Listening at tcp://ens1f0:5074
1456858529113	<INFO 7f7bfdbf6700> SLIPSTORE::COMM Connecting to tcp://dco-node139-10g:5048
1456858529116	<INFO 7f7bfdbf6700> SLIPSTORE::COMM Listening at tcp://ens1f0:5075
1456858529120	<INFO 7f7bfdbf6700> SLIPSTORE::COMM Connecting to tcp://dco-node140-10g:5066
1456858529124	<INFO 7f7bfdbf6700> SLIPSTORE::COMM Listening at ipc://server
1456858529127	<INFO 7f7bfdbf6700> SLIPSTORE::COMM Connecting to ipc://client
1456858529131	<INFO 7f7bfdbf6700> SLIPSTORE::COMM Listening at tcp://ens1f0:5077
1456858529135	<INFO 7f7bfdbf6700> SLIPSTORE::COMM Connecting to tcp://dco-node142-10g:5102
1456858529139	<INFO 7f7bfdbf6700> SLIPSTORE::COMM Listening at tcp://ens1f0:5078
1456858529142	<INFO 7f7bfdbf6700> SLIPSTORE::COMM Connecting to tcp://dco-node143-10g:5120
1456858529146	<INFO 7f7bfdbf6700> SLIPSTORE::COMM Listening at tcp://ens1f0:5079
1456858529150	<INFO 7f7bfdbf6700> SLIPSTORE::COMM Connecting to tcp://dco-node144-10g:5138
1456858530359	<INFO 7f9a1bcca740> SLIPSTORE::CHECKPOINTS NONE FOUND
1456858851642	<INFO 7f9a1bcca740> 2016-03-01 20:00:51 Completed init
1456859064330	<INFO 7f9a1bcca740> 2016-03-01 20:04:24 Completed phase 1 Bytes read 52722187936 Bytes written 26958201704
1456859446936	<INFO 7f9a1bcca740> 2016-03-01 20:10:46 Completed phase 2 Bytes read 79680389640 Bytes written 36523562024
1456859906969	<INFO 7f9a1bcca740> 2016-03-01 20:18:26 Completed phase 3 Bytes read 115661263208 Bytes written 44913704816
1456860197133	<INFO 7f9a1bcca740> 2016-03-01 20:23:17 Completed phase 4 Bytes read 150466919248 Bytes written 45493329680
1456860408869	<INFO 7f9a1bcca740> 2016-03-01 20:26:48 Completed phase 5 Bytes read 177462057360 Bytes written 46030307064
1456860617563	<INFO 7f9a1bcca740> 2016-03-01 20:30:17 Completed phase 6 Bytes read 204414547992 Bytes written 46567178288
1456860826181	<INFO 7f9a1bcca740> 2016-03-01 20:33:46 Completed phase 7 Bytes read 231366932464 Bytes written 47104049200
1456860826183	<INFO 7f9a1bcca740> ALGORITHM::BFS::VERTICES_DISCOVERED 33644774
1456860826186	<INFO 7f9a1bcca740> ALGORITHM::BFS::EDGES_EXPLORED 2381488094
1456860826188	<INFO 7f9a1bcca740> CORE::PARTITIONS_PROCESSED 210
1456860826191	<INFO 7f9a1bcca740> CORE::BYTES::EDGES_STREAMED 19588268232
1456860826193	<INFO 7f9a1bcca740> CORE::BYTES::UPDATES_OUT 1951478224
1456860826196	<INFO 7f9a1bcca740> CORE::BYTES::UPDATES_IN 1869739944
1456860826198	<INFO 7f7bf17fa700> CORE::PARTITIONS_PROCESSED 696
1456860826201	<INFO 7f7bf17fa700> CORE::BYTES::EDGES_STREAMED 41183034336
1456860826203	<INFO 7f7bf17fa700> CORE::BYTES::UPDATES_OUT 4173417816
1456860826205	<INFO 7f7bf3fff700> CORE::PARTITIONS_PROCESSED 468
1456860826207	<INFO 7f7bf17fa700> CORE::BYTES::UPDATES_IN 4290281816
1456860826210	<INFO 7f7bf3fff700> CORE::BYTES::EDGES_STREAMED 21189046248
1456860826212	<INFO 7f7bf3fff700> CORE::BYTES::UPDATES_OUT 2053088544
1456860826214	<INFO 7f7bf3fff700> CORE::BYTES::UPDATES_IN 1962357616
1456860826216	<INFO 7f7bf2ffd700> CORE::PARTITIONS_PROCESSED 444
1456860826218	<INFO 7f7bf27fc700> CORE::PARTITIONS_PROCESSED 570
1456860826221	<INFO 7f7bf37fe700> CORE::PARTITIONS_PROCESSED 633
1456860826223	<INFO 7f7bfcbf4700> CORE::PARTITIONS_PROCESSED 467
1456860826225	<INFO 7f7bf27fc700> CORE::BYTES::EDGES_STREAMED 23477204628
1456860826228	<INFO 7f7bf1ffb700> CORE::PARTITIONS_PROCESSED 568
1456860826230	<INFO 7f7bf27fc700> CORE::BYTES::UPDATES_OUT 2125828128
1456860826232	<INFO 7f7bf37fe700> CORE::BYTES::EDGES_STREAMED 24986326920
1456860826234	<INFO 7f7bf2ffd700> CORE::BYTES::EDGES_STREAMED 24095927244
1456860826237	<INFO 7f7bfcbf4700> CORE::BYTES::EDGES_STREAMED 22001604624
1456860826239	<INFO 7f7bf2ffd700> CORE::BYTES::UPDATES_OUT 2264692648
1456860826241	<INFO 7f7bf37fe700> CORE::BYTES::UPDATES_OUT 2354006736
1456860826244	<INFO 7f7bfcbf4700> CORE::BYTES::UPDATES_OUT 2015592848
1456860826246	<INFO 7f7bf1ffb700> CORE::BYTES::EDGES_STREAMED 23525298324
1456860826248	<INFO 7f7bf27fc700> CORE::BYTES::UPDATES_IN 1993293552
1456860826251	<INFO 7f7bf2ffd700> CORE::BYTES::UPDATES_IN 2240536712
1456860826253	<INFO 7f7bf37fe700> CORE::BYTES::UPDATES_IN 2549688472
1456860826255	<INFO 7f7bfcbf4700> CORE::BYTES::UPDATES_IN 2109073544
1456860826257	<INFO 7f7bf1ffb700> CORE::BYTES::UPDATES_OUT 2113799808
1456860826260	<INFO 7f7bf1ffb700> CORE::BYTES::UPDATES_IN 2036933096
1456860826262	<INFO 7f7bfdbf6700> SLIPSTORE service is exiting
1456860826264	<INFO 7f7bfdbf6700> SLIPSTORE::HELP_OFFERS_RECVD 98
1456860826267	<INFO 7f7bfdbf6700> SLIPSTORE::HELP_OFFERS_ACCEPTED 0
1456860826269	<INFO 7f7bfdbf6700> SLIPSTORE::HELP_ACCEPTANCE_RATIO 0
1456860826271	<INFO 7f7bfdbf6700> SLIPSTORE::SERVER_BUSY_DISK  1656.29 seconds
1456860826273	<INFO 7f7bfdbf6700> SLIPSTORE::SERVER_BUSY_MEM  0 seconds
1456860826276	<INFO 7f7bfdbf6700> SLIPSTORE::SERVER_TOTAL  2297.36 seconds
1456860826278	<INFO 7f9a1bcca740> SLIPSTORE::CLIENT::DISK_READ_TIME  1131.39 seconds
1456860826280	<INFO 7f9a1bcca740> SLIPSTORE::CLIENT::MEM_READ_TIME  0 seconds
1456860826283	<INFO 7f9a1bcca740> SLIPSTORE::CLIENT::DISK_BYTES_READ 252598545728
1456860826285	<INFO 7f9a1bcca740> SLIPSTORE::CLIENT::MEM_BYTES_READ 0
1456860826287	<INFO 7f9a1bcca740> SLIPSTORE::CLIENT::WRITE_TIME  287.649 seconds
1456860826289	<INFO 7f9a1bcca740> SLIPSTORE::CLIENT::BYTES_WRITTEN 4294967296
1456860826292	<INFO 7f9a1bcca740> SLIPSTORE::CLIENT_BUSY  1419.04 seconds
1456860826294	<INFO 7f9a1bcca740> SLIPSTORE::IO::TIME 1458.75 seconds
1456860826297	<INFO 7f9a1bcca740> SLIPSTORE::SNAP::TIME 0 seconds
1456860826299	<INFO 7f9a1bcca740> SLIPSTORE::MAX_DISK_USAGE_BYTES 35444002656
1456860826302	<INFO 7f9a1bcca740> CORE::RUSAGE::MAX_RSS_KB 125950836
1456860826304	<INFO 7f9a1bcca740> CORE::RUSAGE::MINFLT 46320221
1456860826307	<INFO 7f9a1bcca740> CORE::RUSAGE::MAJFLT 6
1456860826309	<INFO 7f9a1bcca740> CORE::RUSAGE::MAJFLT 6
1456860826311	<INFO 7f9a1bcca740> CORE::RUSAGE::INBLK 437743768
1456860826313	<INFO 7f9a1bcca740> CORE::RUSAGE::OUBLK 92006488
1456860826316	<INFO 7f9a1bcca740> CORE::UTILS::BYTES_READ 231366932464
1456860826318	<INFO 7f9a1bcca740> CORE::UTILS::BYTES_WRITTEN 47104049200
1456860826321	<INFO 7f9a1bcca740> CORE::UTILS::TILE_COPY_BYTES 7516192768
1456860826323	<INFO 7f9a1bcca740> CORE::TIME::IO_WAIT 1224.29 seconds
1456860826326	<INFO 7f9a1bcca740> CORE::TIME_TILE_COPY 0 seconds
1456860826329	<INFO 7f9a1bcca740> CORE::TIME_TILE_MERGE 0 seconds
1456860826331	<INFO 7f9a1bcca740> CORE::TIME_PROCESSING_STOLEN 0 seconds
1456860826334	<INFO 7f9a1bcca740> CORE::TIME_MERGE_WAIT 0 seconds
1456860826337	<INFO 7f9a1bcca740> CORE::TIME_ALL_MC_BARRIER 784.534 seconds
1456860826339	<INFO 7f9a1bcca740> CORE::PHASES 7
1456860826341	<INFO 7f9a1bcca740> CORE::TIME::SETUP 3.41837 seconds
1456860826344	<INFO 7f9a1bcca740> CORE::TIME::WALL 2299.24 seconds
1456860826347	<INFO 7f9a1bcca740> SHUTDOWN
