1461700268058	<INFO 7faedf599740> 2016-04-26 21:51:08 STARTUP
1461700268061	<INFO 7faedf599740> CORE::GRAPH rmat-28_s8
1461700268065	<INFO 7faedf599740> CORE::ALGORITHM pagerank
1461700268068	<INFO 7faedf599740> CORE::VERTEX_STRIPING OFF
1461700268073	<INFO 7faedf599740> CORE::OPTIMIZED_STATE_LOAD_STORE OFF
1461700268076	<INFO 7faedf599740> CORE::LINEAR_SEARCH_SUPER_PARTITION ON
1461700268080	<INFO 7faedf599740> CORE::SUPER_PARTITION_COMPUTED_FOR_EACH_VERTEX
1461700268084	<INFO 7faedf599740> CORE::EDGE_STRIPING ON
1461700268088	<INFO 7faedf599740> CORE::BATCH IO ON
1461700268091	<INFO 7faedf599740> 2016-04-26 21:51:08 Blocking memory amount 126701535232
1461700374333	<INFO 7faedf599740> 2016-04-26 21:52:54 Done blocking memory
1461700374337	<INFO 7faedf599740> SG-DRIVER-ORIGINAL
1461700374340	<INFO 7faedf599740> 2016-04-26 21:52:54 START read config parameters
1461700374344	<INFO 7faedf599740> PARTITIONING::OLD 1
1461700374348	<INFO 7faedf599740> PARTITIONING::BALANCED_PARTITIONS 0
1461700374352	<INFO 7faedf599740> CORE::CONFIG::PROCESSORS 8
1461700374356	<INFO 7faedf599740> CORE::CONFIG::PHYSICAL_MEMORY 2147483648
1461700374360	<INFO 7faedf599740> CORE::CONFIG::VERTICES 268435456
1461700374363	<INFO 7faedf599740> CORE::CONFIG::VERTEX_SIZE 12
1461700374367	<INFO 7faedf599740> CORE::CONFIG::VERTEX_BUFFER 402653184
1461700374371	<INFO 7faedf599740> CORE::CONFIG::EDGES 536870912
1461700374376	<INFO 7faedf599740> CORE::CONFIG::PARTITIONS 64
1461700374380	<INFO 7faedf599740> CORE::CONFIG::FANOUT 512
1461700374383	<INFO 7faedf599740> CORE::CONFIG::SUPER_PARTITIONS 8
1461700374387	<INFO 7faedf599740> CORE::CONFIG::TILES 1
1461700374391	<INFO 7faedf599740> CORE::CONFIG::BUFFER_SIZE 348964966
1461700374396	<INFO 7faedf599740> CORE::CONFIG::MAX_BUFFERS 4
1461700374399	<INFO 7faedf599740> CORE::CONFIG::MAX_STREAMS 4
1461700374404	<INFO 7faedf599740> CORE::CONFIG::SUM_OF_OUT_DEGREES_FOR_NEW_PARTITIONS::FIRST_CONSTRAINT 33554432
1461700374407	<INFO 7faedf599740> CORE::CONFIG::MAX_EDGES_PER_NEW_PARTITION::SECOND_CONSTRAINT 67108864
1461700374412	<INFO 7faedf599740> SLIPSTREAM::EXT_MEM_SHUFFLE OFF
1461700374415	<INFO 7faedf599740> 2016-04-26 21:52:54 END read config parameters
1461700376108	<WARNING 7faedf599740> Unable to unlink file (stream.0.0.0):No such file or directory
1461700376112	<WARNING 7faedf599740> Unable to unlink file (stream.0.1.0):No such file or directory
1461700376116	<WARNING 7faedf599740> Unable to unlink file (stream.0.2.0):No such file or directory
1461700376121	<WARNING 7faedf599740> Unable to unlink file (stream.0.3.0):No such file or directory
1461700376125	<WARNING 7faedf599740> Unable to unlink file (stream.0.4.0):No such file or directory
1461700376129	<WARNING 7faedf599740> Unable to unlink file (stream.0.5.0):No such file or directory
1461700376133	<WARNING 7faedf599740> Unable to unlink file (stream.0.6.0):No such file or directory
1461700376137	<WARNING 7faedf599740> Unable to unlink file (stream.0.7.0):No such file or directory
1461700376141	<WARNING 7faedf599740> Unable to unlink file (stream.1.1.0):No such file or directory
1461700376145	<WARNING 7faedf599740> Unable to unlink file (stream.1.2.0):No such file or directory
1461700376149	<WARNING 7faedf599740> Unable to unlink file (stream.1.3.0):No such file or directory
1461700376154	<WARNING 7faedf599740> Unable to unlink file (stream.1.4.0):No such file or directory
1461700376158	<WARNING 7faedf599740> Unable to unlink file (stream.1.5.0):No such file or directory
1461700376162	<WARNING 7faedf599740> Unable to unlink file (stream.1.6.0):No such file or directory
1461700376165	<WARNING 7faedf599740> Unable to unlink file (stream.1.7.0):No such file or directory
1461700376169	<WARNING 7faedf599740> Unable to unlink file (stream.2.0.0):No such file or directory
1461700376173	<WARNING 7faedf599740> Unable to unlink file (stream.2.1.0):No such file or directory
1461700376177	<WARNING 7faedf599740> Unable to unlink file (stream.2.2.0):No such file or directory
1461700376181	<WARNING 7faedf599740> Unable to unlink file (stream.2.3.0):No such file or directory
1461700376184	<WARNING 7faedf599740> Unable to unlink file (stream.2.4.0):No such file or directory
1461700376188	<WARNING 7faedf599740> Unable to unlink file (stream.2.5.0):No such file or directory
1461700376192	<WARNING 7faedf599740> Unable to unlink file (stream.2.6.0):No such file or directory
1461700376196	<WARNING 7faedf599740> Unable to unlink file (stream.2.7.0):No such file or directory
1461700376199	<WARNING 7faedf599740> Unable to unlink file (stream.3.0.0):No such file or directory
1461700376203	<WARNING 7faedf599740> Unable to unlink file (stream.3.1.0):No such file or directory
1461700376207	<WARNING 7faedf599740> Unable to unlink file (stream.3.2.0):No such file or directory
1461700376210	<WARNING 7faedf599740> Unable to unlink file (stream.3.3.0):No such file or directory
1461700376214	<WARNING 7faedf599740> Unable to unlink file (stream.3.4.0):No such file or directory
1461700376217	<WARNING 7faedf599740> Unable to unlink file (stream.3.5.0):No such file or directory
1461700376222	<WARNING 7faedf599740> Unable to unlink file (stream.3.6.0):No such file or directory
1461700376226	<WARNING 7faedf599740> Unable to unlink file (stream.3.7.0):No such file or directory
1461700376229	<INFO 7faedf599740> SLIPSTORE::ZMQ_THREADS 2
1461700376233	<INFO 7faedf599740> SLIPSTORE::COMM Connecting to tcp://dco-node137-10g:5016
1461700376237	<INFO 7faedf599740> SLIPSTORE::COMM Connecting to tcp://dco-node138-10g:5034
1461700376240	<INFO 7faedf599740> SLIPSTORE::COMM Connecting to tcp://dco-node139-10g:5052
1461700376244	<INFO 7faedf599740> SLIPSTORE::COMM Connecting to tcp://dco-node140-10g:5070
1461700376248	<INFO 7faedf599740> SLIPSTORE::COMM Connecting to tcp://dco-node141-10g:5088
1461700376252	<INFO 7faedf599740> SLIPSTORE::COMM Connecting to tcp://dco-node142-10g:5106
1461700376255	<INFO 7faedf599740> SLIPSTORE::COMM Connecting to tcp://dco-node143-10g:5124
1461700376259	<INFO 7faedf599740> SLIPSTORE::COMM Connecting to tcp://dco-node144-10g:5142
1461700376263	<INFO 7faedf599740> SLIPSTORE::COMM Listening at tcp://ens1f0:5062
1461700376267	<INFO 7faedf599740> SLIPSTORE::COMM Listening at tcp://ens1f0:5063
1461700376271	<INFO 7faedf599740> SLIPSTORE::COMM Listening at tcp://ens1f0:5064
1461700376275	<INFO 7faedf599740> SLIPSTORE::COMM Listening at ipc://client
1461700376278	<INFO 7faedf599740> SLIPSTORE::COMM Listening at tcp://ens1f0:5066
1461700376283	<INFO 7faedf599740> SLIPSTORE::COMM Listening at tcp://ens1f0:5067
1461700376286	<INFO 7faedf599740> SLIPSTORE::COMM Listening at tcp://ens1f0:5068
1461700376289	<INFO 7faedf599740> SLIPSTORE::COMM Listening at tcp://ens1f0:5069
1461700376293	<INFO 7faedf599740> SLIPSTORE::COMM Connecting to tcp://dco-node137-10g:5016
1461700376297	<INFO 7faedf599740> SLIPSTORE::COMM Connecting to tcp://dco-node138-10g:5034
1461700376301	<INFO 7faedf599740> SLIPSTORE::COMM Connecting to tcp://dco-node139-10g:5052
1461700376305	<INFO 7faedf599740> SLIPSTORE::COMM Connecting to tcp://dco-node140-10g:5070
1461700376308	<INFO 7faedf599740> SLIPSTORE::COMM Connecting to tcp://dco-node141-10g:5088
1461700376312	<INFO 7faedf599740> SLIPSTORE::COMM Connecting to tcp://dco-node142-10g:5106
1461700376316	<INFO 7faedf599740> SLIPSTORE::COMM Connecting to tcp://dco-node143-10g:5124
1461700376320	<INFO 7faedf599740> SLIPSTORE::COMM Connecting to tcp://dco-node144-10g:5142
1461700376323	<INFO 7faedf599740> SLIPSTORE::COMM Connecting to tcp://dco-node137-10g:5003
1461700376327	<INFO 7faedf599740> SLIPSTORE::COMM Connecting to tcp://dco-node138-10g:5021
1461700376331	<INFO 7faedf599740> SLIPSTORE::COMM Connecting to tcp://dco-node139-10g:5039
1461700376335	<INFO 7faedf599740> SLIPSTORE::COMM Connecting to ipc://server
1461700376338	<INFO 7faedf599740> SLIPSTORE::COMM Connecting to tcp://dco-node141-10g:5075
1461700376342	<INFO 7faedf599740> SLIPSTORE::COMM Connecting to tcp://dco-node142-10g:5093
1461700376345	<INFO 7faedf599740> SLIPSTORE::COMM Connecting to tcp://dco-node143-10g:5111
1461700376350	<INFO 7faedf599740> SLIPSTORE::COMM Connecting to tcp://dco-node144-10g:5129
1461700376353	<INFO 7faedf599740> SLIPSTORE::COMM Connecting to tcp://dco-node141-10g:5089
1461700376356	<INFO 7faedf599740> SLIPSTORE::COMM Listening at tcp://ens1f0:5071
1461700376359	<INFO 7faedf599740> SLIPSTORE::COMM Connecting to tcp://dco-node140-10g:5070
1461700376363	<INFO 7faedf599740> SLIPSTORE::HELP_POLICY NONE
1461700376366	<INFO 7faedf599740> SLIPSTORE::SERVER ASYNC
1461700376369	<INFO 7faedf599740> SLIPSTORE::MACHINES 8
1461700376372	<INFO 7faedf599740> SLIPSTORE::ME 3
1461700376375	<INFO 7faedf599740> SLIPSTORE::SLIPCHUNK 4194304
1461700376378	<INFO 7faedf599740> SLIPSTORE::QUOTA 18446744073709551615
1461700376382	<INFO 7faedf599740> SLIPSTORE::IO PAGECACHE
1461700376385	<INFO 7f90c93f5700> SLIPSTORE::COMM Listening at tcp://ens1f0:5070
1461700376388	<INFO 7f90c93f5700> SLIPSTORE::COMM Listening at tcp://ens1f0:5054
1461700376391	<INFO 7f90c93f5700> SLIPSTORE::COMM Connecting to tcp://dco-node137-10g:5011
1461700376395	<INFO 7f90c93f5700> SLIPSTORE::COMM Listening at tcp://ens1f0:5055
1461700376397	<INFO 7f90c93f5700> SLIPSTORE::COMM Connecting to tcp://dco-node138-10g:5029
1461700376401	<INFO 7f90c93f5700> SLIPSTORE::COMM Listening at tcp://ens1f0:5056
1461700376404	<INFO 7f90c93f5700> SLIPSTORE::COMM Connecting to tcp://dco-node139-10g:5047
1461700376408	<INFO 7f90c93f5700> SLIPSTORE::COMM Listening at ipc://server
1461700376412	<INFO 7f90c93f5700> SLIPSTORE::COMM Connecting to ipc://client
1461700376415	<INFO 7f90c93f5700> SLIPSTORE::COMM Listening at tcp://ens1f0:5058
1461700376419	<INFO 7f90c93f5700> SLIPSTORE::COMM Connecting to tcp://dco-node141-10g:5083
1461700376422	<INFO 7f90c93f5700> SLIPSTORE::COMM Listening at tcp://ens1f0:5059
1461700376425	<INFO 7f90c93f5700> SLIPSTORE::COMM Connecting to tcp://dco-node142-10g:5101
1461700376428	<INFO 7f90c93f5700> SLIPSTORE::COMM Listening at tcp://ens1f0:5060
1461700376431	<INFO 7f90c93f5700> SLIPSTORE::COMM Connecting to tcp://dco-node143-10g:5119
1461700376434	<INFO 7f90c93f5700> SLIPSTORE::COMM Listening at tcp://ens1f0:5061
1461700376437	<INFO 7f90c93f5700> SLIPSTORE::COMM Connecting to tcp://dco-node144-10g:5137
1461700378775	<INFO 7faedf599740> SLIPSTORE::CHECKPOINTS NONE FOUND
1461700378778	<INFO 7faedf599740> 2016-04-26 21:52:58 Start edge split
1461700430170	<INFO 7faedf599740> 2016-04-26 21:53:50 Completed init
1461700432051	<INFO 7faedf599740> 2016-04-26 21:53:52 Started gather
1461700434683	<INFO 7faedf599740> 2016-04-26 21:53:54 Completed gather
1461700437526	<INFO 7faedf599740> 2016-04-26 21:53:57 Started scatter
1461700449791	<INFO 7faedf599740> 2016-04-26 21:54:09 Completed scatter
1461700474945	<INFO 7faedf599740> 2016-04-26 21:54:34 Completed phase 1 Bytes read 13728861108 Bytes written 7286410164
1461700480859	<INFO 7faedf599740> 2016-04-26 21:54:40 Started gather
1461700483891	<INFO 7faedf599740> 2016-04-26 21:54:43 Completed gather
1461700483970	<INFO 7faedf599740> 2016-04-26 21:54:43 Started gather
1461700502716	<INFO 7faedf599740> 2016-04-26 21:55:02 Completed gather
1461700556771	<INFO 7faedf599740> 2016-04-26 21:55:56 Completed phase 2 Bytes read 21417924456 Bytes written 12778713388
1461700563941	<INFO 7faedf599740> 2016-04-26 21:56:03 Started gather
1461700574689	<INFO 7faedf599740> 2016-04-26 21:56:14 Completed gather
1461700757639	<INFO 7faedf599740> 2016-04-26 21:59:17 Started scatter
1461700774108	<INFO 7faedf599740> 2016-04-26 21:59:34 Completed scatter
1461700818900	<INFO 7faedf599740> 2016-04-26 22:00:18 Completed phase 3 Bytes read 33391331476 Bytes written 18015129724
1461700824754	<INFO 7faedf599740> 2016-04-26 22:00:24 Started gather
1461700836384	<INFO 7faedf599740> 2016-04-26 22:00:36 Completed gather
1461701025771	<INFO 7faedf599740> 2016-04-26 22:03:45 Started scatter
1461701043222	<INFO 7faedf599740> 2016-04-26 22:04:03 Completed scatter
1461701086363	<INFO 7faedf599740> 2016-04-26 22:04:46 Completed phase 4 Bytes read 45511504792 Bytes written 23340259364
1461701091564	<INFO 7faedf599740> 2016-04-26 22:04:51 Started gather
1461701104699	<INFO 7faedf599740> 2016-04-26 22:05:04 Completed gather
1461701296223	<INFO 7faedf599740> 2016-04-26 22:08:16 Started scatter
1461701311209	<INFO 7faedf599740> 2016-04-26 22:08:31 Completed scatter
1461701357638	<INFO 7faedf599740> 2016-04-26 22:09:17 Completed phase 5 Bytes read 57720391412 Bytes written 28538290204
1461701361678	<INFO 7faedf599740> 2016-04-26 22:09:21 Started gather
1461701373076	<INFO 7faedf599740> 2016-04-26 22:09:33 Completed gather
1461701563926	<INFO 7faedf599740> 2016-04-26 22:12:43 Started scatter
1461701578936	<INFO 7faedf599740> 2016-04-26 22:12:58 Completed scatter
1461701625216	<INFO 7faedf599740> 2016-04-26 22:13:45 Completed phase 6 Bytes read 69802179232 Bytes written 33721874292
1461701629291	<INFO 7faedf599740> 2016-04-26 22:13:49 Started gather
1461701640945	<INFO 7faedf599740> 2016-04-26 22:14:00 Completed gather
1461701832811	<INFO 7faedf599740> 2016-04-26 22:17:12 Started scatter
1461701846927	<INFO 7faedf599740> 2016-04-26 22:17:26 Completed scatter
1461701893884	<INFO 7faedf599740> 2016-04-26 22:18:13 Completed phase 7 Bytes read 81869520300 Bytes written 38952442548
1461701893887	<INFO 7faedf599740> CORE::PARTITIONS_PROCESSED 83
1461701893889	<INFO 7faedf599740> CORE::BYTES::EDGES_STREAMED 1434714420
1461701893892	<INFO 7faedf599740> CORE::BYTES::UPDATES_OUT 826948864
1461701893894	<INFO 7faedf599740> CORE::BYTES::UPDATES_IN 759786400
1461701893896	<INFO 7f90b5ffb700> CORE::PARTITIONS_PROCESSED 225
1461701893899	<INFO 7f90b5ffb700> CORE::BYTES::EDGES_STREAMED 1731118848
1461701893901	<INFO 7f90b5ffb700> CORE::BYTES::UPDATES_OUT 996992560
1461701893903	<INFO 7f90b5ffb700> CORE::BYTES::UPDATES_IN 787176912
1461701893906	<INFO 7f90b67fc700> CORE::PARTITIONS_PROCESSED 176
1461701893908	<INFO 7f90b77fe700> CORE::PARTITIONS_PROCESSED 182
1461701893910	<INFO 7f90b4ff9700> CORE::PARTITIONS_PROCESSED 275
1461701893912	<INFO 7f90b7fff700> CORE::PARTITIONS_PROCESSED 185
1461701893914	<INFO 7f90b67fc700> CORE::BYTES::EDGES_STREAMED 1869940932
1461701893917	<INFO 7f90b77fe700> CORE::BYTES::EDGES_STREAMED 1551742668
1461701893919	<INFO 7f90b6ffd700> CORE::PARTITIONS_PROCESSED 249
1461701893921	<INFO 7f90b67fc700> CORE::BYTES::UPDATES_OUT 1067007832
1461701893923	<INFO 7f90b57fa700> CORE::PARTITIONS_PROCESSED 225
1461701893926	<INFO 7f90b7fff700> CORE::BYTES::EDGES_STREAMED 1838916744
1461701893928	<INFO 7f90b7fff700> CORE::BYTES::UPDATES_OUT 1038825832
1461701893930	<INFO 7f90b77fe700> CORE::BYTES::UPDATES_OUT 882643080
1461701893932	<INFO 7f90b6ffd700> CORE::BYTES::EDGES_STREAMED 2059086864
1461701893936	<INFO 7f90b7fff700> CORE::BYTES::UPDATES_IN 796436984
1461701893938	<INFO 7f90b57fa700> CORE::BYTES::EDGES_STREAMED 1759032000
1461701893940	<INFO 7f90b6ffd700> CORE::BYTES::UPDATES_OUT 1168287664
1461701893943	<INFO 7f90b4ff9700> CORE::BYTES::EDGES_STREAMED 3549313332
1461701893945	<INFO 7f90b67fc700> CORE::BYTES::UPDATES_IN 904685136
1461701893947	<INFO 7f90b77fe700> CORE::BYTES::UPDATES_IN 718656376
1461701893950	<INFO 7f90b57fa700> CORE::BYTES::UPDATES_OUT 1014545840
1461701893952	<INFO 7f90b57fa700> CORE::BYTES::UPDATES_IN 832994368
1461701893954	<INFO 7f90b6ffd700> CORE::BYTES::UPDATES_IN 924960744
1461701893956	<INFO 7f90b4ff9700> CORE::BYTES::UPDATES_OUT 2029814504
1461701893959	<INFO 7f90b4ff9700> CORE::BYTES::UPDATES_IN 1796198000
1461701893961	<INFO 7f90c93f5700> SLIPSTORE service is exiting
1461701893963	<INFO 7f90c93f5700> SLIPSTORE::HELP_OFFERS_RECVD 98
1461701893966	<INFO 7f90c93f5700> SLIPSTORE::HELP_OFFERS_ACCEPTED 0
1461701893968	<INFO 7f90c93f5700> SLIPSTORE::HELP_ACCEPTANCE_RATIO 0
1461701893970	<INFO 7f90c93f5700> SLIPSTORE::SERVER_BUSY_DISK  446.01 seconds
1461701893973	<INFO 7f90c93f5700> SLIPSTORE::SERVER_BUSY_MEM  0 seconds
1461701893975	<INFO 7f90c93f5700> SLIPSTORE::SERVER_TOTAL  1517.75 seconds
1461701893978	<INFO 7faedf599740> SLIPSTORE::CLIENT::DISK_READ_TIME  186.887 seconds
1461701893980	<INFO 7faedf599740> SLIPSTORE::CLIENT::MEM_READ_TIME  0 seconds
1461701893982	<INFO 7faedf599740> SLIPSTORE::CLIENT::DISK_BYTES_READ 37973853052
1461701893985	<INFO 7faedf599740> SLIPSTORE::CLIENT::MEM_BYTES_READ 0
1461701893987	<INFO 7faedf599740> SLIPSTORE::CLIENT::WRITE_TIME  70.4428 seconds
1461701893989	<INFO 7faedf599740> SLIPSTORE::CLIENT::BYTES_WRITTEN 6039797760
1461701893992	<INFO 7faedf599740> SLIPSTORE::CLIENT_BUSY  257.33 seconds
1461701893994	<INFO 7faedf599740> SLIPSTORE::IO::TIME 377.519 seconds
1461701893997	<INFO 7faedf599740> SLIPSTORE::SNAP::TIME 0 seconds
1461701893999	<INFO 7faedf599740> SLIPSTORE::MAX_DISK_USAGE_BYTES 11403580252
1461701895081	<INFO 7faedf599740> CORE::RUSAGE::MAX_RSS_KB 125954880
1461701895084	<INFO 7faedf599740> CORE::RUSAGE::MINFLT 33844370
1461701895088	<INFO 7faedf599740> CORE::RUSAGE::MAJFLT 6
1461701895091	<INFO 7faedf599740> CORE::RUSAGE::MAJFLT 6
1461701895094	<INFO 7faedf599740> CORE::RUSAGE::INBLK 138805232
1461701895099	<INFO 7faedf599740> CORE::RUSAGE::OUBLK 76083280
1461701895103	<INFO 7faedf599740> CORE::UTILS::BYTES_READ 81869520300
1461701895105	<INFO 7faedf599740> CORE::UTILS::BYTES_WRITTEN 38952442548
1461701895109	<INFO 7faedf599740> CORE::UTILS::TILE_COPY_BYTES 8053063680
1461701895112	<INFO 7faedf599740> CORE::TIME::IO_WAIT 199.781 seconds
1461701895115	<INFO 7faedf599740> CORE::TIME_TILE_COPY 0 seconds
1461701895118	<INFO 7faedf599740> CORE::TIME_TILE_MERGE 0 seconds
1461701895121	<INFO 7faedf599740> CORE::TIME_PROCESSING_STOLEN 0 seconds
1461701895125	<INFO 7faedf599740> CORE::TIME_MERGE_WAIT 0 seconds
1461701895129	<INFO 7faedf599740> CORE::OTHER_TIME_ALL_MC_BARRIER 0 seconds
1461701895133	<INFO 7faedf599740> CORE::SCATTER_TIME_ALL_MC_BARRIER 247.83 seconds
1461701895136	<INFO 7faedf599740> CORE::GATHER_TIME_ALL_MC_BARRIER 52.0144 seconds
1461701895140	<INFO 7faedf599740> CORE::INIT_TIME_ALL_MC_BARRIER 3.3755 seconds
1461701895143	<INFO 7faedf599740> CORE::SHUT_DOWN_TIME_ALL_MC_BARRIER 0.005587 seconds
1461701895146	<INFO 7faedf599740> CORE::STREAM_SKIP_BEFORE_TIME_ALL_MC_BARRIER 10.5582 seconds
1461701895149	<INFO 7faedf599740> CORE::TAKE_CHECKPOINT_BEFORE_TIME_ALL_MC_BARRIER 0 seconds
1461701895153	<INFO 7faedf599740> CORE::TAKE_CHECKPOINT_COMPLETE_TIME_ALL_MC_BARRIER 0 seconds
1461701895157	<INFO 7faedf599740> CORE::METADATA_WRITE_COMPLETE_TIME_ALL_MC_BARRIER 0 seconds
1461701895160	<INFO 7faedf599740> CORE::STREAM_EOF_BEFORE_TIME_ALL_MC_BARRIER 0 seconds
1461701895164	<INFO 7faedf599740> CORE::STREAM_EOF_AFTER_TIME_ALL_MC_BARRIER 0 seconds
1461701895167	<INFO 7faedf599740> CORE::STATE_LOAD_TIME_ALL_MC_BARRIER 0 seconds
1461701895170	<INFO 7faedf599740> CORE::STATE_STORE_TIME_ALL_MC_BARRIER 0 seconds
1461701895174	<INFO 7faedf599740> CORE::PHASES 7
1461701895178	<INFO 7faedf599740> CORE::TIME::SETUP 5.63663 seconds
1461701895181	<INFO 7faedf599740> CORE::TIME::STATE_ITER 23.4438 seconds
1461701895184	<INFO 7faedf599740> CORE::TIME::GATHER 1024.25 seconds
1461701895187	<INFO 7faedf599740> CORE::TIME::SCATTER 415.726 seconds
1461701895191	<INFO 7faedf599740> CORE::TIME::WALL 1520.75 seconds
1461701895195	<INFO 7faedf599740> SHUTDOWN
