1461700268019	<INFO 7f43f5efc740> 2016-04-26 21:51:08 STARTUP
1461700268023	<INFO 7f43f5efc740> CORE::GRAPH rmat-28_s8
1461700268026	<INFO 7f43f5efc740> CORE::ALGORITHM pagerank
1461700268030	<INFO 7f43f5efc740> CORE::VERTEX_STRIPING OFF
1461700268033	<INFO 7f43f5efc740> CORE::OPTIMIZED_STATE_LOAD_STORE OFF
1461700268037	<INFO 7f43f5efc740> CORE::LINEAR_SEARCH_SUPER_PARTITION ON
1461700268041	<INFO 7f43f5efc740> CORE::SUPER_PARTITION_COMPUTED_FOR_EACH_VERTEX
1461700268045	<INFO 7f43f5efc740> CORE::EDGE_STRIPING ON
1461700268048	<INFO 7f43f5efc740> CORE::BATCH IO ON
1461700268052	<INFO 7f43f5efc740> 2016-04-26 21:51:08 Blocking memory amount 126701535232
1461700375427	<INFO 7f43f5efc740> 2016-04-26 21:52:55 Done blocking memory
1461700375431	<INFO 7f43f5efc740> SG-DRIVER-ORIGINAL
1461700375434	<INFO 7f43f5efc740> 2016-04-26 21:52:55 START read config parameters
1461700375438	<INFO 7f43f5efc740> PARTITIONING::OLD 1
1461700375442	<INFO 7f43f5efc740> PARTITIONING::BALANCED_PARTITIONS 0
1461700375445	<INFO 7f43f5efc740> CORE::CONFIG::PROCESSORS 8
1461700375448	<INFO 7f43f5efc740> CORE::CONFIG::PHYSICAL_MEMORY 2147483648
1461700375452	<INFO 7f43f5efc740> CORE::CONFIG::VERTICES 268435456
1461700375456	<INFO 7f43f5efc740> CORE::CONFIG::VERTEX_SIZE 12
1461700375460	<INFO 7f43f5efc740> CORE::CONFIG::VERTEX_BUFFER 402653184
1461700375463	<INFO 7f43f5efc740> CORE::CONFIG::EDGES 536870912
1461700375467	<INFO 7f43f5efc740> CORE::CONFIG::PARTITIONS 64
1461700375471	<INFO 7f43f5efc740> CORE::CONFIG::FANOUT 512
1461700375475	<INFO 7f43f5efc740> CORE::CONFIG::SUPER_PARTITIONS 8
1461700375478	<INFO 7f43f5efc740> CORE::CONFIG::TILES 1
1461700375482	<INFO 7f43f5efc740> CORE::CONFIG::BUFFER_SIZE 348964966
1461700375485	<INFO 7f43f5efc740> CORE::CONFIG::MAX_BUFFERS 4
1461700375489	<INFO 7f43f5efc740> CORE::CONFIG::MAX_STREAMS 4
1461700375493	<INFO 7f43f5efc740> CORE::CONFIG::SUM_OF_OUT_DEGREES_FOR_NEW_PARTITIONS::FIRST_CONSTRAINT 33554432
1461700375497	<INFO 7f43f5efc740> CORE::CONFIG::MAX_EDGES_PER_NEW_PARTITION::SECOND_CONSTRAINT 67108864
1461700375501	<INFO 7f43f5efc740> SLIPSTREAM::EXT_MEM_SHUFFLE OFF
1461700375504	<INFO 7f43f5efc740> 2016-04-26 21:52:55 END read config parameters
1461700377205	<WARNING 7f43f5efc740> Unable to unlink file (stream.0.0.0):No such file or directory
1461700377208	<WARNING 7f43f5efc740> Unable to unlink file (stream.0.1.0):No such file or directory
1461700377212	<WARNING 7f43f5efc740> Unable to unlink file (stream.0.2.0):No such file or directory
1461700377216	<WARNING 7f43f5efc740> Unable to unlink file (stream.0.3.0):No such file or directory
1461700377220	<WARNING 7f43f5efc740> Unable to unlink file (stream.0.4.0):No such file or directory
1461700377225	<WARNING 7f43f5efc740> Unable to unlink file (stream.0.5.0):No such file or directory
1461700377229	<WARNING 7f43f5efc740> Unable to unlink file (stream.0.6.0):No such file or directory
1461700377233	<WARNING 7f43f5efc740> Unable to unlink file (stream.0.7.0):No such file or directory
1461700377237	<WARNING 7f43f5efc740> Unable to unlink file (stream.1.1.0):No such file or directory
1461700377240	<WARNING 7f43f5efc740> Unable to unlink file (stream.1.2.0):No such file or directory
1461700377244	<WARNING 7f43f5efc740> Unable to unlink file (stream.1.3.0):No such file or directory
1461700377248	<WARNING 7f43f5efc740> Unable to unlink file (stream.1.4.0):No such file or directory
1461700377252	<WARNING 7f43f5efc740> Unable to unlink file (stream.1.5.0):No such file or directory
1461700377256	<WARNING 7f43f5efc740> Unable to unlink file (stream.1.6.0):No such file or directory
1461700377260	<WARNING 7f43f5efc740> Unable to unlink file (stream.1.7.0):No such file or directory
1461700377264	<WARNING 7f43f5efc740> Unable to unlink file (stream.2.0.0):No such file or directory
1461700377268	<WARNING 7f43f5efc740> Unable to unlink file (stream.2.1.0):No such file or directory
1461700377272	<WARNING 7f43f5efc740> Unable to unlink file (stream.2.2.0):No such file or directory
1461700377276	<WARNING 7f43f5efc740> Unable to unlink file (stream.2.3.0):No such file or directory
1461700377279	<WARNING 7f43f5efc740> Unable to unlink file (stream.2.4.0):No such file or directory
1461700377283	<WARNING 7f43f5efc740> Unable to unlink file (stream.2.5.0):No such file or directory
1461700377286	<WARNING 7f43f5efc740> Unable to unlink file (stream.2.6.0):No such file or directory
1461700377291	<WARNING 7f43f5efc740> Unable to unlink file (stream.2.7.0):No such file or directory
1461700377294	<WARNING 7f43f5efc740> Unable to unlink file (stream.3.0.0):No such file or directory
1461700377297	<WARNING 7f43f5efc740> Unable to unlink file (stream.3.1.0):No such file or directory
1461700377301	<WARNING 7f43f5efc740> Unable to unlink file (stream.3.2.0):No such file or directory
1461700377304	<WARNING 7f43f5efc740> Unable to unlink file (stream.3.3.0):No such file or directory
1461700377308	<WARNING 7f43f5efc740> Unable to unlink file (stream.3.4.0):No such file or directory
1461700377311	<WARNING 7f43f5efc740> Unable to unlink file (stream.3.5.0):No such file or directory
1461700377315	<WARNING 7f43f5efc740> Unable to unlink file (stream.3.6.0):No such file or directory
1461700377318	<WARNING 7f43f5efc740> Unable to unlink file (stream.3.7.0):No such file or directory
1461700377321	<INFO 7f43f5efc740> SLIPSTORE::ZMQ_THREADS 2
1461700377324	<INFO 7f43f5efc740> SLIPSTORE::COMM Connecting to tcp://dco-node137-10g:5016
1461700377327	<INFO 7f43f5efc740> SLIPSTORE::COMM Connecting to tcp://dco-node138-10g:5034
1461700377330	<INFO 7f43f5efc740> SLIPSTORE::COMM Connecting to tcp://dco-node139-10g:5052
1461700377333	<INFO 7f43f5efc740> SLIPSTORE::COMM Connecting to tcp://dco-node140-10g:5070
1461700377336	<INFO 7f43f5efc740> SLIPSTORE::COMM Connecting to tcp://dco-node141-10g:5088
1461700377340	<INFO 7f43f5efc740> SLIPSTORE::COMM Connecting to tcp://dco-node142-10g:5106
1461700377343	<INFO 7f43f5efc740> SLIPSTORE::COMM Connecting to tcp://dco-node143-10g:5124
1461700377346	<INFO 7f43f5efc740> SLIPSTORE::COMM Connecting to tcp://dco-node144-10g:5142
1461700377349	<INFO 7f43f5efc740> SLIPSTORE::COMM Listening at tcp://ens1f0:5080
1461700377352	<INFO 7f43f5efc740> SLIPSTORE::COMM Listening at tcp://ens1f0:5081
1461700377354	<INFO 7f43f5efc740> SLIPSTORE::COMM Listening at tcp://ens1f0:5082
1461700377357	<INFO 7f43f5efc740> SLIPSTORE::COMM Listening at tcp://ens1f0:5083
1461700377360	<INFO 7f43f5efc740> SLIPSTORE::COMM Listening at ipc://client
1461700377363	<INFO 7f43f5efc740> SLIPSTORE::COMM Listening at tcp://ens1f0:5085
1461700377366	<INFO 7f43f5efc740> SLIPSTORE::COMM Listening at tcp://ens1f0:5086
1461700377368	<INFO 7f43f5efc740> SLIPSTORE::COMM Listening at tcp://ens1f0:5087
1461700377372	<INFO 7f43f5efc740> SLIPSTORE::COMM Connecting to tcp://dco-node137-10g:5016
1461700377375	<INFO 7f43f5efc740> SLIPSTORE::COMM Connecting to tcp://dco-node138-10g:5034
1461700377378	<INFO 7f43f5efc740> SLIPSTORE::COMM Connecting to tcp://dco-node139-10g:5052
1461700377380	<INFO 7f43f5efc740> SLIPSTORE::COMM Connecting to tcp://dco-node140-10g:5070
1461700377383	<INFO 7f43f5efc740> SLIPSTORE::COMM Connecting to tcp://dco-node141-10g:5088
1461700377386	<INFO 7f43f5efc740> SLIPSTORE::COMM Connecting to tcp://dco-node142-10g:5106
1461700377389	<INFO 7f43f5efc740> SLIPSTORE::COMM Connecting to tcp://dco-node143-10g:5124
1461700377392	<INFO 7f43f5efc740> SLIPSTORE::COMM Connecting to tcp://dco-node144-10g:5142
1461700377394	<INFO 7f43f5efc740> SLIPSTORE::COMM Connecting to tcp://dco-node137-10g:5004
1461700377397	<INFO 7f43f5efc740> SLIPSTORE::COMM Connecting to tcp://dco-node138-10g:5022
1461700377400	<INFO 7f43f5efc740> SLIPSTORE::COMM Connecting to tcp://dco-node139-10g:5040
1461700377403	<INFO 7f43f5efc740> SLIPSTORE::COMM Connecting to tcp://dco-node140-10g:5058
1461700377406	<INFO 7f43f5efc740> SLIPSTORE::COMM Connecting to ipc://server
1461700377409	<INFO 7f43f5efc740> SLIPSTORE::COMM Connecting to tcp://dco-node142-10g:5094
1461700377411	<INFO 7f43f5efc740> SLIPSTORE::COMM Connecting to tcp://dco-node143-10g:5112
1461700377414	<INFO 7f43f5efc740> SLIPSTORE::COMM Connecting to tcp://dco-node144-10g:5130
1461700377417	<INFO 7f43f5efc740> SLIPSTORE::COMM Connecting to tcp://dco-node142-10g:5107
1461700377419	<INFO 7f43f5efc740> SLIPSTORE::COMM Listening at tcp://ens1f0:5089
1461700377422	<INFO 7f43f5efc740> SLIPSTORE::COMM Connecting to tcp://dco-node141-10g:5088
1461700377425	<INFO 7f43f5efc740> SLIPSTORE::HELP_POLICY NONE
1461700377427	<INFO 7f43f5efc740> SLIPSTORE::SERVER ASYNC
1461700377430	<INFO 7f43f5efc740> SLIPSTORE::MACHINES 8
1461700377433	<INFO 7f43f5efc740> SLIPSTORE::ME 4
1461700377435	<INFO 7f43f5efc740> SLIPSTORE::SLIPCHUNK 4194304
1461700377438	<INFO 7f43f5efc740> SLIPSTORE::QUOTA 18446744073709551615
1461700377440	<INFO 7f43f5efc740> SLIPSTORE::IO PAGECACHE
1461700377443	<INFO 7f25d77fd700> SLIPSTORE::COMM Listening at tcp://ens1f0:5088
1461700377446	<INFO 7f25d77fd700> SLIPSTORE::COMM Listening at tcp://ens1f0:5072
1461700377448	<INFO 7f25d77fd700> SLIPSTORE::COMM Connecting to tcp://dco-node137-10g:5012
1461700377451	<INFO 7f25d77fd700> SLIPSTORE::COMM Listening at tcp://ens1f0:5073
1461700377453	<INFO 7f25d77fd700> SLIPSTORE::COMM Connecting to tcp://dco-node138-10g:5030
1461700377456	<INFO 7f25d77fd700> SLIPSTORE::COMM Listening at tcp://ens1f0:5074
1461700377459	<INFO 7f25d77fd700> SLIPSTORE::COMM Connecting to tcp://dco-node139-10g:5048
1461700377461	<INFO 7f25d77fd700> SLIPSTORE::COMM Listening at tcp://ens1f0:5075
1461700377464	<INFO 7f25d77fd700> SLIPSTORE::COMM Connecting to tcp://dco-node140-10g:5066
1461700377466	<INFO 7f25d77fd700> SLIPSTORE::COMM Listening at ipc://server
1461700377469	<INFO 7f25d77fd700> SLIPSTORE::COMM Connecting to ipc://client
1461700377471	<INFO 7f25d77fd700> SLIPSTORE::COMM Listening at tcp://ens1f0:5077
1461700377474	<INFO 7f25d77fd700> SLIPSTORE::COMM Connecting to tcp://dco-node142-10g:5102
1461700377477	<INFO 7f25d77fd700> SLIPSTORE::COMM Listening at tcp://ens1f0:5078
1461700377480	<INFO 7f25d77fd700> SLIPSTORE::COMM Connecting to tcp://dco-node143-10g:5120
1461700377482	<INFO 7f25d77fd700> SLIPSTORE::COMM Listening at tcp://ens1f0:5079
1461700377485	<INFO 7f25d77fd700> SLIPSTORE::COMM Connecting to tcp://dco-node144-10g:5138
1461700378776	<INFO 7f43f5efc740> SLIPSTORE::CHECKPOINTS NONE FOUND
1461700378779	<INFO 7f43f5efc740> 2016-04-26 21:52:58 Start edge split
1461700430170	<INFO 7f43f5efc740> 2016-04-26 21:53:50 Completed init
1461700432051	<INFO 7f43f5efc740> 2016-04-26 21:53:52 Started gather
1461700436278	<INFO 7f43f5efc740> 2016-04-26 21:53:56 Completed gather
1461700437526	<INFO 7f43f5efc740> 2016-04-26 21:53:57 Started scatter
1461700460477	<INFO 7f43f5efc740> 2016-04-26 21:54:20 Completed scatter
1461700474945	<INFO 7f43f5efc740> 2016-04-26 21:54:34 Completed phase 1 Bytes read 13727671932 Bytes written 7285220988
1461700480859	<INFO 7f43f5efc740> 2016-04-26 21:54:40 Started gather
1461700483311	<INFO 7f43f5efc740> 2016-04-26 21:54:43 Completed gather
1461700483970	<INFO 7f43f5efc740> 2016-04-26 21:54:43 Started gather
1461700526665	<INFO 7f43f5efc740> 2016-04-26 21:55:26 Completed gather
1461700556771	<INFO 7f43f5efc740> 2016-04-26 21:55:56 Completed phase 2 Bytes read 21415546104 Bytes written 12858176652
1461700563941	<INFO 7f43f5efc740> 2016-04-26 21:56:03 Started gather
1461700585491	<INFO 7f43f5efc740> 2016-04-26 21:56:25 Completed gather
1461700757638	<INFO 7f43f5efc740> 2016-04-26 21:59:17 Started scatter
1461700791419	<INFO 7f43f5efc740> 2016-04-26 21:59:51 Completed scatter
1461700818900	<INFO 7f43f5efc740> 2016-04-26 22:00:18 Completed phase 3 Bytes read 33468416388 Bytes written 17799338572
1461700824754	<INFO 7f43f5efc740> 2016-04-26 22:00:24 Started gather
1461700845793	<INFO 7f43f5efc740> 2016-04-26 22:00:45 Completed gather
1461701025770	<INFO 7f43f5efc740> 2016-04-26 22:03:45 Started scatter
1461701059875	<INFO 7f43f5efc740> 2016-04-26 22:04:19 Completed scatter
1461701086363	<INFO 7f43f5efc740> 2016-04-26 22:04:46 Completed phase 4 Bytes read 45292146112 Bytes written 22838491164
1461701091564	<INFO 7f43f5efc740> 2016-04-26 22:04:51 Started gather
1461701112634	<INFO 7f43f5efc740> 2016-04-26 22:05:12 Completed gather
1461701296223	<INFO 7f43f5efc740> 2016-04-26 22:08:16 Started scatter
1461701330194	<INFO 7f43f5efc740> 2016-04-26 22:08:50 Completed scatter
1461701357638	<INFO 7f43f5efc740> 2016-04-26 22:09:17 Completed phase 5 Bytes read 57213866508 Bytes written 27943870684
1461701361678	<INFO 7f43f5efc740> 2016-04-26 22:09:21 Started gather
1461701384301	<INFO 7f43f5efc740> 2016-04-26 22:09:44 Completed gather
1461701563926	<INFO 7f43f5efc740> 2016-04-26 22:12:43 Started scatter
1461701597037	<INFO 7f43f5efc740> 2016-04-26 22:13:17 Completed scatter
1461701625215	<INFO 7f43f5efc740> 2016-04-26 22:13:45 Completed phase 6 Bytes read 69201813832 Bytes written 32992174684
1461701629291	<INFO 7f43f5efc740> 2016-04-26 22:13:49 Started gather
1461701650468	<INFO 7f43f5efc740> 2016-04-26 22:14:10 Completed gather
1461701832811	<INFO 7f43f5efc740> 2016-04-26 22:17:12 Started scatter
1461701866866	<INFO 7f43f5efc740> 2016-04-26 22:17:46 Completed scatter
1461701893885	<INFO 7f43f5efc740> 2016-04-26 22:18:13 Completed phase 7 Bytes read 81132685636 Bytes written 38078523868
1461701893887	<INFO 7f43f5efc740> CORE::PARTITIONS_PROCESSED 214
1461701893889	<INFO 7f43f5efc740> CORE::BYTES::EDGES_STREAMED 5052650772
1461701893892	<INFO 7f43f5efc740> CORE::BYTES::UPDATES_OUT 2904231304
1461701893894	<INFO 7f43f5efc740> CORE::BYTES::UPDATES_IN 2167741704
1461701893897	<INFO 7f25cbfff700> CORE::PARTITIONS_PROCESSED 630
1461701893899	<INFO 7f25cb7fe700> CORE::PARTITIONS_PROCESSED 631
1461701893901	<INFO 7f25cbfff700> CORE::BYTES::EDGES_STREAMED 5560085100
1461701893904	<INFO 7f25cb7fe700> CORE::BYTES::EDGES_STREAMED 5746634292
1461701893906	<INFO 7f25cbfff700> CORE::BYTES::UPDATES_OUT 3177457680
1461701893908	<INFO 7f25cb7fe700> CORE::BYTES::UPDATES_OUT 3291237896
1461701893910	<INFO 7f25cbfff700> CORE::BYTES::UPDATES_IN 2813257416
1461701893913	<INFO 7f25cb7fe700> CORE::BYTES::UPDATES_IN 2819488888
1461701893915	<INFO 7f25d67fb700> CORE::PARTITIONS_PROCESSED 527
1461701893917	<INFO 7f25d57f9700> CORE::PARTITIONS_PROCESSED 701
1461701893919	<INFO 7f25d4ff8700> CORE::PARTITIONS_PROCESSED 492
1461701893922	<INFO 7f25caffd700> CORE::PARTITIONS_PROCESSED 768
1461701893924	<INFO 7f25d67fb700> CORE::BYTES::EDGES_STREAMED 5768897508
1461701893927	<INFO 7f25d4ff8700> CORE::BYTES::EDGES_STREAMED 6143728668
1461701893929	<INFO 7f25d5ffa700> CORE::PARTITIONS_PROCESSED 517
1461701893931	<INFO 7f25d57f9700> CORE::BYTES::EDGES_STREAMED 6222397920
1461701893934	<INFO 7f25d67fb700> CORE::BYTES::UPDATES_OUT 3217743448
1461701893936	<INFO 7f25d5ffa700> CORE::BYTES::EDGES_STREAMED 4952995620
1461701893938	<INFO 7f25caffd700> CORE::BYTES::EDGES_STREAMED 10568050980
1461701893941	<INFO 7f25d67fb700> CORE::BYTES::UPDATES_IN 2819090280
1461701893943	<INFO 7f25d4ff8700> CORE::BYTES::UPDATES_OUT 3527944568
1461701893945	<INFO 7f25d57f9700> CORE::BYTES::UPDATES_OUT 3496185784
1461701893947	<INFO 7f25d5ffa700> CORE::BYTES::UPDATES_OUT 2906795352
1461701893950	<INFO 7f25d4ff8700> CORE::BYTES::UPDATES_IN 2841910608
1461701893952	<INFO 7f25d5ffa700> CORE::BYTES::UPDATES_IN 2410563240
1461701893954	<INFO 7f25d57f9700> CORE::BYTES::UPDATES_IN 2810820104
1461701893957	<INFO 7f25caffd700> CORE::BYTES::UPDATES_OUT 6058655888
1461701893959	<INFO 7f25caffd700> CORE::BYTES::UPDATES_IN 5131491360
1461701893962	<INFO 7f25d77fd700> SLIPSTORE service is exiting
1461701893965	<INFO 7f25d77fd700> SLIPSTORE::HELP_OFFERS_RECVD 98
1461701893967	<INFO 7f25d77fd700> SLIPSTORE::HELP_OFFERS_ACCEPTED 0
1461701893970	<INFO 7f25d77fd700> SLIPSTORE::HELP_ACCEPTANCE_RATIO 0
1461701893972	<INFO 7f25d77fd700> SLIPSTORE::SERVER_BUSY_DISK  445.446 seconds
1461701893974	<INFO 7f25d77fd700> SLIPSTORE::SERVER_BUSY_MEM  0 seconds
1461701893977	<INFO 7f25d77fd700> SLIPSTORE::SERVER_TOTAL  1516.66 seconds
1461701893979	<INFO 7f43f5efc740> SLIPSTORE::CLIENT::DISK_READ_TIME  313.497 seconds
1461701893982	<INFO 7f43f5efc740> SLIPSTORE::CLIENT::MEM_READ_TIME  0 seconds
1461701893984	<INFO 7f43f5efc740> SLIPSTORE::CLIENT::DISK_BYTES_READ 88212072984
1461701893986	<INFO 7f43f5efc740> SLIPSTORE::CLIENT::MEM_BYTES_READ 0
1461701893988	<INFO 7f43f5efc740> SLIPSTORE::CLIENT::WRITE_TIME  115.069 seconds
1461701893990	<INFO 7f43f5efc740> SLIPSTORE::CLIENT::BYTES_WRITTEN 6039797760
1461701893993	<INFO 7f43f5efc740> SLIPSTORE::CLIENT_BUSY  428.566 seconds
1461701893995	<INFO 7f43f5efc740> SLIPSTORE::IO::TIME 379.252 seconds
1461701893997	<INFO 7f43f5efc740> SLIPSTORE::SNAP::TIME 0 seconds
1461701893999	<INFO 7f43f5efc740> SLIPSTORE::MAX_DISK_USAGE_BYTES 11247563916
1461701895017	<INFO 7f43f5efc740> CORE::RUSAGE::MAX_RSS_KB 125955004
1461701895020	<INFO 7f43f5efc740> CORE::RUSAGE::MINFLT 39349083
1461701895023	<INFO 7f43f5efc740> CORE::RUSAGE::MAJFLT 6
1461701895026	<INFO 7f43f5efc740> CORE::RUSAGE::MAJFLT 6
1461701895029	<INFO 7f43f5efc740> CORE::RUSAGE::INBLK 136633680
1461701895032	<INFO 7f43f5efc740> CORE::RUSAGE::OUBLK 74376464
1461701895034	<INFO 7f43f5efc740> CORE::UTILS::BYTES_READ 81132685636
1461701895036	<INFO 7f43f5efc740> CORE::UTILS::BYTES_WRITTEN 38078523868
1461701895039	<INFO 7f43f5efc740> CORE::UTILS::TILE_COPY_BYTES 8053063680
1461701895041	<INFO 7f43f5efc740> CORE::TIME::IO_WAIT 310.094 seconds
1461701895044	<INFO 7f43f5efc740> CORE::TIME_TILE_COPY 0 seconds
1461701895047	<INFO 7f43f5efc740> CORE::TIME_TILE_MERGE 0 seconds
1461701895050	<INFO 7f43f5efc740> CORE::TIME_PROCESSING_STOLEN 0 seconds
1461701895052	<INFO 7f43f5efc740> CORE::TIME_MERGE_WAIT 0 seconds
1461701895054	<INFO 7f43f5efc740> CORE::OTHER_TIME_ALL_MC_BARRIER 0 seconds
1461701895057	<INFO 7f43f5efc740> CORE::SCATTER_TIME_ALL_MC_BARRIER 149.445 seconds
1461701895060	<INFO 7f43f5efc740> CORE::GATHER_TIME_ALL_MC_BARRIER 30.0546 seconds
1461701895062	<INFO 7f43f5efc740> CORE::INIT_TIME_ALL_MC_BARRIER 2.24402 seconds
1461701895065	<INFO 7f43f5efc740> CORE::SHUT_DOWN_TIME_ALL_MC_BARRIER 0.005561 seconds
1461701895068	<INFO 7f43f5efc740> CORE::STREAM_SKIP_BEFORE_TIME_ALL_MC_BARRIER 6.82742 seconds
1461701895071	<INFO 7f43f5efc740> CORE::TAKE_CHECKPOINT_BEFORE_TIME_ALL_MC_BARRIER 0 seconds
1461701895074	<INFO 7f43f5efc740> CORE::TAKE_CHECKPOINT_COMPLETE_TIME_ALL_MC_BARRIER 0 seconds
1461701895076	<INFO 7f43f5efc740> CORE::METADATA_WRITE_COMPLETE_TIME_ALL_MC_BARRIER 0 seconds
1461701895079	<INFO 7f43f5efc740> CORE::STREAM_EOF_BEFORE_TIME_ALL_MC_BARRIER 0 seconds
1461701895082	<INFO 7f43f5efc740> CORE::STREAM_EOF_AFTER_TIME_ALL_MC_BARRIER 0 seconds
1461701895085	<INFO 7f43f5efc740> CORE::STATE_LOAD_TIME_ALL_MC_BARRIER 0 seconds
1461701895088	<INFO 7f43f5efc740> CORE::STATE_STORE_TIME_ALL_MC_BARRIER 0 seconds
1461701895091	<INFO 7f43f5efc740> CORE::PHASES 7
1461701895094	<INFO 7f43f5efc740> CORE::TIME::SETUP 4.47972 seconds
1461701895096	<INFO 7f43f5efc740> CORE::TIME::STATE_ITER 27.1747 seconds
1461701895099	<INFO 7f43f5efc740> CORE::TIME::GATHER 1020.52 seconds
1461701895103	<INFO 7f43f5efc740> CORE::TIME::SCATTER 415.726 seconds
1461701895105	<INFO 7f43f5efc740> CORE::TIME::WALL 1519.59 seconds
1461701895108	<INFO 7f43f5efc740> SHUTDOWN
