1463256703556	<INFO 7f3ef1c13780> 2016-05-14 22:11:43 STARTUP
1463256703559	<INFO 7f3ef1c13780> CORE::GRAPH rmat-28-und_s8
1463256703562	<INFO 7f3ef1c13780> CORE::ALGORITHM bfs
1463256703564	<INFO 7f3ef1c13780> CORE::VERTEX_STRIPING OFF
1463256703566	<INFO 7f3ef1c13780> CORE::OPTIMIZED_STATE_LOAD_STORE OFF
1463256703569	<INFO 7f3ef1c13780> CORE::BINARY_SEARCH_SUPER_PARTITION ON
1463256703571	<INFO 7f3ef1c13780> CORE::SUPER_PARTITION_COMPUTED_FOR_EACH_SCATTER_GATHER_PHASE
1463256703573	<INFO 7f3ef1c13780> CORE::EDGE_STRIPING ON
1463256703576	<INFO 7f3ef1c13780> CORE::BATCH IO ON
1463256703578	<INFO 7f3ef1c13780> CORE::GRID_PARTITIONING OFF
1463256703580	<INFO 7f3ef1c13780> 2016-05-14 22:11:43 Blocking memory amount 126701535232
1463256810807	<INFO 7f3ef1c13780> 2016-05-14 22:13:30 Done blocking memory
1463256810811	<INFO 7f3ef1c13780> SG-DRIVER-ORIGINAL
1463256810814	<INFO 7f3ef1c13780> 2016-05-14 22:13:30 START read config parameters
1463256810816	<INFO 7f3ef1c13780> PARTITIONING::OLD 0
1463256810819	<INFO 7f3ef1c13780> PARTITIONING::BALANCED_PARTITIONS 0
1463256810822	<INFO 7f3ef1c13780> CORE::CONFIG::PROCESSORS 8
1463256810824	<INFO 7f3ef1c13780> CORE::CONFIG::PHYSICAL_MEMORY 2147483648
1463256810827	<INFO 7f3ef1c13780> CORE::CONFIG::VERTICES 268435456
1463256810830	<INFO 7f3ef1c13780> CORE::CONFIG::VERTEX_SIZE 8
1463256810832	<INFO 7f3ef1c13780> CORE::CONFIG::VERTEX_BUFFER 901537776
1463256810834	<INFO 7f3ef1c13780> CORE::CONFIG::EDGES 1073741824
1463256810837	<INFO 7f3ef1c13780> CORE::CONFIG::PARTITIONS 64
1463256810839	<INFO 7f3ef1c13780> CORE::CONFIG::FANOUT 64
1463256810841	<INFO 7f3ef1c13780> CORE::CONFIG::SUPER_PARTITIONS 8
1463256810844	<INFO 7f3ef1c13780> CORE::CONFIG::MACHINE_ID 4
1463256810846	<INFO 7f3ef1c13780> CORE::CONFIG::TILES 1
1463256810848	<INFO 7f3ef1c13780> CORE::CONFIG::BUFFER_SIZE 249188048
1463256810851	<INFO 7f3ef1c13780> CORE::CONFIG::MAX_BUFFERS 4
1463256810853	<INFO 7f3ef1c13780> CORE::CONFIG::MAX_STREAMS 4
1463256810856	<INFO 7f3ef1c13780> CORE::CONFIG::SUM_OF_OUT_DEGREES_FOR_NEW_PARTITIONS::FIRST_CONSTRAINT 0
1463256810858	<INFO 7f3ef1c13780> CORE::CONFIG::MAX_EDGES_PER_NEW_PARTITION::SECOND_CONSTRAINT 0
1463256810860	<INFO 7f3ef1c13780> SLIPSTREAM::EXT_MEM_SHUFFLE OFF
1463256810862	<INFO 7f3ef1c13780> 2016-05-14 22:13:30 END read config parameters
1463256812566	<WARNING 7f3ef1c13780> Unable to unlink file (stream.0.0.0):No such file or directory
1463256812569	<WARNING 7f3ef1c13780> Unable to unlink file (stream.0.1.0):No such file or directory
1463256812571	<WARNING 7f3ef1c13780> Unable to unlink file (stream.0.2.0):No such file or directory
1463256812574	<WARNING 7f3ef1c13780> Unable to unlink file (stream.0.3.0):No such file or directory
1463256812576	<WARNING 7f3ef1c13780> Unable to unlink file (stream.0.4.0):No such file or directory
1463256812579	<WARNING 7f3ef1c13780> Unable to unlink file (stream.0.5.0):No such file or directory
1463256812581	<WARNING 7f3ef1c13780> Unable to unlink file (stream.0.6.0):No such file or directory
1463256812584	<WARNING 7f3ef1c13780> Unable to unlink file (stream.0.7.0):No such file or directory
1463256812586	<WARNING 7f3ef1c13780> Unable to unlink file (stream.1.1.0):No such file or directory
1463256812588	<WARNING 7f3ef1c13780> Unable to unlink file (stream.1.2.0):No such file or directory
1463256812591	<WARNING 7f3ef1c13780> Unable to unlink file (stream.1.3.0):No such file or directory
1463256812594	<WARNING 7f3ef1c13780> Unable to unlink file (stream.1.4.0):No such file or directory
1463256812596	<WARNING 7f3ef1c13780> Unable to unlink file (stream.1.5.0):No such file or directory
1463256812599	<WARNING 7f3ef1c13780> Unable to unlink file (stream.1.6.0):No such file or directory
1463256812601	<WARNING 7f3ef1c13780> Unable to unlink file (stream.1.7.0):No such file or directory
1463256812605	<WARNING 7f3ef1c13780> Unable to unlink file (stream.2.0.0):No such file or directory
1463256812607	<WARNING 7f3ef1c13780> Unable to unlink file (stream.2.1.0):No such file or directory
1463256812609	<WARNING 7f3ef1c13780> Unable to unlink file (stream.2.2.0):No such file or directory
1463256812612	<WARNING 7f3ef1c13780> Unable to unlink file (stream.2.3.0):No such file or directory
1463256812614	<WARNING 7f3ef1c13780> Unable to unlink file (stream.2.4.0):No such file or directory
1463256812616	<WARNING 7f3ef1c13780> Unable to unlink file (stream.2.5.0):No such file or directory
1463256812618	<WARNING 7f3ef1c13780> Unable to unlink file (stream.2.6.0):No such file or directory
1463256812620	<WARNING 7f3ef1c13780> Unable to unlink file (stream.2.7.0):No such file or directory
1463256812623	<WARNING 7f3ef1c13780> Unable to unlink file (stream.3.0.0):No such file or directory
1463256812625	<WARNING 7f3ef1c13780> Unable to unlink file (stream.3.1.0):No such file or directory
1463256812627	<WARNING 7f3ef1c13780> Unable to unlink file (stream.3.2.0):No such file or directory
1463256812630	<WARNING 7f3ef1c13780> Unable to unlink file (stream.3.3.0):No such file or directory
1463256812632	<WARNING 7f3ef1c13780> Unable to unlink file (stream.3.4.0):No such file or directory
1463256812634	<WARNING 7f3ef1c13780> Unable to unlink file (stream.3.5.0):No such file or directory
1463256812636	<WARNING 7f3ef1c13780> Unable to unlink file (stream.3.6.0):No such file or directory
1463256812639	<WARNING 7f3ef1c13780> Unable to unlink file (stream.3.7.0):No such file or directory
1463256812641	<INFO 7f3ef1c13780> SLIPSTORE::ZMQ_THREADS 2
1463256812643	<INFO 7f3ef1c13780> SLIPSTORE::COMM Connecting to tcp://dco-node137-10g:5016
1463256812645	<INFO 7f3ef1c13780> SLIPSTORE::COMM Connecting to tcp://dco-node138-10g:5034
1463256812647	<INFO 7f3ef1c13780> SLIPSTORE::COMM Connecting to tcp://dco-node139-10g:5052
1463256812650	<INFO 7f3ef1c13780> SLIPSTORE::COMM Connecting to tcp://dco-node140-10g:5070
1463256812652	<INFO 7f3ef1c13780> SLIPSTORE::COMM Connecting to tcp://dco-node141-10g:5088
1463256812654	<INFO 7f3ef1c13780> SLIPSTORE::COMM Connecting to tcp://dco-node142-10g:5106
1463256812656	<INFO 7f3ef1c13780> SLIPSTORE::COMM Connecting to tcp://dco-node143-10g:5124
1463256812659	<INFO 7f3ef1c13780> SLIPSTORE::COMM Connecting to tcp://dco-node144-10g:5142
1463256812661	<INFO 7f3ef1c13780> SLIPSTORE::COMM Listening at tcp://p1p1:5080
1463256812663	<INFO 7f3ef1c13780> SLIPSTORE::COMM Listening at tcp://p1p1:5081
1463256812665	<INFO 7f3ef1c13780> SLIPSTORE::COMM Listening at tcp://p1p1:5082
1463256812668	<INFO 7f3ef1c13780> SLIPSTORE::COMM Listening at tcp://p1p1:5083
1463256812670	<INFO 7f3ef1c13780> SLIPSTORE::COMM Listening at ipc://client
1463256812672	<INFO 7f3ef1c13780> SLIPSTORE::COMM Listening at tcp://p1p1:5085
1463256812674	<INFO 7f3ef1c13780> SLIPSTORE::COMM Listening at tcp://p1p1:5086
1463256812676	<INFO 7f3ef1c13780> SLIPSTORE::COMM Listening at tcp://p1p1:5087
1463256812678	<INFO 7f3ef1c13780> SLIPSTORE::COMM Connecting to tcp://dco-node137-10g:5016
1463256812680	<INFO 7f3ef1c13780> SLIPSTORE::COMM Connecting to tcp://dco-node138-10g:5034
1463256812682	<INFO 7f3ef1c13780> SLIPSTORE::COMM Connecting to tcp://dco-node139-10g:5052
1463256812685	<INFO 7f3ef1c13780> SLIPSTORE::COMM Connecting to tcp://dco-node140-10g:5070
1463256812687	<INFO 7f3ef1c13780> SLIPSTORE::COMM Connecting to tcp://dco-node141-10g:5088
1463256812689	<INFO 7f3ef1c13780> SLIPSTORE::COMM Connecting to tcp://dco-node142-10g:5106
1463256812691	<INFO 7f3ef1c13780> SLIPSTORE::COMM Connecting to tcp://dco-node143-10g:5124
1463256812693	<INFO 7f3ef1c13780> SLIPSTORE::COMM Connecting to tcp://dco-node144-10g:5142
1463256812695	<INFO 7f3ef1c13780> SLIPSTORE::COMM Connecting to tcp://dco-node137-10g:5004
1463256812697	<INFO 7f3ef1c13780> SLIPSTORE::COMM Connecting to tcp://dco-node138-10g:5022
1463256812700	<INFO 7f3ef1c13780> SLIPSTORE::COMM Connecting to tcp://dco-node139-10g:5040
1463256812702	<INFO 7f3ef1c13780> SLIPSTORE::COMM Connecting to tcp://dco-node140-10g:5058
1463256812704	<INFO 7f3ef1c13780> SLIPSTORE::COMM Connecting to ipc://server
1463256812706	<INFO 7f3ef1c13780> SLIPSTORE::COMM Connecting to tcp://dco-node142-10g:5094
1463256812708	<INFO 7f3ef1c13780> SLIPSTORE::COMM Connecting to tcp://dco-node143-10g:5112
1463256812710	<INFO 7f3ef1c13780> SLIPSTORE::COMM Connecting to tcp://dco-node144-10g:5130
1463256812712	<INFO 7f3ef1c13780> SLIPSTORE::COMM Connecting to tcp://dco-node142-10g:5107
1463256812715	<INFO 7f3ef1c13780> SLIPSTORE::COMM Listening at tcp://p1p1:5089
1463256812717	<INFO 7f3ef1c13780> SLIPSTORE::COMM Connecting to tcp://dco-node141-10g:5088
1463256812719	<INFO 7f3ef1c13780> SLIPSTORE::HELP_POLICY NONE
1463256812721	<INFO 7f3ef1c13780> SLIPSTORE::SERVER ASYNC
1463256812723	<INFO 7f3ef1c13780> SLIPSTORE::MACHINES 8
1463256812726	<INFO 7f3ef1c13780> SLIPSTORE::ME 4
1463256812728	<INFO 7f3ef1c13780> SLIPSTORE::SLIPCHUNK 4194304
1463256812730	<INFO 7f3ef1c13780> SLIPSTORE::QUOTA 18446744073709551615
1463256812733	<INFO 7f3ef1c13780> SLIPSTORE::IO PAGECACHE
1463256812735	<INFO 7f20d3fff700> SLIPSTORE::COMM Listening at tcp://p1p1:5088
1463256812737	<INFO 7f20d3fff700> SLIPSTORE::COMM Listening at tcp://p1p1:5072
1463256812739	<INFO 7f20d3fff700> SLIPSTORE::COMM Connecting to tcp://dco-node137-10g:5012
1463256812741	<INFO 7f20d3fff700> SLIPSTORE::COMM Listening at tcp://p1p1:5073
1463256812743	<INFO 7f20d3fff700> SLIPSTORE::COMM Connecting to tcp://dco-node138-10g:5030
1463256812745	<INFO 7f20d3fff700> SLIPSTORE::COMM Listening at tcp://p1p1:5074
1463256812747	<INFO 7f20d3fff700> SLIPSTORE::COMM Connecting to tcp://dco-node139-10g:5048
1463256812750	<INFO 7f20d3fff700> SLIPSTORE::COMM Listening at tcp://p1p1:5075
1463256812752	<INFO 7f20d3fff700> SLIPSTORE::COMM Connecting to tcp://dco-node140-10g:5066
1463256812754	<INFO 7f20d3fff700> SLIPSTORE::COMM Listening at ipc://server
1463256812756	<INFO 7f20d3fff700> SLIPSTORE::COMM Connecting to ipc://client
1463256812758	<INFO 7f20d3fff700> SLIPSTORE::COMM Listening at tcp://p1p1:5077
1463256812760	<INFO 7f20d3fff700> SLIPSTORE::COMM Connecting to tcp://dco-node142-10g:5102
1463256812762	<INFO 7f20d3fff700> SLIPSTORE::COMM Listening at tcp://p1p1:5078
1463256812764	<INFO 7f20d3fff700> SLIPSTORE::COMM Connecting to tcp://dco-node143-10g:5120
1463256812766	<INFO 7f20d3fff700> SLIPSTORE::COMM Listening at tcp://p1p1:5079
1463256812769	<INFO 7f20d3fff700> SLIPSTORE::COMM Connecting to tcp://dco-node144-10g:5138
1463256813554	<INFO 7f3ef1c13780> SLIPSTORE::CHECKPOINTS NONE FOUND
1463256813556	<INFO 7f3ef1c13780> 2016-05-14 22:13:33 Start edge split
1463257017189	<INFO 7f3ef1c13780> 2016-05-14 22:16:57 Completed init
1463257019656	<INFO 7f3ef1c13780> 2016-05-14 22:16:59 Started gather
1463257021172	<INFO 7f3ef1c13780> 2016-05-14 22:17:01 Completed gather
1463257025022	<INFO 7f3ef1c13780> 2016-05-14 22:17:05 Started scatter
1463257113237	<INFO 7f3ef1c13780> 2016-05-14 22:18:33 Completed scatter
1463257116286	<INFO 7f3ef1c13780> 2016-05-14 22:18:36 Completed phase 1 Bytes read 26248542220 Bytes written 13367619452
1463257116304	<INFO 7f3ef1c13780> 2016-05-14 22:18:36 Started gather
1463257117886	<INFO 7f3ef1c13780> 2016-05-14 22:18:37 Completed gather
1463257121733	<INFO 7f3ef1c13780> 2016-05-14 22:18:41 Started scatter
1463257271386	<INFO 7f3ef1c13780> 2016-05-14 22:21:11 Completed scatter
1463257278098	<INFO 7f3ef1c13780> 2016-05-14 22:21:18 Completed phase 2 Bytes read 39616161672 Bytes written 18311814556
1463257278122	<INFO 7f3ef1c13780> 2016-05-14 22:21:18 Started gather
1463257315339	<INFO 7f3ef1c13780> 2016-05-14 22:21:55 Completed gather
1463257324064	<INFO 7f3ef1c13780> 2016-05-14 22:22:04 Started scatter
1463257468868	<INFO 7f3ef1c13780> 2016-05-14 22:24:28 Completed scatter
1463257476581	<INFO 7f3ef1c13780> 2016-05-14 22:24:36 Completed phase 3 Bytes read 57672307180 Bytes written 22420236948
1463257476600	<INFO 7f3ef1c13780> 2016-05-14 22:24:36 Started gather
1463257504273	<INFO 7f3ef1c13780> 2016-05-14 22:25:04 Completed gather
1463257519589	<INFO 7f3ef1c13780> 2016-05-14 22:25:19 Started scatter
1463257609864	<INFO 7f3ef1c13780> 2016-05-14 22:26:49 Completed scatter
1463257612143	<INFO 7f3ef1c13780> 2016-05-14 22:26:52 Completed phase 4 Bytes read 74892679976 Bytes written 22692810972
1463257612167	<INFO 7f3ef1c13780> 2016-05-14 22:26:52 Started gather
1463257613779	<INFO 7f3ef1c13780> 2016-05-14 22:26:53 Completed gather
1463257617784	<INFO 7f3ef1c13780> 2016-05-14 22:26:57 Started scatter
1463257710147	<INFO 7f3ef1c13780> 2016-05-14 22:28:30 Completed scatter
1463257712196	<INFO 7f3ef1c13780> 2016-05-14 22:28:32 Completed phase 5 Bytes read 88277204404 Bytes written 22944556788
1463257712220	<INFO 7f3ef1c13780> 2016-05-14 22:28:32 Started gather
1463257713792	<INFO 7f3ef1c13780> 2016-05-14 22:28:33 Completed gather
1463257717251	<INFO 7f3ef1c13780> 2016-05-14 22:28:37 Started scatter
1463257807407	<INFO 7f3ef1c13780> 2016-05-14 22:30:07 Completed scatter
1463257813628	<INFO 7f3ef1c13780> 2016-05-14 22:30:13 Completed phase 6 Bytes read 101640900624 Bytes written 23196246828
1463257813650	<INFO 7f3ef1c13780> 2016-05-14 22:30:13 Started gather
1463257815225	<INFO 7f3ef1c13780> 2016-05-14 22:30:15 Completed gather
1463257819025	<INFO 7f3ef1c13780> 2016-05-14 22:30:19 Started scatter
1463257907712	<INFO 7f3ef1c13780> 2016-05-14 22:31:47 Completed scatter
1463257913412	<INFO 7f3ef1c13780> 2016-05-14 22:31:53 Completed phase 7 Bytes read 115004541068 Bytes written 23447936756
1463257913414	<INFO 7f3ef1c13780> ALGORITHM::BFS::VERTICES_DISCOVERED 16078186
1463257913416	<INFO 7f3ef1c13780> ALGORITHM::BFS::EDGES_EXPLORED 1076613489
1463257913419	<INFO 7f3ef1c13780> CORE::PARTITIONS_PROCESSED 47
1463257913421	<INFO 7f3ef1c13780> CORE::BYTES::EDGES_STREAMED 16587579180
1463257913423	<INFO 7f3ef1c13780> CORE::BYTES::UPDATES_OUT 1513497512
1463257913426	<INFO 7f3ef1c13780> CORE::BYTES::UPDATES_IN 1661250400
1463257913428	<INFO 7f20d1ffb700> CORE::PARTITIONS_PROCESSED 504
1463257913431	<INFO 7f20d1ffb700> CORE::BYTES::EDGES_STREAMED 9538015212
1463257913433	<INFO 7f20d1ffb700> CORE::BYTES::UPDATES_OUT 949650696
1463257913436	<INFO 7f20d1ffb700> CORE::BYTES::UPDATES_IN 878305856
1463257913439	<INFO 7f20c7fff700> CORE::PARTITIONS_PROCESSED 379
1463257913441	<INFO 7f20d0ff9700> CORE::PARTITIONS_PROCESSED 389
1463257913443	<INFO 7f20d0ff9700> CORE::BYTES::EDGES_STREAMED 10954862952
1463257913446	<INFO 7f20d0ff9700> CORE::BYTES::UPDATES_OUT 1027430976
1463257913448	<INFO 7f20c7fff700> CORE::BYTES::EDGES_STREAMED 10628628144
1463257913450	<INFO 7f20d0ff9700> CORE::BYTES::UPDATES_IN 1045063672
1463257913453	<INFO 7f20c7fff700> CORE::BYTES::UPDATES_OUT 1029213680
1463257913455	<INFO 7f20d27fc700> CORE::PARTITIONS_PROCESSED 256
1463257913458	<INFO 7f20c7fff700> CORE::BYTES::UPDATES_IN 1028432304
1463257913460	<INFO 7f20d17fa700> CORE::PARTITIONS_PROCESSED 204
1463257913463	<INFO 7f20d2ffd700> CORE::PARTITIONS_PROCESSED 257
1463257913466	<INFO 7f20d27fc700> CORE::BYTES::EDGES_STREAMED 10360848432
1463257913468	<INFO 7f20d2ffd700> CORE::BYTES::EDGES_STREAMED 9969913380
1463257913470	<INFO 7f20d17fa700> CORE::BYTES::EDGES_STREAMED 10380124668
1463257913473	<INFO 7f20d27fc700> CORE::BYTES::UPDATES_OUT 984677704
1463257913475	<INFO 7f20d27fc700> CORE::BYTES::UPDATES_IN 982758304
1463257913477	<INFO 7f20d2ffd700> CORE::BYTES::UPDATES_OUT 942839584
1463257913480	<INFO 7f20d17fa700> CORE::BYTES::UPDATES_OUT 945725616
1463257913482	<INFO 7f20d2ffd700> CORE::BYTES::UPDATES_IN 989985984
1463257913484	<INFO 7f20d17fa700> CORE::BYTES::UPDATES_IN 991289832
1463257913486	<INFO 7f20c77fe700> CORE::PARTITIONS_PROCESSED 471
1463257913489	<INFO 7f20c77fe700> CORE::BYTES::EDGES_STREAMED 12016395648
1463257913491	<INFO 7f20c77fe700> CORE::BYTES::UPDATES_OUT 1219872144
1463257913494	<INFO 7f20c77fe700> CORE::BYTES::UPDATES_IN 1035821560
1463257913497	<INFO 7f20d3fff700> SLIPSTORE service is exiting
1463257913499	<INFO 7f20d3fff700> SLIPSTORE::HELP_OFFERS_RECVD 98
1463257913502	<INFO 7f20d3fff700> SLIPSTORE::HELP_OFFERS_ACCEPTED 0
1463257913505	<INFO 7f20d3fff700> SLIPSTORE::HELP_ACCEPTANCE_RATIO 0
1463257913507	<INFO 7f20d3fff700> SLIPSTORE::SERVER_BUSY_DISK  923.887 seconds
1463257913509	<INFO 7f20d3fff700> SLIPSTORE::SERVER_BUSY_MEM  0 seconds
1463257913512	<INFO 7f20d3fff700> SLIPSTORE::SERVER_TOTAL  1100.81 seconds
1463257913514	<INFO 7f3ef1c13780> SLIPSTORE::CLIENT::DISK_READ_TIME  823.339 seconds
1463257913516	<INFO 7f3ef1c13780> SLIPSTORE::CLIENT::MEM_READ_TIME  0 seconds
1463257913519	<INFO 7f3ef1c13780> SLIPSTORE::CLIENT::DISK_BYTES_READ 114853844920
1463257913521	<INFO 7f3ef1c13780> SLIPSTORE::CLIENT::MEM_BYTES_READ 0
1463257913524	<INFO 7f3ef1c13780> SLIPSTORE::CLIENT::WRITE_TIME  198.603 seconds
1463257913526	<INFO 7f3ef1c13780> SLIPSTORE::CLIENT::BYTES_WRITTEN 2013519424
1463257913529	<INFO 7f3ef1c13780> SLIPSTORE::CLIENT_BUSY  1021.94 seconds
1463257913531	<INFO 7f3ef1c13780> SLIPSTORE::IO::TIME 731.86 seconds
1463257913533	<INFO 7f3ef1c13780> SLIPSTORE::SNAP::TIME 0 seconds
1463257913536	<INFO 7f3ef1c13780> SLIPSTORE::MAX_DISK_USAGE_BYTES 17804455580
1463257913539	<INFO 7f3ef1c13780> CORE::RUSAGE::MAX_RSS_KB 125938148
1463257913541	<INFO 7f3ef1c13780> CORE::RUSAGE::MINFLT 77271520
1463257913544	<INFO 7f3ef1c13780> CORE::RUSAGE::MAJFLT 3
1463257913546	<INFO 7f3ef1c13780> CORE::RUSAGE::MAJFLT 3
1463257913549	<INFO 7f3ef1c13780> CORE::RUSAGE::INBLK 216307128
1463257913552	<INFO 7f3ef1c13780> CORE::RUSAGE::OUBLK 45802552
1463257913555	<INFO 7f3ef1c13780> CORE::UTILS::BYTES_READ 115004541068
1463257913557	<INFO 7f3ef1c13780> CORE::UTILS::BYTES_WRITTEN 23447936756
1463257913560	<INFO 7f3ef1c13780> CORE::UTILS::TILE_COPY_BYTES 3523658992
1463257913562	<INFO 7f3ef1c13780> CORE::TIME::IO_WAIT 850.923 seconds
1463257913564	<INFO 7f3ef1c13780> CORE::TIME_TILE_COPY 0 seconds
1463257913567	<INFO 7f3ef1c13780> CORE::TIME_TILE_MERGE 0 seconds
1463257913569	<INFO 7f3ef1c13780> CORE::TIME_PROCESSING_STOLEN 0 seconds
1463257913571	<INFO 7f3ef1c13780> CORE::TIME_MERGE_WAIT 0 seconds
1463257913574	<INFO 7f3ef1c13780> CORE::OTHER_TIME_ALL_MC_BARRIER 0 seconds
1463257913576	<INFO 7f3ef1c13780> CORE::SCATTER_TIME_ALL_MC_BARRIER 32.5291 seconds
1463257913579	<INFO 7f3ef1c13780> CORE::GATHER_TIME_ALL_MC_BARRIER 0.015984 seconds
1463257913581	<INFO 7f3ef1c13780> CORE::INIT_TIME_ALL_MC_BARRIER 1.47403 seconds
1463257913584	<INFO 7f3ef1c13780> CORE::SHUT_DOWN_TIME_ALL_MC_BARRIER 0.005413 seconds
1463257913586	<INFO 7f3ef1c13780> CORE::STREAM_SKIP_BEFORE_TIME_ALL_MC_BARRIER 1.88388 seconds
1463257913588	<INFO 7f3ef1c13780> CORE::TAKE_CHECKPOINT_BEFORE_TIME_ALL_MC_BARRIER 0 seconds
1463257913591	<INFO 7f3ef1c13780> CORE::TAKE_CHECKPOINT_COMPLETE_TIME_ALL_MC_BARRIER 0 seconds
1463257913593	<INFO 7f3ef1c13780> CORE::METADATA_WRITE_COMPLETE_TIME_ALL_MC_BARRIER 0 seconds
1463257913595	<INFO 7f3ef1c13780> CORE::STREAM_EOF_BEFORE_TIME_ALL_MC_BARRIER 0 seconds
1463257913599	<INFO 7f3ef1c13780> CORE::STREAM_EOF_AFTER_TIME_ALL_MC_BARRIER 0 seconds
1463257913601	<INFO 7f3ef1c13780> CORE::STATE_LOAD_TIME_ALL_MC_BARRIER 0 seconds
1463257913603	<INFO 7f3ef1c13780> CORE::STATE_STORE_TIME_ALL_MC_BARRIER 0 seconds
1463257913606	<INFO 7f3ef1c13780> CORE::PHASES 7
1463257913608	<INFO 7f3ef1c13780> CORE::TIME::SETUP 2.7547 seconds
1463257913611	<INFO 7f3ef1c13780> CORE::TIME::INIT_PARTITIONS_TIME 203.635 seconds
1463257913613	<INFO 7f3ef1c13780> CORE::TIME::STATE_ITER 0.59589 seconds
1463257913615	<INFO 7f3ef1c13780> CORE::TIME::GATHER 117.596 seconds
1463257913618	<INFO 7f3ef1c13780> CORE::TIME::SCATTER 777.769 seconds
1463257913620	<INFO 7f3ef1c13780> CORE::TIME::WALL 1102.62 seconds
1463257913623	<INFO 7f3ef1c13780> SHUTDOWN
