1463256709018	<INFO 7f3068112780> 2016-05-14 22:11:49 STARTUP
1463256709020	<INFO 7f3068112780> CORE::GRAPH rmat-28-und_s8
1463256709022	<INFO 7f3068112780> CORE::ALGORITHM bfs
1463256709025	<INFO 7f3068112780> CORE::VERTEX_STRIPING OFF
1463256709027	<INFO 7f3068112780> CORE::OPTIMIZED_STATE_LOAD_STORE OFF
1463256709029	<INFO 7f3068112780> CORE::BINARY_SEARCH_SUPER_PARTITION ON
1463256709031	<INFO 7f3068112780> CORE::SUPER_PARTITION_COMPUTED_FOR_EACH_SCATTER_GATHER_PHASE
1463256709033	<INFO 7f3068112780> CORE::EDGE_STRIPING ON
1463256709036	<INFO 7f3068112780> CORE::BATCH IO ON
1463256709038	<INFO 7f3068112780> CORE::GRID_PARTITIONING OFF
1463256709040	<INFO 7f3068112780> 2016-05-14 22:11:49 Blocking memory amount 126701535232
1463256817028	<INFO 7f3068112780> 2016-05-14 22:13:37 Done blocking memory
1463256817031	<INFO 7f3068112780> SG-DRIVER-ORIGINAL
1463256817033	<INFO 7f3068112780> 2016-05-14 22:13:37 START read config parameters
1463256817035	<INFO 7f3068112780> PARTITIONING::OLD 0
1463256817037	<INFO 7f3068112780> PARTITIONING::BALANCED_PARTITIONS 0
1463256817040	<INFO 7f3068112780> CORE::CONFIG::PROCESSORS 8
1463256817042	<INFO 7f3068112780> CORE::CONFIG::PHYSICAL_MEMORY 2147483648
1463256817044	<INFO 7f3068112780> CORE::CONFIG::VERTICES 268435456
1463256817047	<INFO 7f3068112780> CORE::CONFIG::VERTEX_SIZE 8
1463256817050	<INFO 7f3068112780> CORE::CONFIG::VERTEX_BUFFER 901537776
1463256817052	<INFO 7f3068112780> CORE::CONFIG::EDGES 1073741824
1463256817054	<INFO 7f3068112780> CORE::CONFIG::PARTITIONS 64
1463256817057	<INFO 7f3068112780> CORE::CONFIG::FANOUT 64
1463256817059	<INFO 7f3068112780> CORE::CONFIG::SUPER_PARTITIONS 8
1463256817061	<INFO 7f3068112780> CORE::CONFIG::MACHINE_ID 6
1463256817063	<INFO 7f3068112780> CORE::CONFIG::TILES 1
1463256817066	<INFO 7f3068112780> CORE::CONFIG::BUFFER_SIZE 249188048
1463256817068	<INFO 7f3068112780> CORE::CONFIG::MAX_BUFFERS 4
1463256817070	<INFO 7f3068112780> CORE::CONFIG::MAX_STREAMS 4
1463256817072	<INFO 7f3068112780> CORE::CONFIG::SUM_OF_OUT_DEGREES_FOR_NEW_PARTITIONS::FIRST_CONSTRAINT 0
1463256817075	<INFO 7f3068112780> CORE::CONFIG::MAX_EDGES_PER_NEW_PARTITION::SECOND_CONSTRAINT 0
1463256817077	<INFO 7f3068112780> SLIPSTREAM::EXT_MEM_SHUFFLE OFF
1463256817079	<INFO 7f3068112780> 2016-05-14 22:13:37 END read config parameters
1463256818794	<WARNING 7f3068112780> Unable to unlink file (stream.0.0.0):No such file or directory
1463256818797	<WARNING 7f3068112780> Unable to unlink file (stream.0.1.0):No such file or directory
1463256818799	<WARNING 7f3068112780> Unable to unlink file (stream.0.2.0):No such file or directory
1463256818802	<WARNING 7f3068112780> Unable to unlink file (stream.0.3.0):No such file or directory
1463256818805	<WARNING 7f3068112780> Unable to unlink file (stream.0.4.0):No such file or directory
1463256818807	<WARNING 7f3068112780> Unable to unlink file (stream.0.5.0):No such file or directory
1463256818809	<WARNING 7f3068112780> Unable to unlink file (stream.0.6.0):No such file or directory
1463256818812	<WARNING 7f3068112780> Unable to unlink file (stream.0.7.0):No such file or directory
1463256818814	<WARNING 7f3068112780> Unable to unlink file (stream.1.1.0):No such file or directory
1463256818816	<WARNING 7f3068112780> Unable to unlink file (stream.1.2.0):No such file or directory
1463256818819	<WARNING 7f3068112780> Unable to unlink file (stream.1.3.0):No such file or directory
1463256818822	<WARNING 7f3068112780> Unable to unlink file (stream.1.4.0):No such file or directory
1463256818824	<WARNING 7f3068112780> Unable to unlink file (stream.1.5.0):No such file or directory
1463256818826	<WARNING 7f3068112780> Unable to unlink file (stream.1.6.0):No such file or directory
1463256818828	<WARNING 7f3068112780> Unable to unlink file (stream.1.7.0):No such file or directory
1463256818831	<WARNING 7f3068112780> Unable to unlink file (stream.2.0.0):No such file or directory
1463256818833	<WARNING 7f3068112780> Unable to unlink file (stream.2.1.0):No such file or directory
1463256818835	<WARNING 7f3068112780> Unable to unlink file (stream.2.2.0):No such file or directory
1463256818837	<WARNING 7f3068112780> Unable to unlink file (stream.2.3.0):No such file or directory
1463256818840	<WARNING 7f3068112780> Unable to unlink file (stream.2.4.0):No such file or directory
1463256818842	<WARNING 7f3068112780> Unable to unlink file (stream.2.5.0):No such file or directory
1463256818844	<WARNING 7f3068112780> Unable to unlink file (stream.2.6.0):No such file or directory
1463256818846	<WARNING 7f3068112780> Unable to unlink file (stream.2.7.0):No such file or directory
1463256818849	<WARNING 7f3068112780> Unable to unlink file (stream.3.0.0):No such file or directory
1463256818851	<WARNING 7f3068112780> Unable to unlink file (stream.3.1.0):No such file or directory
1463256818854	<WARNING 7f3068112780> Unable to unlink file (stream.3.2.0):No such file or directory
1463256818856	<WARNING 7f3068112780> Unable to unlink file (stream.3.3.0):No such file or directory
1463256818859	<WARNING 7f3068112780> Unable to unlink file (stream.3.4.0):No such file or directory
1463256818861	<WARNING 7f3068112780> Unable to unlink file (stream.3.5.0):No such file or directory
1463256818863	<WARNING 7f3068112780> Unable to unlink file (stream.3.6.0):No such file or directory
1463256818865	<WARNING 7f3068112780> Unable to unlink file (stream.3.7.0):No such file or directory
1463256818868	<INFO 7f3068112780> SLIPSTORE::ZMQ_THREADS 2
1463256818870	<INFO 7f3068112780> SLIPSTORE::COMM Connecting to tcp://dco-node137-10g:5016
1463256818872	<INFO 7f3068112780> SLIPSTORE::COMM Connecting to tcp://dco-node138-10g:5034
1463256818875	<INFO 7f3068112780> SLIPSTORE::COMM Connecting to tcp://dco-node139-10g:5052
1463256818877	<INFO 7f3068112780> SLIPSTORE::COMM Connecting to tcp://dco-node140-10g:5070
1463256818879	<INFO 7f3068112780> SLIPSTORE::COMM Connecting to tcp://dco-node141-10g:5088
1463256818882	<INFO 7f3068112780> SLIPSTORE::COMM Connecting to tcp://dco-node142-10g:5106
1463256818884	<INFO 7f3068112780> SLIPSTORE::COMM Connecting to tcp://dco-node143-10g:5124
1463256818886	<INFO 7f3068112780> SLIPSTORE::COMM Connecting to tcp://dco-node144-10g:5142
1463256818888	<INFO 7f3068112780> SLIPSTORE::COMM Listening at tcp://p1p1:5116
1463256818890	<INFO 7f3068112780> SLIPSTORE::COMM Listening at tcp://p1p1:5117
1463256818893	<INFO 7f3068112780> SLIPSTORE::COMM Listening at tcp://p1p1:5118
1463256818896	<INFO 7f3068112780> SLIPSTORE::COMM Listening at tcp://p1p1:5119
1463256818898	<INFO 7f3068112780> SLIPSTORE::COMM Listening at tcp://p1p1:5120
1463256818900	<INFO 7f3068112780> SLIPSTORE::COMM Listening at tcp://p1p1:5121
1463256818902	<INFO 7f3068112780> SLIPSTORE::COMM Listening at ipc://client
1463256818906	<INFO 7f3068112780> SLIPSTORE::COMM Listening at tcp://p1p1:5123
1463256818908	<INFO 7f3068112780> SLIPSTORE::COMM Connecting to tcp://dco-node137-10g:5016
1463256818911	<INFO 7f3068112780> SLIPSTORE::COMM Connecting to tcp://dco-node138-10g:5034
1463256818913	<INFO 7f3068112780> SLIPSTORE::COMM Connecting to tcp://dco-node139-10g:5052
1463256818915	<INFO 7f3068112780> SLIPSTORE::COMM Connecting to tcp://dco-node140-10g:5070
1463256818917	<INFO 7f3068112780> SLIPSTORE::COMM Connecting to tcp://dco-node141-10g:5088
1463256818919	<INFO 7f3068112780> SLIPSTORE::COMM Connecting to tcp://dco-node142-10g:5106
1463256818921	<INFO 7f3068112780> SLIPSTORE::COMM Connecting to tcp://dco-node143-10g:5124
1463256818923	<INFO 7f3068112780> SLIPSTORE::COMM Connecting to tcp://dco-node144-10g:5142
1463256818925	<INFO 7f3068112780> SLIPSTORE::COMM Connecting to tcp://dco-node137-10g:5006
1463256818927	<INFO 7f3068112780> SLIPSTORE::COMM Connecting to tcp://dco-node138-10g:5024
1463256818930	<INFO 7f3068112780> SLIPSTORE::COMM Connecting to tcp://dco-node139-10g:5042
1463256818932	<INFO 7f3068112780> SLIPSTORE::COMM Connecting to tcp://dco-node140-10g:5060
1463256818934	<INFO 7f3068112780> SLIPSTORE::COMM Connecting to tcp://dco-node141-10g:5078
1463256818936	<INFO 7f3068112780> SLIPSTORE::COMM Connecting to tcp://dco-node142-10g:5096
1463256818938	<INFO 7f3068112780> SLIPSTORE::COMM Connecting to ipc://server
1463256818940	<INFO 7f3068112780> SLIPSTORE::COMM Connecting to tcp://dco-node144-10g:5132
1463256818942	<INFO 7f3068112780> SLIPSTORE::COMM Connecting to tcp://dco-node144-10g:5143
1463256818944	<INFO 7f3068112780> SLIPSTORE::COMM Listening at tcp://p1p1:5125
1463256818946	<INFO 7f3068112780> SLIPSTORE::COMM Connecting to tcp://dco-node143-10g:5124
1463256818949	<INFO 7f3068112780> SLIPSTORE::HELP_POLICY NONE
1463256818951	<INFO 7f3068112780> SLIPSTORE::SERVER ASYNC
1463256818953	<INFO 7f3068112780> SLIPSTORE::MACHINES 8
1463256818955	<INFO 7f3068112780> SLIPSTORE::ME 6
1463256818957	<INFO 7f3068112780> SLIPSTORE::SLIPCHUNK 4194304
1463256818959	<INFO 7f3068112780> SLIPSTORE::QUOTA 18446744073709551615
1463256818961	<INFO 7f3068112780> SLIPSTORE::IO PAGECACHE
1463256818963	<INFO 7f124a7f9700> SLIPSTORE::COMM Listening at tcp://p1p1:5124
1463256818965	<INFO 7f124a7f9700> SLIPSTORE::COMM Listening at tcp://p1p1:5108
1463256818967	<INFO 7f124a7f9700> SLIPSTORE::COMM Connecting to tcp://dco-node137-10g:5014
1463256818969	<INFO 7f124a7f9700> SLIPSTORE::COMM Listening at tcp://p1p1:5109
1463256818971	<INFO 7f124a7f9700> SLIPSTORE::COMM Connecting to tcp://dco-node138-10g:5032
1463256818973	<INFO 7f124a7f9700> SLIPSTORE::COMM Listening at tcp://p1p1:5110
1463256818975	<INFO 7f124a7f9700> SLIPSTORE::COMM Connecting to tcp://dco-node139-10g:5050
1463256818977	<INFO 7f124a7f9700> SLIPSTORE::COMM Listening at tcp://p1p1:5111
1463256818979	<INFO 7f124a7f9700> SLIPSTORE::COMM Connecting to tcp://dco-node140-10g:5068
1463256818981	<INFO 7f124a7f9700> SLIPSTORE::COMM Listening at tcp://p1p1:5112
1463256818984	<INFO 7f124a7f9700> SLIPSTORE::COMM Connecting to tcp://dco-node141-10g:5086
1463256818986	<INFO 7f124a7f9700> SLIPSTORE::COMM Listening at tcp://p1p1:5113
1463256818988	<INFO 7f124a7f9700> SLIPSTORE::COMM Connecting to tcp://dco-node142-10g:5104
1463256818990	<INFO 7f124a7f9700> SLIPSTORE::COMM Listening at ipc://server
1463256818992	<INFO 7f124a7f9700> SLIPSTORE::COMM Connecting to ipc://client
1463256818994	<INFO 7f124a7f9700> SLIPSTORE::COMM Listening at tcp://p1p1:5115
1463256818997	<INFO 7f124a7f9700> SLIPSTORE::COMM Connecting to tcp://dco-node144-10g:5140
1463256819009	<INFO 7f3068112780> SLIPSTORE::CHECKPOINTS NONE FOUND
1463256819011	<INFO 7f3068112780> 2016-05-14 22:13:39 Start edge split
1463257022648	<INFO 7f3068112780> 2016-05-14 22:17:02 Completed init
1463257025116	<INFO 7f3068112780> 2016-05-14 22:17:05 Started gather
1463257025999	<INFO 7f3068112780> 2016-05-14 22:17:05 Completed gather
1463257030481	<INFO 7f3068112780> 2016-05-14 22:17:10 Started scatter
1463257118313	<INFO 7f3068112780> 2016-05-14 22:18:38 Completed scatter
1463257121747	<INFO 7f3068112780> 2016-05-14 22:18:41 Completed phase 1 Bytes read 26502898364 Bytes written 13621940524
1463257121766	<INFO 7f3068112780> 2016-05-14 22:18:41 Started gather
1463257122732	<INFO 7f3068112780> 2016-05-14 22:18:42 Completed gather
1463257127193	<INFO 7f3068112780> 2016-05-14 22:18:47 Started scatter
1463257279728	<INFO 7f3068112780> 2016-05-14 22:21:19 Completed scatter
1463257283561	<INFO 7f3068112780> 2016-05-14 22:21:23 Completed phase 2 Bytes read 40124838888 Bytes written 18443030116
1463257283585	<INFO 7f3068112780> 2016-05-14 22:21:23 Started gather
1463257320216	<INFO 7f3068112780> 2016-05-14 22:22:00 Completed gather
1463257329527	<INFO 7f3068112780> 2016-05-14 22:22:09 Started scatter
1463257475759	<INFO 7f3068112780> 2016-05-14 22:24:35 Completed scatter
1463257482046	<INFO 7f3068112780> 2016-05-14 22:24:42 Completed phase 3 Bytes read 58391721172 Bytes written 22417685508
1463257482065	<INFO 7f3068112780> 2016-05-14 22:24:42 Started gather
1463257507920	<INFO 7f3068112780> 2016-05-14 22:25:07 Completed gather
1463257525055	<INFO 7f3068112780> 2016-05-14 22:25:25 Started scatter
1463257614567	<INFO 7f3068112780> 2016-05-14 22:26:54 Completed scatter
1463257617611	<INFO 7f3068112780> 2016-05-14 22:26:57 Completed phase 4 Bytes read 75812169256 Bytes written 22610842220
1463257617634	<INFO 7f3068112780> 2016-05-14 22:26:57 Started gather
1463257618644	<INFO 7f3068112780> 2016-05-14 22:26:58 Completed gather
1463257623251	<INFO 7f3068112780> 2016-05-14 22:27:03 Started scatter
1463257715960	<INFO 7f3068112780> 2016-05-14 22:28:35 Completed scatter
1463257717664	<INFO 7f3068112780> 2016-05-14 22:28:37 Completed phase 5 Bytes read 89451118660 Bytes written 22783104420
1463257717688	<INFO 7f3068112780> 2016-05-14 22:28:37 Started gather
1463257718633	<INFO 7f3068112780> 2016-05-14 22:28:38 Completed gather
1463257722720	<INFO 7f3068112780> 2016-05-14 22:28:42 Started scatter
1463257812927	<INFO 7f3068112780> 2016-05-14 22:30:12 Completed scatter
1463257819100	<INFO 7f3068112780> 2016-05-14 22:30:19 Completed phase 6 Bytes read 103069173552 Bytes written 22955308260
1463257819121	<INFO 7f3068112780> 2016-05-14 22:30:19 Started gather
1463257820054	<INFO 7f3068112780> 2016-05-14 22:30:20 Completed gather
1463257824497	<INFO 7f3068112780> 2016-05-14 22:30:24 Started scatter
1463257915348	<INFO 7f3068112780> 2016-05-14 22:31:55 Completed scatter
1463257918883	<INFO 7f3068112780> 2016-05-14 22:31:58 Completed phase 7 Bytes read 116687170084 Bytes written 23127512044
1463257918885	<INFO 7f3068112780> ALGORITHM::BFS::VERTICES_DISCOVERED 12868911
1463257918888	<INFO 7f3068112780> ALGORITHM::BFS::EDGES_EXPLORED 1090066257
1463257918891	<INFO 7f3068112780> CORE::PARTITIONS_PROCESSED 178
1463257918893	<INFO 7f3068112780> CORE::BYTES::EDGES_STREAMED 10175641848
1463257918896	<INFO 7f3068112780> CORE::BYTES::UPDATES_OUT 954476880
1463257918898	<INFO 7f3068112780> CORE::BYTES::UPDATES_IN 956354056
1463257918900	<INFO 7f123effd700> CORE::PARTITIONS_PROCESSED 387
1463257918903	<INFO 7f123effd700> CORE::BYTES::EDGES_STREAMED 13192008816
1463257918905	<INFO 7f123effd700> CORE::BYTES::UPDATES_OUT 1243557168
1463257918907	<INFO 7f123effd700> CORE::BYTES::UPDATES_IN 1407827328
1463257918909	<INFO 7f123e7fc700> CORE::PARTITIONS_PROCESSED 439
1463257918912	<INFO 7f12497f7700> CORE::PARTITIONS_PROCESSED 196
1463257918914	<INFO 7f123f7fe700> CORE::PARTITIONS_PROCESSED 404
1463257918916	<INFO 7f123ffff700> CORE::PARTITIONS_PROCESSED 239
1463257918918	<INFO 7f123e7fc700> CORE::BYTES::EDGES_STREAMED 10394192856
1463257918921	<INFO 7f1248ff6700> CORE::PARTITIONS_PROCESSED 518
1463257918923	<INFO 7f123ffff700> CORE::BYTES::EDGES_STREAMED 9981625536
1463257918925	<INFO 7f123dffb700> CORE::PARTITIONS_PROCESSED 146
1463257918927	<INFO 7f123ffff700> CORE::BYTES::UPDATES_OUT 918563864
1463257918930	<INFO 7f1248ff6700> CORE::BYTES::EDGES_STREAMED 9401523000
1463257918932	<INFO 7f123ffff700> CORE::BYTES::UPDATES_IN 958108544
1463257918934	<INFO 7f123dffb700> CORE::BYTES::EDGES_STREAMED 12873724680
1463257918936	<INFO 7f12497f7700> CORE::BYTES::EDGES_STREAMED 10308126816
1463257918938	<INFO 7f12497f7700> CORE::BYTES::UPDATES_OUT 971229624
1463257918941	<INFO 7f1248ff6700> CORE::BYTES::UPDATES_OUT 935855544
1463257918943	<INFO 7f123e7fc700> CORE::BYTES::UPDATES_OUT 1028752192
1463257918945	<INFO 7f123dffb700> CORE::BYTES::UPDATES_OUT 1069266424
1463257918948	<INFO 7f123f7fe700> CORE::BYTES::EDGES_STREAMED 15239296008
1463257918950	<INFO 7f1248ff6700> CORE::BYTES::UPDATES_IN 933753968
1463257918952	<INFO 7f12497f7700> CORE::BYTES::UPDATES_IN 969342024
1463257918954	<INFO 7f123dffb700> CORE::BYTES::UPDATES_IN 1497294160
1463257918957	<INFO 7f123f7fe700> CORE::BYTES::UPDATES_OUT 1598828360
1463257918959	<INFO 7f123e7fc700> CORE::BYTES::UPDATES_IN 917085184
1463257918961	<INFO 7f123f7fe700> CORE::BYTES::UPDATES_IN 1080764792
1463257918963	<INFO 7f124a7f9700> SLIPSTORE service is exiting
1463257918965	<INFO 7f124a7f9700> SLIPSTORE::HELP_OFFERS_RECVD 98
1463257918968	<INFO 7f124a7f9700> SLIPSTORE::HELP_OFFERS_ACCEPTED 0
1463257918970	<INFO 7f124a7f9700> SLIPSTORE::HELP_ACCEPTANCE_RATIO 0
1463257918972	<INFO 7f124a7f9700> SLIPSTORE::SERVER_BUSY_DISK  944.984 seconds
1463257918974	<INFO 7f124a7f9700> SLIPSTORE::SERVER_BUSY_MEM  0 seconds
1463257918977	<INFO 7f124a7f9700> SLIPSTORE::SERVER_TOTAL  1100.06 seconds
1463257918979	<INFO 7f3068112780> SLIPSTORE::CLIENT::DISK_READ_TIME  818.079 seconds
1463257918981	<INFO 7f3068112780> SLIPSTORE::CLIENT::MEM_READ_TIME  0 seconds
1463257918984	<INFO 7f3068112780> SLIPSTORE::CLIENT::DISK_BYTES_READ 116136072080
1463257918986	<INFO 7f3068112780> SLIPSTORE::CLIENT::MEM_BYTES_READ 0
1463257918988	<INFO 7f3068112780> SLIPSTORE::CLIENT::WRITE_TIME  204.383 seconds
1463257918991	<INFO 7f3068112780> SLIPSTORE::CLIENT::BYTES_WRITTEN 1377630272
1463257918993	<INFO 7f3068112780> SLIPSTORE::CLIENT_BUSY  1022.46 seconds
1463257918995	<INFO 7f3068112780> SLIPSTORE::IO::TIME 757.354 seconds
1463257918998	<INFO 7f3068112780> SLIPSTORE::SNAP::TIME 0 seconds
1463257919000	<INFO 7f3068112780> SLIPSTORE::MAX_DISK_USAGE_BYTES 18094678500
1463257919003	<INFO 7f3068112780> CORE::RUSAGE::MAX_RSS_KB 125939836
1463257919005	<INFO 7f3068112780> CORE::RUSAGE::MINFLT 66172649
1463257919007	<INFO 7f3068112780> CORE::RUSAGE::MAJFLT 3
1463257919010	<INFO 7f3068112780> CORE::RUSAGE::MAJFLT 3
1463257919012	<INFO 7f3068112780> CORE::RUSAGE::INBLK 222168720
1463257919014	<INFO 7f3068112780> CORE::RUSAGE::OUBLK 45175576
1463257919017	<INFO 7f3068112780> CORE::UTILS::BYTES_READ 116687170084
1463257919019	<INFO 7f3068112780> CORE::UTILS::BYTES_WRITTEN 23127512044
1463257919021	<INFO 7f3068112780> CORE::UTILS::TILE_COPY_BYTES 2410852976
1463257919024	<INFO 7f3068112780> CORE::TIME::IO_WAIT 839.734 seconds
1463257919026	<INFO 7f3068112780> CORE::TIME_TILE_COPY 0 seconds
1463257919028	<INFO 7f3068112780> CORE::TIME_TILE_MERGE 0 seconds
1463257919031	<INFO 7f3068112780> CORE::TIME_PROCESSING_STOLEN 0 seconds
1463257919033	<INFO 7f3068112780> CORE::TIME_MERGE_WAIT 0 seconds
1463257919036	<INFO 7f3068112780> CORE::OTHER_TIME_ALL_MC_BARRIER 0 seconds
1463257919038	<INFO 7f3068112780> CORE::SCATTER_TIME_ALL_MC_BARRIER 26.4279 seconds
1463257919040	<INFO 7f3068112780> CORE::GATHER_TIME_ALL_MC_BARRIER 0.015661 seconds
1463257919043	<INFO 7f3068112780> CORE::INIT_TIME_ALL_MC_BARRIER 0.701567 seconds
1463257919045	<INFO 7f3068112780> CORE::SHUT_DOWN_TIME_ALL_MC_BARRIER 0.00577 seconds
1463257919047	<INFO 7f3068112780> CORE::STREAM_SKIP_BEFORE_TIME_ALL_MC_BARRIER 2.00077 seconds
1463257919049	<INFO 7f3068112780> CORE::TAKE_CHECKPOINT_BEFORE_TIME_ALL_MC_BARRIER 0 seconds
1463257919052	<INFO 7f3068112780> CORE::TAKE_CHECKPOINT_COMPLETE_TIME_ALL_MC_BARRIER 0 seconds
1463257919054	<INFO 7f3068112780> CORE::METADATA_WRITE_COMPLETE_TIME_ALL_MC_BARRIER 0 seconds
1463257919057	<INFO 7f3068112780> CORE::STREAM_EOF_BEFORE_TIME_ALL_MC_BARRIER 0 seconds
1463257919059	<INFO 7f3068112780> CORE::STREAM_EOF_AFTER_TIME_ALL_MC_BARRIER 0 seconds
1463257919062	<INFO 7f3068112780> CORE::STATE_LOAD_TIME_ALL_MC_BARRIER 0 seconds
1463257919064	<INFO 7f3068112780> CORE::STATE_STORE_TIME_ALL_MC_BARRIER 0 seconds
1463257919067	<INFO 7f3068112780> CORE::PHASES 7
1463257919069	<INFO 7f3068112780> CORE::TIME::SETUP 1.99016 seconds
1463257919071	<INFO 7f3068112780> CORE::TIME::INIT_PARTITIONS_TIME 203.638 seconds
1463257919073	<INFO 7f3068112780> CORE::TIME::STATE_ITER 0.479097 seconds
1463257919076	<INFO 7f3068112780> CORE::TIME::GATHER 117.715 seconds
1463257919078	<INFO 7f3068112780> CORE::TIME::SCATTER 777.78 seconds
1463257919080	<INFO 7f3068112780> CORE::TIME::WALL 1101.87 seconds
1463257919082	<INFO 7f3068112780> SHUTDOWN
