1462379094971	<INFO 7fcfdd89a780> 2016-05-04 18:24:54 STARTUP
1462379094973	<INFO 7fcfdd89a780> CORE::GRAPH rmat-24-und_s8
1462379094976	<INFO 7fcfdd89a780> CORE::ALGORITHM bfs
1462379094978	<INFO 7fcfdd89a780> CORE::VERTEX_STRIPING OFF
1462379094980	<INFO 7fcfdd89a780> CORE::OPTIMIZED_STATE_LOAD_STORE OFF
1462379094982	<INFO 7fcfdd89a780> CORE::BINARY_SEARCH_SUPER_PARTITION ON
1462379094985	<INFO 7fcfdd89a780> CORE::SUPER_PARTITION_COMPUTED_FOR_EACH_SCATTER_GATHER_PHASE
1462379094987	<INFO 7fcfdd89a780> CORE::EDGE_STRIPING ON
1462379094989	<INFO 7fcfdd89a780> CORE::BATCH IO ON
1462379094991	<INFO 7fcfdd89a780> 2016-05-04 18:24:54 Blocking memory amount 126701535232
1462379202451	<INFO 7fcfdd89a780> 2016-05-04 18:26:42 Done blocking memory
1462379202453	<INFO 7fcfdd89a780> SG-DRIVER-ORIGINAL
1462379202456	<INFO 7fcfdd89a780> 2016-05-04 18:26:42 START read config parameters
1462379202458	<INFO 7fcfdd89a780> PARTITIONING::OLD 0
1462379202460	<INFO 7fcfdd89a780> PARTITIONING::BALANCED_PARTITIONS 0
1462379202463	<INFO 7fcfdd89a780> CORE::CONFIG::PROCESSORS 8
1462379202465	<INFO 7fcfdd89a780> CORE::CONFIG::PHYSICAL_MEMORY 2147483648
1462379202467	<INFO 7fcfdd89a780> CORE::CONFIG::VERTICES 16777216
1462379202470	<INFO 7fcfdd89a780> CORE::CONFIG::VERTEX_SIZE 8
1462379202473	<INFO 7fcfdd89a780> CORE::CONFIG::VERTEX_BUFFER 57620952
1462379202475	<INFO 7fcfdd89a780> CORE::CONFIG::EDGES 67108864
1462379202477	<INFO 7fcfdd89a780> CORE::CONFIG::PARTITIONS 64
1462379202479	<INFO 7fcfdd89a780> CORE::CONFIG::FANOUT 64
1462379202482	<INFO 7fcfdd89a780> CORE::CONFIG::SUPER_PARTITIONS 8
1462379202484	<INFO 7fcfdd89a780> CORE::CONFIG::TILES 1
1462379202486	<INFO 7fcfdd89a780> CORE::CONFIG::BUFFER_SIZE 417971412
1462379202488	<INFO 7fcfdd89a780> CORE::CONFIG::MAX_BUFFERS 4
1462379202490	<INFO 7fcfdd89a780> CORE::CONFIG::MAX_STREAMS 4
1462379202493	<INFO 7fcfdd89a780> CORE::CONFIG::SUM_OF_OUT_DEGREES_FOR_NEW_PARTITIONS::FIRST_CONSTRAINT 0
1462379202496	<INFO 7fcfdd89a780> CORE::CONFIG::MAX_EDGES_PER_NEW_PARTITION::SECOND_CONSTRAINT 0
1462379202498	<INFO 7fcfdd89a780> SLIPSTREAM::EXT_MEM_SHUFFLE OFF
1462379202500	<INFO 7fcfdd89a780> 2016-05-04 18:26:42 END read config parameters
1462379204205	<WARNING 7fcfdd89a780> Unable to unlink file (stream.0.0.0):No such file or directory
1462379204208	<WARNING 7fcfdd89a780> Unable to unlink file (stream.0.1.0):No such file or directory
1462379204210	<WARNING 7fcfdd89a780> Unable to unlink file (stream.0.2.0):No such file or directory
1462379204212	<WARNING 7fcfdd89a780> Unable to unlink file (stream.0.3.0):No such file or directory
1462379204214	<WARNING 7fcfdd89a780> Unable to unlink file (stream.0.4.0):No such file or directory
1462379204217	<WARNING 7fcfdd89a780> Unable to unlink file (stream.0.5.0):No such file or directory
1462379204219	<WARNING 7fcfdd89a780> Unable to unlink file (stream.0.6.0):No such file or directory
1462379204221	<WARNING 7fcfdd89a780> Unable to unlink file (stream.0.7.0):No such file or directory
1462379204223	<WARNING 7fcfdd89a780> Unable to unlink file (stream.1.1.0):No such file or directory
1462379204226	<WARNING 7fcfdd89a780> Unable to unlink file (stream.1.2.0):No such file or directory
1462379204228	<WARNING 7fcfdd89a780> Unable to unlink file (stream.1.3.0):No such file or directory
1462379204231	<WARNING 7fcfdd89a780> Unable to unlink file (stream.1.4.0):No such file or directory
1462379204233	<WARNING 7fcfdd89a780> Unable to unlink file (stream.1.5.0):No such file or directory
1462379204236	<WARNING 7fcfdd89a780> Unable to unlink file (stream.1.6.0):No such file or directory
1462379204238	<WARNING 7fcfdd89a780> Unable to unlink file (stream.1.7.0):No such file or directory
1462379204241	<WARNING 7fcfdd89a780> Unable to unlink file (stream.2.0.0):No such file or directory
1462379204243	<WARNING 7fcfdd89a780> Unable to unlink file (stream.2.1.0):No such file or directory
1462379204245	<WARNING 7fcfdd89a780> Unable to unlink file (stream.2.2.0):No such file or directory
1462379204248	<WARNING 7fcfdd89a780> Unable to unlink file (stream.2.3.0):No such file or directory
1462379204250	<WARNING 7fcfdd89a780> Unable to unlink file (stream.2.4.0):No such file or directory
1462379204252	<WARNING 7fcfdd89a780> Unable to unlink file (stream.2.5.0):No such file or directory
1462379204254	<WARNING 7fcfdd89a780> Unable to unlink file (stream.2.6.0):No such file or directory
1462379204257	<WARNING 7fcfdd89a780> Unable to unlink file (stream.2.7.0):No such file or directory
1462379204259	<WARNING 7fcfdd89a780> Unable to unlink file (stream.3.0.0):No such file or directory
1462379204262	<WARNING 7fcfdd89a780> Unable to unlink file (stream.3.1.0):No such file or directory
1462379204264	<WARNING 7fcfdd89a780> Unable to unlink file (stream.3.2.0):No such file or directory
1462379204266	<WARNING 7fcfdd89a780> Unable to unlink file (stream.3.3.0):No such file or directory
1462379204268	<WARNING 7fcfdd89a780> Unable to unlink file (stream.3.4.0):No such file or directory
1462379204271	<WARNING 7fcfdd89a780> Unable to unlink file (stream.3.5.0):No such file or directory
1462379204273	<WARNING 7fcfdd89a780> Unable to unlink file (stream.3.6.0):No such file or directory
1462379204276	<WARNING 7fcfdd89a780> Unable to unlink file (stream.3.7.0):No such file or directory
1462379204278	<INFO 7fcfdd89a780> SLIPSTORE::ZMQ_THREADS 2
1462379204281	<INFO 7fcfdd89a780> SLIPSTORE::COMM Connecting to tcp://dco-node137-10g:5016
1462379204285	<INFO 7fcfdd89a780> SLIPSTORE::COMM Connecting to tcp://dco-node138-10g:5034
1462379204287	<INFO 7fcfdd89a780> SLIPSTORE::COMM Connecting to tcp://dco-node139-10g:5052
1462379204290	<INFO 7fcfdd89a780> SLIPSTORE::COMM Connecting to tcp://dco-node140-10g:5070
1462379204292	<INFO 7fcfdd89a780> SLIPSTORE::COMM Connecting to tcp://dco-node141-10g:5088
1462379204295	<INFO 7fcfdd89a780> SLIPSTORE::COMM Connecting to tcp://dco-node142-10g:5106
1462379204298	<INFO 7fcfdd89a780> SLIPSTORE::COMM Connecting to tcp://dco-node143-10g:5124
1462379204300	<INFO 7fcfdd89a780> SLIPSTORE::COMM Connecting to tcp://dco-node144-10g:5142
1462379204303	<INFO 7fcfdd89a780> SLIPSTORE::COMM Listening at tcp://p1p1:5062
1462379204306	<INFO 7fcfdd89a780> SLIPSTORE::COMM Listening at tcp://p1p1:5063
1462379204308	<INFO 7fcfdd89a780> SLIPSTORE::COMM Listening at tcp://p1p1:5064
1462379204310	<INFO 7fcfdd89a780> SLIPSTORE::COMM Listening at ipc://client
1462379204314	<INFO 7fcfdd89a780> SLIPSTORE::COMM Listening at tcp://p1p1:5066
1462379204316	<INFO 7fcfdd89a780> SLIPSTORE::COMM Listening at tcp://p1p1:5067
1462379204318	<INFO 7fcfdd89a780> SLIPSTORE::COMM Listening at tcp://p1p1:5068
1462379204321	<INFO 7fcfdd89a780> SLIPSTORE::COMM Listening at tcp://p1p1:5069
1462379204323	<INFO 7fcfdd89a780> SLIPSTORE::COMM Connecting to tcp://dco-node137-10g:5016
1462379204325	<INFO 7fcfdd89a780> SLIPSTORE::COMM Connecting to tcp://dco-node138-10g:5034
1462379204327	<INFO 7fcfdd89a780> SLIPSTORE::COMM Connecting to tcp://dco-node139-10g:5052
1462379204330	<INFO 7fcfdd89a780> SLIPSTORE::COMM Connecting to tcp://dco-node140-10g:5070
1462379204332	<INFO 7fcfdd89a780> SLIPSTORE::COMM Connecting to tcp://dco-node141-10g:5088
1462379204334	<INFO 7fcfdd89a780> SLIPSTORE::COMM Connecting to tcp://dco-node142-10g:5106
1462379204336	<INFO 7fcfdd89a780> SLIPSTORE::COMM Connecting to tcp://dco-node143-10g:5124
1462379204338	<INFO 7fcfdd89a780> SLIPSTORE::COMM Connecting to tcp://dco-node144-10g:5142
1462379204341	<INFO 7fcfdd89a780> SLIPSTORE::COMM Connecting to tcp://dco-node137-10g:5003
1462379204343	<INFO 7fcfdd89a780> SLIPSTORE::COMM Connecting to tcp://dco-node138-10g:5021
1462379204345	<INFO 7fcfdd89a780> SLIPSTORE::COMM Connecting to tcp://dco-node139-10g:5039
1462379204348	<INFO 7fcfdd89a780> SLIPSTORE::COMM Connecting to ipc://server
1462379204351	<INFO 7fcfdd89a780> SLIPSTORE::COMM Connecting to tcp://dco-node141-10g:5075
1462379204353	<INFO 7fcfdd89a780> SLIPSTORE::COMM Connecting to tcp://dco-node142-10g:5093
1462379204355	<INFO 7fcfdd89a780> SLIPSTORE::COMM Connecting to tcp://dco-node143-10g:5111
1462379204358	<INFO 7fcfdd89a780> SLIPSTORE::COMM Connecting to tcp://dco-node144-10g:5129
1462379204361	<INFO 7fcfdd89a780> SLIPSTORE::COMM Connecting to tcp://dco-node141-10g:5089
1462379204363	<INFO 7fcfdd89a780> SLIPSTORE::COMM Listening at tcp://p1p1:5071
1462379204365	<INFO 7fcfdd89a780> SLIPSTORE::COMM Connecting to tcp://dco-node140-10g:5070
1462379204367	<INFO 7fcfdd89a780> SLIPSTORE::HELP_POLICY NONE
1462379204370	<INFO 7fcfdd89a780> SLIPSTORE::SERVER ASYNC
1462379204372	<INFO 7fcfdd89a780> SLIPSTORE::MACHINES 8
1462379204374	<INFO 7fcfdd89a780> SLIPSTORE::ME 3
1462379204377	<INFO 7fcfdd89a780> SLIPSTORE::SLIPCHUNK 4194304
1462379204379	<INFO 7fcfdd89a780> SLIPSTORE::QUOTA 18446744073709551615
1462379204381	<INFO 7fcfdd89a780> SLIPSTORE::IO PAGECACHE
1462379204383	<INFO 7fb1bffff700> SLIPSTORE::COMM Listening at tcp://p1p1:5070
1462379204385	<INFO 7fb1bffff700> SLIPSTORE::COMM Listening at tcp://p1p1:5054
1462379204388	<INFO 7fb1bffff700> SLIPSTORE::COMM Connecting to tcp://dco-node137-10g:5011
1462379204391	<INFO 7fb1bffff700> SLIPSTORE::COMM Listening at tcp://p1p1:5055
1462379204393	<INFO 7fb1bffff700> SLIPSTORE::COMM Connecting to tcp://dco-node138-10g:5029
1462379204395	<INFO 7fb1bffff700> SLIPSTORE::COMM Listening at tcp://p1p1:5056
1462379204399	<INFO 7fb1bffff700> SLIPSTORE::COMM Connecting to tcp://dco-node139-10g:5047
1462379204402	<INFO 7fb1bffff700> SLIPSTORE::COMM Listening at ipc://server
1462379204404	<INFO 7fb1bffff700> SLIPSTORE::COMM Connecting to ipc://client
1462379204407	<INFO 7fb1bffff700> SLIPSTORE::COMM Listening at tcp://p1p1:5058
1462379204409	<INFO 7fb1bffff700> SLIPSTORE::COMM Connecting to tcp://dco-node141-10g:5083
1462379204411	<INFO 7fb1bffff700> SLIPSTORE::COMM Listening at tcp://p1p1:5059
1462379204413	<INFO 7fb1bffff700> SLIPSTORE::COMM Connecting to tcp://dco-node142-10g:5101
1462379204415	<INFO 7fb1bffff700> SLIPSTORE::COMM Listening at tcp://p1p1:5060
1462379204418	<INFO 7fb1bffff700> SLIPSTORE::COMM Connecting to tcp://dco-node143-10g:5119
1462379204420	<INFO 7fb1bffff700> SLIPSTORE::COMM Listening at tcp://p1p1:5061
1462379204422	<INFO 7fb1bffff700> SLIPSTORE::COMM Connecting to tcp://dco-node144-10g:5137
1462379204657	<INFO 7fcfdd89a780> SLIPSTORE::CHECKPOINTS NONE FOUND
1462379204659	<INFO 7fcfdd89a780> 2016-05-04 18:26:44 Start edge split
1462379212096	<INFO 7fcfdd89a780> 2016-05-04 18:26:52 Completed init
1462379212298	<INFO 7fcfdd89a780> 2016-05-04 18:26:52 Started gather
1462379212364	<INFO 7fcfdd89a780> 2016-05-04 18:26:52 Completed gather
1462379212650	<INFO 7fcfdd89a780> 2016-05-04 18:26:52 Started scatter
1462379214357	<INFO 7fcfdd89a780> 2016-05-04 18:26:54 Completed scatter
1462379214487	<INFO 7fcfdd89a780> 2016-05-04 18:26:54 Completed phase 1 Bytes read 1613966644 Bytes written 809393660
1462379214509	<INFO 7fcfdd89a780> 2016-05-04 18:26:54 Started gather
1462379214614	<INFO 7fcfdd89a780> 2016-05-04 18:26:54 Completed gather
1462379214868	<INFO 7fcfdd89a780> 2016-05-04 18:26:54 Started scatter
1462379217004	<INFO 7fcfdd89a780> 2016-05-04 18:26:57 Completed scatter
1462379218086	<INFO 7fcfdd89a780> 2016-05-04 18:26:58 Completed phase 2 Bytes read 2423360304 Bytes written 1155730092
1462379218109	<INFO 7fcfdd89a780> 2016-05-04 18:26:58 Started gather
1462379219312	<INFO 7fcfdd89a780> 2016-05-04 18:26:59 Completed gather
1462379220687	<INFO 7fcfdd89a780> 2016-05-04 18:27:00 Started scatter
1462379222479	<INFO 7fcfdd89a780> 2016-05-04 18:27:02 Completed scatter
1462379223308	<INFO 7fcfdd89a780> 2016-05-04 18:27:03 Completed phase 3 Bytes read 3568756116 Bytes written 1356329644
1462379223330	<INFO 7fcfdd89a780> 2016-05-04 18:27:03 Started gather
1462379224060	<INFO 7fcfdd89a780> 2016-05-04 18:27:04 Completed gather
1462379224990	<INFO 7fcfdd89a780> 2016-05-04 18:27:04 Started scatter
1462379226701	<INFO 7fcfdd89a780> 2016-05-04 18:27:06 Completed scatter
1462379226887	<INFO 7fcfdd89a780> 2016-05-04 18:27:06 Completed phase 4 Bytes read 4568415048 Bytes written 1366860316
1462379226913	<INFO 7fcfdd89a780> 2016-05-04 18:27:06 Started gather
1462379226990	<INFO 7fcfdd89a780> 2016-05-04 18:27:06 Completed gather
1462379227284	<INFO 7fcfdd89a780> 2016-05-04 18:27:07 Started scatter
1462379229009	<INFO 7fcfdd89a780> 2016-05-04 18:27:09 Completed scatter
1462379229134	<INFO 7fcfdd89a780> 2016-05-04 18:27:09 Completed phase 5 Bytes read 5378005100 Bytes written 1376464596
1462379229155	<INFO 7fcfdd89a780> 2016-05-04 18:27:09 Started gather
1462379229235	<INFO 7fcfdd89a780> 2016-05-04 18:27:09 Completed gather
1462379229477	<INFO 7fcfdd89a780> 2016-05-04 18:27:09 Started scatter
1462379231140	<INFO 7fcfdd89a780> 2016-05-04 18:27:11 Completed scatter
1462379231338	<INFO 7fcfdd89a780> 2016-05-04 18:27:11 Completed phase 6 Bytes read 6186668760 Bytes written 1386065516
1462379231361	<INFO 7fcfdd89a780> 2016-05-04 18:27:11 Started gather
1462379231439	<INFO 7fcfdd89a780> 2016-05-04 18:27:11 Completed gather
1462379231710	<INFO 7fcfdd89a780> 2016-05-04 18:27:11 Started scatter
1462379233540	<INFO 7fcfdd89a780> 2016-05-04 18:27:13 Completed scatter
1462379233634	<INFO 7fcfdd89a780> 2016-05-04 18:27:13 Completed phase 7 Bytes read 6995329060 Bytes written 1395666412
1462379233636	<INFO 7fcfdd89a780> ALGORITHM::BFS::VERTICES_DISCOVERED 836389
1462379233638	<INFO 7fcfdd89a780> ALGORITHM::BFS::EDGES_EXPLORED 67694179
1462379233641	<INFO 7fcfdd89a780> CORE::PARTITIONS_PROCESSED 27
1462379233644	<INFO 7fcfdd89a780> CORE::BYTES::EDGES_STREAMED 620365776
1462379233646	<INFO 7fcfdd89a780> CORE::BYTES::UPDATES_OUT 66948360
1462379233648	<INFO 7fcfdd89a780> CORE::BYTES::UPDATES_IN 60335944
1462379233651	<INFO 7fb1be7fc700> CORE::PARTITIONS_PROCESSED 54
1462379233653	<INFO 7fb1be7fc700> CORE::BYTES::EDGES_STREAMED 625173780
1462379233655	<INFO 7fb1be7fc700> CORE::BYTES::UPDATES_OUT 62619624
1462379233658	<INFO 7fb1be7fc700> CORE::BYTES::UPDATES_IN 55842048
1462379233660	<INFO 7fb1bd7fa700> CORE::PARTITIONS_PROCESSED 43
1462379233662	<INFO 7fb1bd7fa700> CORE::BYTES::EDGES_STREAMED 798110976
1462379233664	<INFO 7fb1bd7fa700> CORE::BYTES::UPDATES_OUT 63911056
1462379233666	<INFO 7fb1bd7fa700> CORE::BYTES::UPDATES_IN 100932240
1462379233669	<INFO 7fb1beffd700> CORE::PARTITIONS_PROCESSED 29
1462379233672	<INFO 7fb1b37fe700> CORE::PARTITIONS_PROCESSED 27
1462379233674	<INFO 7fb1beffd700> CORE::BYTES::EDGES_STREAMED 650769048
1462379233676	<INFO 7fb1b3fff700> CORE::PARTITIONS_PROCESSED 59
1462379233678	<INFO 7fb1beffd700> CORE::BYTES::UPDATES_OUT 60450608
1462379233681	<INFO 7fb1bcff9700> CORE::PARTITIONS_PROCESSED 47
1462379233683	<INFO 7fb1beffd700> CORE::BYTES::UPDATES_IN 57108808
1462379233685	<INFO 7fb1b3fff700> CORE::BYTES::EDGES_STREAMED 643181184
1462379233687	<INFO 7fb1b37fe700> CORE::BYTES::EDGES_STREAMED 747699756
1462379233690	<INFO 7fb1bdffb700> CORE::PARTITIONS_PROCESSED 31
1462379233692	<INFO 7fb1bcff9700> CORE::BYTES::EDGES_STREAMED 1000097568
1462379233694	<INFO 7fb1b37fe700> CORE::BYTES::UPDATES_OUT 55973352
1462379233696	<INFO 7fb1bcff9700> CORE::BYTES::UPDATES_OUT 121558216
1462379233699	<INFO 7fb1bcff9700> CORE::BYTES::UPDATES_IN 85828640
1462379233701	<INFO 7fb1b3fff700> CORE::BYTES::UPDATES_OUT 61650520
1462379233703	<INFO 7fb1bdffb700> CORE::BYTES::EDGES_STREAMED 600946968
1462379233705	<INFO 7fb1b37fe700> CORE::BYTES::UPDATES_IN 61528552
1462379233708	<INFO 7fb1b3fff700> CORE::BYTES::UPDATES_IN 66251464
1462379233710	<INFO 7fb1bdffb700> CORE::BYTES::UPDATES_OUT 48441696
1462379233712	<INFO 7fb1bdffb700> CORE::BYTES::UPDATES_IN 53725736
1462379233714	<INFO 7fb1bffff700> SLIPSTORE service is exiting
1462379233717	<INFO 7fb1bffff700> SLIPSTORE::HELP_OFFERS_RECVD 98
1462379233719	<INFO 7fb1bffff700> SLIPSTORE::HELP_OFFERS_ACCEPTED 0
1462379233721	<INFO 7fb1bffff700> SLIPSTORE::HELP_ACCEPTANCE_RATIO 0
1462379233724	<INFO 7fb1bffff700> SLIPSTORE::SERVER_BUSY_DISK  18.268 seconds
1462379233726	<INFO 7fb1bffff700> SLIPSTORE::SERVER_BUSY_MEM  0 seconds
1462379233728	<INFO 7fb1bffff700> SLIPSTORE::SERVER_TOTAL  29.3922 seconds
1462379233730	<INFO 7fcfdd89a780> SLIPSTORE::CLIENT::DISK_READ_TIME  15.5762 seconds
1462379233733	<INFO 7fcfdd89a780> SLIPSTORE::CLIENT::MEM_READ_TIME  0 seconds
1462379233735	<INFO 7fcfdd89a780> SLIPSTORE::CLIENT::DISK_BYTES_READ 7180200300
1462379233738	<INFO 7fcfdd89a780> SLIPSTORE::CLIENT::MEM_BYTES_READ 0
1462379233740	<INFO 7fcfdd89a780> SLIPSTORE::CLIENT::WRITE_TIME  5.33358 seconds
1462379233743	<INFO 7fcfdd89a780> SLIPSTORE::CLIENT::BYTES_WRITTEN 76807168
1462379233745	<INFO 7fcfdd89a780> SLIPSTORE::CLIENT_BUSY  20.9097 seconds
1462379233747	<INFO 7fcfdd89a780> SLIPSTORE::IO::TIME 8.95553 seconds
1462379233749	<INFO 7fcfdd89a780> SLIPSTORE::SNAP::TIME 0 seconds
1462379233751	<INFO 7fcfdd89a780> SLIPSTORE::MAX_DISK_USAGE_BYTES 1135794916
1462379233754	<INFO 7fcfdd89a780> CORE::RUSAGE::MAX_RSS_KB 125956308
1462379233756	<INFO 7fcfdd89a780> CORE::RUSAGE::MINFLT 32600103
1462379233758	<INFO 7fcfdd89a780> CORE::RUSAGE::MAJFLT 3
1462379233761	<INFO 7fcfdd89a780> CORE::RUSAGE::MAJFLT 3
1462379233763	<INFO 7fcfdd89a780> CORE::RUSAGE::INBLK 1572984
1462379233765	<INFO 7fcfdd89a780> CORE::RUSAGE::OUBLK 2726224
1462379233767	<INFO 7fcfdd89a780> CORE::UTILS::BYTES_READ 6995329060
1462379233770	<INFO 7fcfdd89a780> CORE::UTILS::BYTES_WRITTEN 1395666412
1462379233772	<INFO 7fcfdd89a780> CORE::UTILS::TILE_COPY_BYTES 134412544
1462379233774	<INFO 7fcfdd89a780> CORE::TIME::IO_WAIT 13.0153 seconds
1462379233776	<INFO 7fcfdd89a780> CORE::TIME_TILE_COPY 0 seconds
1462379233779	<INFO 7fcfdd89a780> CORE::TIME_TILE_MERGE 0 seconds
1462379233781	<INFO 7fcfdd89a780> CORE::TIME_PROCESSING_STOLEN 0 seconds
1462379233784	<INFO 7fcfdd89a780> CORE::TIME_MERGE_WAIT 0 seconds
1462379233786	<INFO 7fcfdd89a780> CORE::OTHER_TIME_ALL_MC_BARRIER 0 seconds
1462379233788	<INFO 7fcfdd89a780> CORE::SCATTER_TIME_ALL_MC_BARRIER 0.928588 seconds
1462379233791	<INFO 7fcfdd89a780> CORE::GATHER_TIME_ALL_MC_BARRIER 0.017035 seconds
1462379233794	<INFO 7fcfdd89a780> CORE::INIT_TIME_ALL_MC_BARRIER 2.25916 seconds
1462379233796	<INFO 7fcfdd89a780> CORE::SHUT_DOWN_TIME_ALL_MC_BARRIER 0.002957 seconds
1462379233798	<INFO 7fcfdd89a780> CORE::STREAM_SKIP_BEFORE_TIME_ALL_MC_BARRIER 0.180282 seconds
1462379233800	<INFO 7fcfdd89a780> CORE::TAKE_CHECKPOINT_BEFORE_TIME_ALL_MC_BARRIER 0 seconds
1462379233803	<INFO 7fcfdd89a780> CORE::TAKE_CHECKPOINT_COMPLETE_TIME_ALL_MC_BARRIER 0 seconds
1462379233805	<INFO 7fcfdd89a780> CORE::METADATA_WRITE_COMPLETE_TIME_ALL_MC_BARRIER 0 seconds
1462379233807	<INFO 7fcfdd89a780> CORE::STREAM_EOF_BEFORE_TIME_ALL_MC_BARRIER 0 seconds
1462379233810	<INFO 7fcfdd89a780> CORE::STREAM_EOF_AFTER_TIME_ALL_MC_BARRIER 0 seconds
1462379233812	<INFO 7fcfdd89a780> CORE::STATE_LOAD_TIME_ALL_MC_BARRIER 0 seconds
1462379233814	<INFO 7fcfdd89a780> CORE::STATE_STORE_TIME_ALL_MC_BARRIER 0 seconds
1462379233817	<INFO 7fcfdd89a780> CORE::PHASES 7
1462379233819	<INFO 7fcfdd89a780> CORE::TIME::SETUP 2.21296 seconds
1462379233822	<INFO 7fcfdd89a780> CORE::TIME::STATE_ITER 0.03132 seconds
1462379233824	<INFO 7fcfdd89a780> CORE::TIME::GATHER 6.13792 seconds
1462379233826	<INFO 7fcfdd89a780> CORE::TIME::SCATTER 15.0832 seconds
1462379233828	<INFO 7fcfdd89a780> CORE::TIME::WALL 31.1943 seconds
1462379233831	<INFO 7fcfdd89a780> SHUTDOWN
