1461690139942	<INFO 7fd6e1748740> 2016-04-26 19:02:19 STARTUP
1461690139947	<INFO 7fd6e1748740> CORE::GRAPH rmat-28-und_s8
1461690139950	<INFO 7fd6e1748740> CORE::ALGORITHM bfs
1461690139954	<INFO 7fd6e1748740> CORE::VERTEX_STRIPING OFF
1461690139958	<INFO 7fd6e1748740> CORE::OPTIMIZED_STATE_LOAD_STORE OFF
1461690139962	<INFO 7fd6e1748740> CORE::BINARY_SEARCH_SUPER_PARTITION ON
1461690139966	<INFO 7fd6e1748740> CORE::SUPER_PARTITION_COMPUTED_FOR_EACH_SCATTER_GATHER_PHASE
1461690139970	<INFO 7fd6e1748740> CORE::BATCH IO OFF
1461690139973	<INFO 7fd6e1748740> 2016-04-26 19:02:19 Blocking memory amount 126701535232
1461690247360	<INFO 7fd6e1748740> 2016-04-26 19:04:07 Done blocking memory
1461690247363	<INFO 7fd6e1748740> SG-DRIVER-ORIGINAL
1461690247368	<INFO 7fd6e1748740> 2016-04-26 19:04:07 START read config parameters
1461690247371	<INFO 7fd6e1748740> PARTITIONING::OLD 0
1461690247375	<INFO 7fd6e1748740> PARTITIONING::BALANCED_PARTITIONS 0
1461690247379	<INFO 7fd6e1748740> CORE::CONFIG::PROCESSORS 8
1461690247382	<INFO 7fd6e1748740> CORE::CONFIG::PHYSICAL_MEMORY 2147483648
1461690247386	<INFO 7fd6e1748740> CORE::CONFIG::VERTICES 268435456
1461690247390	<INFO 7fd6e1748740> CORE::CONFIG::VERTEX_SIZE 8
1461690247394	<INFO 7fd6e1748740> CORE::CONFIG::VERTEX_BUFFER 922066808
1461690247398	<INFO 7fd6e1748740> CORE::CONFIG::EDGES 1073741824
1461690247402	<INFO 7fd6e1748740> CORE::CONFIG::PARTITIONS 64
1461690247405	<INFO 7fd6e1748740> CORE::CONFIG::FANOUT 64
1461690247409	<INFO 7fd6e1748740> CORE::CONFIG::SUPER_PARTITIONS 8
1461690247412	<INFO 7fd6e1748740> CORE::CONFIG::TILES 1
1461690247417	<INFO 7fd6e1748740> CORE::CONFIG::BUFFER_SIZE 245082241
1461690247421	<INFO 7fd6e1748740> CORE::CONFIG::MAX_BUFFERS 4
1461690247424	<INFO 7fd6e1748740> CORE::CONFIG::MAX_STREAMS 4
1461690247428	<INFO 7fd6e1748740> CORE::CONFIG::SUM_OF_OUT_DEGREES_FOR_NEW_PARTITIONS::FIRST_CONSTRAINT 0
1461690247432	<INFO 7fd6e1748740> CORE::CONFIG::MAX_EDGES_PER_NEW_PARTITION::SECOND_CONSTRAINT 0
1461690247436	<INFO 7fd6e1748740> SLIPSTREAM::EXT_MEM_SHUFFLE OFF
1461690247440	<INFO 7fd6e1748740> 2016-04-26 19:04:07 END read config parameters
1461690249154	<WARNING 7fd6e1748740> Unable to unlink file (stream.0.0.0):No such file or directory
1461690249158	<WARNING 7fd6e1748740> Unable to unlink file (stream.0.1.0):No such file or directory
1461690249162	<WARNING 7fd6e1748740> Unable to unlink file (stream.0.2.0):No such file or directory
1461690249165	<WARNING 7fd6e1748740> Unable to unlink file (stream.0.3.0):No such file or directory
1461690249170	<WARNING 7fd6e1748740> Unable to unlink file (stream.0.4.0):No such file or directory
1461690249174	<WARNING 7fd6e1748740> Unable to unlink file (stream.0.5.0):No such file or directory
1461690249178	<WARNING 7fd6e1748740> Unable to unlink file (stream.0.6.0):No such file or directory
1461690249182	<WARNING 7fd6e1748740> Unable to unlink file (stream.0.7.0):No such file or directory
1461690249187	<WARNING 7fd6e1748740> Unable to unlink file (stream.1.1.0):No such file or directory
1461690249191	<WARNING 7fd6e1748740> Unable to unlink file (stream.1.2.0):No such file or directory
1461690249195	<WARNING 7fd6e1748740> Unable to unlink file (stream.1.3.0):No such file or directory
1461690249200	<WARNING 7fd6e1748740> Unable to unlink file (stream.1.4.0):No such file or directory
1461690249203	<WARNING 7fd6e1748740> Unable to unlink file (stream.1.5.0):No such file or directory
1461690249208	<WARNING 7fd6e1748740> Unable to unlink file (stream.1.6.0):No such file or directory
1461690249211	<WARNING 7fd6e1748740> Unable to unlink file (stream.1.7.0):No such file or directory
1461690249215	<WARNING 7fd6e1748740> Unable to unlink file (stream.2.0.0):No such file or directory
1461690249219	<WARNING 7fd6e1748740> Unable to unlink file (stream.2.1.0):No such file or directory
1461690249223	<WARNING 7fd6e1748740> Unable to unlink file (stream.2.2.0):No such file or directory
1461690249227	<WARNING 7fd6e1748740> Unable to unlink file (stream.2.3.0):No such file or directory
1461690249231	<WARNING 7fd6e1748740> Unable to unlink file (stream.2.4.0):No such file or directory
1461690249235	<WARNING 7fd6e1748740> Unable to unlink file (stream.2.5.0):No such file or directory
1461690249239	<WARNING 7fd6e1748740> Unable to unlink file (stream.2.6.0):No such file or directory
1461690249243	<WARNING 7fd6e1748740> Unable to unlink file (stream.2.7.0):No such file or directory
1461690249247	<WARNING 7fd6e1748740> Unable to unlink file (stream.3.0.0):No such file or directory
1461690249250	<WARNING 7fd6e1748740> Unable to unlink file (stream.3.1.0):No such file or directory
1461690249254	<WARNING 7fd6e1748740> Unable to unlink file (stream.3.2.0):No such file or directory
1461690249257	<WARNING 7fd6e1748740> Unable to unlink file (stream.3.3.0):No such file or directory
1461690249261	<WARNING 7fd6e1748740> Unable to unlink file (stream.3.4.0):No such file or directory
1461690249265	<WARNING 7fd6e1748740> Unable to unlink file (stream.3.5.0):No such file or directory
1461690249269	<WARNING 7fd6e1748740> Unable to unlink file (stream.3.6.0):No such file or directory
1461690249273	<WARNING 7fd6e1748740> Unable to unlink file (stream.3.7.0):No such file or directory
1461690249276	<INFO 7fd6e1748740> SLIPSTORE::ZMQ_THREADS 2
1461690249279	<INFO 7fd6e1748740> SLIPSTORE::COMM Connecting to tcp://dco-node137-10g:5016
1461690249283	<INFO 7fd6e1748740> SLIPSTORE::COMM Connecting to tcp://dco-node138-10g:5034
1461690249287	<INFO 7fd6e1748740> SLIPSTORE::COMM Connecting to tcp://dco-node139-10g:5052
1461690249290	<INFO 7fd6e1748740> SLIPSTORE::COMM Connecting to tcp://dco-node140-10g:5070
1461690249293	<INFO 7fd6e1748740> SLIPSTORE::COMM Connecting to tcp://dco-node141-10g:5088
1461690249296	<INFO 7fd6e1748740> SLIPSTORE::COMM Connecting to tcp://dco-node142-10g:5106
1461690249299	<INFO 7fd6e1748740> SLIPSTORE::COMM Connecting to tcp://dco-node143-10g:5124
1461690249303	<INFO 7fd6e1748740> SLIPSTORE::COMM Connecting to tcp://dco-node144-10g:5142
1461690249307	<INFO 7fd6e1748740> SLIPSTORE::COMM Listening at tcp://ens1f0:5116
1461690249311	<INFO 7fd6e1748740> SLIPSTORE::COMM Listening at tcp://ens1f0:5117
1461690249314	<INFO 7fd6e1748740> SLIPSTORE::COMM Listening at tcp://ens1f0:5118
1461690249318	<INFO 7fd6e1748740> SLIPSTORE::COMM Listening at tcp://ens1f0:5119
1461690249321	<INFO 7fd6e1748740> SLIPSTORE::COMM Listening at tcp://ens1f0:5120
1461690249324	<INFO 7fd6e1748740> SLIPSTORE::COMM Listening at tcp://ens1f0:5121
1461690249327	<INFO 7fd6e1748740> SLIPSTORE::COMM Listening at ipc://client
1461690249331	<INFO 7fd6e1748740> SLIPSTORE::COMM Listening at tcp://ens1f0:5123
1461690249334	<INFO 7fd6e1748740> SLIPSTORE::COMM Connecting to tcp://dco-node137-10g:5016
1461690249337	<INFO 7fd6e1748740> SLIPSTORE::COMM Connecting to tcp://dco-node138-10g:5034
1461690249341	<INFO 7fd6e1748740> SLIPSTORE::COMM Connecting to tcp://dco-node139-10g:5052
1461690249345	<INFO 7fd6e1748740> SLIPSTORE::COMM Connecting to tcp://dco-node140-10g:5070
1461690249348	<INFO 7fd6e1748740> SLIPSTORE::COMM Connecting to tcp://dco-node141-10g:5088
1461690249351	<INFO 7fd6e1748740> SLIPSTORE::COMM Connecting to tcp://dco-node142-10g:5106
1461690249353	<INFO 7fd6e1748740> SLIPSTORE::COMM Connecting to tcp://dco-node143-10g:5124
1461690249357	<INFO 7fd6e1748740> SLIPSTORE::COMM Connecting to tcp://dco-node144-10g:5142
1461690249360	<INFO 7fd6e1748740> SLIPSTORE::COMM Connecting to tcp://dco-node137-10g:5006
1461690249362	<INFO 7fd6e1748740> SLIPSTORE::COMM Connecting to tcp://dco-node138-10g:5024
1461690249366	<INFO 7fd6e1748740> SLIPSTORE::COMM Connecting to tcp://dco-node139-10g:5042
1461690249369	<INFO 7fd6e1748740> SLIPSTORE::COMM Connecting to tcp://dco-node140-10g:5060
1461690249372	<INFO 7fd6e1748740> SLIPSTORE::COMM Connecting to tcp://dco-node141-10g:5078
1461690249376	<INFO 7fd6e1748740> SLIPSTORE::COMM Connecting to tcp://dco-node142-10g:5096
1461690249380	<INFO 7fd6e1748740> SLIPSTORE::COMM Connecting to ipc://server
1461690249382	<INFO 7fd6e1748740> SLIPSTORE::COMM Connecting to tcp://dco-node144-10g:5132
1461690249386	<INFO 7fd6e1748740> SLIPSTORE::COMM Connecting to tcp://dco-node144-10g:5143
1461690249390	<INFO 7fd6e1748740> SLIPSTORE::COMM Listening at tcp://ens1f0:5125
1461690249394	<INFO 7fd6e1748740> SLIPSTORE::COMM Connecting to tcp://dco-node143-10g:5124
1461690249397	<INFO 7fd6e1748740> SLIPSTORE::HELP_POLICY NONE
1461690249400	<INFO 7fd6e1748740> SLIPSTORE::SERVER ASYNC
1461690249402	<INFO 7fd6e1748740> SLIPSTORE::MACHINES 8
1461690249406	<INFO 7fd6e1748740> SLIPSTORE::ME 6
1461690249408	<INFO 7fd6e1748740> SLIPSTORE::SLIPCHUNK 4194304
1461690249411	<INFO 7fd6e1748740> SLIPSTORE::QUOTA 18446744073709551615
1461690249414	<INFO 7fd6e1748740> SLIPSTORE::IO PAGECACHE
1461690249416	<INFO 7fb8d57fa700> SLIPSTORE::COMM Listening at tcp://ens1f0:5124
1461690249419	<INFO 7fb8d57fa700> SLIPSTORE::COMM Listening at tcp://ens1f0:5108
1461690249422	<INFO 7fb8d57fa700> SLIPSTORE::COMM Connecting to tcp://dco-node137-10g:5014
1461690249425	<INFO 7fb8d57fa700> SLIPSTORE::COMM Listening at tcp://ens1f0:5109
1461690249428	<INFO 7fb8d57fa700> SLIPSTORE::COMM Connecting to tcp://dco-node138-10g:5032
1461690249430	<INFO 7fb8d57fa700> SLIPSTORE::COMM Listening at tcp://ens1f0:5110
1461690249433	<INFO 7fb8d57fa700> SLIPSTORE::COMM Connecting to tcp://dco-node139-10g:5050
1461690249436	<INFO 7fb8d57fa700> SLIPSTORE::COMM Listening at tcp://ens1f0:5111
1461690249440	<INFO 7fb8d57fa700> SLIPSTORE::COMM Connecting to tcp://dco-node140-10g:5068
1461690249443	<INFO 7fb8d57fa700> SLIPSTORE::COMM Listening at tcp://ens1f0:5112
1461690249446	<INFO 7fb8d57fa700> SLIPSTORE::COMM Connecting to tcp://dco-node141-10g:5086
1461690249448	<INFO 7fb8d57fa700> SLIPSTORE::COMM Listening at tcp://ens1f0:5113
1461690249451	<INFO 7fb8d57fa700> SLIPSTORE::COMM Connecting to tcp://dco-node142-10g:5104
1461690249454	<INFO 7fb8d57fa700> SLIPSTORE::COMM Listening at ipc://server
1461690249457	<INFO 7fb8d57fa700> SLIPSTORE::COMM Connecting to ipc://client
1461690249460	<INFO 7fb8d57fa700> SLIPSTORE::COMM Listening at tcp://ens1f0:5115
1461690249463	<INFO 7fb8d57fa700> SLIPSTORE::COMM Connecting to tcp://dco-node144-10g:5140
1461690249583	<INFO 7fd6e1748740> SLIPSTORE::CHECKPOINTS NONE FOUND
1461690249585	<INFO 7fd6e1748740> 2016-04-26 19:04:09 Start edge split
1461690359007	<INFO 7fd6e1748740> 2016-04-26 19:05:59 Completed init
1461690362319	<INFO 7fd6e1748740> 2016-04-26 19:06:02 Started gather
1461690363494	<INFO 7fd6e1748740> 2016-04-26 19:06:03 Completed gather
1461690367881	<INFO 7fd6e1748740> 2016-04-26 19:06:07 Started scatter
1461690428874	<INFO 7fd6e1748740> 2016-04-26 19:07:08 Completed scatter
1461690429567	<INFO 7fd6e1748740> 2016-04-26 19:07:09 Completed phase 1 Bytes read 26288945948 Bytes written 13408032116
1461690429590	<INFO 7fd6e1748740> 2016-04-26 19:07:09 Started gather
1461690432267	<INFO 7fd6e1748740> 2016-04-26 19:07:12 Completed gather
1461690437128	<INFO 7fd6e1748740> 2016-04-26 19:07:17 Started scatter
1461690518270	<INFO 7fd6e1748740> 2016-04-26 19:08:38 Completed scatter
1461690521079	<INFO 7fd6e1748740> 2016-04-26 19:08:41 Completed phase 2 Bytes read 39696978064 Bytes written 18412348188
1461690521102	<INFO 7fd6e1748740> 2016-04-26 19:08:41 Started gather
1461690552347	<INFO 7fd6e1748740> 2016-04-26 19:09:12 Completed gather
1461690655086	<INFO 7fd6e1748740> 2016-04-26 19:10:55 Started scatter
1461690732681	<INFO 7fd6e1748740> 2016-04-26 19:12:12 Completed scatter
1461690734091	<INFO 7fd6e1748740> 2016-04-26 19:12:14 Completed phase 3 Bytes read 57855097044 Bytes written 22484471196
1461690734115	<INFO 7fd6e1748740> 2016-04-26 19:12:14 Started gather
1461690758067	<INFO 7fd6e1748740> 2016-04-26 19:12:38 Completed gather
1461690832931	<INFO 7fd6e1748740> 2016-04-26 19:13:52 Started scatter
1461690894372	<INFO 7fd6e1748740> 2016-04-26 19:14:54 Completed scatter
1461690895028	<INFO 7fd6e1748740> 2016-04-26 19:14:55 Completed phase 4 Bytes read 75081022960 Bytes written 22757019372
1461690895051	<INFO 7fd6e1748740> 2016-04-26 19:14:55 Started gather
1461690900617	<INFO 7fd6e1748740> 2016-04-26 19:15:00 Completed gather
1461690903631	<INFO 7fd6e1748740> 2016-04-26 19:15:03 Started scatter
1461690965461	<INFO 7fd6e1748740> 2016-04-26 19:16:05 Completed scatter
1461690965485	<INFO 7fd6e1748740> 2016-04-26 19:16:05 Completed phase 5 Bytes read 88507374044 Bytes written 23007309732
1461690965506	<INFO 7fd6e1748740> 2016-04-26 19:16:05 Started gather
1461690967752	<INFO 7fd6e1748740> 2016-04-26 19:16:07 Completed gather
1461690974127	<INFO 7fd6e1748740> 2016-04-26 19:16:14 Started scatter
1461691035307	<INFO 7fd6e1748740> 2016-04-26 19:17:15 Completed scatter
1461691035895	<INFO 7fd6e1748740> 2016-04-26 19:17:15 Completed phase 6 Bytes read 101911467312 Bytes written 23257550996
1461691035918	<INFO 7fd6e1748740> 2016-04-26 19:17:15 Started gather
1461691041046	<INFO 7fd6e1748740> 2016-04-26 19:17:21 Completed gather
1461691043877	<INFO 7fd6e1748740> 2016-04-26 19:17:23 Started scatter
1461691105124	<INFO 7fd6e1748740> 2016-04-26 19:18:25 Completed scatter
1461691105594	<INFO 7fd6e1748740> 2016-04-26 19:18:25 Completed phase 7 Bytes read 115315511484 Bytes written 23507792148
1461691105597	<INFO 7fd6e1748740> ALGORITHM::BFS::VERTICES_DISCOVERED 14612166
1461691105599	<INFO 7fd6e1748740> ALGORITHM::BFS::EDGES_EXPLORED 1075287647
1461691105602	<INFO 7fd6e1748740> CORE::PARTITIONS_PROCESSED 300
1461691105604	<INFO 7fd6e1748740> CORE::BYTES::EDGES_STREAMED 10570137396
1461691105606	<INFO 7fd6e1748740> CORE::BYTES::UPDATES_OUT 950942608
1461691105608	<INFO 7fd6e1748740> CORE::BYTES::UPDATES_IN 1042704352
1461691105611	<INFO 7fb8b97fa700> CORE::PARTITIONS_PROCESSED 464
1461691105613	<INFO 7fb8b97fa700> CORE::BYTES::EDGES_STREAMED 10437517272
1461691105615	<INFO 7fb8b97fa700> CORE::BYTES::UPDATES_OUT 962574888
1461691105618	<INFO 7fb8b97fa700> CORE::BYTES::UPDATES_IN 1002364656
1461691105620	<INFO 7fb8b9ffb700> CORE::PARTITIONS_PROCESSED 370
1461691105622	<INFO 7fb8ba7fc700> CORE::PARTITIONS_PROCESSED 371
1461691105625	<INFO 7fb8baffd700> CORE::PARTITIONS_PROCESSED 281
1461691105627	<INFO 7fb8bb7fe700> CORE::PARTITIONS_PROCESSED 383
1461691105629	<INFO 7fb8bbfff700> CORE::PARTITIONS_PROCESSED 290
1461691105631	<INFO 7fb8b9ffb700> CORE::BYTES::EDGES_STREAMED 10087634376
1461691105633	<INFO 7fb8ba7fc700> CORE::BYTES::EDGES_STREAMED 10301239992
1461691105636	<INFO 7fb8b9ffb700> CORE::BYTES::UPDATES_OUT 978876944
1461691105638	<INFO 7fb8bbfff700> CORE::BYTES::EDGES_STREAMED 10256822196
1461691105640	<INFO 7fb8baffd700> CORE::BYTES::EDGES_STREAMED 10681753104
1461691105642	<INFO 7fb8ba7fc700> CORE::BYTES::UPDATES_OUT 996776752
1461691105644	<INFO 7fb8bb7fe700> CORE::BYTES::EDGES_STREAMED 10700519952
1461691105647	<INFO 7fb8baffd700> CORE::BYTES::UPDATES_OUT 1030883336
1461691105649	<INFO 7fb8b9ffb700> CORE::BYTES::UPDATES_IN 982277696
1461691105651	<INFO 7fb8bbfff700> CORE::BYTES::UPDATES_OUT 976447624
1461691105653	<INFO 7fb8baffd700> CORE::BYTES::UPDATES_IN 1033315184
1461691105656	<INFO 7fb8bb7fe700> CORE::BYTES::UPDATES_OUT 1043873160
1461691105658	<INFO 7fb8bbfff700> CORE::BYTES::UPDATES_IN 893120384
1461691105660	<INFO 7fb8ba7fc700> CORE::BYTES::UPDATES_IN 954745680
1461691105662	<INFO 7fb8bb7fe700> CORE::BYTES::UPDATES_IN 1035059032
1461691105665	<INFO 7fb8b8ff9700> CORE::PARTITIONS_PROCESSED 49
1461691105667	<INFO 7fb8b8ff9700> CORE::BYTES::EDGES_STREAMED 17289308004
1461691105669	<INFO 7fb8b8ff9700> CORE::BYTES::UPDATES_OUT 1661925864
1461691105671	<INFO 7fb8b8ff9700> CORE::BYTES::UPDATES_IN 1658714192
1461691105674	<INFO 7fb8d57fa700> SLIPSTORE service is exiting
1461691105676	<INFO 7fb8d57fa700> SLIPSTORE::HELP_OFFERS_RECVD 98
1461691105678	<INFO 7fb8d57fa700> SLIPSTORE::HELP_OFFERS_ACCEPTED 0
1461691105680	<INFO 7fb8d57fa700> SLIPSTORE::HELP_ACCEPTANCE_RATIO 0
1461691105683	<INFO 7fb8d57fa700> SLIPSTORE::SERVER_BUSY_DISK  458.84 seconds
1461691105685	<INFO 7fb8d57fa700> SLIPSTORE::SERVER_BUSY_MEM  0 seconds
1461691105687	<INFO 7fb8d57fa700> SLIPSTORE::SERVER_TOTAL  856.413 seconds
1461691105689	<INFO 7fd6e1748740> SLIPSTORE::CLIENT::DISK_READ_TIME  538.513 seconds
1461691105692	<INFO 7fd6e1748740> SLIPSTORE::CLIENT::MEM_READ_TIME  0 seconds
1461691105694	<INFO 7fd6e1748740> SLIPSTORE::CLIENT::DISK_BYTES_READ 115315511484
1461691105696	<INFO 7fd6e1748740> SLIPSTORE::CLIENT::MEM_BYTES_READ 0
1461691105699	<INFO 7fd6e1748740> SLIPSTORE::CLIENT::WRITE_TIME  110.327 seconds
1461691105701	<INFO 7fd6e1748740> SLIPSTORE::CLIENT::BYTES_WRITTEN 23489132280
1461691105703	<INFO 7fd6e1748740> SLIPSTORE::CLIENT_BUSY  648.837 seconds
1461691105705	<INFO 7fd6e1748740> SLIPSTORE::IO::TIME 424.87 seconds
1461691105708	<INFO 7fd6e1748740> SLIPSTORE::SNAP::TIME 0 seconds
1461691105710	<INFO 7fd6e1748740> SLIPSTORE::MAX_DISK_USAGE_BYTES 17907877828
1461691105712	<INFO 7fd6e1748740> CORE::RUSAGE::MAX_RSS_KB 125879868
1461691105715	<INFO 7fd6e1748740> CORE::RUSAGE::MINFLT 31467107
1461691105717	<INFO 7fd6e1748740> CORE::RUSAGE::MAJFLT 6
1461691105719	<INFO 7fd6e1748740> CORE::RUSAGE::MAJFLT 6
1461691105722	<INFO 7fd6e1748740> CORE::RUSAGE::INBLK 217747344
1461691105724	<INFO 7fd6e1748740> CORE::RUSAGE::OUBLK 45913848
1461691105726	<INFO 7fd6e1748740> CORE::UTILS::BYTES_READ 115315511484
1461691105729	<INFO 7fd6e1748740> CORE::UTILS::BYTES_WRITTEN 23507792148
1461691105731	<INFO 7fd6e1748740> CORE::UTILS::TILE_COPY_BYTES 3503376128
1461691105734	<INFO 7fd6e1748740> CORE::TIME::IO_WAIT 470.098 seconds
1461691105736	<INFO 7fd6e1748740> CORE::TIME_TILE_COPY 0 seconds
1461691105739	<INFO 7fd6e1748740> CORE::TIME_TILE_MERGE 0 seconds
1461691105742	<INFO 7fd6e1748740> CORE::TIME_PROCESSING_STOLEN 0 seconds
1461691105744	<INFO 7fd6e1748740> CORE::TIME_MERGE_WAIT 0 seconds
1461691105747	<INFO 7fd6e1748740> CORE::OTHER_TIME_ALL_MC_BARRIER 0 seconds
1461691105749	<INFO 7fd6e1748740> CORE::SCATTER_TIME_ALL_MC_BARRIER 5.864 seconds
1461691105751	<INFO 7fd6e1748740> CORE::GATHER_TIME_ALL_MC_BARRIER 0.018469 seconds
1461691105754	<INFO 7fd6e1748740> CORE::INIT_TIME_ALL_MC_BARRIER 3.71467 seconds
1461691105756	<INFO 7fd6e1748740> CORE::SHUT_DOWN_TIME_ALL_MC_BARRIER 0.002734 seconds
1461691105758	<INFO 7fd6e1748740> CORE::STREAM_SKIP_BEFORE_TIME_ALL_MC_BARRIER 2.65761 seconds
1461691105761	<INFO 7fd6e1748740> CORE::TAKE_CHECKPOINT_BEFORE_TIME_ALL_MC_BARRIER 0 seconds
1461691105763	<INFO 7fd6e1748740> CORE::TAKE_CHECKPOINT_COMPLETE_TIME_ALL_MC_BARRIER 0 seconds
1461691105766	<INFO 7fd6e1748740> CORE::METADATA_WRITE_COMPLETE_TIME_ALL_MC_BARRIER 0 seconds
1461691105768	<INFO 7fd6e1748740> CORE::STREAM_EOF_BEFORE_TIME_ALL_MC_BARRIER 0 seconds
1461691105771	<INFO 7fd6e1748740> CORE::STREAM_EOF_AFTER_TIME_ALL_MC_BARRIER 0 seconds
1461691105773	<INFO 7fd6e1748740> CORE::STATE_LOAD_TIME_ALL_MC_BARRIER 0 seconds
1461691105775	<INFO 7fd6e1748740> CORE::STATE_STORE_TIME_ALL_MC_BARRIER 0 seconds
1461691105778	<INFO 7fd6e1748740> CORE::PHASES 7
1461691105781	<INFO 7fd6e1748740> CORE::TIME::SETUP 2.22999 seconds
1461691105783	<INFO 7fd6e1748740> CORE::TIME::STATE_ITER 0.662754 seconds
1461691105785	<INFO 7fd6e1748740> CORE::TIME::GATHER 273.684 seconds
1461691105788	<INFO 7fd6e1748740> CORE::TIME::SCATTER 471.959 seconds
1461691105790	<INFO 7fd6e1748740> CORE::TIME::WALL 858.245 seconds
1461691105792	<INFO 7fd6e1748740> SHUTDOWN
