1461704317028	<INFO 7f5930923740> 2016-04-26 22:58:37 STARTUP
1461704317032	<INFO 7f5930923740> CORE::GRAPH rmat-28_s8
1461704317036	<INFO 7f5930923740> CORE::ALGORITHM pagerank
1461704317040	<INFO 7f5930923740> CORE::VERTEX_STRIPING OFF
1461704317044	<INFO 7f5930923740> CORE::OPTIMIZED_STATE_LOAD_STORE OFF
1461704317048	<INFO 7f5930923740> CORE::BINARY_SEARCH_SUPER_PARTITION ON
1461704317051	<INFO 7f5930923740> CORE::SUPER_PARTITION_COMPUTED_FOR_EACH_VERTEX
1461704317055	<INFO 7f5930923740> CORE::EDGE_STRIPING ON
1461704317058	<INFO 7f5930923740> CORE::BATCH IO ON
1461704317062	<INFO 7f5930923740> 2016-04-26 22:58:37 Blocking memory amount 126701535232
1461704425093	<INFO 7f5930923740> 2016-04-26 23:00:25 Done blocking memory
1461704425096	<INFO 7f5930923740> SG-DRIVER-ORIGINAL
1461704425100	<INFO 7f5930923740> 2016-04-26 23:00:25 START read config parameters
1461704425104	<INFO 7f5930923740> PARTITIONING::OLD 0
1461704425108	<INFO 7f5930923740> PARTITIONING::BALANCED_PARTITIONS 1
1461704425112	<INFO 7f5930923740> CORE::CONFIG::PROCESSORS 8
1461704425115	<INFO 7f5930923740> CORE::CONFIG::PHYSICAL_MEMORY 2147483648
1461704425119	<INFO 7f5930923740> CORE::CONFIG::VERTICES 268435456
1461704425123	<INFO 7f5930923740> CORE::CONFIG::VERTEX_SIZE 12
1461704425126	<INFO 7f5930923740> CORE::CONFIG::VERTEX_BUFFER 1402204788
1461704425130	<INFO 7f5930923740> CORE::CONFIG::EDGES 536870912
1461704425134	<INFO 7f5930923740> CORE::CONFIG::PARTITIONS 64
1461704425137	<INFO 7f5930923740> CORE::CONFIG::FANOUT 64
1461704425141	<INFO 7f5930923740> CORE::CONFIG::SUPER_PARTITIONS 8
1461704425145	<INFO 7f5930923740> CORE::CONFIG::TILES 1
1461704425148	<INFO 7f5930923740> CORE::CONFIG::BUFFER_SIZE 149054645
1461704425152	<INFO 7f5930923740> CORE::CONFIG::MAX_BUFFERS 4
1461704425156	<INFO 7f5930923740> CORE::CONFIG::MAX_STREAMS 4
1461704425160	<INFO 7f5930923740> CORE::CONFIG::SUM_OF_OUT_DEGREES_FOR_NEW_PARTITIONS::FIRST_CONSTRAINT 536870912
1461704425163	<INFO 7f5930923740> CORE::CONFIG::MAX_EDGES_PER_NEW_PARTITION::SECOND_CONSTRAINT 536870912
1461704425167	<INFO 7f5930923740> SLIPSTREAM::EXT_MEM_SHUFFLE OFF
1461704425171	<INFO 7f5930923740> 2016-04-26 23:00:25 END read config parameters
1461704426936	<WARNING 7f5930923740> Unable to unlink file (stream.0.0.0):No such file or directory
1461704426941	<WARNING 7f5930923740> Unable to unlink file (stream.0.1.0):No such file or directory
1461704426945	<WARNING 7f5930923740> Unable to unlink file (stream.0.2.0):No such file or directory
1461704426949	<WARNING 7f5930923740> Unable to unlink file (stream.0.3.0):No such file or directory
1461704426952	<WARNING 7f5930923740> Unable to unlink file (stream.0.4.0):No such file or directory
1461704426956	<WARNING 7f5930923740> Unable to unlink file (stream.0.5.0):No such file or directory
1461704426960	<WARNING 7f5930923740> Unable to unlink file (stream.0.6.0):No such file or directory
1461704426964	<WARNING 7f5930923740> Unable to unlink file (stream.0.7.0):No such file or directory
1461704426968	<WARNING 7f5930923740> Unable to unlink file (stream.1.1.0):No such file or directory
1461704426972	<WARNING 7f5930923740> Unable to unlink file (stream.1.2.0):No such file or directory
1461704426977	<WARNING 7f5930923740> Unable to unlink file (stream.1.3.0):No such file or directory
1461704426981	<WARNING 7f5930923740> Unable to unlink file (stream.1.4.0):No such file or directory
1461704426985	<WARNING 7f5930923740> Unable to unlink file (stream.1.5.0):No such file or directory
1461704426989	<WARNING 7f5930923740> Unable to unlink file (stream.1.6.0):No such file or directory
1461704426993	<WARNING 7f5930923740> Unable to unlink file (stream.1.7.0):No such file or directory
1461704426997	<WARNING 7f5930923740> Unable to unlink file (stream.2.0.0):No such file or directory
1461704427001	<WARNING 7f5930923740> Unable to unlink file (stream.2.1.0):No such file or directory
1461704427006	<WARNING 7f5930923740> Unable to unlink file (stream.2.2.0):No such file or directory
1461704427009	<WARNING 7f5930923740> Unable to unlink file (stream.2.3.0):No such file or directory
1461704427013	<WARNING 7f5930923740> Unable to unlink file (stream.2.4.0):No such file or directory
1461704427017	<WARNING 7f5930923740> Unable to unlink file (stream.2.5.0):No such file or directory
1461704427021	<WARNING 7f5930923740> Unable to unlink file (stream.2.6.0):No such file or directory
1461704427025	<WARNING 7f5930923740> Unable to unlink file (stream.2.7.0):No such file or directory
1461704427029	<WARNING 7f5930923740> Unable to unlink file (stream.3.0.0):No such file or directory
1461704427034	<WARNING 7f5930923740> Unable to unlink file (stream.3.1.0):No such file or directory
1461704427037	<WARNING 7f5930923740> Unable to unlink file (stream.3.2.0):No such file or directory
1461704427041	<WARNING 7f5930923740> Unable to unlink file (stream.3.3.0):No such file or directory
1461704427045	<WARNING 7f5930923740> Unable to unlink file (stream.3.4.0):No such file or directory
1461704427049	<WARNING 7f5930923740> Unable to unlink file (stream.3.5.0):No such file or directory
1461704427053	<WARNING 7f5930923740> Unable to unlink file (stream.3.6.0):No such file or directory
1461704427057	<WARNING 7f5930923740> Unable to unlink file (stream.3.7.0):No such file or directory
1461704427061	<INFO 7f5930923740> SLIPSTORE::ZMQ_THREADS 2
1461704427065	<INFO 7f5930923740> SLIPSTORE::COMM Connecting to tcp://dco-node137-10g:5016
1461704427069	<INFO 7f5930923740> SLIPSTORE::COMM Connecting to tcp://dco-node138-10g:5034
1461704427074	<INFO 7f5930923740> SLIPSTORE::COMM Connecting to tcp://dco-node139-10g:5052
1461704427078	<INFO 7f5930923740> SLIPSTORE::COMM Connecting to tcp://dco-node140-10g:5070
1461704427082	<INFO 7f5930923740> SLIPSTORE::COMM Connecting to tcp://dco-node141-10g:5088
1461704427086	<INFO 7f5930923740> SLIPSTORE::COMM Connecting to tcp://dco-node142-10g:5106
1461704427090	<INFO 7f5930923740> SLIPSTORE::COMM Connecting to tcp://dco-node143-10g:5124
1461704427095	<INFO 7f5930923740> SLIPSTORE::COMM Connecting to tcp://dco-node144-10g:5142
1461704427099	<INFO 7f5930923740> SLIPSTORE::COMM Listening at tcp://ens1f0:5098
1461704427102	<INFO 7f5930923740> SLIPSTORE::COMM Listening at tcp://ens1f0:5099
1461704427106	<INFO 7f5930923740> SLIPSTORE::COMM Listening at tcp://ens1f0:5100
1461704427110	<INFO 7f5930923740> SLIPSTORE::COMM Listening at tcp://ens1f0:5101
1461704427114	<INFO 7f5930923740> SLIPSTORE::COMM Listening at tcp://ens1f0:5102
1461704427118	<INFO 7f5930923740> SLIPSTORE::COMM Listening at ipc://client
1461704427122	<INFO 7f5930923740> SLIPSTORE::COMM Listening at tcp://ens1f0:5104
1461704427125	<INFO 7f5930923740> SLIPSTORE::COMM Listening at tcp://ens1f0:5105
1461704427129	<INFO 7f5930923740> SLIPSTORE::COMM Connecting to tcp://dco-node137-10g:5016
1461704427133	<INFO 7f5930923740> SLIPSTORE::COMM Connecting to tcp://dco-node138-10g:5034
1461704427137	<INFO 7f5930923740> SLIPSTORE::COMM Connecting to tcp://dco-node139-10g:5052
1461704427141	<INFO 7f5930923740> SLIPSTORE::COMM Connecting to tcp://dco-node140-10g:5070
1461704427145	<INFO 7f5930923740> SLIPSTORE::COMM Connecting to tcp://dco-node141-10g:5088
1461704427148	<INFO 7f5930923740> SLIPSTORE::COMM Connecting to tcp://dco-node142-10g:5106
1461704427153	<INFO 7f5930923740> SLIPSTORE::COMM Connecting to tcp://dco-node143-10g:5124
1461704427156	<INFO 7f5930923740> SLIPSTORE::COMM Connecting to tcp://dco-node144-10g:5142
1461704427160	<INFO 7f5930923740> SLIPSTORE::COMM Connecting to tcp://dco-node137-10g:5005
1461704427164	<INFO 7f5930923740> SLIPSTORE::COMM Connecting to tcp://dco-node138-10g:5023
1461704427167	<INFO 7f5930923740> SLIPSTORE::COMM Connecting to tcp://dco-node139-10g:5041
1461704427171	<INFO 7f5930923740> SLIPSTORE::COMM Connecting to tcp://dco-node140-10g:5059
1461704427175	<INFO 7f5930923740> SLIPSTORE::COMM Connecting to tcp://dco-node141-10g:5077
1461704427179	<INFO 7f5930923740> SLIPSTORE::COMM Connecting to ipc://server
1461704427182	<INFO 7f5930923740> SLIPSTORE::COMM Connecting to tcp://dco-node143-10g:5113
1461704427186	<INFO 7f5930923740> SLIPSTORE::COMM Connecting to tcp://dco-node144-10g:5131
1461704427189	<INFO 7f5930923740> SLIPSTORE::COMM Connecting to tcp://dco-node143-10g:5125
1461704427192	<INFO 7f5930923740> SLIPSTORE::COMM Listening at tcp://ens1f0:5107
1461704427196	<INFO 7f5930923740> SLIPSTORE::COMM Connecting to tcp://dco-node142-10g:5106
1461704427200	<INFO 7f5930923740> SLIPSTORE::HELP_POLICY NONE
1461704427204	<INFO 7f5930923740> SLIPSTORE::SERVER ASYNC
1461704427207	<INFO 7f5930923740> SLIPSTORE::MACHINES 8
1461704427211	<INFO 7f5930923740> SLIPSTORE::ME 5
1461704427214	<INFO 7f5930923740> SLIPSTORE::SLIPCHUNK 4194304
1461704427225	<INFO 7f5930923740> SLIPSTORE::QUOTA 18446744073709551615
1461704427228	<INFO 7f5930923740> SLIPSTORE::IO PAGECACHE
1461704427232	<INFO 7f3b123f8700> SLIPSTORE::COMM Listening at tcp://ens1f0:5106
1461704427237	<INFO 7f3b123f8700> SLIPSTORE::COMM Listening at tcp://ens1f0:5090
1461704427240	<INFO 7f3b123f8700> SLIPSTORE::COMM Connecting to tcp://dco-node137-10g:5013
1461704427245	<INFO 7f3b123f8700> SLIPSTORE::COMM Listening at tcp://ens1f0:5091
1461704427249	<INFO 7f3b123f8700> SLIPSTORE::COMM Connecting to tcp://dco-node138-10g:5031
1461704427253	<INFO 7f3b123f8700> SLIPSTORE::COMM Listening at tcp://ens1f0:5092
1461704427258	<INFO 7f3b123f8700> SLIPSTORE::COMM Connecting to tcp://dco-node139-10g:5049
1461704427262	<INFO 7f3b123f8700> SLIPSTORE::COMM Listening at tcp://ens1f0:5093
1461704427266	<INFO 7f3b123f8700> SLIPSTORE::COMM Connecting to tcp://dco-node140-10g:5067
1461704427269	<INFO 7f3b123f8700> SLIPSTORE::COMM Listening at tcp://ens1f0:5094
1461704427272	<INFO 7f3b123f8700> SLIPSTORE::COMM Connecting to tcp://dco-node141-10g:5085
1461704427277	<INFO 7f3b123f8700> SLIPSTORE::COMM Listening at ipc://server
1461704427280	<INFO 7f3b123f8700> SLIPSTORE::COMM Connecting to ipc://client
1461704427283	<INFO 7f3b123f8700> SLIPSTORE::COMM Listening at tcp://ens1f0:5096
1461704427286	<INFO 7f3b123f8700> SLIPSTORE::COMM Connecting to tcp://dco-node143-10g:5121
1461704427290	<INFO 7f3b123f8700> SLIPSTORE::COMM Listening at tcp://ens1f0:5097
1461704427293	<INFO 7f3b123f8700> SLIPSTORE::COMM Connecting to tcp://dco-node144-10g:5139
1461704427296	<INFO 7f5930923740> SLIPSTORE::CHECKPOINTS NONE FOUND
1461704427299	<INFO 7f5930923740> 2016-04-26 23:00:27 Start edge split
1461704478218	<INFO 7f5930923740> 2016-04-26 23:01:18 Completed init
1461704484293	<INFO 7f5930923740> 2016-04-26 23:01:24 Started gather
1461704487873	<INFO 7f5930923740> 2016-04-26 23:01:27 Completed gather
1461704493074	<INFO 7f5930923740> 2016-04-26 23:01:33 Started scatter
1461704545136	<INFO 7f5930923740> 2016-04-26 23:02:25 Completed scatter
1461704553328	<INFO 7f5930923740> 2016-04-26 23:02:33 Completed phase 1 Bytes read 14004784692 Bytes written 7562333748
1461704564274	<INFO 7f5930923740> 2016-04-26 23:02:44 Started gather
1461704567899	<INFO 7f5930923740> 2016-04-26 23:02:47 Completed gather
1461704573133	<INFO 7f5930923740> 2016-04-26 23:02:53 Started gather
1461704638804	<INFO 7f5930923740> 2016-04-26 23:03:58 Completed gather
1461704646759	<INFO 7f5930923740> 2016-04-26 23:04:06 Completed phase 2 Bytes read 22145995764 Bytes written 13561289696
1461704656571	<INFO 7f5930923740> 2016-04-26 23:04:16 Started gather
1461704715998	<INFO 7f5930923740> 2016-04-26 23:05:15 Completed gather
1461704864304	<INFO 7f5930923740> 2016-04-26 23:07:44 Started scatter
1461704922551	<INFO 7f5930923740> 2016-04-26 23:08:42 Completed scatter
1461704929499	<INFO 7f5930923740> 2016-04-26 23:08:49 Completed phase 3 Bytes read 34549530812 Bytes written 19012124888
1461704940052	<INFO 7f5930923740> 2016-04-26 23:09:00 Started gather
1461705000738	<INFO 7f5930923740> 2016-04-26 23:10:00 Completed gather
1461705154096	<INFO 7f5930923740> 2016-04-26 23:12:34 Started scatter
1461705210685	<INFO 7f5930923740> 2016-04-26 23:13:30 Completed scatter
1461705219047	<INFO 7f5930923740> 2016-04-26 23:13:39 Completed phase 4 Bytes read 46983822428 Bytes written 24450175624
1461705229253	<INFO 7f5930923740> 2016-04-26 23:13:49 Started gather
1461705290865	<INFO 7f5930923740> 2016-04-26 23:14:50 Completed gather
1461705446932	<INFO 7f5930923740> 2016-04-26 23:17:26 Started scatter
1461705503209	<INFO 7f5930923740> 2016-04-26 23:18:23 Completed scatter
1461705512034	<INFO 7f5930923740> 2016-04-26 23:18:32 Completed phase 5 Bytes read 59405329588 Bytes written 29865987064
1461705522229	<INFO 7f5930923740> 2016-04-26 23:18:42 Started gather
1461705583366	<INFO 7f5930923740> 2016-04-26 23:19:43 Completed gather
1461705740021	<INFO 7f5930923740> 2016-04-26 23:22:20 Started scatter
1461705797485	<INFO 7f5930923740> 2016-04-26 23:23:17 Completed scatter
1461705803856	<INFO 7f5930923740> 2016-04-26 23:23:23 Completed phase 6 Bytes read 71804597452 Bytes written 35332037384
1461705814641	<INFO 7f5930923740> 2016-04-26 23:23:34 Started gather
1461705875285	<INFO 7f5930923740> 2016-04-26 23:24:35 Completed gather
1461706031928	<INFO 7f5930923740> 2016-04-26 23:27:11 Started scatter
1461706090100	<INFO 7f5930923740> 2016-04-26 23:28:10 Completed scatter
1461706097969	<INFO 7f5930923740> 2016-04-26 23:28:17 Completed phase 7 Bytes read 84254104196 Bytes written 40693587760
1461706097971	<INFO 7f5930923740> CORE::PARTITIONS_PROCESSED 1185
1461706097974	<INFO 7f5930923740> CORE::BYTES::EDGES_STREAMED 5757920688
1461706097976	<INFO 7f5930923740> CORE::BYTES::UPDATES_OUT 3337345672
1461706097979	<INFO 7f5930923740> CORE::BYTES::UPDATES_IN 2654449384
1461706097981	<INFO 7f3b07fff700> CORE::PARTITIONS_PROCESSED 1328
1461706097983	<INFO 7f3b10bf5700> CORE::PARTITIONS_PROCESSED 1193
1461706097985	<INFO 7f3b07fff700> CORE::BYTES::EDGES_STREAMED 5986906044
1461706097988	<INFO 7f3b10bf5700> CORE::BYTES::EDGES_STREAMED 5310555696
1461706097990	<INFO 7f3b07fff700> CORE::BYTES::UPDATES_OUT 3409403888
1461706097992	<INFO 7f3b10bf5700> CORE::BYTES::UPDATES_OUT 3026688352
1461706097994	<INFO 7f3b07fff700> CORE::BYTES::UPDATES_IN 2973110840
1461706097996	<INFO 7f3b10bf5700> CORE::BYTES::UPDATES_IN 2668875008
1461706097999	<INFO 7f3b05ffb700> CORE::PARTITIONS_PROCESSED 1454
1461706098001	<INFO 7f3b077fe700> CORE::PARTITIONS_PROCESSED 1121
1461706098003	<INFO 7f3b05ffb700> CORE::BYTES::EDGES_STREAMED 6035278212
1461706098006	<INFO 7f3b06ffd700> CORE::PARTITIONS_PROCESSED 1161
1461706098008	<INFO 7f3b05ffb700> CORE::BYTES::UPDATES_OUT 3297529152
1461706098010	<INFO 7f3b113f6700> CORE::PARTITIONS_PROCESSED 1106
1461706098012	<INFO 7f3b067fc700> CORE::PARTITIONS_PROCESSED 1052
1461706098014	<INFO 7f3b06ffd700> CORE::BYTES::EDGES_STREAMED 5531984700
1461706098017	<INFO 7f3b05ffb700> CORE::BYTES::UPDATES_IN 3250514424
1461706098019	<INFO 7f3b077fe700> CORE::BYTES::EDGES_STREAMED 5276262732
1461706098021	<INFO 7f3b06ffd700> CORE::BYTES::UPDATES_OUT 3116678528
1461706098023	<INFO 7f3b113f6700> CORE::BYTES::EDGES_STREAMED 5700576288
1461706098026	<INFO 7f3b077fe700> CORE::BYTES::UPDATES_OUT 2932475280
1461706098028	<INFO 7f3b06ffd700> CORE::BYTES::UPDATES_IN 2590175248
1461706098030	<INFO 7f3b113f6700> CORE::BYTES::UPDATES_OUT 3398710008
1461706098033	<INFO 7f3b067fc700> CORE::BYTES::EDGES_STREAMED 5498194896
1461706098035	<INFO 7f3b077fe700> CORE::BYTES::UPDATES_IN 2502283912
1461706098037	<INFO 7f3b067fc700> CORE::BYTES::UPDATES_OUT 3251271552
1461706098039	<INFO 7f3b067fc700> CORE::BYTES::UPDATES_IN 2353686152
1461706098042	<INFO 7f3b113f6700> CORE::BYTES::UPDATES_IN 2482615912
1461706098044	<INFO 7f3b123f8700> SLIPSTORE service is exiting
1461706098046	<INFO 7f3b123f8700> SLIPSTORE::HELP_OFFERS_RECVD 98
1461706098049	<INFO 7f3b123f8700> SLIPSTORE::HELP_OFFERS_ACCEPTED 0
1461706098051	<INFO 7f3b123f8700> SLIPSTORE::HELP_ACCEPTANCE_RATIO 0
1461706098053	<INFO 7f3b123f8700> SLIPSTORE::SERVER_BUSY_DISK  422.583 seconds
1461706098056	<INFO 7f3b123f8700> SLIPSTORE::SERVER_BUSY_MEM  0 seconds
1461706098058	<INFO 7f3b123f8700> SLIPSTORE::SERVER_TOTAL  1671.01 seconds
1461706098060	<INFO 7f5930923740> SLIPSTORE::CLIENT::DISK_READ_TIME  209.17 seconds
1461706098063	<INFO 7f5930923740> SLIPSTORE::CLIENT::MEM_READ_TIME  0 seconds
1461706098065	<INFO 7f5930923740> SLIPSTORE::CLIENT::DISK_BYTES_READ 84610164760
1461706098068	<INFO 7f5930923740> SLIPSTORE::CLIENT::MEM_BYTES_READ 0
1461706098070	<INFO 7f5930923740> SLIPSTORE::CLIENT::WRITE_TIME  101.425 seconds
1461706098072	<INFO 7f5930923740> SLIPSTORE::CLIENT::BYTES_WRITTEN 8683159860
1461706098075	<INFO 7f5930923740> SLIPSTORE::CLIENT_BUSY  310.596 seconds
1461706098077	<INFO 7f5930923740> SLIPSTORE::IO::TIME 315.82 seconds
1461706098079	<INFO 7f5930923740> SLIPSTORE::SNAP::TIME 0 seconds
1461706098082	<INFO 7f5930923740> SLIPSTORE::MAX_DISK_USAGE_BYTES 11291752096
1461706098084	<INFO 7f5930923740> CORE::RUSAGE::MAX_RSS_KB 125959132
1461706098086	<INFO 7f5930923740> CORE::RUSAGE::MINFLT 38218666
1461706098089	<INFO 7f5930923740> CORE::RUSAGE::MAJFLT 6
1461706098092	<INFO 7f5930923740> CORE::RUSAGE::MAJFLT 6
1461706098094	<INFO 7f5930923740> CORE::RUSAGE::INBLK 141738192
1461706098097	<INFO 7f5930923740> CORE::RUSAGE::OUBLK 79481848
1461706098100	<INFO 7f5930923740> CORE::UTILS::BYTES_READ 84254104196
1461706098103	<INFO 7f5930923740> CORE::UTILS::BYTES_WRITTEN 40693587760
1461706098105	<INFO 7f5930923740> CORE::UTILS::TILE_COPY_BYTES 11577546480
1461706098108	<INFO 7f5930923740> CORE::TIME::IO_WAIT 93.6094 seconds
1461706098111	<INFO 7f5930923740> CORE::TIME_TILE_COPY 0 seconds
1461706098113	<INFO 7f5930923740> CORE::TIME_TILE_MERGE 0 seconds
1461706098116	<INFO 7f5930923740> CORE::TIME_PROCESSING_STOLEN 0 seconds
1461706098119	<INFO 7f5930923740> CORE::TIME_MERGE_WAIT 0 seconds
1461706098122	<INFO 7f5930923740> CORE::OTHER_TIME_ALL_MC_BARRIER 0 seconds
1461706098125	<INFO 7f5930923740> CORE::SCATTER_TIME_ALL_MC_BARRIER 45.7721 seconds
1461706098127	<INFO 7f5930923740> CORE::GATHER_TIME_ALL_MC_BARRIER 7.95343 seconds
1461706098130	<INFO 7f5930923740> CORE::INIT_TIME_ALL_MC_BARRIER 0.968531 seconds
1461706098134	<INFO 7f5930923740> CORE::SHUT_DOWN_TIME_ALL_MC_BARRIER 0.006088 seconds
1461706098136	<INFO 7f5930923740> CORE::STREAM_SKIP_BEFORE_TIME_ALL_MC_BARRIER 41.85 seconds
1461706098139	<INFO 7f5930923740> CORE::TAKE_CHECKPOINT_BEFORE_TIME_ALL_MC_BARRIER 0 seconds
1461706098142	<INFO 7f5930923740> CORE::TAKE_CHECKPOINT_COMPLETE_TIME_ALL_MC_BARRIER 0 seconds
1461706098145	<INFO 7f5930923740> CORE::METADATA_WRITE_COMPLETE_TIME_ALL_MC_BARRIER 0 seconds
1461706098148	<INFO 7f5930923740> CORE::STREAM_EOF_BEFORE_TIME_ALL_MC_BARRIER 0 seconds
1461706098150	<INFO 7f5930923740> CORE::STREAM_EOF_AFTER_TIME_ALL_MC_BARRIER 0 seconds
1461706098153	<INFO 7f5930923740> CORE::STATE_LOAD_TIME_ALL_MC_BARRIER 0 seconds
1461706098156	<INFO 7f5930923740> CORE::STATE_STORE_TIME_ALL_MC_BARRIER 0 seconds
1461706098159	<INFO 7f5930923740> CORE::PHASES 7
1461706098162	<INFO 7f5930923740> CORE::TIME::SETUP 2.07264 seconds
1461706098165	<INFO 7f5930923740> CORE::TIME::STATE_ITER 26.5868 seconds
1461706098169	<INFO 7f5930923740> CORE::TIME::GATHER 1134 seconds
1461706098172	<INFO 7f5930923740> CORE::TIME::SCATTER 458.885 seconds
1461706098176	<INFO 7f5930923740> CORE::TIME::WALL 1672.9 seconds
1461706098178	<INFO 7f5930923740> SHUTDOWN
