1462009103289	<INFO 7f6b048b3740> 2016-04-30 11:38:23 STARTUP
1462009103292	<INFO 7f6b048b3740> CORE::GRAPH rmat-28_s8
1462009103296	<INFO 7f6b048b3740> CORE::ALGORITHM pagerank
1462009103299	<INFO 7f6b048b3740> CORE::VERTEX_STRIPING OFF
1462009103302	<INFO 7f6b048b3740> CORE::UPDATES_STRIPING ON
1462009103306	<INFO 7f6b048b3740> CORE::UPDATES BATCH IO ON
1462009103310	<INFO 7f6b048b3740> CORE::OPTIMIZED_STATE_LOAD_STORE ON
1462009103314	<INFO 7f6b048b3740> CORE::BINARY_SEARCH_SUPER_PARTITION ON
1462009103317	<INFO 7f6b048b3740> CORE::SUPER_PARTITION_COMPUTED_FOR_EACH_SCATTER_GATHER_PHASE
1462009103321	<INFO 7f6b048b3740> CORE::BATCH IO OFF
1462009103325	<INFO 7f6b048b3740> 2016-04-30 11:38:23 Blocking memory amount 126701535232
1462009211166	<INFO 7f6b048b3740> 2016-04-30 11:40:11 Done blocking memory
1462009211170	<INFO 7f6b048b3740> SG-DRIVER-ORIGINAL
1462009211174	<INFO 7f6b048b3740> 2016-04-30 11:40:11 START read config parameters
1462009211178	<INFO 7f6b048b3740> PARTITIONING::OLD 0
1462009211182	<INFO 7f6b048b3740> PARTITIONING::BALANCED_PARTITIONS 0
1462009211185	<INFO 7f6b048b3740> CORE::CONFIG::PROCESSORS 8
1462009211189	<INFO 7f6b048b3740> CORE::CONFIG::PHYSICAL_MEMORY 2147483648
1462009211192	<INFO 7f6b048b3740> CORE::CONFIG::VERTICES 268435456
1462009211196	<INFO 7f6b048b3740> CORE::CONFIG::VERTEX_SIZE 12
1462009211199	<INFO 7f6b048b3740> CORE::CONFIG::VERTEX_BUFFER 1402204788
1462009211203	<INFO 7f6b048b3740> CORE::CONFIG::EDGES 536870912
1462009211207	<INFO 7f6b048b3740> CORE::CONFIG::PARTITIONS 64
1462009211211	<INFO 7f6b048b3740> CORE::CONFIG::FANOUT 64
1462009211214	<INFO 7f6b048b3740> CORE::CONFIG::SUPER_PARTITIONS 8
1462009211218	<INFO 7f6b048b3740> CORE::CONFIG::TILES 1
1462009211222	<INFO 7f6b048b3740> CORE::CONFIG::BUFFER_SIZE 149054645
1462009211225	<INFO 7f6b048b3740> CORE::CONFIG::MAX_BUFFERS 4
1462009211228	<INFO 7f6b048b3740> CORE::CONFIG::MAX_STREAMS 4
1462009211233	<INFO 7f6b048b3740> CORE::CONFIG::SUM_OF_OUT_DEGREES_FOR_NEW_PARTITIONS::FIRST_CONSTRAINT 536870912
1462009211236	<INFO 7f6b048b3740> CORE::CONFIG::MAX_EDGES_PER_NEW_PARTITION::SECOND_CONSTRAINT 536870912
1462009211240	<INFO 7f6b048b3740> SLIPSTREAM::EXT_MEM_SHUFFLE OFF
1462009211244	<INFO 7f6b048b3740> 2016-04-30 11:40:11 END read config parameters
1462009212979	<WARNING 7f6b048b3740> Unable to unlink file (stream.0.0.0):No such file or directory
1462009212982	<WARNING 7f6b048b3740> Unable to unlink file (stream.0.1.0):No such file or directory
1462009212985	<WARNING 7f6b048b3740> Unable to unlink file (stream.0.2.0):No such file or directory
1462009212990	<WARNING 7f6b048b3740> Unable to unlink file (stream.0.3.0):No such file or directory
1462009212993	<WARNING 7f6b048b3740> Unable to unlink file (stream.0.4.0):No such file or directory
1462009212998	<WARNING 7f6b048b3740> Unable to unlink file (stream.0.5.0):No such file or directory
1462009213002	<WARNING 7f6b048b3740> Unable to unlink file (stream.0.6.0):No such file or directory
1462009213006	<WARNING 7f6b048b3740> Unable to unlink file (stream.0.7.0):No such file or directory
1462009213010	<WARNING 7f6b048b3740> Unable to unlink file (stream.1.1.0):No such file or directory
1462009213015	<WARNING 7f6b048b3740> Unable to unlink file (stream.1.2.0):No such file or directory
1462009213018	<WARNING 7f6b048b3740> Unable to unlink file (stream.1.3.0):No such file or directory
1462009213022	<WARNING 7f6b048b3740> Unable to unlink file (stream.1.4.0):No such file or directory
1462009213026	<WARNING 7f6b048b3740> Unable to unlink file (stream.1.5.0):No such file or directory
1462009213030	<WARNING 7f6b048b3740> Unable to unlink file (stream.1.6.0):No such file or directory
1462009213034	<WARNING 7f6b048b3740> Unable to unlink file (stream.1.7.0):No such file or directory
1462009213038	<WARNING 7f6b048b3740> Unable to unlink file (stream.2.0.0):No such file or directory
1462009213042	<WARNING 7f6b048b3740> Unable to unlink file (stream.2.1.0):No such file or directory
1462009213045	<WARNING 7f6b048b3740> Unable to unlink file (stream.2.2.0):No such file or directory
1462009213048	<WARNING 7f6b048b3740> Unable to unlink file (stream.2.3.0):No such file or directory
1462009213052	<WARNING 7f6b048b3740> Unable to unlink file (stream.2.4.0):No such file or directory
1462009213056	<WARNING 7f6b048b3740> Unable to unlink file (stream.2.5.0):No such file or directory
1462009213060	<WARNING 7f6b048b3740> Unable to unlink file (stream.2.6.0):No such file or directory
1462009213063	<WARNING 7f6b048b3740> Unable to unlink file (stream.2.7.0):No such file or directory
1462009213067	<WARNING 7f6b048b3740> Unable to unlink file (stream.3.0.0):No such file or directory
1462009213070	<WARNING 7f6b048b3740> Unable to unlink file (stream.3.1.0):No such file or directory
1462009213074	<WARNING 7f6b048b3740> Unable to unlink file (stream.3.2.0):No such file or directory
1462009213077	<WARNING 7f6b048b3740> Unable to unlink file (stream.3.3.0):No such file or directory
1462009213080	<WARNING 7f6b048b3740> Unable to unlink file (stream.3.4.0):No such file or directory
1462009213083	<WARNING 7f6b048b3740> Unable to unlink file (stream.3.5.0):No such file or directory
1462009213086	<WARNING 7f6b048b3740> Unable to unlink file (stream.3.6.0):No such file or directory
1462009213089	<WARNING 7f6b048b3740> Unable to unlink file (stream.3.7.0):No such file or directory
1462009213093	<INFO 7f6b048b3740> SLIPSTORE::ZMQ_THREADS 2
1462009213096	<INFO 7f6b048b3740> SLIPSTORE::COMM Connecting to tcp://dco-node137-10g:5016
1462009213100	<INFO 7f6b048b3740> SLIPSTORE::COMM Connecting to tcp://dco-node138-10g:5034
1462009213102	<INFO 7f6b048b3740> SLIPSTORE::COMM Connecting to tcp://dco-node139-10g:5052
1462009213105	<INFO 7f6b048b3740> SLIPSTORE::COMM Connecting to tcp://dco-node140-10g:5070
1462009213108	<INFO 7f6b048b3740> SLIPSTORE::COMM Connecting to tcp://dco-node141-10g:5088
1462009213112	<INFO 7f6b048b3740> SLIPSTORE::COMM Connecting to tcp://dco-node142-10g:5106
1462009213116	<INFO 7f6b048b3740> SLIPSTORE::COMM Connecting to tcp://dco-node143-10g:5124
1462009213120	<INFO 7f6b048b3740> SLIPSTORE::COMM Connecting to tcp://dco-node144-10g:5142
1462009213124	<INFO 7f6b048b3740> SLIPSTORE::COMM Listening at tcp://ens1f0:5098
1462009213127	<INFO 7f6b048b3740> SLIPSTORE::COMM Listening at tcp://ens1f0:5099
1462009213130	<INFO 7f6b048b3740> SLIPSTORE::COMM Listening at tcp://ens1f0:5100
1462009213133	<INFO 7f6b048b3740> SLIPSTORE::COMM Listening at tcp://ens1f0:5101
1462009213135	<INFO 7f6b048b3740> SLIPSTORE::COMM Listening at tcp://ens1f0:5102
1462009213140	<INFO 7f6b048b3740> SLIPSTORE::COMM Listening at ipc://client
1462009213143	<INFO 7f6b048b3740> SLIPSTORE::COMM Listening at tcp://ens1f0:5104
1462009213145	<INFO 7f6b048b3740> SLIPSTORE::COMM Listening at tcp://ens1f0:5105
1462009213148	<INFO 7f6b048b3740> SLIPSTORE::COMM Connecting to tcp://dco-node137-10g:5016
1462009213151	<INFO 7f6b048b3740> SLIPSTORE::COMM Connecting to tcp://dco-node138-10g:5034
1462009213154	<INFO 7f6b048b3740> SLIPSTORE::COMM Connecting to tcp://dco-node139-10g:5052
1462009213157	<INFO 7f6b048b3740> SLIPSTORE::COMM Connecting to tcp://dco-node140-10g:5070
1462009213160	<INFO 7f6b048b3740> SLIPSTORE::COMM Connecting to tcp://dco-node141-10g:5088
1462009213162	<INFO 7f6b048b3740> SLIPSTORE::COMM Connecting to tcp://dco-node142-10g:5106
1462009213165	<INFO 7f6b048b3740> SLIPSTORE::COMM Connecting to tcp://dco-node143-10g:5124
1462009213168	<INFO 7f6b048b3740> SLIPSTORE::COMM Connecting to tcp://dco-node144-10g:5142
1462009213170	<INFO 7f6b048b3740> SLIPSTORE::COMM Connecting to tcp://dco-node137-10g:5005
1462009213173	<INFO 7f6b048b3740> SLIPSTORE::COMM Connecting to tcp://dco-node138-10g:5023
1462009213176	<INFO 7f6b048b3740> SLIPSTORE::COMM Connecting to tcp://dco-node139-10g:5041
1462009213179	<INFO 7f6b048b3740> SLIPSTORE::COMM Connecting to tcp://dco-node140-10g:5059
1462009213182	<INFO 7f6b048b3740> SLIPSTORE::COMM Connecting to tcp://dco-node141-10g:5077
1462009213184	<INFO 7f6b048b3740> SLIPSTORE::COMM Connecting to ipc://server
1462009213187	<INFO 7f6b048b3740> SLIPSTORE::COMM Connecting to tcp://dco-node143-10g:5113
1462009213189	<INFO 7f6b048b3740> SLIPSTORE::COMM Connecting to tcp://dco-node144-10g:5131
1462009213192	<INFO 7f6b048b3740> SLIPSTORE::COMM Connecting to tcp://dco-node143-10g:5125
1462009213195	<INFO 7f6b048b3740> SLIPSTORE::COMM Listening at tcp://ens1f0:5107
1462009213198	<INFO 7f6b048b3740> SLIPSTORE::COMM Connecting to tcp://dco-node142-10g:5106
1462009213201	<INFO 7f6b048b3740> SLIPSTORE::HELP_POLICY NONE
1462009213205	<INFO 7f6b048b3740> SLIPSTORE::SERVER ASYNC
1462009213207	<INFO 7f6b048b3740> SLIPSTORE::MACHINES 8
1462009213209	<INFO 7f6b048b3740> SLIPSTORE::ME 5
1462009213212	<INFO 7f6b048b3740> SLIPSTORE::SLIPCHUNK 4194304
1462009213215	<INFO 7f6b048b3740> SLIPSTORE::QUOTA 18446744073709551615
1462009213218	<INFO 7f6b048b3740> SLIPSTORE::IO PAGECACHE
1462009213221	<INFO 7f4cf8bf8700> SLIPSTORE::COMM Listening at tcp://ens1f0:5106
1462009213224	<INFO 7f4cf8bf8700> SLIPSTORE::COMM Listening at tcp://ens1f0:5090
1462009213227	<INFO 7f4cf8bf8700> SLIPSTORE::COMM Connecting to tcp://dco-node137-10g:5013
1462009213229	<INFO 7f4cf8bf8700> SLIPSTORE::COMM Listening at tcp://ens1f0:5091
1462009213232	<INFO 7f4cf8bf8700> SLIPSTORE::COMM Connecting to tcp://dco-node138-10g:5031
1462009213234	<INFO 7f4cf8bf8700> SLIPSTORE::COMM Listening at tcp://ens1f0:5092
1462009213237	<INFO 7f4cf8bf8700> SLIPSTORE::COMM Connecting to tcp://dco-node139-10g:5049
1462009213239	<INFO 7f4cf8bf8700> SLIPSTORE::COMM Listening at tcp://ens1f0:5093
1462009213242	<INFO 7f4cf8bf8700> SLIPSTORE::COMM Connecting to tcp://dco-node140-10g:5067
1462009213245	<INFO 7f4cf8bf8700> SLIPSTORE::COMM Listening at tcp://ens1f0:5094
1462009213248	<INFO 7f4cf8bf8700> SLIPSTORE::COMM Connecting to tcp://dco-node141-10g:5085
1462009213251	<INFO 7f4cf8bf8700> SLIPSTORE::COMM Listening at ipc://server
1462009213254	<INFO 7f4cf8bf8700> SLIPSTORE::COMM Connecting to ipc://client
1462009213257	<INFO 7f4cf8bf8700> SLIPSTORE::COMM Listening at tcp://ens1f0:5096
1462009213260	<INFO 7f4cf8bf8700> SLIPSTORE::COMM Connecting to tcp://dco-node143-10g:5121
1462009213262	<INFO 7f4cf8bf8700> SLIPSTORE::COMM Listening at tcp://ens1f0:5097
1462009213265	<INFO 7f4cf8bf8700> SLIPSTORE::COMM Connecting to tcp://dco-node144-10g:5139
1462009213812	<INFO 7f6b048b3740> SLIPSTORE::CHECKPOINTS NONE FOUND
1462009213815	<INFO 7f6b048b3740> 2016-04-30 11:40:13 Start edge split
1462009266647	<INFO 7f6b048b3740> 2016-04-30 11:41:06 Completed init
1462009272475	<INFO 7f6b048b3740> 2016-04-30 11:41:12 Started gather
1462009273575	<INFO 7f6b048b3740> 2016-04-30 11:41:13 Completed gather
1462009274785	<INFO 7f6b048b3740> 2016-04-30 11:41:14 Started scatter
1462009305500	<INFO 7f6b048b3740> 2016-04-30 11:41:45 Completed scatter
1462009306605	<INFO 7f6b048b3740> 2016-04-30 11:41:46 Completed phase 1 Bytes read 13463853876 Bytes written 7021402932
1462009319313	<INFO 7f6b048b3740> 2016-04-30 11:41:59 Started gather
1462009319315	<INFO 7f6b048b3740> 2016-04-30 11:41:59 Completed gather
1462009319339	<INFO 7f6b048b3740> 2016-04-30 11:41:59 Started gather
1462009368639	<INFO 7f6b048b3740> 2016-04-30 11:42:48 Completed gather
1462009370587	<INFO 7f6b048b3740> 2016-04-30 11:42:50 Completed phase 2 Bytes read 20485256808 Bytes written 11861604624
1462009387885	<INFO 7f6b048b3740> 2016-04-30 11:43:07 Started gather
1462009415910	<INFO 7f6b048b3740> 2016-04-30 11:43:35 Completed gather
1462009589547	<INFO 7f6b048b3740> 2016-04-30 11:46:29 Started scatter
1462009638432	<INFO 7f6b048b3740> 2016-04-30 11:47:18 Completed scatter
1462009638616	<INFO 7f6b048b3740> 2016-04-30 11:47:18 Completed phase 3 Bytes read 31767984108 Bytes written 16663629236
1462009652814	<INFO 7f6b048b3740> 2016-04-30 11:47:32 Started gather
1462009681779	<INFO 7f6b048b3740> 2016-04-30 11:48:01 Completed gather
1462009840304	<INFO 7f6b048b3740> 2016-04-30 11:50:40 Started scatter
1462009888688	<INFO 7f6b048b3740> 2016-04-30 11:51:28 Completed scatter
1462009889662	<INFO 7f6b048b3740> 2016-04-30 11:51:29 Completed phase 4 Bytes read 43012534328 Bytes written 21649458832
1462009902633	<INFO 7f6b048b3740> 2016-04-30 11:51:42 Started gather
1462009930515	<INFO 7f6b048b3740> 2016-04-30 11:52:10 Completed gather
1462010091344	<INFO 7f6b048b3740> 2016-04-30 11:54:51 Started scatter
1462010139602	<INFO 7f6b048b3740> 2016-04-30 11:55:39 Completed scatter
1462010140385	<INFO 7f6b048b3740> 2016-04-30 11:55:40 Completed phase 5 Bytes read 54440889532 Bytes written 26731806036
1462010154298	<INFO 7f6b048b3740> 2016-04-30 11:55:54 Started gather
1462010182449	<INFO 7f6b048b3740> 2016-04-30 11:56:22 Completed gather
1462010339611	<INFO 7f6b048b3740> 2016-04-30 11:58:59 Started scatter
1462010388071	<INFO 7f6b048b3740> 2016-04-30 11:59:48 Completed scatter
1462010390442	<INFO 7f6b048b3740> 2016-04-30 11:59:50 Completed phase 6 Bytes read 65965762344 Bytes written 31344478048
1462010403525	<INFO 7f6b048b3740> 2016-04-30 12:00:03 Started gather
1462010434619	<INFO 7f6b048b3740> 2016-04-30 12:00:34 Completed gather
1462010584621	<INFO 7f6b048b3740> 2016-04-30 12:03:04 Started scatter
1462010631094	<INFO 7f6b048b3740> 2016-04-30 12:03:51 Completed scatter
1462010633143	<INFO 7f6b048b3740> 2016-04-30 12:03:53 Completed phase 7 Bytes read 77020959964 Bytes written 36057747996
1462010636098	<INFO 7f6b048b3740> CORE::PARTITIONS_PROCESSED 792
1462010636100	<INFO 7f6b048b3740> CORE::BYTES::EDGES_STREAMED 5076372972
1462010636102	<INFO 7f6b048b3740> CORE::BYTES::UPDATES_OUT 2880778704
1462010636104	<INFO 7f6b048b3740> CORE::BYTES::UPDATES_IN 2504315328
1462010636107	<INFO 7f4cdbfff700> CORE::PARTITIONS_PROCESSED 618
1462010636109	<INFO 7f4cdbfff700> CORE::BYTES::EDGES_STREAMED 6416583276
1462010636111	<INFO 7f4cdbfff700> CORE::BYTES::UPDATES_OUT 3689762800
1462010636113	<INFO 7f4cdbfff700> CORE::BYTES::UPDATES_IN 3013214896
1462010636115	<INFO 7f4ce77fe700> CORE::PARTITIONS_PROCESSED 681
1462010636118	<INFO 7f4ce6ffd700> CORE::PARTITIONS_PROCESSED 1879
1462010636120	<INFO 7f4ce67fc700> CORE::PARTITIONS_PROCESSED 881
1462010636122	<INFO 7f4ce4ff9700> CORE::PARTITIONS_PROCESSED 1759
1462010636124	<INFO 7f4ce5ffb700> CORE::PARTITIONS_PROCESSED 1518
1462010636126	<INFO 7f4ce57fa700> CORE::PARTITIONS_PROCESSED 1472
1462010636128	<INFO 7f4ce5ffb700> CORE::BYTES::EDGES_STREAMED 7097545104
1462010636131	<INFO 7f4ce57fa700> CORE::BYTES::EDGES_STREAMED 7046334360
1462010636133	<INFO 7f4ce67fc700> CORE::BYTES::EDGES_STREAMED 4886519412
1462010636135	<INFO 7f4ce57fa700> CORE::BYTES::UPDATES_OUT 4013806408
1462010636137	<INFO 7f4ce6ffd700> CORE::BYTES::EDGES_STREAMED 4665341724
1462010636139	<INFO 7f4ce57fa700> CORE::BYTES::UPDATES_IN 3400973992
1462010636141	<INFO 7f4ce5ffb700> CORE::BYTES::UPDATES_OUT 4075641104
1462010636144	<INFO 7f4ce4ff9700> CORE::BYTES::EDGES_STREAMED 4874042580
1462010636146	<INFO 7f4ce67fc700> CORE::BYTES::UPDATES_OUT 2769015808
1462010636148	<INFO 7f4ce6ffd700> CORE::BYTES::UPDATES_OUT 2685614784
1462010636150	<INFO 7f4ce5ffb700> CORE::BYTES::UPDATES_IN 3402005416
1462010636153	<INFO 7f4ce77fe700> CORE::BYTES::EDGES_STREAMED 5034939828
1462010636155	<INFO 7f4ce6ffd700> CORE::BYTES::UPDATES_IN 2114675808
1462010636157	<INFO 7f4ce67fc700> CORE::BYTES::UPDATES_IN 2232896304
1462010636159	<INFO 7f4ce4ff9700> CORE::BYTES::UPDATES_OUT 2772715416
1462010636161	<INFO 7f4ce77fe700> CORE::BYTES::UPDATES_OUT 2882767408
1462010636164	<INFO 7f4ce4ff9700> CORE::BYTES::UPDATES_IN 2471038432
1462010636166	<INFO 7f4ce77fe700> CORE::BYTES::UPDATES_IN 2336590704
1462010641416	<INFO 7f4cf8bf8700> SLIPSTORE service is exiting
1462010641419	<INFO 7f4cf8bf8700> SLIPSTORE::HELP_OFFERS_RECVD 98
1462010641422	<INFO 7f4cf8bf8700> SLIPSTORE::HELP_OFFERS_ACCEPTED 0
1462010641427	<INFO 7f4cf8bf8700> SLIPSTORE::HELP_ACCEPTANCE_RATIO 0
1462010641430	<INFO 7f4cf8bf8700> SLIPSTORE::SERVER_BUSY_DISK  337.792 seconds
1462010641433	<INFO 7f4cf8bf8700> SLIPSTORE::SERVER_BUSY_MEM  0 seconds
1462010641436	<INFO 7f4cf8bf8700> SLIPSTORE::SERVER_TOTAL  1428.4 seconds
1462010641440	<INFO 7f6b048b3740> SLIPSTORE::CLIENT::DISK_READ_TIME  409.309 seconds
1462010641443	<INFO 7f6b048b3740> SLIPSTORE::CLIENT::MEM_READ_TIME  0 seconds
1462010641447	<INFO 7f6b048b3740> SLIPSTORE::CLIENT::DISK_BYTES_READ 77067982348
1462010641451	<INFO 7f6b048b3740> SLIPSTORE::CLIENT::MEM_BYTES_READ 0
1462010641454	<INFO 7f6b048b3740> SLIPSTORE::CLIENT::WRITE_TIME  149.805 seconds
1462010641457	<INFO 7f6b048b3740> SLIPSTORE::CLIENT::BYTES_WRITTEN 10494592212
1462010641460	<INFO 7f6b048b3740> SLIPSTORE::CLIENT_BUSY  559.112 seconds
1462010641463	<INFO 7f6b048b3740> SLIPSTORE::IO::TIME 367.954 seconds
1462010641467	<INFO 7f6b048b3740> SLIPSTORE::SNAP::TIME 0 seconds
1462010641471	<INFO 7f6b048b3740> SLIPSTORE::MAX_DISK_USAGE_BYTES 11524872812
1462010641475	<INFO 7f6b048b3740> CORE::RUSAGE::MAX_RSS_KB 125894560
1462010641478	<INFO 7f6b048b3740> CORE::RUSAGE::MINFLT 31606697
1462010641481	<INFO 7f6b048b3740> CORE::RUSAGE::MAJFLT 6
1462010641484	<INFO 7f6b048b3740> CORE::RUSAGE::MAJFLT 6
1462010641488	<INFO 7f6b048b3740> CORE::RUSAGE::INBLK 147415456
1462010641491	<INFO 7f6b048b3740> CORE::RUSAGE::OUBLK 70426000
1462010641494	<INFO 7f6b048b3740> CORE::UTILS::BYTES_READ 77020959964
1462010641497	<INFO 7f6b048b3740> CORE::UTILS::BYTES_WRITTEN 36057747996
1462010641501	<INFO 7f6b048b3740> CORE::UTILS::TILE_COPY_BYTES 4052141268
1462010641504	<INFO 7f6b048b3740> CORE::TIME::IO_WAIT 369.291 seconds
1462010641507	<INFO 7f6b048b3740> CORE::TIME_TILE_COPY 0 seconds
1462010641510	<INFO 7f6b048b3740> CORE::TIME_TILE_MERGE 0 seconds
1462010641514	<INFO 7f6b048b3740> CORE::TIME_PROCESSING_STOLEN 0 seconds
1462010641517	<INFO 7f6b048b3740> CORE::TIME_MERGE_WAIT 0 seconds
1462010641520	<INFO 7f6b048b3740> CORE::OTHER_TIME_ALL_MC_BARRIER 0 seconds
1462010641524	<INFO 7f6b048b3740> CORE::SCATTER_TIME_ALL_MC_BARRIER 6.37322 seconds
1462010641527	<INFO 7f6b048b3740> CORE::GATHER_TIME_ALL_MC_BARRIER 1.54479 seconds
1462010641530	<INFO 7f6b048b3740> CORE::INIT_TIME_ALL_MC_BARRIER 1.47459 seconds
1462010641533	<INFO 7f6b048b3740> CORE::SHUT_DOWN_TIME_ALL_MC_BARRIER 5.31595 seconds
1462010641537	<INFO 7f6b048b3740> CORE::STREAM_SKIP_BEFORE_TIME_ALL_MC_BARRIER 51.0124 seconds
1462010641540	<INFO 7f6b048b3740> CORE::TAKE_CHECKPOINT_BEFORE_TIME_ALL_MC_BARRIER 0 seconds
1462010641543	<INFO 7f6b048b3740> CORE::TAKE_CHECKPOINT_COMPLETE_TIME_ALL_MC_BARRIER 0 seconds
1462010641547	<INFO 7f6b048b3740> CORE::METADATA_WRITE_COMPLETE_TIME_ALL_MC_BARRIER 0 seconds
1462010641550	<INFO 7f6b048b3740> CORE::STREAM_EOF_BEFORE_TIME_ALL_MC_BARRIER 0 seconds
1462010641554	<INFO 7f6b048b3740> CORE::STREAM_EOF_AFTER_TIME_ALL_MC_BARRIER 0 seconds
1462010641557	<INFO 7f6b048b3740> CORE::STATE_LOAD_TIME_ALL_MC_BARRIER 0 seconds
1462010641560	<INFO 7f6b048b3740> CORE::STATE_STORE_TIME_ALL_MC_BARRIER 0 seconds
1462010641563	<INFO 7f6b048b3740> CORE::PHASES 7
1462010641567	<INFO 7f6b048b3740> CORE::TIME::SETUP 7.97544 seconds
1462010641570	<INFO 7f6b048b3740> CORE::TIME::STATE_ITER 38.8556 seconds
1462010641573	<INFO 7f6b048b3740> CORE::TIME::GATHER 997.589 seconds
1462010641577	<INFO 7f6b048b3740> CORE::TIME::SCATTER 329.754 seconds
1462010641580	<INFO 7f6b048b3740> CORE::TIME::WALL 1430.26 seconds
1462010641583	<INFO 7f6b048b3740> SHUTDOWN
