1462009103209	<INFO 7f4549b51740> 2016-04-30 11:38:23 STARTUP
1462009103212	<INFO 7f4549b51740> CORE::GRAPH rmat-28_s8
1462009103215	<INFO 7f4549b51740> CORE::ALGORITHM pagerank
1462009103219	<INFO 7f4549b51740> CORE::VERTEX_STRIPING OFF
1462009103222	<INFO 7f4549b51740> CORE::UPDATES_STRIPING ON
1462009103226	<INFO 7f4549b51740> CORE::UPDATES BATCH IO ON
1462009103230	<INFO 7f4549b51740> CORE::OPTIMIZED_STATE_LOAD_STORE ON
1462009103233	<INFO 7f4549b51740> CORE::BINARY_SEARCH_SUPER_PARTITION ON
1462009103237	<INFO 7f4549b51740> CORE::SUPER_PARTITION_COMPUTED_FOR_EACH_SCATTER_GATHER_PHASE
1462009103240	<INFO 7f4549b51740> CORE::BATCH IO OFF
1462009103244	<INFO 7f4549b51740> 2016-04-30 11:38:23 Blocking memory amount 126701535232
1462009208534	<INFO 7f4549b51740> 2016-04-30 11:40:08 Done blocking memory
1462009208538	<INFO 7f4549b51740> SG-DRIVER-ORIGINAL
1462009208542	<INFO 7f4549b51740> 2016-04-30 11:40:08 START read config parameters
1462009208546	<INFO 7f4549b51740> PARTITIONING::OLD 0
1462009208549	<INFO 7f4549b51740> PARTITIONING::BALANCED_PARTITIONS 0
1462009208553	<INFO 7f4549b51740> CORE::CONFIG::PROCESSORS 8
1462009208557	<INFO 7f4549b51740> CORE::CONFIG::PHYSICAL_MEMORY 2147483648
1462009208561	<INFO 7f4549b51740> CORE::CONFIG::VERTICES 268435456
1462009208565	<INFO 7f4549b51740> CORE::CONFIG::VERTEX_SIZE 12
1462009208568	<INFO 7f4549b51740> CORE::CONFIG::VERTEX_BUFFER 1402204788
1462009208572	<INFO 7f4549b51740> CORE::CONFIG::EDGES 536870912
1462009208576	<INFO 7f4549b51740> CORE::CONFIG::PARTITIONS 64
1462009208580	<INFO 7f4549b51740> CORE::CONFIG::FANOUT 64
1462009208584	<INFO 7f4549b51740> CORE::CONFIG::SUPER_PARTITIONS 8
1462009208587	<INFO 7f4549b51740> CORE::CONFIG::TILES 1
1462009208591	<INFO 7f4549b51740> CORE::CONFIG::BUFFER_SIZE 149054645
1462009208595	<INFO 7f4549b51740> CORE::CONFIG::MAX_BUFFERS 4
1462009208599	<INFO 7f4549b51740> CORE::CONFIG::MAX_STREAMS 4
1462009208603	<INFO 7f4549b51740> CORE::CONFIG::SUM_OF_OUT_DEGREES_FOR_NEW_PARTITIONS::FIRST_CONSTRAINT 536870912
1462009208607	<INFO 7f4549b51740> CORE::CONFIG::MAX_EDGES_PER_NEW_PARTITION::SECOND_CONSTRAINT 536870912
1462009208611	<INFO 7f4549b51740> SLIPSTREAM::EXT_MEM_SHUFFLE OFF
1462009208614	<INFO 7f4549b51740> 2016-04-30 11:40:08 END read config parameters
1462009210305	<WARNING 7f4549b51740> Unable to unlink file (stream.0.0.0):No such file or directory
1462009210309	<WARNING 7f4549b51740> Unable to unlink file (stream.0.1.0):No such file or directory
1462009210313	<WARNING 7f4549b51740> Unable to unlink file (stream.0.2.0):No such file or directory
1462009210317	<WARNING 7f4549b51740> Unable to unlink file (stream.0.3.0):No such file or directory
1462009210320	<WARNING 7f4549b51740> Unable to unlink file (stream.0.4.0):No such file or directory
1462009210325	<WARNING 7f4549b51740> Unable to unlink file (stream.0.5.0):No such file or directory
1462009210329	<WARNING 7f4549b51740> Unable to unlink file (stream.0.6.0):No such file or directory
1462009210333	<WARNING 7f4549b51740> Unable to unlink file (stream.0.7.0):No such file or directory
1462009210338	<WARNING 7f4549b51740> Unable to unlink file (stream.1.1.0):No such file or directory
1462009210342	<WARNING 7f4549b51740> Unable to unlink file (stream.1.2.0):No such file or directory
1462009210346	<WARNING 7f4549b51740> Unable to unlink file (stream.1.3.0):No such file or directory
1462009210350	<WARNING 7f4549b51740> Unable to unlink file (stream.1.4.0):No such file or directory
1462009210354	<WARNING 7f4549b51740> Unable to unlink file (stream.1.5.0):No such file or directory
1462009210358	<WARNING 7f4549b51740> Unable to unlink file (stream.1.6.0):No such file or directory
1462009210363	<WARNING 7f4549b51740> Unable to unlink file (stream.1.7.0):No such file or directory
1462009210367	<WARNING 7f4549b51740> Unable to unlink file (stream.2.0.0):No such file or directory
1462009210371	<WARNING 7f4549b51740> Unable to unlink file (stream.2.1.0):No such file or directory
1462009210375	<WARNING 7f4549b51740> Unable to unlink file (stream.2.2.0):No such file or directory
1462009210379	<WARNING 7f4549b51740> Unable to unlink file (stream.2.3.0):No such file or directory
1462009210383	<WARNING 7f4549b51740> Unable to unlink file (stream.2.4.0):No such file or directory
1462009210387	<WARNING 7f4549b51740> Unable to unlink file (stream.2.5.0):No such file or directory
1462009210390	<WARNING 7f4549b51740> Unable to unlink file (stream.2.6.0):No such file or directory
1462009210394	<WARNING 7f4549b51740> Unable to unlink file (stream.2.7.0):No such file or directory
1462009210397	<WARNING 7f4549b51740> Unable to unlink file (stream.3.0.0):No such file or directory
1462009210401	<WARNING 7f4549b51740> Unable to unlink file (stream.3.1.0):No such file or directory
1462009210404	<WARNING 7f4549b51740> Unable to unlink file (stream.3.2.0):No such file or directory
1462009210408	<WARNING 7f4549b51740> Unable to unlink file (stream.3.3.0):No such file or directory
1462009210411	<WARNING 7f4549b51740> Unable to unlink file (stream.3.4.0):No such file or directory
1462009210415	<WARNING 7f4549b51740> Unable to unlink file (stream.3.5.0):No such file or directory
1462009210418	<WARNING 7f4549b51740> Unable to unlink file (stream.3.6.0):No such file or directory
1462009210422	<WARNING 7f4549b51740> Unable to unlink file (stream.3.7.0):No such file or directory
1462009210425	<INFO 7f4549b51740> SLIPSTORE::ZMQ_THREADS 2
1462009210429	<INFO 7f4549b51740> SLIPSTORE::COMM Connecting to tcp://dco-node137-10g:5016
1462009210433	<INFO 7f4549b51740> SLIPSTORE::COMM Connecting to tcp://dco-node138-10g:5034
1462009210436	<INFO 7f4549b51740> SLIPSTORE::COMM Connecting to tcp://dco-node139-10g:5052
1462009210439	<INFO 7f4549b51740> SLIPSTORE::COMM Connecting to tcp://dco-node140-10g:5070
1462009210442	<INFO 7f4549b51740> SLIPSTORE::COMM Connecting to tcp://dco-node141-10g:5088
1462009210446	<INFO 7f4549b51740> SLIPSTORE::COMM Connecting to tcp://dco-node142-10g:5106
1462009210449	<INFO 7f4549b51740> SLIPSTORE::COMM Connecting to tcp://dco-node143-10g:5124
1462009210452	<INFO 7f4549b51740> SLIPSTORE::COMM Connecting to tcp://dco-node144-10g:5142
1462009210455	<INFO 7f4549b51740> SLIPSTORE::COMM Listening at tcp://ens1f0:5026
1462009210460	<INFO 7f4549b51740> SLIPSTORE::COMM Listening at ipc://client
1462009210463	<INFO 7f4549b51740> SLIPSTORE::COMM Listening at tcp://ens1f0:5028
1462009210467	<INFO 7f4549b51740> SLIPSTORE::COMM Listening at tcp://ens1f0:5029
1462009210470	<INFO 7f4549b51740> SLIPSTORE::COMM Listening at tcp://ens1f0:5030
1462009210474	<INFO 7f4549b51740> SLIPSTORE::COMM Listening at tcp://ens1f0:5031
1462009210478	<INFO 7f4549b51740> SLIPSTORE::COMM Listening at tcp://ens1f0:5032
1462009210481	<INFO 7f4549b51740> SLIPSTORE::COMM Listening at tcp://ens1f0:5033
1462009210485	<INFO 7f4549b51740> SLIPSTORE::COMM Connecting to tcp://dco-node137-10g:5016
1462009210488	<INFO 7f4549b51740> SLIPSTORE::COMM Connecting to tcp://dco-node138-10g:5034
1462009210491	<INFO 7f4549b51740> SLIPSTORE::COMM Connecting to tcp://dco-node139-10g:5052
1462009210495	<INFO 7f4549b51740> SLIPSTORE::COMM Connecting to tcp://dco-node140-10g:5070
1462009210497	<INFO 7f4549b51740> SLIPSTORE::COMM Connecting to tcp://dco-node141-10g:5088
1462009210500	<INFO 7f4549b51740> SLIPSTORE::COMM Connecting to tcp://dco-node142-10g:5106
1462009210503	<INFO 7f4549b51740> SLIPSTORE::COMM Connecting to tcp://dco-node143-10g:5124
1462009210506	<INFO 7f4549b51740> SLIPSTORE::COMM Connecting to tcp://dco-node144-10g:5142
1462009210510	<INFO 7f4549b51740> SLIPSTORE::COMM Connecting to tcp://dco-node137-10g:5001
1462009210513	<INFO 7f4549b51740> SLIPSTORE::COMM Connecting to ipc://server
1462009210517	<INFO 7f4549b51740> SLIPSTORE::COMM Connecting to tcp://dco-node139-10g:5037
1462009210520	<INFO 7f4549b51740> SLIPSTORE::COMM Connecting to tcp://dco-node140-10g:5055
1462009210524	<INFO 7f4549b51740> SLIPSTORE::COMM Connecting to tcp://dco-node141-10g:5073
1462009210527	<INFO 7f4549b51740> SLIPSTORE::COMM Connecting to tcp://dco-node142-10g:5091
1462009210530	<INFO 7f4549b51740> SLIPSTORE::COMM Connecting to tcp://dco-node143-10g:5109
1462009210534	<INFO 7f4549b51740> SLIPSTORE::COMM Connecting to tcp://dco-node144-10g:5127
1462009210537	<INFO 7f4549b51740> SLIPSTORE::COMM Connecting to tcp://dco-node139-10g:5053
1462009210540	<INFO 7f4549b51740> SLIPSTORE::COMM Listening at tcp://ens1f0:5035
1462009210544	<INFO 7f4549b51740> SLIPSTORE::COMM Connecting to tcp://dco-node138-10g:5034
1462009210547	<INFO 7f4549b51740> SLIPSTORE::HELP_POLICY NONE
1462009210550	<INFO 7f4549b51740> SLIPSTORE::SERVER ASYNC
1462009210553	<INFO 7f4549b51740> SLIPSTORE::MACHINES 8
1462009210556	<INFO 7f4549b51740> SLIPSTORE::ME 1
1462009210560	<INFO 7f4549b51740> SLIPSTORE::SLIPCHUNK 4194304
1462009210563	<INFO 7f4549b51740> SLIPSTORE::QUOTA 18446744073709551615
1462009210566	<INFO 7f4549b51740> SLIPSTORE::IO PAGECACHE
1462009210569	<INFO 7f273dbfa700> SLIPSTORE::COMM Listening at tcp://ens1f0:5034
1462009210573	<INFO 7f273dbfa700> SLIPSTORE::COMM Listening at tcp://ens1f0:5018
1462009210576	<INFO 7f273dbfa700> SLIPSTORE::COMM Connecting to tcp://dco-node137-10g:5009
1462009210579	<INFO 7f273dbfa700> SLIPSTORE::COMM Listening at ipc://server
1462009210582	<INFO 7f273dbfa700> SLIPSTORE::COMM Connecting to ipc://client
1462009210585	<INFO 7f273dbfa700> SLIPSTORE::COMM Listening at tcp://ens1f0:5020
1462009210588	<INFO 7f273dbfa700> SLIPSTORE::COMM Connecting to tcp://dco-node139-10g:5045
1462009210591	<INFO 7f273dbfa700> SLIPSTORE::COMM Listening at tcp://ens1f0:5021
1462009210593	<INFO 7f273dbfa700> SLIPSTORE::COMM Connecting to tcp://dco-node140-10g:5063
1462009210596	<INFO 7f273dbfa700> SLIPSTORE::COMM Listening at tcp://ens1f0:5022
1462009210599	<INFO 7f273dbfa700> SLIPSTORE::COMM Connecting to tcp://dco-node141-10g:5081
1462009210601	<INFO 7f273dbfa700> SLIPSTORE::COMM Listening at tcp://ens1f0:5023
1462009210605	<INFO 7f273dbfa700> SLIPSTORE::COMM Connecting to tcp://dco-node142-10g:5099
1462009210608	<INFO 7f273dbfa700> SLIPSTORE::COMM Listening at tcp://ens1f0:5024
1462009210611	<INFO 7f273dbfa700> SLIPSTORE::COMM Connecting to tcp://dco-node143-10g:5117
1462009210614	<INFO 7f273dbfa700> SLIPSTORE::COMM Listening at tcp://ens1f0:5025
1462009210617	<INFO 7f273dbfa700> SLIPSTORE::COMM Connecting to tcp://dco-node144-10g:5135
1462009213812	<INFO 7f4549b51740> SLIPSTORE::CHECKPOINTS NONE FOUND
1462009213815	<INFO 7f4549b51740> 2016-04-30 11:40:13 Start edge split
1462009266647	<INFO 7f4549b51740> 2016-04-30 11:41:06 Completed init
1462009272475	<INFO 7f4549b51740> 2016-04-30 11:41:12 Started gather
1462009272604	<INFO 7f4549b51740> 2016-04-30 11:41:12 Completed gather
1462009274784	<INFO 7f4549b51740> 2016-04-30 11:41:14 Started scatter
1462009305364	<INFO 7f4549b51740> 2016-04-30 11:41:45 Completed scatter
1462009306605	<INFO 7f4549b51740> 2016-04-30 11:41:46 Completed phase 1 Bytes read 12958963956 Bytes written 6516513012
1462009319313	<INFO 7f4549b51740> 2016-04-30 11:41:59 Started gather
1462009319315	<INFO 7f4549b51740> 2016-04-30 11:41:59 Completed gather
1462009319339	<INFO 7f4549b51740> 2016-04-30 11:41:59 Started gather
1462009370530	<INFO 7f4549b51740> 2016-04-30 11:42:50 Completed gather
1462009370587	<INFO 7f4549b51740> 2016-04-30 11:42:50 Completed phase 2 Bytes read 19475476968 Bytes written 10819260796
1462009387885	<INFO 7f4549b51740> 2016-04-30 11:43:07 Started gather
1462009416531	<INFO 7f4549b51740> 2016-04-30 11:43:36 Completed gather
1462009589547	<INFO 7f4549b51740> 2016-04-30 11:46:29 Started scatter
1462009638553	<INFO 7f4549b51740> 2016-04-30 11:47:18 Completed scatter
1462009638616	<INFO 7f4549b51740> 2016-04-30 11:47:18 Completed phase 3 Bytes read 30221018308 Bytes written 15260491932
1462009652814	<INFO 7f4549b51740> 2016-04-30 11:47:32 Started gather
1462009679814	<INFO 7f4549b51740> 2016-04-30 11:47:59 Completed gather
1462009840304	<INFO 7f4549b51740> 2016-04-30 11:50:40 Started scatter
1462009888472	<INFO 7f4549b51740> 2016-04-30 11:51:28 Completed scatter
1462009889661	<INFO 7f4549b51740> 2016-04-30 11:51:29 Completed phase 4 Bytes read 41105043000 Bytes written 19647474580
1462009902633	<INFO 7f4549b51740> 2016-04-30 11:51:42 Started gather
1462009929604	<INFO 7f4549b51740> 2016-04-30 11:52:09 Completed gather
1462010091345	<INFO 7f4549b51740> 2016-04-30 11:54:51 Started scatter
1462010140331	<INFO 7f4549b51740> 2016-04-30 11:55:40 Completed scatter
1462010140386	<INFO 7f4549b51740> 2016-04-30 11:55:40 Completed phase 5 Bytes read 51934819204 Bytes written 23982579332
1462010154298	<INFO 7f4549b51740> 2016-04-30 11:55:54 Started gather
1462010181470	<INFO 7f4549b51740> 2016-04-30 11:56:21 Completed gather
1462010339611	<INFO 7f4549b51740> 2016-04-30 11:58:59 Started scatter
1462010389574	<INFO 7f4549b51740> 2016-04-30 11:59:49 Completed scatter
1462010390442	<INFO 7f4549b51740> 2016-04-30 11:59:50 Completed phase 6 Bytes read 62712717512 Bytes written 28439092684
1462010403525	<INFO 7f4549b51740> 2016-04-30 12:00:03 Started gather
1462010434470	<INFO 7f4549b51740> 2016-04-30 12:00:34 Completed gather
1462010584622	<INFO 7f4549b51740> 2016-04-30 12:03:04 Started scatter
1462010632935	<INFO 7f4549b51740> 2016-04-30 12:03:52 Completed scatter
1462010633143	<INFO 7f4549b51740> 2016-04-30 12:03:53 Completed phase 7 Bytes read 73612024420 Bytes written 32831925140
1462010634721	<INFO 7f4549b51740> CORE::PARTITIONS_PROCESSED 753
1462010634723	<INFO 7f2721ffb700> CORE::PARTITIONS_PROCESSED 1912
1462010634725	<INFO 7f4549b51740> CORE::BYTES::EDGES_STREAMED 5530025436
1462010634727	<INFO 7f27237fe700> CORE::PARTITIONS_PROCESSED 962
1462010634729	<INFO 7f2721ffb700> CORE::BYTES::EDGES_STREAMED 4656856116
1462010634732	<INFO 7f2721ffb700> CORE::BYTES::UPDATES_OUT 2685011320
1462010634734	<INFO 7f27227fc700> CORE::PARTITIONS_PROCESSED 1321
1462010634736	<INFO 7f2722ffd700> CORE::PARTITIONS_PROCESSED 1381
1462010634738	<INFO 7f273cbf8700> CORE::PARTITIONS_PROCESSED 750
1462010634741	<INFO 7f27217fa700> CORE::PARTITIONS_PROCESSED 635
1462010634743	<INFO 7f4549b51740> CORE::BYTES::UPDATES_OUT 3160031296
1462010634745	<INFO 7f27237fe700> CORE::BYTES::EDGES_STREAMED 4582827300
1462010634747	<INFO 7f27217fa700> CORE::BYTES::EDGES_STREAMED 4872584844
1462010634750	<INFO 7f4549b51740> CORE::BYTES::UPDATES_IN 2668799704
1462010634752	<INFO 7f2723fff700> CORE::PARTITIONS_PROCESSED 1886
1462010634754	<INFO 7f27237fe700> CORE::BYTES::UPDATES_OUT 2621777680
1462010634756	<INFO 7f27227fc700> CORE::BYTES::EDGES_STREAMED 6678435480
1462010634759	<INFO 7f2722ffd700> CORE::BYTES::EDGES_STREAMED 8535755052
1462010634761	<INFO 7f273cbf8700> CORE::BYTES::EDGES_STREAMED 5623911396
1462010634763	<INFO 7f27217fa700> CORE::BYTES::UPDATES_OUT 2760384576
1462010634765	<INFO 7f27237fe700> CORE::BYTES::UPDATES_IN 2212694816
1462010634767	<INFO 7f2721ffb700> CORE::BYTES::UPDATES_IN 2221008936
1462010634770	<INFO 7f27227fc700> CORE::BYTES::UPDATES_OUT 3869402744
1462010634772	<INFO 7f27217fa700> CORE::BYTES::UPDATES_IN 2269352080
1462010634774	<INFO 7f2722ffd700> CORE::BYTES::UPDATES_OUT 4816744688
1462010634776	<INFO 7f27227fc700> CORE::BYTES::UPDATES_IN 3025672920
1462010634778	<INFO 7f2723fff700> CORE::BYTES::EDGES_STREAMED 4619159268
1462010634781	<INFO 7f2722ffd700> CORE::BYTES::UPDATES_IN 4223535760
1462010634783	<INFO 7f273cbf8700> CORE::BYTES::UPDATES_OUT 3214450840
1462010634785	<INFO 7f2723fff700> CORE::BYTES::UPDATES_OUT 2643371080
1462010634787	<INFO 7f273cbf8700> CORE::BYTES::UPDATES_IN 2675428280
1462010634790	<INFO 7f2723fff700> CORE::BYTES::UPDATES_IN 2178147784
1462010641416	<INFO 7f273dbfa700> SLIPSTORE service is exiting
1462010641420	<INFO 7f273dbfa700> SLIPSTORE::HELP_OFFERS_RECVD 98
1462010641423	<INFO 7f273dbfa700> SLIPSTORE::HELP_OFFERS_ACCEPTED 0
1462010641427	<INFO 7f273dbfa700> SLIPSTORE::HELP_ACCEPTANCE_RATIO 0
1462010641430	<INFO 7f273dbfa700> SLIPSTORE::SERVER_BUSY_DISK  314.396 seconds
1462010641434	<INFO 7f273dbfa700> SLIPSTORE::SERVER_BUSY_MEM  0 seconds
1462010641437	<INFO 7f273dbfa700> SLIPSTORE::SERVER_TOTAL  1431.08 seconds
1462010641441	<INFO 7f4549b51740> SLIPSTORE::CLIENT::DISK_READ_TIME  392.99 seconds
1462010641445	<INFO 7f4549b51740> SLIPSTORE::CLIENT::MEM_READ_TIME  0 seconds
1462010641448	<INFO 7f4549b51740> SLIPSTORE::CLIENT::DISK_BYTES_READ 73532682308
1462010641452	<INFO 7f4549b51740> SLIPSTORE::CLIENT::MEM_BYTES_READ 0
1462010641454	<INFO 7f4549b51740> SLIPSTORE::CLIENT::WRITE_TIME  138.822 seconds
1462010641458	<INFO 7f4549b51740> SLIPSTORE::CLIENT::BYTES_WRITTEN 6958487136
1462010641461	<INFO 7f4549b51740> SLIPSTORE::CLIENT_BUSY  531.809 seconds
1462010641464	<INFO 7f4549b51740> SLIPSTORE::IO::TIME 343.037 seconds
1462010641468	<INFO 7f4549b51740> SLIPSTORE::SNAP::TIME 0 seconds
1462010641471	<INFO 7f4549b51740> SLIPSTORE::MAX_DISK_USAGE_BYTES 10899306908
1462010641474	<INFO 7f4549b51740> CORE::RUSAGE::MAX_RSS_KB 125899972
1462010641478	<INFO 7f4549b51740> CORE::RUSAGE::MINFLT 31613926
1462010641481	<INFO 7f4549b51740> CORE::RUSAGE::MAJFLT 6
1462010641485	<INFO 7f4549b51740> CORE::RUSAGE::MAJFLT 6
1462010641489	<INFO 7f4549b51740> CORE::RUSAGE::INBLK 142689888
1462010641492	<INFO 7f4549b51740> CORE::RUSAGE::OUBLK 64125440
1462010641495	<INFO 7f4549b51740> CORE::UTILS::BYTES_READ 73612024420
1462010641499	<INFO 7f4549b51740> CORE::UTILS::BYTES_WRITTEN 32831925140
1462010641502	<INFO 7f4549b51740> CORE::UTILS::TILE_COPY_BYTES 516036192
1462010641506	<INFO 7f4549b51740> CORE::TIME::IO_WAIT 378.757 seconds
1462010641509	<INFO 7f4549b51740> CORE::TIME_TILE_COPY 0 seconds
1462010641512	<INFO 7f4549b51740> CORE::TIME_TILE_MERGE 0 seconds
1462010641516	<INFO 7f4549b51740> CORE::TIME_PROCESSING_STOLEN 0 seconds
1462010641519	<INFO 7f4549b51740> CORE::TIME_MERGE_WAIT 0 seconds
1462010641522	<INFO 7f4549b51740> CORE::OTHER_TIME_ALL_MC_BARRIER 0 seconds
1462010641525	<INFO 7f4549b51740> CORE::SCATTER_TIME_ALL_MC_BARRIER 2.84029 seconds
1462010641529	<INFO 7f4549b51740> CORE::GATHER_TIME_ALL_MC_BARRIER 0.023633 seconds
1462010641533	<INFO 7f4549b51740> CORE::INIT_TIME_ALL_MC_BARRIER 5.29499 seconds
1462010641537	<INFO 7f4549b51740> CORE::SHUT_DOWN_TIME_ALL_MC_BARRIER 6.69338 seconds
1462010641540	<INFO 7f4549b51740> CORE::STREAM_SKIP_BEFORE_TIME_ALL_MC_BARRIER 78.2831 seconds
1462010641543	<INFO 7f4549b51740> CORE::TAKE_CHECKPOINT_BEFORE_TIME_ALL_MC_BARRIER 0 seconds
1462010641547	<INFO 7f4549b51740> CORE::TAKE_CHECKPOINT_COMPLETE_TIME_ALL_MC_BARRIER 0 seconds
1462010641551	<INFO 7f4549b51740> CORE::METADATA_WRITE_COMPLETE_TIME_ALL_MC_BARRIER 0 seconds
1462010641554	<INFO 7f4549b51740> CORE::STREAM_EOF_BEFORE_TIME_ALL_MC_BARRIER 0 seconds
1462010641558	<INFO 7f4549b51740> CORE::STREAM_EOF_AFTER_TIME_ALL_MC_BARRIER 0 seconds
1462010641561	<INFO 7f4549b51740> CORE::STATE_LOAD_TIME_ALL_MC_BARRIER 0 seconds
1462010641564	<INFO 7f4549b51740> CORE::STATE_STORE_TIME_ALL_MC_BARRIER 0 seconds
1462010641568	<INFO 7f4549b51740> CORE::PHASES 7
1462010641571	<INFO 7f4549b51740> CORE::TIME::SETUP 11.9799 seconds
1462010641575	<INFO 7f4549b51740> CORE::TIME::STATE_ITER 11.5851 seconds
1462010641579	<INFO 7f4549b51740> CORE::TIME::GATHER 1024.86 seconds
1462010641582	<INFO 7f4549b51740> CORE::TIME::SCATTER 329.754 seconds
1462010641586	<INFO 7f4549b51740> CORE::TIME::WALL 1432.89 seconds
1462010641589	<INFO 7f4549b51740> SHUTDOWN
