1457542434022	<INFO 7fc1ad4fe740> 2016-03-09 17:53:54 STARTUP
1457542434026	<INFO 7fc1ad4fe740> CORE::GRAPH rmat-28_s8
1457542434030	<INFO 7fc1ad4fe740> CORE::ALGORITHM pagerank
1457542434033	<INFO 7fc1ad4fe740> CORE::VERTEX_STRIPING ON
1457542434037	<INFO 7fc1ad4fe740> 2016-03-09 17:53:54 Blocking memory amount 126701535232
1457542542426	<INFO 7fc1ad4fe740> 2016-03-09 17:55:42 Done blocking memory
1457542542430	<INFO 7fc1ad4fe740> SG-DRIVER-ORIGINAL
1457542542433	<INFO 7fc1ad4fe740> CORE::CONFIG::PROCESSORS 8
1457542542437	<INFO 7fc1ad4fe740> CORE::CONFIG::PHYSICAL_MEMORY 2147483648
1457542542440	<INFO 7fc1ad4fe740> CORE::CONFIG::VERTICES 268435456
1457542542444	<INFO 7fc1ad4fe740> CORE::CONFIG::VERTEX_SIZE 12
1457542542448	<INFO 7fc1ad4fe740> CORE::CONFIG::VERTEX_BUFFER 402653184
1457542542452	<INFO 7fc1ad4fe740> CORE::CONFIG::EDGES 536870912
1457542542456	<INFO 7fc1ad4fe740> CORE::CONFIG::PARTITIONS 64
1457542542460	<INFO 7fc1ad4fe740> CORE::CONFIG::FANOUT 64
1457542542464	<INFO 7fc1ad4fe740> CORE::CONFIG::SUPER_PARTITIONS 8
1457542542467	<INFO 7fc1ad4fe740> CORE::CONFIG::TILES 1
1457542542471	<INFO 7fc1ad4fe740> CORE::CONFIG::BUFFER_SIZE 348964966
1457542542475	<INFO 7fc1ad4fe740> CORE::CONFIG::MAX_BUFFERS 4
1457542542479	<INFO 7fc1ad4fe740> CORE::CONFIG::MAX_STREAMS 4
1457542542482	<INFO 7fc1ad4fe740> CORE::CONFIG::SUM_OF_OUT_DEGREE_FOR_NEW_PARTITIONS 0
1457542542486	<INFO 7fc1ad4fe740> SLIPSTREAM::EXT_MEM_SHUFFLE OFF
1457542545298	<INFO 7fc1ad4fe740> SLIPSTORE::ZMQ_THREADS 2
1457542545302	<INFO 7fc1ad4fe740> SLIPSTORE::COMM Connecting to tcp://dco-node137-10g:5016
1457542545306	<INFO 7fc1ad4fe740> SLIPSTORE::COMM Connecting to tcp://dco-node138-10g:5034
1457542545310	<INFO 7fc1ad4fe740> SLIPSTORE::COMM Connecting to tcp://dco-node139-10g:5052
1457542545314	<INFO 7fc1ad4fe740> SLIPSTORE::COMM Connecting to tcp://dco-node140-10g:5070
1457542545318	<INFO 7fc1ad4fe740> SLIPSTORE::COMM Connecting to tcp://dco-node141-10g:5088
1457542545322	<INFO 7fc1ad4fe740> SLIPSTORE::COMM Connecting to tcp://dco-node142-10g:5106
1457542545326	<INFO 7fc1ad4fe740> SLIPSTORE::COMM Connecting to tcp://dco-node143-10g:5124
1457542545330	<INFO 7fc1ad4fe740> SLIPSTORE::COMM Connecting to tcp://dco-node144-10g:5142
1457542545334	<INFO 7fc1ad4fe740> SLIPSTORE::COMM Listening at tcp://ens1f0:5134
1457542545338	<INFO 7fc1ad4fe740> SLIPSTORE::COMM Listening at tcp://ens1f0:5135
1457542545342	<INFO 7fc1ad4fe740> SLIPSTORE::COMM Listening at tcp://ens1f0:5136
1457542545347	<INFO 7fc1ad4fe740> SLIPSTORE::COMM Listening at tcp://ens1f0:5137
1457542545351	<INFO 7fc1ad4fe740> SLIPSTORE::COMM Listening at tcp://ens1f0:5138
1457542545355	<INFO 7fc1ad4fe740> SLIPSTORE::COMM Listening at tcp://ens1f0:5139
1457542545359	<INFO 7fc1ad4fe740> SLIPSTORE::COMM Listening at tcp://ens1f0:5140
1457542545363	<INFO 7fc1ad4fe740> SLIPSTORE::COMM Listening at ipc://client
1457542545367	<INFO 7fc1ad4fe740> SLIPSTORE::COMM Connecting to tcp://dco-node137-10g:5016
1457542545371	<INFO 7fc1ad4fe740> SLIPSTORE::COMM Connecting to tcp://dco-node138-10g:5034
1457542545376	<INFO 7fc1ad4fe740> SLIPSTORE::COMM Connecting to tcp://dco-node139-10g:5052
1457542545380	<INFO 7fc1ad4fe740> SLIPSTORE::COMM Connecting to tcp://dco-node140-10g:5070
1457542545384	<INFO 7fc1ad4fe740> SLIPSTORE::COMM Connecting to tcp://dco-node141-10g:5088
1457542545388	<INFO 7fc1ad4fe740> SLIPSTORE::COMM Connecting to tcp://dco-node142-10g:5106
1457542545392	<INFO 7fc1ad4fe740> SLIPSTORE::COMM Connecting to tcp://dco-node143-10g:5124
1457542545396	<INFO 7fc1ad4fe740> SLIPSTORE::COMM Connecting to tcp://dco-node144-10g:5142
1457542545400	<INFO 7fc1ad4fe740> SLIPSTORE::COMM Connecting to tcp://dco-node137-10g:5007
1457542545405	<INFO 7fc1ad4fe740> SLIPSTORE::COMM Connecting to tcp://dco-node138-10g:5025
1457542545409	<INFO 7fc1ad4fe740> SLIPSTORE::COMM Connecting to tcp://dco-node139-10g:5043
1457542545412	<INFO 7fc1ad4fe740> SLIPSTORE::COMM Connecting to tcp://dco-node140-10g:5061
1457542545417	<INFO 7fc1ad4fe740> SLIPSTORE::COMM Connecting to tcp://dco-node141-10g:5079
1457542545420	<INFO 7fc1ad4fe740> SLIPSTORE::COMM Connecting to tcp://dco-node142-10g:5097
1457542545425	<INFO 7fc1ad4fe740> SLIPSTORE::COMM Connecting to tcp://dco-node143-10g:5115
1457542545429	<INFO 7fc1ad4fe740> SLIPSTORE::COMM Connecting to ipc://server
1457542545433	<INFO 7fc1ad4fe740> SLIPSTORE::COMM Connecting to tcp://dco-node137-10g:5017
1457542545437	<INFO 7fc1ad4fe740> SLIPSTORE::COMM Listening at tcp://ens1f0:5143
1457542545440	<INFO 7fc1ad4fe740> SLIPSTORE::COMM Connecting to tcp://dco-node144-10g:5142
1457542545444	<INFO 7fc1ad4fe740> SLIPSTORE::HELP_POLICY NONE
1457542545449	<INFO 7fc1ad4fe740> SLIPSTORE::SERVER ASYNC
1457542545452	<INFO 7fc1ad4fe740> SLIPSTORE::MACHINES 8
1457542545456	<INFO 7fc1ad4fe740> SLIPSTORE::ME 7
1457542545460	<INFO 7fc1ad4fe740> SLIPSTORE::SLIPCHUNK 4194304
1457542545464	<INFO 7fc1ad4fe740> SLIPSTORE::QUOTA 18446744073709551615
1457542545468	<INFO 7fc1ad4fe740> SLIPSTORE::IO PAGECACHE
1457542545472	<INFO 7fa38effb700> SLIPSTORE::COMM Listening at tcp://ens1f0:5142
1457542545476	<INFO 7fa38effb700> SLIPSTORE::COMM Listening at tcp://ens1f0:5126
1457542545481	<INFO 7fa38effb700> SLIPSTORE::COMM Connecting to tcp://dco-node137-10g:5015
1457542545484	<INFO 7fa38effb700> SLIPSTORE::COMM Listening at tcp://ens1f0:5127
1457542545488	<INFO 7fa38effb700> SLIPSTORE::COMM Connecting to tcp://dco-node138-10g:5033
1457542545492	<INFO 7fa38effb700> SLIPSTORE::COMM Listening at tcp://ens1f0:5128
1457542545496	<INFO 7fa38effb700> SLIPSTORE::COMM Connecting to tcp://dco-node139-10g:5051
1457542545500	<INFO 7fa38effb700> SLIPSTORE::COMM Listening at tcp://ens1f0:5129
1457542545504	<INFO 7fa38effb700> SLIPSTORE::COMM Connecting to tcp://dco-node140-10g:5069
1457542545508	<INFO 7fa38effb700> SLIPSTORE::COMM Listening at tcp://ens1f0:5130
1457542545512	<INFO 7fa38effb700> SLIPSTORE::COMM Connecting to tcp://dco-node141-10g:5087
1457542545516	<INFO 7fa38effb700> SLIPSTORE::COMM Listening at tcp://ens1f0:5131
1457542545520	<INFO 7fa38effb700> SLIPSTORE::COMM Connecting to tcp://dco-node142-10g:5105
1457542545524	<INFO 7fa38effb700> SLIPSTORE::COMM Listening at tcp://ens1f0:5132
1457542545528	<INFO 7fa38effb700> SLIPSTORE::COMM Connecting to tcp://dco-node143-10g:5123
1457542545532	<INFO 7fa38effb700> SLIPSTORE::COMM Listening at ipc://server
1457542545536	<INFO 7fa38effb700> SLIPSTORE::COMM Connecting to ipc://client
1457542545642	<INFO 7fc1ad4fe740> SLIPSTORE::CHECKPOINTS NONE FOUND
1457542545646	<INFO 7fc1ad4fe740> 2016-03-09 17:55:45 Start edge split
1457542545650	<INFO 7fc1ad4fe740> 2016-03-09 17:55:45 Check1
1457542545653	<INFO 7fc1ad4fe740> 2016-03-09 17:55:45 Check2
1457542545656	<INFO 7fc1ad4fe740> 2016-03-09 17:55:45 Check3
1457542545659	<INFO 7fc1ad4fe740> 2016-03-09 17:55:45 Check4
1457542545662	<INFO 7fc1ad4fe740> 2016-03-09 17:55:45 Check5
1457542545666	<INFO 7fc1ad4fe740> 2016-03-09 17:55:45 Check7
1457542545668	<INFO 7fc1ad4fe740> 2016-03-09 17:55:45 CheckA
1457542545672	<INFO 7fc1ad4fe740> 2016-03-09 17:55:45 CheckB
1457542545676	<INFO 7fc1ad4fe740> 2016-03-09 17:55:45 CheckC
1457542545680	<INFO 7fc1ad4fe740> 2016-03-09 17:55:45 CheckD
1457542545684	<INFO 7fc1ad4fe740> 2016-03-09 17:55:45 CheckE
1457542545687	<INFO 7fc1ad4fe740> 2016-03-09 17:55:45 CheckF
1457542545692	<INFO 7fc1ad4fe740> 2016-03-09 17:55:45 CheckG
1457542545695	<INFO 7fc1ad4fe740> 2016-03-09 17:55:45 CheckH
1457542545699	<INFO 7fc1ad4fe740> 2016-03-09 17:55:45 CheckI
1457542547226	<INFO 7fc1ad4fe740> 2016-03-09 17:55:47 CheckJ
1457542547228	<INFO 7fc1ad4fe740> 2016-03-09 17:55:47 CheckK
1457542547231	<INFO 7fc1ad4fe740> 2016-03-09 17:55:47 CheckL
1457542547234	<INFO 7fc1ad4fe740> 2016-03-09 17:55:47 CheckM
1457542547236	<INFO 7fc1ad4fe740> 2016-03-09 17:55:47 CheckN
1457542547583	<INFO 7fc1ad4fe740> 2016-03-09 17:55:47 CheckO
1457542547586	<INFO 7fc1ad4fe740> 2016-03-09 17:55:47 CheckP
1457542547588	<INFO 7fc1ad4fe740> 2016-03-09 17:55:47 CheckQ
1457542547591	<INFO 7fc1ad4fe740> 2016-03-09 17:55:47 CheckI
1457542548660	<INFO 7fc1ad4fe740> 2016-03-09 17:55:48 CheckJ
1457542548662	<INFO 7fc1ad4fe740> 2016-03-09 17:55:48 CheckK
1457542548666	<INFO 7fc1ad4fe740> 2016-03-09 17:55:48 CheckL
1457542548669	<INFO 7fc1ad4fe740> 2016-03-09 17:55:48 CheckM
1457542548671	<INFO 7fc1ad4fe740> 2016-03-09 17:55:48 CheckN
1457542549894	<INFO 7fc1ad4fe740> 2016-03-09 17:55:49 CheckO
1457542549897	<INFO 7fc1ad4fe740> 2016-03-09 17:55:49 CheckP
1457542549899	<INFO 7fc1ad4fe740> 2016-03-09 17:55:49 CheckQ
1457542549902	<INFO 7fc1ad4fe740> 2016-03-09 17:55:49 CheckI
1457542551285	<INFO 7fc1ad4fe740> 2016-03-09 17:55:51 CheckJ
1457542551288	<INFO 7fc1ad4fe740> 2016-03-09 17:55:51 CheckK
1457542551291	<INFO 7fc1ad4fe740> 2016-03-09 17:55:51 CheckL
1457542551294	<INFO 7fc1ad4fe740> 2016-03-09 17:55:51 CheckM
1457542551299	<INFO 7fc1ad4fe740> 2016-03-09 17:55:51 CheckN
1457542552483	<INFO 7fc1ad4fe740> 2016-03-09 17:55:52 CheckO
1457542552486	<INFO 7fc1ad4fe740> 2016-03-09 17:55:52 CheckP
1457542552490	<INFO 7fc1ad4fe740> 2016-03-09 17:55:52 CheckQ
1457542552492	<INFO 7fc1ad4fe740> 2016-03-09 17:55:52 CheckI
1457542556208	<INFO 7fc1ad4fe740> 2016-03-09 17:55:56 CheckJ
1457542556212	<INFO 7fc1ad4fe740> 2016-03-09 17:55:56 CheckK
1457542556214	<INFO 7fc1ad4fe740> 2016-03-09 17:55:56 CheckL
1457542556217	<INFO 7fc1ad4fe740> 2016-03-09 17:55:56 CheckM
1457542556220	<INFO 7fc1ad4fe740> 2016-03-09 17:55:56 CheckN
1457542558982	<INFO 7fc1ad4fe740> 2016-03-09 17:55:58 CheckO
1457542558985	<INFO 7fc1ad4fe740> 2016-03-09 17:55:58 CheckP
1457542558987	<INFO 7fc1ad4fe740> 2016-03-09 17:55:58 CheckQ
1457542558990	<INFO 7fc1ad4fe740> 2016-03-09 17:55:58 CheckI
1457542561896	<INFO 7fc1ad4fe740> 2016-03-09 17:56:01 CheckJ
1457542561899	<INFO 7fc1ad4fe740> 2016-03-09 17:56:01 CheckK
1457542561901	<INFO 7fc1ad4fe740> 2016-03-09 17:56:01 CheckL
1457542561904	<INFO 7fc1ad4fe740> 2016-03-09 17:56:01 CheckM
1457542561910	<INFO 7fc1ad4fe740> 2016-03-09 17:56:01 CheckN
1457542564016	<INFO 7fc1ad4fe740> 2016-03-09 17:56:04 CheckO
1457542564018	<INFO 7fc1ad4fe740> 2016-03-09 17:56:04 CheckP
1457542564020	<INFO 7fc1ad4fe740> 2016-03-09 17:56:04 CheckQ
1457542564023	<INFO 7fc1ad4fe740> 2016-03-09 17:56:04 CheckI
1457542565260	<INFO 7fc1ad4fe740> 2016-03-09 17:56:05 CheckJ
1457542565263	<INFO 7fc1ad4fe740> 2016-03-09 17:56:05 CheckK
1457542565266	<INFO 7fc1ad4fe740> 2016-03-09 17:56:05 CheckL
1457542565268	<INFO 7fc1ad4fe740> 2016-03-09 17:56:05 CheckM
1457542565271	<INFO 7fc1ad4fe740> 2016-03-09 17:56:05 CheckN
1457542566688	<INFO 7fc1ad4fe740> 2016-03-09 17:56:06 CheckO
1457542566690	<INFO 7fc1ad4fe740> 2016-03-09 17:56:06 CheckP
1457542566693	<INFO 7fc1ad4fe740> 2016-03-09 17:56:06 CheckQ
1457542566695	<INFO 7fc1ad4fe740> 2016-03-09 17:56:06 CheckI
1457542568372	<INFO 7fc1ad4fe740> 2016-03-09 17:56:08 CheckJ
1457542568375	<INFO 7fc1ad4fe740> 2016-03-09 17:56:08 CheckK
1457542568378	<INFO 7fc1ad4fe740> 2016-03-09 17:56:08 CheckL
1457542568381	<INFO 7fc1ad4fe740> 2016-03-09 17:56:08 CheckM
1457542568384	<INFO 7fc1ad4fe740> 2016-03-09 17:56:08 CheckN
1457542570060	<INFO 7fc1ad4fe740> 2016-03-09 17:56:10 CheckO
1457542570062	<INFO 7fc1ad4fe740> 2016-03-09 17:56:10 CheckP
1457542570065	<INFO 7fc1ad4fe740> 2016-03-09 17:56:10 CheckQ
1457542570067	<INFO 7fc1ad4fe740> 2016-03-09 17:56:10 CheckI
1457542573118	<INFO 7fc1ad4fe740> 2016-03-09 17:56:13 CheckJ
1457542573121	<INFO 7fc1ad4fe740> 2016-03-09 17:56:13 CheckK
1457542573127	<INFO 7fc1ad4fe740> 2016-03-09 17:56:13 CheckL
1457542573132	<INFO 7fc1ad4fe740> 2016-03-09 17:56:13 CheckM
1457542573135	<INFO 7fc1ad4fe740> 2016-03-09 17:56:13 CheckN
1457542576518	<INFO 7fc1ad4fe740> 2016-03-09 17:56:16 CheckO
1457542576520	<INFO 7fc1ad4fe740> 2016-03-09 17:56:16 CheckP
1457542576523	<INFO 7fc1ad4fe740> 2016-03-09 17:56:16 CheckQ
1457542576525	<INFO 7fc1ad4fe740> 2016-03-09 17:56:16 CheckI
1457542578888	<INFO 7fc1ad4fe740> 2016-03-09 17:56:18 CheckJ
1457542578891	<INFO 7fc1ad4fe740> 2016-03-09 17:56:18 CheckK
1457542578894	<INFO 7fc1ad4fe740> 2016-03-09 17:56:18 CheckL
1457542578897	<INFO 7fc1ad4fe740> 2016-03-09 17:56:18 CheckM
1457542578903	<INFO 7fc1ad4fe740> 2016-03-09 17:56:18 CheckN
1457542580286	<INFO 7fc1ad4fe740> 2016-03-09 17:56:20 CheckO
1457542580289	<INFO 7fc1ad4fe740> 2016-03-09 17:56:20 CheckP
1457542580292	<INFO 7fc1ad4fe740> 2016-03-09 17:56:20 CheckQ
1457542580294	<INFO 7fc1ad4fe740> 2016-03-09 17:56:20 CheckI
1457542582650	<INFO 7fc1ad4fe740> 2016-03-09 17:56:22 CheckJ
1457542582653	<INFO 7fc1ad4fe740> 2016-03-09 17:56:22 CheckK
1457542582655	<INFO 7fc1ad4fe740> 2016-03-09 17:56:22 CheckL
1457542582658	<INFO 7fc1ad4fe740> 2016-03-09 17:56:22 CheckM
1457542582662	<INFO 7fc1ad4fe740> 2016-03-09 17:56:22 CheckN
1457542585155	<INFO 7fc1ad4fe740> 2016-03-09 17:56:25 CheckO
1457542585157	<INFO 7fc1ad4fe740> 2016-03-09 17:56:25 CheckP
1457542585160	<INFO 7fc1ad4fe740> 2016-03-09 17:56:25 CheckQ
1457542585162	<INFO 7fc1ad4fe740> 2016-03-09 17:56:25 CheckI
1457542588533	<INFO 7fc1ad4fe740> 2016-03-09 17:56:28 CheckJ
1457542588535	<INFO 7fc1ad4fe740> 2016-03-09 17:56:28 CheckK
1457542588538	<INFO 7fc1ad4fe740> 2016-03-09 17:56:28 CheckL
1457542588540	<INFO 7fc1ad4fe740> 2016-03-09 17:56:28 CheckM
1457542588543	<INFO 7fc1ad4fe740> 2016-03-09 17:56:28 CheckN
1457542590367	<INFO 7fc1ad4fe740> 2016-03-09 17:56:30 CheckO
1457542590369	<INFO 7fc1ad4fe740> 2016-03-09 17:56:30 CheckP
1457542590372	<INFO 7fc1ad4fe740> 2016-03-09 17:56:30 CheckQ
1457542590374	<INFO 7fc1ad4fe740> 2016-03-09 17:56:30 CheckI
1457542594036	<INFO 7fc1ad4fe740> 2016-03-09 17:56:34 CheckJ
1457542594038	<INFO 7fc1ad4fe740> 2016-03-09 17:56:34 CheckK
1457542594041	<INFO 7fc1ad4fe740> 2016-03-09 17:56:34 CheckL
1457542594044	<INFO 7fc1ad4fe740> 2016-03-09 17:56:34 CheckM
1457542594048	<INFO 7fc1ad4fe740> 2016-03-09 17:56:34 CheckN
1457542595703	<INFO 7fc1ad4fe740> 2016-03-09 17:56:35 CheckO
1457542595705	<INFO 7fc1ad4fe740> 2016-03-09 17:56:35 CheckP
1457542595708	<INFO 7fc1ad4fe740> 2016-03-09 17:56:35 CheckQ
1457542595710	<INFO 7fc1ad4fe740> 2016-03-09 17:56:35 CheckI
1457542596633	<INFO 7fc1ad4fe740> 2016-03-09 17:56:36 CheckJ
1457542596636	<INFO 7fc1ad4fe740> 2016-03-09 17:56:36 CheckK
1457542596639	<INFO 7fc1ad4fe740> 2016-03-09 17:56:36 CheckL
1457542596642	<INFO 7fc1ad4fe740> 2016-03-09 17:56:36 CheckM
1457542596644	<INFO 7fc1ad4fe740> 2016-03-09 17:56:36 CheckN
1457542599264	<INFO 7fc1ad4fe740> 2016-03-09 17:56:39 CheckO
1457542599267	<INFO 7fc1ad4fe740> 2016-03-09 17:56:39 CheckP
1457542599269	<INFO 7fc1ad4fe740> 2016-03-09 17:56:39 CheckQ
1457542599272	<INFO 7fc1ad4fe740> 2016-03-09 17:56:39 CheckI
1457542601536	<INFO 7fc1ad4fe740> 2016-03-09 17:56:41 CheckJ
1457542601538	<INFO 7fc1ad4fe740> 2016-03-09 17:56:41 CheckK
1457542601541	<INFO 7fc1ad4fe740> 2016-03-09 17:56:41 CheckL
1457542601544	<INFO 7fc1ad4fe740> 2016-03-09 17:56:41 CheckM
1457542601547	<INFO 7fc1ad4fe740> 2016-03-09 17:56:41 CheckN
1457542603530	<INFO 7fc1ad4fe740> 2016-03-09 17:56:43 CheckO
1457542603533	<INFO 7fc1ad4fe740> 2016-03-09 17:56:43 CheckP
1457542603536	<INFO 7fc1ad4fe740> 2016-03-09 17:56:43 CheckQ
1457542603538	<INFO 7fc1ad4fe740> 2016-03-09 17:56:43 CheckI
1457542606411	<INFO 7fc1ad4fe740> 2016-03-09 17:56:46 CheckJ
1457542606414	<INFO 7fc1ad4fe740> 2016-03-09 17:56:46 CheckK
1457542606417	<INFO 7fc1ad4fe740> 2016-03-09 17:56:46 CheckL
1457542606420	<INFO 7fc1ad4fe740> 2016-03-09 17:56:46 CheckM
1457542606422	<INFO 7fc1ad4fe740> 2016-03-09 17:56:46 CheckN
1457542608047	<INFO 7fc1ad4fe740> 2016-03-09 17:56:48 CheckO
1457542608050	<INFO 7fc1ad4fe740> 2016-03-09 17:56:48 CheckP
1457542608053	<INFO 7fc1ad4fe740> 2016-03-09 17:56:48 CheckQ
1457542608056	<INFO 7fc1ad4fe740> 2016-03-09 17:56:48 CheckI
1457542612382	<INFO 7fc1ad4fe740> 2016-03-09 17:56:52 CheckJ
1457542612385	<INFO 7fc1ad4fe740> 2016-03-09 17:56:52 CheckK
1457542612388	<INFO 7fc1ad4fe740> 2016-03-09 17:56:52 CheckL
1457542612391	<INFO 7fc1ad4fe740> 2016-03-09 17:56:52 CheckM
1457542612393	<INFO 7fc1ad4fe740> 2016-03-09 17:56:52 CheckN
1457542614234	<INFO 7fc1ad4fe740> 2016-03-09 17:56:54 CheckO
1457542614238	<INFO 7fc1ad4fe740> 2016-03-09 17:56:54 CheckP
1457542614240	<INFO 7fc1ad4fe740> 2016-03-09 17:56:54 CheckQ
1457542614243	<INFO 7fc1ad4fe740> 2016-03-09 17:56:54 CheckI
1457542616358	<INFO 7fc1ad4fe740> 2016-03-09 17:56:56 CheckJ
1457542616360	<INFO 7fc1ad4fe740> 2016-03-09 17:56:56 CheckK
1457542616364	<INFO 7fc1ad4fe740> 2016-03-09 17:56:56 CheckL
1457542616367	<INFO 7fc1ad4fe740> 2016-03-09 17:56:56 CheckM
1457542616370	<INFO 7fc1ad4fe740> 2016-03-09 17:56:56 CheckN
1457542617584	<INFO 7fc1ad4fe740> 2016-03-09 17:56:57 CheckO
1457542617587	<INFO 7fc1ad4fe740> 2016-03-09 17:56:57 CheckP
1457542617589	<INFO 7fc1ad4fe740> 2016-03-09 17:56:57 CheckQ
1457542617592	<INFO 7fc1ad4fe740> 2016-03-09 17:56:57 CheckI
1457542624137	<INFO 7fc1ad4fe740> 2016-03-09 17:57:04 CheckJ
1457542624139	<INFO 7fc1ad4fe740> 2016-03-09 17:57:04 CheckK
1457542624142	<INFO 7fc1ad4fe740> 2016-03-09 17:57:04 CheckL
1457542624144	<INFO 7fc1ad4fe740> 2016-03-09 17:57:04 CheckM
1457542624147	<INFO 7fc1ad4fe740> 2016-03-09 17:57:04 CheckN
1457542624661	<INFO 7fc1ad4fe740> 2016-03-09 17:57:04 CheckO
1457542624663	<INFO 7fc1ad4fe740> 2016-03-09 17:57:04 CheckP
1457542624666	<INFO 7fc1ad4fe740> 2016-03-09 17:57:04 CheckQ
1457542624668	<INFO 7fc1ad4fe740> 2016-03-09 17:57:04 CheckI
1457542625459	<INFO 7fc1ad4fe740> 2016-03-09 17:57:05 CheckJ
1457542625463	<INFO 7fc1ad4fe740> 2016-03-09 17:57:05 CheckK
1457542625466	<INFO 7fc1ad4fe740> 2016-03-09 17:57:05 CheckL
1457542625470	<INFO 7fc1ad4fe740> 2016-03-09 17:57:05 CheckM
1457542625473	<INFO 7fc1ad4fe740> 2016-03-09 17:57:05 CheckN
1457542626458	<INFO 7fc1ad4fe740> 2016-03-09 17:57:06 CheckO
1457542626460	<INFO 7fc1ad4fe740> 2016-03-09 17:57:06 CheckP
1457542626463	<INFO 7fc1ad4fe740> 2016-03-09 17:57:06 CheckQ
1457542626465	<INFO 7fc1ad4fe740> 2016-03-09 17:57:06 CheckI
1457542626471	<INFO 7fc1ad4fe740> 2016-03-09 17:57:06 Check8
1457542626748	<INFO 7fc1ad4fe740> 2016-03-09 17:57:06 Check9
1457542626750	<INFO 7fc1ad4fe740> 2016-03-09 17:57:06 Completed init
1457542628026	<INFO 7fc1ad4fe740> 2016-03-09 17:57:08 Started gather
1457542629071	<INFO 7fc1ad4fe740> 2016-03-09 17:57:09 CheckA
1457542629074	<INFO 7fc1ad4fe740> 2016-03-09 17:57:09 CheckB
1457542629076	<INFO 7fc1ad4fe740> 2016-03-09 17:57:09 CheckC
1457542629079	<INFO 7fc1ad4fe740> 2016-03-09 17:57:09 CheckD
1457542629081	<INFO 7fc1ad4fe740> 2016-03-09 17:57:09 CheckE
1457542629084	<INFO 7fc1ad4fe740> 2016-03-09 17:57:09 CheckF
1457542629086	<INFO 7fc1ad4fe740> 2016-03-09 17:57:09 CheckG
1457542629088	<INFO 7fc1ad4fe740> 2016-03-09 17:57:09 CheckH
1457542629090	<INFO 7fc1ad4fe740> 2016-03-09 17:57:09 CheckI
1457542630658	<INFO 7fc1ad4fe740> 2016-03-09 17:57:10 Completed gather
1457542630855	<INFO 7fc1ad4fe740> 2016-03-09 17:57:10 Started scatter
1457542631915	<INFO 7fc1ad4fe740> 2016-03-09 17:57:11 CheckA
1457542631918	<INFO 7fc1ad4fe740> 2016-03-09 17:57:11 CheckB
1457542631920	<INFO 7fc1ad4fe740> 2016-03-09 17:57:11 CheckC
1457542631923	<INFO 7fc1ad4fe740> 2016-03-09 17:57:11 CheckD
1457542631925	<INFO 7fc1ad4fe740> 2016-03-09 17:57:11 CheckE
1457542631928	<INFO 7fc1ad4fe740> 2016-03-09 17:57:11 CheckF
1457542631930	<INFO 7fc1ad4fe740> 2016-03-09 17:57:11 CheckG
1457542631933	<INFO 7fc1ad4fe740> 2016-03-09 17:57:11 CheckH
1457542631936	<INFO 7fc1ad4fe740> 2016-03-09 17:57:11 CheckI
1457542634075	<INFO 7fc1ad4fe740> 2016-03-09 17:57:14 CheckJ
1457542634079	<INFO 7fc1ad4fe740> 2016-03-09 17:57:14 CheckK
1457542634082	<INFO 7fc1ad4fe740> 2016-03-09 17:57:14 CheckL
1457542634086	<INFO 7fc1ad4fe740> 2016-03-09 17:57:14 CheckM
1457542634090	<INFO 7fc1ad4fe740> 2016-03-09 17:57:14 CheckN
1457542634283	<INFO 7fc1ad4fe740> 2016-03-09 17:57:14 CheckO
1457542634286	<INFO 7fc1ad4fe740> 2016-03-09 17:57:14 CheckP
1457542634288	<INFO 7fc1ad4fe740> 2016-03-09 17:57:14 CheckQ
1457542634291	<INFO 7fc1ad4fe740> 2016-03-09 17:57:14 CheckI
1457542638499	<INFO 7fc1ad4fe740> 2016-03-09 17:57:18 CheckJ
1457542638502	<INFO 7fc1ad4fe740> 2016-03-09 17:57:18 CheckK
1457542638504	<INFO 7fc1ad4fe740> 2016-03-09 17:57:18 CheckL
1457542638508	<INFO 7fc1ad4fe740> 2016-03-09 17:57:18 CheckM
1457542638511	<INFO 7fc1ad4fe740> 2016-03-09 17:57:18 CheckN
1457542638697	<INFO 7fc1ad4fe740> 2016-03-09 17:57:18 CheckO
1457542638699	<INFO 7fc1ad4fe740> 2016-03-09 17:57:18 CheckP
1457542638702	<INFO 7fc1ad4fe740> 2016-03-09 17:57:18 CheckQ
1457542638704	<INFO 7fc1ad4fe740> 2016-03-09 17:57:18 CheckI
1457542639404	<INFO 7fc1ad4fe740> 2016-03-09 17:57:19 CheckJ
1457542639407	<INFO 7fc1ad4fe740> 2016-03-09 17:57:19 CheckK
1457542639410	<INFO 7fc1ad4fe740> 2016-03-09 17:57:19 CheckL
1457542639413	<INFO 7fc1ad4fe740> 2016-03-09 17:57:19 CheckM
1457542639416	<INFO 7fc1ad4fe740> 2016-03-09 17:57:19 CheckN
1457542639418	<INFO 7fc1ad4fe740> 2016-03-09 17:57:19 CheckO
1457542639421	<INFO 7fc1ad4fe740> 2016-03-09 17:57:19 CheckP
1457542639425	<INFO 7fc1ad4fe740> 2016-03-09 17:57:19 CheckQ
1457542639429	<INFO 7fc1ad4fe740> 2016-03-09 17:57:19 CheckI
1457542639583	<INFO 7fc1ad4fe740> 2016-03-09 17:57:19 Completed scatter
1457542685133	<INFO 7fc1ad4fe740> 2016-03-09 17:58:05 Completed phase 1 Bytes read 13441019244 Bytes written 6998568300
1457542687603	<INFO 7fc1ad4fe740> 2016-03-09 17:58:07 Started gather
1457542688623	<INFO 7fc1ad4fe740> 2016-03-09 17:58:08 CheckA
1457542688625	<INFO 7fc1ad4fe740> 2016-03-09 17:58:08 CheckB
1457542688628	<INFO 7fc1ad4fe740> 2016-03-09 17:58:08 CheckC
1457542688630	<INFO 7fc1ad4fe740> 2016-03-09 17:58:08 CheckD
1457542688632	<INFO 7fc1ad4fe740> 2016-03-09 17:58:08 CheckE
1457542688635	<INFO 7fc1ad4fe740> 2016-03-09 17:58:08 CheckF
1457542688637	<INFO 7fc1ad4fe740> 2016-03-09 17:58:08 CheckG
1457542688640	<INFO 7fc1ad4fe740> 2016-03-09 17:58:08 CheckH
1457542688642	<INFO 7fc1ad4fe740> 2016-03-09 17:58:08 CheckI
1457542690002	<INFO 7fc1ad4fe740> 2016-03-09 17:58:10 Completed gather
1457542690128	<INFO 7fc1ad4fe740> 2016-03-09 17:58:10 Started gather
1457542691160	<INFO 7fc1ad4fe740> 2016-03-09 17:58:11 CheckA
1457542691162	<INFO 7fc1ad4fe740> 2016-03-09 17:58:11 CheckB
1457542691165	<INFO 7fc1ad4fe740> 2016-03-09 17:58:11 CheckC
1457542691167	<INFO 7fc1ad4fe740> 2016-03-09 17:58:11 CheckD
1457542691169	<INFO 7fc1ad4fe740> 2016-03-09 17:58:11 CheckE
1457542691172	<INFO 7fc1ad4fe740> 2016-03-09 17:58:11 CheckF
1457542691174	<INFO 7fc1ad4fe740> 2016-03-09 17:58:11 CheckG
1457542691177	<INFO 7fc1ad4fe740> 2016-03-09 17:58:11 CheckH
1457542691179	<INFO 7fc1ad4fe740> 2016-03-09 17:58:11 CheckI
1457542693168	<INFO 7fc1ad4fe740> 2016-03-09 17:58:13 CheckJ
1457542693171	<INFO 7fc1ad4fe740> 2016-03-09 17:58:13 CheckK
1457542693174	<INFO 7fc1ad4fe740> 2016-03-09 17:58:13 CheckL
1457542693176	<INFO 7fc1ad4fe740> 2016-03-09 17:58:13 CheckM
1457542693179	<INFO 7fc1ad4fe740> 2016-03-09 17:58:13 CheckN
1457542693524	<INFO 7fc1ad4fe740> 2016-03-09 17:58:13 CheckO
1457542693526	<INFO 7fc1ad4fe740> 2016-03-09 17:58:13 CheckP
1457542693529	<INFO 7fc1ad4fe740> 2016-03-09 17:58:13 CheckQ
1457542693532	<INFO 7fc1ad4fe740> 2016-03-09 17:58:13 CheckI
1457542697181	<INFO 7fc1ad4fe740> 2016-03-09 17:58:17 CheckJ
1457542697183	<INFO 7fc1ad4fe740> 2016-03-09 17:58:17 CheckK
1457542697186	<INFO 7fc1ad4fe740> 2016-03-09 17:58:17 CheckL
1457542697188	<INFO 7fc1ad4fe740> 2016-03-09 17:58:17 CheckM
1457542697190	<INFO 7fc1ad4fe740> 2016-03-09 17:58:17 CheckN
1457542698417	<INFO 7fc1ad4fe740> 2016-03-09 17:58:18 CheckO
1457542698420	<INFO 7fc1ad4fe740> 2016-03-09 17:58:18 CheckP
1457542698423	<INFO 7fc1ad4fe740> 2016-03-09 17:58:18 CheckQ
1457542698425	<INFO 7fc1ad4fe740> 2016-03-09 17:58:18 CheckI
1457542699287	<INFO 7fc1ad4fe740> 2016-03-09 17:58:19 CheckJ
1457542699290	<INFO 7fc1ad4fe740> 2016-03-09 17:58:19 CheckK
1457542699293	<INFO 7fc1ad4fe740> 2016-03-09 17:58:19 CheckL
1457542699295	<INFO 7fc1ad4fe740> 2016-03-09 17:58:19 CheckM
1457542699300	<INFO 7fc1ad4fe740> 2016-03-09 17:58:19 CheckN
1457542700230	<INFO 7fc1ad4fe740> 2016-03-09 17:58:20 CheckO
1457542700232	<INFO 7fc1ad4fe740> 2016-03-09 17:58:20 CheckP
1457542700234	<INFO 7fc1ad4fe740> 2016-03-09 17:58:20 CheckQ
1457542700237	<INFO 7fc1ad4fe740> 2016-03-09 17:58:20 CheckI
1457542718361	<INFO 7fc1ad4fe740> 2016-03-09 17:58:38 Completed gather
1457542811689	<INFO 7fc1ad4fe740> 2016-03-09 18:00:11 Completed phase 2 Bytes read 20842240728 Bytes written 12470208932
1457542819232	<INFO 7fc1ad4fe740> 2016-03-09 18:00:19 Started gather
1457542820818	<INFO 7fc1ad4fe740> 2016-03-09 18:00:20 CheckA
1457542820820	<INFO 7fc1ad4fe740> 2016-03-09 18:00:20 CheckB
1457542820822	<INFO 7fc1ad4fe740> 2016-03-09 18:00:20 CheckC
1457542820825	<INFO 7fc1ad4fe740> 2016-03-09 18:00:20 CheckD
1457542820828	<INFO 7fc1ad4fe740> 2016-03-09 18:00:20 CheckE
1457542820830	<INFO 7fc1ad4fe740> 2016-03-09 18:00:20 CheckF
1457542820832	<INFO 7fc1ad4fe740> 2016-03-09 18:00:20 CheckG
1457542820834	<INFO 7fc1ad4fe740> 2016-03-09 18:00:20 CheckH
1457542820837	<INFO 7fc1ad4fe740> 2016-03-09 18:00:20 CheckI
1457542823006	<INFO 7fc1ad4fe740> 2016-03-09 18:00:23 CheckJ
1457542823009	<INFO 7fc1ad4fe740> 2016-03-09 18:00:23 CheckK
1457542823012	<INFO 7fc1ad4fe740> 2016-03-09 18:00:23 CheckL
1457542823014	<INFO 7fc1ad4fe740> 2016-03-09 18:00:23 CheckM
1457542823017	<INFO 7fc1ad4fe740> 2016-03-09 18:00:23 CheckN
1457542823245	<INFO 7fc1ad4fe740> 2016-03-09 18:00:23 CheckO
1457542823247	<INFO 7fc1ad4fe740> 2016-03-09 18:00:23 CheckP
1457542823250	<INFO 7fc1ad4fe740> 2016-03-09 18:00:23 CheckQ
1457542823252	<INFO 7fc1ad4fe740> 2016-03-09 18:00:23 CheckI
1457542825623	<INFO 7fc1ad4fe740> 2016-03-09 18:00:25 CheckJ
1457542825626	<INFO 7fc1ad4fe740> 2016-03-09 18:00:25 CheckK
1457542825630	<INFO 7fc1ad4fe740> 2016-03-09 18:00:25 CheckL
1457542825633	<INFO 7fc1ad4fe740> 2016-03-09 18:00:25 CheckM
1457542825636	<INFO 7fc1ad4fe740> 2016-03-09 18:00:25 CheckN
1457542825714	<INFO 7fc1ad4fe740> 2016-03-09 18:00:25 CheckO
1457542825717	<INFO 7fc1ad4fe740> 2016-03-09 18:00:25 CheckP
1457542825719	<INFO 7fc1ad4fe740> 2016-03-09 18:00:25 CheckQ
1457542825724	<INFO 7fc1ad4fe740> 2016-03-09 18:00:25 CheckI
1457542837254	<INFO 7fc1ad4fe740> 2016-03-09 18:00:37 Completed gather
1457542870227	<INFO 7fc1ad4fe740> 2016-03-09 18:01:10 Started scatter
1457542875197	<INFO 7fc1ad4fe740> 2016-03-09 18:01:15 CheckA
1457542875200	<INFO 7fc1ad4fe740> 2016-03-09 18:01:15 CheckB
1457542875202	<INFO 7fc1ad4fe740> 2016-03-09 18:01:15 CheckC
1457542875204	<INFO 7fc1ad4fe740> 2016-03-09 18:01:15 CheckD
1457542875209	<INFO 7fc1ad4fe740> 2016-03-09 18:01:15 CheckE
1457542875211	<INFO 7fc1ad4fe740> 2016-03-09 18:01:15 CheckF
1457542875214	<INFO 7fc1ad4fe740> 2016-03-09 18:01:15 CheckG
1457542875217	<INFO 7fc1ad4fe740> 2016-03-09 18:01:15 CheckH
1457542875219	<INFO 7fc1ad4fe740> 2016-03-09 18:01:15 CheckI
1457542877067	<INFO 7fc1ad4fe740> 2016-03-09 18:01:17 CheckJ
1457542877069	<INFO 7fc1ad4fe740> 2016-03-09 18:01:17 CheckK
1457542877073	<INFO 7fc1ad4fe740> 2016-03-09 18:01:17 CheckL
1457542877075	<INFO 7fc1ad4fe740> 2016-03-09 18:01:17 CheckM
1457542877078	<INFO 7fc1ad4fe740> 2016-03-09 18:01:17 CheckN
1457542877419	<INFO 7fc1ad4fe740> 2016-03-09 18:01:17 CheckO
1457542877422	<INFO 7fc1ad4fe740> 2016-03-09 18:01:17 CheckP
1457542877427	<INFO 7fc1ad4fe740> 2016-03-09 18:01:17 CheckQ
1457542877429	<INFO 7fc1ad4fe740> 2016-03-09 18:01:17 CheckI
1457542880351	<INFO 7fc1ad4fe740> 2016-03-09 18:01:20 CheckJ
1457542880355	<INFO 7fc1ad4fe740> 2016-03-09 18:01:20 CheckK
1457542880357	<INFO 7fc1ad4fe740> 2016-03-09 18:01:20 CheckL
1457542880360	<INFO 7fc1ad4fe740> 2016-03-09 18:01:20 CheckM
1457542880365	<INFO 7fc1ad4fe740> 2016-03-09 18:01:20 CheckN
1457542881861	<INFO 7fc1ad4fe740> 2016-03-09 18:01:21 CheckO
1457542881863	<INFO 7fc1ad4fe740> 2016-03-09 18:01:21 CheckP
1457542881866	<INFO 7fc1ad4fe740> 2016-03-09 18:01:21 CheckQ
1457542881869	<INFO 7fc1ad4fe740> 2016-03-09 18:01:21 CheckI
1457542882454	<INFO 7fc1ad4fe740> 2016-03-09 18:01:22 CheckJ
1457542882457	<INFO 7fc1ad4fe740> 2016-03-09 18:01:22 CheckK
1457542882459	<INFO 7fc1ad4fe740> 2016-03-09 18:01:22 CheckL
1457542882462	<INFO 7fc1ad4fe740> 2016-03-09 18:01:22 CheckM
1457542882465	<INFO 7fc1ad4fe740> 2016-03-09 18:01:22 CheckN
1457542883868	<INFO 7fc1ad4fe740> 2016-03-09 18:01:23 CheckO
1457542883871	<INFO 7fc1ad4fe740> 2016-03-09 18:01:23 CheckP
1457542883873	<INFO 7fc1ad4fe740> 2016-03-09 18:01:23 CheckQ
1457542883876	<INFO 7fc1ad4fe740> 2016-03-09 18:01:23 CheckI
1457542884987	<INFO 7fc1ad4fe740> 2016-03-09 18:01:24 Completed scatter
1457542992365	<INFO 7fc1ad4fe740> 2016-03-09 18:03:12 Completed phase 3 Bytes read 32507143292 Bytes written 17632127196
1457542997377	<INFO 7fc1ad4fe740> 2016-03-09 18:03:17 Started gather
1457542998728	<INFO 7fc1ad4fe740> 2016-03-09 18:03:18 CheckA
1457542998730	<INFO 7fc1ad4fe740> 2016-03-09 18:03:18 CheckB
1457542998733	<INFO 7fc1ad4fe740> 2016-03-09 18:03:18 CheckC
1457542998735	<INFO 7fc1ad4fe740> 2016-03-09 18:03:18 CheckD
1457542998738	<INFO 7fc1ad4fe740> 2016-03-09 18:03:18 CheckE
1457542998740	<INFO 7fc1ad4fe740> 2016-03-09 18:03:18 CheckF
1457542998744	<INFO 7fc1ad4fe740> 2016-03-09 18:03:18 CheckG
1457542998746	<INFO 7fc1ad4fe740> 2016-03-09 18:03:18 CheckH
1457542998749	<INFO 7fc1ad4fe740> 2016-03-09 18:03:18 CheckI
1457543000592	<INFO 7fc1ad4fe740> 2016-03-09 18:03:20 CheckJ
1457543000595	<INFO 7fc1ad4fe740> 2016-03-09 18:03:20 CheckK
1457543000598	<INFO 7fc1ad4fe740> 2016-03-09 18:03:20 CheckL
1457543000601	<INFO 7fc1ad4fe740> 2016-03-09 18:03:20 CheckM
1457543000604	<INFO 7fc1ad4fe740> 2016-03-09 18:03:20 CheckN
1457543000829	<INFO 7fc1ad4fe740> 2016-03-09 18:03:20 CheckO
1457543000833	<INFO 7fc1ad4fe740> 2016-03-09 18:03:20 CheckP
1457543000835	<INFO 7fc1ad4fe740> 2016-03-09 18:03:20 CheckQ
1457543000838	<INFO 7fc1ad4fe740> 2016-03-09 18:03:20 CheckI
1457543002156	<INFO 7fc1ad4fe740> 2016-03-09 18:03:22 CheckJ
1457543002160	<INFO 7fc1ad4fe740> 2016-03-09 18:03:22 CheckK
1457543002163	<INFO 7fc1ad4fe740> 2016-03-09 18:03:22 CheckL
1457543002166	<INFO 7fc1ad4fe740> 2016-03-09 18:03:22 CheckM
1457543002169	<INFO 7fc1ad4fe740> 2016-03-09 18:03:22 CheckN
1457543002248	<INFO 7fc1ad4fe740> 2016-03-09 18:03:22 CheckO
1457543002251	<INFO 7fc1ad4fe740> 2016-03-09 18:03:22 CheckP
1457543002254	<INFO 7fc1ad4fe740> 2016-03-09 18:03:22 CheckQ
1457543002256	<INFO 7fc1ad4fe740> 2016-03-09 18:03:22 CheckI
1457543014641	<INFO 7fc1ad4fe740> 2016-03-09 18:03:34 Completed gather
1457543045001	<INFO 7fc1ad4fe740> 2016-03-09 18:04:04 Started scatter
1457543050796	<INFO 7fc1ad4fe740> 2016-03-09 18:04:10 CheckA
1457543050799	<INFO 7fc1ad4fe740> 2016-03-09 18:04:10 CheckB
1457543050802	<INFO 7fc1ad4fe740> 2016-03-09 18:04:10 CheckC
1457543050804	<INFO 7fc1ad4fe740> 2016-03-09 18:04:10 CheckD
1457543050807	<INFO 7fc1ad4fe740> 2016-03-09 18:04:10 CheckE
1457543050809	<INFO 7fc1ad4fe740> 2016-03-09 18:04:10 CheckF
1457543050812	<INFO 7fc1ad4fe740> 2016-03-09 18:04:10 CheckG
1457543050814	<INFO 7fc1ad4fe740> 2016-03-09 18:04:10 CheckH
1457543050816	<INFO 7fc1ad4fe740> 2016-03-09 18:04:10 CheckI
1457543053300	<INFO 7fc1ad4fe740> 2016-03-09 18:04:13 CheckJ
1457543053302	<INFO 7fc1ad4fe740> 2016-03-09 18:04:13 CheckK
1457543053305	<INFO 7fc1ad4fe740> 2016-03-09 18:04:13 CheckL
1457543053307	<INFO 7fc1ad4fe740> 2016-03-09 18:04:13 CheckM
1457543053310	<INFO 7fc1ad4fe740> 2016-03-09 18:04:13 CheckN
1457543053649	<INFO 7fc1ad4fe740> 2016-03-09 18:04:13 CheckO
1457543053652	<INFO 7fc1ad4fe740> 2016-03-09 18:04:13 CheckP
1457543053654	<INFO 7fc1ad4fe740> 2016-03-09 18:04:13 CheckQ
1457543053657	<INFO 7fc1ad4fe740> 2016-03-09 18:04:13 CheckI
1457543057032	<INFO 7fc1ad4fe740> 2016-03-09 18:04:17 CheckJ
1457543057037	<INFO 7fc1ad4fe740> 2016-03-09 18:04:17 CheckK
1457543057042	<INFO 7fc1ad4fe740> 2016-03-09 18:04:17 CheckL
1457543057045	<INFO 7fc1ad4fe740> 2016-03-09 18:04:17 CheckM
1457543057047	<INFO 7fc1ad4fe740> 2016-03-09 18:04:17 CheckN
1457543058247	<INFO 7fc1ad4fe740> 2016-03-09 18:04:18 CheckO
1457543058249	<INFO 7fc1ad4fe740> 2016-03-09 18:04:18 CheckP
1457543058253	<INFO 7fc1ad4fe740> 2016-03-09 18:04:18 CheckQ
1457543058257	<INFO 7fc1ad4fe740> 2016-03-09 18:04:18 CheckI
1457543059075	<INFO 7fc1ad4fe740> 2016-03-09 18:04:19 CheckJ
1457543059078	<INFO 7fc1ad4fe740> 2016-03-09 18:04:19 CheckK
1457543059081	<INFO 7fc1ad4fe740> 2016-03-09 18:04:19 CheckL
1457543059084	<INFO 7fc1ad4fe740> 2016-03-09 18:04:19 CheckM
1457543059087	<INFO 7fc1ad4fe740> 2016-03-09 18:04:19 CheckN
1457543060630	<INFO 7fc1ad4fe740> 2016-03-09 18:04:20 CheckO
1457543060633	<INFO 7fc1ad4fe740> 2016-03-09 18:04:20 CheckP
1457543060635	<INFO 7fc1ad4fe740> 2016-03-09 18:04:20 CheckQ
1457543060638	<INFO 7fc1ad4fe740> 2016-03-09 18:04:20 CheckI
1457543060837	<INFO 7fc1ad4fe740> 2016-03-09 18:04:20 Completed scatter
1457543165510	<INFO 7fc1ad4fe740> 2016-03-09 18:06:05 Completed phase 4 Bytes read 44264976672 Bytes written 22756731612
1457543169603	<INFO 7fc1ad4fe740> 2016-03-09 18:06:09 Started gather
1457543170692	<INFO 7fc1ad4fe740> 2016-03-09 18:06:10 CheckA
1457543170695	<INFO 7fc1ad4fe740> 2016-03-09 18:06:10 CheckB
1457543170697	<INFO 7fc1ad4fe740> 2016-03-09 18:06:10 CheckC
1457543170700	<INFO 7fc1ad4fe740> 2016-03-09 18:06:10 CheckD
1457543170703	<INFO 7fc1ad4fe740> 2016-03-09 18:06:10 CheckE
1457543170705	<INFO 7fc1ad4fe740> 2016-03-09 18:06:10 CheckF
1457543170708	<INFO 7fc1ad4fe740> 2016-03-09 18:06:10 CheckG
1457543170711	<INFO 7fc1ad4fe740> 2016-03-09 18:06:10 CheckH
1457543170714	<INFO 7fc1ad4fe740> 2016-03-09 18:06:10 CheckI
1457543172524	<INFO 7fc1ad4fe740> 2016-03-09 18:06:12 CheckJ
1457543172527	<INFO 7fc1ad4fe740> 2016-03-09 18:06:12 CheckK
1457543172530	<INFO 7fc1ad4fe740> 2016-03-09 18:06:12 CheckL
1457543172533	<INFO 7fc1ad4fe740> 2016-03-09 18:06:12 CheckM
1457543172537	<INFO 7fc1ad4fe740> 2016-03-09 18:06:12 CheckN
1457543172770	<INFO 7fc1ad4fe740> 2016-03-09 18:06:12 CheckO
1457543172774	<INFO 7fc1ad4fe740> 2016-03-09 18:06:12 CheckP
1457543172778	<INFO 7fc1ad4fe740> 2016-03-09 18:06:12 CheckQ
1457543172782	<INFO 7fc1ad4fe740> 2016-03-09 18:06:12 CheckI
1457543174511	<INFO 7fc1ad4fe740> 2016-03-09 18:06:14 CheckJ
1457543174514	<INFO 7fc1ad4fe740> 2016-03-09 18:06:14 CheckK
1457543174518	<INFO 7fc1ad4fe740> 2016-03-09 18:06:14 CheckL
1457543174522	<INFO 7fc1ad4fe740> 2016-03-09 18:06:14 CheckM
1457543174525	<INFO 7fc1ad4fe740> 2016-03-09 18:06:14 CheckN
1457543174611	<INFO 7fc1ad4fe740> 2016-03-09 18:06:14 CheckO
1457543174614	<INFO 7fc1ad4fe740> 2016-03-09 18:06:14 CheckP
1457543174617	<INFO 7fc1ad4fe740> 2016-03-09 18:06:14 CheckQ
1457543174619	<INFO 7fc1ad4fe740> 2016-03-09 18:06:14 CheckI
1457543187047	<INFO 7fc1ad4fe740> 2016-03-09 18:06:27 Completed gather
1457543219220	<INFO 7fc1ad4fe740> 2016-03-09 18:06:59 Started scatter
1457543224247	<INFO 7fc1ad4fe740> 2016-03-09 18:07:04 CheckA
1457543224250	<INFO 7fc1ad4fe740> 2016-03-09 18:07:04 CheckB
1457543224253	<INFO 7fc1ad4fe740> 2016-03-09 18:07:04 CheckC
1457543224256	<INFO 7fc1ad4fe740> 2016-03-09 18:07:04 CheckD
1457543224261	<INFO 7fc1ad4fe740> 2016-03-09 18:07:04 CheckE
1457543224264	<INFO 7fc1ad4fe740> 2016-03-09 18:07:04 CheckF
1457543224268	<INFO 7fc1ad4fe740> 2016-03-09 18:07:04 CheckG
1457543224270	<INFO 7fc1ad4fe740> 2016-03-09 18:07:04 CheckH
1457543224273	<INFO 7fc1ad4fe740> 2016-03-09 18:07:04 CheckI
1457543226995	<INFO 7fc1ad4fe740> 2016-03-09 18:07:06 CheckJ
1457543226998	<INFO 7fc1ad4fe740> 2016-03-09 18:07:06 CheckK
1457543227003	<INFO 7fc1ad4fe740> 2016-03-09 18:07:06 CheckL
1457543227006	<INFO 7fc1ad4fe740> 2016-03-09 18:07:06 CheckM
1457543227009	<INFO 7fc1ad4fe740> 2016-03-09 18:07:06 CheckN
1457543227361	<INFO 7fc1ad4fe740> 2016-03-09 18:07:07 CheckO
1457543227363	<INFO 7fc1ad4fe740> 2016-03-09 18:07:07 CheckP
1457543227366	<INFO 7fc1ad4fe740> 2016-03-09 18:07:07 CheckQ
1457543227369	<INFO 7fc1ad4fe740> 2016-03-09 18:07:07 CheckI
1457543229264	<INFO 7fc1ad4fe740> 2016-03-09 18:07:09 CheckJ
1457543229267	<INFO 7fc1ad4fe740> 2016-03-09 18:07:09 CheckK
1457543229271	<INFO 7fc1ad4fe740> 2016-03-09 18:07:09 CheckL
1457543229275	<INFO 7fc1ad4fe740> 2016-03-09 18:07:09 CheckM
1457543229277	<INFO 7fc1ad4fe740> 2016-03-09 18:07:09 CheckN
1457543230054	<INFO 7fc1ad4fe740> 2016-03-09 18:07:10 CheckO
1457543230056	<INFO 7fc1ad4fe740> 2016-03-09 18:07:10 CheckP
1457543230059	<INFO 7fc1ad4fe740> 2016-03-09 18:07:10 CheckQ
1457543230061	<INFO 7fc1ad4fe740> 2016-03-09 18:07:10 CheckI
1457543231283	<INFO 7fc1ad4fe740> 2016-03-09 18:07:11 CheckJ
1457543231286	<INFO 7fc1ad4fe740> 2016-03-09 18:07:11 CheckK
1457543231289	<INFO 7fc1ad4fe740> 2016-03-09 18:07:11 CheckL
1457543231291	<INFO 7fc1ad4fe740> 2016-03-09 18:07:11 CheckM
1457543231294	<INFO 7fc1ad4fe740> 2016-03-09 18:07:11 CheckN
1457543233412	<INFO 7fc1ad4fe740> 2016-03-09 18:07:13 CheckO
1457543233416	<INFO 7fc1ad4fe740> 2016-03-09 18:07:13 CheckP
1457543233419	<INFO 7fc1ad4fe740> 2016-03-09 18:07:13 CheckQ
1457543233421	<INFO 7fc1ad4fe740> 2016-03-09 18:07:13 CheckI
1457543234312	<INFO 7fc1ad4fe740> 2016-03-09 18:07:14 Completed scatter
1457543331866	<INFO 7fc1ad4fe740> 2016-03-09 18:08:51 Completed phase 5 Bytes read 55985496204 Bytes written 27912677500
1457543336801	<INFO 7fc1ad4fe740> 2016-03-09 18:08:56 Started gather
1457543337890	<INFO 7fc1ad4fe740> 2016-03-09 18:08:57 CheckA
1457543337893	<INFO 7fc1ad4fe740> 2016-03-09 18:08:57 CheckB
1457543337896	<INFO 7fc1ad4fe740> 2016-03-09 18:08:57 CheckC
1457543337898	<INFO 7fc1ad4fe740> 2016-03-09 18:08:57 CheckD
1457543337901	<INFO 7fc1ad4fe740> 2016-03-09 18:08:57 CheckE
1457543337903	<INFO 7fc1ad4fe740> 2016-03-09 18:08:57 CheckF
1457543337906	<INFO 7fc1ad4fe740> 2016-03-09 18:08:57 CheckG
1457543337910	<INFO 7fc1ad4fe740> 2016-03-09 18:08:57 CheckH
1457543337912	<INFO 7fc1ad4fe740> 2016-03-09 18:08:57 CheckI
1457543339893	<INFO 7fc1ad4fe740> 2016-03-09 18:08:59 CheckJ
1457543339897	<INFO 7fc1ad4fe740> 2016-03-09 18:08:59 CheckK
1457543339900	<INFO 7fc1ad4fe740> 2016-03-09 18:08:59 CheckL
1457543339903	<INFO 7fc1ad4fe740> 2016-03-09 18:08:59 CheckM
1457543339906	<INFO 7fc1ad4fe740> 2016-03-09 18:08:59 CheckN
1457543340149	<INFO 7fc1ad4fe740> 2016-03-09 18:09:00 CheckO
1457543340151	<INFO 7fc1ad4fe740> 2016-03-09 18:09:00 CheckP
1457543340153	<INFO 7fc1ad4fe740> 2016-03-09 18:09:00 CheckQ
1457543340156	<INFO 7fc1ad4fe740> 2016-03-09 18:09:00 CheckI
1457543343132	<INFO 7fc1ad4fe740> 2016-03-09 18:09:03 CheckJ
1457543343135	<INFO 7fc1ad4fe740> 2016-03-09 18:09:03 CheckK
1457543343138	<INFO 7fc1ad4fe740> 2016-03-09 18:09:03 CheckL
1457543343141	<INFO 7fc1ad4fe740> 2016-03-09 18:09:03 CheckM
1457543343144	<INFO 7fc1ad4fe740> 2016-03-09 18:09:03 CheckN
1457543343225	<INFO 7fc1ad4fe740> 2016-03-09 18:09:03 CheckO
1457543343228	<INFO 7fc1ad4fe740> 2016-03-09 18:09:03 CheckP
1457543343230	<INFO 7fc1ad4fe740> 2016-03-09 18:09:03 CheckQ
1457543343233	<INFO 7fc1ad4fe740> 2016-03-09 18:09:03 CheckI
1457543353854	<INFO 7fc1ad4fe740> 2016-03-09 18:09:13 Completed gather
1457543385489	<INFO 7fc1ad4fe740> 2016-03-09 18:09:45 Started scatter
1457543392024	<INFO 7fc1ad4fe740> 2016-03-09 18:09:52 CheckA
1457543392027	<INFO 7fc1ad4fe740> 2016-03-09 18:09:52 CheckB
1457543392030	<INFO 7fc1ad4fe740> 2016-03-09 18:09:52 CheckC
1457543392033	<INFO 7fc1ad4fe740> 2016-03-09 18:09:52 CheckD
1457543392035	<INFO 7fc1ad4fe740> 2016-03-09 18:09:52 CheckE
1457543392038	<INFO 7fc1ad4fe740> 2016-03-09 18:09:52 CheckF
1457543392041	<INFO 7fc1ad4fe740> 2016-03-09 18:09:52 CheckG
1457543392043	<INFO 7fc1ad4fe740> 2016-03-09 18:09:52 CheckH
1457543392046	<INFO 7fc1ad4fe740> 2016-03-09 18:09:52 CheckI
1457543394114	<INFO 7fc1ad4fe740> 2016-03-09 18:09:54 CheckJ
1457543394117	<INFO 7fc1ad4fe740> 2016-03-09 18:09:54 CheckK
1457543394120	<INFO 7fc1ad4fe740> 2016-03-09 18:09:54 CheckL
1457543394122	<INFO 7fc1ad4fe740> 2016-03-09 18:09:54 CheckM
1457543394125	<INFO 7fc1ad4fe740> 2016-03-09 18:09:54 CheckN
1457543394470	<INFO 7fc1ad4fe740> 2016-03-09 18:09:54 CheckO
1457543394473	<INFO 7fc1ad4fe740> 2016-03-09 18:09:54 CheckP
1457543394475	<INFO 7fc1ad4fe740> 2016-03-09 18:09:54 CheckQ
1457543394478	<INFO 7fc1ad4fe740> 2016-03-09 18:09:54 CheckI
1457543396776	<INFO 7fc1ad4fe740> 2016-03-09 18:09:56 CheckJ
1457543396779	<INFO 7fc1ad4fe740> 2016-03-09 18:09:56 CheckK
1457543396781	<INFO 7fc1ad4fe740> 2016-03-09 18:09:56 CheckL
1457543396784	<INFO 7fc1ad4fe740> 2016-03-09 18:09:56 CheckM
1457543396786	<INFO 7fc1ad4fe740> 2016-03-09 18:09:56 CheckN
1457543398670	<INFO 7fc1ad4fe740> 2016-03-09 18:09:58 CheckO
1457543398672	<INFO 7fc1ad4fe740> 2016-03-09 18:09:58 CheckP
1457543398675	<INFO 7fc1ad4fe740> 2016-03-09 18:09:58 CheckQ
1457543398677	<INFO 7fc1ad4fe740> 2016-03-09 18:09:58 CheckI
1457543399646	<INFO 7fc1ad4fe740> 2016-03-09 18:09:59 CheckJ
1457543399649	<INFO 7fc1ad4fe740> 2016-03-09 18:09:59 CheckK
1457543399652	<INFO 7fc1ad4fe740> 2016-03-09 18:09:59 CheckL
1457543399655	<INFO 7fc1ad4fe740> 2016-03-09 18:09:59 CheckM
1457543399658	<INFO 7fc1ad4fe740> 2016-03-09 18:09:59 CheckN
1457543400889	<INFO 7fc1ad4fe740> 2016-03-09 18:10:00 CheckO
1457543400891	<INFO 7fc1ad4fe740> 2016-03-09 18:10:00 CheckP
1457543400894	<INFO 7fc1ad4fe740> 2016-03-09 18:10:00 CheckQ
1457543400896	<INFO 7fc1ad4fe740> 2016-03-09 18:10:00 CheckI
1457543401540	<INFO 7fc1ad4fe740> 2016-03-09 18:10:01 Completed scatter
1457543498132	<INFO 7fc1ad4fe740> 2016-03-09 18:11:38 Completed phase 6 Bytes read 67737357208 Bytes written 33129249828
1457543501748	<INFO 7fc1ad4fe740> 2016-03-09 18:11:41 Started gather
1457543502950	<INFO 7fc1ad4fe740> 2016-03-09 18:11:42 CheckA
1457543502952	<INFO 7fc1ad4fe740> 2016-03-09 18:11:42 CheckB
1457543502956	<INFO 7fc1ad4fe740> 2016-03-09 18:11:42 CheckC
1457543502958	<INFO 7fc1ad4fe740> 2016-03-09 18:11:42 CheckD
1457543502961	<INFO 7fc1ad4fe740> 2016-03-09 18:11:42 CheckE
1457543502963	<INFO 7fc1ad4fe740> 2016-03-09 18:11:42 CheckF
1457543502966	<INFO 7fc1ad4fe740> 2016-03-09 18:11:42 CheckG
1457543502968	<INFO 7fc1ad4fe740> 2016-03-09 18:11:42 CheckH
1457543502971	<INFO 7fc1ad4fe740> 2016-03-09 18:11:42 CheckI
1457543505124	<INFO 7fc1ad4fe740> 2016-03-09 18:11:45 CheckJ
1457543505129	<INFO 7fc1ad4fe740> 2016-03-09 18:11:45 CheckK
1457543505132	<INFO 7fc1ad4fe740> 2016-03-09 18:11:45 CheckL
1457543505137	<INFO 7fc1ad4fe740> 2016-03-09 18:11:45 CheckM
1457543505141	<INFO 7fc1ad4fe740> 2016-03-09 18:11:45 CheckN
1457543505382	<INFO 7fc1ad4fe740> 2016-03-09 18:11:45 CheckO
1457543505386	<INFO 7fc1ad4fe740> 2016-03-09 18:11:45 CheckP
1457543505389	<INFO 7fc1ad4fe740> 2016-03-09 18:11:45 CheckQ
1457543505392	<INFO 7fc1ad4fe740> 2016-03-09 18:11:45 CheckI
1457543507023	<INFO 7fc1ad4fe740> 2016-03-09 18:11:47 CheckJ
1457543507026	<INFO 7fc1ad4fe740> 2016-03-09 18:11:47 CheckK
1457543507029	<INFO 7fc1ad4fe740> 2016-03-09 18:11:47 CheckL
1457543507032	<INFO 7fc1ad4fe740> 2016-03-09 18:11:47 CheckM
1457543507034	<INFO 7fc1ad4fe740> 2016-03-09 18:11:47 CheckN
1457543507116	<INFO 7fc1ad4fe740> 2016-03-09 18:11:47 CheckO
1457543507119	<INFO 7fc1ad4fe740> 2016-03-09 18:11:47 CheckP
1457543507122	<INFO 7fc1ad4fe740> 2016-03-09 18:11:47 CheckQ
1457543507124	<INFO 7fc1ad4fe740> 2016-03-09 18:11:47 CheckI
1457543519009	<INFO 7fc1ad4fe740> 2016-03-09 18:11:59 Completed gather
1457543548021	<INFO 7fc1ad4fe740> 2016-03-09 18:12:28 Started scatter
1457543553429	<INFO 7fc1ad4fe740> 2016-03-09 18:12:33 CheckA
1457543553431	<INFO 7fc1ad4fe740> 2016-03-09 18:12:33 CheckB
1457543553434	<INFO 7fc1ad4fe740> 2016-03-09 18:12:33 CheckC
1457543553436	<INFO 7fc1ad4fe740> 2016-03-09 18:12:33 CheckD
1457543553439	<INFO 7fc1ad4fe740> 2016-03-09 18:12:33 CheckE
1457543553441	<INFO 7fc1ad4fe740> 2016-03-09 18:12:33 CheckF
1457543553444	<INFO 7fc1ad4fe740> 2016-03-09 18:12:33 CheckG
1457543553446	<INFO 7fc1ad4fe740> 2016-03-09 18:12:33 CheckH
1457543553449	<INFO 7fc1ad4fe740> 2016-03-09 18:12:33 CheckI
1457543555617	<INFO 7fc1ad4fe740> 2016-03-09 18:12:35 CheckJ
1457543555620	<INFO 7fc1ad4fe740> 2016-03-09 18:12:35 CheckK
1457543555623	<INFO 7fc1ad4fe740> 2016-03-09 18:12:35 CheckL
1457543555625	<INFO 7fc1ad4fe740> 2016-03-09 18:12:35 CheckM
1457543555628	<INFO 7fc1ad4fe740> 2016-03-09 18:12:35 CheckN
1457543555963	<INFO 7fc1ad4fe740> 2016-03-09 18:12:35 CheckO
1457543555965	<INFO 7fc1ad4fe740> 2016-03-09 18:12:35 CheckP
1457543555968	<INFO 7fc1ad4fe740> 2016-03-09 18:12:35 CheckQ
1457543555970	<INFO 7fc1ad4fe740> 2016-03-09 18:12:35 CheckI
1457543558798	<INFO 7fc1ad4fe740> 2016-03-09 18:12:38 CheckJ
1457543558800	<INFO 7fc1ad4fe740> 2016-03-09 18:12:38 CheckK
1457543558803	<INFO 7fc1ad4fe740> 2016-03-09 18:12:38 CheckL
1457543558805	<INFO 7fc1ad4fe740> 2016-03-09 18:12:38 CheckM
1457543558807	<INFO 7fc1ad4fe740> 2016-03-09 18:12:38 CheckN
1457543561011	<INFO 7fc1ad4fe740> 2016-03-09 18:12:41 CheckO
1457543561015	<INFO 7fc1ad4fe740> 2016-03-09 18:12:41 CheckP
1457543561017	<INFO 7fc1ad4fe740> 2016-03-09 18:12:41 CheckQ
1457543561019	<INFO 7fc1ad4fe740> 2016-03-09 18:12:41 CheckI
1457543561541	<INFO 7fc1ad4fe740> 2016-03-09 18:12:41 CheckJ
1457543561544	<INFO 7fc1ad4fe740> 2016-03-09 18:12:41 CheckK
1457543561546	<INFO 7fc1ad4fe740> 2016-03-09 18:12:41 CheckL
1457543561549	<INFO 7fc1ad4fe740> 2016-03-09 18:12:41 CheckM
1457543561552	<INFO 7fc1ad4fe740> 2016-03-09 18:12:41 CheckN
1457543562729	<INFO 7fc1ad4fe740> 2016-03-09 18:12:42 CheckO
1457543562733	<INFO 7fc1ad4fe740> 2016-03-09 18:12:42 CheckP
1457543562736	<INFO 7fc1ad4fe740> 2016-03-09 18:12:42 CheckQ
1457543562738	<INFO 7fc1ad4fe740> 2016-03-09 18:12:42 CheckI
1457543563281	<INFO 7fc1ad4fe740> 2016-03-09 18:12:43 Completed scatter
1457543670824	<INFO 7fc1ad4fe740> 2016-03-09 18:14:30 Completed phase 7 Bytes read 79549844652 Bytes written 38212588156
1457543670826	<INFO 7fc1ad4fe740> CORE::PARTITIONS_PROCESSED 37
1457543670828	<INFO 7fc1ad4fe740> CORE::BYTES::EDGES_STREAMED 475189356
1457543670831	<INFO 7fc1ad4fe740> CORE::BYTES::UPDATES_OUT 262058944
1457543670833	<INFO 7fc1ad4fe740> CORE::BYTES::UPDATES_IN 264925008
1457543670835	<INFO 7fa38dff9700> CORE::PARTITIONS_PROCESSED 73
1457543670838	<INFO 7fa3827fc700> CORE::PARTITIONS_PROCESSED 110
1457543670840	<INFO 7fa3837fe700> CORE::PARTITIONS_PROCESSED 90
1457543670842	<INFO 7fa383fff700> CORE::PARTITIONS_PROCESSED 70
1457543670845	<INFO 7fa382ffd700> CORE::PARTITIONS_PROCESSED 90
1457543670847	<INFO 7fa38cff7700> CORE::PARTITIONS_PROCESSED 98
1457543670849	<INFO 7fa38d7f8700> CORE::PARTITIONS_PROCESSED 72
1457543670852	<INFO 7fa38dff9700> CORE::BYTES::EDGES_STREAMED 611959836
1457543670854	<INFO 7fa38cff7700> CORE::BYTES::EDGES_STREAMED 583844532
1457543670856	<INFO 7fa38d7f8700> CORE::BYTES::EDGES_STREAMED 454599120
1457543670859	<INFO 7fa3837fe700> CORE::BYTES::EDGES_STREAMED 580460616
1457543670861	<INFO 7fa383fff700> CORE::BYTES::EDGES_STREAMED 601911192
1457543670863	<INFO 7fa38cff7700> CORE::BYTES::UPDATES_OUT 331122384
1457543670866	<INFO 7fa38d7f8700> CORE::BYTES::UPDATES_OUT 250868976
1457543670868	<INFO 7fa3827fc700> CORE::BYTES::EDGES_STREAMED 1111190904
1457543670870	<INFO 7fa383fff700> CORE::BYTES::UPDATES_OUT 353944832
1457543670873	<INFO 7fa382ffd700> CORE::BYTES::EDGES_STREAMED 569027028
1457543670875	<INFO 7fa38d7f8700> CORE::BYTES::UPDATES_IN 227873312
1457543670878	<INFO 7fa3827fc700> CORE::BYTES::UPDATES_OUT 627346624
1457543670880	<INFO 7fa38dff9700> CORE::BYTES::UPDATES_OUT 360900608
1457543670882	<INFO 7fa38cff7700> CORE::BYTES::UPDATES_IN 265312608
1457543670885	<INFO 7fa3837fe700> CORE::BYTES::UPDATES_OUT 334592424
1457543670887	<INFO 7fa38dff9700> CORE::BYTES::UPDATES_IN 269252712
1457543670890	<INFO 7fa3827fc700> CORE::BYTES::UPDATES_IN 456540816
1457543670892	<INFO 7fa383fff700> CORE::BYTES::UPDATES_IN 269034840
1457543670895	<INFO 7fa3837fe700> CORE::BYTES::UPDATES_IN 311205536
1457543670897	<INFO 7fa382ffd700> CORE::BYTES::UPDATES_OUT 329555256
1457543670900	<INFO 7fa382ffd700> CORE::BYTES::UPDATES_IN 311143168
1457543670903	<INFO 7fa38effb700> SLIPSTORE service is exiting
1457543670905	<INFO 7fa38effb700> SLIPSTORE::HELP_OFFERS_RECVD 98
1457543670908	<INFO 7fa38effb700> SLIPSTORE::HELP_OFFERS_ACCEPTED 0
1457543670910	<INFO 7fa38effb700> SLIPSTORE::HELP_ACCEPTANCE_RATIO 0
1457543670912	<INFO 7fa38effb700> SLIPSTORE::SERVER_BUSY_DISK  708.721 seconds
1457543670915	<INFO 7fa38effb700> SLIPSTORE::SERVER_BUSY_MEM  0 seconds
1457543670917	<INFO 7fa38effb700> SLIPSTORE::SERVER_TOTAL  1125.51 seconds
1457543670919	<INFO 7fc1ad4fe740> SLIPSTORE::CLIENT::DISK_READ_TIME  204.591 seconds
1457543670922	<INFO 7fc1ad4fe740> SLIPSTORE::CLIENT::MEM_READ_TIME  0 seconds
1457543670924	<INFO 7fc1ad4fe740> SLIPSTORE::CLIENT::DISK_BYTES_READ 21703789964
1457543670927	<INFO 7fc1ad4fe740> SLIPSTORE::CLIENT::MEM_BYTES_READ 0
1457543670929	<INFO 7fc1ad4fe740> SLIPSTORE::CLIENT::WRITE_TIME  120.79 seconds
1457543670932	<INFO 7fc1ad4fe740> SLIPSTORE::CLIENT::BYTES_WRITTEN 6039797760
1457543670934	<INFO 7fc1ad4fe740> SLIPSTORE::CLIENT_BUSY  325.38 seconds
1457543670937	<INFO 7fc1ad4fe740> SLIPSTORE::IO::TIME 562.269 seconds
1457543670939	<INFO 7fc1ad4fe740> SLIPSTORE::SNAP::TIME 0 seconds
1457543670942	<INFO 7fc1ad4fe740> SLIPSTORE::MAX_DISK_USAGE_BYTES 11007181076
1457543672219	<INFO 7fc1ad4fe740> CORE::RUSAGE::MAX_RSS_KB 125942636
1457543672223	<INFO 7fc1ad4fe740> CORE::RUSAGE::MINFLT 31999407
1457543672227	<INFO 7fc1ad4fe740> CORE::RUSAGE::MAJFLT 17
1457543672231	<INFO 7fc1ad4fe740> CORE::RUSAGE::MAJFLT 17
1457543672234	<INFO 7fc1ad4fe740> CORE::RUSAGE::INBLK 126911056
1457543672238	<INFO 7fc1ad4fe740> CORE::RUSAGE::OUBLK 74637344
1457543672241	<INFO 7fc1ad4fe740> CORE::UTILS::BYTES_READ 79549844652
1457543672245	<INFO 7fc1ad4fe740> CORE::UTILS::BYTES_WRITTEN 38212588156
1457543672249	<INFO 7fc1ad4fe740> CORE::UTILS::TILE_COPY_BYTES 8053063680
1457543672252	<INFO 7fc1ad4fe740> CORE::TIME::IO_WAIT 300.048 seconds
1457543672255	<INFO 7fc1ad4fe740> CORE::TIME_TILE_COPY 0 seconds
1457543672258	<INFO 7fc1ad4fe740> CORE::TIME_TILE_MERGE 0 seconds
1457543672263	<INFO 7fc1ad4fe740> CORE::TIME_PROCESSING_STOLEN 0 seconds
1457543672266	<INFO 7fc1ad4fe740> CORE::TIME_MERGE_WAIT 0 seconds
1457543672270	<INFO 7fc1ad4fe740> CORE::TIME_ALL_MC_BARRIER 646.657 seconds
1457543672273	<INFO 7fc1ad4fe740> CORE::PHASES 7
1457543672277	<INFO 7fc1ad4fe740> CORE::TIME::SETUP 4.60763 seconds
1457543672280	<INFO 7fc1ad4fe740> CORE::TIME::WALL 1129.79 seconds
1457543672284	<INFO 7fc1ad4fe740> SHUTDOWN
