1461588043893	<INFO 7f1c8633d740> 2016-04-25 14:40:43 STARTUP
1461588043897	<INFO 7f1c8633d740> CORE::GRAPH rmat-28-und_s8
1461588043901	<INFO 7f1c8633d740> CORE::ALGORITHM bfs
1461588043905	<INFO 7f1c8633d740> CORE::VERTEX_STRIPING OFF
1461588043909	<INFO 7f1c8633d740> CORE::EDGE_STRIPING OFF
1461588043913	<INFO 7f1c8633d740> CORE::UPDATES_STRIPING OFF
1461588043917	<INFO 7f1c8633d740> CORE::OPTIMIZED_STATE_LOAD_STORE OFF
1461588043921	<INFO 7f1c8633d740> CORE::LINEAR_SEARCH_SUPER_PARTITION ON
1461588043924	<INFO 7f1c8633d740> CORE::SUPER_PARTITION_COMPUTED_FOR_EACH_VERTEX
1461588043928	<INFO 7f1c8633d740> CORE::EDGE_STRIPING ON
1461588043932	<INFO 7f1c8633d740> CORE::BATCH IO ON
1461588043937	<INFO 7f1c8633d740> 2016-04-25 14:40:43 Blocking memory amount 126701535232
1461588151191	<INFO 7f1c8633d740> 2016-04-25 14:42:31 Done blocking memory
1461588151195	<INFO 7f1c8633d740> SG-DRIVER-ORIGINAL
1461588151199	<INFO 7f1c8633d740> 2016-04-25 14:42:31 START read config parameters
1461588151203	<INFO 7f1c8633d740> PARTITIONING::OLD 0
1461588151207	<INFO 7f1c8633d740> PARTITIONING::BALANCED_PARTITIONS 0
1461588151211	<INFO 7f1c8633d740> CORE::CONFIG::PROCESSORS 8
1461588151214	<INFO 7f1c8633d740> CORE::CONFIG::PHYSICAL_MEMORY 2147483648
1461588151218	<INFO 7f1c8633d740> CORE::CONFIG::VERTICES 268435456
1461588151222	<INFO 7f1c8633d740> CORE::CONFIG::VERTEX_SIZE 8
1461588151226	<INFO 7f1c8633d740> CORE::CONFIG::VERTEX_BUFFER 934802392
1461588151230	<INFO 7f1c8633d740> CORE::CONFIG::EDGES 1073741824
1461588151234	<INFO 7f1c8633d740> CORE::CONFIG::PARTITIONS 64
1461588151238	<INFO 7f1c8633d740> CORE::CONFIG::FANOUT 64
1461588151242	<INFO 7f1c8633d740> CORE::CONFIG::SUPER_PARTITIONS 8
1461588151245	<INFO 7f1c8633d740> CORE::CONFIG::TILES 1
1461588151249	<INFO 7f1c8633d740> CORE::CONFIG::BUFFER_SIZE 242535124
1461588151253	<INFO 7f1c8633d740> CORE::CONFIG::MAX_BUFFERS 4
1461588151257	<INFO 7f1c8633d740> CORE::CONFIG::MAX_STREAMS 4
1461588151261	<INFO 7f1c8633d740> CORE::CONFIG::SUM_OF_OUT_DEGREES_FOR_NEW_PARTITIONS::FIRST_CONSTRAINT 1073741824
1461588151265	<INFO 7f1c8633d740> CORE::CONFIG::MAX_EDGES_PER_NEW_PARTITION::SECOND_CONSTRAINT 1073741824
1461588151269	<INFO 7f1c8633d740> SLIPSTREAM::EXT_MEM_SHUFFLE OFF
1461588151273	<INFO 7f1c8633d740> 2016-04-25 14:42:31 END read config parameters
1461588152995	<WARNING 7f1c8633d740> Unable to unlink file (stream.0.0.0):No such file or directory
1461588152999	<WARNING 7f1c8633d740> Unable to unlink file (stream.0.1.0):No such file or directory
1461588153003	<WARNING 7f1c8633d740> Unable to unlink file (stream.0.2.0):No such file or directory
1461588153006	<WARNING 7f1c8633d740> Unable to unlink file (stream.0.3.0):No such file or directory
1461588153010	<WARNING 7f1c8633d740> Unable to unlink file (stream.0.4.0):No such file or directory
1461588153015	<WARNING 7f1c8633d740> Unable to unlink file (stream.0.5.0):No such file or directory
1461588153019	<WARNING 7f1c8633d740> Unable to unlink file (stream.0.6.0):No such file or directory
1461588153023	<WARNING 7f1c8633d740> Unable to unlink file (stream.0.7.0):No such file or directory
1461588153027	<WARNING 7f1c8633d740> Unable to unlink file (stream.1.1.0):No such file or directory
1461588153031	<WARNING 7f1c8633d740> Unable to unlink file (stream.1.2.0):No such file or directory
1461588153035	<WARNING 7f1c8633d740> Unable to unlink file (stream.1.3.0):No such file or directory
1461588153039	<WARNING 7f1c8633d740> Unable to unlink file (stream.1.4.0):No such file or directory
1461588153043	<WARNING 7f1c8633d740> Unable to unlink file (stream.1.5.0):No such file or directory
1461588153047	<WARNING 7f1c8633d740> Unable to unlink file (stream.1.6.0):No such file or directory
1461588153051	<WARNING 7f1c8633d740> Unable to unlink file (stream.1.7.0):No such file or directory
1461588153056	<WARNING 7f1c8633d740> Unable to unlink file (stream.2.0.0):No such file or directory
1461588153060	<WARNING 7f1c8633d740> Unable to unlink file (stream.2.1.0):No such file or directory
1461588153064	<WARNING 7f1c8633d740> Unable to unlink file (stream.2.2.0):No such file or directory
1461588153068	<WARNING 7f1c8633d740> Unable to unlink file (stream.2.3.0):No such file or directory
1461588153072	<WARNING 7f1c8633d740> Unable to unlink file (stream.2.4.0):No such file or directory
1461588153075	<WARNING 7f1c8633d740> Unable to unlink file (stream.2.5.0):No such file or directory
1461588153079	<WARNING 7f1c8633d740> Unable to unlink file (stream.2.6.0):No such file or directory
1461588153083	<WARNING 7f1c8633d740> Unable to unlink file (stream.2.7.0):No such file or directory
1461588153088	<WARNING 7f1c8633d740> Unable to unlink file (stream.3.0.0):No such file or directory
1461588153092	<WARNING 7f1c8633d740> Unable to unlink file (stream.3.1.0):No such file or directory
1461588153095	<WARNING 7f1c8633d740> Unable to unlink file (stream.3.2.0):No such file or directory
1461588153099	<WARNING 7f1c8633d740> Unable to unlink file (stream.3.3.0):No such file or directory
1461588153103	<WARNING 7f1c8633d740> Unable to unlink file (stream.3.4.0):No such file or directory
1461588153107	<WARNING 7f1c8633d740> Unable to unlink file (stream.3.5.0):No such file or directory
1461588153111	<WARNING 7f1c8633d740> Unable to unlink file (stream.3.6.0):No such file or directory
1461588153114	<WARNING 7f1c8633d740> Unable to unlink file (stream.3.7.0):No such file or directory
1461588153117	<INFO 7f1c8633d740> SLIPSTORE::ZMQ_THREADS 2
1461588153121	<INFO 7f1c8633d740> SLIPSTORE::COMM Connecting to tcp://dco-node137-10g:5016
1461588153125	<INFO 7f1c8633d740> SLIPSTORE::COMM Connecting to tcp://dco-node138-10g:5034
1461588153129	<INFO 7f1c8633d740> SLIPSTORE::COMM Connecting to tcp://dco-node139-10g:5052
1461588153133	<INFO 7f1c8633d740> SLIPSTORE::COMM Connecting to tcp://dco-node140-10g:5070
1461588153137	<INFO 7f1c8633d740> SLIPSTORE::COMM Connecting to tcp://dco-node141-10g:5088
1461588153140	<INFO 7f1c8633d740> SLIPSTORE::COMM Connecting to tcp://dco-node142-10g:5106
1461588153144	<INFO 7f1c8633d740> SLIPSTORE::COMM Connecting to tcp://dco-node143-10g:5124
1461588153147	<INFO 7f1c8633d740> SLIPSTORE::COMM Connecting to tcp://dco-node144-10g:5142
1461588153151	<INFO 7f1c8633d740> SLIPSTORE::COMM Listening at tcp://ens1f0:5134
1461588153154	<INFO 7f1c8633d740> SLIPSTORE::COMM Listening at tcp://ens1f0:5135
1461588153158	<INFO 7f1c8633d740> SLIPSTORE::COMM Listening at tcp://ens1f0:5136
1461588153161	<INFO 7f1c8633d740> SLIPSTORE::COMM Listening at tcp://ens1f0:5137
1461588153165	<INFO 7f1c8633d740> SLIPSTORE::COMM Listening at tcp://ens1f0:5138
1461588153168	<INFO 7f1c8633d740> SLIPSTORE::COMM Listening at tcp://ens1f0:5139
1461588153171	<INFO 7f1c8633d740> SLIPSTORE::COMM Listening at tcp://ens1f0:5140
1461588153174	<INFO 7f1c8633d740> SLIPSTORE::COMM Listening at ipc://client
1461588153177	<INFO 7f1c8633d740> SLIPSTORE::COMM Connecting to tcp://dco-node137-10g:5016
1461588153180	<INFO 7f1c8633d740> SLIPSTORE::COMM Connecting to tcp://dco-node138-10g:5034
1461588153184	<INFO 7f1c8633d740> SLIPSTORE::COMM Connecting to tcp://dco-node139-10g:5052
1461588153187	<INFO 7f1c8633d740> SLIPSTORE::COMM Connecting to tcp://dco-node140-10g:5070
1461588153192	<INFO 7f1c8633d740> SLIPSTORE::COMM Connecting to tcp://dco-node141-10g:5088
1461588153195	<INFO 7f1c8633d740> SLIPSTORE::COMM Connecting to tcp://dco-node142-10g:5106
1461588153200	<INFO 7f1c8633d740> SLIPSTORE::COMM Connecting to tcp://dco-node143-10g:5124
1461588153203	<INFO 7f1c8633d740> SLIPSTORE::COMM Connecting to tcp://dco-node144-10g:5142
1461588153207	<INFO 7f1c8633d740> SLIPSTORE::COMM Connecting to tcp://dco-node137-10g:5007
1461588153211	<INFO 7f1c8633d740> SLIPSTORE::COMM Connecting to tcp://dco-node138-10g:5025
1461588153215	<INFO 7f1c8633d740> SLIPSTORE::COMM Connecting to tcp://dco-node139-10g:5043
1461588153219	<INFO 7f1c8633d740> SLIPSTORE::COMM Connecting to tcp://dco-node140-10g:5061
1461588153223	<INFO 7f1c8633d740> SLIPSTORE::COMM Connecting to tcp://dco-node141-10g:5079
1461588153225	<INFO 7f1c8633d740> SLIPSTORE::COMM Connecting to tcp://dco-node142-10g:5097
1461588153228	<INFO 7f1c8633d740> SLIPSTORE::COMM Connecting to tcp://dco-node143-10g:5115
1461588153231	<INFO 7f1c8633d740> SLIPSTORE::COMM Connecting to ipc://server
1461588153233	<INFO 7f1c8633d740> SLIPSTORE::COMM Connecting to tcp://dco-node137-10g:5017
1461588153236	<INFO 7f1c8633d740> SLIPSTORE::COMM Listening at tcp://ens1f0:5143
1461588153240	<INFO 7f1c8633d740> SLIPSTORE::COMM Connecting to tcp://dco-node144-10g:5142
1461588153244	<INFO 7f1c8633d740> SLIPSTORE::HELP_POLICY NONE
1461588153247	<INFO 7f1c8633d740> SLIPSTORE::SERVER ASYNC
1461588153250	<INFO 7f1c8633d740> SLIPSTORE::MACHINES 8
1461588153253	<INFO 7f1c8633d740> SLIPSTORE::ME 7
1461588153256	<INFO 7f1c8633d740> SLIPSTORE::SLIPCHUNK 4194304
1461588153259	<INFO 7f1c8633d740> SLIPSTORE::QUOTA 18446744073709551615
1461588153262	<INFO 7f1c8633d740> SLIPSTORE::IO PAGECACHE
1461588153265	<INFO 7efe67bfe700> SLIPSTORE::COMM Listening at tcp://ens1f0:5142
1461588153268	<INFO 7efe67bfe700> SLIPSTORE::COMM Listening at tcp://ens1f0:5126
1461588153271	<INFO 7efe67bfe700> SLIPSTORE::COMM Connecting to tcp://dco-node137-10g:5015
1461588153274	<INFO 7efe67bfe700> SLIPSTORE::COMM Listening at tcp://ens1f0:5127
1461588153277	<INFO 7efe67bfe700> SLIPSTORE::COMM Connecting to tcp://dco-node138-10g:5033
1461588153281	<INFO 7efe67bfe700> SLIPSTORE::COMM Listening at tcp://ens1f0:5128
1461588153283	<INFO 7efe67bfe700> SLIPSTORE::COMM Connecting to tcp://dco-node139-10g:5051
1461588153286	<INFO 7efe67bfe700> SLIPSTORE::COMM Listening at tcp://ens1f0:5129
1461588153290	<INFO 7efe67bfe700> SLIPSTORE::COMM Connecting to tcp://dco-node140-10g:5069
1461588153293	<INFO 7efe67bfe700> SLIPSTORE::COMM Listening at tcp://ens1f0:5130
1461588153296	<INFO 7efe67bfe700> SLIPSTORE::COMM Connecting to tcp://dco-node141-10g:5087
1461588153300	<INFO 7efe67bfe700> SLIPSTORE::COMM Listening at tcp://ens1f0:5131
1461588153303	<INFO 7efe67bfe700> SLIPSTORE::COMM Connecting to tcp://dco-node142-10g:5105
1461588153306	<INFO 7efe67bfe700> SLIPSTORE::COMM Listening at tcp://ens1f0:5132
1461588153309	<INFO 7efe67bfe700> SLIPSTORE::COMM Connecting to tcp://dco-node143-10g:5123
1461588153312	<INFO 7efe67bfe700> SLIPSTORE::COMM Listening at ipc://server
1461588153315	<INFO 7efe67bfe700> SLIPSTORE::COMM Connecting to ipc://client
1461588154228	<INFO 7f1c8633d740> SLIPSTORE::CHECKPOINTS NONE FOUND
1461588154231	<INFO 7f1c8633d740> 2016-04-25 14:42:34 Start edge split
1461588258202	<INFO 7f1c8633d740> 2016-04-25 14:44:18 Completed init
1461588262262	<INFO 7f1c8633d740> 2016-04-25 14:44:22 Started gather
1461588267997	<INFO 7f1c8633d740> 2016-04-25 14:44:27 Completed gather
1461588268034	<INFO 7f1c8633d740> 2016-04-25 14:44:28 Started scatter
1461588371943	<INFO 7f1c8633d740> 2016-04-25 14:46:11 Completed scatter
1461588371964	<INFO 7f1c8633d740> 2016-04-25 14:46:11 Completed phase 1 Bytes read 27666224720 Bytes written 14785276680
1461588371989	<INFO 7f1c8633d740> 2016-04-25 14:46:11 Started gather
1461588378681	<INFO 7f1c8633d740> 2016-04-25 14:46:18 Completed gather
1461588392387	<INFO 7f1c8633d740> 2016-04-25 14:46:32 Started scatter
1461588507160	<INFO 7f1c8633d740> 2016-04-25 14:48:27 Completed scatter
1461588507265	<INFO 7f1c8633d740> 2016-04-25 14:48:27 Completed phase 2 Bytes read 42451501400 Bytes written 20358625384
1461588507289	<INFO 7f1c8633d740> 2016-04-25 14:48:27 Started gather
1461588576888	<INFO 7f1c8633d740> 2016-04-25 14:49:36 Completed gather
1461588770579	<INFO 7f1c8633d740> 2016-04-25 14:52:50 Started scatter
1461588887613	<INFO 7f1c8633d740> 2016-04-25 14:54:47 Completed scatter
1461588887810	<INFO 7f1c8633d740> 2016-04-25 14:54:47 Completed phase 3 Bytes read 61871370544 Bytes written 25105291592
1461588887834	<INFO 7f1c8633d740> 2016-04-25 14:54:47 Started gather
1461588943716	<INFO 7f1c8633d740> 2016-04-25 14:55:43 Completed gather
1461589105178	<INFO 7f1c8633d740> 2016-04-25 14:58:25 Started scatter
1461589208964	<INFO 7f1c8633d740> 2016-04-25 15:00:08 Completed scatter
1461589208986	<INFO 7f1c8633d740> 2016-04-25 15:00:08 Completed phase 4 Bytes read 80464557192 Bytes written 26062026736
1461589209010	<INFO 7f1c8633d740> 2016-04-25 15:00:09 Started gather
1461589216179	<INFO 7f1c8633d740> 2016-04-25 15:00:16 Completed gather
1461589251706	<INFO 7f1c8633d740> 2016-04-25 15:00:51 Started scatter
1461589358434	<INFO 7f1c8633d740> 2016-04-25 15:02:38 Completed scatter
1461589358454	<INFO 7f1c8633d740> 2016-04-25 15:02:38 Completed phase 5 Bytes read 95267812776 Bytes written 26996879880
1461589358477	<INFO 7f1c8633d740> 2016-04-25 15:02:38 Started gather
1461589367034	<INFO 7f1c8633d740> 2016-04-25 15:02:47 Completed gather
1461589382740	<INFO 7f1c8633d740> 2016-04-25 15:03:02 Started scatter
1461589486630	<INFO 7f1c8633d740> 2016-04-25 15:04:46 Completed scatter
1461589486653	<INFO 7f1c8633d740> 2016-04-25 15:04:46 Completed phase 6 Bytes read 110049186360 Bytes written 27931682384
1461589486675	<INFO 7f1c8633d740> 2016-04-25 15:04:46 Started gather
1461589492929	<INFO 7f1c8633d740> 2016-04-25 15:04:52 Completed gather
1461589499880	<INFO 7f1c8633d740> 2016-04-25 15:04:59 Started scatter
1461589605859	<INFO 7f1c8633d740> 2016-04-25 15:06:45 Completed scatter
1461589605880	<INFO 7f1c8633d740> 2016-04-25 15:06:45 Completed phase 7 Bytes read 124830509304 Bytes written 28866484776
1461589605883	<INFO 7f1c8633d740> ALGORITHM::BFS::VERTICES_DISCOVERED 40798634
1461589605885	<INFO 7f1c8633d740> ALGORITHM::BFS::EDGES_EXPLORED 1073613009
1461589605888	<INFO 7f1c8633d740> CORE::PARTITIONS_PROCESSED 387
1461589605890	<INFO 7f1c8633d740> CORE::BYTES::EDGES_STREAMED 11101832424
1461589605893	<INFO 7f1c8633d740> CORE::BYTES::UPDATES_OUT 1081459080
1461589605895	<INFO 7f1c8633d740> CORE::BYTES::UPDATES_IN 916930624
1461589605897	<INFO 7efe5bfff700> CORE::PARTITIONS_PROCESSED 524
1461589605900	<INFO 7efe5bfff700> CORE::BYTES::EDGES_STREAMED 10158369912
1461589605902	<INFO 7efe5bfff700> CORE::BYTES::UPDATES_OUT 893373192
1461589605904	<INFO 7efe5bfff700> CORE::BYTES::UPDATES_IN 959140864
1461589605906	<INFO 7efe65bfa700> CORE::PARTITIONS_PROCESSED 49
1461589605909	<INFO 7efe65bfa700> CORE::BYTES::EDGES_STREAMED 16688217036
1461589605911	<INFO 7efe66bfc700> CORE::PARTITIONS_PROCESSED 408
1461589605913	<INFO 7efe65bfa700> CORE::BYTES::UPDATES_OUT 1574852216
1461589605915	<INFO 7efe653f9700> CORE::PARTITIONS_PROCESSED 273
1461589605918	<INFO 7efe64bf8700> CORE::PARTITIONS_PROCESSED 239
1461589605920	<INFO 7efe64bf8700> CORE::BYTES::EDGES_STREAMED 10346128008
1461589605922	<INFO 7efe5b7fe700> CORE::PARTITIONS_PROCESSED 229
1461589605924	<INFO 7efe653f9700> CORE::BYTES::EDGES_STREAMED 10045257648
1461589605927	<INFO 7efe65bfa700> CORE::BYTES::UPDATES_IN 1654994744
1461589605929	<INFO 7efe66bfc700> CORE::BYTES::EDGES_STREAMED 10618611444
1461589605931	<INFO 7efe663fb700> CORE::PARTITIONS_PROCESSED 478
1461589605934	<INFO 7efe5b7fe700> CORE::BYTES::EDGES_STREAMED 9665059116
1461589605936	<INFO 7efe5b7fe700> CORE::BYTES::UPDATES_OUT 851440672
1461589605938	<INFO 7efe653f9700> CORE::BYTES::UPDATES_OUT 992313184
1461589605940	<INFO 7efe64bf8700> CORE::BYTES::UPDATES_OUT 998016136
1461589605943	<INFO 7efe66bfc700> CORE::BYTES::UPDATES_OUT 1073207392
1461589605945	<INFO 7efe5b7fe700> CORE::BYTES::UPDATES_IN 1081571240
1461589605947	<INFO 7efe663fb700> CORE::BYTES::EDGES_STREAMED 11562796056
1461589605949	<INFO 7efe653f9700> CORE::BYTES::UPDATES_IN 1037804424
1461589605951	<INFO 7efe66bfc700> CORE::BYTES::UPDATES_IN 1039102904
1461589605954	<INFO 7efe64bf8700> CORE::BYTES::UPDATES_IN 924676040
1461589605956	<INFO 7efe663fb700> CORE::BYTES::UPDATES_OUT 1124242200
1461589605958	<INFO 7efe663fb700> CORE::BYTES::UPDATES_IN 974683232
1461589605961	<INFO 7efe67bfe700> SLIPSTORE service is exiting
1461589605963	<INFO 7efe67bfe700> SLIPSTORE::HELP_OFFERS_RECVD 98
1461589605965	<INFO 7efe67bfe700> SLIPSTORE::HELP_OFFERS_ACCEPTED 0
1461589605967	<INFO 7efe67bfe700> SLIPSTORE::HELP_ACCEPTANCE_RATIO 0
1461589605970	<INFO 7efe67bfe700> SLIPSTORE::SERVER_BUSY_DISK  451.678 seconds
1461589605972	<INFO 7efe67bfe700> SLIPSTORE::SERVER_BUSY_MEM  0 seconds
1461589605974	<INFO 7efe67bfe700> SLIPSTORE::SERVER_TOTAL  1452.86 seconds
1461589605977	<INFO 7f1c8633d740> SLIPSTORE::CLIENT::DISK_READ_TIME  272.268 seconds
1461589605979	<INFO 7f1c8633d740> SLIPSTORE::CLIENT::MEM_READ_TIME  0 seconds
1461589605981	<INFO 7f1c8633d740> SLIPSTORE::CLIENT::DISK_BYTES_READ 124776671192
1461589605983	<INFO 7f1c8633d740> SLIPSTORE::CLIENT::MEM_BYTES_READ 0
1461589605986	<INFO 7f1c8633d740> SLIPSTORE::CLIENT::WRITE_TIME  100.132 seconds
1461589605988	<INFO 7f1c8633d740> SLIPSTORE::CLIENT::BYTES_WRITTEN 7478419136
1461589605990	<INFO 7f1c8633d740> SLIPSTORE::CLIENT_BUSY  372.4 seconds
1461589605992	<INFO 7f1c8633d740> SLIPSTORE::IO::TIME 397.637 seconds
1461589605995	<INFO 7f1c8633d740> SLIPSTORE::SNAP::TIME 0 seconds
1461589605997	<INFO 7f1c8633d740> SLIPSTORE::MAX_DISK_USAGE_BYTES 18485066752
1461589606000	<INFO 7f1c8633d740> CORE::RUSAGE::MAX_RSS_KB 125969916
1461589606002	<INFO 7f1c8633d740> CORE::RUSAGE::MINFLT 32115979
1461589606004	<INFO 7f1c8633d740> CORE::RUSAGE::MAJFLT 15
1461589606007	<INFO 7f1c8633d740> CORE::RUSAGE::MAJFLT 15
1461589606009	<INFO 7f1c8633d740> CORE::RUSAGE::INBLK 217851144
1461589606012	<INFO 7f1c8633d740> CORE::RUSAGE::OUBLK 56381560
1461589606014	<INFO 7f1c8633d740> CORE::UTILS::BYTES_READ 124830509304
1461589606017	<INFO 7f1c8633d740> CORE::UTILS::BYTES_WRITTEN 28866484776
1461589606019	<INFO 7f1c8633d740> CORE::UTILS::TILE_COPY_BYTES 13087233488
1461589606022	<INFO 7f1c8633d740> CORE::TIME::IO_WAIT 147.704 seconds
1461589606024	<INFO 7f1c8633d740> CORE::TIME_TILE_COPY 0 seconds
1461589606026	<INFO 7f1c8633d740> CORE::TIME_TILE_MERGE 0 seconds
1461589606028	<INFO 7f1c8633d740> CORE::TIME_PROCESSING_STOLEN 0 seconds
1461589606031	<INFO 7f1c8633d740> CORE::TIME_MERGE_WAIT 0 seconds
1461589606033	<INFO 7f1c8633d740> CORE::OTHER_TIME_ALL_MC_BARRIER 0 seconds
1461589606035	<INFO 7f1c8633d740> CORE::SCATTER_TIME_ALL_MC_BARRIER 0 seconds
1461589606038	<INFO 7f1c8633d740> CORE::GATHER_TIME_ALL_MC_BARRIER 0.018399 seconds
1461589606040	<INFO 7f1c8633d740> CORE::INIT_TIME_ALL_MC_BARRIER 1.54321 seconds
1461589606042	<INFO 7f1c8633d740> CORE::SHUT_DOWN_TIME_ALL_MC_BARRIER 0.003372 seconds
1461589606045	<INFO 7f1c8633d740> CORE::STREAM_SKIP_BEFORE_TIME_ALL_MC_BARRIER 0.063103 seconds
1461589606048	<INFO 7f1c8633d740> CORE::TAKE_CHECKPOINT_BEFORE_TIME_ALL_MC_BARRIER 0 seconds
1461589606050	<INFO 7f1c8633d740> CORE::TAKE_CHECKPOINT_COMPLETE_TIME_ALL_MC_BARRIER 0 seconds
1461589606053	<INFO 7f1c8633d740> CORE::METADATA_WRITE_COMPLETE_TIME_ALL_MC_BARRIER 0 seconds
1461589606056	<INFO 7f1c8633d740> CORE::STREAM_EOF_BEFORE_TIME_ALL_MC_BARRIER 0 seconds
1461589606058	<INFO 7f1c8633d740> CORE::STREAM_EOF_AFTER_TIME_ALL_MC_BARRIER 0 seconds
1461589606060	<INFO 7f1c8633d740> CORE::STATE_LOAD_TIME_ALL_MC_BARRIER 0 seconds
1461589606063	<INFO 7f1c8633d740> CORE::STATE_STORE_TIME_ALL_MC_BARRIER 0 seconds
1461589606065	<INFO 7f1c8633d740> CORE::PHASES 7
1461589606067	<INFO 7f1c8633d740> CORE::TIME::SETUP 3.05035 seconds
1461589606070	<INFO 7f1c8633d740> CORE::TIME::STATE_ITER 4.00287 seconds
1461589606072	<INFO 7f1c8633d740> CORE::TIME::GATHER 587.001 seconds
1461589606075	<INFO 7f1c8633d740> CORE::TIME::SCATTER 756.389 seconds
1461589606078	<INFO 7f1c8633d740> CORE::TIME::WALL 1454.71 seconds
1461589606080	<INFO 7f1c8633d740> SHUTDOWN
