1463355034496	<INFO 7f7e98d16780> 2016-05-16 01:30:34 STARTUP
1463355034498	<INFO 7f7e98d16780> CORE::GRAPH rmat-28_s8
1463355034500	<INFO 7f7e98d16780> CORE::ALGORITHM pagerank
1463355034503	<INFO 7f7e98d16780> CORE::VERTEX_STRIPING ON
1463355034505	<INFO 7f7e98d16780> CORE::OPTIMIZED_STATE_LOAD_STORE OFF
1463355034507	<INFO 7f7e98d16780> CORE::BINARY_SEARCH_SUPER_PARTITION ON
1463355034509	<INFO 7f7e98d16780> CORE::SUPER_PARTITION_COMPUTED_FOR_EACH_SCATTER_GATHER_PHASE
1463355034511	<INFO 7f7e98d16780> CORE::EDGE_STRIPING ON
1463355034514	<INFO 7f7e98d16780> CORE::BATCH IO ON
1463355034516	<INFO 7f7e98d16780> CORE::GRID_PARTITIONING OFF
1463355034518	<INFO 7f7e98d16780> 2016-05-16 01:30:34 Blocking memory amount 126701535232
1463355140983	<INFO 7f7e98d16780> 2016-05-16 01:32:20 Done blocking memory
1463355140985	<INFO 7f7e98d16780> SG-DRIVER-ORIGINAL
1463355140987	<INFO 7f7e98d16780> 2016-05-16 01:32:20 START read config parameters
1463355140989	<INFO 7f7e98d16780> PARTITIONING::OLD 0
1463355140992	<INFO 7f7e98d16780> PARTITIONING::BALANCED_PARTITIONS 0
1463355140994	<INFO 7f7e98d16780> CORE::CONFIG::PROCESSORS 8
1463355140996	<INFO 7f7e98d16780> CORE::CONFIG::PHYSICAL_MEMORY 2147483648
1463355140998	<INFO 7f7e98d16780> CORE::CONFIG::VERTICES 268435456
1463355141000	<INFO 7f7e98d16780> CORE::CONFIG::VERTEX_SIZE 12
1463355141002	<INFO 7f7e98d16780> CORE::CONFIG::VERTEX_BUFFER 1203488628
1463355141005	<INFO 7f7e98d16780> CORE::CONFIG::EDGES 536870912
1463355141007	<INFO 7f7e98d16780> CORE::CONFIG::PARTITIONS 64
1463355141009	<INFO 7f7e98d16780> CORE::CONFIG::FANOUT 64
1463355141011	<INFO 7f7e98d16780> CORE::CONFIG::SUPER_PARTITIONS 8
1463355141013	<INFO 7f7e98d16780> CORE::CONFIG::MACHINE_ID 5
1463355141015	<INFO 7f7e98d16780> CORE::CONFIG::TILES 1
1463355141018	<INFO 7f7e98d16780> CORE::CONFIG::BUFFER_SIZE 188797877
1463355141020	<INFO 7f7e98d16780> CORE::CONFIG::MAX_BUFFERS 4
1463355141022	<INFO 7f7e98d16780> CORE::CONFIG::MAX_STREAMS 4
1463355141024	<INFO 7f7e98d16780> CORE::CONFIG::SUM_OF_OUT_DEGREES_FOR_NEW_PARTITIONS::FIRST_CONSTRAINT 0
1463355141026	<INFO 7f7e98d16780> CORE::CONFIG::MAX_EDGES_PER_NEW_PARTITION::SECOND_CONSTRAINT 0
1463355141028	<INFO 7f7e98d16780> SLIPSTREAM::EXT_MEM_SHUFFLE OFF
1463355141031	<INFO 7f7e98d16780> 2016-05-16 01:32:20 END read config parameters
1463355142736	<WARNING 7f7e98d16780> Unable to unlink file (stream.0.0.0):No such file or directory
1463355142738	<WARNING 7f7e98d16780> Unable to unlink file (stream.0.1.0):No such file or directory
1463355142741	<WARNING 7f7e98d16780> Unable to unlink file (stream.0.2.0):No such file or directory
1463355142743	<WARNING 7f7e98d16780> Unable to unlink file (stream.0.3.0):No such file or directory
1463355142745	<WARNING 7f7e98d16780> Unable to unlink file (stream.0.4.0):No such file or directory
1463355142747	<WARNING 7f7e98d16780> Unable to unlink file (stream.0.5.0):No such file or directory
1463355142750	<WARNING 7f7e98d16780> Unable to unlink file (stream.0.6.0):No such file or directory
1463355142752	<WARNING 7f7e98d16780> Unable to unlink file (stream.0.7.0):No such file or directory
1463355142754	<WARNING 7f7e98d16780> Unable to unlink file (stream.1.1.0):No such file or directory
1463355142757	<WARNING 7f7e98d16780> Unable to unlink file (stream.1.2.0):No such file or directory
1463355142759	<WARNING 7f7e98d16780> Unable to unlink file (stream.1.3.0):No such file or directory
1463355142762	<WARNING 7f7e98d16780> Unable to unlink file (stream.1.4.0):No such file or directory
1463355142764	<WARNING 7f7e98d16780> Unable to unlink file (stream.1.5.0):No such file or directory
1463355142767	<WARNING 7f7e98d16780> Unable to unlink file (stream.1.6.0):No such file or directory
1463355142769	<WARNING 7f7e98d16780> Unable to unlink file (stream.1.7.0):No such file or directory
1463355142771	<WARNING 7f7e98d16780> Unable to unlink file (stream.2.0.0):No such file or directory
1463355142773	<WARNING 7f7e98d16780> Unable to unlink file (stream.2.1.0):No such file or directory
1463355142776	<WARNING 7f7e98d16780> Unable to unlink file (stream.2.2.0):No such file or directory
1463355142778	<WARNING 7f7e98d16780> Unable to unlink file (stream.2.3.0):No such file or directory
1463355142780	<WARNING 7f7e98d16780> Unable to unlink file (stream.2.4.0):No such file or directory
1463355142782	<WARNING 7f7e98d16780> Unable to unlink file (stream.2.5.0):No such file or directory
1463355142784	<WARNING 7f7e98d16780> Unable to unlink file (stream.2.6.0):No such file or directory
1463355142786	<WARNING 7f7e98d16780> Unable to unlink file (stream.2.7.0):No such file or directory
1463355142788	<WARNING 7f7e98d16780> Unable to unlink file (stream.3.0.0):No such file or directory
1463355142791	<WARNING 7f7e98d16780> Unable to unlink file (stream.3.1.0):No such file or directory
1463355142793	<WARNING 7f7e98d16780> Unable to unlink file (stream.3.2.0):No such file or directory
1463355142796	<WARNING 7f7e98d16780> Unable to unlink file (stream.3.3.0):No such file or directory
1463355142798	<WARNING 7f7e98d16780> Unable to unlink file (stream.3.4.0):No such file or directory
1463355142800	<WARNING 7f7e98d16780> Unable to unlink file (stream.3.5.0):No such file or directory
1463355142803	<WARNING 7f7e98d16780> Unable to unlink file (stream.3.6.0):No such file or directory
1463355142805	<WARNING 7f7e98d16780> Unable to unlink file (stream.3.7.0):No such file or directory
1463355142807	<INFO 7f7e98d16780> SLIPSTORE::ZMQ_THREADS 2
1463355142809	<INFO 7f7e98d16780> SLIPSTORE::COMM Connecting to tcp://dco-node137-10g:5016
1463355142811	<INFO 7f7e98d16780> SLIPSTORE::COMM Connecting to tcp://dco-node138-10g:5034
1463355142813	<INFO 7f7e98d16780> SLIPSTORE::COMM Connecting to tcp://dco-node139-10g:5052
1463355142815	<INFO 7f7e98d16780> SLIPSTORE::COMM Connecting to tcp://dco-node140-10g:5070
1463355142817	<INFO 7f7e98d16780> SLIPSTORE::COMM Connecting to tcp://dco-node141-10g:5088
1463355142820	<INFO 7f7e98d16780> SLIPSTORE::COMM Connecting to tcp://dco-node142-10g:5106
1463355142822	<INFO 7f7e98d16780> SLIPSTORE::COMM Connecting to tcp://dco-node143-10g:5124
1463355142824	<INFO 7f7e98d16780> SLIPSTORE::COMM Connecting to tcp://dco-node144-10g:5142
1463355142826	<INFO 7f7e98d16780> SLIPSTORE::COMM Listening at tcp://p1p1:5098
1463355142829	<INFO 7f7e98d16780> SLIPSTORE::COMM Listening at tcp://p1p1:5099
1463355142831	<INFO 7f7e98d16780> SLIPSTORE::COMM Listening at tcp://p1p1:5100
1463355142833	<INFO 7f7e98d16780> SLIPSTORE::COMM Listening at tcp://p1p1:5101
1463355142835	<INFO 7f7e98d16780> SLIPSTORE::COMM Listening at tcp://p1p1:5102
1463355142837	<INFO 7f7e98d16780> SLIPSTORE::COMM Listening at ipc://client
1463355142839	<INFO 7f7e98d16780> SLIPSTORE::COMM Listening at tcp://p1p1:5104
1463355142841	<INFO 7f7e98d16780> SLIPSTORE::COMM Listening at tcp://p1p1:5105
1463355142844	<INFO 7f7e98d16780> SLIPSTORE::COMM Connecting to tcp://dco-node137-10g:5016
1463355142846	<INFO 7f7e98d16780> SLIPSTORE::COMM Connecting to tcp://dco-node138-10g:5034
1463355142849	<INFO 7f7e98d16780> SLIPSTORE::COMM Connecting to tcp://dco-node139-10g:5052
1463355142851	<INFO 7f7e98d16780> SLIPSTORE::COMM Connecting to tcp://dco-node140-10g:5070
1463355142853	<INFO 7f7e98d16780> SLIPSTORE::COMM Connecting to tcp://dco-node141-10g:5088
1463355142855	<INFO 7f7e98d16780> SLIPSTORE::COMM Connecting to tcp://dco-node142-10g:5106
1463355142857	<INFO 7f7e98d16780> SLIPSTORE::COMM Connecting to tcp://dco-node143-10g:5124
1463355142860	<INFO 7f7e98d16780> SLIPSTORE::COMM Connecting to tcp://dco-node144-10g:5142
1463355142862	<INFO 7f7e98d16780> SLIPSTORE::COMM Connecting to tcp://dco-node137-10g:5005
1463355142864	<INFO 7f7e98d16780> SLIPSTORE::COMM Connecting to tcp://dco-node138-10g:5023
1463355142866	<INFO 7f7e98d16780> SLIPSTORE::COMM Connecting to tcp://dco-node139-10g:5041
1463355142868	<INFO 7f7e98d16780> SLIPSTORE::COMM Connecting to tcp://dco-node140-10g:5059
1463355142871	<INFO 7f7e98d16780> SLIPSTORE::COMM Connecting to tcp://dco-node141-10g:5077
1463355142873	<INFO 7f7e98d16780> SLIPSTORE::COMM Connecting to ipc://server
1463355142875	<INFO 7f7e98d16780> SLIPSTORE::COMM Connecting to tcp://dco-node143-10g:5113
1463355142877	<INFO 7f7e98d16780> SLIPSTORE::COMM Connecting to tcp://dco-node144-10g:5131
1463355142879	<INFO 7f7e98d16780> SLIPSTORE::COMM Connecting to tcp://dco-node143-10g:5125
1463355142882	<INFO 7f7e98d16780> SLIPSTORE::COMM Listening at tcp://p1p1:5107
1463355142884	<INFO 7f7e98d16780> SLIPSTORE::COMM Connecting to tcp://dco-node142-10g:5106
1463355142886	<INFO 7f7e98d16780> SLIPSTORE::HELP_POLICY NONE
1463355142889	<INFO 7f7e98d16780> SLIPSTORE::SERVER ASYNC
1463355142892	<INFO 7f7e98d16780> SLIPSTORE::MACHINES 8
1463355142894	<INFO 7f7e98d16780> SLIPSTORE::ME 5
1463355142896	<INFO 7f7e98d16780> SLIPSTORE::SLIPCHUNK 4194304
1463355142898	<INFO 7f7e98d16780> SLIPSTORE::QUOTA 18446744073709551615
1463355142900	<INFO 7f7e98d16780> SLIPSTORE::IO PAGECACHE
1463355142903	<INFO 7f607b3fc700> SLIPSTORE::COMM Listening at tcp://p1p1:5106
1463355142905	<INFO 7f607b3fc700> SLIPSTORE::COMM Listening at tcp://p1p1:5090
1463355142907	<INFO 7f607b3fc700> SLIPSTORE::COMM Connecting to tcp://dco-node137-10g:5013
1463355142909	<INFO 7f607b3fc700> SLIPSTORE::COMM Listening at tcp://p1p1:5091
1463355142911	<INFO 7f607b3fc700> SLIPSTORE::COMM Connecting to tcp://dco-node138-10g:5031
1463355142913	<INFO 7f607b3fc700> SLIPSTORE::COMM Listening at tcp://p1p1:5092
1463355142916	<INFO 7f607b3fc700> SLIPSTORE::COMM Connecting to tcp://dco-node139-10g:5049
1463355142918	<INFO 7f607b3fc700> SLIPSTORE::COMM Listening at tcp://p1p1:5093
1463355142920	<INFO 7f607b3fc700> SLIPSTORE::COMM Connecting to tcp://dco-node140-10g:5067
1463355142922	<INFO 7f607b3fc700> SLIPSTORE::COMM Listening at tcp://p1p1:5094
1463355142924	<INFO 7f607b3fc700> SLIPSTORE::COMM Connecting to tcp://dco-node141-10g:5085
1463355142927	<INFO 7f607b3fc700> SLIPSTORE::COMM Listening at ipc://server
1463355142929	<INFO 7f607b3fc700> SLIPSTORE::COMM Connecting to ipc://client
1463355142931	<INFO 7f607b3fc700> SLIPSTORE::COMM Listening at tcp://p1p1:5096
1463355142933	<INFO 7f607b3fc700> SLIPSTORE::COMM Connecting to tcp://dco-node143-10g:5121
1463355142935	<INFO 7f607b3fc700> SLIPSTORE::COMM Listening at tcp://p1p1:5097
1463355142938	<INFO 7f607b3fc700> SLIPSTORE::COMM Connecting to tcp://dco-node144-10g:5139
1463355144128	<INFO 7f7e98d16780> SLIPSTORE::CHECKPOINTS NONE FOUND
1463355144130	<INFO 7f7e98d16780> 2016-05-16 01:32:24 Start edge split
1463355228763	<INFO 7f7e98d16780> 2016-05-16 01:33:48 Completed init
1463355230900	<INFO 7f7e98d16780> 2016-05-16 01:33:50 Started gather
1463355235196	<INFO 7f7e98d16780> 2016-05-16 01:33:55 Completed gather
1463355238838	<INFO 7f7e98d16780> 2016-05-16 01:33:58 Started scatter
1463355272427	<INFO 7f7e98d16780> 2016-05-16 01:34:32 Completed scatter
1463355277480	<INFO 7f7e98d16780> 2016-05-16 01:34:37 Completed phase 1 Bytes read 13675787108 Bytes written 7233336164
1463355284367	<INFO 7f7e98d16780> 2016-05-16 01:34:44 Started gather
1463355288562	<INFO 7f7e98d16780> 2016-05-16 01:34:48 Completed gather
1463355291316	<INFO 7f7e98d16780> 2016-05-16 01:34:51 Started gather
1463355369523	<INFO 7f7e98d16780> 2016-05-16 01:36:09 Completed gather
1463355373363	<INFO 7f7e98d16780> 2016-05-16 01:36:13 Completed phase 2 Bytes read 21312147452 Bytes written 12762124456
1463355381050	<INFO 7f7e98d16780> 2016-05-16 01:36:21 Started gather
1463355406344	<INFO 7f7e98d16780> 2016-05-16 01:36:46 Completed gather
1463355420451	<INFO 7f7e98d16780> 2016-05-16 01:37:00 Started scatter
1463355492345	<INFO 7f7e98d16780> 2016-05-16 01:38:12 Completed scatter
1463355496317	<INFO 7f7e98d16780> 2016-05-16 01:38:16 Completed phase 3 Bytes read 33268223548 Bytes written 17846002544
1463355503323	<INFO 7f7e98d16780> 2016-05-16 01:38:23 Started gather
1463355531584	<INFO 7f7e98d16780> 2016-05-16 01:38:51 Completed gather
1463355543540	<INFO 7f7e98d16780> 2016-05-16 01:39:03 Started scatter
1463355617432	<INFO 7f7e98d16780> 2016-05-16 01:40:17 Completed scatter
1463355620760	<INFO 7f7e98d16780> 2016-05-16 01:40:20 Completed phase 4 Bytes read 45182413620 Bytes written 22880064832
1463355627629	<INFO 7f7e98d16780> 2016-05-16 01:40:27 Started gather
1463355656144	<INFO 7f7e98d16780> 2016-05-16 01:40:56 Completed gather
1463355668129	<INFO 7f7e98d16780> 2016-05-16 01:41:08 Started scatter
1463355741701	<INFO 7f7e98d16780> 2016-05-16 01:42:21 Completed scatter
1463355748943	<INFO 7f7e98d16780> 2016-05-16 01:42:28 Completed phase 5 Bytes read 57046787892 Bytes written 27880900184
1463355755955	<INFO 7f7e98d16780> 2016-05-16 01:42:35 Started gather
1463355782804	<INFO 7f7e98d16780> 2016-05-16 01:43:02 Completed gather
1463355796081	<INFO 7f7e98d16780> 2016-05-16 01:43:16 Started scatter
1463355868593	<INFO 7f7e98d16780> 2016-05-16 01:44:28 Completed scatter
1463355876459	<INFO 7f7e98d16780> 2016-05-16 01:44:36 Completed phase 6 Bytes read 68877935228 Bytes written 32924457040
1463355883500	<INFO 7f7e98d16780> 2016-05-16 01:44:43 Started gather
1463355911037	<INFO 7f7e98d16780> 2016-05-16 01:45:11 Completed gather
1463355923478	<INFO 7f7e98d16780> 2016-05-16 01:45:23 Started scatter
1463355999120	<INFO 7f7e98d16780> 2016-05-16 01:46:39 Completed scatter
1463356000938	<INFO 7f7e98d16780> 2016-05-16 01:46:40 Completed phase 7 Bytes read 80751804068 Bytes written 37955237648
1463356000940	<INFO 7f7e98d16780> CORE::PARTITIONS_PROCESSED 599
1463356000943	<INFO 7f7e98d16780> CORE::BYTES::EDGES_STREAMED 4416411468
1463356000945	<INFO 7f7e98d16780> CORE::BYTES::UPDATES_OUT 2500464320
1463356000947	<INFO 7f7e98d16780> CORE::BYTES::UPDATES_IN 2152066832
1463356000949	<INFO 7f606ffff700> CORE::PARTITIONS_PROCESSED 1048
1463356000951	<INFO 7f606ffff700> CORE::BYTES::EDGES_STREAMED 7332163308
1463356000954	<INFO 7f606ffff700> CORE::BYTES::UPDATES_OUT 4211064528
1463356000956	<INFO 7f606ffff700> CORE::BYTES::UPDATES_IN 3473668112
1463356000958	<INFO 7f6078bf7700> CORE::PARTITIONS_PROCESSED 1112
1463356000960	<INFO 7f606f7fe700> CORE::PARTITIONS_PROCESSED 1096
1463356000962	<INFO 7f6078bf7700> CORE::BYTES::EDGES_STREAMED 6129104292
1463356000964	<INFO 7f606f7fe700> CORE::BYTES::EDGES_STREAMED 4819567632
1463356000967	<INFO 7f6078bf7700> CORE::BYTES::UPDATES_OUT 3529992960
1463356000969	<INFO 7f6078bf7700> CORE::BYTES::UPDATES_IN 3178626856
1463356000971	<INFO 7f606f7fe700> CORE::BYTES::UPDATES_OUT 2718340160
1463356000973	<INFO 7f607a3fa700> CORE::PARTITIONS_PROCESSED 619
1463356000975	<INFO 7f606effd700> CORE::PARTITIONS_PROCESSED 351
1463356000977	<INFO 7f607a3fa700> CORE::BYTES::EDGES_STREAMED 4475429532
1463356000979	<INFO 7f60793f8700> CORE::PARTITIONS_PROCESSED 441
1463356000982	<INFO 7f606effd700> CORE::BYTES::EDGES_STREAMED 5090164068
1463356000984	<INFO 7f606f7fe700> CORE::BYTES::UPDATES_IN 2231346344
1463356000986	<INFO 7f6079bf9700> CORE::PARTITIONS_PROCESSED 1454
1463356000988	<INFO 7f606effd700> CORE::BYTES::UPDATES_OUT 2888292064
1463356000990	<INFO 7f60793f8700> CORE::BYTES::EDGES_STREAMED 4507838616
1463356000992	<INFO 7f6079bf9700> CORE::BYTES::EDGES_STREAMED 4123805820
1463356000994	<INFO 7f60793f8700> CORE::BYTES::UPDATES_OUT 2596039072
1463356000996	<INFO 7f606effd700> CORE::BYTES::UPDATES_IN 2175162024
1463356000999	<INFO 7f6079bf9700> CORE::BYTES::UPDATES_OUT 2373196056
1463356001001	<INFO 7f6079bf9700> CORE::BYTES::UPDATES_IN 1985350248
1463356001003	<INFO 7f607a3fa700> CORE::BYTES::UPDATES_OUT 2550887832
1463356001005	<INFO 7f60793f8700> CORE::BYTES::UPDATES_IN 2127395320
1463356001007	<INFO 7f607a3fa700> CORE::BYTES::UPDATES_IN 2150714944
1463356001009	<INFO 7f607b3fc700> SLIPSTORE service is exiting
1463356001011	<INFO 7f607b3fc700> SLIPSTORE::HELP_OFFERS_RECVD 98
1463356001013	<INFO 7f607b3fc700> SLIPSTORE::HELP_OFFERS_ACCEPTED 0
1463356001016	<INFO 7f607b3fc700> SLIPSTORE::HELP_ACCEPTANCE_RATIO 0
1463356001018	<INFO 7f607b3fc700> SLIPSTORE::SERVER_BUSY_DISK  677.771 seconds
1463356001020	<INFO 7f607b3fc700> SLIPSTORE::SERVER_BUSY_MEM  0 seconds
1463356001022	<INFO 7f607b3fc700> SLIPSTORE::SERVER_TOTAL  858.165 seconds
1463356001024	<INFO 7f7e98d16780> SLIPSTORE::CLIENT::DISK_READ_TIME  536.23 seconds
1463356001026	<INFO 7f7e98d16780> SLIPSTORE::CLIENT::MEM_READ_TIME  0 seconds
1463356001028	<INFO 7f7e98d16780> SLIPSTORE::CLIENT::DISK_BYTES_READ 80631514836
1463356001030	<INFO 7f7e98d16780> SLIPSTORE::CLIENT::MEM_BYTES_READ 0
1463356001033	<INFO 7f7e98d16780> SLIPSTORE::CLIENT::WRITE_TIME  183.627 seconds
1463356001037	<INFO 7f7e98d16780> SLIPSTORE::CLIENT::BYTES_WRITTEN 10475291340
1463356001039	<INFO 7f7e98d16780> SLIPSTORE::CLIENT_BUSY  719.858 seconds
1463356001041	<INFO 7f7e98d16780> SLIPSTORE::IO::TIME 451.566 seconds
1463356001043	<INFO 7f7e98d16780> SLIPSTORE::SNAP::TIME 0 seconds
1463356001045	<INFO 7f7e98d16780> SLIPSTORE::MAX_DISK_USAGE_BYTES 11150027736
1463356002594	<INFO 7f7e98d16780> CORE::RUSAGE::MAX_RSS_KB 125944496
1463356002596	<INFO 7f7e98d16780> CORE::RUSAGE::MINFLT 58128788
1463356002598	<INFO 7f7e98d16780> CORE::RUSAGE::MAJFLT 3
1463356002601	<INFO 7f7e98d16780> CORE::RUSAGE::MAJFLT 3
1463356002603	<INFO 7f7e98d16780> CORE::RUSAGE::INBLK 135701008
1463356002606	<INFO 7f7e98d16780> CORE::RUSAGE::OUBLK 74139520
1463356002608	<INFO 7f7e98d16780> CORE::UTILS::BYTES_READ 80751804068
1463356002610	<INFO 7f7e98d16780> CORE::UTILS::BYTES_WRITTEN 37955237648
1463356002612	<INFO 7f7e98d16780> CORE::UTILS::TILE_COPY_BYTES 13967055120
1463356002615	<INFO 7f7e98d16780> CORE::TIME::IO_WAIT 559.932 seconds
1463356002618	<INFO 7f7e98d16780> CORE::TIME_TILE_COPY 0 seconds
1463356002620	<INFO 7f7e98d16780> CORE::TIME_TILE_MERGE 0 seconds
1463356002622	<INFO 7f7e98d16780> CORE::TIME_PROCESSING_STOLEN 0 seconds
1463356002625	<INFO 7f7e98d16780> CORE::TIME_MERGE_WAIT 0 seconds
1463356002627	<INFO 7f7e98d16780> CORE::OTHER_TIME_ALL_MC_BARRIER 0 seconds
1463356002630	<INFO 7f7e98d16780> CORE::SCATTER_TIME_ALL_MC_BARRIER 26.9693 seconds
1463356002632	<INFO 7f7e98d16780> CORE::GATHER_TIME_ALL_MC_BARRIER 3.79888 seconds
1463356002634	<INFO 7f7e98d16780> CORE::INIT_TIME_ALL_MC_BARRIER 1.71902 seconds
1463356002636	<INFO 7f7e98d16780> CORE::SHUT_DOWN_TIME_ALL_MC_BARRIER 0.003126 seconds
1463356002638	<INFO 7f7e98d16780> CORE::STREAM_SKIP_BEFORE_TIME_ALL_MC_BARRIER 17.536 seconds
1463356002640	<INFO 7f7e98d16780> CORE::TAKE_CHECKPOINT_BEFORE_TIME_ALL_MC_BARRIER 0 seconds
1463356002643	<INFO 7f7e98d16780> CORE::TAKE_CHECKPOINT_COMPLETE_TIME_ALL_MC_BARRIER 0 seconds
1463356002645	<INFO 7f7e98d16780> CORE::METADATA_WRITE_COMPLETE_TIME_ALL_MC_BARRIER 0 seconds
1463356002647	<INFO 7f7e98d16780> CORE::STREAM_EOF_BEFORE_TIME_ALL_MC_BARRIER 0 seconds
1463356002650	<INFO 7f7e98d16780> CORE::STREAM_EOF_AFTER_TIME_ALL_MC_BARRIER 0 seconds
1463356002652	<INFO 7f7e98d16780> CORE::STATE_LOAD_TIME_ALL_MC_BARRIER 0 seconds
1463356002654	<INFO 7f7e98d16780> CORE::STATE_STORE_TIME_ALL_MC_BARRIER 0 seconds
1463356002657	<INFO 7f7e98d16780> CORE::PHASES 7
1463356002659	<INFO 7f7e98d16780> CORE::TIME::SETUP 4.79968 seconds
1463356002662	<INFO 7f7e98d16780> CORE::TIME::INIT_PARTITIONS_TIME 84.6353 seconds
1463356002664	<INFO 7f7e98d16780> CORE::TIME::STATE_ITER 26.9846 seconds
1463356002666	<INFO 7f7e98d16780> CORE::TIME::GATHER 232.614 seconds
1463356002668	<INFO 7f7e98d16780> CORE::TIME::SCATTER 512.316 seconds
1463356002671	<INFO 7f7e98d16780> CORE::TIME::WALL 861.612 seconds
1463356002673	<INFO 7f7e98d16780> SHUTDOWN
