1461691467090	<INFO 7fbec717c740> 2016-04-26 19:24:27 STARTUP
1461691467093	<INFO 7fbec717c740> CORE::GRAPH rmat-28-und_s8
1461691467097	<INFO 7fbec717c740> CORE::ALGORITHM bfs
1461691467101	<INFO 7fbec717c740> CORE::VERTEX_STRIPING OFF
1461691467104	<INFO 7fbec717c740> CORE::UPDATES_STRIPING ON
1461691467108	<INFO 7fbec717c740> CORE::UPDATES BATCH IO ON
1461691467111	<INFO 7fbec717c740> CORE::OPTIMIZED_STATE_LOAD_STORE OFF
1461691467115	<INFO 7fbec717c740> CORE::BINARY_SEARCH_SUPER_PARTITION ON
1461691467118	<INFO 7fbec717c740> CORE::SUPER_PARTITION_COMPUTED_FOR_EACH_SCATTER_GATHER_PHASE
1461691467122	<INFO 7fbec717c740> CORE::BATCH IO OFF
1461691467126	<INFO 7fbec717c740> 2016-04-26 19:24:27 Blocking memory amount 126701535232
1461691572329	<INFO 7fbec717c740> 2016-04-26 19:26:12 Done blocking memory
1461691572332	<INFO 7fbec717c740> SG-DRIVER-ORIGINAL
1461691572336	<INFO 7fbec717c740> 2016-04-26 19:26:12 START read config parameters
1461691572340	<INFO 7fbec717c740> PARTITIONING::OLD 0
1461691572343	<INFO 7fbec717c740> PARTITIONING::BALANCED_PARTITIONS 0
1461691572347	<INFO 7fbec717c740> CORE::CONFIG::PROCESSORS 8
1461691572351	<INFO 7fbec717c740> CORE::CONFIG::PHYSICAL_MEMORY 2147483648
1461691572355	<INFO 7fbec717c740> CORE::CONFIG::VERTICES 268435456
1461691572358	<INFO 7fbec717c740> CORE::CONFIG::VERTEX_SIZE 8
1461691572362	<INFO 7fbec717c740> CORE::CONFIG::VERTEX_BUFFER 922066808
1461691572365	<INFO 7fbec717c740> CORE::CONFIG::EDGES 1073741824
1461691572369	<INFO 7fbec717c740> CORE::CONFIG::PARTITIONS 64
1461691572372	<INFO 7fbec717c740> CORE::CONFIG::FANOUT 64
1461691572376	<INFO 7fbec717c740> CORE::CONFIG::SUPER_PARTITIONS 8
1461691572380	<INFO 7fbec717c740> CORE::CONFIG::TILES 1
1461691572383	<INFO 7fbec717c740> CORE::CONFIG::BUFFER_SIZE 245082241
1461691572387	<INFO 7fbec717c740> CORE::CONFIG::MAX_BUFFERS 4
1461691572391	<INFO 7fbec717c740> CORE::CONFIG::MAX_STREAMS 4
1461691572395	<INFO 7fbec717c740> CORE::CONFIG::SUM_OF_OUT_DEGREES_FOR_NEW_PARTITIONS::FIRST_CONSTRAINT 0
1461691572398	<INFO 7fbec717c740> CORE::CONFIG::MAX_EDGES_PER_NEW_PARTITION::SECOND_CONSTRAINT 0
1461691572402	<INFO 7fbec717c740> SLIPSTREAM::EXT_MEM_SHUFFLE OFF
1461691572406	<INFO 7fbec717c740> 2016-04-26 19:26:12 END read config parameters
1461691574105	<WARNING 7fbec717c740> Unable to unlink file (stream.0.0.0):No such file or directory
1461691574109	<WARNING 7fbec717c740> Unable to unlink file (stream.0.1.0):No such file or directory
1461691574113	<WARNING 7fbec717c740> Unable to unlink file (stream.0.2.0):No such file or directory
1461691574117	<WARNING 7fbec717c740> Unable to unlink file (stream.0.3.0):No such file or directory
1461691574121	<WARNING 7fbec717c740> Unable to unlink file (stream.0.4.0):No such file or directory
1461691574125	<WARNING 7fbec717c740> Unable to unlink file (stream.0.5.0):No such file or directory
1461691574129	<WARNING 7fbec717c740> Unable to unlink file (stream.0.6.0):No such file or directory
1461691574134	<WARNING 7fbec717c740> Unable to unlink file (stream.0.7.0):No such file or directory
1461691574138	<WARNING 7fbec717c740> Unable to unlink file (stream.1.1.0):No such file or directory
1461691574142	<WARNING 7fbec717c740> Unable to unlink file (stream.1.2.0):No such file or directory
1461691574146	<WARNING 7fbec717c740> Unable to unlink file (stream.1.3.0):No such file or directory
1461691574150	<WARNING 7fbec717c740> Unable to unlink file (stream.1.4.0):No such file or directory
1461691574154	<WARNING 7fbec717c740> Unable to unlink file (stream.1.5.0):No such file or directory
1461691574158	<WARNING 7fbec717c740> Unable to unlink file (stream.1.6.0):No such file or directory
1461691574163	<WARNING 7fbec717c740> Unable to unlink file (stream.1.7.0):No such file or directory
1461691574167	<WARNING 7fbec717c740> Unable to unlink file (stream.2.0.0):No such file or directory
1461691574171	<WARNING 7fbec717c740> Unable to unlink file (stream.2.1.0):No such file or directory
1461691574174	<WARNING 7fbec717c740> Unable to unlink file (stream.2.2.0):No such file or directory
1461691574178	<WARNING 7fbec717c740> Unable to unlink file (stream.2.3.0):No such file or directory
1461691574182	<WARNING 7fbec717c740> Unable to unlink file (stream.2.4.0):No such file or directory
1461691574186	<WARNING 7fbec717c740> Unable to unlink file (stream.2.5.0):No such file or directory
1461691574190	<WARNING 7fbec717c740> Unable to unlink file (stream.2.6.0):No such file or directory
1461691574193	<WARNING 7fbec717c740> Unable to unlink file (stream.2.7.0):No such file or directory
1461691574197	<WARNING 7fbec717c740> Unable to unlink file (stream.3.0.0):No such file or directory
1461691574201	<WARNING 7fbec717c740> Unable to unlink file (stream.3.1.0):No such file or directory
1461691574204	<WARNING 7fbec717c740> Unable to unlink file (stream.3.2.0):No such file or directory
1461691574207	<WARNING 7fbec717c740> Unable to unlink file (stream.3.3.0):No such file or directory
1461691574211	<WARNING 7fbec717c740> Unable to unlink file (stream.3.4.0):No such file or directory
1461691574215	<WARNING 7fbec717c740> Unable to unlink file (stream.3.5.0):No such file or directory
1461691574220	<WARNING 7fbec717c740> Unable to unlink file (stream.3.6.0):No such file or directory
1461691574223	<WARNING 7fbec717c740> Unable to unlink file (stream.3.7.0):No such file or directory
1461691574227	<INFO 7fbec717c740> SLIPSTORE::ZMQ_THREADS 2
1461691574230	<INFO 7fbec717c740> SLIPSTORE::COMM Connecting to tcp://dco-node137-10g:5016
1461691574234	<INFO 7fbec717c740> SLIPSTORE::COMM Connecting to tcp://dco-node138-10g:5034
1461691574236	<INFO 7fbec717c740> SLIPSTORE::COMM Connecting to tcp://dco-node139-10g:5052
1461691574240	<INFO 7fbec717c740> SLIPSTORE::COMM Connecting to tcp://dco-node140-10g:5070
1461691574244	<INFO 7fbec717c740> SLIPSTORE::COMM Connecting to tcp://dco-node141-10g:5088
1461691574248	<INFO 7fbec717c740> SLIPSTORE::COMM Connecting to tcp://dco-node142-10g:5106
1461691574252	<INFO 7fbec717c740> SLIPSTORE::COMM Connecting to tcp://dco-node143-10g:5124
1461691574255	<INFO 7fbec717c740> SLIPSTORE::COMM Connecting to tcp://dco-node144-10g:5142
1461691574259	<INFO 7fbec717c740> SLIPSTORE::COMM Listening at ipc://client
1461691574262	<INFO 7fbec717c740> SLIPSTORE::COMM Listening at tcp://ens1f0:5009
1461691574265	<INFO 7fbec717c740> SLIPSTORE::COMM Listening at tcp://ens1f0:5010
1461691574268	<INFO 7fbec717c740> SLIPSTORE::COMM Listening at tcp://ens1f0:5011
1461691574271	<INFO 7fbec717c740> SLIPSTORE::COMM Listening at tcp://ens1f0:5012
1461691574275	<INFO 7fbec717c740> SLIPSTORE::COMM Listening at tcp://ens1f0:5013
1461691574279	<INFO 7fbec717c740> SLIPSTORE::COMM Listening at tcp://ens1f0:5014
1461691574283	<INFO 7fbec717c740> SLIPSTORE::COMM Listening at tcp://ens1f0:5015
1461691574286	<INFO 7fbec717c740> SLIPSTORE::COMM Connecting to tcp://dco-node137-10g:5016
1461691574290	<INFO 7fbec717c740> SLIPSTORE::COMM Connecting to tcp://dco-node138-10g:5034
1461691574293	<INFO 7fbec717c740> SLIPSTORE::COMM Connecting to tcp://dco-node139-10g:5052
1461691574295	<INFO 7fbec717c740> SLIPSTORE::COMM Connecting to tcp://dco-node140-10g:5070
1461691574298	<INFO 7fbec717c740> SLIPSTORE::COMM Connecting to tcp://dco-node141-10g:5088
1461691574301	<INFO 7fbec717c740> SLIPSTORE::COMM Connecting to tcp://dco-node142-10g:5106
1461691574304	<INFO 7fbec717c740> SLIPSTORE::COMM Connecting to tcp://dco-node143-10g:5124
1461691574307	<INFO 7fbec717c740> SLIPSTORE::COMM Connecting to tcp://dco-node144-10g:5142
1461691574310	<INFO 7fbec717c740> SLIPSTORE::COMM Connecting to ipc://server
1461691574312	<INFO 7fbec717c740> SLIPSTORE::COMM Connecting to tcp://dco-node138-10g:5018
1461691574315	<INFO 7fbec717c740> SLIPSTORE::COMM Connecting to tcp://dco-node139-10g:5036
1461691574318	<INFO 7fbec717c740> SLIPSTORE::COMM Connecting to tcp://dco-node140-10g:5054
1461691574321	<INFO 7fbec717c740> SLIPSTORE::COMM Connecting to tcp://dco-node141-10g:5072
1461691574325	<INFO 7fbec717c740> SLIPSTORE::COMM Connecting to tcp://dco-node142-10g:5090
1461691574329	<INFO 7fbec717c740> SLIPSTORE::COMM Connecting to tcp://dco-node143-10g:5108
1461691574331	<INFO 7fbec717c740> SLIPSTORE::COMM Connecting to tcp://dco-node144-10g:5126
1461691574334	<INFO 7fbec717c740> SLIPSTORE::COMM Connecting to tcp://dco-node138-10g:5035
1461691574337	<INFO 7fbec717c740> SLIPSTORE::COMM Listening at tcp://ens1f0:5017
1461691574341	<INFO 7fbec717c740> SLIPSTORE::COMM Connecting to tcp://dco-node137-10g:5016
1461691574344	<INFO 7fbec717c740> SLIPSTORE::HELP_POLICY NONE
1461691574348	<INFO 7fbec717c740> SLIPSTORE::SERVER ASYNC
1461691574352	<INFO 7fbec717c740> SLIPSTORE::MACHINES 8
1461691574356	<INFO 7fbec717c740> SLIPSTORE::ME 0
1461691574358	<INFO 7fbec717c740> SLIPSTORE::SLIPCHUNK 4194304
1461691574361	<INFO 7fbec717c740> SLIPSTORE::QUOTA 18446744073709551615
1461691574364	<INFO 7fbec717c740> SLIPSTORE::IO PAGECACHE
1461691574367	<INFO 7fa0b0ff4700> SLIPSTORE::COMM Listening at tcp://ens1f0:5016
1461691574369	<INFO 7fa0b0ff4700> SLIPSTORE::COMM Listening at ipc://server
1461691574373	<INFO 7fa0b0ff4700> SLIPSTORE::COMM Connecting to ipc://client
1461691574377	<INFO 7fa0b0ff4700> SLIPSTORE::COMM Listening at tcp://ens1f0:5001
1461691574380	<INFO 7fa0b0ff4700> SLIPSTORE::COMM Connecting to tcp://dco-node138-10g:5026
1461691574382	<INFO 7fa0b0ff4700> SLIPSTORE::COMM Listening at tcp://ens1f0:5002
1461691574384	<INFO 7fa0b0ff4700> SLIPSTORE::COMM Connecting to tcp://dco-node139-10g:5044
1461691574387	<INFO 7fa0b0ff4700> SLIPSTORE::COMM Listening at tcp://ens1f0:5003
1461691574389	<INFO 7fa0b0ff4700> SLIPSTORE::COMM Connecting to tcp://dco-node140-10g:5062
1461691574393	<INFO 7fa0b0ff4700> SLIPSTORE::COMM Listening at tcp://ens1f0:5004
1461691574396	<INFO 7fa0b0ff4700> SLIPSTORE::COMM Connecting to tcp://dco-node141-10g:5080
1461691574398	<INFO 7fa0b0ff4700> SLIPSTORE::COMM Listening at tcp://ens1f0:5005
1461691574402	<INFO 7fa0b0ff4700> SLIPSTORE::COMM Connecting to tcp://dco-node142-10g:5098
1461691574406	<INFO 7fa0b0ff4700> SLIPSTORE::COMM Listening at tcp://ens1f0:5006
1461691574408	<INFO 7fa0b0ff4700> SLIPSTORE::COMM Connecting to tcp://dco-node143-10g:5116
1461691574411	<INFO 7fa0b0ff4700> SLIPSTORE::COMM Listening at tcp://ens1f0:5007
1461691574414	<INFO 7fa0b0ff4700> SLIPSTORE::COMM Connecting to tcp://dco-node144-10g:5134
1461691576266	<INFO 7fbec717c740> SLIPSTORE::CHECKPOINTS NONE FOUND
1461691576269	<INFO 7fbec717c740> 2016-04-26 19:26:16 Start edge split
1461691685085	<INFO 7fbec717c740> 2016-04-26 19:28:05 Completed init
1461691688041	<INFO 7fbec717c740> 2016-04-26 19:28:08 Started gather
1461691688092	<INFO 7fbec717c740> 2016-04-26 19:28:08 Completed gather
1461691693916	<INFO 7fbec717c740> 2016-04-26 19:28:13 Started scatter
1461691755203	<INFO 7fbec717c740> 2016-04-26 19:29:15 Completed scatter
1461691755230	<INFO 7fbec717c740> 2016-04-26 19:29:15 Completed phase 1 Bytes read 26048423748 Bytes written 13167449428
1461691755251	<INFO 7fbec717c740> 2016-04-26 19:29:15 Started gather
1461691755480	<INFO 7fbec717c740> 2016-04-26 19:29:15 Completed gather
1461691776107	<INFO 7fbec717c740> 2016-04-26 19:29:36 Started scatter
1461691862250	<INFO 7fbec717c740> 2016-04-26 19:31:02 Completed scatter
1461691863699	<INFO 7fbec717c740> 2016-04-26 19:31:03 Completed phase 2 Bytes read 39215873176 Bytes written 17948928172
1461691863721	<INFO 7fbec717c740> 2016-04-26 19:31:03 Started gather
1461691890826	<INFO 7fbec717c740> 2016-04-26 19:31:30 Completed gather
1461692104211	<INFO 7fbec717c740> 2016-04-26 19:35:04 Started scatter
1461692184624	<INFO 7fbec717c740> 2016-04-26 19:36:24 Completed scatter
1461692186198	<INFO 7fbec717c740> 2016-04-26 19:36:26 Completed phase 3 Bytes read 57151428076 Bytes written 21759539516
1461692186222	<INFO 7fbec717c740> 2016-04-26 19:36:26 Started gather
1461692209467	<INFO 7fbec717c740> 2016-04-26 19:36:49 Completed gather
1461692381605	<INFO 7fbec717c740> 2016-04-26 19:39:41 Started scatter
1461692443063	<INFO 7fbec717c740> 2016-04-26 19:40:43 Completed scatter
1461692443168	<INFO 7fbec717c740> 2016-04-26 19:40:43 Completed phase 4 Bytes read 74116115576 Bytes written 21790418884
1461692443190	<INFO 7fbec717c740> 2016-04-26 19:40:43 Started gather
1461692443778	<INFO 7fbec717c740> 2016-04-26 19:40:43 Completed gather
1461692482806	<INFO 7fbec717c740> 2016-04-26 19:41:22 Started scatter
1461692543973	<INFO 7fbec717c740> 2016-04-26 19:42:23 Completed scatter
1461692544057	<INFO 7fbec717c740> 2016-04-26 19:42:24 Completed phase 5 Bytes read 87301071100 Bytes written 21799917908
1461692544080	<INFO 7fbec717c740> 2016-04-26 19:42:24 Started gather
1461692544326	<INFO 7fbec717c740> 2016-04-26 19:42:24 Completed gather
1461692567365	<INFO 7fbec717c740> 2016-04-26 19:42:47 Started scatter
1461692628575	<INFO 7fbec717c740> 2016-04-26 19:43:48 Completed scatter
1461692628600	<INFO 7fbec717c740> 2016-04-26 19:43:48 Completed phase 6 Bytes read 100464646280 Bytes written 21809363708
1461692628625	<INFO 7fbec717c740> 2016-04-26 19:43:48 Started gather
1461692628804	<INFO 7fbec717c740> 2016-04-26 19:43:48 Completed gather
1461692640947	<INFO 7fbec717c740> 2016-04-26 19:44:00 Started scatter
1461692701977	<INFO 7fbec717c740> 2016-04-26 19:45:01 Completed scatter
1461692702002	<INFO 7fbec717c740> 2016-04-26 19:45:02 Completed phase 7 Bytes read 113628168236 Bytes written 21818809412
1461692702005	<INFO 7fbec717c740> ALGORITHM::BFS::VERTICES_DISCOVERED 1104761
1461692702007	<INFO 7fbec717c740> ALGORITHM::BFS::EDGES_EXPLORED 1095385725
1461692702010	<INFO 7fbec717c740> CORE::PARTITIONS_PROCESSED 138
1461692702012	<INFO 7fbec717c740> CORE::BYTES::EDGES_STREAMED 10016849328
1461692702014	<INFO 7fbec717c740> CORE::BYTES::UPDATES_OUT 976244312
1461692702017	<INFO 7fbec717c740> CORE::BYTES::UPDATES_IN 935111264
1461692702019	<INFO 7fa0a6ffd700> CORE::PARTITIONS_PROCESSED 302
1461692702021	<INFO 7fa09bfff700> CORE::PARTITIONS_PROCESSED 430
1461692702024	<INFO 7fa0a57fa700> CORE::PARTITIONS_PROCESSED 357
1461692702026	<INFO 7fa0a77fe700> CORE::PARTITIONS_PROCESSED 284
1461692702028	<INFO 7fa0a67fc700> CORE::PARTITIONS_PROCESSED 398
1461692702030	<INFO 7fa0a4ff9700> CORE::PARTITIONS_PROCESSED 360
1461692702033	<INFO 7fa0a5ffb700> CORE::PARTITIONS_PROCESSED 279
1461692702035	<INFO 7fa0a57fa700> CORE::BYTES::EDGES_STREAMED 11454439500
1461692702037	<INFO 7fa0a67fc700> CORE::BYTES::EDGES_STREAMED 11225417472
1461692702039	<INFO 7fa09bfff700> CORE::BYTES::EDGES_STREAMED 17840450352
1461692702041	<INFO 7fa0a6ffd700> CORE::BYTES::EDGES_STREAMED 9630080172
1461692702044	<INFO 7fa0a5ffb700> CORE::BYTES::EDGES_STREAMED 10777243404
1461692702046	<INFO 7fa0a57fa700> CORE::BYTES::UPDATES_OUT 993229152
1461692702048	<INFO 7fa0a6ffd700> CORE::BYTES::UPDATES_OUT 907523096
1461692702051	<INFO 7fa0a77fe700> CORE::BYTES::EDGES_STREAMED 10030341000
1461692702053	<INFO 7fa0a5ffb700> CORE::BYTES::UPDATES_OUT 1026462480
1461692702055	<INFO 7fa09bfff700> CORE::BYTES::UPDATES_OUT 1806078760
1461692702057	<INFO 7fa0a57fa700> CORE::BYTES::UPDATES_IN 916761104
1461692702060	<INFO 7fa0a6ffd700> CORE::BYTES::UPDATES_IN 966116736
1461692702062	<INFO 7fa0a67fc700> CORE::BYTES::UPDATES_OUT 1033476760
1461692702064	<INFO 7fa0a77fe700> CORE::BYTES::UPDATES_OUT 961282552
1461692702066	<INFO 7fa0a5ffb700> CORE::BYTES::UPDATES_IN 1058419400
1461692702069	<INFO 7fa0a67fc700> CORE::BYTES::UPDATES_IN 1050986872
1461692702071	<INFO 7fa09bfff700> CORE::BYTES::UPDATES_IN 2003677560
1461692702073	<INFO 7fa0a4ff9700> CORE::BYTES::EDGES_STREAMED 11037591936
1461692702076	<INFO 7fa0a4ff9700> CORE::BYTES::UPDATES_OUT 1058788688
1461692702078	<INFO 7fa0a77fe700> CORE::BYTES::UPDATES_IN 846258552
1461692702080	<INFO 7fa0a4ff9700> CORE::BYTES::UPDATES_IN 985754312
1461692702082	<INFO 7fa0b0ff4700> SLIPSTORE service is exiting
1461692702085	<INFO 7fa0b0ff4700> SLIPSTORE::HELP_OFFERS_RECVD 98
1461692702087	<INFO 7fa0b0ff4700> SLIPSTORE::HELP_OFFERS_ACCEPTED 0
1461692702089	<INFO 7fa0b0ff4700> SLIPSTORE::HELP_ACCEPTANCE_RATIO 0
1461692702092	<INFO 7fa0b0ff4700> SLIPSTORE::SERVER_BUSY_DISK  509.457 seconds
1461692702094	<INFO 7fa0b0ff4700> SLIPSTORE::SERVER_BUSY_MEM  0 seconds
1461692702097	<INFO 7fa0b0ff4700> SLIPSTORE::SERVER_TOTAL  1127.87 seconds
1461692702099	<INFO 7fbec717c740> SLIPSTORE::CLIENT::DISK_READ_TIME  564.918 seconds
1461692702101	<INFO 7fbec717c740> SLIPSTORE::CLIENT::MEM_READ_TIME  0 seconds
1461692702103	<INFO 7fbec717c740> SLIPSTORE::CLIENT::DISK_BYTES_READ 113792640708
1461692702105	<INFO 7fbec717c740> SLIPSTORE::CLIENT::MEM_BYTES_READ 0
1461692702108	<INFO 7fbec717c740> SLIPSTORE::CLIENT::WRITE_TIME  70.9275 seconds
1461692702110	<INFO 7fbec717c740> SLIPSTORE::CLIENT::BYTES_WRITTEN 12960467520
1461692702112	<INFO 7fbec717c740> SLIPSTORE::CLIENT_BUSY  635.841 seconds
1461692702114	<INFO 7fbec717c740> SLIPSTORE::IO::TIME 434.801 seconds
1461692702117	<INFO 7fbec717c740> SLIPSTORE::SNAP::TIME 0 seconds
1461692702119	<INFO 7fbec717c740> SLIPSTORE::MAX_DISK_USAGE_BYTES 17926109196
1461692702121	<INFO 7fbec717c740> CORE::RUSAGE::MAX_RSS_KB 125954496
1461692702124	<INFO 7fbec717c740> CORE::RUSAGE::MINFLT 33072019
1461692702126	<INFO 7fbec717c740> CORE::RUSAGE::MAJFLT 56
1461692702128	<INFO 7fbec717c740> CORE::RUSAGE::MAJFLT 56
1461692702131	<INFO 7fbec717c740> CORE::RUSAGE::INBLK 220737504
1461692702133	<INFO 7fbec717c740> CORE::RUSAGE::OUBLK 42616008
1461692702136	<INFO 7fbec717c740> CORE::UTILS::BYTES_READ 113628168236
1461692702138	<INFO 7fbec717c740> CORE::UTILS::BYTES_WRITTEN 21818809412
1461692702140	<INFO 7fbec717c740> CORE::UTILS::TILE_COPY_BYTES 132239856
1461692702143	<INFO 7fbec717c740> CORE::TIME::IO_WAIT 502.315 seconds
1461692702145	<INFO 7fbec717c740> CORE::TIME_TILE_COPY 0 seconds
1461692702147	<INFO 7fbec717c740> CORE::TIME_TILE_MERGE 0 seconds
1461692702149	<INFO 7fbec717c740> CORE::TIME_PROCESSING_STOLEN 0 seconds
1461692702152	<INFO 7fbec717c740> CORE::TIME_MERGE_WAIT 0 seconds
1461692702155	<INFO 7fbec717c740> CORE::OTHER_TIME_ALL_MC_BARRIER 0 seconds
1461692702157	<INFO 7fbec717c740> CORE::SCATTER_TIME_ALL_MC_BARRIER 2.72336 seconds
1461692702160	<INFO 7fbec717c740> CORE::GATHER_TIME_ALL_MC_BARRIER 0.018726 seconds
1461692702162	<INFO 7fbec717c740> CORE::INIT_TIME_ALL_MC_BARRIER 4.09355 seconds
1461692702164	<INFO 7fbec717c740> CORE::SHUT_DOWN_TIME_ALL_MC_BARRIER 0.003236 seconds
1461692702167	<INFO 7fbec717c740> CORE::STREAM_SKIP_BEFORE_TIME_ALL_MC_BARRIER 2.94565 seconds
1461692702169	<INFO 7fbec717c740> CORE::TAKE_CHECKPOINT_BEFORE_TIME_ALL_MC_BARRIER 0 seconds
1461692702172	<INFO 7fbec717c740> CORE::TAKE_CHECKPOINT_COMPLETE_TIME_ALL_MC_BARRIER 0 seconds
1461692702174	<INFO 7fbec717c740> CORE::METADATA_WRITE_COMPLETE_TIME_ALL_MC_BARRIER 0 seconds
1461692702177	<INFO 7fbec717c740> CORE::STREAM_EOF_BEFORE_TIME_ALL_MC_BARRIER 0 seconds
1461692702179	<INFO 7fbec717c740> CORE::STREAM_EOF_AFTER_TIME_ALL_MC_BARRIER 0 seconds
1461692702181	<INFO 7fbec717c740> CORE::STATE_LOAD_TIME_ALL_MC_BARRIER 0 seconds
1461692702184	<INFO 7fbec717c740> CORE::STATE_STORE_TIME_ALL_MC_BARRIER 0 seconds
1461692702186	<INFO 7fbec717c740> CORE::PHASES 7
1461692702188	<INFO 7fbec717c740> CORE::TIME::SETUP 3.94794 seconds
1461692702191	<INFO 7fbec717c740> CORE::TIME::STATE_ITER 0.019729 seconds
1461692702193	<INFO 7fbec717c740> CORE::TIME::GATHER 540.742 seconds
1461692702196	<INFO 7fbec717c740> CORE::TIME::SCATTER 475.877 seconds
1461692702198	<INFO 7fbec717c740> CORE::TIME::WALL 1129.69 seconds
1461692702200	<INFO 7fbec717c740> SHUTDOWN
