1462381757818	<INFO 7fd637c94780> 2016-05-04 19:09:17 STARTUP
1462381757821	<INFO 7fd637c94780> CORE::GRAPH rmat-28-und_s8
1462381757824	<INFO 7fd637c94780> CORE::ALGORITHM bfs
1462381757826	<INFO 7fd637c94780> CORE::VERTEX_STRIPING ON
1462381757828	<INFO 7fd637c94780> CORE::OPTIMIZED_STATE_LOAD_STORE OFF
1462381757831	<INFO 7fd637c94780> CORE::BINARY_SEARCH_SUPER_PARTITION ON
1462381757833	<INFO 7fd637c94780> CORE::SUPER_PARTITION_COMPUTED_FOR_EACH_SCATTER_GATHER_PHASE
1462381757835	<INFO 7fd637c94780> CORE::EDGE_STRIPING ON
1462381757837	<INFO 7fd637c94780> CORE::BATCH IO ON
1462381757840	<INFO 7fd637c94780> 2016-05-04 19:09:17 Blocking memory amount 126701535232
1462381863957	<INFO 7fd637c94780> 2016-05-04 19:11:03 Done blocking memory
1462381863960	<INFO 7fd637c94780> SG-DRIVER-ORIGINAL
1462381863962	<INFO 7fd637c94780> 2016-05-04 19:11:03 START read config parameters
1462381863964	<INFO 7fd637c94780> PARTITIONING::OLD 1
1462381863966	<INFO 7fd637c94780> PARTITIONING::BALANCED_PARTITIONS 0
1462381863969	<INFO 7fd637c94780> CORE::CONFIG::PROCESSORS 8
1462381863971	<INFO 7fd637c94780> CORE::CONFIG::PHYSICAL_MEMORY 2147483648
1462381863974	<INFO 7fd637c94780> CORE::CONFIG::VERTICES 268435456
1462381863976	<INFO 7fd637c94780> CORE::CONFIG::VERTEX_SIZE 8
1462381863978	<INFO 7fd637c94780> CORE::CONFIG::VERTEX_BUFFER 268435456
1462381863981	<INFO 7fd637c94780> CORE::CONFIG::EDGES 1073741824
1462381863983	<INFO 7fd637c94780> CORE::CONFIG::PARTITIONS 64
1462381863986	<INFO 7fd637c94780> CORE::CONFIG::FANOUT 64
1462381863988	<INFO 7fd637c94780> CORE::CONFIG::SUPER_PARTITIONS 8
1462381863991	<INFO 7fd637c94780> CORE::CONFIG::TILES 1
1462381863993	<INFO 7fd637c94780> CORE::CONFIG::BUFFER_SIZE 375808512
1462381863996	<INFO 7fd637c94780> CORE::CONFIG::MAX_BUFFERS 4
1462381863998	<INFO 7fd637c94780> CORE::CONFIG::MAX_STREAMS 4
1462381864000	<INFO 7fd637c94780> CORE::CONFIG::SUM_OF_OUT_DEGREES_FOR_NEW_PARTITIONS::FIRST_CONSTRAINT 33554432
1462381864002	<INFO 7fd637c94780> CORE::CONFIG::MAX_EDGES_PER_NEW_PARTITION::SECOND_CONSTRAINT 134217728
1462381864005	<INFO 7fd637c94780> SLIPSTREAM::EXT_MEM_SHUFFLE OFF
1462381864007	<INFO 7fd637c94780> 2016-05-04 19:11:03 END read config parameters
1462381865707	<WARNING 7fd637c94780> Unable to unlink file (stream.0.0.0):No such file or directory
1462381865710	<WARNING 7fd637c94780> Unable to unlink file (stream.0.1.0):No such file or directory
1462381865712	<WARNING 7fd637c94780> Unable to unlink file (stream.0.2.0):No such file or directory
1462381865715	<WARNING 7fd637c94780> Unable to unlink file (stream.0.3.0):No such file or directory
1462381865717	<WARNING 7fd637c94780> Unable to unlink file (stream.0.4.0):No such file or directory
1462381865720	<WARNING 7fd637c94780> Unable to unlink file (stream.0.5.0):No such file or directory
1462381865722	<WARNING 7fd637c94780> Unable to unlink file (stream.0.6.0):No such file or directory
1462381865724	<WARNING 7fd637c94780> Unable to unlink file (stream.0.7.0):No such file or directory
1462381865727	<WARNING 7fd637c94780> Unable to unlink file (stream.1.1.0):No such file or directory
1462381865729	<WARNING 7fd637c94780> Unable to unlink file (stream.1.2.0):No such file or directory
1462381865731	<WARNING 7fd637c94780> Unable to unlink file (stream.1.3.0):No such file or directory
1462381865734	<WARNING 7fd637c94780> Unable to unlink file (stream.1.4.0):No such file or directory
1462381865736	<WARNING 7fd637c94780> Unable to unlink file (stream.1.5.0):No such file or directory
1462381865739	<WARNING 7fd637c94780> Unable to unlink file (stream.1.6.0):No such file or directory
1462381865741	<WARNING 7fd637c94780> Unable to unlink file (stream.1.7.0):No such file or directory
1462381865743	<WARNING 7fd637c94780> Unable to unlink file (stream.2.0.0):No such file or directory
1462381865745	<WARNING 7fd637c94780> Unable to unlink file (stream.2.1.0):No such file or directory
1462381865747	<WARNING 7fd637c94780> Unable to unlink file (stream.2.2.0):No such file or directory
1462381865749	<WARNING 7fd637c94780> Unable to unlink file (stream.2.3.0):No such file or directory
1462381865751	<WARNING 7fd637c94780> Unable to unlink file (stream.2.4.0):No such file or directory
1462381865754	<WARNING 7fd637c94780> Unable to unlink file (stream.2.5.0):No such file or directory
1462381865756	<WARNING 7fd637c94780> Unable to unlink file (stream.2.6.0):No such file or directory
1462381865758	<WARNING 7fd637c94780> Unable to unlink file (stream.2.7.0):No such file or directory
1462381865760	<WARNING 7fd637c94780> Unable to unlink file (stream.3.0.0):No such file or directory
1462381865762	<WARNING 7fd637c94780> Unable to unlink file (stream.3.1.0):No such file or directory
1462381865764	<WARNING 7fd637c94780> Unable to unlink file (stream.3.2.0):No such file or directory
1462381865766	<WARNING 7fd637c94780> Unable to unlink file (stream.3.3.0):No such file or directory
1462381865768	<WARNING 7fd637c94780> Unable to unlink file (stream.3.4.0):No such file or directory
1462381865770	<WARNING 7fd637c94780> Unable to unlink file (stream.3.5.0):No such file or directory
1462381865772	<WARNING 7fd637c94780> Unable to unlink file (stream.3.6.0):No such file or directory
1462381865774	<WARNING 7fd637c94780> Unable to unlink file (stream.3.7.0):No such file or directory
1462381865777	<INFO 7fd637c94780> SLIPSTORE::ZMQ_THREADS 2
1462381865779	<INFO 7fd637c94780> SLIPSTORE::COMM Connecting to tcp://dco-node137-10g:5016
1462381865781	<INFO 7fd637c94780> SLIPSTORE::COMM Connecting to tcp://dco-node138-10g:5034
1462381865783	<INFO 7fd637c94780> SLIPSTORE::COMM Connecting to tcp://dco-node139-10g:5052
1462381865785	<INFO 7fd637c94780> SLIPSTORE::COMM Connecting to tcp://dco-node140-10g:5070
1462381865787	<INFO 7fd637c94780> SLIPSTORE::COMM Connecting to tcp://dco-node141-10g:5088
1462381865789	<INFO 7fd637c94780> SLIPSTORE::COMM Connecting to tcp://dco-node142-10g:5106
1462381865791	<INFO 7fd637c94780> SLIPSTORE::COMM Connecting to tcp://dco-node143-10g:5124
1462381865793	<INFO 7fd637c94780> SLIPSTORE::COMM Connecting to tcp://dco-node144-10g:5142
1462381865795	<INFO 7fd637c94780> SLIPSTORE::COMM Listening at tcp://p1p1:5062
1462381865797	<INFO 7fd637c94780> SLIPSTORE::COMM Listening at tcp://p1p1:5063
1462381865800	<INFO 7fd637c94780> SLIPSTORE::COMM Listening at tcp://p1p1:5064
1462381865802	<INFO 7fd637c94780> SLIPSTORE::COMM Listening at ipc://client
1462381865804	<INFO 7fd637c94780> SLIPSTORE::COMM Listening at tcp://p1p1:5066
1462381865806	<INFO 7fd637c94780> SLIPSTORE::COMM Listening at tcp://p1p1:5067
1462381865808	<INFO 7fd637c94780> SLIPSTORE::COMM Listening at tcp://p1p1:5068
1462381865810	<INFO 7fd637c94780> SLIPSTORE::COMM Listening at tcp://p1p1:5069
1462381865812	<INFO 7fd637c94780> SLIPSTORE::COMM Connecting to tcp://dco-node137-10g:5016
1462381865814	<INFO 7fd637c94780> SLIPSTORE::COMM Connecting to tcp://dco-node138-10g:5034
1462381865817	<INFO 7fd637c94780> SLIPSTORE::COMM Connecting to tcp://dco-node139-10g:5052
1462381865819	<INFO 7fd637c94780> SLIPSTORE::COMM Connecting to tcp://dco-node140-10g:5070
1462381865821	<INFO 7fd637c94780> SLIPSTORE::COMM Connecting to tcp://dco-node141-10g:5088
1462381865823	<INFO 7fd637c94780> SLIPSTORE::COMM Connecting to tcp://dco-node142-10g:5106
1462381865825	<INFO 7fd637c94780> SLIPSTORE::COMM Connecting to tcp://dco-node143-10g:5124
1462381865827	<INFO 7fd637c94780> SLIPSTORE::COMM Connecting to tcp://dco-node144-10g:5142
1462381865830	<INFO 7fd637c94780> SLIPSTORE::COMM Connecting to tcp://dco-node137-10g:5003
1462381865832	<INFO 7fd637c94780> SLIPSTORE::COMM Connecting to tcp://dco-node138-10g:5021
1462381865835	<INFO 7fd637c94780> SLIPSTORE::COMM Connecting to tcp://dco-node139-10g:5039
1462381865837	<INFO 7fd637c94780> SLIPSTORE::COMM Connecting to ipc://server
1462381865839	<INFO 7fd637c94780> SLIPSTORE::COMM Connecting to tcp://dco-node141-10g:5075
1462381865841	<INFO 7fd637c94780> SLIPSTORE::COMM Connecting to tcp://dco-node142-10g:5093
1462381865843	<INFO 7fd637c94780> SLIPSTORE::COMM Connecting to tcp://dco-node143-10g:5111
1462381865846	<INFO 7fd637c94780> SLIPSTORE::COMM Connecting to tcp://dco-node144-10g:5129
1462381865848	<INFO 7fd637c94780> SLIPSTORE::COMM Connecting to tcp://dco-node141-10g:5089
1462381865850	<INFO 7fd637c94780> SLIPSTORE::COMM Listening at tcp://p1p1:5071
1462381865852	<INFO 7fd637c94780> SLIPSTORE::COMM Connecting to tcp://dco-node140-10g:5070
1462381865854	<INFO 7fd637c94780> SLIPSTORE::HELP_POLICY NONE
1462381865856	<INFO 7fd637c94780> SLIPSTORE::SERVER ASYNC
1462381865858	<INFO 7fd637c94780> SLIPSTORE::MACHINES 8
1462381865860	<INFO 7fd637c94780> SLIPSTORE::ME 3
1462381865863	<INFO 7fd637c94780> SLIPSTORE::SLIPCHUNK 4194304
1462381865865	<INFO 7fd637c94780> SLIPSTORE::QUOTA 18446744073709551615
1462381865867	<INFO 7fd637c94780> SLIPSTORE::IO PAGECACHE
1462381865869	<INFO 7fb81e3f8700> SLIPSTORE::COMM Listening at tcp://p1p1:5070
1462381865871	<INFO 7fb81e3f8700> SLIPSTORE::COMM Listening at tcp://p1p1:5054
1462381865874	<INFO 7fb81e3f8700> SLIPSTORE::COMM Connecting to tcp://dco-node137-10g:5011
1462381865876	<INFO 7fb81e3f8700> SLIPSTORE::COMM Listening at tcp://p1p1:5055
1462381865878	<INFO 7fb81e3f8700> SLIPSTORE::COMM Connecting to tcp://dco-node138-10g:5029
1462381865880	<INFO 7fb81e3f8700> SLIPSTORE::COMM Listening at tcp://p1p1:5056
1462381865882	<INFO 7fb81e3f8700> SLIPSTORE::COMM Connecting to tcp://dco-node139-10g:5047
1462381865884	<INFO 7fb81e3f8700> SLIPSTORE::COMM Listening at ipc://server
1462381865886	<INFO 7fb81e3f8700> SLIPSTORE::COMM Connecting to ipc://client
1462381865888	<INFO 7fb81e3f8700> SLIPSTORE::COMM Listening at tcp://p1p1:5058
1462381865890	<INFO 7fb81e3f8700> SLIPSTORE::COMM Connecting to tcp://dco-node141-10g:5083
1462381865892	<INFO 7fb81e3f8700> SLIPSTORE::COMM Listening at tcp://p1p1:5059
1462381865895	<INFO 7fb81e3f8700> SLIPSTORE::COMM Connecting to tcp://dco-node142-10g:5101
1462381865897	<INFO 7fb81e3f8700> SLIPSTORE::COMM Listening at tcp://p1p1:5060
1462381865899	<INFO 7fb81e3f8700> SLIPSTORE::COMM Connecting to tcp://dco-node143-10g:5119
1462381865901	<INFO 7fb81e3f8700> SLIPSTORE::COMM Listening at tcp://p1p1:5061
1462381865903	<INFO 7fb81e3f8700> SLIPSTORE::COMM Connecting to tcp://dco-node144-10g:5137
1462381867461	<INFO 7fd637c94780> SLIPSTORE::CHECKPOINTS NONE FOUND
1462381867463	<INFO 7fd637c94780> 2016-05-04 19:11:07 Start edge split
1462382029434	<INFO 7fd637c94780> 2016-05-04 19:13:49 Completed init
1462382030821	<INFO 7fd637c94780> 2016-05-04 19:13:50 Started gather
1462382033541	<INFO 7fd637c94780> 2016-05-04 19:13:53 Completed gather
1462382033660	<INFO 7fd637c94780> 2016-05-04 19:13:53 Started scatter
1462382058339	<INFO 7fd637c94780> 2016-05-04 19:14:18 Completed scatter
1462382128919	<INFO 7fd637c94780> 2016-05-04 19:15:28 Completed phase 1 Bytes read 26245588376 Bytes written 13364493736
1462382128938	<INFO 7fd637c94780> 2016-05-04 19:15:28 Started gather
1462382131637	<INFO 7fd637c94780> 2016-05-04 19:15:31 Completed gather
1462382131841	<INFO 7fd637c94780> 2016-05-04 19:15:31 Started scatter
1462382164830	<INFO 7fd637c94780> 2016-05-04 19:16:04 Completed scatter
1462382300872	<INFO 7fd637c94780> 2016-05-04 19:18:20 Completed phase 2 Bytes read 39610082112 Bytes written 18453241320
1462382300894	<INFO 7fd637c94780> 2016-05-04 19:18:20 Started gather
1462382316884	<INFO 7fd637c94780> 2016-05-04 19:18:36 Completed gather
1462382346681	<INFO 7fd637c94780> 2016-05-04 19:19:06 Started scatter
1462382383671	<INFO 7fd637c94780> 2016-05-04 19:19:43 Completed scatter
1462382499422	<INFO 7fd637c94780> 2016-05-04 19:21:39 Completed phase 3 Bytes read 57791080728 Bytes written 22636923520
1462382499442	<INFO 7fd637c94780> 2016-05-04 19:21:39 Started gather
1462382513398	<INFO 7fd637c94780> 2016-05-04 19:21:53 Completed gather
1462382537310	<INFO 7fd637c94780> 2016-05-04 19:22:17 Started scatter
1462382561150	<INFO 7fd637c94780> 2016-05-04 19:22:41 Completed scatter
1462382630356	<INFO 7fd637c94780> 2016-05-04 19:23:50 Completed phase 4 Bytes read 75067013960 Bytes written 22926850336
1462382630375	<INFO 7fd637c94780> 2016-05-04 19:23:50 Started gather
1462382633002	<INFO 7fd637c94780> 2016-05-04 19:23:53 Completed gather
1462382633291	<INFO 7fd637c94780> 2016-05-04 19:23:53 Started scatter
1462382657143	<INFO 7fd637c94780> 2016-05-04 19:24:17 Completed scatter
1462382727506	<INFO 7fd637c94780> 2016-05-04 19:25:27 Completed phase 5 Bytes read 88449191808 Bytes written 23195338704
1462382727526	<INFO 7fd637c94780> 2016-05-04 19:25:27 Started gather
1462382730200	<INFO 7fd637c94780> 2016-05-04 19:25:30 Completed gather
1462382730246	<INFO 7fd637c94780> 2016-05-04 19:25:30 Started scatter
1462382753976	<INFO 7fd637c94780> 2016-05-04 19:25:53 Completed scatter
1462382824109	<INFO 7fd637c94780> 2016-05-04 19:27:04 Completed phase 6 Bytes read 101809931208 Bytes written 23463774264
1462382824132	<INFO 7fd637c94780> 2016-05-04 19:27:04 Started gather
1462382826415	<INFO 7fd637c94780> 2016-05-04 19:27:06 Completed gather
1462382826912	<INFO 7fd637c94780> 2016-05-04 19:27:06 Started scatter
1462382851326	<INFO 7fd637c94780> 2016-05-04 19:27:31 Completed scatter
1462382920312	<INFO 7fd637c94780> 2016-05-04 19:28:40 Completed phase 7 Bytes read 115170617800 Bytes written 23732209720
1462382920314	<INFO 7fd637c94780> ALGORITHM::BFS::VERTICES_DISCOVERED 12683442
1462382920317	<INFO 7fd637c94780> ALGORITHM::BFS::EDGES_EXPLORED 376034596
1462382920319	<INFO 7fd637c94780> CORE::PARTITIONS_PROCESSED 46
1462382920321	<INFO 7fd637c94780> CORE::BYTES::EDGES_STREAMED 3265251720
1462382920323	<INFO 7fd637c94780> CORE::BYTES::UPDATES_OUT 285605720
1462382920326	<INFO 7fd637c94780> CORE::BYTES::UPDATES_IN 323221456
1462382920328	<INFO 7fb81cbf5700> CORE::PARTITIONS_PROCESSED 90
1462382920331	<INFO 7fb813fff700> CORE::PARTITIONS_PROCESSED 118
1462382920334	<INFO 7fb813fff700> CORE::BYTES::EDGES_STREAMED 3815585520
1462382920336	<INFO 7fb81cbf5700> CORE::BYTES::EDGES_STREAMED 3547293204
1462382920339	<INFO 7fb813fff700> CORE::BYTES::UPDATES_OUT 361120400
1462382920341	<INFO 7fb81cbf5700> CORE::BYTES::UPDATES_OUT 353110656
1462382920344	<INFO 7fb813fff700> CORE::BYTES::UPDATES_IN 311341520
1462382920346	<INFO 7fb81cbf5700> CORE::BYTES::UPDATES_IN 314138136
1462382920348	<INFO 7fb812ffd700> CORE::PARTITIONS_PROCESSED 108
1462382920350	<INFO 7fb811ffb700> CORE::PARTITIONS_PROCESSED 133
1462382920353	<INFO 7fb8127fc700> CORE::PARTITIONS_PROCESSED 108
1462382920356	<INFO 7fb81d3f6700> CORE::PARTITIONS_PROCESSED 88
1462382920358	<INFO 7fb8137fe700> CORE::PARTITIONS_PROCESSED 88
1462382920360	<INFO 7fb812ffd700> CORE::BYTES::EDGES_STREAMED 3973775148
1462382920363	<INFO 7fb81d3f6700> CORE::BYTES::EDGES_STREAMED 3100783620
1462382920365	<INFO 7fb8127fc700> CORE::BYTES::EDGES_STREAMED 3929238696
1462382920367	<INFO 7fb811ffb700> CORE::BYTES::EDGES_STREAMED 6225302448
1462382920370	<INFO 7fb81d3f6700> CORE::BYTES::UPDATES_OUT 309629464
1462382920372	<INFO 7fb812ffd700> CORE::BYTES::UPDATES_OUT 351559240
1462382920374	<INFO 7fb8127fc700> CORE::BYTES::UPDATES_OUT 387281016
1462382920376	<INFO 7fb81d3f6700> CORE::BYTES::UPDATES_IN 333856128
1462382920378	<INFO 7fb8137fe700> CORE::BYTES::EDGES_STREAMED 3730514784
1462382920380	<INFO 7fb811ffb700> CORE::BYTES::UPDATES_OUT 606408048
1462382920383	<INFO 7fb812ffd700> CORE::BYTES::UPDATES_IN 339544784
1462382920386	<INFO 7fb8137fe700> CORE::BYTES::UPDATES_OUT 353562224
1462382920388	<INFO 7fb811ffb700> CORE::BYTES::UPDATES_IN 660987912
1462382920390	<INFO 7fb8127fc700> CORE::BYTES::UPDATES_IN 365905168
1462382920392	<INFO 7fb8137fe700> CORE::BYTES::UPDATES_IN 359281664
1462382920394	<INFO 7fb81e3f8700> SLIPSTORE service is exiting
1462382920396	<INFO 7fb81e3f8700> SLIPSTORE::HELP_OFFERS_RECVD 98
1462382920399	<INFO 7fb81e3f8700> SLIPSTORE::HELP_OFFERS_ACCEPTED 0
1462382920401	<INFO 7fb81e3f8700> SLIPSTORE::HELP_ACCEPTANCE_RATIO 0
1462382920403	<INFO 7fb81e3f8700> SLIPSTORE::SERVER_BUSY_DISK  695.288 seconds
1462382920405	<INFO 7fb81e3f8700> SLIPSTORE::SERVER_BUSY_MEM  0 seconds
1462382920407	<INFO 7fb81e3f8700> SLIPSTORE::SERVER_TOTAL  1054.58 seconds
1462382920410	<INFO 7fd637c94780> SLIPSTORE::CLIENT::DISK_READ_TIME  282.556 seconds
1462382920412	<INFO 7fd637c94780> SLIPSTORE::CLIENT::MEM_READ_TIME  0 seconds
1462382920414	<INFO 7fd637c94780> SLIPSTORE::CLIENT::DISK_BYTES_READ 51222242980
1462382920416	<INFO 7fd637c94780> SLIPSTORE::CLIENT::MEM_BYTES_READ 0
1462382920419	<INFO 7fd637c94780> SLIPSTORE::CLIENT::WRITE_TIME  117.928 seconds
1462382920421	<INFO 7fd637c94780> SLIPSTORE::CLIENT::BYTES_WRITTEN 2147483648
1462382920423	<INFO 7fd637c94780> SLIPSTORE::CLIENT_BUSY  400.484 seconds
1462382920426	<INFO 7fd637c94780> SLIPSTORE::IO::TIME 538.943 seconds
1462382920429	<INFO 7fd637c94780> SLIPSTORE::SNAP::TIME 0 seconds
1462382920431	<INFO 7fd637c94780> SLIPSTORE::MAX_DISK_USAGE_BYTES 17912563160
1462382920433	<INFO 7fd637c94780> CORE::RUSAGE::MAX_RSS_KB 125938796
1462382920436	<INFO 7fd637c94780> CORE::RUSAGE::MINFLT 45833444
1462382920438	<INFO 7fd637c94780> CORE::RUSAGE::MAJFLT 3
1462382920440	<INFO 7fd637c94780> CORE::RUSAGE::MAJFLT 3
1462382920442	<INFO 7fd637c94780> CORE::RUSAGE::INBLK 214554088
1462382920444	<INFO 7fd637c94780> CORE::RUSAGE::OUBLK 46356944
1462382920446	<INFO 7fd637c94780> CORE::UTILS::BYTES_READ 115170617800
1462382920449	<INFO 7fd637c94780> CORE::UTILS::BYTES_WRITTEN 23732209720
1462382920451	<INFO 7fd637c94780> CORE::UTILS::TILE_COPY_BYTES 3758096384
1462382920453	<INFO 7fd637c94780> CORE::TIME::IO_WAIT 357.921 seconds
1462382920455	<INFO 7fd637c94780> CORE::TIME_TILE_COPY 0 seconds
1462382920458	<INFO 7fd637c94780> CORE::TIME_TILE_MERGE 0 seconds
1462382920460	<INFO 7fd637c94780> CORE::TIME_PROCESSING_STOLEN 0 seconds
1462382920462	<INFO 7fd637c94780> CORE::TIME_MERGE_WAIT 0 seconds
1462382920465	<INFO 7fd637c94780> CORE::OTHER_TIME_ALL_MC_BARRIER 0 seconds
1462382920467	<INFO 7fd637c94780> CORE::SCATTER_TIME_ALL_MC_BARRIER 598.028 seconds
1462382920469	<INFO 7fd637c94780> CORE::GATHER_TIME_ALL_MC_BARRIER 0.015763 seconds
1462382920472	<INFO 7fd637c94780> CORE::INIT_TIME_ALL_MC_BARRIER 2.48141 seconds
1462382920474	<INFO 7fd637c94780> CORE::SHUT_DOWN_TIME_ALL_MC_BARRIER 0.012738 seconds
1462382920477	<INFO 7fd637c94780> CORE::STREAM_SKIP_BEFORE_TIME_ALL_MC_BARRIER 0.23774 seconds
1462382920480	<INFO 7fd637c94780> CORE::TAKE_CHECKPOINT_BEFORE_TIME_ALL_MC_BARRIER 0 seconds
1462382920482	<INFO 7fd637c94780> CORE::TAKE_CHECKPOINT_COMPLETE_TIME_ALL_MC_BARRIER 0 seconds
1462382920485	<INFO 7fd637c94780> CORE::METADATA_WRITE_COMPLETE_TIME_ALL_MC_BARRIER 0 seconds
1462382920487	<INFO 7fd637c94780> CORE::STREAM_EOF_BEFORE_TIME_ALL_MC_BARRIER 0 seconds
1462382920490	<INFO 7fd637c94780> CORE::STREAM_EOF_AFTER_TIME_ALL_MC_BARRIER 0 seconds
1462382920492	<INFO 7fd637c94780> CORE::STATE_LOAD_TIME_ALL_MC_BARRIER 0 seconds
1462382920494	<INFO 7fd637c94780> CORE::STATE_STORE_TIME_ALL_MC_BARRIER 0 seconds
1462382920496	<INFO 7fd637c94780> CORE::PHASES 7
1462382920498	<INFO 7fd637c94780> CORE::TIME::SETUP 3.52054 seconds
1462382920500	<INFO 7fd637c94780> CORE::TIME::STATE_ITER 1.15768 seconds
1462382920503	<INFO 7fd637c94780> CORE::TIME::GATHER 98.0195 seconds
1462382920505	<INFO 7fd637c94780> CORE::TIME::SCATTER 791.447 seconds
1462382920508	<INFO 7fd637c94780> CORE::TIME::WALL 1056.37 seconds
1462382920510	<INFO 7fd637c94780> SHUTDOWN
