1463710836677	<INFO 7f0dfc991780> 2016-05-20 04:20:36 STARTUP
1463710836679	<INFO 7f0dfc991780> CORE::GRAPH rmat-28_s8
1463710836682	<INFO 7f0dfc991780> CORE::ALGORITHM pagerank
1463710836684	<INFO 7f0dfc991780> CORE::VERTEX_STRIPING ON
1463710836686	<INFO 7f0dfc991780> CORE::OPTIMIZED_STATE_LOAD_STORE OFF
1463710836689	<INFO 7f0dfc991780> CORE::BINARY_SEARCH_SUPER_PARTITION ON
1463710836691	<INFO 7f0dfc991780> CORE::SUPER_PARTITION_COMPUTED_FOR_EACH_SCATTER_GATHER_PHASE
1463710836694	<INFO 7f0dfc991780> CORE::EDGE_STRIPING ON
1463710836696	<INFO 7f0dfc991780> CORE::BATCH IO ON
1463710836699	<INFO 7f0dfc991780> CORE::GRID_PARTITIONING OFF
1463710836701	<INFO 7f0dfc991780> 2016-05-20 04:20:36 Blocking memory amount 126701535232
1463710942958	<INFO 7f0dfc991780> 2016-05-20 04:22:22 Done blocking memory
1463710942960	<INFO 7f0dfc991780> SG-DRIVER-ORIGINAL
1463710942962	<INFO 7f0dfc991780> 2016-05-20 04:22:22 START read config parameters
1463710942965	<INFO 7f0dfc991780> PARTITIONING::OLD 1
1463710942967	<INFO 7f0dfc991780> PARTITIONING::BALANCED_PARTITIONS 0
1463710942969	<INFO 7f0dfc991780> CORE::CONFIG::PROCESSORS 8
1463710942972	<INFO 7f0dfc991780> CORE::CONFIG::PHYSICAL_MEMORY 2147483648
1463710942974	<INFO 7f0dfc991780> CORE::CONFIG::VERTICES 268435456
1463710942977	<INFO 7f0dfc991780> CORE::CONFIG::VERTEX_SIZE 12
1463710942980	<INFO 7f0dfc991780> CORE::CONFIG::VERTEX_BUFFER 402653184
1463710942982	<INFO 7f0dfc991780> CORE::CONFIG::EDGES 536870912
1463710942985	<INFO 7f0dfc991780> CORE::CONFIG::PARTITIONS 64
1463710942988	<INFO 7f0dfc991780> CORE::CONFIG::FANOUT 64
1463710942990	<INFO 7f0dfc991780> CORE::CONFIG::SUPER_PARTITIONS 8
1463710942992	<INFO 7f0dfc991780> CORE::CONFIG::MACHINE_ID 2
1463710942995	<INFO 7f0dfc991780> CORE::CONFIG::TILES 1
1463710942997	<INFO 7f0dfc991780> CORE::CONFIG::BUFFER_SIZE 348964966
1463710943000	<INFO 7f0dfc991780> CORE::CONFIG::MAX_BUFFERS 4
1463710943002	<INFO 7f0dfc991780> CORE::CONFIG::MAX_STREAMS 4
1463710943005	<INFO 7f0dfc991780> CORE::CONFIG::SUM_OF_OUT_DEGREES_FOR_NEW_PARTITIONS::FIRST_CONSTRAINT 33554432
1463710943007	<INFO 7f0dfc991780> CORE::CONFIG::MAX_EDGES_PER_NEW_PARTITION::SECOND_CONSTRAINT 67108864
1463710943009	<INFO 7f0dfc991780> SLIPSTREAM::EXT_MEM_SHUFFLE OFF
1463710943012	<INFO 7f0dfc991780> 2016-05-20 04:22:22 END read config parameters
1463710944700	<WARNING 7f0dfc991780> Unable to unlink file (stream.0.0.0):No such file or directory
1463710944702	<WARNING 7f0dfc991780> Unable to unlink file (stream.0.1.0):No such file or directory
1463710944705	<WARNING 7f0dfc991780> Unable to unlink file (stream.0.2.0):No such file or directory
1463710944707	<WARNING 7f0dfc991780> Unable to unlink file (stream.0.3.0):No such file or directory
1463710944710	<WARNING 7f0dfc991780> Unable to unlink file (stream.0.4.0):No such file or directory
1463710944712	<WARNING 7f0dfc991780> Unable to unlink file (stream.0.5.0):No such file or directory
1463710944714	<WARNING 7f0dfc991780> Unable to unlink file (stream.0.6.0):No such file or directory
1463710944717	<WARNING 7f0dfc991780> Unable to unlink file (stream.0.7.0):No such file or directory
1463710944719	<WARNING 7f0dfc991780> Unable to unlink file (stream.1.1.0):No such file or directory
1463710944721	<WARNING 7f0dfc991780> Unable to unlink file (stream.1.2.0):No such file or directory
1463710944724	<WARNING 7f0dfc991780> Unable to unlink file (stream.1.3.0):No such file or directory
1463710944726	<WARNING 7f0dfc991780> Unable to unlink file (stream.1.4.0):No such file or directory
1463710944733	<WARNING 7f0dfc991780> Unable to unlink file (stream.1.5.0):No such file or directory
1463710944735	<WARNING 7f0dfc991780> Unable to unlink file (stream.1.6.0):No such file or directory
1463710944737	<WARNING 7f0dfc991780> Unable to unlink file (stream.1.7.0):No such file or directory
1463710944739	<WARNING 7f0dfc991780> Unable to unlink file (stream.2.0.0):No such file or directory
1463710944742	<WARNING 7f0dfc991780> Unable to unlink file (stream.2.1.0):No such file or directory
1463710944744	<WARNING 7f0dfc991780> Unable to unlink file (stream.2.2.0):No such file or directory
1463710944746	<WARNING 7f0dfc991780> Unable to unlink file (stream.2.3.0):No such file or directory
1463710944748	<WARNING 7f0dfc991780> Unable to unlink file (stream.2.4.0):No such file or directory
1463710944750	<WARNING 7f0dfc991780> Unable to unlink file (stream.2.5.0):No such file or directory
1463710944752	<WARNING 7f0dfc991780> Unable to unlink file (stream.2.6.0):No such file or directory
1463710944755	<WARNING 7f0dfc991780> Unable to unlink file (stream.2.7.0):No such file or directory
1463710944757	<WARNING 7f0dfc991780> Unable to unlink file (stream.3.0.0):No such file or directory
1463710944759	<WARNING 7f0dfc991780> Unable to unlink file (stream.3.1.0):No such file or directory
1463710944761	<WARNING 7f0dfc991780> Unable to unlink file (stream.3.2.0):No such file or directory
1463710944763	<WARNING 7f0dfc991780> Unable to unlink file (stream.3.3.0):No such file or directory
1463710944765	<WARNING 7f0dfc991780> Unable to unlink file (stream.3.4.0):No such file or directory
1463710944767	<WARNING 7f0dfc991780> Unable to unlink file (stream.3.5.0):No such file or directory
1463710944770	<WARNING 7f0dfc991780> Unable to unlink file (stream.3.6.0):No such file or directory
1463710944772	<WARNING 7f0dfc991780> Unable to unlink file (stream.3.7.0):No such file or directory
1463710944774	<INFO 7f0dfc991780> SLIPSTORE::ZMQ_THREADS 2
1463710944776	<INFO 7f0dfc991780> SLIPSTORE::COMM Connecting to tcp://dco-node137-10g:5016
1463710944778	<INFO 7f0dfc991780> SLIPSTORE::COMM Connecting to tcp://dco-node138-10g:5034
1463710944781	<INFO 7f0dfc991780> SLIPSTORE::COMM Connecting to tcp://dco-node139-10g:5052
1463710944783	<INFO 7f0dfc991780> SLIPSTORE::COMM Connecting to tcp://dco-node140-10g:5070
1463710944785	<INFO 7f0dfc991780> SLIPSTORE::COMM Connecting to tcp://dco-node141-10g:5088
1463710944787	<INFO 7f0dfc991780> SLIPSTORE::COMM Connecting to tcp://dco-node142-10g:5106
1463710944789	<INFO 7f0dfc991780> SLIPSTORE::COMM Connecting to tcp://dco-node143-10g:5124
1463710944791	<INFO 7f0dfc991780> SLIPSTORE::COMM Connecting to tcp://dco-node144-10g:5142
1463710944793	<INFO 7f0dfc991780> SLIPSTORE::COMM Listening at tcp://p1p1:5044
1463710944795	<INFO 7f0dfc991780> SLIPSTORE::COMM Listening at tcp://p1p1:5045
1463710944797	<INFO 7f0dfc991780> SLIPSTORE::COMM Listening at ipc://client
1463710944799	<INFO 7f0dfc991780> SLIPSTORE::COMM Listening at tcp://p1p1:5047
1463710944802	<INFO 7f0dfc991780> SLIPSTORE::COMM Listening at tcp://p1p1:5048
1463710944804	<INFO 7f0dfc991780> SLIPSTORE::COMM Listening at tcp://p1p1:5049
1463710944806	<INFO 7f0dfc991780> SLIPSTORE::COMM Listening at tcp://p1p1:5050
1463710944808	<INFO 7f0dfc991780> SLIPSTORE::COMM Listening at tcp://p1p1:5051
1463710944810	<INFO 7f0dfc991780> SLIPSTORE::COMM Connecting to tcp://dco-node137-10g:5016
1463710944812	<INFO 7f0dfc991780> SLIPSTORE::COMM Connecting to tcp://dco-node138-10g:5034
1463710944814	<INFO 7f0dfc991780> SLIPSTORE::COMM Connecting to tcp://dco-node139-10g:5052
1463710944816	<INFO 7f0dfc991780> SLIPSTORE::COMM Connecting to tcp://dco-node140-10g:5070
1463710944818	<INFO 7f0dfc991780> SLIPSTORE::COMM Connecting to tcp://dco-node141-10g:5088
1463710944820	<INFO 7f0dfc991780> SLIPSTORE::COMM Connecting to tcp://dco-node142-10g:5106
1463710944823	<INFO 7f0dfc991780> SLIPSTORE::COMM Connecting to tcp://dco-node143-10g:5124
1463710944825	<INFO 7f0dfc991780> SLIPSTORE::COMM Connecting to tcp://dco-node144-10g:5142
1463710944828	<INFO 7f0dfc991780> SLIPSTORE::COMM Connecting to tcp://dco-node137-10g:5002
1463710944830	<INFO 7f0dfc991780> SLIPSTORE::COMM Connecting to tcp://dco-node138-10g:5020
1463710944832	<INFO 7f0dfc991780> SLIPSTORE::COMM Connecting to ipc://server
1463710944834	<INFO 7f0dfc991780> SLIPSTORE::COMM Connecting to tcp://dco-node140-10g:5056
1463710944837	<INFO 7f0dfc991780> SLIPSTORE::COMM Connecting to tcp://dco-node141-10g:5074
1463710944839	<INFO 7f0dfc991780> SLIPSTORE::COMM Connecting to tcp://dco-node142-10g:5092
1463710944841	<INFO 7f0dfc991780> SLIPSTORE::COMM Connecting to tcp://dco-node143-10g:5110
1463710944843	<INFO 7f0dfc991780> SLIPSTORE::COMM Connecting to tcp://dco-node144-10g:5128
1463710944845	<INFO 7f0dfc991780> SLIPSTORE::COMM Connecting to tcp://dco-node140-10g:5071
1463710944847	<INFO 7f0dfc991780> SLIPSTORE::COMM Listening at tcp://p1p1:5053
1463710944849	<INFO 7f0dfc991780> SLIPSTORE::COMM Connecting to tcp://dco-node139-10g:5052
1463710944851	<INFO 7f0dfc991780> SLIPSTORE::HELP_POLICY NONE
1463710944853	<INFO 7f0dfc991780> SLIPSTORE::SERVER ASYNC
1463710944855	<INFO 7f0dfc991780> SLIPSTORE::MACHINES 8
1463710944857	<INFO 7f0dfc991780> SLIPSTORE::ME 2
1463710944859	<INFO 7f0dfc991780> SLIPSTORE::SLIPCHUNK 4194304
1463710944862	<INFO 7f0dfc991780> SLIPSTORE::QUOTA 18446744073709551615
1463710944864	<INFO 7f0dfc991780> SLIPSTORE::IO PAGECACHE
1463710944866	<INFO 7eefe33fc700> SLIPSTORE::COMM Listening at tcp://p1p1:5052
1463710944868	<INFO 7eefe33fc700> SLIPSTORE::COMM Listening at tcp://p1p1:5036
1463710944870	<INFO 7eefe33fc700> SLIPSTORE::COMM Connecting to tcp://dco-node137-10g:5010
1463710944872	<INFO 7eefe33fc700> SLIPSTORE::COMM Listening at tcp://p1p1:5037
1463710944874	<INFO 7eefe33fc700> SLIPSTORE::COMM Connecting to tcp://dco-node138-10g:5028
1463710944876	<INFO 7eefe33fc700> SLIPSTORE::COMM Listening at ipc://server
1463710944878	<INFO 7eefe33fc700> SLIPSTORE::COMM Connecting to ipc://client
1463710944880	<INFO 7eefe33fc700> SLIPSTORE::COMM Listening at tcp://p1p1:5039
1463710944882	<INFO 7eefe33fc700> SLIPSTORE::COMM Connecting to tcp://dco-node140-10g:5064
1463710944884	<INFO 7eefe33fc700> SLIPSTORE::COMM Listening at tcp://p1p1:5040
1463710944886	<INFO 7eefe33fc700> SLIPSTORE::COMM Connecting to tcp://dco-node141-10g:5082
1463710944888	<INFO 7eefe33fc700> SLIPSTORE::COMM Listening at tcp://p1p1:5041
1463710944890	<INFO 7eefe33fc700> SLIPSTORE::COMM Connecting to tcp://dco-node142-10g:5100
1463710944893	<INFO 7eefe33fc700> SLIPSTORE::COMM Listening at tcp://p1p1:5042
1463710944894	<INFO 7eefe33fc700> SLIPSTORE::COMM Connecting to tcp://dco-node143-10g:5118
1463710944897	<INFO 7eefe33fc700> SLIPSTORE::COMM Listening at tcp://p1p1:5043
1463710944899	<INFO 7eefe33fc700> SLIPSTORE::COMM Connecting to tcp://dco-node144-10g:5136
1463710946639	<INFO 7f0dfc991780> SLIPSTORE::CHECKPOINTS NONE FOUND
1463710946642	<INFO 7f0dfc991780> 2016-05-20 04:22:26 Start edge split
1463711024638	<INFO 7f0dfc991780> 2016-05-20 04:23:44 Completed init
1463711026289	<INFO 7f0dfc991780> 2016-05-20 04:23:46 Started gather
1463711029743	<INFO 7f0dfc991780> 2016-05-20 04:23:49 Completed gather
1463711029904	<INFO 7f0dfc991780> 2016-05-20 04:23:49 Started scatter
1463711055056	<INFO 7f0dfc991780> 2016-05-20 04:24:15 Completed scatter
1463711080259	<INFO 7f0dfc991780> 2016-05-20 04:24:40 Completed phase 1 Bytes read 13733317572 Bytes written 7290866628
1463711083845	<INFO 7f0dfc991780> 2016-05-20 04:24:43 Started gather
1463711087605	<INFO 7f0dfc991780> 2016-05-20 04:24:47 Completed gather
1463711087713	<INFO 7f0dfc991780> 2016-05-20 04:24:47 Started gather
1463711144850	<INFO 7f0dfc991780> 2016-05-20 04:25:44 Completed gather
1463711198984	<INFO 7f0dfc991780> 2016-05-20 04:26:38 Completed phase 2 Bytes read 21426837384 Bytes written 12905114428
1463711204426	<INFO 7f0dfc991780> 2016-05-20 04:26:44 Started gather
1463711223484	<INFO 7f0dfc991780> 2016-05-20 04:27:03 Completed gather
1463711248066	<INFO 7f0dfc991780> 2016-05-20 04:27:28 Started scatter
1463711298970	<INFO 7f0dfc991780> 2016-05-20 04:28:18 Completed scatter
1463711358040	<INFO 7f0dfc991780> 2016-05-20 04:29:18 Completed phase 3 Bytes read 33526645444 Bytes written 17959070596
1463711361749	<INFO 7f0dfc991780> 2016-05-20 04:29:21 Started gather
1463711381806	<INFO 7f0dfc991780> 2016-05-20 04:29:41 Completed gather
1463711404115	<INFO 7f0dfc991780> 2016-05-20 04:30:04 Started scatter
1463711453657	<INFO 7f0dfc991780> 2016-05-20 04:30:53 Completed scatter
1463711509729	<INFO 7f0dfc991780> 2016-05-20 04:31:49 Completed phase 4 Bytes read 45468815056 Bytes written 22949749660
1463711513457	<INFO 7f0dfc991780> 2016-05-20 04:31:53 Started gather
1463711533914	<INFO 7f0dfc991780> 2016-05-20 04:32:13 Completed gather
1463711555855	<INFO 7f0dfc991780> 2016-05-20 04:32:35 Started scatter
1463711605255	<INFO 7f0dfc991780> 2016-05-20 04:33:25 Completed scatter
1463711661558	<INFO 7f0dfc991780> 2016-05-20 04:34:21 Completed phase 5 Bytes read 57347707564 Bytes written 28104490612
1463711665578	<INFO 7f0dfc991780> 2016-05-20 04:34:25 Started gather
1463711685495	<INFO 7f0dfc991780> 2016-05-20 04:34:45 Completed gather
1463711708045	<INFO 7f0dfc991780> 2016-05-20 04:35:08 Started scatter
1463711756473	<INFO 7f0dfc991780> 2016-05-20 04:35:56 Completed scatter
1463711813841	<INFO 7f0dfc991780> 2016-05-20 04:36:53 Completed phase 6 Bytes read 69390661960 Bytes written 33145968316
1463711817582	<INFO 7f0dfc991780> 2016-05-20 04:36:57 Started gather
1463711837703	<INFO 7f0dfc991780> 2016-05-20 04:37:17 Completed gather
1463711859481	<INFO 7f0dfc991780> 2016-05-20 04:37:39 Started scatter
1463711909518	<INFO 7f0dfc991780> 2016-05-20 04:38:29 Completed scatter
1463711963143	<INFO 7f0dfc991780> 2016-05-20 04:39:23 Completed phase 7 Bytes read 81320353108 Bytes written 38122235988
1463711963146	<INFO 7f0dfc991780> CORE::PARTITIONS_PROCESSED 230
1463711963148	<INFO 7f0dfc991780> CORE::BYTES::EDGES_STREAMED 5462964288
1463711963151	<INFO 7f0dfc991780> CORE::BYTES::UPDATES_OUT 3073757744
1463711963154	<INFO 7f0dfc991780> CORE::BYTES::UPDATES_IN 2395496912
1463711963156	<INFO 7eefd7fff700> CORE::PARTITIONS_PROCESSED 629
1463711963158	<INFO 7eefd7fff700> CORE::BYTES::EDGES_STREAMED 6483286548
1463711963161	<INFO 7eefd7fff700> CORE::BYTES::UPDATES_OUT 3739998824
1463711963164	<INFO 7eefd7fff700> CORE::BYTES::UPDATES_IN 3516460704
1463711963166	<INFO 7eefe23fa700> CORE::PARTITIONS_PROCESSED 526
1463711963169	<INFO 7eefe1bf9700> CORE::PARTITIONS_PROCESSED 508
1463711963171	<INFO 7eefd77fe700> CORE::PARTITIONS_PROCESSED 631
1463711963173	<INFO 7eefe0bf7700> CORE::PARTITIONS_PROCESSED 490
1463711963176	<INFO 7eefe23fa700> CORE::BYTES::EDGES_STREAMED 5385649800
1463711963178	<INFO 7eefe13f8700> CORE::PARTITIONS_PROCESSED 700
1463711963181	<INFO 7eefe23fa700> CORE::BYTES::UPDATES_OUT 3050155384
1463711963183	<INFO 7eefe0bf7700> CORE::BYTES::EDGES_STREAMED 5916933096
1463711963186	<INFO 7eefd6ffd700> CORE::PARTITIONS_PROCESSED 766
1463711963189	<INFO 7eefe1bf9700> CORE::BYTES::EDGES_STREAMED 5130168504
1463711963191	<INFO 7eefd6ffd700> CORE::BYTES::EDGES_STREAMED 9246721620
1463711963194	<INFO 7eefe1bf9700> CORE::BYTES::UPDATES_OUT 3048090800
1463711963196	<INFO 7eefd6ffd700> CORE::BYTES::UPDATES_OUT 5288344120
1463711963198	<INFO 7eefe23fa700> CORE::BYTES::UPDATES_IN 2753257552
1463711963201	<INFO 7eefe0bf7700> CORE::BYTES::UPDATES_OUT 3375710400
1463711963203	<INFO 7eefd6ffd700> CORE::BYTES::UPDATES_IN 3801330616
1463711963206	<INFO 7eefd77fe700> CORE::BYTES::EDGES_STREAMED 6217662216
1463711963208	<INFO 7eefe13f8700> CORE::BYTES::EDGES_STREAMED 6167278716
1463711963211	<INFO 7eefe1bf9700> CORE::BYTES::UPDATES_IN 2284870936
1463711963213	<INFO 7eefe0bf7700> CORE::BYTES::UPDATES_IN 3043161776
1463711963215	<INFO 7eefd77fe700> CORE::BYTES::UPDATES_OUT 3476941520
1463711963218	<INFO 7eefe13f8700> CORE::BYTES::UPDATES_OUT 3524523944
1463711963220	<INFO 7eefd77fe700> CORE::BYTES::UPDATES_IN 2713612944
1463711963222	<INFO 7eefe13f8700> CORE::BYTES::UPDATES_IN 3306421720
1463711963226	<INFO 7eefe33fc700> SLIPSTORE service is exiting
1463711963228	<INFO 7eefe33fc700> SLIPSTORE::HELP_OFFERS_RECVD 98
1463711963231	<INFO 7eefe33fc700> SLIPSTORE::HELP_OFFERS_ACCEPTED 0
1463711963233	<INFO 7eefe33fc700> SLIPSTORE::HELP_ACCEPTANCE_RATIO 0
1463711963235	<INFO 7eefe33fc700> SLIPSTORE::SERVER_BUSY_DISK  671.624 seconds
1463711963238	<INFO 7eefe33fc700> SLIPSTORE::SERVER_BUSY_MEM  0 seconds
1463711963240	<INFO 7eefe33fc700> SLIPSTORE::SERVER_TOTAL  1018.41 seconds
1463711963246	<INFO 7f0dfc991780> SLIPSTORE::CLIENT::DISK_READ_TIME  395.359 seconds
1463711963248	<INFO 7f0dfc991780> SLIPSTORE::CLIENT::MEM_READ_TIME  0 seconds
1463711963250	<INFO 7f0dfc991780> SLIPSTORE::CLIENT::DISK_BYTES_READ 88232706128
1463711963253	<INFO 7f0dfc991780> SLIPSTORE::CLIENT::MEM_BYTES_READ 0
1463711963255	<INFO 7f0dfc991780> SLIPSTORE::CLIENT::WRITE_TIME  145.767 seconds
1463711963257	<INFO 7f0dfc991780> SLIPSTORE::CLIENT::BYTES_WRITTEN 6039797760
1463711963260	<INFO 7f0dfc991780> SLIPSTORE::CLIENT_BUSY  541.127 seconds
1463711963262	<INFO 7f0dfc991780> SLIPSTORE::IO::TIME 424.471 seconds
1463711963264	<INFO 7f0dfc991780> SLIPSTORE::SNAP::TIME 0 seconds
1463711963267	<INFO 7f0dfc991780> SLIPSTORE::MAX_DISK_USAGE_BYTES 11294501692
1463711963463	<INFO 7f0dfc991780> CORE::RUSAGE::MAX_RSS_KB 125940576
1463711963466	<INFO 7f0dfc991780> CORE::RUSAGE::MINFLT 65652592
1463711963469	<INFO 7f0dfc991780> CORE::RUSAGE::MAJFLT 5
1463711963471	<INFO 7f0dfc991780> CORE::RUSAGE::MAJFLT 5
1463711963474	<INFO 7f0dfc991780> CORE::RUSAGE::INBLK 132414336
1463711963476	<INFO 7f0dfc991780> CORE::RUSAGE::OUBLK 74469616
1463711963478	<INFO 7f0dfc991780> CORE::UTILS::BYTES_READ 81320353108
1463711963481	<INFO 7f0dfc991780> CORE::UTILS::BYTES_WRITTEN 38122235988
1463711963484	<INFO 7f0dfc991780> CORE::UTILS::TILE_COPY_BYTES 8053063680
1463711963486	<INFO 7f0dfc991780> CORE::TIME::IO_WAIT 438.309 seconds
1463711963488	<INFO 7f0dfc991780> CORE::TIME_TILE_COPY 0 seconds
1463711963491	<INFO 7f0dfc991780> CORE::TIME_TILE_MERGE 0 seconds
1463711963493	<INFO 7f0dfc991780> CORE::TIME_PROCESSING_STOLEN 0 seconds
1463711963496	<INFO 7f0dfc991780> CORE::TIME_MERGE_WAIT 0 seconds
1463711963498	<INFO 7f0dfc991780> CORE::OTHER_TIME_ALL_MC_BARRIER 0 seconds
1463711963500	<INFO 7f0dfc991780> CORE::SCATTER_TIME_ALL_MC_BARRIER 304.507 seconds
1463711963503	<INFO 7f0dfc991780> CORE::GATHER_TIME_ALL_MC_BARRIER 54.0936 seconds
1463711963505	<INFO 7f0dfc991780> CORE::INIT_TIME_ALL_MC_BARRIER 2.96817 seconds
1463711963508	<INFO 7f0dfc991780> CORE::SHUT_DOWN_TIME_ALL_MC_BARRIER 0.003451 seconds
1463711963510	<INFO 7f0dfc991780> CORE::STREAM_SKIP_BEFORE_TIME_ALL_MC_BARRIER 1.09329 seconds
1463711963512	<INFO 7f0dfc991780> CORE::TAKE_CHECKPOINT_BEFORE_TIME_ALL_MC_BARRIER 0 seconds
1463711963515	<INFO 7f0dfc991780> CORE::TAKE_CHECKPOINT_COMPLETE_TIME_ALL_MC_BARRIER 0 seconds
1463711963517	<INFO 7f0dfc991780> CORE::METADATA_WRITE_COMPLETE_TIME_ALL_MC_BARRIER 0 seconds
1463711963519	<INFO 7f0dfc991780> CORE::STREAM_EOF_BEFORE_TIME_ALL_MC_BARRIER 0 seconds
1463711963522	<INFO 7f0dfc991780> CORE::STREAM_EOF_AFTER_TIME_ALL_MC_BARRIER 0 seconds
1463711963524	<INFO 7f0dfc991780> CORE::STATE_LOAD_TIME_ALL_MC_BARRIER 0 seconds
1463711963526	<INFO 7f0dfc991780> CORE::STATE_STORE_TIME_ALL_MC_BARRIER 0 seconds
1463711963529	<INFO 7f0dfc991780> CORE::WORK_STEALING_COST_GATHER 0 seconds
1463711963531	<INFO 7f0dfc991780> CORE::WORK_STEALING_COST_SCATTER 0 seconds
1463711963534	<INFO 7f0dfc991780> CORE::PHASES 7
1463711963536	<INFO 7f0dfc991780> CORE::TIME::SETUP 3.9994 seconds
1463711963538	<INFO 7f0dfc991780> CORE::TIME::INIT_PARTITIONS_TIME 77.9998 seconds
1463711963541	<INFO 7f0dfc991780> CORE::TIME::STATE_ITER 24.6663 seconds
1463711963543	<INFO 7f0dfc991780> CORE::TIME::GATHER 221.309 seconds
1463711963546	<INFO 7f0dfc991780> CORE::TIME::SCATTER 692.275 seconds
1463711963548	<INFO 7f0dfc991780> CORE::TIME::WALL 1020.51 seconds
1463711963551	<INFO 7f0dfc991780> SHUTDOWN
