1463710838289	<INFO 7f608a1c5780> 2016-05-20 04:20:38 STARTUP
1463710838291	<INFO 7f608a1c5780> CORE::GRAPH rmat-28_s8
1463710838294	<INFO 7f608a1c5780> CORE::ALGORITHM pagerank
1463710838296	<INFO 7f608a1c5780> CORE::VERTEX_STRIPING ON
1463710838299	<INFO 7f608a1c5780> CORE::OPTIMIZED_STATE_LOAD_STORE OFF
1463710838301	<INFO 7f608a1c5780> CORE::BINARY_SEARCH_SUPER_PARTITION ON
1463710838304	<INFO 7f608a1c5780> CORE::SUPER_PARTITION_COMPUTED_FOR_EACH_SCATTER_GATHER_PHASE
1463710838306	<INFO 7f608a1c5780> CORE::EDGE_STRIPING ON
1463710838309	<INFO 7f608a1c5780> CORE::BATCH IO ON
1463710838311	<INFO 7f608a1c5780> CORE::GRID_PARTITIONING OFF
1463710838314	<INFO 7f608a1c5780> 2016-05-20 04:20:38 Blocking memory amount 126701535232
1463710945774	<INFO 7f608a1c5780> 2016-05-20 04:22:25 Done blocking memory
1463710945777	<INFO 7f608a1c5780> SG-DRIVER-ORIGINAL
1463710945779	<INFO 7f608a1c5780> 2016-05-20 04:22:25 START read config parameters
1463710945781	<INFO 7f608a1c5780> PARTITIONING::OLD 1
1463710945784	<INFO 7f608a1c5780> PARTITIONING::BALANCED_PARTITIONS 0
1463710945786	<INFO 7f608a1c5780> CORE::CONFIG::PROCESSORS 8
1463710945789	<INFO 7f608a1c5780> CORE::CONFIG::PHYSICAL_MEMORY 2147483648
1463710945791	<INFO 7f608a1c5780> CORE::CONFIG::VERTICES 268435456
1463710945793	<INFO 7f608a1c5780> CORE::CONFIG::VERTEX_SIZE 12
1463710945796	<INFO 7f608a1c5780> CORE::CONFIG::VERTEX_BUFFER 402653184
1463710945798	<INFO 7f608a1c5780> CORE::CONFIG::EDGES 536870912
1463710945800	<INFO 7f608a1c5780> CORE::CONFIG::PARTITIONS 64
1463710945803	<INFO 7f608a1c5780> CORE::CONFIG::FANOUT 64
1463710945806	<INFO 7f608a1c5780> CORE::CONFIG::SUPER_PARTITIONS 8
1463710945808	<INFO 7f608a1c5780> CORE::CONFIG::MACHINE_ID 1
1463710945810	<INFO 7f608a1c5780> CORE::CONFIG::TILES 1
1463710945813	<INFO 7f608a1c5780> CORE::CONFIG::BUFFER_SIZE 348964966
1463710945816	<INFO 7f608a1c5780> CORE::CONFIG::MAX_BUFFERS 4
1463710945818	<INFO 7f608a1c5780> CORE::CONFIG::MAX_STREAMS 4
1463710945821	<INFO 7f608a1c5780> CORE::CONFIG::SUM_OF_OUT_DEGREES_FOR_NEW_PARTITIONS::FIRST_CONSTRAINT 33554432
1463710945823	<INFO 7f608a1c5780> CORE::CONFIG::MAX_EDGES_PER_NEW_PARTITION::SECOND_CONSTRAINT 67108864
1463710945826	<INFO 7f608a1c5780> SLIPSTREAM::EXT_MEM_SHUFFLE OFF
1463710945828	<INFO 7f608a1c5780> 2016-05-20 04:22:25 END read config parameters
1463710947533	<WARNING 7f608a1c5780> Unable to unlink file (stream.0.0.0):No such file or directory
1463710947535	<WARNING 7f608a1c5780> Unable to unlink file (stream.0.1.0):No such file or directory
1463710947538	<WARNING 7f608a1c5780> Unable to unlink file (stream.0.2.0):No such file or directory
1463710947540	<WARNING 7f608a1c5780> Unable to unlink file (stream.0.3.0):No such file or directory
1463710947543	<WARNING 7f608a1c5780> Unable to unlink file (stream.0.4.0):No such file or directory
1463710947546	<WARNING 7f608a1c5780> Unable to unlink file (stream.0.5.0):No such file or directory
1463710947548	<WARNING 7f608a1c5780> Unable to unlink file (stream.0.6.0):No such file or directory
1463710947551	<WARNING 7f608a1c5780> Unable to unlink file (stream.0.7.0):No such file or directory
1463710947554	<WARNING 7f608a1c5780> Unable to unlink file (stream.1.1.0):No such file or directory
1463710947556	<WARNING 7f608a1c5780> Unable to unlink file (stream.1.2.0):No such file or directory
1463710947558	<WARNING 7f608a1c5780> Unable to unlink file (stream.1.3.0):No such file or directory
1463710947561	<WARNING 7f608a1c5780> Unable to unlink file (stream.1.4.0):No such file or directory
1463710947564	<WARNING 7f608a1c5780> Unable to unlink file (stream.1.5.0):No such file or directory
1463710947566	<WARNING 7f608a1c5780> Unable to unlink file (stream.1.6.0):No such file or directory
1463710947570	<WARNING 7f608a1c5780> Unable to unlink file (stream.1.7.0):No such file or directory
1463710947572	<WARNING 7f608a1c5780> Unable to unlink file (stream.2.0.0):No such file or directory
1463710947574	<WARNING 7f608a1c5780> Unable to unlink file (stream.2.1.0):No such file or directory
1463710947577	<WARNING 7f608a1c5780> Unable to unlink file (stream.2.2.0):No such file or directory
1463710947580	<WARNING 7f608a1c5780> Unable to unlink file (stream.2.3.0):No such file or directory
1463710947583	<WARNING 7f608a1c5780> Unable to unlink file (stream.2.4.0):No such file or directory
1463710947585	<WARNING 7f608a1c5780> Unable to unlink file (stream.2.5.0):No such file or directory
1463710947587	<WARNING 7f608a1c5780> Unable to unlink file (stream.2.6.0):No such file or directory
1463710947590	<WARNING 7f608a1c5780> Unable to unlink file (stream.2.7.0):No such file or directory
1463710947592	<WARNING 7f608a1c5780> Unable to unlink file (stream.3.0.0):No such file or directory
1463710947594	<WARNING 7f608a1c5780> Unable to unlink file (stream.3.1.0):No such file or directory
1463710947597	<WARNING 7f608a1c5780> Unable to unlink file (stream.3.2.0):No such file or directory
1463710947599	<WARNING 7f608a1c5780> Unable to unlink file (stream.3.3.0):No such file or directory
1463710947602	<WARNING 7f608a1c5780> Unable to unlink file (stream.3.4.0):No such file or directory
1463710947604	<WARNING 7f608a1c5780> Unable to unlink file (stream.3.5.0):No such file or directory
1463710947607	<WARNING 7f608a1c5780> Unable to unlink file (stream.3.6.0):No such file or directory
1463710947609	<WARNING 7f608a1c5780> Unable to unlink file (stream.3.7.0):No such file or directory
1463710947612	<INFO 7f608a1c5780> SLIPSTORE::ZMQ_THREADS 2
1463710947614	<INFO 7f608a1c5780> SLIPSTORE::COMM Connecting to tcp://dco-node137-10g:5016
1463710947616	<INFO 7f608a1c5780> SLIPSTORE::COMM Connecting to tcp://dco-node138-10g:5034
1463710947619	<INFO 7f608a1c5780> SLIPSTORE::COMM Connecting to tcp://dco-node139-10g:5052
1463710947621	<INFO 7f608a1c5780> SLIPSTORE::COMM Connecting to tcp://dco-node140-10g:5070
1463710947624	<INFO 7f608a1c5780> SLIPSTORE::COMM Connecting to tcp://dco-node141-10g:5088
1463710947626	<INFO 7f608a1c5780> SLIPSTORE::COMM Connecting to tcp://dco-node142-10g:5106
1463710947628	<INFO 7f608a1c5780> SLIPSTORE::COMM Connecting to tcp://dco-node143-10g:5124
1463710947631	<INFO 7f608a1c5780> SLIPSTORE::COMM Connecting to tcp://dco-node144-10g:5142
1463710947635	<INFO 7f608a1c5780> SLIPSTORE::COMM Listening at tcp://p1p1:5026
1463710947637	<INFO 7f608a1c5780> SLIPSTORE::COMM Listening at ipc://client
1463710947640	<INFO 7f608a1c5780> SLIPSTORE::COMM Listening at tcp://p1p1:5028
1463710947642	<INFO 7f608a1c5780> SLIPSTORE::COMM Listening at tcp://p1p1:5029
1463710947644	<INFO 7f608a1c5780> SLIPSTORE::COMM Listening at tcp://p1p1:5030
1463710947646	<INFO 7f608a1c5780> SLIPSTORE::COMM Listening at tcp://p1p1:5031
1463710947649	<INFO 7f608a1c5780> SLIPSTORE::COMM Listening at tcp://p1p1:5032
1463710947651	<INFO 7f608a1c5780> SLIPSTORE::COMM Listening at tcp://p1p1:5033
1463710947654	<INFO 7f608a1c5780> SLIPSTORE::COMM Connecting to tcp://dco-node137-10g:5016
1463710947656	<INFO 7f608a1c5780> SLIPSTORE::COMM Connecting to tcp://dco-node138-10g:5034
1463710947658	<INFO 7f608a1c5780> SLIPSTORE::COMM Connecting to tcp://dco-node139-10g:5052
1463710947660	<INFO 7f608a1c5780> SLIPSTORE::COMM Connecting to tcp://dco-node140-10g:5070
1463710947663	<INFO 7f608a1c5780> SLIPSTORE::COMM Connecting to tcp://dco-node141-10g:5088
1463710947665	<INFO 7f608a1c5780> SLIPSTORE::COMM Connecting to tcp://dco-node142-10g:5106
1463710947667	<INFO 7f608a1c5780> SLIPSTORE::COMM Connecting to tcp://dco-node143-10g:5124
1463710947670	<INFO 7f608a1c5780> SLIPSTORE::COMM Connecting to tcp://dco-node144-10g:5142
1463710947672	<INFO 7f608a1c5780> SLIPSTORE::COMM Connecting to tcp://dco-node137-10g:5001
1463710947674	<INFO 7f608a1c5780> SLIPSTORE::COMM Connecting to ipc://server
1463710947676	<INFO 7f608a1c5780> SLIPSTORE::COMM Connecting to tcp://dco-node139-10g:5037
1463710947679	<INFO 7f608a1c5780> SLIPSTORE::COMM Connecting to tcp://dco-node140-10g:5055
1463710947681	<INFO 7f608a1c5780> SLIPSTORE::COMM Connecting to tcp://dco-node141-10g:5073
1463710947684	<INFO 7f608a1c5780> SLIPSTORE::COMM Connecting to tcp://dco-node142-10g:5091
1463710947686	<INFO 7f608a1c5780> SLIPSTORE::COMM Connecting to tcp://dco-node143-10g:5109
1463710947688	<INFO 7f608a1c5780> SLIPSTORE::COMM Connecting to tcp://dco-node144-10g:5127
1463710947691	<INFO 7f608a1c5780> SLIPSTORE::COMM Connecting to tcp://dco-node139-10g:5053
1463710947693	<INFO 7f608a1c5780> SLIPSTORE::COMM Listening at tcp://p1p1:5035
1463710947696	<INFO 7f608a1c5780> SLIPSTORE::COMM Connecting to tcp://dco-node138-10g:5034
1463710947698	<INFO 7f608a1c5780> SLIPSTORE::HELP_POLICY NONE
1463710947701	<INFO 7f608a1c5780> SLIPSTORE::SERVER ASYNC
1463710947703	<INFO 7f608a1c5780> SLIPSTORE::MACHINES 8
1463710947705	<INFO 7f608a1c5780> SLIPSTORE::ME 1
1463710947708	<INFO 7f608a1c5780> SLIPSTORE::SLIPCHUNK 4194304
1463710947710	<INFO 7f608a1c5780> SLIPSTORE::QUOTA 18446744073709551615
1463710947712	<INFO 7f608a1c5780> SLIPSTORE::IO PAGECACHE
1463710947715	<INFO 7f4274ff4700> SLIPSTORE::COMM Listening at tcp://p1p1:5034
1463710947718	<INFO 7f4274ff4700> SLIPSTORE::COMM Listening at tcp://p1p1:5018
1463710947720	<INFO 7f4274ff4700> SLIPSTORE::COMM Connecting to tcp://dco-node137-10g:5009
1463710947723	<INFO 7f4274ff4700> SLIPSTORE::COMM Listening at ipc://server
1463710947725	<INFO 7f4274ff4700> SLIPSTORE::COMM Connecting to ipc://client
1463710947727	<INFO 7f4274ff4700> SLIPSTORE::COMM Listening at tcp://p1p1:5020
1463710947731	<INFO 7f4274ff4700> SLIPSTORE::COMM Connecting to tcp://dco-node139-10g:5045
1463710947733	<INFO 7f4274ff4700> SLIPSTORE::COMM Listening at tcp://p1p1:5021
1463710947736	<INFO 7f4274ff4700> SLIPSTORE::COMM Connecting to tcp://dco-node140-10g:5063
1463710947738	<INFO 7f4274ff4700> SLIPSTORE::COMM Listening at tcp://p1p1:5022
1463710947741	<INFO 7f4274ff4700> SLIPSTORE::COMM Connecting to tcp://dco-node141-10g:5081
1463710947743	<INFO 7f4274ff4700> SLIPSTORE::COMM Listening at tcp://p1p1:5023
1463710947746	<INFO 7f4274ff4700> SLIPSTORE::COMM Connecting to tcp://dco-node142-10g:5099
1463710947748	<INFO 7f4274ff4700> SLIPSTORE::COMM Listening at tcp://p1p1:5024
1463710947751	<INFO 7f4274ff4700> SLIPSTORE::COMM Connecting to tcp://dco-node143-10g:5117
1463710947753	<INFO 7f4274ff4700> SLIPSTORE::COMM Listening at tcp://p1p1:5025
1463710947755	<INFO 7f4274ff4700> SLIPSTORE::COMM Connecting to tcp://dco-node144-10g:5135
1463710948219	<INFO 7f608a1c5780> SLIPSTORE::CHECKPOINTS NONE FOUND
1463710948221	<INFO 7f608a1c5780> 2016-05-20 04:22:28 Start edge split
1463711026220	<INFO 7f608a1c5780> 2016-05-20 04:23:46 Completed init
1463711027869	<INFO 7f608a1c5780> 2016-05-20 04:23:47 Started gather
1463711031166	<INFO 7f608a1c5780> 2016-05-20 04:23:51 Completed gather
1463711031484	<INFO 7f608a1c5780> 2016-05-20 04:23:51 Started scatter
1463711057009	<INFO 7f608a1c5780> 2016-05-20 04:24:17 Completed scatter
1463711081840	<INFO 7f608a1c5780> 2016-05-20 04:24:41 Completed phase 1 Bytes read 13641180588 Bytes written 7198729644
1463711085426	<INFO 7f608a1c5780> 2016-05-20 04:24:45 Started gather
1463711089219	<INFO 7f608a1c5780> 2016-05-20 04:24:49 Completed gather
1463711089294	<INFO 7f608a1c5780> 2016-05-20 04:24:49 Started gather
1463711146716	<INFO 7f608a1c5780> 2016-05-20 04:25:46 Completed gather
1463711200565	<INFO 7f608a1c5780> 2016-05-20 04:26:40 Completed phase 2 Bytes read 21242563416 Bytes written 12606209300
1463711206007	<INFO 7f608a1c5780> 2016-05-20 04:26:46 Started gather
1463711225085	<INFO 7f608a1c5780> 2016-05-20 04:27:05 Completed gather
1463711249647	<INFO 7f608a1c5780> 2016-05-20 04:27:29 Started scatter
1463711299313	<INFO 7f608a1c5780> 2016-05-20 04:28:19 Completed scatter
1463711359622	<INFO 7f608a1c5780> 2016-05-20 04:29:19 Completed phase 3 Bytes read 33043466348 Bytes written 17667312916
1463711363331	<INFO 7f608a1c5780> 2016-05-20 04:29:23 Started gather
1463711383565	<INFO 7f608a1c5780> 2016-05-20 04:29:43 Completed gather
1463711405697	<INFO 7f608a1c5780> 2016-05-20 04:30:05 Started scatter
1463711457153	<INFO 7f608a1c5780> 2016-05-20 04:30:57 Completed scatter
1463711511311	<INFO 7f608a1c5780> 2016-05-20 04:31:51 Completed phase 4 Bytes read 44900646424 Bytes written 22697624876
1463711515039	<INFO 7f608a1c5780> 2016-05-20 04:31:55 Started gather
1463711535810	<INFO 7f608a1c5780> 2016-05-20 04:32:15 Completed gather
1463711557437	<INFO 7f608a1c5780> 2016-05-20 04:32:37 Started scatter
1463711607668	<INFO 7f608a1c5780> 2016-05-20 04:33:27 Completed scatter
1463711663140	<INFO 7f608a1c5780> 2016-05-20 04:34:23 Completed phase 5 Bytes read 56727034844 Bytes written 27768866028
1463711667161	<INFO 7f608a1c5780> 2016-05-20 04:34:27 Started gather
1463711687014	<INFO 7f608a1c5780> 2016-05-20 04:34:47 Completed gather
1463711709628	<INFO 7f608a1c5780> 2016-05-20 04:35:09 Started scatter
1463711758702	<INFO 7f608a1c5780> 2016-05-20 04:35:58 Completed scatter
1463711815425	<INFO 7f608a1c5780> 2016-05-20 04:36:55 Completed phase 6 Bytes read 68594352456 Bytes written 32790101356
1463711819166	<INFO 7f608a1c5780> 2016-05-20 04:36:59 Started gather
1463711838944	<INFO 7f608a1c5780> 2016-05-20 04:37:18 Completed gather
1463711861062	<INFO 7f608a1c5780> 2016-05-20 04:37:41 Started scatter
1463711910380	<INFO 7f608a1c5780> 2016-05-20 04:38:30 Completed scatter
1463711964727	<INFO 7f608a1c5780> 2016-05-20 04:39:24 Completed phase 7 Bytes read 80411664244 Bytes written 37858748268
1463711964730	<INFO 7f608a1c5780> CORE::PARTITIONS_PROCESSED 215
1463711964732	<INFO 7f608a1c5780> CORE::BYTES::EDGES_STREAMED 5388524220
1463711964735	<INFO 7f608a1c5780> CORE::BYTES::UPDATES_OUT 3128191472
1463711964737	<INFO 7f608a1c5780> CORE::BYTES::UPDATES_IN 2236712528
1463711964740	<INFO 7f4262ffd700> CORE::PARTITIONS_PROCESSED 530
1463711964742	<INFO 7f4262ffd700> CORE::BYTES::EDGES_STREAMED 5066471688
1463711964745	<INFO 7f4262ffd700> CORE::BYTES::UPDATES_OUT 2870131736
1463711964747	<INFO 7f4262ffd700> CORE::BYTES::UPDATES_IN 2715201928
1463711964749	<INFO 7f42637fe700> CORE::PARTITIONS_PROCESSED 522
1463711964752	<INFO 7f42637fe700> CORE::BYTES::EDGES_STREAMED 5528810352
1463711964754	<INFO 7f42637fe700> CORE::BYTES::UPDATES_OUT 3152046960
1463711964756	<INFO 7f42637fe700> CORE::BYTES::UPDATES_IN 2611762360
1463711964759	<INFO 7f4261ffb700> CORE::PARTITIONS_PROCESSED 491
1463711964762	<INFO 7f42617fa700> CORE::PARTITIONS_PROCESSED 629
1463711964764	<INFO 7f42627fc700> CORE::PARTITIONS_PROCESSED 697
1463711964768	<INFO 7f42607f8700> CORE::PARTITIONS_PROCESSED 765
1463711964770	<INFO 7f42617fa700> CORE::BYTES::EDGES_STREAMED 5975743512
1463711964773	<INFO 7f4261ffb700> CORE::BYTES::EDGES_STREAMED 6017055096
1463711964775	<INFO 7f4260ff9700> CORE::PARTITIONS_PROCESSED 631
1463711964778	<INFO 7f42627fc700> CORE::BYTES::EDGES_STREAMED 6114065364
1463711964780	<INFO 7f42617fa700> CORE::BYTES::UPDATES_OUT 3447607568
1463711964783	<INFO 7f42607f8700> CORE::BYTES::EDGES_STREAMED 9544249656
1463711964785	<INFO 7f42617fa700> CORE::BYTES::UPDATES_IN 3774809928
1463711964788	<INFO 7f4261ffb700> CORE::BYTES::UPDATES_OUT 3458337280
1463711964790	<INFO 7f4260ff9700> CORE::BYTES::EDGES_STREAMED 6377226408
1463711964793	<INFO 7f42607f8700> CORE::BYTES::UPDATES_OUT 5460168304
1463711964796	<INFO 7f4261ffb700> CORE::BYTES::UPDATES_IN 2904755352
1463711964798	<INFO 7f42627fc700> CORE::BYTES::UPDATES_OUT 3534891096
1463711964801	<INFO 7f4260ff9700> CORE::BYTES::UPDATES_OUT 3526994896
1463711964803	<INFO 7f42607f8700> CORE::BYTES::UPDATES_IN 3883873304
1463711964805	<INFO 7f4260ff9700> CORE::BYTES::UPDATES_IN 2774196304
1463711964808	<INFO 7f42627fc700> CORE::BYTES::UPDATES_IN 2914353896
1463711964810	<INFO 7f4274ff4700> SLIPSTORE service is exiting
1463711964813	<INFO 7f4274ff4700> SLIPSTORE::HELP_OFFERS_RECVD 98
1463711964815	<INFO 7f4274ff4700> SLIPSTORE::HELP_OFFERS_ACCEPTED 0
1463711964818	<INFO 7f4274ff4700> SLIPSTORE::HELP_ACCEPTANCE_RATIO 0
1463711964820	<INFO 7f4274ff4700> SLIPSTORE::SERVER_BUSY_DISK  662.227 seconds
1463711964823	<INFO 7f4274ff4700> SLIPSTORE::SERVER_BUSY_MEM  0 seconds
1463711964825	<INFO 7f4274ff4700> SLIPSTORE::SERVER_TOTAL  1017.16 seconds
1463711964827	<INFO 7f608a1c5780> SLIPSTORE::CLIENT::DISK_READ_TIME  393.472 seconds
1463711964830	<INFO 7f608a1c5780> SLIPSTORE::CLIENT::MEM_READ_TIME  0 seconds
1463711964832	<INFO 7f608a1c5780> SLIPSTORE::CLIENT::DISK_BYTES_READ 88419807708
1463711964835	<INFO 7f608a1c5780> SLIPSTORE::CLIENT::MEM_BYTES_READ 0
1463711964838	<INFO 7f608a1c5780> SLIPSTORE::CLIENT::WRITE_TIME  149.293 seconds
1463711964840	<INFO 7f608a1c5780> SLIPSTORE::CLIENT::BYTES_WRITTEN 6039797760
1463711964843	<INFO 7f608a1c5780> SLIPSTORE::CLIENT_BUSY  542.766 seconds
1463711964845	<INFO 7f608a1c5780> SLIPSTORE::IO::TIME 418.48 seconds
1463711964848	<INFO 7f608a1c5780> SLIPSTORE::SNAP::TIME 0 seconds
1463711964850	<INFO 7f608a1c5780> SLIPSTORE::MAX_DISK_USAGE_BYTES 11062011244
1463711964934	<INFO 7f608a1c5780> CORE::RUSAGE::MAX_RSS_KB 125942624
1463711964936	<INFO 7f608a1c5780> CORE::RUSAGE::MINFLT 61845829
1463711964938	<INFO 7f608a1c5780> CORE::RUSAGE::MAJFLT 6
1463711964941	<INFO 7f608a1c5780> CORE::RUSAGE::MAJFLT 6
1463711964943	<INFO 7f608a1c5780> CORE::RUSAGE::INBLK 127457360
1463711964946	<INFO 7f608a1c5780> CORE::RUSAGE::OUBLK 73951192
1463711964948	<INFO 7f608a1c5780> CORE::UTILS::BYTES_READ 80411664244
1463711964951	<INFO 7f608a1c5780> CORE::UTILS::BYTES_WRITTEN 37858748268
1463711964953	<INFO 7f608a1c5780> CORE::UTILS::TILE_COPY_BYTES 8053063680
1463711964955	<INFO 7f608a1c5780> CORE::TIME::IO_WAIT 439.629 seconds
1463711964958	<INFO 7f608a1c5780> CORE::TIME_TILE_COPY 0 seconds
1463711964960	<INFO 7f608a1c5780> CORE::TIME_TILE_MERGE 0 seconds
1463711964963	<INFO 7f608a1c5780> CORE::TIME_PROCESSING_STOLEN 0 seconds
1463711964965	<INFO 7f608a1c5780> CORE::TIME_MERGE_WAIT 0 seconds
1463711964968	<INFO 7f608a1c5780> CORE::OTHER_TIME_ALL_MC_BARRIER 0 seconds
1463711964970	<INFO 7f608a1c5780> CORE::SCATTER_TIME_ALL_MC_BARRIER 303.006 seconds
1463711964972	<INFO 7f608a1c5780> CORE::GATHER_TIME_ALL_MC_BARRIER 53.7014 seconds
1463711964975	<INFO 7f608a1c5780> CORE::INIT_TIME_ALL_MC_BARRIER 1.71257 seconds
1463711964977	<INFO 7f608a1c5780> CORE::SHUT_DOWN_TIME_ALL_MC_BARRIER 0.003564 seconds
1463711964980	<INFO 7f608a1c5780> CORE::STREAM_SKIP_BEFORE_TIME_ALL_MC_BARRIER 1.94255 seconds
1463711964982	<INFO 7f608a1c5780> CORE::TAKE_CHECKPOINT_BEFORE_TIME_ALL_MC_BARRIER 0 seconds
1463711964985	<INFO 7f608a1c5780> CORE::TAKE_CHECKPOINT_COMPLETE_TIME_ALL_MC_BARRIER 0 seconds
1463711964987	<INFO 7f608a1c5780> CORE::METADATA_WRITE_COMPLETE_TIME_ALL_MC_BARRIER 0 seconds
1463711964990	<INFO 7f608a1c5780> CORE::STREAM_EOF_BEFORE_TIME_ALL_MC_BARRIER 0 seconds
1463711964992	<INFO 7f608a1c5780> CORE::STREAM_EOF_AFTER_TIME_ALL_MC_BARRIER 0 seconds
1463711964994	<INFO 7f608a1c5780> CORE::STATE_LOAD_TIME_ALL_MC_BARRIER 0 seconds
1463711964997	<INFO 7f608a1c5780> CORE::STATE_STORE_TIME_ALL_MC_BARRIER 0 seconds
1463711964999	<INFO 7f608a1c5780> CORE::WORK_STEALING_COST_GATHER 0 seconds
1463711965001	<INFO 7f608a1c5780> CORE::WORK_STEALING_COST_SCATTER 0 seconds
1463711965004	<INFO 7f608a1c5780> CORE::PHASES 7
1463711965006	<INFO 7f608a1c5780> CORE::TIME::SETUP 2.64917 seconds
1463711965009	<INFO 7f608a1c5780> CORE::TIME::INIT_PARTITIONS_TIME 78.0001 seconds
1463711965011	<INFO 7f608a1c5780> CORE::TIME::STATE_ITER 23.817 seconds
1463711965014	<INFO 7f608a1c5780> CORE::TIME::GATHER 222.159 seconds
1463711965016	<INFO 7f608a1c5780> CORE::TIME::SCATTER 692.277 seconds
1463711965018	<INFO 7f608a1c5780> CORE::TIME::WALL 1019.16 seconds
1463711965021	<INFO 7f608a1c5780> SHUTDOWN
