1457780926139	<INFO 7fecf55e1740> 2016-03-12 12:08:46 STARTUP
1457780926143	<INFO 7fecf55e1740> CORE::GRAPH rmat-28-und_s8
1457780926146	<INFO 7fecf55e1740> CORE::ALGORITHM bfs
1457780926151	<INFO 7fecf55e1740> CORE::VERTEX_STRIPING ON
1457780926154	<INFO 7fecf55e1740> 2016-03-12 12:08:46 Blocking memory amount 126701535232
1457781033598	<INFO 7fecf55e1740> 2016-03-12 12:10:33 Done blocking memory
1457781033601	<INFO 7fecf55e1740> SG-DRIVER-ORIGINAL
1457781033606	<INFO 7fecf55e1740> CORE::CONFIG::PROCESSORS 8
1457781033609	<INFO 7fecf55e1740> CORE::CONFIG::PHYSICAL_MEMORY 2147483648
1457781033613	<INFO 7fecf55e1740> CORE::CONFIG::VERTICES 268435456
1457781033617	<INFO 7fecf55e1740> CORE::CONFIG::VERTEX_SIZE 8
1457781033621	<INFO 7fecf55e1740> CORE::CONFIG::VERTEX_BUFFER 134217728
1457781033624	<INFO 7fecf55e1740> CORE::CONFIG::EDGES 1073741824
1457781033628	<INFO 7fecf55e1740> CORE::CONFIG::PARTITIONS 128
1457781033632	<INFO 7fecf55e1740> CORE::CONFIG::FANOUT 128
1457781033635	<INFO 7fecf55e1740> CORE::CONFIG::SUPER_PARTITIONS 16
1457781033639	<INFO 7fecf55e1740> CORE::CONFIG::TILES 1
1457781033643	<INFO 7fecf55e1740> CORE::CONFIG::BUFFER_SIZE 402651136
1457781033646	<INFO 7fecf55e1740> CORE::CONFIG::MAX_BUFFERS 4
1457781033650	<INFO 7fecf55e1740> CORE::CONFIG::MAX_STREAMS 4
1457781033654	<INFO 7fecf55e1740> SLIPSTREAM::EXT_MEM_SHUFFLE OFF
1457781036244	<INFO 7fecf55e1740> SLIPSTORE::ZMQ_THREADS 2
1457781036248	<INFO 7fecf55e1740> SLIPSTORE::COMM Connecting to tcp://dco-node137-10g:5016
1457781036252	<INFO 7fecf55e1740> SLIPSTORE::COMM Connecting to tcp://dco-node138-10g:5034
1457781036256	<INFO 7fecf55e1740> SLIPSTORE::COMM Connecting to tcp://dco-node139-10g:5052
1457781036260	<INFO 7fecf55e1740> SLIPSTORE::COMM Connecting to tcp://dco-node140-10g:5070
1457781036264	<INFO 7fecf55e1740> SLIPSTORE::COMM Connecting to tcp://dco-node141-10g:5088
1457781036267	<INFO 7fecf55e1740> SLIPSTORE::COMM Connecting to tcp://dco-node142-10g:5106
1457781036272	<INFO 7fecf55e1740> SLIPSTORE::COMM Connecting to tcp://dco-node143-10g:5124
1457781036276	<INFO 7fecf55e1740> SLIPSTORE::COMM Connecting to tcp://dco-node144-10g:5142
1457781036280	<INFO 7fecf55e1740> SLIPSTORE::COMM Listening at tcp://ens1f0:5080
1457781036284	<INFO 7fecf55e1740> SLIPSTORE::COMM Listening at tcp://ens1f0:5081
1457781036288	<INFO 7fecf55e1740> SLIPSTORE::COMM Listening at tcp://ens1f0:5082
1457781036292	<INFO 7fecf55e1740> SLIPSTORE::COMM Listening at tcp://ens1f0:5083
1457781036296	<INFO 7fecf55e1740> SLIPSTORE::COMM Listening at ipc://client
1457781036299	<INFO 7fecf55e1740> SLIPSTORE::COMM Listening at tcp://ens1f0:5085
1457781036303	<INFO 7fecf55e1740> SLIPSTORE::COMM Listening at tcp://ens1f0:5086
1457781036307	<INFO 7fecf55e1740> SLIPSTORE::COMM Listening at tcp://ens1f0:5087
1457781036311	<INFO 7fecf55e1740> SLIPSTORE::COMM Connecting to tcp://dco-node137-10g:5016
1457781036315	<INFO 7fecf55e1740> SLIPSTORE::COMM Connecting to tcp://dco-node138-10g:5034
1457781036318	<INFO 7fecf55e1740> SLIPSTORE::COMM Connecting to tcp://dco-node139-10g:5052
1457781036322	<INFO 7fecf55e1740> SLIPSTORE::COMM Connecting to tcp://dco-node140-10g:5070
1457781036326	<INFO 7fecf55e1740> SLIPSTORE::COMM Connecting to tcp://dco-node141-10g:5088
1457781036329	<INFO 7fecf55e1740> SLIPSTORE::COMM Connecting to tcp://dco-node142-10g:5106
1457781036333	<INFO 7fecf55e1740> SLIPSTORE::COMM Connecting to tcp://dco-node143-10g:5124
1457781036336	<INFO 7fecf55e1740> SLIPSTORE::COMM Connecting to tcp://dco-node144-10g:5142
1457781036340	<INFO 7fecf55e1740> SLIPSTORE::COMM Connecting to tcp://dco-node137-10g:5004
1457781036343	<INFO 7fecf55e1740> SLIPSTORE::COMM Connecting to tcp://dco-node138-10g:5022
1457781036346	<INFO 7fecf55e1740> SLIPSTORE::COMM Connecting to tcp://dco-node139-10g:5040
1457781036349	<INFO 7fecf55e1740> SLIPSTORE::COMM Connecting to tcp://dco-node140-10g:5058
1457781036353	<INFO 7fecf55e1740> SLIPSTORE::COMM Connecting to ipc://server
1457781036356	<INFO 7fecf55e1740> SLIPSTORE::COMM Connecting to tcp://dco-node142-10g:5094
1457781036359	<INFO 7fecf55e1740> SLIPSTORE::COMM Connecting to tcp://dco-node143-10g:5112
1457781036363	<INFO 7fecf55e1740> SLIPSTORE::COMM Connecting to tcp://dco-node144-10g:5130
1457781036366	<INFO 7fecf55e1740> SLIPSTORE::COMM Connecting to tcp://dco-node142-10g:5107
1457781036369	<INFO 7fecf55e1740> SLIPSTORE::COMM Listening at tcp://ens1f0:5089
1457781036372	<INFO 7fecf55e1740> SLIPSTORE::COMM Connecting to tcp://dco-node141-10g:5088
1457781036375	<INFO 7fecf55e1740> SLIPSTORE::HELP_POLICY NONE
1457781036378	<INFO 7fecf55e1740> SLIPSTORE::SERVER ASYNC
1457781036380	<INFO 7fecf55e1740> SLIPSTORE::MACHINES 8
1457781036383	<INFO 7fecf55e1740> SLIPSTORE::ME 4
1457781036386	<INFO 7fecf55e1740> SLIPSTORE::SLIPCHUNK 4194304
1457781036388	<INFO 7fecf55e1740> SLIPSTORE::QUOTA 18446744073709551615
1457781036391	<INFO 7fecf55e1740> SLIPSTORE::IO PAGECACHE
1457781036395	<INFO 7fced6ffb700> SLIPSTORE::COMM Listening at tcp://ens1f0:5088
1457781036398	<INFO 7fced6ffb700> SLIPSTORE::COMM Listening at tcp://ens1f0:5072
1457781036401	<INFO 7fced6ffb700> SLIPSTORE::COMM Connecting to tcp://dco-node137-10g:5012
1457781036403	<INFO 7fced6ffb700> SLIPSTORE::COMM Listening at tcp://ens1f0:5073
1457781036406	<INFO 7fced6ffb700> SLIPSTORE::COMM Connecting to tcp://dco-node138-10g:5030
1457781036409	<INFO 7fced6ffb700> SLIPSTORE::COMM Listening at tcp://ens1f0:5074
1457781036411	<INFO 7fced6ffb700> SLIPSTORE::COMM Connecting to tcp://dco-node139-10g:5048
1457781036414	<INFO 7fced6ffb700> SLIPSTORE::COMM Listening at tcp://ens1f0:5075
1457781036417	<INFO 7fced6ffb700> SLIPSTORE::COMM Connecting to tcp://dco-node140-10g:5066
1457781036420	<INFO 7fced6ffb700> SLIPSTORE::COMM Listening at ipc://server
1457781036423	<INFO 7fced6ffb700> SLIPSTORE::COMM Connecting to ipc://client
1457781036425	<INFO 7fced6ffb700> SLIPSTORE::COMM Listening at tcp://ens1f0:5077
1457781036428	<INFO 7fced6ffb700> SLIPSTORE::COMM Connecting to tcp://dco-node142-10g:5102
1457781036430	<INFO 7fced6ffb700> SLIPSTORE::COMM Listening at tcp://ens1f0:5078
1457781036433	<INFO 7fced6ffb700> SLIPSTORE::COMM Connecting to tcp://dco-node143-10g:5120
1457781036435	<INFO 7fced6ffb700> SLIPSTORE::COMM Listening at tcp://ens1f0:5079
1457781036437	<INFO 7fced6ffb700> SLIPSTORE::COMM Connecting to tcp://dco-node144-10g:5138
1457781037129	<INFO 7fecf55e1740> SLIPSTORE::CHECKPOINTS NONE FOUND
1457781185891	<INFO 7fecf55e1740> 2016-03-12 12:13:05 Completed init
1457781187078	<INFO 7fecf55e1740> 2016-03-12 12:13:07 Started gather
1457781187967	<INFO 7fecf55e1740> 2016-03-12 12:13:07 Completed gather
1457781187970	<INFO 7fecf55e1740> 2016-03-12 12:13:07 Started gather
1457781188855	<INFO 7fecf55e1740> 2016-03-12 12:13:08 Completed gather
1457781189013	<INFO 7fecf55e1740> 2016-03-12 12:13:09 Started scatter
1457781241283	<INFO 7fecf55e1740> 2016-03-12 12:14:01 Completed scatter
1457781241285	<INFO 7fecf55e1740> 2016-03-12 12:14:01 Started scatter
1457781253489	<INFO 7fecf55e1740> 2016-03-12 12:14:13 Completed scatter
1457781301239	<INFO 7fecf55e1740> 2016-03-12 12:15:01 Completed phase 1 Bytes read 26298468884 Bytes written 13418394308
1457781301277	<INFO 7fecf55e1740> 2016-03-12 12:15:01 Started gather
1457781302084	<INFO 7fecf55e1740> 2016-03-12 12:15:02 Completed gather
1457781302087	<INFO 7fecf55e1740> 2016-03-12 12:15:02 Started gather
1457781303922	<INFO 7fecf55e1740> 2016-03-12 12:15:03 Completed gather
1457781304136	<INFO 7fecf55e1740> 2016-03-12 12:15:04 Started scatter
1457781379700	<INFO 7fecf55e1740> 2016-03-12 12:16:19 Completed scatter
1457781379704	<INFO 7fecf55e1740> 2016-03-12 12:16:19 Started scatter
1457781403040	<INFO 7fecf55e1740> 2016-03-12 12:16:43 Completed scatter
1457781504052	<INFO 7fecf55e1740> 2016-03-12 12:18:24 Completed phase 2 Bytes read 39716863192 Bytes written 18341508956
1457781504094	<INFO 7fecf55e1740> 2016-03-12 12:18:24 Started gather
1457781523548	<INFO 7fecf55e1740> 2016-03-12 12:18:43 Completed gather
1457781523552	<INFO 7fecf55e1740> 2016-03-12 12:18:43 Started gather
1457781535433	<INFO 7fecf55e1740> 2016-03-12 12:18:55 Completed gather
1457781561270	<INFO 7fecf55e1740> 2016-03-12 12:19:21 Started scatter
1457781631086	<INFO 7fecf55e1740> 2016-03-12 12:20:31 Completed scatter
1457781631088	<INFO 7fecf55e1740> 2016-03-12 12:20:31 Started scatter
1457781655598	<INFO 7fecf55e1740> 2016-03-12 12:20:55 Completed scatter
1457781729894	<INFO 7fecf55e1740> 2016-03-12 12:22:09 Completed phase 3 Bytes read 57785109380 Bytes written 22353624644
1457781729934	<INFO 7fecf55e1740> 2016-03-12 12:22:09 Started gather
1457781747019	<INFO 7fecf55e1740> 2016-03-12 12:22:27 Completed gather
1457781747021	<INFO 7fecf55e1740> 2016-03-12 12:22:27 Started gather
1457781753389	<INFO 7fecf55e1740> 2016-03-12 12:22:33 Completed gather
1457781773857	<INFO 7fecf55e1740> 2016-03-12 12:22:53 Started scatter
1457781822215	<INFO 7fecf55e1740> 2016-03-12 12:23:42 Completed scatter
1457781822217	<INFO 7fecf55e1740> 2016-03-12 12:23:42 Started scatter
1457781835307	<INFO 7fecf55e1740> 2016-03-12 12:23:55 Completed scatter
1457781878990	<INFO 7fecf55e1740> 2016-03-12 12:24:38 Completed phase 4 Bytes read 74942356608 Bytes written 22642291188
1457781879029	<INFO 7fecf55e1740> 2016-03-12 12:24:39 Started gather
1457781879844	<INFO 7fecf55e1740> 2016-03-12 12:24:39 Completed gather
1457781879848	<INFO 7fecf55e1740> 2016-03-12 12:24:39 Started gather
1457781882285	<INFO 7fecf55e1740> 2016-03-12 12:24:42 Completed gather
1457781882589	<INFO 7fecf55e1740> 2016-03-12 12:24:42 Started scatter
1457781932025	<INFO 7fecf55e1740> 2016-03-12 12:25:32 Completed scatter
1457781932028	<INFO 7fecf55e1740> 2016-03-12 12:25:32 Started scatter
1457781944826	<INFO 7fecf55e1740> 2016-03-12 12:25:44 Completed scatter
1457781989950	<INFO 7fecf55e1740> 2016-03-12 12:26:29 Completed phase 5 Bytes read 88376154692 Bytes written 22910779956
1457781989990	<INFO 7fecf55e1740> 2016-03-12 12:26:29 Started gather
1457781990868	<INFO 7fecf55e1740> 2016-03-12 12:26:30 Completed gather
1457781990871	<INFO 7fecf55e1740> 2016-03-12 12:26:30 Started gather
1457781992924	<INFO 7fecf55e1740> 2016-03-12 12:26:32 Completed gather
1457781992986	<INFO 7fecf55e1740> 2016-03-12 12:26:32 Started scatter
1457782041999	<INFO 7fecf55e1740> 2016-03-12 12:27:21 Completed scatter
1457782042002	<INFO 7fecf55e1740> 2016-03-12 12:27:21 Started scatter
1457782055378	<INFO 7fecf55e1740> 2016-03-12 12:27:35 Completed scatter
1457782097547	<INFO 7fecf55e1740> 2016-03-12 12:28:17 Completed phase 6 Bytes read 101789775000 Bytes written 23179215516
1457782097588	<INFO 7fecf55e1740> 2016-03-12 12:28:17 Started gather
1457782098445	<INFO 7fecf55e1740> 2016-03-12 12:28:18 Completed gather
1457782098447	<INFO 7fecf55e1740> 2016-03-12 12:28:18 Started gather
1457782100888	<INFO 7fecf55e1740> 2016-03-12 12:28:20 Completed gather
1457782101047	<INFO 7fecf55e1740> 2016-03-12 12:28:21 Started scatter
1457782149810	<INFO 7fecf55e1740> 2016-03-12 12:29:09 Completed scatter
1457782149813	<INFO 7fecf55e1740> 2016-03-12 12:29:09 Started scatter
1457782163173	<INFO 7fecf55e1740> 2016-03-12 12:29:23 Completed scatter
1457782206289	<INFO 7fecf55e1740> 2016-03-12 12:30:06 Completed phase 7 Bytes read 115203342100 Bytes written 23447650972
1457782206291	<INFO 7fecf55e1740> ALGORITHM::BFS::VERTICES_DISCOVERED 17487636
1457782206293	<INFO 7fecf55e1740> ALGORITHM::BFS::EDGES_EXPLORED 1190770688
1457782206296	<INFO 7fecf55e1740> CORE::PARTITIONS_PROCESSED 280
1457782206298	<INFO 7fecf55e1740> CORE::BYTES::EDGES_STREAMED 14657486640
1457782206301	<INFO 7fecf55e1740> CORE::BYTES::UPDATES_OUT 1207132408
1457782206303	<INFO 7fecf55e1740> CORE::BYTES::UPDATES_IN 1412899208
1457782206305	<INFO 7fcecbfff700> CORE::PARTITIONS_PROCESSED 467
1457782206308	<INFO 7fcecbfff700> CORE::BYTES::EDGES_STREAMED 13960169400
1457782206310	<INFO 7fcecbfff700> CORE::BYTES::UPDATES_OUT 1433545560
1457782206312	<INFO 7fcecbfff700> CORE::BYTES::UPDATES_IN 1247873688
1457782206314	<INFO 7fced4ff7700> CORE::PARTITIONS_PROCESSED 624
1457782206317	<INFO 7fcecb7fe700> CORE::PARTITIONS_PROCESSED 582
1457782206319	<INFO 7fced5ff9700> CORE::PARTITIONS_PROCESSED 501
1457782206321	<INFO 7fced57f8700> CORE::PARTITIONS_PROCESSED 497
1457782206323	<INFO 7fceca7fc700> CORE::PARTITIONS_PROCESSED 695
1457782206326	<INFO 7fced57f8700> CORE::BYTES::EDGES_STREAMED 10488558588
1457782206328	<INFO 7fced5ff9700> CORE::BYTES::EDGES_STREAMED 11913071040
1457782206330	<INFO 7fced4ff7700> CORE::BYTES::EDGES_STREAMED 12906122880
1457782206332	<INFO 7fcecaffd700> CORE::PARTITIONS_PROCESSED 590
1457782206335	<INFO 7fcecb7fe700> CORE::BYTES::EDGES_STREAMED 11234986008
1457782206337	<INFO 7fced4ff7700> CORE::BYTES::UPDATES_OUT 1308990392
1457782206339	<INFO 7fceca7fc700> CORE::BYTES::EDGES_STREAMED 13820118900
1457782206342	<INFO 7fced57f8700> CORE::BYTES::UPDATES_OUT 1098517168
1457782206344	<INFO 7fcecaffd700> CORE::BYTES::EDGES_STREAMED 11045090964
1457782206346	<INFO 7fced4ff7700> CORE::BYTES::UPDATES_IN 1309439912
1457782206348	<INFO 7fced57f8700> CORE::BYTES::UPDATES_IN 930565320
1457782206351	<INFO 7fcecb7fe700> CORE::BYTES::UPDATES_OUT 1131842712
1457782206353	<INFO 7fcecaffd700> CORE::BYTES::UPDATES_OUT 1056246896
1457782206355	<INFO 7fced5ff9700> CORE::BYTES::UPDATES_OUT 1082575008
1457782206358	<INFO 7fceca7fc700> CORE::BYTES::UPDATES_OUT 1207315360
1457782206360	<INFO 7fcecaffd700> CORE::BYTES::UPDATES_IN 1015054600
1457782206362	<INFO 7fceca7fc700> CORE::BYTES::UPDATES_IN 1385003664
1457782206365	<INFO 7fcecb7fe700> CORE::BYTES::UPDATES_IN 1088898592
1457782206367	<INFO 7fced5ff9700> CORE::BYTES::UPDATES_IN 1136430520
1457782206369	<INFO 7fced6ffb700> SLIPSTORE service is exiting
1457782206371	<INFO 7fced6ffb700> SLIPSTORE::HELP_OFFERS_RECVD 196
1457782206374	<INFO 7fced6ffb700> SLIPSTORE::HELP_OFFERS_ACCEPTED 0
1457782206376	<INFO 7fced6ffb700> SLIPSTORE::HELP_ACCEPTANCE_RATIO 0
1457782206378	<INFO 7fced6ffb700> SLIPSTORE::SERVER_BUSY_DISK  829.168 seconds
1457782206381	<INFO 7fced6ffb700> SLIPSTORE::SERVER_BUSY_MEM  0 seconds
1457782206383	<INFO 7fced6ffb700> SLIPSTORE::SERVER_TOTAL  1170.02 seconds
1457782206385	<INFO 7fecf55e1740> SLIPSTORE::CLIENT::DISK_READ_TIME  597.684 seconds
1457782206388	<INFO 7fecf55e1740> SLIPSTORE::CLIENT::MEM_READ_TIME  0 seconds
1457782206390	<INFO 7fecf55e1740> SLIPSTORE::CLIENT::DISK_BYTES_READ 126291237096
1457782206392	<INFO 7fecf55e1740> SLIPSTORE::CLIENT::MEM_BYTES_READ 0
1457782206395	<INFO 7fecf55e1740> SLIPSTORE::CLIENT::WRITE_TIME  129.441 seconds
1457782206397	<INFO 7fecf55e1740> SLIPSTORE::CLIENT::BYTES_WRITTEN 2147483648
1457782206399	<INFO 7fecf55e1740> SLIPSTORE::CLIENT_BUSY  727.125 seconds
1457782206402	<INFO 7fecf55e1740> SLIPSTORE::IO::TIME 733.717 seconds
1457782206404	<INFO 7fecf55e1740> SLIPSTORE::SNAP::TIME 0 seconds
1457782206406	<INFO 7fecf55e1740> SLIPSTORE::MAX_DISK_USAGE_BYTES 17799810732
1457782206408	<INFO 7fecf55e1740> CORE::RUSAGE::MAX_RSS_KB 125954792
1457782206411	<INFO 7fecf55e1740> CORE::RUSAGE::MINFLT 34245537
1457782206413	<INFO 7fecf55e1740> CORE::RUSAGE::MAJFLT 5
1457782206415	<INFO 7fecf55e1740> CORE::RUSAGE::MAJFLT 5
1457782206418	<INFO 7fecf55e1740> CORE::RUSAGE::INBLK 217042320
1457782206420	<INFO 7fecf55e1740> CORE::RUSAGE::OUBLK 45801928
1457782206422	<INFO 7fecf55e1740> CORE::UTILS::BYTES_READ 115203342100
1457782206425	<INFO 7fecf55e1740> CORE::UTILS::BYTES_WRITTEN 23447650972
1457782206427	<INFO 7fecf55e1740> CORE::UTILS::TILE_COPY_BYTES 3758096384
1457782206429	<INFO 7fecf55e1740> CORE::TIME::IO_WAIT 654.269 seconds
1457782206432	<INFO 7fecf55e1740> CORE::TIME_TILE_COPY 0 seconds
1457782206434	<INFO 7fecf55e1740> CORE::TIME_TILE_MERGE 0 seconds
1457782206436	<INFO 7fecf55e1740> CORE::TIME_PROCESSING_STOLEN 0 seconds
1457782206438	<INFO 7fecf55e1740> CORE::TIME_MERGE_WAIT 0 seconds
1457782206441	<INFO 7fecf55e1740> CORE::TIME_ALL_MC_BARRIER 396.246 seconds
1457782206443	<INFO 7fecf55e1740> CORE::PHASES 7
1457782206445	<INFO 7fecf55e1740> CORE::TIME::SETUP 3.54333 seconds
1457782206448	<INFO 7fecf55e1740> CORE::TIME::WALL 1172.71 seconds
1457782206450	<INFO 7fecf55e1740> SHUTDOWN
