1464008632392	<INFO 7fd57abc4780> 2016-05-23 15:03:52 STARTUP
1464008632395	<INFO 7fd57abc4780> CORE::GRAPH rmat-28-und_s8
1464008632397	<INFO 7fd57abc4780> CORE::ALGORITHM bfs
1464008632399	<INFO 7fd57abc4780> CORE::VERTEX_STRIPING OFF
1464008632402	<INFO 7fd57abc4780> CORE::OPTIMIZED_STATE_LOAD_STORE OFF
1464008632404	<INFO 7fd57abc4780> CORE::BINARY_SEARCH_SUPER_PARTITION ON
1464008632407	<INFO 7fd57abc4780> CORE::SUPER_PARTITION_COMPUTED_FOR_EACH_SCATTER_GATHER_PHASE
1464008632409	<INFO 7fd57abc4780> CORE::BATCH IO OFF
1464008632412	<INFO 7fd57abc4780> CORE::GRID_PARTITIONING ON
1464008632414	<INFO 7fd57abc4780> 2016-05-23 15:03:52 Blocking memory amount 126701535232
1464008739823	<INFO 7fd57abc4780> 2016-05-23 15:05:39 Done blocking memory
1464008739826	<INFO 7fd57abc4780> SG-DRIVER-ORIGINAL
1464008739829	<INFO 7fd57abc4780> 2016-05-23 15:05:39 START read config parameters
1464008739832	<INFO 7fd57abc4780> PARTITIONING::OLD 0
1464008739835	<INFO 7fd57abc4780> PARTITIONING::BALANCED_PARTITIONS 0
1464008739837	<INFO 7fd57abc4780> CORE::CONFIG::PROCESSORS 8
1464008739840	<INFO 7fd57abc4780> CORE::CONFIG::PHYSICAL_MEMORY 2147483648
1464008739842	<INFO 7fd57abc4780> CORE::CONFIG::VERTICES 268435456
1464008739845	<INFO 7fd57abc4780> CORE::CONFIG::VERTEX_SIZE 8
1464008739847	<INFO 7fd57abc4780> CORE::CONFIG::VERTEX_BUFFER 922066808
1464008739850	<INFO 7fd57abc4780> CORE::CONFIG::EDGES 1073741824
1464008739852	<INFO 7fd57abc4780> CORE::CONFIG::PARTITIONS 64
1464008739854	<INFO 7fd57abc4780> CORE::CONFIG::FANOUT 64
1464008739857	<INFO 7fd57abc4780> CORE::CONFIG::SUPER_PARTITIONS 64
1464008739859	<INFO 7fd57abc4780> CORE::CONFIG::MACHINE_ID 1
1464008739861	<INFO 7fd57abc4780> CORE::CONFIG::TILES 1
1464008739864	<INFO 7fd57abc4780> CORE::CONFIG::BUFFER_SIZE 245082241
1464008739866	<INFO 7fd57abc4780> CORE::CONFIG::MAX_BUFFERS 4
1464008739869	<INFO 7fd57abc4780> CORE::CONFIG::MAX_STREAMS 4
1464008739871	<INFO 7fd57abc4780> CORE::CONFIG::SUM_OF_OUT_DEGREES_FOR_NEW_PARTITIONS::FIRST_CONSTRAINT 0
1464008739873	<INFO 7fd57abc4780> CORE::CONFIG::MAX_EDGES_PER_NEW_PARTITION::SECOND_CONSTRAINT 0
1464008739876	<INFO 7fd57abc4780> SLIPSTREAM::EXT_MEM_SHUFFLE OFF
1464008739878	<INFO 7fd57abc4780> 2016-05-23 15:05:39 END read config parameters
1464008741704	<WARNING 7fd57abc4780> Unable to unlink file (stream.0.0.0):No such file or directory
1464008741707	<WARNING 7fd57abc4780> Unable to unlink file (stream.0.1.0):No such file or directory
1464008741710	<WARNING 7fd57abc4780> Unable to unlink file (stream.0.2.0):No such file or directory
1464008741712	<WARNING 7fd57abc4780> Unable to unlink file (stream.0.3.0):No such file or directory
1464008741715	<WARNING 7fd57abc4780> Unable to unlink file (stream.0.4.0):No such file or directory
1464008741718	<WARNING 7fd57abc4780> Unable to unlink file (stream.0.5.0):No such file or directory
1464008741720	<WARNING 7fd57abc4780> Unable to unlink file (stream.0.6.0):No such file or directory
1464008741722	<WARNING 7fd57abc4780> Unable to unlink file (stream.0.7.0):No such file or directory
1464008741725	<WARNING 7fd57abc4780> Unable to unlink file (stream.0.8.0):No such file or directory
1464008741728	<WARNING 7fd57abc4780> Unable to unlink file (stream.0.9.0):No such file or directory
1464008741730	<WARNING 7fd57abc4780> Unable to unlink file (stream.0.10.0):No such file or directory
1464008741732	<WARNING 7fd57abc4780> Unable to unlink file (stream.0.11.0):No such file or directory
1464008741735	<WARNING 7fd57abc4780> Unable to unlink file (stream.0.12.0):No such file or directory
1464008741741	<WARNING 7fd57abc4780> Unable to unlink file (stream.0.13.0):No such file or directory
1464008741743	<WARNING 7fd57abc4780> Unable to unlink file (stream.0.14.0):No such file or directory
1464008741746	<WARNING 7fd57abc4780> Unable to unlink file (stream.0.15.0):No such file or directory
1464008741748	<WARNING 7fd57abc4780> Unable to unlink file (stream.0.16.0):No such file or directory
1464008741752	<WARNING 7fd57abc4780> Unable to unlink file (stream.0.17.0):No such file or directory
1464008741754	<WARNING 7fd57abc4780> Unable to unlink file (stream.0.18.0):No such file or directory
1464008741757	<WARNING 7fd57abc4780> Unable to unlink file (stream.0.19.0):No such file or directory
1464008741761	<WARNING 7fd57abc4780> Unable to unlink file (stream.0.20.0):No such file or directory
1464008741763	<WARNING 7fd57abc4780> Unable to unlink file (stream.0.21.0):No such file or directory
1464008741765	<WARNING 7fd57abc4780> Unable to unlink file (stream.0.22.0):No such file or directory
1464008741770	<WARNING 7fd57abc4780> Unable to unlink file (stream.0.23.0):No such file or directory
1464008741773	<WARNING 7fd57abc4780> Unable to unlink file (stream.0.24.0):No such file or directory
1464008741818	<WARNING 7fd57abc4780> Unable to unlink file (stream.0.25.0):No such file or directory
1464008741866	<WARNING 7fd57abc4780> Unable to unlink file (stream.0.26.0):No such file or directory
1464008741902	<WARNING 7fd57abc4780> Unable to unlink file (stream.0.27.0):No such file or directory
1464008741942	<WARNING 7fd57abc4780> Unable to unlink file (stream.0.28.0):No such file or directory
1464008741998	<WARNING 7fd57abc4780> Unable to unlink file (stream.0.29.0):No such file or directory
1464008742030	<WARNING 7fd57abc4780> Unable to unlink file (stream.0.30.0):No such file or directory
1464008742059	<WARNING 7fd57abc4780> Unable to unlink file (stream.0.31.0):No such file or directory
1464008742102	<WARNING 7fd57abc4780> Unable to unlink file (stream.0.32.0):No such file or directory
1464008742134	<WARNING 7fd57abc4780> Unable to unlink file (stream.0.33.0):No such file or directory
1464008742178	<WARNING 7fd57abc4780> Unable to unlink file (stream.0.34.0):No such file or directory
1464008742218	<WARNING 7fd57abc4780> Unable to unlink file (stream.0.35.0):No such file or directory
1464008742234	<WARNING 7fd57abc4780> Unable to unlink file (stream.0.36.0):No such file or directory
1464008742278	<WARNING 7fd57abc4780> Unable to unlink file (stream.0.37.0):No such file or directory
1464008742283	<WARNING 7fd57abc4780> Unable to unlink file (stream.0.38.0):No such file or directory
1464008742310	<WARNING 7fd57abc4780> Unable to unlink file (stream.0.39.0):No such file or directory
1464008742351	<WARNING 7fd57abc4780> Unable to unlink file (stream.0.40.0):No such file or directory
1464008742378	<WARNING 7fd57abc4780> Unable to unlink file (stream.0.41.0):No such file or directory
1464008742430	<WARNING 7fd57abc4780> Unable to unlink file (stream.0.42.0):No such file or directory
1464008742458	<WARNING 7fd57abc4780> Unable to unlink file (stream.0.43.0):No such file or directory
1464008742506	<WARNING 7fd57abc4780> Unable to unlink file (stream.0.44.0):No such file or directory
1464008742550	<WARNING 7fd57abc4780> Unable to unlink file (stream.0.45.0):No such file or directory
1464008742614	<WARNING 7fd57abc4780> Unable to unlink file (stream.0.46.0):No such file or directory
1464008742643	<WARNING 7fd57abc4780> Unable to unlink file (stream.0.47.0):No such file or directory
1464008742694	<WARNING 7fd57abc4780> Unable to unlink file (stream.0.48.0):No such file or directory
1464008742726	<WARNING 7fd57abc4780> Unable to unlink file (stream.0.49.0):No such file or directory
1464008742758	<WARNING 7fd57abc4780> Unable to unlink file (stream.0.50.0):No such file or directory
1464008742802	<WARNING 7fd57abc4780> Unable to unlink file (stream.0.51.0):No such file or directory
1464008742838	<WARNING 7fd57abc4780> Unable to unlink file (stream.0.52.0):No such file or directory
1464008742902	<WARNING 7fd57abc4780> Unable to unlink file (stream.0.53.0):No such file or directory
1464008742942	<WARNING 7fd57abc4780> Unable to unlink file (stream.0.54.0):No such file or directory
1464008742986	<WARNING 7fd57abc4780> Unable to unlink file (stream.0.55.0):No such file or directory
1464008743034	<WARNING 7fd57abc4780> Unable to unlink file (stream.0.56.0):No such file or directory
1464008743059	<WARNING 7fd57abc4780> Unable to unlink file (stream.0.57.0):No such file or directory
1464008743102	<WARNING 7fd57abc4780> Unable to unlink file (stream.0.58.0):No such file or directory
1464008743130	<WARNING 7fd57abc4780> Unable to unlink file (stream.0.59.0):No such file or directory
1464008743186	<WARNING 7fd57abc4780> Unable to unlink file (stream.0.60.0):No such file or directory
1464008743234	<WARNING 7fd57abc4780> Unable to unlink file (stream.0.61.0):No such file or directory
1464008743266	<WARNING 7fd57abc4780> Unable to unlink file (stream.0.62.0):No such file or directory
1464008743306	<WARNING 7fd57abc4780> Unable to unlink file (stream.0.63.0):No such file or directory
1464008743343	<WARNING 7fd57abc4780> Unable to unlink file (stream.1.1.0):No such file or directory
1464008743390	<WARNING 7fd57abc4780> Unable to unlink file (stream.1.2.0):No such file or directory
1464008743442	<WARNING 7fd57abc4780> Unable to unlink file (stream.1.3.0):No such file or directory
1464008743495	<WARNING 7fd57abc4780> Unable to unlink file (stream.1.4.0):No such file or directory
1464008743530	<WARNING 7fd57abc4780> Unable to unlink file (stream.1.5.0):No such file or directory
1464008743566	<WARNING 7fd57abc4780> Unable to unlink file (stream.1.6.0):No such file or directory
1464008743611	<WARNING 7fd57abc4780> Unable to unlink file (stream.1.7.0):No such file or directory
1464008743643	<WARNING 7fd57abc4780> Unable to unlink file (stream.1.8.0):No such file or directory
1464008743698	<WARNING 7fd57abc4780> Unable to unlink file (stream.1.9.0):No such file or directory
1464008743742	<WARNING 7fd57abc4780> Unable to unlink file (stream.1.10.0):No such file or directory
1464008743759	<WARNING 7fd57abc4780> Unable to unlink file (stream.1.11.0):No such file or directory
1464008743810	<WARNING 7fd57abc4780> Unable to unlink file (stream.1.12.0):No such file or directory
1464008743863	<WARNING 7fd57abc4780> Unable to unlink file (stream.1.13.0):No such file or directory
1464008743930	<WARNING 7fd57abc4780> Unable to unlink file (stream.1.14.0):No such file or directory
1464008743975	<WARNING 7fd57abc4780> Unable to unlink file (stream.1.15.0):No such file or directory
1464008744019	<WARNING 7fd57abc4780> Unable to unlink file (stream.1.16.0):No such file or directory
1464008744051	<WARNING 7fd57abc4780> Unable to unlink file (stream.1.17.0):No such file or directory
1464008744086	<WARNING 7fd57abc4780> Unable to unlink file (stream.1.18.0):No such file or directory
1464008744114	<WARNING 7fd57abc4780> Unable to unlink file (stream.1.19.0):No such file or directory
1464008744178	<WARNING 7fd57abc4780> Unable to unlink file (stream.1.20.0):No such file or directory
1464008744203	<WARNING 7fd57abc4780> Unable to unlink file (stream.1.21.0):No such file or directory
1464008744235	<WARNING 7fd57abc4780> Unable to unlink file (stream.1.22.0):No such file or directory
1464008744270	<WARNING 7fd57abc4780> Unable to unlink file (stream.1.23.0):No such file or directory
1464008744307	<WARNING 7fd57abc4780> Unable to unlink file (stream.1.24.0):No such file or directory
1464008744338	<WARNING 7fd57abc4780> Unable to unlink file (stream.1.25.0):No such file or directory
1464008744375	<WARNING 7fd57abc4780> Unable to unlink file (stream.1.26.0):No such file or directory
1464008744402	<WARNING 7fd57abc4780> Unable to unlink file (stream.1.27.0):No such file or directory
1464008744454	<WARNING 7fd57abc4780> Unable to unlink file (stream.1.28.0):No such file or directory
1464008744486	<WARNING 7fd57abc4780> Unable to unlink file (stream.1.29.0):No such file or directory
1464008744515	<WARNING 7fd57abc4780> Unable to unlink file (stream.1.30.0):No such file or directory
1464008744543	<WARNING 7fd57abc4780> Unable to unlink file (stream.1.31.0):No such file or directory
1464008744574	<WARNING 7fd57abc4780> Unable to unlink file (stream.1.32.0):No such file or directory
1464008744618	<WARNING 7fd57abc4780> Unable to unlink file (stream.1.33.0):No such file or directory
1464008744658	<WARNING 7fd57abc4780> Unable to unlink file (stream.1.34.0):No such file or directory
1464008744714	<WARNING 7fd57abc4780> Unable to unlink file (stream.1.35.0):No such file or directory
1464008744758	<WARNING 7fd57abc4780> Unable to unlink file (stream.1.36.0):No such file or directory
1464008744822	<WARNING 7fd57abc4780> Unable to unlink file (stream.1.37.0):No such file or directory
1464008744858	<WARNING 7fd57abc4780> Unable to unlink file (stream.1.38.0):No such file or directory
1464008744894	<WARNING 7fd57abc4780> Unable to unlink file (stream.1.39.0):No such file or directory
1464008744950	<WARNING 7fd57abc4780> Unable to unlink file (stream.1.40.0):No such file or directory
1464008744983	<WARNING 7fd57abc4780> Unable to unlink file (stream.1.41.0):No such file or directory
1464008745038	<WARNING 7fd57abc4780> Unable to unlink file (stream.1.42.0):No such file or directory
1464008745062	<WARNING 7fd57abc4780> Unable to unlink file (stream.1.43.0):No such file or directory
1464008745118	<WARNING 7fd57abc4780> Unable to unlink file (stream.1.44.0):No such file or directory
1464008745158	<WARNING 7fd57abc4780> Unable to unlink file (stream.1.45.0):No such file or directory
1464008745202	<WARNING 7fd57abc4780> Unable to unlink file (stream.1.46.0):No such file or directory
1464008745230	<WARNING 7fd57abc4780> Unable to unlink file (stream.1.47.0):No such file or directory
1464008745274	<WARNING 7fd57abc4780> Unable to unlink file (stream.1.48.0):No such file or directory
1464008745326	<WARNING 7fd57abc4780> Unable to unlink file (stream.1.49.0):No such file or directory
1464008745358	<WARNING 7fd57abc4780> Unable to unlink file (stream.1.50.0):No such file or directory
1464008745402	<WARNING 7fd57abc4780> Unable to unlink file (stream.1.51.0):No such file or directory
1464008745446	<WARNING 7fd57abc4780> Unable to unlink file (stream.1.52.0):No such file or directory
1464008745474	<WARNING 7fd57abc4780> Unable to unlink file (stream.1.53.0):No such file or directory
1464008745519	<WARNING 7fd57abc4780> Unable to unlink file (stream.1.54.0):No such file or directory
1464008745550	<WARNING 7fd57abc4780> Unable to unlink file (stream.1.55.0):No such file or directory
1464008745586	<WARNING 7fd57abc4780> Unable to unlink file (stream.1.56.0):No such file or directory
1464008745630	<WARNING 7fd57abc4780> Unable to unlink file (stream.1.57.0):No such file or directory
1464008745666	<WARNING 7fd57abc4780> Unable to unlink file (stream.1.58.0):No such file or directory
1464008745706	<WARNING 7fd57abc4780> Unable to unlink file (stream.1.59.0):No such file or directory
1464008745755	<WARNING 7fd57abc4780> Unable to unlink file (stream.1.60.0):No such file or directory
1464008745794	<WARNING 7fd57abc4780> Unable to unlink file (stream.1.61.0):No such file or directory
1464008745846	<WARNING 7fd57abc4780> Unable to unlink file (stream.1.62.0):No such file or directory
1464008745883	<WARNING 7fd57abc4780> Unable to unlink file (stream.1.63.0):No such file or directory
1464008745927	<WARNING 7fd57abc4780> Unable to unlink file (stream.2.0.0):No such file or directory
1464008745957	<WARNING 7fd57abc4780> Unable to unlink file (stream.2.1.0):No such file or directory
1464008745982	<WARNING 7fd57abc4780> Unable to unlink file (stream.2.2.0):No such file or directory
1464008746022	<WARNING 7fd57abc4780> Unable to unlink file (stream.2.3.0):No such file or directory
1464008746051	<WARNING 7fd57abc4780> Unable to unlink file (stream.2.4.0):No such file or directory
1464008746078	<WARNING 7fd57abc4780> Unable to unlink file (stream.2.5.0):No such file or directory
1464008746106	<WARNING 7fd57abc4780> Unable to unlink file (stream.2.6.0):No such file or directory
1464008746150	<WARNING 7fd57abc4780> Unable to unlink file (stream.2.7.0):No such file or directory
1464008746186	<WARNING 7fd57abc4780> Unable to unlink file (stream.2.8.0):No such file or directory
1464008746234	<WARNING 7fd57abc4780> Unable to unlink file (stream.2.9.0):No such file or directory
1464008746294	<WARNING 7fd57abc4780> Unable to unlink file (stream.2.10.0):No such file or directory
1464008746314	<WARNING 7fd57abc4780> Unable to unlink file (stream.2.11.0):No such file or directory
1464008746351	<WARNING 7fd57abc4780> Unable to unlink file (stream.2.12.0):No such file or directory
1464008746382	<WARNING 7fd57abc4780> Unable to unlink file (stream.2.13.0):No such file or directory
1464008746399	<WARNING 7fd57abc4780> Unable to unlink file (stream.2.14.0):No such file or directory
1464008746402	<WARNING 7fd57abc4780> Unable to unlink file (stream.2.15.0):No such file or directory
1464008746404	<WARNING 7fd57abc4780> Unable to unlink file (stream.2.16.0):No such file or directory
1464008746430	<WARNING 7fd57abc4780> Unable to unlink file (stream.2.17.0):No such file or directory
1464008746459	<WARNING 7fd57abc4780> Unable to unlink file (stream.2.18.0):No such file or directory
1464008746487	<WARNING 7fd57abc4780> Unable to unlink file (stream.2.19.0):No such file or directory
1464008746514	<WARNING 7fd57abc4780> Unable to unlink file (stream.2.20.0):No such file or directory
1464008746558	<WARNING 7fd57abc4780> Unable to unlink file (stream.2.21.0):No such file or directory
1464008746602	<WARNING 7fd57abc4780> Unable to unlink file (stream.2.22.0):No such file or directory
1464008746638	<WARNING 7fd57abc4780> Unable to unlink file (stream.2.23.0):No such file or directory
1464008746670	<WARNING 7fd57abc4780> Unable to unlink file (stream.2.24.0):No such file or directory
1464008746710	<WARNING 7fd57abc4780> Unable to unlink file (stream.2.25.0):No such file or directory
1464008746750	<WARNING 7fd57abc4780> Unable to unlink file (stream.2.26.0):No such file or directory
1464008746778	<WARNING 7fd57abc4780> Unable to unlink file (stream.2.27.0):No such file or directory
1464008746826	<WARNING 7fd57abc4780> Unable to unlink file (stream.2.28.0):No such file or directory
1464008746848	<WARNING 7fd57abc4780> Unable to unlink file (stream.2.29.0):No such file or directory
1464008746894	<WARNING 7fd57abc4780> Unable to unlink file (stream.2.30.0):No such file or directory
1464008746946	<WARNING 7fd57abc4780> Unable to unlink file (stream.2.31.0):No such file or directory
1464008746978	<WARNING 7fd57abc4780> Unable to unlink file (stream.2.32.0):No such file or directory
1464008747022	<WARNING 7fd57abc4780> Unable to unlink file (stream.2.33.0):No such file or directory
1464008747054	<WARNING 7fd57abc4780> Unable to unlink file (stream.2.34.0):No such file or directory
1464008747098	<WARNING 7fd57abc4780> Unable to unlink file (stream.2.35.0):No such file or directory
1464008747138	<WARNING 7fd57abc4780> Unable to unlink file (stream.2.36.0):No such file or directory
1464008747186	<WARNING 7fd57abc4780> Unable to unlink file (stream.2.37.0):No such file or directory
1464008747219	<WARNING 7fd57abc4780> Unable to unlink file (stream.2.38.0):No such file or directory
1464008747263	<WARNING 7fd57abc4780> Unable to unlink file (stream.2.39.0):No such file or directory
1464008747288	<WARNING 7fd57abc4780> Unable to unlink file (stream.2.40.0):No such file or directory
1464008747344	<WARNING 7fd57abc4780> Unable to unlink file (stream.2.41.0):No such file or directory
1464008747370	<WARNING 7fd57abc4780> Unable to unlink file (stream.2.42.0):No such file or directory
1464008747418	<WARNING 7fd57abc4780> Unable to unlink file (stream.2.43.0):No such file or directory
1464008747474	<WARNING 7fd57abc4780> Unable to unlink file (stream.2.44.0):No such file or directory
1464008747510	<WARNING 7fd57abc4780> Unable to unlink file (stream.2.45.0):No such file or directory
1464008747551	<WARNING 7fd57abc4780> Unable to unlink file (stream.2.46.0):No such file or directory
1464008747571	<WARNING 7fd57abc4780> Unable to unlink file (stream.2.47.0):No such file or directory
1464008747598	<WARNING 7fd57abc4780> Unable to unlink file (stream.2.48.0):No such file or directory
1464008747631	<WARNING 7fd57abc4780> Unable to unlink file (stream.2.49.0):No such file or directory
1464008747670	<WARNING 7fd57abc4780> Unable to unlink file (stream.2.50.0):No such file or directory
1464008747711	<WARNING 7fd57abc4780> Unable to unlink file (stream.2.51.0):No such file or directory
1464008747750	<WARNING 7fd57abc4780> Unable to unlink file (stream.2.52.0):No such file or directory
1464008747794	<WARNING 7fd57abc4780> Unable to unlink file (stream.2.53.0):No such file or directory
1464008747851	<WARNING 7fd57abc4780> Unable to unlink file (stream.2.54.0):No such file or directory
1464008747878	<WARNING 7fd57abc4780> Unable to unlink file (stream.2.55.0):No such file or directory
1464008747918	<WARNING 7fd57abc4780> Unable to unlink file (stream.2.56.0):No such file or directory
1464008747962	<WARNING 7fd57abc4780> Unable to unlink file (stream.2.57.0):No such file or directory
1464008748006	<WARNING 7fd57abc4780> Unable to unlink file (stream.2.58.0):No such file or directory
1464008748062	<WARNING 7fd57abc4780> Unable to unlink file (stream.2.59.0):No such file or directory
1464008748122	<WARNING 7fd57abc4780> Unable to unlink file (stream.2.60.0):No such file or directory
1464008748155	<WARNING 7fd57abc4780> Unable to unlink file (stream.2.61.0):No such file or directory
1464008748234	<WARNING 7fd57abc4780> Unable to unlink file (stream.2.62.0):No such file or directory
1464008748282	<WARNING 7fd57abc4780> Unable to unlink file (stream.2.63.0):No such file or directory
1464008748311	<WARNING 7fd57abc4780> Unable to unlink file (stream.3.0.0):No such file or directory
1464008748370	<WARNING 7fd57abc4780> Unable to unlink file (stream.3.1.0):No such file or directory
1464008748403	<WARNING 7fd57abc4780> Unable to unlink file (stream.3.2.0):No such file or directory
1464008748434	<WARNING 7fd57abc4780> Unable to unlink file (stream.3.3.0):No such file or directory
1464008748494	<WARNING 7fd57abc4780> Unable to unlink file (stream.3.4.0):No such file or directory
1464008748526	<WARNING 7fd57abc4780> Unable to unlink file (stream.3.5.0):No such file or directory
1464008748574	<WARNING 7fd57abc4780> Unable to unlink file (stream.3.6.0):No such file or directory
1464008748614	<WARNING 7fd57abc4780> Unable to unlink file (stream.3.7.0):No such file or directory
1464008748654	<WARNING 7fd57abc4780> Unable to unlink file (stream.3.8.0):No such file or directory
1464008748698	<WARNING 7fd57abc4780> Unable to unlink file (stream.3.9.0):No such file or directory
1464008748743	<WARNING 7fd57abc4780> Unable to unlink file (stream.3.10.0):No such file or directory
1464008748774	<WARNING 7fd57abc4780> Unable to unlink file (stream.3.11.0):No such file or directory
1464008748810	<WARNING 7fd57abc4780> Unable to unlink file (stream.3.12.0):No such file or directory
1464008748854	<WARNING 7fd57abc4780> Unable to unlink file (stream.3.13.0):No such file or directory
1464008748902	<WARNING 7fd57abc4780> Unable to unlink file (stream.3.14.0):No such file or directory
1464008748942	<WARNING 7fd57abc4780> Unable to unlink file (stream.3.15.0):No such file or directory
1464008748990	<WARNING 7fd57abc4780> Unable to unlink file (stream.3.16.0):No such file or directory
1464008749010	<WARNING 7fd57abc4780> Unable to unlink file (stream.3.17.0):No such file or directory
1464008749034	<WARNING 7fd57abc4780> Unable to unlink file (stream.3.18.0):No such file or directory
1464008749074	<WARNING 7fd57abc4780> Unable to unlink file (stream.3.19.0):No such file or directory
1464008749094	<WARNING 7fd57abc4780> Unable to unlink file (stream.3.20.0):No such file or directory
1464008749126	<WARNING 7fd57abc4780> Unable to unlink file (stream.3.21.0):No such file or directory
1464008749174	<WARNING 7fd57abc4780> Unable to unlink file (stream.3.22.0):No such file or directory
1464008749210	<WARNING 7fd57abc4780> Unable to unlink file (stream.3.23.0):No such file or directory
1464008749228	<WARNING 7fd57abc4780> Unable to unlink file (stream.3.24.0):No such file or directory
1464008749274	<WARNING 7fd57abc4780> Unable to unlink file (stream.3.25.0):No such file or directory
1464008749306	<WARNING 7fd57abc4780> Unable to unlink file (stream.3.26.0):No such file or directory
1464008749354	<WARNING 7fd57abc4780> Unable to unlink file (stream.3.27.0):No such file or directory
1464008749383	<WARNING 7fd57abc4780> Unable to unlink file (stream.3.28.0):No such file or directory
1464008749418	<WARNING 7fd57abc4780> Unable to unlink file (stream.3.29.0):No such file or directory
1464008749484	<WARNING 7fd57abc4780> Unable to unlink file (stream.3.30.0):No such file or directory
1464008749522	<WARNING 7fd57abc4780> Unable to unlink file (stream.3.31.0):No such file or directory
1464008749550	<WARNING 7fd57abc4780> Unable to unlink file (stream.3.32.0):No such file or directory
1464008749612	<WARNING 7fd57abc4780> Unable to unlink file (stream.3.33.0):No such file or directory
1464008749646	<WARNING 7fd57abc4780> Unable to unlink file (stream.3.34.0):No such file or directory
1464008749672	<WARNING 7fd57abc4780> Unable to unlink file (stream.3.35.0):No such file or directory
1464008749723	<WARNING 7fd57abc4780> Unable to unlink file (stream.3.36.0):No such file or directory
1464008749758	<WARNING 7fd57abc4780> Unable to unlink file (stream.3.37.0):No such file or directory
1464008749794	<WARNING 7fd57abc4780> Unable to unlink file (stream.3.38.0):No such file or directory
1464008749830	<WARNING 7fd57abc4780> Unable to unlink file (stream.3.39.0):No such file or directory
1464008749862	<WARNING 7fd57abc4780> Unable to unlink file (stream.3.40.0):No such file or directory
1464008749898	<WARNING 7fd57abc4780> Unable to unlink file (stream.3.41.0):No such file or directory
1464008749930	<WARNING 7fd57abc4780> Unable to unlink file (stream.3.42.0):No such file or directory
1464008749970	<WARNING 7fd57abc4780> Unable to unlink file (stream.3.43.0):No such file or directory
1464008750002	<WARNING 7fd57abc4780> Unable to unlink file (stream.3.44.0):No such file or directory
1464008750034	<WARNING 7fd57abc4780> Unable to unlink file (stream.3.45.0):No such file or directory
1464008750090	<WARNING 7fd57abc4780> Unable to unlink file (stream.3.46.0):No such file or directory
1464008750114	<WARNING 7fd57abc4780> Unable to unlink file (stream.3.47.0):No such file or directory
1464008750162	<WARNING 7fd57abc4780> Unable to unlink file (stream.3.48.0):No such file or directory
1464008750210	<WARNING 7fd57abc4780> Unable to unlink file (stream.3.49.0):No such file or directory
1464008750226	<WARNING 7fd57abc4780> Unable to unlink file (stream.3.50.0):No such file or directory
1464008750250	<WARNING 7fd57abc4780> Unable to unlink file (stream.3.51.0):No such file or directory
1464008750278	<WARNING 7fd57abc4780> Unable to unlink file (stream.3.52.0):No such file or directory
1464008750322	<WARNING 7fd57abc4780> Unable to unlink file (stream.3.53.0):No such file or directory
1464008750364	<WARNING 7fd57abc4780> Unable to unlink file (stream.3.54.0):No such file or directory
1464008750406	<WARNING 7fd57abc4780> Unable to unlink file (stream.3.55.0):No such file or directory
1464008750431	<WARNING 7fd57abc4780> Unable to unlink file (stream.3.56.0):No such file or directory
1464008750482	<WARNING 7fd57abc4780> Unable to unlink file (stream.3.57.0):No such file or directory
1464008750518	<WARNING 7fd57abc4780> Unable to unlink file (stream.3.58.0):No such file or directory
1464008750562	<WARNING 7fd57abc4780> Unable to unlink file (stream.3.59.0):No such file or directory
1464008750596	<WARNING 7fd57abc4780> Unable to unlink file (stream.3.60.0):No such file or directory
1464008750626	<WARNING 7fd57abc4780> Unable to unlink file (stream.3.61.0):No such file or directory
1464008750674	<WARNING 7fd57abc4780> Unable to unlink file (stream.3.62.0):No such file or directory
1464008750738	<WARNING 7fd57abc4780> Unable to unlink file (stream.3.63.0):No such file or directory
1464008750770	<INFO 7fd57abc4780> SLIPSTORE::ZMQ_THREADS 2
1464008750790	<INFO 7fd57abc4780> SLIPSTORE::COMM Connecting to tcp://dco-node137-10g:5016
1464008750818	<INFO 7fd57abc4780> SLIPSTORE::COMM Connecting to tcp://dco-node138-10g:5034
1464008750879	<INFO 7fd57abc4780> SLIPSTORE::COMM Connecting to tcp://dco-node139-10g:5052
1464008750898	<INFO 7fd57abc4780> SLIPSTORE::COMM Connecting to tcp://dco-node140-10g:5070
1464008750951	<INFO 7fd57abc4780> SLIPSTORE::COMM Connecting to tcp://dco-node141-10g:5088
1464008750995	<INFO 7fd57abc4780> SLIPSTORE::COMM Connecting to tcp://dco-node142-10g:5106
1464008751046	<INFO 7fd57abc4780> SLIPSTORE::COMM Connecting to tcp://dco-node143-10g:5124
1464008751067	<INFO 7fd57abc4780> SLIPSTORE::COMM Connecting to tcp://dco-node144-10g:5142
1464008751134	<INFO 7fd57abc4780> SLIPSTORE::COMM Listening at tcp://p1p1:5026
1464008751170	<INFO 7fd57abc4780> SLIPSTORE::COMM Listening at ipc://client
1464008751230	<INFO 7fd57abc4780> SLIPSTORE::COMM Listening at tcp://p1p1:5028
1464008751266	<INFO 7fd57abc4780> SLIPSTORE::COMM Listening at tcp://p1p1:5029
1464008751306	<INFO 7fd57abc4780> SLIPSTORE::COMM Listening at tcp://p1p1:5030
1464008751354	<INFO 7fd57abc4780> SLIPSTORE::COMM Listening at tcp://p1p1:5031
1464008751406	<INFO 7fd57abc4780> SLIPSTORE::COMM Listening at tcp://p1p1:5032
1464008751442	<INFO 7fd57abc4780> SLIPSTORE::COMM Listening at tcp://p1p1:5033
1464008751464	<INFO 7fd57abc4780> SLIPSTORE::COMM Connecting to tcp://dco-node137-10g:5016
1464008751490	<INFO 7fd57abc4780> SLIPSTORE::COMM Connecting to tcp://dco-node138-10g:5034
1464008751542	<INFO 7fd57abc4780> SLIPSTORE::COMM Connecting to tcp://dco-node139-10g:5052
1464008751578	<INFO 7fd57abc4780> SLIPSTORE::COMM Connecting to tcp://dco-node140-10g:5070
1464008751626	<INFO 7fd57abc4780> SLIPSTORE::COMM Connecting to tcp://dco-node141-10g:5088
1464008751650	<INFO 7fd57abc4780> SLIPSTORE::COMM Connecting to tcp://dco-node142-10g:5106
1464008751678	<INFO 7fd57abc4780> SLIPSTORE::COMM Connecting to tcp://dco-node143-10g:5124
1464008751721	<INFO 7fd57abc4780> SLIPSTORE::COMM Connecting to tcp://dco-node144-10g:5142
1464008751754	<INFO 7fd57abc4780> SLIPSTORE::COMM Connecting to tcp://dco-node137-10g:5001
1464008751790	<INFO 7fd57abc4780> SLIPSTORE::COMM Connecting to ipc://server
1464008751830	<INFO 7fd57abc4780> SLIPSTORE::COMM Connecting to tcp://dco-node139-10g:5037
1464008751862	<INFO 7fd57abc4780> SLIPSTORE::COMM Connecting to tcp://dco-node140-10g:5055
1464008751894	<INFO 7fd57abc4780> SLIPSTORE::COMM Connecting to tcp://dco-node141-10g:5073
1464008751934	<INFO 7fd57abc4780> SLIPSTORE::COMM Connecting to tcp://dco-node142-10g:5091
1464008751974	<INFO 7fd57abc4780> SLIPSTORE::COMM Connecting to tcp://dco-node143-10g:5109
1464008752015	<INFO 7fd57abc4780> SLIPSTORE::COMM Connecting to tcp://dco-node144-10g:5127
1464008752048	<INFO 7fd57abc4780> SLIPSTORE::COMM Connecting to tcp://dco-node139-10g:5053
1464008752090	<INFO 7fd57abc4780> SLIPSTORE::COMM Listening at tcp://p1p1:5035
1464008752126	<INFO 7fd57abc4780> SLIPSTORE::COMM Connecting to tcp://dco-node138-10g:5034
1464008752158	<INFO 7fd57abc4780> SLIPSTORE::HELP_POLICY NONE
1464008752211	<INFO 7fd57abc4780> SLIPSTORE::SERVER ASYNC
1464008752251	<INFO 7fd57abc4780> SLIPSTORE::MACHINES 8
1464008752290	<INFO 7fd57abc4780> SLIPSTORE::ME 1
1464008752319	<INFO 7fd57abc4780> SLIPSTORE::SLIPCHUNK 4194304
1464008752326	<INFO 7fd57abc4780> SLIPSTORE::QUOTA 18446744073709551615
1464008752344	<INFO 7fd57abc4780> SLIPSTORE::IO PAGECACHE
1464008752347	<INFO 7fb75fbfe700> SLIPSTORE::COMM Listening at tcp://p1p1:5034
1464008752351	<INFO 7fb75fbfe700> SLIPSTORE::COMM Listening at tcp://p1p1:5018
1464008752379	<INFO 7fb75fbfe700> SLIPSTORE::COMM Connecting to tcp://dco-node137-10g:5009
1464008752418	<INFO 7fb75fbfe700> SLIPSTORE::COMM Listening at ipc://server
1464008752457	<INFO 7fb75fbfe700> SLIPSTORE::COMM Connecting to ipc://client
1464008752523	<INFO 7fb75fbfe700> SLIPSTORE::COMM Listening at tcp://p1p1:5020
1464008752551	<INFO 7fb75fbfe700> SLIPSTORE::COMM Connecting to tcp://dco-node139-10g:5045
1464008752577	<INFO 7fb75fbfe700> SLIPSTORE::COMM Listening at tcp://p1p1:5021
1464008752598	<INFO 7fb75fbfe700> SLIPSTORE::COMM Connecting to tcp://dco-node140-10g:5063
1464008752626	<INFO 7fb75fbfe700> SLIPSTORE::COMM Listening at tcp://p1p1:5022
1464008752655	<INFO 7fb75fbfe700> SLIPSTORE::COMM Connecting to tcp://dco-node141-10g:5081
1464008752688	<INFO 7fb75fbfe700> SLIPSTORE::COMM Listening at tcp://p1p1:5023
1464008752715	<INFO 7fb75fbfe700> SLIPSTORE::COMM Connecting to tcp://dco-node142-10g:5099
1464008752758	<INFO 7fb75fbfe700> SLIPSTORE::COMM Listening at tcp://p1p1:5024
1464008752786	<INFO 7fb75fbfe700> SLIPSTORE::COMM Connecting to tcp://dco-node143-10g:5117
1464008752815	<INFO 7fb75fbfe700> SLIPSTORE::COMM Listening at tcp://p1p1:5025
1464008752847	<INFO 7fb75fbfe700> SLIPSTORE::COMM Connecting to tcp://dco-node144-10g:5135
1464008752874	<INFO 7fd57abc4780> SLIPSTORE::CHECKPOINTS NONE FOUND
1464008752891	<INFO 7fd57abc4780> 2016-05-23 15:05:43 Start edge split
1464008920830	<INFO 7fd57abc4780> 2016-05-23 15:08:40 Completed init
1464008941282	<INFO 7fd57abc4780> 2016-05-23 15:09:01 Started gather
1464008941346	<INFO 7fd57abc4780> 2016-05-23 15:09:01 Completed gather
1464008941366	<INFO 7fd57abc4780> 2016-05-23 15:09:01 Started gather
1464008941694	<INFO 7fd57abc4780> 2016-05-23 15:09:01 Completed gather
1464008941742	<INFO 7fd57abc4780> 2016-05-23 15:09:01 Started gather
1464008942655	<INFO 7fd57abc4780> 2016-05-23 15:09:02 Completed gather
1464008942698	<INFO 7fd57abc4780> 2016-05-23 15:09:02 Started gather
1464008943786	<INFO 7fd57abc4780> 2016-05-23 15:09:03 Completed gather
1464008943814	<INFO 7fd57abc4780> 2016-05-23 15:09:03 Started gather
1464008945650	<INFO 7fd57abc4780> 2016-05-23 15:09:05 Completed gather
1464008945666	<INFO 7fd57abc4780> 2016-05-23 15:09:05 Started gather
1464008948490	<INFO 7fd57abc4780> 2016-05-23 15:09:08 Completed gather
1464008948538	<INFO 7fd57abc4780> 2016-05-23 15:09:08 Started gather
1464008950516	<INFO 7fd57abc4780> 2016-05-23 15:09:10 Completed gather
1464008950534	<INFO 7fd57abc4780> 2016-05-23 15:09:10 Started gather
1464008957902	<INFO 7fd57abc4780> 2016-05-23 15:09:17 Completed gather
1464008969942	<INFO 7fd57abc4780> 2016-05-23 15:09:29 Started scatter
1464008981782	<INFO 7fd57abc4780> 2016-05-23 15:09:41 Completed scatter
1464008981814	<INFO 7fd57abc4780> 2016-05-23 15:09:41 Started scatter
1464008991186	<INFO 7fd57abc4780> 2016-05-23 15:09:51 Completed scatter
1464008991210	<INFO 7fd57abc4780> 2016-05-23 15:09:51 Started scatter
1464009001662	<INFO 7fd57abc4780> 2016-05-23 15:10:01 Completed scatter
1464009001710	<INFO 7fd57abc4780> 2016-05-23 15:10:01 Started scatter
1464009012887	<INFO 7fd57abc4780> 2016-05-23 15:10:12 Completed scatter
1464009012914	<INFO 7fd57abc4780> 2016-05-23 15:10:12 Started scatter
1464009025358	<INFO 7fd57abc4780> 2016-05-23 15:10:25 Completed scatter
1464009025388	<INFO 7fd57abc4780> 2016-05-23 15:10:25 Started scatter
1464009038726	<INFO 7fd57abc4780> 2016-05-23 15:10:38 Completed scatter
1464009038770	<INFO 7fd57abc4780> 2016-05-23 15:10:38 Started scatter
1464009050062	<INFO 7fd57abc4780> 2016-05-23 15:10:50 Completed scatter
1464009050106	<INFO 7fd57abc4780> 2016-05-23 15:10:50 Started scatter
1464009065994	<INFO 7fd57abc4780> 2016-05-23 15:11:05 Completed scatter
1464009138018	<INFO 7fd57abc4780> 2016-05-23 15:12:17 Completed phase 1 Bytes read 30492197272 Bytes written 17397477756
1464009138626	<INFO 7fd57abc4780> 2016-05-23 15:12:18 Started gather
1464009139650	<INFO 7fd57abc4780> 2016-05-23 15:12:19 Completed gather
1464009139692	<INFO 7fd57abc4780> 2016-05-23 15:12:19 Started gather
1464009142838	<INFO 7fd57abc4780> 2016-05-23 15:12:22 Completed gather
1464009142926	<INFO 7fd57abc4780> 2016-05-23 15:12:22 Started gather
1464009147409	<INFO 7fd57abc4780> 2016-05-23 15:12:27 Completed gather
1464009147542	<INFO 7fd57abc4780> 2016-05-23 15:12:27 Started gather
1464009153442	<INFO 7fd57abc4780> 2016-05-23 15:12:33 Completed gather
1464009153466	<INFO 7fd57abc4780> 2016-05-23 15:12:33 Started gather
1464009163911	<INFO 7fd57abc4780> 2016-05-23 15:12:43 Completed gather
1464009163946	<INFO 7fd57abc4780> 2016-05-23 15:12:43 Started gather
1464009180528	<INFO 7fd57abc4780> 2016-05-23 15:13:00 Completed gather
1464009180545	<INFO 7fd57abc4780> 2016-05-23 15:13:00 Started gather
1464009189794	<INFO 7fd57abc4780> 2016-05-23 15:13:09 Completed gather
1464009189854	<INFO 7fd57abc4780> 2016-05-23 15:13:09 Started gather
1464009204162	<INFO 7fd57abc4780> 2016-05-23 15:13:24 Completed gather
1464009205243	<INFO 7fd57abc4780> 2016-05-23 15:13:25 Started scatter
1464009216522	<INFO 7fd57abc4780> 2016-05-23 15:13:36 Completed scatter
1464009216545	<INFO 7fd57abc4780> 2016-05-23 15:13:36 Started scatter
1464009228095	<INFO 7fd57abc4780> 2016-05-23 15:13:48 Completed scatter
1464009228146	<INFO 7fd57abc4780> 2016-05-23 15:13:48 Started scatter
1464009238519	<INFO 7fd57abc4780> 2016-05-23 15:13:58 Completed scatter
1464009238543	<INFO 7fd57abc4780> 2016-05-23 15:13:58 Started scatter
1464009248902	<INFO 7fd57abc4780> 2016-05-23 15:14:08 Completed scatter
1464009248938	<INFO 7fd57abc4780> 2016-05-23 15:14:08 Started scatter
1464009260382	<INFO 7fd57abc4780> 2016-05-23 15:14:20 Completed scatter
1464009260422	<INFO 7fd57abc4780> 2016-05-23 15:14:20 Started scatter
1464009272790	<INFO 7fd57abc4780> 2016-05-23 15:14:32 Completed scatter
1464009272826	<INFO 7fd57abc4780> 2016-05-23 15:14:32 Started scatter
1464009283942	<INFO 7fd57abc4780> 2016-05-23 15:14:43 Completed scatter
1464009283978	<INFO 7fd57abc4780> 2016-05-23 15:14:43 Started scatter
1464009299462	<INFO 7fd57abc4780> 2016-05-23 15:14:59 Completed scatter
1464009395921	<INFO 7fd57abc4780> 2016-05-23 15:16:35 Completed phase 2 Bytes read 47889675028 Bytes written 19965374788
1464009396314	<INFO 7fd57abc4780> 2016-05-23 15:16:36 Started gather
1464009399956	<INFO 7fd57abc4780> 2016-05-23 15:16:39 Completed gather
1464009399962	<INFO 7fd57abc4780> 2016-05-23 15:16:39 Started gather
1464009400513	<INFO 7fd57abc4780> 2016-05-23 15:16:40 Completed gather
1464009400520	<INFO 7fd57abc4780> 2016-05-23 15:16:40 Started gather
1464009402026	<INFO 7fd57abc4780> 2016-05-23 15:16:42 Completed gather
1464009402035	<INFO 7fd57abc4780> 2016-05-23 15:16:42 Started gather
1464009404996	<INFO 7fd57abc4780> 2016-05-23 15:16:44 Completed gather
1464009405004	<INFO 7fd57abc4780> 2016-05-23 15:16:44 Started gather
1464009408907	<INFO 7fd57abc4780> 2016-05-23 15:16:48 Completed gather
1464009408913	<INFO 7fd57abc4780> 2016-05-23 15:16:48 Started gather
1464009415985	<INFO 7fd57abc4780> 2016-05-23 15:16:55 Completed gather
1464009415987	<INFO 7fd57abc4780> 2016-05-23 15:16:55 Started gather
1464009425366	<INFO 7fd57abc4780> 2016-05-23 15:17:05 Completed gather
1464009425374	<INFO 7fd57abc4780> 2016-05-23 15:17:05 Started gather
1464009469534	<INFO 7fd57abc4780> 2016-05-23 15:17:49 Completed gather
1464009474097	<INFO 7fd57abc4780> 2016-05-23 15:17:54 Started scatter
1464009487994	<INFO 7fd57abc4780> 2016-05-23 15:18:07 Completed scatter
1464009488022	<INFO 7fd57abc4780> 2016-05-23 15:18:07 Started scatter
1464009497454	<INFO 7fd57abc4780> 2016-05-23 15:18:17 Completed scatter
1464009497486	<INFO 7fd57abc4780> 2016-05-23 15:18:17 Started scatter
1464009517985	<INFO 7fd57abc4780> 2016-05-23 15:18:37 Completed scatter
1464009517995	<INFO 7fd57abc4780> 2016-05-23 15:18:37 Started scatter
1464009538826	<INFO 7fd57abc4780> 2016-05-23 15:18:58 Completed scatter
1464009538862	<INFO 7fd57abc4780> 2016-05-23 15:18:58 Started scatter
1464009566617	<INFO 7fd57abc4780> 2016-05-23 15:19:26 Completed scatter
1464009566624	<INFO 7fd57abc4780> 2016-05-23 15:19:26 Started scatter
1464009586930	<INFO 7fd57abc4780> 2016-05-23 15:19:46 Completed scatter
1464009586932	<INFO 7fd57abc4780> 2016-05-23 15:19:46 Started scatter
1464009609119	<INFO 7fd57abc4780> 2016-05-23 15:20:09 Completed scatter
1464009609158	<INFO 7fd57abc4780> 2016-05-23 15:20:09 Started scatter
1464009626095	<INFO 7fd57abc4780> 2016-05-23 15:20:26 Completed scatter
1464009688356	<INFO 7fd57abc4780> 2016-05-23 15:21:28 Completed phase 3 Bytes read 65703670696 Bytes written 22550129628
1464009688622	<INFO 7fd57abc4780> 2016-05-23 15:21:28 Started gather
1464009692606	<INFO 7fd57abc4780> 2016-05-23 15:21:32 Completed gather
1464009692662	<INFO 7fd57abc4780> 2016-05-23 15:21:32 Started gather
1464009693262	<INFO 7fd57abc4780> 2016-05-23 15:21:33 Completed gather
1464009693291	<INFO 7fd57abc4780> 2016-05-23 15:21:33 Started gather
1464009694611	<INFO 7fd57abc4780> 2016-05-23 15:21:34 Completed gather
1464009694638	<INFO 7fd57abc4780> 2016-05-23 15:21:34 Started gather
1464009695891	<INFO 7fd57abc4780> 2016-05-23 15:21:35 Completed gather
1464009695907	<INFO 7fd57abc4780> 2016-05-23 15:21:35 Started gather
1464009698138	<INFO 7fd57abc4780> 2016-05-23 15:21:38 Completed gather
1464009698174	<INFO 7fd57abc4780> 2016-05-23 15:21:38 Started gather
1464009702494	<INFO 7fd57abc4780> 2016-05-23 15:21:42 Completed gather
1464009702526	<INFO 7fd57abc4780> 2016-05-23 15:21:42 Started gather
1464009709962	<INFO 7fd57abc4780> 2016-05-23 15:21:49 Completed gather
1464009709991	<INFO 7fd57abc4780> 2016-05-23 15:21:49 Started gather
1464009758070	<INFO 7fd57abc4780> 2016-05-23 15:22:38 Completed gather
1464009766254	<INFO 7fd57abc4780> 2016-05-23 15:22:46 Started scatter
1464009776359	<INFO 7fd57abc4780> 2016-05-23 15:22:56 Completed scatter
1464009776382	<INFO 7fd57abc4780> 2016-05-23 15:22:56 Started scatter
1464009786086	<INFO 7fd57abc4780> 2016-05-23 15:23:06 Completed scatter
1464009786122	<INFO 7fd57abc4780> 2016-05-23 15:23:06 Started scatter
1464009798766	<INFO 7fd57abc4780> 2016-05-23 15:23:18 Completed scatter
1464009798802	<INFO 7fd57abc4780> 2016-05-23 15:23:18 Started scatter
1464009815338	<INFO 7fd57abc4780> 2016-05-23 15:23:35 Completed scatter
1464009815386	<INFO 7fd57abc4780> 2016-05-23 15:23:35 Started scatter
1464009836766	<INFO 7fd57abc4780> 2016-05-23 15:23:56 Completed scatter
1464009836801	<INFO 7fd57abc4780> 2016-05-23 15:23:56 Started scatter
1464009850270	<INFO 7fd57abc4780> 2016-05-23 15:24:10 Completed scatter
1464009850299	<INFO 7fd57abc4780> 2016-05-23 15:24:10 Started scatter
1464009865786	<INFO 7fd57abc4780> 2016-05-23 15:24:25 Completed scatter
1464009865830	<INFO 7fd57abc4780> 2016-05-23 15:24:25 Started scatter
1464009888838	<INFO 7fd57abc4780> 2016-05-23 15:24:48 Completed scatter
1464009904326	<INFO 7fd57abc4780> 2016-05-23 15:25:04 Completed phase 4 Bytes read 83534524172 Bytes written 24703131884
1464009905294	<INFO 7fd57abc4780> 2016-05-23 15:25:05 Started gather
1464009905908	<INFO 7fd57abc4780> 2016-05-23 15:25:05 Completed gather
1464009905918	<INFO 7fd57abc4780> 2016-05-23 15:25:05 Started gather
1464009908511	<INFO 7fd57abc4780> 2016-05-23 15:25:08 Completed gather
1464009908514	<INFO 7fd57abc4780> 2016-05-23 15:25:08 Started gather
1464009910446	<INFO 7fd57abc4780> 2016-05-23 15:25:10 Completed gather
1464009910453	<INFO 7fd57abc4780> 2016-05-23 15:25:10 Started gather
