1464011079470	<INFO 7fe6277cd780> 2016-05-23 15:44:39 STARTUP
1464011079473	<INFO 7fe6277cd780> CORE::GRAPH rmat-24-und_s8
1464011079475	<INFO 7fe6277cd780> CORE::ALGORITHM bfs
1464011079478	<INFO 7fe6277cd780> CORE::VERTEX_STRIPING ON
1464011079481	<INFO 7fe6277cd780> CORE::OPTIMIZED_STATE_LOAD_STORE OFF
1464011079483	<INFO 7fe6277cd780> CORE::BINARY_SEARCH_SUPER_PARTITION ON
1464011079486	<INFO 7fe6277cd780> CORE::SUPER_PARTITION_COMPUTED_FOR_EACH_SCATTER_GATHER_PHASE
1464011079488	<INFO 7fe6277cd780> CORE::EDGE_STRIPING ON
1464011079491	<INFO 7fe6277cd780> CORE::BATCH IO ON
1464011079494	<INFO 7fe6277cd780> CORE::GRID_PARTITIONING OFF
1464011079496	<INFO 7fe6277cd780> 2016-05-23 15:44:39 Blocking memory amount 126701535232
1464011186951	<INFO 7fe6277cd780> 2016-05-23 15:46:26 Done blocking memory
1464011186954	<INFO 7fe6277cd780> SG-DRIVER-ORIGINAL
1464011186956	<INFO 7fe6277cd780> 2016-05-23 15:46:26 START read config parameters
1464011186958	<INFO 7fe6277cd780> PARTITIONING::OLD 1
1464011186961	<INFO 7fe6277cd780> PARTITIONING::BALANCED_PARTITIONS 0
1464011186964	<INFO 7fe6277cd780> CORE::CONFIG::PROCESSORS 8
1464011186966	<INFO 7fe6277cd780> CORE::CONFIG::PHYSICAL_MEMORY 2147483648
1464011186970	<INFO 7fe6277cd780> CORE::CONFIG::VERTICES 16777216
1464011186972	<INFO 7fe6277cd780> CORE::CONFIG::VERTEX_SIZE 8
1464011186975	<INFO 7fe6277cd780> CORE::CONFIG::VERTEX_BUFFER 16777216
1464011186978	<INFO 7fe6277cd780> CORE::CONFIG::EDGES 67108864
1464011186981	<INFO 7fe6277cd780> CORE::CONFIG::PARTITIONS 64
1464011186983	<INFO 7fe6277cd780> CORE::CONFIG::FANOUT 64
1464011186986	<INFO 7fe6277cd780> CORE::CONFIG::SUPER_PARTITIONS 8
1464011186988	<INFO 7fe6277cd780> CORE::CONFIG::MACHINE_ID 5
1464011186991	<INFO 7fe6277cd780> CORE::CONFIG::TILES 1
1464011186993	<INFO 7fe6277cd780> CORE::CONFIG::BUFFER_SIZE 426140160
1464011186996	<INFO 7fe6277cd780> CORE::CONFIG::MAX_BUFFERS 4
1464011186998	<INFO 7fe6277cd780> CORE::CONFIG::MAX_STREAMS 4
1464011187001	<INFO 7fe6277cd780> CORE::CONFIG::SUM_OF_OUT_DEGREES_FOR_NEW_PARTITIONS::FIRST_CONSTRAINT 2097152
1464011187003	<INFO 7fe6277cd780> CORE::CONFIG::MAX_EDGES_PER_NEW_PARTITION::SECOND_CONSTRAINT 8388608
1464011187006	<INFO 7fe6277cd780> SLIPSTREAM::EXT_MEM_SHUFFLE OFF
1464011187009	<INFO 7fe6277cd780> 2016-05-23 15:46:26 END read config parameters
1464011188703	<WARNING 7fe6277cd780> Unable to unlink file (stream.0.0.0):No such file or directory
1464011188706	<WARNING 7fe6277cd780> Unable to unlink file (stream.0.1.0):No such file or directory
1464011188708	<WARNING 7fe6277cd780> Unable to unlink file (stream.0.2.0):No such file or directory
1464011188711	<WARNING 7fe6277cd780> Unable to unlink file (stream.0.3.0):No such file or directory
1464011188713	<WARNING 7fe6277cd780> Unable to unlink file (stream.0.4.0):No such file or directory
1464011188716	<WARNING 7fe6277cd780> Unable to unlink file (stream.0.5.0):No such file or directory
1464011188719	<WARNING 7fe6277cd780> Unable to unlink file (stream.0.6.0):No such file or directory
1464011188721	<WARNING 7fe6277cd780> Unable to unlink file (stream.0.7.0):No such file or directory
1464011188724	<WARNING 7fe6277cd780> Unable to unlink file (stream.1.1.0):No such file or directory
1464011188726	<WARNING 7fe6277cd780> Unable to unlink file (stream.1.2.0):No such file or directory
1464011188729	<WARNING 7fe6277cd780> Unable to unlink file (stream.1.3.0):No such file or directory
1464011188731	<WARNING 7fe6277cd780> Unable to unlink file (stream.1.4.0):No such file or directory
1464011188734	<WARNING 7fe6277cd780> Unable to unlink file (stream.1.5.0):No such file or directory
1464011188736	<WARNING 7fe6277cd780> Unable to unlink file (stream.1.6.0):No such file or directory
1464011188738	<WARNING 7fe6277cd780> Unable to unlink file (stream.1.7.0):No such file or directory
1464011188741	<WARNING 7fe6277cd780> Unable to unlink file (stream.2.0.0):No such file or directory
1464011188743	<WARNING 7fe6277cd780> Unable to unlink file (stream.2.1.0):No such file or directory
1464011188746	<WARNING 7fe6277cd780> Unable to unlink file (stream.2.2.0):No such file or directory
1464011188748	<WARNING 7fe6277cd780> Unable to unlink file (stream.2.3.0):No such file or directory
1464011188751	<WARNING 7fe6277cd780> Unable to unlink file (stream.2.4.0):No such file or directory
1464011188753	<WARNING 7fe6277cd780> Unable to unlink file (stream.2.5.0):No such file or directory
1464011188756	<WARNING 7fe6277cd780> Unable to unlink file (stream.2.6.0):No such file or directory
1464011188758	<WARNING 7fe6277cd780> Unable to unlink file (stream.2.7.0):No such file or directory
1464011188761	<WARNING 7fe6277cd780> Unable to unlink file (stream.3.0.0):No such file or directory
1464011188763	<WARNING 7fe6277cd780> Unable to unlink file (stream.3.1.0):No such file or directory
1464011188766	<WARNING 7fe6277cd780> Unable to unlink file (stream.3.2.0):No such file or directory
1464011188768	<WARNING 7fe6277cd780> Unable to unlink file (stream.3.3.0):No such file or directory
1464011188774	<WARNING 7fe6277cd780> Unable to unlink file (stream.3.4.0):No such file or directory
1464011188776	<WARNING 7fe6277cd780> Unable to unlink file (stream.3.5.0):No such file or directory
1464011188779	<WARNING 7fe6277cd780> Unable to unlink file (stream.3.6.0):No such file or directory
1464011188781	<WARNING 7fe6277cd780> Unable to unlink file (stream.3.7.0):No such file or directory
1464011188783	<INFO 7fe6277cd780> SLIPSTORE::ZMQ_THREADS 2
1464011188786	<INFO 7fe6277cd780> SLIPSTORE::COMM Connecting to tcp://dco-node137-10g:5016
1464011188788	<INFO 7fe6277cd780> SLIPSTORE::COMM Connecting to tcp://dco-node138-10g:5034
1464011188791	<INFO 7fe6277cd780> SLIPSTORE::COMM Connecting to tcp://dco-node139-10g:5052
1464011188793	<INFO 7fe6277cd780> SLIPSTORE::COMM Connecting to tcp://dco-node140-10g:5070
1464011188797	<INFO 7fe6277cd780> SLIPSTORE::COMM Connecting to tcp://dco-node141-10g:5088
1464011188799	<INFO 7fe6277cd780> SLIPSTORE::COMM Connecting to tcp://dco-node142-10g:5106
1464011188802	<INFO 7fe6277cd780> SLIPSTORE::COMM Connecting to tcp://dco-node143-10g:5124
1464011188805	<INFO 7fe6277cd780> SLIPSTORE::COMM Connecting to tcp://dco-node144-10g:5142
1464011188808	<INFO 7fe6277cd780> SLIPSTORE::COMM Listening at tcp://p1p1:5098
1464011188810	<INFO 7fe6277cd780> SLIPSTORE::COMM Listening at tcp://p1p1:5099
1464011188812	<INFO 7fe6277cd780> SLIPSTORE::COMM Listening at tcp://p1p1:5100
1464011188816	<INFO 7fe6277cd780> SLIPSTORE::COMM Listening at tcp://p1p1:5101
1464011188819	<INFO 7fe6277cd780> SLIPSTORE::COMM Listening at tcp://p1p1:5102
1464011188821	<INFO 7fe6277cd780> SLIPSTORE::COMM Listening at ipc://client
1464011188823	<INFO 7fe6277cd780> SLIPSTORE::COMM Listening at tcp://p1p1:5104
1464011188826	<INFO 7fe6277cd780> SLIPSTORE::COMM Listening at tcp://p1p1:5105
1464011188828	<INFO 7fe6277cd780> SLIPSTORE::COMM Connecting to tcp://dco-node137-10g:5016
1464011188831	<INFO 7fe6277cd780> SLIPSTORE::COMM Connecting to tcp://dco-node138-10g:5034
1464011188833	<INFO 7fe6277cd780> SLIPSTORE::COMM Connecting to tcp://dco-node139-10g:5052
1464011188836	<INFO 7fe6277cd780> SLIPSTORE::COMM Connecting to tcp://dco-node140-10g:5070
1464011188838	<INFO 7fe6277cd780> SLIPSTORE::COMM Connecting to tcp://dco-node141-10g:5088
1464011188841	<INFO 7fe6277cd780> SLIPSTORE::COMM Connecting to tcp://dco-node142-10g:5106
1464011188843	<INFO 7fe6277cd780> SLIPSTORE::COMM Connecting to tcp://dco-node143-10g:5124
1464011188845	<INFO 7fe6277cd780> SLIPSTORE::COMM Connecting to tcp://dco-node144-10g:5142
1464011188848	<INFO 7fe6277cd780> SLIPSTORE::COMM Connecting to tcp://dco-node137-10g:5005
1464011188850	<INFO 7fe6277cd780> SLIPSTORE::COMM Connecting to tcp://dco-node138-10g:5023
1464011188852	<INFO 7fe6277cd780> SLIPSTORE::COMM Connecting to tcp://dco-node139-10g:5041
1464011188855	<INFO 7fe6277cd780> SLIPSTORE::COMM Connecting to tcp://dco-node140-10g:5059
1464011188857	<INFO 7fe6277cd780> SLIPSTORE::COMM Connecting to tcp://dco-node141-10g:5077
1464011188860	<INFO 7fe6277cd780> SLIPSTORE::COMM Connecting to ipc://server
1464011188862	<INFO 7fe6277cd780> SLIPSTORE::COMM Connecting to tcp://dco-node143-10g:5113
1464011188864	<INFO 7fe6277cd780> SLIPSTORE::COMM Connecting to tcp://dco-node144-10g:5131
1464011188867	<INFO 7fe6277cd780> SLIPSTORE::COMM Connecting to tcp://dco-node143-10g:5125
1464011188869	<INFO 7fe6277cd780> SLIPSTORE::COMM Listening at tcp://p1p1:5107
1464011188872	<INFO 7fe6277cd780> SLIPSTORE::COMM Connecting to tcp://dco-node142-10g:5106
1464011188874	<INFO 7fe6277cd780> SLIPSTORE::HELP_POLICY HEURISTIC_NEW
1464011188878	<INFO 7fe6277cd780> SLIPSTORE::SERVER ASYNC
1464011188881	<INFO 7fe6277cd780> SLIPSTORE::MACHINES 8
1464011188883	<INFO 7fe6277cd780> SLIPSTORE::ME 5
1464011188886	<INFO 7fe6277cd780> SLIPSTORE::SLIPCHUNK 4194304
1464011188888	<INFO 7fe6277cd780> SLIPSTORE::QUOTA 18446744073709551615
1464011188892	<INFO 7fe6277cd780> SLIPSTORE::IO PAGECACHE
1464011188894	<INFO 7fc80a3f8700> SLIPSTORE::COMM Listening at tcp://p1p1:5106
1464011188896	<INFO 7fc80a3f8700> SLIPSTORE::COMM Listening at tcp://p1p1:5090
1464011188898	<INFO 7fc80a3f8700> SLIPSTORE::COMM Connecting to tcp://dco-node137-10g:5013
1464011188901	<INFO 7fc80a3f8700> SLIPSTORE::COMM Listening at tcp://p1p1:5091
1464011188903	<INFO 7fc80a3f8700> SLIPSTORE::COMM Connecting to tcp://dco-node138-10g:5031
1464011188906	<INFO 7fc80a3f8700> SLIPSTORE::COMM Listening at tcp://p1p1:5092
1464011188908	<INFO 7fc80a3f8700> SLIPSTORE::COMM Connecting to tcp://dco-node139-10g:5049
1464011188910	<INFO 7fc80a3f8700> SLIPSTORE::COMM Listening at tcp://p1p1:5093
1464011188913	<INFO 7fc80a3f8700> SLIPSTORE::COMM Connecting to tcp://dco-node140-10g:5067
1464011188915	<INFO 7fc80a3f8700> SLIPSTORE::COMM Listening at tcp://p1p1:5094
1464011188918	<INFO 7fc80a3f8700> SLIPSTORE::COMM Connecting to tcp://dco-node141-10g:5085
1464011188920	<INFO 7fc80a3f8700> SLIPSTORE::COMM Listening at ipc://server
1464011188923	<INFO 7fc80a3f8700> SLIPSTORE::COMM Connecting to ipc://client
1464011188925	<INFO 7fc80a3f8700> SLIPSTORE::COMM Listening at tcp://p1p1:5096
1464011188928	<INFO 7fc80a3f8700> SLIPSTORE::COMM Connecting to tcp://dco-node143-10g:5121
1464011188930	<INFO 7fc80a3f8700> SLIPSTORE::COMM Listening at tcp://p1p1:5097
1464011188932	<INFO 7fc80a3f8700> SLIPSTORE::COMM Connecting to tcp://dco-node144-10g:5139
1464011188947	<INFO 7fe6277cd780> SLIPSTORE::CHECKPOINTS NONE FOUND
1464011188950	<INFO 7fe6277cd780> 2016-05-23 15:46:28 Start edge split
1464011196122	<INFO 7fe6277cd780> 2016-05-23 15:46:36 Completed init
1464011196230	<INFO 7fe6277cd780> 2016-05-23 15:46:36 Started gather
1464011196337	<INFO 7fe6277cd780> 2016-05-23 15:46:36 Completed gather
1464011196461	<INFO 7fe6277cd780> 2016-05-23 15:46:36 Started scatter
1464011197149	<INFO 7fe6277cd780> 2016-05-23 15:46:37 Completed scatter
1464011197153	<INFO 7fe6277cd780> 2016-05-23 15:46:37 Started helping 0
1464011198161	<INFO 7fe6277cd780> 2016-05-23 15:46:38 Completed helping 0
1464011198250	<INFO 7fe6277cd780> 2016-05-23 15:46:38 Completed phase 1 Bytes read 1616291852 Bytes written 811372916
1464011198274	<INFO 7fe6277cd780> 2016-05-23 15:46:38 Started gather
1464011198487	<INFO 7fe6277cd780> 2016-05-23 15:46:38 Completed gather
1464011198536	<INFO 7fe6277cd780> 2016-05-23 15:46:38 Started scatter
1464011199334	<INFO 7fe6277cd780> 2016-05-23 15:46:39 Completed scatter
1464011199568	<INFO 7fe6277cd780> 2016-05-23 15:46:39 Started helping 0
1464011201259	<INFO 7fe6277cd780> 2016-05-23 15:46:41 Completed helping 0
1464011201928	<INFO 7fe6277cd780> 2016-05-23 15:46:41 Completed phase 2 Bytes read 2427664768 Bytes written 1142628260
1464011201952	<INFO 7fe6277cd780> 2016-05-23 15:46:41 Started gather
1464011202541	<INFO 7fe6277cd780> 2016-05-23 15:46:42 Completed gather
1464011202591	<INFO 7fe6277cd780> 2016-05-23 15:46:42 Started helping 0
1464011203232	<INFO 7fe6277cd780> 2016-05-23 15:46:43 Completed helping 0
1464011204405	<INFO 7fe6277cd780> 2016-05-23 15:46:44 Started scatter
1464011205287	<INFO 7fe6277cd780> 2016-05-23 15:46:45 Completed scatter
1464011205687	<INFO 7fe6277cd780> 2016-05-23 15:46:45 Started helping 0
1464011207028	<INFO 7fe6277cd780> 2016-05-23 15:46:47 Completed helping 0
1464011207540	<INFO 7fe6277cd780> 2016-05-23 15:46:47 Completed phase 3 Bytes read 3553128380 Bytes written 1363319620
1464011207562	<INFO 7fe6277cd780> 2016-05-23 15:46:47 Started gather
1464011207881	<INFO 7fe6277cd780> 2016-05-23 15:46:47 Completed gather
1464011207913	<INFO 7fe6277cd780> 2016-05-23 15:46:47 Started helping 0
1464011208605	<INFO 7fe6277cd780> 2016-05-23 15:46:48 Completed helping 0
1464011209373	<INFO 7fe6277cd780> 2016-05-23 15:46:49 Started scatter
1464011210141	<INFO 7fe6277cd780> 2016-05-23 15:46:50 Completed scatter
1464011210151	<INFO 7fe6277cd780> 2016-05-23 15:46:50 Started helping 0
1464011211148	<INFO 7fe6277cd780> 2016-05-23 15:46:51 Completed helping 0
1464011211266	<INFO 7fe6277cd780> 2016-05-23 15:46:51 Completed phase 4 Bytes read 4568028008 Bytes written 1380967636
1464011211292	<INFO 7fe6277cd780> 2016-05-23 15:46:51 Started gather
1464011211406	<INFO 7fe6277cd780> 2016-05-23 15:46:51 Completed gather
1464011211579	<INFO 7fe6277cd780> 2016-05-23 15:46:51 Started scatter
1464011212330	<INFO 7fe6277cd780> 2016-05-23 15:46:52 Completed scatter
1464011212342	<INFO 7fe6277cd780> 2016-05-23 15:46:52 Started helping 0
1464011213414	<INFO 7fe6277cd780> 2016-05-23 15:46:53 Completed helping 0
1464011213438	<INFO 7fe6277cd780> 2016-05-23 15:46:53 Completed phase 5 Bytes read 5379884292 Bytes written 1397747772
1464011213465	<INFO 7fe6277cd780> 2016-05-23 15:46:53 Started gather
1464011213629	<INFO 7fe6277cd780> 2016-05-23 15:46:53 Completed gather
1464011213744	<INFO 7fe6277cd780> 2016-05-23 15:46:53 Started scatter
1464011214592	<INFO 7fe6277cd780> 2016-05-23 15:46:54 Completed scatter
1464011214605	<INFO 7fe6277cd780> 2016-05-23 15:46:54 Started helping 0
1464011215601	<INFO 7fe6277cd780> 2016-05-23 15:46:55 Completed helping 0
1464011215625	<INFO 7fe6277cd780> 2016-05-23 15:46:55 Completed phase 6 Bytes read 6190872696 Bytes written 1414524996
1464011215651	<INFO 7fe6277cd780> 2016-05-23 15:46:55 Started gather
1464011215750	<INFO 7fe6277cd780> 2016-05-23 15:46:55 Completed gather
1464011215907	<INFO 7fe6277cd780> 2016-05-23 15:46:55 Started scatter
1464011216719	<INFO 7fe6277cd780> 2016-05-23 15:46:56 Completed scatter
1464011216723	<INFO 7fe6277cd780> 2016-05-23 15:46:56 Started helping 0
1464011217731	<INFO 7fe6277cd780> 2016-05-23 15:46:57 Completed helping 0
1464011217865	<INFO 7fe6277cd780> 2016-05-23 15:46:57 Completed phase 7 Bytes read 7001858188 Bytes written 1431302212
1464011217867	<INFO 7fe6277cd780> ALGORITHM::BFS::VERTICES_DISCOVERED 947079
1464011217870	<INFO 7fe6277cd780> ALGORITHM::BFS::EDGES_EXPLORED 54296844
1464011217873	<INFO 7fe6277cd780> CORE::PARTITIONS_PROCESSED 31
1464011217875	<INFO 7fe6277cd780> CORE::BYTES::EDGES_STREAMED 601680564
1464011217878	<INFO 7fe6277cd780> CORE::BYTES::UPDATES_OUT 35005312
1464011217880	<INFO 7fe6277cd780> CORE::BYTES::UPDATES_IN 51028496
1464011217883	<INFO 7fc7fffff700> CORE::PARTITIONS_PROCESSED 69
1464011217885	<INFO 7fc7fffff700> CORE::BYTES::EDGES_STREAMED 595857252
1464011217888	<INFO 7fc7fffff700> CORE::BYTES::UPDATES_OUT 31958512
1464011217890	<INFO 7fc7fffff700> CORE::BYTES::UPDATES_IN 46401984
1464011217893	<INFO 7fc7fdffb700> CORE::PARTITIONS_PROCESSED 77
1464011217896	<INFO 7fc8093f6700> CORE::PARTITIONS_PROCESSED 49
1464011217898	<INFO 7fc7fdffb700> CORE::BYTES::EDGES_STREAMED 878163708
1464011217901	<INFO 7fc808bf5700> CORE::PARTITIONS_PROCESSED 51
1464011217904	<INFO 7fc8093f6700> CORE::BYTES::EDGES_STREAMED 546376692
1464011217906	<INFO 7fc7feffd700> CORE::PARTITIONS_PROCESSED 63
1464011217909	<INFO 7fc7fe7fc700> CORE::PARTITIONS_PROCESSED 61
1464011217911	<INFO 7fc7feffd700> CORE::BYTES::EDGES_STREAMED 572984928
1464011217914	<INFO 7fc7fdffb700> CORE::BYTES::UPDATES_OUT 104251392
1464011217917	<INFO 7fc7ff7fe700> CORE::PARTITIONS_PROCESSED 49
1464011217919	<INFO 7fc7feffd700> CORE::BYTES::UPDATES_OUT 41709072
1464011217922	<INFO 7fc7fe7fc700> CORE::BYTES::EDGES_STREAMED 605365572
1464011217924	<INFO 7fc7ff7fe700> CORE::BYTES::EDGES_STREAMED 547085376
1464011217927	<INFO 7fc7feffd700> CORE::BYTES::UPDATES_IN 39256160
1464011217929	<INFO 7fc8093f6700> CORE::BYTES::UPDATES_OUT 50564400
1464011217932	<INFO 7fc7fe7fc700> CORE::BYTES::UPDATES_OUT 62471088
1464011217934	<INFO 7fc7fdffb700> CORE::BYTES::UPDATES_IN 91467272
1464011217937	<INFO 7fc808bf5700> CORE::BYTES::EDGES_STREAMED 486006780
1464011217939	<INFO 7fc7fe7fc700> CORE::BYTES::UPDATES_IN 39293448
1464011217942	<INFO 7fc7ff7fe700> CORE::BYTES::UPDATES_OUT 49266136
1464011217944	<INFO 7fc7ff7fe700> CORE::BYTES::UPDATES_IN 44929456
1464011217947	<INFO 7fc8093f6700> CORE::BYTES::UPDATES_IN 29262880
1464011217949	<INFO 7fc808bf5700> CORE::BYTES::UPDATES_OUT 59148840
1464011217952	<INFO 7fc808bf5700> CORE::BYTES::UPDATES_IN 33350200
1464011217954	<INFO 7fc80a3f8700> SLIPSTORE service is exiting
1464011217957	<INFO 7fc80a3f8700> SLIPSTORE::HELP_OFFERS_RECVD 98
1464011217960	<INFO 7fc80a3f8700> SLIPSTORE::HELP_OFFERS_ACCEPTED 0
1464011217962	<INFO 7fc80a3f8700> SLIPSTORE::HELP_ACCEPTANCE_RATIO 0
1464011217965	<INFO 7fc80a3f8700> SLIPSTORE::SERVER_BUSY_DISK  19.2139 seconds
1464011217967	<INFO 7fc80a3f8700> SLIPSTORE::SERVER_BUSY_MEM  0.02706 seconds
1464011217969	<INFO 7fc80a3f8700> SLIPSTORE::SERVER_TOTAL  29.1294 seconds
1464011217972	<INFO 7fe6277cd780> SLIPSTORE::CLIENT::DISK_READ_TIME  17.3647 seconds
1464011217975	<INFO 7fe6277cd780> SLIPSTORE::CLIENT::MEM_READ_TIME  0 seconds
1464011217977	<INFO 7fe6277cd780> SLIPSTORE::CLIENT::DISK_BYTES_READ 6391304504
1464011217980	<INFO 7fe6277cd780> SLIPSTORE::CLIENT::MEM_BYTES_READ 0
1464011217982	<INFO 7fe6277cd780> SLIPSTORE::CLIENT::WRITE_TIME  4.91006 seconds
1464011217985	<INFO 7fe6277cd780> SLIPSTORE::CLIENT::BYTES_WRITTEN 134217728
1464011217987	<INFO 7fe6277cd780> SLIPSTORE::CLIENT_BUSY  22.2748 seconds
1464011217990	<INFO 7fe6277cd780> SLIPSTORE::IO::TIME 9.51031 seconds
1464011217992	<INFO 7fe6277cd780> SLIPSTORE::SNAP::TIME 0 seconds
1464011217995	<INFO 7fe6277cd780> SLIPSTORE::MAX_DISK_USAGE_BYTES 1108686396
1464011217997	<INFO 7fe6277cd780> CORE::RUSAGE::MAX_RSS_KB 125948520
1464011218000	<INFO 7fe6277cd780> CORE::RUSAGE::MINFLT 32784078
1464011218002	<INFO 7fe6277cd780> CORE::RUSAGE::MAJFLT 0
1464011218005	<INFO 7fe6277cd780> CORE::RUSAGE::MAJFLT 0
1464011218007	<INFO 7fe6277cd780> CORE::RUSAGE::INBLK 1572864
1464011218010	<INFO 7fe6277cd780> CORE::RUSAGE::OUBLK 2795864
1464011218012	<INFO 7fe6277cd780> CORE::UTILS::BYTES_READ 7001858188
1464011218015	<INFO 7fe6277cd780> CORE::UTILS::BYTES_WRITTEN 1431302212
1464011218017	<INFO 7fe6277cd780> CORE::UTILS::TILE_COPY_BYTES 385875968
1464011218020	<INFO 7fe6277cd780> CORE::TIME::IO_WAIT 19.0122 seconds
1464011218022	<INFO 7fe6277cd780> CORE::TIME_TILE_COPY 1.24454 seconds
1464011218025	<INFO 7fe6277cd780> CORE::TIME_TILE_MERGE 0 seconds
1464011218028	<INFO 7fe6277cd780> CORE::TIME_PROCESSING_STOLEN 7.59136 seconds
1464011218030	<INFO 7fe6277cd780> CORE::TIME_MERGE_WAIT 0.609975 seconds
1464011218033	<INFO 7fe6277cd780> CORE::OTHER_TIME_ALL_MC_BARRIER 0 seconds
1464011218035	<INFO 7fe6277cd780> CORE::SCATTER_TIME_ALL_MC_BARRIER 0.412751 seconds
1464011218038	<INFO 7fe6277cd780> CORE::GATHER_TIME_ALL_MC_BARRIER 0.016428 seconds
1464011218040	<INFO 7fe6277cd780> CORE::INIT_TIME_ALL_MC_BARRIER 1.93576 seconds
1464011218043	<INFO 7fe6277cd780> CORE::SHUT_DOWN_TIME_ALL_MC_BARRIER 0.002891 seconds
1464011218045	<INFO 7fe6277cd780> CORE::STREAM_SKIP_BEFORE_TIME_ALL_MC_BARRIER 0.056288 seconds
1464011218048	<INFO 7fe6277cd780> CORE::TAKE_CHECKPOINT_BEFORE_TIME_ALL_MC_BARRIER 0 seconds
1464011218050	<INFO 7fe6277cd780> CORE::TAKE_CHECKPOINT_COMPLETE_TIME_ALL_MC_BARRIER 0 seconds
1464011218053	<INFO 7fe6277cd780> CORE::METADATA_WRITE_COMPLETE_TIME_ALL_MC_BARRIER 0 seconds
1464011218055	<INFO 7fe6277cd780> CORE::STREAM_EOF_BEFORE_TIME_ALL_MC_BARRIER 0 seconds
1464011218058	<INFO 7fe6277cd780> CORE::STREAM_EOF_AFTER_TIME_ALL_MC_BARRIER 0 seconds
1464011218061	<INFO 7fe6277cd780> CORE::STATE_LOAD_TIME_ALL_MC_BARRIER 0 seconds
1464011218063	<INFO 7fe6277cd780> CORE::STATE_STORE_TIME_ALL_MC_BARRIER 0 seconds
1464011218066	<INFO 7fe6277cd780> CORE::WORK_STEALING_COST_GATHER 1.33206 seconds
1464011218068	<INFO 7fe6277cd780> CORE::WORK_STEALING_COST_SCATTER 8.11722 seconds
1464011218071	<INFO 7fe6277cd780> CORE::WORK_STEALING_COST_GATHER_COPY_VERTEX_STATE 0.242846 seconds
1464011218073	<INFO 7fe6277cd780> CORE::WORK_STEALING_COST_SCATTER_COPY_VERTEX_STATE 1.0017 seconds
1464011218076	<INFO 7fe6277cd780> CORE::WORK_STEALING_COST_GATHER_PROCESSING 0.478403 seconds
1464011218078	<INFO 7fe6277cd780> CORE::WORK_STEALING_COST_SCATTER_PROCESSING 7.11296 seconds
1464011218081	<INFO 7fe6277cd780> CORE::WORK_STEALING_COST_GATHER_MERGE 0.609977 seconds
1464011218083	<INFO 7fe6277cd780> CORE::PHASES 7
1464011218086	<INFO 7fe6277cd780> CORE::TIME::SETUP 2.00518 seconds
1464011218088	<INFO 7fe6277cd780> CORE::TIME::INIT_PARTITIONS_TIME 7.17553 seconds
1464011218091	<INFO 7fe6277cd780> CORE::TIME::STATE_ITER 0.063237 seconds
1464011218094	<INFO 7fe6277cd780> CORE::TIME::GATHER 5.60204 seconds
1464011218096	<INFO 7fe6277cd780> CORE::TIME::SCATTER 15.7886 seconds
1464011218099	<INFO 7fe6277cd780> CORE::TIME::WALL 30.9274 seconds
1464011218101	<INFO 7fe6277cd780> SHUTDOWN
