1464011057692	<INFO 7fc1fcc74780> 2016-05-23 15:44:17 STARTUP
1464011057694	<INFO 7fc1fcc74780> CORE::GRAPH rmat-24-und_s8
1464011057697	<INFO 7fc1fcc74780> CORE::ALGORITHM bfs
1464011057699	<INFO 7fc1fcc74780> CORE::VERTEX_STRIPING ON
1464011057701	<INFO 7fc1fcc74780> CORE::OPTIMIZED_STATE_LOAD_STORE OFF
1464011057704	<INFO 7fc1fcc74780> CORE::BINARY_SEARCH_SUPER_PARTITION ON
1464011057706	<INFO 7fc1fcc74780> CORE::SUPER_PARTITION_COMPUTED_FOR_EACH_SCATTER_GATHER_PHASE
1464011057709	<INFO 7fc1fcc74780> CORE::EDGE_STRIPING ON
1464011057711	<INFO 7fc1fcc74780> CORE::BATCH IO ON
1464011057714	<INFO 7fc1fcc74780> CORE::GRID_PARTITIONING OFF
1464011057716	<INFO 7fc1fcc74780> 2016-05-23 15:44:17 Blocking memory amount 126701535232
1464011165233	<INFO 7fc1fcc74780> 2016-05-23 15:46:05 Done blocking memory
1464011165235	<INFO 7fc1fcc74780> SG-DRIVER-ORIGINAL
1464011165237	<INFO 7fc1fcc74780> 2016-05-23 15:46:05 START read config parameters
1464011165240	<INFO 7fc1fcc74780> PARTITIONING::OLD 1
1464011165242	<INFO 7fc1fcc74780> PARTITIONING::BALANCED_PARTITIONS 0
1464011165245	<INFO 7fc1fcc74780> CORE::CONFIG::PROCESSORS 8
1464011165247	<INFO 7fc1fcc74780> CORE::CONFIG::PHYSICAL_MEMORY 2147483648
1464011165250	<INFO 7fc1fcc74780> CORE::CONFIG::VERTICES 16777216
1464011165252	<INFO 7fc1fcc74780> CORE::CONFIG::VERTEX_SIZE 8
1464011165254	<INFO 7fc1fcc74780> CORE::CONFIG::VERTEX_BUFFER 16777216
1464011165257	<INFO 7fc1fcc74780> CORE::CONFIG::EDGES 67108864
1464011165259	<INFO 7fc1fcc74780> CORE::CONFIG::PARTITIONS 64
1464011165261	<INFO 7fc1fcc74780> CORE::CONFIG::FANOUT 64
1464011165264	<INFO 7fc1fcc74780> CORE::CONFIG::SUPER_PARTITIONS 8
1464011165266	<INFO 7fc1fcc74780> CORE::CONFIG::MACHINE_ID 4
1464011165268	<INFO 7fc1fcc74780> CORE::CONFIG::TILES 1
1464011165271	<INFO 7fc1fcc74780> CORE::CONFIG::BUFFER_SIZE 426140160
1464011165273	<INFO 7fc1fcc74780> CORE::CONFIG::MAX_BUFFERS 4
1464011165275	<INFO 7fc1fcc74780> CORE::CONFIG::MAX_STREAMS 4
1464011165278	<INFO 7fc1fcc74780> CORE::CONFIG::SUM_OF_OUT_DEGREES_FOR_NEW_PARTITIONS::FIRST_CONSTRAINT 2097152
1464011165280	<INFO 7fc1fcc74780> CORE::CONFIG::MAX_EDGES_PER_NEW_PARTITION::SECOND_CONSTRAINT 8388608
1464011165283	<INFO 7fc1fcc74780> SLIPSTREAM::EXT_MEM_SHUFFLE OFF
1464011165286	<INFO 7fc1fcc74780> 2016-05-23 15:46:05 END read config parameters
1464011166986	<WARNING 7fc1fcc74780> Unable to unlink file (stream.0.0.0):No such file or directory
1464011166988	<WARNING 7fc1fcc74780> Unable to unlink file (stream.0.1.0):No such file or directory
1464011166991	<WARNING 7fc1fcc74780> Unable to unlink file (stream.0.2.0):No such file or directory
1464011166994	<WARNING 7fc1fcc74780> Unable to unlink file (stream.0.3.0):No such file or directory
1464011166997	<WARNING 7fc1fcc74780> Unable to unlink file (stream.0.4.0):No such file or directory
1464011166999	<WARNING 7fc1fcc74780> Unable to unlink file (stream.0.5.0):No such file or directory
1464011167003	<WARNING 7fc1fcc74780> Unable to unlink file (stream.0.6.0):No such file or directory
1464011167005	<WARNING 7fc1fcc74780> Unable to unlink file (stream.0.7.0):No such file or directory
1464011167008	<WARNING 7fc1fcc74780> Unable to unlink file (stream.1.1.0):No such file or directory
1464011167010	<WARNING 7fc1fcc74780> Unable to unlink file (stream.1.2.0):No such file or directory
1464011167013	<WARNING 7fc1fcc74780> Unable to unlink file (stream.1.3.0):No such file or directory
1464011167018	<WARNING 7fc1fcc74780> Unable to unlink file (stream.1.4.0):No such file or directory
1464011167021	<WARNING 7fc1fcc74780> Unable to unlink file (stream.1.5.0):No such file or directory
1464011167024	<WARNING 7fc1fcc74780> Unable to unlink file (stream.1.6.0):No such file or directory
1464011167026	<WARNING 7fc1fcc74780> Unable to unlink file (stream.1.7.0):No such file or directory
1464011167028	<WARNING 7fc1fcc74780> Unable to unlink file (stream.2.0.0):No such file or directory
1464011167031	<WARNING 7fc1fcc74780> Unable to unlink file (stream.2.1.0):No such file or directory
1464011167034	<WARNING 7fc1fcc74780> Unable to unlink file (stream.2.2.0):No such file or directory
1464011167037	<WARNING 7fc1fcc74780> Unable to unlink file (stream.2.3.0):No such file or directory
1464011167039	<WARNING 7fc1fcc74780> Unable to unlink file (stream.2.4.0):No such file or directory
1464011167041	<WARNING 7fc1fcc74780> Unable to unlink file (stream.2.5.0):No such file or directory
1464011167044	<WARNING 7fc1fcc74780> Unable to unlink file (stream.2.6.0):No such file or directory
1464011167046	<WARNING 7fc1fcc74780> Unable to unlink file (stream.2.7.0):No such file or directory
1464011167048	<WARNING 7fc1fcc74780> Unable to unlink file (stream.3.0.0):No such file or directory
1464011167051	<WARNING 7fc1fcc74780> Unable to unlink file (stream.3.1.0):No such file or directory
1464011167053	<WARNING 7fc1fcc74780> Unable to unlink file (stream.3.2.0):No such file or directory
1464011167057	<WARNING 7fc1fcc74780> Unable to unlink file (stream.3.3.0):No such file or directory
1464011167060	<WARNING 7fc1fcc74780> Unable to unlink file (stream.3.4.0):No such file or directory
1464011167062	<WARNING 7fc1fcc74780> Unable to unlink file (stream.3.5.0):No such file or directory
1464011167065	<WARNING 7fc1fcc74780> Unable to unlink file (stream.3.6.0):No such file or directory
1464011167067	<WARNING 7fc1fcc74780> Unable to unlink file (stream.3.7.0):No such file or directory
1464011167070	<INFO 7fc1fcc74780> SLIPSTORE::ZMQ_THREADS 2
1464011167073	<INFO 7fc1fcc74780> SLIPSTORE::COMM Connecting to tcp://dco-node137-10g:5016
1464011167076	<INFO 7fc1fcc74780> SLIPSTORE::COMM Connecting to tcp://dco-node138-10g:5034
1464011167078	<INFO 7fc1fcc74780> SLIPSTORE::COMM Connecting to tcp://dco-node139-10g:5052
1464011167081	<INFO 7fc1fcc74780> SLIPSTORE::COMM Connecting to tcp://dco-node140-10g:5070
1464011167083	<INFO 7fc1fcc74780> SLIPSTORE::COMM Connecting to tcp://dco-node141-10g:5088
1464011167085	<INFO 7fc1fcc74780> SLIPSTORE::COMM Connecting to tcp://dco-node142-10g:5106
1464011167088	<INFO 7fc1fcc74780> SLIPSTORE::COMM Connecting to tcp://dco-node143-10g:5124
1464011167090	<INFO 7fc1fcc74780> SLIPSTORE::COMM Connecting to tcp://dco-node144-10g:5142
1464011167093	<INFO 7fc1fcc74780> SLIPSTORE::COMM Listening at tcp://p1p1:5080
1464011167095	<INFO 7fc1fcc74780> SLIPSTORE::COMM Listening at tcp://p1p1:5081
1464011167097	<INFO 7fc1fcc74780> SLIPSTORE::COMM Listening at tcp://p1p1:5082
1464011167100	<INFO 7fc1fcc74780> SLIPSTORE::COMM Listening at tcp://p1p1:5083
1464011167103	<INFO 7fc1fcc74780> SLIPSTORE::COMM Listening at ipc://client
1464011167106	<INFO 7fc1fcc74780> SLIPSTORE::COMM Listening at tcp://p1p1:5085
1464011167110	<INFO 7fc1fcc74780> SLIPSTORE::COMM Listening at tcp://p1p1:5086
1464011167112	<INFO 7fc1fcc74780> SLIPSTORE::COMM Listening at tcp://p1p1:5087
1464011167115	<INFO 7fc1fcc74780> SLIPSTORE::COMM Connecting to tcp://dco-node137-10g:5016
1464011167118	<INFO 7fc1fcc74780> SLIPSTORE::COMM Connecting to tcp://dco-node138-10g:5034
1464011167120	<INFO 7fc1fcc74780> SLIPSTORE::COMM Connecting to tcp://dco-node139-10g:5052
1464011167122	<INFO 7fc1fcc74780> SLIPSTORE::COMM Connecting to tcp://dco-node140-10g:5070
1464011167125	<INFO 7fc1fcc74780> SLIPSTORE::COMM Connecting to tcp://dco-node141-10g:5088
1464011167127	<INFO 7fc1fcc74780> SLIPSTORE::COMM Connecting to tcp://dco-node142-10g:5106
1464011167130	<INFO 7fc1fcc74780> SLIPSTORE::COMM Connecting to tcp://dco-node143-10g:5124
1464011167132	<INFO 7fc1fcc74780> SLIPSTORE::COMM Connecting to tcp://dco-node144-10g:5142
1464011167135	<INFO 7fc1fcc74780> SLIPSTORE::COMM Connecting to tcp://dco-node137-10g:5004
1464011167137	<INFO 7fc1fcc74780> SLIPSTORE::COMM Connecting to tcp://dco-node138-10g:5022
1464011167140	<INFO 7fc1fcc74780> SLIPSTORE::COMM Connecting to tcp://dco-node139-10g:5040
1464011167142	<INFO 7fc1fcc74780> SLIPSTORE::COMM Connecting to tcp://dco-node140-10g:5058
1464011167145	<INFO 7fc1fcc74780> SLIPSTORE::COMM Connecting to ipc://server
1464011167147	<INFO 7fc1fcc74780> SLIPSTORE::COMM Connecting to tcp://dco-node142-10g:5094
1464011167150	<INFO 7fc1fcc74780> SLIPSTORE::COMM Connecting to tcp://dco-node143-10g:5112
1464011167153	<INFO 7fc1fcc74780> SLIPSTORE::COMM Connecting to tcp://dco-node144-10g:5130
1464011167155	<INFO 7fc1fcc74780> SLIPSTORE::COMM Connecting to tcp://dco-node142-10g:5107
1464011167157	<INFO 7fc1fcc74780> SLIPSTORE::COMM Listening at tcp://p1p1:5089
1464011167160	<INFO 7fc1fcc74780> SLIPSTORE::COMM Connecting to tcp://dco-node141-10g:5088
1464011167162	<INFO 7fc1fcc74780> SLIPSTORE::HELP_POLICY HEURISTIC_NEW
1464011167165	<INFO 7fc1fcc74780> SLIPSTORE::SERVER ASYNC
1464011167167	<INFO 7fc1fcc74780> SLIPSTORE::MACHINES 8
1464011167169	<INFO 7fc1fcc74780> SLIPSTORE::ME 4
1464011167172	<INFO 7fc1fcc74780> SLIPSTORE::SLIPCHUNK 4194304
1464011167174	<INFO 7fc1fcc74780> SLIPSTORE::QUOTA 18446744073709551615
1464011167177	<INFO 7fc1fcc74780> SLIPSTORE::IO PAGECACHE
1464011167179	<INFO 7fa3df3fc700> SLIPSTORE::COMM Listening at tcp://p1p1:5088
1464011167181	<INFO 7fa3df3fc700> SLIPSTORE::COMM Listening at tcp://p1p1:5072
1464011167184	<INFO 7fa3df3fc700> SLIPSTORE::COMM Connecting to tcp://dco-node137-10g:5012
1464011167187	<INFO 7fa3df3fc700> SLIPSTORE::COMM Listening at tcp://p1p1:5073
1464011167189	<INFO 7fa3df3fc700> SLIPSTORE::COMM Connecting to tcp://dco-node138-10g:5030
1464011167192	<INFO 7fa3df3fc700> SLIPSTORE::COMM Listening at tcp://p1p1:5074
1464011167194	<INFO 7fa3df3fc700> SLIPSTORE::COMM Connecting to tcp://dco-node139-10g:5048
1464011167197	<INFO 7fa3df3fc700> SLIPSTORE::COMM Listening at tcp://p1p1:5075
1464011167201	<INFO 7fa3df3fc700> SLIPSTORE::COMM Connecting to tcp://dco-node140-10g:5066
1464011167204	<INFO 7fa3df3fc700> SLIPSTORE::COMM Listening at ipc://server
1464011167207	<INFO 7fa3df3fc700> SLIPSTORE::COMM Connecting to ipc://client
1464011167212	<INFO 7fa3df3fc700> SLIPSTORE::COMM Listening at tcp://p1p1:5077
1464011167216	<INFO 7fa3df3fc700> SLIPSTORE::COMM Connecting to tcp://dco-node142-10g:5102
1464011167220	<INFO 7fa3df3fc700> SLIPSTORE::COMM Listening at tcp://p1p1:5078
1464011167224	<INFO 7fa3df3fc700> SLIPSTORE::COMM Connecting to tcp://dco-node143-10g:5120
1464011167227	<INFO 7fa3df3fc700> SLIPSTORE::COMM Listening at tcp://p1p1:5079
1464011167229	<INFO 7fa3df3fc700> SLIPSTORE::COMM Connecting to tcp://dco-node144-10g:5138
1464011167232	<INFO 7fc1fcc74780> SLIPSTORE::CHECKPOINTS NONE FOUND
1464011167236	<INFO 7fc1fcc74780> 2016-05-23 15:46:07 Start edge split
1464011174337	<INFO 7fc1fcc74780> 2016-05-23 15:46:14 Completed init
1464011174444	<INFO 7fc1fcc74780> 2016-05-23 15:46:14 Started gather
1464011174574	<INFO 7fc1fcc74780> 2016-05-23 15:46:14 Completed gather
1464011174675	<INFO 7fc1fcc74780> 2016-05-23 15:46:14 Started scatter
1464011176278	<INFO 7fc1fcc74780> 2016-05-23 15:46:16 Completed scatter
1464011176464	<INFO 7fc1fcc74780> 2016-05-23 15:46:16 Completed phase 1 Bytes read 1631666000 Bytes written 827417888
1464011176488	<INFO 7fc1fcc74780> 2016-05-23 15:46:16 Started gather
1464011176595	<INFO 7fc1fcc74780> 2016-05-23 15:46:16 Completed gather
1464011176750	<INFO 7fc1fcc74780> 2016-05-23 15:46:16 Started scatter
1464011179751	<INFO 7fc1fcc74780> 2016-05-23 15:46:19 Completed scatter
1464011180142	<INFO 7fc1fcc74780> 2016-05-23 15:46:20 Completed phase 2 Bytes read 2459083888 Bytes written 1167780600
1464011180165	<INFO 7fc1fcc74780> 2016-05-23 15:46:20 Started gather
1464011181224	<INFO 7fc1fcc74780> 2016-05-23 15:46:21 Completed gather
1464011182619	<INFO 7fc1fcc74780> 2016-05-23 15:46:22 Started scatter
1464011185713	<INFO 7fc1fcc74780> 2016-05-23 15:46:25 Completed scatter
1464011185755	<INFO 7fc1fcc74780> 2016-05-23 15:46:25 Completed phase 3 Bytes read 3609029016 Bytes written 1373008936
1464011185776	<INFO 7fc1fcc74780> 2016-05-23 15:46:25 Started gather
1464011186508	<INFO 7fc1fcc74780> 2016-05-23 15:46:26 Completed gather
1464011187587	<INFO 7fc1fcc74780> 2016-05-23 15:46:27 Started scatter
1464011189456	<INFO 7fc1fcc74780> 2016-05-23 15:46:29 Completed scatter
1464011189480	<INFO 7fc1fcc74780> 2016-05-23 15:46:29 Completed phase 4 Bytes read 4623839768 Bytes written 1390710824
1464011189506	<INFO 7fc1fcc74780> 2016-05-23 15:46:29 Started gather
1464011189655	<INFO 7fc1fcc74780> 2016-05-23 15:46:29 Completed gather
1464011189793	<INFO 7fc1fcc74780> 2016-05-23 15:46:29 Started scatter
1464011191535	<INFO 7fc1fcc74780> 2016-05-23 15:46:31 Completed scatter
1464011191652	<INFO 7fc1fcc74780> 2016-05-23 15:46:31 Completed phase 5 Bytes read 5451124072 Bytes written 1407491208
1464011191680	<INFO 7fc1fcc74780> 2016-05-23 15:46:31 Started gather
1464011191877	<INFO 7fc1fcc74780> 2016-05-23 15:46:31 Completed gather
1464011191958	<INFO 7fc1fcc74780> 2016-05-23 15:46:31 Started scatter
1464011193725	<INFO 7fc1fcc74780> 2016-05-23 15:46:33 Completed scatter
1464011193839	<INFO 7fc1fcc74780> 2016-05-23 15:46:33 Completed phase 6 Bytes read 6277486872 Bytes written 1424268440
1464011193864	<INFO 7fc1fcc74780> 2016-05-23 15:46:33 Started gather
1464011194048	<INFO 7fc1fcc74780> 2016-05-23 15:46:34 Completed gather
1464011194119	<INFO 7fc1fcc74780> 2016-05-23 15:46:34 Started scatter
1464011195972	<INFO 7fc1fcc74780> 2016-05-23 15:46:35 Completed scatter
1464011196079	<INFO 7fc1fcc74780> 2016-05-23 15:46:36 Completed phase 7 Bytes read 7103846520 Bytes written 1441045656
1464011196081	<INFO 7fc1fcc74780> ALGORITHM::BFS::VERTICES_DISCOVERED 1272707
1464011196084	<INFO 7fc1fcc74780> ALGORITHM::BFS::EDGES_EXPLORED 74427629
1464011196086	<INFO 7fc1fcc74780> CORE::PARTITIONS_PROCESSED 23
1464011196089	<INFO 7fc1fcc74780> CORE::BYTES::EDGES_STREAMED 751504260
1464011196091	<INFO 7fc1fcc74780> CORE::BYTES::UPDATES_OUT 58665256
1464011196094	<INFO 7fc1fcc74780> CORE::BYTES::UPDATES_IN 51410360
1464011196096	<INFO 7fa3d2ffd700> CORE::PARTITIONS_PROCESSED 53
1464011196099	<INFO 7fa3dd3f8700> CORE::PARTITIONS_PROCESSED 49
1464011196101	<INFO 7fa3d2ffd700> CORE::BYTES::EDGES_STREAMED 1244406948
1464011196103	<INFO 7fa3d2ffd700> CORE::BYTES::UPDATES_OUT 131502240
1464011196106	<INFO 7fa3d2ffd700> CORE::BYTES::UPDATES_IN 145816696
1464011196108	<INFO 7fa3dd3f8700> CORE::BYTES::EDGES_STREAMED 821531616
1464011196110	<INFO 7fa3dd3f8700> CORE::BYTES::UPDATES_OUT 73646848
1464011196113	<INFO 7fa3dd3f8700> CORE::BYTES::UPDATES_IN 73742480
1464011196115	<INFO 7fa3ddbf9700> CORE::PARTITIONS_PROCESSED 38
1464011196118	<INFO 7fa3dcbf7700> CORE::PARTITIONS_PROCESSED 34
1464011196120	<INFO 7fa3de3fa700> CORE::PARTITIONS_PROCESSED 38
1464011196123	<INFO 7fa3d3fff700> CORE::PARTITIONS_PROCESSED 44
1464011196125	<INFO 7fa3dcbf7700> CORE::BYTES::EDGES_STREAMED 744696612
1464011196127	<INFO 7fa3de3fa700> CORE::BYTES::EDGES_STREAMED 654943236
1464011196129	<INFO 7fa3d37fe700> CORE::PARTITIONS_PROCESSED 43
1464011196132	<INFO 7fa3dcbf7700> CORE::BYTES::UPDATES_OUT 71176752
1464011196134	<INFO 7fa3ddbf9700> CORE::BYTES::EDGES_STREAMED 683842272
1464011196137	<INFO 7fa3d37fe700> CORE::BYTES::EDGES_STREAMED 674827368
1464011196139	<INFO 7fa3d37fe700> CORE::BYTES::UPDATES_OUT 73926216
1464011196142	<INFO 7fa3de3fa700> CORE::BYTES::UPDATES_OUT 52108240
1464011196144	<INFO 7fa3dcbf7700> CORE::BYTES::UPDATES_IN 71018960
1464011196146	<INFO 7fa3ddbf9700> CORE::BYTES::UPDATES_OUT 71241176
1464011196149	<INFO 7fa3de3fa700> CORE::BYTES::UPDATES_IN 69173624
1464011196151	<INFO 7fa3d37fe700> CORE::BYTES::UPDATES_IN 62335952
1464011196154	<INFO 7fa3ddbf9700> CORE::BYTES::UPDATES_IN 59586688
1464011196156	<INFO 7fa3d3fff700> CORE::BYTES::EDGES_STREAMED 676232364
1464011196158	<INFO 7fa3d3fff700> CORE::BYTES::UPDATES_OUT 63154304
1464011196161	<INFO 7fa3d3fff700> CORE::BYTES::UPDATES_IN 62336272
1464011196163	<INFO 7fa3df3fc700> SLIPSTORE service is exiting
1464011196166	<INFO 7fa3df3fc700> SLIPSTORE::HELP_OFFERS_RECVD 98
1464011196168	<INFO 7fa3df3fc700> SLIPSTORE::HELP_OFFERS_ACCEPTED 0
1464011196170	<INFO 7fa3df3fc700> SLIPSTORE::HELP_ACCEPTANCE_RATIO 0
1464011196173	<INFO 7fa3df3fc700> SLIPSTORE::SERVER_BUSY_DISK  19.6816 seconds
1464011196175	<INFO 7fa3df3fc700> SLIPSTORE::SERVER_BUSY_MEM  0 seconds
1464011196178	<INFO 7fa3df3fc700> SLIPSTORE::SERVER_TOTAL  29.0578 seconds
1464011196180	<INFO 7fc1fcc74780> SLIPSTORE::CLIENT::DISK_READ_TIME  18.8176 seconds
1464011196182	<INFO 7fc1fcc74780> SLIPSTORE::CLIENT::MEM_READ_TIME  0 seconds
1464011196185	<INFO 7fc1fcc74780> SLIPSTORE::CLIENT::DISK_BYTES_READ 7895981700
1464011196187	<INFO 7fc1fcc74780> SLIPSTORE::CLIENT::MEM_BYTES_READ 0
1464011196190	<INFO 7fc1fcc74780> SLIPSTORE::CLIENT::WRITE_TIME  5.3311 seconds
1464011196192	<INFO 7fc1fcc74780> SLIPSTORE::CLIENT::BYTES_WRITTEN 134217728
1464011196194	<INFO 7fc1fcc74780> SLIPSTORE::CLIENT_BUSY  24.1487 seconds
1464011196197	<INFO 7fc1fcc74780> SLIPSTORE::IO::TIME 9.40033 seconds
1464011196199	<INFO 7fc1fcc74780> SLIPSTORE::SNAP::TIME 0 seconds
1464011196202	<INFO 7fc1fcc74780> SLIPSTORE::MAX_DISK_USAGE_BYTES 1133167912
1464011196204	<INFO 7fc1fcc74780> CORE::RUSAGE::MAX_RSS_KB 125952104
1464011196207	<INFO 7fc1fcc74780> CORE::RUSAGE::MINFLT 33262921
1464011196209	<INFO 7fc1fcc74780> CORE::RUSAGE::MAJFLT 0
1464011196211	<INFO 7fc1fcc74780> CORE::RUSAGE::MAJFLT 0
1464011196214	<INFO 7fc1fcc74780> CORE::RUSAGE::INBLK 1572864
1464011196216	<INFO 7fc1fcc74780> CORE::RUSAGE::OUBLK 2814912
1464011196219	<INFO 7fc1fcc74780> CORE::UTILS::BYTES_READ 7103846520
1464011196221	<INFO 7fc1fcc74780> CORE::UTILS::BYTES_WRITTEN 1441045656
1464011196223	<INFO 7fc1fcc74780> CORE::UTILS::TILE_COPY_BYTES 234881024
1464011196226	<INFO 7fc1fcc74780> CORE::TIME::IO_WAIT 17.8797 seconds
1464011196228	<INFO 7fc1fcc74780> CORE::TIME_TILE_COPY 0 seconds
1464011196231	<INFO 7fc1fcc74780> CORE::TIME_TILE_MERGE 0 seconds
1464011196233	<INFO 7fc1fcc74780> CORE::TIME_PROCESSING_STOLEN 0 seconds
1464011196235	<INFO 7fc1fcc74780> CORE::TIME_MERGE_WAIT 0 seconds
1464011196238	<INFO 7fc1fcc74780> CORE::OTHER_TIME_ALL_MC_BARRIER 0 seconds
1464011196240	<INFO 7fc1fcc74780> CORE::SCATTER_TIME_ALL_MC_BARRIER 0.446077 seconds
1464011196242	<INFO 7fc1fcc74780> CORE::GATHER_TIME_ALL_MC_BARRIER 0.016437 seconds
1464011196245	<INFO 7fc1fcc74780> CORE::INIT_TIME_ALL_MC_BARRIER 1.89247 seconds
1464011196247	<INFO 7fc1fcc74780> CORE::SHUT_DOWN_TIME_ALL_MC_BARRIER 0.003466 seconds
1464011196250	<INFO 7fc1fcc74780> CORE::STREAM_SKIP_BEFORE_TIME_ALL_MC_BARRIER 0.070244 seconds
1464011196252	<INFO 7fc1fcc74780> CORE::TAKE_CHECKPOINT_BEFORE_TIME_ALL_MC_BARRIER 0 seconds
1464011196254	<INFO 7fc1fcc74780> CORE::TAKE_CHECKPOINT_COMPLETE_TIME_ALL_MC_BARRIER 0 seconds
1464011196257	<INFO 7fc1fcc74780> CORE::METADATA_WRITE_COMPLETE_TIME_ALL_MC_BARRIER 0 seconds
1464011196259	<INFO 7fc1fcc74780> CORE::STREAM_EOF_BEFORE_TIME_ALL_MC_BARRIER 0 seconds
1464011196261	<INFO 7fc1fcc74780> CORE::STREAM_EOF_AFTER_TIME_ALL_MC_BARRIER 0 seconds
1464011196264	<INFO 7fc1fcc74780> CORE::STATE_LOAD_TIME_ALL_MC_BARRIER 0 seconds
1464011196266	<INFO 7fc1fcc74780> CORE::STATE_STORE_TIME_ALL_MC_BARRIER 0 seconds
1464011196269	<INFO 7fc1fcc74780> CORE::WORK_STEALING_COST_GATHER 0 seconds
1464011196271	<INFO 7fc1fcc74780> CORE::WORK_STEALING_COST_SCATTER 0 seconds
1464011196274	<INFO 7fc1fcc74780> CORE::WORK_STEALING_COST_GATHER_COPY_VERTEX_STATE 0 seconds
1464011196276	<INFO 7fc1fcc74780> CORE::WORK_STEALING_COST_SCATTER_COPY_VERTEX_STATE 0 seconds
1464011196278	<INFO 7fc1fcc74780> CORE::WORK_STEALING_COST_GATHER_PROCESSING 0 seconds
1464011196281	<INFO 7fc1fcc74780> CORE::WORK_STEALING_COST_SCATTER_PROCESSING 0 seconds
1464011196283	<INFO 7fc1fcc74780> CORE::WORK_STEALING_COST_GATHER_MERGE 0 seconds
1464011196285	<INFO 7fc1fcc74780> CORE::PHASES 7
1464011196288	<INFO 7fc1fcc74780> CORE::TIME::SETUP 1.93798 seconds
1464011196290	<INFO 7fc1fcc74780> CORE::TIME::INIT_PARTITIONS_TIME 7.17533 seconds
1464011196293	<INFO 7fc1fcc74780> CORE::TIME::STATE_ITER 0.049319 seconds
1464011196295	<INFO 7fc1fcc74780> CORE::TIME::GATHER 5.61576 seconds
1464011196297	<INFO 7fc1fcc74780> CORE::TIME::SCATTER 15.7881 seconds
1464011196300	<INFO 7fc1fcc74780> CORE::TIME::WALL 30.8588 seconds
1464011196302	<INFO 7fc1fcc74780> SHUTDOWN
