1462383229254	<INFO 7f7cca46d780> 2016-05-04 19:33:49 STARTUP
1462383229257	<INFO 7f7cca46d780> CORE::GRAPH rmat-28-und_s8
1462383229259	<INFO 7f7cca46d780> CORE::ALGORITHM bfs
1462383229261	<INFO 7f7cca46d780> CORE::VERTEX_STRIPING OFF
1462383229263	<INFO 7f7cca46d780> CORE::OPTIMIZED_STATE_LOAD_STORE OFF
1462383229266	<INFO 7f7cca46d780> CORE::LINEAR_SEARCH_SUPER_PARTITION ON
1462383229268	<INFO 7f7cca46d780> CORE::SUPER_PARTITION_COMPUTED_FOR_EACH_VERTEX
1462383229270	<INFO 7f7cca46d780> CORE::EDGE_STRIPING ON
1462383229272	<INFO 7f7cca46d780> CORE::BATCH IO ON
1462383229275	<INFO 7f7cca46d780> 2016-05-04 19:33:49 Blocking memory amount 126701535232
1462383336795	<INFO 7f7cca46d780> 2016-05-04 19:35:36 Done blocking memory
1462383336797	<INFO 7f7cca46d780> SG-DRIVER-ORIGINAL
1462383336799	<INFO 7f7cca46d780> 2016-05-04 19:35:36 START read config parameters
1462383336802	<INFO 7f7cca46d780> PARTITIONING::OLD 0
1462383336805	<INFO 7f7cca46d780> PARTITIONING::BALANCED_PARTITIONS 0
1462383336807	<INFO 7f7cca46d780> CORE::CONFIG::PROCESSORS 8
1462383336810	<INFO 7f7cca46d780> CORE::CONFIG::PHYSICAL_MEMORY 2147483648
1462383336812	<INFO 7f7cca46d780> CORE::CONFIG::VERTICES 268435456
1462383336815	<INFO 7f7cca46d780> CORE::CONFIG::VERTEX_SIZE 8
1462383336817	<INFO 7f7cca46d780> CORE::CONFIG::VERTEX_BUFFER 934802392
1462383336820	<INFO 7f7cca46d780> CORE::CONFIG::EDGES 1073741824
1462383336822	<INFO 7f7cca46d780> CORE::CONFIG::PARTITIONS 64
1462383336824	<INFO 7f7cca46d780> CORE::CONFIG::FANOUT 64
1462383336827	<INFO 7f7cca46d780> CORE::CONFIG::SUPER_PARTITIONS 8
1462383336830	<INFO 7f7cca46d780> CORE::CONFIG::TILES 1
1462383336833	<INFO 7f7cca46d780> CORE::CONFIG::BUFFER_SIZE 242535124
1462383336835	<INFO 7f7cca46d780> CORE::CONFIG::MAX_BUFFERS 4
1462383336837	<INFO 7f7cca46d780> CORE::CONFIG::MAX_STREAMS 4
1462383336840	<INFO 7f7cca46d780> CORE::CONFIG::SUM_OF_OUT_DEGREES_FOR_NEW_PARTITIONS::FIRST_CONSTRAINT 1073741824
1462383336842	<INFO 7f7cca46d780> CORE::CONFIG::MAX_EDGES_PER_NEW_PARTITION::SECOND_CONSTRAINT 1073741824
1462383336844	<INFO 7f7cca46d780> SLIPSTREAM::EXT_MEM_SHUFFLE OFF
1462383336846	<INFO 7f7cca46d780> 2016-05-04 19:35:36 END read config parameters
1462383338548	<WARNING 7f7cca46d780> Unable to unlink file (stream.0.0.0):No such file or directory
1462383338550	<WARNING 7f7cca46d780> Unable to unlink file (stream.0.1.0):No such file or directory
1462383338552	<WARNING 7f7cca46d780> Unable to unlink file (stream.0.2.0):No such file or directory
1462383338555	<WARNING 7f7cca46d780> Unable to unlink file (stream.0.3.0):No such file or directory
1462383338557	<WARNING 7f7cca46d780> Unable to unlink file (stream.0.4.0):No such file or directory
1462383338560	<WARNING 7f7cca46d780> Unable to unlink file (stream.0.5.0):No such file or directory
1462383338562	<WARNING 7f7cca46d780> Unable to unlink file (stream.0.6.0):No such file or directory
1462383338564	<WARNING 7f7cca46d780> Unable to unlink file (stream.0.7.0):No such file or directory
1462383338566	<WARNING 7f7cca46d780> Unable to unlink file (stream.1.1.0):No such file or directory
1462383338571	<WARNING 7f7cca46d780> Unable to unlink file (stream.1.2.0):No such file or directory
1462383338573	<WARNING 7f7cca46d780> Unable to unlink file (stream.1.3.0):No such file or directory
1462383338576	<WARNING 7f7cca46d780> Unable to unlink file (stream.1.4.0):No such file or directory
1462383338578	<WARNING 7f7cca46d780> Unable to unlink file (stream.1.5.0):No such file or directory
1462383338580	<WARNING 7f7cca46d780> Unable to unlink file (stream.1.6.0):No such file or directory
1462383338583	<WARNING 7f7cca46d780> Unable to unlink file (stream.1.7.0):No such file or directory
1462383338585	<WARNING 7f7cca46d780> Unable to unlink file (stream.2.0.0):No such file or directory
1462383338587	<WARNING 7f7cca46d780> Unable to unlink file (stream.2.1.0):No such file or directory
1462383338589	<WARNING 7f7cca46d780> Unable to unlink file (stream.2.2.0):No such file or directory
1462383338592	<WARNING 7f7cca46d780> Unable to unlink file (stream.2.3.0):No such file or directory
1462383338594	<WARNING 7f7cca46d780> Unable to unlink file (stream.2.4.0):No such file or directory
1462383338596	<WARNING 7f7cca46d780> Unable to unlink file (stream.2.5.0):No such file or directory
1462383338599	<WARNING 7f7cca46d780> Unable to unlink file (stream.2.6.0):No such file or directory
1462383338601	<WARNING 7f7cca46d780> Unable to unlink file (stream.2.7.0):No such file or directory
1462383338603	<WARNING 7f7cca46d780> Unable to unlink file (stream.3.0.0):No such file or directory
1462383338606	<WARNING 7f7cca46d780> Unable to unlink file (stream.3.1.0):No such file or directory
1462383338608	<WARNING 7f7cca46d780> Unable to unlink file (stream.3.2.0):No such file or directory
1462383338611	<WARNING 7f7cca46d780> Unable to unlink file (stream.3.3.0):No such file or directory
1462383338613	<WARNING 7f7cca46d780> Unable to unlink file (stream.3.4.0):No such file or directory
1462383338615	<WARNING 7f7cca46d780> Unable to unlink file (stream.3.5.0):No such file or directory
1462383338618	<WARNING 7f7cca46d780> Unable to unlink file (stream.3.6.0):No such file or directory
1462383338620	<WARNING 7f7cca46d780> Unable to unlink file (stream.3.7.0):No such file or directory
1462383338622	<INFO 7f7cca46d780> SLIPSTORE::ZMQ_THREADS 2
1462383338625	<INFO 7f7cca46d780> SLIPSTORE::COMM Connecting to tcp://dco-node137-10g:5016
1462383338628	<INFO 7f7cca46d780> SLIPSTORE::COMM Connecting to tcp://dco-node138-10g:5034
1462383338630	<INFO 7f7cca46d780> SLIPSTORE::COMM Connecting to tcp://dco-node139-10g:5052
1462383338633	<INFO 7f7cca46d780> SLIPSTORE::COMM Connecting to tcp://dco-node140-10g:5070
1462383338635	<INFO 7f7cca46d780> SLIPSTORE::COMM Connecting to tcp://dco-node141-10g:5088
1462383338637	<INFO 7f7cca46d780> SLIPSTORE::COMM Connecting to tcp://dco-node142-10g:5106
1462383338640	<INFO 7f7cca46d780> SLIPSTORE::COMM Connecting to tcp://dco-node143-10g:5124
1462383338642	<INFO 7f7cca46d780> SLIPSTORE::COMM Connecting to tcp://dco-node144-10g:5142
1462383338644	<INFO 7f7cca46d780> SLIPSTORE::COMM Listening at ipc://client
1462383338646	<INFO 7f7cca46d780> SLIPSTORE::COMM Listening at tcp://p1p1:5009
1462383338649	<INFO 7f7cca46d780> SLIPSTORE::COMM Listening at tcp://p1p1:5010
1462383338651	<INFO 7f7cca46d780> SLIPSTORE::COMM Listening at tcp://p1p1:5011
1462383338653	<INFO 7f7cca46d780> SLIPSTORE::COMM Listening at tcp://p1p1:5012
1462383338655	<INFO 7f7cca46d780> SLIPSTORE::COMM Listening at tcp://p1p1:5013
1462383338658	<INFO 7f7cca46d780> SLIPSTORE::COMM Listening at tcp://p1p1:5014
1462383338660	<INFO 7f7cca46d780> SLIPSTORE::COMM Listening at tcp://p1p1:5015
1462383338662	<INFO 7f7cca46d780> SLIPSTORE::COMM Connecting to tcp://dco-node137-10g:5016
1462383338665	<INFO 7f7cca46d780> SLIPSTORE::COMM Connecting to tcp://dco-node138-10g:5034
1462383338667	<INFO 7f7cca46d780> SLIPSTORE::COMM Connecting to tcp://dco-node139-10g:5052
1462383338669	<INFO 7f7cca46d780> SLIPSTORE::COMM Connecting to tcp://dco-node140-10g:5070
1462383338672	<INFO 7f7cca46d780> SLIPSTORE::COMM Connecting to tcp://dco-node141-10g:5088
1462383338674	<INFO 7f7cca46d780> SLIPSTORE::COMM Connecting to tcp://dco-node142-10g:5106
1462383338677	<INFO 7f7cca46d780> SLIPSTORE::COMM Connecting to tcp://dco-node143-10g:5124
1462383338679	<INFO 7f7cca46d780> SLIPSTORE::COMM Connecting to tcp://dco-node144-10g:5142
1462383338681	<INFO 7f7cca46d780> SLIPSTORE::COMM Connecting to ipc://server
1462383338684	<INFO 7f7cca46d780> SLIPSTORE::COMM Connecting to tcp://dco-node138-10g:5018
1462383338687	<INFO 7f7cca46d780> SLIPSTORE::COMM Connecting to tcp://dco-node139-10g:5036
1462383338690	<INFO 7f7cca46d780> SLIPSTORE::COMM Connecting to tcp://dco-node140-10g:5054
1462383338692	<INFO 7f7cca46d780> SLIPSTORE::COMM Connecting to tcp://dco-node141-10g:5072
1462383338695	<INFO 7f7cca46d780> SLIPSTORE::COMM Connecting to tcp://dco-node142-10g:5090
1462383338697	<INFO 7f7cca46d780> SLIPSTORE::COMM Connecting to tcp://dco-node143-10g:5108
1462383338699	<INFO 7f7cca46d780> SLIPSTORE::COMM Connecting to tcp://dco-node144-10g:5126
1462383338704	<INFO 7f7cca46d780> SLIPSTORE::COMM Connecting to tcp://dco-node138-10g:5035
1462383338711	<INFO 7f7cca46d780> SLIPSTORE::COMM Listening at tcp://p1p1:5017
1462383338714	<INFO 7f7cca46d780> SLIPSTORE::COMM Connecting to tcp://dco-node137-10g:5016
1462383338718	<INFO 7f7cca46d780> SLIPSTORE::HELP_POLICY NONE
1462383338720	<INFO 7f7cca46d780> SLIPSTORE::SERVER ASYNC
1462383338722	<INFO 7f7cca46d780> SLIPSTORE::MACHINES 8
1462383338725	<INFO 7f7cca46d780> SLIPSTORE::ME 0
1462383338727	<INFO 7f7cca46d780> SLIPSTORE::SLIPCHUNK 4194304
1462383338729	<INFO 7f7cca46d780> SLIPSTORE::QUOTA 18446744073709551615
1462383338731	<INFO 7f7cca46d780> SLIPSTORE::IO PAGECACHE
1462383338734	<INFO 7f5eb4ff4700> SLIPSTORE::COMM Listening at tcp://p1p1:5016
1462383338736	<INFO 7f5eb4ff4700> SLIPSTORE::COMM Listening at ipc://server
1462383338739	<INFO 7f5eb4ff4700> SLIPSTORE::COMM Connecting to ipc://client
1462383338741	<INFO 7f5eb4ff4700> SLIPSTORE::COMM Listening at tcp://p1p1:5001
1462383338744	<INFO 7f5eb4ff4700> SLIPSTORE::COMM Connecting to tcp://dco-node138-10g:5026
1462383338746	<INFO 7f5eb4ff4700> SLIPSTORE::COMM Listening at tcp://p1p1:5002
1462383338748	<INFO 7f5eb4ff4700> SLIPSTORE::COMM Connecting to tcp://dco-node139-10g:5044
1462383338750	<INFO 7f5eb4ff4700> SLIPSTORE::COMM Listening at tcp://p1p1:5003
1462383338753	<INFO 7f5eb4ff4700> SLIPSTORE::COMM Connecting to tcp://dco-node140-10g:5062
1462383338755	<INFO 7f5eb4ff4700> SLIPSTORE::COMM Listening at tcp://p1p1:5004
1462383338757	<INFO 7f5eb4ff4700> SLIPSTORE::COMM Connecting to tcp://dco-node141-10g:5080
1462383338759	<INFO 7f5eb4ff4700> SLIPSTORE::COMM Listening at tcp://p1p1:5005
1462383338762	<INFO 7f5eb4ff4700> SLIPSTORE::COMM Connecting to tcp://dco-node142-10g:5098
1462383338765	<INFO 7f5eb4ff4700> SLIPSTORE::COMM Listening at tcp://p1p1:5006
1462383338767	<INFO 7f5eb4ff4700> SLIPSTORE::COMM Connecting to tcp://dco-node143-10g:5116
1462383338770	<INFO 7f5eb4ff4700> SLIPSTORE::COMM Listening at tcp://p1p1:5007
1462383338772	<INFO 7f5eb4ff4700> SLIPSTORE::COMM Connecting to tcp://dco-node144-10g:5134
1462383349562	<INFO 7f7cca46d780> SLIPSTORE::CHECKPOINTS NONE FOUND
1462383349564	<INFO 7f7cca46d780> 2016-05-04 19:35:49 Start edge split
1462383520185	<INFO 7f7cca46d780> 2016-05-04 19:38:40 Completed init
1462383522731	<INFO 7f7cca46d780> 2016-05-04 19:38:42 Started gather
1462383522819	<INFO 7f7cca46d780> 2016-05-04 19:38:42 Completed gather
1462383527433	<INFO 7f7cca46d780> 2016-05-04 19:38:47 Started scatter
1462383598509	<INFO 7f7cca46d780> 2016-05-04 19:39:58 Completed scatter
1462383610251	<INFO 7f7cca46d780> 2016-05-04 19:40:10 Completed phase 1 Bytes read 25844091380 Bytes written 12963153444
1462383610272	<INFO 7f7cca46d780> 2016-05-04 19:40:10 Started gather
1462383610387	<INFO 7f7cca46d780> 2016-05-04 19:40:10 Completed gather
1462383615411	<INFO 7f7cca46d780> 2016-05-04 19:40:15 Started scatter
1462383733909	<INFO 7f7cca46d780> 2016-05-04 19:42:13 Completed scatter
1462383743165	<INFO 7f7cca46d780> 2016-05-04 19:42:23 Completed phase 2 Bytes read 38807244824 Bytes written 17754416268
1462383743186	<INFO 7f7cca46d780> 2016-05-04 19:42:23 Started gather
1462383772425	<INFO 7f7cca46d780> 2016-05-04 19:42:52 Completed gather
1462383819551	<INFO 7f7cca46d780> 2016-05-04 19:43:39 Started scatter
1462383911032	<INFO 7f7cca46d780> 2016-05-04 19:45:11 Completed scatter
1462383944606	<INFO 7f7cca46d780> 2016-05-04 19:45:44 Completed phase 3 Bytes read 56548699500 Bytes written 21550856892
1462383944629	<INFO 7f7cca46d780> 2016-05-04 19:45:44 Started gather
1462383970262	<INFO 7f7cca46d780> 2016-05-04 19:46:10 Completed gather
1462384006777	<INFO 7f7cca46d780> 2016-05-04 19:46:46 Started scatter
1462384073282	<INFO 7f7cca46d780> 2016-05-04 19:47:53 Completed scatter
1462384091072	<INFO 7f7cca46d780> 2016-05-04 19:48:11 Completed phase 4 Bytes read 73295331976 Bytes written 21580568852
1462384091095	<INFO 7f7cca46d780> 2016-05-04 19:48:11 Started gather
1462384091219	<INFO 7f7cca46d780> 2016-05-04 19:48:11 Completed gather
1462384097001	<INFO 7f7cca46d780> 2016-05-04 19:48:16 Started scatter
1462384161889	<INFO 7f7cca46d780> 2016-05-04 19:49:21 Completed scatter
1462384179772	<INFO 7f7cca46d780> 2016-05-04 19:49:39 Completed phase 5 Bytes read 86275235788 Bytes written 21589618716
1462384179790	<INFO 7f7cca46d780> 2016-05-04 19:49:39 Started gather
1462384179859	<INFO 7f7cca46d780> 2016-05-04 19:49:39 Completed gather
1462384184911	<INFO 7f7cca46d780> 2016-05-04 19:49:44 Started scatter
1462384250989	<INFO 7f7cca46d780> 2016-05-04 19:50:50 Completed scatter
1462384271894	<INFO 7f7cca46d780> 2016-05-04 19:51:11 Completed phase 6 Bytes read 99234477504 Bytes written 21598616484
1462384271912	<INFO 7f7cca46d780> 2016-05-04 19:51:11 Started gather
1462384271970	<INFO 7f7cca46d780> 2016-05-04 19:51:11 Completed gather
1462384277318	<INFO 7f7cca46d780> 2016-05-04 19:51:17 Started scatter
1462384343939	<INFO 7f7cca46d780> 2016-05-04 19:52:23 Completed scatter
1462384363974	<INFO 7f7cca46d780> 2016-05-04 19:52:43 Completed phase 7 Bytes read 112193667124 Bytes written 21607614124
1462384363976	<INFO 7f7cca46d780> ALGORITHM::BFS::VERTICES_DISCOVERED 1052024
1462384363979	<INFO 7f7cca46d780> ALGORITHM::BFS::EDGES_EXPLORED 1073793126
1462384363982	<INFO 7f7cca46d780> CORE::PARTITIONS_PROCESSED 159
1462384363984	<INFO 7f7cca46d780> CORE::BYTES::EDGES_STREAMED 11663013864
1462384363986	<INFO 7f7cca46d780> CORE::BYTES::UPDATES_OUT 1122138592
1462384363988	<INFO 7f7cca46d780> CORE::BYTES::UPDATES_IN 1506122568
1462384363991	<INFO 7f5ea37fe700> CORE::PARTITIONS_PROCESSED 312
1462384363993	<INFO 7f5ea07f8700> CORE::PARTITIONS_PROCESSED 406
1462384363995	<INFO 7f5ea27fc700> CORE::PARTITIONS_PROCESSED 413
1462384363997	<INFO 7f5ea0ff9700> CORE::PARTITIONS_PROCESSED 361
1462384364000	<INFO 7f5ea1ffb700> CORE::PARTITIONS_PROCESSED 259
1462384364002	<INFO 7f5ea27fc700> CORE::BYTES::EDGES_STREAMED 11946516420
1462384364004	<INFO 7f5ea2ffd700> CORE::PARTITIONS_PROCESSED 293
1462384364006	<INFO 7f5ea17fa700> CORE::PARTITIONS_PROCESSED 345
1462384364008	<INFO 7f5ea1ffb700> CORE::BYTES::EDGES_STREAMED 11369332188
1462384364011	<INFO 7f5ea37fe700> CORE::BYTES::EDGES_STREAMED 9648423792
1462384364013	<INFO 7f5ea27fc700> CORE::BYTES::UPDATES_OUT 1088312720
1462384364015	<INFO 7f5ea17fa700> CORE::BYTES::EDGES_STREAMED 12095431380
1462384364017	<INFO 7f5ea1ffb700> CORE::BYTES::UPDATES_OUT 1068839168
1462384364019	<INFO 7f5ea37fe700> CORE::BYTES::UPDATES_OUT 920874608
1462384364022	<INFO 7f5ea0ff9700> CORE::BYTES::EDGES_STREAMED 11199938412
1462384364024	<INFO 7f5ea07f8700> CORE::BYTES::EDGES_STREAMED 11848525752
1462384364026	<INFO 7f5ea2ffd700> CORE::BYTES::EDGES_STREAMED 10427452788
1462384364028	<INFO 7f5ea17fa700> CORE::BYTES::UPDATES_OUT 1159863744
1462384364031	<INFO 7f5ea07f8700> CORE::BYTES::UPDATES_OUT 1063302264
1462384364033	<INFO 7f5ea1ffb700> CORE::BYTES::UPDATES_IN 965646216
1462384364035	<INFO 7f5ea0ff9700> CORE::BYTES::UPDATES_OUT 1163342664
1462384364037	<INFO 7f5ea2ffd700> CORE::BYTES::UPDATES_OUT 1003671248
1462384364040	<INFO 7f5ea07f8700> CORE::BYTES::UPDATES_IN 883482584
1462384364042	<INFO 7f5ea17fa700> CORE::BYTES::UPDATES_IN 729774176
1462384364045	<INFO 7f5ea27fc700> CORE::BYTES::UPDATES_IN 1371050352
1462384364047	<INFO 7f5ea37fe700> CORE::BYTES::UPDATES_IN 1143411768
1462384364049	<INFO 7f5ea0ff9700> CORE::BYTES::UPDATES_IN 991366144
1462384364052	<INFO 7f5ea2ffd700> CORE::BYTES::UPDATES_IN 999491200
1462384364054	<INFO 7f5eb4ff4700> SLIPSTORE service is exiting
1462384364056	<INFO 7f5eb4ff4700> SLIPSTORE::HELP_OFFERS_RECVD 98
1462384364058	<INFO 7f5eb4ff4700> SLIPSTORE::HELP_OFFERS_ACCEPTED 0
1462384364061	<INFO 7f5eb4ff4700> SLIPSTORE::HELP_ACCEPTANCE_RATIO 0
1462384364063	<INFO 7f5eb4ff4700> SLIPSTORE::SERVER_BUSY_DISK  759.403 seconds
1462384364065	<INFO 7f5eb4ff4700> SLIPSTORE::SERVER_BUSY_MEM  0 seconds
1462384364067	<INFO 7f5eb4ff4700> SLIPSTORE::SERVER_TOTAL  1025.21 seconds
1462384364069	<INFO 7f7cca46d780> SLIPSTORE::CLIENT::DISK_READ_TIME  581.513 seconds
1462384364072	<INFO 7f7cca46d780> SLIPSTORE::CLIENT::MEM_READ_TIME  0 seconds
1462384364074	<INFO 7f7cca46d780> SLIPSTORE::CLIENT::DISK_BYTES_READ 111594340040
1462384364076	<INFO 7f7cca46d780> SLIPSTORE::CLIENT::MEM_BYTES_READ 0
1462384364078	<INFO 7f7cca46d780> SLIPSTORE::CLIENT::WRITE_TIME  158.186 seconds
1462384364080	<INFO 7f7cca46d780> SLIPSTORE::CLIENT::BYTES_WRITTEN 71981120
1462384364083	<INFO 7f7cca46d780> SLIPSTORE::CLIENT_BUSY  739.699 seconds
1462384364085	<INFO 7f7cca46d780> SLIPSTORE::IO::TIME 541.969 seconds
1462384364087	<INFO 7f7cca46d780> SLIPSTORE::SNAP::TIME 0 seconds
1462384364089	<INFO 7f7cca46d780> SLIPSTORE::MAX_DISK_USAGE_BYTES 17732457036
1462384364091	<INFO 7f7cca46d780> CORE::RUSAGE::MAX_RSS_KB 125948316
1462384364094	<INFO 7f7cca46d780> CORE::RUSAGE::MINFLT 55906374
1462384364096	<INFO 7f7cca46d780> CORE::RUSAGE::MAJFLT 3
1462384364098	<INFO 7f7cca46d780> CORE::RUSAGE::MAJFLT 3
1462384364100	<INFO 7f7cca46d780> CORE::RUSAGE::INBLK 217504776
1462384364103	<INFO 7f7cca46d780> CORE::RUSAGE::OUBLK 42208048
1462384364105	<INFO 7f7cca46d780> CORE::UTILS::BYTES_READ 112193667124
1462384364107	<INFO 7f7cca46d780> CORE::UTILS::BYTES_WRITTEN 21607614124
1462384364109	<INFO 7f7cca46d780> CORE::UTILS::TILE_COPY_BYTES 125966960
1462384364112	<INFO 7f7cca46d780> CORE::TIME::IO_WAIT 418.336 seconds
1462384364114	<INFO 7f7cca46d780> CORE::TIME_TILE_COPY 0 seconds
1462384364116	<INFO 7f7cca46d780> CORE::TIME_TILE_MERGE 0 seconds
1462384364118	<INFO 7f7cca46d780> CORE::TIME_PROCESSING_STOLEN 0 seconds
1462384364121	<INFO 7f7cca46d780> CORE::TIME_MERGE_WAIT 0 seconds
1462384364123	<INFO 7f7cca46d780> CORE::OTHER_TIME_ALL_MC_BARRIER 0 seconds
1462384364125	<INFO 7f7cca46d780> CORE::SCATTER_TIME_ALL_MC_BARRIER 129.475 seconds
1462384364128	<INFO 7f7cca46d780> CORE::GATHER_TIME_ALL_MC_BARRIER 0.016204 seconds
1462384364130	<INFO 7f7cca46d780> CORE::INIT_TIME_ALL_MC_BARRIER 11.3837 seconds
1462384364132	<INFO 7f7cca46d780> CORE::SHUT_DOWN_TIME_ALL_MC_BARRIER 0.003817 seconds
1462384364134	<INFO 7f7cca46d780> CORE::STREAM_SKIP_BEFORE_TIME_ALL_MC_BARRIER 2.53543 seconds
1462384364136	<INFO 7f7cca46d780> CORE::TAKE_CHECKPOINT_BEFORE_TIME_ALL_MC_BARRIER 0 seconds
1462384364139	<INFO 7f7cca46d780> CORE::TAKE_CHECKPOINT_COMPLETE_TIME_ALL_MC_BARRIER 0 seconds
1462384364141	<INFO 7f7cca46d780> CORE::METADATA_WRITE_COMPLETE_TIME_ALL_MC_BARRIER 0 seconds
1462384364143	<INFO 7f7cca46d780> CORE::STREAM_EOF_BEFORE_TIME_ALL_MC_BARRIER 0 seconds
1462384364146	<INFO 7f7cca46d780> CORE::STREAM_EOF_AFTER_TIME_ALL_MC_BARRIER 0 seconds
1462384364149	<INFO 7f7cca46d780> CORE::STATE_LOAD_TIME_ALL_MC_BARRIER 0 seconds
1462384364151	<INFO 7f7cca46d780> CORE::STATE_STORE_TIME_ALL_MC_BARRIER 0 seconds
1462384364153	<INFO 7f7cca46d780> CORE::PHASES 7
1462384364155	<INFO 7f7cca46d780> CORE::TIME::SETUP 12.775 seconds
1462384364157	<INFO 7f7cca46d780> CORE::TIME::STATE_ITER 0.01797 seconds
1462384364160	<INFO 7f7cca46d780> CORE::TIME::GATHER 167.292 seconds
1462384364162	<INFO 7f7cca46d780> CORE::TIME::SCATTER 676.231 seconds
1462384364164	<INFO 7f7cca46d780> CORE::TIME::WALL 1027.19 seconds
1462384364167	<INFO 7f7cca46d780> SHUTDOWN
