1462383229615	<INFO 7f9da0f42780> 2016-05-04 19:33:49 STARTUP
1462383229617	<INFO 7f9da0f42780> CORE::GRAPH rmat-28-und_s8
1462383229619	<INFO 7f9da0f42780> CORE::ALGORITHM bfs
1462383229621	<INFO 7f9da0f42780> CORE::VERTEX_STRIPING OFF
1462383229624	<INFO 7f9da0f42780> CORE::OPTIMIZED_STATE_LOAD_STORE OFF
1462383229626	<INFO 7f9da0f42780> CORE::LINEAR_SEARCH_SUPER_PARTITION ON
1462383229628	<INFO 7f9da0f42780> CORE::SUPER_PARTITION_COMPUTED_FOR_EACH_VERTEX
1462383229630	<INFO 7f9da0f42780> CORE::EDGE_STRIPING ON
1462383229633	<INFO 7f9da0f42780> CORE::BATCH IO ON
1462383229635	<INFO 7f9da0f42780> 2016-05-04 19:33:49 Blocking memory amount 126701535232
1462383336643	<INFO 7f9da0f42780> 2016-05-04 19:35:36 Done blocking memory
1462383336646	<INFO 7f9da0f42780> SG-DRIVER-ORIGINAL
1462383336648	<INFO 7f9da0f42780> 2016-05-04 19:35:36 START read config parameters
1462383336650	<INFO 7f9da0f42780> PARTITIONING::OLD 0
1462383336652	<INFO 7f9da0f42780> PARTITIONING::BALANCED_PARTITIONS 0
1462383336654	<INFO 7f9da0f42780> CORE::CONFIG::PROCESSORS 8
1462383336657	<INFO 7f9da0f42780> CORE::CONFIG::PHYSICAL_MEMORY 2147483648
1462383336660	<INFO 7f9da0f42780> CORE::CONFIG::VERTICES 268435456
1462383336662	<INFO 7f9da0f42780> CORE::CONFIG::VERTEX_SIZE 8
1462383336665	<INFO 7f9da0f42780> CORE::CONFIG::VERTEX_BUFFER 934802392
1462383336667	<INFO 7f9da0f42780> CORE::CONFIG::EDGES 1073741824
1462383336669	<INFO 7f9da0f42780> CORE::CONFIG::PARTITIONS 64
1462383336672	<INFO 7f9da0f42780> CORE::CONFIG::FANOUT 64
1462383336674	<INFO 7f9da0f42780> CORE::CONFIG::SUPER_PARTITIONS 8
1462383336676	<INFO 7f9da0f42780> CORE::CONFIG::TILES 1
1462383336678	<INFO 7f9da0f42780> CORE::CONFIG::BUFFER_SIZE 242535124
1462383336681	<INFO 7f9da0f42780> CORE::CONFIG::MAX_BUFFERS 4
1462383336683	<INFO 7f9da0f42780> CORE::CONFIG::MAX_STREAMS 4
1462383336685	<INFO 7f9da0f42780> CORE::CONFIG::SUM_OF_OUT_DEGREES_FOR_NEW_PARTITIONS::FIRST_CONSTRAINT 1073741824
1462383336688	<INFO 7f9da0f42780> CORE::CONFIG::MAX_EDGES_PER_NEW_PARTITION::SECOND_CONSTRAINT 1073741824
1462383336690	<INFO 7f9da0f42780> SLIPSTREAM::EXT_MEM_SHUFFLE OFF
1462383336692	<INFO 7f9da0f42780> 2016-05-04 19:35:36 END read config parameters
1462383338402	<WARNING 7f9da0f42780> Unable to unlink file (stream.0.0.0):No such file or directory
1462383338404	<WARNING 7f9da0f42780> Unable to unlink file (stream.0.1.0):No such file or directory
1462383338407	<WARNING 7f9da0f42780> Unable to unlink file (stream.0.2.0):No such file or directory
1462383338409	<WARNING 7f9da0f42780> Unable to unlink file (stream.0.3.0):No such file or directory
1462383338411	<WARNING 7f9da0f42780> Unable to unlink file (stream.0.4.0):No such file or directory
1462383338414	<WARNING 7f9da0f42780> Unable to unlink file (stream.0.5.0):No such file or directory
1462383338416	<WARNING 7f9da0f42780> Unable to unlink file (stream.0.6.0):No such file or directory
1462383338419	<WARNING 7f9da0f42780> Unable to unlink file (stream.0.7.0):No such file or directory
1462383338421	<WARNING 7f9da0f42780> Unable to unlink file (stream.1.1.0):No such file or directory
1462383338423	<WARNING 7f9da0f42780> Unable to unlink file (stream.1.2.0):No such file or directory
1462383338425	<WARNING 7f9da0f42780> Unable to unlink file (stream.1.3.0):No such file or directory
1462383338428	<WARNING 7f9da0f42780> Unable to unlink file (stream.1.4.0):No such file or directory
1462383338430	<WARNING 7f9da0f42780> Unable to unlink file (stream.1.5.0):No such file or directory
1462383338432	<WARNING 7f9da0f42780> Unable to unlink file (stream.1.6.0):No such file or directory
1462383338435	<WARNING 7f9da0f42780> Unable to unlink file (stream.1.7.0):No such file or directory
1462383338437	<WARNING 7f9da0f42780> Unable to unlink file (stream.2.0.0):No such file or directory
1462383338439	<WARNING 7f9da0f42780> Unable to unlink file (stream.2.1.0):No such file or directory
1462383338442	<WARNING 7f9da0f42780> Unable to unlink file (stream.2.2.0):No such file or directory
1462383338445	<WARNING 7f9da0f42780> Unable to unlink file (stream.2.3.0):No such file or directory
1462383338447	<WARNING 7f9da0f42780> Unable to unlink file (stream.2.4.0):No such file or directory
1462383338449	<WARNING 7f9da0f42780> Unable to unlink file (stream.2.5.0):No such file or directory
1462383338452	<WARNING 7f9da0f42780> Unable to unlink file (stream.2.6.0):No such file or directory
1462383338454	<WARNING 7f9da0f42780> Unable to unlink file (stream.2.7.0):No such file or directory
1462383338456	<WARNING 7f9da0f42780> Unable to unlink file (stream.3.0.0):No such file or directory
1462383338459	<WARNING 7f9da0f42780> Unable to unlink file (stream.3.1.0):No such file or directory
1462383338461	<WARNING 7f9da0f42780> Unable to unlink file (stream.3.2.0):No such file or directory
1462383338465	<WARNING 7f9da0f42780> Unable to unlink file (stream.3.3.0):No such file or directory
1462383338467	<WARNING 7f9da0f42780> Unable to unlink file (stream.3.4.0):No such file or directory
1462383338470	<WARNING 7f9da0f42780> Unable to unlink file (stream.3.5.0):No such file or directory
1462383338472	<WARNING 7f9da0f42780> Unable to unlink file (stream.3.6.0):No such file or directory
1462383338474	<WARNING 7f9da0f42780> Unable to unlink file (stream.3.7.0):No such file or directory
1462383338476	<INFO 7f9da0f42780> SLIPSTORE::ZMQ_THREADS 2
1462383338478	<INFO 7f9da0f42780> SLIPSTORE::COMM Connecting to tcp://dco-node137-10g:5016
1462383338481	<INFO 7f9da0f42780> SLIPSTORE::COMM Connecting to tcp://dco-node138-10g:5034
1462383338483	<INFO 7f9da0f42780> SLIPSTORE::COMM Connecting to tcp://dco-node139-10g:5052
1462383338485	<INFO 7f9da0f42780> SLIPSTORE::COMM Connecting to tcp://dco-node140-10g:5070
1462383338487	<INFO 7f9da0f42780> SLIPSTORE::COMM Connecting to tcp://dco-node141-10g:5088
1462383338489	<INFO 7f9da0f42780> SLIPSTORE::COMM Connecting to tcp://dco-node142-10g:5106
1462383338491	<INFO 7f9da0f42780> SLIPSTORE::COMM Connecting to tcp://dco-node143-10g:5124
1462383338494	<INFO 7f9da0f42780> SLIPSTORE::COMM Connecting to tcp://dco-node144-10g:5142
1462383338496	<INFO 7f9da0f42780> SLIPSTORE::COMM Listening at tcp://p1p1:5044
1462383338498	<INFO 7f9da0f42780> SLIPSTORE::COMM Listening at tcp://p1p1:5045
1462383338501	<INFO 7f9da0f42780> SLIPSTORE::COMM Listening at ipc://client
1462383338503	<INFO 7f9da0f42780> SLIPSTORE::COMM Listening at tcp://p1p1:5047
1462383338505	<INFO 7f9da0f42780> SLIPSTORE::COMM Listening at tcp://p1p1:5048
1462383338507	<INFO 7f9da0f42780> SLIPSTORE::COMM Listening at tcp://p1p1:5049
1462383338509	<INFO 7f9da0f42780> SLIPSTORE::COMM Listening at tcp://p1p1:5050
1462383338511	<INFO 7f9da0f42780> SLIPSTORE::COMM Listening at tcp://p1p1:5051
1462383338514	<INFO 7f9da0f42780> SLIPSTORE::COMM Connecting to tcp://dco-node137-10g:5016
1462383338516	<INFO 7f9da0f42780> SLIPSTORE::COMM Connecting to tcp://dco-node138-10g:5034
1462383338518	<INFO 7f9da0f42780> SLIPSTORE::COMM Connecting to tcp://dco-node139-10g:5052
1462383338520	<INFO 7f9da0f42780> SLIPSTORE::COMM Connecting to tcp://dco-node140-10g:5070
1462383338523	<INFO 7f9da0f42780> SLIPSTORE::COMM Connecting to tcp://dco-node141-10g:5088
1462383338525	<INFO 7f9da0f42780> SLIPSTORE::COMM Connecting to tcp://dco-node142-10g:5106
1462383338527	<INFO 7f9da0f42780> SLIPSTORE::COMM Connecting to tcp://dco-node143-10g:5124
1462383338529	<INFO 7f9da0f42780> SLIPSTORE::COMM Connecting to tcp://dco-node144-10g:5142
1462383338531	<INFO 7f9da0f42780> SLIPSTORE::COMM Connecting to tcp://dco-node137-10g:5002
1462383338533	<INFO 7f9da0f42780> SLIPSTORE::COMM Connecting to tcp://dco-node138-10g:5020
1462383338536	<INFO 7f9da0f42780> SLIPSTORE::COMM Connecting to ipc://server
1462383338538	<INFO 7f9da0f42780> SLIPSTORE::COMM Connecting to tcp://dco-node140-10g:5056
1462383338540	<INFO 7f9da0f42780> SLIPSTORE::COMM Connecting to tcp://dco-node141-10g:5074
1462383338542	<INFO 7f9da0f42780> SLIPSTORE::COMM Connecting to tcp://dco-node142-10g:5092
1462383338544	<INFO 7f9da0f42780> SLIPSTORE::COMM Connecting to tcp://dco-node143-10g:5110
1462383338547	<INFO 7f9da0f42780> SLIPSTORE::COMM Connecting to tcp://dco-node144-10g:5128
1462383338554	<INFO 7f9da0f42780> SLIPSTORE::COMM Connecting to tcp://dco-node140-10g:5071
1462383338561	<INFO 7f9da0f42780> SLIPSTORE::COMM Listening at tcp://p1p1:5053
1462383338563	<INFO 7f9da0f42780> SLIPSTORE::COMM Connecting to tcp://dco-node139-10g:5052
1462383338568	<INFO 7f9da0f42780> SLIPSTORE::HELP_POLICY NONE
1462383338572	<INFO 7f9da0f42780> SLIPSTORE::SERVER ASYNC
1462383338574	<INFO 7f9da0f42780> SLIPSTORE::MACHINES 8
1462383338577	<INFO 7f9da0f42780> SLIPSTORE::ME 2
1462383338579	<INFO 7f9da0f42780> SLIPSTORE::SLIPCHUNK 4194304
1462383338581	<INFO 7f9da0f42780> SLIPSTORE::QUOTA 18446744073709551615
1462383338583	<INFO 7f9da0f42780> SLIPSTORE::IO PAGECACHE
1462383338585	<INFO 7f7f7f7fd700> SLIPSTORE::COMM Listening at tcp://p1p1:5052
1462383338587	<INFO 7f7f7f7fd700> SLIPSTORE::COMM Listening at tcp://p1p1:5036
1462383338590	<INFO 7f7f7f7fd700> SLIPSTORE::COMM Connecting to tcp://dco-node137-10g:5010
1462383338592	<INFO 7f7f7f7fd700> SLIPSTORE::COMM Listening at tcp://p1p1:5037
1462383338594	<INFO 7f7f7f7fd700> SLIPSTORE::COMM Connecting to tcp://dco-node138-10g:5028
1462383338597	<INFO 7f7f7f7fd700> SLIPSTORE::COMM Listening at ipc://server
1462383338599	<INFO 7f7f7f7fd700> SLIPSTORE::COMM Connecting to ipc://client
1462383338601	<INFO 7f7f7f7fd700> SLIPSTORE::COMM Listening at tcp://p1p1:5039
1462383338603	<INFO 7f7f7f7fd700> SLIPSTORE::COMM Connecting to tcp://dco-node140-10g:5064
1462383338606	<INFO 7f7f7f7fd700> SLIPSTORE::COMM Listening at tcp://p1p1:5040
1462383338608	<INFO 7f7f7f7fd700> SLIPSTORE::COMM Connecting to tcp://dco-node141-10g:5082
1462383338610	<INFO 7f7f7f7fd700> SLIPSTORE::COMM Listening at tcp://p1p1:5041
1462383338613	<INFO 7f7f7f7fd700> SLIPSTORE::COMM Connecting to tcp://dco-node142-10g:5100
1462383338615	<INFO 7f7f7f7fd700> SLIPSTORE::COMM Listening at tcp://p1p1:5042
1462383338617	<INFO 7f7f7f7fd700> SLIPSTORE::COMM Connecting to tcp://dco-node143-10g:5118
1462383338621	<INFO 7f7f7f7fd700> SLIPSTORE::COMM Listening at tcp://p1p1:5043
1462383338623	<INFO 7f7f7f7fd700> SLIPSTORE::COMM Connecting to tcp://dco-node144-10g:5136
1462383349948	<INFO 7f9da0f42780> SLIPSTORE::CHECKPOINTS NONE FOUND
1462383349950	<INFO 7f9da0f42780> 2016-05-04 19:35:49 Start edge split
1462383520572	<INFO 7f9da0f42780> 2016-05-04 19:38:40 Completed init
1462383523117	<INFO 7f9da0f42780> 2016-05-04 19:38:43 Started gather
1462383523566	<INFO 7f9da0f42780> 2016-05-04 19:38:43 Completed gather
1462383527820	<INFO 7f9da0f42780> 2016-05-04 19:38:47 Started scatter
1462383595483	<INFO 7f9da0f42780> 2016-05-04 19:39:55 Completed scatter
1462383610639	<INFO 7f9da0f42780> 2016-05-04 19:40:10 Completed phase 1 Bytes read 25869673400 Bytes written 12988695824
1462383610659	<INFO 7f9da0f42780> 2016-05-04 19:40:10 Started gather
1462383611178	<INFO 7f9da0f42780> 2016-05-04 19:40:11 Completed gather
1462383615799	<INFO 7f9da0f42780> 2016-05-04 19:40:15 Started scatter
1462383733007	<INFO 7f9da0f42780> 2016-05-04 19:42:13 Completed scatter
1462383743554	<INFO 7f9da0f42780> 2016-05-04 19:42:23 Completed phase 2 Bytes read 38858369224 Bytes written 17783863928
1462383743576	<INFO 7f9da0f42780> 2016-05-04 19:42:23 Started gather
1462383783683	<INFO 7f9da0f42780> 2016-05-04 19:43:03 Completed gather
1462383819939	<INFO 7f9da0f42780> 2016-05-04 19:43:39 Started scatter
1462383917685	<INFO 7f9da0f42780> 2016-05-04 19:45:17 Completed scatter
1462383944999	<INFO 7f9da0f42780> 2016-05-04 19:45:44 Completed phase 3 Bytes read 56552081552 Bytes written 21605133904
1462383945019	<INFO 7f9da0f42780> 2016-05-04 19:45:45 Started gather
1462383979952	<INFO 7f9da0f42780> 2016-05-04 19:46:19 Completed gather
1462384007169	<INFO 7f9da0f42780> 2016-05-04 19:46:47 Started scatter
1462384072261	<INFO 7f9da0f42780> 2016-05-04 19:47:52 Completed scatter
1462384091464	<INFO 7f9da0f42780> 2016-05-04 19:48:11 Completed phase 4 Bytes read 73271895752 Bytes written 21713124264
1462384091486	<INFO 7f9da0f42780> 2016-05-04 19:48:11 Started gather
1462384092063	<INFO 7f9da0f42780> 2016-05-04 19:48:12 Completed gather
1462384097393	<INFO 7f9da0f42780> 2016-05-04 19:48:17 Started scatter
1462384162283	<INFO 7f9da0f42780> 2016-05-04 19:49:22 Completed scatter
1462384180164	<INFO 7f9da0f42780> 2016-05-04 19:49:40 Completed phase 5 Bytes read 86278430336 Bytes written 21799406304
1462384180182	<INFO 7f9da0f42780> 2016-05-04 19:49:40 Started gather
1462384180634	<INFO 7f9da0f42780> 2016-05-04 19:49:40 Completed gather
1462384185303	<INFO 7f9da0f42780> 2016-05-04 19:49:45 Started scatter
1462384251177	<INFO 7f9da0f42780> 2016-05-04 19:50:51 Completed scatter
1462384272287	<INFO 7f9da0f42780> 2016-05-04 19:51:12 Completed phase 6 Bytes read 99263256600 Bytes written 21885633688
1462384272305	<INFO 7f9da0f42780> 2016-05-04 19:51:12 Started gather
1462384272720	<INFO 7f9da0f42780> 2016-05-04 19:51:12 Completed gather
1462384277712	<INFO 7f9da0f42780> 2016-05-04 19:51:17 Started scatter
1462384342677	<INFO 7f9da0f42780> 2016-05-04 19:52:22 Completed scatter
1462384364367	<INFO 7f9da0f42780> 2016-05-04 19:52:44 Completed phase 7 Bytes read 112248028208 Bytes written 21971860976
1462384364369	<INFO 7f9da0f42780> ALGORITHM::BFS::VERTICES_DISCOVERED 7360358
1462384364372	<INFO 7f9da0f42780> ALGORITHM::BFS::EDGES_EXPLORED 1073748688
1462384364375	<INFO 7f9da0f42780> CORE::PARTITIONS_PROCESSED 194
1462384364377	<INFO 7f9da0f42780> CORE::BYTES::EDGES_STREAMED 9790556508
1462384364380	<INFO 7f9da0f42780> CORE::BYTES::UPDATES_OUT 1004796432
1462384364382	<INFO 7f9da0f42780> CORE::BYTES::UPDATES_IN 971150728
1462384364385	<INFO 7f7f77fff700> CORE::PARTITIONS_PROCESSED 428
1462384364387	<INFO 7f7f7cff8700> CORE::PARTITIONS_PROCESSED 485
1462384364389	<INFO 7f7f7d7f9700> CORE::PARTITIONS_PROCESSED 221
1462384364391	<INFO 7f7f7dffa700> CORE::PARTITIONS_PROCESSED 482
1462384364393	<INFO 7f7f777fe700> CORE::PARTITIONS_PROCESSED 409
1462384364396	<INFO 7f7f7e7fb700> CORE::PARTITIONS_PROCESSED 212
1462384364398	<INFO 7f7f77fff700> CORE::BYTES::EDGES_STREAMED 17381078316
1462384364401	<INFO 7f7f777fe700> CORE::BYTES::EDGES_STREAMED 9908033904
1462384364403	<INFO 7f7f76ffd700> CORE::PARTITIONS_PROCESSED 137
1462384364405	<INFO 7f7f77fff700> CORE::BYTES::UPDATES_OUT 1485897240
1462384364407	<INFO 7f7f7dffa700> CORE::BYTES::EDGES_STREAMED 9627273120
1462384364409	<INFO 7f7f7cff8700> CORE::BYTES::EDGES_STREAMED 13274619816
1462384364412	<INFO 7f7f77fff700> CORE::BYTES::UPDATES_IN 1612414528
1462384364414	<INFO 7f7f76ffd700> CORE::BYTES::EDGES_STREAMED 10515412080
1462384364416	<INFO 7f7f7d7f9700> CORE::BYTES::EDGES_STREAMED 9614448984
1462384364418	<INFO 7f7f7e7fb700> CORE::BYTES::EDGES_STREAMED 10083728388
1462384364421	<INFO 7f7f76ffd700> CORE::BYTES::UPDATES_OUT 985288640
1462384364423	<INFO 7f7f7dffa700> CORE::BYTES::UPDATES_OUT 1076521968
1462384364425	<INFO 7f7f76ffd700> CORE::BYTES::UPDATES_IN 857625208
1462384364427	<INFO 7f7f7cff8700> CORE::BYTES::UPDATES_OUT 1284889736
1462384364430	<INFO 7f7f7dffa700> CORE::BYTES::UPDATES_IN 1084738232
1462384364432	<INFO 7f7f777fe700> CORE::BYTES::UPDATES_OUT 845349824
1462384364434	<INFO 7f7f7cff8700> CORE::BYTES::UPDATES_IN 1402275912
1462384364436	<INFO 7f7f7e7fb700> CORE::BYTES::UPDATES_OUT 967167808
1462384364439	<INFO 7f7f777fe700> CORE::BYTES::UPDATES_IN 916013184
1462384364441	<INFO 7f7f7d7f9700> CORE::BYTES::UPDATES_OUT 940077856
1462384364443	<INFO 7f7f7e7fb700> CORE::BYTES::UPDATES_IN 979158960
1462384364445	<INFO 7f7f7d7f9700> CORE::BYTES::UPDATES_IN 766612752
1462384364447	<INFO 7f7f7f7fd700> SLIPSTORE service is exiting
1462384364450	<INFO 7f7f7f7fd700> SLIPSTORE::HELP_OFFERS_RECVD 98
1462384364452	<INFO 7f7f7f7fd700> SLIPSTORE::HELP_OFFERS_ACCEPTED 0
1462384364454	<INFO 7f7f7f7fd700> SLIPSTORE::HELP_ACCEPTANCE_RATIO 0
1462384364457	<INFO 7f7f7f7fd700> SLIPSTORE::SERVER_BUSY_DISK  762.184 seconds
1462384364459	<INFO 7f7f7f7fd700> SLIPSTORE::SERVER_BUSY_MEM  0 seconds
1462384364461	<INFO 7f7f7f7fd700> SLIPSTORE::SERVER_TOTAL  1025.75 seconds
1462384364464	<INFO 7f9da0f42780> SLIPSTORE::CLIENT::DISK_READ_TIME  582.01 seconds
1462384364466	<INFO 7f9da0f42780> SLIPSTORE::CLIENT::MEM_READ_TIME  0 seconds
1462384364468	<INFO 7f9da0f42780> SLIPSTORE::CLIENT::DISK_BYTES_READ 113154036052
1462384364470	<INFO 7f9da0f42780> SLIPSTORE::CLIENT::MEM_BYTES_READ 0
1462384364473	<INFO 7f9da0f42780> SLIPSTORE::CLIENT::WRITE_TIME  156.681 seconds
1462384364475	<INFO 7f9da0f42780> SLIPSTORE::CLIENT::BYTES_WRITTEN 689818304
1462384364477	<INFO 7f9da0f42780> SLIPSTORE::CLIENT_BUSY  738.691 seconds
1462384364479	<INFO 7f9da0f42780> SLIPSTORE::IO::TIME 537.688 seconds
1462384364482	<INFO 7f9da0f42780> SLIPSTORE::SNAP::TIME 0 seconds
1462384364484	<INFO 7f9da0f42780> SLIPSTORE::MAX_DISK_USAGE_BYTES 17607485040
1462384364486	<INFO 7f9da0f42780> CORE::RUSAGE::MAX_RSS_KB 125946532
1462384364488	<INFO 7f9da0f42780> CORE::RUSAGE::MINFLT 54456555
1462384364491	<INFO 7f9da0f42780> CORE::RUSAGE::MAJFLT 3
1462384364493	<INFO 7f9da0f42780> CORE::RUSAGE::MAJFLT 3
1462384364495	<INFO 7f9da0f42780> CORE::RUSAGE::INBLK 215217496
1462384364497	<INFO 7f9da0f42780> CORE::RUSAGE::OUBLK 42924056
1462384364500	<INFO 7f9da0f42780> CORE::UTILS::BYTES_READ 112248028208
1462384364503	<INFO 7f9da0f42780> CORE::UTILS::BYTES_WRITTEN 21971860976
1462384364505	<INFO 7f9da0f42780> CORE::UTILS::TILE_COPY_BYTES 1207182032
1462384364507	<INFO 7f9da0f42780> CORE::TIME::IO_WAIT 392.719 seconds
1462384364509	<INFO 7f9da0f42780> CORE::TIME_TILE_COPY 0 seconds
1462384364512	<INFO 7f9da0f42780> CORE::TIME_TILE_MERGE 0 seconds
1462384364514	<INFO 7f9da0f42780> CORE::TIME_PROCESSING_STOLEN 0 seconds
1462384364516	<INFO 7f9da0f42780> CORE::TIME_MERGE_WAIT 0 seconds
1462384364519	<INFO 7f9da0f42780> CORE::OTHER_TIME_ALL_MC_BARRIER 0 seconds
1462384364521	<INFO 7f9da0f42780> CORE::SCATTER_TIME_ALL_MC_BARRIER 130.322 seconds
1462384364523	<INFO 7f9da0f42780> CORE::GATHER_TIME_ALL_MC_BARRIER 0.017059 seconds
1462384364525	<INFO 7f9da0f42780> CORE::INIT_TIME_ALL_MC_BARRIER 11.9764 seconds
1462384364528	<INFO 7f9da0f42780> CORE::SHUT_DOWN_TIME_ALL_MC_BARRIER 0.002536 seconds
1462384364530	<INFO 7f9da0f42780> CORE::STREAM_SKIP_BEFORE_TIME_ALL_MC_BARRIER 2.35389 seconds
1462384364532	<INFO 7f9da0f42780> CORE::TAKE_CHECKPOINT_BEFORE_TIME_ALL_MC_BARRIER 0 seconds
1462384364535	<INFO 7f9da0f42780> CORE::TAKE_CHECKPOINT_COMPLETE_TIME_ALL_MC_BARRIER 0 seconds
1462384364537	<INFO 7f9da0f42780> CORE::METADATA_WRITE_COMPLETE_TIME_ALL_MC_BARRIER 0 seconds
1462384364539	<INFO 7f9da0f42780> CORE::STREAM_EOF_BEFORE_TIME_ALL_MC_BARRIER 0 seconds
1462384364542	<INFO 7f9da0f42780> CORE::STREAM_EOF_AFTER_TIME_ALL_MC_BARRIER 0 seconds
1462384364544	<INFO 7f9da0f42780> CORE::STATE_LOAD_TIME_ALL_MC_BARRIER 0 seconds
1462384364546	<INFO 7f9da0f42780> CORE::STATE_STORE_TIME_ALL_MC_BARRIER 0 seconds
1462384364548	<INFO 7f9da0f42780> CORE::PHASES 7
1462384364550	<INFO 7f9da0f42780> CORE::TIME::SETUP 13.3102 seconds
1462384364553	<INFO 7f9da0f42780> CORE::TIME::STATE_ITER 0.199816 seconds
1462384364555	<INFO 7f9da0f42780> CORE::TIME::GATHER 167.112 seconds
1462384364558	<INFO 7f9da0f42780> CORE::TIME::SCATTER 676.236 seconds
1462384364561	<INFO 7f9da0f42780> CORE::TIME::WALL 1027.73 seconds
1462384364563	<INFO 7f9da0f42780> SHUTDOWN
