1459266608806	<INFO 7f1054011740> 2016-03-29 17:50:08 STARTUP
1459266608809	<INFO 7f1054011740> CORE::GRAPH rmat-24-und_s8
1459266608813	<INFO 7f1054011740> CORE::ALGORITHM bfs
1459266608817	<INFO 7f1054011740> CORE::VERTEX_STRIPING OFF
1459266608821	<INFO 7f1054011740> 2016-03-29 17:50:08 Blocking memory amount 126701535232
1459266717153	<INFO 7f1054011740> 2016-03-29 17:51:57 Done blocking memory
1459266717156	<INFO 7f1054011740> SG-DRIVER-ORIGINAL
1459266717160	<INFO 7f1054011740> 2016-03-29 17:51:57 START read config parameters
1459266717164	<INFO 7f1054011740> PARTITIONING::OLD 1
1459266717168	<INFO 7f1054011740> CORE::CONFIG::PROCESSORS 8
1459266717171	<INFO 7f1054011740> CORE::CONFIG::PHYSICAL_MEMORY 2147483648
1459266717175	<INFO 7f1054011740> CORE::CONFIG::VERTICES 16777216
1459266717179	<INFO 7f1054011740> CORE::CONFIG::VERTEX_SIZE 8
1459266717182	<INFO 7f1054011740> CORE::CONFIG::VERTEX_BUFFER 16777216
1459266717187	<INFO 7f1054011740> CORE::CONFIG::EDGES 67108864
1459266717190	<INFO 7f1054011740> CORE::CONFIG::PARTITIONS 64
1459266717194	<INFO 7f1054011740> CORE::CONFIG::FANOUT 64
1459266717198	<INFO 7f1054011740> CORE::CONFIG::SUPER_PARTITIONS 8
1459266717201	<INFO 7f1054011740> CORE::CONFIG::TILES 1
1459266717205	<INFO 7f1054011740> CORE::CONFIG::BUFFER_SIZE 426140160
1459266717209	<INFO 7f1054011740> CORE::CONFIG::MAX_BUFFERS 4
1459266717212	<INFO 7f1054011740> CORE::CONFIG::MAX_STREAMS 4
1459266717216	<INFO 7f1054011740> CORE::CONFIG::SUM_OF_OUT_DEGREES_FOR_NEW_PARTITIONS::FIRST_CONSTRAINT 2097152
1459266717220	<INFO 7f1054011740> CORE::CONFIG::MAX_EDGES_PER_NEW_PARTITION::SECOND_CONSTRAINT 8388608
1459266717224	<INFO 7f1054011740> SLIPSTREAM::EXT_MEM_SHUFFLE OFF
1459266717227	<INFO 7f1054011740> 2016-03-29 17:51:57 END read config parameters
1459266719245	<INFO 7f1054011740> SLIPSTORE::ZMQ_THREADS 2
1459266719249	<INFO 7f1054011740> SLIPSTORE::COMM Connecting to tcp://dco-node137-10g:5016
1459266719253	<INFO 7f1054011740> SLIPSTORE::COMM Connecting to tcp://dco-node138-10g:5034
1459266719257	<INFO 7f1054011740> SLIPSTORE::COMM Connecting to tcp://dco-node139-10g:5052
1459266719260	<INFO 7f1054011740> SLIPSTORE::COMM Connecting to tcp://dco-node140-10g:5070
1459266719265	<INFO 7f1054011740> SLIPSTORE::COMM Connecting to tcp://dco-node141-10g:5088
1459266719269	<INFO 7f1054011740> SLIPSTORE::COMM Connecting to tcp://dco-node142-10g:5106
1459266719273	<INFO 7f1054011740> SLIPSTORE::COMM Connecting to tcp://dco-node143-10g:5124
1459266719277	<INFO 7f1054011740> SLIPSTORE::COMM Connecting to tcp://dco-node144-10g:5142
1459266719281	<INFO 7f1054011740> SLIPSTORE::COMM Listening at tcp://ens1f0:5062
1459266719285	<INFO 7f1054011740> SLIPSTORE::COMM Listening at tcp://ens1f0:5063
1459266719289	<INFO 7f1054011740> SLIPSTORE::COMM Listening at tcp://ens1f0:5064
1459266719293	<INFO 7f1054011740> SLIPSTORE::COMM Listening at ipc://client
1459266719297	<INFO 7f1054011740> SLIPSTORE::COMM Listening at tcp://ens1f0:5066
1459266719301	<INFO 7f1054011740> SLIPSTORE::COMM Listening at tcp://ens1f0:5067
1459266719305	<INFO 7f1054011740> SLIPSTORE::COMM Listening at tcp://ens1f0:5068
1459266719308	<INFO 7f1054011740> SLIPSTORE::COMM Listening at tcp://ens1f0:5069
1459266719312	<INFO 7f1054011740> SLIPSTORE::COMM Connecting to tcp://dco-node137-10g:5016
1459266719316	<INFO 7f1054011740> SLIPSTORE::COMM Connecting to tcp://dco-node138-10g:5034
1459266719320	<INFO 7f1054011740> SLIPSTORE::COMM Connecting to tcp://dco-node139-10g:5052
1459266719324	<INFO 7f1054011740> SLIPSTORE::COMM Connecting to tcp://dco-node140-10g:5070
1459266719328	<INFO 7f1054011740> SLIPSTORE::COMM Connecting to tcp://dco-node141-10g:5088
1459266719332	<INFO 7f1054011740> SLIPSTORE::COMM Connecting to tcp://dco-node142-10g:5106
1459266719335	<INFO 7f1054011740> SLIPSTORE::COMM Connecting to tcp://dco-node143-10g:5124
1459266719339	<INFO 7f1054011740> SLIPSTORE::COMM Connecting to tcp://dco-node144-10g:5142
1459266719342	<INFO 7f1054011740> SLIPSTORE::COMM Connecting to tcp://dco-node137-10g:5003
1459266719346	<INFO 7f1054011740> SLIPSTORE::COMM Connecting to tcp://dco-node138-10g:5021
1459266719350	<INFO 7f1054011740> SLIPSTORE::COMM Connecting to tcp://dco-node139-10g:5039
1459266719354	<INFO 7f1054011740> SLIPSTORE::COMM Connecting to ipc://server
1459266719358	<INFO 7f1054011740> SLIPSTORE::COMM Connecting to tcp://dco-node141-10g:5075
1459266719362	<INFO 7f1054011740> SLIPSTORE::COMM Connecting to tcp://dco-node142-10g:5093
1459266719365	<INFO 7f1054011740> SLIPSTORE::COMM Connecting to tcp://dco-node143-10g:5111
1459266719369	<INFO 7f1054011740> SLIPSTORE::COMM Connecting to tcp://dco-node144-10g:5129
1459266719373	<INFO 7f1054011740> SLIPSTORE::COMM Connecting to tcp://dco-node141-10g:5089
1459266719376	<INFO 7f1054011740> SLIPSTORE::COMM Listening at tcp://ens1f0:5071
1459266719379	<INFO 7f1054011740> SLIPSTORE::COMM Connecting to tcp://dco-node140-10g:5070
1459266719382	<INFO 7f1054011740> SLIPSTORE::HELP_POLICY HEURISTIC_NEW
1459266719385	<INFO 7f1054011740> SLIPSTORE::SERVER ASYNC
1459266719388	<INFO 7f1054011740> SLIPSTORE::MACHINES 8
1459266719391	<INFO 7f1054011740> SLIPSTORE::ME 3
1459266719394	<INFO 7f1054011740> SLIPSTORE::SLIPCHUNK 4194304
1459266719397	<INFO 7f1054011740> SLIPSTORE::QUOTA 18446744073709551615
1459266719400	<INFO 7f1054011740> SLIPSTORE::IO PAGECACHE
1459266719404	<INFO 7ef235ff7700> SLIPSTORE::COMM Listening at tcp://ens1f0:5070
1459266719408	<INFO 7ef235ff7700> SLIPSTORE::COMM Listening at tcp://ens1f0:5054
1459266719411	<INFO 7ef235ff7700> SLIPSTORE::COMM Connecting to tcp://dco-node137-10g:5011
1459266719415	<INFO 7ef235ff7700> SLIPSTORE::COMM Listening at tcp://ens1f0:5055
1459266719418	<INFO 7ef235ff7700> SLIPSTORE::COMM Connecting to tcp://dco-node138-10g:5029
1459266719421	<INFO 7ef235ff7700> SLIPSTORE::COMM Listening at tcp://ens1f0:5056
1459266719425	<INFO 7ef235ff7700> SLIPSTORE::COMM Connecting to tcp://dco-node139-10g:5047
1459266719427	<INFO 7ef235ff7700> SLIPSTORE::COMM Listening at ipc://server
1459266719430	<INFO 7ef235ff7700> SLIPSTORE::COMM Connecting to ipc://client
1459266719434	<INFO 7ef235ff7700> SLIPSTORE::COMM Listening at tcp://ens1f0:5058
1459266719437	<INFO 7ef235ff7700> SLIPSTORE::COMM Connecting to tcp://dco-node141-10g:5083
1459266719440	<INFO 7ef235ff7700> SLIPSTORE::COMM Listening at tcp://ens1f0:5059
1459266719444	<INFO 7ef235ff7700> SLIPSTORE::COMM Connecting to tcp://dco-node142-10g:5101
1459266719448	<INFO 7ef235ff7700> SLIPSTORE::COMM Listening at tcp://ens1f0:5060
1459266719451	<INFO 7ef235ff7700> SLIPSTORE::COMM Connecting to tcp://dco-node143-10g:5119
1459266719455	<INFO 7ef235ff7700> SLIPSTORE::COMM Listening at tcp://ens1f0:5061
1459266719459	<INFO 7ef235ff7700> SLIPSTORE::COMM Connecting to tcp://dco-node144-10g:5137
1459266719963	<INFO 7f1054011740> SLIPSTORE::CHECKPOINTS NONE FOUND
1459266719966	<INFO 7f1054011740> 2016-03-29 17:51:59 Start edge split
1459266719969	<INFO 7f1054011740> 2016-03-29 17:51:59 Check1
1459266719972	<INFO 7f1054011740> 2016-03-29 17:51:59 Check2
1459266719977	<INFO 7f1054011740> 2016-03-29 17:51:59 Check3
1459266719980	<INFO 7f1054011740> 2016-03-29 17:51:59 Check4
1459266719983	<INFO 7f1054011740> 2016-03-29 17:51:59 Check5
1459266719987	<INFO 7f1054011740> 2016-03-29 17:51:59 Check7
1459266719991	<INFO 7f1054011740> 2016-03-29 17:51:59 CheckA
1459266719994	<INFO 7f1054011740> 2016-03-29 17:51:59 CheckB
1459266719998	<INFO 7f1054011740> 2016-03-29 17:51:59 CheckC
1459266720001	<INFO 7f1054011740> 2016-03-29 17:51:59 CheckD
1459266720003	<INFO 7f1054011740> 2016-03-29 17:51:59 CheckE
1459266720007	<INFO 7f1054011740> 2016-03-29 17:51:59 CheckF
1459266720010	<INFO 7f1054011740> 2016-03-29 17:51:59 CheckG
1459266720014	<INFO 7f1054011740> 2016-03-29 17:51:59 CheckH
1459266720016	<INFO 7f1054011740> 2016-03-29 17:51:59 CheckI
1459266721750	<INFO 7f1054011740> 2016-03-29 17:52:01 CheckJ
1459266721753	<INFO 7f1054011740> 2016-03-29 17:52:01 CheckK
1459266721756	<INFO 7f1054011740> 2016-03-29 17:52:01 CheckL
1459266721759	<INFO 7f1054011740> 2016-03-29 17:52:01 CheckM
1459266721762	<INFO 7f1054011740> 2016-03-29 17:52:01 CheckN
1459266722140	<INFO 7f1054011740> 2016-03-29 17:52:02 CheckO
1459266722143	<INFO 7f1054011740> 2016-03-29 17:52:02 CheckP
1459266722146	<INFO 7f1054011740> 2016-03-29 17:52:02 CheckQ
1459266722149	<INFO 7f1054011740> 2016-03-29 17:52:02 CheckI
1459266723455	<INFO 7f1054011740> 2016-03-29 17:52:03 CheckJ
1459266723458	<INFO 7f1054011740> 2016-03-29 17:52:03 CheckK
1459266723460	<INFO 7f1054011740> 2016-03-29 17:52:03 CheckL
1459266723463	<INFO 7f1054011740> 2016-03-29 17:52:03 CheckM
1459266723465	<INFO 7f1054011740> 2016-03-29 17:52:03 CheckN
1459266724652	<INFO 7f1054011740> 2016-03-29 17:52:04 CheckO
1459266724654	<INFO 7f1054011740> 2016-03-29 17:52:04 CheckP
1459266724657	<INFO 7f1054011740> 2016-03-29 17:52:04 CheckQ
1459266724659	<INFO 7f1054011740> 2016-03-29 17:52:04 CheckI
1459266724683	<INFO 7f1054011740> 2016-03-29 17:52:04 Check8
1459266725782	<INFO 7f1054011740> 2016-03-29 17:52:05 Check9
1459266725785	<INFO 7f1054011740> 2016-03-29 17:52:05 Completed init
1459266725854	<INFO 7f1054011740> 2016-03-29 17:52:05 Started gather
1459266725884	<INFO 7f1054011740> 2016-03-29 17:52:05 CheckA
1459266725887	<INFO 7f1054011740> 2016-03-29 17:52:05 CheckB
1459266725889	<INFO 7f1054011740> 2016-03-29 17:52:05 CheckC
1459266725892	<INFO 7f1054011740> 2016-03-29 17:52:05 CheckD
1459266725894	<INFO 7f1054011740> 2016-03-29 17:52:05 CheckE
1459266725896	<INFO 7f1054011740> 2016-03-29 17:52:05 CheckF
1459266725899	<INFO 7f1054011740> 2016-03-29 17:52:05 CheckG
1459266725901	<INFO 7f1054011740> 2016-03-29 17:52:05 CheckH
1459266725903	<INFO 7f1054011740> 2016-03-29 17:52:05 CheckI
1459266725960	<INFO 7f1054011740> 2016-03-29 17:52:05 Completed gather
1459266726080	<INFO 7f1054011740> 2016-03-29 17:52:06 Started scatter
1459266726110	<INFO 7f1054011740> 2016-03-29 17:52:06 CheckA
1459266726117	<INFO 7f1054011740> 2016-03-29 17:52:06 CheckB
1459266726119	<INFO 7f1054011740> 2016-03-29 17:52:06 CheckC
1459266726122	<INFO 7f1054011740> 2016-03-29 17:52:06 CheckD
1459266726126	<INFO 7f1054011740> 2016-03-29 17:52:06 CheckE
1459266726129	<INFO 7f1054011740> 2016-03-29 17:52:06 CheckF
1459266726133	<INFO 7f1054011740> 2016-03-29 17:52:06 CheckG
1459266726135	<INFO 7f1054011740> 2016-03-29 17:52:06 CheckH
1459266726138	<INFO 7f1054011740> 2016-03-29 17:52:06 CheckI
1459266726559	<INFO 7f1054011740> 2016-03-29 17:52:06 CheckJ
1459266726562	<INFO 7f1054011740> 2016-03-29 17:52:06 CheckK
1459266726568	<INFO 7f1054011740> 2016-03-29 17:52:06 CheckL
1459266726570	<INFO 7f1054011740> 2016-03-29 17:52:06 CheckM
1459266726573	<INFO 7f1054011740> 2016-03-29 17:52:06 CheckN
1459266726703	<INFO 7f1054011740> 2016-03-29 17:52:06 CheckO
1459266726705	<INFO 7f1054011740> 2016-03-29 17:52:06 CheckP
1459266726708	<INFO 7f1054011740> 2016-03-29 17:52:06 CheckQ
1459266726710	<INFO 7f1054011740> 2016-03-29 17:52:06 CheckI
1459266726713	<INFO 7f1054011740> 2016-03-29 17:52:06 Completed scatter
1459266726717	<INFO 7f1054011740> 2016-03-29 17:52:06 Started helping 0
1459266726838	<INFO 7f1054011740> 2016-03-29 17:52:06 CheckA
1459266726845	<INFO 7f1054011740> 2016-03-29 17:52:06 CheckB
1459266726849	<INFO 7f1054011740> 2016-03-29 17:52:06 CheckC
1459266726852	<INFO 7f1054011740> 2016-03-29 17:52:06 CheckD
1459266726857	<INFO 7f1054011740> 2016-03-29 17:52:06 CheckE
1459266726862	<INFO 7f1054011740> 2016-03-29 17:52:06 CheckF
1459266726864	<INFO 7f1054011740> 2016-03-29 17:52:06 CheckG
1459266726867	<INFO 7f1054011740> 2016-03-29 17:52:06 CheckH
1459266726871	<INFO 7f1054011740> 2016-03-29 17:52:06 CheckI
1459266727333	<INFO 7f1054011740> 2016-03-29 17:52:07 CheckJ
1459266727336	<INFO 7f1054011740> 2016-03-29 17:52:07 CheckK
1459266727339	<INFO 7f1054011740> 2016-03-29 17:52:07 CheckL
1459266727343	<INFO 7f1054011740> 2016-03-29 17:52:07 CheckM
1459266727346	<INFO 7f1054011740> 2016-03-29 17:52:07 CheckN
1459266727518	<INFO 7f1054011740> 2016-03-29 17:52:07 CheckO
1459266727520	<INFO 7f1054011740> 2016-03-29 17:52:07 CheckP
1459266727523	<INFO 7f1054011740> 2016-03-29 17:52:07 CheckQ
1459266727526	<INFO 7f1054011740> 2016-03-29 17:52:07 CheckI
1459266727528	<INFO 7f1054011740> 2016-03-29 17:52:07 CheckJ
1459266727531	<INFO 7f1054011740> 2016-03-29 17:52:07 CheckK
1459266727534	<INFO 7f1054011740> 2016-03-29 17:52:07 CheckL
1459266727537	<INFO 7f1054011740> 2016-03-29 17:52:07 CheckM
1459266727539	<INFO 7f1054011740> 2016-03-29 17:52:07 CheckN
1459266727554	<INFO 7f1054011740> 2016-03-29 17:52:07 CheckO
1459266727556	<INFO 7f1054011740> 2016-03-29 17:52:07 CheckP
1459266727559	<INFO 7f1054011740> 2016-03-29 17:52:07 CheckQ
1459266727561	<INFO 7f1054011740> 2016-03-29 17:52:07 CheckI
1459266727563	<INFO 7f1054011740> 2016-03-29 17:52:07 Completed helping 0
1459266727699	<INFO 7f1054011740> 2016-03-29 17:52:07 Completed phase 1 Bytes read 1627104848 Bytes written 822987328
1459266727724	<INFO 7f1054011740> 2016-03-29 17:52:07 Started gather
1459266727753	<INFO 7f1054011740> 2016-03-29 17:52:07 CheckA
1459266727756	<INFO 7f1054011740> 2016-03-29 17:52:07 CheckB
1459266727758	<INFO 7f1054011740> 2016-03-29 17:52:07 CheckC
1459266727761	<INFO 7f1054011740> 2016-03-29 17:52:07 CheckD
1459266727763	<INFO 7f1054011740> 2016-03-29 17:52:07 CheckE
1459266727765	<INFO 7f1054011740> 2016-03-29 17:52:07 CheckF
1459266727768	<INFO 7f1054011740> 2016-03-29 17:52:07 CheckG
1459266727770	<INFO 7f1054011740> 2016-03-29 17:52:07 CheckH
1459266727772	<INFO 7f1054011740> 2016-03-29 17:52:07 CheckI
1459266727775	<INFO 7f1054011740> 2016-03-29 17:52:07 CheckJ
1459266727777	<INFO 7f1054011740> 2016-03-29 17:52:07 CheckK
1459266727779	<INFO 7f1054011740> 2016-03-29 17:52:07 CheckL
1459266727782	<INFO 7f1054011740> 2016-03-29 17:52:07 CheckM
1459266727784	<INFO 7f1054011740> 2016-03-29 17:52:07 CheckN
1459266727786	<INFO 7f1054011740> 2016-03-29 17:52:07 CheckO
1459266727789	<INFO 7f1054011740> 2016-03-29 17:52:07 CheckP
1459266727791	<INFO 7f1054011740> 2016-03-29 17:52:07 CheckQ
1459266727794	<INFO 7f1054011740> 2016-03-29 17:52:07 CheckI
1459266727850	<INFO 7f1054011740> 2016-03-29 17:52:07 Completed gather
1459266727936	<INFO 7f1054011740> 2016-03-29 17:52:07 Started scatter
1459266727964	<INFO 7f1054011740> 2016-03-29 17:52:07 CheckA
1459266727969	<INFO 7f1054011740> 2016-03-29 17:52:07 CheckB
1459266727971	<INFO 7f1054011740> 2016-03-29 17:52:07 CheckC
1459266727973	<INFO 7f1054011740> 2016-03-29 17:52:07 CheckD
1459266727976	<INFO 7f1054011740> 2016-03-29 17:52:07 CheckE
1459266727979	<INFO 7f1054011740> 2016-03-29 17:52:07 CheckF
1459266727983	<INFO 7f1054011740> 2016-03-29 17:52:07 CheckG
1459266727987	<INFO 7f1054011740> 2016-03-29 17:52:07 CheckH
1459266727991	<INFO 7f1054011740> 2016-03-29 17:52:07 CheckI
1459266728436	<INFO 7f1054011740> 2016-03-29 17:52:08 CheckJ
1459266728439	<INFO 7f1054011740> 2016-03-29 17:52:08 CheckK
1459266728441	<INFO 7f1054011740> 2016-03-29 17:52:08 CheckL
1459266728444	<INFO 7f1054011740> 2016-03-29 17:52:08 CheckM
1459266728448	<INFO 7f1054011740> 2016-03-29 17:52:08 CheckN
1459266728656	<INFO 7f1054011740> 2016-03-29 17:52:08 CheckO
1459266728660	<INFO 7f1054011740> 2016-03-29 17:52:08 CheckP
1459266728664	<INFO 7f1054011740> 2016-03-29 17:52:08 CheckQ
1459266728668	<INFO 7f1054011740> 2016-03-29 17:52:08 CheckI
1459266728672	<INFO 7f1054011740> 2016-03-29 17:52:08 Completed scatter
1459266728884	<INFO 7f1054011740> 2016-03-29 17:52:08 Started helping 0
1459266729019	<INFO 7f1054011740> 2016-03-29 17:52:09 CheckA
1459266729024	<INFO 7f1054011740> 2016-03-29 17:52:09 CheckB
1459266729032	<INFO 7f1054011740> 2016-03-29 17:52:09 CheckC
1459266729036	<INFO 7f1054011740> 2016-03-29 17:52:09 CheckD
1459266729040	<INFO 7f1054011740> 2016-03-29 17:52:09 CheckE
1459266729043	<INFO 7f1054011740> 2016-03-29 17:52:09 CheckF
1459266729049	<INFO 7f1054011740> 2016-03-29 17:52:09 CheckG
1459266729055	<INFO 7f1054011740> 2016-03-29 17:52:09 CheckH
1459266729057	<INFO 7f1054011740> 2016-03-29 17:52:09 CheckI
1459266729939	<INFO 7f1054011740> 2016-03-29 17:52:09 CheckJ
1459266729941	<INFO 7f1054011740> 2016-03-29 17:52:09 CheckK
1459266729944	<INFO 7f1054011740> 2016-03-29 17:52:09 CheckL
1459266729948	<INFO 7f1054011740> 2016-03-29 17:52:09 CheckM
1459266729951	<INFO 7f1054011740> 2016-03-29 17:52:09 CheckN
1459266730304	<INFO 7f1054011740> 2016-03-29 17:52:10 CheckO
1459266730307	<INFO 7f1054011740> 2016-03-29 17:52:10 CheckP
1459266730311	<INFO 7f1054011740> 2016-03-29 17:52:10 CheckQ
1459266730314	<INFO 7f1054011740> 2016-03-29 17:52:10 CheckI
1459266730317	<INFO 7f1054011740> 2016-03-29 17:52:10 CheckJ
1459266730319	<INFO 7f1054011740> 2016-03-29 17:52:10 CheckK
1459266730322	<INFO 7f1054011740> 2016-03-29 17:52:10 CheckL
1459266730324	<INFO 7f1054011740> 2016-03-29 17:52:10 CheckM
1459266730327	<INFO 7f1054011740> 2016-03-29 17:52:10 CheckN
1459266730749	<INFO 7f1054011740> 2016-03-29 17:52:10 CheckO
1459266730752	<INFO 7f1054011740> 2016-03-29 17:52:10 CheckP
1459266730754	<INFO 7f1054011740> 2016-03-29 17:52:10 CheckQ
1459266730756	<INFO 7f1054011740> 2016-03-29 17:52:10 CheckI
1459266730794	<INFO 7f1054011740> 2016-03-29 17:52:10 Completed helping 0
1459266730822	<INFO 7f1054011740> 2016-03-29 17:52:10 Completed phase 2 Bytes read 2450092176 Bytes written 1190605576
1459266730851	<INFO 7f1054011740> 2016-03-29 17:52:10 Started gather
1459266730879	<INFO 7f1054011740> 2016-03-29 17:52:10 CheckA
1459266730882	<INFO 7f1054011740> 2016-03-29 17:52:10 CheckB
1459266730884	<INFO 7f1054011740> 2016-03-29 17:52:10 CheckC
1459266730887	<INFO 7f1054011740> 2016-03-29 17:52:10 CheckD
1459266730889	<INFO 7f1054011740> 2016-03-29 17:52:10 CheckE
1459266730892	<INFO 7f1054011740> 2016-03-29 17:52:10 CheckF
1459266730895	<INFO 7f1054011740> 2016-03-29 17:52:10 CheckG
1459266730899	<INFO 7f1054011740> 2016-03-29 17:52:10 CheckH
1459266730902	<INFO 7f1054011740> 2016-03-29 17:52:10 CheckI
1459266731096	<INFO 7f1054011740> 2016-03-29 17:52:11 CheckJ
1459266731099	<INFO 7f1054011740> 2016-03-29 17:52:11 CheckK
1459266731101	<INFO 7f1054011740> 2016-03-29 17:52:11 CheckL
1459266731104	<INFO 7f1054011740> 2016-03-29 17:52:11 CheckM
1459266731107	<INFO 7f1054011740> 2016-03-29 17:52:11 CheckN
1459266731177	<INFO 7f1054011740> 2016-03-29 17:52:11 CheckO
1459266731179	<INFO 7f1054011740> 2016-03-29 17:52:11 CheckP
1459266731182	<INFO 7f1054011740> 2016-03-29 17:52:11 CheckQ
1459266731184	<INFO 7f1054011740> 2016-03-29 17:52:11 CheckI
1459266731295	<INFO 7f1054011740> 2016-03-29 17:52:11 Completed gather
1459266731298	<INFO 7f1054011740> 2016-03-29 17:52:11 Started helping 0
1459266731388	<INFO 7f1054011740> 2016-03-29 17:52:11 CheckA
1459266731395	<INFO 7f1054011740> 2016-03-29 17:52:11 CheckB
1459266731398	<INFO 7f1054011740> 2016-03-29 17:52:11 CheckC
1459266731401	<INFO 7f1054011740> 2016-03-29 17:52:11 CheckD
1459266731408	<INFO 7f1054011740> 2016-03-29 17:52:11 CheckE
1459266731414	<INFO 7f1054011740> 2016-03-29 17:52:11 CheckF
1459266731417	<INFO 7f1054011740> 2016-03-29 17:52:11 CheckG
1459266731420	<INFO 7f1054011740> 2016-03-29 17:52:11 CheckH
1459266731423	<INFO 7f1054011740> 2016-03-29 17:52:11 CheckI
1459266731681	<INFO 7f1054011740> 2016-03-29 17:52:11 CheckJ
1459266731684	<INFO 7f1054011740> 2016-03-29 17:52:11 CheckK
1459266731687	<INFO 7f1054011740> 2016-03-29 17:52:11 CheckL
1459266731689	<INFO 7f1054011740> 2016-03-29 17:52:11 CheckM
1459266731692	<INFO 7f1054011740> 2016-03-29 17:52:11 CheckN
1459266731832	<INFO 7f1054011740> 2016-03-29 17:52:11 CheckO
1459266731835	<INFO 7f1054011740> 2016-03-29 17:52:11 CheckP
1459266731838	<INFO 7f1054011740> 2016-03-29 17:52:11 CheckQ
1459266731840	<INFO 7f1054011740> 2016-03-29 17:52:11 CheckI
1459266731881	<INFO 7f1054011740> 2016-03-29 17:52:11 Completed helping 0
1459266733368	<INFO 7f1054011740> 2016-03-29 17:52:13 Started scatter
1459266733395	<INFO 7f1054011740> 2016-03-29 17:52:13 CheckA
1459266733400	<INFO 7f1054011740> 2016-03-29 17:52:13 CheckB
1459266733405	<INFO 7f1054011740> 2016-03-29 17:52:13 CheckC
1459266733409	<INFO 7f1054011740> 2016-03-29 17:52:13 CheckD
1459266733412	<INFO 7f1054011740> 2016-03-29 17:52:13 CheckE
1459266733414	<INFO 7f1054011740> 2016-03-29 17:52:13 CheckF
1459266733420	<INFO 7f1054011740> 2016-03-29 17:52:13 CheckG
1459266733424	<INFO 7f1054011740> 2016-03-29 17:52:13 CheckH
1459266733428	<INFO 7f1054011740> 2016-03-29 17:52:13 CheckI
1459266733857	<INFO 7f1054011740> 2016-03-29 17:52:13 CheckJ
1459266733862	<INFO 7f1054011740> 2016-03-29 17:52:13 CheckK
1459266733867	<INFO 7f1054011740> 2016-03-29 17:52:13 CheckL
1459266733870	<INFO 7f1054011740> 2016-03-29 17:52:13 CheckM
1459266733874	<INFO 7f1054011740> 2016-03-29 17:52:13 CheckN
1459266734076	<INFO 7f1054011740> 2016-03-29 17:52:14 CheckO
1459266734079	<INFO 7f1054011740> 2016-03-29 17:52:14 CheckP
1459266734081	<INFO 7f1054011740> 2016-03-29 17:52:14 CheckQ
1459266734084	<INFO 7f1054011740> 2016-03-29 17:52:14 CheckI
1459266734086	<INFO 7f1054011740> 2016-03-29 17:52:14 Completed scatter
1459266734438	<INFO 7f1054011740> 2016-03-29 17:52:14 Started helping 0
1459266734611	<INFO 7f1054011740> 2016-03-29 17:52:14 CheckA
1459266734614	<INFO 7f1054011740> 2016-03-29 17:52:14 CheckB
1459266734617	<INFO 7f1054011740> 2016-03-29 17:52:14 CheckC
1459266734620	<INFO 7f1054011740> 2016-03-29 17:52:14 CheckD
1459266734625	<INFO 7f1054011740> 2016-03-29 17:52:14 CheckE
1459266734627	<INFO 7f1054011740> 2016-03-29 17:52:14 CheckF
1459266734630	<INFO 7f1054011740> 2016-03-29 17:52:14 CheckG
1459266734634	<INFO 7f1054011740> 2016-03-29 17:52:14 CheckH
1459266734637	<INFO 7f1054011740> 2016-03-29 17:52:14 CheckI
1459266735475	<INFO 7f1054011740> 2016-03-29 17:52:15 CheckJ
1459266735477	<INFO 7f1054011740> 2016-03-29 17:52:15 CheckK
1459266735480	<INFO 7f1054011740> 2016-03-29 17:52:15 CheckL
1459266735482	<INFO 7f1054011740> 2016-03-29 17:52:15 CheckM
1459266735485	<INFO 7f1054011740> 2016-03-29 17:52:15 CheckN
1459266735695	<INFO 7f1054011740> 2016-03-29 17:52:15 CheckO
1459266735698	<INFO 7f1054011740> 2016-03-29 17:52:15 CheckP
1459266735702	<INFO 7f1054011740> 2016-03-29 17:52:15 CheckQ
1459266735705	<INFO 7f1054011740> 2016-03-29 17:52:15 CheckI
1459266735708	<INFO 7f1054011740> 2016-03-29 17:52:15 Completed helping 0
1459266735869	<INFO 7f1054011740> 2016-03-29 17:52:15 Completed phase 3 Bytes read 3622731688 Bytes written 1419350000
1459266735896	<INFO 7f1054011740> 2016-03-29 17:52:15 Started gather
1459266735924	<INFO 7f1054011740> 2016-03-29 17:52:15 CheckA
1459266735928	<INFO 7f1054011740> 2016-03-29 17:52:15 CheckB
1459266735932	<INFO 7f1054011740> 2016-03-29 17:52:15 CheckC
1459266735935	<INFO 7f1054011740> 2016-03-29 17:52:15 CheckD
1459266735938	<INFO 7f1054011740> 2016-03-29 17:52:15 CheckE
1459266735941	<INFO 7f1054011740> 2016-03-29 17:52:15 CheckF
1459266735946	<INFO 7f1054011740> 2016-03-29 17:52:15 CheckG
1459266735950	<INFO 7f1054011740> 2016-03-29 17:52:15 CheckH
1459266735952	<INFO 7f1054011740> 2016-03-29 17:52:15 CheckI
1459266736145	<INFO 7f1054011740> 2016-03-29 17:52:16 CheckJ
1459266736148	<INFO 7f1054011740> 2016-03-29 17:52:16 CheckK
1459266736153	<INFO 7f1054011740> 2016-03-29 17:52:16 CheckL
1459266736156	<INFO 7f1054011740> 2016-03-29 17:52:16 CheckM
1459266736159	<INFO 7f1054011740> 2016-03-29 17:52:16 CheckN
1459266736185	<INFO 7f1054011740> 2016-03-29 17:52:16 CheckO
1459266736188	<INFO 7f1054011740> 2016-03-29 17:52:16 CheckP
1459266736190	<INFO 7f1054011740> 2016-03-29 17:52:16 CheckQ
1459266736193	<INFO 7f1054011740> 2016-03-29 17:52:16 CheckI
1459266736290	<INFO 7f1054011740> 2016-03-29 17:52:16 Completed gather
1459266737574	<INFO 7f1054011740> 2016-03-29 17:52:17 Started scatter
1459266737605	<INFO 7f1054011740> 2016-03-29 17:52:17 CheckA
1459266737611	<INFO 7f1054011740> 2016-03-29 17:52:17 CheckB
1459266737616	<INFO 7f1054011740> 2016-03-29 17:52:17 CheckC
1459266737620	<INFO 7f1054011740> 2016-03-29 17:52:17 CheckD
1459266737624	<INFO 7f1054011740> 2016-03-29 17:52:17 CheckE
1459266737630	<INFO 7f1054011740> 2016-03-29 17:52:17 CheckF
1459266737633	<INFO 7f1054011740> 2016-03-29 17:52:17 CheckG
1459266737637	<INFO 7f1054011740> 2016-03-29 17:52:17 CheckH
1459266737641	<INFO 7f1054011740> 2016-03-29 17:52:17 CheckI
1459266737995	<INFO 7f1054011740> 2016-03-29 17:52:17 CheckJ
1459266737997	<INFO 7f1054011740> 2016-03-29 17:52:17 CheckK
1459266738000	<INFO 7f1054011740> 2016-03-29 17:52:17 CheckL
1459266738005	<INFO 7f1054011740> 2016-03-29 17:52:17 CheckM
1459266738008	<INFO 7f1054011740> 2016-03-29 17:52:17 CheckN
1459266738127	<INFO 7f1054011740> 2016-03-29 17:52:18 CheckO
1459266738130	<INFO 7f1054011740> 2016-03-29 17:52:18 CheckP
1459266738135	<INFO 7f1054011740> 2016-03-29 17:52:18 CheckQ
1459266738137	<INFO 7f1054011740> 2016-03-29 17:52:18 CheckI
1459266738140	<INFO 7f1054011740> 2016-03-29 17:52:18 Completed scatter
1459266738143	<INFO 7f1054011740> 2016-03-29 17:52:18 Started helping 0
1459266738240	<INFO 7f1054011740> 2016-03-29 17:52:18 CheckA
1459266738245	<INFO 7f1054011740> 2016-03-29 17:52:18 CheckB
1459266738252	<INFO 7f1054011740> 2016-03-29 17:52:18 CheckC
1459266738255	<INFO 7f1054011740> 2016-03-29 17:52:18 CheckD
1459266738259	<INFO 7f1054011740> 2016-03-29 17:52:18 CheckE
1459266738268	<INFO 7f1054011740> 2016-03-29 17:52:18 CheckF
1459266738272	<INFO 7f1054011740> 2016-03-29 17:52:18 CheckG
1459266738276	<INFO 7f1054011740> 2016-03-29 17:52:18 CheckH
1459266738279	<INFO 7f1054011740> 2016-03-29 17:52:18 CheckI
1459266738762	<INFO 7f1054011740> 2016-03-29 17:52:18 CheckJ
1459266738764	<INFO 7f1054011740> 2016-03-29 17:52:18 CheckK
1459266738767	<INFO 7f1054011740> 2016-03-29 17:52:18 CheckL
1459266738770	<INFO 7f1054011740> 2016-03-29 17:52:18 CheckM
1459266738774	<INFO 7f1054011740> 2016-03-29 17:52:18 CheckN
1459266738950	<INFO 7f1054011740> 2016-03-29 17:52:18 CheckO
1459266738952	<INFO 7f1054011740> 2016-03-29 17:52:18 CheckP
1459266738956	<INFO 7f1054011740> 2016-03-29 17:52:18 CheckQ
1459266738959	<INFO 7f1054011740> 2016-03-29 17:52:18 CheckI
1459266738986	<INFO 7f1054011740> 2016-03-29 17:52:18 CheckJ
1459266738989	<INFO 7f1054011740> 2016-03-29 17:52:18 CheckK
1459266738992	<INFO 7f1054011740> 2016-03-29 17:52:18 CheckL
1459266738995	<INFO 7f1054011740> 2016-03-29 17:52:18 CheckM
1459266738997	<INFO 7f1054011740> 2016-03-29 17:52:18 CheckN
1459266739034	<INFO 7f1054011740> 2016-03-29 17:52:19 CheckO
1459266739037	<INFO 7f1054011740> 2016-03-29 17:52:19 CheckP
1459266739040	<INFO 7f1054011740> 2016-03-29 17:52:19 CheckQ
1459266739043	<INFO 7f1054011740> 2016-03-29 17:52:19 CheckI
1459266739045	<INFO 7f1054011740> 2016-03-29 17:52:19 Completed helping 0
1459266739172	<INFO 7f1054011740> 2016-03-29 17:52:19 Completed phase 4 Bytes read 4656497376 Bytes written 1437230440
1459266739200	<INFO 7f1054011740> 2016-03-29 17:52:19 Started gather
1459266739232	<INFO 7f1054011740> 2016-03-29 17:52:19 CheckA
1459266739236	<INFO 7f1054011740> 2016-03-29 17:52:19 CheckB
1459266739238	<INFO 7f1054011740> 2016-03-29 17:52:19 CheckC
1459266739242	<INFO 7f1054011740> 2016-03-29 17:52:19 CheckD
1459266739245	<INFO 7f1054011740> 2016-03-29 17:52:19 CheckE
1459266739247	<INFO 7f1054011740> 2016-03-29 17:52:19 CheckF
1459266739251	<INFO 7f1054011740> 2016-03-29 17:52:19 CheckG
1459266739254	<INFO 7f1054011740> 2016-03-29 17:52:19 CheckH
1459266739256	<INFO 7f1054011740> 2016-03-29 17:52:19 CheckI
1459266739259	<INFO 7f1054011740> 2016-03-29 17:52:19 CheckJ
1459266739263	<INFO 7f1054011740> 2016-03-29 17:52:19 CheckK
1459266739266	<INFO 7f1054011740> 2016-03-29 17:52:19 CheckL
1459266739269	<INFO 7f1054011740> 2016-03-29 17:52:19 CheckM
1459266739271	<INFO 7f1054011740> 2016-03-29 17:52:19 CheckN
1459266739276	<INFO 7f1054011740> 2016-03-29 17:52:19 CheckO
1459266739279	<INFO 7f1054011740> 2016-03-29 17:52:19 CheckP
1459266739281	<INFO 7f1054011740> 2016-03-29 17:52:19 CheckQ
1459266739283	<INFO 7f1054011740> 2016-03-29 17:52:19 CheckI
1459266739331	<INFO 7f1054011740> 2016-03-29 17:52:19 Completed gather
1459266739412	<INFO 7f1054011740> 2016-03-29 17:52:19 Started scatter
1459266739445	<INFO 7f1054011740> 2016-03-29 17:52:19 CheckA
1459266739447	<INFO 7f1054011740> 2016-03-29 17:52:19 CheckB
1459266739450	<INFO 7f1054011740> 2016-03-29 17:52:19 CheckC
1459266739453	<INFO 7f1054011740> 2016-03-29 17:52:19 CheckD
1459266739456	<INFO 7f1054011740> 2016-03-29 17:52:19 CheckE
1459266739458	<INFO 7f1054011740> 2016-03-29 17:52:19 CheckF
1459266739464	<INFO 7f1054011740> 2016-03-29 17:52:19 CheckG
1459266739468	<INFO 7f1054011740> 2016-03-29 17:52:19 CheckH
1459266739471	<INFO 7f1054011740> 2016-03-29 17:52:19 CheckI
1459266739892	<INFO 7f1054011740> 2016-03-29 17:52:19 CheckJ
1459266739894	<INFO 7f1054011740> 2016-03-29 17:52:19 CheckK
1459266739898	<INFO 7f1054011740> 2016-03-29 17:52:19 CheckL
1459266739900	<INFO 7f1054011740> 2016-03-29 17:52:19 CheckM
1459266739903	<INFO 7f1054011740> 2016-03-29 17:52:19 CheckN
1459266740030	<INFO 7f1054011740> 2016-03-29 17:52:20 CheckO
1459266740034	<INFO 7f1054011740> 2016-03-29 17:52:20 CheckP
1459266740036	<INFO 7f1054011740> 2016-03-29 17:52:20 CheckQ
1459266740039	<INFO 7f1054011740> 2016-03-29 17:52:20 CheckI
1459266740042	<INFO 7f1054011740> 2016-03-29 17:52:20 Completed scatter
1459266740057	<INFO 7f1054011740> 2016-03-29 17:52:20 Started helping 0
1459266740159	<INFO 7f1054011740> 2016-03-29 17:52:20 CheckA
1459266740162	<INFO 7f1054011740> 2016-03-29 17:52:20 CheckB
1459266740165	<INFO 7f1054011740> 2016-03-29 17:52:20 CheckC
1459266740169	<INFO 7f1054011740> 2016-03-29 17:52:20 CheckD
1459266740172	<INFO 7f1054011740> 2016-03-29 17:52:20 CheckE
1459266740175	<INFO 7f1054011740> 2016-03-29 17:52:20 CheckF
1459266740181	<INFO 7f1054011740> 2016-03-29 17:52:20 CheckG
1459266740184	<INFO 7f1054011740> 2016-03-29 17:52:20 CheckH
1459266740189	<INFO 7f1054011740> 2016-03-29 17:52:20 CheckI
1459266740673	<INFO 7f1054011740> 2016-03-29 17:52:20 CheckJ
1459266740675	<INFO 7f1054011740> 2016-03-29 17:52:20 CheckK
1459266740678	<INFO 7f1054011740> 2016-03-29 17:52:20 CheckL
1459266740681	<INFO 7f1054011740> 2016-03-29 17:52:20 CheckM
1459266740684	<INFO 7f1054011740> 2016-03-29 17:52:20 CheckN
1459266740863	<INFO 7f1054011740> 2016-03-29 17:52:20 CheckO
1459266740865	<INFO 7f1054011740> 2016-03-29 17:52:20 CheckP
1459266740869	<INFO 7f1054011740> 2016-03-29 17:52:20 CheckQ
1459266740871	<INFO 7f1054011740> 2016-03-29 17:52:20 CheckI
1459266740874	<INFO 7f1054011740> 2016-03-29 17:52:20 CheckJ
1459266740876	<INFO 7f1054011740> 2016-03-29 17:52:20 CheckK
1459266740879	<INFO 7f1054011740> 2016-03-29 17:52:20 CheckL
1459266740881	<INFO 7f1054011740> 2016-03-29 17:52:20 CheckM
1459266740884	<INFO 7f1054011740> 2016-03-29 17:52:20 CheckN
1459266740886	<INFO 7f1054011740> 2016-03-29 17:52:20 CheckO
1459266740888	<INFO 7f1054011740> 2016-03-29 17:52:20 CheckP
1459266740891	<INFO 7f1054011740> 2016-03-29 17:52:20 CheckQ
1459266740893	<INFO 7f1054011740> 2016-03-29 17:52:20 CheckI
1459266740895	<INFO 7f1054011740> 2016-03-29 17:52:20 Completed helping 0
1459266741037	<INFO 7f1054011740> 2016-03-29 17:52:21 Completed phase 5 Bytes read 5479399080 Bytes written 1454010640
1459266741064	<INFO 7f1054011740> 2016-03-29 17:52:21 Started gather
1459266741093	<INFO 7f1054011740> 2016-03-29 17:52:21 CheckA
1459266741095	<INFO 7f1054011740> 2016-03-29 17:52:21 CheckB
1459266741098	<INFO 7f1054011740> 2016-03-29 17:52:21 CheckC
1459266741100	<INFO 7f1054011740> 2016-03-29 17:52:21 CheckD
1459266741102	<INFO 7f1054011740> 2016-03-29 17:52:21 CheckE
1459266741105	<INFO 7f1054011740> 2016-03-29 17:52:21 CheckF
1459266741107	<INFO 7f1054011740> 2016-03-29 17:52:21 CheckG
1459266741110	<INFO 7f1054011740> 2016-03-29 17:52:21 CheckH
1459266741113	<INFO 7f1054011740> 2016-03-29 17:52:21 CheckI
1459266741117	<INFO 7f1054011740> 2016-03-29 17:52:21 CheckJ
1459266741120	<INFO 7f1054011740> 2016-03-29 17:52:21 CheckK
1459266741122	<INFO 7f1054011740> 2016-03-29 17:52:21 CheckL
1459266741126	<INFO 7f1054011740> 2016-03-29 17:52:21 CheckM
1459266741128	<INFO 7f1054011740> 2016-03-29 17:52:21 CheckN
1459266741131	<INFO 7f1054011740> 2016-03-29 17:52:21 CheckO
1459266741133	<INFO 7f1054011740> 2016-03-29 17:52:21 CheckP
1459266741135	<INFO 7f1054011740> 2016-03-29 17:52:21 CheckQ
1459266741138	<INFO 7f1054011740> 2016-03-29 17:52:21 CheckI
1459266741140	<INFO 7f1054011740> 2016-03-29 17:52:21 Completed gather
1459266741243	<INFO 7f1054011740> 2016-03-29 17:52:21 Started scatter
1459266741271	<INFO 7f1054011740> 2016-03-29 17:52:21 CheckA
1459266741277	<INFO 7f1054011740> 2016-03-29 17:52:21 CheckB
1459266741281	<INFO 7f1054011740> 2016-03-29 17:52:21 CheckC
1459266741292	<INFO 7f1054011740> 2016-03-29 17:52:21 CheckD
1459266741295	<INFO 7f1054011740> 2016-03-29 17:52:21 CheckE
1459266741300	<INFO 7f1054011740> 2016-03-29 17:52:21 CheckF
1459266741303	<INFO 7f1054011740> 2016-03-29 17:52:21 CheckG
1459266741306	<INFO 7f1054011740> 2016-03-29 17:52:21 CheckH
1459266741309	<INFO 7f1054011740> 2016-03-29 17:52:21 CheckI
1459266741869	<INFO 7f1054011740> 2016-03-29 17:52:21 CheckJ
1459266741872	<INFO 7f1054011740> 2016-03-29 17:52:21 CheckK
1459266741874	<INFO 7f1054011740> 2016-03-29 17:52:21 CheckL
1459266741876	<INFO 7f1054011740> 2016-03-29 17:52:21 CheckM
1459266741879	<INFO 7f1054011740> 2016-03-29 17:52:21 CheckN
1459266742018	<INFO 7f1054011740> 2016-03-29 17:52:22 CheckO
1459266742020	<INFO 7f1054011740> 2016-03-29 17:52:22 CheckP
1459266742022	<INFO 7f1054011740> 2016-03-29 17:52:22 CheckQ
1459266742026	<INFO 7f1054011740> 2016-03-29 17:52:22 CheckI
1459266742028	<INFO 7f1054011740> 2016-03-29 17:52:22 Completed scatter
1459266742076	<INFO 7f1054011740> 2016-03-29 17:52:22 Started helping 0
1459266742250	<INFO 7f1054011740> 2016-03-29 17:52:22 CheckA
1459266742255	<INFO 7f1054011740> 2016-03-29 17:52:22 CheckB
1459266742260	<INFO 7f1054011740> 2016-03-29 17:52:22 CheckC
1459266742264	<INFO 7f1054011740> 2016-03-29 17:52:22 CheckD
1459266742266	<INFO 7f1054011740> 2016-03-29 17:52:22 CheckE
1459266742270	<INFO 7f1054011740> 2016-03-29 17:52:22 CheckF
1459266742275	<INFO 7f1054011740> 2016-03-29 17:52:22 CheckG
1459266742285	<INFO 7f1054011740> 2016-03-29 17:52:22 CheckH
1459266742291	<INFO 7f1054011740> 2016-03-29 17:52:22 CheckI
1459266742693	<INFO 7f1054011740> 2016-03-29 17:52:22 CheckJ
1459266742695	<INFO 7f1054011740> 2016-03-29 17:52:22 CheckK
1459266742698	<INFO 7f1054011740> 2016-03-29 17:52:22 CheckL
1459266742700	<INFO 7f1054011740> 2016-03-29 17:52:22 CheckM
1459266742703	<INFO 7f1054011740> 2016-03-29 17:52:22 CheckN
1459266742854	<INFO 7f1054011740> 2016-03-29 17:52:22 CheckO
1459266742857	<INFO 7f1054011740> 2016-03-29 17:52:22 CheckP
1459266742859	<INFO 7f1054011740> 2016-03-29 17:52:22 CheckQ
1459266742861	<INFO 7f1054011740> 2016-03-29 17:52:22 CheckI
1459266742864	<INFO 7f1054011740> 2016-03-29 17:52:22 Completed helping 0
1459266742912	<INFO 7f1054011740> 2016-03-29 17:52:22 Completed phase 6 Bytes read 6301200544 Bytes written 1470787872
1459266742938	<INFO 7f1054011740> 2016-03-29 17:52:22 Started gather
1459266742967	<INFO 7f1054011740> 2016-03-29 17:52:22 CheckA
1459266742969	<INFO 7f1054011740> 2016-03-29 17:52:22 CheckB
1459266742972	<INFO 7f1054011740> 2016-03-29 17:52:22 CheckC
1459266742974	<INFO 7f1054011740> 2016-03-29 17:52:22 CheckD
1459266742976	<INFO 7f1054011740> 2016-03-29 17:52:22 CheckE
1459266742979	<INFO 7f1054011740> 2016-03-29 17:52:22 CheckF
1459266742981	<INFO 7f1054011740> 2016-03-29 17:52:22 CheckG
1459266742984	<INFO 7f1054011740> 2016-03-29 17:52:22 CheckH
1459266742986	<INFO 7f1054011740> 2016-03-29 17:52:22 CheckI
1459266742989	<INFO 7f1054011740> 2016-03-29 17:52:22 CheckJ
1459266742991	<INFO 7f1054011740> 2016-03-29 17:52:22 CheckK
1459266742993	<INFO 7f1054011740> 2016-03-29 17:52:22 CheckL
1459266742995	<INFO 7f1054011740> 2016-03-29 17:52:22 CheckM
1459266742998	<INFO 7f1054011740> 2016-03-29 17:52:22 CheckN
1459266743000	<INFO 7f1054011740> 2016-03-29 17:52:22 CheckO
1459266743003	<INFO 7f1054011740> 2016-03-29 17:52:22 CheckP
1459266743005	<INFO 7f1054011740> 2016-03-29 17:52:22 CheckQ
1459266743007	<INFO 7f1054011740> 2016-03-29 17:52:22 CheckI
1459266743044	<INFO 7f1054011740> 2016-03-29 17:52:23 Completed gather
1459266743163	<INFO 7f1054011740> 2016-03-29 17:52:23 Started scatter
1459266743192	<INFO 7f1054011740> 2016-03-29 17:52:23 CheckA
1459266743194	<INFO 7f1054011740> 2016-03-29 17:52:23 CheckB
1459266743198	<INFO 7f1054011740> 2016-03-29 17:52:23 CheckC
1459266743203	<INFO 7f1054011740> 2016-03-29 17:52:23 CheckD
1459266743205	<INFO 7f1054011740> 2016-03-29 17:52:23 CheckE
1459266743209	<INFO 7f1054011740> 2016-03-29 17:52:23 CheckF
1459266743221	<INFO 7f1054011740> 2016-03-29 17:52:23 CheckG
1459266743223	<INFO 7f1054011740> 2016-03-29 17:52:23 CheckH
1459266743225	<INFO 7f1054011740> 2016-03-29 17:52:23 CheckI
1459266743689	<INFO 7f1054011740> 2016-03-29 17:52:23 CheckJ
1459266743695	<INFO 7f1054011740> 2016-03-29 17:52:23 CheckK
1459266743699	<INFO 7f1054011740> 2016-03-29 17:52:23 CheckL
1459266743702	<INFO 7f1054011740> 2016-03-29 17:52:23 CheckM
1459266743706	<INFO 7f1054011740> 2016-03-29 17:52:23 CheckN
1459266743840	<INFO 7f1054011740> 2016-03-29 17:52:23 CheckO
1459266743843	<INFO 7f1054011740> 2016-03-29 17:52:23 CheckP
1459266743847	<INFO 7f1054011740> 2016-03-29 17:52:23 CheckQ
1459266743850	<INFO 7f1054011740> 2016-03-29 17:52:23 CheckI
1459266743852	<INFO 7f1054011740> 2016-03-29 17:52:23 Completed scatter
1459266743855	<INFO 7f1054011740> 2016-03-29 17:52:23 Started helping 0
1459266743969	<INFO 7f1054011740> 2016-03-29 17:52:23 CheckA
1459266743973	<INFO 7f1054011740> 2016-03-29 17:52:23 CheckB
1459266743981	<INFO 7f1054011740> 2016-03-29 17:52:23 CheckC
1459266743984	<INFO 7f1054011740> 2016-03-29 17:52:23 CheckD
1459266743993	<INFO 7f1054011740> 2016-03-29 17:52:23 CheckE
1459266743999	<INFO 7f1054011740> 2016-03-29 17:52:23 CheckF
1459266744004	<INFO 7f1054011740> 2016-03-29 17:52:23 CheckG
1459266744006	<INFO 7f1054011740> 2016-03-29 17:52:23 CheckH
1459266744010	<INFO 7f1054011740> 2016-03-29 17:52:23 CheckI
1459266744486	<INFO 7f1054011740> 2016-03-29 17:52:24 CheckJ
1459266744488	<INFO 7f1054011740> 2016-03-29 17:52:24 CheckK
1459266744491	<INFO 7f1054011740> 2016-03-29 17:52:24 CheckL
1459266744493	<INFO 7f1054011740> 2016-03-29 17:52:24 CheckM
1459266744497	<INFO 7f1054011740> 2016-03-29 17:52:24 CheckN
1459266744683	<INFO 7f1054011740> 2016-03-29 17:52:24 CheckO
1459266744686	<INFO 7f1054011740> 2016-03-29 17:52:24 CheckP
1459266744688	<INFO 7f1054011740> 2016-03-29 17:52:24 CheckQ
1459266744690	<INFO 7f1054011740> 2016-03-29 17:52:24 CheckI
1459266744693	<INFO 7f1054011740> 2016-03-29 17:52:24 CheckJ
1459266744695	<INFO 7f1054011740> 2016-03-29 17:52:24 CheckK
1459266744698	<INFO 7f1054011740> 2016-03-29 17:52:24 CheckL
1459266744700	<INFO 7f1054011740> 2016-03-29 17:52:24 CheckM
1459266744702	<INFO 7f1054011740> 2016-03-29 17:52:24 CheckN
1459266744704	<INFO 7f1054011740> 2016-03-29 17:52:24 CheckO
1459266744707	<INFO 7f1054011740> 2016-03-29 17:52:24 CheckP
1459266744709	<INFO 7f1054011740> 2016-03-29 17:52:24 CheckQ
1459266744712	<INFO 7f1054011740> 2016-03-29 17:52:24 CheckI
1459266744714	<INFO 7f1054011740> 2016-03-29 17:52:24 Completed helping 0
1459266744764	<INFO 7f1054011740> 2016-03-29 17:52:24 Completed phase 7 Bytes read 7122999040 Bytes written 1487565088
1459266744767	<INFO 7f1054011740> ALGORITHM::BFS::VERTICES_DISCOVERED 947103
1459266744769	<INFO 7f1054011740> ALGORITHM::BFS::EDGES_EXPLORED 58915472
1459266744772	<INFO 7f1054011740> CORE::PARTITIONS_PROCESSED 26
1459266744774	<INFO 7f1054011740> CORE::BYTES::EDGES_STREAMED 535289028
1459266744776	<INFO 7f1054011740> CORE::BYTES::UPDATES_OUT 44899448
1459266744779	<INFO 7f1054011740> CORE::BYTES::UPDATES_IN 44173808
1459266744781	<INFO 7ef234ff5700> CORE::PARTITIONS_PROCESSED 43
1459266744783	<INFO 7ef2297fa700> CORE::PARTITIONS_PROCESSED 62
1459266744786	<INFO 7ef22affd700> CORE::PARTITIONS_PROCESSED 43
1459266744788	<INFO 7ef22b7fe700> CORE::PARTITIONS_PROCESSED 57
1459266744790	<INFO 7ef22bfff700> CORE::PARTITIONS_PROCESSED 45
1459266744792	<INFO 7ef22a7fc700> CORE::PARTITIONS_PROCESSED 52
1459266744795	<INFO 7ef229ffb700> CORE::PARTITIONS_PROCESSED 55
1459266744797	<INFO 7ef234ff5700> CORE::BYTES::EDGES_STREAMED 545176236
1459266744799	<INFO 7ef234ff5700> CORE::BYTES::UPDATES_OUT 43165496
1459266744802	<INFO 7ef22affd700> CORE::BYTES::EDGES_STREAMED 591872028
1459266744804	<INFO 7ef22b7fe700> CORE::BYTES::EDGES_STREAMED 621144816
1459266744806	<INFO 7ef22bfff700> CORE::BYTES::EDGES_STREAMED 448773876
1459266744808	<INFO 7ef2297fa700> CORE::BYTES::EDGES_STREAMED 1001847720
1459266744811	<INFO 7ef22affd700> CORE::BYTES::UPDATES_OUT 53442960
1459266744813	<INFO 7ef22b7fe700> CORE::BYTES::UPDATES_OUT 59988576
1459266744815	<INFO 7ef22a7fc700> CORE::BYTES::EDGES_STREAMED 768128340
1459266744817	<INFO 7ef229ffb700> CORE::BYTES::EDGES_STREAMED 496051776
1459266744820	<INFO 7ef22affd700> CORE::BYTES::UPDATES_IN 51033232
1459266744822	<INFO 7ef234ff5700> CORE::BYTES::UPDATES_IN 51871016
1459266744824	<INFO 7ef22bfff700> CORE::BYTES::UPDATES_OUT 52381192
1459266744827	<INFO 7ef2297fa700> CORE::BYTES::UPDATES_OUT 72751992
1459266744829	<INFO 7ef22b7fe700> CORE::BYTES::UPDATES_IN 52858088
1459266744831	<INFO 7ef22bfff700> CORE::BYTES::UPDATES_IN 33355728
1459266744834	<INFO 7ef22a7fc700> CORE::BYTES::UPDATES_OUT 96234664
1459266744836	<INFO 7ef2297fa700> CORE::BYTES::UPDATES_IN 103915848
1459266744838	<INFO 7ef229ffb700> CORE::BYTES::UPDATES_OUT 48459448
1459266744840	<INFO 7ef22a7fc700> CORE::BYTES::UPDATES_IN 44668808
1459266744843	<INFO 7ef229ffb700> CORE::BYTES::UPDATES_IN 44686336
1459266744845	<INFO 7ef235ff7700> SLIPSTORE service is exiting
1459266744847	<INFO 7ef235ff7700> SLIPSTORE::HELP_OFFERS_RECVD 98
1459266744849	<INFO 7ef235ff7700> SLIPSTORE::HELP_OFFERS_ACCEPTED 0
1459266744852	<INFO 7ef235ff7700> SLIPSTORE::HELP_ACCEPTANCE_RATIO 0
1459266744854	<INFO 7ef235ff7700> SLIPSTORE::SERVER_BUSY_DISK  15.3056 seconds
1459266744856	<INFO 7ef235ff7700> SLIPSTORE::SERVER_BUSY_MEM  0.010072 seconds
1459266744859	<INFO 7ef235ff7700> SLIPSTORE::SERVER_TOTAL  25.491 seconds
1459266744861	<INFO 7f1054011740> SLIPSTORE::CLIENT::DISK_READ_TIME  15.0074 seconds
1459266744863	<INFO 7f1054011740> SLIPSTORE::CLIENT::MEM_READ_TIME  0 seconds
1459266744865	<INFO 7f1054011740> SLIPSTORE::CLIENT::DISK_BYTES_READ 6609252572
1459266744868	<INFO 7f1054011740> SLIPSTORE::CLIENT::MEM_BYTES_READ 0
1459266744870	<INFO 7f1054011740> SLIPSTORE::CLIENT::WRITE_TIME  3.60001 seconds
1459266744872	<INFO 7f1054011740> SLIPSTORE::CLIENT::BYTES_WRITTEN 134217728
1459266744874	<INFO 7f1054011740> SLIPSTORE::CLIENT_BUSY  18.6074 seconds
1459266744877	<INFO 7f1054011740> SLIPSTORE::IO::TIME 9.86055 seconds
1459266744879	<INFO 7f1054011740> SLIPSTORE::SNAP::TIME 0 seconds
1459266744881	<INFO 7f1054011740> SLIPSTORE::MAX_DISK_USAGE_BYTES 1155862296
1459266744884	<INFO 7f1054011740> CORE::RUSAGE::MAX_RSS_KB 125945176
1459266744886	<INFO 7f1054011740> CORE::RUSAGE::MINFLT 31792468
1459266744889	<INFO 7f1054011740> CORE::RUSAGE::MAJFLT 0
1459266744891	<INFO 7f1054011740> CORE::RUSAGE::MAJFLT 0
1459266744893	<INFO 7f1054011740> CORE::RUSAGE::INBLK 1572864
1459266744896	<INFO 7f1054011740> CORE::RUSAGE::OUBLK 2905648
1459266744898	<INFO 7f1054011740> CORE::UTILS::BYTES_READ 7122999040
1459266744900	<INFO 7f1054011740> CORE::UTILS::BYTES_WRITTEN 1487565088
1459266744902	<INFO 7f1054011740> CORE::UTILS::TILE_COPY_BYTES 369098752
1459266744905	<INFO 7f1054011740> CORE::TIME::IO_WAIT 15.5556 seconds
1459266744907	<INFO 7f1054011740> CORE::TIME_TILE_COPY 1.02371 seconds
1459266744909	<INFO 7f1054011740> CORE::TIME_TILE_MERGE 0 seconds
1459266744912	<INFO 7f1054011740> CORE::TIME_PROCESSING_STOLEN 6.86491 seconds
1459266744914	<INFO 7f1054011740> CORE::TIME_MERGE_WAIT 0.048666 seconds
1459266744917	<INFO 7f1054011740> CORE::TIME_ALL_MC_BARRIER 2.32711 seconds
1459266744919	<INFO 7f1054011740> CORE::PHASES 7
1459266744921	<INFO 7f1054011740> CORE::TIME::SETUP 2.82795 seconds
1459266744924	<INFO 7f1054011740> CORE::TIME::WALL 27.6328 seconds
1459266744926	<INFO 7f1054011740> SHUTDOWN
