1462007536990	<INFO 7f88fe537740> 2016-04-30 11:12:16 STARTUP
1462007536994	<INFO 7f88fe537740> CORE::GRAPH rmat-28_s8
1462007536997	<INFO 7f88fe537740> CORE::ALGORITHM pagerank
1462007537001	<INFO 7f88fe537740> CORE::VERTEX_STRIPING OFF
1462007537005	<INFO 7f88fe537740> CORE::OPTIMIZED_STATE_LOAD_STORE ON
1462007537008	<INFO 7f88fe537740> CORE::BINARY_SEARCH_SUPER_PARTITION ON
1462007537011	<INFO 7f88fe537740> CORE::SUPER_PARTITION_COMPUTED_FOR_EACH_SCATTER_GATHER_PHASE
1462007537015	<INFO 7f88fe537740> CORE::BATCH IO OFF
1462007537018	<INFO 7f88fe537740> 2016-04-30 11:12:16 Blocking memory amount 126701535232
1462007644618	<INFO 7f88fe537740> 2016-04-30 11:14:04 Done blocking memory
1462007644621	<INFO 7f88fe537740> SG-DRIVER-ORIGINAL
1462007644625	<INFO 7f88fe537740> 2016-04-30 11:14:04 START read config parameters
1462007644628	<INFO 7f88fe537740> PARTITIONING::OLD 0
1462007644632	<INFO 7f88fe537740> PARTITIONING::BALANCED_PARTITIONS 0
1462007644636	<INFO 7f88fe537740> CORE::CONFIG::PROCESSORS 8
1462007644639	<INFO 7f88fe537740> CORE::CONFIG::PHYSICAL_MEMORY 2147483648
1462007644643	<INFO 7f88fe537740> CORE::CONFIG::VERTICES 268435456
1462007644647	<INFO 7f88fe537740> CORE::CONFIG::VERTEX_SIZE 12
1462007644650	<INFO 7f88fe537740> CORE::CONFIG::VERTEX_BUFFER 1402204788
1462007644653	<INFO 7f88fe537740> CORE::CONFIG::EDGES 536870912
1462007644657	<INFO 7f88fe537740> CORE::CONFIG::PARTITIONS 64
1462007644661	<INFO 7f88fe537740> CORE::CONFIG::FANOUT 64
1462007644664	<INFO 7f88fe537740> CORE::CONFIG::SUPER_PARTITIONS 8
1462007644668	<INFO 7f88fe537740> CORE::CONFIG::TILES 1
1462007644671	<INFO 7f88fe537740> CORE::CONFIG::BUFFER_SIZE 149054645
1462007644675	<INFO 7f88fe537740> CORE::CONFIG::MAX_BUFFERS 4
1462007644679	<INFO 7f88fe537740> CORE::CONFIG::MAX_STREAMS 4
1462007644682	<INFO 7f88fe537740> CORE::CONFIG::SUM_OF_OUT_DEGREES_FOR_NEW_PARTITIONS::FIRST_CONSTRAINT 536870912
1462007644686	<INFO 7f88fe537740> CORE::CONFIG::MAX_EDGES_PER_NEW_PARTITION::SECOND_CONSTRAINT 536870912
1462007644689	<INFO 7f88fe537740> SLIPSTREAM::EXT_MEM_SHUFFLE OFF
1462007644693	<INFO 7f88fe537740> 2016-04-30 11:14:04 END read config parameters
1462007646411	<WARNING 7f88fe537740> Unable to unlink file (stream.0.0.0):No such file or directory
1462007646415	<WARNING 7f88fe537740> Unable to unlink file (stream.0.1.0):No such file or directory
1462007646419	<WARNING 7f88fe537740> Unable to unlink file (stream.0.2.0):No such file or directory
1462007646422	<WARNING 7f88fe537740> Unable to unlink file (stream.0.3.0):No such file or directory
1462007646426	<WARNING 7f88fe537740> Unable to unlink file (stream.0.4.0):No such file or directory
1462007646430	<WARNING 7f88fe537740> Unable to unlink file (stream.0.5.0):No such file or directory
1462007646433	<WARNING 7f88fe537740> Unable to unlink file (stream.0.6.0):No such file or directory
1462007646437	<WARNING 7f88fe537740> Unable to unlink file (stream.0.7.0):No such file or directory
1462007646440	<WARNING 7f88fe537740> Unable to unlink file (stream.1.1.0):No such file or directory
1462007646444	<WARNING 7f88fe537740> Unable to unlink file (stream.1.2.0):No such file or directory
1462007646447	<WARNING 7f88fe537740> Unable to unlink file (stream.1.3.0):No such file or directory
1462007646451	<WARNING 7f88fe537740> Unable to unlink file (stream.1.4.0):No such file or directory
1462007646454	<WARNING 7f88fe537740> Unable to unlink file (stream.1.5.0):No such file or directory
1462007646457	<WARNING 7f88fe537740> Unable to unlink file (stream.1.6.0):No such file or directory
1462007646461	<WARNING 7f88fe537740> Unable to unlink file (stream.1.7.0):No such file or directory
1462007646464	<WARNING 7f88fe537740> Unable to unlink file (stream.2.0.0):No such file or directory
1462007646468	<WARNING 7f88fe537740> Unable to unlink file (stream.2.1.0):No such file or directory
1462007646471	<WARNING 7f88fe537740> Unable to unlink file (stream.2.2.0):No such file or directory
1462007646474	<WARNING 7f88fe537740> Unable to unlink file (stream.2.3.0):No such file or directory
1462007646477	<WARNING 7f88fe537740> Unable to unlink file (stream.2.4.0):No such file or directory
1462007646481	<WARNING 7f88fe537740> Unable to unlink file (stream.2.5.0):No such file or directory
1462007646485	<WARNING 7f88fe537740> Unable to unlink file (stream.2.6.0):No such file or directory
1462007646489	<WARNING 7f88fe537740> Unable to unlink file (stream.2.7.0):No such file or directory
1462007646492	<WARNING 7f88fe537740> Unable to unlink file (stream.3.0.0):No such file or directory
1462007646496	<WARNING 7f88fe537740> Unable to unlink file (stream.3.1.0):No such file or directory
1462007646499	<WARNING 7f88fe537740> Unable to unlink file (stream.3.2.0):No such file or directory
1462007646503	<WARNING 7f88fe537740> Unable to unlink file (stream.3.3.0):No such file or directory
1462007646506	<WARNING 7f88fe537740> Unable to unlink file (stream.3.4.0):No such file or directory
1462007646509	<WARNING 7f88fe537740> Unable to unlink file (stream.3.5.0):No such file or directory
1462007646511	<WARNING 7f88fe537740> Unable to unlink file (stream.3.6.0):No such file or directory
1462007646513	<WARNING 7f88fe537740> Unable to unlink file (stream.3.7.0):No such file or directory
1462007646516	<INFO 7f88fe537740> SLIPSTORE::ZMQ_THREADS 2
1462007646519	<INFO 7f88fe537740> SLIPSTORE::COMM Connecting to tcp://dco-node137-10g:5016
1462007646522	<INFO 7f88fe537740> SLIPSTORE::COMM Connecting to tcp://dco-node138-10g:5034
1462007646524	<INFO 7f88fe537740> SLIPSTORE::COMM Connecting to tcp://dco-node139-10g:5052
1462007646528	<INFO 7f88fe537740> SLIPSTORE::COMM Connecting to tcp://dco-node140-10g:5070
1462007646531	<INFO 7f88fe537740> SLIPSTORE::COMM Connecting to tcp://dco-node141-10g:5088
1462007646534	<INFO 7f88fe537740> SLIPSTORE::COMM Connecting to tcp://dco-node142-10g:5106
1462007646537	<INFO 7f88fe537740> SLIPSTORE::COMM Connecting to tcp://dco-node143-10g:5124
1462007646540	<INFO 7f88fe537740> SLIPSTORE::COMM Connecting to tcp://dco-node144-10g:5142
1462007646543	<INFO 7f88fe537740> SLIPSTORE::COMM Listening at tcp://ens1f0:5098
1462007646546	<INFO 7f88fe537740> SLIPSTORE::COMM Listening at tcp://ens1f0:5099
1462007646549	<INFO 7f88fe537740> SLIPSTORE::COMM Listening at tcp://ens1f0:5100
1462007646551	<INFO 7f88fe537740> SLIPSTORE::COMM Listening at tcp://ens1f0:5101
1462007646554	<INFO 7f88fe537740> SLIPSTORE::COMM Listening at tcp://ens1f0:5102
1462007646557	<INFO 7f88fe537740> SLIPSTORE::COMM Listening at ipc://client
1462007646559	<INFO 7f88fe537740> SLIPSTORE::COMM Listening at tcp://ens1f0:5104
1462007646562	<INFO 7f88fe537740> SLIPSTORE::COMM Listening at tcp://ens1f0:5105
1462007646565	<INFO 7f88fe537740> SLIPSTORE::COMM Connecting to tcp://dco-node137-10g:5016
1462007646568	<INFO 7f88fe537740> SLIPSTORE::COMM Connecting to tcp://dco-node138-10g:5034
1462007646570	<INFO 7f88fe537740> SLIPSTORE::COMM Connecting to tcp://dco-node139-10g:5052
1462007646573	<INFO 7f88fe537740> SLIPSTORE::COMM Connecting to tcp://dco-node140-10g:5070
1462007646576	<INFO 7f88fe537740> SLIPSTORE::COMM Connecting to tcp://dco-node141-10g:5088
1462007646579	<INFO 7f88fe537740> SLIPSTORE::COMM Connecting to tcp://dco-node142-10g:5106
1462007646581	<INFO 7f88fe537740> SLIPSTORE::COMM Connecting to tcp://dco-node143-10g:5124
1462007646584	<INFO 7f88fe537740> SLIPSTORE::COMM Connecting to tcp://dco-node144-10g:5142
1462007646587	<INFO 7f88fe537740> SLIPSTORE::COMM Connecting to tcp://dco-node137-10g:5005
1462007646590	<INFO 7f88fe537740> SLIPSTORE::COMM Connecting to tcp://dco-node138-10g:5023
1462007646592	<INFO 7f88fe537740> SLIPSTORE::COMM Connecting to tcp://dco-node139-10g:5041
1462007646595	<INFO 7f88fe537740> SLIPSTORE::COMM Connecting to tcp://dco-node140-10g:5059
1462007646598	<INFO 7f88fe537740> SLIPSTORE::COMM Connecting to tcp://dco-node141-10g:5077
1462007646601	<INFO 7f88fe537740> SLIPSTORE::COMM Connecting to ipc://server
1462007646603	<INFO 7f88fe537740> SLIPSTORE::COMM Connecting to tcp://dco-node143-10g:5113
1462007646605	<INFO 7f88fe537740> SLIPSTORE::COMM Connecting to tcp://dco-node144-10g:5131
1462007646607	<INFO 7f88fe537740> SLIPSTORE::COMM Connecting to tcp://dco-node143-10g:5125
1462007646610	<INFO 7f88fe537740> SLIPSTORE::COMM Listening at tcp://ens1f0:5107
1462007646612	<INFO 7f88fe537740> SLIPSTORE::COMM Connecting to tcp://dco-node142-10g:5106
1462007646615	<INFO 7f88fe537740> SLIPSTORE::HELP_POLICY NONE
1462007646617	<INFO 7f88fe537740> SLIPSTORE::SERVER ASYNC
1462007646619	<INFO 7f88fe537740> SLIPSTORE::MACHINES 8
1462007646622	<INFO 7f88fe537740> SLIPSTORE::ME 5
1462007646624	<INFO 7f88fe537740> SLIPSTORE::SLIPCHUNK 4194304
1462007646627	<INFO 7f88fe537740> SLIPSTORE::QUOTA 18446744073709551615
1462007646629	<INFO 7f88fe537740> SLIPSTORE::IO PAGECACHE
1462007646632	<INFO 7f6aea7fc700> SLIPSTORE::COMM Listening at tcp://ens1f0:5106
1462007646634	<INFO 7f6aea7fc700> SLIPSTORE::COMM Listening at tcp://ens1f0:5090
1462007646637	<INFO 7f6aea7fc700> SLIPSTORE::COMM Connecting to tcp://dco-node137-10g:5013
1462007646639	<INFO 7f6aea7fc700> SLIPSTORE::COMM Listening at tcp://ens1f0:5091
1462007646642	<INFO 7f6aea7fc700> SLIPSTORE::COMM Connecting to tcp://dco-node138-10g:5031
1462007646644	<INFO 7f6aea7fc700> SLIPSTORE::COMM Listening at tcp://ens1f0:5092
1462007646646	<INFO 7f6aea7fc700> SLIPSTORE::COMM Connecting to tcp://dco-node139-10g:5049
1462007646649	<INFO 7f6aea7fc700> SLIPSTORE::COMM Listening at tcp://ens1f0:5093
1462007646653	<INFO 7f6aea7fc700> SLIPSTORE::COMM Connecting to tcp://dco-node140-10g:5067
1462007646656	<INFO 7f6aea7fc700> SLIPSTORE::COMM Listening at tcp://ens1f0:5094
1462007646659	<INFO 7f6aea7fc700> SLIPSTORE::COMM Connecting to tcp://dco-node141-10g:5085
1462007646662	<INFO 7f6aea7fc700> SLIPSTORE::COMM Listening at ipc://server
1462007646664	<INFO 7f6aea7fc700> SLIPSTORE::COMM Connecting to ipc://client
1462007646666	<INFO 7f6aea7fc700> SLIPSTORE::COMM Listening at tcp://ens1f0:5096
1462007646669	<INFO 7f6aea7fc700> SLIPSTORE::COMM Connecting to tcp://dco-node143-10g:5121
1462007646671	<INFO 7f6aea7fc700> SLIPSTORE::COMM Listening at tcp://ens1f0:5097
1462007646675	<INFO 7f6aea7fc700> SLIPSTORE::COMM Connecting to tcp://dco-node144-10g:5139
1462007646677	<INFO 7f88fe537740> SLIPSTORE::CHECKPOINTS NONE FOUND
1462007646680	<INFO 7f88fe537740> 2016-04-30 11:14:06 Start edge split
1462007700025	<INFO 7f88fe537740> 2016-04-30 11:15:00 Completed init
1462007705565	<INFO 7f88fe537740> 2016-04-30 11:15:05 Started gather
1462007706557	<INFO 7f88fe537740> 2016-04-30 11:15:06 Completed gather
1462007707876	<INFO 7f88fe537740> 2016-04-30 11:15:07 Started scatter
1462007738218	<INFO 7f88fe537740> 2016-04-30 11:15:38 Completed scatter
1462007739090	<INFO 7f88fe537740> 2016-04-30 11:15:39 Completed phase 1 Bytes read 13463853876 Bytes written 7021402932
1462007749865	<INFO 7f88fe537740> 2016-04-30 11:15:49 Started gather
1462007749867	<INFO 7f88fe537740> 2016-04-30 11:15:49 Completed gather
1462007749894	<INFO 7f88fe537740> 2016-04-30 11:15:49 Started gather
1462007796780	<INFO 7f88fe537740> 2016-04-30 11:16:36 Completed gather
1462007799269	<INFO 7f88fe537740> 2016-04-30 11:16:39 Completed phase 2 Bytes read 20485256808 Bytes written 11895422432
1462007814179	<INFO 7f88fe537740> 2016-04-30 11:16:54 Started gather
1462007835354	<INFO 7f88fe537740> 2016-04-30 11:17:15 Completed gather
1462007930415	<INFO 7f88fe537740> 2016-04-30 11:18:50 Started scatter
1462007977486	<INFO 7f88fe537740> 2016-04-30 11:19:37 Completed scatter
1462007979011	<INFO 7f88fe537740> 2016-04-30 11:19:39 Completed phase 3 Bytes read 31801801916 Bytes written 16769441932
1462007992899	<INFO 7f88fe537740> 2016-04-30 11:19:52 Started gather
1462008014442	<INFO 7f88fe537740> 2016-04-30 11:20:14 Completed gather
1462008100466	<INFO 7f88fe537740> 2016-04-30 11:21:40 Started scatter
1462008149356	<INFO 7f88fe537740> 2016-04-30 11:22:29 Completed scatter
1462008150315	<INFO 7f88fe537740> 2016-04-30 11:22:30 Completed phase 4 Bytes read 43118347024 Bytes written 21643461432
1462008164902	<INFO 7f88fe537740> 2016-04-30 11:22:44 Started gather
1462008185777	<INFO 7f88fe537740> 2016-04-30 11:23:05 Completed gather
1462008279655	<INFO 7f88fe537740> 2016-04-30 11:24:39 Started scatter
1462008327536	<INFO 7f88fe537740> 2016-04-30 11:25:27 Completed scatter
1462008328597	<INFO 7f88fe537740> 2016-04-30 11:25:28 Completed phase 5 Bytes read 54434892132 Bytes written 26517480932
1462008342296	<INFO 7f88fe537740> 2016-04-30 11:25:42 Started gather
1462008364042	<INFO 7f88fe537740> 2016-04-30 11:26:04 Completed gather
1462008454676	<INFO 7f88fe537740> 2016-04-30 11:27:34 Started scatter
1462008502842	<INFO 7f88fe537740> 2016-04-30 11:28:22 Completed scatter
1462008504532	<INFO 7f88fe537740> 2016-04-30 11:28:24 Completed phase 6 Bytes read 65751437240 Bytes written 31391500432
1462008520415	<INFO 7f88fe537740> 2016-04-30 11:28:40 Started gather
1462008541952	<INFO 7f88fe537740> 2016-04-30 11:29:01 Completed gather
1462008629440	<INFO 7f88fe537740> 2016-04-30 11:30:29 Started scatter
1462008677499	<INFO 7f88fe537740> 2016-04-30 11:31:17 Completed scatter
1462008679694	<INFO 7f88fe537740> 2016-04-30 11:31:19 Completed phase 7 Bytes read 77067982348 Bytes written 36265519932
1462008683003	<INFO 7f88fe537740> CORE::PARTITIONS_PROCESSED 684
1462008683005	<INFO 7f6ad7fff700> CORE::PARTITIONS_PROCESSED 873
1462008683008	<INFO 7f88fe537740> CORE::BYTES::EDGES_STREAMED 5108975460
1462008683010	<INFO 7f6ad5ffb700> CORE::PARTITIONS_PROCESSED 670
1462008683012	<INFO 7f6ad7fff700> CORE::BYTES::EDGES_STREAMED 4786173876
1462008683014	<INFO 7f6ad7fff700> CORE::BYTES::UPDATES_OUT 2733214432
1462008683017	<INFO 7f6ad77fe700> CORE::PARTITIONS_PROCESSED 1438
1462008683019	<INFO 7f6ad5ffb700> CORE::BYTES::EDGES_STREAMED 6487861080
1462008683021	<INFO 7f6ae8ff9700> CORE::PARTITIONS_PROCESSED 1804
1462008683023	<INFO 7f6ad5ffb700> CORE::BYTES::UPDATES_OUT 3689623960
1462008683026	<INFO 7f6ad77fe700> CORE::BYTES::EDGES_STREAMED 6972429684
1462008683028	<INFO 7f6ad5ffb700> CORE::BYTES::UPDATES_IN 2806268552
1462008683030	<INFO 7f6ad67fc700> CORE::PARTITIONS_PROCESSED 1753
1462008683033	<INFO 7f6ad7fff700> CORE::BYTES::UPDATES_IN 2233559352
1462008683035	<INFO 7f6ad6ffd700> CORE::PARTITIONS_PROCESSED 1411
1462008683037	<INFO 7f6ad77fe700> CORE::BYTES::UPDATES_OUT 4037215760
1462008683039	<INFO 7f6ae97fa700> CORE::PARTITIONS_PROCESSED 647
1462008683042	<INFO 7f88fe537740> CORE::BYTES::UPDATES_OUT 2912107752
1462008683044	<INFO 7f6ae8ff9700> CORE::BYTES::EDGES_STREAMED 4705636248
1462008683046	<INFO 7f6ae97fa700> CORE::BYTES::EDGES_STREAMED 4961933856
1462008683048	<INFO 7f6ad77fe700> CORE::BYTES::UPDATES_IN 3730606320
1462008683051	<INFO 7f6ae97fa700> CORE::BYTES::UPDATES_OUT 2814655344
1462008683053	<INFO 7f6ad67fc700> CORE::BYTES::EDGES_STREAMED 4989964776
1462008683055	<INFO 7f6ae97fa700> CORE::BYTES::UPDATES_IN 2327525184
1462008683057	<INFO 7f6ae8ff9700> CORE::BYTES::UPDATES_OUT 2697290632
1462008683060	<INFO 7f88fe537740> CORE::BYTES::UPDATES_IN 2427245848
1462008683062	<INFO 7f6ad6ffd700> CORE::BYTES::EDGES_STREAMED 7084704276
1462008683064	<INFO 7f6ad67fc700> CORE::BYTES::UPDATES_OUT 2851126336
1462008683066	<INFO 7f6ad6ffd700> CORE::BYTES::UPDATES_OUT 4034868216
1462008683068	<INFO 7f6ad67fc700> CORE::BYTES::UPDATES_IN 2536630024
1462008683071	<INFO 7f6ae8ff9700> CORE::BYTES::UPDATES_IN 2147231752
1462008683073	<INFO 7f6ad6ffd700> CORE::BYTES::UPDATES_IN 3266643848
1462008685422	<INFO 7f6aea7fc700> SLIPSTORE service is exiting
1462008685426	<INFO 7f6aea7fc700> SLIPSTORE::HELP_OFFERS_RECVD 98
1462008685429	<INFO 7f6aea7fc700> SLIPSTORE::HELP_OFFERS_ACCEPTED 0
1462008685432	<INFO 7f6aea7fc700> SLIPSTORE::HELP_ACCEPTANCE_RATIO 0
1462008685434	<INFO 7f6aea7fc700> SLIPSTORE::SERVER_BUSY_DISK  361.285 seconds
1462008685437	<INFO 7f6aea7fc700> SLIPSTORE::SERVER_BUSY_MEM  0 seconds
1462008685440	<INFO 7f6aea7fc700> SLIPSTORE::SERVER_TOTAL  1038.98 seconds
1462008685443	<INFO 7f88fe537740> SLIPSTORE::CLIENT::DISK_READ_TIME  377.277 seconds
1462008685447	<INFO 7f88fe537740> SLIPSTORE::CLIENT::MEM_READ_TIME  0 seconds
1462008685450	<INFO 7f88fe537740> SLIPSTORE::CLIENT::DISK_BYTES_READ 77067982348
1462008685453	<INFO 7f88fe537740> SLIPSTORE::CLIENT::MEM_BYTES_READ 0
1462008685456	<INFO 7f88fe537740> SLIPSTORE::CLIENT::WRITE_TIME  157.158 seconds
1462008685459	<INFO 7f88fe537740> SLIPSTORE::CLIENT::BYTES_WRITTEN 36264694644
1462008685462	<INFO 7f88fe537740> SLIPSTORE::CLIENT_BUSY  534.437 seconds
1462008685465	<INFO 7f88fe537740> SLIPSTORE::IO::TIME 370.102 seconds
1462008685469	<INFO 7f88fe537740> SLIPSTORE::SNAP::TIME 0 seconds
1462008685472	<INFO 7f88fe537740> SLIPSTORE::MAX_DISK_USAGE_BYTES 11316545108
1462008685475	<INFO 7f88fe537740> CORE::RUSAGE::MAX_RSS_KB 125877948
1462008685478	<INFO 7f88fe537740> CORE::RUSAGE::MINFLT 31468081
1462008685481	<INFO 7f88fe537740> CORE::RUSAGE::MAJFLT 1
1462008685484	<INFO 7f88fe537740> CORE::RUSAGE::MAJFLT 1
1462008685487	<INFO 7f88fe537740> CORE::RUSAGE::INBLK 146601408
1462008685490	<INFO 7f88fe537740> CORE::RUSAGE::OUBLK 70831168
1462008685493	<INFO 7f88fe537740> CORE::UTILS::BYTES_READ 77067982348
1462008685496	<INFO 7f88fe537740> CORE::UTILS::BYTES_WRITTEN 36265519932
1462008685499	<INFO 7f88fe537740> CORE::UTILS::TILE_COPY_BYTES 4052141268
1462008685502	<INFO 7f88fe537740> CORE::TIME::IO_WAIT 348.887 seconds
1462008685505	<INFO 7f88fe537740> CORE::TIME_TILE_COPY 0 seconds
1462008685508	<INFO 7f88fe537740> CORE::TIME_TILE_MERGE 0 seconds
1462008685512	<INFO 7f88fe537740> CORE::TIME_PROCESSING_STOLEN 0 seconds
1462008685515	<INFO 7f88fe537740> CORE::TIME_MERGE_WAIT 0 seconds
1462008685518	<INFO 7f88fe537740> CORE::OTHER_TIME_ALL_MC_BARRIER 0 seconds
1462008685522	<INFO 7f88fe537740> CORE::SCATTER_TIME_ALL_MC_BARRIER 5.63291 seconds
1462008685524	<INFO 7f88fe537740> CORE::GATHER_TIME_ALL_MC_BARRIER 2.15288 seconds
1462008685527	<INFO 7f88fe537740> CORE::INIT_TIME_ALL_MC_BARRIER 1.40452 seconds
1462008685531	<INFO 7f88fe537740> CORE::SHUT_DOWN_TIME_ALL_MC_BARRIER 2.41638 seconds
1462008685534	<INFO 7f88fe537740> CORE::STREAM_SKIP_BEFORE_TIME_ALL_MC_BARRIER 52.7887 seconds
1462008685537	<INFO 7f88fe537740> CORE::TAKE_CHECKPOINT_BEFORE_TIME_ALL_MC_BARRIER 0 seconds
1462008685540	<INFO 7f88fe537740> CORE::TAKE_CHECKPOINT_COMPLETE_TIME_ALL_MC_BARRIER 0 seconds
1462008685543	<INFO 7f88fe537740> CORE::METADATA_WRITE_COMPLETE_TIME_ALL_MC_BARRIER 0 seconds
1462008685547	<INFO 7f88fe537740> CORE::STREAM_EOF_BEFORE_TIME_ALL_MC_BARRIER 0 seconds
1462008685549	<INFO 7f88fe537740> CORE::STREAM_EOF_AFTER_TIME_ALL_MC_BARRIER 0 seconds
1462008685553	<INFO 7f88fe537740> CORE::STATE_LOAD_TIME_ALL_MC_BARRIER 0 seconds
1462008685556	<INFO 7f88fe537740> CORE::STATE_STORE_TIME_ALL_MC_BARRIER 0 seconds
1462008685559	<INFO 7f88fe537740> CORE::PHASES 7
1462008685563	<INFO 7f88fe537740> CORE::TIME::SETUP 4.42106 seconds
1462008685566	<INFO 7f88fe537740> CORE::TIME::STATE_ITER 36.357 seconds
1462008685569	<INFO 7f88fe537740> CORE::TIME::GATHER 615.059 seconds
1462008685572	<INFO 7f88fe537740> CORE::TIME::SCATTER 327.955 seconds
1462008685575	<INFO 7f88fe537740> CORE::TIME::WALL 1040.81 seconds
1462008685578	<INFO 7f88fe537740> SHUTDOWN
