1462315987123	<INFO 7f33581de780> 2016-05-04 00:53:07 STARTUP
1462315987126	<INFO 7f33581de780> CORE::GRAPH rmat-24-und_s8
1462315987128	<INFO 7f33581de780> CORE::ALGORITHM bfs
1462315987130	<INFO 7f33581de780> CORE::VERTEX_STRIPING OFF
1462315987133	<INFO 7f33581de780> CORE::OPTIMIZED_STATE_LOAD_STORE OFF
1462315987135	<INFO 7f33581de780> CORE::BINARY_SEARCH_SUPER_PARTITION ON
1462315987137	<INFO 7f33581de780> CORE::SUPER_PARTITION_COMPUTED_FOR_EACH_SCATTER_GATHER_PHASE
1462315987140	<INFO 7f33581de780> CORE::EDGE_STRIPING ON
1462315987142	<INFO 7f33581de780> CORE::BATCH IO ON
1462315987144	<INFO 7f33581de780> 2016-05-04 00:53:07 Blocking memory amount 126701535232
1462316094673	<INFO 7f33581de780> 2016-05-04 00:54:54 Done blocking memory
1462316094676	<INFO 7f33581de780> SG-DRIVER-ORIGINAL
1462316094678	<INFO 7f33581de780> 2016-05-04 00:54:54 START read config parameters
1462316094680	<INFO 7f33581de780> PARTITIONING::OLD 0
1462316094683	<INFO 7f33581de780> PARTITIONING::BALANCED_PARTITIONS 0
1462316094685	<INFO 7f33581de780> CORE::CONFIG::PROCESSORS 8
1462316094687	<INFO 7f33581de780> CORE::CONFIG::PHYSICAL_MEMORY 2147483648
1462316094689	<INFO 7f33581de780> CORE::CONFIG::VERTICES 16777216
1462316094692	<INFO 7f33581de780> CORE::CONFIG::VERTEX_SIZE 8
1462316094695	<INFO 7f33581de780> CORE::CONFIG::VERTEX_BUFFER 57620952
1462316094697	<INFO 7f33581de780> CORE::CONFIG::EDGES 67108864
1462316094699	<INFO 7f33581de780> CORE::CONFIG::PARTITIONS 64
1462316094701	<INFO 7f33581de780> CORE::CONFIG::FANOUT 64
1462316094703	<INFO 7f33581de780> CORE::CONFIG::SUPER_PARTITIONS 8
1462316094706	<INFO 7f33581de780> CORE::CONFIG::TILES 1
1462316094709	<INFO 7f33581de780> CORE::CONFIG::BUFFER_SIZE 417971412
1462316094711	<INFO 7f33581de780> CORE::CONFIG::MAX_BUFFERS 4
1462316094714	<INFO 7f33581de780> CORE::CONFIG::MAX_STREAMS 4
1462316094716	<INFO 7f33581de780> CORE::CONFIG::SUM_OF_OUT_DEGREES_FOR_NEW_PARTITIONS::FIRST_CONSTRAINT 0
1462316094718	<INFO 7f33581de780> CORE::CONFIG::MAX_EDGES_PER_NEW_PARTITION::SECOND_CONSTRAINT 0
1462316094721	<INFO 7f33581de780> SLIPSTREAM::EXT_MEM_SHUFFLE OFF
1462316094723	<INFO 7f33581de780> 2016-05-04 00:54:54 END read config parameters
1462316096429	<WARNING 7f33581de780> Unable to unlink file (stream.0.0.0):No such file or directory
1462316096431	<WARNING 7f33581de780> Unable to unlink file (stream.0.1.0):No such file or directory
1462316096434	<WARNING 7f33581de780> Unable to unlink file (stream.0.2.0):No such file or directory
1462316096436	<WARNING 7f33581de780> Unable to unlink file (stream.0.3.0):No such file or directory
1462316096439	<WARNING 7f33581de780> Unable to unlink file (stream.0.4.0):No such file or directory
1462316096442	<WARNING 7f33581de780> Unable to unlink file (stream.0.5.0):No such file or directory
1462316096444	<WARNING 7f33581de780> Unable to unlink file (stream.0.6.0):No such file or directory
1462316096446	<WARNING 7f33581de780> Unable to unlink file (stream.0.7.0):No such file or directory
1462316096449	<WARNING 7f33581de780> Unable to unlink file (stream.1.1.0):No such file or directory
1462316096451	<WARNING 7f33581de780> Unable to unlink file (stream.1.2.0):No such file or directory
1462316096453	<WARNING 7f33581de780> Unable to unlink file (stream.1.3.0):No such file or directory
1462316096456	<WARNING 7f33581de780> Unable to unlink file (stream.1.4.0):No such file or directory
1462316096460	<WARNING 7f33581de780> Unable to unlink file (stream.1.5.0):No such file or directory
1462316096462	<WARNING 7f33581de780> Unable to unlink file (stream.1.6.0):No such file or directory
1462316096464	<WARNING 7f33581de780> Unable to unlink file (stream.1.7.0):No such file or directory
1462316096466	<WARNING 7f33581de780> Unable to unlink file (stream.2.0.0):No such file or directory
1462316096469	<WARNING 7f33581de780> Unable to unlink file (stream.2.1.0):No such file or directory
1462316096472	<WARNING 7f33581de780> Unable to unlink file (stream.2.2.0):No such file or directory
1462316096474	<WARNING 7f33581de780> Unable to unlink file (stream.2.3.0):No such file or directory
1462316096477	<WARNING 7f33581de780> Unable to unlink file (stream.2.4.0):No such file or directory
1462316096479	<WARNING 7f33581de780> Unable to unlink file (stream.2.5.0):No such file or directory
1462316096482	<WARNING 7f33581de780> Unable to unlink file (stream.2.6.0):No such file or directory
1462316096484	<WARNING 7f33581de780> Unable to unlink file (stream.2.7.0):No such file or directory
1462316096486	<WARNING 7f33581de780> Unable to unlink file (stream.3.0.0):No such file or directory
1462316096489	<WARNING 7f33581de780> Unable to unlink file (stream.3.1.0):No such file or directory
1462316096491	<WARNING 7f33581de780> Unable to unlink file (stream.3.2.0):No such file or directory
1462316096493	<WARNING 7f33581de780> Unable to unlink file (stream.3.3.0):No such file or directory
1462316096495	<WARNING 7f33581de780> Unable to unlink file (stream.3.4.0):No such file or directory
1462316096498	<WARNING 7f33581de780> Unable to unlink file (stream.3.5.0):No such file or directory
1462316096500	<WARNING 7f33581de780> Unable to unlink file (stream.3.6.0):No such file or directory
1462316096502	<WARNING 7f33581de780> Unable to unlink file (stream.3.7.0):No such file or directory
1462316096505	<INFO 7f33581de780> SLIPSTORE::ZMQ_THREADS 2
1462316096507	<INFO 7f33581de780> SLIPSTORE::COMM Connecting to tcp://dco-node137-10g:5016
1462316096509	<INFO 7f33581de780> SLIPSTORE::COMM Connecting to tcp://dco-node138-10g:5034
1462316096512	<INFO 7f33581de780> SLIPSTORE::COMM Connecting to tcp://dco-node139-10g:5052
1462316096514	<INFO 7f33581de780> SLIPSTORE::COMM Connecting to tcp://dco-node140-10g:5070
1462316096516	<INFO 7f33581de780> SLIPSTORE::COMM Connecting to tcp://dco-node141-10g:5088
1462316096518	<INFO 7f33581de780> SLIPSTORE::COMM Connecting to tcp://dco-node142-10g:5106
1462316096521	<INFO 7f33581de780> SLIPSTORE::COMM Connecting to tcp://dco-node143-10g:5124
1462316096523	<INFO 7f33581de780> SLIPSTORE::COMM Connecting to tcp://dco-node144-10g:5142
1462316096525	<INFO 7f33581de780> SLIPSTORE::COMM Listening at tcp://p1p1:5098
1462316096527	<INFO 7f33581de780> SLIPSTORE::COMM Listening at tcp://p1p1:5099
1462316096530	<INFO 7f33581de780> SLIPSTORE::COMM Listening at tcp://p1p1:5100
1462316096532	<INFO 7f33581de780> SLIPSTORE::COMM Listening at tcp://p1p1:5101
1462316096535	<INFO 7f33581de780> SLIPSTORE::COMM Listening at tcp://p1p1:5102
1462316096537	<INFO 7f33581de780> SLIPSTORE::COMM Listening at ipc://client
1462316096540	<INFO 7f33581de780> SLIPSTORE::COMM Listening at tcp://p1p1:5104
1462316096542	<INFO 7f33581de780> SLIPSTORE::COMM Listening at tcp://p1p1:5105
1462316096545	<INFO 7f33581de780> SLIPSTORE::COMM Connecting to tcp://dco-node137-10g:5016
1462316096547	<INFO 7f33581de780> SLIPSTORE::COMM Connecting to tcp://dco-node138-10g:5034
1462316096549	<INFO 7f33581de780> SLIPSTORE::COMM Connecting to tcp://dco-node139-10g:5052
1462316096551	<INFO 7f33581de780> SLIPSTORE::COMM Connecting to tcp://dco-node140-10g:5070
1462316096554	<INFO 7f33581de780> SLIPSTORE::COMM Connecting to tcp://dco-node141-10g:5088
1462316096556	<INFO 7f33581de780> SLIPSTORE::COMM Connecting to tcp://dco-node142-10g:5106
1462316096558	<INFO 7f33581de780> SLIPSTORE::COMM Connecting to tcp://dco-node143-10g:5124
1462316096560	<INFO 7f33581de780> SLIPSTORE::COMM Connecting to tcp://dco-node144-10g:5142
1462316096563	<INFO 7f33581de780> SLIPSTORE::COMM Connecting to tcp://dco-node137-10g:5005
1462316096565	<INFO 7f33581de780> SLIPSTORE::COMM Connecting to tcp://dco-node138-10g:5023
1462316096567	<INFO 7f33581de780> SLIPSTORE::COMM Connecting to tcp://dco-node139-10g:5041
1462316096569	<INFO 7f33581de780> SLIPSTORE::COMM Connecting to tcp://dco-node140-10g:5059
1462316096572	<INFO 7f33581de780> SLIPSTORE::COMM Connecting to tcp://dco-node141-10g:5077
1462316096574	<INFO 7f33581de780> SLIPSTORE::COMM Connecting to ipc://server
1462316096577	<INFO 7f33581de780> SLIPSTORE::COMM Connecting to tcp://dco-node143-10g:5113
1462316096579	<INFO 7f33581de780> SLIPSTORE::COMM Connecting to tcp://dco-node144-10g:5131
1462316096581	<INFO 7f33581de780> SLIPSTORE::COMM Connecting to tcp://dco-node143-10g:5125
1462316096584	<INFO 7f33581de780> SLIPSTORE::COMM Listening at tcp://p1p1:5107
1462316096586	<INFO 7f33581de780> SLIPSTORE::COMM Connecting to tcp://dco-node142-10g:5106
1462316096588	<INFO 7f33581de780> SLIPSTORE::HELP_POLICY NONE
1462316096590	<INFO 7f33581de780> SLIPSTORE::SERVER ASYNC
1462316096592	<INFO 7f33581de780> SLIPSTORE::MACHINES 8
1462316096595	<INFO 7f33581de780> SLIPSTORE::ME 5
1462316096597	<INFO 7f33581de780> SLIPSTORE::SLIPCHUNK 4194304
1462316096599	<INFO 7f33581de780> SLIPSTORE::QUOTA 18446744073709551615
1462316096602	<INFO 7f33581de780> SLIPSTORE::IO PAGECACHE
1462316096604	<INFO 7f153abfa700> SLIPSTORE::COMM Listening at tcp://p1p1:5106
1462316096606	<INFO 7f153abfa700> SLIPSTORE::COMM Listening at tcp://p1p1:5090
1462316096608	<INFO 7f153abfa700> SLIPSTORE::COMM Connecting to tcp://dco-node137-10g:5013
1462316096611	<INFO 7f153abfa700> SLIPSTORE::COMM Listening at tcp://p1p1:5091
1462316096613	<INFO 7f153abfa700> SLIPSTORE::COMM Connecting to tcp://dco-node138-10g:5031
1462316096615	<INFO 7f153abfa700> SLIPSTORE::COMM Listening at tcp://p1p1:5092
1462316096617	<INFO 7f153abfa700> SLIPSTORE::COMM Connecting to tcp://dco-node139-10g:5049
1462316096620	<INFO 7f153abfa700> SLIPSTORE::COMM Listening at tcp://p1p1:5093
1462316096622	<INFO 7f153abfa700> SLIPSTORE::COMM Connecting to tcp://dco-node140-10g:5067
1462316096626	<INFO 7f153abfa700> SLIPSTORE::COMM Listening at tcp://p1p1:5094
1462316096629	<INFO 7f153abfa700> SLIPSTORE::COMM Connecting to tcp://dco-node141-10g:5085
1462316096631	<INFO 7f153abfa700> SLIPSTORE::COMM Listening at ipc://server
1462316096633	<INFO 7f153abfa700> SLIPSTORE::COMM Connecting to ipc://client
1462316096636	<INFO 7f153abfa700> SLIPSTORE::COMM Listening at tcp://p1p1:5096
1462316096638	<INFO 7f153abfa700> SLIPSTORE::COMM Connecting to tcp://dco-node143-10g:5121
1462316096641	<INFO 7f153abfa700> SLIPSTORE::COMM Listening at tcp://p1p1:5097
1462316096643	<INFO 7f153abfa700> SLIPSTORE::COMM Connecting to tcp://dco-node144-10g:5139
1462316097448	<INFO 7f33581de780> SLIPSTORE::CHECKPOINTS NONE FOUND
1462316097451	<INFO 7f33581de780> 2016-05-04 00:54:57 Start edge split
1462316148099	<INFO 7f33581de780> 2016-05-04 00:55:48 Completed init
1462316148301	<INFO 7f33581de780> 2016-05-04 00:55:48 Started gather
1462316148474	<INFO 7f33581de780> 2016-05-04 00:55:48 Completed gather
1462316148639	<INFO 7f33581de780> 2016-05-04 00:55:48 Started scatter
