1462315986805	<INFO 7f619c2d2780> 2016-05-04 00:53:06 STARTUP
1462315986807	<INFO 7f619c2d2780> CORE::GRAPH rmat-24-und_s8
1462315986810	<INFO 7f619c2d2780> CORE::ALGORITHM bfs
1462315986812	<INFO 7f619c2d2780> CORE::VERTEX_STRIPING OFF
1462315986814	<INFO 7f619c2d2780> CORE::OPTIMIZED_STATE_LOAD_STORE OFF
1462315986816	<INFO 7f619c2d2780> CORE::BINARY_SEARCH_SUPER_PARTITION ON
1462315986819	<INFO 7f619c2d2780> CORE::SUPER_PARTITION_COMPUTED_FOR_EACH_SCATTER_GATHER_PHASE
1462315986821	<INFO 7f619c2d2780> CORE::EDGE_STRIPING ON
1462315986823	<INFO 7f619c2d2780> CORE::BATCH IO ON
1462315986825	<INFO 7f619c2d2780> 2016-05-04 00:53:06 Blocking memory amount 126701535232
1462316095146	<INFO 7f619c2d2780> 2016-05-04 00:54:55 Done blocking memory
1462316095148	<INFO 7f619c2d2780> SG-DRIVER-ORIGINAL
1462316095151	<INFO 7f619c2d2780> 2016-05-04 00:54:55 START read config parameters
1462316095154	<INFO 7f619c2d2780> PARTITIONING::OLD 0
1462316095156	<INFO 7f619c2d2780> PARTITIONING::BALANCED_PARTITIONS 0
1462316095158	<INFO 7f619c2d2780> CORE::CONFIG::PROCESSORS 8
1462316095160	<INFO 7f619c2d2780> CORE::CONFIG::PHYSICAL_MEMORY 2147483648
1462316095163	<INFO 7f619c2d2780> CORE::CONFIG::VERTICES 16777216
1462316095165	<INFO 7f619c2d2780> CORE::CONFIG::VERTEX_SIZE 8
1462316095167	<INFO 7f619c2d2780> CORE::CONFIG::VERTEX_BUFFER 57620952
1462316095170	<INFO 7f619c2d2780> CORE::CONFIG::EDGES 67108864
1462316095172	<INFO 7f619c2d2780> CORE::CONFIG::PARTITIONS 64
1462316095174	<INFO 7f619c2d2780> CORE::CONFIG::FANOUT 64
1462316095176	<INFO 7f619c2d2780> CORE::CONFIG::SUPER_PARTITIONS 8
1462316095179	<INFO 7f619c2d2780> CORE::CONFIG::TILES 1
1462316095181	<INFO 7f619c2d2780> CORE::CONFIG::BUFFER_SIZE 417971412
1462316095184	<INFO 7f619c2d2780> CORE::CONFIG::MAX_BUFFERS 4
1462316095187	<INFO 7f619c2d2780> CORE::CONFIG::MAX_STREAMS 4
1462316095189	<INFO 7f619c2d2780> CORE::CONFIG::SUM_OF_OUT_DEGREES_FOR_NEW_PARTITIONS::FIRST_CONSTRAINT 0
1462316095191	<INFO 7f619c2d2780> CORE::CONFIG::MAX_EDGES_PER_NEW_PARTITION::SECOND_CONSTRAINT 0
1462316095193	<INFO 7f619c2d2780> SLIPSTREAM::EXT_MEM_SHUFFLE OFF
1462316095196	<INFO 7f619c2d2780> 2016-05-04 00:54:55 END read config parameters
1462316096911	<WARNING 7f619c2d2780> Unable to unlink file (stream.0.0.0):No such file or directory
1462316096913	<WARNING 7f619c2d2780> Unable to unlink file (stream.0.1.0):No such file or directory
1462316096915	<WARNING 7f619c2d2780> Unable to unlink file (stream.0.2.0):No such file or directory
1462316096917	<WARNING 7f619c2d2780> Unable to unlink file (stream.0.3.0):No such file or directory
1462316096920	<WARNING 7f619c2d2780> Unable to unlink file (stream.0.4.0):No such file or directory
1462316096923	<WARNING 7f619c2d2780> Unable to unlink file (stream.0.5.0):No such file or directory
1462316096925	<WARNING 7f619c2d2780> Unable to unlink file (stream.0.6.0):No such file or directory
1462316096927	<WARNING 7f619c2d2780> Unable to unlink file (stream.0.7.0):No such file or directory
1462316096929	<WARNING 7f619c2d2780> Unable to unlink file (stream.1.1.0):No such file or directory
1462316096931	<WARNING 7f619c2d2780> Unable to unlink file (stream.1.2.0):No such file or directory
1462316096934	<WARNING 7f619c2d2780> Unable to unlink file (stream.1.3.0):No such file or directory
1462316096936	<WARNING 7f619c2d2780> Unable to unlink file (stream.1.4.0):No such file or directory
1462316096938	<WARNING 7f619c2d2780> Unable to unlink file (stream.1.5.0):No such file or directory
1462316096941	<WARNING 7f619c2d2780> Unable to unlink file (stream.1.6.0):No such file or directory
1462316096943	<WARNING 7f619c2d2780> Unable to unlink file (stream.1.7.0):No such file or directory
1462316096945	<WARNING 7f619c2d2780> Unable to unlink file (stream.2.0.0):No such file or directory
1462316096947	<WARNING 7f619c2d2780> Unable to unlink file (stream.2.1.0):No such file or directory
1462316096949	<WARNING 7f619c2d2780> Unable to unlink file (stream.2.2.0):No such file or directory
1462316096951	<WARNING 7f619c2d2780> Unable to unlink file (stream.2.3.0):No such file or directory
1462316096954	<WARNING 7f619c2d2780> Unable to unlink file (stream.2.4.0):No such file or directory
1462316096956	<WARNING 7f619c2d2780> Unable to unlink file (stream.2.5.0):No such file or directory
1462316096958	<WARNING 7f619c2d2780> Unable to unlink file (stream.2.6.0):No such file or directory
1462316096960	<WARNING 7f619c2d2780> Unable to unlink file (stream.2.7.0):No such file or directory
1462316096962	<WARNING 7f619c2d2780> Unable to unlink file (stream.3.0.0):No such file or directory
1462316096965	<WARNING 7f619c2d2780> Unable to unlink file (stream.3.1.0):No such file or directory
1462316096967	<WARNING 7f619c2d2780> Unable to unlink file (stream.3.2.0):No such file or directory
1462316096969	<WARNING 7f619c2d2780> Unable to unlink file (stream.3.3.0):No such file or directory
1462316096971	<WARNING 7f619c2d2780> Unable to unlink file (stream.3.4.0):No such file or directory
1462316096973	<WARNING 7f619c2d2780> Unable to unlink file (stream.3.5.0):No such file or directory
1462316096977	<WARNING 7f619c2d2780> Unable to unlink file (stream.3.6.0):No such file or directory
1462316096979	<WARNING 7f619c2d2780> Unable to unlink file (stream.3.7.0):No such file or directory
1462316096981	<INFO 7f619c2d2780> SLIPSTORE::ZMQ_THREADS 2
1462316096983	<INFO 7f619c2d2780> SLIPSTORE::COMM Connecting to tcp://dco-node137-10g:5016
1462316096985	<INFO 7f619c2d2780> SLIPSTORE::COMM Connecting to tcp://dco-node138-10g:5034
1462316096987	<INFO 7f619c2d2780> SLIPSTORE::COMM Connecting to tcp://dco-node139-10g:5052
1462316096989	<INFO 7f619c2d2780> SLIPSTORE::COMM Connecting to tcp://dco-node140-10g:5070
1462316096991	<INFO 7f619c2d2780> SLIPSTORE::COMM Connecting to tcp://dco-node141-10g:5088
1462316096994	<INFO 7f619c2d2780> SLIPSTORE::COMM Connecting to tcp://dco-node142-10g:5106
1462316096997	<INFO 7f619c2d2780> SLIPSTORE::COMM Connecting to tcp://dco-node143-10g:5124
1462316096999	<INFO 7f619c2d2780> SLIPSTORE::COMM Connecting to tcp://dco-node144-10g:5142
1462316097001	<INFO 7f619c2d2780> SLIPSTORE::COMM Listening at tcp://p1p1:5080
1462316097004	<INFO 7f619c2d2780> SLIPSTORE::COMM Listening at tcp://p1p1:5081
1462316097006	<INFO 7f619c2d2780> SLIPSTORE::COMM Listening at tcp://p1p1:5082
1462316097008	<INFO 7f619c2d2780> SLIPSTORE::COMM Listening at tcp://p1p1:5083
1462316097010	<INFO 7f619c2d2780> SLIPSTORE::COMM Listening at ipc://client
1462316097013	<INFO 7f619c2d2780> SLIPSTORE::COMM Listening at tcp://p1p1:5085
1462316097015	<INFO 7f619c2d2780> SLIPSTORE::COMM Listening at tcp://p1p1:5086
1462316097017	<INFO 7f619c2d2780> SLIPSTORE::COMM Listening at tcp://p1p1:5087
1462316097019	<INFO 7f619c2d2780> SLIPSTORE::COMM Connecting to tcp://dco-node137-10g:5016
1462316097021	<INFO 7f619c2d2780> SLIPSTORE::COMM Connecting to tcp://dco-node138-10g:5034
1462316097023	<INFO 7f619c2d2780> SLIPSTORE::COMM Connecting to tcp://dco-node139-10g:5052
1462316097026	<INFO 7f619c2d2780> SLIPSTORE::COMM Connecting to tcp://dco-node140-10g:5070
1462316097028	<INFO 7f619c2d2780> SLIPSTORE::COMM Connecting to tcp://dco-node141-10g:5088
1462316097030	<INFO 7f619c2d2780> SLIPSTORE::COMM Connecting to tcp://dco-node142-10g:5106
1462316097032	<INFO 7f619c2d2780> SLIPSTORE::COMM Connecting to tcp://dco-node143-10g:5124
1462316097034	<INFO 7f619c2d2780> SLIPSTORE::COMM Connecting to tcp://dco-node144-10g:5142
1462316097036	<INFO 7f619c2d2780> SLIPSTORE::COMM Connecting to tcp://dco-node137-10g:5004
1462316097038	<INFO 7f619c2d2780> SLIPSTORE::COMM Connecting to tcp://dco-node138-10g:5022
1462316097041	<INFO 7f619c2d2780> SLIPSTORE::COMM Connecting to tcp://dco-node139-10g:5040
1462316097044	<INFO 7f619c2d2780> SLIPSTORE::COMM Connecting to tcp://dco-node140-10g:5058
1462316097046	<INFO 7f619c2d2780> SLIPSTORE::COMM Connecting to ipc://server
1462316097048	<INFO 7f619c2d2780> SLIPSTORE::COMM Connecting to tcp://dco-node142-10g:5094
1462316097050	<INFO 7f619c2d2780> SLIPSTORE::COMM Connecting to tcp://dco-node143-10g:5112
1462316097052	<INFO 7f619c2d2780> SLIPSTORE::COMM Connecting to tcp://dco-node144-10g:5130
1462316097054	<INFO 7f619c2d2780> SLIPSTORE::COMM Connecting to tcp://dco-node142-10g:5107
1462316097057	<INFO 7f619c2d2780> SLIPSTORE::COMM Listening at tcp://p1p1:5089
1462316097059	<INFO 7f619c2d2780> SLIPSTORE::COMM Connecting to tcp://dco-node141-10g:5088
1462316097061	<INFO 7f619c2d2780> SLIPSTORE::HELP_POLICY NONE
1462316097063	<INFO 7f619c2d2780> SLIPSTORE::SERVER ASYNC
1462316097065	<INFO 7f619c2d2780> SLIPSTORE::MACHINES 8
1462316097067	<INFO 7f619c2d2780> SLIPSTORE::ME 4
1462316097069	<INFO 7f619c2d2780> SLIPSTORE::SLIPCHUNK 4194304
1462316097072	<INFO 7f619c2d2780> SLIPSTORE::QUOTA 18446744073709551615
1462316097074	<INFO 7f619c2d2780> SLIPSTORE::IO PAGECACHE
1462316097076	<INFO 7f437ebfa700> SLIPSTORE::COMM Listening at tcp://p1p1:5088
1462316097078	<INFO 7f437ebfa700> SLIPSTORE::COMM Listening at tcp://p1p1:5072
1462316097080	<INFO 7f437ebfa700> SLIPSTORE::COMM Connecting to tcp://dco-node137-10g:5012
1462316097083	<INFO 7f437ebfa700> SLIPSTORE::COMM Listening at tcp://p1p1:5073
1462316097085	<INFO 7f437ebfa700> SLIPSTORE::COMM Connecting to tcp://dco-node138-10g:5030
1462316097088	<INFO 7f437ebfa700> SLIPSTORE::COMM Listening at tcp://p1p1:5074
1462316097090	<INFO 7f437ebfa700> SLIPSTORE::COMM Connecting to tcp://dco-node139-10g:5048
1462316097092	<INFO 7f437ebfa700> SLIPSTORE::COMM Listening at tcp://p1p1:5075
1462316097094	<INFO 7f437ebfa700> SLIPSTORE::COMM Connecting to tcp://dco-node140-10g:5066
1462316097097	<INFO 7f437ebfa700> SLIPSTORE::COMM Listening at ipc://server
1462316097099	<INFO 7f437ebfa700> SLIPSTORE::COMM Connecting to ipc://client
1462316097101	<INFO 7f437ebfa700> SLIPSTORE::COMM Listening at tcp://p1p1:5077
1462316097103	<INFO 7f437ebfa700> SLIPSTORE::COMM Connecting to tcp://dco-node142-10g:5102
1462316097106	<INFO 7f437ebfa700> SLIPSTORE::COMM Listening at tcp://p1p1:5078
1462316097108	<INFO 7f437ebfa700> SLIPSTORE::COMM Connecting to tcp://dco-node143-10g:5120
1462316097110	<INFO 7f437ebfa700> SLIPSTORE::COMM Listening at tcp://p1p1:5079
1462316097112	<INFO 7f437ebfa700> SLIPSTORE::COMM Connecting to tcp://dco-node144-10g:5138
1462316097125	<INFO 7f619c2d2780> SLIPSTORE::CHECKPOINTS NONE FOUND
1462316097128	<INFO 7f619c2d2780> 2016-05-04 00:54:57 Start edge split
1462316147774	<INFO 7f619c2d2780> 2016-05-04 00:55:47 Completed init
1462316147976	<INFO 7f619c2d2780> 2016-05-04 00:55:47 Started gather
1462316148104	<INFO 7f619c2d2780> 2016-05-04 00:55:48 Completed gather
1462316148314	<INFO 7f619c2d2780> 2016-05-04 00:55:48 Started scatter
