1457383824502	<INFO 7fcd0a784740> 2016-03-07 21:50:24 STARTUP
1457383824506	<INFO 7fcd0a784740> CORE::GRAPH rmat-28_s8
1457383824510	<INFO 7fcd0a784740> CORE::ALGORITHM pagerank
1457383824514	<INFO 7fcd0a784740> CORE::VERTEX_STRIPING ON
1457383824518	<INFO 7fcd0a784740> 2016-03-07 21:50:24 Blocking memory amount 126701535232
1457383931328	<INFO 7fcd0a784740> 2016-03-07 21:52:11 Done blocking memory
1457383931331	<INFO 7fcd0a784740> SG-DRIVER-ORIGINAL
1457383931335	<INFO 7fcd0a784740> CORE::CONFIG::PROCESSORS 8
1457383931340	<INFO 7fcd0a784740> CORE::CONFIG::PHYSICAL_MEMORY 2147483648
1457383931343	<INFO 7fcd0a784740> CORE::CONFIG::VERTICES 268435456
1457383931347	<INFO 7fcd0a784740> CORE::CONFIG::VERTEX_SIZE 12
1457383931351	<INFO 7fcd0a784740> CORE::CONFIG::VERTEX_BUFFER 25165824
1457383931355	<INFO 7fcd0a784740> CORE::CONFIG::EDGES 536870912
1457383931359	<INFO 7fcd0a784740> CORE::CONFIG::PARTITIONS 1024
1457383931362	<INFO 7fcd0a784740> CORE::CONFIG::FANOUT 1024
1457383931366	<INFO 7fcd0a784740> CORE::CONFIG::SUPER_PARTITIONS 128
1457383931370	<INFO 7fcd0a784740> CORE::CONFIG::TILES 1
1457383931374	<INFO 7fcd0a784740> CORE::CONFIG::BUFFER_SIZE 424448614
1457383931377	<INFO 7fcd0a784740> CORE::CONFIG::MAX_BUFFERS 4
1457383931381	<INFO 7fcd0a784740> CORE::CONFIG::MAX_STREAMS 4
1457383931385	<INFO 7fcd0a784740> SLIPSTREAM::EXT_MEM_SHUFFLE OFF
1457383933242	<WARNING 7fcd0a784740> Unable to unlink file (stream.0.64.0):No such file or directory
1457383933247	<WARNING 7fcd0a784740> Unable to unlink file (stream.0.65.0):No such file or directory
1457383933251	<WARNING 7fcd0a784740> Unable to unlink file (stream.0.66.0):No such file or directory
1457383933255	<WARNING 7fcd0a784740> Unable to unlink file (stream.0.67.0):No such file or directory
1457383933259	<WARNING 7fcd0a784740> Unable to unlink file (stream.0.68.0):No such file or directory
1457383933262	<WARNING 7fcd0a784740> Unable to unlink file (stream.0.69.0):No such file or directory
1457383933267	<WARNING 7fcd0a784740> Unable to unlink file (stream.0.70.0):No such file or directory
1457383933270	<WARNING 7fcd0a784740> Unable to unlink file (stream.0.71.0):No such file or directory
1457383933274	<WARNING 7fcd0a784740> Unable to unlink file (stream.0.72.0):No such file or directory
1457383933278	<WARNING 7fcd0a784740> Unable to unlink file (stream.0.73.0):No such file or directory
1457383933282	<WARNING 7fcd0a784740> Unable to unlink file (stream.0.74.0):No such file or directory
1457383933285	<WARNING 7fcd0a784740> Unable to unlink file (stream.0.75.0):No such file or directory
1457383933289	<WARNING 7fcd0a784740> Unable to unlink file (stream.0.76.0):No such file or directory
1457383933293	<WARNING 7fcd0a784740> Unable to unlink file (stream.0.77.0):No such file or directory
1457383933297	<WARNING 7fcd0a784740> Unable to unlink file (stream.0.78.0):No such file or directory
1457383933300	<WARNING 7fcd0a784740> Unable to unlink file (stream.0.79.0):No such file or directory
1457383933304	<WARNING 7fcd0a784740> Unable to unlink file (stream.0.80.0):No such file or directory
1457383933307	<WARNING 7fcd0a784740> Unable to unlink file (stream.0.81.0):No such file or directory
1457383933312	<WARNING 7fcd0a784740> Unable to unlink file (stream.0.82.0):No such file or directory
1457383933316	<WARNING 7fcd0a784740> Unable to unlink file (stream.0.83.0):No such file or directory
1457383933319	<WARNING 7fcd0a784740> Unable to unlink file (stream.0.84.0):No such file or directory
1457383933323	<WARNING 7fcd0a784740> Unable to unlink file (stream.0.85.0):No such file or directory
1457383933327	<WARNING 7fcd0a784740> Unable to unlink file (stream.0.86.0):No such file or directory
1457383933331	<WARNING 7fcd0a784740> Unable to unlink file (stream.0.87.0):No such file or directory
1457383933335	<WARNING 7fcd0a784740> Unable to unlink file (stream.0.88.0):No such file or directory
1457383933338	<WARNING 7fcd0a784740> Unable to unlink file (stream.0.89.0):No such file or directory
1457383933343	<WARNING 7fcd0a784740> Unable to unlink file (stream.0.90.0):No such file or directory
1457383933346	<WARNING 7fcd0a784740> Unable to unlink file (stream.0.91.0):No such file or directory
1457383933350	<WARNING 7fcd0a784740> Unable to unlink file (stream.0.92.0):No such file or directory
1457383933355	<WARNING 7fcd0a784740> Unable to unlink file (stream.0.93.0):No such file or directory
1457383933358	<WARNING 7fcd0a784740> Unable to unlink file (stream.0.94.0):No such file or directory
1457383933362	<WARNING 7fcd0a784740> Unable to unlink file (stream.0.95.0):No such file or directory
1457383933366	<WARNING 7fcd0a784740> Unable to unlink file (stream.0.96.0):No such file or directory
1457383933370	<WARNING 7fcd0a784740> Unable to unlink file (stream.0.97.0):No such file or directory
1457383933374	<WARNING 7fcd0a784740> Unable to unlink file (stream.0.98.0):No such file or directory
1457383933378	<WARNING 7fcd0a784740> Unable to unlink file (stream.0.99.0):No such file or directory
1457383933382	<WARNING 7fcd0a784740> Unable to unlink file (stream.0.100.0):No such file or directory
1457383933386	<WARNING 7fcd0a784740> Unable to unlink file (stream.0.101.0):No such file or directory
1457383933390	<WARNING 7fcd0a784740> Unable to unlink file (stream.0.102.0):No such file or directory
1457383933394	<WARNING 7fcd0a784740> Unable to unlink file (stream.0.103.0):No such file or directory
1457383933398	<WARNING 7fcd0a784740> Unable to unlink file (stream.0.104.0):No such file or directory
1457383933402	<WARNING 7fcd0a784740> Unable to unlink file (stream.0.105.0):No such file or directory
1457383933406	<WARNING 7fcd0a784740> Unable to unlink file (stream.0.106.0):No such file or directory
1457383933410	<WARNING 7fcd0a784740> Unable to unlink file (stream.0.107.0):No such file or directory
1457383933414	<WARNING 7fcd0a784740> Unable to unlink file (stream.0.108.0):No such file or directory
1457383933418	<WARNING 7fcd0a784740> Unable to unlink file (stream.0.109.0):No such file or directory
1457383933422	<WARNING 7fcd0a784740> Unable to unlink file (stream.0.110.0):No such file or directory
1457383933426	<WARNING 7fcd0a784740> Unable to unlink file (stream.0.111.0):No such file or directory
1457383933430	<WARNING 7fcd0a784740> Unable to unlink file (stream.0.112.0):No such file or directory
1457383933434	<WARNING 7fcd0a784740> Unable to unlink file (stream.0.113.0):No such file or directory
1457383933439	<WARNING 7fcd0a784740> Unable to unlink file (stream.0.114.0):No such file or directory
1457383933443	<WARNING 7fcd0a784740> Unable to unlink file (stream.0.115.0):No such file or directory
1457383933447	<WARNING 7fcd0a784740> Unable to unlink file (stream.0.116.0):No such file or directory
1457383933451	<WARNING 7fcd0a784740> Unable to unlink file (stream.0.117.0):No such file or directory
1457383933455	<WARNING 7fcd0a784740> Unable to unlink file (stream.0.118.0):No such file or directory
1457383933459	<WARNING 7fcd0a784740> Unable to unlink file (stream.0.119.0):No such file or directory
1457383933463	<WARNING 7fcd0a784740> Unable to unlink file (stream.0.120.0):No such file or directory
1457383933467	<WARNING 7fcd0a784740> Unable to unlink file (stream.0.121.0):No such file or directory
1457383933471	<WARNING 7fcd0a784740> Unable to unlink file (stream.0.122.0):No such file or directory
1457383933475	<WARNING 7fcd0a784740> Unable to unlink file (stream.0.123.0):No such file or directory
1457383933479	<WARNING 7fcd0a784740> Unable to unlink file (stream.0.124.0):No such file or directory
1457383933483	<WARNING 7fcd0a784740> Unable to unlink file (stream.0.125.0):No such file or directory
1457383933487	<WARNING 7fcd0a784740> Unable to unlink file (stream.0.126.0):No such file or directory
1457383933491	<WARNING 7fcd0a784740> Unable to unlink file (stream.0.127.0):No such file or directory
1457383933495	<WARNING 7fcd0a784740> Unable to unlink file (stream.1.64.0):No such file or directory
1457383933499	<WARNING 7fcd0a784740> Unable to unlink file (stream.1.65.0):No such file or directory
1457383933503	<WARNING 7fcd0a784740> Unable to unlink file (stream.1.66.0):No such file or directory
1457383933507	<WARNING 7fcd0a784740> Unable to unlink file (stream.1.67.0):No such file or directory
1457383933511	<WARNING 7fcd0a784740> Unable to unlink file (stream.1.68.0):No such file or directory
1457383933515	<WARNING 7fcd0a784740> Unable to unlink file (stream.1.69.0):No such file or directory
1457383933519	<WARNING 7fcd0a784740> Unable to unlink file (stream.1.70.0):No such file or directory
1457383933522	<WARNING 7fcd0a784740> Unable to unlink file (stream.1.71.0):No such file or directory
1457383933526	<WARNING 7fcd0a784740> Unable to unlink file (stream.1.72.0):No such file or directory
1457383933530	<WARNING 7fcd0a784740> Unable to unlink file (stream.1.73.0):No such file or directory
1457383933534	<WARNING 7fcd0a784740> Unable to unlink file (stream.1.74.0):No such file or directory
1457383933538	<WARNING 7fcd0a784740> Unable to unlink file (stream.1.75.0):No such file or directory
1457383933542	<WARNING 7fcd0a784740> Unable to unlink file (stream.1.76.0):No such file or directory
1457383933545	<WARNING 7fcd0a784740> Unable to unlink file (stream.1.77.0):No such file or directory
1457383933549	<WARNING 7fcd0a784740> Unable to unlink file (stream.1.78.0):No such file or directory
1457383933553	<WARNING 7fcd0a784740> Unable to unlink file (stream.1.79.0):No such file or directory
1457383933557	<WARNING 7fcd0a784740> Unable to unlink file (stream.1.80.0):No such file or directory
1457383933561	<WARNING 7fcd0a784740> Unable to unlink file (stream.1.81.0):No such file or directory
1457383933565	<WARNING 7fcd0a784740> Unable to unlink file (stream.1.82.0):No such file or directory
1457383933569	<WARNING 7fcd0a784740> Unable to unlink file (stream.1.83.0):No such file or directory
1457383933573	<WARNING 7fcd0a784740> Unable to unlink file (stream.1.84.0):No such file or directory
1457383933577	<WARNING 7fcd0a784740> Unable to unlink file (stream.1.85.0):No such file or directory
1457383933581	<WARNING 7fcd0a784740> Unable to unlink file (stream.1.86.0):No such file or directory
1457383933584	<WARNING 7fcd0a784740> Unable to unlink file (stream.1.87.0):No such file or directory
1457383933588	<WARNING 7fcd0a784740> Unable to unlink file (stream.1.88.0):No such file or directory
1457383933592	<WARNING 7fcd0a784740> Unable to unlink file (stream.1.89.0):No such file or directory
1457383933596	<WARNING 7fcd0a784740> Unable to unlink file (stream.1.90.0):No such file or directory
1457383933600	<WARNING 7fcd0a784740> Unable to unlink file (stream.1.91.0):No such file or directory
1457383933604	<WARNING 7fcd0a784740> Unable to unlink file (stream.1.92.0):No such file or directory
1457383933607	<WARNING 7fcd0a784740> Unable to unlink file (stream.1.93.0):No such file or directory
1457383933612	<WARNING 7fcd0a784740> Unable to unlink file (stream.1.94.0):No such file or directory
1457383933616	<WARNING 7fcd0a784740> Unable to unlink file (stream.1.95.0):No such file or directory
1457383933619	<WARNING 7fcd0a784740> Unable to unlink file (stream.1.96.0):No such file or directory
1457383933623	<WARNING 7fcd0a784740> Unable to unlink file (stream.1.97.0):No such file or directory
1457383933627	<WARNING 7fcd0a784740> Unable to unlink file (stream.1.98.0):No such file or directory
1457383933631	<WARNING 7fcd0a784740> Unable to unlink file (stream.1.99.0):No such file or directory
1457383933635	<WARNING 7fcd0a784740> Unable to unlink file (stream.1.100.0):No such file or directory
1457383933639	<WARNING 7fcd0a784740> Unable to unlink file (stream.1.101.0):No such file or directory
1457383933642	<WARNING 7fcd0a784740> Unable to unlink file (stream.1.102.0):No such file or directory
1457383933647	<WARNING 7fcd0a784740> Unable to unlink file (stream.1.103.0):No such file or directory
1457383933650	<WARNING 7fcd0a784740> Unable to unlink file (stream.1.104.0):No such file or directory
1457383933654	<WARNING 7fcd0a784740> Unable to unlink file (stream.1.105.0):No such file or directory
1457383933658	<WARNING 7fcd0a784740> Unable to unlink file (stream.1.106.0):No such file or directory
1457383933661	<WARNING 7fcd0a784740> Unable to unlink file (stream.1.107.0):No such file or directory
1457383933665	<WARNING 7fcd0a784740> Unable to unlink file (stream.1.108.0):No such file or directory
1457383933669	<WARNING 7fcd0a784740> Unable to unlink file (stream.1.109.0):No such file or directory
1457383933673	<WARNING 7fcd0a784740> Unable to unlink file (stream.1.110.0):No such file or directory
1457383933677	<WARNING 7fcd0a784740> Unable to unlink file (stream.1.111.0):No such file or directory
1457383933681	<WARNING 7fcd0a784740> Unable to unlink file (stream.1.112.0):No such file or directory
1457383933685	<WARNING 7fcd0a784740> Unable to unlink file (stream.1.113.0):No such file or directory
1457383933689	<WARNING 7fcd0a784740> Unable to unlink file (stream.1.114.0):No such file or directory
1457383933693	<WARNING 7fcd0a784740> Unable to unlink file (stream.1.115.0):No such file or directory
1457383933697	<WARNING 7fcd0a784740> Unable to unlink file (stream.1.116.0):No such file or directory
1457383933701	<WARNING 7fcd0a784740> Unable to unlink file (stream.1.117.0):No such file or directory
1457383933705	<WARNING 7fcd0a784740> Unable to unlink file (stream.1.118.0):No such file or directory
1457383933708	<WARNING 7fcd0a784740> Unable to unlink file (stream.1.119.0):No such file or directory
1457383933712	<WARNING 7fcd0a784740> Unable to unlink file (stream.1.120.0):No such file or directory
1457383933716	<WARNING 7fcd0a784740> Unable to unlink file (stream.1.121.0):No such file or directory
1457383933720	<WARNING 7fcd0a784740> Unable to unlink file (stream.1.122.0):No such file or directory
1457383933723	<WARNING 7fcd0a784740> Unable to unlink file (stream.1.123.0):No such file or directory
1457383933727	<WARNING 7fcd0a784740> Unable to unlink file (stream.1.124.0):No such file or directory
1457383933731	<WARNING 7fcd0a784740> Unable to unlink file (stream.1.125.0):No such file or directory
1457383933735	<WARNING 7fcd0a784740> Unable to unlink file (stream.1.126.0):No such file or directory
1457383933738	<WARNING 7fcd0a784740> Unable to unlink file (stream.1.127.0):No such file or directory
1457383934081	<WARNING 7fcd0a784740> Unable to unlink file (stream.2.64.0):No such file or directory
1457383934085	<WARNING 7fcd0a784740> Unable to unlink file (stream.2.65.0):No such file or directory
1457383934089	<WARNING 7fcd0a784740> Unable to unlink file (stream.2.66.0):No such file or directory
1457383934093	<WARNING 7fcd0a784740> Unable to unlink file (stream.2.67.0):No such file or directory
1457383934097	<WARNING 7fcd0a784740> Unable to unlink file (stream.2.68.0):No such file or directory
1457383934101	<WARNING 7fcd0a784740> Unable to unlink file (stream.2.69.0):No such file or directory
1457383934104	<WARNING 7fcd0a784740> Unable to unlink file (stream.2.70.0):No such file or directory
1457383934109	<WARNING 7fcd0a784740> Unable to unlink file (stream.2.71.0):No such file or directory
1457383934112	<WARNING 7fcd0a784740> Unable to unlink file (stream.2.72.0):No such file or directory
1457383934116	<WARNING 7fcd0a784740> Unable to unlink file (stream.2.73.0):No such file or directory
1457383934120	<WARNING 7fcd0a784740> Unable to unlink file (stream.2.74.0):No such file or directory
1457383934125	<WARNING 7fcd0a784740> Unable to unlink file (stream.2.75.0):No such file or directory
1457383934128	<WARNING 7fcd0a784740> Unable to unlink file (stream.2.76.0):No such file or directory
1457383934132	<WARNING 7fcd0a784740> Unable to unlink file (stream.2.77.0):No such file or directory
1457383934136	<WARNING 7fcd0a784740> Unable to unlink file (stream.2.78.0):No such file or directory
1457383934140	<WARNING 7fcd0a784740> Unable to unlink file (stream.2.79.0):No such file or directory
1457383934144	<WARNING 7fcd0a784740> Unable to unlink file (stream.2.80.0):No such file or directory
1457383934147	<WARNING 7fcd0a784740> Unable to unlink file (stream.2.81.0):No such file or directory
1457383934151	<WARNING 7fcd0a784740> Unable to unlink file (stream.2.82.0):No such file or directory
1457383934155	<WARNING 7fcd0a784740> Unable to unlink file (stream.2.83.0):No such file or directory
1457383934159	<WARNING 7fcd0a784740> Unable to unlink file (stream.2.84.0):No such file or directory
1457383934163	<WARNING 7fcd0a784740> Unable to unlink file (stream.2.85.0):No such file or directory
1457383934167	<WARNING 7fcd0a784740> Unable to unlink file (stream.2.86.0):No such file or directory
1457383934171	<WARNING 7fcd0a784740> Unable to unlink file (stream.2.87.0):No such file or directory
1457383934174	<WARNING 7fcd0a784740> Unable to unlink file (stream.2.88.0):No such file or directory
1457383934178	<WARNING 7fcd0a784740> Unable to unlink file (stream.2.89.0):No such file or directory
1457383934182	<WARNING 7fcd0a784740> Unable to unlink file (stream.2.90.0):No such file or directory
1457383934186	<WARNING 7fcd0a784740> Unable to unlink file (stream.2.91.0):No such file or directory
1457383934190	<WARNING 7fcd0a784740> Unable to unlink file (stream.2.92.0):No such file or directory
1457383934193	<WARNING 7fcd0a784740> Unable to unlink file (stream.2.93.0):No such file or directory
1457383934197	<WARNING 7fcd0a784740> Unable to unlink file (stream.2.94.0):No such file or directory
1457383934201	<WARNING 7fcd0a784740> Unable to unlink file (stream.2.95.0):No such file or directory
1457383934205	<WARNING 7fcd0a784740> Unable to unlink file (stream.2.96.0):No such file or directory
1457383934209	<WARNING 7fcd0a784740> Unable to unlink file (stream.2.97.0):No such file or directory
1457383934212	<WARNING 7fcd0a784740> Unable to unlink file (stream.2.98.0):No such file or directory
1457383934216	<WARNING 7fcd0a784740> Unable to unlink file (stream.2.99.0):No such file or directory
1457383934220	<WARNING 7fcd0a784740> Unable to unlink file (stream.2.100.0):No such file or directory
1457383934223	<WARNING 7fcd0a784740> Unable to unlink file (stream.2.101.0):No such file or directory
1457383934228	<WARNING 7fcd0a784740> Unable to unlink file (stream.2.102.0):No such file or directory
1457383934232	<WARNING 7fcd0a784740> Unable to unlink file (stream.2.103.0):No such file or directory
1457383934236	<WARNING 7fcd0a784740> Unable to unlink file (stream.2.104.0):No such file or directory
1457383934239	<WARNING 7fcd0a784740> Unable to unlink file (stream.2.105.0):No such file or directory
1457383934243	<WARNING 7fcd0a784740> Unable to unlink file (stream.2.106.0):No such file or directory
1457383934247	<WARNING 7fcd0a784740> Unable to unlink file (stream.2.107.0):No such file or directory
1457383934251	<WARNING 7fcd0a784740> Unable to unlink file (stream.2.108.0):No such file or directory
1457383934255	<WARNING 7fcd0a784740> Unable to unlink file (stream.2.109.0):No such file or directory
1457383934259	<WARNING 7fcd0a784740> Unable to unlink file (stream.2.110.0):No such file or directory
1457383934263	<WARNING 7fcd0a784740> Unable to unlink file (stream.2.111.0):No such file or directory
1457383934267	<WARNING 7fcd0a784740> Unable to unlink file (stream.2.112.0):No such file or directory
1457383934270	<WARNING 7fcd0a784740> Unable to unlink file (stream.2.113.0):No such file or directory
1457383934274	<WARNING 7fcd0a784740> Unable to unlink file (stream.2.114.0):No such file or directory
1457383934278	<WARNING 7fcd0a784740> Unable to unlink file (stream.2.115.0):No such file or directory
1457383934282	<WARNING 7fcd0a784740> Unable to unlink file (stream.2.116.0):No such file or directory
1457383934286	<WARNING 7fcd0a784740> Unable to unlink file (stream.2.117.0):No such file or directory
1457383934290	<WARNING 7fcd0a784740> Unable to unlink file (stream.2.118.0):No such file or directory
1457383934294	<WARNING 7fcd0a784740> Unable to unlink file (stream.2.119.0):No such file or directory
1457383934298	<WARNING 7fcd0a784740> Unable to unlink file (stream.2.120.0):No such file or directory
1457383934302	<WARNING 7fcd0a784740> Unable to unlink file (stream.2.121.0):No such file or directory
1457383934306	<WARNING 7fcd0a784740> Unable to unlink file (stream.2.122.0):No such file or directory
1457383934309	<WARNING 7fcd0a784740> Unable to unlink file (stream.2.123.0):No such file or directory
1457383934313	<WARNING 7fcd0a784740> Unable to unlink file (stream.2.124.0):No such file or directory
1457383934317	<WARNING 7fcd0a784740> Unable to unlink file (stream.2.125.0):No such file or directory
1457383934321	<WARNING 7fcd0a784740> Unable to unlink file (stream.2.126.0):No such file or directory
1457383934325	<WARNING 7fcd0a784740> Unable to unlink file (stream.2.127.0):No such file or directory
1457383934646	<WARNING 7fcd0a784740> Unable to unlink file (stream.3.64.0):No such file or directory
1457383934651	<WARNING 7fcd0a784740> Unable to unlink file (stream.3.65.0):No such file or directory
1457383934655	<WARNING 7fcd0a784740> Unable to unlink file (stream.3.66.0):No such file or directory
1457383934659	<WARNING 7fcd0a784740> Unable to unlink file (stream.3.67.0):No such file or directory
1457383934663	<WARNING 7fcd0a784740> Unable to unlink file (stream.3.68.0):No such file or directory
1457383934667	<WARNING 7fcd0a784740> Unable to unlink file (stream.3.69.0):No such file or directory
1457383934670	<WARNING 7fcd0a784740> Unable to unlink file (stream.3.70.0):No such file or directory
1457383934674	<WARNING 7fcd0a784740> Unable to unlink file (stream.3.71.0):No such file or directory
1457383934678	<WARNING 7fcd0a784740> Unable to unlink file (stream.3.72.0):No such file or directory
1457383934682	<WARNING 7fcd0a784740> Unable to unlink file (stream.3.73.0):No such file or directory
1457383934685	<WARNING 7fcd0a784740> Unable to unlink file (stream.3.74.0):No such file or directory
1457383934688	<WARNING 7fcd0a784740> Unable to unlink file (stream.3.75.0):No such file or directory
1457383934692	<WARNING 7fcd0a784740> Unable to unlink file (stream.3.76.0):No such file or directory
1457383934696	<WARNING 7fcd0a784740> Unable to unlink file (stream.3.77.0):No such file or directory
1457383934699	<WARNING 7fcd0a784740> Unable to unlink file (stream.3.78.0):No such file or directory
1457383934702	<WARNING 7fcd0a784740> Unable to unlink file (stream.3.79.0):No such file or directory
1457383934706	<WARNING 7fcd0a784740> Unable to unlink file (stream.3.80.0):No such file or directory
1457383934710	<WARNING 7fcd0a784740> Unable to unlink file (stream.3.81.0):No such file or directory
1457383934714	<WARNING 7fcd0a784740> Unable to unlink file (stream.3.82.0):No such file or directory
1457383934717	<WARNING 7fcd0a784740> Unable to unlink file (stream.3.83.0):No such file or directory
1457383934721	<WARNING 7fcd0a784740> Unable to unlink file (stream.3.84.0):No such file or directory
1457383934725	<WARNING 7fcd0a784740> Unable to unlink file (stream.3.85.0):No such file or directory
1457383934728	<WARNING 7fcd0a784740> Unable to unlink file (stream.3.86.0):No such file or directory
1457383934731	<WARNING 7fcd0a784740> Unable to unlink file (stream.3.87.0):No such file or directory
1457383934734	<WARNING 7fcd0a784740> Unable to unlink file (stream.3.88.0):No such file or directory
1457383934736	<WARNING 7fcd0a784740> Unable to unlink file (stream.3.89.0):No such file or directory
1457383934740	<WARNING 7fcd0a784740> Unable to unlink file (stream.3.90.0):No such file or directory
1457383934743	<WARNING 7fcd0a784740> Unable to unlink file (stream.3.91.0):No such file or directory
1457383934745	<WARNING 7fcd0a784740> Unable to unlink file (stream.3.92.0):No such file or directory
1457383934748	<WARNING 7fcd0a784740> Unable to unlink file (stream.3.93.0):No such file or directory
1457383934752	<WARNING 7fcd0a784740> Unable to unlink file (stream.3.94.0):No such file or directory
1457383934755	<WARNING 7fcd0a784740> Unable to unlink file (stream.3.95.0):No such file or directory
1457383934758	<WARNING 7fcd0a784740> Unable to unlink file (stream.3.96.0):No such file or directory
1457383934761	<WARNING 7fcd0a784740> Unable to unlink file (stream.3.97.0):No such file or directory
1457383934764	<WARNING 7fcd0a784740> Unable to unlink file (stream.3.98.0):No such file or directory
1457383934768	<WARNING 7fcd0a784740> Unable to unlink file (stream.3.99.0):No such file or directory
1457383934771	<WARNING 7fcd0a784740> Unable to unlink file (stream.3.100.0):No such file or directory
1457383934774	<WARNING 7fcd0a784740> Unable to unlink file (stream.3.101.0):No such file or directory
1457383934777	<WARNING 7fcd0a784740> Unable to unlink file (stream.3.102.0):No such file or directory
1457383934780	<WARNING 7fcd0a784740> Unable to unlink file (stream.3.103.0):No such file or directory
1457383934783	<WARNING 7fcd0a784740> Unable to unlink file (stream.3.104.0):No such file or directory
1457383934786	<WARNING 7fcd0a784740> Unable to unlink file (stream.3.105.0):No such file or directory
1457383934788	<WARNING 7fcd0a784740> Unable to unlink file (stream.3.106.0):No such file or directory
1457383934792	<WARNING 7fcd0a784740> Unable to unlink file (stream.3.107.0):No such file or directory
1457383934795	<WARNING 7fcd0a784740> Unable to unlink file (stream.3.108.0):No such file or directory
1457383934798	<WARNING 7fcd0a784740> Unable to unlink file (stream.3.109.0):No such file or directory
1457383934800	<WARNING 7fcd0a784740> Unable to unlink file (stream.3.110.0):No such file or directory
1457383934803	<WARNING 7fcd0a784740> Unable to unlink file (stream.3.111.0):No such file or directory
1457383934806	<WARNING 7fcd0a784740> Unable to unlink file (stream.3.112.0):No such file or directory
1457383934809	<WARNING 7fcd0a784740> Unable to unlink file (stream.3.113.0):No such file or directory
1457383934812	<WARNING 7fcd0a784740> Unable to unlink file (stream.3.114.0):No such file or directory
1457383934815	<WARNING 7fcd0a784740> Unable to unlink file (stream.3.115.0):No such file or directory
1457383934818	<WARNING 7fcd0a784740> Unable to unlink file (stream.3.116.0):No such file or directory
1457383934820	<WARNING 7fcd0a784740> Unable to unlink file (stream.3.117.0):No such file or directory
1457383934823	<WARNING 7fcd0a784740> Unable to unlink file (stream.3.118.0):No such file or directory
1457383934826	<WARNING 7fcd0a784740> Unable to unlink file (stream.3.119.0):No such file or directory
1457383934829	<WARNING 7fcd0a784740> Unable to unlink file (stream.3.120.0):No such file or directory
1457383934831	<WARNING 7fcd0a784740> Unable to unlink file (stream.3.121.0):No such file or directory
1457383934834	<WARNING 7fcd0a784740> Unable to unlink file (stream.3.122.0):No such file or directory
1457383934836	<WARNING 7fcd0a784740> Unable to unlink file (stream.3.123.0):No such file or directory
1457383934839	<WARNING 7fcd0a784740> Unable to unlink file (stream.3.124.0):No such file or directory
1457383934841	<WARNING 7fcd0a784740> Unable to unlink file (stream.3.125.0):No such file or directory
1457383934844	<WARNING 7fcd0a784740> Unable to unlink file (stream.3.126.0):No such file or directory
1457383934847	<WARNING 7fcd0a784740> Unable to unlink file (stream.3.127.0):No such file or directory
1457383934849	<INFO 7fcd0a784740> SLIPSTORE::ZMQ_THREADS 2
1457383934852	<INFO 7fcd0a784740> SLIPSTORE::COMM Connecting to tcp://dco-node137-10g:5016
1457383934855	<INFO 7fcd0a784740> SLIPSTORE::COMM Connecting to tcp://dco-node138-10g:5034
1457383934857	<INFO 7fcd0a784740> SLIPSTORE::COMM Connecting to tcp://dco-node139-10g:5052
1457383934860	<INFO 7fcd0a784740> SLIPSTORE::COMM Connecting to tcp://dco-node140-10g:5070
1457383934863	<INFO 7fcd0a784740> SLIPSTORE::COMM Connecting to tcp://dco-node141-10g:5088
1457383934865	<INFO 7fcd0a784740> SLIPSTORE::COMM Connecting to tcp://dco-node142-10g:5106
1457383934868	<INFO 7fcd0a784740> SLIPSTORE::COMM Connecting to tcp://dco-node143-10g:5124
1457383934870	<INFO 7fcd0a784740> SLIPSTORE::COMM Connecting to tcp://dco-node144-10g:5142
1457383934873	<INFO 7fcd0a784740> SLIPSTORE::COMM Listening at tcp://ens1f0:5062
1457383934875	<INFO 7fcd0a784740> SLIPSTORE::COMM Listening at tcp://ens1f0:5063
1457383934878	<INFO 7fcd0a784740> SLIPSTORE::COMM Listening at tcp://ens1f0:5064
1457383934881	<INFO 7fcd0a784740> SLIPSTORE::COMM Listening at ipc://client
1457383934883	<INFO 7fcd0a784740> SLIPSTORE::COMM Listening at tcp://ens1f0:5066
1457383934886	<INFO 7fcd0a784740> SLIPSTORE::COMM Listening at tcp://ens1f0:5067
1457383934889	<INFO 7fcd0a784740> SLIPSTORE::COMM Listening at tcp://ens1f0:5068
1457383934891	<INFO 7fcd0a784740> SLIPSTORE::COMM Listening at tcp://ens1f0:5069
1457383934894	<INFO 7fcd0a784740> SLIPSTORE::COMM Connecting to tcp://dco-node137-10g:5016
1457383934896	<INFO 7fcd0a784740> SLIPSTORE::COMM Connecting to tcp://dco-node138-10g:5034
1457383934899	<INFO 7fcd0a784740> SLIPSTORE::COMM Connecting to tcp://dco-node139-10g:5052
1457383934902	<INFO 7fcd0a784740> SLIPSTORE::COMM Connecting to tcp://dco-node140-10g:5070
1457383934906	<INFO 7fcd0a784740> SLIPSTORE::COMM Connecting to tcp://dco-node141-10g:5088
1457383934908	<INFO 7fcd0a784740> SLIPSTORE::COMM Connecting to tcp://dco-node142-10g:5106
1457383934910	<INFO 7fcd0a784740> SLIPSTORE::COMM Connecting to tcp://dco-node143-10g:5124
1457383934913	<INFO 7fcd0a784740> SLIPSTORE::COMM Connecting to tcp://dco-node144-10g:5142
1457383934915	<INFO 7fcd0a784740> SLIPSTORE::COMM Connecting to tcp://dco-node137-10g:5003
1457383934918	<INFO 7fcd0a784740> SLIPSTORE::COMM Connecting to tcp://dco-node138-10g:5021
1457383934921	<INFO 7fcd0a784740> SLIPSTORE::COMM Connecting to tcp://dco-node139-10g:5039
1457383934923	<INFO 7fcd0a784740> SLIPSTORE::COMM Connecting to ipc://server
1457383934925	<INFO 7fcd0a784740> SLIPSTORE::COMM Connecting to tcp://dco-node141-10g:5075
1457383934928	<INFO 7fcd0a784740> SLIPSTORE::COMM Connecting to tcp://dco-node142-10g:5093
1457383934930	<INFO 7fcd0a784740> SLIPSTORE::COMM Connecting to tcp://dco-node143-10g:5111
1457383934932	<INFO 7fcd0a784740> SLIPSTORE::COMM Connecting to tcp://dco-node144-10g:5129
1457383934935	<INFO 7fcd0a784740> SLIPSTORE::COMM Connecting to tcp://dco-node141-10g:5089
1457383934937	<INFO 7fcd0a784740> SLIPSTORE::COMM Listening at tcp://ens1f0:5071
1457383934940	<INFO 7fcd0a784740> SLIPSTORE::COMM Connecting to tcp://dco-node140-10g:5070
1457383934942	<INFO 7fcd0a784740> SLIPSTORE::HELP_POLICY HEURISTIC_NEW
1457383934945	<INFO 7fcd0a784740> SLIPSTORE::SERVER ASYNC
1457383934947	<INFO 7fcd0a784740> SLIPSTORE::MACHINES 8
1457383934950	<INFO 7fcd0a784740> SLIPSTORE::ME 3
1457383934952	<INFO 7fcd0a784740> SLIPSTORE::SLIPCHUNK 4194304
1457383934955	<INFO 7fcd0a784740> SLIPSTORE::QUOTA 18446744073709551615
1457383934957	<INFO 7fcd0a784740> SLIPSTORE::IO PAGECACHE
1457383934960	<INFO 7faeebfff700> SLIPSTORE::COMM Listening at tcp://ens1f0:5070
1457383934962	<INFO 7faeebfff700> SLIPSTORE::COMM Listening at tcp://ens1f0:5054
1457383934965	<INFO 7faeebfff700> SLIPSTORE::COMM Connecting to tcp://dco-node137-10g:5011
1457383934967	<INFO 7faeebfff700> SLIPSTORE::COMM Listening at tcp://ens1f0:5055
1457383934970	<INFO 7faeebfff700> SLIPSTORE::COMM Connecting to tcp://dco-node138-10g:5029
1457383934972	<INFO 7faeebfff700> SLIPSTORE::COMM Listening at tcp://ens1f0:5056
1457383934975	<INFO 7faeebfff700> SLIPSTORE::COMM Connecting to tcp://dco-node139-10g:5047
1457383934977	<INFO 7faeebfff700> SLIPSTORE::COMM Listening at ipc://server
1457383934980	<INFO 7faeebfff700> SLIPSTORE::COMM Connecting to ipc://client
1457383934982	<INFO 7faeebfff700> SLIPSTORE::COMM Listening at tcp://ens1f0:5058
1457383934985	<INFO 7faeebfff700> SLIPSTORE::COMM Connecting to tcp://dco-node141-10g:5083
1457383934987	<INFO 7faeebfff700> SLIPSTORE::COMM Listening at tcp://ens1f0:5059
1457383934989	<INFO 7faeebfff700> SLIPSTORE::COMM Connecting to tcp://dco-node142-10g:5101
1457383934992	<INFO 7faeebfff700> SLIPSTORE::COMM Listening at tcp://ens1f0:5060
1457383934994	<INFO 7faeebfff700> SLIPSTORE::COMM Connecting to tcp://dco-node143-10g:5119
1457383934997	<INFO 7faeebfff700> SLIPSTORE::COMM Listening at tcp://ens1f0:5061
1457383934999	<INFO 7faeebfff700> SLIPSTORE::COMM Connecting to tcp://dco-node144-10g:5137
1457383935810	<INFO 7fcd0a784740> SLIPSTORE::CHECKPOINTS NONE FOUND
1457384010801	<INFO 7fcd0a784740> 2016-03-07 21:53:30 Completed init
1457384013923	<INFO 7fcd0a784740> 2016-03-07 21:53:33 Started gather
1457384014182	<INFO 7fcd0a784740> 2016-03-07 21:53:34 Completed gather
1457384014184	<INFO 7fcd0a784740> 2016-03-07 21:53:34 Started gather
1457384014447	<INFO 7fcd0a784740> 2016-03-07 21:53:34 Completed gather
1457384014450	<INFO 7fcd0a784740> 2016-03-07 21:53:34 Started gather
1457384014674	<INFO 7fcd0a784740> 2016-03-07 21:53:34 Completed gather
1457384014676	<INFO 7fcd0a784740> 2016-03-07 21:53:34 Started gather
1457384015001	<INFO 7fcd0a784740> 2016-03-07 21:53:34 Completed gather
1457384015004	<INFO 7fcd0a784740> 2016-03-07 21:53:35 Started gather
1457384015254	<INFO 7fcd0a784740> 2016-03-07 21:53:35 Completed gather
1457384015257	<INFO 7fcd0a784740> 2016-03-07 21:53:35 Started gather
1457384015492	<INFO 7fcd0a784740> 2016-03-07 21:53:35 Completed gather
1457384015496	<INFO 7fcd0a784740> 2016-03-07 21:53:35 Started gather
1457384015738	<INFO 7fcd0a784740> 2016-03-07 21:53:35 Completed gather
1457384015741	<INFO 7fcd0a784740> 2016-03-07 21:53:35 Started gather
1457384015987	<INFO 7fcd0a784740> 2016-03-07 21:53:35 Completed gather
1457384015990	<INFO 7fcd0a784740> 2016-03-07 21:53:35 Started gather
1457384016265	<INFO 7fcd0a784740> 2016-03-07 21:53:36 Completed gather
1457384016268	<INFO 7fcd0a784740> 2016-03-07 21:53:36 Started gather
1457384016515	<INFO 7fcd0a784740> 2016-03-07 21:53:36 Completed gather
1457384016518	<INFO 7fcd0a784740> 2016-03-07 21:53:36 Started gather
1457384016767	<INFO 7fcd0a784740> 2016-03-07 21:53:36 Completed gather
1457384016771	<INFO 7fcd0a784740> 2016-03-07 21:53:36 Started gather
1457384017032	<INFO 7fcd0a784740> 2016-03-07 21:53:37 Completed gather
1457384017035	<INFO 7fcd0a784740> 2016-03-07 21:53:37 Started gather
1457384017302	<INFO 7fcd0a784740> 2016-03-07 21:53:37 Completed gather
1457384017305	<INFO 7fcd0a784740> 2016-03-07 21:53:37 Started gather
1457384017581	<INFO 7fcd0a784740> 2016-03-07 21:53:37 Completed gather
1457384017584	<INFO 7fcd0a784740> 2016-03-07 21:53:37 Started gather
1457384017826	<INFO 7fcd0a784740> 2016-03-07 21:53:37 Completed gather
1457384017829	<INFO 7fcd0a784740> 2016-03-07 21:53:37 Started gather
1457384018078	<INFO 7fcd0a784740> 2016-03-07 21:53:38 Completed gather
1457384018562	<INFO 7fcd0a784740> 2016-03-07 21:53:38 Started scatter
1457384024064	<INFO 7fcd0a784740> 2016-03-07 21:53:44 Completed scatter
1457384024067	<INFO 7fcd0a784740> 2016-03-07 21:53:44 Started scatter
1457384026455	<INFO 7fcd0a784740> 2016-03-07 21:53:46 Completed scatter
1457384026457	<INFO 7fcd0a784740> 2016-03-07 21:53:46 Started scatter
1457384028039	<INFO 7fcd0a784740> 2016-03-07 21:53:48 Completed scatter
1457384028041	<INFO 7fcd0a784740> 2016-03-07 21:53:48 Started scatter
1457384028606	<INFO 7fcd0a784740> 2016-03-07 21:53:48 Completed scatter
1457384028608	<INFO 7fcd0a784740> 2016-03-07 21:53:48 Started scatter
1457384029776	<INFO 7fcd0a784740> 2016-03-07 21:53:49 Completed scatter
1457384029778	<INFO 7fcd0a784740> 2016-03-07 21:53:49 Started scatter
1457384030756	<INFO 7fcd0a784740> 2016-03-07 21:53:50 Completed scatter
1457384030759	<INFO 7fcd0a784740> 2016-03-07 21:53:50 Started scatter
1457384031742	<INFO 7fcd0a784740> 2016-03-07 21:53:51 Completed scatter
1457384031745	<INFO 7fcd0a784740> 2016-03-07 21:53:51 Started scatter
1457384032538	<INFO 7fcd0a784740> 2016-03-07 21:53:52 Completed scatter
1457384032540	<INFO 7fcd0a784740> 2016-03-07 21:53:52 Started scatter
1457384034287	<INFO 7fcd0a784740> 2016-03-07 21:53:54 Completed scatter
1457384034289	<INFO 7fcd0a784740> 2016-03-07 21:53:54 Started scatter
1457384035448	<INFO 7fcd0a784740> 2016-03-07 21:53:55 Completed scatter
1457384035450	<INFO 7fcd0a784740> 2016-03-07 21:53:55 Started scatter
1457384036501	<INFO 7fcd0a784740> 2016-03-07 21:53:56 Completed scatter
1457384036504	<INFO 7fcd0a784740> 2016-03-07 21:53:56 Started scatter
1457384037554	<INFO 7fcd0a784740> 2016-03-07 21:53:57 Completed scatter
1457384037556	<INFO 7fcd0a784740> 2016-03-07 21:53:57 Started scatter
1457384038424	<INFO 7fcd0a784740> 2016-03-07 21:53:58 Completed scatter
1457384038427	<INFO 7fcd0a784740> 2016-03-07 21:53:58 Started scatter
1457384038833	<INFO 7fcd0a784740> 2016-03-07 21:53:58 Completed scatter
1457384038835	<INFO 7fcd0a784740> 2016-03-07 21:53:58 Started scatter
1457384043515	<INFO 7fcd0a784740> 2016-03-07 21:54:03 Completed scatter
1457384043517	<INFO 7fcd0a784740> 2016-03-07 21:54:03 Started scatter
1457384045840	<INFO 7fcd0a784740> 2016-03-07 21:54:05 Completed scatter
1457384046489	<INFO 7fcd0a784740> 2016-03-07 21:54:06 Started helping 0
1457384050625	<INFO 7fcd0a784740> 2016-03-07 21:54:10 Completed helping 0
1457384050727	<INFO 7fcd0a784740> 2016-03-07 21:54:10 Started helping 0
1457384051930	<INFO 7fcd0a784740> 2016-03-07 21:54:11 Completed helping 0
1457384052003	<INFO 7fcd0a784740> 2016-03-07 21:54:12 Started helping 0
1457384055440	<INFO 7fcd0a784740> 2016-03-07 21:54:15 Completed helping 0
1457384055516	<INFO 7fcd0a784740> 2016-03-07 21:54:15 Started helping 0
1457384057058	<INFO 7fcd0a784740> 2016-03-07 21:54:17 Completed helping 0
1457384057104	<INFO 7fcd0a784740> 2016-03-07 21:54:17 Started helping 0
1457384058136	<INFO 7fcd0a784740> 2016-03-07 21:54:18 Completed helping 0
1457384058266	<INFO 7fcd0a784740> 2016-03-07 21:54:18 Started helping 0
1457384058765	<INFO 7fcd0a784740> 2016-03-07 21:54:18 Completed helping 0
1457384058784	<INFO 7fcd0a784740> 2016-03-07 21:54:18 Started helping 0
1457384061594	<INFO 7fcd0a784740> 2016-03-07 21:54:21 Completed helping 0
1457384061664	<INFO 7fcd0a784740> 2016-03-07 21:54:21 Started helping 0
1457384062795	<INFO 7fcd0a784740> 2016-03-07 21:54:22 Completed helping 0
1457384062875	<INFO 7fcd0a784740> 2016-03-07 21:54:22 Started helping 0
1457384063948	<INFO 7fcd0a784740> 2016-03-07 21:54:23 Completed helping 0
1457384064018	<INFO 7fcd0a784740> 2016-03-07 21:54:24 Started helping 0
1457384064454	<INFO 7fcd0a784740> 2016-03-07 21:54:24 Completed helping 0
1457384064482	<INFO 7fcd0a784740> 2016-03-07 21:54:24 Started helping 0
1457384065551	<INFO 7fcd0a784740> 2016-03-07 21:54:25 Completed helping 0
1457384065561	<INFO 7fcd0a784740> 2016-03-07 21:54:25 Started helping 0
1457384065870	<INFO 7fcd0a784740> 2016-03-07 21:54:25 Completed helping 0
1457384065873	<INFO 7fcd0a784740> 2016-03-07 21:54:25 Started helping 0
1457384066449	<INFO 7fcd0a784740> 2016-03-07 21:54:26 Completed helping 0
1457384066849	<INFO 7fcd0a784740> 2016-03-07 21:54:26 Completed phase 1 Bytes read 13850747768 Bytes written 7160832888
1457384071621	<INFO 7fcd0a784740> 2016-03-07 21:54:31 Started gather
1457384071793	<INFO 7fcd0a784740> 2016-03-07 21:54:31 Completed gather
1457384071797	<INFO 7fcd0a784740> 2016-03-07 21:54:31 Started gather
1457384072149	<INFO 7fcd0a784740> 2016-03-07 21:54:32 Completed gather
1457384072152	<INFO 7fcd0a784740> 2016-03-07 21:54:32 Started gather
1457384072425	<INFO 7fcd0a784740> 2016-03-07 21:54:32 Completed gather
1457384072427	<INFO 7fcd0a784740> 2016-03-07 21:54:32 Started gather
1457384072602	<INFO 7fcd0a784740> 2016-03-07 21:54:32 Completed gather
1457384072607	<INFO 7fcd0a784740> 2016-03-07 21:54:32 Started gather
1457384072875	<INFO 7fcd0a784740> 2016-03-07 21:54:32 Completed gather
1457384072878	<INFO 7fcd0a784740> 2016-03-07 21:54:32 Started gather
1457384073137	<INFO 7fcd0a784740> 2016-03-07 21:54:33 Completed gather
1457384073140	<INFO 7fcd0a784740> 2016-03-07 21:54:33 Started gather
1457384073389	<INFO 7fcd0a784740> 2016-03-07 21:54:33 Completed gather
1457384073392	<INFO 7fcd0a784740> 2016-03-07 21:54:33 Started gather
1457384073663	<INFO 7fcd0a784740> 2016-03-07 21:54:33 Completed gather
1457384073666	<INFO 7fcd0a784740> 2016-03-07 21:54:33 Started gather
1457384073984	<INFO 7fcd0a784740> 2016-03-07 21:54:33 Completed gather
1457384073987	<INFO 7fcd0a784740> 2016-03-07 21:54:33 Started gather
1457384074289	<INFO 7fcd0a784740> 2016-03-07 21:54:34 Completed gather
1457384074291	<INFO 7fcd0a784740> 2016-03-07 21:54:34 Started gather
1457384074501	<INFO 7fcd0a784740> 2016-03-07 21:54:34 Completed gather
1457384074503	<INFO 7fcd0a784740> 2016-03-07 21:54:34 Started gather
1457384074842	<INFO 7fcd0a784740> 2016-03-07 21:54:34 Completed gather
1457384074844	<INFO 7fcd0a784740> 2016-03-07 21:54:34 Started gather
1457384075120	<INFO 7fcd0a784740> 2016-03-07 21:54:35 Completed gather
1457384075122	<INFO 7fcd0a784740> 2016-03-07 21:54:35 Started gather
1457384075413	<INFO 7fcd0a784740> 2016-03-07 21:54:35 Completed gather
1457384075417	<INFO 7fcd0a784740> 2016-03-07 21:54:35 Started gather
1457384075622	<INFO 7fcd0a784740> 2016-03-07 21:54:35 Completed gather
1457384075626	<INFO 7fcd0a784740> 2016-03-07 21:54:35 Started gather
1457384075789	<INFO 7fcd0a784740> 2016-03-07 21:54:35 Completed gather
1457384076167	<INFO 7fcd0a784740> 2016-03-07 21:54:36 Started gather
1457384084973	<INFO 7fcd0a784740> 2016-03-07 21:54:44 Completed gather
1457384084976	<INFO 7fcd0a784740> 2016-03-07 21:54:44 Started gather
1457384091722	<INFO 7fcd0a784740> 2016-03-07 21:54:51 Completed gather
1457384091725	<INFO 7fcd0a784740> 2016-03-07 21:54:51 Started gather
1457384096442	<INFO 7fcd0a784740> 2016-03-07 21:54:56 Completed gather
1457384096445	<INFO 7fcd0a784740> 2016-03-07 21:54:56 Started gather
1457384100243	<INFO 7fcd0a784740> 2016-03-07 21:55:00 Completed gather
1457384100246	<INFO 7fcd0a784740> 2016-03-07 21:55:00 Started gather
1457384104663	<INFO 7fcd0a784740> 2016-03-07 21:55:04 Completed gather
1457384104667	<INFO 7fcd0a784740> 2016-03-07 21:55:04 Started gather
1457384108857	<INFO 7fcd0a784740> 2016-03-07 21:55:08 Completed gather
1457384108859	<INFO 7fcd0a784740> 2016-03-07 21:55:08 Started gather
1457384112040	<INFO 7fcd0a784740> 2016-03-07 21:55:12 Completed gather
1457384112043	<INFO 7fcd0a784740> 2016-03-07 21:55:12 Started gather
1457384116123	<INFO 7fcd0a784740> 2016-03-07 21:55:16 Completed gather
1457384116126	<INFO 7fcd0a784740> 2016-03-07 21:55:16 Started gather
1457384121256	<INFO 7fcd0a784740> 2016-03-07 21:55:21 Completed gather
1457384121259	<INFO 7fcd0a784740> 2016-03-07 21:55:21 Started gather
1457384126165	<INFO 7fcd0a784740> 2016-03-07 21:55:26 Completed gather
1457384126167	<INFO 7fcd0a784740> 2016-03-07 21:55:26 Started gather
1457384130692	<INFO 7fcd0a784740> 2016-03-07 21:55:30 Completed gather
1457384130695	<INFO 7fcd0a784740> 2016-03-07 21:55:30 Started gather
1457384133787	<INFO 7fcd0a784740> 2016-03-07 21:55:33 Completed gather
1457384133791	<INFO 7fcd0a784740> 2016-03-07 21:55:33 Started gather
1457384135862	<INFO 7fcd0a784740> 2016-03-07 21:55:35 Completed gather
1457384135865	<INFO 7fcd0a784740> 2016-03-07 21:55:35 Started gather
1457384141781	<INFO 7fcd0a784740> 2016-03-07 21:55:41 Completed gather
1457384141783	<INFO 7fcd0a784740> 2016-03-07 21:55:41 Started gather
1457384143556	<INFO 7fcd0a784740> 2016-03-07 21:55:43 Completed gather
1457384143559	<INFO 7fcd0a784740> 2016-03-07 21:55:43 Started gather
1457384149156	<INFO 7fcd0a784740> 2016-03-07 21:55:49 Completed gather
1457384151380	<INFO 7fcd0a784740> 2016-03-07 21:55:51 Started helping 0
1457384158645	<INFO 7fcd0a784740> 2016-03-07 21:55:58 Completed helping 0
1457384159032	<INFO 7fcd0a784740> 2016-03-07 21:55:59 Started helping 0
1457384163629	<INFO 7fcd0a784740> 2016-03-07 21:56:03 Completed helping 0
1457384163743	<INFO 7fcd0a784740> 2016-03-07 21:56:03 Started helping 0
1457384165713	<INFO 7fcd0a784740> 2016-03-07 21:56:05 Completed helping 0
1457384166145	<INFO 7fcd0a784740> 2016-03-07 21:56:06 Started helping 0
1457384171862	<INFO 7fcd0a784740> 2016-03-07 21:56:11 Completed helping 0
1457384171867	<INFO 7fcd0a784740> 2016-03-07 21:56:11 Started helping 0
1457384178318	<INFO 7fcd0a784740> 2016-03-07 21:56:18 Completed helping 0
1457384179528	<INFO 7fcd0a784740> 2016-03-07 21:56:19 Started helping 0
1457384181471	<INFO 7fcd0a784740> 2016-03-07 21:56:21 Completed helping 0
1457384185076	<INFO 7fcd0a784740> 2016-03-07 21:56:25 Completed phase 2 Bytes read 21561034480 Bytes written 12717062120
1457384198995	<INFO 7fcd0a784740> 2016-03-07 21:56:38 Started gather
1457384205345	<INFO 7fcd0a784740> 2016-03-07 21:56:45 Completed gather
1457384205348	<INFO 7fcd0a784740> 2016-03-07 21:56:45 Started gather
1457384206696	<INFO 7fcd0a784740> 2016-03-07 21:56:46 Completed gather
1457384206699	<INFO 7fcd0a784740> 2016-03-07 21:56:46 Started gather
1457384208426	<INFO 7fcd0a784740> 2016-03-07 21:56:48 Completed gather
1457384208428	<INFO 7fcd0a784740> 2016-03-07 21:56:48 Started gather
1457384209273	<INFO 7fcd0a784740> 2016-03-07 21:56:49 Completed gather
1457384209276	<INFO 7fcd0a784740> 2016-03-07 21:56:49 Started gather
1457384211207	<INFO 7fcd0a784740> 2016-03-07 21:56:51 Completed gather
1457384211211	<INFO 7fcd0a784740> 2016-03-07 21:56:51 Started gather
1457384211916	<INFO 7fcd0a784740> 2016-03-07 21:56:51 Completed gather
1457384211921	<INFO 7fcd0a784740> 2016-03-07 21:56:51 Started gather
1457384212861	<INFO 7fcd0a784740> 2016-03-07 21:56:52 Completed gather
1457384212864	<INFO 7fcd0a784740> 2016-03-07 21:56:52 Started gather
1457384213875	<INFO 7fcd0a784740> 2016-03-07 21:56:53 Completed gather
1457384213877	<INFO 7fcd0a784740> 2016-03-07 21:56:53 Started gather
1457384214884	<INFO 7fcd0a784740> 2016-03-07 21:56:54 Completed gather
1457384214886	<INFO 7fcd0a784740> 2016-03-07 21:56:54 Started gather
1457384215764	<INFO 7fcd0a784740> 2016-03-07 21:56:55 Completed gather
1457384215767	<INFO 7fcd0a784740> 2016-03-07 21:56:55 Started gather
1457384222387	<INFO 7fcd0a784740> 2016-03-07 21:57:02 Completed gather
1457384222390	<INFO 7fcd0a784740> 2016-03-07 21:57:02 Started gather
1457384223122	<INFO 7fcd0a784740> 2016-03-07 21:57:03 Completed gather
1457384223125	<INFO 7fcd0a784740> 2016-03-07 21:57:03 Started gather
1457384224085	<INFO 7fcd0a784740> 2016-03-07 21:57:04 Completed gather
1457384224088	<INFO 7fcd0a784740> 2016-03-07 21:57:04 Started gather
1457384230241	<INFO 7fcd0a784740> 2016-03-07 21:57:10 Completed gather
1457384230244	<INFO 7fcd0a784740> 2016-03-07 21:57:10 Started gather
1457384232486	<INFO 7fcd0a784740> 2016-03-07 21:57:12 Completed gather
1457384232490	<INFO 7fcd0a784740> 2016-03-07 21:57:12 Started gather
1457384233098	<INFO 7fcd0a784740> 2016-03-07 21:57:13 Completed gather
1457384233836	<INFO 7fcd0a784740> 2016-03-07 21:57:13 Started helping 0
1457384237370	<INFO 7fcd0a784740> 2016-03-07 21:57:17 Completed helping 0
1457384237502	<INFO 7fcd0a784740> 2016-03-07 21:57:17 Started helping 0
1457384238634	<INFO 7fcd0a784740> 2016-03-07 21:57:18 Completed helping 0
1457384238787	<INFO 7fcd0a784740> 2016-03-07 21:57:18 Started helping 0
1457384242470	<INFO 7fcd0a784740> 2016-03-07 21:57:22 Completed helping 0
1457384242478	<INFO 7fcd0a784740> 2016-03-07 21:57:22 Started helping 0
1457384244717	<INFO 7fcd0a784740> 2016-03-07 21:57:24 Completed helping 0
1457384254191	<INFO 7fcd0a784740> 2016-03-07 21:57:34 Started scatter
1457384260265	<INFO 7fcd0a784740> 2016-03-07 21:57:40 Completed scatter
1457384260268	<INFO 7fcd0a784740> 2016-03-07 21:57:40 Started scatter
1457384266927	<INFO 7fcd0a784740> 2016-03-07 21:57:46 Completed scatter
1457384266930	<INFO 7fcd0a784740> 2016-03-07 21:57:46 Started scatter
1457384270161	<INFO 7fcd0a784740> 2016-03-07 21:57:50 Completed scatter
1457384270164	<INFO 7fcd0a784740> 2016-03-07 21:57:50 Started scatter
1457384273079	<INFO 7fcd0a784740> 2016-03-07 21:57:53 Completed scatter
1457384273082	<INFO 7fcd0a784740> 2016-03-07 21:57:53 Started scatter
1457384278656	<INFO 7fcd0a784740> 2016-03-07 21:57:58 Completed scatter
1457384278659	<INFO 7fcd0a784740> 2016-03-07 21:57:58 Started scatter
1457384281693	<INFO 7fcd0a784740> 2016-03-07 21:58:01 Completed scatter
1457384281696	<INFO 7fcd0a784740> 2016-03-07 21:58:01 Started scatter
1457384284103	<INFO 7fcd0a784740> 2016-03-07 21:58:04 Completed scatter
1457384284106	<INFO 7fcd0a784740> 2016-03-07 21:58:04 Started scatter
1457384287242	<INFO 7fcd0a784740> 2016-03-07 21:58:07 Completed scatter
1457384287244	<INFO 7fcd0a784740> 2016-03-07 21:58:07 Started scatter
1457384291688	<INFO 7fcd0a784740> 2016-03-07 21:58:11 Completed scatter
1457384291691	<INFO 7fcd0a784740> 2016-03-07 21:58:11 Started scatter
1457384295279	<INFO 7fcd0a784740> 2016-03-07 21:58:15 Completed scatter
1457384295281	<INFO 7fcd0a784740> 2016-03-07 21:58:15 Started scatter
1457384301601	<INFO 7fcd0a784740> 2016-03-07 21:58:21 Completed scatter
1457384301604	<INFO 7fcd0a784740> 2016-03-07 21:58:21 Started scatter
1457384303984	<INFO 7fcd0a784740> 2016-03-07 21:58:23 Completed scatter
1457384303988	<INFO 7fcd0a784740> 2016-03-07 21:58:23 Started scatter
1457384305311	<INFO 7fcd0a784740> 2016-03-07 21:58:25 Completed scatter
1457384305314	<INFO 7fcd0a784740> 2016-03-07 21:58:25 Started scatter
1457384307753	<INFO 7fcd0a784740> 2016-03-07 21:58:27 Completed scatter
1457384307755	<INFO 7fcd0a784740> 2016-03-07 21:58:27 Started scatter
1457384310821	<INFO 7fcd0a784740> 2016-03-07 21:58:30 Completed scatter
1457384310824	<INFO 7fcd0a784740> 2016-03-07 21:58:30 Started scatter
1457384312184	<INFO 7fcd0a784740> 2016-03-07 21:58:32 Completed scatter
1457384312871	<INFO 7fcd0a784740> 2016-03-07 21:58:32 Started helping 0
1457384321059	<INFO 7fcd0a784740> 2016-03-07 21:58:41 Completed helping 0
1457384322110	<INFO 7fcd0a784740> 2016-03-07 21:58:42 Started helping 0
1457384323536	<INFO 7fcd0a784740> 2016-03-07 21:58:43 Completed helping 0
1457384324318	<INFO 7fcd0a784740> 2016-03-07 21:58:44 Started helping 0
1457384330771	<INFO 7fcd0a784740> 2016-03-07 21:58:50 Completed helping 0
1457384331407	<INFO 7fcd0a784740> 2016-03-07 21:58:51 Started helping 0
1457384332785	<INFO 7fcd0a784740> 2016-03-07 21:58:52 Completed helping 0
1457384333532	<INFO 7fcd0a784740> 2016-03-07 21:58:53 Started helping 0
1457384336790	<INFO 7fcd0a784740> 2016-03-07 21:58:56 Completed helping 0
1457384338982	<INFO 7fcd0a784740> 2016-03-07 21:58:58 Started helping 0
1457384339151	<INFO 7fcd0a784740> 2016-03-07 21:58:59 Completed helping 0
1457384339174	<INFO 7fcd0a784740> 2016-03-07 21:58:59 Started helping 0
1457384342351	<INFO 7fcd0a784740> 2016-03-07 21:59:02 Completed helping 0
1457384343347	<INFO 7fcd0a784740> 2016-03-07 21:59:03 Started helping 0
1457384344899	<INFO 7fcd0a784740> 2016-03-07 21:59:04 Completed helping 0
1457384345034	<INFO 7fcd0a784740> 2016-03-07 21:59:05 Started helping 0
1457384346631	<INFO 7fcd0a784740> 2016-03-07 21:59:06 Completed helping 0
1457384347715	<INFO 7fcd0a784740> 2016-03-07 21:59:07 Started helping 0
1457384349895	<INFO 7fcd0a784740> 2016-03-07 21:59:09 Completed helping 0
1457384350512	<INFO 7fcd0a784740> 2016-03-07 21:59:10 Started helping 0
1457384352252	<INFO 7fcd0a784740> 2016-03-07 21:59:12 Completed helping 0
1457384353258	<INFO 7fcd0a784740> 2016-03-07 21:59:13 Started helping 0
1457384354061	<INFO 7fcd0a784740> 2016-03-07 21:59:14 Completed helping 0
1457384354597	<INFO 7fcd0a784740> 2016-03-07 21:59:14 Completed phase 3 Bytes read 33854471896 Bytes written 17993009688
1457384364528	<INFO 7fcd0a784740> 2016-03-07 21:59:24 Started gather
1457384370664	<INFO 7fcd0a784740> 2016-03-07 21:59:30 Completed gather
1457384370667	<INFO 7fcd0a784740> 2016-03-07 21:59:30 Started gather
1457384372396	<INFO 7fcd0a784740> 2016-03-07 21:59:32 Completed gather
1457384372398	<INFO 7fcd0a784740> 2016-03-07 21:59:32 Started gather
1457384374077	<INFO 7fcd0a784740> 2016-03-07 21:59:34 Completed gather
1457384374081	<INFO 7fcd0a784740> 2016-03-07 21:59:34 Started gather
1457384374975	<INFO 7fcd0a784740> 2016-03-07 21:59:34 Completed gather
1457384374978	<INFO 7fcd0a784740> 2016-03-07 21:59:34 Started gather
1457384376730	<INFO 7fcd0a784740> 2016-03-07 21:59:36 Completed gather
1457384376733	<INFO 7fcd0a784740> 2016-03-07 21:59:36 Started gather
1457384377833	<INFO 7fcd0a784740> 2016-03-07 21:59:37 Completed gather
1457384377836	<INFO 7fcd0a784740> 2016-03-07 21:59:37 Started gather
1457384378739	<INFO 7fcd0a784740> 2016-03-07 21:59:38 Completed gather
1457384378743	<INFO 7fcd0a784740> 2016-03-07 21:59:38 Started gather
1457384379535	<INFO 7fcd0a784740> 2016-03-07 21:59:39 Completed gather
1457384379538	<INFO 7fcd0a784740> 2016-03-07 21:59:39 Started gather
1457384380808	<INFO 7fcd0a784740> 2016-03-07 21:59:40 Completed gather
1457384380811	<INFO 7fcd0a784740> 2016-03-07 21:59:40 Started gather
1457384381650	<INFO 7fcd0a784740> 2016-03-07 21:59:41 Completed gather
1457384381653	<INFO 7fcd0a784740> 2016-03-07 21:59:41 Started gather
1457384385154	<INFO 7fcd0a784740> 2016-03-07 21:59:45 Completed gather
1457384385157	<INFO 7fcd0a784740> 2016-03-07 21:59:45 Started gather
1457384386186	<INFO 7fcd0a784740> 2016-03-07 21:59:46 Completed gather
1457384386189	<INFO 7fcd0a784740> 2016-03-07 21:59:46 Started gather
1457384387747	<INFO 7fcd0a784740> 2016-03-07 21:59:47 Completed gather
1457384387750	<INFO 7fcd0a784740> 2016-03-07 21:59:47 Started gather
1457384389280	<INFO 7fcd0a784740> 2016-03-07 21:59:49 Completed gather
1457384389283	<INFO 7fcd0a784740> 2016-03-07 21:59:49 Started gather
1457384392141	<INFO 7fcd0a784740> 2016-03-07 21:59:52 Completed gather
1457384392143	<INFO 7fcd0a784740> 2016-03-07 21:59:52 Started gather
1457384394016	<INFO 7fcd0a784740> 2016-03-07 21:59:54 Completed gather
1457384395158	<INFO 7fcd0a784740> 2016-03-07 21:59:55 Started helping 0
1457384396941	<INFO 7fcd0a784740> 2016-03-07 21:59:56 Completed helping 0
1457384397018	<INFO 7fcd0a784740> 2016-03-07 21:59:57 Started helping 0
1457384399319	<INFO 7fcd0a784740> 2016-03-07 21:59:59 Completed helping 0
1457384399386	<INFO 7fcd0a784740> 2016-03-07 21:59:59 Started helping 0
1457384401796	<INFO 7fcd0a784740> 2016-03-07 22:00:01 Completed helping 0
1457384402047	<INFO 7fcd0a784740> 2016-03-07 22:00:02 Started helping 0
1457384403583	<INFO 7fcd0a784740> 2016-03-07 22:00:03 Completed helping 0
1457384403997	<INFO 7fcd0a784740> 2016-03-07 22:00:03 Started helping 0
1457384405714	<INFO 7fcd0a784740> 2016-03-07 22:00:05 Completed helping 0
1457384405730	<INFO 7fcd0a784740> 2016-03-07 22:00:05 Started helping 0
1457384407557	<INFO 7fcd0a784740> 2016-03-07 22:00:07 Completed helping 0
1457384415940	<INFO 7fcd0a784740> 2016-03-07 22:00:15 Started scatter
1457384422163	<INFO 7fcd0a784740> 2016-03-07 22:00:22 Completed scatter
1457384422165	<INFO 7fcd0a784740> 2016-03-07 22:00:22 Started scatter
1457384428088	<INFO 7fcd0a784740> 2016-03-07 22:00:28 Completed scatter
1457384428091	<INFO 7fcd0a784740> 2016-03-07 22:00:28 Started scatter
1457384431637	<INFO 7fcd0a784740> 2016-03-07 22:00:31 Completed scatter
1457384431640	<INFO 7fcd0a784740> 2016-03-07 22:00:31 Started scatter
1457384433565	<INFO 7fcd0a784740> 2016-03-07 22:00:33 Completed scatter
1457384433570	<INFO 7fcd0a784740> 2016-03-07 22:00:33 Started scatter
1457384437379	<INFO 7fcd0a784740> 2016-03-07 22:00:37 Completed scatter
1457384437382	<INFO 7fcd0a784740> 2016-03-07 22:00:37 Started scatter
1457384440386	<INFO 7fcd0a784740> 2016-03-07 22:00:40 Completed scatter
1457384440389	<INFO 7fcd0a784740> 2016-03-07 22:00:40 Started scatter
1457384443635	<INFO 7fcd0a784740> 2016-03-07 22:00:43 Completed scatter
1457384443640	<INFO 7fcd0a784740> 2016-03-07 22:00:43 Started scatter
1457384445723	<INFO 7fcd0a784740> 2016-03-07 22:00:45 Completed scatter
1457384445726	<INFO 7fcd0a784740> 2016-03-07 22:00:45 Started scatter
1457384450338	<INFO 7fcd0a784740> 2016-03-07 22:00:50 Completed scatter
1457384450341	<INFO 7fcd0a784740> 2016-03-07 22:00:50 Started scatter
1457384451914	<INFO 7fcd0a784740> 2016-03-07 22:00:51 Completed scatter
1457384451917	<INFO 7fcd0a784740> 2016-03-07 22:00:51 Started scatter
1457384455702	<INFO 7fcd0a784740> 2016-03-07 22:00:55 Completed scatter
1457384455706	<INFO 7fcd0a784740> 2016-03-07 22:00:55 Started scatter
1457384457375	<INFO 7fcd0a784740> 2016-03-07 22:00:57 Completed scatter
1457384457378	<INFO 7fcd0a784740> 2016-03-07 22:00:57 Started scatter
1457384460225	<INFO 7fcd0a784740> 2016-03-07 22:01:00 Completed scatter
1457384460236	<INFO 7fcd0a784740> 2016-03-07 22:01:00 Started scatter
1457384463691	<INFO 7fcd0a784740> 2016-03-07 22:01:03 Completed scatter
1457384463693	<INFO 7fcd0a784740> 2016-03-07 22:01:03 Started scatter
1457384464424	<INFO 7fcd0a784740> 2016-03-07 22:01:04 Completed scatter
1457384464427	<INFO 7fcd0a784740> 2016-03-07 22:01:04 Started scatter
1457384467110	<INFO 7fcd0a784740> 2016-03-07 22:01:07 Completed scatter
1457384468209	<INFO 7fcd0a784740> 2016-03-07 22:01:08 Started helping 0
1457384472851	<INFO 7fcd0a784740> 2016-03-07 22:01:12 Completed helping 0
1457384474361	<INFO 7fcd0a784740> 2016-03-07 22:01:14 Started helping 0
1457384478959	<INFO 7fcd0a784740> 2016-03-07 22:01:18 Completed helping 0
1457384479902	<INFO 7fcd0a784740> 2016-03-07 22:01:19 Started helping 0
1457384482166	<INFO 7fcd0a784740> 2016-03-07 22:01:22 Completed helping 0
1457384483069	<INFO 7fcd0a784740> 2016-03-07 22:01:23 Started helping 0
1457384488463	<INFO 7fcd0a784740> 2016-03-07 22:01:28 Completed helping 0
1457384489441	<INFO 7fcd0a784740> 2016-03-07 22:01:29 Started helping 0
1457384490667	<INFO 7fcd0a784740> 2016-03-07 22:01:30 Completed helping 0
1457384491420	<INFO 7fcd0a784740> 2016-03-07 22:01:31 Started helping 0
1457384492864	<INFO 7fcd0a784740> 2016-03-07 22:01:32 Completed helping 0
1457384493358	<INFO 7fcd0a784740> 2016-03-07 22:01:33 Started helping 0
1457384494779	<INFO 7fcd0a784740> 2016-03-07 22:01:34 Completed helping 0
1457384494919	<INFO 7fcd0a784740> 2016-03-07 22:01:34 Started helping 0
1457384499315	<INFO 7fcd0a784740> 2016-03-07 22:01:39 Completed helping 0
1457384499789	<INFO 7fcd0a784740> 2016-03-07 22:01:39 Started helping 0
1457384502080	<INFO 7fcd0a784740> 2016-03-07 22:01:42 Completed helping 0
1457384504674	<INFO 7fcd0a784740> 2016-03-07 22:01:44 Started helping 0
1457384505195	<INFO 7fcd0a784740> 2016-03-07 22:01:45 Completed helping 0
1457384505389	<INFO 7fcd0a784740> 2016-03-07 22:01:45 Started helping 0
1457384506443	<INFO 7fcd0a784740> 2016-03-07 22:01:46 Completed helping 0
1457384506837	<INFO 7fcd0a784740> 2016-03-07 22:01:46 Started helping 0
1457384507061	<INFO 7fcd0a784740> 2016-03-07 22:01:47 Completed helping 0
1457384508398	<INFO 7fcd0a784740> 2016-03-07 22:01:48 Completed phase 4 Bytes read 46245115008 Bytes written 23186983688
1457384522555	<INFO 7fcd0a784740> 2016-03-07 22:02:02 Started gather
1457384526986	<INFO 7fcd0a784740> 2016-03-07 22:02:06 Completed gather
1457384526989	<INFO 7fcd0a784740> 2016-03-07 22:02:06 Started gather
1457384528532	<INFO 7fcd0a784740> 2016-03-07 22:02:08 Completed gather
1457384528535	<INFO 7fcd0a784740> 2016-03-07 22:02:08 Started gather
1457384529569	<INFO 7fcd0a784740> 2016-03-07 22:02:09 Completed gather
1457384529572	<INFO 7fcd0a784740> 2016-03-07 22:02:09 Started gather
1457384531304	<INFO 7fcd0a784740> 2016-03-07 22:02:11 Completed gather
1457384531306	<INFO 7fcd0a784740> 2016-03-07 22:02:11 Started gather
1457384532325	<INFO 7fcd0a784740> 2016-03-07 22:02:12 Completed gather
1457384532328	<INFO 7fcd0a784740> 2016-03-07 22:02:12 Started gather
1457384534039	<INFO 7fcd0a784740> 2016-03-07 22:02:14 Completed gather
1457384534043	<INFO 7fcd0a784740> 2016-03-07 22:02:14 Started gather
1457384534650	<INFO 7fcd0a784740> 2016-03-07 22:02:14 Completed gather
1457384534652	<INFO 7fcd0a784740> 2016-03-07 22:02:14 Started gather
1457384535567	<INFO 7fcd0a784740> 2016-03-07 22:02:15 Completed gather
1457384535570	<INFO 7fcd0a784740> 2016-03-07 22:02:15 Started gather
1457384537271	<INFO 7fcd0a784740> 2016-03-07 22:02:17 Completed gather
1457384537274	<INFO 7fcd0a784740> 2016-03-07 22:02:17 Started gather
1457384537946	<INFO 7fcd0a784740> 2016-03-07 22:02:17 Completed gather
1457384537948	<INFO 7fcd0a784740> 2016-03-07 22:02:17 Started gather
1457384539961	<INFO 7fcd0a784740> 2016-03-07 22:02:19 Completed gather
1457384539963	<INFO 7fcd0a784740> 2016-03-07 22:02:19 Started gather
1457384542918	<INFO 7fcd0a784740> 2016-03-07 22:02:22 Completed gather
1457384542920	<INFO 7fcd0a784740> 2016-03-07 22:02:22 Started gather
1457384544103	<INFO 7fcd0a784740> 2016-03-07 22:02:24 Completed gather
1457384544106	<INFO 7fcd0a784740> 2016-03-07 22:02:24 Started gather
1457384547033	<INFO 7fcd0a784740> 2016-03-07 22:02:27 Completed gather
1457384547035	<INFO 7fcd0a784740> 2016-03-07 22:02:27 Started gather
1457384551533	<INFO 7fcd0a784740> 2016-03-07 22:02:31 Completed gather
1457384551537	<INFO 7fcd0a784740> 2016-03-07 22:02:31 Started gather
1457384553371	<INFO 7fcd0a784740> 2016-03-07 22:02:33 Completed gather
1457384554114	<INFO 7fcd0a784740> 2016-03-07 22:02:34 Started helping 0
1457384558647	<INFO 7fcd0a784740> 2016-03-07 22:02:38 Completed helping 0
1457384558758	<INFO 7fcd0a784740> 2016-03-07 22:02:38 Started helping 0
1457384560287	<INFO 7fcd0a784740> 2016-03-07 22:02:40 Completed helping 0
1457384560423	<INFO 7fcd0a784740> 2016-03-07 22:02:40 Started helping 0
1457384562983	<INFO 7fcd0a784740> 2016-03-07 22:02:42 Completed helping 0
1457384563038	<INFO 7fcd0a784740> 2016-03-07 22:02:43 Started helping 0
1457384564534	<INFO 7fcd0a784740> 2016-03-07 22:02:44 Completed helping 0
1457384564782	<INFO 7fcd0a784740> 2016-03-07 22:02:44 Started helping 0
1457384565638	<INFO 7fcd0a784740> 2016-03-07 22:02:45 Completed helping 0
1457384573802	<INFO 7fcd0a784740> 2016-03-07 22:02:53 Started scatter
1457384580056	<INFO 7fcd0a784740> 2016-03-07 22:03:00 Completed scatter
1457384580059	<INFO 7fcd0a784740> 2016-03-07 22:03:00 Started scatter
1457384587849	<INFO 7fcd0a784740> 2016-03-07 22:03:07 Completed scatter
1457384587852	<INFO 7fcd0a784740> 2016-03-07 22:03:07 Started scatter
1457384590735	<INFO 7fcd0a784740> 2016-03-07 22:03:10 Completed scatter
1457384590738	<INFO 7fcd0a784740> 2016-03-07 22:03:10 Started scatter
1457384594028	<INFO 7fcd0a784740> 2016-03-07 22:03:14 Completed scatter
1457384594031	<INFO 7fcd0a784740> 2016-03-07 22:03:14 Started scatter
1457384598279	<INFO 7fcd0a784740> 2016-03-07 22:03:18 Completed scatter
1457384598281	<INFO 7fcd0a784740> 2016-03-07 22:03:18 Started scatter
1457384602264	<INFO 7fcd0a784740> 2016-03-07 22:03:22 Completed scatter
1457384602268	<INFO 7fcd0a784740> 2016-03-07 22:03:22 Started scatter
1457384605690	<INFO 7fcd0a784740> 2016-03-07 22:03:25 Completed scatter
1457384605693	<INFO 7fcd0a784740> 2016-03-07 22:03:25 Started scatter
1457384607574	<INFO 7fcd0a784740> 2016-03-07 22:03:27 Completed scatter
1457384607576	<INFO 7fcd0a784740> 2016-03-07 22:03:27 Started scatter
1457384611153	<INFO 7fcd0a784740> 2016-03-07 22:03:31 Completed scatter
1457384611156	<INFO 7fcd0a784740> 2016-03-07 22:03:31 Started scatter
1457384615776	<INFO 7fcd0a784740> 2016-03-07 22:03:35 Completed scatter
1457384615778	<INFO 7fcd0a784740> 2016-03-07 22:03:35 Started scatter
1457384618417	<INFO 7fcd0a784740> 2016-03-07 22:03:38 Completed scatter
1457384618420	<INFO 7fcd0a784740> 2016-03-07 22:03:38 Started scatter
1457384620486	<INFO 7fcd0a784740> 2016-03-07 22:03:40 Completed scatter
1457384620489	<INFO 7fcd0a784740> 2016-03-07 22:03:40 Started scatter
1457384623695	<INFO 7fcd0a784740> 2016-03-07 22:03:43 Completed scatter
1457384623697	<INFO 7fcd0a784740> 2016-03-07 22:03:43 Started scatter
1457384625382	<INFO 7fcd0a784740> 2016-03-07 22:03:45 Completed scatter
1457384625386	<INFO 7fcd0a784740> 2016-03-07 22:03:45 Started scatter
1457384628553	<INFO 7fcd0a784740> 2016-03-07 22:03:48 Completed scatter
1457384628556	<INFO 7fcd0a784740> 2016-03-07 22:03:48 Started scatter
1457384631473	<INFO 7fcd0a784740> 2016-03-07 22:03:51 Completed scatter
1457384633140	<INFO 7fcd0a784740> 2016-03-07 22:03:53 Started helping 0
1457384638044	<INFO 7fcd0a784740> 2016-03-07 22:03:58 Completed helping 0
1457384639929	<INFO 7fcd0a784740> 2016-03-07 22:03:59 Started helping 0
1457384641496	<INFO 7fcd0a784740> 2016-03-07 22:04:01 Completed helping 0
1457384642504	<INFO 7fcd0a784740> 2016-03-07 22:04:02 Started helping 0
1457384646149	<INFO 7fcd0a784740> 2016-03-07 22:04:06 Completed helping 0
1457384648030	<INFO 7fcd0a784740> 2016-03-07 22:04:08 Started helping 0
1457384650885	<INFO 7fcd0a784740> 2016-03-07 22:04:10 Completed helping 0
1457384652649	<INFO 7fcd0a784740> 2016-03-07 22:04:12 Started helping 0
1457384653797	<INFO 7fcd0a784740> 2016-03-07 22:04:13 Completed helping 0
1457384654427	<INFO 7fcd0a784740> 2016-03-07 22:04:14 Started helping 0
1457384659319	<INFO 7fcd0a784740> 2016-03-07 22:04:19 Completed helping 0
1457384659536	<INFO 7fcd0a784740> 2016-03-07 22:04:19 Started helping 0
1457384662377	<INFO 7fcd0a784740> 2016-03-07 22:04:22 Completed helping 0
1457384663643	<INFO 7fcd0a784740> 2016-03-07 22:04:23 Started helping 0
1457384665980	<INFO 7fcd0a784740> 2016-03-07 22:04:25 Completed helping 0
1457384666004	<INFO 7fcd0a784740> 2016-03-07 22:04:26 Started helping 0
1457384667141	<INFO 7fcd0a784740> 2016-03-07 22:04:27 Completed helping 0
1457384670039	<INFO 7fcd0a784740> 2016-03-07 22:04:30 Completed phase 5 Bytes read 58516035816 Bytes written 28121772560
1457384681713	<INFO 7fcd0a784740> 2016-03-07 22:04:41 Started gather
1457384688542	<INFO 7fcd0a784740> 2016-03-07 22:04:48 Completed gather
1457384688545	<INFO 7fcd0a784740> 2016-03-07 22:04:48 Started gather
1457384690160	<INFO 7fcd0a784740> 2016-03-07 22:04:50 Completed gather
1457384690162	<INFO 7fcd0a784740> 2016-03-07 22:04:50 Started gather
1457384691282	<INFO 7fcd0a784740> 2016-03-07 22:04:51 Completed gather
1457384691285	<INFO 7fcd0a784740> 2016-03-07 22:04:51 Started gather
1457384692901	<INFO 7fcd0a784740> 2016-03-07 22:04:52 Completed gather
1457384692903	<INFO 7fcd0a784740> 2016-03-07 22:04:52 Started gather
1457384694291	<INFO 7fcd0a784740> 2016-03-07 22:04:54 Completed gather
1457384694294	<INFO 7fcd0a784740> 2016-03-07 22:04:54 Started gather
1457384695259	<INFO 7fcd0a784740> 2016-03-07 22:04:55 Completed gather
1457384695262	<INFO 7fcd0a784740> 2016-03-07 22:04:55 Started gather
1457384695931	<INFO 7fcd0a784740> 2016-03-07 22:04:55 Completed gather
1457384695934	<INFO 7fcd0a784740> 2016-03-07 22:04:55 Started gather
1457384696675	<INFO 7fcd0a784740> 2016-03-07 22:04:56 Completed gather
1457384696677	<INFO 7fcd0a784740> 2016-03-07 22:04:56 Started gather
1457384697838	<INFO 7fcd0a784740> 2016-03-07 22:04:57 Completed gather
1457384697841	<INFO 7fcd0a784740> 2016-03-07 22:04:57 Started gather
1457384698511	<INFO 7fcd0a784740> 2016-03-07 22:04:58 Completed gather
1457384698514	<INFO 7fcd0a784740> 2016-03-07 22:04:58 Started gather
1457384699030	<INFO 7fcd0a784740> 2016-03-07 22:04:59 Completed gather
1457384699033	<INFO 7fcd0a784740> 2016-03-07 22:04:59 Started gather
1457384699787	<INFO 7fcd0a784740> 2016-03-07 22:04:59 Completed gather
1457384699790	<INFO 7fcd0a784740> 2016-03-07 22:04:59 Started gather
1457384701845	<INFO 7fcd0a784740> 2016-03-07 22:05:01 Completed gather
1457384701847	<INFO 7fcd0a784740> 2016-03-07 22:05:01 Started gather
1457384706620	<INFO 7fcd0a784740> 2016-03-07 22:05:06 Completed gather
1457384706624	<INFO 7fcd0a784740> 2016-03-07 22:05:06 Started gather
1457384707498	<INFO 7fcd0a784740> 2016-03-07 22:05:07 Completed gather
1457384707501	<INFO 7fcd0a784740> 2016-03-07 22:05:07 Started gather
1457384710638	<INFO 7fcd0a784740> 2016-03-07 22:05:10 Completed gather
1457384712016	<INFO 7fcd0a784740> 2016-03-07 22:05:12 Started helping 0
1457384714831	<INFO 7fcd0a784740> 2016-03-07 22:05:14 Completed helping 0
1457384715730	<INFO 7fcd0a784740> 2016-03-07 22:05:15 Started helping 0
1457384719121	<INFO 7fcd0a784740> 2016-03-07 22:05:19 Completed helping 0
1457384719140	<INFO 7fcd0a784740> 2016-03-07 22:05:19 Started helping 0
1457384720885	<INFO 7fcd0a784740> 2016-03-07 22:05:20 Completed helping 0
1457384723553	<INFO 7fcd0a784740> 2016-03-07 22:05:23 Started helping 0
1457384726107	<INFO 7fcd0a784740> 2016-03-07 22:05:26 Completed helping 0
1457384726222	<INFO 7fcd0a784740> 2016-03-07 22:05:26 Started helping 0
1457384727749	<INFO 7fcd0a784740> 2016-03-07 22:05:27 Completed helping 0
1457384727758	<INFO 7fcd0a784740> 2016-03-07 22:05:27 Started helping 0
1457384729114	<INFO 7fcd0a784740> 2016-03-07 22:05:29 Completed helping 0
1457384737147	<INFO 7fcd0a784740> 2016-03-07 22:05:37 Started scatter
1457384742985	<INFO 7fcd0a784740> 2016-03-07 22:05:42 Completed scatter
1457384742988	<INFO 7fcd0a784740> 2016-03-07 22:05:42 Started scatter
1457384747879	<INFO 7fcd0a784740> 2016-03-07 22:05:47 Completed scatter
1457384747882	<INFO 7fcd0a784740> 2016-03-07 22:05:47 Started scatter
1457384752637	<INFO 7fcd0a784740> 2016-03-07 22:05:52 Completed scatter
1457384752641	<INFO 7fcd0a784740> 2016-03-07 22:05:52 Started scatter
1457384755787	<INFO 7fcd0a784740> 2016-03-07 22:05:55 Completed scatter
1457384755790	<INFO 7fcd0a784740> 2016-03-07 22:05:55 Started scatter
1457384762745	<INFO 7fcd0a784740> 2016-03-07 22:06:02 Completed scatter
1457384762748	<INFO 7fcd0a784740> 2016-03-07 22:06:02 Started scatter
1457384764521	<INFO 7fcd0a784740> 2016-03-07 22:06:04 Completed scatter
1457384764524	<INFO 7fcd0a784740> 2016-03-07 22:06:04 Started scatter
1457384767874	<INFO 7fcd0a784740> 2016-03-07 22:06:07 Completed scatter
1457384767876	<INFO 7fcd0a784740> 2016-03-07 22:06:07 Started scatter
1457384770893	<INFO 7fcd0a784740> 2016-03-07 22:06:10 Completed scatter
1457384770895	<INFO 7fcd0a784740> 2016-03-07 22:06:10 Started scatter
1457384775301	<INFO 7fcd0a784740> 2016-03-07 22:06:15 Completed scatter
1457384775305	<INFO 7fcd0a784740> 2016-03-07 22:06:15 Started scatter
1457384779050	<INFO 7fcd0a784740> 2016-03-07 22:06:19 Completed scatter
1457384779054	<INFO 7fcd0a784740> 2016-03-07 22:06:19 Started scatter
1457384783693	<INFO 7fcd0a784740> 2016-03-07 22:06:23 Completed scatter
1457384783697	<INFO 7fcd0a784740> 2016-03-07 22:06:23 Started scatter
1457384785945	<INFO 7fcd0a784740> 2016-03-07 22:06:25 Completed scatter
1457384785950	<INFO 7fcd0a784740> 2016-03-07 22:06:25 Started scatter
1457384788287	<INFO 7fcd0a784740> 2016-03-07 22:06:28 Completed scatter
1457384788290	<INFO 7fcd0a784740> 2016-03-07 22:06:28 Started scatter
1457384789559	<INFO 7fcd0a784740> 2016-03-07 22:06:29 Completed scatter
1457384789562	<INFO 7fcd0a784740> 2016-03-07 22:06:29 Started scatter
1457384792345	<INFO 7fcd0a784740> 2016-03-07 22:06:32 Completed scatter
1457384792348	<INFO 7fcd0a784740> 2016-03-07 22:06:32 Started scatter
1457384794560	<INFO 7fcd0a784740> 2016-03-07 22:06:34 Completed scatter
1457384798707	<INFO 7fcd0a784740> 2016-03-07 22:06:38 Started helping 0
1457384803050	<INFO 7fcd0a784740> 2016-03-07 22:06:43 Completed helping 0
1457384804950	<INFO 7fcd0a784740> 2016-03-07 22:06:44 Started helping 0
1457384807086	<INFO 7fcd0a784740> 2016-03-07 22:06:47 Completed helping 0
1457384808538	<INFO 7fcd0a784740> 2016-03-07 22:06:48 Started helping 0
1457384811188	<INFO 7fcd0a784740> 2016-03-07 22:06:51 Completed helping 0
1457384812173	<INFO 7fcd0a784740> 2016-03-07 22:06:52 Started helping 0
1457384813987	<INFO 7fcd0a784740> 2016-03-07 22:06:53 Completed helping 0
1457384814125	<INFO 7fcd0a784740> 2016-03-07 22:06:54 Started helping 0
1457384815265	<INFO 7fcd0a784740> 2016-03-07 22:06:55 Completed helping 0
1457384815865	<INFO 7fcd0a784740> 2016-03-07 22:06:55 Started helping 0
1457384817738	<INFO 7fcd0a784740> 2016-03-07 22:06:57 Completed helping 0
1457384818542	<INFO 7fcd0a784740> 2016-03-07 22:06:58 Started helping 0
1457384821749	<INFO 7fcd0a784740> 2016-03-07 22:07:01 Completed helping 0
1457384823081	<INFO 7fcd0a784740> 2016-03-07 22:07:03 Started helping 0
1457384825537	<INFO 7fcd0a784740> 2016-03-07 22:07:05 Completed helping 0
1457384825763	<INFO 7fcd0a784740> 2016-03-07 22:07:05 Started helping 0
1457384826629	<INFO 7fcd0a784740> 2016-03-07 22:07:06 Completed helping 0
1457384826653	<INFO 7fcd0a784740> 2016-03-07 22:07:06 Started helping 0
1457384827682	<INFO 7fcd0a784740> 2016-03-07 22:07:07 Completed helping 0
1457384828816	<INFO 7fcd0a784740> 2016-03-07 22:07:08 Completed phase 6 Bytes read 70569714536 Bytes written 33332722464
1457384841990	<INFO 7fcd0a784740> 2016-03-07 22:07:21 Started gather
1457384846937	<INFO 7fcd0a784740> 2016-03-07 22:07:26 Completed gather
1457384846941	<INFO 7fcd0a784740> 2016-03-07 22:07:26 Started gather
1457384849913	<INFO 7fcd0a784740> 2016-03-07 22:07:29 Completed gather
1457384849916	<INFO 7fcd0a784740> 2016-03-07 22:07:29 Started gather
1457384851094	<INFO 7fcd0a784740> 2016-03-07 22:07:31 Completed gather
1457384851097	<INFO 7fcd0a784740> 2016-03-07 22:07:31 Started gather
1457384852313	<INFO 7fcd0a784740> 2016-03-07 22:07:32 Completed gather
1457384852315	<INFO 7fcd0a784740> 2016-03-07 22:07:32 Started gather
1457384854006	<INFO 7fcd0a784740> 2016-03-07 22:07:34 Completed gather
1457384854009	<INFO 7fcd0a784740> 2016-03-07 22:07:34 Started gather
1457384855067	<INFO 7fcd0a784740> 2016-03-07 22:07:35 Completed gather
1457384855070	<INFO 7fcd0a784740> 2016-03-07 22:07:35 Started gather
1457384855995	<INFO 7fcd0a784740> 2016-03-07 22:07:35 Completed gather
1457384855998	<INFO 7fcd0a784740> 2016-03-07 22:07:35 Started gather
1457384856512	<INFO 7fcd0a784740> 2016-03-07 22:07:36 Completed gather
1457384856515	<INFO 7fcd0a784740> 2016-03-07 22:07:36 Started gather
1457384857763	<INFO 7fcd0a784740> 2016-03-07 22:07:37 Completed gather
1457384857766	<INFO 7fcd0a784740> 2016-03-07 22:07:37 Started gather
1457384858980	<INFO 7fcd0a784740> 2016-03-07 22:07:38 Completed gather
1457384858982	<INFO 7fcd0a784740> 2016-03-07 22:07:38 Started gather
1457384859715	<INFO 7fcd0a784740> 2016-03-07 22:07:39 Completed gather
1457384859718	<INFO 7fcd0a784740> 2016-03-07 22:07:39 Started gather
1457384860542	<INFO 7fcd0a784740> 2016-03-07 22:07:40 Completed gather
1457384860545	<INFO 7fcd0a784740> 2016-03-07 22:07:40 Started gather
1457384865224	<INFO 7fcd0a784740> 2016-03-07 22:07:45 Completed gather
1457384865227	<INFO 7fcd0a784740> 2016-03-07 22:07:45 Started gather
1457384866311	<INFO 7fcd0a784740> 2016-03-07 22:07:46 Completed gather
1457384866314	<INFO 7fcd0a784740> 2016-03-07 22:07:46 Started gather
1457384868758	<INFO 7fcd0a784740> 2016-03-07 22:07:48 Completed gather
1457384868760	<INFO 7fcd0a784740> 2016-03-07 22:07:48 Started gather
1457384871419	<INFO 7fcd0a784740> 2016-03-07 22:07:51 Completed gather
1457384873305	<INFO 7fcd0a784740> 2016-03-07 22:07:53 Started helping 0
1457384877935	<INFO 7fcd0a784740> 2016-03-07 22:07:57 Completed helping 0
1457384878041	<INFO 7fcd0a784740> 2016-03-07 22:07:58 Started helping 0
1457384879582	<INFO 7fcd0a784740> 2016-03-07 22:07:59 Completed helping 0
1457384879705	<INFO 7fcd0a784740> 2016-03-07 22:07:59 Started helping 0
1457384882988	<INFO 7fcd0a784740> 2016-03-07 22:08:02 Completed helping 0
1457384883070	<INFO 7fcd0a784740> 2016-03-07 22:08:03 Started helping 0
1457384884757	<INFO 7fcd0a784740> 2016-03-07 22:08:04 Completed helping 0
1457384893539	<INFO 7fcd0a784740> 2016-03-07 22:08:13 Started scatter
1457384900444	<INFO 7fcd0a784740> 2016-03-07 22:08:20 Completed scatter
1457384900447	<INFO 7fcd0a784740> 2016-03-07 22:08:20 Started scatter
1457384905752	<INFO 7fcd0a784740> 2016-03-07 22:08:25 Completed scatter
1457384905754	<INFO 7fcd0a784740> 2016-03-07 22:08:25 Started scatter
1457384909039	<INFO 7fcd0a784740> 2016-03-07 22:08:29 Completed scatter
1457384909042	<INFO 7fcd0a784740> 2016-03-07 22:08:29 Started scatter
1457384912246	<INFO 7fcd0a784740> 2016-03-07 22:08:32 Completed scatter
1457384912248	<INFO 7fcd0a784740> 2016-03-07 22:08:32 Started scatter
1457384916850	<INFO 7fcd0a784740> 2016-03-07 22:08:36 Completed scatter
1457384916852	<INFO 7fcd0a784740> 2016-03-07 22:08:36 Started scatter
1457384920475	<INFO 7fcd0a784740> 2016-03-07 22:08:40 Completed scatter
1457384920477	<INFO 7fcd0a784740> 2016-03-07 22:08:40 Started scatter
1457384922672	<INFO 7fcd0a784740> 2016-03-07 22:08:42 Completed scatter
1457384922675	<INFO 7fcd0a784740> 2016-03-07 22:08:42 Started scatter
1457384925790	<INFO 7fcd0a784740> 2016-03-07 22:08:45 Completed scatter
1457384925793	<INFO 7fcd0a784740> 2016-03-07 22:08:45 Started scatter
1457384928221	<INFO 7fcd0a784740> 2016-03-07 22:08:48 Completed scatter
1457384928224	<INFO 7fcd0a784740> 2016-03-07 22:08:48 Started scatter
1457384931516	<INFO 7fcd0a784740> 2016-03-07 22:08:51 Completed scatter
1457384931519	<INFO 7fcd0a784740> 2016-03-07 22:08:51 Started scatter
1457384932899	<INFO 7fcd0a784740> 2016-03-07 22:08:52 Completed scatter
1457384932902	<INFO 7fcd0a784740> 2016-03-07 22:08:52 Started scatter
1457384935134	<INFO 7fcd0a784740> 2016-03-07 22:08:55 Completed scatter
1457384935137	<INFO 7fcd0a784740> 2016-03-07 22:08:55 Started scatter
1457384937964	<INFO 7fcd0a784740> 2016-03-07 22:08:57 Completed scatter
1457384937967	<INFO 7fcd0a784740> 2016-03-07 22:08:57 Started scatter
1457384940868	<INFO 7fcd0a784740> 2016-03-07 22:09:00 Completed scatter
1457384940870	<INFO 7fcd0a784740> 2016-03-07 22:09:00 Started scatter
1457384941501	<INFO 7fcd0a784740> 2016-03-07 22:09:01 Completed scatter
1457384941503	<INFO 7fcd0a784740> 2016-03-07 22:09:01 Started scatter
1457384943463	<INFO 7fcd0a784740> 2016-03-07 22:09:03 Completed scatter
1457384944575	<INFO 7fcd0a784740> 2016-03-07 22:09:04 Started helping 0
1457384949048	<INFO 7fcd0a784740> 2016-03-07 22:09:09 Completed helping 0
1457384949206	<INFO 7fcd0a784740> 2016-03-07 22:09:09 Started helping 0
1457384955276	<INFO 7fcd0a784740> 2016-03-07 22:09:15 Completed helping 0
1457384956865	<INFO 7fcd0a784740> 2016-03-07 22:09:16 Started helping 0
1457384958036	<INFO 7fcd0a784740> 2016-03-07 22:09:18 Completed helping 0
1457384959202	<INFO 7fcd0a784740> 2016-03-07 22:09:19 Started helping 0
1457384963549	<INFO 7fcd0a784740> 2016-03-07 22:09:23 Completed helping 0
1457384965420	<INFO 7fcd0a784740> 2016-03-07 22:09:25 Started helping 0
1457384966096	<INFO 7fcd0a784740> 2016-03-07 22:09:26 Completed helping 0
1457384967047	<INFO 7fcd0a784740> 2016-03-07 22:09:27 Started helping 0
1457384967954	<INFO 7fcd0a784740> 2016-03-07 22:09:27 Completed helping 0
1457384969133	<INFO 7fcd0a784740> 2016-03-07 22:09:29 Started helping 0
1457384970501	<INFO 7fcd0a784740> 2016-03-07 22:09:30 Completed helping 0
1457384971678	<INFO 7fcd0a784740> 2016-03-07 22:09:31 Started helping 0
1457384973319	<INFO 7fcd0a784740> 2016-03-07 22:09:33 Completed helping 0
1457384974054	<INFO 7fcd0a784740> 2016-03-07 22:09:34 Started helping 0
1457384975593	<INFO 7fcd0a784740> 2016-03-07 22:09:35 Completed helping 0
1457384978436	<INFO 7fcd0a784740> 2016-03-07 22:09:38 Started helping 0
1457384978992	<INFO 7fcd0a784740> 2016-03-07 22:09:38 Completed helping 0
1457384979049	<INFO 7fcd0a784740> 2016-03-07 22:09:39 Started helping 0
1457384981319	<INFO 7fcd0a784740> 2016-03-07 22:09:41 Completed helping 0
1457384981897	<INFO 7fcd0a784740> 2016-03-07 22:09:41 Started helping 0
1457384983698	<INFO 7fcd0a784740> 2016-03-07 22:09:43 Completed helping 0
1457384986329	<INFO 7fcd0a784740> 2016-03-07 22:09:46 Completed phase 7 Bytes read 82916331504 Bytes written 38165985232
1457384986331	<INFO 7fcd0a784740> CORE::PARTITIONS_PROCESSED 7864
1457384986334	<INFO 7fcd0a784740> CORE::BYTES::EDGES_STREAMED 4266449148
1457384986336	<INFO 7fcd0a784740> CORE::BYTES::UPDATES_OUT 2396586568
1457384986339	<INFO 7fcd0a784740> CORE::BYTES::UPDATES_IN 1975754624
1457384986341	<INFO 7faedffff700> CORE::PARTITIONS_PROCESSED 16884
1457384986343	<INFO 7faedffff700> CORE::BYTES::EDGES_STREAMED 3942567516
1457384986346	<INFO 7faedffff700> CORE::BYTES::UPDATES_OUT 2230521288
1457384986348	<INFO 7faedffff700> CORE::BYTES::UPDATES_IN 1878629736
1457384986350	<INFO 7faeeaffd700> CORE::PARTITIONS_PROCESSED 14639
1457384986353	<INFO 7faee8ff9700> CORE::PARTITIONS_PROCESSED 17150
1457384986355	<INFO 7faeeaffd700> CORE::BYTES::EDGES_STREAMED 3880026792
1457384986357	<INFO 7faedf7fe700> CORE::PARTITIONS_PROCESSED 18716
1457384986360	<INFO 7faee9ffb700> CORE::PARTITIONS_PROCESSED 17631
1457384986362	<INFO 7faedf7fe700> CORE::BYTES::EDGES_STREAMED 4111020156
1457384986364	<INFO 7faee8ff9700> CORE::BYTES::EDGES_STREAMED 4018701864
1457384986367	<INFO 7faedf7fe700> CORE::BYTES::UPDATES_OUT 2299986064
1457384986369	<INFO 7faee8ff9700> CORE::BYTES::UPDATES_OUT 2265483472
1457384986371	<INFO 7faeeaffd700> CORE::BYTES::UPDATES_OUT 2191182880
1457384986373	<INFO 7faee97fa700> CORE::PARTITIONS_PROCESSED 13352
1457384986376	<INFO 7faeea7fc700> CORE::PARTITIONS_PROCESSED 14579
1457384986378	<INFO 7faedf7fe700> CORE::BYTES::UPDATES_IN 1957689264
1457384986380	<INFO 7faeeaffd700> CORE::BYTES::UPDATES_IN 1833455160
1457384986383	<INFO 7faeea7fc700> CORE::BYTES::EDGES_STREAMED 3741918684
1457384986385	<INFO 7faeea7fc700> CORE::BYTES::UPDATES_OUT 2138443344
1457384986387	<INFO 7faee8ff9700> CORE::BYTES::UPDATES_IN 2075780640
1457384986390	<INFO 7faeea7fc700> CORE::BYTES::UPDATES_IN 1793941488
1457384986392	<INFO 7faee97fa700> CORE::BYTES::EDGES_STREAMED 4217458764
1457384986394	<INFO 7faee97fa700> CORE::BYTES::UPDATES_OUT 2383576976
1457384986397	<INFO 7faee97fa700> CORE::BYTES::UPDATES_IN 1945368832
1457384986399	<INFO 7faee9ffb700> CORE::BYTES::EDGES_STREAMED 4097420916
1457384986401	<INFO 7faee9ffb700> CORE::BYTES::UPDATES_OUT 2319503528
1457384986404	<INFO 7faee9ffb700> CORE::BYTES::UPDATES_IN 1913946112
1457384986406	<INFO 7faeebfff700> SLIPSTORE service is exiting
1457384986408	<INFO 7faeebfff700> SLIPSTORE::HELP_OFFERS_RECVD 1568
1457384986411	<INFO 7faeebfff700> SLIPSTORE::HELP_OFFERS_ACCEPTED 0
1457384986413	<INFO 7faeebfff700> SLIPSTORE::HELP_ACCEPTANCE_RATIO 0
1457384986416	<INFO 7faeebfff700> SLIPSTORE::SERVER_BUSY_DISK  735.355 seconds
1457384986418	<INFO 7faeebfff700> SLIPSTORE::SERVER_BUSY_MEM  0.522159 seconds
1457384986420	<INFO 7faeebfff700> SLIPSTORE::SERVER_TOTAL  1051.65 seconds
1457384986423	<INFO 7fcd0a784740> SLIPSTORE::CLIENT::DISK_READ_TIME  753.276 seconds
1457384986425	<INFO 7fcd0a784740> SLIPSTORE::CLIENT::MEM_READ_TIME  0 seconds
1457384986428	<INFO 7fcd0a784740> SLIPSTORE::CLIENT::DISK_BYTES_READ 64582528852
1457384986430	<INFO 7fcd0a784740> SLIPSTORE::CLIENT::MEM_BYTES_READ 0
1457384986432	<INFO 7fcd0a784740> SLIPSTORE::CLIENT::WRITE_TIME  215.829 seconds
1457384986435	<INFO 7fcd0a784740> SLIPSTORE::CLIENT::BYTES_WRITTEN 6039797760
1457384986437	<INFO 7fcd0a784740> SLIPSTORE::CLIENT_BUSY  969.105 seconds
1457384986440	<INFO 7fcd0a784740> SLIPSTORE::IO::TIME 598.008 seconds
1457384986442	<INFO 7fcd0a784740> SLIPSTORE::SNAP::TIME 0 seconds
1457384986445	<INFO 7fcd0a784740> SLIPSTORE::MAX_DISK_USAGE_BYTES 11228820904
1457384986484	<INFO 7fcd0a784740> CORE::RUSAGE::MAX_RSS_KB 125951328
1457384986487	<INFO 7fcd0a784740> CORE::RUSAGE::MINFLT 34049723
1457384986490	<INFO 7fcd0a784740> CORE::RUSAGE::MAJFLT 6
1457384986492	<INFO 7fcd0a784740> CORE::RUSAGE::MAJFLT 6
1457384986495	<INFO 7fcd0a784740> CORE::RUSAGE::INBLK 132637032
1457384986498	<INFO 7fcd0a784740> CORE::RUSAGE::OUBLK 74592944
1457384986501	<INFO 7fcd0a784740> CORE::UTILS::BYTES_READ 82916331504
1457384986503	<INFO 7fcd0a784740> CORE::UTILS::BYTES_WRITTEN 38165985232
1457384986506	<INFO 7fcd0a784740> CORE::UTILS::TILE_COPY_BYTES 10544480256
1457384986509	<INFO 7fcd0a784740> CORE::TIME::IO_WAIT 862.804 seconds
1457384986511	<INFO 7fcd0a784740> CORE::TIME_TILE_COPY 52.8454 seconds
1457384986514	<INFO 7fcd0a784740> CORE::TIME_TILE_MERGE 0 seconds
1457384986517	<INFO 7fcd0a784740> CORE::TIME_PROCESSING_STOLEN 165.156 seconds
1457384986520	<INFO 7fcd0a784740> CORE::TIME_MERGE_WAIT 18.5316 seconds
1457384986523	<INFO 7fcd0a784740> CORE::TIME_ALL_MC_BARRIER 9.8966 seconds
1457384986525	<INFO 7fcd0a784740> CORE::PHASES 7
1457384986528	<INFO 7fcd0a784740> CORE::TIME::SETUP 4.63296 seconds
1457384986531	<INFO 7fcd0a784740> CORE::TIME::WALL 1055.16 seconds
1457384986534	<INFO 7fcd0a784740> SHUTDOWN
