1457545045843	<INFO 7fbcb49dc740> 2016-03-09 18:37:25 STARTUP
1457545045847	<INFO 7fbcb49dc740> CORE::GRAPH rmat-29_s8
1457545045851	<INFO 7fbcb49dc740> CORE::ALGORITHM pagerank
1457545045855	<INFO 7fbcb49dc740> CORE::VERTEX_STRIPING ON
1457545045859	<INFO 7fbcb49dc740> 2016-03-09 18:37:25 Blocking memory amount 126701535232
1457545154394	<INFO 7fbcb49dc740> 2016-03-09 18:39:14 Done blocking memory
1457545154398	<INFO 7fbcb49dc740> SG-DRIVER-ORIGINAL
1457545154402	<INFO 7fbcb49dc740> CORE::CONFIG::PROCESSORS 8
1457545154406	<INFO 7fbcb49dc740> CORE::CONFIG::PHYSICAL_MEMORY 2147483648
1457545154410	<INFO 7fbcb49dc740> CORE::CONFIG::VERTICES 536870912
1457545154414	<INFO 7fbcb49dc740> CORE::CONFIG::VERTEX_SIZE 12
1457545154418	<INFO 7fbcb49dc740> CORE::CONFIG::VERTEX_BUFFER 805306368
1457545154422	<INFO 7fbcb49dc740> CORE::CONFIG::EDGES 1073741824
1457545154426	<INFO 7fbcb49dc740> CORE::CONFIG::PARTITIONS 64
1457545154430	<INFO 7fbcb49dc740> CORE::CONFIG::FANOUT 64
1457545154434	<INFO 7fbcb49dc740> CORE::CONFIG::SUPER_PARTITIONS 8
1457545154438	<INFO 7fbcb49dc740> CORE::CONFIG::TILES 1
1457545154442	<INFO 7fbcb49dc740> CORE::CONFIG::BUFFER_SIZE 268434329
1457545154446	<INFO 7fbcb49dc740> CORE::CONFIG::MAX_BUFFERS 4
1457545154449	<INFO 7fbcb49dc740> CORE::CONFIG::MAX_STREAMS 4
1457545154453	<INFO 7fbcb49dc740> CORE::CONFIG::SUM_OF_OUT_DEGREE_FOR_NEW_PARTITIONS 0
1457545154457	<INFO 7fbcb49dc740> SLIPSTREAM::EXT_MEM_SHUFFLE OFF
1457545157930	<INFO 7fbcb49dc740> SLIPSTORE::ZMQ_THREADS 2
1457545157934	<INFO 7fbcb49dc740> SLIPSTORE::COMM Connecting to tcp://dco-node137-10g:5016
1457545157937	<INFO 7fbcb49dc740> SLIPSTORE::COMM Connecting to tcp://dco-node138-10g:5034
1457545157941	<INFO 7fbcb49dc740> SLIPSTORE::COMM Connecting to tcp://dco-node139-10g:5052
1457545157946	<INFO 7fbcb49dc740> SLIPSTORE::COMM Connecting to tcp://dco-node140-10g:5070
1457545157950	<INFO 7fbcb49dc740> SLIPSTORE::COMM Connecting to tcp://dco-node141-10g:5088
1457545157954	<INFO 7fbcb49dc740> SLIPSTORE::COMM Connecting to tcp://dco-node142-10g:5106
1457545157957	<INFO 7fbcb49dc740> SLIPSTORE::COMM Connecting to tcp://dco-node143-10g:5124
1457545157962	<INFO 7fbcb49dc740> SLIPSTORE::COMM Connecting to tcp://dco-node144-10g:5142
1457545157966	<INFO 7fbcb49dc740> SLIPSTORE::COMM Listening at tcp://ens1f0:5134
1457545157970	<INFO 7fbcb49dc740> SLIPSTORE::COMM Listening at tcp://ens1f0:5135
1457545157975	<INFO 7fbcb49dc740> SLIPSTORE::COMM Listening at tcp://ens1f0:5136
1457545157979	<INFO 7fbcb49dc740> SLIPSTORE::COMM Listening at tcp://ens1f0:5137
1457545157983	<INFO 7fbcb49dc740> SLIPSTORE::COMM Listening at tcp://ens1f0:5138
1457545157988	<INFO 7fbcb49dc740> SLIPSTORE::COMM Listening at tcp://ens1f0:5139
1457545157991	<INFO 7fbcb49dc740> SLIPSTORE::COMM Listening at tcp://ens1f0:5140
1457545157995	<INFO 7fbcb49dc740> SLIPSTORE::COMM Listening at ipc://client
1457545157999	<INFO 7fbcb49dc740> SLIPSTORE::COMM Connecting to tcp://dco-node137-10g:5016
1457545158003	<INFO 7fbcb49dc740> SLIPSTORE::COMM Connecting to tcp://dco-node138-10g:5034
1457545158007	<INFO 7fbcb49dc740> SLIPSTORE::COMM Connecting to tcp://dco-node139-10g:5052
1457545158010	<INFO 7fbcb49dc740> SLIPSTORE::COMM Connecting to tcp://dco-node140-10g:5070
1457545158013	<INFO 7fbcb49dc740> SLIPSTORE::COMM Connecting to tcp://dco-node141-10g:5088
1457545158016	<INFO 7fbcb49dc740> SLIPSTORE::COMM Connecting to tcp://dco-node142-10g:5106
1457545158020	<INFO 7fbcb49dc740> SLIPSTORE::COMM Connecting to tcp://dco-node143-10g:5124
1457545158024	<INFO 7fbcb49dc740> SLIPSTORE::COMM Connecting to tcp://dco-node144-10g:5142
1457545158028	<INFO 7fbcb49dc740> SLIPSTORE::COMM Connecting to tcp://dco-node137-10g:5007
1457545158032	<INFO 7fbcb49dc740> SLIPSTORE::COMM Connecting to tcp://dco-node138-10g:5025
1457545158035	<INFO 7fbcb49dc740> SLIPSTORE::COMM Connecting to tcp://dco-node139-10g:5043
1457545158039	<INFO 7fbcb49dc740> SLIPSTORE::COMM Connecting to tcp://dco-node140-10g:5061
1457545158042	<INFO 7fbcb49dc740> SLIPSTORE::COMM Connecting to tcp://dco-node141-10g:5079
1457545158045	<INFO 7fbcb49dc740> SLIPSTORE::COMM Connecting to tcp://dco-node142-10g:5097
1457545158048	<INFO 7fbcb49dc740> SLIPSTORE::COMM Connecting to tcp://dco-node143-10g:5115
1457545158051	<INFO 7fbcb49dc740> SLIPSTORE::COMM Connecting to ipc://server
1457545158054	<INFO 7fbcb49dc740> SLIPSTORE::COMM Connecting to tcp://dco-node137-10g:5017
1457545158058	<INFO 7fbcb49dc740> SLIPSTORE::COMM Listening at tcp://ens1f0:5143
1457545158061	<INFO 7fbcb49dc740> SLIPSTORE::COMM Connecting to tcp://dco-node144-10g:5142
1457545158064	<INFO 7fbcb49dc740> SLIPSTORE::HELP_POLICY NONE
1457545158069	<INFO 7fbcb49dc740> SLIPSTORE::SERVER ASYNC
1457545158072	<INFO 7fbcb49dc740> SLIPSTORE::MACHINES 8
1457545158075	<INFO 7fbcb49dc740> SLIPSTORE::ME 7
1457545158079	<INFO 7fbcb49dc740> SLIPSTORE::SLIPCHUNK 4194304
1457545158082	<INFO 7fbcb49dc740> SLIPSTORE::QUOTA 18446744073709551615
1457545158086	<INFO 7fbcb49dc740> SLIPSTORE::IO PAGECACHE
1457545158089	<INFO 7f9e963f8700> SLIPSTORE::COMM Listening at tcp://ens1f0:5142
1457545158092	<INFO 7f9e963f8700> SLIPSTORE::COMM Listening at tcp://ens1f0:5126
1457545158095	<INFO 7f9e963f8700> SLIPSTORE::COMM Connecting to tcp://dco-node137-10g:5015
1457545158099	<INFO 7f9e963f8700> SLIPSTORE::COMM Listening at tcp://ens1f0:5127
1457545158102	<INFO 7f9e963f8700> SLIPSTORE::COMM Connecting to tcp://dco-node138-10g:5033
1457545158104	<INFO 7f9e963f8700> SLIPSTORE::COMM Listening at tcp://ens1f0:5128
1457545158107	<INFO 7f9e963f8700> SLIPSTORE::COMM Connecting to tcp://dco-node139-10g:5051
1457545158111	<INFO 7f9e963f8700> SLIPSTORE::COMM Listening at tcp://ens1f0:5129
1457545158114	<INFO 7f9e963f8700> SLIPSTORE::COMM Connecting to tcp://dco-node140-10g:5069
1457545158118	<INFO 7f9e963f8700> SLIPSTORE::COMM Listening at tcp://ens1f0:5130
1457545158122	<INFO 7f9e963f8700> SLIPSTORE::COMM Connecting to tcp://dco-node141-10g:5087
1457545158124	<INFO 7f9e963f8700> SLIPSTORE::COMM Listening at tcp://ens1f0:5131
1457545158129	<INFO 7f9e963f8700> SLIPSTORE::COMM Connecting to tcp://dco-node142-10g:5105
1457545158132	<INFO 7f9e963f8700> SLIPSTORE::COMM Listening at tcp://ens1f0:5132
1457545158136	<INFO 7f9e963f8700> SLIPSTORE::COMM Connecting to tcp://dco-node143-10g:5123
1457545158139	<INFO 7f9e963f8700> SLIPSTORE::COMM Listening at ipc://server
1457545158142	<INFO 7f9e963f8700> SLIPSTORE::COMM Connecting to ipc://client
1457545158145	<INFO 7fbcb49dc740> SLIPSTORE::CHECKPOINTS NONE FOUND
1457545158148	<INFO 7fbcb49dc740> 2016-03-09 18:39:18 Start edge split
1457545158152	<INFO 7fbcb49dc740> 2016-03-09 18:39:18 Check1
1457545158155	<INFO 7fbcb49dc740> 2016-03-09 18:39:18 Check2
1457545158158	<INFO 7fbcb49dc740> 2016-03-09 18:39:18 Check3
1457545158162	<INFO 7fbcb49dc740> 2016-03-09 18:39:18 Check4
1457545158164	<INFO 7fbcb49dc740> 2016-03-09 18:39:18 Check5
1457545158167	<INFO 7fbcb49dc740> 2016-03-09 18:39:18 Check7
1457545158170	<INFO 7fbcb49dc740> 2016-03-09 18:39:18 CheckA
1457545158173	<INFO 7fbcb49dc740> 2016-03-09 18:39:18 CheckB
1457545158177	<INFO 7fbcb49dc740> 2016-03-09 18:39:18 CheckC
1457545158180	<INFO 7fbcb49dc740> 2016-03-09 18:39:18 CheckD
1457545158184	<INFO 7fbcb49dc740> 2016-03-09 18:39:18 CheckE
1457545158187	<INFO 7fbcb49dc740> 2016-03-09 18:39:18 CheckF
1457545158190	<INFO 7fbcb49dc740> 2016-03-09 18:39:18 CheckG
1457545158193	<INFO 7fbcb49dc740> 2016-03-09 18:39:18 CheckH
1457545158196	<INFO 7fbcb49dc740> 2016-03-09 18:39:18 CheckI
1457545159466	<INFO 7fbcb49dc740> 2016-03-09 18:39:19 CheckJ
1457545159469	<INFO 7fbcb49dc740> 2016-03-09 18:39:19 CheckK
1457545159472	<INFO 7fbcb49dc740> 2016-03-09 18:39:19 CheckL
1457545159475	<INFO 7fbcb49dc740> 2016-03-09 18:39:19 CheckM
1457545159478	<INFO 7fbcb49dc740> 2016-03-09 18:39:19 CheckN
1457545159737	<INFO 7fbcb49dc740> 2016-03-09 18:39:19 CheckO
1457545159740	<INFO 7fbcb49dc740> 2016-03-09 18:39:19 CheckP
1457545159742	<INFO 7fbcb49dc740> 2016-03-09 18:39:19 CheckQ
1457545159745	<INFO 7fbcb49dc740> 2016-03-09 18:39:19 CheckI
1457545160635	<INFO 7fbcb49dc740> 2016-03-09 18:39:20 CheckJ
1457545160638	<INFO 7fbcb49dc740> 2016-03-09 18:39:20 CheckK
1457545160642	<INFO 7fbcb49dc740> 2016-03-09 18:39:20 CheckL
1457545160644	<INFO 7fbcb49dc740> 2016-03-09 18:39:20 CheckM
1457545160648	<INFO 7fbcb49dc740> 2016-03-09 18:39:20 CheckN
1457545161703	<INFO 7fbcb49dc740> 2016-03-09 18:39:21 CheckO
1457545161705	<INFO 7fbcb49dc740> 2016-03-09 18:39:21 CheckP
1457545161708	<INFO 7fbcb49dc740> 2016-03-09 18:39:21 CheckQ
1457545161710	<INFO 7fbcb49dc740> 2016-03-09 18:39:21 CheckI
1457545162853	<INFO 7fbcb49dc740> 2016-03-09 18:39:22 CheckJ
1457545162855	<INFO 7fbcb49dc740> 2016-03-09 18:39:22 CheckK
1457545162858	<INFO 7fbcb49dc740> 2016-03-09 18:39:22 CheckL
1457545162860	<INFO 7fbcb49dc740> 2016-03-09 18:39:22 CheckM
1457545162864	<INFO 7fbcb49dc740> 2016-03-09 18:39:22 CheckN
1457545164274	<INFO 7fbcb49dc740> 2016-03-09 18:39:24 CheckO
1457545164277	<INFO 7fbcb49dc740> 2016-03-09 18:39:24 CheckP
1457545164279	<INFO 7fbcb49dc740> 2016-03-09 18:39:24 CheckQ
1457545164281	<INFO 7fbcb49dc740> 2016-03-09 18:39:24 CheckI
1457545165497	<INFO 7fbcb49dc740> 2016-03-09 18:39:25 CheckJ
1457545165499	<INFO 7fbcb49dc740> 2016-03-09 18:39:25 CheckK
1457545165501	<INFO 7fbcb49dc740> 2016-03-09 18:39:25 CheckL
1457545165504	<INFO 7fbcb49dc740> 2016-03-09 18:39:25 CheckM
1457545165507	<INFO 7fbcb49dc740> 2016-03-09 18:39:25 CheckN
1457545166682	<INFO 7fbcb49dc740> 2016-03-09 18:39:26 CheckO
1457545166685	<INFO 7fbcb49dc740> 2016-03-09 18:39:26 CheckP
1457545166687	<INFO 7fbcb49dc740> 2016-03-09 18:39:26 CheckQ
1457545166690	<INFO 7fbcb49dc740> 2016-03-09 18:39:26 CheckI
1457545169667	<INFO 7fbcb49dc740> 2016-03-09 18:39:29 CheckJ
1457545169670	<INFO 7fbcb49dc740> 2016-03-09 18:39:29 CheckK
1457545169673	<INFO 7fbcb49dc740> 2016-03-09 18:39:29 CheckL
1457545169676	<INFO 7fbcb49dc740> 2016-03-09 18:39:29 CheckM
1457545169680	<INFO 7fbcb49dc740> 2016-03-09 18:39:29 CheckN
1457545170654	<INFO 7fbcb49dc740> 2016-03-09 18:39:30 CheckO
1457545170657	<INFO 7fbcb49dc740> 2016-03-09 18:39:30 CheckP
1457545170659	<INFO 7fbcb49dc740> 2016-03-09 18:39:30 CheckQ
1457545170662	<INFO 7fbcb49dc740> 2016-03-09 18:39:30 CheckI
1457545172151	<INFO 7fbcb49dc740> 2016-03-09 18:39:32 CheckJ
1457545172153	<INFO 7fbcb49dc740> 2016-03-09 18:39:32 CheckK
1457545172156	<INFO 7fbcb49dc740> 2016-03-09 18:39:32 CheckL
1457545172158	<INFO 7fbcb49dc740> 2016-03-09 18:39:32 CheckM
1457545172161	<INFO 7fbcb49dc740> 2016-03-09 18:39:32 CheckN
1457545172713	<INFO 7fbcb49dc740> 2016-03-09 18:39:32 CheckO
1457545172716	<INFO 7fbcb49dc740> 2016-03-09 18:39:32 CheckP
1457545172718	<INFO 7fbcb49dc740> 2016-03-09 18:39:32 CheckQ
1457545172721	<INFO 7fbcb49dc740> 2016-03-09 18:39:32 CheckI
1457545175023	<INFO 7fbcb49dc740> 2016-03-09 18:39:35 CheckJ
1457545175026	<INFO 7fbcb49dc740> 2016-03-09 18:39:35 CheckK
1457545175028	<INFO 7fbcb49dc740> 2016-03-09 18:39:35 CheckL
1457545175031	<INFO 7fbcb49dc740> 2016-03-09 18:39:35 CheckM
1457545175034	<INFO 7fbcb49dc740> 2016-03-09 18:39:35 CheckN
1457545176324	<INFO 7fbcb49dc740> 2016-03-09 18:39:36 CheckO
1457545176327	<INFO 7fbcb49dc740> 2016-03-09 18:39:36 CheckP
1457545176329	<INFO 7fbcb49dc740> 2016-03-09 18:39:36 CheckQ
1457545176332	<INFO 7fbcb49dc740> 2016-03-09 18:39:36 CheckI
1457545177935	<INFO 7fbcb49dc740> 2016-03-09 18:39:37 CheckJ
1457545177937	<INFO 7fbcb49dc740> 2016-03-09 18:39:37 CheckK
1457545177940	<INFO 7fbcb49dc740> 2016-03-09 18:39:37 CheckL
1457545177942	<INFO 7fbcb49dc740> 2016-03-09 18:39:37 CheckM
1457545177945	<INFO 7fbcb49dc740> 2016-03-09 18:39:37 CheckN
1457545180345	<INFO 7fbcb49dc740> 2016-03-09 18:39:40 CheckO
1457545180347	<INFO 7fbcb49dc740> 2016-03-09 18:39:40 CheckP
1457545180350	<INFO 7fbcb49dc740> 2016-03-09 18:39:40 CheckQ
1457545180353	<INFO 7fbcb49dc740> 2016-03-09 18:39:40 CheckI
1457545181492	<INFO 7fbcb49dc740> 2016-03-09 18:39:41 CheckJ
1457545181495	<INFO 7fbcb49dc740> 2016-03-09 18:39:41 CheckK
1457545181497	<INFO 7fbcb49dc740> 2016-03-09 18:39:41 CheckL
1457545181500	<INFO 7fbcb49dc740> 2016-03-09 18:39:41 CheckM
1457545181502	<INFO 7fbcb49dc740> 2016-03-09 18:39:41 CheckN
1457545184002	<INFO 7fbcb49dc740> 2016-03-09 18:39:44 CheckO
1457545184005	<INFO 7fbcb49dc740> 2016-03-09 18:39:44 CheckP
1457545184007	<INFO 7fbcb49dc740> 2016-03-09 18:39:44 CheckQ
1457545184010	<INFO 7fbcb49dc740> 2016-03-09 18:39:44 CheckI
1457545186979	<INFO 7fbcb49dc740> 2016-03-09 18:39:46 CheckJ
1457545186982	<INFO 7fbcb49dc740> 2016-03-09 18:39:46 CheckK
1457545186984	<INFO 7fbcb49dc740> 2016-03-09 18:39:46 CheckL
1457545186987	<INFO 7fbcb49dc740> 2016-03-09 18:39:46 CheckM
1457545186990	<INFO 7fbcb49dc740> 2016-03-09 18:39:46 CheckN
1457545188404	<INFO 7fbcb49dc740> 2016-03-09 18:39:48 CheckO
1457545188407	<INFO 7fbcb49dc740> 2016-03-09 18:39:48 CheckP
1457545188409	<INFO 7fbcb49dc740> 2016-03-09 18:39:48 CheckQ
1457545188412	<INFO 7fbcb49dc740> 2016-03-09 18:39:48 CheckI
1457545189598	<INFO 7fbcb49dc740> 2016-03-09 18:39:49 CheckJ
1457545189603	<INFO 7fbcb49dc740> 2016-03-09 18:39:49 CheckK
1457545189606	<INFO 7fbcb49dc740> 2016-03-09 18:39:49 CheckL
1457545189609	<INFO 7fbcb49dc740> 2016-03-09 18:39:49 CheckM
1457545189611	<INFO 7fbcb49dc740> 2016-03-09 18:39:49 CheckN
1457545190788	<INFO 7fbcb49dc740> 2016-03-09 18:39:50 CheckO
1457545190790	<INFO 7fbcb49dc740> 2016-03-09 18:39:50 CheckP
1457545190792	<INFO 7fbcb49dc740> 2016-03-09 18:39:50 CheckQ
1457545190795	<INFO 7fbcb49dc740> 2016-03-09 18:39:50 CheckI
1457545192266	<INFO 7fbcb49dc740> 2016-03-09 18:39:52 CheckJ
1457545192269	<INFO 7fbcb49dc740> 2016-03-09 18:39:52 CheckK
1457545192272	<INFO 7fbcb49dc740> 2016-03-09 18:39:52 CheckL
1457545192274	<INFO 7fbcb49dc740> 2016-03-09 18:39:52 CheckM
1457545192277	<INFO 7fbcb49dc740> 2016-03-09 18:39:52 CheckN
1457545193819	<INFO 7fbcb49dc740> 2016-03-09 18:39:53 CheckO
1457545193821	<INFO 7fbcb49dc740> 2016-03-09 18:39:53 CheckP
1457545193824	<INFO 7fbcb49dc740> 2016-03-09 18:39:53 CheckQ
1457545193826	<INFO 7fbcb49dc740> 2016-03-09 18:39:53 CheckI
1457545195072	<INFO 7fbcb49dc740> 2016-03-09 18:39:55 CheckJ
1457545195075	<INFO 7fbcb49dc740> 2016-03-09 18:39:55 CheckK
1457545195077	<INFO 7fbcb49dc740> 2016-03-09 18:39:55 CheckL
1457545195080	<INFO 7fbcb49dc740> 2016-03-09 18:39:55 CheckM
1457545195082	<INFO 7fbcb49dc740> 2016-03-09 18:39:55 CheckN
1457545197762	<INFO 7fbcb49dc740> 2016-03-09 18:39:57 CheckO
1457545197765	<INFO 7fbcb49dc740> 2016-03-09 18:39:57 CheckP
1457545197768	<INFO 7fbcb49dc740> 2016-03-09 18:39:57 CheckQ
1457545197770	<INFO 7fbcb49dc740> 2016-03-09 18:39:57 CheckI
1457545199713	<INFO 7fbcb49dc740> 2016-03-09 18:39:59 CheckJ
1457545199716	<INFO 7fbcb49dc740> 2016-03-09 18:39:59 CheckK
1457545199719	<INFO 7fbcb49dc740> 2016-03-09 18:39:59 CheckL
1457545199722	<INFO 7fbcb49dc740> 2016-03-09 18:39:59 CheckM
1457545199725	<INFO 7fbcb49dc740> 2016-03-09 18:39:59 CheckN
1457545202266	<INFO 7fbcb49dc740> 2016-03-09 18:40:02 CheckO
1457545202270	<INFO 7fbcb49dc740> 2016-03-09 18:40:02 CheckP
1457545202272	<INFO 7fbcb49dc740> 2016-03-09 18:40:02 CheckQ
1457545202275	<INFO 7fbcb49dc740> 2016-03-09 18:40:02 CheckI
1457545205217	<INFO 7fbcb49dc740> 2016-03-09 18:40:05 CheckJ
1457545205219	<INFO 7fbcb49dc740> 2016-03-09 18:40:05 CheckK
1457545205222	<INFO 7fbcb49dc740> 2016-03-09 18:40:05 CheckL
1457545205225	<INFO 7fbcb49dc740> 2016-03-09 18:40:05 CheckM
1457545205228	<INFO 7fbcb49dc740> 2016-03-09 18:40:05 CheckN
1457545207751	<INFO 7fbcb49dc740> 2016-03-09 18:40:07 CheckO
1457545207754	<INFO 7fbcb49dc740> 2016-03-09 18:40:07 CheckP
1457545207757	<INFO 7fbcb49dc740> 2016-03-09 18:40:07 CheckQ
1457545207760	<INFO 7fbcb49dc740> 2016-03-09 18:40:07 CheckI
1457545210272	<INFO 7fbcb49dc740> 2016-03-09 18:40:10 CheckJ
1457545210276	<INFO 7fbcb49dc740> 2016-03-09 18:40:10 CheckK
1457545210279	<INFO 7fbcb49dc740> 2016-03-09 18:40:10 CheckL
1457545210281	<INFO 7fbcb49dc740> 2016-03-09 18:40:10 CheckM
1457545210284	<INFO 7fbcb49dc740> 2016-03-09 18:40:10 CheckN
1457545211130	<INFO 7fbcb49dc740> 2016-03-09 18:40:11 CheckO
1457545211134	<INFO 7fbcb49dc740> 2016-03-09 18:40:11 CheckP
1457545211137	<INFO 7fbcb49dc740> 2016-03-09 18:40:11 CheckQ
1457545211139	<INFO 7fbcb49dc740> 2016-03-09 18:40:11 CheckI
1457545213266	<INFO 7fbcb49dc740> 2016-03-09 18:40:13 CheckJ
1457545213268	<INFO 7fbcb49dc740> 2016-03-09 18:40:13 CheckK
1457545213271	<INFO 7fbcb49dc740> 2016-03-09 18:40:13 CheckL
1457545213274	<INFO 7fbcb49dc740> 2016-03-09 18:40:13 CheckM
1457545213277	<INFO 7fbcb49dc740> 2016-03-09 18:40:13 CheckN
1457545215570	<INFO 7fbcb49dc740> 2016-03-09 18:40:15 CheckO
1457545215572	<INFO 7fbcb49dc740> 2016-03-09 18:40:15 CheckP
1457545215575	<INFO 7fbcb49dc740> 2016-03-09 18:40:15 CheckQ
1457545215578	<INFO 7fbcb49dc740> 2016-03-09 18:40:15 CheckI
1457545217101	<INFO 7fbcb49dc740> 2016-03-09 18:40:17 CheckJ
1457545217104	<INFO 7fbcb49dc740> 2016-03-09 18:40:17 CheckK
1457545217107	<INFO 7fbcb49dc740> 2016-03-09 18:40:17 CheckL
1457545217109	<INFO 7fbcb49dc740> 2016-03-09 18:40:17 CheckM
1457545217112	<INFO 7fbcb49dc740> 2016-03-09 18:40:17 CheckN
1457545217801	<INFO 7fbcb49dc740> 2016-03-09 18:40:17 CheckO
1457545217803	<INFO 7fbcb49dc740> 2016-03-09 18:40:17 CheckP
1457545217806	<INFO 7fbcb49dc740> 2016-03-09 18:40:17 CheckQ
1457545217809	<INFO 7fbcb49dc740> 2016-03-09 18:40:17 CheckI
1457545219853	<INFO 7fbcb49dc740> 2016-03-09 18:40:19 CheckJ
1457545219856	<INFO 7fbcb49dc740> 2016-03-09 18:40:19 CheckK
1457545219859	<INFO 7fbcb49dc740> 2016-03-09 18:40:19 CheckL
1457545219861	<INFO 7fbcb49dc740> 2016-03-09 18:40:19 CheckM
1457545219863	<INFO 7fbcb49dc740> 2016-03-09 18:40:19 CheckN
1457545221135	<INFO 7fbcb49dc740> 2016-03-09 18:40:21 CheckO
1457545221137	<INFO 7fbcb49dc740> 2016-03-09 18:40:21 CheckP
1457545221140	<INFO 7fbcb49dc740> 2016-03-09 18:40:21 CheckQ
1457545221142	<INFO 7fbcb49dc740> 2016-03-09 18:40:21 CheckI
1457545223484	<INFO 7fbcb49dc740> 2016-03-09 18:40:23 CheckJ
1457545223487	<INFO 7fbcb49dc740> 2016-03-09 18:40:23 CheckK
1457545223489	<INFO 7fbcb49dc740> 2016-03-09 18:40:23 CheckL
1457545223492	<INFO 7fbcb49dc740> 2016-03-09 18:40:23 CheckM
1457545223495	<INFO 7fbcb49dc740> 2016-03-09 18:40:23 CheckN
1457545224435	<INFO 7fbcb49dc740> 2016-03-09 18:40:24 CheckO
1457545224440	<INFO 7fbcb49dc740> 2016-03-09 18:40:24 CheckP
1457545224443	<INFO 7fbcb49dc740> 2016-03-09 18:40:24 CheckQ
1457545224445	<INFO 7fbcb49dc740> 2016-03-09 18:40:24 CheckI
1457545226032	<INFO 7fbcb49dc740> 2016-03-09 18:40:26 CheckJ
1457545226035	<INFO 7fbcb49dc740> 2016-03-09 18:40:26 CheckK
1457545226037	<INFO 7fbcb49dc740> 2016-03-09 18:40:26 CheckL
1457545226041	<INFO 7fbcb49dc740> 2016-03-09 18:40:26 CheckM
1457545226044	<INFO 7fbcb49dc740> 2016-03-09 18:40:26 CheckN
1457545227896	<INFO 7fbcb49dc740> 2016-03-09 18:40:27 CheckO
1457545227899	<INFO 7fbcb49dc740> 2016-03-09 18:40:27 CheckP
1457545227901	<INFO 7fbcb49dc740> 2016-03-09 18:40:27 CheckQ
1457545227904	<INFO 7fbcb49dc740> 2016-03-09 18:40:27 CheckI
1457545230684	<INFO 7fbcb49dc740> 2016-03-09 18:40:30 CheckJ
1457545230687	<INFO 7fbcb49dc740> 2016-03-09 18:40:30 CheckK
1457545230690	<INFO 7fbcb49dc740> 2016-03-09 18:40:30 CheckL
1457545230692	<INFO 7fbcb49dc740> 2016-03-09 18:40:30 CheckM
1457545230695	<INFO 7fbcb49dc740> 2016-03-09 18:40:30 CheckN
1457545231594	<INFO 7fbcb49dc740> 2016-03-09 18:40:31 CheckO
1457545231597	<INFO 7fbcb49dc740> 2016-03-09 18:40:31 CheckP
1457545231601	<INFO 7fbcb49dc740> 2016-03-09 18:40:31 CheckQ
1457545231603	<INFO 7fbcb49dc740> 2016-03-09 18:40:31 CheckI
1457545233346	<INFO 7fbcb49dc740> 2016-03-09 18:40:33 CheckJ
1457545233348	<INFO 7fbcb49dc740> 2016-03-09 18:40:33 CheckK
1457545233351	<INFO 7fbcb49dc740> 2016-03-09 18:40:33 CheckL
1457545233354	<INFO 7fbcb49dc740> 2016-03-09 18:40:33 CheckM
1457545233357	<INFO 7fbcb49dc740> 2016-03-09 18:40:33 CheckN
1457545234922	<INFO 7fbcb49dc740> 2016-03-09 18:40:34 CheckO
1457545234926	<INFO 7fbcb49dc740> 2016-03-09 18:40:34 CheckP
1457545234930	<INFO 7fbcb49dc740> 2016-03-09 18:40:34 CheckQ
1457545234934	<INFO 7fbcb49dc740> 2016-03-09 18:40:34 CheckI
1457545237776	<INFO 7fbcb49dc740> 2016-03-09 18:40:37 CheckJ
1457545237778	<INFO 7fbcb49dc740> 2016-03-09 18:40:37 CheckK
1457545237781	<INFO 7fbcb49dc740> 2016-03-09 18:40:37 CheckL
1457545237783	<INFO 7fbcb49dc740> 2016-03-09 18:40:37 CheckM
1457545237787	<INFO 7fbcb49dc740> 2016-03-09 18:40:37 CheckN
1457545240072	<INFO 7fbcb49dc740> 2016-03-09 18:40:40 CheckO
1457545240075	<INFO 7fbcb49dc740> 2016-03-09 18:40:40 CheckP
1457545240078	<INFO 7fbcb49dc740> 2016-03-09 18:40:40 CheckQ
1457545240080	<INFO 7fbcb49dc740> 2016-03-09 18:40:40 CheckI
1457545241753	<INFO 7fbcb49dc740> 2016-03-09 18:40:41 CheckJ
1457545241756	<INFO 7fbcb49dc740> 2016-03-09 18:40:41 CheckK
1457545241759	<INFO 7fbcb49dc740> 2016-03-09 18:40:41 CheckL
1457545241761	<INFO 7fbcb49dc740> 2016-03-09 18:40:41 CheckM
1457545241765	<INFO 7fbcb49dc740> 2016-03-09 18:40:41 CheckN
1457545243249	<INFO 7fbcb49dc740> 2016-03-09 18:40:43 CheckO
1457545243253	<INFO 7fbcb49dc740> 2016-03-09 18:40:43 CheckP
1457545243256	<INFO 7fbcb49dc740> 2016-03-09 18:40:43 CheckQ
1457545243259	<INFO 7fbcb49dc740> 2016-03-09 18:40:43 CheckI
1457545245341	<INFO 7fbcb49dc740> 2016-03-09 18:40:45 CheckJ
1457545245344	<INFO 7fbcb49dc740> 2016-03-09 18:40:45 CheckK
1457545245347	<INFO 7fbcb49dc740> 2016-03-09 18:40:45 CheckL
1457545245350	<INFO 7fbcb49dc740> 2016-03-09 18:40:45 CheckM
1457545245352	<INFO 7fbcb49dc740> 2016-03-09 18:40:45 CheckN
1457545247883	<INFO 7fbcb49dc740> 2016-03-09 18:40:47 CheckO
1457545247886	<INFO 7fbcb49dc740> 2016-03-09 18:40:47 CheckP
1457545247889	<INFO 7fbcb49dc740> 2016-03-09 18:40:47 CheckQ
1457545247891	<INFO 7fbcb49dc740> 2016-03-09 18:40:47 CheckI
1457545249765	<INFO 7fbcb49dc740> 2016-03-09 18:40:49 CheckJ
1457545249768	<INFO 7fbcb49dc740> 2016-03-09 18:40:49 CheckK
1457545249771	<INFO 7fbcb49dc740> 2016-03-09 18:40:49 CheckL
1457545249774	<INFO 7fbcb49dc740> 2016-03-09 18:40:49 CheckM
1457545249776	<INFO 7fbcb49dc740> 2016-03-09 18:40:49 CheckN
1457545251418	<INFO 7fbcb49dc740> 2016-03-09 18:40:51 CheckO
1457545251421	<INFO 7fbcb49dc740> 2016-03-09 18:40:51 CheckP
1457545251424	<INFO 7fbcb49dc740> 2016-03-09 18:40:51 CheckQ
1457545251426	<INFO 7fbcb49dc740> 2016-03-09 18:40:51 CheckI
1457545253788	<INFO 7fbcb49dc740> 2016-03-09 18:40:53 CheckJ
1457545253791	<INFO 7fbcb49dc740> 2016-03-09 18:40:53 CheckK
1457545253794	<INFO 7fbcb49dc740> 2016-03-09 18:40:53 CheckL
1457545253797	<INFO 7fbcb49dc740> 2016-03-09 18:40:53 CheckM
1457545253799	<INFO 7fbcb49dc740> 2016-03-09 18:40:53 CheckN
1457545255114	<INFO 7fbcb49dc740> 2016-03-09 18:40:55 CheckO
1457545255117	<INFO 7fbcb49dc740> 2016-03-09 18:40:55 CheckP
1457545255121	<INFO 7fbcb49dc740> 2016-03-09 18:40:55 CheckQ
1457545255123	<INFO 7fbcb49dc740> 2016-03-09 18:40:55 CheckI
1457545257051	<INFO 7fbcb49dc740> 2016-03-09 18:40:57 CheckJ
1457545257054	<INFO 7fbcb49dc740> 2016-03-09 18:40:57 CheckK
1457545257057	<INFO 7fbcb49dc740> 2016-03-09 18:40:57 CheckL
1457545257059	<INFO 7fbcb49dc740> 2016-03-09 18:40:57 CheckM
1457545257062	<INFO 7fbcb49dc740> 2016-03-09 18:40:57 CheckN
1457545258949	<INFO 7fbcb49dc740> 2016-03-09 18:40:58 CheckO
1457545258954	<INFO 7fbcb49dc740> 2016-03-09 18:40:58 CheckP
1457545258958	<INFO 7fbcb49dc740> 2016-03-09 18:40:58 CheckQ
1457545258961	<INFO 7fbcb49dc740> 2016-03-09 18:40:58 CheckI
1457545259902	<INFO 7fbcb49dc740> 2016-03-09 18:40:59 CheckJ
1457545259905	<INFO 7fbcb49dc740> 2016-03-09 18:40:59 CheckK
1457545259908	<INFO 7fbcb49dc740> 2016-03-09 18:40:59 CheckL
1457545259910	<INFO 7fbcb49dc740> 2016-03-09 18:40:59 CheckM
1457545259913	<INFO 7fbcb49dc740> 2016-03-09 18:40:59 CheckN
1457545261277	<INFO 7fbcb49dc740> 2016-03-09 18:41:01 CheckO
1457545261280	<INFO 7fbcb49dc740> 2016-03-09 18:41:01 CheckP
1457545261284	<INFO 7fbcb49dc740> 2016-03-09 18:41:01 CheckQ
1457545261287	<INFO 7fbcb49dc740> 2016-03-09 18:41:01 CheckI
1457545263012	<INFO 7fbcb49dc740> 2016-03-09 18:41:03 CheckJ
1457545263015	<INFO 7fbcb49dc740> 2016-03-09 18:41:03 CheckK
1457545263018	<INFO 7fbcb49dc740> 2016-03-09 18:41:03 CheckL
1457545263021	<INFO 7fbcb49dc740> 2016-03-09 18:41:03 CheckM
1457545263023	<INFO 7fbcb49dc740> 2016-03-09 18:41:03 CheckN
1457545265179	<INFO 7fbcb49dc740> 2016-03-09 18:41:05 CheckO
1457545265182	<INFO 7fbcb49dc740> 2016-03-09 18:41:05 CheckP
1457545265185	<INFO 7fbcb49dc740> 2016-03-09 18:41:05 CheckQ
1457545265188	<INFO 7fbcb49dc740> 2016-03-09 18:41:05 CheckI
1457545266791	<INFO 7fbcb49dc740> 2016-03-09 18:41:06 CheckJ
1457545266794	<INFO 7fbcb49dc740> 2016-03-09 18:41:06 CheckK
1457545266798	<INFO 7fbcb49dc740> 2016-03-09 18:41:06 CheckL
1457545266802	<INFO 7fbcb49dc740> 2016-03-09 18:41:06 CheckM
1457545266807	<INFO 7fbcb49dc740> 2016-03-09 18:41:06 CheckN
1457545268560	<INFO 7fbcb49dc740> 2016-03-09 18:41:08 CheckO
1457545268563	<INFO 7fbcb49dc740> 2016-03-09 18:41:08 CheckP
1457545268567	<INFO 7fbcb49dc740> 2016-03-09 18:41:08 CheckQ
1457545268569	<INFO 7fbcb49dc740> 2016-03-09 18:41:08 CheckI
1457545269772	<INFO 7fbcb49dc740> 2016-03-09 18:41:09 CheckJ
1457545269775	<INFO 7fbcb49dc740> 2016-03-09 18:41:09 CheckK
1457545269778	<INFO 7fbcb49dc740> 2016-03-09 18:41:09 CheckL
1457545269782	<INFO 7fbcb49dc740> 2016-03-09 18:41:09 CheckM
1457545269785	<INFO 7fbcb49dc740> 2016-03-09 18:41:09 CheckN
1457545270949	<INFO 7fbcb49dc740> 2016-03-09 18:41:10 CheckO
1457545270952	<INFO 7fbcb49dc740> 2016-03-09 18:41:10 CheckP
1457545270955	<INFO 7fbcb49dc740> 2016-03-09 18:41:10 CheckQ
1457545270957	<INFO 7fbcb49dc740> 2016-03-09 18:41:10 CheckI
1457545272704	<INFO 7fbcb49dc740> 2016-03-09 18:41:12 CheckJ
1457545272707	<INFO 7fbcb49dc740> 2016-03-09 18:41:12 CheckK
1457545272710	<INFO 7fbcb49dc740> 2016-03-09 18:41:12 CheckL
1457545272716	<INFO 7fbcb49dc740> 2016-03-09 18:41:12 CheckM
1457545272719	<INFO 7fbcb49dc740> 2016-03-09 18:41:12 CheckN
1457545275650	<INFO 7fbcb49dc740> 2016-03-09 18:41:15 CheckO
1457545275653	<INFO 7fbcb49dc740> 2016-03-09 18:41:15 CheckP
1457545275656	<INFO 7fbcb49dc740> 2016-03-09 18:41:15 CheckQ
1457545275658	<INFO 7fbcb49dc740> 2016-03-09 18:41:15 CheckI
1457545278544	<INFO 7fbcb49dc740> 2016-03-09 18:41:18 CheckJ
1457545278547	<INFO 7fbcb49dc740> 2016-03-09 18:41:18 CheckK
1457545278550	<INFO 7fbcb49dc740> 2016-03-09 18:41:18 CheckL
1457545278553	<INFO 7fbcb49dc740> 2016-03-09 18:41:18 CheckM
1457545278555	<INFO 7fbcb49dc740> 2016-03-09 18:41:18 CheckN
1457545279836	<INFO 7fbcb49dc740> 2016-03-09 18:41:19 CheckO
1457545279838	<INFO 7fbcb49dc740> 2016-03-09 18:41:19 CheckP
1457545279840	<INFO 7fbcb49dc740> 2016-03-09 18:41:19 CheckQ
1457545279843	<INFO 7fbcb49dc740> 2016-03-09 18:41:19 CheckI
1457545281105	<INFO 7fbcb49dc740> 2016-03-09 18:41:21 CheckJ
1457545281108	<INFO 7fbcb49dc740> 2016-03-09 18:41:21 CheckK
1457545281110	<INFO 7fbcb49dc740> 2016-03-09 18:41:21 CheckL
1457545281113	<INFO 7fbcb49dc740> 2016-03-09 18:41:21 CheckM
1457545281116	<INFO 7fbcb49dc740> 2016-03-09 18:41:21 CheckN
1457545284066	<INFO 7fbcb49dc740> 2016-03-09 18:41:24 CheckO
1457545284068	<INFO 7fbcb49dc740> 2016-03-09 18:41:24 CheckP
1457545284071	<INFO 7fbcb49dc740> 2016-03-09 18:41:24 CheckQ
1457545284073	<INFO 7fbcb49dc740> 2016-03-09 18:41:24 CheckI
1457545285394	<INFO 7fbcb49dc740> 2016-03-09 18:41:25 CheckJ
1457545285397	<INFO 7fbcb49dc740> 2016-03-09 18:41:25 CheckK
1457545285399	<INFO 7fbcb49dc740> 2016-03-09 18:41:25 CheckL
1457545285402	<INFO 7fbcb49dc740> 2016-03-09 18:41:25 CheckM
1457545285404	<INFO 7fbcb49dc740> 2016-03-09 18:41:25 CheckN
1457545286806	<INFO 7fbcb49dc740> 2016-03-09 18:41:26 CheckO
1457545286808	<INFO 7fbcb49dc740> 2016-03-09 18:41:26 CheckP
1457545286811	<INFO 7fbcb49dc740> 2016-03-09 18:41:26 CheckQ
1457545286814	<INFO 7fbcb49dc740> 2016-03-09 18:41:26 CheckI
1457545287938	<INFO 7fbcb49dc740> 2016-03-09 18:41:27 CheckJ
1457545287940	<INFO 7fbcb49dc740> 2016-03-09 18:41:27 CheckK
1457545287945	<INFO 7fbcb49dc740> 2016-03-09 18:41:27 CheckL
1457545287948	<INFO 7fbcb49dc740> 2016-03-09 18:41:27 CheckM
1457545287951	<INFO 7fbcb49dc740> 2016-03-09 18:41:27 CheckN
1457545290439	<INFO 7fbcb49dc740> 2016-03-09 18:41:30 CheckO
1457545290442	<INFO 7fbcb49dc740> 2016-03-09 18:41:30 CheckP
1457545290445	<INFO 7fbcb49dc740> 2016-03-09 18:41:30 CheckQ
1457545290448	<INFO 7fbcb49dc740> 2016-03-09 18:41:30 CheckI
1457545293468	<INFO 7fbcb49dc740> 2016-03-09 18:41:33 CheckJ
1457545293470	<INFO 7fbcb49dc740> 2016-03-09 18:41:33 CheckK
1457545293473	<INFO 7fbcb49dc740> 2016-03-09 18:41:33 CheckL
1457545293475	<INFO 7fbcb49dc740> 2016-03-09 18:41:33 CheckM
1457545293478	<INFO 7fbcb49dc740> 2016-03-09 18:41:33 CheckN
1457545295465	<INFO 7fbcb49dc740> 2016-03-09 18:41:35 CheckO
1457545295468	<INFO 7fbcb49dc740> 2016-03-09 18:41:35 CheckP
1457545295471	<INFO 7fbcb49dc740> 2016-03-09 18:41:35 CheckQ
1457545295473	<INFO 7fbcb49dc740> 2016-03-09 18:41:35 CheckI
1457545298252	<INFO 7fbcb49dc740> 2016-03-09 18:41:38 CheckJ
1457545298256	<INFO 7fbcb49dc740> 2016-03-09 18:41:38 CheckK
1457545298258	<INFO 7fbcb49dc740> 2016-03-09 18:41:38 CheckL
1457545298261	<INFO 7fbcb49dc740> 2016-03-09 18:41:38 CheckM
1457545298263	<INFO 7fbcb49dc740> 2016-03-09 18:41:38 CheckN
1457545299195	<INFO 7fbcb49dc740> 2016-03-09 18:41:39 CheckO
1457545299197	<INFO 7fbcb49dc740> 2016-03-09 18:41:39 CheckP
1457545299200	<INFO 7fbcb49dc740> 2016-03-09 18:41:39 CheckQ
1457545299202	<INFO 7fbcb49dc740> 2016-03-09 18:41:39 CheckI
1457545301678	<INFO 7fbcb49dc740> 2016-03-09 18:41:41 CheckJ
1457545301681	<INFO 7fbcb49dc740> 2016-03-09 18:41:41 CheckK
1457545301684	<INFO 7fbcb49dc740> 2016-03-09 18:41:41 CheckL
1457545301686	<INFO 7fbcb49dc740> 2016-03-09 18:41:41 CheckM
1457545301689	<INFO 7fbcb49dc740> 2016-03-09 18:41:41 CheckN
1457545302690	<INFO 7fbcb49dc740> 2016-03-09 18:41:42 CheckO
1457545302692	<INFO 7fbcb49dc740> 2016-03-09 18:41:42 CheckP
1457545302695	<INFO 7fbcb49dc740> 2016-03-09 18:41:42 CheckQ
1457545302697	<INFO 7fbcb49dc740> 2016-03-09 18:41:42 CheckI
1457545304333	<INFO 7fbcb49dc740> 2016-03-09 18:41:44 CheckJ
1457545304335	<INFO 7fbcb49dc740> 2016-03-09 18:41:44 CheckK
1457545304337	<INFO 7fbcb49dc740> 2016-03-09 18:41:44 CheckL
1457545304340	<INFO 7fbcb49dc740> 2016-03-09 18:41:44 CheckM
1457545304343	<INFO 7fbcb49dc740> 2016-03-09 18:41:44 CheckN
1457545305417	<INFO 7fbcb49dc740> 2016-03-09 18:41:45 CheckO
1457545305420	<INFO 7fbcb49dc740> 2016-03-09 18:41:45 CheckP
1457545305422	<INFO 7fbcb49dc740> 2016-03-09 18:41:45 CheckQ
1457545305425	<INFO 7fbcb49dc740> 2016-03-09 18:41:45 CheckI
1457545307483	<INFO 7fbcb49dc740> 2016-03-09 18:41:47 CheckJ
1457545307486	<INFO 7fbcb49dc740> 2016-03-09 18:41:47 CheckK
1457545307489	<INFO 7fbcb49dc740> 2016-03-09 18:41:47 CheckL
1457545307492	<INFO 7fbcb49dc740> 2016-03-09 18:41:47 CheckM
1457545307495	<INFO 7fbcb49dc740> 2016-03-09 18:41:47 CheckN
1457545308946	<INFO 7fbcb49dc740> 2016-03-09 18:41:48 CheckO
1457545308948	<INFO 7fbcb49dc740> 2016-03-09 18:41:48 CheckP
1457545308951	<INFO 7fbcb49dc740> 2016-03-09 18:41:48 CheckQ
1457545308953	<INFO 7fbcb49dc740> 2016-03-09 18:41:48 CheckI
1457545310351	<INFO 7fbcb49dc740> 2016-03-09 18:41:50 CheckJ
1457545310354	<INFO 7fbcb49dc740> 2016-03-09 18:41:50 CheckK
1457545310357	<INFO 7fbcb49dc740> 2016-03-09 18:41:50 CheckL
1457545310360	<INFO 7fbcb49dc740> 2016-03-09 18:41:50 CheckM
1457545310363	<INFO 7fbcb49dc740> 2016-03-09 18:41:50 CheckN
1457545312118	<INFO 7fbcb49dc740> 2016-03-09 18:41:52 CheckO
1457545312121	<INFO 7fbcb49dc740> 2016-03-09 18:41:52 CheckP
1457545312124	<INFO 7fbcb49dc740> 2016-03-09 18:41:52 CheckQ
1457545312126	<INFO 7fbcb49dc740> 2016-03-09 18:41:52 CheckI
1457545314532	<INFO 7fbcb49dc740> 2016-03-09 18:41:54 CheckJ
1457545314534	<INFO 7fbcb49dc740> 2016-03-09 18:41:54 CheckK
1457545314537	<INFO 7fbcb49dc740> 2016-03-09 18:41:54 CheckL
1457545314540	<INFO 7fbcb49dc740> 2016-03-09 18:41:54 CheckM
1457545314543	<INFO 7fbcb49dc740> 2016-03-09 18:41:54 CheckN
1457545315770	<INFO 7fbcb49dc740> 2016-03-09 18:41:55 CheckO
1457545315772	<INFO 7fbcb49dc740> 2016-03-09 18:41:55 CheckP
1457545315775	<INFO 7fbcb49dc740> 2016-03-09 18:41:55 CheckQ
1457545315777	<INFO 7fbcb49dc740> 2016-03-09 18:41:55 CheckI
1457545319015	<INFO 7fbcb49dc740> 2016-03-09 18:41:59 CheckJ
1457545319018	<INFO 7fbcb49dc740> 2016-03-09 18:41:59 CheckK
1457545319020	<INFO 7fbcb49dc740> 2016-03-09 18:41:59 CheckL
1457545319023	<INFO 7fbcb49dc740> 2016-03-09 18:41:59 CheckM
1457545319026	<INFO 7fbcb49dc740> 2016-03-09 18:41:59 CheckN
1457545321068	<INFO 7fbcb49dc740> 2016-03-09 18:42:01 CheckO
1457545321071	<INFO 7fbcb49dc740> 2016-03-09 18:42:01 CheckP
1457545321073	<INFO 7fbcb49dc740> 2016-03-09 18:42:01 CheckQ
1457545321076	<INFO 7fbcb49dc740> 2016-03-09 18:42:01 CheckI
1457545323362	<INFO 7fbcb49dc740> 2016-03-09 18:42:03 CheckJ
1457545323365	<INFO 7fbcb49dc740> 2016-03-09 18:42:03 CheckK
1457545323367	<INFO 7fbcb49dc740> 2016-03-09 18:42:03 CheckL
1457545323369	<INFO 7fbcb49dc740> 2016-03-09 18:42:03 CheckM
1457545323371	<INFO 7fbcb49dc740> 2016-03-09 18:42:03 CheckN
1457545324181	<INFO 7fbcb49dc740> 2016-03-09 18:42:04 CheckO
1457545324185	<INFO 7fbcb49dc740> 2016-03-09 18:42:04 CheckP
1457545324187	<INFO 7fbcb49dc740> 2016-03-09 18:42:04 CheckQ
1457545324190	<INFO 7fbcb49dc740> 2016-03-09 18:42:04 CheckI
1457545324266	<INFO 7fbcb49dc740> 2016-03-09 18:42:04 Check8
1457545324901	<INFO 7fbcb49dc740> 2016-03-09 18:42:04 Check9
1457545324904	<INFO 7fbcb49dc740> 2016-03-09 18:42:04 Completed init
1457545327526	<INFO 7fbcb49dc740> 2016-03-09 18:42:07 Started gather
1457545329764	<INFO 7fbcb49dc740> 2016-03-09 18:42:09 CheckA
1457545329767	<INFO 7fbcb49dc740> 2016-03-09 18:42:09 CheckB
1457545329770	<INFO 7fbcb49dc740> 2016-03-09 18:42:09 CheckC
1457545329772	<INFO 7fbcb49dc740> 2016-03-09 18:42:09 CheckD
1457545329774	<INFO 7fbcb49dc740> 2016-03-09 18:42:09 CheckE
1457545329777	<INFO 7fbcb49dc740> 2016-03-09 18:42:09 CheckF
1457545329779	<INFO 7fbcb49dc740> 2016-03-09 18:42:09 CheckG
1457545329781	<INFO 7fbcb49dc740> 2016-03-09 18:42:09 CheckH
1457545329784	<INFO 7fbcb49dc740> 2016-03-09 18:42:09 CheckI
1457545332666	<INFO 7fbcb49dc740> 2016-03-09 18:42:12 Completed gather
1457545332869	<INFO 7fbcb49dc740> 2016-03-09 18:42:12 Started scatter
1457545335347	<INFO 7fbcb49dc740> 2016-03-09 18:42:15 CheckA
1457545335351	<INFO 7fbcb49dc740> 2016-03-09 18:42:15 CheckB
1457545335353	<INFO 7fbcb49dc740> 2016-03-09 18:42:15 CheckC
1457545335355	<INFO 7fbcb49dc740> 2016-03-09 18:42:15 CheckD
1457545335358	<INFO 7fbcb49dc740> 2016-03-09 18:42:15 CheckE
1457545335360	<INFO 7fbcb49dc740> 2016-03-09 18:42:15 CheckF
1457545335363	<INFO 7fbcb49dc740> 2016-03-09 18:42:15 CheckG
1457545335365	<INFO 7fbcb49dc740> 2016-03-09 18:42:15 CheckH
1457545335367	<INFO 7fbcb49dc740> 2016-03-09 18:42:15 CheckI
1457545336734	<INFO 7fbcb49dc740> 2016-03-09 18:42:16 CheckJ
1457545336737	<INFO 7fbcb49dc740> 2016-03-09 18:42:16 CheckK
1457545336739	<INFO 7fbcb49dc740> 2016-03-09 18:42:16 CheckL
1457545336742	<INFO 7fbcb49dc740> 2016-03-09 18:42:16 CheckM
1457545336744	<INFO 7fbcb49dc740> 2016-03-09 18:42:16 CheckN
1457545336912	<INFO 7fbcb49dc740> 2016-03-09 18:42:16 CheckO
1457545336915	<INFO 7fbcb49dc740> 2016-03-09 18:42:16 CheckP
1457545336917	<INFO 7fbcb49dc740> 2016-03-09 18:42:16 CheckQ
1457545336920	<INFO 7fbcb49dc740> 2016-03-09 18:42:16 CheckI
1457545338147	<INFO 7fbcb49dc740> 2016-03-09 18:42:18 CheckJ
1457545338150	<INFO 7fbcb49dc740> 2016-03-09 18:42:18 CheckK
1457545338153	<INFO 7fbcb49dc740> 2016-03-09 18:42:18 CheckL
1457545338156	<INFO 7fbcb49dc740> 2016-03-09 18:42:18 CheckM
1457545338158	<INFO 7fbcb49dc740> 2016-03-09 18:42:18 CheckN
1457545338317	<INFO 7fbcb49dc740> 2016-03-09 18:42:18 CheckO
1457545338320	<INFO 7fbcb49dc740> 2016-03-09 18:42:18 CheckP
1457545338322	<INFO 7fbcb49dc740> 2016-03-09 18:42:18 CheckQ
1457545338324	<INFO 7fbcb49dc740> 2016-03-09 18:42:18 CheckI
1457545341235	<INFO 7fbcb49dc740> 2016-03-09 18:42:21 CheckJ
1457545341238	<INFO 7fbcb49dc740> 2016-03-09 18:42:21 CheckK
1457545341240	<INFO 7fbcb49dc740> 2016-03-09 18:42:21 CheckL
1457545341243	<INFO 7fbcb49dc740> 2016-03-09 18:42:21 CheckM
1457545341245	<INFO 7fbcb49dc740> 2016-03-09 18:42:21 CheckN
1457545341401	<INFO 7fbcb49dc740> 2016-03-09 18:42:21 CheckO
1457545341403	<INFO 7fbcb49dc740> 2016-03-09 18:42:21 CheckP
1457545341405	<INFO 7fbcb49dc740> 2016-03-09 18:42:21 CheckQ
1457545341408	<INFO 7fbcb49dc740> 2016-03-09 18:42:21 CheckI
1457545342868	<INFO 7fbcb49dc740> 2016-03-09 18:42:22 CheckJ
1457545342870	<INFO 7fbcb49dc740> 2016-03-09 18:42:22 CheckK
1457545342873	<INFO 7fbcb49dc740> 2016-03-09 18:42:22 CheckL
1457545342876	<INFO 7fbcb49dc740> 2016-03-09 18:42:22 CheckM
1457545342879	<INFO 7fbcb49dc740> 2016-03-09 18:42:22 CheckN
1457545343036	<INFO 7fbcb49dc740> 2016-03-09 18:42:23 CheckO
1457545343039	<INFO 7fbcb49dc740> 2016-03-09 18:42:23 CheckP
1457545343042	<INFO 7fbcb49dc740> 2016-03-09 18:42:23 CheckQ
1457545343046	<INFO 7fbcb49dc740> 2016-03-09 18:42:23 CheckI
1457545344622	<INFO 7fbcb49dc740> 2016-03-09 18:42:24 CheckJ
1457545344625	<INFO 7fbcb49dc740> 2016-03-09 18:42:24 CheckK
1457545344628	<INFO 7fbcb49dc740> 2016-03-09 18:42:24 CheckL
1457545344630	<INFO 7fbcb49dc740> 2016-03-09 18:42:24 CheckM
1457545344632	<INFO 7fbcb49dc740> 2016-03-09 18:42:24 CheckN
1457545344797	<INFO 7fbcb49dc740> 2016-03-09 18:42:24 CheckO
1457545344800	<INFO 7fbcb49dc740> 2016-03-09 18:42:24 CheckP
1457545344803	<INFO 7fbcb49dc740> 2016-03-09 18:42:24 CheckQ
1457545344806	<INFO 7fbcb49dc740> 2016-03-09 18:42:24 CheckI
1457545346968	<INFO 7fbcb49dc740> 2016-03-09 18:42:26 CheckJ
1457545346970	<INFO 7fbcb49dc740> 2016-03-09 18:42:26 CheckK
1457545346975	<INFO 7fbcb49dc740> 2016-03-09 18:42:26 CheckL
1457545346978	<INFO 7fbcb49dc740> 2016-03-09 18:42:26 CheckM
1457545346980	<INFO 7fbcb49dc740> 2016-03-09 18:42:26 CheckN
1457545347035	<INFO 7fbcb49dc740> 2016-03-09 18:42:27 CheckO
1457545347037	<INFO 7fbcb49dc740> 2016-03-09 18:42:27 CheckP
1457545347040	<INFO 7fbcb49dc740> 2016-03-09 18:42:27 CheckQ
1457545347042	<INFO 7fbcb49dc740> 2016-03-09 18:42:27 CheckI
1457545347195	<INFO 7fbcb49dc740> 2016-03-09 18:42:27 Completed scatter
1457545444740	<INFO 7fbcb49dc740> 2016-03-09 18:44:04 Completed phase 1 Bytes read 26626130604 Bytes written 13741228716
1457545449868	<INFO 7fbcb49dc740> 2016-03-09 18:44:09 Started gather
1457545451994	<INFO 7fbcb49dc740> 2016-03-09 18:44:11 CheckA
1457545451996	<INFO 7fbcb49dc740> 2016-03-09 18:44:11 CheckB
1457545451999	<INFO 7fbcb49dc740> 2016-03-09 18:44:11 CheckC
1457545452001	<INFO 7fbcb49dc740> 2016-03-09 18:44:11 CheckD
1457545452003	<INFO 7fbcb49dc740> 2016-03-09 18:44:11 CheckE
1457545452006	<INFO 7fbcb49dc740> 2016-03-09 18:44:11 CheckF
1457545452008	<INFO 7fbcb49dc740> 2016-03-09 18:44:11 CheckG
1457545452011	<INFO 7fbcb49dc740> 2016-03-09 18:44:11 CheckH
1457545452013	<INFO 7fbcb49dc740> 2016-03-09 18:44:11 CheckI
1457545455076	<INFO 7fbcb49dc740> 2016-03-09 18:44:15 Completed gather
1457545455167	<INFO 7fbcb49dc740> 2016-03-09 18:44:15 Started gather
1457545457469	<INFO 7fbcb49dc740> 2016-03-09 18:44:17 CheckA
1457545457471	<INFO 7fbcb49dc740> 2016-03-09 18:44:17 CheckB
1457545457473	<INFO 7fbcb49dc740> 2016-03-09 18:44:17 CheckC
1457545457476	<INFO 7fbcb49dc740> 2016-03-09 18:44:17 CheckD
1457545457478	<INFO 7fbcb49dc740> 2016-03-09 18:44:17 CheckE
1457545457480	<INFO 7fbcb49dc740> 2016-03-09 18:44:17 CheckF
1457545457483	<INFO 7fbcb49dc740> 2016-03-09 18:44:17 CheckG
1457545457485	<INFO 7fbcb49dc740> 2016-03-09 18:44:17 CheckH
1457545457488	<INFO 7fbcb49dc740> 2016-03-09 18:44:17 CheckI
1457545458662	<INFO 7fbcb49dc740> 2016-03-09 18:44:18 CheckJ
1457545458665	<INFO 7fbcb49dc740> 2016-03-09 18:44:18 CheckK
1457545458670	<INFO 7fbcb49dc740> 2016-03-09 18:44:18 CheckL
1457545458673	<INFO 7fbcb49dc740> 2016-03-09 18:44:18 CheckM
1457545458676	<INFO 7fbcb49dc740> 2016-03-09 18:44:18 CheckN
1457545458937	<INFO 7fbcb49dc740> 2016-03-09 18:44:18 CheckO
1457545458940	<INFO 7fbcb49dc740> 2016-03-09 18:44:18 CheckP
1457545458942	<INFO 7fbcb49dc740> 2016-03-09 18:44:18 CheckQ
1457545458946	<INFO 7fbcb49dc740> 2016-03-09 18:44:18 CheckI
1457545459909	<INFO 7fbcb49dc740> 2016-03-09 18:44:19 CheckJ
1457545459912	<INFO 7fbcb49dc740> 2016-03-09 18:44:19 CheckK
1457545459915	<INFO 7fbcb49dc740> 2016-03-09 18:44:19 CheckL
1457545459918	<INFO 7fbcb49dc740> 2016-03-09 18:44:19 CheckM
1457545459920	<INFO 7fbcb49dc740> 2016-03-09 18:44:19 CheckN
1457545461198	<INFO 7fbcb49dc740> 2016-03-09 18:44:21 CheckO
1457545461200	<INFO 7fbcb49dc740> 2016-03-09 18:44:21 CheckP
1457545461203	<INFO 7fbcb49dc740> 2016-03-09 18:44:21 CheckQ
1457545461205	<INFO 7fbcb49dc740> 2016-03-09 18:44:21 CheckI
1457545462873	<INFO 7fbcb49dc740> 2016-03-09 18:44:22 CheckJ
1457545462877	<INFO 7fbcb49dc740> 2016-03-09 18:44:22 CheckK
1457545462880	<INFO 7fbcb49dc740> 2016-03-09 18:44:22 CheckL
1457545462883	<INFO 7fbcb49dc740> 2016-03-09 18:44:22 CheckM
1457545462885	<INFO 7fbcb49dc740> 2016-03-09 18:44:22 CheckN
1457545463630	<INFO 7fbcb49dc740> 2016-03-09 18:44:23 CheckO
1457545463633	<INFO 7fbcb49dc740> 2016-03-09 18:44:23 CheckP
1457545463636	<INFO 7fbcb49dc740> 2016-03-09 18:44:23 CheckQ
1457545463638	<INFO 7fbcb49dc740> 2016-03-09 18:44:23 CheckI
1457545465313	<INFO 7fbcb49dc740> 2016-03-09 18:44:25 CheckJ
1457545465316	<INFO 7fbcb49dc740> 2016-03-09 18:44:25 CheckK
1457545465320	<INFO 7fbcb49dc740> 2016-03-09 18:44:25 CheckL
1457545465323	<INFO 7fbcb49dc740> 2016-03-09 18:44:25 CheckM
1457545465326	<INFO 7fbcb49dc740> 2016-03-09 18:44:25 CheckN
1457545466531	<INFO 7fbcb49dc740> 2016-03-09 18:44:26 CheckO
1457545466534	<INFO 7fbcb49dc740> 2016-03-09 18:44:26 CheckP
1457545466537	<INFO 7fbcb49dc740> 2016-03-09 18:44:26 CheckQ
1457545466539	<INFO 7fbcb49dc740> 2016-03-09 18:44:26 CheckI
1457545468758	<INFO 7fbcb49dc740> 2016-03-09 18:44:28 CheckJ
1457545468762	<INFO 7fbcb49dc740> 2016-03-09 18:44:28 CheckK
1457545468765	<INFO 7fbcb49dc740> 2016-03-09 18:44:28 CheckL
1457545468768	<INFO 7fbcb49dc740> 2016-03-09 18:44:28 CheckM
1457545468770	<INFO 7fbcb49dc740> 2016-03-09 18:44:28 CheckN
1457545469441	<INFO 7fbcb49dc740> 2016-03-09 18:44:29 CheckO
1457545469443	<INFO 7fbcb49dc740> 2016-03-09 18:44:29 CheckP
1457545469446	<INFO 7fbcb49dc740> 2016-03-09 18:44:29 CheckQ
1457545469449	<INFO 7fbcb49dc740> 2016-03-09 18:44:29 CheckI
1457545471255	<INFO 7fbcb49dc740> 2016-03-09 18:44:31 CheckJ
1457545471259	<INFO 7fbcb49dc740> 2016-03-09 18:44:31 CheckK
1457545471263	<INFO 7fbcb49dc740> 2016-03-09 18:44:31 CheckL
1457545471266	<INFO 7fbcb49dc740> 2016-03-09 18:44:31 CheckM
1457545471268	<INFO 7fbcb49dc740> 2016-03-09 18:44:31 CheckN
1457545473021	<INFO 7fbcb49dc740> 2016-03-09 18:44:33 CheckO
1457545473024	<INFO 7fbcb49dc740> 2016-03-09 18:44:33 CheckP
1457545473027	<INFO 7fbcb49dc740> 2016-03-09 18:44:33 CheckQ
1457545473029	<INFO 7fbcb49dc740> 2016-03-09 18:44:33 CheckI
1457545503786	<INFO 7fbcb49dc740> 2016-03-09 18:45:03 Completed gather
1457545724515	<INFO 7fbcb49dc740> 2016-03-09 18:48:44 Completed phase 2 Bytes read 41172665688 Bytes written 24872612940
1457545738092	<INFO 7fbcb49dc740> 2016-03-09 18:48:58 Started gather
1457545740683	<INFO 7fbcb49dc740> 2016-03-09 18:49:00 CheckA
1457545740686	<INFO 7fbcb49dc740> 2016-03-09 18:49:00 CheckB
1457545740688	<INFO 7fbcb49dc740> 2016-03-09 18:49:00 CheckC
1457545740691	<INFO 7fbcb49dc740> 2016-03-09 18:49:00 CheckD
1457545740693	<INFO 7fbcb49dc740> 2016-03-09 18:49:00 CheckE
1457545740696	<INFO 7fbcb49dc740> 2016-03-09 18:49:00 CheckF
1457545740698	<INFO 7fbcb49dc740> 2016-03-09 18:49:00 CheckG
1457545740701	<INFO 7fbcb49dc740> 2016-03-09 18:49:00 CheckH
1457545740705	<INFO 7fbcb49dc740> 2016-03-09 18:49:00 CheckI
1457545741986	<INFO 7fbcb49dc740> 2016-03-09 18:49:01 CheckJ
1457545741988	<INFO 7fbcb49dc740> 2016-03-09 18:49:01 CheckK
1457545741992	<INFO 7fbcb49dc740> 2016-03-09 18:49:01 CheckL
1457545741995	<INFO 7fbcb49dc740> 2016-03-09 18:49:01 CheckM
1457545741997	<INFO 7fbcb49dc740> 2016-03-09 18:49:01 CheckN
1457545742178	<INFO 7fbcb49dc740> 2016-03-09 18:49:02 CheckO
1457545742181	<INFO 7fbcb49dc740> 2016-03-09 18:49:02 CheckP
1457545742186	<INFO 7fbcb49dc740> 2016-03-09 18:49:02 CheckQ
1457545742189	<INFO 7fbcb49dc740> 2016-03-09 18:49:02 CheckI
1457545744734	<INFO 7fbcb49dc740> 2016-03-09 18:49:04 CheckJ
1457545744736	<INFO 7fbcb49dc740> 2016-03-09 18:49:04 CheckK
1457545744739	<INFO 7fbcb49dc740> 2016-03-09 18:49:04 CheckL
1457545744742	<INFO 7fbcb49dc740> 2016-03-09 18:49:04 CheckM
1457545744745	<INFO 7fbcb49dc740> 2016-03-09 18:49:04 CheckN
1457545744937	<INFO 7fbcb49dc740> 2016-03-09 18:49:04 CheckO
1457545744940	<INFO 7fbcb49dc740> 2016-03-09 18:49:04 CheckP
1457545744942	<INFO 7fbcb49dc740> 2016-03-09 18:49:04 CheckQ
1457545744944	<INFO 7fbcb49dc740> 2016-03-09 18:49:04 CheckI
1457545746726	<INFO 7fbcb49dc740> 2016-03-09 18:49:06 CheckJ
1457545746730	<INFO 7fbcb49dc740> 2016-03-09 18:49:06 CheckK
1457545746733	<INFO 7fbcb49dc740> 2016-03-09 18:49:06 CheckL
1457545746735	<INFO 7fbcb49dc740> 2016-03-09 18:49:06 CheckM
1457545746738	<INFO 7fbcb49dc740> 2016-03-09 18:49:06 CheckN
1457545746946	<INFO 7fbcb49dc740> 2016-03-09 18:49:06 CheckO
1457545746949	<INFO 7fbcb49dc740> 2016-03-09 18:49:06 CheckP
1457545746953	<INFO 7fbcb49dc740> 2016-03-09 18:49:06 CheckQ
1457545746956	<INFO 7fbcb49dc740> 2016-03-09 18:49:06 CheckI
1457545748930	<INFO 7fbcb49dc740> 2016-03-09 18:49:08 CheckJ
1457545748933	<INFO 7fbcb49dc740> 2016-03-09 18:49:08 CheckK
1457545748935	<INFO 7fbcb49dc740> 2016-03-09 18:49:08 CheckL
1457545748938	<INFO 7fbcb49dc740> 2016-03-09 18:49:08 CheckM
1457545748941	<INFO 7fbcb49dc740> 2016-03-09 18:49:08 CheckN
1457545749058	<INFO 7fbcb49dc740> 2016-03-09 18:49:09 CheckO
1457545749060	<INFO 7fbcb49dc740> 2016-03-09 18:49:09 CheckP
1457545749063	<INFO 7fbcb49dc740> 2016-03-09 18:49:09 CheckQ
1457545749065	<INFO 7fbcb49dc740> 2016-03-09 18:49:09 CheckI
1457545771412	<INFO 7fbcb49dc740> 2016-03-09 18:49:31 Completed gather
1457545840729	<INFO 7fbcb49dc740> 2016-03-09 18:50:40 Started scatter
1457545852463	<INFO 7fbcb49dc740> 2016-03-09 18:50:52 CheckA
1457545852465	<INFO 7fbcb49dc740> 2016-03-09 18:50:52 CheckB
1457545852468	<INFO 7fbcb49dc740> 2016-03-09 18:50:52 CheckC
1457545852471	<INFO 7fbcb49dc740> 2016-03-09 18:50:52 CheckD
1457545852473	<INFO 7fbcb49dc740> 2016-03-09 18:50:52 CheckE
1457545852476	<INFO 7fbcb49dc740> 2016-03-09 18:50:52 CheckF
1457545852478	<INFO 7fbcb49dc740> 2016-03-09 18:50:52 CheckG
1457545852480	<INFO 7fbcb49dc740> 2016-03-09 18:50:52 CheckH
1457545852482	<INFO 7fbcb49dc740> 2016-03-09 18:50:52 CheckI
1457545854081	<INFO 7fbcb49dc740> 2016-03-09 18:50:54 CheckJ
1457545854084	<INFO 7fbcb49dc740> 2016-03-09 18:50:54 CheckK
1457545854087	<INFO 7fbcb49dc740> 2016-03-09 18:50:54 CheckL
1457545854090	<INFO 7fbcb49dc740> 2016-03-09 18:50:54 CheckM
1457545854093	<INFO 7fbcb49dc740> 2016-03-09 18:50:54 CheckN
1457545854376	<INFO 7fbcb49dc740> 2016-03-09 18:50:54 CheckO
1457545854379	<INFO 7fbcb49dc740> 2016-03-09 18:50:54 CheckP
1457545854381	<INFO 7fbcb49dc740> 2016-03-09 18:50:54 CheckQ
1457545854385	<INFO 7fbcb49dc740> 2016-03-09 18:50:54 CheckI
1457545856063	<INFO 7fbcb49dc740> 2016-03-09 18:50:56 CheckJ
1457545856067	<INFO 7fbcb49dc740> 2016-03-09 18:50:56 CheckK
1457545856071	<INFO 7fbcb49dc740> 2016-03-09 18:50:56 CheckL
1457545856074	<INFO 7fbcb49dc740> 2016-03-09 18:50:56 CheckM
1457545856077	<INFO 7fbcb49dc740> 2016-03-09 18:50:56 CheckN
1457545857198	<INFO 7fbcb49dc740> 2016-03-09 18:50:57 CheckO
1457545857200	<INFO 7fbcb49dc740> 2016-03-09 18:50:57 CheckP
1457545857202	<INFO 7fbcb49dc740> 2016-03-09 18:50:57 CheckQ
1457545857206	<INFO 7fbcb49dc740> 2016-03-09 18:50:57 CheckI
1457545859118	<INFO 7fbcb49dc740> 2016-03-09 18:50:59 CheckJ
1457545859121	<INFO 7fbcb49dc740> 2016-03-09 18:50:59 CheckK
1457545859124	<INFO 7fbcb49dc740> 2016-03-09 18:50:59 CheckL
1457545859127	<INFO 7fbcb49dc740> 2016-03-09 18:50:59 CheckM
1457545859130	<INFO 7fbcb49dc740> 2016-03-09 18:50:59 CheckN
1457545859953	<INFO 7fbcb49dc740> 2016-03-09 18:50:59 CheckO
1457545859955	<INFO 7fbcb49dc740> 2016-03-09 18:50:59 CheckP
1457545859957	<INFO 7fbcb49dc740> 2016-03-09 18:50:59 CheckQ
1457545859960	<INFO 7fbcb49dc740> 2016-03-09 18:50:59 CheckI
1457545861315	<INFO 7fbcb49dc740> 2016-03-09 18:51:01 CheckJ
1457545861317	<INFO 7fbcb49dc740> 2016-03-09 18:51:01 CheckK
1457545861320	<INFO 7fbcb49dc740> 2016-03-09 18:51:01 CheckL
1457545861323	<INFO 7fbcb49dc740> 2016-03-09 18:51:01 CheckM
1457545861327	<INFO 7fbcb49dc740> 2016-03-09 18:51:01 CheckN
1457545862616	<INFO 7fbcb49dc740> 2016-03-09 18:51:02 CheckO
1457545862618	<INFO 7fbcb49dc740> 2016-03-09 18:51:02 CheckP
1457545862620	<INFO 7fbcb49dc740> 2016-03-09 18:51:02 CheckQ
1457545862623	<INFO 7fbcb49dc740> 2016-03-09 18:51:02 CheckI
1457545865531	<INFO 7fbcb49dc740> 2016-03-09 18:51:05 CheckJ
1457545865533	<INFO 7fbcb49dc740> 2016-03-09 18:51:05 CheckK
1457545865536	<INFO 7fbcb49dc740> 2016-03-09 18:51:05 CheckL
1457545865539	<INFO 7fbcb49dc740> 2016-03-09 18:51:05 CheckM
1457545865542	<INFO 7fbcb49dc740> 2016-03-09 18:51:05 CheckN
1457545865899	<INFO 7fbcb49dc740> 2016-03-09 18:51:05 CheckO
1457545865902	<INFO 7fbcb49dc740> 2016-03-09 18:51:05 CheckP
1457545865904	<INFO 7fbcb49dc740> 2016-03-09 18:51:05 CheckQ
1457545865908	<INFO 7fbcb49dc740> 2016-03-09 18:51:05 CheckI
1457545869041	<INFO 7fbcb49dc740> 2016-03-09 18:51:09 CheckJ
1457545869044	<INFO 7fbcb49dc740> 2016-03-09 18:51:09 CheckK
1457545869047	<INFO 7fbcb49dc740> 2016-03-09 18:51:09 CheckL
1457545869050	<INFO 7fbcb49dc740> 2016-03-09 18:51:09 CheckM
1457545869053	<INFO 7fbcb49dc740> 2016-03-09 18:51:09 CheckN
1457545870268	<INFO 7fbcb49dc740> 2016-03-09 18:51:10 CheckO
1457545870271	<INFO 7fbcb49dc740> 2016-03-09 18:51:10 CheckP
1457545870274	<INFO 7fbcb49dc740> 2016-03-09 18:51:10 CheckQ
1457545870277	<INFO 7fbcb49dc740> 2016-03-09 18:51:10 CheckI
1457545871538	<INFO 7fbcb49dc740> 2016-03-09 18:51:11 Completed scatter
1457546094722	<INFO 7fbcb49dc740> 2016-03-09 18:54:54 Completed phase 3 Bytes read 64434665892 Bytes written 34991224268
1457546106158	<INFO 7fbcb49dc740> 2016-03-09 18:55:06 Started gather
1457546109384	<INFO 7fbcb49dc740> 2016-03-09 18:55:09 CheckA
1457546109388	<INFO 7fbcb49dc740> 2016-03-09 18:55:09 CheckB
1457546109393	<INFO 7fbcb49dc740> 2016-03-09 18:55:09 CheckC
1457546109397	<INFO 7fbcb49dc740> 2016-03-09 18:55:09 CheckD
1457546109399	<INFO 7fbcb49dc740> 2016-03-09 18:55:09 CheckE
1457546109402	<INFO 7fbcb49dc740> 2016-03-09 18:55:09 CheckF
1457546109405	<INFO 7fbcb49dc740> 2016-03-09 18:55:09 CheckG
1457546109408	<INFO 7fbcb49dc740> 2016-03-09 18:55:09 CheckH
1457546109412	<INFO 7fbcb49dc740> 2016-03-09 18:55:09 CheckI
1457546112186	<INFO 7fbcb49dc740> 2016-03-09 18:55:12 CheckJ
1457546112189	<INFO 7fbcb49dc740> 2016-03-09 18:55:12 CheckK
1457546112191	<INFO 7fbcb49dc740> 2016-03-09 18:55:12 CheckL
1457546112194	<INFO 7fbcb49dc740> 2016-03-09 18:55:12 CheckM
1457546112197	<INFO 7fbcb49dc740> 2016-03-09 18:55:12 CheckN
1457546112390	<INFO 7fbcb49dc740> 2016-03-09 18:55:12 CheckO
1457546112394	<INFO 7fbcb49dc740> 2016-03-09 18:55:12 CheckP
1457546112398	<INFO 7fbcb49dc740> 2016-03-09 18:55:12 CheckQ
1457546112400	<INFO 7fbcb49dc740> 2016-03-09 18:55:12 CheckI
1457546113815	<INFO 7fbcb49dc740> 2016-03-09 18:55:13 CheckJ
1457546113818	<INFO 7fbcb49dc740> 2016-03-09 18:55:13 CheckK
1457546113821	<INFO 7fbcb49dc740> 2016-03-09 18:55:13 CheckL
1457546113824	<INFO 7fbcb49dc740> 2016-03-09 18:55:13 CheckM
1457546113827	<INFO 7fbcb49dc740> 2016-03-09 18:55:13 CheckN
1457546114038	<INFO 7fbcb49dc740> 2016-03-09 18:55:14 CheckO
1457546114041	<INFO 7fbcb49dc740> 2016-03-09 18:55:14 CheckP
1457546114043	<INFO 7fbcb49dc740> 2016-03-09 18:55:14 CheckQ
1457546114046	<INFO 7fbcb49dc740> 2016-03-09 18:55:14 CheckI
1457546115689	<INFO 7fbcb49dc740> 2016-03-09 18:55:15 CheckJ
1457546115692	<INFO 7fbcb49dc740> 2016-03-09 18:55:15 CheckK
1457546115695	<INFO 7fbcb49dc740> 2016-03-09 18:55:15 CheckL
1457546115698	<INFO 7fbcb49dc740> 2016-03-09 18:55:15 CheckM
1457546115701	<INFO 7fbcb49dc740> 2016-03-09 18:55:15 CheckN
1457546115894	<INFO 7fbcb49dc740> 2016-03-09 18:55:15 CheckO
1457546115899	<INFO 7fbcb49dc740> 2016-03-09 18:55:15 CheckP
1457546115901	<INFO 7fbcb49dc740> 2016-03-09 18:55:15 CheckQ
1457546115903	<INFO 7fbcb49dc740> 2016-03-09 18:55:15 CheckI
1457546118461	<INFO 7fbcb49dc740> 2016-03-09 18:55:18 CheckJ
1457546118464	<INFO 7fbcb49dc740> 2016-03-09 18:55:18 CheckK
1457546118467	<INFO 7fbcb49dc740> 2016-03-09 18:55:18 CheckL
1457546118470	<INFO 7fbcb49dc740> 2016-03-09 18:55:18 CheckM
1457546118473	<INFO 7fbcb49dc740> 2016-03-09 18:55:18 CheckN
1457546118584	<INFO 7fbcb49dc740> 2016-03-09 18:55:18 CheckO
1457546118587	<INFO 7fbcb49dc740> 2016-03-09 18:55:18 CheckP
1457546118590	<INFO 7fbcb49dc740> 2016-03-09 18:55:18 CheckQ
1457546118593	<INFO 7fbcb49dc740> 2016-03-09 18:55:18 CheckI
1457546139838	<INFO 7fbcb49dc740> 2016-03-09 18:55:39 Completed gather
1457546204025	<INFO 7fbcb49dc740> 2016-03-09 18:56:44 Started scatter
1457546218211	<INFO 7fbcb49dc740> 2016-03-09 18:56:58 CheckA
1457546218214	<INFO 7fbcb49dc740> 2016-03-09 18:56:58 CheckB
1457546218216	<INFO 7fbcb49dc740> 2016-03-09 18:56:58 CheckC
1457546218218	<INFO 7fbcb49dc740> 2016-03-09 18:56:58 CheckD
1457546218221	<INFO 7fbcb49dc740> 2016-03-09 18:56:58 CheckE
1457546218224	<INFO 7fbcb49dc740> 2016-03-09 18:56:58 CheckF
1457546218226	<INFO 7fbcb49dc740> 2016-03-09 18:56:58 CheckG
1457546218229	<INFO 7fbcb49dc740> 2016-03-09 18:56:58 CheckH
1457546218232	<INFO 7fbcb49dc740> 2016-03-09 18:56:58 CheckI
1457546219694	<INFO 7fbcb49dc740> 2016-03-09 18:56:59 CheckJ
1457546219697	<INFO 7fbcb49dc740> 2016-03-09 18:56:59 CheckK
1457546219700	<INFO 7fbcb49dc740> 2016-03-09 18:56:59 CheckL
1457546219702	<INFO 7fbcb49dc740> 2016-03-09 18:56:59 CheckM
1457546219705	<INFO 7fbcb49dc740> 2016-03-09 18:56:59 CheckN
1457546219978	<INFO 7fbcb49dc740> 2016-03-09 18:56:59 CheckO
1457546219981	<INFO 7fbcb49dc740> 2016-03-09 18:56:59 CheckP
1457546219983	<INFO 7fbcb49dc740> 2016-03-09 18:56:59 CheckQ
1457546219986	<INFO 7fbcb49dc740> 2016-03-09 18:56:59 CheckI
1457546222267	<INFO 7fbcb49dc740> 2016-03-09 18:57:02 CheckJ
1457546222270	<INFO 7fbcb49dc740> 2016-03-09 18:57:02 CheckK
1457546222273	<INFO 7fbcb49dc740> 2016-03-09 18:57:02 CheckL
1457546222277	<INFO 7fbcb49dc740> 2016-03-09 18:57:02 CheckM
1457546222280	<INFO 7fbcb49dc740> 2016-03-09 18:57:02 CheckN
1457546224571	<INFO 7fbcb49dc740> 2016-03-09 18:57:04 CheckO
1457546224574	<INFO 7fbcb49dc740> 2016-03-09 18:57:04 CheckP
1457546224577	<INFO 7fbcb49dc740> 2016-03-09 18:57:04 CheckQ
1457546224579	<INFO 7fbcb49dc740> 2016-03-09 18:57:04 CheckI
1457546226267	<INFO 7fbcb49dc740> 2016-03-09 18:57:06 CheckJ
1457546226270	<INFO 7fbcb49dc740> 2016-03-09 18:57:06 CheckK
1457546226273	<INFO 7fbcb49dc740> 2016-03-09 18:57:06 CheckL
1457546226277	<INFO 7fbcb49dc740> 2016-03-09 18:57:06 CheckM
1457546226279	<INFO 7fbcb49dc740> 2016-03-09 18:57:06 CheckN
1457546228316	<INFO 7fbcb49dc740> 2016-03-09 18:57:08 CheckO
1457546228319	<INFO 7fbcb49dc740> 2016-03-09 18:57:08 CheckP
1457546228322	<INFO 7fbcb49dc740> 2016-03-09 18:57:08 CheckQ
1457546228325	<INFO 7fbcb49dc740> 2016-03-09 18:57:08 CheckI
1457546230114	<INFO 7fbcb49dc740> 2016-03-09 18:57:10 CheckJ
1457546230117	<INFO 7fbcb49dc740> 2016-03-09 18:57:10 CheckK
1457546230120	<INFO 7fbcb49dc740> 2016-03-09 18:57:10 CheckL
1457546230123	<INFO 7fbcb49dc740> 2016-03-09 18:57:10 CheckM
1457546230127	<INFO 7fbcb49dc740> 2016-03-09 18:57:10 CheckN
1457546231386	<INFO 7fbcb49dc740> 2016-03-09 18:57:11 CheckO
1457546231388	<INFO 7fbcb49dc740> 2016-03-09 18:57:11 CheckP
1457546231391	<INFO 7fbcb49dc740> 2016-03-09 18:57:11 CheckQ
1457546231394	<INFO 7fbcb49dc740> 2016-03-09 18:57:11 CheckI
1457546234249	<INFO 7fbcb49dc740> 2016-03-09 18:57:14 CheckJ
1457546234251	<INFO 7fbcb49dc740> 2016-03-09 18:57:14 CheckK
1457546234255	<INFO 7fbcb49dc740> 2016-03-09 18:57:14 CheckL
1457546234257	<INFO 7fbcb49dc740> 2016-03-09 18:57:14 CheckM
1457546234260	<INFO 7fbcb49dc740> 2016-03-09 18:57:14 CheckN
1457546235890	<INFO 7fbcb49dc740> 2016-03-09 18:57:15 CheckO
1457546235894	<INFO 7fbcb49dc740> 2016-03-09 18:57:15 CheckP
1457546235896	<INFO 7fbcb49dc740> 2016-03-09 18:57:15 CheckQ
1457546235900	<INFO 7fbcb49dc740> 2016-03-09 18:57:15 CheckI
1457546238413	<INFO 7fbcb49dc740> 2016-03-09 18:57:18 CheckJ
1457546238417	<INFO 7fbcb49dc740> 2016-03-09 18:57:18 CheckK
1457546238419	<INFO 7fbcb49dc740> 2016-03-09 18:57:18 CheckL
1457546238422	<INFO 7fbcb49dc740> 2016-03-09 18:57:18 CheckM
1457546238425	<INFO 7fbcb49dc740> 2016-03-09 18:57:18 CheckN
1457546239954	<INFO 7fbcb49dc740> 2016-03-09 18:57:19 CheckO
1457546239956	<INFO 7fbcb49dc740> 2016-03-09 18:57:19 CheckP
1457546239959	<INFO 7fbcb49dc740> 2016-03-09 18:57:19 CheckQ
1457546239961	<INFO 7fbcb49dc740> 2016-03-09 18:57:19 CheckI
1457546240669	<INFO 7fbcb49dc740> 2016-03-09 18:57:20 Completed scatter
1457546455862	<INFO 7fbcb49dc740> 2016-03-09 19:00:55 Completed phase 4 Bytes read 87489199568 Bytes written 45537897508
1457546468060	<INFO 7fbcb49dc740> 2016-03-09 19:01:08 Started gather
1457546470300	<INFO 7fbcb49dc740> 2016-03-09 19:01:10 CheckA
1457546470303	<INFO 7fbcb49dc740> 2016-03-09 19:01:10 CheckB
1457546470306	<INFO 7fbcb49dc740> 2016-03-09 19:01:10 CheckC
1457546470309	<INFO 7fbcb49dc740> 2016-03-09 19:01:10 CheckD
1457546470313	<INFO 7fbcb49dc740> 2016-03-09 19:01:10 CheckE
1457546470316	<INFO 7fbcb49dc740> 2016-03-09 19:01:10 CheckF
1457546470319	<INFO 7fbcb49dc740> 2016-03-09 19:01:10 CheckG
1457546470322	<INFO 7fbcb49dc740> 2016-03-09 19:01:10 CheckH
1457546470324	<INFO 7fbcb49dc740> 2016-03-09 19:01:10 CheckI
1457546471769	<INFO 7fbcb49dc740> 2016-03-09 19:01:11 CheckJ
1457546471771	<INFO 7fbcb49dc740> 2016-03-09 19:01:11 CheckK
1457546471774	<INFO 7fbcb49dc740> 2016-03-09 19:01:11 CheckL
1457546471777	<INFO 7fbcb49dc740> 2016-03-09 19:01:11 CheckM
1457546471780	<INFO 7fbcb49dc740> 2016-03-09 19:01:11 CheckN
1457546471981	<INFO 7fbcb49dc740> 2016-03-09 19:01:11 CheckO
1457546471983	<INFO 7fbcb49dc740> 2016-03-09 19:01:11 CheckP
1457546471986	<INFO 7fbcb49dc740> 2016-03-09 19:01:11 CheckQ
1457546471989	<INFO 7fbcb49dc740> 2016-03-09 19:01:11 CheckI
1457546474917	<INFO 7fbcb49dc740> 2016-03-09 19:01:14 CheckJ
1457546474921	<INFO 7fbcb49dc740> 2016-03-09 19:01:14 CheckK
1457546474924	<INFO 7fbcb49dc740> 2016-03-09 19:01:14 CheckL
1457546474927	<INFO 7fbcb49dc740> 2016-03-09 19:01:14 CheckM
1457546474930	<INFO 7fbcb49dc740> 2016-03-09 19:01:14 CheckN
1457546475128	<INFO 7fbcb49dc740> 2016-03-09 19:01:15 CheckO
1457546475130	<INFO 7fbcb49dc740> 2016-03-09 19:01:15 CheckP
1457546475133	<INFO 7fbcb49dc740> 2016-03-09 19:01:15 CheckQ
1457546475136	<INFO 7fbcb49dc740> 2016-03-09 19:01:15 CheckI
1457546476598	<INFO 7fbcb49dc740> 2016-03-09 19:01:16 CheckJ
1457546476601	<INFO 7fbcb49dc740> 2016-03-09 19:01:16 CheckK
1457546476603	<INFO 7fbcb49dc740> 2016-03-09 19:01:16 CheckL
1457546476606	<INFO 7fbcb49dc740> 2016-03-09 19:01:16 CheckM
1457546476609	<INFO 7fbcb49dc740> 2016-03-09 19:01:16 CheckN
1457546476801	<INFO 7fbcb49dc740> 2016-03-09 19:01:16 CheckO
1457546476803	<INFO 7fbcb49dc740> 2016-03-09 19:01:16 CheckP
1457546476807	<INFO 7fbcb49dc740> 2016-03-09 19:01:16 CheckQ
1457546476810	<INFO 7fbcb49dc740> 2016-03-09 19:01:16 CheckI
1457546478772	<INFO 7fbcb49dc740> 2016-03-09 19:01:18 CheckJ
1457546478775	<INFO 7fbcb49dc740> 2016-03-09 19:01:18 CheckK
1457546478777	<INFO 7fbcb49dc740> 2016-03-09 19:01:18 CheckL
1457546478780	<INFO 7fbcb49dc740> 2016-03-09 19:01:18 CheckM
1457546478783	<INFO 7fbcb49dc740> 2016-03-09 19:01:18 CheckN
1457546478892	<INFO 7fbcb49dc740> 2016-03-09 19:01:18 CheckO
1457546478895	<INFO 7fbcb49dc740> 2016-03-09 19:01:18 CheckP
1457546478898	<INFO 7fbcb49dc740> 2016-03-09 19:01:18 CheckQ
1457546478900	<INFO 7fbcb49dc740> 2016-03-09 19:01:18 CheckI
1457546499821	<INFO 7fbcb49dc740> 2016-03-09 19:01:39 Completed gather
1457546563472	<INFO 7fbcb49dc740> 2016-03-09 19:02:43 Started scatter
1457546577830	<INFO 7fbcb49dc740> 2016-03-09 19:02:57 CheckA
1457546577833	<INFO 7fbcb49dc740> 2016-03-09 19:02:57 CheckB
1457546577836	<INFO 7fbcb49dc740> 2016-03-09 19:02:57 CheckC
1457546577839	<INFO 7fbcb49dc740> 2016-03-09 19:02:57 CheckD
1457546577842	<INFO 7fbcb49dc740> 2016-03-09 19:02:57 CheckE
1457546577847	<INFO 7fbcb49dc740> 2016-03-09 19:02:57 CheckF
1457546577849	<INFO 7fbcb49dc740> 2016-03-09 19:02:57 CheckG
1457546577852	<INFO 7fbcb49dc740> 2016-03-09 19:02:57 CheckH
1457546577855	<INFO 7fbcb49dc740> 2016-03-09 19:02:57 CheckI
1457546580996	<INFO 7fbcb49dc740> 2016-03-09 19:03:00 CheckJ
1457546580998	<INFO 7fbcb49dc740> 2016-03-09 19:03:00 CheckK
1457546581001	<INFO 7fbcb49dc740> 2016-03-09 19:03:00 CheckL
1457546581004	<INFO 7fbcb49dc740> 2016-03-09 19:03:00 CheckM
1457546581006	<INFO 7fbcb49dc740> 2016-03-09 19:03:00 CheckN
1457546581304	<INFO 7fbcb49dc740> 2016-03-09 19:03:01 CheckO
1457546581308	<INFO 7fbcb49dc740> 2016-03-09 19:03:01 CheckP
1457546581310	<INFO 7fbcb49dc740> 2016-03-09 19:03:01 CheckQ
1457546581313	<INFO 7fbcb49dc740> 2016-03-09 19:03:01 CheckI
1457546582862	<INFO 7fbcb49dc740> 2016-03-09 19:03:02 CheckJ
1457546582866	<INFO 7fbcb49dc740> 2016-03-09 19:03:02 CheckK
1457546582868	<INFO 7fbcb49dc740> 2016-03-09 19:03:02 CheckL
1457546582871	<INFO 7fbcb49dc740> 2016-03-09 19:03:02 CheckM
1457546582875	<INFO 7fbcb49dc740> 2016-03-09 19:03:02 CheckN
1457546583347	<INFO 7fbcb49dc740> 2016-03-09 19:03:03 CheckO
1457546583350	<INFO 7fbcb49dc740> 2016-03-09 19:03:03 CheckP
1457546583352	<INFO 7fbcb49dc740> 2016-03-09 19:03:03 CheckQ
1457546583355	<INFO 7fbcb49dc740> 2016-03-09 19:03:03 CheckI
1457546584913	<INFO 7fbcb49dc740> 2016-03-09 19:03:04 CheckJ
1457546584916	<INFO 7fbcb49dc740> 2016-03-09 19:03:04 CheckK
1457546584919	<INFO 7fbcb49dc740> 2016-03-09 19:03:04 CheckL
1457546584922	<INFO 7fbcb49dc740> 2016-03-09 19:03:04 CheckM
1457546584924	<INFO 7fbcb49dc740> 2016-03-09 19:03:04 CheckN
1457546585930	<INFO 7fbcb49dc740> 2016-03-09 19:03:05 CheckO
1457546585932	<INFO 7fbcb49dc740> 2016-03-09 19:03:05 CheckP
1457546585935	<INFO 7fbcb49dc740> 2016-03-09 19:03:05 CheckQ
1457546585938	<INFO 7fbcb49dc740> 2016-03-09 19:03:05 CheckI
1457546587834	<INFO 7fbcb49dc740> 2016-03-09 19:03:07 CheckJ
1457546587836	<INFO 7fbcb49dc740> 2016-03-09 19:03:07 CheckK
1457546587840	<INFO 7fbcb49dc740> 2016-03-09 19:03:07 CheckL
1457546587844	<INFO 7fbcb49dc740> 2016-03-09 19:03:07 CheckM
1457546587847	<INFO 7fbcb49dc740> 2016-03-09 19:03:07 CheckN
1457546589016	<INFO 7fbcb49dc740> 2016-03-09 19:03:09 CheckO
1457546589019	<INFO 7fbcb49dc740> 2016-03-09 19:03:09 CheckP
1457546589022	<INFO 7fbcb49dc740> 2016-03-09 19:03:09 CheckQ
1457546589025	<INFO 7fbcb49dc740> 2016-03-09 19:03:09 CheckI
1457546590964	<INFO 7fbcb49dc740> 2016-03-09 19:03:10 CheckJ
1457546590968	<INFO 7fbcb49dc740> 2016-03-09 19:03:10 CheckK
1457546590971	<INFO 7fbcb49dc740> 2016-03-09 19:03:10 CheckL
1457546590974	<INFO 7fbcb49dc740> 2016-03-09 19:03:10 CheckM
1457546590976	<INFO 7fbcb49dc740> 2016-03-09 19:03:10 CheckN
1457546592879	<INFO 7fbcb49dc740> 2016-03-09 19:03:12 CheckO
1457546592881	<INFO 7fbcb49dc740> 2016-03-09 19:03:12 CheckP
1457546592884	<INFO 7fbcb49dc740> 2016-03-09 19:03:12 CheckQ
1457546592886	<INFO 7fbcb49dc740> 2016-03-09 19:03:12 CheckI
1457546596363	<INFO 7fbcb49dc740> 2016-03-09 19:03:16 CheckJ
1457546596366	<INFO 7fbcb49dc740> 2016-03-09 19:03:16 CheckK
1457546596370	<INFO 7fbcb49dc740> 2016-03-09 19:03:16 CheckL
1457546596374	<INFO 7fbcb49dc740> 2016-03-09 19:03:16 CheckM
1457546596376	<INFO 7fbcb49dc740> 2016-03-09 19:03:16 CheckN
1457546596757	<INFO 7fbcb49dc740> 2016-03-09 19:03:16 CheckO
1457546596760	<INFO 7fbcb49dc740> 2016-03-09 19:03:16 CheckP
1457546596762	<INFO 7fbcb49dc740> 2016-03-09 19:03:16 CheckQ
1457546596765	<INFO 7fbcb49dc740> 2016-03-09 19:03:16 CheckI
1457546597452	<INFO 7fbcb49dc740> 2016-03-09 19:03:17 Completed scatter
1457546814819	<INFO 7fbcb49dc740> 2016-03-09 19:06:54 Completed phase 5 Bytes read 110971795156 Bytes written 55961728140
1457546830424	<INFO 7fbcb49dc740> 2016-03-09 19:07:10 Started gather
1457546832454	<INFO 7fbcb49dc740> 2016-03-09 19:07:12 CheckA
1457546832458	<INFO 7fbcb49dc740> 2016-03-09 19:07:12 CheckB
1457546832460	<INFO 7fbcb49dc740> 2016-03-09 19:07:12 CheckC
1457546832463	<INFO 7fbcb49dc740> 2016-03-09 19:07:12 CheckD
1457546832465	<INFO 7fbcb49dc740> 2016-03-09 19:07:12 CheckE
1457546832467	<INFO 7fbcb49dc740> 2016-03-09 19:07:12 CheckF
1457546832470	<INFO 7fbcb49dc740> 2016-03-09 19:07:12 CheckG
1457546832472	<INFO 7fbcb49dc740> 2016-03-09 19:07:12 CheckH
1457546832475	<INFO 7fbcb49dc740> 2016-03-09 19:07:12 CheckI
1457546833399	<INFO 7fbcb49dc740> 2016-03-09 19:07:13 CheckJ
1457546833402	<INFO 7fbcb49dc740> 2016-03-09 19:07:13 CheckK
1457546833405	<INFO 7fbcb49dc740> 2016-03-09 19:07:13 CheckL
1457546833408	<INFO 7fbcb49dc740> 2016-03-09 19:07:13 CheckM
1457546833410	<INFO 7fbcb49dc740> 2016-03-09 19:07:13 CheckN
1457546833623	<INFO 7fbcb49dc740> 2016-03-09 19:07:13 CheckO
1457546833625	<INFO 7fbcb49dc740> 2016-03-09 19:07:13 CheckP
1457546833628	<INFO 7fbcb49dc740> 2016-03-09 19:07:13 CheckQ
1457546833631	<INFO 7fbcb49dc740> 2016-03-09 19:07:13 CheckI
1457546834738	<INFO 7fbcb49dc740> 2016-03-09 19:07:14 CheckJ
1457546834741	<INFO 7fbcb49dc740> 2016-03-09 19:07:14 CheckK
1457546834743	<INFO 7fbcb49dc740> 2016-03-09 19:07:14 CheckL
1457546834746	<INFO 7fbcb49dc740> 2016-03-09 19:07:14 CheckM
1457546834749	<INFO 7fbcb49dc740> 2016-03-09 19:07:14 CheckN
1457546834941	<INFO 7fbcb49dc740> 2016-03-09 19:07:14 CheckO
1457546834944	<INFO 7fbcb49dc740> 2016-03-09 19:07:14 CheckP
1457546834946	<INFO 7fbcb49dc740> 2016-03-09 19:07:14 CheckQ
1457546834949	<INFO 7fbcb49dc740> 2016-03-09 19:07:14 CheckI
1457546837244	<INFO 7fbcb49dc740> 2016-03-09 19:07:17 CheckJ
1457546837248	<INFO 7fbcb49dc740> 2016-03-09 19:07:17 CheckK
1457546837251	<INFO 7fbcb49dc740> 2016-03-09 19:07:17 CheckL
1457546837255	<INFO 7fbcb49dc740> 2016-03-09 19:07:17 CheckM
1457546837258	<INFO 7fbcb49dc740> 2016-03-09 19:07:17 CheckN
1457546837463	<INFO 7fbcb49dc740> 2016-03-09 19:07:17 CheckO
1457546837466	<INFO 7fbcb49dc740> 2016-03-09 19:07:17 CheckP
1457546837469	<INFO 7fbcb49dc740> 2016-03-09 19:07:17 CheckQ
1457546837471	<INFO 7fbcb49dc740> 2016-03-09 19:07:17 CheckI
1457546839598	<INFO 7fbcb49dc740> 2016-03-09 19:07:19 CheckJ
1457546839600	<INFO 7fbcb49dc740> 2016-03-09 19:07:19 CheckK
1457546839603	<INFO 7fbcb49dc740> 2016-03-09 19:07:19 CheckL
1457546839606	<INFO 7fbcb49dc740> 2016-03-09 19:07:19 CheckM
1457546839609	<INFO 7fbcb49dc740> 2016-03-09 19:07:19 CheckN
1457546839728	<INFO 7fbcb49dc740> 2016-03-09 19:07:19 CheckO
1457546839730	<INFO 7fbcb49dc740> 2016-03-09 19:07:19 CheckP
1457546839733	<INFO 7fbcb49dc740> 2016-03-09 19:07:19 CheckQ
1457546839736	<INFO 7fbcb49dc740> 2016-03-09 19:07:19 CheckI
1457546863160	<INFO 7fbcb49dc740> 2016-03-09 19:07:43 Completed gather
1457546932926	<INFO 7fbcb49dc740> 2016-03-09 19:08:52 Started scatter
1457546949454	<INFO 7fbcb49dc740> 2016-03-09 19:09:09 CheckA
1457546949457	<INFO 7fbcb49dc740> 2016-03-09 19:09:09 CheckB
1457546949460	<INFO 7fbcb49dc740> 2016-03-09 19:09:09 CheckC
1457546949462	<INFO 7fbcb49dc740> 2016-03-09 19:09:09 CheckD
1457546949464	<INFO 7fbcb49dc740> 2016-03-09 19:09:09 CheckE
1457546949467	<INFO 7fbcb49dc740> 2016-03-09 19:09:09 CheckF
1457546949470	<INFO 7fbcb49dc740> 2016-03-09 19:09:09 CheckG
1457546949472	<INFO 7fbcb49dc740> 2016-03-09 19:09:09 CheckH
1457546949474	<INFO 7fbcb49dc740> 2016-03-09 19:09:09 CheckI
1457546952764	<INFO 7fbcb49dc740> 2016-03-09 19:09:12 CheckJ
1457546952766	<INFO 7fbcb49dc740> 2016-03-09 19:09:12 CheckK
1457546952770	<INFO 7fbcb49dc740> 2016-03-09 19:09:12 CheckL
1457546952772	<INFO 7fbcb49dc740> 2016-03-09 19:09:12 CheckM
1457546952775	<INFO 7fbcb49dc740> 2016-03-09 19:09:12 CheckN
1457546953069	<INFO 7fbcb49dc740> 2016-03-09 19:09:13 CheckO
1457546953072	<INFO 7fbcb49dc740> 2016-03-09 19:09:13 CheckP
1457546953075	<INFO 7fbcb49dc740> 2016-03-09 19:09:13 CheckQ
1457546953079	<INFO 7fbcb49dc740> 2016-03-09 19:09:13 CheckI
1457546955292	<INFO 7fbcb49dc740> 2016-03-09 19:09:15 CheckJ
1457546955296	<INFO 7fbcb49dc740> 2016-03-09 19:09:15 CheckK
1457546955299	<INFO 7fbcb49dc740> 2016-03-09 19:09:15 CheckL
1457546955302	<INFO 7fbcb49dc740> 2016-03-09 19:09:15 CheckM
1457546955305	<INFO 7fbcb49dc740> 2016-03-09 19:09:15 CheckN
1457546957801	<INFO 7fbcb49dc740> 2016-03-09 19:09:17 CheckO
1457546957804	<INFO 7fbcb49dc740> 2016-03-09 19:09:17 CheckP
1457546957807	<INFO 7fbcb49dc740> 2016-03-09 19:09:17 CheckQ
1457546957809	<INFO 7fbcb49dc740> 2016-03-09 19:09:17 CheckI
1457546959382	<INFO 7fbcb49dc740> 2016-03-09 19:09:19 CheckJ
1457546959385	<INFO 7fbcb49dc740> 2016-03-09 19:09:19 CheckK
1457546959391	<INFO 7fbcb49dc740> 2016-03-09 19:09:19 CheckL
1457546959394	<INFO 7fbcb49dc740> 2016-03-09 19:09:19 CheckM
1457546959398	<INFO 7fbcb49dc740> 2016-03-09 19:09:19 CheckN
1457546960416	<INFO 7fbcb49dc740> 2016-03-09 19:09:20 CheckO
1457546960421	<INFO 7fbcb49dc740> 2016-03-09 19:09:20 CheckP
1457546960424	<INFO 7fbcb49dc740> 2016-03-09 19:09:20 CheckQ
1457546960428	<INFO 7fbcb49dc740> 2016-03-09 19:09:20 CheckI
1457546962155	<INFO 7fbcb49dc740> 2016-03-09 19:09:22 CheckJ
1457546962158	<INFO 7fbcb49dc740> 2016-03-09 19:09:22 CheckK
1457546962160	<INFO 7fbcb49dc740> 2016-03-09 19:09:22 CheckL
1457546962163	<INFO 7fbcb49dc740> 2016-03-09 19:09:22 CheckM
1457546962166	<INFO 7fbcb49dc740> 2016-03-09 19:09:22 CheckN
1457546962648	<INFO 7fbcb49dc740> 2016-03-09 19:09:22 CheckO
1457546962651	<INFO 7fbcb49dc740> 2016-03-09 19:09:22 CheckP
1457546962653	<INFO 7fbcb49dc740> 2016-03-09 19:09:22 CheckQ
1457546962655	<INFO 7fbcb49dc740> 2016-03-09 19:09:22 CheckI
1457546964559	<INFO 7fbcb49dc740> 2016-03-09 19:09:24 CheckJ
1457546964561	<INFO 7fbcb49dc740> 2016-03-09 19:09:24 CheckK
1457546964564	<INFO 7fbcb49dc740> 2016-03-09 19:09:24 CheckL
1457546964566	<INFO 7fbcb49dc740> 2016-03-09 19:09:24 CheckM
1457546964569	<INFO 7fbcb49dc740> 2016-03-09 19:09:24 CheckN
1457546965320	<INFO 7fbcb49dc740> 2016-03-09 19:09:25 CheckO
1457546965322	<INFO 7fbcb49dc740> 2016-03-09 19:09:25 CheckP
1457546965327	<INFO 7fbcb49dc740> 2016-03-09 19:09:25 CheckQ
1457546965330	<INFO 7fbcb49dc740> 2016-03-09 19:09:25 CheckI
1457546968175	<INFO 7fbcb49dc740> 2016-03-09 19:09:28 CheckJ
1457546968178	<INFO 7fbcb49dc740> 2016-03-09 19:09:28 CheckK
1457546968182	<INFO 7fbcb49dc740> 2016-03-09 19:09:28 CheckL
1457546968185	<INFO 7fbcb49dc740> 2016-03-09 19:09:28 CheckM
1457546968190	<INFO 7fbcb49dc740> 2016-03-09 19:09:28 CheckN
1457546969270	<INFO 7fbcb49dc740> 2016-03-09 19:09:29 CheckO
1457546969272	<INFO 7fbcb49dc740> 2016-03-09 19:09:29 CheckP
1457546969275	<INFO 7fbcb49dc740> 2016-03-09 19:09:29 CheckQ
1457546969278	<INFO 7fbcb49dc740> 2016-03-09 19:09:29 CheckI
1457546970092	<INFO 7fbcb49dc740> 2016-03-09 19:09:30 Completed scatter
1457547199787	<INFO 7fbcb49dc740> 2016-03-09 19:13:19 Completed phase 6 Bytes read 134331548136 Bytes written 66412781524
1457547212659	<INFO 7fbcb49dc740> 2016-03-09 19:13:32 Started gather
1457547214808	<INFO 7fbcb49dc740> 2016-03-09 19:13:34 CheckA
1457547214811	<INFO 7fbcb49dc740> 2016-03-09 19:13:34 CheckB
1457547214814	<INFO 7fbcb49dc740> 2016-03-09 19:13:34 CheckC
1457547214817	<INFO 7fbcb49dc740> 2016-03-09 19:13:34 CheckD
1457547214820	<INFO 7fbcb49dc740> 2016-03-09 19:13:34 CheckE
1457547214822	<INFO 7fbcb49dc740> 2016-03-09 19:13:34 CheckF
1457547214826	<INFO 7fbcb49dc740> 2016-03-09 19:13:34 CheckG
1457547214829	<INFO 7fbcb49dc740> 2016-03-09 19:13:34 CheckH
1457547214832	<INFO 7fbcb49dc740> 2016-03-09 19:13:34 CheckI
1457547216217	<INFO 7fbcb49dc740> 2016-03-09 19:13:36 CheckJ
1457547216220	<INFO 7fbcb49dc740> 2016-03-09 19:13:36 CheckK
1457547216223	<INFO 7fbcb49dc740> 2016-03-09 19:13:36 CheckL
1457547216226	<INFO 7fbcb49dc740> 2016-03-09 19:13:36 CheckM
1457547216229	<INFO 7fbcb49dc740> 2016-03-09 19:13:36 CheckN
1457547216421	<INFO 7fbcb49dc740> 2016-03-09 19:13:36 CheckO
1457547216424	<INFO 7fbcb49dc740> 2016-03-09 19:13:36 CheckP
1457547216428	<INFO 7fbcb49dc740> 2016-03-09 19:13:36 CheckQ
1457547216430	<INFO 7fbcb49dc740> 2016-03-09 19:13:36 CheckI
1457547219197	<INFO 7fbcb49dc740> 2016-03-09 19:13:39 CheckJ
1457547219200	<INFO 7fbcb49dc740> 2016-03-09 19:13:39 CheckK
1457547219203	<INFO 7fbcb49dc740> 2016-03-09 19:13:39 CheckL
1457547219206	<INFO 7fbcb49dc740> 2016-03-09 19:13:39 CheckM
1457547219209	<INFO 7fbcb49dc740> 2016-03-09 19:13:39 CheckN
1457547219412	<INFO 7fbcb49dc740> 2016-03-09 19:13:39 CheckO
1457547219414	<INFO 7fbcb49dc740> 2016-03-09 19:13:39 CheckP
1457547219416	<INFO 7fbcb49dc740> 2016-03-09 19:13:39 CheckQ
1457547219419	<INFO 7fbcb49dc740> 2016-03-09 19:13:39 CheckI
1457547220950	<INFO 7fbcb49dc740> 2016-03-09 19:13:40 CheckJ
1457547220953	<INFO 7fbcb49dc740> 2016-03-09 19:13:40 CheckK
1457547220956	<INFO 7fbcb49dc740> 2016-03-09 19:13:40 CheckL
1457547220959	<INFO 7fbcb49dc740> 2016-03-09 19:13:40 CheckM
1457547220962	<INFO 7fbcb49dc740> 2016-03-09 19:13:40 CheckN
1457547221171	<INFO 7fbcb49dc740> 2016-03-09 19:13:41 CheckO
1457547221174	<INFO 7fbcb49dc740> 2016-03-09 19:13:41 CheckP
1457547221176	<INFO 7fbcb49dc740> 2016-03-09 19:13:41 CheckQ
1457547221179	<INFO 7fbcb49dc740> 2016-03-09 19:13:41 CheckI
1457547223059	<INFO 7fbcb49dc740> 2016-03-09 19:13:43 CheckJ
1457547223063	<INFO 7fbcb49dc740> 2016-03-09 19:13:43 CheckK
1457547223065	<INFO 7fbcb49dc740> 2016-03-09 19:13:43 CheckL
1457547223068	<INFO 7fbcb49dc740> 2016-03-09 19:13:43 CheckM
1457547223070	<INFO 7fbcb49dc740> 2016-03-09 19:13:43 CheckN
1457547223184	<INFO 7fbcb49dc740> 2016-03-09 19:13:43 CheckO
1457547223187	<INFO 7fbcb49dc740> 2016-03-09 19:13:43 CheckP
1457547223189	<INFO 7fbcb49dc740> 2016-03-09 19:13:43 CheckQ
1457547223191	<INFO 7fbcb49dc740> 2016-03-09 19:13:43 CheckI
1457547245551	<INFO 7fbcb49dc740> 2016-03-09 19:14:05 Completed gather
1457547312588	<INFO 7fbcb49dc740> 2016-03-09 19:15:12 Started scatter
1457547325159	<INFO 7fbcb49dc740> 2016-03-09 19:15:25 CheckA
1457547325161	<INFO 7fbcb49dc740> 2016-03-09 19:15:25 CheckB
1457547325164	<INFO 7fbcb49dc740> 2016-03-09 19:15:25 CheckC
1457547325167	<INFO 7fbcb49dc740> 2016-03-09 19:15:25 CheckD
1457547325169	<INFO 7fbcb49dc740> 2016-03-09 19:15:25 CheckE
1457547325172	<INFO 7fbcb49dc740> 2016-03-09 19:15:25 CheckF
1457547325174	<INFO 7fbcb49dc740> 2016-03-09 19:15:25 CheckG
1457547325177	<INFO 7fbcb49dc740> 2016-03-09 19:15:25 CheckH
1457547325180	<INFO 7fbcb49dc740> 2016-03-09 19:15:25 CheckI
1457547327475	<INFO 7fbcb49dc740> 2016-03-09 19:15:27 CheckJ
1457547327478	<INFO 7fbcb49dc740> 2016-03-09 19:15:27 CheckK
1457547327480	<INFO 7fbcb49dc740> 2016-03-09 19:15:27 CheckL
1457547327482	<INFO 7fbcb49dc740> 2016-03-09 19:15:27 CheckM
1457547327485	<INFO 7fbcb49dc740> 2016-03-09 19:15:27 CheckN
1457547327781	<INFO 7fbcb49dc740> 2016-03-09 19:15:27 CheckO
1457547327783	<INFO 7fbcb49dc740> 2016-03-09 19:15:27 CheckP
1457547327786	<INFO 7fbcb49dc740> 2016-03-09 19:15:27 CheckQ
1457547327788	<INFO 7fbcb49dc740> 2016-03-09 19:15:27 CheckI
1457547330167	<INFO 7fbcb49dc740> 2016-03-09 19:15:30 CheckJ
1457547330170	<INFO 7fbcb49dc740> 2016-03-09 19:15:30 CheckK
1457547330173	<INFO 7fbcb49dc740> 2016-03-09 19:15:30 CheckL
1457547330176	<INFO 7fbcb49dc740> 2016-03-09 19:15:30 CheckM
1457547330179	<INFO 7fbcb49dc740> 2016-03-09 19:15:30 CheckN
1457547332077	<INFO 7fbcb49dc740> 2016-03-09 19:15:32 CheckO
1457547332079	<INFO 7fbcb49dc740> 2016-03-09 19:15:32 CheckP
1457547332082	<INFO 7fbcb49dc740> 2016-03-09 19:15:32 CheckQ
1457547332085	<INFO 7fbcb49dc740> 2016-03-09 19:15:32 CheckI
1457547333986	<INFO 7fbcb49dc740> 2016-03-09 19:15:33 CheckJ
1457547333989	<INFO 7fbcb49dc740> 2016-03-09 19:15:33 CheckK
1457547333992	<INFO 7fbcb49dc740> 2016-03-09 19:15:33 CheckL
1457547333995	<INFO 7fbcb49dc740> 2016-03-09 19:15:33 CheckM
1457547333997	<INFO 7fbcb49dc740> 2016-03-09 19:15:33 CheckN
1457547334862	<INFO 7fbcb49dc740> 2016-03-09 19:15:34 CheckO
1457547334866	<INFO 7fbcb49dc740> 2016-03-09 19:15:34 CheckP
1457547334868	<INFO 7fbcb49dc740> 2016-03-09 19:15:34 CheckQ
1457547334871	<INFO 7fbcb49dc740> 2016-03-09 19:15:34 CheckI
1457547336895	<INFO 7fbcb49dc740> 2016-03-09 19:15:36 CheckJ
1457547336898	<INFO 7fbcb49dc740> 2016-03-09 19:15:36 CheckK
1457547336901	<INFO 7fbcb49dc740> 2016-03-09 19:15:36 CheckL
1457547336904	<INFO 7fbcb49dc740> 2016-03-09 19:15:36 CheckM
1457547336907	<INFO 7fbcb49dc740> 2016-03-09 19:15:36 CheckN
1457547338662	<INFO 7fbcb49dc740> 2016-03-09 19:15:38 CheckO
1457547338668	<INFO 7fbcb49dc740> 2016-03-09 19:15:38 CheckP
1457547338671	<INFO 7fbcb49dc740> 2016-03-09 19:15:38 CheckQ
1457547338684	<INFO 7fbcb49dc740> 2016-03-09 19:15:38 CheckI
1457547341402	<INFO 7fbcb49dc740> 2016-03-09 19:15:41 CheckJ
1457547341404	<INFO 7fbcb49dc740> 2016-03-09 19:15:41 CheckK
1457547341407	<INFO 7fbcb49dc740> 2016-03-09 19:15:41 CheckL
1457547341410	<INFO 7fbcb49dc740> 2016-03-09 19:15:41 CheckM
1457547341412	<INFO 7fbcb49dc740> 2016-03-09 19:15:41 CheckN
1457547342170	<INFO 7fbcb49dc740> 2016-03-09 19:15:42 CheckO
1457547342173	<INFO 7fbcb49dc740> 2016-03-09 19:15:42 CheckP
1457547342177	<INFO 7fbcb49dc740> 2016-03-09 19:15:42 CheckQ
1457547342180	<INFO 7fbcb49dc740> 2016-03-09 19:15:42 CheckI
1457547344878	<INFO 7fbcb49dc740> 2016-03-09 19:15:44 CheckJ
1457547344881	<INFO 7fbcb49dc740> 2016-03-09 19:15:44 CheckK
1457547344884	<INFO 7fbcb49dc740> 2016-03-09 19:15:44 CheckL
1457547344887	<INFO 7fbcb49dc740> 2016-03-09 19:15:44 CheckM
1457547344890	<INFO 7fbcb49dc740> 2016-03-09 19:15:44 CheckN
1457547345745	<INFO 7fbcb49dc740> 2016-03-09 19:15:45 CheckO
1457547345749	<INFO 7fbcb49dc740> 2016-03-09 19:15:45 CheckP
1457547345751	<INFO 7fbcb49dc740> 2016-03-09 19:15:45 CheckQ
1457547345754	<INFO 7fbcb49dc740> 2016-03-09 19:15:45 CheckI
1457547346257	<INFO 7fbcb49dc740> 2016-03-09 19:15:46 Completed scatter
1457547572530	<INFO 7fbcb49dc740> 2016-03-09 19:19:32 Completed phase 7 Bytes read 157718523868 Bytes written 76630559028
1457547572533	<INFO 7fbcb49dc740> CORE::PARTITIONS_PROCESSED 64
1457547572535	<INFO 7fbcb49dc740> CORE::BYTES::EDGES_STREAMED 952548660
1457547572537	<INFO 7fbcb49dc740> CORE::BYTES::UPDATES_OUT 553196544
1457547572540	<INFO 7fbcb49dc740> CORE::BYTES::UPDATES_IN 488150424
1457547572542	<INFO 7f9e8bfff700> CORE::PARTITIONS_PROCESSED 198
1457547572545	<INFO 7f9e8bfff700> CORE::BYTES::EDGES_STREAMED 1197799080
1457547572548	<INFO 7f9e8bfff700> CORE::BYTES::UPDATES_OUT 679814184
1457547572551	<INFO 7f9e8bfff700> CORE::BYTES::UPDATES_IN 564979280
1457547572553	<INFO 7f9e94bf5700> CORE::PARTITIONS_PROCESSED 147
1457547572556	<INFO 7f9e8b7fe700> CORE::PARTITIONS_PROCESSED 142
1457547572558	<INFO 7f9e8a7fc700> CORE::PARTITIONS_PROCESSED 184
1457547572560	<INFO 7f9e89ffb700> CORE::PARTITIONS_PROCESSED 215
1457547572563	<INFO 7f9e953f6700> CORE::PARTITIONS_PROCESSED 150
1457547572566	<INFO 7f9e8affd700> CORE::PARTITIONS_PROCESSED 180
1457547572569	<INFO 7f9e8a7fc700> CORE::BYTES::EDGES_STREAMED 1114132908
1457547572571	<INFO 7f9e8b7fe700> CORE::BYTES::EDGES_STREAMED 1130030088
1457547572574	<INFO 7f9e89ffb700> CORE::BYTES::EDGES_STREAMED 2160437028
1457547572576	<INFO 7f9e94bf5700> CORE::BYTES::EDGES_STREAMED 1028848188
1457547572579	<INFO 7f9e953f6700> CORE::BYTES::EDGES_STREAMED 1134857664
1457547572581	<INFO 7f9e8affd700> CORE::BYTES::EDGES_STREAMED 1255295460
1457547572583	<INFO 7f9e94bf5700> CORE::BYTES::UPDATES_OUT 601504064
1457547572586	<INFO 7f9e953f6700> CORE::BYTES::UPDATES_OUT 642248680
1457547572588	<INFO 7f9e8b7fe700> CORE::BYTES::UPDATES_OUT 634141488
1457547572591	<INFO 7f9e8affd700> CORE::BYTES::UPDATES_OUT 711492032
1457547572593	<INFO 7f9e8a7fc700> CORE::BYTES::UPDATES_OUT 618972208
1457547572595	<INFO 7f9e94bf5700> CORE::BYTES::UPDATES_IN 468701400
1457547572598	<INFO 7f9e89ffb700> CORE::BYTES::UPDATES_OUT 1258030272
1457547572600	<INFO 7f9e8b7fe700> CORE::BYTES::UPDATES_IN 555333328
1457547572603	<INFO 7f9e953f6700> CORE::BYTES::UPDATES_IN 552672776
1457547572606	<INFO 7f9e89ffb700> CORE::BYTES::UPDATES_IN 752302256
1457547572608	<INFO 7f9e8a7fc700> CORE::BYTES::UPDATES_IN 709929104
1457547572610	<INFO 7f9e8affd700> CORE::BYTES::UPDATES_IN 658018112
1457547572613	<INFO 7f9e963f8700> SLIPSTORE service is exiting
1457547572615	<INFO 7f9e963f8700> SLIPSTORE::HELP_OFFERS_RECVD 98
1457547572618	<INFO 7f9e963f8700> SLIPSTORE::HELP_OFFERS_ACCEPTED 0
1457547572620	<INFO 7f9e963f8700> SLIPSTORE::HELP_ACCEPTANCE_RATIO 0
1457547572622	<INFO 7f9e963f8700> SLIPSTORE::SERVER_BUSY_DISK  1534.93 seconds
1457547572625	<INFO 7f9e963f8700> SLIPSTORE::SERVER_BUSY_MEM  0 seconds
1457547572627	<INFO 7f9e963f8700> SLIPSTORE::SERVER_TOTAL  2414.57 seconds
1457547572630	<INFO 7fbcb49dc740> SLIPSTORE::CLIENT::DISK_READ_TIME  402.279 seconds
1457547572633	<INFO 7fbcb49dc740> SLIPSTORE::CLIENT::MEM_READ_TIME  0 seconds
1457547572636	<INFO 7fbcb49dc740> SLIPSTORE::CLIENT::DISK_BYTES_READ 43090114304
1457547572638	<INFO 7fbcb49dc740> SLIPSTORE::CLIENT::MEM_BYTES_READ 0
1457547572641	<INFO 7fbcb49dc740> SLIPSTORE::CLIENT::WRITE_TIME  264.146 seconds
1457547572643	<INFO 7fbcb49dc740> SLIPSTORE::CLIENT::BYTES_WRITTEN 12079595520
1457547572645	<INFO 7fbcb49dc740> SLIPSTORE::CLIENT_BUSY  666.424 seconds
1457547572648	<INFO 7fbcb49dc740> SLIPSTORE::IO::TIME 1215.24 seconds
1457547572650	<INFO 7fbcb49dc740> SLIPSTORE::SNAP::TIME 0 seconds
1457547572653	<INFO 7fbcb49dc740> SLIPSTORE::MAX_DISK_USAGE_BYTES 21871982852
1457547572655	<INFO 7fbcb49dc740> CORE::RUSAGE::MAX_RSS_KB 125948580
1457547572658	<INFO 7fbcb49dc740> CORE::RUSAGE::MINFLT 32560803
1457547572660	<INFO 7fbcb49dc740> CORE::RUSAGE::MAJFLT 5
1457547572662	<INFO 7fbcb49dc740> CORE::RUSAGE::MAJFLT 5
1457547572665	<INFO 7fbcb49dc740> CORE::RUSAGE::INBLK 281324736
1457547572668	<INFO 7fbcb49dc740> CORE::RUSAGE::OUBLK 149676112
1457547572670	<INFO 7fbcb49dc740> CORE::UTILS::BYTES_READ 157718523868
1457547572673	<INFO 7fbcb49dc740> CORE::UTILS::BYTES_WRITTEN 76630559028
1457547572675	<INFO 7fbcb49dc740> CORE::UTILS::TILE_COPY_BYTES 16106127360
1457547572678	<INFO 7fbcb49dc740> CORE::TIME::IO_WAIT 627.567 seconds
1457547572681	<INFO 7fbcb49dc740> CORE::TIME_TILE_COPY 0 seconds
1457547572683	<INFO 7fbcb49dc740> CORE::TIME_TILE_MERGE 0 seconds
1457547572686	<INFO 7fbcb49dc740> CORE::TIME_PROCESSING_STOLEN 0 seconds
1457547572689	<INFO 7fbcb49dc740> CORE::TIME_MERGE_WAIT 0 seconds
1457547572691	<INFO 7fbcb49dc740> CORE::TIME_ALL_MC_BARRIER 1416.39 seconds
1457547572694	<INFO 7fbcb49dc740> CORE::PHASES 7
1457547572696	<INFO 7fbcb49dc740> CORE::TIME::SETUP 3.77568 seconds
1457547572699	<INFO 7fbcb49dc740> CORE::TIME::WALL 2418.17 seconds
1457547572702	<INFO 7fbcb49dc740> SHUTDOWN
