1462392959057	<INFO 7f214b34d780> 2016-05-04 22:15:59 STARTUP
1462392959059	<INFO 7f214b34d780> CORE::GRAPH rmat-28_s8
1462392959061	<INFO 7f214b34d780> CORE::ALGORITHM pagerank
1462392959064	<INFO 7f214b34d780> CORE::VERTEX_STRIPING OFF
1462392959066	<INFO 7f214b34d780> CORE::UPDATES_STRIPING ON
1462392959068	<INFO 7f214b34d780> CORE::UPDATES BATCH IO ON
1462392959070	<INFO 7f214b34d780> CORE::OPTIMIZED_STATE_LOAD_STORE OFF
1462392959073	<INFO 7f214b34d780> CORE::BINARY_SEARCH_SUPER_PARTITION ON
1462392959075	<INFO 7f214b34d780> CORE::SUPER_PARTITION_COMPUTED_FOR_EACH_SCATTER_GATHER_PHASE
1462392959077	<INFO 7f214b34d780> CORE::BATCH IO OFF
1462392959079	<INFO 7f214b34d780> 2016-05-04 22:15:59 Blocking memory amount 126701535232
1462393066616	<INFO 7f214b34d780> 2016-05-04 22:17:46 Done blocking memory
1462393066618	<INFO 7f214b34d780> SG-DRIVER-ORIGINAL
1462393066621	<INFO 7f214b34d780> 2016-05-04 22:17:46 START read config parameters
1462393066623	<INFO 7f214b34d780> PARTITIONING::OLD 0
1462393066625	<INFO 7f214b34d780> PARTITIONING::BALANCED_PARTITIONS 0
1462393066627	<INFO 7f214b34d780> CORE::CONFIG::PROCESSORS 8
1462393066630	<INFO 7f214b34d780> CORE::CONFIG::PHYSICAL_MEMORY 2147483648
1462393066632	<INFO 7f214b34d780> CORE::CONFIG::VERTICES 268435456
1462393066634	<INFO 7f214b34d780> CORE::CONFIG::VERTEX_SIZE 12
1462393066636	<INFO 7f214b34d780> CORE::CONFIG::VERTEX_BUFFER 1306428636
1462393066639	<INFO 7f214b34d780> CORE::CONFIG::EDGES 536870912
1462393066641	<INFO 7f214b34d780> CORE::CONFIG::PARTITIONS 64
1462393066644	<INFO 7f214b34d780> CORE::CONFIG::FANOUT 64
1462393066647	<INFO 7f214b34d780> CORE::CONFIG::SUPER_PARTITIONS 8
1462393066650	<INFO 7f214b34d780> CORE::CONFIG::TILES 1
1462393066652	<INFO 7f214b34d780> CORE::CONFIG::BUFFER_SIZE 168209876
1462393066654	<INFO 7f214b34d780> CORE::CONFIG::MAX_BUFFERS 4
1462393066656	<INFO 7f214b34d780> CORE::CONFIG::MAX_STREAMS 4
1462393066659	<INFO 7f214b34d780> CORE::CONFIG::SUM_OF_OUT_DEGREES_FOR_NEW_PARTITIONS::FIRST_CONSTRAINT 0
1462393066661	<INFO 7f214b34d780> CORE::CONFIG::MAX_EDGES_PER_NEW_PARTITION::SECOND_CONSTRAINT 0
1462393066664	<INFO 7f214b34d780> SLIPSTREAM::EXT_MEM_SHUFFLE OFF
1462393066667	<INFO 7f214b34d780> 2016-05-04 22:17:46 END read config parameters
1462393068369	<WARNING 7f214b34d780> Unable to unlink file (stream.0.0.0):No such file or directory
1462393068372	<WARNING 7f214b34d780> Unable to unlink file (stream.0.1.0):No such file or directory
1462393068374	<WARNING 7f214b34d780> Unable to unlink file (stream.0.2.0):No such file or directory
1462393068377	<WARNING 7f214b34d780> Unable to unlink file (stream.0.3.0):No such file or directory
1462393068379	<WARNING 7f214b34d780> Unable to unlink file (stream.0.4.0):No such file or directory
1462393068381	<WARNING 7f214b34d780> Unable to unlink file (stream.0.5.0):No such file or directory
1462393068384	<WARNING 7f214b34d780> Unable to unlink file (stream.0.6.0):No such file or directory
1462393068386	<WARNING 7f214b34d780> Unable to unlink file (stream.0.7.0):No such file or directory
1462393068388	<WARNING 7f214b34d780> Unable to unlink file (stream.1.1.0):No such file or directory
1462393068391	<WARNING 7f214b34d780> Unable to unlink file (stream.1.2.0):No such file or directory
1462393068393	<WARNING 7f214b34d780> Unable to unlink file (stream.1.3.0):No such file or directory
1462393068395	<WARNING 7f214b34d780> Unable to unlink file (stream.1.4.0):No such file or directory
1462393068398	<WARNING 7f214b34d780> Unable to unlink file (stream.1.5.0):No such file or directory
1462393068400	<WARNING 7f214b34d780> Unable to unlink file (stream.1.6.0):No such file or directory
1462393068402	<WARNING 7f214b34d780> Unable to unlink file (stream.1.7.0):No such file or directory
1462393068405	<WARNING 7f214b34d780> Unable to unlink file (stream.2.0.0):No such file or directory
1462393068413	<WARNING 7f214b34d780> Unable to unlink file (stream.2.1.0):No such file or directory
1462393068415	<WARNING 7f214b34d780> Unable to unlink file (stream.2.2.0):No such file or directory
1462393068417	<WARNING 7f214b34d780> Unable to unlink file (stream.2.3.0):No such file or directory
1462393068420	<WARNING 7f214b34d780> Unable to unlink file (stream.2.4.0):No such file or directory
1462393068423	<WARNING 7f214b34d780> Unable to unlink file (stream.2.5.0):No such file or directory
1462393068425	<WARNING 7f214b34d780> Unable to unlink file (stream.2.6.0):No such file or directory
1462393068427	<WARNING 7f214b34d780> Unable to unlink file (stream.2.7.0):No such file or directory
1462393068429	<WARNING 7f214b34d780> Unable to unlink file (stream.3.0.0):No such file or directory
1462393068432	<WARNING 7f214b34d780> Unable to unlink file (stream.3.1.0):No such file or directory
1462393068434	<WARNING 7f214b34d780> Unable to unlink file (stream.3.2.0):No such file or directory
1462393068436	<WARNING 7f214b34d780> Unable to unlink file (stream.3.3.0):No such file or directory
1462393068439	<WARNING 7f214b34d780> Unable to unlink file (stream.3.4.0):No such file or directory
1462393068441	<WARNING 7f214b34d780> Unable to unlink file (stream.3.5.0):No such file or directory
1462393068443	<WARNING 7f214b34d780> Unable to unlink file (stream.3.6.0):No such file or directory
1462393068445	<WARNING 7f214b34d780> Unable to unlink file (stream.3.7.0):No such file or directory
1462393068447	<INFO 7f214b34d780> SLIPSTORE::ZMQ_THREADS 2
1462393068450	<INFO 7f214b34d780> SLIPSTORE::COMM Connecting to tcp://dco-node137-10g:5016
1462393068452	<INFO 7f214b34d780> SLIPSTORE::COMM Connecting to tcp://dco-node138-10g:5034
1462393068454	<INFO 7f214b34d780> SLIPSTORE::COMM Connecting to tcp://dco-node139-10g:5052
1462393068457	<INFO 7f214b34d780> SLIPSTORE::COMM Connecting to tcp://dco-node140-10g:5070
1462393068459	<INFO 7f214b34d780> SLIPSTORE::COMM Connecting to tcp://dco-node141-10g:5088
1462393068461	<INFO 7f214b34d780> SLIPSTORE::COMM Connecting to tcp://dco-node142-10g:5106
1462393068463	<INFO 7f214b34d780> SLIPSTORE::COMM Connecting to tcp://dco-node143-10g:5124
1462393068465	<INFO 7f214b34d780> SLIPSTORE::COMM Connecting to tcp://dco-node144-10g:5142
1462393068468	<INFO 7f214b34d780> SLIPSTORE::COMM Listening at tcp://p1p1:5134
1462393068470	<INFO 7f214b34d780> SLIPSTORE::COMM Listening at tcp://p1p1:5135
1462393068473	<INFO 7f214b34d780> SLIPSTORE::COMM Listening at tcp://p1p1:5136
1462393068475	<INFO 7f214b34d780> SLIPSTORE::COMM Listening at tcp://p1p1:5137
1462393068477	<INFO 7f214b34d780> SLIPSTORE::COMM Listening at tcp://p1p1:5138
1462393068480	<INFO 7f214b34d780> SLIPSTORE::COMM Listening at tcp://p1p1:5139
1462393068482	<INFO 7f214b34d780> SLIPSTORE::COMM Listening at tcp://p1p1:5140
1462393068484	<INFO 7f214b34d780> SLIPSTORE::COMM Listening at ipc://client
1462393068486	<INFO 7f214b34d780> SLIPSTORE::COMM Connecting to tcp://dco-node137-10g:5016
1462393068489	<INFO 7f214b34d780> SLIPSTORE::COMM Connecting to tcp://dco-node138-10g:5034
1462393068491	<INFO 7f214b34d780> SLIPSTORE::COMM Connecting to tcp://dco-node139-10g:5052
1462393068493	<INFO 7f214b34d780> SLIPSTORE::COMM Connecting to tcp://dco-node140-10g:5070
1462393068495	<INFO 7f214b34d780> SLIPSTORE::COMM Connecting to tcp://dco-node141-10g:5088
1462393068497	<INFO 7f214b34d780> SLIPSTORE::COMM Connecting to tcp://dco-node142-10g:5106
1462393068499	<INFO 7f214b34d780> SLIPSTORE::COMM Connecting to tcp://dco-node143-10g:5124
1462393068503	<INFO 7f214b34d780> SLIPSTORE::COMM Connecting to tcp://dco-node144-10g:5142
1462393068505	<INFO 7f214b34d780> SLIPSTORE::COMM Connecting to tcp://dco-node137-10g:5007
1462393068507	<INFO 7f214b34d780> SLIPSTORE::COMM Connecting to tcp://dco-node138-10g:5025
1462393068510	<INFO 7f214b34d780> SLIPSTORE::COMM Connecting to tcp://dco-node139-10g:5043
1462393068513	<INFO 7f214b34d780> SLIPSTORE::COMM Connecting to tcp://dco-node140-10g:5061
1462393068516	<INFO 7f214b34d780> SLIPSTORE::COMM Connecting to tcp://dco-node141-10g:5079
1462393068518	<INFO 7f214b34d780> SLIPSTORE::COMM Connecting to tcp://dco-node142-10g:5097
1462393068520	<INFO 7f214b34d780> SLIPSTORE::COMM Connecting to tcp://dco-node143-10g:5115
1462393068523	<INFO 7f214b34d780> SLIPSTORE::COMM Connecting to ipc://server
1462393068525	<INFO 7f214b34d780> SLIPSTORE::COMM Connecting to tcp://dco-node137-10g:5017
1462393068528	<INFO 7f214b34d780> SLIPSTORE::COMM Listening at tcp://p1p1:5143
1462393068530	<INFO 7f214b34d780> SLIPSTORE::COMM Connecting to tcp://dco-node144-10g:5142
1462393068533	<INFO 7f214b34d780> SLIPSTORE::HELP_POLICY NONE
1462393068535	<INFO 7f214b34d780> SLIPSTORE::SERVER ASYNC
1462393068537	<INFO 7f214b34d780> SLIPSTORE::MACHINES 8
1462393068540	<INFO 7f214b34d780> SLIPSTORE::ME 7
1462393068542	<INFO 7f214b34d780> SLIPSTORE::SLIPCHUNK 4194304
1462393068545	<INFO 7f214b34d780> SLIPSTORE::QUOTA 18446744073709551615
1462393068547	<INFO 7f214b34d780> SLIPSTORE::IO PAGECACHE
1462393068549	<INFO 7f032dff7700> SLIPSTORE::COMM Listening at tcp://p1p1:5142
1462393068551	<INFO 7f032dff7700> SLIPSTORE::COMM Listening at tcp://p1p1:5126
1462393068553	<INFO 7f032dff7700> SLIPSTORE::COMM Connecting to tcp://dco-node137-10g:5015
1462393068556	<INFO 7f032dff7700> SLIPSTORE::COMM Listening at tcp://p1p1:5127
1462393068558	<INFO 7f032dff7700> SLIPSTORE::COMM Connecting to tcp://dco-node138-10g:5033
1462393068560	<INFO 7f032dff7700> SLIPSTORE::COMM Listening at tcp://p1p1:5128
1462393068563	<INFO 7f032dff7700> SLIPSTORE::COMM Connecting to tcp://dco-node139-10g:5051
1462393068565	<INFO 7f032dff7700> SLIPSTORE::COMM Listening at tcp://p1p1:5129
1462393068567	<INFO 7f032dff7700> SLIPSTORE::COMM Connecting to tcp://dco-node140-10g:5069
1462393068569	<INFO 7f032dff7700> SLIPSTORE::COMM Listening at tcp://p1p1:5130
1462393068572	<INFO 7f032dff7700> SLIPSTORE::COMM Connecting to tcp://dco-node141-10g:5087
1462393068574	<INFO 7f032dff7700> SLIPSTORE::COMM Listening at tcp://p1p1:5131
1462393068576	<INFO 7f032dff7700> SLIPSTORE::COMM Connecting to tcp://dco-node142-10g:5105
1462393068578	<INFO 7f032dff7700> SLIPSTORE::COMM Listening at tcp://p1p1:5132
1462393068581	<INFO 7f032dff7700> SLIPSTORE::COMM Connecting to tcp://dco-node143-10g:5123
1462393068583	<INFO 7f032dff7700> SLIPSTORE::COMM Listening at ipc://server
1462393068585	<INFO 7f032dff7700> SLIPSTORE::COMM Connecting to ipc://client
1462393068873	<INFO 7f214b34d780> SLIPSTORE::CHECKPOINTS NONE FOUND
1462393068875	<INFO 7f214b34d780> 2016-05-04 22:17:48 Start edge split
1462393202395	<INFO 7f214b34d780> 2016-05-04 22:20:02 Completed init
1462393206738	<INFO 7f214b34d780> 2016-05-04 22:20:06 Started gather
1462393215511	<INFO 7f214b34d780> 2016-05-04 22:20:15 Completed gather
1462393215545	<INFO 7f214b34d780> 2016-05-04 22:20:15 Started scatter
1462393250949	<INFO 7f214b34d780> 2016-05-04 22:20:50 Completed scatter
1462393253343	<INFO 7f214b34d780> 2016-05-04 22:20:53 Completed phase 1 Bytes read 14593868940 Bytes written 8151417996
1462393262128	<INFO 7f214b34d780> 2016-05-04 22:21:02 Started gather
1462393270990	<INFO 7f214b34d780> 2016-05-04 22:21:10 Completed gather
1462393271025	<INFO 7f214b34d780> 2016-05-04 22:21:11 Started gather
1462393351605	<INFO 7f214b34d780> 2016-05-04 22:22:31 Completed gather
1462393353040	<INFO 7f214b34d780> 2016-05-04 22:22:33 Completed phase 2 Bytes read 24051715572 Bytes written 16323073928
1462393362370	<INFO 7f214b34d780> 2016-05-04 22:22:42 Started gather
1462393404881	<INFO 7f214b34d780> 2016-05-04 22:23:24 Completed gather
1462393411372	<INFO 7f214b34d780> 2016-05-04 22:23:31 Started scatter
1462393484150	<INFO 7f214b34d780> 2016-05-04 22:24:44 Completed scatter
1462393491842	<INFO 7f214b34d780> 2016-05-04 22:24:51 Completed phase 3 Bytes read 37761932228 Bytes written 23301364072
1462393500803	<INFO 7f214b34d780> 2016-05-04 22:25:00 Started gather
1462393546915	<INFO 7f214b34d780> 2016-05-04 22:25:46 Completed gather
1462393553342	<INFO 7f214b34d780> 2016-05-04 22:25:53 Started scatter
1462393628379	<INFO 7f214b34d780> 2016-05-04 22:27:08 Completed scatter
1462393634293	<INFO 7f214b34d780> 2016-05-04 22:27:14 Completed phase 4 Bytes read 51585211732 Bytes written 30206393288
1462393643655	<INFO 7f214b34d780> 2016-05-04 22:27:23 Started gather
1462393686689	<INFO 7f214b34d780> 2016-05-04 22:28:06 Completed gather
1462393693071	<INFO 7f214b34d780> 2016-05-04 22:28:13 Started scatter
1462393768990	<INFO 7f214b34d780> 2016-05-04 22:29:28 Completed scatter
1462393773787	<INFO 7f214b34d780> 2016-05-04 22:29:33 Completed phase 5 Bytes read 65335230308 Bytes written 37090915352
1462393782835	<INFO 7f214b34d780> 2016-05-04 22:29:42 Started gather
1462393825473	<INFO 7f214b34d780> 2016-05-04 22:30:25 Completed gather
1462393831876	<INFO 7f214b34d780> 2016-05-04 22:30:31 Started scatter
1462393906442	<INFO 7f214b34d780> 2016-05-04 22:31:46 Completed scatter
1462393912091	<INFO 7f214b34d780> 2016-05-04 22:31:52 Completed phase 6 Bytes read 79064741732 Bytes written 43941927480
1462393920915	<INFO 7f214b34d780> 2016-05-04 22:32:00 Started gather
1462393965602	<INFO 7f214b34d780> 2016-05-04 22:32:45 Completed gather
1462393971932	<INFO 7f214b34d780> 2016-05-04 22:32:51 Started scatter
1462394047458	<INFO 7f214b34d780> 2016-05-04 22:34:07 Completed scatter
1462394051928	<INFO 7f214b34d780> 2016-05-04 22:34:11 Completed phase 7 Bytes read 92760743220 Bytes written 50836645728
1462394051932	<INFO 7f214b34d780> CORE::PARTITIONS_PROCESSED 1185
1462394051934	<INFO 7f214b34d780> CORE::BYTES::EDGES_STREAMED 4533448848
1462394051937	<INFO 7f214b34d780> CORE::BYTES::UPDATES_OUT 2598592632
1462394051939	<INFO 7f214b34d780> CORE::BYTES::UPDATES_IN 2218062472
1462394051942	<INFO 7f0323fff700> CORE::PARTITIONS_PROCESSED 1150
1462394051945	<INFO 7f0323fff700> CORE::BYTES::EDGES_STREAMED 4564172448
1462394051947	<INFO 7f0323fff700> CORE::BYTES::UPDATES_OUT 2618498520
1462394051949	<INFO 7f0323fff700> CORE::BYTES::UPDATES_IN 2208882832
1462394051952	<INFO 7f03227fc700> CORE::PARTITIONS_PROCESSED 116
1462394051954	<INFO 7f03227fc700> CORE::BYTES::EDGES_STREAMED 7207168692
1462394051956	<INFO 7f03227fc700> CORE::BYTES::UPDATES_OUT 4110678336
1462394051959	<INFO 7f03227fc700> CORE::BYTES::UPDATES_IN 3557775016
1462394051961	<INFO 7f03217fa700> CORE::PARTITIONS_PROCESSED 729
1462394051963	<INFO 7f03217fa700> CORE::BYTES::EDGES_STREAMED 4346040324
1462394051966	<INFO 7f03217fa700> CORE::BYTES::UPDATES_OUT 2464014216
1462394051968	<INFO 7f03217fa700> CORE::BYTES::UPDATES_IN 2039009176
1462394051970	<INFO 7f0322ffd700> CORE::PARTITIONS_PROCESSED 1374
1462394051972	<INFO 7f0322ffd700> CORE::BYTES::EDGES_STREAMED 4665501360
1462394051975	<INFO 7f0322ffd700> CORE::BYTES::UPDATES_OUT 2649100848
1462394051977	<INFO 7f0322ffd700> CORE::BYTES::UPDATES_IN 2151006504
1462394051979	<INFO 7f032cff5700> CORE::PARTITIONS_PROCESSED 822
1462394051981	<INFO 7f032cff5700> CORE::BYTES::EDGES_STREAMED 4582330992
1462394051984	<INFO 7f032cff5700> CORE::BYTES::UPDATES_OUT 2622171152
1462394051988	<INFO 7f032cff5700> CORE::BYTES::UPDATES_IN 2173463064
1462394051990	<INFO 7f03237fe700> CORE::PARTITIONS_PROCESSED 1264
1462394051992	<INFO 7f0321ffb700> CORE::PARTITIONS_PROCESSED 720
1462394051995	<INFO 7f03237fe700> CORE::BYTES::EDGES_STREAMED 4523585424
1462394051997	<INFO 7f03237fe700> CORE::BYTES::UPDATES_OUT 2611302000
1462394051999	<INFO 7f03237fe700> CORE::BYTES::UPDATES_IN 1989601624
1462394052002	<INFO 7f0321ffb700> CORE::BYTES::EDGES_STREAMED 4347676980
1462394052004	<INFO 7f0321ffb700> CORE::BYTES::UPDATES_OUT 2479885192
1462394052006	<INFO 7f0321ffb700> CORE::BYTES::UPDATES_IN 2124147672
1462394052008	<INFO 7f032dff7700> SLIPSTORE service is exiting
1462394052011	<INFO 7f032dff7700> SLIPSTORE::HELP_OFFERS_RECVD 98
1462394052014	<INFO 7f032dff7700> SLIPSTORE::HELP_OFFERS_ACCEPTED 0
1462394052016	<INFO 7f032dff7700> SLIPSTORE::HELP_ACCEPTANCE_RATIO 0
1462394052018	<INFO 7f032dff7700> SLIPSTORE::SERVER_BUSY_DISK  698.094 seconds
1462394052021	<INFO 7f032dff7700> SLIPSTORE::SERVER_BUSY_MEM  0 seconds
1462394052024	<INFO 7f032dff7700> SLIPSTORE::SERVER_TOTAL  983.512 seconds
1462394052026	<INFO 7f214b34d780> SLIPSTORE::CLIENT::DISK_READ_TIME  716.217 seconds
1462394052029	<INFO 7f214b34d780> SLIPSTORE::CLIENT::MEM_READ_TIME  0 seconds
1462394052032	<INFO 7f214b34d780> SLIPSTORE::CLIENT::DISK_BYTES_READ 89802897092
1462394052034	<INFO 7f214b34d780> SLIPSTORE::CLIENT::MEM_BYTES_READ 0
1462394052037	<INFO 7f214b34d780> SLIPSTORE::CLIENT::WRITE_TIME  182.904 seconds
1462394052039	<INFO 7f214b34d780> SLIPSTORE::CLIENT::BYTES_WRITTEN 26038880484
1462394052041	<INFO 7f214b34d780> SLIPSTORE::CLIENT_BUSY  899.119 seconds
1462394052043	<INFO 7f214b34d780> SLIPSTORE::IO::TIME 408.654 seconds
1462394052046	<INFO 7f214b34d780> SLIPSTORE::SNAP::TIME 0 seconds
1462394052048	<INFO 7f214b34d780> SLIPSTORE::MAX_DISK_USAGE_BYTES 11210422232
1462394053647	<INFO 7f214b34d780> CORE::RUSAGE::MAX_RSS_KB 125930208
1462394053650	<INFO 7f214b34d780> CORE::RUSAGE::MINFLT 89010680
1462394053652	<INFO 7f214b34d780> CORE::RUSAGE::MAJFLT 3
1462394053654	<INFO 7f214b34d780> CORE::RUSAGE::MAJFLT 3
1462394053656	<INFO 7f214b34d780> CORE::RUSAGE::INBLK 134082456
1462394053659	<INFO 7f214b34d780> CORE::RUSAGE::OUBLK 99299328
1462394053661	<INFO 7f214b34d780> CORE::UTILS::BYTES_READ 92760743220
1462394053663	<INFO 7f214b34d780> CORE::UTILS::BYTES_WRITTEN 50836645728
1462394053665	<INFO 7f214b34d780> CORE::UTILS::TILE_COPY_BYTES 26128572720
1462394053668	<INFO 7f214b34d780> CORE::TIME::IO_WAIT 754.087 seconds
1462394053670	<INFO 7f214b34d780> CORE::TIME_TILE_COPY 0 seconds
1462394053672	<INFO 7f214b34d780> CORE::TIME_TILE_MERGE 0 seconds
1462394053674	<INFO 7f214b34d780> CORE::TIME_PROCESSING_STOLEN 0 seconds
1462394053676	<INFO 7f214b34d780> CORE::TIME_MERGE_WAIT 0 seconds
1462394053679	<INFO 7f214b34d780> CORE::OTHER_TIME_ALL_MC_BARRIER 0 seconds
1462394053681	<INFO 7f214b34d780> CORE::SCATTER_TIME_ALL_MC_BARRIER 28.5618 seconds
1462394053683	<INFO 7f214b34d780> CORE::GATHER_TIME_ALL_MC_BARRIER 1.10632 seconds
1462394053686	<INFO 7f214b34d780> CORE::INIT_TIME_ALL_MC_BARRIER 4.0729 seconds
1462394053688	<INFO 7f214b34d780> CORE::SHUT_DOWN_TIME_ALL_MC_BARRIER 0.003081 seconds
1462394053691	<INFO 7f214b34d780> CORE::STREAM_SKIP_BEFORE_TIME_ALL_MC_BARRIER 0.09019 seconds
1462394053693	<INFO 7f214b34d780> CORE::TAKE_CHECKPOINT_BEFORE_TIME_ALL_MC_BARRIER 0 seconds
1462394053695	<INFO 7f214b34d780> CORE::TAKE_CHECKPOINT_COMPLETE_TIME_ALL_MC_BARRIER 0 seconds
1462394053698	<INFO 7f214b34d780> CORE::METADATA_WRITE_COMPLETE_TIME_ALL_MC_BARRIER 0 seconds
1462394053700	<INFO 7f214b34d780> CORE::STREAM_EOF_BEFORE_TIME_ALL_MC_BARRIER 0 seconds
1462394053702	<INFO 7f214b34d780> CORE::STREAM_EOF_AFTER_TIME_ALL_MC_BARRIER 0 seconds
1462394053704	<INFO 7f214b34d780> CORE::STATE_LOAD_TIME_ALL_MC_BARRIER 0 seconds
1462394053707	<INFO 7f214b34d780> CORE::STATE_STORE_TIME_ALL_MC_BARRIER 0 seconds
1462394053709	<INFO 7f214b34d780> CORE::PHASES 7
1462394053711	<INFO 7f214b34d780> CORE::TIME::SETUP 3.97393 seconds
1462394053713	<INFO 7f214b34d780> CORE::TIME::STATE_ITER 58.4507 seconds
1462394053716	<INFO 7f214b34d780> CORE::TIME::GATHER 268.758 seconds
1462394053718	<INFO 7f214b34d780> CORE::TIME::SCATTER 522.062 seconds
1462394053720	<INFO 7f214b34d780> CORE::TIME::WALL 987.032 seconds
1462394053723	<INFO 7f214b34d780> SHUTDOWN
