1462392960096	<INFO 7f6270ad7780> 2016-05-04 22:16:00 STARTUP
1462392960098	<INFO 7f6270ad7780> CORE::GRAPH rmat-28_s8
1462392960100	<INFO 7f6270ad7780> CORE::ALGORITHM pagerank
1462392960102	<INFO 7f6270ad7780> CORE::VERTEX_STRIPING OFF
1462392960105	<INFO 7f6270ad7780> CORE::UPDATES_STRIPING ON
1462392960107	<INFO 7f6270ad7780> CORE::UPDATES BATCH IO ON
1462392960109	<INFO 7f6270ad7780> CORE::OPTIMIZED_STATE_LOAD_STORE OFF
1462392960111	<INFO 7f6270ad7780> CORE::BINARY_SEARCH_SUPER_PARTITION ON
1462392960114	<INFO 7f6270ad7780> CORE::SUPER_PARTITION_COMPUTED_FOR_EACH_SCATTER_GATHER_PHASE
1462392960116	<INFO 7f6270ad7780> CORE::BATCH IO OFF
1462392960118	<INFO 7f6270ad7780> 2016-05-04 22:16:00 Blocking memory amount 126701535232
1462393067012	<INFO 7f6270ad7780> 2016-05-04 22:17:47 Done blocking memory
1462393067015	<INFO 7f6270ad7780> SG-DRIVER-ORIGINAL
1462393067017	<INFO 7f6270ad7780> 2016-05-04 22:17:47 START read config parameters
1462393067019	<INFO 7f6270ad7780> PARTITIONING::OLD 0
1462393067021	<INFO 7f6270ad7780> PARTITIONING::BALANCED_PARTITIONS 0
1462393067024	<INFO 7f6270ad7780> CORE::CONFIG::PROCESSORS 8
1462393067026	<INFO 7f6270ad7780> CORE::CONFIG::PHYSICAL_MEMORY 2147483648
1462393067028	<INFO 7f6270ad7780> CORE::CONFIG::VERTICES 268435456
1462393067030	<INFO 7f6270ad7780> CORE::CONFIG::VERTEX_SIZE 12
1462393067033	<INFO 7f6270ad7780> CORE::CONFIG::VERTEX_BUFFER 1306428636
1462393067035	<INFO 7f6270ad7780> CORE::CONFIG::EDGES 536870912
1462393067038	<INFO 7f6270ad7780> CORE::CONFIG::PARTITIONS 64
1462393067040	<INFO 7f6270ad7780> CORE::CONFIG::FANOUT 64
1462393067042	<INFO 7f6270ad7780> CORE::CONFIG::SUPER_PARTITIONS 8
1462393067044	<INFO 7f6270ad7780> CORE::CONFIG::TILES 1
1462393067047	<INFO 7f6270ad7780> CORE::CONFIG::BUFFER_SIZE 168209876
1462393067049	<INFO 7f6270ad7780> CORE::CONFIG::MAX_BUFFERS 4
1462393067051	<INFO 7f6270ad7780> CORE::CONFIG::MAX_STREAMS 4
1462393067053	<INFO 7f6270ad7780> CORE::CONFIG::SUM_OF_OUT_DEGREES_FOR_NEW_PARTITIONS::FIRST_CONSTRAINT 0
1462393067056	<INFO 7f6270ad7780> CORE::CONFIG::MAX_EDGES_PER_NEW_PARTITION::SECOND_CONSTRAINT 0
1462393067058	<INFO 7f6270ad7780> SLIPSTREAM::EXT_MEM_SHUFFLE OFF
1462393067060	<INFO 7f6270ad7780> 2016-05-04 22:17:47 END read config parameters
1462393068761	<WARNING 7f6270ad7780> Unable to unlink file (stream.0.0.0):No such file or directory
1462393068763	<WARNING 7f6270ad7780> Unable to unlink file (stream.0.1.0):No such file or directory
1462393068765	<WARNING 7f6270ad7780> Unable to unlink file (stream.0.2.0):No such file or directory
1462393068767	<WARNING 7f6270ad7780> Unable to unlink file (stream.0.3.0):No such file or directory
1462393068770	<WARNING 7f6270ad7780> Unable to unlink file (stream.0.4.0):No such file or directory
1462393068772	<WARNING 7f6270ad7780> Unable to unlink file (stream.0.5.0):No such file or directory
1462393068774	<WARNING 7f6270ad7780> Unable to unlink file (stream.0.6.0):No such file or directory
1462393068777	<WARNING 7f6270ad7780> Unable to unlink file (stream.0.7.0):No such file or directory
1462393068779	<WARNING 7f6270ad7780> Unable to unlink file (stream.1.1.0):No such file or directory
1462393068781	<WARNING 7f6270ad7780> Unable to unlink file (stream.1.2.0):No such file or directory
1462393068783	<WARNING 7f6270ad7780> Unable to unlink file (stream.1.3.0):No such file or directory
1462393068786	<WARNING 7f6270ad7780> Unable to unlink file (stream.1.4.0):No such file or directory
1462393068788	<WARNING 7f6270ad7780> Unable to unlink file (stream.1.5.0):No such file or directory
1462393068790	<WARNING 7f6270ad7780> Unable to unlink file (stream.1.6.0):No such file or directory
1462393068792	<WARNING 7f6270ad7780> Unable to unlink file (stream.1.7.0):No such file or directory
1462393068795	<WARNING 7f6270ad7780> Unable to unlink file (stream.2.0.0):No such file or directory
1462393068797	<WARNING 7f6270ad7780> Unable to unlink file (stream.2.1.0):No such file or directory
1462393068799	<WARNING 7f6270ad7780> Unable to unlink file (stream.2.2.0):No such file or directory
1462393068802	<WARNING 7f6270ad7780> Unable to unlink file (stream.2.3.0):No such file or directory
1462393068804	<WARNING 7f6270ad7780> Unable to unlink file (stream.2.4.0):No such file or directory
1462393068807	<WARNING 7f6270ad7780> Unable to unlink file (stream.2.5.0):No such file or directory
1462393068809	<WARNING 7f6270ad7780> Unable to unlink file (stream.2.6.0):No such file or directory
1462393068811	<WARNING 7f6270ad7780> Unable to unlink file (stream.2.7.0):No such file or directory
1462393068813	<WARNING 7f6270ad7780> Unable to unlink file (stream.3.0.0):No such file or directory
1462393068816	<WARNING 7f6270ad7780> Unable to unlink file (stream.3.1.0):No such file or directory
1462393068818	<WARNING 7f6270ad7780> Unable to unlink file (stream.3.2.0):No such file or directory
1462393068820	<WARNING 7f6270ad7780> Unable to unlink file (stream.3.3.0):No such file or directory
1462393068823	<WARNING 7f6270ad7780> Unable to unlink file (stream.3.4.0):No such file or directory
1462393068825	<WARNING 7f6270ad7780> Unable to unlink file (stream.3.5.0):No such file or directory
1462393068828	<WARNING 7f6270ad7780> Unable to unlink file (stream.3.6.0):No such file or directory
1462393068830	<WARNING 7f6270ad7780> Unable to unlink file (stream.3.7.0):No such file or directory
1462393068832	<INFO 7f6270ad7780> SLIPSTORE::ZMQ_THREADS 2
1462393068835	<INFO 7f6270ad7780> SLIPSTORE::COMM Connecting to tcp://dco-node137-10g:5016
1462393068837	<INFO 7f6270ad7780> SLIPSTORE::COMM Connecting to tcp://dco-node138-10g:5034
1462393068839	<INFO 7f6270ad7780> SLIPSTORE::COMM Connecting to tcp://dco-node139-10g:5052
1462393068842	<INFO 7f6270ad7780> SLIPSTORE::COMM Connecting to tcp://dco-node140-10g:5070
1462393068844	<INFO 7f6270ad7780> SLIPSTORE::COMM Connecting to tcp://dco-node141-10g:5088
1462393068846	<INFO 7f6270ad7780> SLIPSTORE::COMM Connecting to tcp://dco-node142-10g:5106
1462393068849	<INFO 7f6270ad7780> SLIPSTORE::COMM Connecting to tcp://dco-node143-10g:5124
1462393068851	<INFO 7f6270ad7780> SLIPSTORE::COMM Connecting to tcp://dco-node144-10g:5142
1462393068853	<INFO 7f6270ad7780> SLIPSTORE::COMM Listening at tcp://p1p1:5116
1462393068855	<INFO 7f6270ad7780> SLIPSTORE::COMM Listening at tcp://p1p1:5117
1462393068858	<INFO 7f6270ad7780> SLIPSTORE::COMM Listening at tcp://p1p1:5118
1462393068860	<INFO 7f6270ad7780> SLIPSTORE::COMM Listening at tcp://p1p1:5119
1462393068862	<INFO 7f6270ad7780> SLIPSTORE::COMM Listening at tcp://p1p1:5120
1462393068864	<INFO 7f6270ad7780> SLIPSTORE::COMM Listening at tcp://p1p1:5121
1462393068867	<INFO 7f6270ad7780> SLIPSTORE::COMM Listening at ipc://client
1462393068869	<INFO 7f6270ad7780> SLIPSTORE::COMM Listening at tcp://p1p1:5123
1462393068871	<INFO 7f6270ad7780> SLIPSTORE::COMM Connecting to tcp://dco-node137-10g:5016
1462393068873	<INFO 7f6270ad7780> SLIPSTORE::COMM Connecting to tcp://dco-node138-10g:5034
1462393068875	<INFO 7f6270ad7780> SLIPSTORE::COMM Connecting to tcp://dco-node139-10g:5052
1462393068878	<INFO 7f6270ad7780> SLIPSTORE::COMM Connecting to tcp://dco-node140-10g:5070
1462393068880	<INFO 7f6270ad7780> SLIPSTORE::COMM Connecting to tcp://dco-node141-10g:5088
1462393068882	<INFO 7f6270ad7780> SLIPSTORE::COMM Connecting to tcp://dco-node142-10g:5106
1462393068885	<INFO 7f6270ad7780> SLIPSTORE::COMM Connecting to tcp://dco-node143-10g:5124
1462393068887	<INFO 7f6270ad7780> SLIPSTORE::COMM Connecting to tcp://dco-node144-10g:5142
1462393068889	<INFO 7f6270ad7780> SLIPSTORE::COMM Connecting to tcp://dco-node137-10g:5006
1462393068891	<INFO 7f6270ad7780> SLIPSTORE::COMM Connecting to tcp://dco-node138-10g:5024
1462393068894	<INFO 7f6270ad7780> SLIPSTORE::COMM Connecting to tcp://dco-node139-10g:5042
1462393068896	<INFO 7f6270ad7780> SLIPSTORE::COMM Connecting to tcp://dco-node140-10g:5060
1462393068898	<INFO 7f6270ad7780> SLIPSTORE::COMM Connecting to tcp://dco-node141-10g:5078
1462393068900	<INFO 7f6270ad7780> SLIPSTORE::COMM Connecting to tcp://dco-node142-10g:5096
1462393068902	<INFO 7f6270ad7780> SLIPSTORE::COMM Connecting to ipc://server
1462393068905	<INFO 7f6270ad7780> SLIPSTORE::COMM Connecting to tcp://dco-node144-10g:5132
1462393068907	<INFO 7f6270ad7780> SLIPSTORE::COMM Connecting to tcp://dco-node144-10g:5143
1462393068909	<INFO 7f6270ad7780> SLIPSTORE::COMM Listening at tcp://p1p1:5125
1462393068912	<INFO 7f6270ad7780> SLIPSTORE::COMM Connecting to tcp://dco-node143-10g:5124
1462393068914	<INFO 7f6270ad7780> SLIPSTORE::HELP_POLICY NONE
1462393068916	<INFO 7f6270ad7780> SLIPSTORE::SERVER ASYNC
1462393068919	<INFO 7f6270ad7780> SLIPSTORE::MACHINES 8
1462393068921	<INFO 7f6270ad7780> SLIPSTORE::ME 6
1462393068923	<INFO 7f6270ad7780> SLIPSTORE::SLIPCHUNK 4194304
1462393068925	<INFO 7f6270ad7780> SLIPSTORE::QUOTA 18446744073709551615
1462393068927	<INFO 7f6270ad7780> SLIPSTORE::IO PAGECACHE
1462393068929	<INFO 7f44533fc700> SLIPSTORE::COMM Listening at tcp://p1p1:5124
1462393068932	<INFO 7f44533fc700> SLIPSTORE::COMM Listening at tcp://p1p1:5108
1462393068934	<INFO 7f44533fc700> SLIPSTORE::COMM Connecting to tcp://dco-node137-10g:5014
1462393068936	<INFO 7f44533fc700> SLIPSTORE::COMM Listening at tcp://p1p1:5109
1462393068938	<INFO 7f44533fc700> SLIPSTORE::COMM Connecting to tcp://dco-node138-10g:5032
1462393068940	<INFO 7f44533fc700> SLIPSTORE::COMM Listening at tcp://p1p1:5110
1462393068943	<INFO 7f44533fc700> SLIPSTORE::COMM Connecting to tcp://dco-node139-10g:5050
1462393068945	<INFO 7f44533fc700> SLIPSTORE::COMM Listening at tcp://p1p1:5111
1462393068947	<INFO 7f44533fc700> SLIPSTORE::COMM Connecting to tcp://dco-node140-10g:5068
1462393068949	<INFO 7f44533fc700> SLIPSTORE::COMM Listening at tcp://p1p1:5112
1462393068951	<INFO 7f44533fc700> SLIPSTORE::COMM Connecting to tcp://dco-node141-10g:5086
1462393068953	<INFO 7f44533fc700> SLIPSTORE::COMM Listening at tcp://p1p1:5113
1462393068955	<INFO 7f44533fc700> SLIPSTORE::COMM Connecting to tcp://dco-node142-10g:5104
1462393068957	<INFO 7f44533fc700> SLIPSTORE::COMM Listening at ipc://server
1462393068959	<INFO 7f44533fc700> SLIPSTORE::COMM Connecting to ipc://client
1462393068962	<INFO 7f44533fc700> SLIPSTORE::COMM Listening at tcp://p1p1:5115
1462393068964	<INFO 7f44533fc700> SLIPSTORE::COMM Connecting to tcp://dco-node144-10g:5140
1462393069934	<INFO 7f6270ad7780> SLIPSTORE::CHECKPOINTS NONE FOUND
1462393069936	<INFO 7f6270ad7780> 2016-05-04 22:17:49 Start edge split
1462393203458	<INFO 7f6270ad7780> 2016-05-04 22:20:03 Completed init
1462393207801	<INFO 7f6270ad7780> 2016-05-04 22:20:07 Started gather
1462393209719	<INFO 7f6270ad7780> 2016-05-04 22:20:09 Completed gather
1462393216608	<INFO 7f6270ad7780> 2016-05-04 22:20:16 Started scatter
1462393251996	<INFO 7f6270ad7780> 2016-05-04 22:20:51 Completed scatter
1462393254405	<INFO 7f6270ad7780> 2016-05-04 22:20:54 Completed phase 1 Bytes read 13591279296 Bytes written 7148828352
1462393263190	<INFO 7f6270ad7780> 2016-05-04 22:21:03 Started gather
1462393265035	<INFO 7f6270ad7780> 2016-05-04 22:21:05 Completed gather
1462393272088	<INFO 7f6270ad7780> 2016-05-04 22:21:12 Started gather
1462393354077	<INFO 7f6270ad7780> 2016-05-04 22:22:34 Completed gather
1462393354105	<INFO 7f6270ad7780> 2016-05-04 22:22:34 Completed phase 2 Bytes read 21044189808 Bytes written 12341807568
1462393363434	<INFO 7f6270ad7780> 2016-05-04 22:22:43 Started gather
1462393386984	<INFO 7f6270ad7780> 2016-05-04 22:23:06 Completed gather
1462393412437	<INFO 7f6270ad7780> 2016-05-04 22:23:32 Started scatter
1462393488310	<INFO 7f6270ad7780> 2016-05-04 22:24:48 Completed scatter
1462393492908	<INFO 7f6270ad7780> 2016-05-04 22:24:52 Completed phase 3 Bytes read 32777833056 Bytes written 17109436808
1462393501869	<INFO 7f6270ad7780> 2016-05-04 22:25:01 Started gather
1462393526858	<INFO 7f6270ad7780> 2016-05-04 22:25:26 Completed gather
1462393554409	<INFO 7f6270ad7780> 2016-05-04 22:25:54 Started scatter
1462393635071	<INFO 7f6270ad7780> 2016-05-04 22:27:15 Completed scatter
1462393635360	<INFO 7f6270ad7780> 2016-05-04 22:27:15 Completed phase 4 Bytes read 44390208488 Bytes written 21985671184
1462393644722	<INFO 7f6270ad7780> 2016-05-04 22:27:24 Started gather
1462393666198	<INFO 7f6270ad7780> 2016-05-04 22:27:46 Completed gather
1462393694139	<INFO 7f6270ad7780> 2016-05-04 22:28:14 Started scatter
1462393772065	<INFO 7f6270ad7780> 2016-05-04 22:29:32 Completed scatter
1462393774856	<INFO 7f6270ad7780> 2016-05-04 22:29:34 Completed phase 5 Bytes read 56111189056 Bytes written 26878621824
1462393783904	<INFO 7f6270ad7780> 2016-05-04 22:29:43 Started gather
1462393806550	<INFO 7f6270ad7780> 2016-05-04 22:30:06 Completed gather
1462393832945	<INFO 7f6270ad7780> 2016-05-04 22:30:32 Started scatter
1462393912133	<INFO 7f6270ad7780> 2016-05-04 22:31:52 Completed scatter
1462393913162	<INFO 7f6270ad7780> 2016-05-04 22:31:53 Completed phase 6 Bytes read 67848885888 Bytes written 31795302952
1462393921985	<INFO 7f6270ad7780> 2016-05-04 22:32:01 Started gather
1462393945782	<INFO 7f6270ad7780> 2016-05-04 22:32:25 Completed gather
1462393973003	<INFO 7f6270ad7780> 2016-05-04 22:32:53 Started scatter
1462394050286	<INFO 7f6270ad7780> 2016-05-04 22:34:10 Completed scatter
1462394053001	<INFO 7f6270ad7780> 2016-05-04 22:34:12 Completed phase 7 Bytes read 79610313208 Bytes written 36666515320
1462394053003	<INFO 7f6270ad7780> CORE::PARTITIONS_PROCESSED 1571
1462394053005	<INFO 7f6270ad7780> CORE::BYTES::EDGES_STREAMED 5089149324
1462394053007	<INFO 7f6270ad7780> CORE::BYTES::UPDATES_OUT 2918497448
1462394053010	<INFO 7f6270ad7780> CORE::BYTES::UPDATES_IN 2260062384
1462394053012	<INFO 7f4447fff700> CORE::PARTITIONS_PROCESSED 836
1462394053014	<INFO 7f4447fff700> CORE::BYTES::EDGES_STREAMED 4947852516
1462394053017	<INFO 7f4447fff700> CORE::BYTES::UPDATES_OUT 2829628072
1462394053019	<INFO 7f4447fff700> CORE::BYTES::UPDATES_IN 2327753752
1462394053022	<INFO 7f4451bf9700> CORE::PARTITIONS_PROCESSED 842
1462394053024	<INFO 7f4451bf9700> CORE::BYTES::EDGES_STREAMED 5467996152
1462394053027	<INFO 7f4451bf9700> CORE::BYTES::UPDATES_OUT 3115597160
1462394053029	<INFO 7f4451bf9700> CORE::BYTES::UPDATES_IN 2677890752
1462394053032	<INFO 7f44523fa700> CORE::PARTITIONS_PROCESSED 472
1462394053034	<INFO 7f4446ffd700> CORE::PARTITIONS_PROCESSED 1204
1462394053037	<INFO 7f4450bf7700> CORE::PARTITIONS_PROCESSED 1652
1462394053039	<INFO 7f4450bf7700> CORE::BYTES::EDGES_STREAMED 4527650100
1462394053041	<INFO 7f4446ffd700> CORE::BYTES::EDGES_STREAMED 6328269540
1462394053043	<INFO 7f44477fe700> CORE::PARTITIONS_PROCESSED 1252
1462394053045	<INFO 7f4450bf7700> CORE::BYTES::UPDATES_OUT 2596002944
1462394053047	<INFO 7f4450bf7700> CORE::BYTES::UPDATES_IN 2119667720
1462394053050	<INFO 7f44477fe700> CORE::BYTES::EDGES_STREAMED 7901235900
1462394053052	<INFO 7f44523fa700> CORE::BYTES::EDGES_STREAMED 5742158940
1462394053054	<INFO 7f4446ffd700> CORE::BYTES::UPDATES_OUT 3637076336
1462394053056	<INFO 7f44477fe700> CORE::BYTES::UPDATES_OUT 4487746832
1462394053058	<INFO 7f44523fa700> CORE::BYTES::UPDATES_OUT 3290399872
1462394053061	<INFO 7f4446ffd700> CORE::BYTES::UPDATES_IN 2790837032
1462394053063	<INFO 7f44477fe700> CORE::BYTES::UPDATES_IN 4173964728
1462394053065	<INFO 7f44523fa700> CORE::BYTES::UPDATES_IN 2632952000
1462394053067	<INFO 7f44513f8700> CORE::PARTITIONS_PROCESSED 811
1462394053069	<INFO 7f44513f8700> CORE::BYTES::EDGES_STREAMED 5780335752
1462394053072	<INFO 7f44513f8700> CORE::BYTES::UPDATES_OUT 3287707464
1462394053074	<INFO 7f44513f8700> CORE::BYTES::UPDATES_IN 2821496032
1462394053076	<INFO 7f44533fc700> SLIPSTORE service is exiting
1462394053078	<INFO 7f44533fc700> SLIPSTORE::HELP_OFFERS_RECVD 98
1462394053080	<INFO 7f44533fc700> SLIPSTORE::HELP_OFFERS_ACCEPTED 0
1462394053083	<INFO 7f44533fc700> SLIPSTORE::HELP_ACCEPTANCE_RATIO 0
1462394053085	<INFO 7f44533fc700> SLIPSTORE::SERVER_BUSY_DISK  605.459 seconds
1462394053087	<INFO 7f44533fc700> SLIPSTORE::SERVER_BUSY_MEM  0 seconds
1462394053089	<INFO 7f44533fc700> SLIPSTORE::SERVER_TOTAL  984.204 seconds
1462394053091	<INFO 7f6270ad7780> SLIPSTORE::CLIENT::DISK_READ_TIME  633.573 seconds
1462394053094	<INFO 7f6270ad7780> SLIPSTORE::CLIENT::MEM_READ_TIME  0 seconds
1462394053096	<INFO 7f6270ad7780> SLIPSTORE::CLIENT::DISK_BYTES_READ 80113366768
1462394053098	<INFO 7f6270ad7780> SLIPSTORE::CLIENT::MEM_BYTES_READ 0
1462394053100	<INFO 7f6270ad7780> SLIPSTORE::CLIENT::WRITE_TIME  140.353 seconds
1462394053102	<INFO 7f6270ad7780> SLIPSTORE::CLIENT::BYTES_WRITTEN 11003683344
1462394053105	<INFO 7f6270ad7780> SLIPSTORE::CLIENT_BUSY  773.922 seconds
1462394053107	<INFO 7f6270ad7780> SLIPSTORE::IO::TIME 359.307 seconds
1462394053109	<INFO 7f6270ad7780> SLIPSTORE::SNAP::TIME 0 seconds
1462394053111	<INFO 7f6270ad7780> SLIPSTORE::MAX_DISK_USAGE_BYTES 11153263000
1462394054307	<INFO 7f6270ad7780> CORE::RUSAGE::MAX_RSS_KB 125938380
1462394054309	<INFO 7f6270ad7780> CORE::RUSAGE::MINFLT 71668385
1462394054311	<INFO 7f6270ad7780> CORE::RUSAGE::MAJFLT 3
1462394054314	<INFO 7f6270ad7780> CORE::RUSAGE::MAJFLT 3
1462394054316	<INFO 7f6270ad7780> CORE::RUSAGE::INBLK 137720768
1462394054318	<INFO 7f6270ad7780> CORE::RUSAGE::OUBLK 71629312
1462394054320	<INFO 7f6270ad7780> CORE::UTILS::BYTES_READ 79610313208
1462394054323	<INFO 7f6270ad7780> CORE::UTILS::BYTES_WRITTEN 36666515320
1462394054326	<INFO 7f6270ad7780> CORE::UTILS::TILE_COPY_BYTES 6081643200
1462394054328	<INFO 7f6270ad7780> CORE::TIME::IO_WAIT 601.981 seconds
1462394054330	<INFO 7f6270ad7780> CORE::TIME_TILE_COPY 0 seconds
1462394054332	<INFO 7f6270ad7780> CORE::TIME_TILE_MERGE 0 seconds
1462394054335	<INFO 7f6270ad7780> CORE::TIME_PROCESSING_STOLEN 0 seconds
1462394054337	<INFO 7f6270ad7780> CORE::TIME_MERGE_WAIT 0 seconds
1462394054339	<INFO 7f6270ad7780> CORE::OTHER_TIME_ALL_MC_BARRIER 0 seconds
1462394054341	<INFO 7f6270ad7780> CORE::SCATTER_TIME_ALL_MC_BARRIER 12.1133 seconds
1462394054344	<INFO 7f6270ad7780> CORE::GATHER_TIME_ALL_MC_BARRIER 0.025243 seconds
1462394054346	<INFO 7f6270ad7780> CORE::INIT_TIME_ALL_MC_BARRIER 1.33062 seconds
1462394054348	<INFO 7f6270ad7780> CORE::SHUT_DOWN_TIME_ALL_MC_BARRIER 0.002485 seconds
1462394054351	<INFO 7f6270ad7780> CORE::STREAM_SKIP_BEFORE_TIME_ALL_MC_BARRIER 45.9705 seconds
1462394054353	<INFO 7f6270ad7780> CORE::TAKE_CHECKPOINT_BEFORE_TIME_ALL_MC_BARRIER 0 seconds
1462394054355	<INFO 7f6270ad7780> CORE::TAKE_CHECKPOINT_COMPLETE_TIME_ALL_MC_BARRIER 0 seconds
1462394054357	<INFO 7f6270ad7780> CORE::METADATA_WRITE_COMPLETE_TIME_ALL_MC_BARRIER 0 seconds
1462394054360	<INFO 7f6270ad7780> CORE::STREAM_EOF_BEFORE_TIME_ALL_MC_BARRIER 0 seconds
1462394054362	<INFO 7f6270ad7780> CORE::STREAM_EOF_AFTER_TIME_ALL_MC_BARRIER 0 seconds
1462394054364	<INFO 7f6270ad7780> CORE::STATE_LOAD_TIME_ALL_MC_BARRIER 0 seconds
1462394054366	<INFO 7f6270ad7780> CORE::STATE_STORE_TIME_ALL_MC_BARRIER 0 seconds
1462394054369	<INFO 7f6270ad7780> CORE::PHASES 7
1462394054371	<INFO 7f6270ad7780> CORE::TIME::SETUP 4.22448 seconds
1462394054373	<INFO 7f6270ad7780> CORE::TIME::STATE_ITER 12.5712 seconds
1462394054375	<INFO 7f6270ad7780> CORE::TIME::GATHER 314.641 seconds
1462394054378	<INFO 7f6270ad7780> CORE::TIME::SCATTER 522.069 seconds
1462394054380	<INFO 7f6270ad7780> CORE::TIME::WALL 987.295 seconds
1462394054382	<INFO 7f6270ad7780> SHUTDOWN
