1461708404280	<INFO 7fa982db3740> 2016-04-27 00:06:44 STARTUP
1461708404284	<INFO 7fa982db3740> CORE::GRAPH rmat-28_s8
1461708404288	<INFO 7fa982db3740> CORE::ALGORITHM pagerank
1461708404292	<INFO 7fa982db3740> CORE::VERTEX_STRIPING OFF
1461708404296	<INFO 7fa982db3740> CORE::OPTIMIZED_STATE_LOAD_STORE ON
1461708404300	<INFO 7fa982db3740> CORE::BINARY_SEARCH_SUPER_PARTITION ON
1461708404303	<INFO 7fa982db3740> CORE::SUPER_PARTITION_COMPUTED_FOR_EACH_SCATTER_GATHER_PHASE
1461708404307	<INFO 7fa982db3740> CORE::EDGE_STRIPING ON
1461708404311	<INFO 7fa982db3740> CORE::BATCH IO ON
1461708404315	<INFO 7fa982db3740> 2016-04-27 00:06:44 Blocking memory amount 126701535232
1461708512284	<INFO 7fa982db3740> 2016-04-27 00:08:32 Done blocking memory
1461708512288	<INFO 7fa982db3740> SG-DRIVER-ORIGINAL
1461708512292	<INFO 7fa982db3740> 2016-04-27 00:08:32 START read config parameters
1461708512295	<INFO 7fa982db3740> PARTITIONING::OLD 0
1461708512299	<INFO 7fa982db3740> PARTITIONING::BALANCED_PARTITIONS 0
1461708512302	<INFO 7fa982db3740> CORE::CONFIG::PROCESSORS 8
1461708512306	<INFO 7fa982db3740> CORE::CONFIG::PHYSICAL_MEMORY 2147483648
1461708512310	<INFO 7fa982db3740> CORE::CONFIG::VERTICES 268435456
1461708512313	<INFO 7fa982db3740> CORE::CONFIG::VERTEX_SIZE 12
1461708512316	<INFO 7fa982db3740> CORE::CONFIG::VERTEX_BUFFER 1402204788
1461708512321	<INFO 7fa982db3740> CORE::CONFIG::EDGES 536870912
1461708512324	<INFO 7fa982db3740> CORE::CONFIG::PARTITIONS 64
1461708512328	<INFO 7fa982db3740> CORE::CONFIG::FANOUT 64
1461708512331	<INFO 7fa982db3740> CORE::CONFIG::SUPER_PARTITIONS 8
1461708512335	<INFO 7fa982db3740> CORE::CONFIG::TILES 1
1461708512339	<INFO 7fa982db3740> CORE::CONFIG::BUFFER_SIZE 149054645
1461708512343	<INFO 7fa982db3740> CORE::CONFIG::MAX_BUFFERS 4
1461708512347	<INFO 7fa982db3740> CORE::CONFIG::MAX_STREAMS 4
1461708512350	<INFO 7fa982db3740> CORE::CONFIG::SUM_OF_OUT_DEGREES_FOR_NEW_PARTITIONS::FIRST_CONSTRAINT 536870912
1461708512354	<INFO 7fa982db3740> CORE::CONFIG::MAX_EDGES_PER_NEW_PARTITION::SECOND_CONSTRAINT 536870912
1461708512357	<INFO 7fa982db3740> SLIPSTREAM::EXT_MEM_SHUFFLE OFF
1461708512361	<INFO 7fa982db3740> 2016-04-27 00:08:32 END read config parameters
1461708514092	<WARNING 7fa982db3740> Unable to unlink file (stream.0.0.0):No such file or directory
1461708514096	<WARNING 7fa982db3740> Unable to unlink file (stream.0.1.0):No such file or directory
1461708514100	<WARNING 7fa982db3740> Unable to unlink file (stream.0.2.0):No such file or directory
1461708514104	<WARNING 7fa982db3740> Unable to unlink file (stream.0.3.0):No such file or directory
1461708514108	<WARNING 7fa982db3740> Unable to unlink file (stream.0.4.0):No such file or directory
1461708514112	<WARNING 7fa982db3740> Unable to unlink file (stream.0.5.0):No such file or directory
1461708514117	<WARNING 7fa982db3740> Unable to unlink file (stream.0.6.0):No such file or directory
1461708514120	<WARNING 7fa982db3740> Unable to unlink file (stream.0.7.0):No such file or directory
1461708514124	<WARNING 7fa982db3740> Unable to unlink file (stream.1.1.0):No such file or directory
1461708514128	<WARNING 7fa982db3740> Unable to unlink file (stream.1.2.0):No such file or directory
1461708514132	<WARNING 7fa982db3740> Unable to unlink file (stream.1.3.0):No such file or directory
1461708514136	<WARNING 7fa982db3740> Unable to unlink file (stream.1.4.0):No such file or directory
1461708514140	<WARNING 7fa982db3740> Unable to unlink file (stream.1.5.0):No such file or directory
1461708514144	<WARNING 7fa982db3740> Unable to unlink file (stream.1.6.0):No such file or directory
1461708514148	<WARNING 7fa982db3740> Unable to unlink file (stream.1.7.0):No such file or directory
1461708514151	<WARNING 7fa982db3740> Unable to unlink file (stream.2.0.0):No such file or directory
1461708514155	<WARNING 7fa982db3740> Unable to unlink file (stream.2.1.0):No such file or directory
1461708514158	<WARNING 7fa982db3740> Unable to unlink file (stream.2.2.0):No such file or directory
1461708514163	<WARNING 7fa982db3740> Unable to unlink file (stream.2.3.0):No such file or directory
1461708514167	<WARNING 7fa982db3740> Unable to unlink file (stream.2.4.0):No such file or directory
1461708514171	<WARNING 7fa982db3740> Unable to unlink file (stream.2.5.0):No such file or directory
1461708514174	<WARNING 7fa982db3740> Unable to unlink file (stream.2.6.0):No such file or directory
1461708514177	<WARNING 7fa982db3740> Unable to unlink file (stream.2.7.0):No such file or directory
1461708514180	<WARNING 7fa982db3740> Unable to unlink file (stream.3.0.0):No such file or directory
1461708514184	<WARNING 7fa982db3740> Unable to unlink file (stream.3.1.0):No such file or directory
1461708514188	<WARNING 7fa982db3740> Unable to unlink file (stream.3.2.0):No such file or directory
1461708514192	<WARNING 7fa982db3740> Unable to unlink file (stream.3.3.0):No such file or directory
1461708514196	<WARNING 7fa982db3740> Unable to unlink file (stream.3.4.0):No such file or directory
1461708514200	<WARNING 7fa982db3740> Unable to unlink file (stream.3.5.0):No such file or directory
1461708514203	<WARNING 7fa982db3740> Unable to unlink file (stream.3.6.0):No such file or directory
1461708514207	<WARNING 7fa982db3740> Unable to unlink file (stream.3.7.0):No such file or directory
1461708514211	<INFO 7fa982db3740> SLIPSTORE::ZMQ_THREADS 2
1461708514214	<INFO 7fa982db3740> SLIPSTORE::COMM Connecting to tcp://dco-node137-10g:5016
1461708514218	<INFO 7fa982db3740> SLIPSTORE::COMM Connecting to tcp://dco-node138-10g:5034
1461708514222	<INFO 7fa982db3740> SLIPSTORE::COMM Connecting to tcp://dco-node139-10g:5052
1461708514226	<INFO 7fa982db3740> SLIPSTORE::COMM Connecting to tcp://dco-node140-10g:5070
1461708514229	<INFO 7fa982db3740> SLIPSTORE::COMM Connecting to tcp://dco-node141-10g:5088
1461708514233	<INFO 7fa982db3740> SLIPSTORE::COMM Connecting to tcp://dco-node142-10g:5106
1461708514237	<INFO 7fa982db3740> SLIPSTORE::COMM Connecting to tcp://dco-node143-10g:5124
1461708514240	<INFO 7fa982db3740> SLIPSTORE::COMM Connecting to tcp://dco-node144-10g:5142
1461708514243	<INFO 7fa982db3740> SLIPSTORE::COMM Listening at tcp://ens1f0:5098
1461708514247	<INFO 7fa982db3740> SLIPSTORE::COMM Listening at tcp://ens1f0:5099
1461708514252	<INFO 7fa982db3740> SLIPSTORE::COMM Listening at tcp://ens1f0:5100
1461708514255	<INFO 7fa982db3740> SLIPSTORE::COMM Listening at tcp://ens1f0:5101
1461708514259	<INFO 7fa982db3740> SLIPSTORE::COMM Listening at tcp://ens1f0:5102
1461708514263	<INFO 7fa982db3740> SLIPSTORE::COMM Listening at ipc://client
1461708514266	<INFO 7fa982db3740> SLIPSTORE::COMM Listening at tcp://ens1f0:5104
1461708514270	<INFO 7fa982db3740> SLIPSTORE::COMM Listening at tcp://ens1f0:5105
1461708514273	<INFO 7fa982db3740> SLIPSTORE::COMM Connecting to tcp://dco-node137-10g:5016
1461708514277	<INFO 7fa982db3740> SLIPSTORE::COMM Connecting to tcp://dco-node138-10g:5034
1461708514281	<INFO 7fa982db3740> SLIPSTORE::COMM Connecting to tcp://dco-node139-10g:5052
1461708514284	<INFO 7fa982db3740> SLIPSTORE::COMM Connecting to tcp://dco-node140-10g:5070
1461708514288	<INFO 7fa982db3740> SLIPSTORE::COMM Connecting to tcp://dco-node141-10g:5088
1461708514291	<INFO 7fa982db3740> SLIPSTORE::COMM Connecting to tcp://dco-node142-10g:5106
1461708514295	<INFO 7fa982db3740> SLIPSTORE::COMM Connecting to tcp://dco-node143-10g:5124
1461708514299	<INFO 7fa982db3740> SLIPSTORE::COMM Connecting to tcp://dco-node144-10g:5142
1461708514303	<INFO 7fa982db3740> SLIPSTORE::COMM Connecting to tcp://dco-node137-10g:5005
1461708514306	<INFO 7fa982db3740> SLIPSTORE::COMM Connecting to tcp://dco-node138-10g:5023
1461708514309	<INFO 7fa982db3740> SLIPSTORE::COMM Connecting to tcp://dco-node139-10g:5041
1461708514313	<INFO 7fa982db3740> SLIPSTORE::COMM Connecting to tcp://dco-node140-10g:5059
1461708514316	<INFO 7fa982db3740> SLIPSTORE::COMM Connecting to tcp://dco-node141-10g:5077
1461708514320	<INFO 7fa982db3740> SLIPSTORE::COMM Connecting to ipc://server
1461708514323	<INFO 7fa982db3740> SLIPSTORE::COMM Connecting to tcp://dco-node143-10g:5113
1461708514328	<INFO 7fa982db3740> SLIPSTORE::COMM Connecting to tcp://dco-node144-10g:5131
1461708514332	<INFO 7fa982db3740> SLIPSTORE::COMM Connecting to tcp://dco-node143-10g:5125
1461708514335	<INFO 7fa982db3740> SLIPSTORE::COMM Listening at tcp://ens1f0:5107
1461708514339	<INFO 7fa982db3740> SLIPSTORE::COMM Connecting to tcp://dco-node142-10g:5106
1461708514342	<INFO 7fa982db3740> SLIPSTORE::HELP_POLICY NONE
1461708514345	<INFO 7fa982db3740> SLIPSTORE::SERVER ASYNC
1461708514347	<INFO 7fa982db3740> SLIPSTORE::MACHINES 8
1461708514350	<INFO 7fa982db3740> SLIPSTORE::ME 5
1461708514354	<INFO 7fa982db3740> SLIPSTORE::SLIPCHUNK 4194304
1461708514358	<INFO 7fa982db3740> SLIPSTORE::QUOTA 18446744073709551615
1461708514362	<INFO 7fa982db3740> SLIPSTORE::IO PAGECACHE
1461708514366	<INFO 7f8b6cbf4700> SLIPSTORE::COMM Listening at tcp://ens1f0:5106
1461708514369	<INFO 7f8b6cbf4700> SLIPSTORE::COMM Listening at tcp://ens1f0:5090
1461708514373	<INFO 7f8b6cbf4700> SLIPSTORE::COMM Connecting to tcp://dco-node137-10g:5013
1461708514376	<INFO 7f8b6cbf4700> SLIPSTORE::COMM Listening at tcp://ens1f0:5091
1461708514379	<INFO 7f8b6cbf4700> SLIPSTORE::COMM Connecting to tcp://dco-node138-10g:5031
1461708514383	<INFO 7f8b6cbf4700> SLIPSTORE::COMM Listening at tcp://ens1f0:5092
1461708514386	<INFO 7f8b6cbf4700> SLIPSTORE::COMM Connecting to tcp://dco-node139-10g:5049
1461708514389	<INFO 7f8b6cbf4700> SLIPSTORE::COMM Listening at tcp://ens1f0:5093
1461708514393	<INFO 7f8b6cbf4700> SLIPSTORE::COMM Connecting to tcp://dco-node140-10g:5067
1461708514397	<INFO 7f8b6cbf4700> SLIPSTORE::COMM Listening at tcp://ens1f0:5094
1461708514401	<INFO 7f8b6cbf4700> SLIPSTORE::COMM Connecting to tcp://dco-node141-10g:5085
1461708514404	<INFO 7f8b6cbf4700> SLIPSTORE::COMM Listening at ipc://server
1461708514407	<INFO 7f8b6cbf4700> SLIPSTORE::COMM Connecting to ipc://client
1461708514409	<INFO 7f8b6cbf4700> SLIPSTORE::COMM Listening at tcp://ens1f0:5096
1461708514412	<INFO 7f8b6cbf4700> SLIPSTORE::COMM Connecting to tcp://dco-node143-10g:5121
1461708514415	<INFO 7f8b6cbf4700> SLIPSTORE::COMM Listening at tcp://ens1f0:5097
1461708514419	<INFO 7f8b6cbf4700> SLIPSTORE::COMM Connecting to tcp://dco-node144-10g:5139
1461708515127	<INFO 7fa982db3740> SLIPSTORE::CHECKPOINTS NONE FOUND
1461708515129	<INFO 7fa982db3740> 2016-04-27 00:08:35 Start edge split
1461708566254	<INFO 7fa982db3740> 2016-04-27 00:09:26 Completed init
1461708572411	<INFO 7fa982db3740> 2016-04-27 00:09:32 Started gather
1461708573433	<INFO 7fa982db3740> 2016-04-27 00:09:33 Completed gather
1461708574827	<INFO 7fa982db3740> 2016-04-27 00:09:34 Started scatter
1461708608426	<INFO 7fa982db3740> 2016-04-27 00:10:08 Completed scatter
1461708608639	<INFO 7fa982db3740> 2016-04-27 00:10:08 Completed phase 1 Bytes read 13417636800 Bytes written 6975185856
1461708619154	<INFO 7fa982db3740> 2016-04-27 00:10:19 Started gather
1461708619157	<INFO 7fa982db3740> 2016-04-27 00:10:19 Completed gather
1461708619186	<INFO 7fa982db3740> 2016-04-27 00:10:19 Started gather
1461708668931	<INFO 7fa982db3740> 2016-04-27 00:11:08 Completed gather
1461708669092	<INFO 7fa982db3740> 2016-04-27 00:11:09 Completed phase 2 Bytes read 20392822656 Bytes written 11970828892
1461708682822	<INFO 7fa982db3740> 2016-04-27 00:11:22 Started gather
1461708706316	<INFO 7fa982db3740> 2016-04-27 00:11:46 Completed gather
1461708873123	<INFO 7fa982db3740> 2016-04-27 00:14:33 Started scatter
1461708920606	<INFO 7fa982db3740> 2016-04-27 00:15:20 Completed scatter
1461708921680	<INFO 7fa982db3740> 2016-04-27 00:15:21 Completed phase 3 Bytes read 31784774224 Bytes written 16793389568
1461708936384	<INFO 7fa982db3740> 2016-04-27 00:15:36 Started gather
1461708959671	<INFO 7fa982db3740> 2016-04-27 00:15:59 Completed gather
1461709118995	<INFO 7fa982db3740> 2016-04-27 00:18:38 Started scatter
1461709167927	<INFO 7fa982db3740> 2016-04-27 00:19:27 Completed scatter
1461709168082	<INFO 7fa982db3740> 2016-04-27 00:19:28 Completed phase 4 Bytes read 43003643432 Bytes written 21652323900
1461709182565	<INFO 7fa982db3740> 2016-04-27 00:19:42 Started gather
1461709209304	<INFO 7fa982db3740> 2016-04-27 00:20:09 Completed gather
1461709367949	<INFO 7fa982db3740> 2016-04-27 00:22:47 Started scatter
1461709414823	<INFO 7fa982db3740> 2016-04-27 00:23:34 Completed scatter
1461709416390	<INFO 7fa982db3740> 2016-04-27 00:23:36 Completed phase 5 Bytes read 54258886296 Bytes written 26578776816
1461709430989	<INFO 7fa982db3740> 2016-04-27 00:23:50 Started gather
1461709457694	<INFO 7fa982db3740> 2016-04-27 00:24:17 Completed gather
1461709612381	<INFO 7fa982db3740> 2016-04-27 00:26:52 Started scatter
1461709659883	<INFO 7fa982db3740> 2016-04-27 00:27:39 Completed scatter
1461709661270	<INFO 7fa982db3740> 2016-04-27 00:27:41 Completed phase 6 Bytes read 65581647744 Bytes written 31513693548
1461709675617	<INFO 7fa982db3740> 2016-04-27 00:27:55 Started gather
1461709701613	<INFO 7fa982db3740> 2016-04-27 00:28:21 Completed gather
1461709856813	<INFO 7fa982db3740> 2016-04-27 00:30:56 Started scatter
1461709905362	<INFO 7fa982db3740> 2016-04-27 00:31:45 Completed scatter
1461709906323	<INFO 7fa982db3740> 2016-04-27 00:31:46 Completed phase 7 Bytes read 76912873008 Bytes written 36531959960
1461709908875	<INFO 7fa982db3740> CORE::PARTITIONS_PROCESSED 733
1461709908877	<INFO 7fa982db3740> CORE::BYTES::EDGES_STREAMED 5004320808
1461709908879	<INFO 7fa982db3740> CORE::BYTES::UPDATES_OUT 2863276016
1461709908881	<INFO 7fa982db3740> CORE::BYTES::UPDATES_IN 2409473816
1461709908884	<INFO 7f8b5affd700> CORE::PARTITIONS_PROCESSED 1828
1461709908886	<INFO 7f8b5affd700> CORE::BYTES::EDGES_STREAMED 4662293520
1461709908888	<INFO 7f8b5affd700> CORE::BYTES::UPDATES_OUT 2675954448
1461709908890	<INFO 7f8b5affd700> CORE::BYTES::UPDATES_IN 2139202328
1461709908892	<INFO 7f8b587f8700> CORE::PARTITIONS_PROCESSED 625
1461709908895	<INFO 7f8b58ff9700> CORE::PARTITIONS_PROCESSED 1792
1461709908897	<INFO 7f8b5a7fc700> CORE::PARTITIONS_PROCESSED 913
1461709908899	<INFO 7f8b58ff9700> CORE::BYTES::EDGES_STREAMED 5294417628
1461709908901	<INFO 7f8b587f8700> CORE::BYTES::EDGES_STREAMED 6642653424
1461709908903	<INFO 7f8b587f8700> CORE::BYTES::UPDATES_OUT 3779401248
1461709908905	<INFO 7f8b597fa700> CORE::PARTITIONS_PROCESSED 1412
1461709908908	<INFO 7f8b58ff9700> CORE::BYTES::UPDATES_OUT 3047405776
1461709908910	<INFO 7f8b587f8700> CORE::BYTES::UPDATES_IN 3061635032
1461709908912	<INFO 7f8b597fa700> CORE::BYTES::EDGES_STREAMED 6454059156
1461709908914	<INFO 7f8b58ff9700> CORE::BYTES::UPDATES_IN 2508609520
1461709908916	<INFO 7f8b5a7fc700> CORE::BYTES::EDGES_STREAMED 4872682272
1461709908918	<INFO 7f8b5b7fe700> CORE::PARTITIONS_PROCESSED 715
1461709908921	<INFO 7f8b59ffb700> CORE::PARTITIONS_PROCESSED 1582
1461709908923	<INFO 7f8b5b7fe700> CORE::BYTES::EDGES_STREAMED 5115222564
1461709908925	<INFO 7f8b5a7fc700> CORE::BYTES::UPDATES_OUT 2760358864
1461709908927	<INFO 7f8b5b7fe700> CORE::BYTES::UPDATES_OUT 2923013624
1461709908930	<INFO 7f8b597fa700> CORE::BYTES::UPDATES_OUT 3700148640
1461709908932	<INFO 7f8b5a7fc700> CORE::BYTES::UPDATES_IN 2214137312
1461709908934	<INFO 7f8b5b7fe700> CORE::BYTES::UPDATES_IN 2355922432
1461709908936	<INFO 7f8b59ffb700> CORE::BYTES::EDGES_STREAMED 7052029884
1461709908938	<INFO 7f8b597fa700> CORE::BYTES::UPDATES_IN 3445824424
1461709908941	<INFO 7f8b59ffb700> CORE::BYTES::UPDATES_OUT 4020543816
1461709908943	<INFO 7f8b59ffb700> CORE::BYTES::UPDATES_IN 3340906016
1461709911381	<INFO 7f8b6cbf4700> SLIPSTORE service is exiting
1461709911384	<INFO 7f8b6cbf4700> SLIPSTORE::HELP_OFFERS_RECVD 98
1461709911387	<INFO 7f8b6cbf4700> SLIPSTORE::HELP_OFFERS_ACCEPTED 0
1461709911390	<INFO 7f8b6cbf4700> SLIPSTORE::HELP_ACCEPTANCE_RATIO 0
1461709911393	<INFO 7f8b6cbf4700> SLIPSTORE::SERVER_BUSY_DISK  475.613 seconds
1461709911396	<INFO 7f8b6cbf4700> SLIPSTORE::SERVER_BUSY_MEM  0 seconds
1461709911399	<INFO 7f8b6cbf4700> SLIPSTORE::SERVER_TOTAL  1397.26 seconds
1461709911402	<INFO 7fa982db3740> SLIPSTORE::CLIENT::DISK_READ_TIME  383.506 seconds
1461709911405	<INFO 7fa982db3740> SLIPSTORE::CLIENT::MEM_READ_TIME  0 seconds
1461709911408	<INFO 7fa982db3740> SLIPSTORE::CLIENT::DISK_BYTES_READ 77118313948
1461709911412	<INFO 7fa982db3740> SLIPSTORE::CLIENT::MEM_BYTES_READ 0
1461709911415	<INFO 7fa982db3740> SLIPSTORE::CLIENT::WRITE_TIME  155.081 seconds
1461709911417	<INFO 7fa982db3740> SLIPSTORE::CLIENT::BYTES_WRITTEN 4052141268
1461709911420	<INFO 7fa982db3740> SLIPSTORE::CLIENT_BUSY  538.587 seconds
1461709911423	<INFO 7fa982db3740> SLIPSTORE::IO::TIME 475.513 seconds
1461709911427	<INFO 7fa982db3740> SLIPSTORE::SNAP::TIME 0 seconds
1461709911430	<INFO 7fa982db3740> SLIPSTORE::MAX_DISK_USAGE_BYTES 11414574944
1461709912400	<INFO 7fa982db3740> CORE::RUSAGE::MAX_RSS_KB 125969252
1461709912404	<INFO 7fa982db3740> CORE::RUSAGE::MINFLT 33747149
1461709912408	<INFO 7fa982db3740> CORE::RUSAGE::MAJFLT 6
1461709912412	<INFO 7fa982db3740> CORE::RUSAGE::MAJFLT 6
1461709912415	<INFO 7fa982db3740> CORE::RUSAGE::INBLK 147681424
1461709912419	<INFO 7fa982db3740> CORE::RUSAGE::OUBLK 71357816
1461709912423	<INFO 7fa982db3740> CORE::UTILS::BYTES_READ 76912873008
1461709912426	<INFO 7fa982db3740> CORE::UTILS::BYTES_WRITTEN 36531959960
1461709912430	<INFO 7fa982db3740> CORE::UTILS::TILE_COPY_BYTES 4052141268
1461709912434	<INFO 7fa982db3740> CORE::TIME::IO_WAIT 352.057 seconds
1461709912437	<INFO 7fa982db3740> CORE::TIME_TILE_COPY 0 seconds
1461709912440	<INFO 7fa982db3740> CORE::TIME_TILE_MERGE 0 seconds
1461709912444	<INFO 7fa982db3740> CORE::TIME_PROCESSING_STOLEN 0 seconds
1461709912448	<INFO 7fa982db3740> CORE::TIME_MERGE_WAIT 0 seconds
1461709912452	<INFO 7fa982db3740> CORE::OTHER_TIME_ALL_MC_BARRIER 0 seconds
1461709912455	<INFO 7fa982db3740> CORE::SCATTER_TIME_ALL_MC_BARRIER 3.80208 seconds
1461709912459	<INFO 7fa982db3740> CORE::GATHER_TIME_ALL_MC_BARRIER 0.023069 seconds
1461709912462	<INFO 7fa982db3740> CORE::INIT_TIME_ALL_MC_BARRIER 1.30779 seconds
1461709912466	<INFO 7fa982db3740> CORE::SHUT_DOWN_TIME_ALL_MC_BARRIER 2.50362 seconds
1461709912470	<INFO 7fa982db3740> CORE::STREAM_SKIP_BEFORE_TIME_ALL_MC_BARRIER 52.6156 seconds
1461709912473	<INFO 7fa982db3740> CORE::TAKE_CHECKPOINT_BEFORE_TIME_ALL_MC_BARRIER 0 seconds
1461709912477	<INFO 7fa982db3740> CORE::TAKE_CHECKPOINT_COMPLETE_TIME_ALL_MC_BARRIER 0 seconds
1461709912480	<INFO 7fa982db3740> CORE::METADATA_WRITE_COMPLETE_TIME_ALL_MC_BARRIER 0 seconds
1461709912484	<INFO 7fa982db3740> CORE::STREAM_EOF_BEFORE_TIME_ALL_MC_BARRIER 0 seconds
1461709912487	<INFO 7fa982db3740> CORE::STREAM_EOF_AFTER_TIME_ALL_MC_BARRIER 0 seconds
1461709912491	<INFO 7fa982db3740> CORE::STATE_LOAD_TIME_ALL_MC_BARRIER 0 seconds
1461709912495	<INFO 7fa982db3740> CORE::STATE_STORE_TIME_ALL_MC_BARRIER 0 seconds
1461709912498	<INFO 7fa982db3740> CORE::PHASES 7
1461709912503	<INFO 7fa982db3740> CORE::TIME::SETUP 6.36595 seconds
1461709912506	<INFO 7fa982db3740> CORE::TIME::STATE_ITER 35.791 seconds
1461709912509	<INFO 7fa982db3740> CORE::TIME::GATHER 975.914 seconds
1461709912513	<INFO 7fa982db3740> CORE::TIME::SCATTER 328.079 seconds
1461709912516	<INFO 7fa982db3740> CORE::TIME::WALL 1400.12 seconds
1461709912520	<INFO 7fa982db3740> SHUTDOWN
