1461708404322	<INFO 7f0678bef740> 2016-04-27 00:06:44 STARTUP
1461708404325	<INFO 7f0678bef740> CORE::GRAPH rmat-28_s8
1461708404329	<INFO 7f0678bef740> CORE::ALGORITHM pagerank
1461708404333	<INFO 7f0678bef740> CORE::VERTEX_STRIPING OFF
1461708404337	<INFO 7f0678bef740> CORE::OPTIMIZED_STATE_LOAD_STORE ON
1461708404341	<INFO 7f0678bef740> CORE::BINARY_SEARCH_SUPER_PARTITION ON
1461708404345	<INFO 7f0678bef740> CORE::SUPER_PARTITION_COMPUTED_FOR_EACH_SCATTER_GATHER_PHASE
1461708404349	<INFO 7f0678bef740> CORE::EDGE_STRIPING ON
1461708404353	<INFO 7f0678bef740> CORE::BATCH IO ON
1461708404357	<INFO 7f0678bef740> 2016-04-27 00:06:44 Blocking memory amount 126701535232
1461708510468	<INFO 7f0678bef740> 2016-04-27 00:08:30 Done blocking memory
1461708510472	<INFO 7f0678bef740> SG-DRIVER-ORIGINAL
1461708510476	<INFO 7f0678bef740> 2016-04-27 00:08:30 START read config parameters
1461708510479	<INFO 7f0678bef740> PARTITIONING::OLD 0
1461708510483	<INFO 7f0678bef740> PARTITIONING::BALANCED_PARTITIONS 0
1461708510487	<INFO 7f0678bef740> CORE::CONFIG::PROCESSORS 8
1461708510491	<INFO 7f0678bef740> CORE::CONFIG::PHYSICAL_MEMORY 2147483648
1461708510495	<INFO 7f0678bef740> CORE::CONFIG::VERTICES 268435456
1461708510499	<INFO 7f0678bef740> CORE::CONFIG::VERTEX_SIZE 12
1461708510503	<INFO 7f0678bef740> CORE::CONFIG::VERTEX_BUFFER 1402204788
1461708510506	<INFO 7f0678bef740> CORE::CONFIG::EDGES 536870912
1461708510510	<INFO 7f0678bef740> CORE::CONFIG::PARTITIONS 64
1461708510514	<INFO 7f0678bef740> CORE::CONFIG::FANOUT 64
1461708510518	<INFO 7f0678bef740> CORE::CONFIG::SUPER_PARTITIONS 8
1461708510522	<INFO 7f0678bef740> CORE::CONFIG::TILES 1
1461708510526	<INFO 7f0678bef740> CORE::CONFIG::BUFFER_SIZE 149054645
1461708510529	<INFO 7f0678bef740> CORE::CONFIG::MAX_BUFFERS 4
1461708510533	<INFO 7f0678bef740> CORE::CONFIG::MAX_STREAMS 4
1461708510537	<INFO 7f0678bef740> CORE::CONFIG::SUM_OF_OUT_DEGREES_FOR_NEW_PARTITIONS::FIRST_CONSTRAINT 536870912
1461708510541	<INFO 7f0678bef740> CORE::CONFIG::MAX_EDGES_PER_NEW_PARTITION::SECOND_CONSTRAINT 536870912
1461708510545	<INFO 7f0678bef740> SLIPSTREAM::EXT_MEM_SHUFFLE OFF
1461708510549	<INFO 7f0678bef740> 2016-04-27 00:08:30 END read config parameters
1461708512256	<WARNING 7f0678bef740> Unable to unlink file (stream.0.0.0):No such file or directory
1461708512261	<WARNING 7f0678bef740> Unable to unlink file (stream.0.1.0):No such file or directory
1461708512264	<WARNING 7f0678bef740> Unable to unlink file (stream.0.2.0):No such file or directory
1461708512269	<WARNING 7f0678bef740> Unable to unlink file (stream.0.3.0):No such file or directory
1461708512272	<WARNING 7f0678bef740> Unable to unlink file (stream.0.4.0):No such file or directory
1461708512276	<WARNING 7f0678bef740> Unable to unlink file (stream.0.5.0):No such file or directory
1461708512280	<WARNING 7f0678bef740> Unable to unlink file (stream.0.6.0):No such file or directory
1461708512285	<WARNING 7f0678bef740> Unable to unlink file (stream.0.7.0):No such file or directory
1461708512290	<WARNING 7f0678bef740> Unable to unlink file (stream.1.1.0):No such file or directory
1461708512293	<WARNING 7f0678bef740> Unable to unlink file (stream.1.2.0):No such file or directory
1461708512297	<WARNING 7f0678bef740> Unable to unlink file (stream.1.3.0):No such file or directory
1461708512301	<WARNING 7f0678bef740> Unable to unlink file (stream.1.4.0):No such file or directory
1461708512305	<WARNING 7f0678bef740> Unable to unlink file (stream.1.5.0):No such file or directory
1461708512309	<WARNING 7f0678bef740> Unable to unlink file (stream.1.6.0):No such file or directory
1461708512313	<WARNING 7f0678bef740> Unable to unlink file (stream.1.7.0):No such file or directory
1461708512316	<WARNING 7f0678bef740> Unable to unlink file (stream.2.0.0):No such file or directory
1461708512319	<WARNING 7f0678bef740> Unable to unlink file (stream.2.1.0):No such file or directory
1461708512323	<WARNING 7f0678bef740> Unable to unlink file (stream.2.2.0):No such file or directory
1461708512327	<WARNING 7f0678bef740> Unable to unlink file (stream.2.3.0):No such file or directory
1461708512331	<WARNING 7f0678bef740> Unable to unlink file (stream.2.4.0):No such file or directory
1461708512334	<WARNING 7f0678bef740> Unable to unlink file (stream.2.5.0):No such file or directory
1461708512339	<WARNING 7f0678bef740> Unable to unlink file (stream.2.6.0):No such file or directory
1461708512342	<WARNING 7f0678bef740> Unable to unlink file (stream.2.7.0):No such file or directory
1461708512345	<WARNING 7f0678bef740> Unable to unlink file (stream.3.0.0):No such file or directory
1461708512349	<WARNING 7f0678bef740> Unable to unlink file (stream.3.1.0):No such file or directory
1461708512354	<WARNING 7f0678bef740> Unable to unlink file (stream.3.2.0):No such file or directory
1461708512357	<WARNING 7f0678bef740> Unable to unlink file (stream.3.3.0):No such file or directory
1461708512360	<WARNING 7f0678bef740> Unable to unlink file (stream.3.4.0):No such file or directory
1461708512364	<WARNING 7f0678bef740> Unable to unlink file (stream.3.5.0):No such file or directory
1461708512368	<WARNING 7f0678bef740> Unable to unlink file (stream.3.6.0):No such file or directory
1461708512372	<WARNING 7f0678bef740> Unable to unlink file (stream.3.7.0):No such file or directory
1461708512374	<INFO 7f0678bef740> SLIPSTORE::ZMQ_THREADS 2
1461708512378	<INFO 7f0678bef740> SLIPSTORE::COMM Connecting to tcp://dco-node137-10g:5016
1461708512381	<INFO 7f0678bef740> SLIPSTORE::COMM Connecting to tcp://dco-node138-10g:5034
1461708512385	<INFO 7f0678bef740> SLIPSTORE::COMM Connecting to tcp://dco-node139-10g:5052
1461708512388	<INFO 7f0678bef740> SLIPSTORE::COMM Connecting to tcp://dco-node140-10g:5070
1461708512391	<INFO 7f0678bef740> SLIPSTORE::COMM Connecting to tcp://dco-node141-10g:5088
1461708512395	<INFO 7f0678bef740> SLIPSTORE::COMM Connecting to tcp://dco-node142-10g:5106
1461708512398	<INFO 7f0678bef740> SLIPSTORE::COMM Connecting to tcp://dco-node143-10g:5124
1461708512402	<INFO 7f0678bef740> SLIPSTORE::COMM Connecting to tcp://dco-node144-10g:5142
1461708512406	<INFO 7f0678bef740> SLIPSTORE::COMM Listening at tcp://ens1f0:5026
1461708512409	<INFO 7f0678bef740> SLIPSTORE::COMM Listening at ipc://client
1461708512412	<INFO 7f0678bef740> SLIPSTORE::COMM Listening at tcp://ens1f0:5028
1461708512416	<INFO 7f0678bef740> SLIPSTORE::COMM Listening at tcp://ens1f0:5029
1461708512420	<INFO 7f0678bef740> SLIPSTORE::COMM Listening at tcp://ens1f0:5030
1461708512423	<INFO 7f0678bef740> SLIPSTORE::COMM Listening at tcp://ens1f0:5031
1461708512426	<INFO 7f0678bef740> SLIPSTORE::COMM Listening at tcp://ens1f0:5032
1461708512429	<INFO 7f0678bef740> SLIPSTORE::COMM Listening at tcp://ens1f0:5033
1461708512431	<INFO 7f0678bef740> SLIPSTORE::COMM Connecting to tcp://dco-node137-10g:5016
1461708512433	<INFO 7f0678bef740> SLIPSTORE::COMM Connecting to tcp://dco-node138-10g:5034
1461708512436	<INFO 7f0678bef740> SLIPSTORE::COMM Connecting to tcp://dco-node139-10g:5052
1461708512438	<INFO 7f0678bef740> SLIPSTORE::COMM Connecting to tcp://dco-node140-10g:5070
1461708512440	<INFO 7f0678bef740> SLIPSTORE::COMM Connecting to tcp://dco-node141-10g:5088
1461708512443	<INFO 7f0678bef740> SLIPSTORE::COMM Connecting to tcp://dco-node142-10g:5106
1461708512445	<INFO 7f0678bef740> SLIPSTORE::COMM Connecting to tcp://dco-node143-10g:5124
1461708512448	<INFO 7f0678bef740> SLIPSTORE::COMM Connecting to tcp://dco-node144-10g:5142
1461708512452	<INFO 7f0678bef740> SLIPSTORE::COMM Connecting to tcp://dco-node137-10g:5001
1461708512455	<INFO 7f0678bef740> SLIPSTORE::COMM Connecting to ipc://server
1461708512457	<INFO 7f0678bef740> SLIPSTORE::COMM Connecting to tcp://dco-node139-10g:5037
1461708512460	<INFO 7f0678bef740> SLIPSTORE::COMM Connecting to tcp://dco-node140-10g:5055
1461708512462	<INFO 7f0678bef740> SLIPSTORE::COMM Connecting to tcp://dco-node141-10g:5073
1461708512464	<INFO 7f0678bef740> SLIPSTORE::COMM Connecting to tcp://dco-node142-10g:5091
1461708512468	<INFO 7f0678bef740> SLIPSTORE::COMM Connecting to tcp://dco-node143-10g:5109
1461708512471	<INFO 7f0678bef740> SLIPSTORE::COMM Connecting to tcp://dco-node144-10g:5127
1461708512473	<INFO 7f0678bef740> SLIPSTORE::COMM Connecting to tcp://dco-node139-10g:5053
1461708512476	<INFO 7f0678bef740> SLIPSTORE::COMM Listening at tcp://ens1f0:5035
1461708512478	<INFO 7f0678bef740> SLIPSTORE::COMM Connecting to tcp://dco-node138-10g:5034
1461708512481	<INFO 7f0678bef740> SLIPSTORE::HELP_POLICY NONE
1461708512485	<INFO 7f0678bef740> SLIPSTORE::SERVER ASYNC
1461708512487	<INFO 7f0678bef740> SLIPSTORE::MACHINES 8
1461708512490	<INFO 7f0678bef740> SLIPSTORE::ME 1
1461708512492	<INFO 7f0678bef740> SLIPSTORE::SLIPCHUNK 4194304
1461708512496	<INFO 7f0678bef740> SLIPSTORE::QUOTA 18446744073709551615
1461708512499	<INFO 7f0678bef740> SLIPSTORE::IO PAGECACHE
1461708512502	<INFO 7ee85a7f9700> SLIPSTORE::COMM Listening at tcp://ens1f0:5034
1461708512504	<INFO 7ee85a7f9700> SLIPSTORE::COMM Listening at tcp://ens1f0:5018
1461708512507	<INFO 7ee85a7f9700> SLIPSTORE::COMM Connecting to tcp://dco-node137-10g:5009
1461708512509	<INFO 7ee85a7f9700> SLIPSTORE::COMM Listening at ipc://server
1461708512512	<INFO 7ee85a7f9700> SLIPSTORE::COMM Connecting to ipc://client
1461708512514	<INFO 7ee85a7f9700> SLIPSTORE::COMM Listening at tcp://ens1f0:5020
1461708512518	<INFO 7ee85a7f9700> SLIPSTORE::COMM Connecting to tcp://dco-node139-10g:5045
1461708512520	<INFO 7ee85a7f9700> SLIPSTORE::COMM Listening at tcp://ens1f0:5021
1461708512524	<INFO 7ee85a7f9700> SLIPSTORE::COMM Connecting to tcp://dco-node140-10g:5063
1461708512526	<INFO 7ee85a7f9700> SLIPSTORE::COMM Listening at tcp://ens1f0:5022
1461708512529	<INFO 7ee85a7f9700> SLIPSTORE::COMM Connecting to tcp://dco-node141-10g:5081
1461708512532	<INFO 7ee85a7f9700> SLIPSTORE::COMM Listening at tcp://ens1f0:5023
1461708512536	<INFO 7ee85a7f9700> SLIPSTORE::COMM Connecting to tcp://dco-node142-10g:5099
1461708512539	<INFO 7ee85a7f9700> SLIPSTORE::COMM Listening at tcp://ens1f0:5024
1461708512541	<INFO 7ee85a7f9700> SLIPSTORE::COMM Connecting to tcp://dco-node143-10g:5117
1461708512543	<INFO 7ee85a7f9700> SLIPSTORE::COMM Listening at tcp://ens1f0:5025
1461708512546	<INFO 7ee85a7f9700> SLIPSTORE::COMM Connecting to tcp://dco-node144-10g:5135
1461708515127	<INFO 7f0678bef740> SLIPSTORE::CHECKPOINTS NONE FOUND
1461708515130	<INFO 7f0678bef740> 2016-04-27 00:08:35 Start edge split
1461708566253	<INFO 7f0678bef740> 2016-04-27 00:09:26 Completed init
1461708572410	<INFO 7f0678bef740> 2016-04-27 00:09:32 Started gather
1461708572536	<INFO 7f0678bef740> 2016-04-27 00:09:32 Completed gather
1461708574827	<INFO 7f0678bef740> 2016-04-27 00:09:34 Started scatter
1461708608443	<INFO 7f0678bef740> 2016-04-27 00:10:08 Completed scatter
1461708608638	<INFO 7f0678bef740> 2016-04-27 00:10:08 Completed phase 1 Bytes read 12983190660 Bytes written 6540739716
1461708619154	<INFO 7f0678bef740> 2016-04-27 00:10:19 Started gather
1461708619156	<INFO 7f0678bef740> 2016-04-27 00:10:19 Completed gather
1461708619185	<INFO 7f0678bef740> 2016-04-27 00:10:19 Started gather
1461708668082	<INFO 7f0678bef740> 2016-04-27 00:11:08 Completed gather
1461708669092	<INFO 7f0678bef740> 2016-04-27 00:11:09 Completed phase 2 Bytes read 19523930376 Bytes written 11038710580
1461708682822	<INFO 7f0678bef740> 2016-04-27 00:11:22 Started gather
1461708706932	<INFO 7f0678bef740> 2016-04-27 00:11:46 Completed gather
1461708873123	<INFO 7f0678bef740> 2016-04-27 00:14:33 Started scatter
1461708920309	<INFO 7f0678bef740> 2016-04-27 00:15:20 Completed scatter
1461708921679	<INFO 7f0678bef740> 2016-04-27 00:15:21 Completed phase 3 Bytes read 30488921500 Bytes written 15394817612
1461708936384	<INFO 7f0678bef740> 2016-04-27 00:15:36 Started gather
1461708959643	<INFO 7f0678bef740> 2016-04-27 00:15:59 Completed gather
1461709118995	<INFO 7f0678bef740> 2016-04-27 00:18:38 Started scatter
1461709166750	<INFO 7f0678bef740> 2016-04-27 00:19:26 Completed scatter
1461709168082	<INFO 7f0678bef740> 2016-04-27 00:19:28 Completed phase 4 Bytes read 41312048792 Bytes written 19879638476
1461709182565	<INFO 7f0678bef740> 2016-04-27 00:19:42 Started gather
1461709208870	<INFO 7f0678bef740> 2016-04-27 00:20:08 Completed gather
1461709367949	<INFO 7f0678bef740> 2016-04-27 00:22:47 Started scatter
1461709413946	<INFO 7f0678bef740> 2016-04-27 00:23:33 Completed scatter
1461709416390	<INFO 7f0678bef740> 2016-04-27 00:23:36 Completed phase 5 Bytes read 52263889916 Bytes written 24306994140
1461709430988	<INFO 7f0678bef740> 2016-04-27 00:23:50 Started gather
1461709458765	<INFO 7f0678bef740> 2016-04-27 00:24:18 Completed gather
1461709612380	<INFO 7f0678bef740> 2016-04-27 00:26:52 Started scatter
1461709658595	<INFO 7f0678bef740> 2016-04-27 00:27:38 Completed scatter
1461709661270	<INFO 7f0678bef740> 2016-04-27 00:27:41 Completed phase 6 Bytes read 63158265840 Bytes written 28638148716
1461709675617	<INFO 7f0678bef740> 2016-04-27 00:27:55 Started gather
1461709700976	<INFO 7f0678bef740> 2016-04-27 00:28:20 Completed gather
1461709856813	<INFO 7f0678bef740> 2016-04-27 00:30:56 Started scatter
1461709904353	<INFO 7f0678bef740> 2016-04-27 00:31:44 Completed scatter
1461709906322	<INFO 7f0678bef740> 2016-04-27 00:31:46 Completed phase 7 Bytes read 73956440676 Bytes written 32956827316
1461709908065	<INFO 7f0678bef740> CORE::PARTITIONS_PROCESSED 766
1461709908067	<INFO 7f0678bef740> CORE::BYTES::EDGES_STREAMED 5538608928
1461709908069	<INFO 7f0678bef740> CORE::BYTES::UPDATES_OUT 3176297840
1461709908071	<INFO 7f0678bef740> CORE::BYTES::UPDATES_IN 2679085352
1461709908074	<INFO 7ee858ff6700> CORE::PARTITIONS_PROCESSED 2034
1461709908076	<INFO 7ee84ffff700> CORE::PARTITIONS_PROCESSED 752
1461709908078	<INFO 7ee84e7fc700> CORE::PARTITIONS_PROCESSED 1932
1461709908080	<INFO 7ee84dffb700> CORE::PARTITIONS_PROCESSED 656
1461709908082	<INFO 7ee84e7fc700> CORE::BYTES::EDGES_STREAMED 5429425428
1461709908085	<INFO 7ee84f7fe700> CORE::PARTITIONS_PROCESSED 1413
1461709908087	<INFO 7ee84dffb700> CORE::BYTES::EDGES_STREAMED 5160526944
1461709908089	<INFO 7ee84effd700> CORE::PARTITIONS_PROCESSED 1297
1461709908091	<INFO 7ee8597f7700> CORE::PARTITIONS_PROCESSED 750
1461709908094	<INFO 7ee858ff6700> CORE::BYTES::EDGES_STREAMED 4618084188
1461709908096	<INFO 7ee84f7fe700> CORE::BYTES::EDGES_STREAMED 7658026188
1461709908098	<INFO 7ee84dffb700> CORE::BYTES::UPDATES_OUT 2918492064
1461709908100	<INFO 7ee8597f7700> CORE::BYTES::EDGES_STREAMED 5612620608
1461709908102	<INFO 7ee84ffff700> CORE::BYTES::EDGES_STREAMED 4566377136
1461709908105	<INFO 7ee84dffb700> CORE::BYTES::UPDATES_IN 2332910536
1461709908107	<INFO 7ee858ff6700> CORE::BYTES::UPDATES_OUT 2650869000
1461709908109	<INFO 7ee84e7fc700> CORE::BYTES::UPDATES_OUT 3067678816
1461709908111	<INFO 7ee858ff6700> CORE::BYTES::UPDATES_IN 2150608024
1461709908114	<INFO 7ee8597f7700> CORE::BYTES::UPDATES_OUT 3192076512
1461709908116	<INFO 7ee84e7fc700> CORE::BYTES::UPDATES_IN 2198446240
1461709908118	<INFO 7ee84f7fe700> CORE::BYTES::UPDATES_OUT 4414019496
1461709908120	<INFO 7ee84ffff700> CORE::BYTES::UPDATES_OUT 2627607288
1461709908123	<INFO 7ee84f7fe700> CORE::BYTES::UPDATES_IN 4067272096
1461709908125	<INFO 7ee8597f7700> CORE::BYTES::UPDATES_IN 2675428280
1461709908127	<INFO 7ee84ffff700> CORE::BYTES::UPDATES_IN 2212437832
1461709908129	<INFO 7ee84effd700> CORE::BYTES::EDGES_STREAMED 6515885472
1461709908132	<INFO 7ee84effd700> CORE::BYTES::UPDATES_OUT 3724133208
1461709908134	<INFO 7ee84effd700> CORE::BYTES::UPDATES_IN 3158451920
1461709911379	<INFO 7ee85a7f9700> SLIPSTORE service is exiting
1461709911382	<INFO 7ee85a7f9700> SLIPSTORE::HELP_OFFERS_RECVD 98
1461709911385	<INFO 7ee85a7f9700> SLIPSTORE::HELP_OFFERS_ACCEPTED 0
1461709911389	<INFO 7ee85a7f9700> SLIPSTORE::HELP_ACCEPTANCE_RATIO 0
1461709911392	<INFO 7ee85a7f9700> SLIPSTORE::SERVER_BUSY_DISK  446.197 seconds
1461709911395	<INFO 7ee85a7f9700> SLIPSTORE::SERVER_BUSY_MEM  0 seconds
1461709911399	<INFO 7ee85a7f9700> SLIPSTORE::SERVER_TOTAL  1399.09 seconds
1461709911402	<INFO 7f0678bef740> SLIPSTORE::CLIENT::DISK_READ_TIME  369.95 seconds
1461709911406	<INFO 7f0678bef740> SLIPSTORE::CLIENT::MEM_READ_TIME  0 seconds
1461709911409	<INFO 7f0678bef740> SLIPSTORE::CLIENT::DISK_BYTES_READ 73553647664
1461709911411	<INFO 7f0678bef740> SLIPSTORE::CLIENT::MEM_BYTES_READ 0
1461709911415	<INFO 7f0678bef740> SLIPSTORE::CLIENT::WRITE_TIME  141.113 seconds
1461709911418	<INFO 7f0678bef740> SLIPSTORE::CLIENT::BYTES_WRITTEN 516036192
1461709911421	<INFO 7f0678bef740> SLIPSTORE::CLIENT_BUSY  511.063 seconds
1461709911424	<INFO 7f0678bef740> SLIPSTORE::IO::TIME 447.752 seconds
1461709911427	<INFO 7f0678bef740> SLIPSTORE::SNAP::TIME 0 seconds
1461709911430	<INFO 7f0678bef740> SLIPSTORE::MAX_DISK_USAGE_BYTES 10964991124
1461709911433	<INFO 7f0678bef740> CORE::RUSAGE::MAX_RSS_KB 125957140
1461709911436	<INFO 7f0678bef740> CORE::RUSAGE::MINFLT 36712519
1461709911438	<INFO 7f0678bef740> CORE::RUSAGE::MAJFLT 7
1461709911441	<INFO 7f0678bef740> CORE::RUSAGE::MAJFLT 7
1461709911444	<INFO 7f0678bef740> CORE::RUSAGE::INBLK 143622488
1461709911448	<INFO 7f0678bef740> CORE::RUSAGE::OUBLK 64369488
1461709911450	<INFO 7f0678bef740> CORE::UTILS::BYTES_READ 73956440676
1461709911453	<INFO 7f0678bef740> CORE::UTILS::BYTES_WRITTEN 32956827316
1461709911456	<INFO 7f0678bef740> CORE::UTILS::TILE_COPY_BYTES 516036192
1461709911459	<INFO 7f0678bef740> CORE::TIME::IO_WAIT 355.269 seconds
1461709911462	<INFO 7f0678bef740> CORE::TIME_TILE_COPY 0 seconds
1461709911465	<INFO 7f0678bef740> CORE::TIME_TILE_MERGE 0 seconds
1461709911467	<INFO 7f0678bef740> CORE::TIME_PROCESSING_STOLEN 0 seconds
1461709911470	<INFO 7f0678bef740> CORE::TIME_MERGE_WAIT 0 seconds
1461709911473	<INFO 7f0678bef740> CORE::OTHER_TIME_ALL_MC_BARRIER 0 seconds
1461709911476	<INFO 7f0678bef740> CORE::SCATTER_TIME_ALL_MC_BARRIER 7.71965 seconds
1461709911479	<INFO 7f0678bef740> CORE::GATHER_TIME_ALL_MC_BARRIER 0.558072 seconds
1461709911482	<INFO 7f0678bef740> CORE::INIT_TIME_ALL_MC_BARRIER 3.0202 seconds
1461709911485	<INFO 7f0678bef740> CORE::SHUT_DOWN_TIME_ALL_MC_BARRIER 3.31008 seconds
1461709911488	<INFO 7f0678bef740> CORE::STREAM_SKIP_BEFORE_TIME_ALL_MC_BARRIER 75.435 seconds
1461709911491	<INFO 7f0678bef740> CORE::TAKE_CHECKPOINT_BEFORE_TIME_ALL_MC_BARRIER 0 seconds
1461709911494	<INFO 7f0678bef740> CORE::TAKE_CHECKPOINT_COMPLETE_TIME_ALL_MC_BARRIER 0 seconds
1461709911497	<INFO 7f0678bef740> CORE::METADATA_WRITE_COMPLETE_TIME_ALL_MC_BARRIER 0 seconds
1461709911500	<INFO 7f0678bef740> CORE::STREAM_EOF_BEFORE_TIME_ALL_MC_BARRIER 0 seconds
1461709911503	<INFO 7f0678bef740> CORE::STREAM_EOF_AFTER_TIME_ALL_MC_BARRIER 0 seconds
1461709911506	<INFO 7f0678bef740> CORE::STATE_LOAD_TIME_ALL_MC_BARRIER 0 seconds
1461709911510	<INFO 7f0678bef740> CORE::STATE_STORE_TIME_ALL_MC_BARRIER 0 seconds
1461709911513	<INFO 7f0678bef740> CORE::PHASES 7
1461709911515	<INFO 7f0678bef740> CORE::TIME::SETUP 7.98831 seconds
1461709911519	<INFO 7f0678bef740> CORE::TIME::STATE_ITER 12.9713 seconds
1461709911521	<INFO 7f0678bef740> CORE::TIME::GATHER 998.734 seconds
1461709911525	<INFO 7f0678bef740> CORE::TIME::SCATTER 328.078 seconds
1461709911528	<INFO 7f0678bef740> CORE::TIME::WALL 1400.93 seconds
1461709911531	<INFO 7f0678bef740> SHUTDOWN
