1461684939745	<INFO 7fbde05f0740> 2016-04-26 17:35:39 STARTUP
1461684939749	<INFO 7fbde05f0740> CORE::GRAPH rmat-28-und_s8
1461684939753	<INFO 7fbde05f0740> CORE::ALGORITHM bfs
1461684939757	<INFO 7fbde05f0740> CORE::VERTEX_STRIPING OFF
1461684939760	<INFO 7fbde05f0740> CORE::OPTIMIZED_STATE_LOAD_STORE OFF
1461684939764	<INFO 7fbde05f0740> CORE::LINEAR_SEARCH_SUPER_PARTITION ON
1461684939768	<INFO 7fbde05f0740> CORE::SUPER_PARTITION_COMPUTED_FOR_EACH_VERTEX
1461684939772	<INFO 7fbde05f0740> CORE::EDGE_STRIPING ON
1461684939775	<INFO 7fbde05f0740> CORE::BATCH IO ON
1461684939779	<INFO 7fbde05f0740> 2016-04-26 17:35:39 Blocking memory amount 126701535232
1461685047139	<INFO 7fbde05f0740> 2016-04-26 17:37:27 Done blocking memory
1461685047143	<INFO 7fbde05f0740> SG-DRIVER-ORIGINAL
1461685047146	<INFO 7fbde05f0740> 2016-04-26 17:37:27 START read config parameters
1461685047149	<INFO 7fbde05f0740> PARTITIONING::OLD 0
1461685047153	<INFO 7fbde05f0740> PARTITIONING::BALANCED_PARTITIONS 0
1461685047157	<INFO 7fbde05f0740> CORE::CONFIG::PROCESSORS 8
1461685047161	<INFO 7fbde05f0740> CORE::CONFIG::PHYSICAL_MEMORY 2147483648
1461685047164	<INFO 7fbde05f0740> CORE::CONFIG::VERTICES 268435456
1461685047167	<INFO 7fbde05f0740> CORE::CONFIG::VERTEX_SIZE 8
1461685047171	<INFO 7fbde05f0740> CORE::CONFIG::VERTEX_BUFFER 934802392
1461685047174	<INFO 7fbde05f0740> CORE::CONFIG::EDGES 1073741824
1461685047178	<INFO 7fbde05f0740> CORE::CONFIG::PARTITIONS 64
1461685047182	<INFO 7fbde05f0740> CORE::CONFIG::FANOUT 64
1461685047185	<INFO 7fbde05f0740> CORE::CONFIG::SUPER_PARTITIONS 8
1461685047188	<INFO 7fbde05f0740> CORE::CONFIG::TILES 1
1461685047192	<INFO 7fbde05f0740> CORE::CONFIG::BUFFER_SIZE 242535124
1461685047196	<INFO 7fbde05f0740> CORE::CONFIG::MAX_BUFFERS 4
1461685047200	<INFO 7fbde05f0740> CORE::CONFIG::MAX_STREAMS 4
1461685047204	<INFO 7fbde05f0740> CORE::CONFIG::SUM_OF_OUT_DEGREES_FOR_NEW_PARTITIONS::FIRST_CONSTRAINT 1073741824
1461685047208	<INFO 7fbde05f0740> CORE::CONFIG::MAX_EDGES_PER_NEW_PARTITION::SECOND_CONSTRAINT 1073741824
1461685047211	<INFO 7fbde05f0740> SLIPSTREAM::EXT_MEM_SHUFFLE OFF
1461685047214	<INFO 7fbde05f0740> 2016-04-26 17:37:27 END read config parameters
1461685048914	<WARNING 7fbde05f0740> Unable to unlink file (stream.0.0.0):No such file or directory
1461685048918	<WARNING 7fbde05f0740> Unable to unlink file (stream.0.1.0):No such file or directory
1461685048921	<WARNING 7fbde05f0740> Unable to unlink file (stream.0.2.0):No such file or directory
1461685048925	<WARNING 7fbde05f0740> Unable to unlink file (stream.0.3.0):No such file or directory
1461685048929	<WARNING 7fbde05f0740> Unable to unlink file (stream.0.4.0):No such file or directory
1461685048933	<WARNING 7fbde05f0740> Unable to unlink file (stream.0.5.0):No such file or directory
1461685048937	<WARNING 7fbde05f0740> Unable to unlink file (stream.0.6.0):No such file or directory
1461685048940	<WARNING 7fbde05f0740> Unable to unlink file (stream.0.7.0):No such file or directory
1461685048944	<WARNING 7fbde05f0740> Unable to unlink file (stream.1.1.0):No such file or directory
1461685048948	<WARNING 7fbde05f0740> Unable to unlink file (stream.1.2.0):No such file or directory
1461685048951	<WARNING 7fbde05f0740> Unable to unlink file (stream.1.3.0):No such file or directory
1461685048954	<WARNING 7fbde05f0740> Unable to unlink file (stream.1.4.0):No such file or directory
1461685048958	<WARNING 7fbde05f0740> Unable to unlink file (stream.1.5.0):No such file or directory
1461685048962	<WARNING 7fbde05f0740> Unable to unlink file (stream.1.6.0):No such file or directory
1461685048967	<WARNING 7fbde05f0740> Unable to unlink file (stream.1.7.0):No such file or directory
1461685048970	<WARNING 7fbde05f0740> Unable to unlink file (stream.2.0.0):No such file or directory
1461685048975	<WARNING 7fbde05f0740> Unable to unlink file (stream.2.1.0):No such file or directory
1461685048979	<WARNING 7fbde05f0740> Unable to unlink file (stream.2.2.0):No such file or directory
1461685048983	<WARNING 7fbde05f0740> Unable to unlink file (stream.2.3.0):No such file or directory
1461685048986	<WARNING 7fbde05f0740> Unable to unlink file (stream.2.4.0):No such file or directory
1461685048990	<WARNING 7fbde05f0740> Unable to unlink file (stream.2.5.0):No such file or directory
1461685048993	<WARNING 7fbde05f0740> Unable to unlink file (stream.2.6.0):No such file or directory
1461685048997	<WARNING 7fbde05f0740> Unable to unlink file (stream.2.7.0):No such file or directory
1461685049001	<WARNING 7fbde05f0740> Unable to unlink file (stream.3.0.0):No such file or directory
1461685049004	<WARNING 7fbde05f0740> Unable to unlink file (stream.3.1.0):No such file or directory
1461685049007	<WARNING 7fbde05f0740> Unable to unlink file (stream.3.2.0):No such file or directory
1461685049011	<WARNING 7fbde05f0740> Unable to unlink file (stream.3.3.0):No such file or directory
1461685049015	<WARNING 7fbde05f0740> Unable to unlink file (stream.3.4.0):No such file or directory
1461685049018	<WARNING 7fbde05f0740> Unable to unlink file (stream.3.5.0):No such file or directory
1461685049021	<WARNING 7fbde05f0740> Unable to unlink file (stream.3.6.0):No such file or directory
1461685049025	<WARNING 7fbde05f0740> Unable to unlink file (stream.3.7.0):No such file or directory
1461685049028	<INFO 7fbde05f0740> SLIPSTORE::ZMQ_THREADS 2
1461685049031	<INFO 7fbde05f0740> SLIPSTORE::COMM Connecting to tcp://dco-node137-10g:5016
1461685049034	<INFO 7fbde05f0740> SLIPSTORE::COMM Connecting to tcp://dco-node138-10g:5034
1461685049038	<INFO 7fbde05f0740> SLIPSTORE::COMM Connecting to tcp://dco-node139-10g:5052
1461685049042	<INFO 7fbde05f0740> SLIPSTORE::COMM Connecting to tcp://dco-node140-10g:5070
1461685049045	<INFO 7fbde05f0740> SLIPSTORE::COMM Connecting to tcp://dco-node141-10g:5088
1461685049049	<INFO 7fbde05f0740> SLIPSTORE::COMM Connecting to tcp://dco-node142-10g:5106
1461685049052	<INFO 7fbde05f0740> SLIPSTORE::COMM Connecting to tcp://dco-node143-10g:5124
1461685049056	<INFO 7fbde05f0740> SLIPSTORE::COMM Connecting to tcp://dco-node144-10g:5142
1461685049059	<INFO 7fbde05f0740> SLIPSTORE::COMM Listening at tcp://ens1f0:5116
1461685049063	<INFO 7fbde05f0740> SLIPSTORE::COMM Listening at tcp://ens1f0:5117
1461685049065	<INFO 7fbde05f0740> SLIPSTORE::COMM Listening at tcp://ens1f0:5118
1461685049069	<INFO 7fbde05f0740> SLIPSTORE::COMM Listening at tcp://ens1f0:5119
1461685049072	<INFO 7fbde05f0740> SLIPSTORE::COMM Listening at tcp://ens1f0:5120
1461685049075	<INFO 7fbde05f0740> SLIPSTORE::COMM Listening at tcp://ens1f0:5121
1461685049078	<INFO 7fbde05f0740> SLIPSTORE::COMM Listening at ipc://client
1461685049081	<INFO 7fbde05f0740> SLIPSTORE::COMM Listening at tcp://ens1f0:5123
1461685049084	<INFO 7fbde05f0740> SLIPSTORE::COMM Connecting to tcp://dco-node137-10g:5016
1461685049087	<INFO 7fbde05f0740> SLIPSTORE::COMM Connecting to tcp://dco-node138-10g:5034
1461685049090	<INFO 7fbde05f0740> SLIPSTORE::COMM Connecting to tcp://dco-node139-10g:5052
1461685049094	<INFO 7fbde05f0740> SLIPSTORE::COMM Connecting to tcp://dco-node140-10g:5070
1461685049097	<INFO 7fbde05f0740> SLIPSTORE::COMM Connecting to tcp://dco-node141-10g:5088
1461685049102	<INFO 7fbde05f0740> SLIPSTORE::COMM Connecting to tcp://dco-node142-10g:5106
1461685049105	<INFO 7fbde05f0740> SLIPSTORE::COMM Connecting to tcp://dco-node143-10g:5124
1461685049109	<INFO 7fbde05f0740> SLIPSTORE::COMM Connecting to tcp://dco-node144-10g:5142
1461685049112	<INFO 7fbde05f0740> SLIPSTORE::COMM Connecting to tcp://dco-node137-10g:5006
1461685049116	<INFO 7fbde05f0740> SLIPSTORE::COMM Connecting to tcp://dco-node138-10g:5024
1461685049119	<INFO 7fbde05f0740> SLIPSTORE::COMM Connecting to tcp://dco-node139-10g:5042
1461685049122	<INFO 7fbde05f0740> SLIPSTORE::COMM Connecting to tcp://dco-node140-10g:5060
1461685049124	<INFO 7fbde05f0740> SLIPSTORE::COMM Connecting to tcp://dco-node141-10g:5078
1461685049127	<INFO 7fbde05f0740> SLIPSTORE::COMM Connecting to tcp://dco-node142-10g:5096
1461685049130	<INFO 7fbde05f0740> SLIPSTORE::COMM Connecting to ipc://server
1461685049132	<INFO 7fbde05f0740> SLIPSTORE::COMM Connecting to tcp://dco-node144-10g:5132
1461685049134	<INFO 7fbde05f0740> SLIPSTORE::COMM Connecting to tcp://dco-node144-10g:5143
1461685049138	<INFO 7fbde05f0740> SLIPSTORE::COMM Listening at tcp://ens1f0:5125
1461685049140	<INFO 7fbde05f0740> SLIPSTORE::COMM Connecting to tcp://dco-node143-10g:5124
1461685049143	<INFO 7fbde05f0740> SLIPSTORE::HELP_POLICY NONE
1461685049145	<INFO 7fbde05f0740> SLIPSTORE::SERVER ASYNC
1461685049148	<INFO 7fbde05f0740> SLIPSTORE::MACHINES 8
1461685049151	<INFO 7fbde05f0740> SLIPSTORE::ME 6
1461685049155	<INFO 7fbde05f0740> SLIPSTORE::SLIPCHUNK 4194304
1461685049157	<INFO 7fbde05f0740> SLIPSTORE::QUOTA 18446744073709551615
1461685049160	<INFO 7fbde05f0740> SLIPSTORE::IO PAGECACHE
1461685049162	<INFO 7f9fc23f8700> SLIPSTORE::COMM Listening at tcp://ens1f0:5124
1461685049165	<INFO 7f9fc23f8700> SLIPSTORE::COMM Listening at tcp://ens1f0:5108
1461685049168	<INFO 7f9fc23f8700> SLIPSTORE::COMM Connecting to tcp://dco-node137-10g:5014
1461685049171	<INFO 7f9fc23f8700> SLIPSTORE::COMM Listening at tcp://ens1f0:5109
1461685049174	<INFO 7f9fc23f8700> SLIPSTORE::COMM Connecting to tcp://dco-node138-10g:5032
1461685049177	<INFO 7f9fc23f8700> SLIPSTORE::COMM Listening at tcp://ens1f0:5110
1461685049180	<INFO 7f9fc23f8700> SLIPSTORE::COMM Connecting to tcp://dco-node139-10g:5050
1461685049183	<INFO 7f9fc23f8700> SLIPSTORE::COMM Listening at tcp://ens1f0:5111
1461685049187	<INFO 7f9fc23f8700> SLIPSTORE::COMM Connecting to tcp://dco-node140-10g:5068
1461685049190	<INFO 7f9fc23f8700> SLIPSTORE::COMM Listening at tcp://ens1f0:5112
1461685049194	<INFO 7f9fc23f8700> SLIPSTORE::COMM Connecting to tcp://dco-node141-10g:5086
1461685049196	<INFO 7f9fc23f8700> SLIPSTORE::COMM Listening at tcp://ens1f0:5113
1461685049199	<INFO 7f9fc23f8700> SLIPSTORE::COMM Connecting to tcp://dco-node142-10g:5104
1461685049202	<INFO 7f9fc23f8700> SLIPSTORE::COMM Listening at ipc://server
1461685049204	<INFO 7f9fc23f8700> SLIPSTORE::COMM Connecting to ipc://client
1461685049207	<INFO 7f9fc23f8700> SLIPSTORE::COMM Listening at tcp://ens1f0:5115
1461685049210	<INFO 7f9fc23f8700> SLIPSTORE::COMM Connecting to tcp://dco-node144-10g:5140
1461685049218	<INFO 7fbde05f0740> SLIPSTORE::CHECKPOINTS NONE FOUND
1461685049223	<INFO 7fbde05f0740> 2016-04-26 17:37:29 Start edge split
1461685153650	<INFO 7fbde05f0740> 2016-04-26 17:39:13 Completed init
1461685157841	<INFO 7fbde05f0740> 2016-04-26 17:39:17 Started gather
1461685159194	<INFO 7fbde05f0740> 2016-04-26 17:39:19 Completed gather
1461685163511	<INFO 7fbde05f0740> 2016-04-26 17:39:23 Started scatter
1461685243373	<INFO 7fbde05f0740> 2016-04-26 17:40:43 Completed scatter
1461685263099	<INFO 7fbde05f0740> 2016-04-26 17:41:03 Completed phase 1 Bytes read 26202929164 Bytes written 13321969284
1461685263123	<INFO 7fbde05f0740> 2016-04-26 17:41:03 Started gather
1461685265497	<INFO 7fbde05f0740> 2016-04-26 17:41:05 Completed gather
1461685283616	<INFO 7fbde05f0740> 2016-04-26 17:41:23 Started scatter
1461685384028	<INFO 7fbde05f0740> 2016-04-26 17:43:04 Completed scatter
1461685394848	<INFO 7fbde05f0740> 2016-04-26 17:43:14 Completed phase 2 Bytes read 39524898448 Bytes written 18223140468
1461685394871	<INFO 7fbde05f0740> 2016-04-26 17:43:14 Started gather
1461685456545	<INFO 7fbde05f0740> 2016-04-26 17:44:16 Completed gather
1461685666792	<INFO 7fbde05f0740> 2016-04-26 17:47:46 Started scatter
1461685766002	<INFO 7fbde05f0740> 2016-04-26 17:49:25 Completed scatter
1461685784531	<INFO 7fbde05f0740> 2016-04-26 17:49:44 Completed phase 3 Bytes read 57471005292 Bytes written 22456231844
1461685784554	<INFO 7fbde05f0740> 2016-04-26 17:49:44 Started gather
1461685833664	<INFO 7fbde05f0740> 2016-04-26 17:50:33 Completed gather
1461686004291	<INFO 7fbde05f0740> 2016-04-26 17:53:24 Started scatter
1461686087544	<INFO 7fbde05f0740> 2016-04-26 17:54:47 Completed scatter
1461686106181	<INFO 7fbde05f0740> 2016-04-26 17:55:06 Completed phase 4 Bytes read 74749032328 Bytes written 22750518492
1461686106205	<INFO 7fbde05f0740> 2016-04-26 17:55:06 Started gather
1461686109998	<INFO 7fbde05f0740> 2016-04-26 17:55:09 Completed gather
1461686146914	<INFO 7fbde05f0740> 2016-04-26 17:55:46 Started scatter
1461686229260	<INFO 7fbde05f0740> 2016-04-26 17:57:09 Completed scatter
1461686249230	<INFO 7fbde05f0740> 2016-04-26 17:57:29 Completed phase 5 Bytes read 88088254636 Bytes written 23023661316
1461686249253	<INFO 7fbde05f0740> 2016-04-26 17:57:29 Started gather
1461686255321	<INFO 7fbde05f0740> 2016-04-26 17:57:35 Completed gather
1461686274246	<INFO 7fbde05f0740> 2016-04-26 17:57:54 Started scatter
1461686356144	<INFO 7fbde05f0740> 2016-04-26 17:59:16 Completed scatter
1461686378114	<INFO 7fbde05f0740> 2016-04-26 17:59:38 Completed phase 6 Bytes read 101406333120 Bytes written 23296753084
1461686378138	<INFO 7fbde05f0740> 2016-04-26 17:59:38 Started gather
1461686380826	<INFO 7fbde05f0740> 2016-04-26 17:59:40 Completed gather
1461686392033	<INFO 7fbde05f0740> 2016-04-26 17:59:52 Started scatter
1461686474113	<INFO 7fbde05f0740> 2016-04-26 18:01:14 Completed scatter
1461686493725	<INFO 7fbde05f0740> 2016-04-26 18:01:33 Completed phase 7 Bytes read 114724360548 Bytes written 23569844700
1461686493727	<INFO 7fbde05f0740> ALGORITHM::BFS::VERTICES_DISCOVERED 15626990
1461686493729	<INFO 7fbde05f0740> ALGORITHM::BFS::EDGES_EXPLORED 1073760844
1461686493731	<INFO 7fbde05f0740> CORE::PARTITIONS_PROCESSED 313
1461686493734	<INFO 7fbde05f0740> CORE::BYTES::EDGES_STREAMED 9986958948
1461686493736	<INFO 7fbde05f0740> CORE::BYTES::UPDATES_OUT 1027686680
1461686493739	<INFO 7fbde05f0740> CORE::BYTES::UPDATES_IN 1185460728
1461686493741	<INFO 7f9fb7fff700> CORE::PARTITIONS_PROCESSED 268
1461686493743	<INFO 7f9fb7fff700> CORE::BYTES::EDGES_STREAMED 10866874104
1461686493746	<INFO 7f9fb7fff700> CORE::BYTES::UPDATES_OUT 1121551544
1461686493748	<INFO 7f9fb7fff700> CORE::BYTES::UPDATES_IN 934324640
1461686493750	<INFO 7f9fc0bf5700> CORE::PARTITIONS_PROCESSED 391
1461686493752	<INFO 7f9fb6ffd700> CORE::PARTITIONS_PROCESSED 386
1461686493755	<INFO 7f9fc0bf5700> CORE::BYTES::EDGES_STREAMED 10595613144
1461686493757	<INFO 7f9fb77fe700> CORE::PARTITIONS_PROCESSED 376
1461686493759	<INFO 7f9fb6ffd700> CORE::BYTES::EDGES_STREAMED 10272808740
1461686493762	<INFO 7f9fc13f6700> CORE::PARTITIONS_PROCESSED 277
1461686493764	<INFO 7f9fc0bf5700> CORE::BYTES::UPDATES_OUT 974849320
1461686493766	<INFO 7f9fb77fe700> CORE::BYTES::EDGES_STREAMED 10258267932
1461686493769	<INFO 7f9fc13f6700> CORE::BYTES::EDGES_STREAMED 10286457864
1461686493771	<INFO 7f9fb6ffd700> CORE::BYTES::UPDATES_OUT 952256792
1461686493773	<INFO 7f9fb5ffb700> CORE::PARTITIONS_PROCESSED 48
1461686493775	<INFO 7f9fc0bf5700> CORE::BYTES::UPDATES_IN 939958176
1461686493778	<INFO 7f9fb67fc700> CORE::PARTITIONS_PROCESSED 450
1461686493780	<INFO 7f9fb5ffb700> CORE::BYTES::EDGES_STREAMED 17042004984
1461686493783	<INFO 7f9fb77fe700> CORE::BYTES::UPDATES_OUT 970623040
1461686493785	<INFO 7f9fb5ffb700> CORE::BYTES::UPDATES_OUT 1609355664
1461686493787	<INFO 7f9fb67fc700> CORE::BYTES::EDGES_STREAMED 10887773832
1461686493790	<INFO 7f9fb77fe700> CORE::BYTES::UPDATES_IN 947703160
1461686493792	<INFO 7f9fc13f6700> CORE::BYTES::UPDATES_OUT 904136840
1461686493794	<INFO 7f9fb5ffb700> CORE::BYTES::UPDATES_IN 1656204400
1461686493796	<INFO 7f9fb6ffd700> CORE::BYTES::UPDATES_IN 1066888416
1461686493799	<INFO 7f9fc13f6700> CORE::BYTES::UPDATES_IN 922471216
1461686493801	<INFO 7f9fb67fc700> CORE::BYTES::UPDATES_OUT 1029626872
1461686493804	<INFO 7f9fb67fc700> CORE::BYTES::UPDATES_IN 937076016
1461686493806	<INFO 7f9fc23f8700> SLIPSTORE service is exiting
1461686493808	<INFO 7f9fc23f8700> SLIPSTORE::HELP_OFFERS_RECVD 98
1461686493811	<INFO 7f9fc23f8700> SLIPSTORE::HELP_OFFERS_ACCEPTED 0
1461686493813	<INFO 7f9fc23f8700> SLIPSTORE::HELP_ACCEPTANCE_RATIO 0
1461686493815	<INFO 7f9fc23f8700> SLIPSTORE::SERVER_BUSY_DISK  429.124 seconds
1461686493818	<INFO 7f9fc23f8700> SLIPSTORE::SERVER_BUSY_MEM  0 seconds
1461686493820	<INFO 7f9fc23f8700> SLIPSTORE::SERVER_TOTAL  1444.79 seconds
1461686493822	<INFO 7fbde05f0740> SLIPSTORE::CLIENT::DISK_READ_TIME  289.849 seconds
1461686493825	<INFO 7fbde05f0740> SLIPSTORE::CLIENT::MEM_READ_TIME  0 seconds
1461686493827	<INFO 7fbde05f0740> SLIPSTORE::CLIENT::DISK_BYTES_READ 115524378624
1461686493829	<INFO 7fbde05f0740> SLIPSTORE::CLIENT::MEM_BYTES_READ 0
1461686493832	<INFO 7fbde05f0740> SLIPSTORE::CLIENT::WRITE_TIME  91.1565 seconds
1461686493834	<INFO 7fbde05f0740> SLIPSTORE::CLIENT::BYTES_WRITTEN 2184732928
1461686493836	<INFO 7fbde05f0740> SLIPSTORE::CLIENT_BUSY  381.006 seconds
1461686493839	<INFO 7fbde05f0740> SLIPSTORE::IO::TIME 375.186 seconds
1461686493841	<INFO 7fbde05f0740> SLIPSTORE::SNAP::TIME 0 seconds
1461686493844	<INFO 7fbde05f0740> SLIPSTORE::MAX_DISK_USAGE_BYTES 17673015228
1461686493846	<INFO 7fbde05f0740> CORE::RUSAGE::MAX_RSS_KB 125955564
1461686493849	<INFO 7fbde05f0740> CORE::RUSAGE::MINFLT 36233860
1461686493851	<INFO 7fbde05f0740> CORE::RUSAGE::MAJFLT 6
1461686493853	<INFO 7fbde05f0740> CORE::RUSAGE::MAJFLT 6
1461686493856	<INFO 7fbde05f0740> CORE::RUSAGE::INBLK 215786160
1461686493858	<INFO 7fbde05f0740> CORE::RUSAGE::OUBLK 46036608
1461686493861	<INFO 7fbde05f0740> CORE::UTILS::BYTES_READ 114724360548
1461686493863	<INFO 7fbde05f0740> CORE::UTILS::BYTES_WRITTEN 23569844700
1461686493866	<INFO 7fbde05f0740> CORE::UTILS::TILE_COPY_BYTES 3823282624
1461686493868	<INFO 7fbde05f0740> CORE::TIME::IO_WAIT 111.34 seconds
1461686493870	<INFO 7fbde05f0740> CORE::TIME_TILE_COPY 0 seconds
1461686493873	<INFO 7fbde05f0740> CORE::TIME_TILE_MERGE 0 seconds
1461686493875	<INFO 7fbde05f0740> CORE::TIME_PROCESSING_STOLEN 0 seconds
1461686493877	<INFO 7fbde05f0740> CORE::TIME_MERGE_WAIT 0 seconds
1461686493880	<INFO 7fbde05f0740> CORE::OTHER_TIME_ALL_MC_BARRIER 0 seconds
1461686493882	<INFO 7fbde05f0740> CORE::SCATTER_TIME_ALL_MC_BARRIER 128.774 seconds
1461686493885	<INFO 7fbde05f0740> CORE::GATHER_TIME_ALL_MC_BARRIER 0.018654 seconds
1461686493887	<INFO 7fbde05f0740> CORE::INIT_TIME_ALL_MC_BARRIER 0.678517 seconds
1461686493890	<INFO 7fbde05f0740> CORE::SHUT_DOWN_TIME_ALL_MC_BARRIER 0.004493 seconds
1461686493892	<INFO 7fbde05f0740> CORE::STREAM_SKIP_BEFORE_TIME_ALL_MC_BARRIER 2.93658 seconds
1461686493895	<INFO 7fbde05f0740> CORE::TAKE_CHECKPOINT_BEFORE_TIME_ALL_MC_BARRIER 0 seconds
1461686493897	<INFO 7fbde05f0740> CORE::TAKE_CHECKPOINT_COMPLETE_TIME_ALL_MC_BARRIER 0 seconds
1461686493899	<INFO 7fbde05f0740> CORE::METADATA_WRITE_COMPLETE_TIME_ALL_MC_BARRIER 0 seconds
1461686493902	<INFO 7fbde05f0740> CORE::STREAM_EOF_BEFORE_TIME_ALL_MC_BARRIER 0 seconds
1461686493904	<INFO 7fbde05f0740> CORE::STREAM_EOF_AFTER_TIME_ALL_MC_BARRIER 0 seconds
1461686493907	<INFO 7fbde05f0740> CORE::STATE_LOAD_TIME_ALL_MC_BARRIER 0 seconds
1461686493910	<INFO 7fbde05f0740> CORE::STATE_STORE_TIME_ALL_MC_BARRIER 0 seconds
1461686493912	<INFO 7fbde05f0740> CORE::PHASES 7
1461686493914	<INFO 7fbde05f0740> CORE::TIME::SETUP 1.99151 seconds
1461686493917	<INFO 7fbde05f0740> CORE::TIME::STATE_ITER 1.26141 seconds
1461686493920	<INFO 7fbde05f0740> CORE::TIME::GATHER 600.322 seconds
1461686493922	<INFO 7fbde05f0740> CORE::TIME::SCATTER 738.208 seconds
1461686493925	<INFO 7fbde05f0740> CORE::TIME::WALL 1446.6 seconds
1461686493927	<INFO 7fbde05f0740> SHUTDOWN
