1456758378554	<INFO 7f27fc57b740> 2016-02-29 16:06:18 STARTUP
1456758378558	<INFO 7f27fc57b740> CORE::GRAPH rmat-28-und_s8
1456758378562	<INFO 7f27fc57b740> CORE::ALGORITHM bfs
1456758378566	<INFO 7f27fc57b740> CORE::VERTEX_STRIPING ON
1456758378570	<INFO 7f27fc57b740> 2016-02-29 16:06:18 Blocking memory amount 120259084288
1456758479627	<INFO 7f27fc57b740> 2016-02-29 16:07:59 Done blocking memory
1456758479631	<INFO 7f27fc57b740> SG-DRIVER-ORIGINAL
1456758479634	<INFO 7f27fc57b740> CORE::CONFIG::PROCESSORS 8
1456758479638	<INFO 7f27fc57b740> CORE::CONFIG::PHYSICAL_MEMORY 209715200
1456758479642	<INFO 7f27fc57b740> CORE::CONFIG::VERTICES 268435456
1456758479645	<INFO 7f27fc57b740> CORE::CONFIG::VERTEX_SIZE 8
1456758479649	<INFO 7f27fc57b740> CORE::CONFIG::VERTEX_BUFFER 134217728
1456758479652	<INFO 7f27fc57b740> CORE::CONFIG::EDGES 1073741824
1456758479657	<INFO 7f27fc57b740> CORE::CONFIG::PARTITIONS 256
1456758479661	<INFO 7f27fc57b740> CORE::CONFIG::FANOUT 256
1456758479664	<INFO 7f27fc57b740> CORE::CONFIG::SUPER_PARTITIONS 16
1456758479668	<INFO 7f27fc57b740> CORE::CONFIG::TILES 1
1456758479672	<INFO 7f27fc57b740> CORE::CONFIG::BUFFER_SIZE 15095603
1456758479675	<INFO 7f27fc57b740> CORE::CONFIG::MAX_BUFFERS 4
1456758479679	<INFO 7f27fc57b740> CORE::CONFIG::MAX_STREAMS 4
1456758479683	<INFO 7f27fc57b740> SLIPSTREAM::EXT_MEM_SHUFFLE OFF
1456758479804	<WARNING 7f27fc57b740> Unable to unlink file (stream.0.0.0):No such file or directory
1456758479808	<WARNING 7f27fc57b740> Unable to unlink file (stream.0.1.0):No such file or directory
1456758479812	<WARNING 7f27fc57b740> Unable to unlink file (stream.0.2.0):No such file or directory
1456758479816	<WARNING 7f27fc57b740> Unable to unlink file (stream.0.3.0):No such file or directory
1456758479819	<WARNING 7f27fc57b740> Unable to unlink file (stream.0.4.0):No such file or directory
1456758479823	<WARNING 7f27fc57b740> Unable to unlink file (stream.0.5.0):No such file or directory
1456758479827	<WARNING 7f27fc57b740> Unable to unlink file (stream.0.6.0):No such file or directory
1456758479831	<WARNING 7f27fc57b740> Unable to unlink file (stream.0.7.0):No such file or directory
1456758479835	<WARNING 7f27fc57b740> Unable to unlink file (stream.0.8.0):No such file or directory
1456758479839	<WARNING 7f27fc57b740> Unable to unlink file (stream.0.9.0):No such file or directory
1456758479842	<WARNING 7f27fc57b740> Unable to unlink file (stream.0.10.0):No such file or directory
1456758479845	<WARNING 7f27fc57b740> Unable to unlink file (stream.0.11.0):No such file or directory
1456758479848	<WARNING 7f27fc57b740> Unable to unlink file (stream.0.12.0):No such file or directory
1456758479852	<WARNING 7f27fc57b740> Unable to unlink file (stream.0.13.0):No such file or directory
1456758479855	<WARNING 7f27fc57b740> Unable to unlink file (stream.0.14.0):No such file or directory
1456758479859	<WARNING 7f27fc57b740> Unable to unlink file (stream.0.15.0):No such file or directory
1456758479862	<WARNING 7f27fc57b740> Unable to unlink file (stream.1.1.0):No such file or directory
1456758479865	<WARNING 7f27fc57b740> Unable to unlink file (stream.1.2.0):No such file or directory
1456758479869	<WARNING 7f27fc57b740> Unable to unlink file (stream.1.3.0):No such file or directory
1456758479872	<WARNING 7f27fc57b740> Unable to unlink file (stream.1.4.0):No such file or directory
1456758479875	<WARNING 7f27fc57b740> Unable to unlink file (stream.1.5.0):No such file or directory
1456758479879	<WARNING 7f27fc57b740> Unable to unlink file (stream.1.6.0):No such file or directory
1456758479882	<WARNING 7f27fc57b740> Unable to unlink file (stream.1.7.0):No such file or directory
1456758479885	<WARNING 7f27fc57b740> Unable to unlink file (stream.1.8.0):No such file or directory
1456758479889	<WARNING 7f27fc57b740> Unable to unlink file (stream.1.9.0):No such file or directory
1456758479892	<WARNING 7f27fc57b740> Unable to unlink file (stream.1.10.0):No such file or directory
1456758479896	<WARNING 7f27fc57b740> Unable to unlink file (stream.1.11.0):No such file or directory
1456758479899	<WARNING 7f27fc57b740> Unable to unlink file (stream.1.12.0):No such file or directory
1456758479902	<WARNING 7f27fc57b740> Unable to unlink file (stream.1.13.0):No such file or directory
1456758479905	<WARNING 7f27fc57b740> Unable to unlink file (stream.1.14.0):No such file or directory
1456758479909	<WARNING 7f27fc57b740> Unable to unlink file (stream.1.15.0):No such file or directory
1456758479912	<WARNING 7f27fc57b740> Unable to unlink file (stream.2.0.0):No such file or directory
1456758479915	<WARNING 7f27fc57b740> Unable to unlink file (stream.2.1.0):No such file or directory
1456758479919	<WARNING 7f27fc57b740> Unable to unlink file (stream.2.2.0):No such file or directory
1456758479922	<WARNING 7f27fc57b740> Unable to unlink file (stream.2.3.0):No such file or directory
1456758479925	<WARNING 7f27fc57b740> Unable to unlink file (stream.2.4.0):No such file or directory
1456758479928	<WARNING 7f27fc57b740> Unable to unlink file (stream.2.5.0):No such file or directory
1456758479932	<WARNING 7f27fc57b740> Unable to unlink file (stream.2.6.0):No such file or directory
1456758479935	<WARNING 7f27fc57b740> Unable to unlink file (stream.2.7.0):No such file or directory
1456758479938	<WARNING 7f27fc57b740> Unable to unlink file (stream.2.8.0):No such file or directory
1456758479941	<WARNING 7f27fc57b740> Unable to unlink file (stream.2.9.0):No such file or directory
1456758479944	<WARNING 7f27fc57b740> Unable to unlink file (stream.2.10.0):No such file or directory
1456758479947	<WARNING 7f27fc57b740> Unable to unlink file (stream.2.11.0):No such file or directory
1456758479951	<WARNING 7f27fc57b740> Unable to unlink file (stream.2.12.0):No such file or directory
1456758479954	<WARNING 7f27fc57b740> Unable to unlink file (stream.2.13.0):No such file or directory
1456758479957	<WARNING 7f27fc57b740> Unable to unlink file (stream.2.14.0):No such file or directory
1456758479960	<WARNING 7f27fc57b740> Unable to unlink file (stream.2.15.0):No such file or directory
1456758479964	<WARNING 7f27fc57b740> Unable to unlink file (stream.3.0.0):No such file or directory
1456758479967	<WARNING 7f27fc57b740> Unable to unlink file (stream.3.1.0):No such file or directory
1456758479970	<WARNING 7f27fc57b740> Unable to unlink file (stream.3.2.0):No such file or directory
1456758479973	<WARNING 7f27fc57b740> Unable to unlink file (stream.3.3.0):No such file or directory
1456758479976	<WARNING 7f27fc57b740> Unable to unlink file (stream.3.4.0):No such file or directory
1456758479979	<WARNING 7f27fc57b740> Unable to unlink file (stream.3.5.0):No such file or directory
1456758479982	<WARNING 7f27fc57b740> Unable to unlink file (stream.3.6.0):No such file or directory
1456758479985	<WARNING 7f27fc57b740> Unable to unlink file (stream.3.7.0):No such file or directory
1456758479989	<WARNING 7f27fc57b740> Unable to unlink file (stream.3.8.0):No such file or directory
1456758479992	<WARNING 7f27fc57b740> Unable to unlink file (stream.3.9.0):No such file or directory
1456758479995	<WARNING 7f27fc57b740> Unable to unlink file (stream.3.10.0):No such file or directory
1456758479998	<WARNING 7f27fc57b740> Unable to unlink file (stream.3.11.0):No such file or directory
1456758480000	<WARNING 7f27fc57b740> Unable to unlink file (stream.3.12.0):No such file or directory
1456758480003	<WARNING 7f27fc57b740> Unable to unlink file (stream.3.13.0):No such file or directory
1456758480005	<WARNING 7f27fc57b740> Unable to unlink file (stream.3.14.0):No such file or directory
1456758480008	<WARNING 7f27fc57b740> Unable to unlink file (stream.3.15.0):No such file or directory
1456758480011	<INFO 7f27fc57b740> SLIPSTORE::ZMQ_THREADS 2
1456758480014	<INFO 7f27fc57b740> SLIPSTORE::COMM Connecting to tcp://dco-node137-10g:5016
1456758480017	<INFO 7f27fc57b740> SLIPSTORE::COMM Connecting to tcp://dco-node138-10g:5034
1456758480020	<INFO 7f27fc57b740> SLIPSTORE::COMM Connecting to tcp://dco-node139-10g:5052
1456758480023	<INFO 7f27fc57b740> SLIPSTORE::COMM Connecting to tcp://dco-node140-10g:5070
1456758480026	<INFO 7f27fc57b740> SLIPSTORE::COMM Connecting to tcp://dco-node141-10g:5088
1456758480029	<INFO 7f27fc57b740> SLIPSTORE::COMM Connecting to tcp://dco-node142-10g:5106
1456758480033	<INFO 7f27fc57b740> SLIPSTORE::COMM Connecting to tcp://dco-node143-10g:5124
1456758480036	<INFO 7f27fc57b740> SLIPSTORE::COMM Connecting to tcp://dco-node144-10g:5142
1456758480039	<INFO 7f27fc57b740> SLIPSTORE::COMM Listening at tcp://ens1f0:5098
1456758480043	<INFO 7f27fc57b740> SLIPSTORE::COMM Listening at tcp://ens1f0:5099
1456758480046	<INFO 7f27fc57b740> SLIPSTORE::COMM Listening at tcp://ens1f0:5100
1456758480049	<INFO 7f27fc57b740> SLIPSTORE::COMM Listening at tcp://ens1f0:5101
1456758480052	<INFO 7f27fc57b740> SLIPSTORE::COMM Listening at tcp://ens1f0:5102
1456758480055	<INFO 7f27fc57b740> SLIPSTORE::COMM Listening at ipc://client
1456758480059	<INFO 7f27fc57b740> SLIPSTORE::COMM Listening at tcp://ens1f0:5104
1456758480061	<INFO 7f27fc57b740> SLIPSTORE::COMM Listening at tcp://ens1f0:5105
1456758480064	<INFO 7f27fc57b740> SLIPSTORE::COMM Connecting to tcp://dco-node137-10g:5016
1456758480066	<INFO 7f27fc57b740> SLIPSTORE::COMM Connecting to tcp://dco-node138-10g:5034
1456758480069	<INFO 7f27fc57b740> SLIPSTORE::COMM Connecting to tcp://dco-node139-10g:5052
1456758480073	<INFO 7f27fc57b740> SLIPSTORE::COMM Connecting to tcp://dco-node140-10g:5070
1456758480076	<INFO 7f27fc57b740> SLIPSTORE::COMM Connecting to tcp://dco-node141-10g:5088
1456758480079	<INFO 7f27fc57b740> SLIPSTORE::COMM Connecting to tcp://dco-node142-10g:5106
1456758480082	<INFO 7f27fc57b740> SLIPSTORE::COMM Connecting to tcp://dco-node143-10g:5124
1456758480085	<INFO 7f27fc57b740> SLIPSTORE::COMM Connecting to tcp://dco-node144-10g:5142
1456758480089	<INFO 7f27fc57b740> SLIPSTORE::COMM Connecting to tcp://dco-node137-10g:5005
1456758480091	<INFO 7f27fc57b740> SLIPSTORE::COMM Connecting to tcp://dco-node138-10g:5023
1456758480094	<INFO 7f27fc57b740> SLIPSTORE::COMM Connecting to tcp://dco-node139-10g:5041
1456758480098	<INFO 7f27fc57b740> SLIPSTORE::COMM Connecting to tcp://dco-node140-10g:5059
1456758480101	<INFO 7f27fc57b740> SLIPSTORE::COMM Connecting to tcp://dco-node141-10g:5077
1456758480104	<INFO 7f27fc57b740> SLIPSTORE::COMM Connecting to ipc://server
1456758480106	<INFO 7f27fc57b740> SLIPSTORE::COMM Connecting to tcp://dco-node143-10g:5113
1456758480109	<INFO 7f27fc57b740> SLIPSTORE::COMM Connecting to tcp://dco-node144-10g:5131
1456758480111	<INFO 7f27fc57b740> SLIPSTORE::COMM Connecting to tcp://dco-node143-10g:5125
1456758480114	<INFO 7f27fc57b740> SLIPSTORE::COMM Listening at tcp://ens1f0:5107
1456758480117	<INFO 7f27fc57b740> SLIPSTORE::COMM Connecting to tcp://dco-node142-10g:5106
1456758480121	<INFO 7f27fc57b740> SLIPSTORE::HELP_POLICY NONE
1456758480123	<INFO 7f27fc57b740> SLIPSTORE::SERVER SYNC
1456758480126	<INFO 7f27fc57b740> SLIPSTORE::MACHINES 8
1456758480130	<INFO 7f27fc57b740> SLIPSTORE::ME 5
1456758480132	<INFO 7f27fc57b740> SLIPSTORE::SLIPCHUNK 4194304
1456758480136	<INFO 7f27fc57b740> SLIPSTORE::QUOTA 18446744073709551615
1456758480139	<INFO 7f27fc57b740> SLIPSTORE::IO PAGECACHE
1456758480142	<INFO 7f0bd3fff700> SLIPSTORE::COMM Listening at tcp://ens1f0:5106
1456758480145	<INFO 7f0bd3fff700> SLIPSTORE::COMM Listening at tcp://ens1f0:5090
1456758480149	<INFO 7f0bd3fff700> SLIPSTORE::COMM Connecting to tcp://dco-node137-10g:5013
1456758480152	<INFO 7f0bd3fff700> SLIPSTORE::COMM Listening at tcp://ens1f0:5091
1456758480155	<INFO 7f0bd3fff700> SLIPSTORE::COMM Connecting to tcp://dco-node138-10g:5031
1456758480158	<INFO 7f0bd3fff700> SLIPSTORE::COMM Listening at tcp://ens1f0:5092
1456758480161	<INFO 7f0bd3fff700> SLIPSTORE::COMM Connecting to tcp://dco-node139-10g:5049
1456758480164	<INFO 7f0bd3fff700> SLIPSTORE::COMM Listening at tcp://ens1f0:5093
1456758480167	<INFO 7f0bd3fff700> SLIPSTORE::COMM Connecting to tcp://dco-node140-10g:5067
1456758480170	<INFO 7f0bd3fff700> SLIPSTORE::COMM Listening at tcp://ens1f0:5094
1456758480173	<INFO 7f0bd3fff700> SLIPSTORE::COMM Connecting to tcp://dco-node141-10g:5085
1456758480177	<INFO 7f0bd3fff700> SLIPSTORE::COMM Listening at ipc://server
1456758480180	<INFO 7f0bd3fff700> SLIPSTORE::COMM Connecting to ipc://client
1456758480184	<INFO 7f0bd3fff700> SLIPSTORE::COMM Listening at tcp://ens1f0:5096
1456758480186	<INFO 7f0bd3fff700> SLIPSTORE::COMM Connecting to tcp://dco-node143-10g:5121
1456758480189	<INFO 7f0bd3fff700> SLIPSTORE::COMM Listening at tcp://ens1f0:5097
1456758480193	<INFO 7f0bd3fff700> SLIPSTORE::COMM Connecting to tcp://dco-node144-10g:5139
1456758482795	<INFO 7f27fc57b740> SLIPSTORE::CHECKPOINTS NONE FOUND
1456758884331	<INFO 7f27fc57b740> 2016-02-29 16:14:44 Completed init
1456758884450	<INFO 7f0bd3fff700> trunc() stream.0.5.0
1456758884452	<INFO 7f0bd3fff700> trunc() ok stream.0.5.0
1456758884455	<INFO 7f0bd3fff700> trunc() stream.0.1.0
1456758884458	<INFO 7f0bd3fff700> trunc() ok stream.0.1.0
1456758884462	<INFO 7f0bd3fff700> trunc() stream.0.2.0
1456758884464	<INFO 7f0bd3fff700> trunc() ok stream.0.2.0
1456758884467	<INFO 7f0bd3fff700> trunc() stream.0.6.0
1456758884469	<INFO 7f0bd3fff700> trunc() ok stream.0.6.0
1456758884473	<INFO 7f0bd3fff700> trunc() stream.0.4.0
1456758884477	<INFO 7f0bd3fff700> trunc() ok stream.0.4.0
1456758884479	<INFO 7f0bd3fff700> trunc() stream.0.7.0
1456758884481	<INFO 7f0bd3fff700> trunc() ok stream.0.7.0
1456758884502	<INFO 7f0bd3fff700> trunc() stream.0.0.0
1456758884504	<INFO 7f0bd3fff700> trunc() ok stream.0.0.0
1456758884517	<INFO 7f0bd3fff700> trunc() stream.0.3.0
1456758884520	<INFO 7f0bd3fff700> trunc() ok stream.0.3.0
1456758885003	<INFO 7f0bd3fff700> trunc() stream.0.13.0
1456758885006	<INFO 7f0bd3fff700> trunc() ok stream.0.13.0
1456758885009	<INFO 7f0bd3fff700> trunc() stream.0.9.0
1456758885011	<INFO 7f0bd3fff700> trunc() ok stream.0.9.0
1456758885014	<INFO 7f0bd3fff700> trunc() stream.0.14.0
1456758885016	<INFO 7f0bd3fff700> trunc() ok stream.0.14.0
1456758885057	<INFO 7f0bd3fff700> trunc() stream.0.10.0
1456758885060	<INFO 7f0bd3fff700> trunc() ok stream.0.10.0
1456758885124	<INFO 7f0bd3fff700> trunc() stream.0.12.0
1456758885127	<INFO 7f0bd3fff700> trunc() ok stream.0.12.0
1456758885154	<INFO 7f0bd3fff700> trunc() stream.0.15.0
1456758885156	<INFO 7f0bd3fff700> trunc() ok stream.0.15.0
1456758885175	<INFO 7f0bd3fff700> trunc() stream.0.8.0
1456758885177	<INFO 7f0bd3fff700> trunc() ok stream.0.8.0
1456758885180	<INFO 7f0bd3fff700> trunc() stream.0.11.0
1456758885182	<INFO 7f0bd3fff700> trunc() ok stream.0.11.0
1456758886062	<INFO 7f0bd3fff700> trunc() stream.0.2.0
1456758886071	<INFO 7f0bd3fff700> trunc() ok stream.0.2.0
1456758886073	<INFO 7f0bd3fff700> trunc() stream.0.4.0
1456758886079	<INFO 7f0bd3fff700> trunc() ok stream.0.4.0
1456758886082	<INFO 7f0bd3fff700> trunc() stream.0.1.0
1456758886088	<INFO 7f0bd3fff700> trunc() ok stream.0.1.0
1456758886104	<INFO 7f0bd3fff700> trunc() stream.0.5.0
1456758886112	<INFO 7f0bd3fff700> trunc() ok stream.0.5.0
1456758886121	<INFO 7f0bd3fff700> trunc() stream.0.7.0
1456758886129	<INFO 7f0bd3fff700> trunc() ok stream.0.7.0
1456758886157	<INFO 7f0bd3fff700> trunc() stream.0.3.0
1456758886166	<INFO 7f0bd3fff700> trunc() ok stream.0.3.0
1456758886183	<INFO 7f0bd3fff700> trunc() stream.0.0.0
1456758886191	<INFO 7f0bd3fff700> trunc() ok stream.0.0.0
1456758886194	<INFO 7f0bd3fff700> trunc() stream.0.6.0
1456758886200	<INFO 7f0bd3fff700> trunc() ok stream.0.6.0
1456758886739	<INFO 7f0bd37fe700> reset  3 0 0
1456758886741	<INFO 7f0bd37fe700> trunc() stream.3.0.0
1456758886743	<INFO 7f0bd37fe700> trunc() ok stream.3.0.0
1456758886746	<INFO 7f0bd37fe700> done reset  3 0 0
1456758886748	<INFO 7f0bd37fe700> reset  3 1 0
1456758886750	<INFO 7f0bd37fe700> trunc() stream.3.1.0
1456758886752	<INFO 7f0bd37fe700> trunc() ok stream.3.1.0
1456758886755	<INFO 7f0bd37fe700> done reset  3 1 0
1456758886757	<INFO 7f0bd37fe700> reset  3 2 0
1456758886760	<INFO 7f0bd37fe700> trunc() stream.3.2.0
1456758886762	<INFO 7f0bd37fe700> trunc() ok stream.3.2.0
1456758886765	<INFO 7f0bd37fe700> done reset  3 2 0
1456758886767	<INFO 7f0bd37fe700> reset  3 3 0
1456758886769	<INFO 7f0bd37fe700> trunc() stream.3.3.0
1456758886772	<INFO 7f0bd37fe700> trunc() ok stream.3.3.0
1456758886774	<INFO 7f0bd37fe700> done reset  3 3 0
1456758886776	<INFO 7f0bd37fe700> reset  3 4 0
1456758886779	<INFO 7f0bd37fe700> trunc() stream.3.4.0
1456758886781	<INFO 7f0bd37fe700> trunc() ok stream.3.4.0
1456758886784	<INFO 7f0bd37fe700> done reset  3 4 0
1456758886786	<INFO 7f0bd37fe700> reset  3 5 0
1456758886789	<INFO 7f0bd37fe700> trunc() stream.3.5.0
1456758886791	<INFO 7f0bd37fe700> trunc() ok stream.3.5.0
1456758886794	<INFO 7f0bd37fe700> done reset  3 5 0
1456758886797	<INFO 7f0bd37fe700> reset  3 6 0
1456758886799	<INFO 7f0bd37fe700> trunc() stream.3.6.0
1456758886802	<INFO 7f0bd37fe700> trunc() ok stream.3.6.0
1456758886804	<INFO 7f0bd37fe700> done reset  3 6 0
1456758886806	<INFO 7f0bd37fe700> reset  3 7 0
1456758886809	<INFO 7f0bd37fe700> trunc() stream.3.7.0
1456758886811	<INFO 7f0bd37fe700> trunc() ok stream.3.7.0
1456758886813	<INFO 7f0bd37fe700> done reset  3 7 0
1456758886816	<INFO 7f0bd37fe700> reset  3 8 0
1456758886818	<INFO 7f0bd37fe700> trunc() stream.3.8.0
1456758886820	<INFO 7f0bd37fe700> trunc() ok stream.3.8.0
1456758886822	<INFO 7f0bd37fe700> done reset  3 8 0
1456758886825	<INFO 7f0bd37fe700> reset  3 9 0
1456758886827	<INFO 7f0bd37fe700> trunc() stream.3.9.0
1456758886831	<INFO 7f0bd37fe700> trunc() ok stream.3.9.0
1456758886834	<INFO 7f0bd37fe700> done reset  3 9 0
1456758886837	<INFO 7f0bd37fe700> reset  3 10 0
1456758886840	<INFO 7f0bd37fe700> trunc() stream.3.10.0
1456758886842	<INFO 7f0bd37fe700> trunc() ok stream.3.10.0
1456758886844	<INFO 7f0bd37fe700> done reset  3 10 0
1456758886847	<INFO 7f0bd37fe700> reset  3 11 0
1456758886850	<INFO 7f0bd37fe700> trunc() stream.3.11.0
1456758886852	<INFO 7f0bd37fe700> trunc() ok stream.3.11.0
1456758886855	<INFO 7f0bd37fe700> done reset  3 11 0
1456758886857	<INFO 7f0bd37fe700> reset  3 12 0
1456758886860	<INFO 7f0bd37fe700> trunc() stream.3.12.0
1456758886862	<INFO 7f0bd37fe700> trunc() ok stream.3.12.0
1456758886864	<INFO 7f0bd37fe700> done reset  3 12 0
1456758886866	<INFO 7f0bd37fe700> reset  3 13 0
1456758886869	<INFO 7f0bd37fe700> trunc() stream.3.13.0
1456758886871	<INFO 7f0bd37fe700> trunc() ok stream.3.13.0
1456758886874	<INFO 7f0bd37fe700> done reset  3 13 0
1456758886877	<INFO 7f0bd37fe700> reset  3 14 0
1456758886880	<INFO 7f0bd37fe700> trunc() stream.3.14.0
1456758886882	<INFO 7f0bd37fe700> trunc() ok stream.3.14.0
1456758886887	<INFO 7f0bd37fe700> done reset  3 14 0
1456758886890	<INFO 7f0bd37fe700> reset  3 15 0
1456758886892	<INFO 7f0bd37fe700> trunc() stream.3.15.0
1456758886894	<INFO 7f0bd37fe700> trunc() ok stream.3.15.0
1456758886897	<INFO 7f0bd37fe700> done reset  3 15 0
1456759069442	<INFO 7f27fc57b740> 2016-02-29 16:17:49 Completed phase 1 Bytes read 22969022104 Bytes written 13276833464
1456759069856	<INFO 7f0bd3fff700> trunc() stream.0.2.0
1456759069863	<INFO 7f0bd3fff700> trunc() ok stream.0.2.0
1456759069877	<INFO 7f0bd3fff700> trunc() stream.0.4.0
1456759069887	<INFO 7f0bd3fff700> trunc() ok stream.0.4.0
1456759069889	<INFO 7f0bd3fff700> trunc() stream.0.6.0
1456759069892	<INFO 7f0bd3fff700> trunc() ok stream.0.6.0
1456759069894	<INFO 7f0bd3fff700> trunc() stream.0.1.0
1456759069900	<INFO 7f0bd3fff700> trunc() ok stream.0.1.0
1456759069903	<INFO 7f0bd3fff700> trunc() stream.0.3.0
1456759069907	<INFO 7f0bd3fff700> trunc() ok stream.0.3.0
1456759069924	<INFO 7f0bd3fff700> trunc() stream.0.7.0
1456759069929	<INFO 7f0bd3fff700> trunc() ok stream.0.7.0
1456759069931	<INFO 7f0bd3fff700> trunc() stream.0.0.0
1456759069937	<INFO 7f0bd3fff700> trunc() ok stream.0.0.0
1456759069953	<INFO 7f0bd3fff700> trunc() stream.0.5.0
1456759069960	<INFO 7f0bd3fff700> trunc() ok stream.0.5.0
1456759070487	<INFO 7f0bd37fe700> reset  3 0 0
1456759070489	<INFO 7f0bd37fe700> trunc() stream.3.0.0
1456759070491	<INFO 7f0bd37fe700> trunc() ok stream.3.0.0
1456759070494	<INFO 7f0bd37fe700> done reset  3 0 0
1456759070780	<INFO 7f0bd37fe700> reset  3 1 0
1456759070782	<INFO 7f0bd37fe700> trunc() stream.3.1.0
1456759070784	<INFO 7f0bd37fe700> trunc() ok stream.3.1.0
1456759070787	<INFO 7f0bd37fe700> done reset  3 1 0
1456759070789	<INFO 7f0bd37fe700> reset  3 2 0
1456759070791	<INFO 7f0bd37fe700> trunc() stream.3.2.0
1456759070794	<INFO 7f0bd37fe700> trunc() ok stream.3.2.0
1456759070796	<INFO 7f0bd37fe700> done reset  3 2 0
1456759070799	<INFO 7f0bd37fe700> reset  3 3 0
1456759070801	<INFO 7f0bd37fe700> trunc() stream.3.3.0
1456759070803	<INFO 7f0bd37fe700> trunc() ok stream.3.3.0
1456759070806	<INFO 7f0bd37fe700> done reset  3 3 0
1456759070808	<INFO 7f0bd37fe700> reset  3 4 0
1456759070811	<INFO 7f0bd37fe700> trunc() stream.3.4.0
1456759070813	<INFO 7f0bd37fe700> trunc() ok stream.3.4.0
1456759070815	<INFO 7f0bd37fe700> done reset  3 4 0
1456759070817	<INFO 7f0bd37fe700> reset  3 5 0
1456759070820	<INFO 7f0bd37fe700> trunc() stream.3.5.0
1456759070822	<INFO 7f0bd37fe700> trunc() ok stream.3.5.0
1456759070824	<INFO 7f0bd37fe700> done reset  3 5 0
1456759070827	<INFO 7f0bd37fe700> reset  3 6 0
1456759070829	<INFO 7f0bd37fe700> trunc() stream.3.6.0
1456759070832	<INFO 7f0bd37fe700> trunc() ok stream.3.6.0
1456759070834	<INFO 7f0bd37fe700> done reset  3 6 0
1456759070837	<INFO 7f0bd37fe700> reset  3 7 0
1456759070839	<INFO 7f0bd37fe700> trunc() stream.3.7.0
1456759070841	<INFO 7f0bd37fe700> trunc() ok stream.3.7.0
1456759070844	<INFO 7f0bd37fe700> done reset  3 7 0
1456759070846	<INFO 7f0bd37fe700> reset  3 8 0
1456759070848	<INFO 7f0bd37fe700> trunc() stream.3.8.0
1456759070851	<INFO 7f0bd37fe700> trunc() ok stream.3.8.0
1456759070853	<INFO 7f0bd37fe700> done reset  3 8 0
1456759070855	<INFO 7f0bd37fe700> reset  3 9 0
1456759070858	<INFO 7f0bd37fe700> trunc() stream.3.9.0
1456759070860	<INFO 7f0bd37fe700> trunc() ok stream.3.9.0
1456759070862	<INFO 7f0bd37fe700> done reset  3 9 0
1456759070865	<INFO 7f0bd37fe700> reset  3 10 0
1456759070867	<INFO 7f0bd37fe700> trunc() stream.3.10.0
1456759070869	<INFO 7f0bd37fe700> trunc() ok stream.3.10.0
1456759070872	<INFO 7f0bd37fe700> done reset  3 10 0
1456759070874	<INFO 7f0bd37fe700> reset  3 11 0
1456759070876	<INFO 7f0bd37fe700> trunc() stream.3.11.0
1456759070879	<INFO 7f0bd37fe700> trunc() ok stream.3.11.0
1456759070881	<INFO 7f0bd37fe700> done reset  3 11 0
1456759070884	<INFO 7f0bd37fe700> reset  3 12 0
1456759070886	<INFO 7f0bd37fe700> trunc() stream.3.12.0
1456759070889	<INFO 7f0bd37fe700> trunc() ok stream.3.12.0
1456759070892	<INFO 7f0bd37fe700> done reset  3 12 0
1456759070894	<INFO 7f0bd37fe700> reset  3 13 0
1456759070897	<INFO 7f0bd37fe700> trunc() stream.3.13.0
1456759070899	<INFO 7f0bd37fe700> trunc() ok stream.3.13.0
1456759070903	<INFO 7f0bd37fe700> done reset  3 13 0
1456759070905	<INFO 7f0bd37fe700> reset  3 14 0
1456759070908	<INFO 7f0bd37fe700> trunc() stream.3.14.0
1456759070910	<INFO 7f0bd37fe700> trunc() ok stream.3.14.0
1456759070913	<INFO 7f0bd37fe700> done reset  3 14 0
1456759070915	<INFO 7f0bd37fe700> reset  3 15 0
1456759070921	<INFO 7f0bd37fe700> trunc() stream.3.15.0
1456759070923	<INFO 7f0bd37fe700> trunc() ok stream.3.15.0
1456759070925	<INFO 7f0bd37fe700> done reset  3 15 0
1456759292496	<INFO 7f27fc57b740> 2016-02-29 16:21:32 Completed phase 2 Bytes read 33056155936 Bytes written 17274984280
1456759295240	<INFO 7f0bd3fff700> trunc() stream.0.7.0
1456759295247	<INFO 7f0bd3fff700> trunc() ok stream.0.7.0
1456759302711	<INFO 7f0bd3fff700> trunc() stream.0.6.0
1456759302723	<INFO 7f0bd3fff700> trunc() ok stream.0.6.0
1456759302809	<INFO 7f0bd3fff700> trunc() stream.0.5.0
1456759302816	<INFO 7f0bd3fff700> trunc() ok stream.0.5.0
1456759302847	<INFO 7f0bd3fff700> trunc() stream.0.3.0
1456759302854	<INFO 7f0bd3fff700> trunc() ok stream.0.3.0
1456759309582	<INFO 7f0bd3fff700> trunc() stream.0.2.0
1456759309589	<INFO 7f0bd3fff700> trunc() ok stream.0.2.0
1456759309626	<INFO 7f0bd3fff700> trunc() stream.0.1.0
1456759309633	<INFO 7f0bd3fff700> trunc() ok stream.0.1.0
1456759310200	<INFO 7f0bd3fff700> trunc() stream.0.4.0
1456759310206	<INFO 7f0bd3fff700> trunc() ok stream.0.4.0
1456759329332	<INFO 7f0bd3fff700> trunc() stream.0.0.0
1456759329339	<INFO 7f0bd3fff700> trunc() ok stream.0.0.0
1456759331698	<INFO 7f0bd37fe700> reset  3 0 0
1456759331701	<INFO 7f0bd37fe700> trunc() stream.3.0.0
1456759332141	<INFO 7f0bd37fe700> trunc() ok stream.3.0.0
1456759332144	<INFO 7f0bd37fe700> done reset  3 0 0
1456759333775	<INFO 7f0bd37fe700> reset  3 1 0
1456759333778	<INFO 7f0bd37fe700> trunc() stream.3.1.0
1456759333930	<INFO 7f0bd37fe700> trunc() ok stream.3.1.0
1456759333933	<INFO 7f0bd37fe700> done reset  3 1 0
1456759335039	<INFO 7f0bd37fe700> reset  3 2 0
1456759335041	<INFO 7f0bd37fe700> trunc() stream.3.2.0
1456759335196	<INFO 7f0bd37fe700> trunc() ok stream.3.2.0
1456759335199	<INFO 7f0bd37fe700> done reset  3 2 0
1456759335787	<INFO 7f0bd37fe700> reset  3 3 0
1456759335789	<INFO 7f0bd37fe700> trunc() stream.3.3.0
1456759335843	<INFO 7f0bd37fe700> trunc() ok stream.3.3.0
1456759335845	<INFO 7f0bd37fe700> done reset  3 3 0
1456759336752	<INFO 7f0bd37fe700> reset  3 4 0
1456759336754	<INFO 7f0bd37fe700> trunc() stream.3.4.0
1456759336906	<INFO 7f0bd37fe700> trunc() ok stream.3.4.0
1456759336908	<INFO 7f0bd37fe700> done reset  3 4 0
1456759337505	<INFO 7f0bd37fe700> reset  3 5 0
1456759337507	<INFO 7f0bd37fe700> trunc() stream.3.5.0
1456759337562	<INFO 7f0bd37fe700> trunc() ok stream.3.5.0
1456759337564	<INFO 7f0bd37fe700> done reset  3 5 0
1456759337969	<INFO 7f0bd37fe700> reset  3 6 0
1456759337971	<INFO 7f0bd37fe700> trunc() stream.3.6.0
1456759338026	<INFO 7f0bd37fe700> trunc() ok stream.3.6.0
1456759338028	<INFO 7f0bd37fe700> done reset  3 6 0
1456759338254	<INFO 7f0bd37fe700> reset  3 7 0
1456759338257	<INFO 7f0bd37fe700> trunc() stream.3.7.0
1456759338276	<INFO 7f0bd37fe700> trunc() ok stream.3.7.0
1456759338278	<INFO 7f0bd37fe700> done reset  3 7 0
1456759338885	<INFO 7f0bd37fe700> reset  3 8 0
1456759338887	<INFO 7f0bd37fe700> trunc() stream.3.8.0
1456759339000	<INFO 7f0bd37fe700> trunc() ok stream.3.8.0
1456759339002	<INFO 7f0bd37fe700> done reset  3 8 0
1456759339454	<INFO 7f0bd37fe700> reset  3 9 0
1456759339457	<INFO 7f0bd37fe700> trunc() stream.3.9.0
1456759339500	<INFO 7f0bd37fe700> trunc() ok stream.3.9.0
1456759339502	<INFO 7f0bd37fe700> done reset  3 9 0
1456759339818	<INFO 7f0bd37fe700> reset  3 10 0
1456759339821	<INFO 7f0bd37fe700> trunc() stream.3.10.0
1456759339863	<INFO 7f0bd37fe700> trunc() ok stream.3.10.0
1456759339865	<INFO 7f0bd37fe700> done reset  3 10 0
1456759340060	<INFO 7f0bd37fe700> reset  3 11 0
1456759340062	<INFO 7f0bd37fe700> trunc() stream.3.11.0
1456759340081	<INFO 7f0bd37fe700> trunc() ok stream.3.11.0
1456759340083	<INFO 7f0bd37fe700> done reset  3 11 0
1456759340374	<INFO 7f0bd37fe700> reset  3 12 0
1456759340376	<INFO 7f0bd37fe700> trunc() stream.3.12.0
1456759340419	<INFO 7f0bd37fe700> trunc() ok stream.3.12.0
1456759340422	<INFO 7f0bd37fe700> done reset  3 12 0
1456759340628	<INFO 7f0bd37fe700> reset  3 13 0
1456759340631	<INFO 7f0bd37fe700> trunc() stream.3.13.0
1456759340649	<INFO 7f0bd37fe700> trunc() ok stream.3.13.0
1456759340652	<INFO 7f0bd37fe700> done reset  3 13 0
1456759340809	<INFO 7f0bd37fe700> reset  3 14 0
1456759340812	<INFO 7f0bd37fe700> trunc() stream.3.14.0
1456759340830	<INFO 7f0bd37fe700> trunc() ok stream.3.14.0
1456759340832	<INFO 7f0bd37fe700> done reset  3 14 0
1456759340923	<INFO 7f0bd37fe700> reset  3 15 0
1456759340925	<INFO 7f0bd37fe700> trunc() stream.3.15.0
1456759340932	<INFO 7f0bd37fe700> trunc() ok stream.3.15.0
1456759340934	<INFO 7f0bd37fe700> done reset  3 15 0
1456759554069	<INFO 7f27fc57b740> 2016-02-29 16:25:54 Completed phase 3 Bytes read 46038421120 Bytes written 20079432680
1456759555477	<INFO 7f0bd3fff700> trunc() stream.0.7.0
1456759555485	<INFO 7f0bd3fff700> trunc() ok stream.0.7.0
1456759556644	<INFO 7f0bd3fff700> trunc() stream.0.5.0
1456759556652	<INFO 7f0bd3fff700> trunc() ok stream.0.5.0
1456759556682	<INFO 7f0bd3fff700> trunc() stream.0.3.0
1456759556688	<INFO 7f0bd3fff700> trunc() ok stream.0.3.0
1456759556691	<INFO 7f0bd3fff700> trunc() stream.0.6.0
1456759556696	<INFO 7f0bd3fff700> trunc() ok stream.0.6.0
1456759561123	<INFO 7f0bd3fff700> trunc() stream.0.1.0
1456759561130	<INFO 7f0bd3fff700> trunc() ok stream.0.1.0
1456759561139	<INFO 7f0bd3fff700> trunc() stream.0.2.0
1456759561146	<INFO 7f0bd3fff700> trunc() ok stream.0.2.0
1456759561390	<INFO 7f0bd3fff700> trunc() stream.0.4.0
1456759561397	<INFO 7f0bd3fff700> trunc() ok stream.0.4.0
1456759574936	<INFO 7f0bd3fff700> trunc() stream.0.0.0
1456759574944	<INFO 7f0bd3fff700> trunc() ok stream.0.0.0
1456759577151	<INFO 7f0bd37fe700> reset  3 0 0
1456759577153	<INFO 7f0bd37fe700> trunc() stream.3.0.0
1456759577518	<INFO 7f0bd37fe700> trunc() ok stream.3.0.0
1456759577520	<INFO 7f0bd37fe700> done reset  3 0 0
1456759578916	<INFO 7f0bd37fe700> reset  3 1 0
1456759578918	<INFO 7f0bd37fe700> trunc() stream.3.1.0
1456759579043	<INFO 7f0bd37fe700> trunc() ok stream.3.1.0
1456759579046	<INFO 7f0bd37fe700> done reset  3 1 0
1456759579985	<INFO 7f0bd37fe700> reset  3 2 0
1456759579987	<INFO 7f0bd37fe700> trunc() stream.3.2.0
1456759580112	<INFO 7f0bd37fe700> trunc() ok stream.3.2.0
1456759580115	<INFO 7f0bd37fe700> done reset  3 2 0
1456759580580	<INFO 7f0bd37fe700> reset  3 3 0
1456759580583	<INFO 7f0bd37fe700> trunc() stream.3.3.0
1456759580623	<INFO 7f0bd37fe700> trunc() ok stream.3.3.0
1456759580625	<INFO 7f0bd37fe700> done reset  3 3 0
1456759581355	<INFO 7f0bd37fe700> reset  3 4 0
1456759581358	<INFO 7f0bd37fe700> trunc() stream.3.4.0
1456759581482	<INFO 7f0bd37fe700> trunc() ok stream.3.4.0
1456759581484	<INFO 7f0bd37fe700> done reset  3 4 0
1456759581970	<INFO 7f0bd37fe700> reset  3 5 0
1456759581973	<INFO 7f0bd37fe700> trunc() stream.3.5.0
1456759582015	<INFO 7f0bd37fe700> trunc() ok stream.3.5.0
1456759582017	<INFO 7f0bd37fe700> done reset  3 5 0
1456759582324	<INFO 7f0bd37fe700> reset  3 6 0
1456759582327	<INFO 7f0bd37fe700> trunc() stream.3.6.0
1456759582367	<INFO 7f0bd37fe700> trunc() ok stream.3.6.0
1456759582369	<INFO 7f0bd37fe700> done reset  3 6 0
1456759582535	<INFO 7f0bd37fe700> reset  3 7 0
1456759582537	<INFO 7f0bd37fe700> trunc() stream.3.7.0
1456759582550	<INFO 7f0bd37fe700> trunc() ok stream.3.7.0
1456759582552	<INFO 7f0bd37fe700> done reset  3 7 0
1456759583275	<INFO 7f0bd37fe700> reset  3 8 0
1456759583278	<INFO 7f0bd37fe700> trunc() stream.3.8.0
1456759583414	<INFO 7f0bd37fe700> trunc() ok stream.3.8.0
1456759583417	<INFO 7f0bd37fe700> done reset  3 8 0
1456759583952	<INFO 7f0bd37fe700> reset  3 9 0
1456759583954	<INFO 7f0bd37fe700> trunc() stream.3.9.0
1456759584001	<INFO 7f0bd37fe700> trunc() ok stream.3.9.0
1456759584004	<INFO 7f0bd37fe700> done reset  3 9 0
1456759584351	<INFO 7f0bd37fe700> reset  3 10 0
1456759584353	<INFO 7f0bd37fe700> trunc() stream.3.10.0
1456759584398	<INFO 7f0bd37fe700> trunc() ok stream.3.10.0
1456759584400	<INFO 7f0bd37fe700> done reset  3 10 0
1456759584584	<INFO 7f0bd37fe700> reset  3 11 0
1456759584586	<INFO 7f0bd37fe700> trunc() stream.3.11.0
1456759584599	<INFO 7f0bd37fe700> trunc() ok stream.3.11.0
1456759584602	<INFO 7f0bd37fe700> done reset  3 11 0
1456759584878	<INFO 7f0bd37fe700> reset  3 12 0
1456759584881	<INFO 7f0bd37fe700> trunc() stream.3.12.0
1456759584926	<INFO 7f0bd37fe700> trunc() ok stream.3.12.0
1456759584928	<INFO 7f0bd37fe700> done reset  3 12 0
1456759585111	<INFO 7f0bd37fe700> reset  3 13 0
1456759585114	<INFO 7f0bd37fe700> trunc() stream.3.13.0
1456759585128	<INFO 7f0bd37fe700> trunc() ok stream.3.13.0
1456759585131	<INFO 7f0bd37fe700> done reset  3 13 0
1456759585253	<INFO 7f0bd37fe700> reset  3 14 0
1456759585255	<INFO 7f0bd37fe700> trunc() stream.3.14.0
1456759585269	<INFO 7f0bd37fe700> trunc() ok stream.3.14.0
1456759585272	<INFO 7f0bd37fe700> done reset  3 14 0
1456759585334	<INFO 7f0bd37fe700> reset  3 15 0
1456759585336	<INFO 7f0bd37fe700> trunc() stream.3.15.0
1456759585339	<INFO 7f0bd37fe700> trunc() ok stream.3.15.0
1456759585341	<INFO 7f0bd37fe700> done reset  3 15 0
1456759720009	<INFO 7f27fc57b740> 2016-02-29 16:28:40 Completed phase 4 Bytes read 58131478344 Bytes written 20226194568
1456759720474	<INFO 7f0bd3fff700> trunc() stream.0.1.0
1456759720480	<INFO 7f0bd3fff700> trunc() ok stream.0.1.0
1456759720483	<INFO 7f0bd3fff700> trunc() stream.0.5.0
1456759720491	<INFO 7f0bd3fff700> trunc() ok stream.0.5.0
1456759720493	<INFO 7f0bd3fff700> trunc() stream.0.2.0
1456759720499	<INFO 7f0bd3fff700> trunc() ok stream.0.2.0
1456759720501	<INFO 7f0bd3fff700> trunc() stream.0.4.0
1456759720506	<INFO 7f0bd3fff700> trunc() ok stream.0.4.0
1456759720508	<INFO 7f0bd3fff700> trunc() stream.0.3.0
1456759720514	<INFO 7f0bd3fff700> trunc() ok stream.0.3.0
1456759720516	<INFO 7f0bd3fff700> trunc() stream.0.6.0
1456759720521	<INFO 7f0bd3fff700> trunc() ok stream.0.6.0
1456759720523	<INFO 7f0bd3fff700> trunc() stream.0.0.0
1456759720531	<INFO 7f0bd3fff700> trunc() ok stream.0.0.0
1456759721076	<INFO 7f0bd3fff700> trunc() stream.0.7.0
1456759721084	<INFO 7f0bd3fff700> trunc() ok stream.0.7.0
1456759721229	<INFO 7f0bd37fe700> reset  3 0 0
1456759721231	<INFO 7f0bd37fe700> trunc() stream.3.0.0
1456759721234	<INFO 7f0bd37fe700> trunc() ok stream.3.0.0
1456759721236	<INFO 7f0bd37fe700> done reset  3 0 0
1456759721242	<INFO 7f0bd37fe700> reset  3 1 0
1456759721244	<INFO 7f0bd37fe700> trunc() stream.3.1.0
1456759721247	<INFO 7f0bd37fe700> trunc() ok stream.3.1.0
1456759721249	<INFO 7f0bd37fe700> done reset  3 1 0
1456759721252	<INFO 7f0bd37fe700> reset  3 2 0
1456759721254	<INFO 7f0bd37fe700> trunc() stream.3.2.0
1456759721256	<INFO 7f0bd37fe700> trunc() ok stream.3.2.0
1456759721259	<INFO 7f0bd37fe700> done reset  3 2 0
1456759721261	<INFO 7f0bd37fe700> reset  3 3 0
1456759721264	<INFO 7f0bd37fe700> trunc() stream.3.3.0
1456759721266	<INFO 7f0bd37fe700> trunc() ok stream.3.3.0
1456759721269	<INFO 7f0bd37fe700> done reset  3 3 0
1456759721271	<INFO 7f0bd37fe700> reset  3 4 0
1456759721274	<INFO 7f0bd37fe700> trunc() stream.3.4.0
1456759721276	<INFO 7f0bd37fe700> trunc() ok stream.3.4.0
1456759721278	<INFO 7f0bd37fe700> done reset  3 4 0
1456759721281	<INFO 7f0bd37fe700> reset  3 5 0
1456759721284	<INFO 7f0bd37fe700> trunc() stream.3.5.0
1456759721286	<INFO 7f0bd37fe700> trunc() ok stream.3.5.0
1456759721288	<INFO 7f0bd37fe700> done reset  3 5 0
1456759721291	<INFO 7f0bd37fe700> reset  3 6 0
1456759721293	<INFO 7f0bd37fe700> trunc() stream.3.6.0
1456759721295	<INFO 7f0bd37fe700> trunc() ok stream.3.6.0
1456759721298	<INFO 7f0bd37fe700> done reset  3 6 0
1456759721300	<INFO 7f0bd37fe700> reset  3 7 0
1456759721302	<INFO 7f0bd37fe700> trunc() stream.3.7.0
1456759721305	<INFO 7f0bd37fe700> trunc() ok stream.3.7.0
1456759721307	<INFO 7f0bd37fe700> done reset  3 7 0
1456759721310	<INFO 7f0bd37fe700> reset  3 8 0
1456759721312	<INFO 7f0bd37fe700> trunc() stream.3.8.0
1456759721314	<INFO 7f0bd37fe700> trunc() ok stream.3.8.0
1456759721317	<INFO 7f0bd37fe700> done reset  3 8 0
1456759721319	<INFO 7f0bd37fe700> reset  3 9 0
1456759721321	<INFO 7f0bd37fe700> trunc() stream.3.9.0
1456759721324	<INFO 7f0bd37fe700> trunc() ok stream.3.9.0
1456759721326	<INFO 7f0bd37fe700> done reset  3 9 0
1456759721329	<INFO 7f0bd37fe700> reset  3 10 0
1456759721331	<INFO 7f0bd37fe700> trunc() stream.3.10.0
1456759721334	<INFO 7f0bd37fe700> trunc() ok stream.3.10.0
1456759721336	<INFO 7f0bd37fe700> done reset  3 10 0
1456759721338	<INFO 7f0bd37fe700> reset  3 11 0
1456759721341	<INFO 7f0bd37fe700> trunc() stream.3.11.0
1456759721343	<INFO 7f0bd37fe700> trunc() ok stream.3.11.0
1456759721345	<INFO 7f0bd37fe700> done reset  3 11 0
1456759721348	<INFO 7f0bd37fe700> reset  3 12 0
1456759721350	<INFO 7f0bd37fe700> trunc() stream.3.12.0
1456759721352	<INFO 7f0bd37fe700> trunc() ok stream.3.12.0
1456759721355	<INFO 7f0bd37fe700> done reset  3 12 0
1456759721357	<INFO 7f0bd37fe700> reset  3 13 0
1456759721359	<INFO 7f0bd37fe700> trunc() stream.3.13.0
1456759721362	<INFO 7f0bd37fe700> trunc() ok stream.3.13.0
1456759721364	<INFO 7f0bd37fe700> done reset  3 13 0
1456759721367	<INFO 7f0bd37fe700> reset  3 14 0
1456759721369	<INFO 7f0bd37fe700> trunc() stream.3.14.0
1456759721372	<INFO 7f0bd37fe700> trunc() ok stream.3.14.0
1456759721374	<INFO 7f0bd37fe700> done reset  3 14 0
1456759721376	<INFO 7f0bd37fe700> reset  3 15 0
1456759721379	<INFO 7f0bd37fe700> trunc() stream.3.15.0
1456759721382	<INFO 7f0bd37fe700> trunc() ok stream.3.15.0
1456759721386	<INFO 7f0bd37fe700> done reset  3 15 0
1456759789305	<INFO 7f27fc57b740> 2016-02-29 16:29:49 Completed phase 5 Bytes read 68225071168 Bytes written 20360440848
1456759789712	<INFO 7f0bd3fff700> trunc() stream.0.4.0
1456759789720	<INFO 7f0bd3fff700> trunc() ok stream.0.4.0
1456759789736	<INFO 7f0bd3fff700> trunc() stream.0.1.0
1456759789744	<INFO 7f0bd3fff700> trunc() ok stream.0.1.0
1456759789747	<INFO 7f0bd3fff700> trunc() stream.0.2.0
1456759789753	<INFO 7f0bd3fff700> trunc() ok stream.0.2.0
1456759789770	<INFO 7f0bd3fff700> trunc() stream.0.5.0
1456759789778	<INFO 7f0bd3fff700> trunc() ok stream.0.5.0
1456759789780	<INFO 7f0bd3fff700> trunc() stream.0.3.0
1456759789786	<INFO 7f0bd3fff700> trunc() ok stream.0.3.0
1456759789802	<INFO 7f0bd3fff700> trunc() stream.0.7.0
1456759789810	<INFO 7f0bd3fff700> trunc() ok stream.0.7.0
1456759789841	<INFO 7f0bd3fff700> trunc() stream.0.6.0
1456759789848	<INFO 7f0bd3fff700> trunc() ok stream.0.6.0
1456759789864	<INFO 7f0bd3fff700> trunc() stream.0.0.0
1456759789872	<INFO 7f0bd3fff700> trunc() ok stream.0.0.0
1456759790444	<INFO 7f0bd37fe700> reset  3 0 0
1456759790446	<INFO 7f0bd37fe700> trunc() stream.3.0.0
1456759790448	<INFO 7f0bd37fe700> trunc() ok stream.3.0.0
1456759790450	<INFO 7f0bd37fe700> done reset  3 0 0
1456759790453	<INFO 7f0bd37fe700> reset  3 1 0
1456759790455	<INFO 7f0bd37fe700> trunc() stream.3.1.0
1456759790457	<INFO 7f0bd37fe700> trunc() ok stream.3.1.0
1456759790459	<INFO 7f0bd37fe700> done reset  3 1 0
1456759790461	<INFO 7f0bd37fe700> reset  3 2 0
1456759790464	<INFO 7f0bd37fe700> trunc() stream.3.2.0
1456759790466	<INFO 7f0bd37fe700> trunc() ok stream.3.2.0
1456759790468	<INFO 7f0bd37fe700> done reset  3 2 0
1456759790470	<INFO 7f0bd37fe700> reset  3 3 0
1456759790473	<INFO 7f0bd37fe700> trunc() stream.3.3.0
1456759790475	<INFO 7f0bd37fe700> trunc() ok stream.3.3.0
1456759790477	<INFO 7f0bd37fe700> done reset  3 3 0
1456759790479	<INFO 7f0bd37fe700> reset  3 4 0
1456759790482	<INFO 7f0bd37fe700> trunc() stream.3.4.0
1456759790484	<INFO 7f0bd37fe700> trunc() ok stream.3.4.0
1456759790486	<INFO 7f0bd37fe700> done reset  3 4 0
1456759790488	<INFO 7f0bd37fe700> reset  3 5 0
1456759790491	<INFO 7f0bd37fe700> trunc() stream.3.5.0
1456759790493	<INFO 7f0bd37fe700> trunc() ok stream.3.5.0
1456759790495	<INFO 7f0bd37fe700> done reset  3 5 0
1456759790497	<INFO 7f0bd37fe700> reset  3 6 0
1456759790500	<INFO 7f0bd37fe700> trunc() stream.3.6.0
1456759790502	<INFO 7f0bd37fe700> trunc() ok stream.3.6.0
1456759790504	<INFO 7f0bd37fe700> done reset  3 6 0
1456759790506	<INFO 7f0bd37fe700> reset  3 7 0
1456759790509	<INFO 7f0bd37fe700> trunc() stream.3.7.0
1456759790511	<INFO 7f0bd37fe700> trunc() ok stream.3.7.0
1456759790513	<INFO 7f0bd37fe700> done reset  3 7 0
1456759790515	<INFO 7f0bd37fe700> reset  3 8 0
1456759790517	<INFO 7f0bd37fe700> trunc() stream.3.8.0
1456759790520	<INFO 7f0bd37fe700> trunc() ok stream.3.8.0
1456759790522	<INFO 7f0bd37fe700> done reset  3 8 0
1456759790524	<INFO 7f0bd37fe700> reset  3 9 0
1456759790526	<INFO 7f0bd37fe700> trunc() stream.3.9.0
1456759790529	<INFO 7f0bd37fe700> trunc() ok stream.3.9.0
1456759790531	<INFO 7f0bd37fe700> done reset  3 9 0
1456759790533	<INFO 7f0bd37fe700> reset  3 10 0
1456759790536	<INFO 7f0bd37fe700> trunc() stream.3.10.0
1456759790538	<INFO 7f0bd37fe700> trunc() ok stream.3.10.0
1456759790541	<INFO 7f0bd37fe700> done reset  3 10 0
1456759790544	<INFO 7f0bd37fe700> reset  3 11 0
1456759790547	<INFO 7f0bd37fe700> trunc() stream.3.11.0
1456759790549	<INFO 7f0bd37fe700> trunc() ok stream.3.11.0
1456759790551	<INFO 7f0bd37fe700> done reset  3 11 0
1456759790555	<INFO 7f0bd37fe700> reset  3 12 0
1456759790559	<INFO 7f0bd37fe700> trunc() stream.3.12.0
1456759790561	<INFO 7f0bd37fe700> trunc() ok stream.3.12.0
1456759790564	<INFO 7f0bd37fe700> done reset  3 12 0
1456759790566	<INFO 7f0bd37fe700> reset  3 13 0
1456759790570	<INFO 7f0bd37fe700> trunc() stream.3.13.0
1456759790572	<INFO 7f0bd37fe700> trunc() ok stream.3.13.0
1456759790575	<INFO 7f0bd37fe700> done reset  3 13 0
1456759790577	<INFO 7f0bd37fe700> reset  3 14 0
1456759790579	<INFO 7f0bd37fe700> trunc() stream.3.14.0
1456759790582	<INFO 7f0bd37fe700> trunc() ok stream.3.14.0
1456759790585	<INFO 7f0bd37fe700> done reset  3 14 0
1456759790587	<INFO 7f0bd37fe700> reset  3 15 0
1456759790590	<INFO 7f0bd37fe700> trunc() stream.3.15.0
1456759790593	<INFO 7f0bd37fe700> trunc() ok stream.3.15.0
1456759790595	<INFO 7f0bd37fe700> done reset  3 15 0
1456759857363	<INFO 7f27fc57b740> 2016-02-29 16:30:57 Completed phase 6 Bytes read 78309212320 Bytes written 20494658664
1456759857774	<INFO 7f0bd3fff700> trunc() stream.0.4.0
1456759857784	<INFO 7f0bd3fff700> trunc() ok stream.0.4.0
1456759857786	<INFO 7f0bd3fff700> trunc() stream.0.1.0
1456759857794	<INFO 7f0bd3fff700> trunc() ok stream.0.1.0
1456759857797	<INFO 7f0bd3fff700> trunc() stream.0.2.0
1456759857804	<INFO 7f0bd3fff700> trunc() ok stream.0.2.0
1456759857816	<INFO 7f0bd3fff700> trunc() stream.0.5.0
1456759857825	<INFO 7f0bd3fff700> trunc() ok stream.0.5.0
1456759857828	<INFO 7f0bd3fff700> trunc() stream.0.6.0
1456759857835	<INFO 7f0bd3fff700> trunc() ok stream.0.6.0
1456759857843	<INFO 7f0bd3fff700> trunc() stream.0.0.0
1456759857853	<INFO 7f0bd3fff700> trunc() ok stream.0.0.0
1456759857905	<INFO 7f0bd3fff700> trunc() stream.0.7.0
1456759857915	<INFO 7f0bd3fff700> trunc() ok stream.0.7.0
1456759857935	<INFO 7f0bd3fff700> trunc() stream.0.3.0
1456759857945	<INFO 7f0bd3fff700> trunc() ok stream.0.3.0
1456759858523	<INFO 7f0bd37fe700> reset  3 0 0
1456759858526	<INFO 7f0bd37fe700> trunc() stream.3.0.0
1456759858528	<INFO 7f0bd37fe700> trunc() ok stream.3.0.0
1456759858530	<INFO 7f0bd37fe700> done reset  3 0 0
1456759858533	<INFO 7f0bd37fe700> reset  3 1 0
1456759858535	<INFO 7f0bd37fe700> trunc() stream.3.1.0
1456759858537	<INFO 7f0bd37fe700> trunc() ok stream.3.1.0
1456759858539	<INFO 7f0bd37fe700> done reset  3 1 0
1456759858542	<INFO 7f0bd37fe700> reset  3 2 0
1456759858544	<INFO 7f0bd37fe700> trunc() stream.3.2.0
1456759858546	<INFO 7f0bd37fe700> trunc() ok stream.3.2.0
1456759858548	<INFO 7f0bd37fe700> done reset  3 2 0
1456759858550	<INFO 7f0bd37fe700> reset  3 3 0
1456759858553	<INFO 7f0bd37fe700> trunc() stream.3.3.0
1456759858555	<INFO 7f0bd37fe700> trunc() ok stream.3.3.0
1456759858557	<INFO 7f0bd37fe700> done reset  3 3 0
1456759858559	<INFO 7f0bd37fe700> reset  3 4 0
1456759858562	<INFO 7f0bd37fe700> trunc() stream.3.4.0
1456759858564	<INFO 7f0bd37fe700> trunc() ok stream.3.4.0
1456759858566	<INFO 7f0bd37fe700> done reset  3 4 0
1456759858568	<INFO 7f0bd37fe700> reset  3 5 0
1456759858571	<INFO 7f0bd37fe700> trunc() stream.3.5.0
1456759858573	<INFO 7f0bd37fe700> trunc() ok stream.3.5.0
1456759858575	<INFO 7f0bd37fe700> done reset  3 5 0
1456759858577	<INFO 7f0bd37fe700> reset  3 6 0
1456759858580	<INFO 7f0bd37fe700> trunc() stream.3.6.0
1456759858582	<INFO 7f0bd37fe700> trunc() ok stream.3.6.0
1456759858584	<INFO 7f0bd37fe700> done reset  3 6 0
1456759858586	<INFO 7f0bd37fe700> reset  3 7 0
1456759858589	<INFO 7f0bd37fe700> trunc() stream.3.7.0
1456759858591	<INFO 7f0bd37fe700> trunc() ok stream.3.7.0
1456759858593	<INFO 7f0bd37fe700> done reset  3 7 0
1456759858595	<INFO 7f0bd37fe700> reset  3 8 0
1456759858597	<INFO 7f0bd37fe700> trunc() stream.3.8.0
1456759858600	<INFO 7f0bd37fe700> trunc() ok stream.3.8.0
1456759858602	<INFO 7f0bd37fe700> done reset  3 8 0
1456759858604	<INFO 7f0bd37fe700> reset  3 9 0
1456759858606	<INFO 7f0bd37fe700> trunc() stream.3.9.0
1456759858609	<INFO 7f0bd37fe700> trunc() ok stream.3.9.0
1456759858611	<INFO 7f0bd37fe700> done reset  3 9 0
1456759858613	<INFO 7f0bd37fe700> reset  3 10 0
1456759858616	<INFO 7f0bd37fe700> trunc() stream.3.10.0
1456759858618	<INFO 7f0bd37fe700> trunc() ok stream.3.10.0
1456759858620	<INFO 7f0bd37fe700> done reset  3 10 0
1456759858624	<INFO 7f0bd37fe700> reset  3 11 0
1456759858628	<INFO 7f0bd37fe700> trunc() stream.3.11.0
1456759858632	<INFO 7f0bd37fe700> trunc() ok stream.3.11.0
1456759858636	<INFO 7f0bd37fe700> done reset  3 11 0
1456759858639	<INFO 7f0bd37fe700> reset  3 12 0
1456759858641	<INFO 7f0bd37fe700> trunc() stream.3.12.0
1456759858644	<INFO 7f0bd37fe700> trunc() ok stream.3.12.0
1456759858646	<INFO 7f0bd37fe700> done reset  3 12 0
1456759858648	<INFO 7f0bd37fe700> reset  3 13 0
1456759858650	<INFO 7f0bd37fe700> trunc() stream.3.13.0
1456759858653	<INFO 7f0bd37fe700> trunc() ok stream.3.13.0
1456759858655	<INFO 7f0bd37fe700> done reset  3 13 0
1456759858658	<INFO 7f0bd37fe700> reset  3 14 0
1456759858660	<INFO 7f0bd37fe700> trunc() stream.3.14.0
1456759858663	<INFO 7f0bd37fe700> trunc() ok stream.3.14.0
1456759858665	<INFO 7f0bd37fe700> done reset  3 14 0
1456759858667	<INFO 7f0bd37fe700> reset  3 15 0
1456759858672	<INFO 7f0bd37fe700> trunc() stream.3.15.0
1456759858674	<INFO 7f0bd37fe700> trunc() ok stream.3.15.0
1456759858677	<INFO 7f0bd37fe700> done reset  3 15 0
1456759926377	<INFO 7f27fc57b740> 2016-02-29 16:32:06 Completed phase 7 Bytes read 88393332608 Bytes written 20628876392
1456759926380	<INFO 7f27fc57b740> ALGORITHM::BFS::VERTICES_DISCOVERED 6904282
1456759926382	<INFO 7f27fc57b740> ALGORITHM::BFS::EDGES_EXPLORED 285097140
1456759926385	<INFO 7f27fc57b740> CORE::PARTITIONS_PROCESSED 2119
1456759926387	<INFO 7f27fc57b740> CORE::BYTES::EDGES_STREAMED 3479151276
1456759926389	<INFO 7f27fc57b740> CORE::BYTES::UPDATES_OUT 309989168
1456759926392	<INFO 7f27fc57b740> CORE::BYTES::UPDATES_IN 253457528
1456759926394	<INFO 7f0bc7fff700> CORE::PARTITIONS_PROCESSED 5071
1456759926397	<INFO 7f0bc7fff700> CORE::BYTES::EDGES_STREAMED 3130073784
1456759926399	<INFO 7f0bc7fff700> CORE::BYTES::UPDATES_OUT 286223792
1456759926401	<INFO 7f0bc7fff700> CORE::BYTES::UPDATES_IN 221668984
1456759926404	<INFO 7f0bd1ffb700> CORE::PARTITIONS_PROCESSED 5326
1456759926406	<INFO 7f0bd17fa700> CORE::PARTITIONS_PROCESSED 3769
1456759926408	<INFO 7f0bd27fc700> CORE::PARTITIONS_PROCESSED 4307
1456759926411	<INFO 7f0bd27fc700> CORE::BYTES::EDGES_STREAMED 2549855820
1456759926413	<INFO 7f0bd0ff9700> CORE::PARTITIONS_PROCESSED 4989
1456759926415	<INFO 7f0bd2ffd700> CORE::PARTITIONS_PROCESSED 4227
1456759926418	<INFO 7f0bd0ff9700> CORE::BYTES::EDGES_STREAMED 3140894976
1456759926420	<INFO 7f0bc77fe700> CORE::PARTITIONS_PROCESSED 5780
1456759926422	<INFO 7f0bd0ff9700> CORE::BYTES::UPDATES_OUT 298306992
1456759926424	<INFO 7f0bd2ffd700> CORE::BYTES::EDGES_STREAMED 2745192336
1456759926427	<INFO 7f0bd1ffb700> CORE::BYTES::EDGES_STREAMED 2869323492
1456759926429	<INFO 7f0bd0ff9700> CORE::BYTES::UPDATES_IN 213213144
1456759926431	<INFO 7f0bd2ffd700> CORE::BYTES::UPDATES_OUT 266345696
1456759926434	<INFO 7f0bd1ffb700> CORE::BYTES::UPDATES_OUT 282270760
1456759926436	<INFO 7f0bd27fc700> CORE::BYTES::UPDATES_OUT 241564840
1456759926438	<INFO 7f0bd17fa700> CORE::BYTES::EDGES_STREAMED 2841736560
1456759926440	<INFO 7f0bd2ffd700> CORE::BYTES::UPDATES_IN 190196712
1456759926443	<INFO 7f0bd1ffb700> CORE::BYTES::UPDATES_IN 200517824
1456759926445	<INFO 7f0bc77fe700> CORE::BYTES::EDGES_STREAMED 3251011572
1456759926447	<INFO 7f0bd17fa700> CORE::BYTES::UPDATES_OUT 292121816
1456759926449	<INFO 7f0bd27fc700> CORE::BYTES::UPDATES_IN 180792176
1456759926452	<INFO 7f0bd17fa700> CORE::BYTES::UPDATES_IN 207272328
1456759926454	<INFO 7f0bc77fe700> CORE::BYTES::UPDATES_OUT 303954056
1456759926456	<INFO 7f0bc77fe700> CORE::BYTES::UPDATES_IN 247687704
1456759926459	<INFO 7f0bd3fff700> SLIPSTORE service is exiting
1456759926461	<INFO 7f0bd3fff700> SLIPSTORE::HELP_OFFERS_RECVD 196
1456759926463	<INFO 7f0bd3fff700> SLIPSTORE::HELP_OFFERS_ACCEPTED 0
1456759926465	<INFO 7f0bd3fff700> SLIPSTORE::HELP_ACCEPTANCE_RATIO 0
1456759926468	<INFO 7f0bd3fff700> SLIPSTORE::SERVER_BUSY_DISK  421.842 seconds
1456759926470	<INFO 7f0bd3fff700> SLIPSTORE::SERVER_BUSY_MEM  0 seconds
1456759926472	<INFO 7f0bd3fff700> SLIPSTORE::SERVER_TOTAL  1446.55 seconds
1456759926475	<INFO 7f27fc57b740> SLIPSTORE::CLIENT::DISK_READ_TIME  134.519 seconds
1456759926477	<INFO 7f27fc57b740> SLIPSTORE::CLIENT::MEM_READ_TIME  0 seconds
1456759926479	<INFO 7f27fc57b740> SLIPSTORE::CLIENT::DISK_BYTES_READ 40536327896
1456759926482	<INFO 7f27fc57b740> SLIPSTORE::CLIENT::MEM_BYTES_READ 0
1456759926484	<INFO 7f27fc57b740> SLIPSTORE::CLIENT::WRITE_TIME  466.688 seconds
1456759926486	<INFO 7f27fc57b740> SLIPSTORE::CLIENT::BYTES_WRITTEN 16423970160
1456759926489	<INFO 7f27fc57b740> SLIPSTORE::CLIENT_BUSY  601.222 seconds
1456759926491	<INFO 7f27fc57b740> SLIPSTORE::IO::TIME 232.767 seconds
1456759926493	<INFO 7f27fc57b740> SLIPSTORE::SNAP::TIME 0 seconds
1456759926496	<INFO 7f27fc57b740> SLIPSTORE::MAX_DISK_USAGE_BYTES 17002551808
1456759926498	<INFO 7f27fc57b740> CORE::RUSAGE::MAX_RSS_KB 117713904
1456759926500	<INFO 7f27fc57b740> CORE::RUSAGE::MINFLT 29947338
1456759926503	<INFO 7f27fc57b740> CORE::RUSAGE::MAJFLT 26
1456759926505	<INFO 7f27fc57b740> CORE::RUSAGE::MAJFLT 26
1456759926507	<INFO 7f27fc57b740> CORE::RUSAGE::INBLK 46591736
1456759926510	<INFO 7f27fc57b740> CORE::RUSAGE::OUBLK 40295552
1456759926512	<INFO 7f27fc57b740> CORE::UTILS::BYTES_READ 88393332608
1456759926514	<INFO 7f27fc57b740> CORE::UTILS::BYTES_WRITTEN 20628876392
1456759926517	<INFO 7f27fc57b740> CORE::UTILS::TILE_COPY_BYTES 1879048192
1456759926519	<INFO 7f27fc57b740> CORE::TIME::IO_WAIT 515.311 seconds
1456759926521	<INFO 7f27fc57b740> CORE::TIME_TILE_COPY 0 seconds
1456759926524	<INFO 7f27fc57b740> CORE::TIME_TILE_MERGE 0 seconds
1456759926526	<INFO 7f27fc57b740> CORE::TIME_PROCESSING_STOLEN 0 seconds
1456759926528	<INFO 7f27fc57b740> CORE::TIME_MERGE_WAIT 0 seconds
1456759926530	<INFO 7f27fc57b740> CORE::TIME_ALL_MC_BARRIER 773.881 seconds
1456759926533	<INFO 7f27fc57b740> CORE::PHASES 7
1456759926535	<INFO 7f27fc57b740> CORE::TIME::SETUP 3.1851 seconds
1456759926537	<INFO 7f27fc57b740> CORE::TIME::WALL 1446.77 seconds
1456759926540	<INFO 7f27fc57b740> SHUTDOWN
