1462009103205	<INFO 7f4d851b3740> 2016-04-30 11:38:23 STARTUP
1462009103209	<INFO 7f4d851b3740> CORE::GRAPH rmat-28_s8
1462009103212	<INFO 7f4d851b3740> CORE::ALGORITHM pagerank
1462009103216	<INFO 7f4d851b3740> CORE::VERTEX_STRIPING OFF
1462009103220	<INFO 7f4d851b3740> CORE::UPDATES_STRIPING ON
1462009103223	<INFO 7f4d851b3740> CORE::UPDATES BATCH IO ON
1462009103227	<INFO 7f4d851b3740> CORE::OPTIMIZED_STATE_LOAD_STORE ON
1462009103231	<INFO 7f4d851b3740> CORE::BINARY_SEARCH_SUPER_PARTITION ON
1462009103235	<INFO 7f4d851b3740> CORE::SUPER_PARTITION_COMPUTED_FOR_EACH_SCATTER_GATHER_PHASE
1462009103239	<INFO 7f4d851b3740> CORE::BATCH IO OFF
1462009103243	<INFO 7f4d851b3740> 2016-04-30 11:38:23 Blocking memory amount 126701535232
1462009210371	<INFO 7f4d851b3740> 2016-04-30 11:40:10 Done blocking memory
1462009210375	<INFO 7f4d851b3740> SG-DRIVER-ORIGINAL
1462009210379	<INFO 7f4d851b3740> 2016-04-30 11:40:10 START read config parameters
1462009210382	<INFO 7f4d851b3740> PARTITIONING::OLD 0
1462009210386	<INFO 7f4d851b3740> PARTITIONING::BALANCED_PARTITIONS 0
1462009210390	<INFO 7f4d851b3740> CORE::CONFIG::PROCESSORS 8
1462009210394	<INFO 7f4d851b3740> CORE::CONFIG::PHYSICAL_MEMORY 2147483648
1462009210397	<INFO 7f4d851b3740> CORE::CONFIG::VERTICES 268435456
1462009210401	<INFO 7f4d851b3740> CORE::CONFIG::VERTEX_SIZE 12
1462009210405	<INFO 7f4d851b3740> CORE::CONFIG::VERTEX_BUFFER 1402204788
1462009210408	<INFO 7f4d851b3740> CORE::CONFIG::EDGES 536870912
1462009210412	<INFO 7f4d851b3740> CORE::CONFIG::PARTITIONS 64
1462009210416	<INFO 7f4d851b3740> CORE::CONFIG::FANOUT 64
1462009210419	<INFO 7f4d851b3740> CORE::CONFIG::SUPER_PARTITIONS 8
1462009210423	<INFO 7f4d851b3740> CORE::CONFIG::TILES 1
1462009210427	<INFO 7f4d851b3740> CORE::CONFIG::BUFFER_SIZE 149054645
1462009210431	<INFO 7f4d851b3740> CORE::CONFIG::MAX_BUFFERS 4
1462009210434	<INFO 7f4d851b3740> CORE::CONFIG::MAX_STREAMS 4
1462009210438	<INFO 7f4d851b3740> CORE::CONFIG::SUM_OF_OUT_DEGREES_FOR_NEW_PARTITIONS::FIRST_CONSTRAINT 536870912
1462009210442	<INFO 7f4d851b3740> CORE::CONFIG::MAX_EDGES_PER_NEW_PARTITION::SECOND_CONSTRAINT 536870912
1462009210446	<INFO 7f4d851b3740> SLIPSTREAM::EXT_MEM_SHUFFLE OFF
1462009210450	<INFO 7f4d851b3740> 2016-04-30 11:40:10 END read config parameters
1462009212147	<WARNING 7f4d851b3740> Unable to unlink file (stream.0.0.0):No such file or directory
1462009212151	<WARNING 7f4d851b3740> Unable to unlink file (stream.0.1.0):No such file or directory
1462009212154	<WARNING 7f4d851b3740> Unable to unlink file (stream.0.2.0):No such file or directory
1462009212158	<WARNING 7f4d851b3740> Unable to unlink file (stream.0.3.0):No such file or directory
1462009212162	<WARNING 7f4d851b3740> Unable to unlink file (stream.0.4.0):No such file or directory
1462009212167	<WARNING 7f4d851b3740> Unable to unlink file (stream.0.5.0):No such file or directory
1462009212171	<WARNING 7f4d851b3740> Unable to unlink file (stream.0.6.0):No such file or directory
1462009212175	<WARNING 7f4d851b3740> Unable to unlink file (stream.0.7.0):No such file or directory
1462009212179	<WARNING 7f4d851b3740> Unable to unlink file (stream.1.1.0):No such file or directory
1462009212184	<WARNING 7f4d851b3740> Unable to unlink file (stream.1.2.0):No such file or directory
1462009212188	<WARNING 7f4d851b3740> Unable to unlink file (stream.1.3.0):No such file or directory
1462009212191	<WARNING 7f4d851b3740> Unable to unlink file (stream.1.4.0):No such file or directory
1462009212196	<WARNING 7f4d851b3740> Unable to unlink file (stream.1.5.0):No such file or directory
1462009212200	<WARNING 7f4d851b3740> Unable to unlink file (stream.1.6.0):No such file or directory
1462009212204	<WARNING 7f4d851b3740> Unable to unlink file (stream.1.7.0):No such file or directory
1462009212208	<WARNING 7f4d851b3740> Unable to unlink file (stream.2.0.0):No such file or directory
1462009212211	<WARNING 7f4d851b3740> Unable to unlink file (stream.2.1.0):No such file or directory
1462009212215	<WARNING 7f4d851b3740> Unable to unlink file (stream.2.2.0):No such file or directory
1462009212218	<WARNING 7f4d851b3740> Unable to unlink file (stream.2.3.0):No such file or directory
1462009212222	<WARNING 7f4d851b3740> Unable to unlink file (stream.2.4.0):No such file or directory
1462009212225	<WARNING 7f4d851b3740> Unable to unlink file (stream.2.5.0):No such file or directory
1462009212229	<WARNING 7f4d851b3740> Unable to unlink file (stream.2.6.0):No such file or directory
1462009212232	<WARNING 7f4d851b3740> Unable to unlink file (stream.2.7.0):No such file or directory
1462009212236	<WARNING 7f4d851b3740> Unable to unlink file (stream.3.0.0):No such file or directory
1462009212239	<WARNING 7f4d851b3740> Unable to unlink file (stream.3.1.0):No such file or directory
1462009212242	<WARNING 7f4d851b3740> Unable to unlink file (stream.3.2.0):No such file or directory
1462009212246	<WARNING 7f4d851b3740> Unable to unlink file (stream.3.3.0):No such file or directory
1462009212249	<WARNING 7f4d851b3740> Unable to unlink file (stream.3.4.0):No such file or directory
1462009212252	<WARNING 7f4d851b3740> Unable to unlink file (stream.3.5.0):No such file or directory
1462009212255	<WARNING 7f4d851b3740> Unable to unlink file (stream.3.6.0):No such file or directory
1462009212259	<WARNING 7f4d851b3740> Unable to unlink file (stream.3.7.0):No such file or directory
1462009212263	<INFO 7f4d851b3740> SLIPSTORE::ZMQ_THREADS 2
1462009212267	<INFO 7f4d851b3740> SLIPSTORE::COMM Connecting to tcp://dco-node137-10g:5016
1462009212270	<INFO 7f4d851b3740> SLIPSTORE::COMM Connecting to tcp://dco-node138-10g:5034
1462009212273	<INFO 7f4d851b3740> SLIPSTORE::COMM Connecting to tcp://dco-node139-10g:5052
1462009212276	<INFO 7f4d851b3740> SLIPSTORE::COMM Connecting to tcp://dco-node140-10g:5070
1462009212279	<INFO 7f4d851b3740> SLIPSTORE::COMM Connecting to tcp://dco-node141-10g:5088
1462009212284	<INFO 7f4d851b3740> SLIPSTORE::COMM Connecting to tcp://dco-node142-10g:5106
1462009212287	<INFO 7f4d851b3740> SLIPSTORE::COMM Connecting to tcp://dco-node143-10g:5124
1462009212291	<INFO 7f4d851b3740> SLIPSTORE::COMM Connecting to tcp://dco-node144-10g:5142
1462009212294	<INFO 7f4d851b3740> SLIPSTORE::COMM Listening at tcp://ens1f0:5134
1462009212299	<INFO 7f4d851b3740> SLIPSTORE::COMM Listening at tcp://ens1f0:5135
1462009212301	<INFO 7f4d851b3740> SLIPSTORE::COMM Listening at tcp://ens1f0:5136
1462009212305	<INFO 7f4d851b3740> SLIPSTORE::COMM Listening at tcp://ens1f0:5137
1462009212309	<INFO 7f4d851b3740> SLIPSTORE::COMM Listening at tcp://ens1f0:5138
1462009212313	<INFO 7f4d851b3740> SLIPSTORE::COMM Listening at tcp://ens1f0:5139
1462009212316	<INFO 7f4d851b3740> SLIPSTORE::COMM Listening at tcp://ens1f0:5140
1462009212319	<INFO 7f4d851b3740> SLIPSTORE::COMM Listening at ipc://client
1462009212322	<INFO 7f4d851b3740> SLIPSTORE::COMM Connecting to tcp://dco-node137-10g:5016
1462009212326	<INFO 7f4d851b3740> SLIPSTORE::COMM Connecting to tcp://dco-node138-10g:5034
1462009212329	<INFO 7f4d851b3740> SLIPSTORE::COMM Connecting to tcp://dco-node139-10g:5052
1462009212332	<INFO 7f4d851b3740> SLIPSTORE::COMM Connecting to tcp://dco-node140-10g:5070
1462009212335	<INFO 7f4d851b3740> SLIPSTORE::COMM Connecting to tcp://dco-node141-10g:5088
1462009212340	<INFO 7f4d851b3740> SLIPSTORE::COMM Connecting to tcp://dco-node142-10g:5106
1462009212343	<INFO 7f4d851b3740> SLIPSTORE::COMM Connecting to tcp://dco-node143-10g:5124
1462009212347	<INFO 7f4d851b3740> SLIPSTORE::COMM Connecting to tcp://dco-node144-10g:5142
1462009212351	<INFO 7f4d851b3740> SLIPSTORE::COMM Connecting to tcp://dco-node137-10g:5007
1462009212355	<INFO 7f4d851b3740> SLIPSTORE::COMM Connecting to tcp://dco-node138-10g:5025
1462009212358	<INFO 7f4d851b3740> SLIPSTORE::COMM Connecting to tcp://dco-node139-10g:5043
1462009212362	<INFO 7f4d851b3740> SLIPSTORE::COMM Connecting to tcp://dco-node140-10g:5061
1462009212365	<INFO 7f4d851b3740> SLIPSTORE::COMM Connecting to tcp://dco-node141-10g:5079
1462009212368	<INFO 7f4d851b3740> SLIPSTORE::COMM Connecting to tcp://dco-node142-10g:5097
1462009212371	<INFO 7f4d851b3740> SLIPSTORE::COMM Connecting to tcp://dco-node143-10g:5115
1462009212374	<INFO 7f4d851b3740> SLIPSTORE::COMM Connecting to ipc://server
1462009212378	<INFO 7f4d851b3740> SLIPSTORE::COMM Connecting to tcp://dco-node137-10g:5017
1462009212381	<INFO 7f4d851b3740> SLIPSTORE::COMM Listening at tcp://ens1f0:5143
1462009212384	<INFO 7f4d851b3740> SLIPSTORE::COMM Connecting to tcp://dco-node144-10g:5142
1462009212387	<INFO 7f4d851b3740> SLIPSTORE::HELP_POLICY NONE
1462009212390	<INFO 7f4d851b3740> SLIPSTORE::SERVER ASYNC
1462009212393	<INFO 7f4d851b3740> SLIPSTORE::MACHINES 8
1462009212396	<INFO 7f4d851b3740> SLIPSTORE::ME 7
1462009212399	<INFO 7f4d851b3740> SLIPSTORE::SLIPCHUNK 4194304
1462009212402	<INFO 7f4d851b3740> SLIPSTORE::QUOTA 18446744073709551615
1462009212405	<INFO 7f4d851b3740> SLIPSTORE::IO PAGECACHE
1462009212408	<INFO 7f2f793f9700> SLIPSTORE::COMM Listening at tcp://ens1f0:5142
1462009212411	<INFO 7f2f793f9700> SLIPSTORE::COMM Listening at tcp://ens1f0:5126
1462009212414	<INFO 7f2f793f9700> SLIPSTORE::COMM Connecting to tcp://dco-node137-10g:5015
1462009212417	<INFO 7f2f793f9700> SLIPSTORE::COMM Listening at tcp://ens1f0:5127
1462009212420	<INFO 7f2f793f9700> SLIPSTORE::COMM Connecting to tcp://dco-node138-10g:5033
1462009212424	<INFO 7f2f793f9700> SLIPSTORE::COMM Listening at tcp://ens1f0:5128
1462009212427	<INFO 7f2f793f9700> SLIPSTORE::COMM Connecting to tcp://dco-node139-10g:5051
1462009212430	<INFO 7f2f793f9700> SLIPSTORE::COMM Listening at tcp://ens1f0:5129
1462009212432	<INFO 7f2f793f9700> SLIPSTORE::COMM Connecting to tcp://dco-node140-10g:5069
1462009212435	<INFO 7f2f793f9700> SLIPSTORE::COMM Listening at tcp://ens1f0:5130
1462009212438	<INFO 7f2f793f9700> SLIPSTORE::COMM Connecting to tcp://dco-node141-10g:5087
1462009212441	<INFO 7f2f793f9700> SLIPSTORE::COMM Listening at tcp://ens1f0:5131
1462009212444	<INFO 7f2f793f9700> SLIPSTORE::COMM Connecting to tcp://dco-node142-10g:5105
1462009212447	<INFO 7f2f793f9700> SLIPSTORE::COMM Listening at tcp://ens1f0:5132
1462009212449	<INFO 7f2f793f9700> SLIPSTORE::COMM Connecting to tcp://dco-node143-10g:5123
1462009212452	<INFO 7f2f793f9700> SLIPSTORE::COMM Listening at ipc://server
1462009212455	<INFO 7f2f793f9700> SLIPSTORE::COMM Connecting to ipc://client
1462009213813	<INFO 7f4d851b3740> SLIPSTORE::CHECKPOINTS NONE FOUND
1462009213815	<INFO 7f4d851b3740> 2016-04-30 11:40:13 Start edge split
1462009266648	<INFO 7f4d851b3740> 2016-04-30 11:41:06 Completed init
1462009272477	<INFO 7f4d851b3740> 2016-04-30 11:41:12 Started gather
1462009274758	<INFO 7f4d851b3740> 2016-04-30 11:41:14 Completed gather
1462009274785	<INFO 7f4d851b3740> 2016-04-30 11:41:14 Started scatter
1462009305123	<INFO 7f4d851b3740> 2016-04-30 11:41:45 Completed scatter
1462009306606	<INFO 7f4d851b3740> 2016-04-30 11:41:46 Completed phase 1 Bytes read 14286692832 Bytes written 7844241888
1462009319314	<INFO 7f4d851b3740> 2016-04-30 11:41:59 Started gather
1462009319317	<INFO 7f4d851b3740> 2016-04-30 11:41:59 Completed gather
1462009319340	<INFO 7f4d851b3740> 2016-04-30 11:41:59 Started gather
1462009369998	<INFO 7f4d851b3740> 2016-04-30 11:42:49 Completed gather
1462009370588	<INFO 7f4d851b3740> 2016-04-30 11:42:50 Completed phase 2 Bytes read 22130934720 Bytes written 13705339100
1462009387886	<INFO 7f4d851b3740> 2016-04-30 11:43:07 Started gather
1462009416108	<INFO 7f4d851b3740> 2016-04-30 11:43:36 Completed gather
1462009589549	<INFO 7f4d851b3740> 2016-04-30 11:46:29 Started scatter
1462009638443	<INFO 7f4d851b3740> 2016-04-30 11:47:18 Completed scatter
1462009638619	<INFO 7f4d851b3740> 2016-04-30 11:47:18 Completed phase 3 Bytes read 34434069032 Bytes written 19499244248
1462009652817	<INFO 7f4d851b3740> 2016-04-30 11:47:32 Started gather
1462009681876	<INFO 7f4d851b3740> 2016-04-30 11:48:01 Completed gather
1462009840306	<INFO 7f4d851b3740> 2016-04-30 11:50:40 Started scatter
1462009888174	<INFO 7f4d851b3740> 2016-04-30 11:51:28 Completed scatter
1462009889663	<INFO 7f4d851b3740> 2016-04-30 11:51:29 Completed phase 4 Bytes read 46670011280 Bytes written 25207891244
1462009902635	<INFO 7f4d851b3740> 2016-04-30 11:51:42 Started gather
1462009930632	<INFO 7f4d851b3740> 2016-04-30 11:52:10 Completed gather
1462010091346	<INFO 7f4d851b3740> 2016-04-30 11:54:51 Started scatter
1462010137944	<INFO 7f4d851b3740> 2016-04-30 11:55:37 Completed scatter
1462010140387	<INFO 7f4d851b3740> 2016-04-30 11:55:40 Completed phase 5 Bytes read 58820695376 Bytes written 30811711264
1462010154300	<INFO 7f4d851b3740> 2016-04-30 11:55:54 Started gather
1462010182207	<INFO 7f4d851b3740> 2016-04-30 11:56:22 Completed gather
1462010339613	<INFO 7f4d851b3740> 2016-04-30 11:58:59 Started scatter
1462010387149	<INFO 7f4d851b3740> 2016-04-30 11:59:47 Completed scatter
1462010390444	<INFO 7f4d851b3740> 2016-04-30 11:59:50 Completed phase 6 Bytes read 70866552496 Bytes written 36428862012
1462010403528	<INFO 7f4d851b3740> 2016-04-30 12:00:03 Started gather
1462010434337	<INFO 7f4d851b3740> 2016-04-30 12:00:34 Completed gather
1462010584624	<INFO 7f4d851b3740> 2016-04-30 12:03:04 Started scatter
1462010630565	<INFO 7f4d851b3740> 2016-04-30 12:03:50 Completed scatter
1462010633145	<INFO 7f4d851b3740> 2016-04-30 12:03:53 Completed phase 7 Bytes read 82925740344 Bytes written 42026876448
1462010638437	<INFO 7f4d851b3740> CORE::PARTITIONS_PROCESSED 707
1462010638439	<INFO 7f2f5ffff700> CORE::PARTITIONS_PROCESSED 734
1462010638441	<INFO 7f4d851b3740> CORE::BYTES::EDGES_STREAMED 5087245224
1462010638444	<INFO 7f2f5effd700> CORE::PARTITIONS_PROCESSED 841
1462010638446	<INFO 7f4d851b3740> CORE::BYTES::UPDATES_OUT 2887719288
1462010638448	<INFO 7f2f5ffff700> CORE::BYTES::EDGES_STREAMED 5059618212
1462010638450	<INFO 7f2f5dffb700> CORE::PARTITIONS_PROCESSED 1461
1462010638452	<INFO 7f2f5e7fc700> CORE::PARTITIONS_PROCESSED 1528
1462010638455	<INFO 7f2f5f7fe700> CORE::PARTITIONS_PROCESSED 2058
1462010638457	<INFO 7f2f5d7fa700> CORE::PARTITIONS_PROCESSED 1611
1462010638459	<INFO 7f2f5dffb700> CORE::BYTES::EDGES_STREAMED 7055662812
1462010638461	<INFO 7f2f5cff9700> CORE::PARTITIONS_PROCESSED 660
1462010638465	<INFO 7f2f5dffb700> CORE::BYTES::UPDATES_OUT 3971638832
1462010638467	<INFO 7f2f5e7fc700> CORE::BYTES::EDGES_STREAMED 8503316700
1462010638469	<INFO 7f4d851b3740> CORE::BYTES::UPDATES_IN 2410754888
1462010638471	<INFO 7f2f5ffff700> CORE::BYTES::UPDATES_OUT 2891666360
1462010638473	<INFO 7f2f5f7fe700> CORE::BYTES::EDGES_STREAMED 4844232180
1462010638476	<INFO 7f2f5e7fc700> CORE::BYTES::UPDATES_OUT 4929566184
1462010638478	<INFO 7f2f5effd700> CORE::BYTES::EDGES_STREAMED 4832620380
1462010638480	<INFO 7f2f5cff9700> CORE::BYTES::EDGES_STREAMED 5059772532
1462010638483	<INFO 7f2f5f7fe700> CORE::BYTES::UPDATES_OUT 2774750888
1462010638485	<INFO 7f2f5d7fa700> CORE::BYTES::EDGES_STREAMED 4651791660
1462010638487	<INFO 7f2f5f7fe700> CORE::BYTES::UPDATES_IN 2169109864
1462010638490	<INFO 7f2f5d7fa700> CORE::BYTES::UPDATES_OUT 2650905168
1462010638492	<INFO 7f2f5ffff700> CORE::BYTES::UPDATES_IN 2383448928
1462010638495	<INFO 7f2f5dffb700> CORE::BYTES::UPDATES_IN 3210541712
1462010638497	<INFO 7f2f5cff9700> CORE::BYTES::UPDATES_OUT 2915682160
1462010638499	<INFO 7f2f5d7fa700> CORE::BYTES::UPDATES_IN 2172574384
1462010638502	<INFO 7f2f5effd700> CORE::BYTES::UPDATES_OUT 2746219520
1462010638504	<INFO 7f2f5e7fc700> CORE::BYTES::UPDATES_IN 3800459536
1462010638506	<INFO 7f2f5effd700> CORE::BYTES::UPDATES_IN 2417025656
1462010638509	<INFO 7f2f5cff9700> CORE::BYTES::UPDATES_IN 2910070152
1462010641418	<INFO 7f2f793f9700> SLIPSTORE service is exiting
1462010641421	<INFO 7f2f793f9700> SLIPSTORE::HELP_OFFERS_RECVD 98
1462010641424	<INFO 7f2f793f9700> SLIPSTORE::HELP_OFFERS_ACCEPTED 0
1462010641427	<INFO 7f2f793f9700> SLIPSTORE::HELP_ACCEPTANCE_RATIO 0
1462010641430	<INFO 7f2f793f9700> SLIPSTORE::SERVER_BUSY_DISK  385.11 seconds
1462010641433	<INFO 7f2f793f9700> SLIPSTORE::SERVER_BUSY_MEM  0 seconds
1462010641436	<INFO 7f2f793f9700> SLIPSTORE::SERVER_TOTAL  1429.24 seconds
1462010641439	<INFO 7f4d851b3740> SLIPSTORE::CLIENT::DISK_READ_TIME  445.981 seconds
1462010641442	<INFO 7f4d851b3740> SLIPSTORE::CLIENT::MEM_READ_TIME  0 seconds
1462010641445	<INFO 7f4d851b3740> SLIPSTORE::CLIENT::DISK_BYTES_READ 82826129280
1462010641448	<INFO 7f4d851b3740> SLIPSTORE::CLIENT::MEM_BYTES_READ 0
1462010641451	<INFO 7f4d851b3740> SLIPSTORE::CLIENT::WRITE_TIME  163.455 seconds
1462010641454	<INFO 7f4d851b3740> SLIPSTORE::CLIENT::BYTES_WRITTEN 16257884460
1462010641457	<INFO 7f4d851b3740> SLIPSTORE::CLIENT_BUSY  609.433 seconds
1462010641461	<INFO 7f4d851b3740> SLIPSTORE::IO::TIME 422.89 seconds
1462010641464	<INFO 7f4d851b3740> SLIPSTORE::SNAP::TIME 0 seconds
1462010641466	<INFO 7f4d851b3740> SLIPSTORE::MAX_DISK_USAGE_BYTES 12303134312
1462010641469	<INFO 7f4d851b3740> CORE::RUSAGE::MAX_RSS_KB 125897532
1462010641473	<INFO 7f4d851b3740> CORE::RUSAGE::MINFLT 31580325
1462010641476	<INFO 7f4d851b3740> CORE::RUSAGE::MAJFLT 6
1462010641479	<INFO 7f4d851b3740> CORE::RUSAGE::MAJFLT 6
1462010641483	<INFO 7f4d851b3740> CORE::RUSAGE::INBLK 156263392
1462010641486	<INFO 7f4d851b3740> CORE::RUSAGE::OUBLK 82084648
1462010641490	<INFO 7f4d851b3740> CORE::UTILS::BYTES_READ 82925740344
1462010641493	<INFO 7f4d851b3740> CORE::UTILS::BYTES_WRITTEN 42026876448
1462010641496	<INFO 7f4d851b3740> CORE::UTILS::TILE_COPY_BYTES 9815433516
1462010641499	<INFO 7f4d851b3740> CORE::TIME::IO_WAIT 382.389 seconds
1462010641502	<INFO 7f4d851b3740> CORE::TIME_TILE_COPY 0 seconds
1462010641506	<INFO 7f4d851b3740> CORE::TIME_TILE_MERGE 0 seconds
1462010641509	<INFO 7f4d851b3740> CORE::TIME_PROCESSING_STOLEN 0 seconds
1462010641512	<INFO 7f4d851b3740> CORE::TIME_MERGE_WAIT 0 seconds
1462010641516	<INFO 7f4d851b3740> CORE::OTHER_TIME_ALL_MC_BARRIER 0 seconds
1462010641519	<INFO 7f4d851b3740> CORE::SCATTER_TIME_ALL_MC_BARRIER 10.0811 seconds
1462010641522	<INFO 7f4d851b3740> CORE::GATHER_TIME_ALL_MC_BARRIER 0.556742 seconds
1462010641526	<INFO 7f4d851b3740> CORE::INIT_TIME_ALL_MC_BARRIER 2.41348 seconds
1462010641529	<INFO 7f4d851b3740> CORE::SHUT_DOWN_TIME_ALL_MC_BARRIER 2.97951 seconds
1462010641532	<INFO 7f4d851b3740> CORE::STREAM_SKIP_BEFORE_TIME_ALL_MC_BARRIER 0.175291 seconds
1462010641536	<INFO 7f4d851b3740> CORE::TAKE_CHECKPOINT_BEFORE_TIME_ALL_MC_BARRIER 0 seconds
1462010641538	<INFO 7f4d851b3740> CORE::TAKE_CHECKPOINT_COMPLETE_TIME_ALL_MC_BARRIER 0 seconds
1462010641543	<INFO 7f4d851b3740> CORE::METADATA_WRITE_COMPLETE_TIME_ALL_MC_BARRIER 0 seconds
1462010641546	<INFO 7f4d851b3740> CORE::STREAM_EOF_BEFORE_TIME_ALL_MC_BARRIER 0 seconds
1462010641549	<INFO 7f4d851b3740> CORE::STREAM_EOF_AFTER_TIME_ALL_MC_BARRIER 0 seconds
1462010641553	<INFO 7f4d851b3740> CORE::STATE_LOAD_TIME_ALL_MC_BARRIER 0 seconds
1462010641555	<INFO 7f4d851b3740> CORE::STATE_STORE_TIME_ALL_MC_BARRIER 0 seconds
1462010641559	<INFO 7f4d851b3740> CORE::PHASES 7
1462010641562	<INFO 7f4d851b3740> CORE::TIME::SETUP 6.43621 seconds
1462010641564	<INFO 7f4d851b3740> CORE::TIME::STATE_ITER 89.6934 seconds
1462010641568	<INFO 7f4d851b3740> CORE::TIME::GATHER 946.752 seconds
1462010641570	<INFO 7f4d851b3740> CORE::TIME::SCATTER 329.755 seconds
1462010641575	<INFO 7f4d851b3740> CORE::TIME::WALL 1431.06 seconds
1462010641578	<INFO 7f4d851b3740> SHUTDOWN
