1462405661938	<INFO 7faec74ca780> 2016-05-05 01:47:41 STARTUP
1462405661940	<INFO 7faec74ca780> CORE::GRAPH rmat-28_s8
1462405661942	<INFO 7faec74ca780> CORE::ALGORITHM pagerank
1462405661945	<INFO 7faec74ca780> CORE::VERTEX_STRIPING OFF
1462405661947	<INFO 7faec74ca780> CORE::OPTIMIZED_STATE_LOAD_STORE ON
1462405661949	<INFO 7faec74ca780> CORE::BINARY_SEARCH_SUPER_PARTITION ON
1462405661951	<INFO 7faec74ca780> CORE::SUPER_PARTITION_COMPUTED_FOR_EACH_SCATTER_GATHER_PHASE
1462405661954	<INFO 7faec74ca780> CORE::EDGE_STRIPING ON
1462405661956	<INFO 7faec74ca780> CORE::BATCH IO ON
1462405661958	<INFO 7faec74ca780> 2016-05-05 01:47:41 Blocking memory amount 126701535232
1462405768788	<INFO 7faec74ca780> 2016-05-05 01:49:28 Done blocking memory
1462405768791	<INFO 7faec74ca780> SG-DRIVER-ORIGINAL
1462405768793	<INFO 7faec74ca780> 2016-05-05 01:49:28 START read config parameters
1462405768795	<INFO 7faec74ca780> PARTITIONING::OLD 0
1462405768798	<INFO 7faec74ca780> PARTITIONING::BALANCED_PARTITIONS 0
1462405768800	<INFO 7faec74ca780> CORE::CONFIG::PROCESSORS 8
1462405768802	<INFO 7faec74ca780> CORE::CONFIG::PHYSICAL_MEMORY 2147483648
1462405768805	<INFO 7faec74ca780> CORE::CONFIG::VERTICES 268435456
1462405768807	<INFO 7faec74ca780> CORE::CONFIG::VERTEX_SIZE 12
1462405768810	<INFO 7faec74ca780> CORE::CONFIG::VERTEX_BUFFER 1306428636
1462405768812	<INFO 7faec74ca780> CORE::CONFIG::EDGES 536870912
1462405768814	<INFO 7faec74ca780> CORE::CONFIG::PARTITIONS 64
1462405768817	<INFO 7faec74ca780> CORE::CONFIG::FANOUT 64
1462405768819	<INFO 7faec74ca780> CORE::CONFIG::SUPER_PARTITIONS 8
1462405768821	<INFO 7faec74ca780> CORE::CONFIG::TILES 1
1462405768823	<INFO 7faec74ca780> CORE::CONFIG::BUFFER_SIZE 168209876
1462405768825	<INFO 7faec74ca780> CORE::CONFIG::MAX_BUFFERS 4
1462405768828	<INFO 7faec74ca780> CORE::CONFIG::MAX_STREAMS 4
1462405768830	<INFO 7faec74ca780> CORE::CONFIG::SUM_OF_OUT_DEGREES_FOR_NEW_PARTITIONS::FIRST_CONSTRAINT 0
1462405768832	<INFO 7faec74ca780> CORE::CONFIG::MAX_EDGES_PER_NEW_PARTITION::SECOND_CONSTRAINT 0
1462405768834	<INFO 7faec74ca780> SLIPSTREAM::EXT_MEM_SHUFFLE OFF
1462405768836	<INFO 7faec74ca780> 2016-05-05 01:49:28 END read config parameters
1462405770541	<WARNING 7faec74ca780> Unable to unlink file (stream.0.0.0):No such file or directory
1462405770543	<WARNING 7faec74ca780> Unable to unlink file (stream.0.1.0):No such file or directory
1462405770545	<WARNING 7faec74ca780> Unable to unlink file (stream.0.2.0):No such file or directory
1462405770548	<WARNING 7faec74ca780> Unable to unlink file (stream.0.3.0):No such file or directory
1462405770550	<WARNING 7faec74ca780> Unable to unlink file (stream.0.4.0):No such file or directory
1462405770552	<WARNING 7faec74ca780> Unable to unlink file (stream.0.5.0):No such file or directory
1462405770555	<WARNING 7faec74ca780> Unable to unlink file (stream.0.6.0):No such file or directory
1462405770557	<WARNING 7faec74ca780> Unable to unlink file (stream.0.7.0):No such file or directory
1462405770559	<WARNING 7faec74ca780> Unable to unlink file (stream.1.1.0):No such file or directory
1462405770562	<WARNING 7faec74ca780> Unable to unlink file (stream.1.2.0):No such file or directory
1462405770564	<WARNING 7faec74ca780> Unable to unlink file (stream.1.3.0):No such file or directory
1462405770566	<WARNING 7faec74ca780> Unable to unlink file (stream.1.4.0):No such file or directory
1462405770569	<WARNING 7faec74ca780> Unable to unlink file (stream.1.5.0):No such file or directory
1462405770571	<WARNING 7faec74ca780> Unable to unlink file (stream.1.6.0):No such file or directory
1462405770573	<WARNING 7faec74ca780> Unable to unlink file (stream.1.7.0):No such file or directory
1462405770575	<WARNING 7faec74ca780> Unable to unlink file (stream.2.0.0):No such file or directory
1462405770578	<WARNING 7faec74ca780> Unable to unlink file (stream.2.1.0):No such file or directory
1462405770580	<WARNING 7faec74ca780> Unable to unlink file (stream.2.2.0):No such file or directory
1462405770582	<WARNING 7faec74ca780> Unable to unlink file (stream.2.3.0):No such file or directory
1462405770584	<WARNING 7faec74ca780> Unable to unlink file (stream.2.4.0):No such file or directory
1462405770587	<WARNING 7faec74ca780> Unable to unlink file (stream.2.5.0):No such file or directory
1462405770589	<WARNING 7faec74ca780> Unable to unlink file (stream.2.6.0):No such file or directory
1462405770592	<WARNING 7faec74ca780> Unable to unlink file (stream.2.7.0):No such file or directory
1462405770595	<WARNING 7faec74ca780> Unable to unlink file (stream.3.0.0):No such file or directory
1462405770597	<WARNING 7faec74ca780> Unable to unlink file (stream.3.1.0):No such file or directory
1462405770599	<WARNING 7faec74ca780> Unable to unlink file (stream.3.2.0):No such file or directory
1462405770602	<WARNING 7faec74ca780> Unable to unlink file (stream.3.3.0):No such file or directory
1462405770604	<WARNING 7faec74ca780> Unable to unlink file (stream.3.4.0):No such file or directory
1462405770607	<WARNING 7faec74ca780> Unable to unlink file (stream.3.5.0):No such file or directory
1462405770610	<WARNING 7faec74ca780> Unable to unlink file (stream.3.6.0):No such file or directory
1462405770612	<WARNING 7faec74ca780> Unable to unlink file (stream.3.7.0):No such file or directory
1462405770614	<INFO 7faec74ca780> SLIPSTORE::ZMQ_THREADS 2
1462405770616	<INFO 7faec74ca780> SLIPSTORE::COMM Connecting to tcp://dco-node137-10g:5016
1462405770619	<INFO 7faec74ca780> SLIPSTORE::COMM Connecting to tcp://dco-node138-10g:5034
1462405770621	<INFO 7faec74ca780> SLIPSTORE::COMM Connecting to tcp://dco-node139-10g:5052
1462405770623	<INFO 7faec74ca780> SLIPSTORE::COMM Connecting to tcp://dco-node140-10g:5070
1462405770626	<INFO 7faec74ca780> SLIPSTORE::COMM Connecting to tcp://dco-node141-10g:5088
1462405770628	<INFO 7faec74ca780> SLIPSTORE::COMM Connecting to tcp://dco-node142-10g:5106
1462405770630	<INFO 7faec74ca780> SLIPSTORE::COMM Connecting to tcp://dco-node143-10g:5124
1462405770633	<INFO 7faec74ca780> SLIPSTORE::COMM Connecting to tcp://dco-node144-10g:5142
1462405770635	<INFO 7faec74ca780> SLIPSTORE::COMM Listening at tcp://p1p1:5134
1462405770637	<INFO 7faec74ca780> SLIPSTORE::COMM Listening at tcp://p1p1:5135
1462405770640	<INFO 7faec74ca780> SLIPSTORE::COMM Listening at tcp://p1p1:5136
1462405770642	<INFO 7faec74ca780> SLIPSTORE::COMM Listening at tcp://p1p1:5137
1462405770645	<INFO 7faec74ca780> SLIPSTORE::COMM Listening at tcp://p1p1:5138
1462405770647	<INFO 7faec74ca780> SLIPSTORE::COMM Listening at tcp://p1p1:5139
1462405770649	<INFO 7faec74ca780> SLIPSTORE::COMM Listening at tcp://p1p1:5140
1462405770652	<INFO 7faec74ca780> SLIPSTORE::COMM Listening at ipc://client
1462405770654	<INFO 7faec74ca780> SLIPSTORE::COMM Connecting to tcp://dco-node137-10g:5016
1462405770656	<INFO 7faec74ca780> SLIPSTORE::COMM Connecting to tcp://dco-node138-10g:5034
1462405770658	<INFO 7faec74ca780> SLIPSTORE::COMM Connecting to tcp://dco-node139-10g:5052
1462405770661	<INFO 7faec74ca780> SLIPSTORE::COMM Connecting to tcp://dco-node140-10g:5070
1462405770663	<INFO 7faec74ca780> SLIPSTORE::COMM Connecting to tcp://dco-node141-10g:5088
1462405770665	<INFO 7faec74ca780> SLIPSTORE::COMM Connecting to tcp://dco-node142-10g:5106
1462405770667	<INFO 7faec74ca780> SLIPSTORE::COMM Connecting to tcp://dco-node143-10g:5124
1462405770670	<INFO 7faec74ca780> SLIPSTORE::COMM Connecting to tcp://dco-node144-10g:5142
1462405770672	<INFO 7faec74ca780> SLIPSTORE::COMM Connecting to tcp://dco-node137-10g:5007
1462405770674	<INFO 7faec74ca780> SLIPSTORE::COMM Connecting to tcp://dco-node138-10g:5025
1462405770677	<INFO 7faec74ca780> SLIPSTORE::COMM Connecting to tcp://dco-node139-10g:5043
1462405770679	<INFO 7faec74ca780> SLIPSTORE::COMM Connecting to tcp://dco-node140-10g:5061
1462405770681	<INFO 7faec74ca780> SLIPSTORE::COMM Connecting to tcp://dco-node141-10g:5079
1462405770683	<INFO 7faec74ca780> SLIPSTORE::COMM Connecting to tcp://dco-node142-10g:5097
1462405770686	<INFO 7faec74ca780> SLIPSTORE::COMM Connecting to tcp://dco-node143-10g:5115
1462405770688	<INFO 7faec74ca780> SLIPSTORE::COMM Connecting to ipc://server
1462405770690	<INFO 7faec74ca780> SLIPSTORE::COMM Connecting to tcp://dco-node137-10g:5017
1462405770692	<INFO 7faec74ca780> SLIPSTORE::COMM Listening at tcp://p1p1:5143
1462405770695	<INFO 7faec74ca780> SLIPSTORE::COMM Connecting to tcp://dco-node144-10g:5142
1462405770697	<INFO 7faec74ca780> SLIPSTORE::HELP_POLICY NONE
1462405770699	<INFO 7faec74ca780> SLIPSTORE::SERVER ASYNC
1462405770701	<INFO 7faec74ca780> SLIPSTORE::MACHINES 8
1462405770704	<INFO 7faec74ca780> SLIPSTORE::ME 7
1462405770706	<INFO 7faec74ca780> SLIPSTORE::SLIPCHUNK 4194304
1462405770709	<INFO 7faec74ca780> SLIPSTORE::QUOTA 18446744073709551615
1462405770711	<INFO 7faec74ca780> SLIPSTORE::IO PAGECACHE
1462405770713	<INFO 7f90a9ff7700> SLIPSTORE::COMM Listening at tcp://p1p1:5142
1462405770715	<INFO 7f90a9ff7700> SLIPSTORE::COMM Listening at tcp://p1p1:5126
1462405770719	<INFO 7f90a9ff7700> SLIPSTORE::COMM Connecting to tcp://dco-node137-10g:5015
1462405770721	<INFO 7f90a9ff7700> SLIPSTORE::COMM Listening at tcp://p1p1:5127
1462405770728	<INFO 7f90a9ff7700> SLIPSTORE::COMM Connecting to tcp://dco-node138-10g:5033
1462405770730	<INFO 7f90a9ff7700> SLIPSTORE::COMM Listening at tcp://p1p1:5128
1462405770733	<INFO 7f90a9ff7700> SLIPSTORE::COMM Connecting to tcp://dco-node139-10g:5051
1462405770736	<INFO 7f90a9ff7700> SLIPSTORE::COMM Listening at tcp://p1p1:5129
1462405770738	<INFO 7f90a9ff7700> SLIPSTORE::COMM Connecting to tcp://dco-node140-10g:5069
1462405770740	<INFO 7f90a9ff7700> SLIPSTORE::COMM Listening at tcp://p1p1:5130
1462405770742	<INFO 7f90a9ff7700> SLIPSTORE::COMM Connecting to tcp://dco-node141-10g:5087
1462405770744	<INFO 7f90a9ff7700> SLIPSTORE::COMM Listening at tcp://p1p1:5131
1462405770747	<INFO 7f90a9ff7700> SLIPSTORE::COMM Connecting to tcp://dco-node142-10g:5105
1462405770749	<INFO 7f90a9ff7700> SLIPSTORE::COMM Listening at tcp://p1p1:5132
1462405770751	<INFO 7f90a9ff7700> SLIPSTORE::COMM Connecting to tcp://dco-node143-10g:5123
1462405770753	<INFO 7f90a9ff7700> SLIPSTORE::COMM Listening at ipc://server
1462405770755	<INFO 7f90a9ff7700> SLIPSTORE::COMM Connecting to ipc://client
1462405771620	<INFO 7faec74ca780> SLIPSTORE::CHECKPOINTS NONE FOUND
1462405771623	<INFO 7faec74ca780> 2016-05-05 01:49:31 Start edge split
1462405859289	<INFO 7faec74ca780> 2016-05-05 01:50:59 Completed init
1462405863575	<INFO 7faec74ca780> 2016-05-05 01:51:03 Started gather
1462405867265	<INFO 7faec74ca780> 2016-05-05 01:51:07 Completed gather
1462405867287	<INFO 7faec74ca780> 2016-05-05 01:51:07 Started scatter
1462405896729	<INFO 7faec74ca780> 2016-05-05 01:51:36 Completed scatter
1462405901350	<INFO 7faec74ca780> 2016-05-05 01:51:41 Completed phase 1 Bytes read 14245638288 Bytes written 7803187344
1462405908357	<INFO 7faec74ca780> 2016-05-05 01:51:48 Started gather
1462405908362	<INFO 7faec74ca780> 2016-05-05 01:51:48 Completed gather
1462405908384	<INFO 7faec74ca780> 2016-05-05 01:51:48 Started gather
1462405973474	<INFO 7faec74ca780> 2016-05-05 01:52:53 Completed gather
1462405982523	<INFO 7faec74ca780> 2016-05-05 01:53:02 Completed phase 2 Bytes read 22048825632 Bytes written 13265088748
1462405993658	<INFO 7faec74ca780> 2016-05-05 01:53:13 Started gather
1462406015066	<INFO 7faec74ca780> 2016-05-05 01:53:35 Completed gather
1462406024384	<INFO 7faec74ca780> 2016-05-05 01:53:44 Started scatter
1462406086860	<INFO 7faec74ca780> 2016-05-05 01:54:46 Completed scatter
1462406097471	<INFO 7faec74ca780> 2016-05-05 01:54:57 Completed phase 3 Bytes read 34007485744 Bytes written 18826261272
1462406109391	<INFO 7faec74ca780> 2016-05-05 01:55:09 Started gather
1462406132429	<INFO 7faec74ca780> 2016-05-05 01:55:32 Completed gather
1462406140093	<INFO 7faec74ca780> 2016-05-05 01:55:40 Started scatter
1462406200887	<INFO 7faec74ca780> 2016-05-05 01:56:40 Completed scatter
1462406210714	<INFO 7faec74ca780> 2016-05-05 01:56:50 Completed phase 4 Bytes read 46065416976 Bytes written 24474647540
1462406222800	<INFO 7faec74ca780> 2016-05-05 01:57:02 Started gather
1462406245166	<INFO 7faec74ca780> 2016-05-05 01:57:25 Completed gather
1462406253357	<INFO 7faec74ca780> 2016-05-05 01:57:33 Started scatter
1462406315502	<INFO 7faec74ca780> 2016-05-05 01:58:35 Completed scatter
1462406324285	<INFO 7faec74ca780> 2016-05-05 01:58:44 Completed phase 5 Bytes read 58210561952 Bytes written 30091975624
1462406336747	<INFO 7faec74ca780> 2016-05-05 01:58:56 Started gather
1462406357741	<INFO 7faec74ca780> 2016-05-05 01:59:17 Completed gather
1462406367302	<INFO 7faec74ca780> 2016-05-05 01:59:27 Started scatter
1462406429541	<INFO 7faec74ca780> 2016-05-05 02:00:29 Completed scatter
1462406439663	<INFO 7faec74ca780> 2016-05-05 02:00:39 Completed phase 6 Bytes read 70324648744 Bytes written 35646335884
1462406451523	<INFO 7faec74ca780> 2016-05-05 02:00:51 Started gather
1462406473606	<INFO 7faec74ca780> 2016-05-05 02:01:13 Completed gather
1462406481784	<INFO 7faec74ca780> 2016-05-05 02:01:21 Started scatter
1462406542086	<INFO 7faec74ca780> 2016-05-05 02:02:22 Completed scatter
1462406553895	<INFO 7faec74ca780> 2016-05-05 02:02:33 Completed phase 7 Bytes read 82375767712 Bytes written 41223477976
1462406553935	<INFO 7faec74ca780> CORE::PARTITIONS_PROCESSED 1182
1462406553937	<INFO 7faec74ca780> CORE::BYTES::EDGES_STREAMED 4554766932
1462406553940	<INFO 7faec74ca780> CORE::BYTES::UPDATES_OUT 2640944472
1462406553942	<INFO 7faec74ca780> CORE::BYTES::UPDATES_IN 2202469096
1462406553945	<INFO 7f909dffb700> CORE::PARTITIONS_PROCESSED 720
1462406553947	<INFO 7f909dffb700> CORE::BYTES::EDGES_STREAMED 4317512316
1462406553950	<INFO 7f909dffb700> CORE::BYTES::UPDATES_OUT 2451689056
1462406553952	<INFO 7f909dffb700> CORE::BYTES::UPDATES_IN 2141180800
1462406553954	<INFO 7f909f7fe700> CORE::PARTITIONS_PROCESSED 1229
1462406553956	<INFO 7f909ffff700> CORE::PARTITIONS_PROCESSED 1130
1462406553959	<INFO 7f909effd700> CORE::PARTITIONS_PROCESSED 1389
1462406553961	<INFO 7f909e7fc700> CORE::PARTITIONS_PROCESSED 116
1462406553963	<INFO 7f909f7fe700> CORE::BYTES::EDGES_STREAMED 4448465628
1462406553965	<INFO 7f90a8ff5700> CORE::PARTITIONS_PROCESSED 831
1462406553968	<INFO 7f909f7fe700> CORE::BYTES::UPDATES_OUT 2532890360
1462406553970	<INFO 7f909e7fc700> CORE::BYTES::EDGES_STREAMED 6889873260
1462406553973	<INFO 7f90a8ff5700> CORE::BYTES::EDGES_STREAMED 4570196616
1462406553976	<INFO 7f909e7fc700> CORE::BYTES::UPDATES_OUT 3932398968
1462406553978	<INFO 7f909d7fa700> CORE::PARTITIONS_PROCESSED 763
1462406553981	<INFO 7f909ffff700> CORE::BYTES::EDGES_STREAMED 4482984276
1462406553983	<INFO 7f90a8ff5700> CORE::BYTES::UPDATES_OUT 2619092456
1462406553985	<INFO 7f909f7fe700> CORE::BYTES::UPDATES_IN 2038821928
1462406553988	<INFO 7f909ffff700> CORE::BYTES::UPDATES_OUT 2543651256
1462406553990	<INFO 7f909effd700> CORE::BYTES::EDGES_STREAMED 5164689948
1462406553993	<INFO 7f909e7fc700> CORE::BYTES::UPDATES_IN 3557839056
1462406553995	<INFO 7f90a8ff5700> CORE::BYTES::UPDATES_IN 2131915672
1462406553997	<INFO 7f909d7fa700> CORE::BYTES::EDGES_STREAMED 4341436092
1462406554000	<INFO 7f909ffff700> CORE::BYTES::UPDATES_IN 2156791664
1462406554002	<INFO 7f909effd700> CORE::BYTES::UPDATES_OUT 2933750576
1462406554004	<INFO 7f909d7fa700> CORE::BYTES::UPDATES_OUT 2499825752
1462406554007	<INFO 7f909effd700> CORE::BYTES::UPDATES_IN 2114189352
1462406554010	<INFO 7f909d7fa700> CORE::BYTES::UPDATES_IN 2118740792
1462406554012	<INFO 7f90a9ff7700> SLIPSTORE service is exiting
1462406554015	<INFO 7f90a9ff7700> SLIPSTORE::HELP_OFFERS_RECVD 98
1462406554017	<INFO 7f90a9ff7700> SLIPSTORE::HELP_OFFERS_ACCEPTED 0
1462406554020	<INFO 7f90a9ff7700> SLIPSTORE::HELP_ACCEPTANCE_RATIO 0
1462406554022	<INFO 7f90a9ff7700> SLIPSTORE::SERVER_BUSY_DISK  694.124 seconds
1462406554024	<INFO 7f90a9ff7700> SLIPSTORE::SERVER_BUSY_MEM  0 seconds
1462406554026	<INFO 7f90a9ff7700> SLIPSTORE::SERVER_TOTAL  783.212 seconds
1462406554029	<INFO 7faec74ca780> SLIPSTORE::CLIENT::DISK_READ_TIME  486.092 seconds
1462406554032	<INFO 7faec74ca780> SLIPSTORE::CLIENT::MEM_READ_TIME  0 seconds
1462406554034	<INFO 7faec74ca780> SLIPSTORE::CLIENT::DISK_BYTES_READ 73150668380
1462406554036	<INFO 7faec74ca780> SLIPSTORE::CLIENT::MEM_BYTES_READ 0
1462406554041	<INFO 7faec74ca780> SLIPSTORE::CLIENT::WRITE_TIME  194.354 seconds
1462406554044	<INFO 7faec74ca780> SLIPSTORE::CLIENT::BYTES_WRITTEN 9145000452
1462406554047	<INFO 7faec74ca780> SLIPSTORE::CLIENT_BUSY  680.446 seconds
1462406554049	<INFO 7faec74ca780> SLIPSTORE::IO::TIME 521.849 seconds
1462406554051	<INFO 7faec74ca780> SLIPSTORE::SNAP::TIME 0 seconds
1462406554053	<INFO 7faec74ca780> SLIPSTORE::MAX_DISK_USAGE_BYTES 12145144976
1462406555506	<INFO 7faec74ca780> CORE::RUSAGE::MAX_RSS_KB 125948224
1462406555508	<INFO 7faec74ca780> CORE::RUSAGE::MINFLT 54350236
1462406555510	<INFO 7faec74ca780> CORE::RUSAGE::MAJFLT 3
1462406555513	<INFO 7faec74ca780> CORE::RUSAGE::MAJFLT 3
1462406555515	<INFO 7faec74ca780> CORE::RUSAGE::INBLK 155597800
1462406555517	<INFO 7faec74ca780> CORE::RUSAGE::OUBLK 80520920
1462406555519	<INFO 7faec74ca780> CORE::UTILS::BYTES_READ 82375767712
1462406555522	<INFO 7faec74ca780> CORE::UTILS::BYTES_WRITTEN 41223477976
1462406555524	<INFO 7faec74ca780> CORE::UTILS::TILE_COPY_BYTES 9145000452
1462406555526	<INFO 7faec74ca780> CORE::TIME::IO_WAIT 515.918 seconds
1462406555529	<INFO 7faec74ca780> CORE::TIME_TILE_COPY 0 seconds
1462406555531	<INFO 7faec74ca780> CORE::TIME_TILE_MERGE 0 seconds
1462406555533	<INFO 7faec74ca780> CORE::TIME_PROCESSING_STOLEN 0 seconds
1462406555536	<INFO 7faec74ca780> CORE::TIME_MERGE_WAIT 0 seconds
1462406555538	<INFO 7faec74ca780> CORE::OTHER_TIME_ALL_MC_BARRIER 0 seconds
1462406555541	<INFO 7faec74ca780> CORE::SCATTER_TIME_ALL_MC_BARRIER 49.7676 seconds
1462406555543	<INFO 7faec74ca780> CORE::GATHER_TIME_ALL_MC_BARRIER 8.22899 seconds
1462406555545	<INFO 7faec74ca780> CORE::INIT_TIME_ALL_MC_BARRIER 1.16805 seconds
1462406555547	<INFO 7faec74ca780> CORE::SHUT_DOWN_TIME_ALL_MC_BARRIER 0.011171 seconds
1462406555550	<INFO 7faec74ca780> CORE::STREAM_SKIP_BEFORE_TIME_ALL_MC_BARRIER 0.12316 seconds
1462406555552	<INFO 7faec74ca780> CORE::TAKE_CHECKPOINT_BEFORE_TIME_ALL_MC_BARRIER 0 seconds
1462406555554	<INFO 7faec74ca780> CORE::TAKE_CHECKPOINT_COMPLETE_TIME_ALL_MC_BARRIER 0 seconds
1462406555556	<INFO 7faec74ca780> CORE::METADATA_WRITE_COMPLETE_TIME_ALL_MC_BARRIER 0 seconds
1462406555559	<INFO 7faec74ca780> CORE::STREAM_EOF_BEFORE_TIME_ALL_MC_BARRIER 0 seconds
1462406555561	<INFO 7faec74ca780> CORE::STREAM_EOF_AFTER_TIME_ALL_MC_BARRIER 0 seconds
1462406555563	<INFO 7faec74ca780> CORE::STATE_LOAD_TIME_ALL_MC_BARRIER 0 seconds
1462406555565	<INFO 7faec74ca780> CORE::STATE_STORE_TIME_ALL_MC_BARRIER 0 seconds
1462406555568	<INFO 7faec74ca780> CORE::PHASES 7
1462406555570	<INFO 7faec74ca780> CORE::TIME::SETUP 4.40082 seconds
1462406555572	<INFO 7faec74ca780> CORE::TIME::STATE_ITER 70.5144 seconds
1462406555574	<INFO 7faec74ca780> CORE::TIME::GATHER 156.633 seconds
1462406555577	<INFO 7faec74ca780> CORE::TIME::SCATTER 467.194 seconds
1462406555579	<INFO 7faec74ca780> CORE::TIME::WALL 786.718 seconds
1462406555581	<INFO 7faec74ca780> SHUTDOWN
