1462406862585	<INFO 7fe010132780> 2016-05-05 02:07:42 STARTUP
1462406862588	<INFO 7fe010132780> CORE::GRAPH rmat-28_s8
1462406862590	<INFO 7fe010132780> CORE::ALGORITHM pagerank
1462406862592	<INFO 7fe010132780> CORE::VERTEX_STRIPING OFF
1462406862594	<INFO 7fe010132780> CORE::OPTIMIZED_STATE_LOAD_STORE OFF
1462406862597	<INFO 7fe010132780> CORE::BINARY_SEARCH_SUPER_PARTITION ON
1462406862599	<INFO 7fe010132780> CORE::SUPER_PARTITION_COMPUTED_FOR_EACH_SCATTER_GATHER_PHASE
1462406862601	<INFO 7fe010132780> CORE::EDGE_STRIPING ON
1462406862604	<INFO 7fe010132780> CORE::BATCH IO ON
1462406862606	<INFO 7fe010132780> 2016-05-05 02:07:42 Blocking memory amount 126701535232
1462406969398	<INFO 7fe010132780> 2016-05-05 02:09:29 Done blocking memory
1462406969401	<INFO 7fe010132780> SG-DRIVER-ORIGINAL
1462406969403	<INFO 7fe010132780> 2016-05-05 02:09:29 START read config parameters
1462406969405	<INFO 7fe010132780> PARTITIONING::OLD 0
1462406969408	<INFO 7fe010132780> PARTITIONING::BALANCED_PARTITIONS 0
1462406969410	<INFO 7fe010132780> CORE::CONFIG::PROCESSORS 8
1462406969412	<INFO 7fe010132780> CORE::CONFIG::PHYSICAL_MEMORY 2147483648
1462406969414	<INFO 7fe010132780> CORE::CONFIG::VERTICES 268435456
1462406969417	<INFO 7fe010132780> CORE::CONFIG::VERTEX_SIZE 12
1462406969419	<INFO 7fe010132780> CORE::CONFIG::VERTEX_BUFFER 1306428636
1462406969421	<INFO 7fe010132780> CORE::CONFIG::EDGES 536870912
1462406969423	<INFO 7fe010132780> CORE::CONFIG::PARTITIONS 64
1462406969426	<INFO 7fe010132780> CORE::CONFIG::FANOUT 64
1462406969428	<INFO 7fe010132780> CORE::CONFIG::SUPER_PARTITIONS 8
1462406969431	<INFO 7fe010132780> CORE::CONFIG::TILES 1
1462406969433	<INFO 7fe010132780> CORE::CONFIG::BUFFER_SIZE 168209876
1462406969435	<INFO 7fe010132780> CORE::CONFIG::MAX_BUFFERS 4
1462406969438	<INFO 7fe010132780> CORE::CONFIG::MAX_STREAMS 4
1462406969440	<INFO 7fe010132780> CORE::CONFIG::SUM_OF_OUT_DEGREES_FOR_NEW_PARTITIONS::FIRST_CONSTRAINT 0
1462406969442	<INFO 7fe010132780> CORE::CONFIG::MAX_EDGES_PER_NEW_PARTITION::SECOND_CONSTRAINT 0
1462406969444	<INFO 7fe010132780> SLIPSTREAM::EXT_MEM_SHUFFLE OFF
1462406969447	<INFO 7fe010132780> 2016-05-05 02:09:29 END read config parameters
1462406971150	<WARNING 7fe010132780> Unable to unlink file (stream.0.0.0):No such file or directory
1462406971153	<WARNING 7fe010132780> Unable to unlink file (stream.0.1.0):No such file or directory
1462406971155	<WARNING 7fe010132780> Unable to unlink file (stream.0.2.0):No such file or directory
1462406971157	<WARNING 7fe010132780> Unable to unlink file (stream.0.3.0):No such file or directory
1462406971160	<WARNING 7fe010132780> Unable to unlink file (stream.0.4.0):No such file or directory
1462406971162	<WARNING 7fe010132780> Unable to unlink file (stream.0.5.0):No such file or directory
1462406971164	<WARNING 7fe010132780> Unable to unlink file (stream.0.6.0):No such file or directory
1462406971167	<WARNING 7fe010132780> Unable to unlink file (stream.0.7.0):No such file or directory
1462406971169	<WARNING 7fe010132780> Unable to unlink file (stream.1.1.0):No such file or directory
1462406971171	<WARNING 7fe010132780> Unable to unlink file (stream.1.2.0):No such file or directory
1462406971173	<WARNING 7fe010132780> Unable to unlink file (stream.1.3.0):No such file or directory
1462406971176	<WARNING 7fe010132780> Unable to unlink file (stream.1.4.0):No such file or directory
1462406971178	<WARNING 7fe010132780> Unable to unlink file (stream.1.5.0):No such file or directory
1462406971180	<WARNING 7fe010132780> Unable to unlink file (stream.1.6.0):No such file or directory
1462406971183	<WARNING 7fe010132780> Unable to unlink file (stream.1.7.0):No such file or directory
1462406971185	<WARNING 7fe010132780> Unable to unlink file (stream.2.0.0):No such file or directory
1462406971187	<WARNING 7fe010132780> Unable to unlink file (stream.2.1.0):No such file or directory
1462406971189	<WARNING 7fe010132780> Unable to unlink file (stream.2.2.0):No such file or directory
1462406971192	<WARNING 7fe010132780> Unable to unlink file (stream.2.3.0):No such file or directory
1462406971194	<WARNING 7fe010132780> Unable to unlink file (stream.2.4.0):No such file or directory
1462406971196	<WARNING 7fe010132780> Unable to unlink file (stream.2.5.0):No such file or directory
1462406971199	<WARNING 7fe010132780> Unable to unlink file (stream.2.6.0):No such file or directory
1462406971201	<WARNING 7fe010132780> Unable to unlink file (stream.2.7.0):No such file or directory
1462406971203	<WARNING 7fe010132780> Unable to unlink file (stream.3.0.0):No such file or directory
1462406971205	<WARNING 7fe010132780> Unable to unlink file (stream.3.1.0):No such file or directory
1462406971208	<WARNING 7fe010132780> Unable to unlink file (stream.3.2.0):No such file or directory
1462406971210	<WARNING 7fe010132780> Unable to unlink file (stream.3.3.0):No such file or directory
1462406971212	<WARNING 7fe010132780> Unable to unlink file (stream.3.4.0):No such file or directory
1462406971214	<WARNING 7fe010132780> Unable to unlink file (stream.3.5.0):No such file or directory
1462406971217	<WARNING 7fe010132780> Unable to unlink file (stream.3.6.0):No such file or directory
1462406971219	<WARNING 7fe010132780> Unable to unlink file (stream.3.7.0):No such file or directory
1462406971221	<INFO 7fe010132780> SLIPSTORE::ZMQ_THREADS 2
1462406971223	<INFO 7fe010132780> SLIPSTORE::COMM Connecting to tcp://dco-node137-10g:5016
1462406971226	<INFO 7fe010132780> SLIPSTORE::COMM Connecting to tcp://dco-node138-10g:5034
1462406971228	<INFO 7fe010132780> SLIPSTORE::COMM Connecting to tcp://dco-node139-10g:5052
1462406971230	<INFO 7fe010132780> SLIPSTORE::COMM Connecting to tcp://dco-node140-10g:5070
1462406971233	<INFO 7fe010132780> SLIPSTORE::COMM Connecting to tcp://dco-node141-10g:5088
1462406971235	<INFO 7fe010132780> SLIPSTORE::COMM Connecting to tcp://dco-node142-10g:5106
1462406971237	<INFO 7fe010132780> SLIPSTORE::COMM Connecting to tcp://dco-node143-10g:5124
1462406971239	<INFO 7fe010132780> SLIPSTORE::COMM Connecting to tcp://dco-node144-10g:5142
1462406971242	<INFO 7fe010132780> SLIPSTORE::COMM Listening at tcp://p1p1:5116
1462406971244	<INFO 7fe010132780> SLIPSTORE::COMM Listening at tcp://p1p1:5117
1462406971246	<INFO 7fe010132780> SLIPSTORE::COMM Listening at tcp://p1p1:5118
1462406971249	<INFO 7fe010132780> SLIPSTORE::COMM Listening at tcp://p1p1:5119
1462406971251	<INFO 7fe010132780> SLIPSTORE::COMM Listening at tcp://p1p1:5120
1462406971253	<INFO 7fe010132780> SLIPSTORE::COMM Listening at tcp://p1p1:5121
1462406971255	<INFO 7fe010132780> SLIPSTORE::COMM Listening at ipc://client
1462406971258	<INFO 7fe010132780> SLIPSTORE::COMM Listening at tcp://p1p1:5123
1462406971260	<INFO 7fe010132780> SLIPSTORE::COMM Connecting to tcp://dco-node137-10g:5016
1462406971262	<INFO 7fe010132780> SLIPSTORE::COMM Connecting to tcp://dco-node138-10g:5034
1462406971265	<INFO 7fe010132780> SLIPSTORE::COMM Connecting to tcp://dco-node139-10g:5052
1462406971268	<INFO 7fe010132780> SLIPSTORE::COMM Connecting to tcp://dco-node140-10g:5070
1462406971270	<INFO 7fe010132780> SLIPSTORE::COMM Connecting to tcp://dco-node141-10g:5088
1462406971272	<INFO 7fe010132780> SLIPSTORE::COMM Connecting to tcp://dco-node142-10g:5106
1462406971275	<INFO 7fe010132780> SLIPSTORE::COMM Connecting to tcp://dco-node143-10g:5124
1462406971277	<INFO 7fe010132780> SLIPSTORE::COMM Connecting to tcp://dco-node144-10g:5142
1462406971279	<INFO 7fe010132780> SLIPSTORE::COMM Connecting to tcp://dco-node137-10g:5006
1462406971282	<INFO 7fe010132780> SLIPSTORE::COMM Connecting to tcp://dco-node138-10g:5024
1462406971285	<INFO 7fe010132780> SLIPSTORE::COMM Connecting to tcp://dco-node139-10g:5042
1462406971287	<INFO 7fe010132780> SLIPSTORE::COMM Connecting to tcp://dco-node140-10g:5060
1462406971289	<INFO 7fe010132780> SLIPSTORE::COMM Connecting to tcp://dco-node141-10g:5078
1462406971292	<INFO 7fe010132780> SLIPSTORE::COMM Connecting to tcp://dco-node142-10g:5096
1462406971294	<INFO 7fe010132780> SLIPSTORE::COMM Connecting to ipc://server
1462406971297	<INFO 7fe010132780> SLIPSTORE::COMM Connecting to tcp://dco-node144-10g:5132
1462406971300	<INFO 7fe010132780> SLIPSTORE::COMM Connecting to tcp://dco-node144-10g:5143
1462406971302	<INFO 7fe010132780> SLIPSTORE::COMM Listening at tcp://p1p1:5125
1462406971304	<INFO 7fe010132780> SLIPSTORE::COMM Connecting to tcp://dco-node143-10g:5124
1462406971306	<INFO 7fe010132780> SLIPSTORE::HELP_POLICY NONE
1462406971309	<INFO 7fe010132780> SLIPSTORE::SERVER ASYNC
1462406971311	<INFO 7fe010132780> SLIPSTORE::MACHINES 8
1462406971313	<INFO 7fe010132780> SLIPSTORE::ME 6
1462406971316	<INFO 7fe010132780> SLIPSTORE::SLIPCHUNK 4194304
1462406971318	<INFO 7fe010132780> SLIPSTORE::QUOTA 18446744073709551615
1462406971321	<INFO 7fe010132780> SLIPSTORE::IO PAGECACHE
1462406971323	<INFO 7fc1f27f9700> SLIPSTORE::COMM Listening at tcp://p1p1:5124
1462406971325	<INFO 7fc1f27f9700> SLIPSTORE::COMM Listening at tcp://p1p1:5108
1462406971327	<INFO 7fc1f27f9700> SLIPSTORE::COMM Connecting to tcp://dco-node137-10g:5014
1462406971330	<INFO 7fc1f27f9700> SLIPSTORE::COMM Listening at tcp://p1p1:5109
1462406971332	<INFO 7fc1f27f9700> SLIPSTORE::COMM Connecting to tcp://dco-node138-10g:5032
1462406971336	<INFO 7fc1f27f9700> SLIPSTORE::COMM Listening at tcp://p1p1:5110
1462406971338	<INFO 7fc1f27f9700> SLIPSTORE::COMM Connecting to tcp://dco-node139-10g:5050
1462406971340	<INFO 7fc1f27f9700> SLIPSTORE::COMM Listening at tcp://p1p1:5111
1462406971343	<INFO 7fc1f27f9700> SLIPSTORE::COMM Connecting to tcp://dco-node140-10g:5068
1462406971346	<INFO 7fc1f27f9700> SLIPSTORE::COMM Listening at tcp://p1p1:5112
1462406971348	<INFO 7fc1f27f9700> SLIPSTORE::COMM Connecting to tcp://dco-node141-10g:5086
1462406971351	<INFO 7fc1f27f9700> SLIPSTORE::COMM Listening at tcp://p1p1:5113
1462406971353	<INFO 7fc1f27f9700> SLIPSTORE::COMM Connecting to tcp://dco-node142-10g:5104
1462406971356	<INFO 7fc1f27f9700> SLIPSTORE::COMM Listening at ipc://server
1462406971358	<INFO 7fc1f27f9700> SLIPSTORE::COMM Connecting to ipc://client
1462406971362	<INFO 7fc1f27f9700> SLIPSTORE::COMM Listening at tcp://p1p1:5115
1462406971364	<INFO 7fc1f27f9700> SLIPSTORE::COMM Connecting to tcp://dco-node144-10g:5140
1462406972470	<INFO 7fe010132780> SLIPSTORE::CHECKPOINTS NONE FOUND
1462406972472	<INFO 7fe010132780> 2016-05-05 02:09:32 Start edge split
1462407061139	<INFO 7fe010132780> 2016-05-05 02:11:01 Completed init
1462407065471	<INFO 7fe010132780> 2016-05-05 02:11:05 Started gather
1462407067408	<INFO 7fe010132780> 2016-05-05 02:11:07 Completed gather
1462407071799	<INFO 7fe010132780> 2016-05-05 02:11:11 Started scatter
1462407103670	<INFO 7fe010132780> 2016-05-05 02:11:43 Completed scatter
1462407116927	<INFO 7fe010132780> 2016-05-05 02:11:56 Completed phase 1 Bytes read 13518013236 Bytes written 7075562292
1462407123186	<INFO 7fe010132780> 2016-05-05 02:12:03 Started gather
1462407125285	<INFO 7fe010132780> 2016-05-05 02:12:05 Completed gather
1462407129702	<INFO 7fe010132780> 2016-05-05 02:12:09 Started gather
1462407205182	<INFO 7fe010132780> 2016-05-05 02:13:25 Completed gather
1462407212255	<INFO 7fe010132780> 2016-05-05 02:13:32 Completed phase 2 Bytes read 20897657688 Bytes written 12262449180
1462407219198	<INFO 7fe010132780> 2016-05-05 02:13:39 Started gather
1462407241153	<INFO 7fe010132780> 2016-05-05 02:14:01 Completed gather
1462407266072	<INFO 7fe010132780> 2016-05-05 02:14:26 Started scatter
1462407339534	<INFO 7fe010132780> 2016-05-05 02:15:39 Completed scatter
1462407347670	<INFO 7fe010132780> 2016-05-05 02:15:47 Completed phase 3 Bytes read 32551942548 Bytes written 17224937924
1462407354337	<INFO 7fe010132780> 2016-05-05 02:15:54 Started gather
1462407376469	<INFO 7fe010132780> 2016-05-05 02:16:16 Completed gather
1462407403175	<INFO 7fe010132780> 2016-05-05 02:16:43 Started scatter
1462407472058	<INFO 7fe010132780> 2016-05-05 02:17:52 Completed scatter
1462407480832	<INFO 7fe010132780> 2016-05-05 02:18:00 Completed phase 4 Bytes read 44285911424 Bytes written 22206302948
1462407488503	<INFO 7fe010132780> 2016-05-05 02:18:08 Started gather
1462407511050	<INFO 7fe010132780> 2016-05-05 02:18:31 Completed gather
1462407535298	<INFO 7fe010132780> 2016-05-05 02:18:55 Started scatter
1462407604744	<INFO 7fe010132780> 2016-05-05 02:20:04 Completed scatter
1462407616012	<INFO 7fe010132780> 2016-05-05 02:20:16 Completed phase 5 Bytes read 56038756580 Bytes written 27136938076
1462407623567	<INFO 7fe010132780> 2016-05-05 02:20:23 Started gather
1462407645959	<INFO 7fe010132780> 2016-05-05 02:20:45 Completed gather
1462407670805	<INFO 7fe010132780> 2016-05-05 02:21:10 Started scatter
1462407740828	<INFO 7fe010132780> 2016-05-05 02:22:20 Completed scatter
1462407747871	<INFO 7fe010132780> 2016-05-05 02:22:27 Completed phase 6 Bytes read 67740871840 Bytes written 32020188988
1462407755253	<INFO 7fe010132780> 2016-05-05 02:22:35 Started gather
1462407777808	<INFO 7fe010132780> 2016-05-05 02:22:57 Completed gather
1462407803338	<INFO 7fe010132780> 2016-05-05 02:23:23 Started scatter
1462407872165	<INFO 7fe010132780> 2016-05-05 02:24:32 Completed scatter
1462407885486	<INFO 7fe010132780> 2016-05-05 02:24:45 Completed phase 7 Bytes read 79395602884 Bytes written 36920106468
1462407885489	<INFO 7fe010132780> CORE::PARTITIONS_PROCESSED 1524
1462407885492	<INFO 7fe010132780> CORE::BYTES::EDGES_STREAMED 5068790904
1462407885494	<INFO 7fe010132780> CORE::BYTES::UPDATES_OUT 2875912408
1462407885497	<INFO 7fe010132780> CORE::BYTES::UPDATES_IN 2072528016
1462407885500	<INFO 7fc1f17f7700> CORE::PARTITIONS_PROCESSED 467
1462407885502	<INFO 7fc1f17f7700> CORE::BYTES::EDGES_STREAMED 5985606972
1462407885504	<INFO 7fc1f17f7700> CORE::BYTES::UPDATES_OUT 3473722568
1462407885506	<INFO 7fc1f17f7700> CORE::BYTES::UPDATES_IN 2683319624
1462407885508	<INFO 7fc1e6ffd700> CORE::PARTITIONS_PROCESSED 858
1462407885511	<INFO 7fc1f0ff6700> CORE::PARTITIONS_PROCESSED 833
1462407885513	<INFO 7fc1e5ffb700> CORE::PARTITIONS_PROCESSED 1179
1462407885516	<INFO 7fc1e7fff700> CORE::PARTITIONS_PROCESSED 809
1462407885520	<INFO 7fc1e6ffd700> CORE::BYTES::EDGES_STREAMED 4742291520
1462407885522	<INFO 7fc1e77fe700> CORE::PARTITIONS_PROCESSED 1684
1462407885524	<INFO 7fc1f0ff6700> CORE::BYTES::EDGES_STREAMED 5531003880
1462407885528	<INFO 7fc1e67fc700> CORE::PARTITIONS_PROCESSED 1286
1462407885530	<INFO 7fc1e6ffd700> CORE::BYTES::UPDATES_OUT 2710648368
1462407885532	<INFO 7fc1e7fff700> CORE::BYTES::EDGES_STREAMED 5615885844
1462407885535	<INFO 7fc1e5ffb700> CORE::BYTES::EDGES_STREAMED 6732739500
1462407885538	<INFO 7fc1e67fc700> CORE::BYTES::EDGES_STREAMED 7377826716
1462407885541	<INFO 7fc1e77fe700> CORE::BYTES::EDGES_STREAMED 4730502888
1462407885543	<INFO 7fc1e5ffb700> CORE::BYTES::UPDATES_OUT 3733176440
1462407885545	<INFO 7fc1e7fff700> CORE::BYTES::UPDATES_OUT 3226757760
1462407885547	<INFO 7fc1e67fc700> CORE::BYTES::UPDATES_OUT 4288771432
1462407885550	<INFO 7fc1e77fe700> CORE::BYTES::UPDATES_OUT 2701559168
1462407885552	<INFO 7fc1f0ff6700> CORE::BYTES::UPDATES_OUT 3152107984
1462407885554	<INFO 7fc1e67fc700> CORE::BYTES::UPDATES_IN 4003191392
1462407885556	<INFO 7fc1e77fe700> CORE::BYTES::UPDATES_IN 2218954240
1462407885559	<INFO 7fc1e7fff700> CORE::BYTES::UPDATES_IN 2838563872
1462407885561	<INFO 7fc1e6ffd700> CORE::BYTES::UPDATES_IN 2310283304
1462407885563	<INFO 7fc1e5ffb700> CORE::BYTES::UPDATES_IN 2978693320
1462407885566	<INFO 7fc1f0ff6700> CORE::BYTES::UPDATES_IN 2699090632
1462407885568	<INFO 7fc1f27f9700> SLIPSTORE service is exiting
1462407885570	<INFO 7fc1f27f9700> SLIPSTORE::HELP_OFFERS_RECVD 98
1462407885572	<INFO 7fc1f27f9700> SLIPSTORE::HELP_OFFERS_ACCEPTED 0
1462407885576	<INFO 7fc1f27f9700> SLIPSTORE::HELP_ACCEPTANCE_RATIO 0
1462407885578	<INFO 7fc1f27f9700> SLIPSTORE::SERVER_BUSY_DISK  651.746 seconds
1462407885580	<INFO 7fc1f27f9700> SLIPSTORE::SERVER_BUSY_MEM  0 seconds
1462407885583	<INFO 7fc1f27f9700> SLIPSTORE::SERVER_TOTAL  914.205 seconds
1462407885585	<INFO 7fe010132780> SLIPSTORE::CLIENT::DISK_READ_TIME  469.961 seconds
1462407885587	<INFO 7fe010132780> SLIPSTORE::CLIENT::MEM_READ_TIME  0 seconds
1462407885590	<INFO 7fe010132780> SLIPSTORE::CLIENT::DISK_BYTES_READ 79937200024
1462407885592	<INFO 7fe010132780> SLIPSTORE::CLIENT::MEM_BYTES_READ 0
1462407885594	<INFO 7fe010132780> SLIPSTORE::CLIENT::WRITE_TIME  206.02 seconds
1462407885596	<INFO 7fe010132780> SLIPSTORE::CLIENT::BYTES_WRITTEN 4561232400
1462407885598	<INFO 7fe010132780> SLIPSTORE::CLIENT_BUSY  675.981 seconds
1462407885601	<INFO 7fe010132780> SLIPSTORE::IO::TIME 465.35 seconds
1462407885603	<INFO 7fe010132780> SLIPSTORE::SNAP::TIME 0 seconds
1462407885605	<INFO 7fe010132780> SLIPSTORE::MAX_DISK_USAGE_BYTES 11144680836
1462407885607	<INFO 7fe010132780> CORE::RUSAGE::MAX_RSS_KB 125940820
1462407885610	<INFO 7fe010132780> CORE::RUSAGE::MINFLT 63796587
1462407885612	<INFO 7fe010132780> CORE::RUSAGE::MAJFLT 3
1462407885614	<INFO 7fe010132780> CORE::RUSAGE::MAJFLT 3
1462407885616	<INFO 7fe010132780> CORE::RUSAGE::INBLK 136366752
1462407885619	<INFO 7fe010132780> CORE::RUSAGE::OUBLK 72120344
1462407885621	<INFO 7fe010132780> CORE::UTILS::BYTES_READ 79395602884
1462407885624	<INFO 7fe010132780> CORE::UTILS::BYTES_WRITTEN 36920106468
1462407885627	<INFO 7fe010132780> CORE::UTILS::TILE_COPY_BYTES 6081643200
1462407885629	<INFO 7fe010132780> CORE::TIME::IO_WAIT 502.068 seconds
1462407885632	<INFO 7fe010132780> CORE::TIME_TILE_COPY 0 seconds
1462407885634	<INFO 7fe010132780> CORE::TIME_TILE_MERGE 0 seconds
1462407885636	<INFO 7fe010132780> CORE::TIME_PROCESSING_STOLEN 0 seconds
1462407885639	<INFO 7fe010132780> CORE::TIME_MERGE_WAIT 0 seconds
1462407885641	<INFO 7fe010132780> CORE::OTHER_TIME_ALL_MC_BARRIER 0 seconds
1462407885643	<INFO 7fe010132780> CORE::SCATTER_TIME_ALL_MC_BARRIER 58.6962 seconds
1462407885645	<INFO 7fe010132780> CORE::GATHER_TIME_ALL_MC_BARRIER 7.00609 seconds
1462407885648	<INFO 7fe010132780> CORE::INIT_TIME_ALL_MC_BARRIER 1.42306 seconds
1462407885650	<INFO 7fe010132780> CORE::SHUT_DOWN_TIME_ALL_MC_BARRIER 0.003434 seconds
1462407885652	<INFO 7fe010132780> CORE::STREAM_SKIP_BEFORE_TIME_ALL_MC_BARRIER 34.4323 seconds
1462407885654	<INFO 7fe010132780> CORE::TAKE_CHECKPOINT_BEFORE_TIME_ALL_MC_BARRIER 0 seconds
1462407885656	<INFO 7fe010132780> CORE::TAKE_CHECKPOINT_COMPLETE_TIME_ALL_MC_BARRIER 0 seconds
1462407885658	<INFO 7fe010132780> CORE::METADATA_WRITE_COMPLETE_TIME_ALL_MC_BARRIER 0 seconds
1462407885661	<INFO 7fe010132780> CORE::STREAM_EOF_BEFORE_TIME_ALL_MC_BARRIER 0 seconds
1462407885663	<INFO 7fe010132780> CORE::STREAM_EOF_AFTER_TIME_ALL_MC_BARRIER 0 seconds
1462407885665	<INFO 7fe010132780> CORE::STATE_LOAD_TIME_ALL_MC_BARRIER 0 seconds
1462407885667	<INFO 7fe010132780> CORE::STATE_STORE_TIME_ALL_MC_BARRIER 0 seconds
1462407885670	<INFO 7fe010132780> CORE::PHASES 7
1462407885672	<INFO 7fe010132780> CORE::TIME::SETUP 3.09822 seconds
1462407885674	<INFO 7fe010132780> CORE::TIME::STATE_ITER 12.236 seconds
1462407885677	<INFO 7fe010132780> CORE::TIME::GATHER 285.081 seconds
1462407885680	<INFO 7fe010132780> CORE::TIME::SCATTER 526.75 seconds
1462407885682	<INFO 7fe010132780> CORE::TIME::WALL 916.12 seconds
1462407885684	<INFO 7fe010132780> SHUTDOWN
