1461696484857	<INFO 7f42669e5740> 2016-04-26 20:48:04 STARTUP
1461696484861	<INFO 7f42669e5740> CORE::GRAPH rmat-28_s8
1461696484864	<INFO 7f42669e5740> CORE::ALGORITHM pagerank
1461696484868	<INFO 7f42669e5740> CORE::VERTEX_STRIPING OFF
1461696484872	<INFO 7f42669e5740> CORE::UPDATES_STRIPING ON
1461696484876	<INFO 7f42669e5740> CORE::UPDATES BATCH IO ON
1461696484880	<INFO 7f42669e5740> CORE::OPTIMIZED_STATE_LOAD_STORE OFF
1461696484884	<INFO 7f42669e5740> CORE::BINARY_SEARCH_SUPER_PARTITION ON
1461696484887	<INFO 7f42669e5740> CORE::SUPER_PARTITION_COMPUTED_FOR_EACH_SCATTER_GATHER_PHASE
1461696484891	<INFO 7f42669e5740> CORE::BATCH IO OFF
1461696484895	<INFO 7f42669e5740> 2016-04-26 20:48:04 Blocking memory amount 126701535232
1461696591852	<INFO 7f42669e5740> 2016-04-26 20:49:51 Done blocking memory
1461696591855	<INFO 7f42669e5740> SG-DRIVER-ORIGINAL
1461696591859	<INFO 7f42669e5740> 2016-04-26 20:49:51 START read config parameters
1461696591863	<INFO 7f42669e5740> PARTITIONING::OLD 0
1461696591866	<INFO 7f42669e5740> PARTITIONING::BALANCED_PARTITIONS 0
1461696591870	<INFO 7f42669e5740> CORE::CONFIG::PROCESSORS 8
1461696591874	<INFO 7f42669e5740> CORE::CONFIG::PHYSICAL_MEMORY 2147483648
1461696591878	<INFO 7f42669e5740> CORE::CONFIG::VERTICES 268435456
1461696591881	<INFO 7f42669e5740> CORE::CONFIG::VERTEX_SIZE 12
1461696591885	<INFO 7f42669e5740> CORE::CONFIG::VERTEX_BUFFER 1306428636
1461696591888	<INFO 7f42669e5740> CORE::CONFIG::EDGES 536870912
1461696591892	<INFO 7f42669e5740> CORE::CONFIG::PARTITIONS 64
1461696591896	<INFO 7f42669e5740> CORE::CONFIG::FANOUT 64
1461696591899	<INFO 7f42669e5740> CORE::CONFIG::SUPER_PARTITIONS 8
1461696591903	<INFO 7f42669e5740> CORE::CONFIG::TILES 1
1461696591906	<INFO 7f42669e5740> CORE::CONFIG::BUFFER_SIZE 168209876
1461696591910	<INFO 7f42669e5740> CORE::CONFIG::MAX_BUFFERS 4
1461696591913	<INFO 7f42669e5740> CORE::CONFIG::MAX_STREAMS 4
1461696591916	<INFO 7f42669e5740> CORE::CONFIG::SUM_OF_OUT_DEGREES_FOR_NEW_PARTITIONS::FIRST_CONSTRAINT 0
1461696591921	<INFO 7f42669e5740> CORE::CONFIG::MAX_EDGES_PER_NEW_PARTITION::SECOND_CONSTRAINT 0
1461696591925	<INFO 7f42669e5740> SLIPSTREAM::EXT_MEM_SHUFFLE OFF
1461696591928	<INFO 7f42669e5740> 2016-04-26 20:49:51 END read config parameters
1461696593635	<WARNING 7f42669e5740> Unable to unlink file (stream.0.0.0):No such file or directory
1461696593640	<WARNING 7f42669e5740> Unable to unlink file (stream.0.1.0):No such file or directory
1461696593643	<WARNING 7f42669e5740> Unable to unlink file (stream.0.2.0):No such file or directory
1461696593647	<WARNING 7f42669e5740> Unable to unlink file (stream.0.3.0):No such file or directory
1461696593651	<WARNING 7f42669e5740> Unable to unlink file (stream.0.4.0):No such file or directory
1461696593655	<WARNING 7f42669e5740> Unable to unlink file (stream.0.5.0):No such file or directory
1461696593659	<WARNING 7f42669e5740> Unable to unlink file (stream.0.6.0):No such file or directory
1461696593663	<WARNING 7f42669e5740> Unable to unlink file (stream.0.7.0):No such file or directory
1461696593667	<WARNING 7f42669e5740> Unable to unlink file (stream.1.1.0):No such file or directory
1461696593671	<WARNING 7f42669e5740> Unable to unlink file (stream.1.2.0):No such file or directory
1461696593675	<WARNING 7f42669e5740> Unable to unlink file (stream.1.3.0):No such file or directory
1461696593678	<WARNING 7f42669e5740> Unable to unlink file (stream.1.4.0):No such file or directory
1461696593683	<WARNING 7f42669e5740> Unable to unlink file (stream.1.5.0):No such file or directory
1461696593686	<WARNING 7f42669e5740> Unable to unlink file (stream.1.6.0):No such file or directory
1461696593690	<WARNING 7f42669e5740> Unable to unlink file (stream.1.7.0):No such file or directory
1461696593694	<WARNING 7f42669e5740> Unable to unlink file (stream.2.0.0):No such file or directory
1461696593698	<WARNING 7f42669e5740> Unable to unlink file (stream.2.1.0):No such file or directory
1461696593702	<WARNING 7f42669e5740> Unable to unlink file (stream.2.2.0):No such file or directory
1461696593706	<WARNING 7f42669e5740> Unable to unlink file (stream.2.3.0):No such file or directory
1461696593710	<WARNING 7f42669e5740> Unable to unlink file (stream.2.4.0):No such file or directory
1461696593713	<WARNING 7f42669e5740> Unable to unlink file (stream.2.5.0):No such file or directory
1461696593717	<WARNING 7f42669e5740> Unable to unlink file (stream.2.6.0):No such file or directory
1461696593721	<WARNING 7f42669e5740> Unable to unlink file (stream.2.7.0):No such file or directory
1461696593725	<WARNING 7f42669e5740> Unable to unlink file (stream.3.0.0):No such file or directory
1461696593729	<WARNING 7f42669e5740> Unable to unlink file (stream.3.1.0):No such file or directory
1461696593733	<WARNING 7f42669e5740> Unable to unlink file (stream.3.2.0):No such file or directory
1461696593737	<WARNING 7f42669e5740> Unable to unlink file (stream.3.3.0):No such file or directory
1461696593740	<WARNING 7f42669e5740> Unable to unlink file (stream.3.4.0):No such file or directory
1461696593744	<WARNING 7f42669e5740> Unable to unlink file (stream.3.5.0):No such file or directory
1461696593747	<WARNING 7f42669e5740> Unable to unlink file (stream.3.6.0):No such file or directory
1461696593750	<WARNING 7f42669e5740> Unable to unlink file (stream.3.7.0):No such file or directory
1461696593753	<INFO 7f42669e5740> SLIPSTORE::ZMQ_THREADS 2
1461696593757	<INFO 7f42669e5740> SLIPSTORE::COMM Connecting to tcp://dco-node137-10g:5016
1461696593760	<INFO 7f42669e5740> SLIPSTORE::COMM Connecting to tcp://dco-node138-10g:5034
1461696593764	<INFO 7f42669e5740> SLIPSTORE::COMM Connecting to tcp://dco-node139-10g:5052
1461696593768	<INFO 7f42669e5740> SLIPSTORE::COMM Connecting to tcp://dco-node140-10g:5070
1461696593771	<INFO 7f42669e5740> SLIPSTORE::COMM Connecting to tcp://dco-node141-10g:5088
1461696593776	<INFO 7f42669e5740> SLIPSTORE::COMM Connecting to tcp://dco-node142-10g:5106
1461696593780	<INFO 7f42669e5740> SLIPSTORE::COMM Connecting to tcp://dco-node143-10g:5124
1461696593783	<INFO 7f42669e5740> SLIPSTORE::COMM Connecting to tcp://dco-node144-10g:5142
1461696593786	<INFO 7f42669e5740> SLIPSTORE::COMM Listening at tcp://ens1f0:5116
1461696593789	<INFO 7f42669e5740> SLIPSTORE::COMM Listening at tcp://ens1f0:5117
1461696593792	<INFO 7f42669e5740> SLIPSTORE::COMM Listening at tcp://ens1f0:5118
1461696593795	<INFO 7f42669e5740> SLIPSTORE::COMM Listening at tcp://ens1f0:5119
1461696593798	<INFO 7f42669e5740> SLIPSTORE::COMM Listening at tcp://ens1f0:5120
1461696593803	<INFO 7f42669e5740> SLIPSTORE::COMM Listening at tcp://ens1f0:5121
1461696593806	<INFO 7f42669e5740> SLIPSTORE::COMM Listening at ipc://client
1461696593808	<INFO 7f42669e5740> SLIPSTORE::COMM Listening at tcp://ens1f0:5123
1461696593812	<INFO 7f42669e5740> SLIPSTORE::COMM Connecting to tcp://dco-node137-10g:5016
1461696593815	<INFO 7f42669e5740> SLIPSTORE::COMM Connecting to tcp://dco-node138-10g:5034
1461696593818	<INFO 7f42669e5740> SLIPSTORE::COMM Connecting to tcp://dco-node139-10g:5052
1461696593822	<INFO 7f42669e5740> SLIPSTORE::COMM Connecting to tcp://dco-node140-10g:5070
1461696593824	<INFO 7f42669e5740> SLIPSTORE::COMM Connecting to tcp://dco-node141-10g:5088
1461696593827	<INFO 7f42669e5740> SLIPSTORE::COMM Connecting to tcp://dco-node142-10g:5106
1461696593831	<INFO 7f42669e5740> SLIPSTORE::COMM Connecting to tcp://dco-node143-10g:5124
1461696593833	<INFO 7f42669e5740> SLIPSTORE::COMM Connecting to tcp://dco-node144-10g:5142
1461696593837	<INFO 7f42669e5740> SLIPSTORE::COMM Connecting to tcp://dco-node137-10g:5006
1461696593840	<INFO 7f42669e5740> SLIPSTORE::COMM Connecting to tcp://dco-node138-10g:5024
1461696593843	<INFO 7f42669e5740> SLIPSTORE::COMM Connecting to tcp://dco-node139-10g:5042
1461696593847	<INFO 7f42669e5740> SLIPSTORE::COMM Connecting to tcp://dco-node140-10g:5060
1461696593851	<INFO 7f42669e5740> SLIPSTORE::COMM Connecting to tcp://dco-node141-10g:5078
1461696593855	<INFO 7f42669e5740> SLIPSTORE::COMM Connecting to tcp://dco-node142-10g:5096
1461696593857	<INFO 7f42669e5740> SLIPSTORE::COMM Connecting to ipc://server
1461696593861	<INFO 7f42669e5740> SLIPSTORE::COMM Connecting to tcp://dco-node144-10g:5132
1461696593865	<INFO 7f42669e5740> SLIPSTORE::COMM Connecting to tcp://dco-node144-10g:5143
1461696593869	<INFO 7f42669e5740> SLIPSTORE::COMM Listening at tcp://ens1f0:5125
1461696593872	<INFO 7f42669e5740> SLIPSTORE::COMM Connecting to tcp://dco-node143-10g:5124
1461696593876	<INFO 7f42669e5740> SLIPSTORE::HELP_POLICY NONE
1461696593879	<INFO 7f42669e5740> SLIPSTORE::SERVER ASYNC
1461696593883	<INFO 7f42669e5740> SLIPSTORE::MACHINES 8
1461696593886	<INFO 7f42669e5740> SLIPSTORE::ME 6
1461696593889	<INFO 7f42669e5740> SLIPSTORE::SLIPCHUNK 4194304
1461696593894	<INFO 7f42669e5740> SLIPSTORE::QUOTA 18446744073709551615
1461696593896	<INFO 7f42669e5740> SLIPSTORE::IO PAGECACHE
1461696593899	<INFO 7f2447fff700> SLIPSTORE::COMM Listening at tcp://ens1f0:5124
1461696593901	<INFO 7f2447fff700> SLIPSTORE::COMM Listening at tcp://ens1f0:5108
1461696593904	<INFO 7f2447fff700> SLIPSTORE::COMM Connecting to tcp://dco-node137-10g:5014
1461696593907	<INFO 7f2447fff700> SLIPSTORE::COMM Listening at tcp://ens1f0:5109
1461696593909	<INFO 7f2447fff700> SLIPSTORE::COMM Connecting to tcp://dco-node138-10g:5032
1461696593912	<INFO 7f2447fff700> SLIPSTORE::COMM Listening at tcp://ens1f0:5110
1461696593914	<INFO 7f2447fff700> SLIPSTORE::COMM Connecting to tcp://dco-node139-10g:5050
1461696593917	<INFO 7f2447fff700> SLIPSTORE::COMM Listening at tcp://ens1f0:5111
1461696593920	<INFO 7f2447fff700> SLIPSTORE::COMM Connecting to tcp://dco-node140-10g:5068
1461696593924	<INFO 7f2447fff700> SLIPSTORE::COMM Listening at tcp://ens1f0:5112
1461696593928	<INFO 7f2447fff700> SLIPSTORE::COMM Connecting to tcp://dco-node141-10g:5086
1461696593931	<INFO 7f2447fff700> SLIPSTORE::COMM Listening at tcp://ens1f0:5113
1461696593935	<INFO 7f2447fff700> SLIPSTORE::COMM Connecting to tcp://dco-node142-10g:5104
1461696593937	<INFO 7f2447fff700> SLIPSTORE::COMM Listening at ipc://server
1461696593939	<INFO 7f2447fff700> SLIPSTORE::COMM Connecting to ipc://client
1461696593942	<INFO 7f2447fff700> SLIPSTORE::COMM Listening at tcp://ens1f0:5115
1461696593944	<INFO 7f2447fff700> SLIPSTORE::COMM Connecting to tcp://dco-node144-10g:5140
1461696594520	<INFO 7f42669e5740> SLIPSTORE::CHECKPOINTS NONE FOUND
1461696594523	<INFO 7f42669e5740> 2016-04-26 20:49:54 Start edge split
1461696648682	<INFO 7f42669e5740> 2016-04-26 20:50:48 Completed init
1461696653495	<INFO 7f42669e5740> 2016-04-26 20:50:53 Started gather
1461696655465	<INFO 7f42669e5740> 2016-04-26 20:50:55 Completed gather
1461696663019	<INFO 7f42669e5740> 2016-04-26 20:51:03 Started scatter
1461696694383	<INFO 7f42669e5740> 2016-04-26 20:51:34 Completed scatter
1461696695143	<INFO 7f42669e5740> 2016-04-26 20:51:35 Completed phase 1 Bytes read 13591279296 Bytes written 7148828352
1461696705056	<INFO 7f42669e5740> 2016-04-26 20:51:45 Started gather
1461696707162	<INFO 7f42669e5740> 2016-04-26 20:51:47 Completed gather
1461696713640	<INFO 7f42669e5740> 2016-04-26 20:51:53 Started gather
1461696773874	<INFO 7f42669e5740> 2016-04-26 20:52:53 Completed gather
1461696776007	<INFO 7f42669e5740> 2016-04-26 20:52:56 Completed phase 2 Bytes read 21044189808 Bytes written 12355089216
1461696785671	<INFO 7f42669e5740> 2016-04-26 20:53:05 Started gather
1461696811634	<INFO 7f42669e5740> 2016-04-26 20:53:31 Completed gather
1461696978683	<INFO 7f42669e5740> 2016-04-26 20:56:18 Started scatter
1461697032750	<INFO 7f42669e5740> 2016-04-26 20:57:12 Completed scatter
1461697034311	<INFO 7f42669e5740> 2016-04-26 20:57:14 Completed phase 3 Bytes read 32791114704 Bytes written 17174635192
1461697044956	<INFO 7f42669e5740> 2016-04-26 20:57:24 Started gather
1461697069339	<INFO 7f42669e5740> 2016-04-26 20:57:49 Completed gather
1461697230964	<INFO 7f42669e5740> 2016-04-26 21:00:30 Started scatter
1461697285290	<INFO 7f42669e5740> 2016-04-26 21:01:25 Completed scatter
1461697287127	<INFO 7f42669e5740> 2016-04-26 21:01:27 Completed phase 4 Bytes read 44455406872 Bytes written 22106396000
1461697298876	<INFO 7f42669e5740> 2016-04-26 21:01:38 Started gather
1461697323675	<INFO 7f42669e5740> 2016-04-26 21:02:03 Completed gather
1461697484973	<INFO 7f42669e5740> 2016-04-26 21:04:44 Started scatter
1461697538222	<INFO 7f42669e5740> 2016-04-26 21:05:38 Completed scatter
1461697539330	<INFO 7f42669e5740> 2016-04-26 21:05:39 Completed phase 5 Bytes read 56231913872 Bytes written 26978587528
1461697548816	<INFO 7f42669e5740> 2016-04-26 21:05:48 Started gather
1461697572034	<INFO 7f42669e5740> 2016-04-26 21:06:12 Completed gather
1461697733988	<INFO 7f42669e5740> 2016-04-26 21:08:53 Started scatter
1461697787435	<INFO 7f42669e5740> 2016-04-26 21:09:47 Completed scatter
1461697789067	<INFO 7f42669e5740> 2016-04-26 21:09:49 Completed phase 6 Bytes read 67948851592 Bytes written 31929779648
1461697798087	<INFO 7f42669e5740> 2016-04-26 21:09:58 Started gather
1461697825010	<INFO 7f42669e5740> 2016-04-26 21:10:25 Completed gather
1461697988789	<INFO 7f42669e5740> 2016-04-26 21:13:08 Started scatter
1461698042107	<INFO 7f42669e5740> 2016-04-26 21:14:02 Completed scatter
1461698043660	<INFO 7f42669e5740> 2016-04-26 21:14:03 Completed phase 7 Bytes read 79744789904 Bytes written 36838268568
1461698043663	<INFO 7f42669e5740> CORE::PARTITIONS_PROCESSED 1483
1461698043666	<INFO 7f42669e5740> CORE::BYTES::EDGES_STREAMED 4720068768
1461698043668	<INFO 7f42669e5740> CORE::BYTES::UPDATES_OUT 2713408296
1461698043670	<INFO 7f42669e5740> CORE::BYTES::UPDATES_IN 2060651752
1461698043673	<INFO 7f24467fc700> CORE::PARTITIONS_PROCESSED 816
1461698043675	<INFO 7f24467fc700> CORE::BYTES::EDGES_STREAMED 5173798752
1461698043677	<INFO 7f24467fc700> CORE::BYTES::UPDATES_OUT 3043013288
1461698043680	<INFO 7f24467fc700> CORE::BYTES::UPDATES_IN 2833290920
1461698043682	<INFO 7f2444ff9700> CORE::PARTITIONS_PROCESSED 741
1461698043684	<INFO 7f2446ffd700> CORE::PARTITIONS_PROCESSED 544
1461698043687	<INFO 7f2445ffb700> CORE::PARTITIONS_PROCESSED 811
1461698043689	<INFO 7f2445ffb700> CORE::BYTES::EDGES_STREAMED 5881597728
1461698043691	<INFO 7f24457fa700> CORE::PARTITIONS_PROCESSED 1774
1461698043694	<INFO 7f243b7fe700> CORE::PARTITIONS_PROCESSED 1218
1461698043696	<INFO 7f24457fa700> CORE::BYTES::EDGES_STREAMED 4621160952
1461698043698	<INFO 7f2445ffb700> CORE::BYTES::UPDATES_OUT 3349971544
1461698043701	<INFO 7f2444ff9700> CORE::BYTES::EDGES_STREAMED 4976135988
1461698043703	<INFO 7f243bfff700> CORE::PARTITIONS_PROCESSED 1253
1461698043705	<INFO 7f24457fa700> CORE::BYTES::UPDATES_OUT 2628298136
1461698043708	<INFO 7f243b7fe700> CORE::BYTES::EDGES_STREAMED 6958631592
1461698043710	<INFO 7f2446ffd700> CORE::BYTES::EDGES_STREAMED 5280343704
1461698043713	<INFO 7f24457fa700> CORE::BYTES::UPDATES_IN 2076520792
1461698043715	<INFO 7f243b7fe700> CORE::BYTES::UPDATES_OUT 3858390056
1461698043717	<INFO 7f2444ff9700> CORE::BYTES::UPDATES_OUT 2840265312
1461698043720	<INFO 7f2446ffd700> CORE::BYTES::UPDATES_OUT 2994160072
1461698043722	<INFO 7f2445ffb700> CORE::BYTES::UPDATES_IN 2829952592
1461698043725	<INFO 7f2444ff9700> CORE::BYTES::UPDATES_IN 2374087864
1461698043727	<INFO 7f243bfff700> CORE::BYTES::EDGES_STREAMED 8172910740
1461698043729	<INFO 7f2446ffd700> CORE::BYTES::UPDATES_IN 2250274872
1461698043732	<INFO 7f243b7fe700> CORE::BYTES::UPDATES_IN 3076357600
1461698043734	<INFO 7f243bfff700> CORE::BYTES::UPDATES_OUT 4735149424
1461698043736	<INFO 7f243bfff700> CORE::BYTES::UPDATES_IN 4303488008
1461698043739	<INFO 7f2447fff700> SLIPSTORE service is exiting
1461698043741	<INFO 7f2447fff700> SLIPSTORE::HELP_OFFERS_RECVD 98
1461698043744	<INFO 7f2447fff700> SLIPSTORE::HELP_OFFERS_ACCEPTED 0
1461698043746	<INFO 7f2447fff700> SLIPSTORE::HELP_ACCEPTANCE_RATIO 0
1461698043749	<INFO 7f2447fff700> SLIPSTORE::SERVER_BUSY_DISK  466.94 seconds
1461698043751	<INFO 7f2447fff700> SLIPSTORE::SERVER_BUSY_MEM  0 seconds
1461698043753	<INFO 7f2447fff700> SLIPSTORE::SERVER_TOTAL  1450 seconds
1461698043755	<INFO 7f42669e5740> SLIPSTORE::CLIENT::DISK_READ_TIME  489.868 seconds
1461698043758	<INFO 7f42669e5740> SLIPSTORE::CLIENT::MEM_READ_TIME  0 seconds
1461698043760	<INFO 7f42669e5740> SLIPSTORE::CLIENT::DISK_BYTES_READ 80113366768
1461698043763	<INFO 7f42669e5740> SLIPSTORE::CLIENT::MEM_BYTES_READ 0
1461698043765	<INFO 7f42669e5740> SLIPSTORE::CLIENT::WRITE_TIME  84.8059 seconds
1461698043767	<INFO 7f42669e5740> SLIPSTORE::CLIENT::BYTES_WRITTEN 11003683344
1461698043770	<INFO 7f42669e5740> SLIPSTORE::CLIENT_BUSY  574.671 seconds
1461698043772	<INFO 7f42669e5740> SLIPSTORE::IO::TIME 345.032 seconds
1461698043774	<INFO 7f42669e5740> SLIPSTORE::SNAP::TIME 0 seconds
1461698043777	<INFO 7f42669e5740> SLIPSTORE::MAX_DISK_USAGE_BYTES 11187773992
1461698044130	<INFO 7f42669e5740> CORE::RUSAGE::MAX_RSS_KB 125947116
1461698044133	<INFO 7f42669e5740> CORE::RUSAGE::MINFLT 34454448
1461698044135	<INFO 7f42669e5740> CORE::RUSAGE::MAJFLT 6
1461698044137	<INFO 7f42669e5740> CORE::RUSAGE::MAJFLT 6
1461698044140	<INFO 7f42669e5740> CORE::RUSAGE::INBLK 142944352
1461698044142	<INFO 7f42669e5740> CORE::RUSAGE::OUBLK 71951656
1461698044145	<INFO 7f42669e5740> CORE::UTILS::BYTES_READ 79744789904
1461698044147	<INFO 7f42669e5740> CORE::UTILS::BYTES_WRITTEN 36838268568
1461698044150	<INFO 7f42669e5740> CORE::UTILS::TILE_COPY_BYTES 6081643200
1461698044152	<INFO 7f42669e5740> CORE::TIME::IO_WAIT 387.449 seconds
1461698044154	<INFO 7f42669e5740> CORE::TIME_TILE_COPY 0 seconds
1461698044157	<INFO 7f42669e5740> CORE::TIME_TILE_MERGE 0 seconds
1461698044159	<INFO 7f42669e5740> CORE::TIME_PROCESSING_STOLEN 0 seconds
1461698044161	<INFO 7f42669e5740> CORE::TIME_MERGE_WAIT 0 seconds
1461698044164	<INFO 7f42669e5740> CORE::OTHER_TIME_ALL_MC_BARRIER 0 seconds
1461698044166	<INFO 7f42669e5740> CORE::SCATTER_TIME_ALL_MC_BARRIER 6.85965 seconds
1461698044168	<INFO 7f42669e5740> CORE::GATHER_TIME_ALL_MC_BARRIER 1.02289 seconds
1461698044171	<INFO 7f42669e5740> CORE::INIT_TIME_ALL_MC_BARRIER 1.47976 seconds
1461698044173	<INFO 7f42669e5740> CORE::SHUT_DOWN_TIME_ALL_MC_BARRIER 0.007185 seconds
1461698044176	<INFO 7f42669e5740> CORE::STREAM_SKIP_BEFORE_TIME_ALL_MC_BARRIER 39.6603 seconds
1461698044178	<INFO 7f42669e5740> CORE::TAKE_CHECKPOINT_BEFORE_TIME_ALL_MC_BARRIER 0 seconds
1461698044181	<INFO 7f42669e5740> CORE::TAKE_CHECKPOINT_COMPLETE_TIME_ALL_MC_BARRIER 0 seconds
1461698044183	<INFO 7f42669e5740> CORE::METADATA_WRITE_COMPLETE_TIME_ALL_MC_BARRIER 0 seconds
1461698044185	<INFO 7f42669e5740> CORE::STREAM_EOF_BEFORE_TIME_ALL_MC_BARRIER 0 seconds
1461698044188	<INFO 7f42669e5740> CORE::STREAM_EOF_AFTER_TIME_ALL_MC_BARRIER 0 seconds
1461698044190	<INFO 7f42669e5740> CORE::STATE_LOAD_TIME_ALL_MC_BARRIER 0 seconds
1461698044193	<INFO 7f42669e5740> CORE::STATE_STORE_TIME_ALL_MC_BARRIER 0 seconds
1461698044195	<INFO 7f42669e5740> CORE::PHASES 7
1461698044198	<INFO 7f42669e5740> CORE::TIME::SETUP 3.13409 seconds
1461698044201	<INFO 7f42669e5740> CORE::TIME::STATE_ITER 25.4974 seconds
1461698044203	<INFO 7f42669e5740> CORE::TIME::GATHER 998.727 seconds
1461698044205	<INFO 7f42669e5740> CORE::TIME::SCATTER 370.467 seconds
1461698044208	<INFO 7f42669e5740> CORE::TIME::WALL 1452.28 seconds
1461698044210	<INFO 7f42669e5740> SHUTDOWN
