1463829841623	<INFO 7f06ea72d780> 2016-05-21 13:24:01 STARTUP
1463829841625	<INFO 7f06ea72d780> CORE::GRAPH rmat-28-und_s8
1463829841628	<INFO 7f06ea72d780> CORE::ALGORITHM bfs
1463829841631	<INFO 7f06ea72d780> CORE::VERTEX_STRIPING ON
1463829841633	<INFO 7f06ea72d780> CORE::OPTIMIZED_STATE_LOAD_STORE OFF
1463829841636	<INFO 7f06ea72d780> CORE::BINARY_SEARCH_SUPER_PARTITION ON
1463829841639	<INFO 7f06ea72d780> CORE::SUPER_PARTITION_COMPUTED_FOR_EACH_SCATTER_GATHER_PHASE
1463829841641	<INFO 7f06ea72d780> CORE::EDGE_STRIPING ON
1463829841644	<INFO 7f06ea72d780> CORE::BATCH IO ON
1463829841646	<INFO 7f06ea72d780> CORE::GRID_PARTITIONING OFF
1463829841649	<INFO 7f06ea72d780> 2016-05-21 13:24:01 Blocking memory amount 126701535232
1463829949251	<INFO 7f06ea72d780> 2016-05-21 13:25:49 Done blocking memory
1463829949254	<INFO 7f06ea72d780> SG-DRIVER-ORIGINAL
1463829949256	<INFO 7f06ea72d780> 2016-05-21 13:25:49 START read config parameters
1463829949259	<INFO 7f06ea72d780> PARTITIONING::OLD 1
1463829949262	<INFO 7f06ea72d780> PARTITIONING::BALANCED_PARTITIONS 0
1463829949264	<INFO 7f06ea72d780> CORE::CONFIG::PROCESSORS 8
1463829949267	<INFO 7f06ea72d780> CORE::CONFIG::PHYSICAL_MEMORY 2147483648
1463829949269	<INFO 7f06ea72d780> CORE::CONFIG::VERTICES 268435456
1463829949272	<INFO 7f06ea72d780> CORE::CONFIG::VERTEX_SIZE 8
1463829949274	<INFO 7f06ea72d780> CORE::CONFIG::VERTEX_BUFFER 268435456
1463829949278	<INFO 7f06ea72d780> CORE::CONFIG::EDGES 1073741824
1463829949280	<INFO 7f06ea72d780> CORE::CONFIG::PARTITIONS 64
1463829949283	<INFO 7f06ea72d780> CORE::CONFIG::FANOUT 64
1463829949285	<INFO 7f06ea72d780> CORE::CONFIG::SUPER_PARTITIONS 8
1463829949288	<INFO 7f06ea72d780> CORE::CONFIG::MACHINE_ID 5
1463829949291	<INFO 7f06ea72d780> CORE::CONFIG::TILES 1
1463829949293	<INFO 7f06ea72d780> CORE::CONFIG::BUFFER_SIZE 375808512
1463829949296	<INFO 7f06ea72d780> CORE::CONFIG::MAX_BUFFERS 4
1463829949298	<INFO 7f06ea72d780> CORE::CONFIG::MAX_STREAMS 4
1463829949301	<INFO 7f06ea72d780> CORE::CONFIG::SUM_OF_OUT_DEGREES_FOR_NEW_PARTITIONS::FIRST_CONSTRAINT 33554432
1463829949304	<INFO 7f06ea72d780> CORE::CONFIG::MAX_EDGES_PER_NEW_PARTITION::SECOND_CONSTRAINT 134217728
1463829949306	<INFO 7f06ea72d780> SLIPSTREAM::EXT_MEM_SHUFFLE OFF
1463829949309	<INFO 7f06ea72d780> 2016-05-21 13:25:49 END read config parameters
1463829951009	<WARNING 7f06ea72d780> Unable to unlink file (stream.0.0.0):No such file or directory
1463829951012	<WARNING 7f06ea72d780> Unable to unlink file (stream.0.1.0):No such file or directory
1463829951015	<WARNING 7f06ea72d780> Unable to unlink file (stream.0.2.0):No such file or directory
1463829951018	<WARNING 7f06ea72d780> Unable to unlink file (stream.0.3.0):No such file or directory
1463829951021	<WARNING 7f06ea72d780> Unable to unlink file (stream.0.4.0):No such file or directory
1463829951023	<WARNING 7f06ea72d780> Unable to unlink file (stream.0.5.0):No such file or directory
1463829951026	<WARNING 7f06ea72d780> Unable to unlink file (stream.0.6.0):No such file or directory
1463829951028	<WARNING 7f06ea72d780> Unable to unlink file (stream.0.7.0):No such file or directory
1463829951031	<WARNING 7f06ea72d780> Unable to unlink file (stream.1.1.0):No such file or directory
1463829951034	<WARNING 7f06ea72d780> Unable to unlink file (stream.1.2.0):No such file or directory
1463829951036	<WARNING 7f06ea72d780> Unable to unlink file (stream.1.3.0):No such file or directory
1463829951039	<WARNING 7f06ea72d780> Unable to unlink file (stream.1.4.0):No such file or directory
1463829951043	<WARNING 7f06ea72d780> Unable to unlink file (stream.1.5.0):No such file or directory
1463829951046	<WARNING 7f06ea72d780> Unable to unlink file (stream.1.6.0):No such file or directory
1463829951049	<WARNING 7f06ea72d780> Unable to unlink file (stream.1.7.0):No such file or directory
1463829951051	<WARNING 7f06ea72d780> Unable to unlink file (stream.2.0.0):No such file or directory
1463829951054	<WARNING 7f06ea72d780> Unable to unlink file (stream.2.1.0):No such file or directory
1463829951056	<WARNING 7f06ea72d780> Unable to unlink file (stream.2.2.0):No such file or directory
1463829951059	<WARNING 7f06ea72d780> Unable to unlink file (stream.2.3.0):No such file or directory
1463829951061	<WARNING 7f06ea72d780> Unable to unlink file (stream.2.4.0):No such file or directory
1463829951064	<WARNING 7f06ea72d780> Unable to unlink file (stream.2.5.0):No such file or directory
1463829951070	<WARNING 7f06ea72d780> Unable to unlink file (stream.2.6.0):No such file or directory
1463829951072	<WARNING 7f06ea72d780> Unable to unlink file (stream.2.7.0):No such file or directory
1463829951075	<WARNING 7f06ea72d780> Unable to unlink file (stream.3.0.0):No such file or directory
1463829951077	<WARNING 7f06ea72d780> Unable to unlink file (stream.3.1.0):No such file or directory
1463829951079	<WARNING 7f06ea72d780> Unable to unlink file (stream.3.2.0):No such file or directory
1463829951082	<WARNING 7f06ea72d780> Unable to unlink file (stream.3.3.0):No such file or directory
1463829951085	<WARNING 7f06ea72d780> Unable to unlink file (stream.3.4.0):No such file or directory
1463829951087	<WARNING 7f06ea72d780> Unable to unlink file (stream.3.5.0):No such file or directory
1463829951090	<WARNING 7f06ea72d780> Unable to unlink file (stream.3.6.0):No such file or directory
1463829951092	<WARNING 7f06ea72d780> Unable to unlink file (stream.3.7.0):No such file or directory
1463829951094	<INFO 7f06ea72d780> SLIPSTORE::ZMQ_THREADS 2
1463829951097	<INFO 7f06ea72d780> SLIPSTORE::COMM Connecting to tcp://dco-node137-10g:5016
1463829951099	<INFO 7f06ea72d780> SLIPSTORE::COMM Connecting to tcp://dco-node138-10g:5034
1463829951102	<INFO 7f06ea72d780> SLIPSTORE::COMM Connecting to tcp://dco-node139-10g:5052
1463829951105	<INFO 7f06ea72d780> SLIPSTORE::COMM Connecting to tcp://dco-node140-10g:5070
1463829951107	<INFO 7f06ea72d780> SLIPSTORE::COMM Connecting to tcp://dco-node141-10g:5088
1463829951110	<INFO 7f06ea72d780> SLIPSTORE::COMM Connecting to tcp://dco-node142-10g:5106
1463829951112	<INFO 7f06ea72d780> SLIPSTORE::COMM Connecting to tcp://dco-node143-10g:5124
1463829951115	<INFO 7f06ea72d780> SLIPSTORE::COMM Connecting to tcp://dco-node144-10g:5142
1463829951118	<INFO 7f06ea72d780> SLIPSTORE::COMM Listening at tcp://p1p1:5098
1463829951121	<INFO 7f06ea72d780> SLIPSTORE::COMM Listening at tcp://p1p1:5099
1463829951123	<INFO 7f06ea72d780> SLIPSTORE::COMM Listening at tcp://p1p1:5100
1463829951126	<INFO 7f06ea72d780> SLIPSTORE::COMM Listening at tcp://p1p1:5101
1463829951129	<INFO 7f06ea72d780> SLIPSTORE::COMM Listening at tcp://p1p1:5102
1463829951131	<INFO 7f06ea72d780> SLIPSTORE::COMM Listening at ipc://client
1463829951134	<INFO 7f06ea72d780> SLIPSTORE::COMM Listening at tcp://p1p1:5104
1463829951136	<INFO 7f06ea72d780> SLIPSTORE::COMM Listening at tcp://p1p1:5105
1463829951139	<INFO 7f06ea72d780> SLIPSTORE::COMM Connecting to tcp://dco-node137-10g:5016
1463829951141	<INFO 7f06ea72d780> SLIPSTORE::COMM Connecting to tcp://dco-node138-10g:5034
1463829951143	<INFO 7f06ea72d780> SLIPSTORE::COMM Connecting to tcp://dco-node139-10g:5052
1463829951146	<INFO 7f06ea72d780> SLIPSTORE::COMM Connecting to tcp://dco-node140-10g:5070
1463829951148	<INFO 7f06ea72d780> SLIPSTORE::COMM Connecting to tcp://dco-node141-10g:5088
1463829951151	<INFO 7f06ea72d780> SLIPSTORE::COMM Connecting to tcp://dco-node142-10g:5106
1463829951153	<INFO 7f06ea72d780> SLIPSTORE::COMM Connecting to tcp://dco-node143-10g:5124
1463829951156	<INFO 7f06ea72d780> SLIPSTORE::COMM Connecting to tcp://dco-node144-10g:5142
1463829951159	<INFO 7f06ea72d780> SLIPSTORE::COMM Connecting to tcp://dco-node137-10g:5005
1463829951162	<INFO 7f06ea72d780> SLIPSTORE::COMM Connecting to tcp://dco-node138-10g:5023
1463829951164	<INFO 7f06ea72d780> SLIPSTORE::COMM Connecting to tcp://dco-node139-10g:5041
1463829951167	<INFO 7f06ea72d780> SLIPSTORE::COMM Connecting to tcp://dco-node140-10g:5059
1463829951170	<INFO 7f06ea72d780> SLIPSTORE::COMM Connecting to tcp://dco-node141-10g:5077
1463829951172	<INFO 7f06ea72d780> SLIPSTORE::COMM Connecting to ipc://server
1463829951175	<INFO 7f06ea72d780> SLIPSTORE::COMM Connecting to tcp://dco-node143-10g:5113
1463829951177	<INFO 7f06ea72d780> SLIPSTORE::COMM Connecting to tcp://dco-node144-10g:5131
1463829951180	<INFO 7f06ea72d780> SLIPSTORE::COMM Connecting to tcp://dco-node143-10g:5125
1463829951183	<INFO 7f06ea72d780> SLIPSTORE::COMM Listening at tcp://p1p1:5107
1463829951185	<INFO 7f06ea72d780> SLIPSTORE::COMM Connecting to tcp://dco-node142-10g:5106
1463829951188	<INFO 7f06ea72d780> SLIPSTORE::HELP_POLICY HEURISTIC_NEW
1463829951190	<INFO 7f06ea72d780> SLIPSTORE::SERVER ASYNC
1463829951193	<INFO 7f06ea72d780> SLIPSTORE::MACHINES 8
1463829951195	<INFO 7f06ea72d780> SLIPSTORE::ME 5
1463829951198	<INFO 7f06ea72d780> SLIPSTORE::SLIPCHUNK 4194304
1463829951200	<INFO 7f06ea72d780> SLIPSTORE::QUOTA 18446744073709551615
1463829951203	<INFO 7f06ea72d780> SLIPSTORE::IO PAGECACHE
1463829951205	<INFO 7ee8d53f5700> SLIPSTORE::COMM Listening at tcp://p1p1:5106
1463829951208	<INFO 7ee8d53f5700> SLIPSTORE::COMM Listening at tcp://p1p1:5090
1463829951210	<INFO 7ee8d53f5700> SLIPSTORE::COMM Connecting to tcp://dco-node137-10g:5013
1463829951213	<INFO 7ee8d53f5700> SLIPSTORE::COMM Listening at tcp://p1p1:5091
1463829951215	<INFO 7ee8d53f5700> SLIPSTORE::COMM Connecting to tcp://dco-node138-10g:5031
1463829951218	<INFO 7ee8d53f5700> SLIPSTORE::COMM Listening at tcp://p1p1:5092
1463829951220	<INFO 7ee8d53f5700> SLIPSTORE::COMM Connecting to tcp://dco-node139-10g:5049
1463829951223	<INFO 7ee8d53f5700> SLIPSTORE::COMM Listening at tcp://p1p1:5093
1463829951225	<INFO 7ee8d53f5700> SLIPSTORE::COMM Connecting to tcp://dco-node140-10g:5067
1463829951228	<INFO 7ee8d53f5700> SLIPSTORE::COMM Listening at tcp://p1p1:5094
1463829951230	<INFO 7ee8d53f5700> SLIPSTORE::COMM Connecting to tcp://dco-node141-10g:5085
1463829951233	<INFO 7ee8d53f5700> SLIPSTORE::COMM Listening at ipc://server
1463829951235	<INFO 7ee8d53f5700> SLIPSTORE::COMM Connecting to ipc://client
1463829951238	<INFO 7ee8d53f5700> SLIPSTORE::COMM Listening at tcp://p1p1:5096
1463829951241	<INFO 7ee8d53f5700> SLIPSTORE::COMM Connecting to tcp://dco-node143-10g:5121
1463829951243	<INFO 7ee8d53f5700> SLIPSTORE::COMM Listening at tcp://p1p1:5097
1463829951246	<INFO 7ee8d53f5700> SLIPSTORE::COMM Connecting to tcp://dco-node144-10g:5139
1463829952246	<INFO 7f06ea72d780> SLIPSTORE::CHECKPOINTS NONE FOUND
1463829952248	<INFO 7f06ea72d780> 2016-05-21 13:25:52 Start edge split
1463830112307	<INFO 7f06ea72d780> 2016-05-21 13:28:32 Completed init
1463830113518	<INFO 7f06ea72d780> 2016-05-21 13:28:33 Started gather
1463830115886	<INFO 7f06ea72d780> 2016-05-21 13:28:35 Completed gather
1463830115986	<INFO 7f06ea72d780> 2016-05-21 13:28:35 Started scatter
1463830140683	<INFO 7f06ea72d780> 2016-05-21 13:29:00 Completed scatter
1463830140744	<INFO 7f06ea72d780> 2016-05-21 13:29:00 Started helping 0
1463830180350	<INFO 7f06ea72d780> 2016-05-21 13:29:40 Completed helping 0
1463830180542	<INFO 7f06ea72d780> 2016-05-21 13:29:40 Completed phase 1 Bytes read 26279117272 Bytes written 13264398832
1463830180561	<INFO 7f06ea72d780> 2016-05-21 13:29:40 Started gather
1463830182905	<INFO 7f06ea72d780> 2016-05-21 13:29:42 Completed gather
1463830183089	<INFO 7f06ea72d780> 2016-05-21 13:29:43 Started scatter
1463830215466	<INFO 7f06ea72d780> 2016-05-21 13:30:15 Completed scatter
1463830216091	<INFO 7f06ea72d780> 2016-05-21 13:30:16 Started helping 0
1463830285917	<INFO 7f06ea72d780> 2016-05-21 13:31:25 Completed helping 0
1463830286073	<INFO 7f06ea72d780> 2016-05-21 13:31:26 Started helping 2
1463830289606	<INFO 7f06ea72d780> 2016-05-21 13:31:29 Completed helping 2
1463830289937	<INFO 7f06ea72d780> 2016-05-21 13:31:29 Completed phase 2 Bytes read 39845505992 Bytes written 18210145824
1463830289958	<INFO 7f06ea72d780> 2016-05-21 13:31:29 Started gather
1463830304875	<INFO 7f06ea72d780> 2016-05-21 13:31:44 Completed gather
1463830304885	<INFO 7f06ea72d780> 2016-05-21 13:31:44 Started helping 0
1463830318571	<INFO 7f06ea72d780> 2016-05-21 13:31:58 Completed helping 0
1463830327186	<INFO 7f06ea72d780> 2016-05-21 13:32:07 Started scatter
1463830363676	<INFO 7f06ea72d780> 2016-05-21 13:32:43 Completed scatter
1463830363876	<INFO 7f06ea72d780> 2016-05-21 13:32:43 Started helping 0
1463830420150	<INFO 7f06ea72d780> 2016-05-21 13:33:40 Completed helping 0
1463830420598	<INFO 7f06ea72d780> 2016-05-21 13:33:40 Started helping 1
1463830425327	<INFO 7f06ea72d780> 2016-05-21 13:33:45 Completed helping 1
1463830426343	<INFO 7f06ea72d780> 2016-05-21 13:33:46 Completed phase 3 Bytes read 58219022800 Bytes written 22264966264
1463830426364	<INFO 7f06ea72d780> 2016-05-21 13:33:46 Started gather
1463830439794	<INFO 7f06ea72d780> 2016-05-21 13:33:59 Completed gather
1463830439870	<INFO 7f06ea72d780> 2016-05-21 13:33:59 Started helping 0
1463830449979	<INFO 7f06ea72d780> 2016-05-21 13:34:09 Completed helping 0
1463830457905	<INFO 7f06ea72d780> 2016-05-21 13:34:17 Started scatter
1463830481830	<INFO 7f06ea72d780> 2016-05-21 13:34:41 Completed scatter
1463830481897	<INFO 7f06ea72d780> 2016-05-21 13:34:41 Started helping 0
1463830521095	<INFO 7f06ea72d780> 2016-05-21 13:35:21 Completed helping 0
1463830521623	<INFO 7f06ea72d780> 2016-05-21 13:35:21 Completed phase 4 Bytes read 75533840896 Bytes written 22554156080
1463830521643	<INFO 7f06ea72d780> 2016-05-21 13:35:21 Started gather
1463830523986	<INFO 7f06ea72d780> 2016-05-21 13:35:23 Completed gather
1463830524337	<INFO 7f06ea72d780> 2016-05-21 13:35:24 Started scatter
1463830549257	<INFO 7f06ea72d780> 2016-05-21 13:35:49 Completed scatter
1463830549435	<INFO 7f06ea72d780> 2016-05-21 13:35:49 Started helping 0
1463830588162	<INFO 7f06ea72d780> 2016-05-21 13:36:28 Completed helping 0
1463830588682	<INFO 7f06ea72d780> 2016-05-21 13:36:28 Completed phase 5 Bytes read 88948810640 Bytes written 22822644232
1463830588702	<INFO 7f06ea72d780> 2016-05-21 13:36:28 Started gather
1463830591040	<INFO 7f06ea72d780> 2016-05-21 13:36:31 Completed gather
1463830591185	<INFO 7f06ea72d780> 2016-05-21 13:36:31 Started scatter
1463830615944	<INFO 7f06ea72d780> 2016-05-21 13:36:55 Completed scatter
1463830615990	<INFO 7f06ea72d780> 2016-05-21 13:36:55 Started helping 0
1463830654427	<INFO 7f06ea72d780> 2016-05-21 13:37:34 Completed helping 0
1463830654680	<INFO 7f06ea72d780> 2016-05-21 13:37:34 Completed phase 6 Bytes read 102343078720 Bytes written 23091079840
1463830654702	<INFO 7f06ea72d780> 2016-05-21 13:37:34 Started gather
1463830657053	<INFO 7f06ea72d780> 2016-05-21 13:37:37 Completed gather
1463830657201	<INFO 7f06ea72d780> 2016-05-21 13:37:37 Started scatter
1463830681585	<INFO 7f06ea72d780> 2016-05-21 13:38:01 Completed scatter
1463830681588	<INFO 7f06ea72d780> 2016-05-21 13:38:01 Started helping 0
1463830720434	<INFO 7f06ea72d780> 2016-05-21 13:38:40 Completed helping 0
1463830720727	<INFO 7f06ea72d780> 2016-05-21 13:38:40 Completed phase 7 Bytes read 115737294256 Bytes written 23359515296
1463830720730	<INFO 7f06ea72d780> ALGORITHM::BFS::VERTICES_DISCOVERED 12684314
1463830720732	<INFO 7f06ea72d780> ALGORITHM::BFS::EDGES_EXPLORED 959885247
1463830720735	<INFO 7f06ea72d780> CORE::PARTITIONS_PROCESSED 82
1463830720737	<INFO 7f06ea72d780> CORE::BYTES::EDGES_STREAMED 8830664748
1463830720740	<INFO 7f06ea72d780> CORE::BYTES::UPDATES_OUT 855845296
1463830720742	<INFO 7f06ea72d780> CORE::BYTES::UPDATES_IN 787743080
1463830720745	<INFO 7ee8c3fff700> CORE::PARTITIONS_PROCESSED 165
1463830720748	<INFO 7ee8c27fc700> CORE::PARTITIONS_PROCESSED 157
1463830720750	<INFO 7ee8c1ffb700> CORE::PARTITIONS_PROCESSED 199
1463830720753	<INFO 7ee8c37fe700> CORE::PARTITIONS_PROCESSED 160
1463830720755	<INFO 7ee8c17fa700> CORE::PARTITIONS_PROCESSED 199
1463830720758	<INFO 7ee8c0ff9700> CORE::PARTITIONS_PROCESSED 243
1463830720760	<INFO 7ee8c2ffd700> CORE::PARTITIONS_PROCESSED 220
1463830720763	<INFO 7ee8c27fc700> CORE::BYTES::EDGES_STREAMED 9379258320
1463830720765	<INFO 7ee8c2ffd700> CORE::BYTES::EDGES_STREAMED 9469164792
1463830720768	<INFO 7ee8c3fff700> CORE::BYTES::EDGES_STREAMED 8789098668
1463830720771	<INFO 7ee8c2ffd700> CORE::BYTES::UPDATES_OUT 941575848
1463830720773	<INFO 7ee8c37fe700> CORE::BYTES::EDGES_STREAMED 8292606144
1463830720776	<INFO 7ee8c27fc700> CORE::BYTES::UPDATES_OUT 935371392
1463830720778	<INFO 7ee8c3fff700> CORE::BYTES::UPDATES_OUT 845296440
1463830720781	<INFO 7ee8c3fff700> CORE::BYTES::UPDATES_IN 713274368
1463830720783	<INFO 7ee8c0ff9700> CORE::BYTES::EDGES_STREAMED 16678138992
1463830720786	<INFO 7ee8c1ffb700> CORE::BYTES::EDGES_STREAMED 8986230240
1463830720788	<INFO 7ee8c2ffd700> CORE::BYTES::UPDATES_IN 801660648
1463830720791	<INFO 7ee8c37fe700> CORE::BYTES::UPDATES_OUT 789949992
1463830720796	<INFO 7ee8c0ff9700> CORE::BYTES::UPDATES_OUT 1534967760
1463830720799	<INFO 7ee8c0ff9700> CORE::BYTES::UPDATES_IN 1361805224
1463830720801	<INFO 7ee8c37fe700> CORE::BYTES::UPDATES_IN 558033336
1463830720804	<INFO 7ee8c1ffb700> CORE::BYTES::UPDATES_OUT 821344552
1463830720807	<INFO 7ee8c27fc700> CORE::BYTES::UPDATES_IN 733427344
1463830720809	<INFO 7ee8c1ffb700> CORE::BYTES::UPDATES_IN 765086976
1463830720812	<INFO 7ee8c17fa700> CORE::BYTES::EDGES_STREAMED 9384014928
1463830720814	<INFO 7ee8c17fa700> CORE::BYTES::UPDATES_OUT 954730696
1463830720817	<INFO 7ee8c17fa700> CORE::BYTES::UPDATES_IN 668404368
1463830720820	<INFO 7ee8d53f5700> SLIPSTORE service is exiting
1463830720822	<INFO 7ee8d53f5700> SLIPSTORE::HELP_OFFERS_RECVD 98
1463830720825	<INFO 7ee8d53f5700> SLIPSTORE::HELP_OFFERS_ACCEPTED 0
1463830720828	<INFO 7ee8d53f5700> SLIPSTORE::HELP_ACCEPTANCE_RATIO 0
1463830720830	<INFO 7ee8d53f5700> SLIPSTORE::SERVER_BUSY_DISK  718.059 seconds
1463830720833	<INFO 7ee8d53f5700> SLIPSTORE::SERVER_BUSY_MEM  0.664161 seconds
1463830720836	<INFO 7ee8d53f5700> SLIPSTORE::SERVER_TOTAL  769.685 seconds
1463830720838	<INFO 7f06ea72d780> SLIPSTORE::CLIENT::DISK_READ_TIME  587.371 seconds
1463830720841	<INFO 7f06ea72d780> SLIPSTORE::CLIENT::MEM_READ_TIME  0 seconds
1463830720843	<INFO 7f06ea72d780> SLIPSTORE::CLIENT::DISK_BYTES_READ 105731485964
1463830720847	<INFO 7f06ea72d780> SLIPSTORE::CLIENT::MEM_BYTES_READ 0
1463830720850	<INFO 7f06ea72d780> SLIPSTORE::CLIENT::WRITE_TIME  155.768 seconds
1463830720853	<INFO 7f06ea72d780> SLIPSTORE::CLIENT::BYTES_WRITTEN 2147483648
1463830720856	<INFO 7f06ea72d780> SLIPSTORE::CLIENT_BUSY  743.139 seconds
1463830720858	<INFO 7f06ea72d780> SLIPSTORE::IO::TIME 532.672 seconds
1463830720861	<INFO 7f06ea72d780> SLIPSTORE::SNAP::TIME 0 seconds
1463830720863	<INFO 7f06ea72d780> SLIPSTORE::MAX_DISK_USAGE_BYTES 17668873736
1463830720866	<INFO 7f06ea72d780> CORE::RUSAGE::MAX_RSS_KB 125942584
1463830720869	<INFO 7f06ea72d780> CORE::RUSAGE::MINFLT 64398894
1463830720871	<INFO 7f06ea72d780> CORE::RUSAGE::MAJFLT 3
1463830720874	<INFO 7f06ea72d780> CORE::RUSAGE::MAJFLT 3
1463830720876	<INFO 7f06ea72d780> CORE::RUSAGE::INBLK 212183424
1463830720879	<INFO 7f06ea72d780> CORE::RUSAGE::OUBLK 45632576
1463830720881	<INFO 7f06ea72d780> CORE::UTILS::BYTES_READ 115737294256
1463830720884	<INFO 7f06ea72d780> CORE::UTILS::BYTES_WRITTEN 23359515296
1463830720886	<INFO 7f06ea72d780> CORE::UTILS::TILE_COPY_BYTES 6710886400
1463830720889	<INFO 7f06ea72d780> CORE::TIME::IO_WAIT 654.8 seconds
1463830720891	<INFO 7f06ea72d780> CORE::TIME_TILE_COPY 60.7412 seconds
1463830720894	<INFO 7f06ea72d780> CORE::TIME_TILE_MERGE 0 seconds
1463830720896	<INFO 7f06ea72d780> CORE::TIME_PROCESSING_STOLEN 288.407 seconds
1463830720899	<INFO 7f06ea72d780> CORE::TIME_MERGE_WAIT 3.8167 seconds
1463830720902	<INFO 7f06ea72d780> CORE::OTHER_TIME_ALL_MC_BARRIER 0 seconds
1463830720904	<INFO 7f06ea72d780> CORE::SCATTER_TIME_ALL_MC_BARRIER 2.5279 seconds
1463830720907	<INFO 7f06ea72d780> CORE::GATHER_TIME_ALL_MC_BARRIER 0.015763 seconds
1463830720909	<INFO 7f06ea72d780> CORE::INIT_TIME_ALL_MC_BARRIER 2.23772 seconds
1463830720912	<INFO 7f06ea72d780> CORE::SHUT_DOWN_TIME_ALL_MC_BARRIER 0.004635 seconds
1463830720915	<INFO 7f06ea72d780> CORE::STREAM_SKIP_BEFORE_TIME_ALL_MC_BARRIER 0.119306 seconds
1463830720917	<INFO 7f06ea72d780> CORE::TAKE_CHECKPOINT_BEFORE_TIME_ALL_MC_BARRIER 0 seconds
1463830720920	<INFO 7f06ea72d780> CORE::TAKE_CHECKPOINT_COMPLETE_TIME_ALL_MC_BARRIER 0 seconds
1463830720922	<INFO 7f06ea72d780> CORE::METADATA_WRITE_COMPLETE_TIME_ALL_MC_BARRIER 0 seconds
1463830720925	<INFO 7f06ea72d780> CORE::STREAM_EOF_BEFORE_TIME_ALL_MC_BARRIER 0 seconds
1463830720927	<INFO 7f06ea72d780> CORE::STREAM_EOF_AFTER_TIME_ALL_MC_BARRIER 0 seconds
1463830720930	<INFO 7f06ea72d780> CORE::STATE_LOAD_TIME_ALL_MC_BARRIER 0 seconds
1463830720933	<INFO 7f06ea72d780> CORE::STATE_STORE_TIME_ALL_MC_BARRIER 0 seconds
1463830720936	<INFO 7f06ea72d780> CORE::WORK_STEALING_COST_GATHER 23.7977 seconds
1463830720939	<INFO 7f06ea72d780> CORE::WORK_STEALING_COST_SCATTER 329.172 seconds
1463830720941	<INFO 7f06ea72d780> CORE::WORK_STEALING_COST_GATHER_COPY_VERTEX_STATE 6.32668 seconds
1463830720944	<INFO 7f06ea72d780> CORE::WORK_STEALING_COST_SCATTER_COPY_VERTEX_STATE 54.4146 seconds
1463830720947	<INFO 7f06ea72d780> CORE::WORK_STEALING_COST_GATHER_PROCESSING 13.6528 seconds
1463830720949	<INFO 7f06ea72d780> CORE::WORK_STEALING_COST_SCATTER_PROCESSING 274.754 seconds
1463830720952	<INFO 7f06ea72d780> CORE::WORK_STEALING_COST_GATHER_MERGE 3.8167 seconds
1463830720955	<INFO 7f06ea72d780> CORE::PHASES 7
1463830720957	<INFO 7f06ea72d780> CORE::TIME::SETUP 3.0019 seconds
1463830720960	<INFO 7f06ea72d780> CORE::TIME::INIT_PARTITIONS_TIME 160.061 seconds
1463830720962	<INFO 7f06ea72d780> CORE::TIME::STATE_ITER 1.11082 seconds
1463830720965	<INFO 7f06ea72d780> CORE::TIME::GATHER 81.5109 seconds
1463830720967	<INFO 7f06ea72d780> CORE::TIME::SCATTER 525.54 seconds
1463830720970	<INFO 7f06ea72d780> CORE::TIME::WALL 771.487 seconds
1463830720972	<INFO 7f06ea72d780> SHUTDOWN
