1456756330748	<INFO 7ff9a6ff6740> 2016-02-29 15:32:10 STARTUP
1456756330752	<INFO 7ff9a6ff6740> CORE::GRAPH rmat-28-und_s8
1456756330756	<INFO 7ff9a6ff6740> CORE::ALGORITHM bfs
1456756330760	<INFO 7ff9a6ff6740> CORE::VERTEX_STRIPING ON
1456756330764	<INFO 7ff9a6ff6740> 2016-02-29 15:32:10 Blocking memory amount 120259084288
1456756434897	<INFO 7ff9a6ff6740> 2016-02-29 15:33:54 Done blocking memory
1456756434901	<INFO 7ff9a6ff6740> SG-DRIVER-ORIGINAL
1456756434905	<INFO 7ff9a6ff6740> CORE::CONFIG::PROCESSORS 8
1456756434909	<INFO 7ff9a6ff6740> CORE::CONFIG::PHYSICAL_MEMORY 209715200
1456756434912	<INFO 7ff9a6ff6740> CORE::CONFIG::VERTICES 268435456
1456756434916	<INFO 7ff9a6ff6740> CORE::CONFIG::VERTEX_SIZE 8
1456756434920	<INFO 7ff9a6ff6740> CORE::CONFIG::VERTEX_BUFFER 134217728
1456756434924	<INFO 7ff9a6ff6740> CORE::CONFIG::EDGES 1073741824
1456756434928	<INFO 7ff9a6ff6740> CORE::CONFIG::PARTITIONS 256
1456756434931	<INFO 7ff9a6ff6740> CORE::CONFIG::FANOUT 256
1456756434935	<INFO 7ff9a6ff6740> CORE::CONFIG::SUPER_PARTITIONS 16
1456756434939	<INFO 7ff9a6ff6740> CORE::CONFIG::TILES 1
1456756434943	<INFO 7ff9a6ff6740> CORE::CONFIG::BUFFER_SIZE 15095603
1456756434947	<INFO 7ff9a6ff6740> CORE::CONFIG::MAX_BUFFERS 4
1456756434951	<INFO 7ff9a6ff6740> CORE::CONFIG::MAX_STREAMS 4
1456756434954	<INFO 7ff9a6ff6740> SLIPSTREAM::EXT_MEM_SHUFFLE OFF
1456756435077	<WARNING 7ff9a6ff6740> Unable to unlink file (stream.0.0.0):No such file or directory
1456756435081	<WARNING 7ff9a6ff6740> Unable to unlink file (stream.0.1.0):No such file or directory
1456756435085	<WARNING 7ff9a6ff6740> Unable to unlink file (stream.0.2.0):No such file or directory
1456756435089	<WARNING 7ff9a6ff6740> Unable to unlink file (stream.0.3.0):No such file or directory
1456756435092	<WARNING 7ff9a6ff6740> Unable to unlink file (stream.0.4.0):No such file or directory
1456756435097	<WARNING 7ff9a6ff6740> Unable to unlink file (stream.0.5.0):No such file or directory
1456756435101	<WARNING 7ff9a6ff6740> Unable to unlink file (stream.0.6.0):No such file or directory
1456756435105	<WARNING 7ff9a6ff6740> Unable to unlink file (stream.0.7.0):No such file or directory
1456756435109	<WARNING 7ff9a6ff6740> Unable to unlink file (stream.0.8.0):No such file or directory
1456756435114	<WARNING 7ff9a6ff6740> Unable to unlink file (stream.0.9.0):No such file or directory
1456756435118	<WARNING 7ff9a6ff6740> Unable to unlink file (stream.0.10.0):No such file or directory
1456756435122	<WARNING 7ff9a6ff6740> Unable to unlink file (stream.0.11.0):No such file or directory
1456756435126	<WARNING 7ff9a6ff6740> Unable to unlink file (stream.0.12.0):No such file or directory
1456756435130	<WARNING 7ff9a6ff6740> Unable to unlink file (stream.0.13.0):No such file or directory
1456756435135	<WARNING 7ff9a6ff6740> Unable to unlink file (stream.0.14.0):No such file or directory
1456756435139	<WARNING 7ff9a6ff6740> Unable to unlink file (stream.0.15.0):No such file or directory
1456756435144	<WARNING 7ff9a6ff6740> Unable to unlink file (stream.1.1.0):No such file or directory
1456756435148	<WARNING 7ff9a6ff6740> Unable to unlink file (stream.1.2.0):No such file or directory
1456756435152	<WARNING 7ff9a6ff6740> Unable to unlink file (stream.1.3.0):No such file or directory
1456756435156	<WARNING 7ff9a6ff6740> Unable to unlink file (stream.1.4.0):No such file or directory
1456756435160	<WARNING 7ff9a6ff6740> Unable to unlink file (stream.1.5.0):No such file or directory
1456756435165	<WARNING 7ff9a6ff6740> Unable to unlink file (stream.1.6.0):No such file or directory
1456756435169	<WARNING 7ff9a6ff6740> Unable to unlink file (stream.1.7.0):No such file or directory
1456756435173	<WARNING 7ff9a6ff6740> Unable to unlink file (stream.1.8.0):No such file or directory
1456756435177	<WARNING 7ff9a6ff6740> Unable to unlink file (stream.1.9.0):No such file or directory
1456756435181	<WARNING 7ff9a6ff6740> Unable to unlink file (stream.1.10.0):No such file or directory
1456756435185	<WARNING 7ff9a6ff6740> Unable to unlink file (stream.1.11.0):No such file or directory
1456756435189	<WARNING 7ff9a6ff6740> Unable to unlink file (stream.1.12.0):No such file or directory
1456756435193	<WARNING 7ff9a6ff6740> Unable to unlink file (stream.1.13.0):No such file or directory
1456756435197	<WARNING 7ff9a6ff6740> Unable to unlink file (stream.1.14.0):No such file or directory
1456756435201	<WARNING 7ff9a6ff6740> Unable to unlink file (stream.1.15.0):No such file or directory
1456756435206	<WARNING 7ff9a6ff6740> Unable to unlink file (stream.2.0.0):No such file or directory
1456756435210	<WARNING 7ff9a6ff6740> Unable to unlink file (stream.2.1.0):No such file or directory
1456756435213	<WARNING 7ff9a6ff6740> Unable to unlink file (stream.2.2.0):No such file or directory
1456756435218	<WARNING 7ff9a6ff6740> Unable to unlink file (stream.2.3.0):No such file or directory
1456756435221	<WARNING 7ff9a6ff6740> Unable to unlink file (stream.2.4.0):No such file or directory
1456756435225	<WARNING 7ff9a6ff6740> Unable to unlink file (stream.2.5.0):No such file or directory
1456756435229	<WARNING 7ff9a6ff6740> Unable to unlink file (stream.2.6.0):No such file or directory
1456756435234	<WARNING 7ff9a6ff6740> Unable to unlink file (stream.2.7.0):No such file or directory
1456756435238	<WARNING 7ff9a6ff6740> Unable to unlink file (stream.2.8.0):No such file or directory
1456756435242	<WARNING 7ff9a6ff6740> Unable to unlink file (stream.2.9.0):No such file or directory
1456756435246	<WARNING 7ff9a6ff6740> Unable to unlink file (stream.2.10.0):No such file or directory
1456756435250	<WARNING 7ff9a6ff6740> Unable to unlink file (stream.2.11.0):No such file or directory
1456756435254	<WARNING 7ff9a6ff6740> Unable to unlink file (stream.2.12.0):No such file or directory
1456756435259	<WARNING 7ff9a6ff6740> Unable to unlink file (stream.2.13.0):No such file or directory
1456756435263	<WARNING 7ff9a6ff6740> Unable to unlink file (stream.2.14.0):No such file or directory
1456756435266	<WARNING 7ff9a6ff6740> Unable to unlink file (stream.2.15.0):No such file or directory
1456756435271	<WARNING 7ff9a6ff6740> Unable to unlink file (stream.3.0.0):No such file or directory
1456756435275	<WARNING 7ff9a6ff6740> Unable to unlink file (stream.3.1.0):No such file or directory
1456756435279	<WARNING 7ff9a6ff6740> Unable to unlink file (stream.3.2.0):No such file or directory
1456756435283	<WARNING 7ff9a6ff6740> Unable to unlink file (stream.3.3.0):No such file or directory
1456756435287	<WARNING 7ff9a6ff6740> Unable to unlink file (stream.3.4.0):No such file or directory
1456756435291	<WARNING 7ff9a6ff6740> Unable to unlink file (stream.3.5.0):No such file or directory
1456756435296	<WARNING 7ff9a6ff6740> Unable to unlink file (stream.3.6.0):No such file or directory
1456756435300	<WARNING 7ff9a6ff6740> Unable to unlink file (stream.3.7.0):No such file or directory
1456756435305	<WARNING 7ff9a6ff6740> Unable to unlink file (stream.3.8.0):No such file or directory
1456756435309	<WARNING 7ff9a6ff6740> Unable to unlink file (stream.3.9.0):No such file or directory
1456756435314	<WARNING 7ff9a6ff6740> Unable to unlink file (stream.3.10.0):No such file or directory
1456756435318	<WARNING 7ff9a6ff6740> Unable to unlink file (stream.3.11.0):No such file or directory
1456756435322	<WARNING 7ff9a6ff6740> Unable to unlink file (stream.3.12.0):No such file or directory
1456756435327	<WARNING 7ff9a6ff6740> Unable to unlink file (stream.3.13.0):No such file or directory
1456756435332	<WARNING 7ff9a6ff6740> Unable to unlink file (stream.3.14.0):No such file or directory
1456756435337	<WARNING 7ff9a6ff6740> Unable to unlink file (stream.3.15.0):No such file or directory
1456756435341	<INFO 7ff9a6ff6740> SLIPSTORE::ZMQ_THREADS 2
1456756435346	<INFO 7ff9a6ff6740> SLIPSTORE::COMM Connecting to tcp://dco-node137-10g:5016
1456756435351	<INFO 7ff9a6ff6740> SLIPSTORE::COMM Connecting to tcp://dco-node138-10g:5034
1456756435355	<INFO 7ff9a6ff6740> SLIPSTORE::COMM Connecting to tcp://dco-node139-10g:5052
1456756435360	<INFO 7ff9a6ff6740> SLIPSTORE::COMM Connecting to tcp://dco-node140-10g:5070
1456756435365	<INFO 7ff9a6ff6740> SLIPSTORE::COMM Connecting to tcp://dco-node141-10g:5088
1456756435369	<INFO 7ff9a6ff6740> SLIPSTORE::COMM Connecting to tcp://dco-node142-10g:5106
1456756435374	<INFO 7ff9a6ff6740> SLIPSTORE::COMM Connecting to tcp://dco-node143-10g:5124
1456756435377	<INFO 7ff9a6ff6740> SLIPSTORE::COMM Connecting to tcp://dco-node144-10g:5142
1456756435382	<INFO 7ff9a6ff6740> SLIPSTORE::COMM Listening at tcp://ens1f0:5134
1456756435386	<INFO 7ff9a6ff6740> SLIPSTORE::COMM Listening at tcp://ens1f0:5135
1456756435389	<INFO 7ff9a6ff6740> SLIPSTORE::COMM Listening at tcp://ens1f0:5136
1456756435394	<INFO 7ff9a6ff6740> SLIPSTORE::COMM Listening at tcp://ens1f0:5137
1456756435398	<INFO 7ff9a6ff6740> SLIPSTORE::COMM Listening at tcp://ens1f0:5138
1456756435401	<INFO 7ff9a6ff6740> SLIPSTORE::COMM Listening at tcp://ens1f0:5139
1456756435407	<INFO 7ff9a6ff6740> SLIPSTORE::COMM Listening at tcp://ens1f0:5140
1456756435411	<INFO 7ff9a6ff6740> SLIPSTORE::COMM Listening at ipc://client
1456756435414	<INFO 7ff9a6ff6740> SLIPSTORE::COMM Connecting to tcp://dco-node137-10g:5016
1456756435418	<INFO 7ff9a6ff6740> SLIPSTORE::COMM Connecting to tcp://dco-node138-10g:5034
1456756435421	<INFO 7ff9a6ff6740> SLIPSTORE::COMM Connecting to tcp://dco-node139-10g:5052
1456756435427	<INFO 7ff9a6ff6740> SLIPSTORE::COMM Connecting to tcp://dco-node140-10g:5070
1456756435431	<INFO 7ff9a6ff6740> SLIPSTORE::COMM Connecting to tcp://dco-node141-10g:5088
1456756435434	<INFO 7ff9a6ff6740> SLIPSTORE::COMM Connecting to tcp://dco-node142-10g:5106
1456756435441	<INFO 7ff9a6ff6740> SLIPSTORE::COMM Connecting to tcp://dco-node143-10g:5124
1456756435445	<INFO 7ff9a6ff6740> SLIPSTORE::COMM Connecting to tcp://dco-node144-10g:5142
1456756435450	<INFO 7ff9a6ff6740> SLIPSTORE::COMM Connecting to tcp://dco-node137-10g:5007
1456756435454	<INFO 7ff9a6ff6740> SLIPSTORE::COMM Connecting to tcp://dco-node138-10g:5025
1456756435457	<INFO 7ff9a6ff6740> SLIPSTORE::COMM Connecting to tcp://dco-node139-10g:5043
1456756435462	<INFO 7ff9a6ff6740> SLIPSTORE::COMM Connecting to tcp://dco-node140-10g:5061
1456756435467	<INFO 7ff9a6ff6740> SLIPSTORE::COMM Connecting to tcp://dco-node141-10g:5079
1456756435470	<INFO 7ff9a6ff6740> SLIPSTORE::COMM Connecting to tcp://dco-node142-10g:5097
1456756435474	<INFO 7ff9a6ff6740> SLIPSTORE::COMM Connecting to tcp://dco-node143-10g:5115
1456756435479	<INFO 7ff9a6ff6740> SLIPSTORE::COMM Connecting to ipc://server
1456756435482	<INFO 7ff9a6ff6740> SLIPSTORE::COMM Connecting to tcp://dco-node137-10g:5017
1456756435486	<INFO 7ff9a6ff6740> SLIPSTORE::COMM Listening at tcp://ens1f0:5143
1456756435490	<INFO 7ff9a6ff6740> SLIPSTORE::COMM Connecting to tcp://dco-node144-10g:5142
1456756435494	<INFO 7ff9a6ff6740> SLIPSTORE::HELP_POLICY HEURISTIC_NEW
1456756435498	<INFO 7ff9a6ff6740> SLIPSTORE::SERVER SYNC
1456756435502	<INFO 7ff9a6ff6740> SLIPSTORE::MACHINES 8
1456756435507	<INFO 7ff9a6ff6740> SLIPSTORE::ME 7
1456756435510	<INFO 7ff9a6ff6740> SLIPSTORE::SLIPCHUNK 4194304
1456756435514	<INFO 7ff9a6ff6740> SLIPSTORE::QUOTA 18446744073709551615
1456756435518	<INFO 7ff9a6ff6740> SLIPSTORE::IO PAGECACHE
1456756435522	<INFO 7fdd86ffd700> SLIPSTORE::COMM Listening at tcp://ens1f0:5142
1456756435526	<INFO 7fdd86ffd700> SLIPSTORE::COMM Listening at tcp://ens1f0:5126
1456756435530	<INFO 7fdd86ffd700> SLIPSTORE::COMM Connecting to tcp://dco-node137-10g:5015
1456756435534	<INFO 7fdd86ffd700> SLIPSTORE::COMM Listening at tcp://ens1f0:5127
1456756435537	<INFO 7fdd86ffd700> SLIPSTORE::COMM Connecting to tcp://dco-node138-10g:5033
1456756435541	<INFO 7fdd86ffd700> SLIPSTORE::COMM Listening at tcp://ens1f0:5128
1456756435545	<INFO 7fdd86ffd700> SLIPSTORE::COMM Connecting to tcp://dco-node139-10g:5051
1456756435548	<INFO 7fdd86ffd700> SLIPSTORE::COMM Listening at tcp://ens1f0:5129
1456756435552	<INFO 7fdd86ffd700> SLIPSTORE::COMM Connecting to tcp://dco-node140-10g:5069
1456756435556	<INFO 7fdd86ffd700> SLIPSTORE::COMM Listening at tcp://ens1f0:5130
1456756435559	<INFO 7fdd86ffd700> SLIPSTORE::COMM Connecting to tcp://dco-node141-10g:5087
1456756435564	<INFO 7fdd86ffd700> SLIPSTORE::COMM Listening at tcp://ens1f0:5131
1456756435567	<INFO 7fdd86ffd700> SLIPSTORE::COMM Connecting to tcp://dco-node142-10g:5105
1456756435570	<INFO 7fdd86ffd700> SLIPSTORE::COMM Listening at tcp://ens1f0:5132
1456756435574	<INFO 7fdd86ffd700> SLIPSTORE::COMM Connecting to tcp://dco-node143-10g:5123
1456756435576	<INFO 7fdd86ffd700> SLIPSTORE::COMM Listening at ipc://server
1456756435580	<INFO 7fdd86ffd700> SLIPSTORE::COMM Connecting to ipc://client
1456756435583	<INFO 7ff9a6ff6740> SLIPSTORE::CHECKPOINTS NONE FOUND
1456756870863	<INFO 7ff9a6ff6740> 2016-02-29 15:41:10 Completed init
1456756870981	<INFO 7fdd86ffd700> trunc() stream.0.1.0
1456756870984	<INFO 7fdd86ffd700> trunc() ok stream.0.1.0
1456756870986	<INFO 7fdd86ffd700> trunc() stream.0.2.0
1456756870988	<INFO 7fdd86ffd700> trunc() ok stream.0.2.0
1456756870991	<INFO 7fdd86ffd700> trunc() stream.0.5.0
1456756870993	<INFO 7fdd86ffd700> trunc() ok stream.0.5.0
1456756870995	<INFO 7fdd86ffd700> trunc() stream.0.4.0
1456756870997	<INFO 7fdd86ffd700> trunc() ok stream.0.4.0
1456756871000	<INFO 7fdd86ffd700> trunc() stream.0.3.0
1456756871002	<INFO 7fdd86ffd700> trunc() ok stream.0.3.0
1456756871029	<INFO 7fdd86ffd700> trunc() stream.0.7.0
1456756871032	<INFO 7fdd86ffd700> trunc() ok stream.0.7.0
1456756871034	<INFO 7fdd86ffd700> trunc() stream.0.6.0
1456756871037	<INFO 7fdd86ffd700> trunc() ok stream.0.6.0
1456756871043	<INFO 7fdd86ffd700> trunc() stream.0.0.0
1456756871045	<INFO 7fdd86ffd700> trunc() ok stream.0.0.0
1456756871564	<INFO 7fdd86ffd700> trunc() stream.0.9.0
1456756871568	<INFO 7fdd86ffd700> trunc() ok stream.0.9.0
1456756871571	<INFO 7fdd86ffd700> trunc() stream.0.12.0
1456756871573	<INFO 7fdd86ffd700> trunc() ok stream.0.12.0
1456756871580	<INFO 7fdd86ffd700> trunc() stream.0.13.0
1456756871582	<INFO 7fdd86ffd700> trunc() ok stream.0.13.0
1456756871633	<INFO 7fdd86ffd700> trunc() stream.0.10.0
1456756871635	<INFO 7fdd86ffd700> trunc() ok stream.0.10.0
1456756871662	<INFO 7fdd86ffd700> trunc() stream.0.11.0
1456756871665	<INFO 7fdd86ffd700> trunc() ok stream.0.11.0
1456756871668	<INFO 7fdd86ffd700> trunc() stream.0.8.0
1456756871670	<INFO 7fdd86ffd700> trunc() ok stream.0.8.0
1456756871708	<INFO 7fdd86ffd700> trunc() stream.0.15.0
1456756871711	<INFO 7fdd86ffd700> trunc() ok stream.0.15.0
1456756871715	<INFO 7fdd86ffd700> trunc() stream.0.14.0
1456756871718	<INFO 7fdd86ffd700> trunc() ok stream.0.14.0
1456756872756	<INFO 7fdd86ffd700> trunc() stream.0.1.0
1456756872765	<INFO 7fdd86ffd700> trunc() ok stream.0.1.0
1456756872770	<INFO 7fdd86ffd700> trunc() stream.0.3.0
1456756872777	<INFO 7fdd86ffd700> trunc() ok stream.0.3.0
1456756872788	<INFO 7fdd86ffd700> trunc() stream.0.5.0
1456756872796	<INFO 7fdd86ffd700> trunc() ok stream.0.5.0
1456756873134	<INFO 7fdd86ffd700> trunc() stream.0.2.0
1456756873142	<INFO 7fdd86ffd700> trunc() ok stream.0.2.0
1456756873144	<INFO 7fdd86ffd700> trunc() stream.0.7.0
1456756873151	<INFO 7fdd86ffd700> trunc() ok stream.0.7.0
1456756873153	<INFO 7fdd86ffd700> trunc() stream.0.6.0
1456756873160	<INFO 7fdd86ffd700> trunc() ok stream.0.6.0
1456756873171	<INFO 7fdd86ffd700> trunc() stream.0.4.0
1456756873180	<INFO 7fdd86ffd700> trunc() ok stream.0.4.0
1456756873313	<INFO 7fdd86ffd700> trunc() stream.0.0.0
1456756873322	<INFO 7fdd86ffd700> trunc() ok stream.0.0.0
1456756873852	<INFO 7fdd867fc700> reset  3 0 0
1456756873854	<INFO 7fdd867fc700> trunc() stream.3.0.0
1456756873857	<INFO 7fdd867fc700> trunc() ok stream.3.0.0
1456756873859	<INFO 7fdd867fc700> done reset  3 0 0
1456756873862	<INFO 7fdd867fc700> reset  3 1 0
1456756873864	<INFO 7fdd867fc700> trunc() stream.3.1.0
1456756873867	<INFO 7fdd867fc700> trunc() ok stream.3.1.0
1456756873869	<INFO 7fdd867fc700> done reset  3 1 0
1456756873872	<INFO 7fdd867fc700> reset  3 2 0
1456756873874	<INFO 7fdd867fc700> trunc() stream.3.2.0
1456756873877	<INFO 7fdd867fc700> trunc() ok stream.3.2.0
1456756873879	<INFO 7fdd867fc700> done reset  3 2 0
1456756873881	<INFO 7fdd867fc700> reset  3 3 0
1456756873884	<INFO 7fdd867fc700> trunc() stream.3.3.0
1456756873886	<INFO 7fdd867fc700> trunc() ok stream.3.3.0
1456756873888	<INFO 7fdd867fc700> done reset  3 3 0
1456756873891	<INFO 7fdd867fc700> reset  3 4 0
1456756873893	<INFO 7fdd867fc700> trunc() stream.3.4.0
1456756873896	<INFO 7fdd867fc700> trunc() ok stream.3.4.0
1456756873898	<INFO 7fdd867fc700> done reset  3 4 0
1456756873901	<INFO 7fdd867fc700> reset  3 5 0
1456756873903	<INFO 7fdd867fc700> trunc() stream.3.5.0
1456756873905	<INFO 7fdd867fc700> trunc() ok stream.3.5.0
1456756873908	<INFO 7fdd867fc700> done reset  3 5 0
1456756873910	<INFO 7fdd867fc700> reset  3 6 0
1456756873913	<INFO 7fdd867fc700> trunc() stream.3.6.0
1456756873915	<INFO 7fdd867fc700> trunc() ok stream.3.6.0
1456756873918	<INFO 7fdd867fc700> done reset  3 6 0
1456756873921	<INFO 7fdd867fc700> reset  3 7 0
1456756873925	<INFO 7fdd867fc700> trunc() stream.3.7.0
1456756873930	<INFO 7fdd867fc700> trunc() ok stream.3.7.0
1456756873932	<INFO 7fdd867fc700> done reset  3 7 0
1456756873935	<INFO 7fdd867fc700> reset  3 8 0
1456756873937	<INFO 7fdd867fc700> trunc() stream.3.8.0
1456756873940	<INFO 7fdd867fc700> trunc() ok stream.3.8.0
1456756873942	<INFO 7fdd867fc700> done reset  3 8 0
1456756873946	<INFO 7fdd867fc700> reset  3 9 0
1456756873949	<INFO 7fdd867fc700> trunc() stream.3.9.0
1456756873951	<INFO 7fdd867fc700> trunc() ok stream.3.9.0
1456756873953	<INFO 7fdd867fc700> done reset  3 9 0
1456756873956	<INFO 7fdd867fc700> reset  3 10 0
1456756873958	<INFO 7fdd867fc700> trunc() stream.3.10.0
1456756873960	<INFO 7fdd867fc700> trunc() ok stream.3.10.0
1456756873963	<INFO 7fdd867fc700> done reset  3 10 0
1456756873965	<INFO 7fdd867fc700> reset  3 11 0
1456756873968	<INFO 7fdd867fc700> trunc() stream.3.11.0
1456756873970	<INFO 7fdd867fc700> trunc() ok stream.3.11.0
1456756873972	<INFO 7fdd867fc700> done reset  3 11 0
1456756873975	<INFO 7fdd867fc700> reset  3 12 0
1456756873979	<INFO 7fdd867fc700> trunc() stream.3.12.0
1456756873982	<INFO 7fdd867fc700> trunc() ok stream.3.12.0
1456756873984	<INFO 7fdd867fc700> done reset  3 12 0
1456756873986	<INFO 7fdd867fc700> reset  3 13 0
1456756873992	<INFO 7fdd867fc700> trunc() stream.3.13.0
1456756873995	<INFO 7fdd867fc700> trunc() ok stream.3.13.0
1456756873997	<INFO 7fdd867fc700> done reset  3 13 0
1456756873999	<INFO 7fdd867fc700> reset  3 14 0
1456756874002	<INFO 7fdd867fc700> trunc() stream.3.14.0
1456756874004	<INFO 7fdd867fc700> trunc() ok stream.3.14.0
1456756874007	<INFO 7fdd867fc700> done reset  3 14 0
1456756874009	<INFO 7fdd867fc700> reset  3 15 0
1456756874013	<INFO 7fdd867fc700> trunc() stream.3.15.0
1456756874016	<INFO 7fdd867fc700> trunc() ok stream.3.15.0
1456756874019	<INFO 7fdd867fc700> done reset  3 15 0
1456757010679	<INFO 7ff9a6ff6740> 2016-02-29 15:43:30 Completed phase 1 Bytes read 26827700160 Bytes written 13242086664
1456757011109	<INFO 7fdd86ffd700> trunc() stream.0.7.0
1456757011116	<INFO 7fdd86ffd700> trunc() ok stream.0.7.0
1456757011118	<INFO 7fdd86ffd700> trunc() stream.0.5.0
1456757011123	<INFO 7fdd86ffd700> trunc() ok stream.0.5.0
1456757011126	<INFO 7fdd86ffd700> trunc() stream.0.3.0
1456757011131	<INFO 7fdd86ffd700> trunc() ok stream.0.3.0
1456757011133	<INFO 7fdd86ffd700> trunc() stream.0.1.0
1456757011138	<INFO 7fdd86ffd700> trunc() ok stream.0.1.0
1456757011140	<INFO 7fdd86ffd700> trunc() stream.0.6.0
1456757011145	<INFO 7fdd86ffd700> trunc() ok stream.0.6.0
1456757011148	<INFO 7fdd86ffd700> trunc() stream.0.4.0
1456757011152	<INFO 7fdd86ffd700> trunc() ok stream.0.4.0
1456757011158	<INFO 7fdd86ffd700> trunc() stream.0.2.0
1456757011165	<INFO 7fdd86ffd700> trunc() ok stream.0.2.0
1456757011356	<INFO 7fdd86ffd700> trunc() stream.0.0.0
1456757011363	<INFO 7fdd86ffd700> trunc() ok stream.0.0.0
1456757011806	<INFO 7fdd867fc700> reset  3 0 0
1456757011810	<INFO 7fdd867fc700> trunc() stream.3.0.0
1456757011812	<INFO 7fdd867fc700> trunc() ok stream.3.0.0
1456757011815	<INFO 7fdd867fc700> done reset  3 0 0
1456757011819	<INFO 7fdd867fc700> reset  3 1 0
1456757011821	<INFO 7fdd867fc700> trunc() stream.3.1.0
1456757011825	<INFO 7fdd867fc700> trunc() ok stream.3.1.0
1456757011827	<INFO 7fdd867fc700> done reset  3 1 0
1456757011830	<INFO 7fdd867fc700> reset  3 2 0
1456757011832	<INFO 7fdd867fc700> trunc() stream.3.2.0
1456757011835	<INFO 7fdd867fc700> trunc() ok stream.3.2.0
1456757011838	<INFO 7fdd867fc700> done reset  3 2 0
1456757011840	<INFO 7fdd867fc700> reset  3 3 0
1456757011843	<INFO 7fdd867fc700> trunc() stream.3.3.0
1456757011845	<INFO 7fdd867fc700> trunc() ok stream.3.3.0
1456757011847	<INFO 7fdd867fc700> done reset  3 3 0
1456757011850	<INFO 7fdd867fc700> reset  3 4 0
1456757011853	<INFO 7fdd867fc700> trunc() stream.3.4.0
1456757011855	<INFO 7fdd867fc700> trunc() ok stream.3.4.0
1456757011858	<INFO 7fdd867fc700> done reset  3 4 0
1456757011860	<INFO 7fdd867fc700> reset  3 5 0
1456757011862	<INFO 7fdd867fc700> trunc() stream.3.5.0
1456757011865	<INFO 7fdd867fc700> trunc() ok stream.3.5.0
1456757011867	<INFO 7fdd867fc700> done reset  3 5 0
1456757011870	<INFO 7fdd867fc700> reset  3 6 0
1456757011872	<INFO 7fdd867fc700> trunc() stream.3.6.0
1456757011875	<INFO 7fdd867fc700> trunc() ok stream.3.6.0
1456757011877	<INFO 7fdd867fc700> done reset  3 6 0
1456757011879	<INFO 7fdd867fc700> reset  3 7 0
1456757011882	<INFO 7fdd867fc700> trunc() stream.3.7.0
1456757011885	<INFO 7fdd867fc700> trunc() ok stream.3.7.0
1456757011887	<INFO 7fdd867fc700> done reset  3 7 0
1456757011889	<INFO 7fdd867fc700> reset  3 8 0
1456757011892	<INFO 7fdd867fc700> trunc() stream.3.8.0
1456757011894	<INFO 7fdd867fc700> trunc() ok stream.3.8.0
1456757011897	<INFO 7fdd867fc700> done reset  3 8 0
1456757011900	<INFO 7fdd867fc700> reset  3 9 0
1456757011905	<INFO 7fdd867fc700> trunc() stream.3.9.0
1456757011908	<INFO 7fdd867fc700> trunc() ok stream.3.9.0
1456757011911	<INFO 7fdd867fc700> done reset  3 9 0
1456757011914	<INFO 7fdd867fc700> reset  3 10 0
1456757011916	<INFO 7fdd867fc700> trunc() stream.3.10.0
1456757011919	<INFO 7fdd867fc700> trunc() ok stream.3.10.0
1456757011921	<INFO 7fdd867fc700> done reset  3 10 0
1456757011924	<INFO 7fdd867fc700> reset  3 11 0
1456757011926	<INFO 7fdd867fc700> trunc() stream.3.11.0
1456757011928	<INFO 7fdd867fc700> trunc() ok stream.3.11.0
1456757011932	<INFO 7fdd867fc700> done reset  3 11 0
1456757011934	<INFO 7fdd867fc700> reset  3 12 0
1456757011937	<INFO 7fdd867fc700> trunc() stream.3.12.0
1456757011941	<INFO 7fdd867fc700> trunc() ok stream.3.12.0
1456757011944	<INFO 7fdd867fc700> done reset  3 12 0
1456757011946	<INFO 7fdd867fc700> reset  3 13 0
1456757011950	<INFO 7fdd867fc700> trunc() stream.3.13.0
1456757011952	<INFO 7fdd867fc700> trunc() ok stream.3.13.0
1456757011955	<INFO 7fdd867fc700> done reset  3 13 0
1456757011958	<INFO 7fdd867fc700> reset  3 14 0
1456757011961	<INFO 7fdd867fc700> trunc() stream.3.14.0
1456757011964	<INFO 7fdd867fc700> trunc() ok stream.3.14.0
1456757011966	<INFO 7fdd867fc700> done reset  3 14 0
1456757011969	<INFO 7fdd867fc700> reset  3 15 0
1456757011974	<INFO 7fdd867fc700> trunc() stream.3.15.0
1456757011977	<INFO 7fdd867fc700> trunc() ok stream.3.15.0
1456757011979	<INFO 7fdd867fc700> done reset  3 15 0
1456757304800	<INFO 7ff9a6ff6740> 2016-02-29 15:48:24 Completed phase 2 Bytes read 40907672032 Bytes written 17239711104
1456757307724	<INFO 7fdd86ffd700> trunc() stream.0.7.0
1456757307734	<INFO 7fdd86ffd700> trunc() ok stream.0.7.0
1456757311664	<INFO 7fdd86ffd700> trunc() stream.0.3.0
1456757311668	<INFO 7fdd86ffd700> trunc() ok stream.0.3.0
1456757311850	<INFO 7fdd86ffd700> trunc() stream.0.5.0
1456757311856	<INFO 7fdd86ffd700> trunc() ok stream.0.5.0
1456757311859	<INFO 7fdd86ffd700> trunc() stream.0.6.0
1456757311862	<INFO 7fdd86ffd700> trunc() ok stream.0.6.0
1456757324638	<INFO 7fdd86ffd700> trunc() stream.0.4.0
1456757324640	<INFO 7fdd86ffd700> trunc() ok stream.0.4.0
1456757324669	<INFO 7fdd86ffd700> trunc() stream.0.1.0
1456757324676	<INFO 7fdd86ffd700> trunc() ok stream.0.1.0
1456757324892	<INFO 7fdd86ffd700> trunc() stream.0.2.0
1456757324900	<INFO 7fdd86ffd700> trunc() ok stream.0.2.0
1456757326673	<INFO 7fdd86ffd700> trunc() stream.0.0.0
1456757326680	<INFO 7fdd86ffd700> trunc() ok stream.0.0.0
