1456758378484	<INFO 7fdcc6588740> 2016-02-29 16:06:18 STARTUP
1456758378487	<INFO 7fdcc6588740> CORE::GRAPH rmat-28-und_s8
1456758378491	<INFO 7fdcc6588740> CORE::ALGORITHM bfs
1456758378495	<INFO 7fdcc6588740> CORE::VERTEX_STRIPING ON
1456758378498	<INFO 7fdcc6588740> 2016-02-29 16:06:18 Blocking memory amount 120259084288
1456758480621	<INFO 7fdcc6588740> 2016-02-29 16:08:00 Done blocking memory
1456758480625	<INFO 7fdcc6588740> SG-DRIVER-ORIGINAL
1456758480629	<INFO 7fdcc6588740> CORE::CONFIG::PROCESSORS 8
1456758480633	<INFO 7fdcc6588740> CORE::CONFIG::PHYSICAL_MEMORY 209715200
1456758480637	<INFO 7fdcc6588740> CORE::CONFIG::VERTICES 268435456
1456758480641	<INFO 7fdcc6588740> CORE::CONFIG::VERTEX_SIZE 8
1456758480644	<INFO 7fdcc6588740> CORE::CONFIG::VERTEX_BUFFER 134217728
1456758480648	<INFO 7fdcc6588740> CORE::CONFIG::EDGES 1073741824
1456758480652	<INFO 7fdcc6588740> CORE::CONFIG::PARTITIONS 256
1456758480656	<INFO 7fdcc6588740> CORE::CONFIG::FANOUT 256
1456758480660	<INFO 7fdcc6588740> CORE::CONFIG::SUPER_PARTITIONS 16
1456758480664	<INFO 7fdcc6588740> CORE::CONFIG::TILES 1
1456758480667	<INFO 7fdcc6588740> CORE::CONFIG::BUFFER_SIZE 15095603
1456758480671	<INFO 7fdcc6588740> CORE::CONFIG::MAX_BUFFERS 4
1456758480675	<INFO 7fdcc6588740> CORE::CONFIG::MAX_STREAMS 4
1456758480679	<INFO 7fdcc6588740> SLIPSTREAM::EXT_MEM_SHUFFLE OFF
1456758480798	<WARNING 7fdcc6588740> Unable to unlink file (stream.0.0.0):No such file or directory
1456758480802	<WARNING 7fdcc6588740> Unable to unlink file (stream.0.1.0):No such file or directory
1456758480806	<WARNING 7fdcc6588740> Unable to unlink file (stream.0.2.0):No such file or directory
1456758480811	<WARNING 7fdcc6588740> Unable to unlink file (stream.0.3.0):No such file or directory
1456758480815	<WARNING 7fdcc6588740> Unable to unlink file (stream.0.4.0):No such file or directory
1456758480820	<WARNING 7fdcc6588740> Unable to unlink file (stream.0.5.0):No such file or directory
1456758480824	<WARNING 7fdcc6588740> Unable to unlink file (stream.0.6.0):No such file or directory
1456758480828	<WARNING 7fdcc6588740> Unable to unlink file (stream.0.7.0):No such file or directory
1456758480831	<WARNING 7fdcc6588740> Unable to unlink file (stream.0.8.0):No such file or directory
1456758480835	<WARNING 7fdcc6588740> Unable to unlink file (stream.0.9.0):No such file or directory
1456758480839	<WARNING 7fdcc6588740> Unable to unlink file (stream.0.10.0):No such file or directory
1456758480842	<WARNING 7fdcc6588740> Unable to unlink file (stream.0.11.0):No such file or directory
1456758480846	<WARNING 7fdcc6588740> Unable to unlink file (stream.0.12.0):No such file or directory
1456758480851	<WARNING 7fdcc6588740> Unable to unlink file (stream.0.13.0):No such file or directory
1456758480854	<WARNING 7fdcc6588740> Unable to unlink file (stream.0.14.0):No such file or directory
1456758480858	<WARNING 7fdcc6588740> Unable to unlink file (stream.0.15.0):No such file or directory
1456758480862	<WARNING 7fdcc6588740> Unable to unlink file (stream.1.1.0):No such file or directory
1456758480866	<WARNING 7fdcc6588740> Unable to unlink file (stream.1.2.0):No such file or directory
1456758480869	<WARNING 7fdcc6588740> Unable to unlink file (stream.1.3.0):No such file or directory
1456758480872	<WARNING 7fdcc6588740> Unable to unlink file (stream.1.4.0):No such file or directory
1456758480877	<WARNING 7fdcc6588740> Unable to unlink file (stream.1.5.0):No such file or directory
1456758480880	<WARNING 7fdcc6588740> Unable to unlink file (stream.1.6.0):No such file or directory
1456758480884	<WARNING 7fdcc6588740> Unable to unlink file (stream.1.7.0):No such file or directory
1456758480888	<WARNING 7fdcc6588740> Unable to unlink file (stream.1.8.0):No such file or directory
1456758480891	<WARNING 7fdcc6588740> Unable to unlink file (stream.1.9.0):No such file or directory
1456758480895	<WARNING 7fdcc6588740> Unable to unlink file (stream.1.10.0):No such file or directory
1456758480899	<WARNING 7fdcc6588740> Unable to unlink file (stream.1.11.0):No such file or directory
1456758480902	<WARNING 7fdcc6588740> Unable to unlink file (stream.1.12.0):No such file or directory
1456758480905	<WARNING 7fdcc6588740> Unable to unlink file (stream.1.13.0):No such file or directory
1456758480909	<WARNING 7fdcc6588740> Unable to unlink file (stream.1.14.0):No such file or directory
1456758480913	<WARNING 7fdcc6588740> Unable to unlink file (stream.1.15.0):No such file or directory
1456758480916	<WARNING 7fdcc6588740> Unable to unlink file (stream.2.0.0):No such file or directory
1456758480919	<WARNING 7fdcc6588740> Unable to unlink file (stream.2.1.0):No such file or directory
1456758480922	<WARNING 7fdcc6588740> Unable to unlink file (stream.2.2.0):No such file or directory
1456758480925	<WARNING 7fdcc6588740> Unable to unlink file (stream.2.3.0):No such file or directory
1456758480929	<WARNING 7fdcc6588740> Unable to unlink file (stream.2.4.0):No such file or directory
1456758480932	<WARNING 7fdcc6588740> Unable to unlink file (stream.2.5.0):No such file or directory
1456758480936	<WARNING 7fdcc6588740> Unable to unlink file (stream.2.6.0):No such file or directory
1456758480940	<WARNING 7fdcc6588740> Unable to unlink file (stream.2.7.0):No such file or directory
1456758480943	<WARNING 7fdcc6588740> Unable to unlink file (stream.2.8.0):No such file or directory
1456758480946	<WARNING 7fdcc6588740> Unable to unlink file (stream.2.9.0):No such file or directory
1456758480949	<WARNING 7fdcc6588740> Unable to unlink file (stream.2.10.0):No such file or directory
1456758480953	<WARNING 7fdcc6588740> Unable to unlink file (stream.2.11.0):No such file or directory
1456758480955	<WARNING 7fdcc6588740> Unable to unlink file (stream.2.12.0):No such file or directory
1456758480958	<WARNING 7fdcc6588740> Unable to unlink file (stream.2.13.0):No such file or directory
1456758480961	<WARNING 7fdcc6588740> Unable to unlink file (stream.2.14.0):No such file or directory
1456758480964	<WARNING 7fdcc6588740> Unable to unlink file (stream.2.15.0):No such file or directory
1456758480968	<WARNING 7fdcc6588740> Unable to unlink file (stream.3.0.0):No such file or directory
1456758480972	<WARNING 7fdcc6588740> Unable to unlink file (stream.3.1.0):No such file or directory
1456758480976	<WARNING 7fdcc6588740> Unable to unlink file (stream.3.2.0):No such file or directory
1456758480980	<WARNING 7fdcc6588740> Unable to unlink file (stream.3.3.0):No such file or directory
1456758480983	<WARNING 7fdcc6588740> Unable to unlink file (stream.3.4.0):No such file or directory
1456758480986	<WARNING 7fdcc6588740> Unable to unlink file (stream.3.5.0):No such file or directory
1456758480990	<WARNING 7fdcc6588740> Unable to unlink file (stream.3.6.0):No such file or directory
1456758480993	<WARNING 7fdcc6588740> Unable to unlink file (stream.3.7.0):No such file or directory
1456758480995	<WARNING 7fdcc6588740> Unable to unlink file (stream.3.8.0):No such file or directory
1456758480998	<WARNING 7fdcc6588740> Unable to unlink file (stream.3.9.0):No such file or directory
1456758481001	<WARNING 7fdcc6588740> Unable to unlink file (stream.3.10.0):No such file or directory
1456758481003	<WARNING 7fdcc6588740> Unable to unlink file (stream.3.11.0):No such file or directory
1456758481007	<WARNING 7fdcc6588740> Unable to unlink file (stream.3.12.0):No such file or directory
1456758481010	<WARNING 7fdcc6588740> Unable to unlink file (stream.3.13.0):No such file or directory
1456758481012	<WARNING 7fdcc6588740> Unable to unlink file (stream.3.14.0):No such file or directory
1456758481015	<WARNING 7fdcc6588740> Unable to unlink file (stream.3.15.0):No such file or directory
1456758481017	<INFO 7fdcc6588740> SLIPSTORE::ZMQ_THREADS 2
1456758481020	<INFO 7fdcc6588740> SLIPSTORE::COMM Connecting to tcp://dco-node137-10g:5016
1456758481022	<INFO 7fdcc6588740> SLIPSTORE::COMM Connecting to tcp://dco-node138-10g:5034
1456758481025	<INFO 7fdcc6588740> SLIPSTORE::COMM Connecting to tcp://dco-node139-10g:5052
1456758481028	<INFO 7fdcc6588740> SLIPSTORE::COMM Connecting to tcp://dco-node140-10g:5070
1456758481030	<INFO 7fdcc6588740> SLIPSTORE::COMM Connecting to tcp://dco-node141-10g:5088
1456758481033	<INFO 7fdcc6588740> SLIPSTORE::COMM Connecting to tcp://dco-node142-10g:5106
1456758481036	<INFO 7fdcc6588740> SLIPSTORE::COMM Connecting to tcp://dco-node143-10g:5124
1456758481039	<INFO 7fdcc6588740> SLIPSTORE::COMM Connecting to tcp://dco-node144-10g:5142
1456758481042	<INFO 7fdcc6588740> SLIPSTORE::COMM Listening at ipc://client
1456758481045	<INFO 7fdcc6588740> SLIPSTORE::COMM Listening at tcp://ens1f0:5009
1456758481048	<INFO 7fdcc6588740> SLIPSTORE::COMM Listening at tcp://ens1f0:5010
1456758481050	<INFO 7fdcc6588740> SLIPSTORE::COMM Listening at tcp://ens1f0:5011
1456758481054	<INFO 7fdcc6588740> SLIPSTORE::COMM Listening at tcp://ens1f0:5012
1456758481057	<INFO 7fdcc6588740> SLIPSTORE::COMM Listening at tcp://ens1f0:5013
1456758481059	<INFO 7fdcc6588740> SLIPSTORE::COMM Listening at tcp://ens1f0:5014
1456758481062	<INFO 7fdcc6588740> SLIPSTORE::COMM Listening at tcp://ens1f0:5015
1456758481065	<INFO 7fdcc6588740> SLIPSTORE::COMM Connecting to tcp://dco-node137-10g:5016
1456758481068	<INFO 7fdcc6588740> SLIPSTORE::COMM Connecting to tcp://dco-node138-10g:5034
1456758481071	<INFO 7fdcc6588740> SLIPSTORE::COMM Connecting to tcp://dco-node139-10g:5052
1456758481075	<INFO 7fdcc6588740> SLIPSTORE::COMM Connecting to tcp://dco-node140-10g:5070
1456758481078	<INFO 7fdcc6588740> SLIPSTORE::COMM Connecting to tcp://dco-node141-10g:5088
1456758481081	<INFO 7fdcc6588740> SLIPSTORE::COMM Connecting to tcp://dco-node142-10g:5106
1456758481085	<INFO 7fdcc6588740> SLIPSTORE::COMM Connecting to tcp://dco-node143-10g:5124
1456758481088	<INFO 7fdcc6588740> SLIPSTORE::COMM Connecting to tcp://dco-node144-10g:5142
1456758481091	<INFO 7fdcc6588740> SLIPSTORE::COMM Connecting to ipc://server
1456758481094	<INFO 7fdcc6588740> SLIPSTORE::COMM Connecting to tcp://dco-node138-10g:5018
1456758481097	<INFO 7fdcc6588740> SLIPSTORE::COMM Connecting to tcp://dco-node139-10g:5036
1456758481099	<INFO 7fdcc6588740> SLIPSTORE::COMM Connecting to tcp://dco-node140-10g:5054
1456758481102	<INFO 7fdcc6588740> SLIPSTORE::COMM Connecting to tcp://dco-node141-10g:5072
1456758481105	<INFO 7fdcc6588740> SLIPSTORE::COMM Connecting to tcp://dco-node142-10g:5090
1456758481109	<INFO 7fdcc6588740> SLIPSTORE::COMM Connecting to tcp://dco-node143-10g:5108
1456758481112	<INFO 7fdcc6588740> SLIPSTORE::COMM Connecting to tcp://dco-node144-10g:5126
1456758481116	<INFO 7fdcc6588740> SLIPSTORE::COMM Connecting to tcp://dco-node138-10g:5035
1456758481120	<INFO 7fdcc6588740> SLIPSTORE::COMM Listening at tcp://ens1f0:5017
1456758481124	<INFO 7fdcc6588740> SLIPSTORE::COMM Connecting to tcp://dco-node137-10g:5016
1456758481127	<INFO 7fdcc6588740> SLIPSTORE::HELP_POLICY NONE
1456758481130	<INFO 7fdcc6588740> SLIPSTORE::SERVER SYNC
1456758481133	<INFO 7fdcc6588740> SLIPSTORE::MACHINES 8
1456758481136	<INFO 7fdcc6588740> SLIPSTORE::ME 0
1456758481138	<INFO 7fdcc6588740> SLIPSTORE::SLIPCHUNK 4194304
1456758481141	<INFO 7fdcc6588740> SLIPSTORE::QUOTA 18446744073709551615
1456758481143	<INFO 7fdcc6588740> SLIPSTORE::IO PAGECACHE
1456758481146	<INFO 7fc0adffb700> SLIPSTORE::COMM Listening at tcp://ens1f0:5016
1456758481150	<INFO 7fc0adffb700> SLIPSTORE::COMM Listening at ipc://server
1456758481155	<INFO 7fc0adffb700> SLIPSTORE::COMM Connecting to ipc://client
1456758481158	<INFO 7fc0adffb700> SLIPSTORE::COMM Listening at tcp://ens1f0:5001
1456758481162	<INFO 7fc0adffb700> SLIPSTORE::COMM Connecting to tcp://dco-node138-10g:5026
1456758481164	<INFO 7fc0adffb700> SLIPSTORE::COMM Listening at tcp://ens1f0:5002
1456758481167	<INFO 7fc0adffb700> SLIPSTORE::COMM Connecting to tcp://dco-node139-10g:5044
1456758481170	<INFO 7fc0adffb700> SLIPSTORE::COMM Listening at tcp://ens1f0:5003
1456758481172	<INFO 7fc0adffb700> SLIPSTORE::COMM Connecting to tcp://dco-node140-10g:5062
1456758481174	<INFO 7fc0adffb700> SLIPSTORE::COMM Listening at tcp://ens1f0:5004
1456758481177	<INFO 7fc0adffb700> SLIPSTORE::COMM Connecting to tcp://dco-node141-10g:5080
1456758481179	<INFO 7fc0adffb700> SLIPSTORE::COMM Listening at tcp://ens1f0:5005
1456758481182	<INFO 7fc0adffb700> SLIPSTORE::COMM Connecting to tcp://dco-node142-10g:5098
1456758481184	<INFO 7fc0adffb700> SLIPSTORE::COMM Listening at tcp://ens1f0:5006
1456758481188	<INFO 7fc0adffb700> SLIPSTORE::COMM Connecting to tcp://dco-node143-10g:5116
1456758481192	<INFO 7fc0adffb700> SLIPSTORE::COMM Listening at tcp://ens1f0:5007
1456758481194	<INFO 7fc0adffb700> SLIPSTORE::COMM Connecting to tcp://dco-node144-10g:5134
1456758482795	<INFO 7fdcc6588740> SLIPSTORE::CHECKPOINTS NONE FOUND
1456758884331	<INFO 7fdcc6588740> 2016-02-29 16:14:44 Completed init
1456758884449	<INFO 7fc0adffb700> trunc() stream.0.5.0
1456758884452	<INFO 7fc0adffb700> trunc() ok stream.0.5.0
1456758884454	<INFO 7fc0adffb700> trunc() stream.0.1.0
1456758884457	<INFO 7fc0adffb700> trunc() ok stream.0.1.0
1456758884459	<INFO 7fc0adffb700> trunc() stream.0.6.0
1456758884463	<INFO 7fc0adffb700> trunc() ok stream.0.6.0
1456758884466	<INFO 7fc0adffb700> trunc() stream.0.7.0
1456758884468	<INFO 7fc0adffb700> trunc() ok stream.0.7.0
1456758884471	<INFO 7fc0adffb700> trunc() stream.0.3.0
1456758884476	<INFO 7fc0adffb700> trunc() ok stream.0.3.0
1456758884479	<INFO 7fc0adffb700> trunc() stream.0.4.0
1456758884481	<INFO 7fc0adffb700> trunc() ok stream.0.4.0
1456758884484	<INFO 7fc0adffb700> trunc() stream.0.2.0
1456758884486	<INFO 7fc0adffb700> trunc() ok stream.0.2.0
1456758884489	<INFO 7fc0adffb700> trunc() stream.0.0.0
1456758884492	<INFO 7fc0adffb700> trunc() ok stream.0.0.0
1456758885003	<INFO 7fc0adffb700> trunc() stream.0.14.0
1456758885006	<INFO 7fc0adffb700> trunc() ok stream.0.14.0
1456758885009	<INFO 7fc0adffb700> trunc() stream.0.13.0
1456758885011	<INFO 7fc0adffb700> trunc() ok stream.0.13.0
1456758885014	<INFO 7fc0adffb700> trunc() stream.0.9.0
1456758885016	<INFO 7fc0adffb700> trunc() ok stream.0.9.0
1456758885053	<INFO 7fc0adffb700> trunc() stream.0.11.0
1456758885056	<INFO 7fc0adffb700> trunc() ok stream.0.11.0
1456758885067	<INFO 7fc0adffb700> trunc() stream.0.10.0
1456758885069	<INFO 7fc0adffb700> trunc() ok stream.0.10.0
1456758885108	<INFO 7fc0adffb700> trunc() stream.0.15.0
1456758885111	<INFO 7fc0adffb700> trunc() ok stream.0.15.0
1456758885132	<INFO 7fc0adffb700> trunc() stream.0.8.0
1456758885135	<INFO 7fc0adffb700> trunc() ok stream.0.8.0
1456758885174	<INFO 7fc0adffb700> trunc() stream.0.12.0
1456758885177	<INFO 7fc0adffb700> trunc() ok stream.0.12.0
1456758886068	<INFO 7fc0adffb700> trunc() stream.0.1.0
1456758886077	<INFO 7fc0adffb700> trunc() ok stream.0.1.0
1456758886080	<INFO 7fc0adffb700> trunc() stream.0.3.0
1456758886086	<INFO 7fc0adffb700> trunc() ok stream.0.3.0
1456758886088	<INFO 7fc0adffb700> trunc() stream.0.7.0
1456758886095	<INFO 7fc0adffb700> trunc() ok stream.0.7.0
1456758886097	<INFO 7fc0adffb700> trunc() stream.0.5.0
1456758886103	<INFO 7fc0adffb700> trunc() ok stream.0.5.0
1456758886106	<INFO 7fc0adffb700> trunc() stream.0.0.0
1456758886112	<INFO 7fc0adffb700> trunc() ok stream.0.0.0
1456758886115	<INFO 7fc0adffb700> trunc() stream.0.2.0
1456758886120	<INFO 7fc0adffb700> trunc() ok stream.0.2.0
1456758886123	<INFO 7fc0adffb700> trunc() stream.0.4.0
1456758886130	<INFO 7fc0adffb700> trunc() ok stream.0.4.0
1456758886133	<INFO 7fc0adffb700> trunc() stream.0.6.0
1456758886139	<INFO 7fc0adffb700> trunc() ok stream.0.6.0
1456758886737	<INFO 7fc0ad7fa700> reset  3 0 0
1456758886739	<INFO 7fc0ad7fa700> trunc() stream.3.0.0
1456758886741	<INFO 7fc0ad7fa700> trunc() ok stream.3.0.0
1456758886744	<INFO 7fc0ad7fa700> done reset  3 0 0
1456758886746	<INFO 7fc0ad7fa700> reset  3 1 0
1456758886749	<INFO 7fc0ad7fa700> trunc() stream.3.1.0
1456758886751	<INFO 7fc0ad7fa700> trunc() ok stream.3.1.0
1456758886753	<INFO 7fc0ad7fa700> done reset  3 1 0
1456758886756	<INFO 7fc0ad7fa700> reset  3 2 0
1456758886758	<INFO 7fc0ad7fa700> trunc() stream.3.2.0
1456758886760	<INFO 7fc0ad7fa700> trunc() ok stream.3.2.0
1456758886763	<INFO 7fc0ad7fa700> done reset  3 2 0
1456758886765	<INFO 7fc0ad7fa700> reset  3 3 0
1456758886767	<INFO 7fc0ad7fa700> trunc() stream.3.3.0
1456758886770	<INFO 7fc0ad7fa700> trunc() ok stream.3.3.0
1456758886772	<INFO 7fc0ad7fa700> done reset  3 3 0
1456758886774	<INFO 7fc0ad7fa700> reset  3 4 0
1456758886777	<INFO 7fc0ad7fa700> trunc() stream.3.4.0
1456758886779	<INFO 7fc0ad7fa700> trunc() ok stream.3.4.0
1456758886781	<INFO 7fc0ad7fa700> done reset  3 4 0
1456758886783	<INFO 7fc0ad7fa700> reset  3 5 0
1456758886786	<INFO 7fc0ad7fa700> trunc() stream.3.5.0
1456758886788	<INFO 7fc0ad7fa700> trunc() ok stream.3.5.0
1456758886790	<INFO 7fc0ad7fa700> done reset  3 5 0
1456758886792	<INFO 7fc0ad7fa700> reset  3 6 0
1456758886795	<INFO 7fc0ad7fa700> trunc() stream.3.6.0
1456758886797	<INFO 7fc0ad7fa700> trunc() ok stream.3.6.0
1456758886800	<INFO 7fc0ad7fa700> done reset  3 6 0
1456758886804	<INFO 7fc0ad7fa700> reset  3 7 0
1456758886806	<INFO 7fc0ad7fa700> trunc() stream.3.7.0
1456758886809	<INFO 7fc0ad7fa700> trunc() ok stream.3.7.0
1456758886812	<INFO 7fc0ad7fa700> done reset  3 7 0
1456758886816	<INFO 7fc0ad7fa700> reset  3 8 0
1456758886818	<INFO 7fc0ad7fa700> trunc() stream.3.8.0
1456758886822	<INFO 7fc0ad7fa700> trunc() ok stream.3.8.0
1456758886827	<INFO 7fc0ad7fa700> done reset  3 8 0
1456758886830	<INFO 7fc0ad7fa700> reset  3 9 0
1456758886832	<INFO 7fc0ad7fa700> trunc() stream.3.9.0
1456758886837	<INFO 7fc0ad7fa700> trunc() ok stream.3.9.0
1456758886840	<INFO 7fc0ad7fa700> done reset  3 9 0
1456758886842	<INFO 7fc0ad7fa700> reset  3 10 0
1456758886845	<INFO 7fc0ad7fa700> trunc() stream.3.10.0
1456758886848	<INFO 7fc0ad7fa700> trunc() ok stream.3.10.0
1456758886850	<INFO 7fc0ad7fa700> done reset  3 10 0
1456758886853	<INFO 7fc0ad7fa700> reset  3 11 0
1456758886857	<INFO 7fc0ad7fa700> trunc() stream.3.11.0
1456758886861	<INFO 7fc0ad7fa700> trunc() ok stream.3.11.0
1456758886864	<INFO 7fc0ad7fa700> done reset  3 11 0
1456758886866	<INFO 7fc0ad7fa700> reset  3 12 0
1456758886870	<INFO 7fc0ad7fa700> trunc() stream.3.12.0
1456758886872	<INFO 7fc0ad7fa700> trunc() ok stream.3.12.0
1456758886875	<INFO 7fc0ad7fa700> done reset  3 12 0
1456758886878	<INFO 7fc0ad7fa700> reset  3 13 0
1456758886885	<INFO 7fc0ad7fa700> trunc() stream.3.13.0
1456758886888	<INFO 7fc0ad7fa700> trunc() ok stream.3.13.0
1456758886891	<INFO 7fc0ad7fa700> done reset  3 13 0
1456758886894	<INFO 7fc0ad7fa700> reset  3 14 0
1456758886897	<INFO 7fc0ad7fa700> trunc() stream.3.14.0
1456758886899	<INFO 7fc0ad7fa700> trunc() ok stream.3.14.0
1456758886902	<INFO 7fc0ad7fa700> done reset  3 14 0
1456758886905	<INFO 7fc0ad7fa700> reset  3 15 0
1456758886909	<INFO 7fc0ad7fa700> trunc() stream.3.15.0
1456758886912	<INFO 7fc0ad7fa700> trunc() ok stream.3.15.0
1456758886915	<INFO 7fc0ad7fa700> done reset  3 15 0
1456759069443	<INFO 7fdcc6588740> 2016-02-29 16:17:49 Completed phase 1 Bytes read 23021771128 Bytes written 13352885152
1456759069851	<INFO 7fc0adffb700> trunc() stream.0.3.0
1456759069856	<INFO 7fc0adffb700> trunc() ok stream.0.3.0
1456759069871	<INFO 7fc0adffb700> trunc() stream.0.6.0
1456759069878	<INFO 7fc0adffb700> trunc() ok stream.0.6.0
1456759069886	<INFO 7fc0adffb700> trunc() stream.0.1.0
1456759069893	<INFO 7fc0adffb700> trunc() ok stream.0.1.0
1456759069900	<INFO 7fc0adffb700> trunc() stream.0.7.0
1456759069907	<INFO 7fc0adffb700> trunc() ok stream.0.7.0
1456759069910	<INFO 7fc0adffb700> trunc() stream.0.4.0
1456759069915	<INFO 7fc0adffb700> trunc() ok stream.0.4.0
1456759069917	<INFO 7fc0adffb700> trunc() stream.0.0.0
1456759069922	<INFO 7fc0adffb700> trunc() ok stream.0.0.0
1456759069925	<INFO 7fc0adffb700> trunc() stream.0.2.0
1456759069929	<INFO 7fc0adffb700> trunc() ok stream.0.2.0
1456759069932	<INFO 7fc0adffb700> trunc() stream.0.5.0
1456759069937	<INFO 7fc0adffb700> trunc() ok stream.0.5.0
1456759070481	<INFO 7fc0ad7fa700> reset  3 0 0
1456759070484	<INFO 7fc0ad7fa700> trunc() stream.3.0.0
1456759070486	<INFO 7fc0ad7fa700> trunc() ok stream.3.0.0
1456759070489	<INFO 7fc0ad7fa700> done reset  3 0 0
1456759070493	<INFO 7fc0ad7fa700> reset  3 1 0
1456759070496	<INFO 7fc0ad7fa700> trunc() stream.3.1.0
1456759070498	<INFO 7fc0ad7fa700> trunc() ok stream.3.1.0
1456759070501	<INFO 7fc0ad7fa700> done reset  3 1 0
1456759070784	<INFO 7fc0ad7fa700> reset  3 2 0
1456759070787	<INFO 7fc0ad7fa700> trunc() stream.3.2.0
1456759070789	<INFO 7fc0ad7fa700> trunc() ok stream.3.2.0
1456759070793	<INFO 7fc0ad7fa700> done reset  3 2 0
1456759070795	<INFO 7fc0ad7fa700> reset  3 3 0
1456759070798	<INFO 7fc0ad7fa700> trunc() stream.3.3.0
1456759070800	<INFO 7fc0ad7fa700> trunc() ok stream.3.3.0
1456759070803	<INFO 7fc0ad7fa700> done reset  3 3 0
1456759070806	<INFO 7fc0ad7fa700> reset  3 4 0
1456759070808	<INFO 7fc0ad7fa700> trunc() stream.3.4.0
1456759070811	<INFO 7fc0ad7fa700> trunc() ok stream.3.4.0
1456759070814	<INFO 7fc0ad7fa700> done reset  3 4 0
1456759070816	<INFO 7fc0ad7fa700> reset  3 5 0
1456759070820	<INFO 7fc0ad7fa700> trunc() stream.3.5.0
1456759070822	<INFO 7fc0ad7fa700> trunc() ok stream.3.5.0
1456759070825	<INFO 7fc0ad7fa700> done reset  3 5 0
1456759070828	<INFO 7fc0ad7fa700> reset  3 6 0
1456759070830	<INFO 7fc0ad7fa700> trunc() stream.3.6.0
1456759070833	<INFO 7fc0ad7fa700> trunc() ok stream.3.6.0
1456759070835	<INFO 7fc0ad7fa700> done reset  3 6 0
1456759070838	<INFO 7fc0ad7fa700> reset  3 7 0
1456759070841	<INFO 7fc0ad7fa700> trunc() stream.3.7.0
1456759070843	<INFO 7fc0ad7fa700> trunc() ok stream.3.7.0
1456759070846	<INFO 7fc0ad7fa700> done reset  3 7 0
1456759070848	<INFO 7fc0ad7fa700> reset  3 8 0
1456759070851	<INFO 7fc0ad7fa700> trunc() stream.3.8.0
1456759070853	<INFO 7fc0ad7fa700> trunc() ok stream.3.8.0
1456759070856	<INFO 7fc0ad7fa700> done reset  3 8 0
1456759070858	<INFO 7fc0ad7fa700> reset  3 9 0
1456759070861	<INFO 7fc0ad7fa700> trunc() stream.3.9.0
1456759070863	<INFO 7fc0ad7fa700> trunc() ok stream.3.9.0
1456759070866	<INFO 7fc0ad7fa700> done reset  3 9 0
1456759070874	<INFO 7fc0ad7fa700> reset  3 10 0
1456759070877	<INFO 7fc0ad7fa700> trunc() stream.3.10.0
1456759070879	<INFO 7fc0ad7fa700> trunc() ok stream.3.10.0
1456759070882	<INFO 7fc0ad7fa700> done reset  3 10 0
1456759070885	<INFO 7fc0ad7fa700> reset  3 11 0
1456759070887	<INFO 7fc0ad7fa700> trunc() stream.3.11.0
1456759070889	<INFO 7fc0ad7fa700> trunc() ok stream.3.11.0
1456759070892	<INFO 7fc0ad7fa700> done reset  3 11 0
1456759070894	<INFO 7fc0ad7fa700> reset  3 12 0
1456759070897	<INFO 7fc0ad7fa700> trunc() stream.3.12.0
1456759070899	<INFO 7fc0ad7fa700> trunc() ok stream.3.12.0
1456759070903	<INFO 7fc0ad7fa700> done reset  3 12 0
1456759070907	<INFO 7fc0ad7fa700> reset  3 13 0
1456759070909	<INFO 7fc0ad7fa700> trunc() stream.3.13.0
1456759070911	<INFO 7fc0ad7fa700> trunc() ok stream.3.13.0
1456759070914	<INFO 7fc0ad7fa700> done reset  3 13 0
1456759070918	<INFO 7fc0ad7fa700> reset  3 14 0
1456759070920	<INFO 7fc0ad7fa700> trunc() stream.3.14.0
1456759070922	<INFO 7fc0ad7fa700> trunc() ok stream.3.14.0
1456759070925	<INFO 7fc0ad7fa700> done reset  3 14 0
1456759070927	<INFO 7fc0ad7fa700> reset  3 15 0
1456759070933	<INFO 7fc0ad7fa700> trunc() stream.3.15.0
1456759070936	<INFO 7fc0ad7fa700> trunc() ok stream.3.15.0
1456759070939	<INFO 7fc0ad7fa700> done reset  3 15 0
1456759292496	<INFO 7fdcc6588740> 2016-02-29 16:21:32 Completed phase 2 Bytes read 33161606144 Bytes written 17344755336
1456759295172	<INFO 7fc0adffb700> trunc() stream.0.7.0
1456759295183	<INFO 7fc0adffb700> trunc() ok stream.0.7.0
1456759302658	<INFO 7fc0adffb700> trunc() stream.0.3.0
1456759302667	<INFO 7fc0adffb700> trunc() ok stream.0.3.0
1456759302669	<INFO 7fc0adffb700> trunc() stream.0.6.0
1456759302674	<INFO 7fc0adffb700> trunc() ok stream.0.6.0
1456759302802	<INFO 7fc0adffb700> trunc() stream.0.5.0
1456759302808	<INFO 7fc0adffb700> trunc() ok stream.0.5.0
1456759309618	<INFO 7fc0adffb700> trunc() stream.0.1.0
1456759309625	<INFO 7fc0adffb700> trunc() ok stream.0.1.0
1456759309628	<INFO 7fc0adffb700> trunc() stream.0.2.0
1456759309635	<INFO 7fc0adffb700> trunc() ok stream.0.2.0
1456759310222	<INFO 7fc0adffb700> trunc() stream.0.4.0
1456759310230	<INFO 7fc0adffb700> trunc() ok stream.0.4.0
1456759329317	<INFO 7fc0adffb700> trunc() stream.0.0.0
1456759329324	<INFO 7fc0adffb700> trunc() ok stream.0.0.0
1456759329499	<INFO 7fc0ad7fa700> reset  3 0 0
1456759329501	<INFO 7fc0ad7fa700> trunc() stream.3.0.0
1456759329938	<INFO 7fc0ad7fa700> trunc() ok stream.3.0.0
1456759329941	<INFO 7fc0ad7fa700> done reset  3 0 0
1456759333010	<INFO 7fc0ad7fa700> reset  3 1 0
1456759333012	<INFO 7fc0ad7fa700> trunc() stream.3.1.0
1456759333164	<INFO 7fc0ad7fa700> trunc() ok stream.3.1.0
1456759333167	<INFO 7fc0ad7fa700> done reset  3 1 0
1456759334253	<INFO 7fc0ad7fa700> reset  3 2 0
1456759334255	<INFO 7fc0ad7fa700> trunc() stream.3.2.0
1456759334411	<INFO 7fc0ad7fa700> trunc() ok stream.3.2.0
1456759334413	<INFO 7fc0ad7fa700> done reset  3 2 0
1456759335493	<INFO 7fc0ad7fa700> reset  3 3 0
1456759335496	<INFO 7fc0ad7fa700> trunc() stream.3.3.0
1456759335561	<INFO 7fc0ad7fa700> trunc() ok stream.3.3.0
1456759335564	<INFO 7fc0ad7fa700> done reset  3 3 0
1456759335966	<INFO 7fc0ad7fa700> reset  3 4 0
1456759335968	<INFO 7fc0ad7fa700> trunc() stream.3.4.0
1456759336122	<INFO 7fc0ad7fa700> trunc() ok stream.3.4.0
1456759336125	<INFO 7fc0ad7fa700> done reset  3 4 0
1456759337218	<INFO 7fc0ad7fa700> reset  3 5 0
1456759337220	<INFO 7fc0ad7fa700> trunc() stream.3.5.0
1456759337275	<INFO 7fc0ad7fa700> trunc() ok stream.3.5.0
1456759337278	<INFO 7fc0ad7fa700> done reset  3 5 0
1456759337679	<INFO 7fc0ad7fa700> reset  3 6 0
1456759337682	<INFO 7fc0ad7fa700> trunc() stream.3.6.0
1456759337736	<INFO 7fc0ad7fa700> trunc() ok stream.3.6.0
1456759337738	<INFO 7fc0ad7fa700> done reset  3 6 0
1456759338145	<INFO 7fc0ad7fa700> reset  3 7 0
1456759338148	<INFO 7fc0ad7fa700> trunc() stream.3.7.0
1456759338165	<INFO 7fc0ad7fa700> trunc() ok stream.3.7.0
1456759338168	<INFO 7fc0ad7fa700> done reset  3 7 0
1456759338322	<INFO 7fc0ad7fa700> reset  3 8 0
1456759338326	<INFO 7fc0ad7fa700> trunc() stream.3.8.0
1456759338427	<INFO 7fc0ad7fa700> trunc() ok stream.3.8.0
1456759338430	<INFO 7fc0ad7fa700> done reset  3 8 0
1456759339228	<INFO 7fc0ad7fa700> reset  3 9 0
1456759339231	<INFO 7fc0ad7fa700> trunc() stream.3.9.0
1456759339270	<INFO 7fc0ad7fa700> trunc() ok stream.3.9.0
1456759339273	<INFO 7fc0ad7fa700> done reset  3 9 0
1456759339593	<INFO 7fc0ad7fa700> reset  3 10 0
1456759339596	<INFO 7fc0ad7fa700> trunc() stream.3.10.0
1456759339637	<INFO 7fc0ad7fa700> trunc() ok stream.3.10.0
1456759339639	<INFO 7fc0ad7fa700> done reset  3 10 0
1456759339955	<INFO 7fc0ad7fa700> reset  3 11 0
1456759339957	<INFO 7fc0ad7fa700> trunc() stream.3.11.0
1456759339975	<INFO 7fc0ad7fa700> trunc() ok stream.3.11.0
1456759339977	<INFO 7fc0ad7fa700> done reset  3 11 0
1456759340126	<INFO 7fc0ad7fa700> reset  3 12 0
1456759340128	<INFO 7fc0ad7fa700> trunc() stream.3.12.0
1456759340191	<INFO 7fc0ad7fa700> trunc() ok stream.3.12.0
1456759340194	<INFO 7fc0ad7fa700> done reset  3 12 0
1456759340514	<INFO 7fc0ad7fa700> reset  3 13 0
1456759340516	<INFO 7fc0ad7fa700> trunc() stream.3.13.0
1456759340542	<INFO 7fc0ad7fa700> trunc() ok stream.3.13.0
1456759340544	<INFO 7fc0ad7fa700> done reset  3 13 0
1456759340695	<INFO 7fc0ad7fa700> reset  3 14 0
1456759340698	<INFO 7fc0ad7fa700> trunc() stream.3.14.0
1456759340722	<INFO 7fc0ad7fa700> trunc() ok stream.3.14.0
1456759340725	<INFO 7fc0ad7fa700> done reset  3 14 0
1456759340875	<INFO 7fc0ad7fa700> reset  3 15 0
1456759340878	<INFO 7fc0ad7fa700> trunc() stream.3.15.0
1456759340887	<INFO 7fc0ad7fa700> trunc() ok stream.3.15.0
1456759340890	<INFO 7fc0ad7fa700> done reset  3 15 0
1456759554069	<INFO 7fdcc6588740> 2016-02-29 16:25:54 Completed phase 3 Bytes read 46195904304 Bytes written 20146939352
1456759555448	<INFO 7fc0adffb700> trunc() stream.0.7.0
1456759555457	<INFO 7fc0adffb700> trunc() ok stream.0.7.0
1456759556626	<INFO 7fc0adffb700> trunc() stream.0.3.0
1456759556633	<INFO 7fc0adffb700> trunc() ok stream.0.3.0
1456759556638	<INFO 7fc0adffb700> trunc() stream.0.5.0
1456759556644	<INFO 7fc0adffb700> trunc() ok stream.0.5.0
1456759556658	<INFO 7fc0adffb700> trunc() stream.0.6.0
1456759556666	<INFO 7fc0adffb700> trunc() ok stream.0.6.0
1456759561111	<INFO 7fc0adffb700> trunc() stream.0.1.0
1456759561123	<INFO 7fc0adffb700> trunc() ok stream.0.1.0
1456759561173	<INFO 7fc0adffb700> trunc() stream.0.2.0
1456759561186	<INFO 7fc0adffb700> trunc() ok stream.0.2.0
1456759561422	<INFO 7fc0adffb700> trunc() stream.0.4.0
1456759561437	<INFO 7fc0adffb700> trunc() ok stream.0.4.0
1456759574918	<INFO 7fc0adffb700> trunc() stream.0.0.0
1456759574926	<INFO 7fc0adffb700> trunc() ok stream.0.0.0
1456759575229	<INFO 7fc0ad7fa700> reset  3 0 0
1456759575231	<INFO 7fc0ad7fa700> trunc() stream.3.0.0
1456759575610	<INFO 7fc0ad7fa700> trunc() ok stream.3.0.0
1456759575612	<INFO 7fc0ad7fa700> done reset  3 0 0
1456759578284	<INFO 7fc0ad7fa700> reset  3 1 0
1456759578287	<INFO 7fc0ad7fa700> trunc() stream.3.1.0
1456759578409	<INFO 7fc0ad7fa700> trunc() ok stream.3.1.0
1456759578411	<INFO 7fc0ad7fa700> done reset  3 1 0
1456759579300	<INFO 7fc0ad7fa700> reset  3 2 0
1456759579302	<INFO 7fc0ad7fa700> trunc() stream.3.2.0
1456759579425	<INFO 7fc0ad7fa700> trunc() ok stream.3.2.0
1456759579427	<INFO 7fc0ad7fa700> done reset  3 2 0
1456759580362	<INFO 7fc0ad7fa700> reset  3 3 0
1456759580365	<INFO 7fc0ad7fa700> trunc() stream.3.3.0
1456759580403	<INFO 7fc0ad7fa700> trunc() ok stream.3.3.0
1456759580406	<INFO 7fc0ad7fa700> done reset  3 3 0
1456759580713	<INFO 7fc0ad7fa700> reset  3 4 0
1456759580716	<INFO 7fc0ad7fa700> trunc() stream.3.4.0
1456759580844	<INFO 7fc0ad7fa700> trunc() ok stream.3.4.0
1456759580847	<INFO 7fc0ad7fa700> done reset  3 4 0
1456759581752	<INFO 7fc0ad7fa700> reset  3 5 0
1456759581754	<INFO 7fc0ad7fa700> trunc() stream.3.5.0
1456759581794	<INFO 7fc0ad7fa700> trunc() ok stream.3.5.0
1456759581797	<INFO 7fc0ad7fa700> done reset  3 5 0
1456759582105	<INFO 7fc0ad7fa700> reset  3 6 0
1456759582108	<INFO 7fc0ad7fa700> trunc() stream.3.6.0
1456759582147	<INFO 7fc0ad7fa700> trunc() ok stream.3.6.0
1456759582149	<INFO 7fc0ad7fa700> done reset  3 6 0
1456759582458	<INFO 7fc0ad7fa700> reset  3 7 0
1456759582460	<INFO 7fc0ad7fa700> trunc() stream.3.7.0
1456759582473	<INFO 7fc0ad7fa700> trunc() ok stream.3.7.0
1456759582475	<INFO 7fc0ad7fa700> done reset  3 7 0
1456759582582	<INFO 7fc0ad7fa700> reset  3 8 0
1456759582584	<INFO 7fc0ad7fa700> trunc() stream.3.8.0
1456759582716	<INFO 7fc0ad7fa700> trunc() ok stream.3.8.0
1456759582718	<INFO 7fc0ad7fa700> done reset  3 8 0
1456759583693	<INFO 7fc0ad7fa700> reset  3 9 0
1456759583696	<INFO 7fc0ad7fa700> trunc() stream.3.9.0
1456759583757	<INFO 7fc0ad7fa700> trunc() ok stream.3.9.0
1456759583760	<INFO 7fc0ad7fa700> done reset  3 9 0
1456759584099	<INFO 7fc0ad7fa700> reset  3 10 0
1456759584102	<INFO 7fc0ad7fa700> trunc() stream.3.10.0
1456759584158	<INFO 7fc0ad7fa700> trunc() ok stream.3.10.0
1456759584161	<INFO 7fc0ad7fa700> done reset  3 10 0
1456759584495	<INFO 7fc0ad7fa700> reset  3 11 0
1456759584498	<INFO 7fc0ad7fa700> trunc() stream.3.11.0
1456759584515	<INFO 7fc0ad7fa700> trunc() ok stream.3.11.0
1456759584517	<INFO 7fc0ad7fa700> done reset  3 11 0
1456759584636	<INFO 7fc0ad7fa700> reset  3 12 0
1456759584638	<INFO 7fc0ad7fa700> trunc() stream.3.12.0
1456759584686	<INFO 7fc0ad7fa700> trunc() ok stream.3.12.0
1456759584688	<INFO 7fc0ad7fa700> done reset  3 12 0
1456759585024	<INFO 7fc0ad7fa700> reset  3 13 0
1456759585027	<INFO 7fc0ad7fa700> trunc() stream.3.13.0
1456759585040	<INFO 7fc0ad7fa700> trunc() ok stream.3.13.0
1456759585043	<INFO 7fc0ad7fa700> done reset  3 13 0
1456759585164	<INFO 7fc0ad7fa700> reset  3 14 0
1456759585166	<INFO 7fc0ad7fa700> trunc() stream.3.14.0
1456759585181	<INFO 7fc0ad7fa700> trunc() ok stream.3.14.0
1456759585183	<INFO 7fc0ad7fa700> done reset  3 14 0
1456759585305	<INFO 7fc0ad7fa700> reset  3 15 0
1456759585307	<INFO 7fc0ad7fa700> trunc() stream.3.15.0
1456759585310	<INFO 7fc0ad7fa700> trunc() ok stream.3.15.0
1456759585313	<INFO 7fc0ad7fa700> done reset  3 15 0
1456759720009	<INFO 7fdcc6588740> 2016-02-29 16:28:40 Completed phase 4 Bytes read 58333026168 Bytes written 20293514592
1456759720435	<INFO 7fc0adffb700> trunc() stream.0.3.0
1456759720445	<INFO 7fc0adffb700> trunc() ok stream.0.3.0
1456759720462	<INFO 7fc0adffb700> trunc() stream.0.1.0
1456759720472	<INFO 7fc0adffb700> trunc() ok stream.0.1.0
1456759720474	<INFO 7fc0adffb700> trunc() stream.0.5.0
1456759720482	<INFO 7fc0adffb700> trunc() ok stream.0.5.0
1456759720485	<INFO 7fc0adffb700> trunc() stream.0.6.0
1456759720492	<INFO 7fc0adffb700> trunc() ok stream.0.6.0
1456759720506	<INFO 7fc0adffb700> trunc() stream.0.0.0
1456759720515	<INFO 7fc0adffb700> trunc() ok stream.0.0.0
1456759720523	<INFO 7fc0adffb700> trunc() stream.0.4.0
1456759720531	<INFO 7fc0adffb700> trunc() ok stream.0.4.0
1456759720536	<INFO 7fc0adffb700> trunc() stream.0.2.0
1456759720544	<INFO 7fc0adffb700> trunc() ok stream.0.2.0
1456759721052	<INFO 7fc0adffb700> trunc() stream.0.7.0
1456759721059	<INFO 7fc0adffb700> trunc() ok stream.0.7.0
1456759721217	<INFO 7fc0ad7fa700> reset  3 0 0
1456759721219	<INFO 7fc0ad7fa700> trunc() stream.3.0.0
1456759721222	<INFO 7fc0ad7fa700> trunc() ok stream.3.0.0
1456759721224	<INFO 7fc0ad7fa700> done reset  3 0 0
1456759721237	<INFO 7fc0ad7fa700> reset  3 1 0
1456759721240	<INFO 7fc0ad7fa700> trunc() stream.3.1.0
1456759721242	<INFO 7fc0ad7fa700> trunc() ok stream.3.1.0
1456759721245	<INFO 7fc0ad7fa700> done reset  3 1 0
1456759721247	<INFO 7fc0ad7fa700> reset  3 2 0
1456759721250	<INFO 7fc0ad7fa700> trunc() stream.3.2.0
1456759721252	<INFO 7fc0ad7fa700> trunc() ok stream.3.2.0
1456759721255	<INFO 7fc0ad7fa700> done reset  3 2 0
1456759721258	<INFO 7fc0ad7fa700> reset  3 3 0
1456759721260	<INFO 7fc0ad7fa700> trunc() stream.3.3.0
1456759721264	<INFO 7fc0ad7fa700> trunc() ok stream.3.3.0
1456759721266	<INFO 7fc0ad7fa700> done reset  3 3 0
1456759721269	<INFO 7fc0ad7fa700> reset  3 4 0
1456759721272	<INFO 7fc0ad7fa700> trunc() stream.3.4.0
1456759721275	<INFO 7fc0ad7fa700> trunc() ok stream.3.4.0
1456759721277	<INFO 7fc0ad7fa700> done reset  3 4 0
1456759721280	<INFO 7fc0ad7fa700> reset  3 5 0
1456759721283	<INFO 7fc0ad7fa700> trunc() stream.3.5.0
1456759721285	<INFO 7fc0ad7fa700> trunc() ok stream.3.5.0
1456759721288	<INFO 7fc0ad7fa700> done reset  3 5 0
1456759721291	<INFO 7fc0ad7fa700> reset  3 6 0
1456759721294	<INFO 7fc0ad7fa700> trunc() stream.3.6.0
1456759721296	<INFO 7fc0ad7fa700> trunc() ok stream.3.6.0
1456759721299	<INFO 7fc0ad7fa700> done reset  3 6 0
1456759721302	<INFO 7fc0ad7fa700> reset  3 7 0
1456759721304	<INFO 7fc0ad7fa700> trunc() stream.3.7.0
1456759721307	<INFO 7fc0ad7fa700> trunc() ok stream.3.7.0
1456759721309	<INFO 7fc0ad7fa700> done reset  3 7 0
1456759721312	<INFO 7fc0ad7fa700> reset  3 8 0
1456759721315	<INFO 7fc0ad7fa700> trunc() stream.3.8.0
1456759721317	<INFO 7fc0ad7fa700> trunc() ok stream.3.8.0
1456759721320	<INFO 7fc0ad7fa700> done reset  3 8 0
1456759721322	<INFO 7fc0ad7fa700> reset  3 9 0
1456759721325	<INFO 7fc0ad7fa700> trunc() stream.3.9.0
1456759721328	<INFO 7fc0ad7fa700> trunc() ok stream.3.9.0
1456759721331	<INFO 7fc0ad7fa700> done reset  3 9 0
1456759721333	<INFO 7fc0ad7fa700> reset  3 10 0
1456759721336	<INFO 7fc0ad7fa700> trunc() stream.3.10.0
1456759721338	<INFO 7fc0ad7fa700> trunc() ok stream.3.10.0
1456759721341	<INFO 7fc0ad7fa700> done reset  3 10 0
1456759721343	<INFO 7fc0ad7fa700> reset  3 11 0
1456759721346	<INFO 7fc0ad7fa700> trunc() stream.3.11.0
1456759721349	<INFO 7fc0ad7fa700> trunc() ok stream.3.11.0
1456759721352	<INFO 7fc0ad7fa700> done reset  3 11 0
1456759721354	<INFO 7fc0ad7fa700> reset  3 12 0
1456759721357	<INFO 7fc0ad7fa700> trunc() stream.3.12.0
1456759721360	<INFO 7fc0ad7fa700> trunc() ok stream.3.12.0
1456759721363	<INFO 7fc0ad7fa700> done reset  3 12 0
1456759721368	<INFO 7fc0ad7fa700> reset  3 13 0
1456759721371	<INFO 7fc0ad7fa700> trunc() stream.3.13.0
1456759721373	<INFO 7fc0ad7fa700> trunc() ok stream.3.13.0
1456759721376	<INFO 7fc0ad7fa700> done reset  3 13 0
1456759721378	<INFO 7fc0ad7fa700> reset  3 14 0
1456759721381	<INFO 7fc0ad7fa700> trunc() stream.3.14.0
1456759721387	<INFO 7fc0ad7fa700> trunc() ok stream.3.14.0
1456759721389	<INFO 7fc0ad7fa700> done reset  3 14 0
1456759721392	<INFO 7fc0ad7fa700> reset  3 15 0
1456759721395	<INFO 7fc0ad7fa700> trunc() stream.3.15.0
1456759721398	<INFO 7fc0ad7fa700> trunc() ok stream.3.15.0
1456759721401	<INFO 7fc0ad7fa700> done reset  3 15 0
1456759789305	<INFO 7fdcc6588740> 2016-02-29 16:29:49 Completed phase 5 Bytes read 68479172856 Bytes written 20427761656
1456759789695	<INFO 7fc0adffb700> trunc() stream.0.3.0
1456759789709	<INFO 7fc0adffb700> trunc() ok stream.0.3.0
1456759789726	<INFO 7fc0adffb700> trunc() stream.0.1.0
1456759789736	<INFO 7fc0adffb700> trunc() ok stream.0.1.0
1456759789759	<INFO 7fc0adffb700> trunc() stream.0.5.0
1456759789769	<INFO 7fc0adffb700> trunc() ok stream.0.5.0
1456759789772	<INFO 7fc0adffb700> trunc() stream.0.7.0
1456759789780	<INFO 7fc0adffb700> trunc() ok stream.0.7.0
1456759789783	<INFO 7fc0adffb700> trunc() stream.0.4.0
1456759789790	<INFO 7fc0adffb700> trunc() ok stream.0.4.0
1456759789792	<INFO 7fc0adffb700> trunc() stream.0.6.0
1456759789800	<INFO 7fc0adffb700> trunc() ok stream.0.6.0
1456759789803	<INFO 7fc0adffb700> trunc() stream.0.0.0
1456759789810	<INFO 7fc0adffb700> trunc() ok stream.0.0.0
1456759789812	<INFO 7fc0adffb700> trunc() stream.0.2.0
1456759789818	<INFO 7fc0adffb700> trunc() ok stream.0.2.0
1456759790441	<INFO 7fc0ad7fa700> reset  3 0 0
1456759790443	<INFO 7fc0ad7fa700> trunc() stream.3.0.0
1456759790446	<INFO 7fc0ad7fa700> trunc() ok stream.3.0.0
1456759790448	<INFO 7fc0ad7fa700> done reset  3 0 0
1456759790450	<INFO 7fc0ad7fa700> reset  3 1 0
1456759790453	<INFO 7fc0ad7fa700> trunc() stream.3.1.0
1456759790456	<INFO 7fc0ad7fa700> trunc() ok stream.3.1.0
1456759790458	<INFO 7fc0ad7fa700> done reset  3 1 0
1456759790462	<INFO 7fc0ad7fa700> reset  3 2 0
1456759790464	<INFO 7fc0ad7fa700> trunc() stream.3.2.0
1456759790468	<INFO 7fc0ad7fa700> trunc() ok stream.3.2.0
1456759790471	<INFO 7fc0ad7fa700> done reset  3 2 0
1456759790473	<INFO 7fc0ad7fa700> reset  3 3 0
1456759790476	<INFO 7fc0ad7fa700> trunc() stream.3.3.0
1456759790478	<INFO 7fc0ad7fa700> trunc() ok stream.3.3.0
1456759790480	<INFO 7fc0ad7fa700> done reset  3 3 0
1456759790483	<INFO 7fc0ad7fa700> reset  3 4 0
1456759790485	<INFO 7fc0ad7fa700> trunc() stream.3.4.0
1456759790487	<INFO 7fc0ad7fa700> trunc() ok stream.3.4.0
1456759790490	<INFO 7fc0ad7fa700> done reset  3 4 0
1456759790492	<INFO 7fc0ad7fa700> reset  3 5 0
1456759790495	<INFO 7fc0ad7fa700> trunc() stream.3.5.0
1456759790497	<INFO 7fc0ad7fa700> trunc() ok stream.3.5.0
1456759790500	<INFO 7fc0ad7fa700> done reset  3 5 0
1456759790503	<INFO 7fc0ad7fa700> reset  3 6 0
1456759790505	<INFO 7fc0ad7fa700> trunc() stream.3.6.0
1456759790508	<INFO 7fc0ad7fa700> trunc() ok stream.3.6.0
1456759790511	<INFO 7fc0ad7fa700> done reset  3 6 0
1456759790514	<INFO 7fc0ad7fa700> reset  3 7 0
1456759790516	<INFO 7fc0ad7fa700> trunc() stream.3.7.0
1456759790519	<INFO 7fc0ad7fa700> trunc() ok stream.3.7.0
1456759790521	<INFO 7fc0ad7fa700> done reset  3 7 0
1456759790523	<INFO 7fc0ad7fa700> reset  3 8 0
1456759790528	<INFO 7fc0ad7fa700> trunc() stream.3.8.0
1456759790530	<INFO 7fc0ad7fa700> trunc() ok stream.3.8.0
1456759790533	<INFO 7fc0ad7fa700> done reset  3 8 0
1456759790535	<INFO 7fc0ad7fa700> reset  3 9 0
1456759790538	<INFO 7fc0ad7fa700> trunc() stream.3.9.0
1456759790540	<INFO 7fc0ad7fa700> trunc() ok stream.3.9.0
1456759790543	<INFO 7fc0ad7fa700> done reset  3 9 0
1456759790547	<INFO 7fc0ad7fa700> reset  3 10 0
1456759790549	<INFO 7fc0ad7fa700> trunc() stream.3.10.0
1456759790551	<INFO 7fc0ad7fa700> trunc() ok stream.3.10.0
1456759790554	<INFO 7fc0ad7fa700> done reset  3 10 0
1456759790561	<INFO 7fc0ad7fa700> reset  3 11 0
1456759790563	<INFO 7fc0ad7fa700> trunc() stream.3.11.0
1456759790566	<INFO 7fc0ad7fa700> trunc() ok stream.3.11.0
1456759790569	<INFO 7fc0ad7fa700> done reset  3 11 0
1456759790573	<INFO 7fc0ad7fa700> reset  3 12 0
1456759790576	<INFO 7fc0ad7fa700> trunc() stream.3.12.0
1456759790578	<INFO 7fc0ad7fa700> trunc() ok stream.3.12.0
1456759790581	<INFO 7fc0ad7fa700> done reset  3 12 0
1456759790583	<INFO 7fc0ad7fa700> reset  3 13 0
1456759790586	<INFO 7fc0ad7fa700> trunc() stream.3.13.0
1456759790590	<INFO 7fc0ad7fa700> trunc() ok stream.3.13.0
1456759790595	<INFO 7fc0ad7fa700> done reset  3 13 0
1456759790597	<INFO 7fc0ad7fa700> reset  3 14 0
1456759790600	<INFO 7fc0ad7fa700> trunc() stream.3.14.0
1456759790602	<INFO 7fc0ad7fa700> trunc() ok stream.3.14.0
1456759790605	<INFO 7fc0ad7fa700> done reset  3 14 0
1456759790607	<INFO 7fc0ad7fa700> reset  3 15 0
1456759790610	<INFO 7fc0ad7fa700> trunc() stream.3.15.0
1456759790612	<INFO 7fc0ad7fa700> trunc() ok stream.3.15.0
1456759790615	<INFO 7fc0ad7fa700> done reset  3 15 0
1456759857363	<INFO 7fdcc6588740> 2016-02-29 16:30:57 Completed phase 6 Bytes read 78616063848 Bytes written 20561979448
1456759857776	<INFO 7fc0adffb700> trunc() stream.0.1.0
1456759857784	<INFO 7fc0adffb700> trunc() ok stream.0.1.0
1456759857792	<INFO 7fc0adffb700> trunc() stream.0.6.0
1456759857800	<INFO 7fc0adffb700> trunc() ok stream.0.6.0
1456759857803	<INFO 7fc0adffb700> trunc() stream.0.3.0
1456759857808	<INFO 7fc0adffb700> trunc() ok stream.0.3.0
1456759857810	<INFO 7fc0adffb700> trunc() stream.0.5.0
1456759857815	<INFO 7fc0adffb700> trunc() ok stream.0.5.0
1456759857818	<INFO 7fc0adffb700> trunc() stream.0.0.0
1456759857823	<INFO 7fc0adffb700> trunc() ok stream.0.0.0
1456759857826	<INFO 7fc0adffb700> trunc() stream.0.4.0
1456759857832	<INFO 7fc0adffb700> trunc() ok stream.0.4.0
1456759857834	<INFO 7fc0adffb700> trunc() stream.0.7.0
1456759857841	<INFO 7fc0adffb700> trunc() ok stream.0.7.0
1456759857850	<INFO 7fc0adffb700> trunc() stream.0.2.0
1456759857857	<INFO 7fc0adffb700> trunc() ok stream.0.2.0
1456759858521	<INFO 7fc0ad7fa700> reset  3 0 0
1456759858524	<INFO 7fc0ad7fa700> trunc() stream.3.0.0
1456759858527	<INFO 7fc0ad7fa700> trunc() ok stream.3.0.0
1456759858529	<INFO 7fc0ad7fa700> done reset  3 0 0
1456759858532	<INFO 7fc0ad7fa700> reset  3 1 0
1456759858535	<INFO 7fc0ad7fa700> trunc() stream.3.1.0
1456759858538	<INFO 7fc0ad7fa700> trunc() ok stream.3.1.0
1456759858541	<INFO 7fc0ad7fa700> done reset  3 1 0
1456759858544	<INFO 7fc0ad7fa700> reset  3 2 0
1456759858546	<INFO 7fc0ad7fa700> trunc() stream.3.2.0
1456759858550	<INFO 7fc0ad7fa700> trunc() ok stream.3.2.0
1456759858552	<INFO 7fc0ad7fa700> done reset  3 2 0
1456759858555	<INFO 7fc0ad7fa700> reset  3 3 0
1456759858557	<INFO 7fc0ad7fa700> trunc() stream.3.3.0
1456759858560	<INFO 7fc0ad7fa700> trunc() ok stream.3.3.0
1456759858563	<INFO 7fc0ad7fa700> done reset  3 3 0
1456759858566	<INFO 7fc0ad7fa700> reset  3 4 0
1456759858568	<INFO 7fc0ad7fa700> trunc() stream.3.4.0
1456759858571	<INFO 7fc0ad7fa700> trunc() ok stream.3.4.0
1456759858574	<INFO 7fc0ad7fa700> done reset  3 4 0
1456759858577	<INFO 7fc0ad7fa700> reset  3 5 0
1456759858579	<INFO 7fc0ad7fa700> trunc() stream.3.5.0
1456759858581	<INFO 7fc0ad7fa700> trunc() ok stream.3.5.0
1456759858584	<INFO 7fc0ad7fa700> done reset  3 5 0
1456759858587	<INFO 7fc0ad7fa700> reset  3 6 0
1456759858590	<INFO 7fc0ad7fa700> trunc() stream.3.6.0
1456759858595	<INFO 7fc0ad7fa700> trunc() ok stream.3.6.0
1456759858597	<INFO 7fc0ad7fa700> done reset  3 6 0
1456759858600	<INFO 7fc0ad7fa700> reset  3 7 0
1456759858605	<INFO 7fc0ad7fa700> trunc() stream.3.7.0
1456759858607	<INFO 7fc0ad7fa700> trunc() ok stream.3.7.0
1456759858611	<INFO 7fc0ad7fa700> done reset  3 7 0
1456759858614	<INFO 7fc0ad7fa700> reset  3 8 0
1456759858617	<INFO 7fc0ad7fa700> trunc() stream.3.8.0
1456759858619	<INFO 7fc0ad7fa700> trunc() ok stream.3.8.0
1456759858622	<INFO 7fc0ad7fa700> done reset  3 8 0
1456759858629	<INFO 7fc0ad7fa700> reset  3 9 0
1456759858632	<INFO 7fc0ad7fa700> trunc() stream.3.9.0
1456759858635	<INFO 7fc0ad7fa700> trunc() ok stream.3.9.0
1456759858638	<INFO 7fc0ad7fa700> done reset  3 9 0
1456759858641	<INFO 7fc0ad7fa700> reset  3 10 0
1456759858644	<INFO 7fc0ad7fa700> trunc() stream.3.10.0
1456759858647	<INFO 7fc0ad7fa700> trunc() ok stream.3.10.0
1456759858650	<INFO 7fc0ad7fa700> done reset  3 10 0
1456759858654	<INFO 7fc0ad7fa700> reset  3 11 0
1456759858659	<INFO 7fc0ad7fa700> trunc() stream.3.11.0
1456759858662	<INFO 7fc0ad7fa700> trunc() ok stream.3.11.0
1456759858665	<INFO 7fc0ad7fa700> done reset  3 11 0
1456759858668	<INFO 7fc0ad7fa700> reset  3 12 0
1456759858671	<INFO 7fc0ad7fa700> trunc() stream.3.12.0
1456759858673	<INFO 7fc0ad7fa700> trunc() ok stream.3.12.0
1456759858676	<INFO 7fc0ad7fa700> done reset  3 12 0
1456759858680	<INFO 7fc0ad7fa700> reset  3 13 0
1456759858684	<INFO 7fc0ad7fa700> trunc() stream.3.13.0
1456759858690	<INFO 7fc0ad7fa700> trunc() ok stream.3.13.0
1456759858693	<INFO 7fc0ad7fa700> done reset  3 13 0
1456759858698	<INFO 7fc0ad7fa700> reset  3 14 0
1456759858701	<INFO 7fc0ad7fa700> trunc() stream.3.14.0
1456759858705	<INFO 7fc0ad7fa700> trunc() ok stream.3.14.0
1456759858707	<INFO 7fc0ad7fa700> done reset  3 14 0
1456759858710	<INFO 7fc0ad7fa700> reset  3 15 0
1456759858713	<INFO 7fc0ad7fa700> trunc() stream.3.15.0
1456759858716	<INFO 7fc0ad7fa700> trunc() ok stream.3.15.0
1456759858719	<INFO 7fc0ad7fa700> done reset  3 15 0
1456759926378	<INFO 7fdcc6588740> 2016-02-29 16:32:06 Completed phase 7 Bytes read 88752933144 Bytes written 20696197176
1456759926380	<INFO 7fdcc6588740> ALGORITHM::BFS::VERTICES_DISCOVERED 11722252
1456759926383	<INFO 7fdcc6588740> ALGORITHM::BFS::EDGES_EXPLORED 2865060263
1456759926386	<INFO 7fdcc6588740> CORE::PARTITIONS_PROCESSED 20856
1456759926388	<INFO 7fdcc6588740> CORE::BYTES::EDGES_STREAMED 33527342532
1456759926390	<INFO 7fdcc6588740> CORE::BYTES::UPDATES_OUT 3132124056
1456759926393	<INFO 7fdcc6588740> CORE::BYTES::UPDATES_IN 2638313256
1456759926395	<INFO 7fc0acff9700> CORE::PARTITIONS_PROCESSED 41678
1456759926398	<INFO 7fc091ffb700> CORE::PARTITIONS_PROCESSED 49194
1456759926400	<INFO 7fc0917fa700> CORE::PARTITIONS_PROCESSED 57479
1456759926402	<INFO 7fc091ffb700> CORE::BYTES::EDGES_STREAMED 31170559812
1456759926405	<INFO 7fc0927fc700> CORE::PARTITIONS_PROCESSED 49557
1456759926407	<INFO 7fc0937fe700> CORE::PARTITIONS_PROCESSED 50571
1456759926410	<INFO 7fc093fff700> CORE::PARTITIONS_PROCESSED 42430
1456759926412	<INFO 7fc091ffb700> CORE::BYTES::UPDATES_OUT 2992826120
1456759926414	<INFO 7fc0927fc700> CORE::BYTES::EDGES_STREAMED 30717337332
1456759926417	<INFO 7fc0937fe700> CORE::BYTES::EDGES_STREAMED 29111349312
1456759926419	<INFO 7fc0acff9700> CORE::BYTES::EDGES_STREAMED 26813400852
1456759926422	<INFO 7fc091ffb700> CORE::BYTES::UPDATES_IN 2136503184
1456759926424	<INFO 7fc0937fe700> CORE::BYTES::UPDATES_OUT 2775089944
1456759926426	<INFO 7fc0927fc700> CORE::BYTES::UPDATES_OUT 2942992656
1456759926429	<INFO 7fc093fff700> CORE::BYTES::EDGES_STREAMED 26769784428
1456759926431	<INFO 7fc0acff9700> CORE::BYTES::UPDATES_OUT 2542856768
1456759926433	<INFO 7fc0917fa700> CORE::BYTES::EDGES_STREAMED 32398631880
1456759926436	<INFO 7fc093fff700> CORE::BYTES::UPDATES_OUT 2569179584
1456759926438	<INFO 7fc0927fc700> CORE::BYTES::UPDATES_IN 2258643768
1456759926440	<INFO 7fc0917fa700> CORE::BYTES::UPDATES_OUT 3057429264
1456759926443	<INFO 7fc092ffd700> CORE::PARTITIONS_PROCESSED 38450
1456759926445	<INFO 7fc092ffd700> CORE::BYTES::EDGES_STREAMED 30210664500
1456759926448	<INFO 7fc0acff9700> CORE::BYTES::UPDATES_IN 1937515144
1456759926450	<INFO 7fc0917fa700> CORE::BYTES::UPDATES_IN 2609379352
1456759926452	<INFO 7fc093fff700> CORE::BYTES::UPDATES_IN 1825685248
1456759926455	<INFO 7fc092ffd700> CORE::BYTES::UPDATES_OUT 2907983712
1456759926457	<INFO 7fc0937fe700> CORE::BYTES::UPDATES_IN 1904688296
1456759926460	<INFO 7fc092ffd700> CORE::BYTES::UPDATES_IN 1883245440
1456759926462	<INFO 7fc0adffb700> SLIPSTORE service is exiting
1456759926465	<INFO 7fc0adffb700> SLIPSTORE::HELP_OFFERS_RECVD 196
1456759926467	<INFO 7fc0adffb700> SLIPSTORE::HELP_OFFERS_ACCEPTED 0
1456759926470	<INFO 7fc0adffb700> SLIPSTORE::HELP_ACCEPTANCE_RATIO 0
1456759926472	<INFO 7fc0adffb700> SLIPSTORE::SERVER_BUSY_DISK  414.227 seconds
1456759926474	<INFO 7fc0adffb700> SLIPSTORE::SERVER_BUSY_MEM  0 seconds
1456759926477	<INFO 7fc0adffb700> SLIPSTORE::SERVER_TOTAL  1445.56 seconds
1456759926479	<INFO 7fdcc6588740> SLIPSTORE::CLIENT::DISK_READ_TIME  496.856 seconds
1456759926482	<INFO 7fdcc6588740> SLIPSTORE::CLIENT::MEM_READ_TIME  0 seconds
1456759926484	<INFO 7fdcc6588740> SLIPSTORE::CLIENT::DISK_BYTES_READ 272689577316
1456759926487	<INFO 7fdcc6588740> SLIPSTORE::CLIENT::MEM_BYTES_READ 0
1456759926489	<INFO 7fdcc6588740> SLIPSTORE::CLIENT::WRITE_TIME  844.742 seconds
1456759926492	<INFO 7fdcc6588740> SLIPSTORE::CLIENT::BYTES_WRITTEN 37025926444
1456759926494	<INFO 7fdcc6588740> SLIPSTORE::CLIENT_BUSY  1341.67 seconds
1456759926497	<INFO 7fdcc6588740> SLIPSTORE::IO::TIME 231.809 seconds
1456759926499	<INFO 7fdcc6588740> SLIPSTORE::SNAP::TIME 0 seconds
1456759926502	<INFO 7fdcc6588740> SLIPSTORE::MAX_DISK_USAGE_BYTES 17072344504
1456759926504	<INFO 7fdcc6588740> CORE::RUSAGE::MAX_RSS_KB 117716500
1456759926507	<INFO 7fdcc6588740> CORE::RUSAGE::MINFLT 32371219
1456759926510	<INFO 7fdcc6588740> CORE::RUSAGE::MAJFLT 26
1456759926512	<INFO 7fdcc6588740> CORE::RUSAGE::MAJFLT 26
1456759926515	<INFO 7fdcc6588740> CORE::RUSAGE::INBLK 49015584
1456759926517	<INFO 7fdcc6588740> CORE::RUSAGE::OUBLK 40427648
1456759926520	<INFO 7fdcc6588740> CORE::UTILS::BYTES_READ 88752933144
1456759926522	<INFO 7fdcc6588740> CORE::UTILS::BYTES_WRITTEN 20696197176
1456759926525	<INFO 7fdcc6588740> CORE::UTILS::TILE_COPY_BYTES 1879048192
1456759926527	<INFO 7fdcc6588740> CORE::TIME::IO_WAIT 825.426 seconds
1456759926530	<INFO 7fdcc6588740> CORE::TIME_TILE_COPY 0 seconds
1456759926533	<INFO 7fdcc6588740> CORE::TIME_TILE_MERGE 0 seconds
1456759926535	<INFO 7fdcc6588740> CORE::TIME_PROCESSING_STOLEN 0 seconds
1456759926538	<INFO 7fdcc6588740> CORE::TIME_MERGE_WAIT 0 seconds
1456759926541	<INFO 7fdcc6588740> CORE::TIME_ALL_MC_BARRIER 2.26736 seconds
1456759926544	<INFO 7fdcc6588740> CORE::PHASES 7
1456759926546	<INFO 7fdcc6588740> CORE::TIME::SETUP 2.18991 seconds
1456759926549	<INFO 7fdcc6588740> CORE::TIME::WALL 1445.78 seconds
1456759926552	<INFO 7fdcc6588740> SHUTDOWN
