1463256721304	<INFO 7fdb410f6780> 2016-05-14 22:12:01 STARTUP
1463256721306	<INFO 7fdb410f6780> CORE::GRAPH rmat-28-und_s8
1463256721309	<INFO 7fdb410f6780> CORE::ALGORITHM bfs
1463256721311	<INFO 7fdb410f6780> CORE::VERTEX_STRIPING OFF
1463256721313	<INFO 7fdb410f6780> CORE::OPTIMIZED_STATE_LOAD_STORE OFF
1463256721316	<INFO 7fdb410f6780> CORE::BINARY_SEARCH_SUPER_PARTITION ON
1463256721318	<INFO 7fdb410f6780> CORE::SUPER_PARTITION_COMPUTED_FOR_EACH_SCATTER_GATHER_PHASE
1463256721320	<INFO 7fdb410f6780> CORE::EDGE_STRIPING ON
1463256721323	<INFO 7fdb410f6780> CORE::BATCH IO ON
1463256721325	<INFO 7fdb410f6780> CORE::GRID_PARTITIONING OFF
1463256721327	<INFO 7fdb410f6780> 2016-05-14 22:12:01 Blocking memory amount 126701535232
1463256828309	<INFO 7fdb410f6780> 2016-05-14 22:13:48 Done blocking memory
1463256828312	<INFO 7fdb410f6780> SG-DRIVER-ORIGINAL
1463256828314	<INFO 7fdb410f6780> 2016-05-14 22:13:48 START read config parameters
1463256828317	<INFO 7fdb410f6780> PARTITIONING::OLD 0
1463256828319	<INFO 7fdb410f6780> PARTITIONING::BALANCED_PARTITIONS 0
1463256828321	<INFO 7fdb410f6780> CORE::CONFIG::PROCESSORS 8
1463256828324	<INFO 7fdb410f6780> CORE::CONFIG::PHYSICAL_MEMORY 2147483648
1463256828326	<INFO 7fdb410f6780> CORE::CONFIG::VERTICES 268435456
1463256828328	<INFO 7fdb410f6780> CORE::CONFIG::VERTEX_SIZE 8
1463256828330	<INFO 7fdb410f6780> CORE::CONFIG::VERTEX_BUFFER 901537776
1463256828333	<INFO 7fdb410f6780> CORE::CONFIG::EDGES 1073741824
1463256828335	<INFO 7fdb410f6780> CORE::CONFIG::PARTITIONS 64
1463256828337	<INFO 7fdb410f6780> CORE::CONFIG::FANOUT 64
1463256828339	<INFO 7fdb410f6780> CORE::CONFIG::SUPER_PARTITIONS 8
1463256828342	<INFO 7fdb410f6780> CORE::CONFIG::MACHINE_ID 5
1463256828344	<INFO 7fdb410f6780> CORE::CONFIG::TILES 1
1463256828346	<INFO 7fdb410f6780> CORE::CONFIG::BUFFER_SIZE 249188048
1463256828349	<INFO 7fdb410f6780> CORE::CONFIG::MAX_BUFFERS 4
1463256828351	<INFO 7fdb410f6780> CORE::CONFIG::MAX_STREAMS 4
1463256828353	<INFO 7fdb410f6780> CORE::CONFIG::SUM_OF_OUT_DEGREES_FOR_NEW_PARTITIONS::FIRST_CONSTRAINT 0
1463256828355	<INFO 7fdb410f6780> CORE::CONFIG::MAX_EDGES_PER_NEW_PARTITION::SECOND_CONSTRAINT 0
1463256828358	<INFO 7fdb410f6780> SLIPSTREAM::EXT_MEM_SHUFFLE OFF
1463256828360	<INFO 7fdb410f6780> 2016-05-14 22:13:48 END read config parameters
1463256830058	<WARNING 7fdb410f6780> Unable to unlink file (stream.0.0.0):No such file or directory
1463256830061	<WARNING 7fdb410f6780> Unable to unlink file (stream.0.1.0):No such file or directory
1463256830064	<WARNING 7fdb410f6780> Unable to unlink file (stream.0.2.0):No such file or directory
1463256830066	<WARNING 7fdb410f6780> Unable to unlink file (stream.0.3.0):No such file or directory
1463256830068	<WARNING 7fdb410f6780> Unable to unlink file (stream.0.4.0):No such file or directory
1463256830071	<WARNING 7fdb410f6780> Unable to unlink file (stream.0.5.0):No such file or directory
1463256830073	<WARNING 7fdb410f6780> Unable to unlink file (stream.0.6.0):No such file or directory
1463256830075	<WARNING 7fdb410f6780> Unable to unlink file (stream.0.7.0):No such file or directory
1463256830078	<WARNING 7fdb410f6780> Unable to unlink file (stream.1.1.0):No such file or directory
1463256830080	<WARNING 7fdb410f6780> Unable to unlink file (stream.1.2.0):No such file or directory
1463256830083	<WARNING 7fdb410f6780> Unable to unlink file (stream.1.3.0):No such file or directory
1463256830085	<WARNING 7fdb410f6780> Unable to unlink file (stream.1.4.0):No such file or directory
1463256830088	<WARNING 7fdb410f6780> Unable to unlink file (stream.1.5.0):No such file or directory
1463256830090	<WARNING 7fdb410f6780> Unable to unlink file (stream.1.6.0):No such file or directory
1463256830094	<WARNING 7fdb410f6780> Unable to unlink file (stream.1.7.0):No such file or directory
1463256830097	<WARNING 7fdb410f6780> Unable to unlink file (stream.2.0.0):No such file or directory
1463256830099	<WARNING 7fdb410f6780> Unable to unlink file (stream.2.1.0):No such file or directory
1463256830102	<WARNING 7fdb410f6780> Unable to unlink file (stream.2.2.0):No such file or directory
1463256830105	<WARNING 7fdb410f6780> Unable to unlink file (stream.2.3.0):No such file or directory
1463256830107	<WARNING 7fdb410f6780> Unable to unlink file (stream.2.4.0):No such file or directory
1463256830109	<WARNING 7fdb410f6780> Unable to unlink file (stream.2.5.0):No such file or directory
1463256830112	<WARNING 7fdb410f6780> Unable to unlink file (stream.2.6.0):No such file or directory
1463256830115	<WARNING 7fdb410f6780> Unable to unlink file (stream.2.7.0):No such file or directory
1463256830117	<WARNING 7fdb410f6780> Unable to unlink file (stream.3.0.0):No such file or directory
1463256830120	<WARNING 7fdb410f6780> Unable to unlink file (stream.3.1.0):No such file or directory
1463256830122	<WARNING 7fdb410f6780> Unable to unlink file (stream.3.2.0):No such file or directory
1463256830124	<WARNING 7fdb410f6780> Unable to unlink file (stream.3.3.0):No such file or directory
1463256830127	<WARNING 7fdb410f6780> Unable to unlink file (stream.3.4.0):No such file or directory
1463256830129	<WARNING 7fdb410f6780> Unable to unlink file (stream.3.5.0):No such file or directory
1463256830131	<WARNING 7fdb410f6780> Unable to unlink file (stream.3.6.0):No such file or directory
1463256830134	<WARNING 7fdb410f6780> Unable to unlink file (stream.3.7.0):No such file or directory
1463256830136	<INFO 7fdb410f6780> SLIPSTORE::ZMQ_THREADS 2
1463256830138	<INFO 7fdb410f6780> SLIPSTORE::COMM Connecting to tcp://dco-node137-10g:5016
1463256830140	<INFO 7fdb410f6780> SLIPSTORE::COMM Connecting to tcp://dco-node138-10g:5034
1463256830143	<INFO 7fdb410f6780> SLIPSTORE::COMM Connecting to tcp://dco-node139-10g:5052
1463256830145	<INFO 7fdb410f6780> SLIPSTORE::COMM Connecting to tcp://dco-node140-10g:5070
1463256830147	<INFO 7fdb410f6780> SLIPSTORE::COMM Connecting to tcp://dco-node141-10g:5088
1463256830149	<INFO 7fdb410f6780> SLIPSTORE::COMM Connecting to tcp://dco-node142-10g:5106
1463256830152	<INFO 7fdb410f6780> SLIPSTORE::COMM Connecting to tcp://dco-node143-10g:5124
1463256830154	<INFO 7fdb410f6780> SLIPSTORE::COMM Connecting to tcp://dco-node144-10g:5142
1463256830156	<INFO 7fdb410f6780> SLIPSTORE::COMM Listening at tcp://p1p1:5098
1463256830159	<INFO 7fdb410f6780> SLIPSTORE::COMM Listening at tcp://p1p1:5099
1463256830162	<INFO 7fdb410f6780> SLIPSTORE::COMM Listening at tcp://p1p1:5100
1463256830164	<INFO 7fdb410f6780> SLIPSTORE::COMM Listening at tcp://p1p1:5101
1463256830167	<INFO 7fdb410f6780> SLIPSTORE::COMM Listening at tcp://p1p1:5102
1463256830169	<INFO 7fdb410f6780> SLIPSTORE::COMM Listening at ipc://client
1463256830171	<INFO 7fdb410f6780> SLIPSTORE::COMM Listening at tcp://p1p1:5104
1463256830173	<INFO 7fdb410f6780> SLIPSTORE::COMM Listening at tcp://p1p1:5105
1463256830176	<INFO 7fdb410f6780> SLIPSTORE::COMM Connecting to tcp://dco-node137-10g:5016
1463256830178	<INFO 7fdb410f6780> SLIPSTORE::COMM Connecting to tcp://dco-node138-10g:5034
1463256830180	<INFO 7fdb410f6780> SLIPSTORE::COMM Connecting to tcp://dco-node139-10g:5052
1463256830183	<INFO 7fdb410f6780> SLIPSTORE::COMM Connecting to tcp://dco-node140-10g:5070
1463256830185	<INFO 7fdb410f6780> SLIPSTORE::COMM Connecting to tcp://dco-node141-10g:5088
1463256830187	<INFO 7fdb410f6780> SLIPSTORE::COMM Connecting to tcp://dco-node142-10g:5106
1463256830190	<INFO 7fdb410f6780> SLIPSTORE::COMM Connecting to tcp://dco-node143-10g:5124
1463256830192	<INFO 7fdb410f6780> SLIPSTORE::COMM Connecting to tcp://dco-node144-10g:5142
1463256830194	<INFO 7fdb410f6780> SLIPSTORE::COMM Connecting to tcp://dco-node137-10g:5005
1463256830196	<INFO 7fdb410f6780> SLIPSTORE::COMM Connecting to tcp://dco-node138-10g:5023
1463256830199	<INFO 7fdb410f6780> SLIPSTORE::COMM Connecting to tcp://dco-node139-10g:5041
1463256830201	<INFO 7fdb410f6780> SLIPSTORE::COMM Connecting to tcp://dco-node140-10g:5059
1463256830203	<INFO 7fdb410f6780> SLIPSTORE::COMM Connecting to tcp://dco-node141-10g:5077
1463256830205	<INFO 7fdb410f6780> SLIPSTORE::COMM Connecting to ipc://server
1463256830207	<INFO 7fdb410f6780> SLIPSTORE::COMM Connecting to tcp://dco-node143-10g:5113
1463256830210	<INFO 7fdb410f6780> SLIPSTORE::COMM Connecting to tcp://dco-node144-10g:5131
1463256830212	<INFO 7fdb410f6780> SLIPSTORE::COMM Connecting to tcp://dco-node143-10g:5125
1463256830214	<INFO 7fdb410f6780> SLIPSTORE::COMM Listening at tcp://p1p1:5107
1463256830216	<INFO 7fdb410f6780> SLIPSTORE::COMM Connecting to tcp://dco-node142-10g:5106
1463256830218	<INFO 7fdb410f6780> SLIPSTORE::HELP_POLICY NONE
1463256830220	<INFO 7fdb410f6780> SLIPSTORE::SERVER ASYNC
1463256830222	<INFO 7fdb410f6780> SLIPSTORE::MACHINES 8
1463256830224	<INFO 7fdb410f6780> SLIPSTORE::ME 5
1463256830226	<INFO 7fdb410f6780> SLIPSTORE::SLIPCHUNK 4194304
1463256830228	<INFO 7fdb410f6780> SLIPSTORE::QUOTA 18446744073709551615
1463256830231	<INFO 7fdb410f6780> SLIPSTORE::IO PAGECACHE
1463256830233	<INFO 7fbd237fd700> SLIPSTORE::COMM Listening at tcp://p1p1:5106
1463256830236	<INFO 7fbd237fd700> SLIPSTORE::COMM Listening at tcp://p1p1:5090
1463256830238	<INFO 7fbd237fd700> SLIPSTORE::COMM Connecting to tcp://dco-node137-10g:5013
1463256830241	<INFO 7fbd237fd700> SLIPSTORE::COMM Listening at tcp://p1p1:5091
1463256830243	<INFO 7fbd237fd700> SLIPSTORE::COMM Connecting to tcp://dco-node138-10g:5031
1463256830245	<INFO 7fbd237fd700> SLIPSTORE::COMM Listening at tcp://p1p1:5092
1463256830247	<INFO 7fbd237fd700> SLIPSTORE::COMM Connecting to tcp://dco-node139-10g:5049
1463256830250	<INFO 7fbd237fd700> SLIPSTORE::COMM Listening at tcp://p1p1:5093
1463256830252	<INFO 7fbd237fd700> SLIPSTORE::COMM Connecting to tcp://dco-node140-10g:5067
1463256830254	<INFO 7fbd237fd700> SLIPSTORE::COMM Listening at tcp://p1p1:5094
1463256830256	<INFO 7fbd237fd700> SLIPSTORE::COMM Connecting to tcp://dco-node141-10g:5085
1463256830258	<INFO 7fbd237fd700> SLIPSTORE::COMM Listening at ipc://server
1463256830260	<INFO 7fbd237fd700> SLIPSTORE::COMM Connecting to ipc://client
1463256830263	<INFO 7fbd237fd700> SLIPSTORE::COMM Listening at tcp://p1p1:5096
1463256830265	<INFO 7fbd237fd700> SLIPSTORE::COMM Connecting to tcp://dco-node143-10g:5121
1463256830267	<INFO 7fbd237fd700> SLIPSTORE::COMM Listening at tcp://p1p1:5097
1463256830269	<INFO 7fbd237fd700> SLIPSTORE::COMM Connecting to tcp://dco-node144-10g:5139
1463256831308	<INFO 7fdb410f6780> SLIPSTORE::CHECKPOINTS NONE FOUND
1463256831310	<INFO 7fdb410f6780> 2016-05-14 22:13:51 Start edge split
1463257034953	<INFO 7fdb410f6780> 2016-05-14 22:17:14 Completed init
1463257037423	<INFO 7fdb410f6780> 2016-05-14 22:17:17 Started gather
1463257039903	<INFO 7fdb410f6780> 2016-05-14 22:17:19 Completed gather
1463257042787	<INFO 7fdb410f6780> 2016-05-14 22:17:22 Started scatter
1463257131250	<INFO 7fdb410f6780> 2016-05-14 22:18:51 Completed scatter
1463257134055	<INFO 7fdb410f6780> 2016-05-14 22:18:54 Completed phase 1 Bytes read 27181165952 Bytes written 14300226448
1463257134075	<INFO 7fdb410f6780> 2016-05-14 22:18:54 Started gather
1463257136553	<INFO 7fdb410f6780> 2016-05-14 22:18:56 Completed gather
1463257139503	<INFO 7fdb410f6780> 2016-05-14 22:18:59 Started scatter
1463257282180	<INFO 7fdb410f6780> 2016-05-14 22:21:22 Completed scatter
1463257295876	<INFO 7fdb410f6780> 2016-05-14 22:21:35 Completed phase 2 Bytes read 41481392400 Bytes written 19566663072
1463257295900	<INFO 7fdb410f6780> 2016-05-14 22:21:35 Started gather
1463257333730	<INFO 7fdb410f6780> 2016-05-14 22:22:13 Completed gather
1463257341843	<INFO 7fdb410f6780> 2016-05-14 22:22:21 Started scatter
1463257490918	<INFO 7fdb410f6780> 2016-05-14 22:24:50 Completed scatter
1463257494368	<INFO 7fdb410f6780> 2016-05-14 22:24:54 Completed phase 3 Bytes read 60540843936 Bytes written 23877278888
1463257494387	<INFO 7fdb410f6780> 2016-05-14 22:24:54 Started gather
1463257520837	<INFO 7fdb410f6780> 2016-05-14 22:25:20 Completed gather
1463257537379	<INFO 7fdb410f6780> 2016-05-14 22:25:37 Started scatter
1463257625930	<INFO 7fdb410f6780> 2016-05-14 22:27:05 Completed scatter
1463257629938	<INFO 7fdb410f6780> 2016-05-14 22:27:09 Completed phase 4 Bytes read 78644474664 Bytes written 24401580720
1463257629962	<INFO 7fdb410f6780> 2016-05-14 22:27:09 Started gather
1463257632642	<INFO 7fdb410f6780> 2016-05-14 22:27:12 Completed gather
1463257635579	<INFO 7fdb410f6780> 2016-05-14 22:27:15 Started scatter
1463257725169	<INFO 7fdb410f6780> 2016-05-14 22:28:45 Completed scatter
1463257729996	<INFO 7fdb410f6780> 2016-05-14 22:28:49 Completed phase 5 Bytes read 92961791408 Bytes written 24904879864
1463257730020	<INFO 7fdb410f6780> 2016-05-14 22:28:50 Started gather
1463257732556	<INFO 7fdb410f6780> 2016-05-14 22:28:52 Completed gather
1463257735052	<INFO 7fdb410f6780> 2016-05-14 22:28:55 Started scatter
1463257822397	<INFO 7fdb410f6780> 2016-05-14 22:30:22 Completed scatter
1463257831434	<INFO 7fdb410f6780> 2016-05-14 22:30:31 Completed phase 6 Bytes read 107258105464 Bytes written 25408129104
1463257831455	<INFO 7fdb410f6780> 2016-05-14 22:30:31 Started gather
1463257833902	<INFO 7fdb410f6780> 2016-05-14 22:30:33 Completed gather
1463257836831	<INFO 7fdb410f6780> 2016-05-14 22:30:36 Started scatter
1463257924109	<INFO 7fdb410f6780> 2016-05-14 22:32:04 Completed scatter
1463257931222	<INFO 7fdb410f6780> 2016-05-14 22:32:11 Completed phase 7 Bytes read 121554369616 Bytes written 25911378256
1463257931224	<INFO 7fdb410f6780> ALGORITHM::BFS::VERTICES_DISCOVERED 27068782
1463257931226	<INFO 7fdb410f6780> ALGORITHM::BFS::EDGES_EXPLORED 1034250567
1463257931229	<INFO 7fdb410f6780> CORE::PARTITIONS_PROCESSED 275
1463257931232	<INFO 7fdb410f6780> CORE::BYTES::EDGES_STREAMED 9138270576
1463257931234	<INFO 7fdb410f6780> CORE::BYTES::UPDATES_OUT 850448944
1463257931236	<INFO 7fdb410f6780> CORE::BYTES::UPDATES_IN 869357344
1463257931238	<INFO 7fbd17fff700> CORE::PARTITIONS_PROCESSED 352
1463257931241	<INFO 7fbd17fff700> CORE::BYTES::EDGES_STREAMED 9995853300
1463257931244	<INFO 7fbd17fff700> CORE::BYTES::UPDATES_OUT 960851744
1463257931246	<INFO 7fbd17fff700> CORE::BYTES::UPDATES_IN 931856248
1463257931248	<INFO 7fbd217f9700> CORE::PARTITIONS_PROCESSED 264
1463257931251	<INFO 7fbd21ffa700> CORE::PARTITIONS_PROCESSED 368
1463257931253	<INFO 7fbd177fe700> CORE::PARTITIONS_PROCESSED 441
1463257931255	<INFO 7fbd227fb700> CORE::PARTITIONS_PROCESSED 284
1463257931258	<INFO 7fbd16ffd700> CORE::PARTITIONS_PROCESSED 45
1463257931260	<INFO 7fbd217f9700> CORE::BYTES::EDGES_STREAMED 10507393092
1463257931262	<INFO 7fbd21ffa700> CORE::BYTES::EDGES_STREAMED 10202402232
1463257931265	<INFO 7fbd20ff8700> CORE::PARTITIONS_PROCESSED 357
1463257931267	<INFO 7fbd217f9700> CORE::BYTES::UPDATES_OUT 1000820608
1463257931269	<INFO 7fbd177fe700> CORE::BYTES::EDGES_STREAMED 10521862500
1463257931271	<INFO 7fbd21ffa700> CORE::BYTES::UPDATES_OUT 977214576
1463257931274	<INFO 7fbd20ff8700> CORE::BYTES::EDGES_STREAMED 9809072652
1463257931276	<INFO 7fbd16ffd700> CORE::BYTES::EDGES_STREAMED 16323841848
1463257931278	<INFO 7fbd217f9700> CORE::BYTES::UPDATES_IN 997135000
1463257931281	<INFO 7fbd21ffa700> CORE::BYTES::UPDATES_IN 995005016
1463257931283	<INFO 7fbd177fe700> CORE::BYTES::UPDATES_OUT 980612632
1463257931285	<INFO 7fbd227fb700> CORE::BYTES::EDGES_STREAMED 10379947344
1463257931288	<INFO 7fbd16ffd700> CORE::BYTES::UPDATES_OUT 1576118464
1463257931290	<INFO 7fbd20ff8700> CORE::BYTES::UPDATES_OUT 944089944
1463257931292	<INFO 7fbd177fe700> CORE::BYTES::UPDATES_IN 970815328
1463257931295	<INFO 7fbd16ffd700> CORE::BYTES::UPDATES_IN 1595825608
1463257931297	<INFO 7fbd20ff8700> CORE::BYTES::UPDATES_IN 963072648
1463257931299	<INFO 7fbd227fb700> CORE::BYTES::UPDATES_OUT 983847624
1463257931301	<INFO 7fbd227fb700> CORE::BYTES::UPDATES_IN 950937344
1463257931303	<INFO 7fbd237fd700> SLIPSTORE service is exiting
1463257931306	<INFO 7fbd237fd700> SLIPSTORE::HELP_OFFERS_RECVD 98
1463257931308	<INFO 7fbd237fd700> SLIPSTORE::HELP_OFFERS_ACCEPTED 0
1463257931310	<INFO 7fbd237fd700> SLIPSTORE::HELP_ACCEPTANCE_RATIO 0
1463257931312	<INFO 7fbd237fd700> SLIPSTORE::SERVER_BUSY_DISK  958.971 seconds
1463257931315	<INFO 7fbd237fd700> SLIPSTORE::SERVER_BUSY_MEM  0 seconds
1463257931318	<INFO 7fbd237fd700> SLIPSTORE::SERVER_TOTAL  1101.14 seconds
1463257931320	<INFO 7fdb410f6780> SLIPSTORE::CLIENT::DISK_READ_TIME  807.99 seconds
1463257931323	<INFO 7fdb410f6780> SLIPSTORE::CLIENT::MEM_READ_TIME  0 seconds
1463257931325	<INFO 7fdb410f6780> SLIPSTORE::CLIENT::DISK_BYTES_READ 115083025808
1463257931327	<INFO 7fdb410f6780> SLIPSTORE::CLIENT::MEM_BYTES_READ 0
1463257931330	<INFO 7fdb410f6780> SLIPSTORE::CLIENT::WRITE_TIME  207.466 seconds
1463257931332	<INFO 7fdb410f6780> SLIPSTORE::CLIENT::BYTES_WRITTEN 4025993216
1463257931334	<INFO 7fdb410f6780> SLIPSTORE::CLIENT_BUSY  1015.46 seconds
1463257931336	<INFO 7fdb410f6780> SLIPSTORE::IO::TIME 768.781 seconds
1463257931339	<INFO 7fdb410f6780> SLIPSTORE::SNAP::TIME 0 seconds
1463257931341	<INFO 7fdb410f6780> SLIPSTORE::MAX_DISK_USAGE_BYTES 18556202384
1463257931343	<INFO 7fdb410f6780> CORE::RUSAGE::MAX_RSS_KB 125934164
1463257931345	<INFO 7fdb410f6780> CORE::RUSAGE::MINFLT 64681098
1463257931348	<INFO 7fdb410f6780> CORE::RUSAGE::MAJFLT 3
1463257931350	<INFO 7fdb410f6780> CORE::RUSAGE::MAJFLT 3
1463257931352	<INFO 7fdb410f6780> CORE::RUSAGE::INBLK 222788080
1463257931354	<INFO 7fdb410f6780> CORE::RUSAGE::OUBLK 50613520
1463257931357	<INFO 7fdb410f6780> CORE::UTILS::BYTES_READ 121554369616
1463257931359	<INFO 7fdb410f6780> CORE::UTILS::BYTES_WRITTEN 25911378256
1463257931361	<INFO 7fdb410f6780> CORE::UTILS::TILE_COPY_BYTES 7045488128
1463257931364	<INFO 7fdb410f6780> CORE::TIME::IO_WAIT 826.793 seconds
1463257931367	<INFO 7fdb410f6780> CORE::TIME_TILE_COPY 0 seconds
1463257931369	<INFO 7fdb410f6780> CORE::TIME_TILE_MERGE 0 seconds
1463257931371	<INFO 7fdb410f6780> CORE::TIME_PROCESSING_STOLEN 0 seconds
1463257931373	<INFO 7fdb410f6780> CORE::TIME_MERGE_WAIT 0 seconds
1463257931376	<INFO 7fdb410f6780> CORE::OTHER_TIME_ALL_MC_BARRIER 0 seconds
1463257931378	<INFO 7fdb410f6780> CORE::SCATTER_TIME_ALL_MC_BARRIER 43.1697 seconds
1463257931380	<INFO 7fdb410f6780> CORE::GATHER_TIME_ALL_MC_BARRIER 0.015843 seconds
1463257931382	<INFO 7fdb410f6780> CORE::INIT_TIME_ALL_MC_BARRIER 1.76791 seconds
1463257931385	<INFO 7fdb410f6780> CORE::SHUT_DOWN_TIME_ALL_MC_BARRIER 0.005837 seconds
1463257931387	<INFO 7fdb410f6780> CORE::STREAM_SKIP_BEFORE_TIME_ALL_MC_BARRIER 1.30657 seconds
1463257931389	<INFO 7fdb410f6780> CORE::TAKE_CHECKPOINT_BEFORE_TIME_ALL_MC_BARRIER 0 seconds
1463257931391	<INFO 7fdb410f6780> CORE::TAKE_CHECKPOINT_COMPLETE_TIME_ALL_MC_BARRIER 0 seconds
1463257931394	<INFO 7fdb410f6780> CORE::METADATA_WRITE_COMPLETE_TIME_ALL_MC_BARRIER 0 seconds
1463257931397	<INFO 7fdb410f6780> CORE::STREAM_EOF_BEFORE_TIME_ALL_MC_BARRIER 0 seconds
1463257931399	<INFO 7fdb410f6780> CORE::STREAM_EOF_AFTER_TIME_ALL_MC_BARRIER 0 seconds
1463257931401	<INFO 7fdb410f6780> CORE::STATE_LOAD_TIME_ALL_MC_BARRIER 0 seconds
1463257931403	<INFO 7fdb410f6780> CORE::STATE_STORE_TIME_ALL_MC_BARRIER 0 seconds
1463257931406	<INFO 7fdb410f6780> CORE::PHASES 7
1463257931409	<INFO 7fdb410f6780> CORE::TIME::SETUP 3.0078 seconds
1463257931411	<INFO 7fdb410f6780> CORE::TIME::INIT_PARTITIONS_TIME 203.645 seconds
1463257931414	<INFO 7fdb410f6780> CORE::TIME::STATE_ITER 1.17336 seconds
1463257931416	<INFO 7fdb410f6780> CORE::TIME::GATHER 117.025 seconds
1463257931419	<INFO 7fdb410f6780> CORE::TIME::SCATTER 777.809 seconds
1463257931421	<INFO 7fdb410f6780> CORE::TIME::WALL 1102.92 seconds
1463257931423	<INFO 7fdb410f6780> SHUTDOWN
