1456489586570	<INFO 7f6cb70c0740> 2016-02-26 13:26:26 STARTUP
1456489586573	<INFO 7f6cb70c0740> CORE::GRAPH rmat-30-und_s8
1456489586577	<INFO 7f6cb70c0740> CORE::ALGORITHM bfs
1456489586581	<INFO 7f6cb70c0740> CORE::VERTEX_STRIPING ON
1456489586584	<INFO 7f6cb70c0740> 2016-02-26 13:26:26 Blocking memory amount 128849018880
1456489696005	<INFO 7f6cb70c0740> 2016-02-26 13:28:16 Done blocking memory
1456489696009	<INFO 7f6cb70c0740> SG-DRIVER-ORIGINAL
1456489696013	<INFO 7f6cb70c0740> CORE::CONFIG::PROCESSORS 8
1456489696016	<INFO 7f6cb70c0740> CORE::CONFIG::PHYSICAL_MEMORY 4294967296
1456489696019	<INFO 7f6cb70c0740> CORE::CONFIG::VERTICES 1073741824
1456489696023	<INFO 7f6cb70c0740> CORE::CONFIG::VERTEX_SIZE 8
1456489696027	<INFO 7f6cb70c0740> CORE::CONFIG::VERTEX_BUFFER 1073741824
1456489696030	<INFO 7f6cb70c0740> CORE::CONFIG::EDGES 4294967296
1456489696033	<INFO 7f6cb70c0740> CORE::CONFIG::PARTITIONS 64
1456489696037	<INFO 7f6cb70c0740> CORE::CONFIG::FANOUT 64
1456489696040	<INFO 7f6cb70c0740> CORE::CONFIG::SUPER_PARTITIONS 8
1456489696044	<INFO 7f6cb70c0740> CORE::CONFIG::TILES 1
1456489696047	<INFO 7f6cb70c0740> CORE::CONFIG::BUFFER_SIZE 644243968
1456489696051	<INFO 7f6cb70c0740> CORE::CONFIG::MAX_BUFFERS 4
1456489696054	<INFO 7f6cb70c0740> CORE::CONFIG::MAX_STREAMS 4
1456489696058	<INFO 7f6cb70c0740> SLIPSTREAM::EXT_MEM_SHUFFLE OFF
1456489700694	<INFO 7f6cb70c0740> SLIPSTORE::ZMQ_THREADS 2
1456489700706	<INFO 7f6cb70c0740> SLIPSTORE::COMM Connecting to tcp://dco-node137-10g:5016
1456489700724	<INFO 7f6cb70c0740> SLIPSTORE::COMM Connecting to tcp://dco-node138-10g:5034
1456489700727	<INFO 7f6cb70c0740> SLIPSTORE::COMM Connecting to tcp://dco-node139-10g:5052
1456489700731	<INFO 7f6cb70c0740> SLIPSTORE::COMM Connecting to tcp://dco-node140-10g:5070
1456489700735	<INFO 7f6cb70c0740> SLIPSTORE::COMM Connecting to tcp://dco-node141-10g:5088
1456489700738	<INFO 7f6cb70c0740> SLIPSTORE::COMM Connecting to tcp://dco-node142-10g:5106
1456489700742	<INFO 7f6cb70c0740> SLIPSTORE::COMM Connecting to tcp://dco-node143-10g:5124
1456489700747	<INFO 7f6cb70c0740> SLIPSTORE::COMM Connecting to tcp://dco-node144-10g:5142
1456489700751	<INFO 7f6cb70c0740> SLIPSTORE::COMM Listening at tcp://ens1f0:5134
1456489700755	<INFO 7f6cb70c0740> SLIPSTORE::COMM Listening at tcp://ens1f0:5135
1456489700759	<INFO 7f6cb70c0740> SLIPSTORE::COMM Listening at tcp://ens1f0:5136
1456489700763	<INFO 7f6cb70c0740> SLIPSTORE::COMM Listening at tcp://ens1f0:5137
1456489700768	<INFO 7f6cb70c0740> SLIPSTORE::COMM Listening at tcp://ens1f0:5138
1456489700772	<INFO 7f6cb70c0740> SLIPSTORE::COMM Listening at tcp://ens1f0:5139
1456489700776	<INFO 7f6cb70c0740> SLIPSTORE::COMM Listening at tcp://ens1f0:5140
1456489700780	<INFO 7f6cb70c0740> SLIPSTORE::COMM Listening at ipc://client
1456489700784	<INFO 7f6cb70c0740> SLIPSTORE::COMM Connecting to tcp://dco-node137-10g:5016
1456489700788	<INFO 7f6cb70c0740> SLIPSTORE::COMM Connecting to tcp://dco-node138-10g:5034
1456489700791	<INFO 7f6cb70c0740> SLIPSTORE::COMM Connecting to tcp://dco-node139-10g:5052
1456489700796	<INFO 7f6cb70c0740> SLIPSTORE::COMM Connecting to tcp://dco-node140-10g:5070
1456489700800	<INFO 7f6cb70c0740> SLIPSTORE::COMM Connecting to tcp://dco-node141-10g:5088
1456489700804	<INFO 7f6cb70c0740> SLIPSTORE::COMM Connecting to tcp://dco-node142-10g:5106
1456489700808	<INFO 7f6cb70c0740> SLIPSTORE::COMM Connecting to tcp://dco-node143-10g:5124
1456489700812	<INFO 7f6cb70c0740> SLIPSTORE::COMM Connecting to tcp://dco-node144-10g:5142
1456489700816	<INFO 7f6cb70c0740> SLIPSTORE::COMM Connecting to tcp://dco-node137-10g:5007
1456489700820	<INFO 7f6cb70c0740> SLIPSTORE::COMM Connecting to tcp://dco-node138-10g:5025
1456489700825	<INFO 7f6cb70c0740> SLIPSTORE::COMM Connecting to tcp://dco-node139-10g:5043
1456489700829	<INFO 7f6cb70c0740> SLIPSTORE::COMM Connecting to tcp://dco-node140-10g:5061
1456489700833	<INFO 7f6cb70c0740> SLIPSTORE::COMM Connecting to tcp://dco-node141-10g:5079
1456489700837	<INFO 7f6cb70c0740> SLIPSTORE::COMM Connecting to tcp://dco-node142-10g:5097
1456489700841	<INFO 7f6cb70c0740> SLIPSTORE::COMM Connecting to tcp://dco-node143-10g:5115
1456489700845	<INFO 7f6cb70c0740> SLIPSTORE::COMM Connecting to ipc://server
1456489700849	<INFO 7f6cb70c0740> SLIPSTORE::COMM Connecting to tcp://dco-node137-10g:5017
1456489700853	<INFO 7f6cb70c0740> SLIPSTORE::COMM Listening at tcp://ens1f0:5143
1456489700856	<INFO 7f6cb70c0740> SLIPSTORE::COMM Connecting to tcp://dco-node144-10g:5142
1456489700860	<INFO 7f6cb70c0740> SLIPSTORE::HELP_POLICY HEURISTIC_NEW
1456489700864	<INFO 7f6cb70c0740> SLIPSTORE::SERVER ASYNC
1456489700867	<INFO 7f6cb70c0740> SLIPSTORE::MACHINES 8
1456489700870	<INFO 7f6cb70c0740> SLIPSTORE::ME 7
1456489700874	<INFO 7f6cb70c0740> SLIPSTORE::SLIPCHUNK 4194304
1456489700878	<INFO 7f6cb70c0740> SLIPSTORE::QUOTA 18446744073709551615
1456489700882	<INFO 7f6cb70c0740> SLIPSTORE::IO PAGECACHE
1456489700886	<INFO 7f4da0ff4700> SLIPSTORE::COMM Listening at tcp://ens1f0:5142
1456489700889	<INFO 7f4da0ff4700> SLIPSTORE::COMM Listening at tcp://ens1f0:5126
1456489700892	<INFO 7f4da0ff4700> SLIPSTORE::COMM Connecting to tcp://dco-node137-10g:5015
1456489700895	<INFO 7f4da0ff4700> SLIPSTORE::COMM Listening at tcp://ens1f0:5127
1456489700900	<INFO 7f4da0ff4700> SLIPSTORE::COMM Connecting to tcp://dco-node138-10g:5033
1456489700903	<INFO 7f4da0ff4700> SLIPSTORE::COMM Listening at tcp://ens1f0:5128
1456489700907	<INFO 7f4da0ff4700> SLIPSTORE::COMM Connecting to tcp://dco-node139-10g:5051
1456489700911	<INFO 7f4da0ff4700> SLIPSTORE::COMM Listening at tcp://ens1f0:5129
1456489700916	<INFO 7f4da0ff4700> SLIPSTORE::COMM Connecting to tcp://dco-node140-10g:5069
1456489700919	<INFO 7f4da0ff4700> SLIPSTORE::COMM Listening at tcp://ens1f0:5130
1456489700923	<INFO 7f4da0ff4700> SLIPSTORE::COMM Connecting to tcp://dco-node141-10g:5087
1456489700927	<INFO 7f4da0ff4700> SLIPSTORE::COMM Listening at tcp://ens1f0:5131
1456489700930	<INFO 7f4da0ff4700> SLIPSTORE::COMM Connecting to tcp://dco-node142-10g:5105
1456489700935	<INFO 7f4da0ff4700> SLIPSTORE::COMM Listening at tcp://ens1f0:5132
1456489700939	<INFO 7f4da0ff4700> SLIPSTORE::COMM Connecting to tcp://dco-node143-10g:5123
1456489700943	<INFO 7f4da0ff4700> SLIPSTORE::COMM Listening at ipc://server
1456489700947	<INFO 7f4da0ff4700> SLIPSTORE::COMM Connecting to ipc://client
1456489702210	<INFO 7f6cb70c0740> SLIPSTORE::CHECKPOINTS NONE FOUND
