1462399916771	<INFO 7f636784d780> 2016-05-05 00:11:56 STARTUP
1462399916773	<INFO 7f636784d780> CORE::GRAPH rmat-28_s8
1462399916776	<INFO 7f636784d780> CORE::ALGORITHM pagerank
1462399916778	<INFO 7f636784d780> CORE::VERTEX_STRIPING OFF
1462399916780	<INFO 7f636784d780> CORE::OPTIMIZED_STATE_LOAD_STORE OFF
1462399916783	<INFO 7f636784d780> CORE::BINARY_SEARCH_SUPER_PARTITION ON
1462399916785	<INFO 7f636784d780> CORE::SUPER_PARTITION_COMPUTED_FOR_EACH_VERTEX
1462399916787	<INFO 7f636784d780> CORE::EDGE_STRIPING ON
1462399916789	<INFO 7f636784d780> CORE::BATCH IO ON
1462399916792	<INFO 7f636784d780> 2016-05-05 00:11:56 Blocking memory amount 126701535232
1462400023809	<INFO 7f636784d780> 2016-05-05 00:13:43 Done blocking memory
1462400023812	<INFO 7f636784d780> SG-DRIVER-ORIGINAL
1462400023814	<INFO 7f636784d780> 2016-05-05 00:13:43 START read config parameters
1462400023816	<INFO 7f636784d780> PARTITIONING::OLD 0
1462400023819	<INFO 7f636784d780> PARTITIONING::BALANCED_PARTITIONS 0
1462400023821	<INFO 7f636784d780> CORE::CONFIG::PROCESSORS 8
1462400023823	<INFO 7f636784d780> CORE::CONFIG::PHYSICAL_MEMORY 2147483648
1462400023825	<INFO 7f636784d780> CORE::CONFIG::VERTICES 268435456
1462400023828	<INFO 7f636784d780> CORE::CONFIG::VERTEX_SIZE 12
1462400023830	<INFO 7f636784d780> CORE::CONFIG::VERTEX_BUFFER 1402204788
1462400023832	<INFO 7f636784d780> CORE::CONFIG::EDGES 536870912
1462400023834	<INFO 7f636784d780> CORE::CONFIG::PARTITIONS 64
1462400023837	<INFO 7f636784d780> CORE::CONFIG::FANOUT 64
1462400023839	<INFO 7f636784d780> CORE::CONFIG::SUPER_PARTITIONS 8
1462400023841	<INFO 7f636784d780> CORE::CONFIG::TILES 1
1462400023843	<INFO 7f636784d780> CORE::CONFIG::BUFFER_SIZE 149054645
1462400023846	<INFO 7f636784d780> CORE::CONFIG::MAX_BUFFERS 4
1462400023848	<INFO 7f636784d780> CORE::CONFIG::MAX_STREAMS 4
1462400023850	<INFO 7f636784d780> CORE::CONFIG::SUM_OF_OUT_DEGREES_FOR_NEW_PARTITIONS::FIRST_CONSTRAINT 536870912
1462400023852	<INFO 7f636784d780> CORE::CONFIG::MAX_EDGES_PER_NEW_PARTITION::SECOND_CONSTRAINT 536870912
1462400023855	<INFO 7f636784d780> SLIPSTREAM::EXT_MEM_SHUFFLE OFF
1462400023857	<INFO 7f636784d780> 2016-05-05 00:13:43 END read config parameters
1462400025570	<WARNING 7f636784d780> Unable to unlink file (stream.0.0.0):No such file or directory
1462400025573	<WARNING 7f636784d780> Unable to unlink file (stream.0.1.0):No such file or directory
1462400025575	<WARNING 7f636784d780> Unable to unlink file (stream.0.2.0):No such file or directory
1462400025578	<WARNING 7f636784d780> Unable to unlink file (stream.0.3.0):No such file or directory
1462400025580	<WARNING 7f636784d780> Unable to unlink file (stream.0.4.0):No such file or directory
1462400025582	<WARNING 7f636784d780> Unable to unlink file (stream.0.5.0):No such file or directory
1462400025584	<WARNING 7f636784d780> Unable to unlink file (stream.0.6.0):No such file or directory
1462400025587	<WARNING 7f636784d780> Unable to unlink file (stream.0.7.0):No such file or directory
1462400025589	<WARNING 7f636784d780> Unable to unlink file (stream.1.1.0):No such file or directory
1462400025591	<WARNING 7f636784d780> Unable to unlink file (stream.1.2.0):No such file or directory
1462400025594	<WARNING 7f636784d780> Unable to unlink file (stream.1.3.0):No such file or directory
1462400025596	<WARNING 7f636784d780> Unable to unlink file (stream.1.4.0):No such file or directory
1462400025600	<WARNING 7f636784d780> Unable to unlink file (stream.1.5.0):No such file or directory
1462400025602	<WARNING 7f636784d780> Unable to unlink file (stream.1.6.0):No such file or directory
1462400025605	<WARNING 7f636784d780> Unable to unlink file (stream.1.7.0):No such file or directory
1462400025607	<WARNING 7f636784d780> Unable to unlink file (stream.2.0.0):No such file or directory
1462400025609	<WARNING 7f636784d780> Unable to unlink file (stream.2.1.0):No such file or directory
1462400025612	<WARNING 7f636784d780> Unable to unlink file (stream.2.2.0):No such file or directory
1462400025614	<WARNING 7f636784d780> Unable to unlink file (stream.2.3.0):No such file or directory
1462400025616	<WARNING 7f636784d780> Unable to unlink file (stream.2.4.0):No such file or directory
1462400025618	<WARNING 7f636784d780> Unable to unlink file (stream.2.5.0):No such file or directory
1462400025620	<WARNING 7f636784d780> Unable to unlink file (stream.2.6.0):No such file or directory
1462400025622	<WARNING 7f636784d780> Unable to unlink file (stream.2.7.0):No such file or directory
1462400025625	<WARNING 7f636784d780> Unable to unlink file (stream.3.0.0):No such file or directory
1462400025627	<WARNING 7f636784d780> Unable to unlink file (stream.3.1.0):No such file or directory
1462400025629	<WARNING 7f636784d780> Unable to unlink file (stream.3.2.0):No such file or directory
1462400025631	<WARNING 7f636784d780> Unable to unlink file (stream.3.3.0):No such file or directory
1462400025633	<WARNING 7f636784d780> Unable to unlink file (stream.3.4.0):No such file or directory
1462400025635	<WARNING 7f636784d780> Unable to unlink file (stream.3.5.0):No such file or directory
1462400025638	<WARNING 7f636784d780> Unable to unlink file (stream.3.6.0):No such file or directory
1462400025640	<WARNING 7f636784d780> Unable to unlink file (stream.3.7.0):No such file or directory
1462400025642	<INFO 7f636784d780> SLIPSTORE::ZMQ_THREADS 2
1462400025644	<INFO 7f636784d780> SLIPSTORE::COMM Connecting to tcp://dco-node137-10g:5016
1462400025646	<INFO 7f636784d780> SLIPSTORE::COMM Connecting to tcp://dco-node138-10g:5034
1462400025649	<INFO 7f636784d780> SLIPSTORE::COMM Connecting to tcp://dco-node139-10g:5052
1462400025651	<INFO 7f636784d780> SLIPSTORE::COMM Connecting to tcp://dco-node140-10g:5070
1462400025653	<INFO 7f636784d780> SLIPSTORE::COMM Connecting to tcp://dco-node141-10g:5088
1462400025656	<INFO 7f636784d780> SLIPSTORE::COMM Connecting to tcp://dco-node142-10g:5106
1462400025658	<INFO 7f636784d780> SLIPSTORE::COMM Connecting to tcp://dco-node143-10g:5124
1462400025660	<INFO 7f636784d780> SLIPSTORE::COMM Connecting to tcp://dco-node144-10g:5142
1462400025662	<INFO 7f636784d780> SLIPSTORE::COMM Listening at tcp://p1p1:5080
1462400025665	<INFO 7f636784d780> SLIPSTORE::COMM Listening at tcp://p1p1:5081
1462400025667	<INFO 7f636784d780> SLIPSTORE::COMM Listening at tcp://p1p1:5082
1462400025669	<INFO 7f636784d780> SLIPSTORE::COMM Listening at tcp://p1p1:5083
1462400025671	<INFO 7f636784d780> SLIPSTORE::COMM Listening at ipc://client
1462400025673	<INFO 7f636784d780> SLIPSTORE::COMM Listening at tcp://p1p1:5085
1462400025675	<INFO 7f636784d780> SLIPSTORE::COMM Listening at tcp://p1p1:5086
1462400025678	<INFO 7f636784d780> SLIPSTORE::COMM Listening at tcp://p1p1:5087
1462400025681	<INFO 7f636784d780> SLIPSTORE::COMM Connecting to tcp://dco-node137-10g:5016
1462400025683	<INFO 7f636784d780> SLIPSTORE::COMM Connecting to tcp://dco-node138-10g:5034
1462400025685	<INFO 7f636784d780> SLIPSTORE::COMM Connecting to tcp://dco-node139-10g:5052
1462400025687	<INFO 7f636784d780> SLIPSTORE::COMM Connecting to tcp://dco-node140-10g:5070
1462400025690	<INFO 7f636784d780> SLIPSTORE::COMM Connecting to tcp://dco-node141-10g:5088
1462400025692	<INFO 7f636784d780> SLIPSTORE::COMM Connecting to tcp://dco-node142-10g:5106
1462400025695	<INFO 7f636784d780> SLIPSTORE::COMM Connecting to tcp://dco-node143-10g:5124
1462400025697	<INFO 7f636784d780> SLIPSTORE::COMM Connecting to tcp://dco-node144-10g:5142
1462400025699	<INFO 7f636784d780> SLIPSTORE::COMM Connecting to tcp://dco-node137-10g:5004
1462400025701	<INFO 7f636784d780> SLIPSTORE::COMM Connecting to tcp://dco-node138-10g:5022
1462400025703	<INFO 7f636784d780> SLIPSTORE::COMM Connecting to tcp://dco-node139-10g:5040
1462400025706	<INFO 7f636784d780> SLIPSTORE::COMM Connecting to tcp://dco-node140-10g:5058
1462400025709	<INFO 7f636784d780> SLIPSTORE::COMM Connecting to ipc://server
1462400025712	<INFO 7f636784d780> SLIPSTORE::COMM Connecting to tcp://dco-node142-10g:5094
1462400025714	<INFO 7f636784d780> SLIPSTORE::COMM Connecting to tcp://dco-node143-10g:5112
1462400025716	<INFO 7f636784d780> SLIPSTORE::COMM Connecting to tcp://dco-node144-10g:5130
1462400025718	<INFO 7f636784d780> SLIPSTORE::COMM Connecting to tcp://dco-node142-10g:5107
1462400025720	<INFO 7f636784d780> SLIPSTORE::COMM Listening at tcp://p1p1:5089
1462400025723	<INFO 7f636784d780> SLIPSTORE::COMM Connecting to tcp://dco-node141-10g:5088
1462400025725	<INFO 7f636784d780> SLIPSTORE::HELP_POLICY NONE
1462400025727	<INFO 7f636784d780> SLIPSTORE::SERVER ASYNC
1462400025729	<INFO 7f636784d780> SLIPSTORE::MACHINES 8
1462400025731	<INFO 7f636784d780> SLIPSTORE::ME 4
1462400025733	<INFO 7f636784d780> SLIPSTORE::SLIPCHUNK 4194304
1462400025735	<INFO 7f636784d780> SLIPSTORE::QUOTA 18446744073709551615
1462400025738	<INFO 7f636784d780> SLIPSTORE::IO PAGECACHE
1462400025740	<INFO 7f454a3f8700> SLIPSTORE::COMM Listening at tcp://p1p1:5088
1462400025742	<INFO 7f454a3f8700> SLIPSTORE::COMM Listening at tcp://p1p1:5072
1462400025744	<INFO 7f454a3f8700> SLIPSTORE::COMM Connecting to tcp://dco-node137-10g:5012
1462400025746	<INFO 7f454a3f8700> SLIPSTORE::COMM Listening at tcp://p1p1:5073
1462400025748	<INFO 7f454a3f8700> SLIPSTORE::COMM Connecting to tcp://dco-node138-10g:5030
1462400025750	<INFO 7f454a3f8700> SLIPSTORE::COMM Listening at tcp://p1p1:5074
1462400025752	<INFO 7f454a3f8700> SLIPSTORE::COMM Connecting to tcp://dco-node139-10g:5048
1462400025755	<INFO 7f454a3f8700> SLIPSTORE::COMM Listening at tcp://p1p1:5075
1462400025757	<INFO 7f454a3f8700> SLIPSTORE::COMM Connecting to tcp://dco-node140-10g:5066
1462400025759	<INFO 7f454a3f8700> SLIPSTORE::COMM Listening at ipc://server
1462400025761	<INFO 7f454a3f8700> SLIPSTORE::COMM Connecting to ipc://client
1462400025764	<INFO 7f454a3f8700> SLIPSTORE::COMM Listening at tcp://p1p1:5077
1462400025766	<INFO 7f454a3f8700> SLIPSTORE::COMM Connecting to tcp://dco-node142-10g:5102
1462400025768	<INFO 7f454a3f8700> SLIPSTORE::COMM Listening at tcp://p1p1:5078
1462400025770	<INFO 7f454a3f8700> SLIPSTORE::COMM Connecting to tcp://dco-node143-10g:5120
1462400025772	<INFO 7f454a3f8700> SLIPSTORE::COMM Listening at tcp://p1p1:5079
1462400025774	<INFO 7f454a3f8700> SLIPSTORE::COMM Connecting to tcp://dco-node144-10g:5138
1462400026053	<INFO 7f636784d780> SLIPSTORE::CHECKPOINTS NONE FOUND
1462400026055	<INFO 7f636784d780> 2016-05-05 00:13:46 Start edge split
1462400116125	<INFO 7f636784d780> 2016-05-05 00:15:16 Completed init
1462400120614	<INFO 7f636784d780> 2016-05-05 00:15:20 Started gather
1462400122160	<INFO 7f636784d780> 2016-05-05 00:15:22 Completed gather
1462400127005	<INFO 7f636784d780> 2016-05-05 00:15:27 Started scatter
1462400160000	<INFO 7f636784d780> 2016-05-05 00:15:59 Completed scatter
1462400187065	<INFO 7f636784d780> 2016-05-05 00:16:27 Completed phase 1 Bytes read 13664437836 Bytes written 7221986892
1462400193514	<INFO 7f636784d780> 2016-05-05 00:16:33 Started gather
1462400195037	<INFO 7f636784d780> 2016-05-05 00:16:35 Completed gather
1462400200144	<INFO 7f636784d780> 2016-05-05 00:16:40 Started gather
1462400280383	<INFO 7f636784d780> 2016-05-05 00:18:00 Completed gather
1462400302541	<INFO 7f636784d780> 2016-05-05 00:18:22 Completed phase 2 Bytes read 21263946744 Bytes written 12770679076
1462400309207	<INFO 7f636784d780> 2016-05-05 00:18:29 Started gather
1462400353902	<INFO 7f636784d780> 2016-05-05 00:19:13 Completed gather
1462400369157	<INFO 7f636784d780> 2016-05-05 00:19:29 Started scatter
1462400445398	<INFO 7f636784d780> 2016-05-05 00:20:45 Completed scatter
1462400469789	<INFO 7f636784d780> 2016-05-05 00:21:09 Completed phase 3 Bytes read 33279581788 Bytes written 17930135260
1462400478000	<INFO 7f636784d780> 2016-05-05 00:21:17 Started gather
1462400521617	<INFO 7f636784d780> 2016-05-05 00:22:01 Completed gather
1462400538215	<INFO 7f636784d780> 2016-05-05 00:22:18 Started scatter
1462400615163	<INFO 7f636784d780> 2016-05-05 00:23:35 Completed scatter
1462400636524	<INFO 7f636784d780> 2016-05-05 00:23:56 Completed phase 4 Bytes read 45283502848 Bytes written 23096149532
1462400643569	<INFO 7f636784d780> 2016-05-05 00:24:03 Started gather
1462400688037	<INFO 7f636784d780> 2016-05-05 00:24:48 Completed gather
1462400703363	<INFO 7f636784d780> 2016-05-05 00:25:03 Started scatter
1462400783362	<INFO 7f636784d780> 2016-05-05 00:26:23 Completed scatter
1462400800867	<INFO 7f636784d780> 2016-05-05 00:26:40 Completed phase 5 Bytes read 57293981996 Bytes written 28280317500
1462400808584	<INFO 7f636784d780> 2016-05-05 00:26:48 Started gather
1462400852133	<INFO 7f636784d780> 2016-05-05 00:27:32 Completed gather
1462400868565	<INFO 7f636784d780> 2016-05-05 00:27:48 Started scatter
1462400946288	<INFO 7f636784d780> 2016-05-05 00:29:06 Completed scatter
1462400967173	<INFO 7f636784d780> 2016-05-05 00:29:27 Completed phase 6 Bytes read 69322614840 Bytes written 33360300428
1462400974726	<INFO 7f636784d780> 2016-05-05 00:29:34 Started gather
1462401018678	<INFO 7f636784d780> 2016-05-05 00:30:18 Completed gather
1462401034980	<INFO 7f636784d780> 2016-05-05 00:30:34 Started scatter
1462401109323	<INFO 7f636784d780> 2016-05-05 00:31:49 Completed scatter
1462401134992	<INFO 7f636784d780> 2016-05-05 00:32:14 Completed phase 7 Bytes read 81247062644 Bytes written 38653862780
1462401134994	<INFO 7f636784d780> CORE::PARTITIONS_PROCESSED 542
1462401134996	<INFO 7f636784d780> CORE::BYTES::EDGES_STREAMED 4994584320
1462401135000	<INFO 7f636784d780> CORE::BYTES::UPDATES_OUT 2800191960
1462401135002	<INFO 7f636784d780> CORE::BYTES::UPDATES_IN 2238642104
1462401135004	<INFO 7f453f7fe700> CORE::PARTITIONS_PROCESSED 1845
1462401135006	<INFO 7f453f7fe700> CORE::BYTES::EDGES_STREAMED 6254827668
1462401135009	<INFO 7f453f7fe700> CORE::BYTES::UPDATES_OUT 3437336472
1462401135011	<INFO 7f453f7fe700> CORE::BYTES::UPDATES_IN 2782642176
1462401135014	<INFO 7f453dffb700> CORE::PARTITIONS_PROCESSED 746
1462401135016	<INFO 7f453e7fc700> CORE::PARTITIONS_PROCESSED 1660
1462401135018	<INFO 7f4548bf5700> CORE::PARTITIONS_PROCESSED 1949
1462401135021	<INFO 7f45493f6700> CORE::PARTITIONS_PROCESSED 755
1462401135023	<INFO 7f453effd700> CORE::PARTITIONS_PROCESSED 1386
1462401135025	<INFO 7f453ffff700> CORE::PARTITIONS_PROCESSED 717
1462401135027	<INFO 7f45493f6700> CORE::BYTES::EDGES_STREAMED 5187030564
1462401135030	<INFO 7f453dffb700> CORE::BYTES::EDGES_STREAMED 5470624536
1462401135032	<INFO 7f45493f6700> CORE::BYTES::UPDATES_OUT 2924083408
1462401135034	<INFO 7f4548bf5700> CORE::BYTES::EDGES_STREAMED 4761510612
1462401135036	<INFO 7f453effd700> CORE::BYTES::EDGES_STREAMED 8165423844
1462401135038	<INFO 7f45493f6700> CORE::BYTES::UPDATES_IN 2424746360
1462401135041	<INFO 7f453dffb700> CORE::BYTES::UPDATES_OUT 3074673272
1462401135043	<INFO 7f453ffff700> CORE::BYTES::EDGES_STREAMED 4965633348
1462401135045	<INFO 7f453effd700> CORE::BYTES::UPDATES_OUT 4844278120
1462401135048	<INFO 7f453e7fc700> CORE::BYTES::EDGES_STREAMED 5300865756
1462401135050	<INFO 7f453dffb700> CORE::BYTES::UPDATES_IN 2428972688
1462401135052	<INFO 7f4548bf5700> CORE::BYTES::UPDATES_OUT 2894586336
1462401135054	<INFO 7f453effd700> CORE::BYTES::UPDATES_IN 4539686840
1462401135057	<INFO 7f453ffff700> CORE::BYTES::UPDATES_OUT 2817749056
1462401135059	<INFO 7f4548bf5700> CORE::BYTES::UPDATES_IN 2101981888
1462401135061	<INFO 7f453e7fc700> CORE::BYTES::UPDATES_OUT 2978816032
1462401135063	<INFO 7f453ffff700> CORE::BYTES::UPDATES_IN 2249468440
1462401135065	<INFO 7f453e7fc700> CORE::BYTES::UPDATES_IN 2708246184
1462401135068	<INFO 7f454a3f8700> SLIPSTORE service is exiting
1462401135070	<INFO 7f454a3f8700> SLIPSTORE::HELP_OFFERS_RECVD 98
1462401135072	<INFO 7f454a3f8700> SLIPSTORE::HELP_OFFERS_ACCEPTED 0
1462401135075	<INFO 7f454a3f8700> SLIPSTORE::HELP_ACCEPTANCE_RATIO 0
1462401135077	<INFO 7f454a3f8700> SLIPSTORE::SERVER_BUSY_DISK  716.853 seconds
1462401135079	<INFO 7f454a3f8700> SLIPSTORE::SERVER_BUSY_MEM  0 seconds
1462401135081	<INFO 7f454a3f8700> SLIPSTORE::SERVER_TOTAL  1109.39 seconds
1462401135083	<INFO 7f636784d780> SLIPSTORE::CLIENT::DISK_READ_TIME  449.909 seconds
1462401135086	<INFO 7f636784d780> SLIPSTORE::CLIENT::MEM_READ_TIME  0 seconds
1462401135088	<INFO 7f636784d780> SLIPSTORE::CLIENT::DISK_BYTES_READ 80295142948
1462401135090	<INFO 7f636784d780> SLIPSTORE::CLIENT::MEM_BYTES_READ 0
1462401135092	<INFO 7f636784d780> SLIPSTORE::CLIENT::WRITE_TIME  226.735 seconds
1462401135094	<INFO 7f636784d780> SLIPSTORE::CLIENT::BYTES_WRITTEN 5662830240
1462401135096	<INFO 7f636784d780> SLIPSTORE::CLIENT_BUSY  676.645 seconds
1462401135099	<INFO 7f636784d780> SLIPSTORE::IO::TIME 478.738 seconds
1462401135101	<INFO 7f636784d780> SLIPSTORE::SNAP::TIME 0 seconds
1462401135103	<INFO 7f636784d780> SLIPSTORE::MAX_DISK_USAGE_BYTES 11382983196
1462401135862	<INFO 7f636784d780> CORE::RUSAGE::MAX_RSS_KB 125950600
1462401135864	<INFO 7f636784d780> CORE::RUSAGE::MINFLT 50023429
1462401135866	<INFO 7f636784d780> CORE::RUSAGE::MAJFLT 3
1462401135868	<INFO 7f636784d780> CORE::RUSAGE::MAJFLT 3
1462401135871	<INFO 7f636784d780> CORE::RUSAGE::INBLK 141644304
1462401135874	<INFO 7f636784d780> CORE::RUSAGE::OUBLK 75504600
1462401135876	<INFO 7f636784d780> CORE::UTILS::BYTES_READ 81247062644
1462401135878	<INFO 7f636784d780> CORE::UTILS::BYTES_WRITTEN 38653862780
1462401135880	<INFO 7f636784d780> CORE::UTILS::TILE_COPY_BYTES 7550440320
1462401135882	<INFO 7f636784d780> CORE::TIME::IO_WAIT 404.649 seconds
1462401135885	<INFO 7f636784d780> CORE::TIME_TILE_COPY 0 seconds
1462401135887	<INFO 7f636784d780> CORE::TIME_TILE_MERGE 0 seconds
1462401135889	<INFO 7f636784d780> CORE::TIME_PROCESSING_STOLEN 0 seconds
1462401135892	<INFO 7f636784d780> CORE::TIME_MERGE_WAIT 0 seconds
1462401135894	<INFO 7f636784d780> CORE::OTHER_TIME_ALL_MC_BARRIER 0 seconds
1462401135896	<INFO 7f636784d780> CORE::SCATTER_TIME_ALL_MC_BARRIER 133.396 seconds
1462401135898	<INFO 7f636784d780> CORE::GATHER_TIME_ALL_MC_BARRIER 21.8639 seconds
1462401135901	<INFO 7f636784d780> CORE::INIT_TIME_ALL_MC_BARRIER 0.79575 seconds
1462401135903	<INFO 7f636784d780> CORE::SHUT_DOWN_TIME_ALL_MC_BARRIER 0.003094 seconds
1462401135906	<INFO 7f636784d780> CORE::STREAM_SKIP_BEFORE_TIME_ALL_MC_BARRIER 36.1378 seconds
1462401135908	<INFO 7f636784d780> CORE::TAKE_CHECKPOINT_BEFORE_TIME_ALL_MC_BARRIER 0 seconds
1462401135910	<INFO 7f636784d780> CORE::TAKE_CHECKPOINT_COMPLETE_TIME_ALL_MC_BARRIER 0 seconds
1462401135913	<INFO 7f636784d780> CORE::METADATA_WRITE_COMPLETE_TIME_ALL_MC_BARRIER 0 seconds
1462401135915	<INFO 7f636784d780> CORE::STREAM_EOF_BEFORE_TIME_ALL_MC_BARRIER 0 seconds
1462401135917	<INFO 7f636784d780> CORE::STREAM_EOF_AFTER_TIME_ALL_MC_BARRIER 0 seconds
1462401135919	<INFO 7f636784d780> CORE::STATE_LOAD_TIME_ALL_MC_BARRIER 0 seconds
1462401135922	<INFO 7f636784d780> CORE::STATE_STORE_TIME_ALL_MC_BARRIER 0 seconds
1462401135924	<INFO 7f636784d780> CORE::PHASES 7
1462401135927	<INFO 7f636784d780> CORE::TIME::SETUP 3.11114 seconds
1462401135930	<INFO 7f636784d780> CORE::TIME::STATE_ITER 11.8781 seconds
1462401135932	<INFO 7f636784d780> CORE::TIME::GATHER 349.324 seconds
1462401135934	<INFO 7f636784d780> CORE::TIME::SCATTER 657.417 seconds
1462401135936	<INFO 7f636784d780> CORE::TIME::WALL 1112.05 seconds
1462401135939	<INFO 7f636784d780> SHUTDOWN
