1462385930284	<INFO 7fb1fd06e780> 2016-05-04 20:18:50 STARTUP
1462385930286	<INFO 7fb1fd06e780> CORE::GRAPH rmat-28-und_s8
1462385930288	<INFO 7fb1fd06e780> CORE::ALGORITHM bfs
1462385930290	<INFO 7fb1fd06e780> CORE::VERTEX_STRIPING OFF
1462385930293	<INFO 7fb1fd06e780> CORE::OPTIMIZED_STATE_LOAD_STORE OFF
1462385930295	<INFO 7fb1fd06e780> CORE::BINARY_SEARCH_SUPER_PARTITION ON
1462385930297	<INFO 7fb1fd06e780> CORE::SUPER_PARTITION_COMPUTED_FOR_EACH_SCATTER_GATHER_PHASE
1462385930300	<INFO 7fb1fd06e780> CORE::EDGE_STRIPING ON
1462385930302	<INFO 7fb1fd06e780> CORE::BATCH IO ON
1462385930304	<INFO 7fb1fd06e780> 2016-05-04 20:18:50 Blocking memory amount 126701535232
1462386037744	<INFO 7fb1fd06e780> 2016-05-04 20:20:37 Done blocking memory
1462386037746	<INFO 7fb1fd06e780> SG-DRIVER-ORIGINAL
1462386037749	<INFO 7fb1fd06e780> 2016-05-04 20:20:37 START read config parameters
1462386037751	<INFO 7fb1fd06e780> PARTITIONING::OLD 0
1462386037753	<INFO 7fb1fd06e780> PARTITIONING::BALANCED_PARTITIONS 0
1462386037755	<INFO 7fb1fd06e780> CORE::CONFIG::PROCESSORS 8
1462386037758	<INFO 7fb1fd06e780> CORE::CONFIG::PHYSICAL_MEMORY 2147483648
1462386037760	<INFO 7fb1fd06e780> CORE::CONFIG::VERTICES 268435456
1462386037763	<INFO 7fb1fd06e780> CORE::CONFIG::VERTEX_SIZE 8
1462386037765	<INFO 7fb1fd06e780> CORE::CONFIG::VERTEX_BUFFER 922066808
1462386037767	<INFO 7fb1fd06e780> CORE::CONFIG::EDGES 1073741824
1462386037769	<INFO 7fb1fd06e780> CORE::CONFIG::PARTITIONS 64
1462386037772	<INFO 7fb1fd06e780> CORE::CONFIG::FANOUT 64
1462386037774	<INFO 7fb1fd06e780> CORE::CONFIG::SUPER_PARTITIONS 8
1462386037776	<INFO 7fb1fd06e780> CORE::CONFIG::TILES 1
1462386037778	<INFO 7fb1fd06e780> CORE::CONFIG::BUFFER_SIZE 245082241
1462386037780	<INFO 7fb1fd06e780> CORE::CONFIG::MAX_BUFFERS 4
1462386037783	<INFO 7fb1fd06e780> CORE::CONFIG::MAX_STREAMS 4
1462386037785	<INFO 7fb1fd06e780> CORE::CONFIG::SUM_OF_OUT_DEGREES_FOR_NEW_PARTITIONS::FIRST_CONSTRAINT 0
1462386037787	<INFO 7fb1fd06e780> CORE::CONFIG::MAX_EDGES_PER_NEW_PARTITION::SECOND_CONSTRAINT 0
1462386037789	<INFO 7fb1fd06e780> SLIPSTREAM::EXT_MEM_SHUFFLE OFF
1462386037792	<INFO 7fb1fd06e780> 2016-05-04 20:20:37 END read config parameters
1462386039491	<WARNING 7fb1fd06e780> Unable to unlink file (stream.0.0.0):No such file or directory
1462386039493	<WARNING 7fb1fd06e780> Unable to unlink file (stream.0.1.0):No such file or directory
1462386039496	<WARNING 7fb1fd06e780> Unable to unlink file (stream.0.2.0):No such file or directory
1462386039498	<WARNING 7fb1fd06e780> Unable to unlink file (stream.0.3.0):No such file or directory
1462386039500	<WARNING 7fb1fd06e780> Unable to unlink file (stream.0.4.0):No such file or directory
1462386039503	<WARNING 7fb1fd06e780> Unable to unlink file (stream.0.5.0):No such file or directory
1462386039505	<WARNING 7fb1fd06e780> Unable to unlink file (stream.0.6.0):No such file or directory
1462386039507	<WARNING 7fb1fd06e780> Unable to unlink file (stream.0.7.0):No such file or directory
1462386039510	<WARNING 7fb1fd06e780> Unable to unlink file (stream.1.1.0):No such file or directory
1462386039512	<WARNING 7fb1fd06e780> Unable to unlink file (stream.1.2.0):No such file or directory
1462386039514	<WARNING 7fb1fd06e780> Unable to unlink file (stream.1.3.0):No such file or directory
1462386039518	<WARNING 7fb1fd06e780> Unable to unlink file (stream.1.4.0):No such file or directory
1462386039520	<WARNING 7fb1fd06e780> Unable to unlink file (stream.1.5.0):No such file or directory
1462386039522	<WARNING 7fb1fd06e780> Unable to unlink file (stream.1.6.0):No such file or directory
1462386039525	<WARNING 7fb1fd06e780> Unable to unlink file (stream.1.7.0):No such file or directory
1462386039527	<WARNING 7fb1fd06e780> Unable to unlink file (stream.2.0.0):No such file or directory
1462386039530	<WARNING 7fb1fd06e780> Unable to unlink file (stream.2.1.0):No such file or directory
1462386039532	<WARNING 7fb1fd06e780> Unable to unlink file (stream.2.2.0):No such file or directory
1462386039534	<WARNING 7fb1fd06e780> Unable to unlink file (stream.2.3.0):No such file or directory
1462386039537	<WARNING 7fb1fd06e780> Unable to unlink file (stream.2.4.0):No such file or directory
1462386039539	<WARNING 7fb1fd06e780> Unable to unlink file (stream.2.5.0):No such file or directory
1462386039541	<WARNING 7fb1fd06e780> Unable to unlink file (stream.2.6.0):No such file or directory
1462386039544	<WARNING 7fb1fd06e780> Unable to unlink file (stream.2.7.0):No such file or directory
1462386039546	<WARNING 7fb1fd06e780> Unable to unlink file (stream.3.0.0):No such file or directory
1462386039549	<WARNING 7fb1fd06e780> Unable to unlink file (stream.3.1.0):No such file or directory
1462386039551	<WARNING 7fb1fd06e780> Unable to unlink file (stream.3.2.0):No such file or directory
1462386039553	<WARNING 7fb1fd06e780> Unable to unlink file (stream.3.3.0):No such file or directory
1462386039556	<WARNING 7fb1fd06e780> Unable to unlink file (stream.3.4.0):No such file or directory
1462386039558	<WARNING 7fb1fd06e780> Unable to unlink file (stream.3.5.0):No such file or directory
1462386039560	<WARNING 7fb1fd06e780> Unable to unlink file (stream.3.6.0):No such file or directory
1462386039563	<WARNING 7fb1fd06e780> Unable to unlink file (stream.3.7.0):No such file or directory
1462386039565	<INFO 7fb1fd06e780> SLIPSTORE::ZMQ_THREADS 2
1462386039568	<INFO 7fb1fd06e780> SLIPSTORE::COMM Connecting to tcp://dco-node137-10g:5016
1462386039570	<INFO 7fb1fd06e780> SLIPSTORE::COMM Connecting to tcp://dco-node138-10g:5034
1462386039572	<INFO 7fb1fd06e780> SLIPSTORE::COMM Connecting to tcp://dco-node139-10g:5052
1462386039574	<INFO 7fb1fd06e780> SLIPSTORE::COMM Connecting to tcp://dco-node140-10g:5070
1462386039577	<INFO 7fb1fd06e780> SLIPSTORE::COMM Connecting to tcp://dco-node141-10g:5088
1462386039579	<INFO 7fb1fd06e780> SLIPSTORE::COMM Connecting to tcp://dco-node142-10g:5106
1462386039581	<INFO 7fb1fd06e780> SLIPSTORE::COMM Connecting to tcp://dco-node143-10g:5124
1462386039584	<INFO 7fb1fd06e780> SLIPSTORE::COMM Connecting to tcp://dco-node144-10g:5142
1462386039586	<INFO 7fb1fd06e780> SLIPSTORE::COMM Listening at tcp://p1p1:5026
1462386039588	<INFO 7fb1fd06e780> SLIPSTORE::COMM Listening at ipc://client
1462386039590	<INFO 7fb1fd06e780> SLIPSTORE::COMM Listening at tcp://p1p1:5028
1462386039595	<INFO 7fb1fd06e780> SLIPSTORE::COMM Listening at tcp://p1p1:5029
1462386039597	<INFO 7fb1fd06e780> SLIPSTORE::COMM Listening at tcp://p1p1:5030
1462386039600	<INFO 7fb1fd06e780> SLIPSTORE::COMM Listening at tcp://p1p1:5031
1462386039602	<INFO 7fb1fd06e780> SLIPSTORE::COMM Listening at tcp://p1p1:5032
1462386039604	<INFO 7fb1fd06e780> SLIPSTORE::COMM Listening at tcp://p1p1:5033
1462386039607	<INFO 7fb1fd06e780> SLIPSTORE::COMM Connecting to tcp://dco-node137-10g:5016
1462386039609	<INFO 7fb1fd06e780> SLIPSTORE::COMM Connecting to tcp://dco-node138-10g:5034
1462386039612	<INFO 7fb1fd06e780> SLIPSTORE::COMM Connecting to tcp://dco-node139-10g:5052
1462386039614	<INFO 7fb1fd06e780> SLIPSTORE::COMM Connecting to tcp://dco-node140-10g:5070
1462386039616	<INFO 7fb1fd06e780> SLIPSTORE::COMM Connecting to tcp://dco-node141-10g:5088
1462386039618	<INFO 7fb1fd06e780> SLIPSTORE::COMM Connecting to tcp://dco-node142-10g:5106
1462386039621	<INFO 7fb1fd06e780> SLIPSTORE::COMM Connecting to tcp://dco-node143-10g:5124
1462386039623	<INFO 7fb1fd06e780> SLIPSTORE::COMM Connecting to tcp://dco-node144-10g:5142
1462386039625	<INFO 7fb1fd06e780> SLIPSTORE::COMM Connecting to tcp://dco-node137-10g:5001
1462386039627	<INFO 7fb1fd06e780> SLIPSTORE::COMM Connecting to ipc://server
1462386039630	<INFO 7fb1fd06e780> SLIPSTORE::COMM Connecting to tcp://dco-node139-10g:5037
1462386039632	<INFO 7fb1fd06e780> SLIPSTORE::COMM Connecting to tcp://dco-node140-10g:5055
1462386039634	<INFO 7fb1fd06e780> SLIPSTORE::COMM Connecting to tcp://dco-node141-10g:5073
1462386039636	<INFO 7fb1fd06e780> SLIPSTORE::COMM Connecting to tcp://dco-node142-10g:5091
1462386039639	<INFO 7fb1fd06e780> SLIPSTORE::COMM Connecting to tcp://dco-node143-10g:5109
1462386039641	<INFO 7fb1fd06e780> SLIPSTORE::COMM Connecting to tcp://dco-node144-10g:5127
1462386039643	<INFO 7fb1fd06e780> SLIPSTORE::COMM Connecting to tcp://dco-node139-10g:5053
1462386039645	<INFO 7fb1fd06e780> SLIPSTORE::COMM Listening at tcp://p1p1:5035
1462386039648	<INFO 7fb1fd06e780> SLIPSTORE::COMM Connecting to tcp://dco-node138-10g:5034
1462386039650	<INFO 7fb1fd06e780> SLIPSTORE::HELP_POLICY NONE
1462386039652	<INFO 7fb1fd06e780> SLIPSTORE::SERVER ASYNC
1462386039654	<INFO 7fb1fd06e780> SLIPSTORE::MACHINES 8
1462386039657	<INFO 7fb1fd06e780> SLIPSTORE::ME 1
1462386039659	<INFO 7fb1fd06e780> SLIPSTORE::SLIPCHUNK 4194304
1462386039661	<INFO 7fb1fd06e780> SLIPSTORE::QUOTA 18446744073709551615
1462386039663	<INFO 7fb1fd06e780> SLIPSTORE::IO PAGECACHE
1462386039666	<INFO 7f93df7fd700> SLIPSTORE::COMM Listening at tcp://p1p1:5034
1462386039668	<INFO 7f93df7fd700> SLIPSTORE::COMM Listening at tcp://p1p1:5018
1462386039670	<INFO 7f93df7fd700> SLIPSTORE::COMM Connecting to tcp://dco-node137-10g:5009
1462386039672	<INFO 7f93df7fd700> SLIPSTORE::COMM Listening at ipc://server
1462386039674	<INFO 7f93df7fd700> SLIPSTORE::COMM Connecting to ipc://client
1462386039677	<INFO 7f93df7fd700> SLIPSTORE::COMM Listening at tcp://p1p1:5020
1462386039679	<INFO 7f93df7fd700> SLIPSTORE::COMM Connecting to tcp://dco-node139-10g:5045
1462386039681	<INFO 7f93df7fd700> SLIPSTORE::COMM Listening at tcp://p1p1:5021
1462386039683	<INFO 7f93df7fd700> SLIPSTORE::COMM Connecting to tcp://dco-node140-10g:5063
1462386039686	<INFO 7f93df7fd700> SLIPSTORE::COMM Listening at tcp://p1p1:5022
1462386039688	<INFO 7f93df7fd700> SLIPSTORE::COMM Connecting to tcp://dco-node141-10g:5081
1462386039690	<INFO 7f93df7fd700> SLIPSTORE::COMM Listening at tcp://p1p1:5023
1462386039693	<INFO 7f93df7fd700> SLIPSTORE::COMM Connecting to tcp://dco-node142-10g:5099
1462386039695	<INFO 7f93df7fd700> SLIPSTORE::COMM Listening at tcp://p1p1:5024
1462386039697	<INFO 7f93df7fd700> SLIPSTORE::COMM Connecting to tcp://dco-node143-10g:5117
1462386039700	<INFO 7f93df7fd700> SLIPSTORE::COMM Listening at tcp://p1p1:5025
1462386039702	<INFO 7f93df7fd700> SLIPSTORE::COMM Connecting to tcp://dco-node144-10g:5135
1462386039899	<INFO 7fb1fd06e780> SLIPSTORE::CHECKPOINTS NONE FOUND
1462386039902	<INFO 7fb1fd06e780> 2016-05-04 20:20:39 Start edge split
1462386207655	<INFO 7fb1fd06e780> 2016-05-04 20:23:27 Completed init
1462386210237	<INFO 7fb1fd06e780> 2016-05-04 20:23:30 Started gather
1462386210517	<INFO 7fb1fd06e780> 2016-05-04 20:23:30 Completed gather
1462386215703	<INFO 7fb1fd06e780> 2016-05-04 20:23:35 Started scatter
1462386276585	<INFO 7fb1fd06e780> 2016-05-04 20:24:36 Completed scatter
1462386285830	<INFO 7fb1fd06e780> 2016-05-04 20:24:45 Completed phase 1 Bytes read 25780036508 Bytes written 12899117716
1462386285851	<INFO 7fb1fd06e780> 2016-05-04 20:24:45 Started gather
1462386286235	<INFO 7fb1fd06e780> 2016-05-04 20:24:46 Completed gather
1462386292153	<INFO 7fb1fd06e780> 2016-05-04 20:24:52 Started scatter
1462386397173	<INFO 7fb1fd06e780> 2016-05-04 20:26:37 Completed scatter
1462386403362	<INFO 7fb1fd06e780> 2016-05-04 20:26:43 Completed phase 2 Bytes read 38679154224 Bytes written 17682819620
1462386403383	<INFO 7fb1fd06e780> 2016-05-04 20:26:43 Started gather
1462386426432	<INFO 7fb1fd06e780> 2016-05-04 20:27:06 Completed gather
1462386444107	<INFO 7fb1fd06e780> 2016-05-04 20:27:24 Started scatter
1462386537091	<INFO 7fb1fd06e780> 2016-05-04 20:28:57 Completed scatter
1462386552060	<INFO 7fb1fd06e780> 2016-05-04 20:29:12 Completed phase 3 Bytes read 56300326556 Bytes written 21515444116
1462386552082	<INFO 7fb1fd06e780> 2016-05-04 20:29:12 Started gather
1462386566660	<INFO 7fb1fd06e780> 2016-05-04 20:29:26 Completed gather
1462386589206	<INFO 7fb1fd06e780> 2016-05-04 20:29:49 Started scatter
1462386649477	<INFO 7fb1fd06e780> 2016-05-04 20:30:49 Completed scatter
1462386657727	<INFO 7fb1fd06e780> 2016-05-04 20:30:57 Completed phase 4 Bytes read 72970421480 Bytes written 21594370604
1462386657747	<INFO 7fb1fd06e780> 2016-05-04 20:30:57 Started gather
1462386658107	<INFO 7fb1fd06e780> 2016-05-04 20:30:58 Completed gather
1462386663647	<INFO 7fb1fd06e780> 2016-05-04 20:31:03 Started scatter
1462386725883	<INFO 7fb1fd06e780> 2016-05-04 20:32:05 Completed scatter
1462386733077	<INFO 7fb1fd06e780> 2016-05-04 20:32:13 Completed phase 5 Bytes read 85886818396 Bytes written 21652082804
1462386733096	<INFO 7fb1fd06e780> 2016-05-04 20:32:13 Started gather
1462386733419	<INFO 7fb1fd06e780> 2016-05-04 20:32:13 Completed gather
1462386738961	<INFO 7fb1fd06e780> 2016-05-04 20:32:18 Started scatter
1462386800978	<INFO 7fb1fd06e780> 2016-05-04 20:33:20 Completed scatter
1462386809199	<INFO 7fb1fd06e780> 2016-05-04 20:33:29 Completed phase 6 Bytes read 98782001024 Bytes written 21709747116
1462386809223	<INFO 7fb1fd06e780> 2016-05-04 20:33:29 Started gather
1462386809575	<INFO 7fb1fd06e780> 2016-05-04 20:33:29 Completed gather
1462386815224	<INFO 7fb1fd06e780> 2016-05-04 20:33:35 Started scatter
1462386877503	<INFO 7fb1fd06e780> 2016-05-04 20:34:37 Completed scatter
1462386886806	<INFO 7fb1fd06e780> 2016-05-04 20:34:46 Completed phase 7 Bytes read 111677135764 Bytes written 21767411308
1462386886809	<INFO 7fb1fd06e780> ALGORITHM::BFS::VERTICES_DISCOVERED 5551983
1462386886811	<INFO 7fb1fd06e780> ALGORITHM::BFS::EDGES_EXPLORED 1091549354
1462386886813	<INFO 7fb1fd06e780> CORE::PARTITIONS_PROCESSED 210
1462386886815	<INFO 7fb1fd06e780> CORE::BYTES::EDGES_STREAMED 10836293928
1462386886817	<INFO 7fb1fd06e780> CORE::BYTES::UPDATES_OUT 1019895864
1462386886820	<INFO 7fb1fd06e780> CORE::BYTES::UPDATES_IN 1057101376
1462386886823	<INFO 7f93d3fff700> CORE::PARTITIONS_PROCESSED 348
1462386886825	<INFO 7f93d3fff700> CORE::BYTES::EDGES_STREAMED 12403113516
1462386886827	<INFO 7f93d3fff700> CORE::BYTES::UPDATES_OUT 1148942744
1462386886829	<INFO 7f93d3fff700> CORE::BYTES::UPDATES_IN 1269113584
1462386886832	<INFO 7f93ddffa700> CORE::PARTITIONS_PROCESSED 458
1462386886834	<INFO 7f93dd7f9700> CORE::PARTITIONS_PROCESSED 313
1462386886836	<INFO 7f93de7fb700> CORE::PARTITIONS_PROCESSED 204
1462386886839	<INFO 7f93dd7f9700> CORE::BYTES::EDGES_STREAMED 9359501820
1462386886841	<INFO 7f93dd7f9700> CORE::BYTES::UPDATES_OUT 866914152
1462386886843	<INFO 7f93de7fb700> CORE::BYTES::EDGES_STREAMED 11431677468
1462386886847	<INFO 7f93d37fe700> CORE::PARTITIONS_PROCESSED 461
1462386886849	<INFO 7f93dd7f9700> CORE::BYTES::UPDATES_IN 907088360
1462386886852	<INFO 7f93ddffa700> CORE::BYTES::EDGES_STREAMED 9366737028
1462386886854	<INFO 7f93de7fb700> CORE::BYTES::UPDATES_OUT 1085133656
1462386886856	<INFO 7f93ddffa700> CORE::BYTES::UPDATES_OUT 913812928
1462386886858	<INFO 7f93de7fb700> CORE::BYTES::UPDATES_IN 1087371952
1462386886861	<INFO 7f93d2ffd700> CORE::PARTITIONS_PROCESSED 188
1462386886863	<INFO 7f93ddffa700> CORE::BYTES::UPDATES_IN 900163272
1462386886865	<INFO 7f93dcff8700> CORE::PARTITIONS_PROCESSED 383
1462386886868	<INFO 7f93d37fe700> CORE::BYTES::EDGES_STREAMED 11186570952
1462386886870	<INFO 7f93dcff8700> CORE::BYTES::EDGES_STREAMED 15345548844
1462386886872	<INFO 7f93d2ffd700> CORE::BYTES::EDGES_STREAMED 11760861360
1462386886874	<INFO 7f93d37fe700> CORE::BYTES::UPDATES_OUT 973304520
1462386886877	<INFO 7f93dcff8700> CORE::BYTES::UPDATES_OUT 1426279560
1462386886879	<INFO 7f93d2ffd700> CORE::BYTES::UPDATES_OUT 1298111408
1462386886881	<INFO 7f93dcff8700> CORE::BYTES::UPDATES_IN 1446660376
1462386886883	<INFO 7f93d37fe700> CORE::BYTES::UPDATES_IN 1047286592
1462386886886	<INFO 7f93d2ffd700> CORE::BYTES::UPDATES_IN 1017609320
1462386886888	<INFO 7f93df7fd700> SLIPSTORE service is exiting
1462386886890	<INFO 7f93df7fd700> SLIPSTORE::HELP_OFFERS_RECVD 98
1462386886892	<INFO 7f93df7fd700> SLIPSTORE::HELP_OFFERS_ACCEPTED 0
1462386886895	<INFO 7f93df7fd700> SLIPSTORE::HELP_ACCEPTANCE_RATIO 0
1462386886897	<INFO 7f93df7fd700> SLIPSTORE::SERVER_BUSY_DISK  712.734 seconds
1462386886899	<INFO 7f93df7fd700> SLIPSTORE::SERVER_BUSY_MEM  0 seconds
1462386886901	<INFO 7f93df7fd700> SLIPSTORE::SERVER_TOTAL  847.286 seconds
1462386886904	<INFO 7fb1fd06e780> SLIPSTORE::CLIENT::DISK_READ_TIME  571.842 seconds
1462386886906	<INFO 7fb1fd06e780> SLIPSTORE::CLIENT::MEM_READ_TIME  0 seconds
1462386886908	<INFO 7fb1fd06e780> SLIPSTORE::CLIENT::DISK_BYTES_READ 114081370500
1462386886910	<INFO 7fb1fd06e780> SLIPSTORE::CLIENT::MEM_BYTES_READ 0
1462386886913	<INFO 7fb1fd06e780> SLIPSTORE::CLIENT::WRITE_TIME  141.616 seconds
1462386886915	<INFO 7fb1fd06e780> SLIPSTORE::CLIENT::BYTES_WRITTEN 461313536
1462386886917	<INFO 7fb1fd06e780> SLIPSTORE::CLIENT_BUSY  713.458 seconds
1462386886920	<INFO 7fb1fd06e780> SLIPSTORE::IO::TIME 516.924 seconds
1462386886922	<INFO 7fb1fd06e780> SLIPSTORE::SNAP::TIME 0 seconds
1462386886924	<INFO 7fb1fd06e780> SLIPSTORE::MAX_DISK_USAGE_BYTES 17563508140
1462386886926	<INFO 7fb1fd06e780> CORE::RUSAGE::MAX_RSS_KB 125940444
1462386886929	<INFO 7fb1fd06e780> CORE::RUSAGE::MINFLT 65998765
1462386886931	<INFO 7fb1fd06e780> CORE::RUSAGE::MAJFLT 8
1462386886933	<INFO 7fb1fd06e780> CORE::RUSAGE::MAJFLT 8
1462386886935	<INFO 7fb1fd06e780> CORE::RUSAGE::INBLK 214752920
1462386886938	<INFO 7fb1fd06e780> CORE::RUSAGE::OUBLK 42519776
1462386886940	<INFO 7fb1fd06e780> CORE::UTILS::BYTES_READ 111677135764
1462386886942	<INFO 7fb1fd06e780> CORE::UTILS::BYTES_WRITTEN 21767411308
1462386886944	<INFO 7fb1fd06e780> CORE::UTILS::TILE_COPY_BYTES 807298688
1462386886947	<INFO 7fb1fd06e780> CORE::TIME::IO_WAIT 553.175 seconds
1462386886949	<INFO 7fb1fd06e780> CORE::TIME_TILE_COPY 0 seconds
1462386886951	<INFO 7fb1fd06e780> CORE::TIME_TILE_MERGE 0 seconds
1462386886953	<INFO 7fb1fd06e780> CORE::TIME_PROCESSING_STOLEN 0 seconds
1462386886956	<INFO 7fb1fd06e780> CORE::TIME_MERGE_WAIT 0 seconds
1462386886958	<INFO 7fb1fd06e780> CORE::OTHER_TIME_ALL_MC_BARRIER 0 seconds
1462386886960	<INFO 7fb1fd06e780> CORE::SCATTER_TIME_ALL_MC_BARRIER 61.8605 seconds
1462386886962	<INFO 7fb1fd06e780> CORE::GATHER_TIME_ALL_MC_BARRIER 0.017667 seconds
1462386886965	<INFO 7fb1fd06e780> CORE::INIT_TIME_ALL_MC_BARRIER 0.878894 seconds
1462386886967	<INFO 7fb1fd06e780> CORE::SHUT_DOWN_TIME_ALL_MC_BARRIER 0.006314 seconds
1462386886969	<INFO 7fb1fd06e780> CORE::STREAM_SKIP_BEFORE_TIME_ALL_MC_BARRIER 2.37448 seconds
1462386886972	<INFO 7fb1fd06e780> CORE::TAKE_CHECKPOINT_BEFORE_TIME_ALL_MC_BARRIER 0 seconds
1462386886974	<INFO 7fb1fd06e780> CORE::TAKE_CHECKPOINT_COMPLETE_TIME_ALL_MC_BARRIER 0 seconds
1462386886976	<INFO 7fb1fd06e780> CORE::METADATA_WRITE_COMPLETE_TIME_ALL_MC_BARRIER 0 seconds
1462386886978	<INFO 7fb1fd06e780> CORE::STREAM_EOF_BEFORE_TIME_ALL_MC_BARRIER 0 seconds
1462386886981	<INFO 7fb1fd06e780> CORE::STREAM_EOF_AFTER_TIME_ALL_MC_BARRIER 0 seconds
1462386886983	<INFO 7fb1fd06e780> CORE::STATE_LOAD_TIME_ALL_MC_BARRIER 0 seconds
1462386886985	<INFO 7fb1fd06e780> CORE::STATE_STORE_TIME_ALL_MC_BARRIER 0 seconds
1462386886988	<INFO 7fb1fd06e780> CORE::PHASES 7
1462386886990	<INFO 7fb1fd06e780> CORE::TIME::SETUP 2.16541 seconds
1462386886992	<INFO 7fb1fd06e780> CORE::TIME::STATE_ITER 0.204878 seconds
1462386886994	<INFO 7fb1fd06e780> CORE::TIME::GATHER 109.724 seconds
1462386886996	<INFO 7fb1fd06e780> CORE::TIME::SCATTER 568.946 seconds
1462386886999	<INFO 7fb1fd06e780> CORE::TIME::WALL 849.075 seconds
1462386887001	<INFO 7fb1fd06e780> SHUTDOWN
