1462397319140	<INFO 7fb7ab8da780> 2016-05-04 23:28:39 STARTUP
1462397319142	<INFO 7fb7ab8da780> CORE::GRAPH rmat-28_s8
1462397319145	<INFO 7fb7ab8da780> CORE::ALGORITHM pagerank
1462397319147	<INFO 7fb7ab8da780> CORE::VERTEX_STRIPING ON
1462397319149	<INFO 7fb7ab8da780> CORE::OPTIMIZED_STATE_LOAD_STORE OFF
1462397319152	<INFO 7fb7ab8da780> CORE::BINARY_SEARCH_SUPER_PARTITION ON
1462397319154	<INFO 7fb7ab8da780> CORE::SUPER_PARTITION_COMPUTED_FOR_EACH_SCATTER_GATHER_PHASE
1462397319156	<INFO 7fb7ab8da780> CORE::EDGE_STRIPING ON
1462397319159	<INFO 7fb7ab8da780> CORE::BATCH IO ON
1462397319161	<INFO 7fb7ab8da780> 2016-05-04 23:28:39 Blocking memory amount 126701535232
1462397426574	<INFO 7fb7ab8da780> 2016-05-04 23:30:26 Done blocking memory
1462397426578	<INFO 7fb7ab8da780> SG-DRIVER-ORIGINAL
1462397426580	<INFO 7fb7ab8da780> 2016-05-04 23:30:26 START read config parameters
1462397426582	<INFO 7fb7ab8da780> PARTITIONING::OLD 1
1462397426585	<INFO 7fb7ab8da780> PARTITIONING::BALANCED_PARTITIONS 0
1462397426587	<INFO 7fb7ab8da780> CORE::CONFIG::PROCESSORS 8
1462397426589	<INFO 7fb7ab8da780> CORE::CONFIG::PHYSICAL_MEMORY 2147483648
1462397426592	<INFO 7fb7ab8da780> CORE::CONFIG::VERTICES 268435456
1462397426594	<INFO 7fb7ab8da780> CORE::CONFIG::VERTEX_SIZE 12
1462397426596	<INFO 7fb7ab8da780> CORE::CONFIG::VERTEX_BUFFER 402653184
1462397426599	<INFO 7fb7ab8da780> CORE::CONFIG::EDGES 536870912
1462397426602	<INFO 7fb7ab8da780> CORE::CONFIG::PARTITIONS 64
1462397426604	<INFO 7fb7ab8da780> CORE::CONFIG::FANOUT 64
1462397426606	<INFO 7fb7ab8da780> CORE::CONFIG::SUPER_PARTITIONS 8
1462397426608	<INFO 7fb7ab8da780> CORE::CONFIG::TILES 1
1462397426611	<INFO 7fb7ab8da780> CORE::CONFIG::BUFFER_SIZE 348964966
1462397426613	<INFO 7fb7ab8da780> CORE::CONFIG::MAX_BUFFERS 4
1462397426616	<INFO 7fb7ab8da780> CORE::CONFIG::MAX_STREAMS 4
1462397426618	<INFO 7fb7ab8da780> CORE::CONFIG::SUM_OF_OUT_DEGREES_FOR_NEW_PARTITIONS::FIRST_CONSTRAINT 33554432
1462397426620	<INFO 7fb7ab8da780> CORE::CONFIG::MAX_EDGES_PER_NEW_PARTITION::SECOND_CONSTRAINT 67108864
1462397426622	<INFO 7fb7ab8da780> SLIPSTREAM::EXT_MEM_SHUFFLE OFF
1462397426625	<INFO 7fb7ab8da780> 2016-05-04 23:30:26 END read config parameters
1462397428328	<WARNING 7fb7ab8da780> Unable to unlink file (stream.0.0.0):No such file or directory
1462397428330	<WARNING 7fb7ab8da780> Unable to unlink file (stream.0.1.0):No such file or directory
1462397428333	<WARNING 7fb7ab8da780> Unable to unlink file (stream.0.2.0):No such file or directory
1462397428335	<WARNING 7fb7ab8da780> Unable to unlink file (stream.0.3.0):No such file or directory
1462397428338	<WARNING 7fb7ab8da780> Unable to unlink file (stream.0.4.0):No such file or directory
1462397428340	<WARNING 7fb7ab8da780> Unable to unlink file (stream.0.5.0):No such file or directory
1462397428342	<WARNING 7fb7ab8da780> Unable to unlink file (stream.0.6.0):No such file or directory
1462397428344	<WARNING 7fb7ab8da780> Unable to unlink file (stream.0.7.0):No such file or directory
1462397428346	<WARNING 7fb7ab8da780> Unable to unlink file (stream.1.1.0):No such file or directory
1462397428349	<WARNING 7fb7ab8da780> Unable to unlink file (stream.1.2.0):No such file or directory
1462397428351	<WARNING 7fb7ab8da780> Unable to unlink file (stream.1.3.0):No such file or directory
1462397428353	<WARNING 7fb7ab8da780> Unable to unlink file (stream.1.4.0):No such file or directory
1462397428356	<WARNING 7fb7ab8da780> Unable to unlink file (stream.1.5.0):No such file or directory
1462397428358	<WARNING 7fb7ab8da780> Unable to unlink file (stream.1.6.0):No such file or directory
1462397428360	<WARNING 7fb7ab8da780> Unable to unlink file (stream.1.7.0):No such file or directory
1462397428363	<WARNING 7fb7ab8da780> Unable to unlink file (stream.2.0.0):No such file or directory
1462397428365	<WARNING 7fb7ab8da780> Unable to unlink file (stream.2.1.0):No such file or directory
1462397428367	<WARNING 7fb7ab8da780> Unable to unlink file (stream.2.2.0):No such file or directory
1462397428369	<WARNING 7fb7ab8da780> Unable to unlink file (stream.2.3.0):No such file or directory
1462397428372	<WARNING 7fb7ab8da780> Unable to unlink file (stream.2.4.0):No such file or directory
1462397428374	<WARNING 7fb7ab8da780> Unable to unlink file (stream.2.5.0):No such file or directory
1462397428376	<WARNING 7fb7ab8da780> Unable to unlink file (stream.2.6.0):No such file or directory
1462397428378	<WARNING 7fb7ab8da780> Unable to unlink file (stream.2.7.0):No such file or directory
1462397428380	<WARNING 7fb7ab8da780> Unable to unlink file (stream.3.0.0):No such file or directory
1462397428382	<WARNING 7fb7ab8da780> Unable to unlink file (stream.3.1.0):No such file or directory
1462397428385	<WARNING 7fb7ab8da780> Unable to unlink file (stream.3.2.0):No such file or directory
1462397428387	<WARNING 7fb7ab8da780> Unable to unlink file (stream.3.3.0):No such file or directory
1462397428389	<WARNING 7fb7ab8da780> Unable to unlink file (stream.3.4.0):No such file or directory
1462397428391	<WARNING 7fb7ab8da780> Unable to unlink file (stream.3.5.0):No such file or directory
1462397428394	<WARNING 7fb7ab8da780> Unable to unlink file (stream.3.6.0):No such file or directory
1462397428396	<WARNING 7fb7ab8da780> Unable to unlink file (stream.3.7.0):No such file or directory
1462397428398	<INFO 7fb7ab8da780> SLIPSTORE::ZMQ_THREADS 2
1462397428400	<INFO 7fb7ab8da780> SLIPSTORE::COMM Connecting to tcp://dco-node137-10g:5016
1462397428403	<INFO 7fb7ab8da780> SLIPSTORE::COMM Connecting to tcp://dco-node138-10g:5034
1462397428405	<INFO 7fb7ab8da780> SLIPSTORE::COMM Connecting to tcp://dco-node139-10g:5052
1462397428408	<INFO 7fb7ab8da780> SLIPSTORE::COMM Connecting to tcp://dco-node140-10g:5070
1462397428410	<INFO 7fb7ab8da780> SLIPSTORE::COMM Connecting to tcp://dco-node141-10g:5088
1462397428412	<INFO 7fb7ab8da780> SLIPSTORE::COMM Connecting to tcp://dco-node142-10g:5106
1462397428414	<INFO 7fb7ab8da780> SLIPSTORE::COMM Connecting to tcp://dco-node143-10g:5124
1462397428417	<INFO 7fb7ab8da780> SLIPSTORE::COMM Connecting to tcp://dco-node144-10g:5142
1462397428419	<INFO 7fb7ab8da780> SLIPSTORE::COMM Listening at tcp://p1p1:5062
1462397428422	<INFO 7fb7ab8da780> SLIPSTORE::COMM Listening at tcp://p1p1:5063
1462397428424	<INFO 7fb7ab8da780> SLIPSTORE::COMM Listening at tcp://p1p1:5064
1462397428427	<INFO 7fb7ab8da780> SLIPSTORE::COMM Listening at ipc://client
1462397428429	<INFO 7fb7ab8da780> SLIPSTORE::COMM Listening at tcp://p1p1:5066
1462397428431	<INFO 7fb7ab8da780> SLIPSTORE::COMM Listening at tcp://p1p1:5067
1462397428434	<INFO 7fb7ab8da780> SLIPSTORE::COMM Listening at tcp://p1p1:5068
1462397428437	<INFO 7fb7ab8da780> SLIPSTORE::COMM Listening at tcp://p1p1:5069
1462397428439	<INFO 7fb7ab8da780> SLIPSTORE::COMM Connecting to tcp://dco-node137-10g:5016
1462397428441	<INFO 7fb7ab8da780> SLIPSTORE::COMM Connecting to tcp://dco-node138-10g:5034
1462397428443	<INFO 7fb7ab8da780> SLIPSTORE::COMM Connecting to tcp://dco-node139-10g:5052
1462397428446	<INFO 7fb7ab8da780> SLIPSTORE::COMM Connecting to tcp://dco-node140-10g:5070
1462397428449	<INFO 7fb7ab8da780> SLIPSTORE::COMM Connecting to tcp://dco-node141-10g:5088
1462397428452	<INFO 7fb7ab8da780> SLIPSTORE::COMM Connecting to tcp://dco-node142-10g:5106
1462397428454	<INFO 7fb7ab8da780> SLIPSTORE::COMM Connecting to tcp://dco-node143-10g:5124
1462397428457	<INFO 7fb7ab8da780> SLIPSTORE::COMM Connecting to tcp://dco-node144-10g:5142
1462397428459	<INFO 7fb7ab8da780> SLIPSTORE::COMM Connecting to tcp://dco-node137-10g:5003
1462397428461	<INFO 7fb7ab8da780> SLIPSTORE::COMM Connecting to tcp://dco-node138-10g:5021
1462397428463	<INFO 7fb7ab8da780> SLIPSTORE::COMM Connecting to tcp://dco-node139-10g:5039
1462397428466	<INFO 7fb7ab8da780> SLIPSTORE::COMM Connecting to ipc://server
1462397428468	<INFO 7fb7ab8da780> SLIPSTORE::COMM Connecting to tcp://dco-node141-10g:5075
1462397428470	<INFO 7fb7ab8da780> SLIPSTORE::COMM Connecting to tcp://dco-node142-10g:5093
1462397428472	<INFO 7fb7ab8da780> SLIPSTORE::COMM Connecting to tcp://dco-node143-10g:5111
1462397428476	<INFO 7fb7ab8da780> SLIPSTORE::COMM Connecting to tcp://dco-node144-10g:5129
1462397428478	<INFO 7fb7ab8da780> SLIPSTORE::COMM Connecting to tcp://dco-node141-10g:5089
1462397428480	<INFO 7fb7ab8da780> SLIPSTORE::COMM Listening at tcp://p1p1:5071
1462397428483	<INFO 7fb7ab8da780> SLIPSTORE::COMM Connecting to tcp://dco-node140-10g:5070
1462397428485	<INFO 7fb7ab8da780> SLIPSTORE::HELP_POLICY HEURISTIC_NEW
1462397428487	<INFO 7fb7ab8da780> SLIPSTORE::SERVER ASYNC
1462397428489	<INFO 7fb7ab8da780> SLIPSTORE::MACHINES 8
1462397428491	<INFO 7fb7ab8da780> SLIPSTORE::ME 3
1462397428494	<INFO 7fb7ab8da780> SLIPSTORE::SLIPCHUNK 4194304
1462397428496	<INFO 7fb7ab8da780> SLIPSTORE::QUOTA 18446744073709551615
1462397428498	<INFO 7fb7ab8da780> SLIPSTORE::IO PAGECACHE
1462397428500	<INFO 7f998e3f8700> SLIPSTORE::COMM Listening at tcp://p1p1:5070
1462397428502	<INFO 7f998e3f8700> SLIPSTORE::COMM Listening at tcp://p1p1:5054
1462397428504	<INFO 7f998e3f8700> SLIPSTORE::COMM Connecting to tcp://dco-node137-10g:5011
1462397428507	<INFO 7f998e3f8700> SLIPSTORE::COMM Listening at tcp://p1p1:5055
1462397428509	<INFO 7f998e3f8700> SLIPSTORE::COMM Connecting to tcp://dco-node138-10g:5029
1462397428511	<INFO 7f998e3f8700> SLIPSTORE::COMM Listening at tcp://p1p1:5056
1462397428514	<INFO 7f998e3f8700> SLIPSTORE::COMM Connecting to tcp://dco-node139-10g:5047
1462397428517	<INFO 7f998e3f8700> SLIPSTORE::COMM Listening at ipc://server
1462397428519	<INFO 7f998e3f8700> SLIPSTORE::COMM Connecting to ipc://client
1462397428521	<INFO 7f998e3f8700> SLIPSTORE::COMM Listening at tcp://p1p1:5058
1462397428524	<INFO 7f998e3f8700> SLIPSTORE::COMM Connecting to tcp://dco-node141-10g:5083
1462397428526	<INFO 7f998e3f8700> SLIPSTORE::COMM Listening at tcp://p1p1:5059
1462397428528	<INFO 7f998e3f8700> SLIPSTORE::COMM Connecting to tcp://dco-node142-10g:5101
1462397428530	<INFO 7f998e3f8700> SLIPSTORE::COMM Listening at tcp://p1p1:5060
1462397428533	<INFO 7f998e3f8700> SLIPSTORE::COMM Connecting to tcp://dco-node143-10g:5119
1462397428535	<INFO 7f998e3f8700> SLIPSTORE::COMM Listening at tcp://p1p1:5061
1462397428537	<INFO 7f998e3f8700> SLIPSTORE::COMM Connecting to tcp://dco-node144-10g:5137
1462397428633	<INFO 7fb7ab8da780> SLIPSTORE::CHECKPOINTS NONE FOUND
1462397428635	<INFO 7fb7ab8da780> 2016-05-04 23:30:28 Start edge split
1462397507490	<INFO 7fb7ab8da780> 2016-05-04 23:31:47 Completed init
1462397509463	<INFO 7fb7ab8da780> 2016-05-04 23:31:49 Started gather
1462397513261	<INFO 7fb7ab8da780> 2016-05-04 23:31:53 Completed gather
1462397513400	<INFO 7fb7ab8da780> 2016-05-04 23:31:53 Started scatter
1462397525724	<INFO 7fb7ab8da780> 2016-05-04 23:32:05 Completed scatter
1462397525733	<INFO 7fb7ab8da780> 2016-05-04 23:32:05 Started helping 0
1462397549096	<INFO 7fb7ab8da780> 2016-05-04 23:32:29 Completed helping 0
1462397549123	<INFO 7fb7ab8da780> 2016-05-04 23:32:29 Completed phase 1 Bytes read 14030515836 Bytes written 7235743356
1462397553052	<INFO 7fb7ab8da780> 2016-05-04 23:32:33 Started gather
1462397556860	<INFO 7fb7ab8da780> 2016-05-04 23:32:36 Completed gather
1462397557022	<INFO 7fb7ab8da780> 2016-05-04 23:32:37 Started gather
1462397594110	<INFO 7fb7ab8da780> 2016-05-04 23:33:14 Completed gather
1462397594334	<INFO 7fb7ab8da780> 2016-05-04 23:33:14 Started helping 0
1462397632180	<INFO 7fb7ab8da780> 2016-05-04 23:33:52 Completed helping 0
1462397637688	<INFO 7fb7ab8da780> 2016-05-04 23:33:57 Completed phase 2 Bytes read 21870238968 Bytes written 12740352964
1462397642995	<INFO 7fb7ab8da780> 2016-05-04 23:34:02 Started gather
1462397659833	<INFO 7fb7ab8da780> 2016-05-04 23:34:19 Completed gather
1462397659858	<INFO 7fb7ab8da780> 2016-05-04 23:34:19 Started helping 0
1462397671203	<INFO 7fb7ab8da780> 2016-05-04 23:34:31 Completed helping 0
1462397682561	<INFO 7fb7ab8da780> 2016-05-04 23:34:42 Started scatter
1462397704405	<INFO 7fb7ab8da780> 2016-05-04 23:35:04 Completed scatter
1462397705195	<INFO 7fb7ab8da780> 2016-05-04 23:35:05 Started helping 0
1462397752095	<INFO 7fb7ab8da780> 2016-05-04 23:35:52 Completed helping 0
1462397752451	<INFO 7fb7ab8da780> 2016-05-04 23:35:52 Completed phase 3 Bytes read 34207938748 Bytes written 17879775828
1462397756789	<INFO 7fb7ab8da780> 2016-05-04 23:35:56 Started gather
1462397773639	<INFO 7fb7ab8da780> 2016-05-04 23:36:13 Completed gather
1462397773744	<INFO 7fb7ab8da780> 2016-05-04 23:36:13 Started helping 0
1462397784679	<INFO 7fb7ab8da780> 2016-05-04 23:36:24 Completed helping 0
1462397795991	<INFO 7fb7ab8da780> 2016-05-04 23:36:35 Started scatter
1462397818654	<INFO 7fb7ab8da780> 2016-05-04 23:36:58 Completed scatter
1462397819175	<INFO 7fb7ab8da780> 2016-05-04 23:36:59 Started helping 0
1462397865191	<INFO 7fb7ab8da780> 2016-05-04 23:37:45 Completed helping 0
1462397865607	<INFO 7fb7ab8da780> 2016-05-04 23:37:45 Completed phase 4 Bytes read 46583104968 Bytes written 22957555916
1462397871231	<INFO 7fb7ab8da780> 2016-05-04 23:37:51 Started gather
1462397888568	<INFO 7fb7ab8da780> 2016-05-04 23:38:08 Completed gather
1462397888626	<INFO 7fb7ab8da780> 2016-05-04 23:38:08 Started helping 0
1462397899935	<INFO 7fb7ab8da780> 2016-05-04 23:38:19 Completed helping 0
1462397911099	<INFO 7fb7ab8da780> 2016-05-04 23:38:31 Started scatter
1462397934602	<INFO 7fb7ab8da780> 2016-05-04 23:38:54 Completed scatter
1462397935189	<INFO 7fb7ab8da780> 2016-05-04 23:38:55 Started helping 0
1462397981197	<INFO 7fb7ab8da780> 2016-05-04 23:39:41 Completed helping 0
1462397981535	<INFO 7fb7ab8da780> 2016-05-04 23:39:41 Completed phase 5 Bytes read 58896628412 Bytes written 28083261548
1462397985701	<INFO 7fb7ab8da780> 2016-05-04 23:39:45 Started gather
1462398002679	<INFO 7fb7ab8da780> 2016-05-04 23:40:02 Completed gather
1462398002701	<INFO 7fb7ab8da780> 2016-05-04 23:40:02 Started helping 0
1462398013829	<INFO 7fb7ab8da780> 2016-05-04 23:40:13 Completed helping 0
1462398025310	<INFO 7fb7ab8da780> 2016-05-04 23:40:25 Started scatter
1462398050161	<INFO 7fb7ab8da780> 2016-05-04 23:40:50 Completed scatter
1462398050623	<INFO 7fb7ab8da780> 2016-05-04 23:40:50 Started helping 0
1462398097047	<INFO 7fb7ab8da780> 2016-05-04 23:41:37 Completed helping 0
1462398097837	<INFO 7fb7ab8da780> 2016-05-04 23:41:37 Completed phase 6 Bytes read 71308409048 Bytes written 33345209436
1462398102316	<INFO 7fb7ab8da780> 2016-05-04 23:41:42 Started gather
1462398118388	<INFO 7fb7ab8da780> 2016-05-04 23:41:58 Completed gather
1462398118415	<INFO 7fb7ab8da780> 2016-05-04 23:41:58 Started helping 0
1462398130091	<INFO 7fb7ab8da780> 2016-05-04 23:42:10 Completed helping 0
1462398141585	<INFO 7fb7ab8da780> 2016-05-04 23:42:21 Started scatter
1462398165860	<INFO 7fb7ab8da780> 2016-05-04 23:42:45 Completed scatter
1462398166919	<INFO 7fb7ab8da780> 2016-05-04 23:42:46 Started helping 0
1462398212683	<INFO 7fb7ab8da780> 2016-05-04 23:43:32 Completed helping 0
1462398212905	<INFO 7fb7ab8da780> 2016-05-04 23:43:32 Completed phase 7 Bytes read 83806100292 Bytes written 38426400508
1462398212907	<INFO 7fb7ab8da780> CORE::PARTITIONS_PROCESSED 161
1462398212910	<INFO 7fb7ab8da780> CORE::BYTES::EDGES_STREAMED 3733557144
1462398212912	<INFO 7fb7ab8da780> CORE::BYTES::UPDATES_OUT 2070047208
1462398212914	<INFO 7fb7ab8da780> CORE::BYTES::UPDATES_IN 1529248888
1462398212917	<INFO 7f9983fff700> CORE::PARTITIONS_PROCESSED 495
1462398212919	<INFO 7f998d3f6700> CORE::PARTITIONS_PROCESSED 384
1462398212921	<INFO 7f99827fc700> CORE::PARTITIONS_PROCESSED 452
1462398212923	<INFO 7f99837fe700> CORE::PARTITIONS_PROCESSED 352
1462398212925	<INFO 7f998cbf5700> CORE::PARTITIONS_PROCESSED 361
1462398212928	<INFO 7f9982ffd700> CORE::PARTITIONS_PROCESSED 451
1462398212930	<INFO 7f9983fff700> CORE::BYTES::EDGES_STREAMED 4674604296
1462398212932	<INFO 7f998d3f6700> CORE::BYTES::EDGES_STREAMED 4048427172
1462398212935	<INFO 7f9981ffb700> CORE::PARTITIONS_PROCESSED 544
1462398212937	<INFO 7f99827fc700> CORE::BYTES::EDGES_STREAMED 4022929800
1462398212939	<INFO 7f9983fff700> CORE::BYTES::UPDATES_OUT 2748820648
1462398212941	<INFO 7f998cbf5700> CORE::BYTES::EDGES_STREAMED 3882219456
1462398212944	<INFO 7f9981ffb700> CORE::BYTES::EDGES_STREAMED 7971595872
1462398212946	<INFO 7f99837fe700> CORE::BYTES::EDGES_STREAMED 4406424264
1462398212948	<INFO 7f9982ffd700> CORE::BYTES::EDGES_STREAMED 4278499908
1462398212951	<INFO 7f998d3f6700> CORE::BYTES::UPDATES_OUT 2286452072
1462398212953	<INFO 7f9982ffd700> CORE::BYTES::UPDATES_OUT 2426025632
1462398212956	<INFO 7f99837fe700> CORE::BYTES::UPDATES_OUT 2540987008
1462398212958	<INFO 7f9981ffb700> CORE::BYTES::UPDATES_OUT 4536479136
1462398212961	<INFO 7f998d3f6700> CORE::BYTES::UPDATES_IN 1928956896
1462398212963	<INFO 7f9983fff700> CORE::BYTES::UPDATES_IN 1956965208
1462398212966	<INFO 7f99827fc700> CORE::BYTES::UPDATES_OUT 2286134336
1462398212968	<INFO 7f998cbf5700> CORE::BYTES::UPDATES_OUT 2270618648
1462398212970	<INFO 7f9982ffd700> CORE::BYTES::UPDATES_IN 1728244544
1462398212972	<INFO 7f99837fe700> CORE::BYTES::UPDATES_IN 1920476608
1462398212975	<INFO 7f9981ffb700> CORE::BYTES::UPDATES_IN 3325690320
1462398212977	<INFO 7f99827fc700> CORE::BYTES::UPDATES_IN 1773353064
1462398212979	<INFO 7f998cbf5700> CORE::BYTES::UPDATES_IN 1417529856
1462398212982	<INFO 7f998e3f8700> SLIPSTORE service is exiting
1462398212984	<INFO 7f998e3f8700> SLIPSTORE::HELP_OFFERS_RECVD 98
1462398212986	<INFO 7f998e3f8700> SLIPSTORE::HELP_OFFERS_ACCEPTED 0
1462398212988	<INFO 7f998e3f8700> SLIPSTORE::HELP_ACCEPTANCE_RATIO 0
1462398212991	<INFO 7f998e3f8700> SLIPSTORE::SERVER_BUSY_DISK  651.284 seconds
1462398212994	<INFO 7f998e3f8700> SLIPSTORE::SERVER_BUSY_MEM  3.01554 seconds
1462398212996	<INFO 7f998e3f8700> SLIPSTORE::SERVER_TOTAL  784.447 seconds
1462398212998	<INFO 7fb7ab8da780> SLIPSTORE::CLIENT::DISK_READ_TIME  504.367 seconds
1462398213001	<INFO 7fb7ab8da780> SLIPSTORE::CLIENT::MEM_READ_TIME  0 seconds
1462398213003	<INFO 7fb7ab8da780> SLIPSTORE::CLIENT::DISK_BYTES_READ 72098036284
1462398213005	<INFO 7fb7ab8da780> SLIPSTORE::CLIENT::MEM_BYTES_READ 0
1462398213007	<INFO 7fb7ab8da780> SLIPSTORE::CLIENT::WRITE_TIME  202.882 seconds
1462398213010	<INFO 7fb7ab8da780> SLIPSTORE::CLIENT::BYTES_WRITTEN 6039797760
1462398213012	<INFO 7fb7ab8da780> SLIPSTORE::CLIENT_BUSY  707.248 seconds
1462398213014	<INFO 7fb7ab8da780> SLIPSTORE::IO::TIME 438.758 seconds
1462398213017	<INFO 7fb7ab8da780> SLIPSTORE::SNAP::TIME 0 seconds
1462398213019	<INFO 7fb7ab8da780> SLIPSTORE::MAX_DISK_USAGE_BYTES 11289731692
1462398214613	<INFO 7fb7ab8da780> CORE::RUSAGE::MAX_RSS_KB 125934508
1462398214615	<INFO 7fb7ab8da780> CORE::RUSAGE::MINFLT 55142839
1462398214618	<INFO 7fb7ab8da780> CORE::RUSAGE::MAJFLT 3
1462398214620	<INFO 7fb7ab8da780> CORE::RUSAGE::MAJFLT 3
1462398214623	<INFO 7fb7ab8da780> CORE::RUSAGE::INBLK 131446680
1462398214625	<INFO 7fb7ab8da780> CORE::RUSAGE::OUBLK 75066024
1462398214627	<INFO 7fb7ab8da780> CORE::UTILS::BYTES_READ 83806100292
1462398214630	<INFO 7fb7ab8da780> CORE::UTILS::BYTES_WRITTEN 38426400508
1462398214632	<INFO 7fb7ab8da780> CORE::UTILS::TILE_COPY_BYTES 12884901888
1462398214634	<INFO 7fb7ab8da780> CORE::TIME::IO_WAIT 631.884 seconds
1462398214636	<INFO 7fb7ab8da780> CORE::TIME_TILE_COPY 108.823 seconds
1462398214639	<INFO 7fb7ab8da780> CORE::TIME_TILE_MERGE 0 seconds
1462398214641	<INFO 7fb7ab8da780> CORE::TIME_PROCESSING_STOLEN 228.605 seconds
1462398214643	<INFO 7fb7ab8da780> CORE::TIME_MERGE_WAIT 10.7583 seconds
1462398214645	<INFO 7fb7ab8da780> CORE::OTHER_TIME_ALL_MC_BARRIER 0 seconds
1462398214648	<INFO 7fb7ab8da780> CORE::SCATTER_TIME_ALL_MC_BARRIER 0.457895 seconds
1462398214650	<INFO 7fb7ab8da780> CORE::GATHER_TIME_ALL_MC_BARRIER 5.50137 seconds
1462398214652	<INFO 7fb7ab8da780> CORE::INIT_TIME_ALL_MC_BARRIER 1.83091 seconds
1462398214654	<INFO 7fb7ab8da780> CORE::SHUT_DOWN_TIME_ALL_MC_BARRIER 0.002388 seconds
1462398214657	<INFO 7fb7ab8da780> CORE::STREAM_SKIP_BEFORE_TIME_ALL_MC_BARRIER 0.957618 seconds
1462398214659	<INFO 7fb7ab8da780> CORE::TAKE_CHECKPOINT_BEFORE_TIME_ALL_MC_BARRIER 0 seconds
1462398214661	<INFO 7fb7ab8da780> CORE::TAKE_CHECKPOINT_COMPLETE_TIME_ALL_MC_BARRIER 0 seconds
1462398214663	<INFO 7fb7ab8da780> CORE::METADATA_WRITE_COMPLETE_TIME_ALL_MC_BARRIER 0 seconds
1462398214665	<INFO 7fb7ab8da780> CORE::STREAM_EOF_BEFORE_TIME_ALL_MC_BARRIER 0 seconds
1462398214668	<INFO 7fb7ab8da780> CORE::STREAM_EOF_AFTER_TIME_ALL_MC_BARRIER 0 seconds
1462398214670	<INFO 7fb7ab8da780> CORE::STATE_LOAD_TIME_ALL_MC_BARRIER 0 seconds
1462398214672	<INFO 7fb7ab8da780> CORE::STATE_STORE_TIME_ALL_MC_BARRIER 0 seconds
1462398214674	<INFO 7fb7ab8da780> CORE::PHASES 7
1462398214676	<INFO 7fb7ab8da780> CORE::TIME::SETUP 3.7641 seconds
1462398214679	<INFO 7fb7ab8da780> CORE::TIME::STATE_ITER 28.7446 seconds
1462398214681	<INFO 7fb7ab8da780> CORE::TIME::GATHER 206.329 seconds
1462398214683	<INFO 7fb7ab8da780> CORE::TIME::SCATTER 470.07 seconds
1462398214686	<INFO 7fb7ab8da780> CORE::TIME::WALL 788.039 seconds
1462398214688	<INFO 7fb7ab8da780> SHUTDOWN
