1462397320225	<INFO 7fec65eed780> 2016-05-04 23:28:40 STARTUP
1462397320227	<INFO 7fec65eed780> CORE::GRAPH rmat-28_s8
1462397320229	<INFO 7fec65eed780> CORE::ALGORITHM pagerank
1462397320232	<INFO 7fec65eed780> CORE::VERTEX_STRIPING ON
1462397320234	<INFO 7fec65eed780> CORE::OPTIMIZED_STATE_LOAD_STORE OFF
1462397320236	<INFO 7fec65eed780> CORE::BINARY_SEARCH_SUPER_PARTITION ON
1462397320239	<INFO 7fec65eed780> CORE::SUPER_PARTITION_COMPUTED_FOR_EACH_SCATTER_GATHER_PHASE
1462397320241	<INFO 7fec65eed780> CORE::EDGE_STRIPING ON
1462397320243	<INFO 7fec65eed780> CORE::BATCH IO ON
1462397320245	<INFO 7fec65eed780> 2016-05-04 23:28:40 Blocking memory amount 126701535232
1462397426821	<INFO 7fec65eed780> 2016-05-04 23:30:26 Done blocking memory
1462397426824	<INFO 7fec65eed780> SG-DRIVER-ORIGINAL
1462397426826	<INFO 7fec65eed780> 2016-05-04 23:30:26 START read config parameters
1462397426829	<INFO 7fec65eed780> PARTITIONING::OLD 1
1462397426831	<INFO 7fec65eed780> PARTITIONING::BALANCED_PARTITIONS 0
1462397426833	<INFO 7fec65eed780> CORE::CONFIG::PROCESSORS 8
1462397426835	<INFO 7fec65eed780> CORE::CONFIG::PHYSICAL_MEMORY 2147483648
1462397426837	<INFO 7fec65eed780> CORE::CONFIG::VERTICES 268435456
1462397426840	<INFO 7fec65eed780> CORE::CONFIG::VERTEX_SIZE 12
1462397426842	<INFO 7fec65eed780> CORE::CONFIG::VERTEX_BUFFER 402653184
1462397426845	<INFO 7fec65eed780> CORE::CONFIG::EDGES 536870912
1462397426847	<INFO 7fec65eed780> CORE::CONFIG::PARTITIONS 64
1462397426849	<INFO 7fec65eed780> CORE::CONFIG::FANOUT 64
1462397426851	<INFO 7fec65eed780> CORE::CONFIG::SUPER_PARTITIONS 8
1462397426853	<INFO 7fec65eed780> CORE::CONFIG::TILES 1
1462397426855	<INFO 7fec65eed780> CORE::CONFIG::BUFFER_SIZE 348964966
1462397426858	<INFO 7fec65eed780> CORE::CONFIG::MAX_BUFFERS 4
1462397426860	<INFO 7fec65eed780> CORE::CONFIG::MAX_STREAMS 4
1462397426862	<INFO 7fec65eed780> CORE::CONFIG::SUM_OF_OUT_DEGREES_FOR_NEW_PARTITIONS::FIRST_CONSTRAINT 33554432
1462397426864	<INFO 7fec65eed780> CORE::CONFIG::MAX_EDGES_PER_NEW_PARTITION::SECOND_CONSTRAINT 67108864
1462397426867	<INFO 7fec65eed780> SLIPSTREAM::EXT_MEM_SHUFFLE OFF
1462397426870	<INFO 7fec65eed780> 2016-05-04 23:30:26 END read config parameters
1462397428568	<WARNING 7fec65eed780> Unable to unlink file (stream.0.0.0):No such file or directory
1462397428570	<WARNING 7fec65eed780> Unable to unlink file (stream.0.1.0):No such file or directory
1462397428573	<WARNING 7fec65eed780> Unable to unlink file (stream.0.2.0):No such file or directory
1462397428575	<WARNING 7fec65eed780> Unable to unlink file (stream.0.3.0):No such file or directory
1462397428577	<WARNING 7fec65eed780> Unable to unlink file (stream.0.4.0):No such file or directory
1462397428580	<WARNING 7fec65eed780> Unable to unlink file (stream.0.5.0):No such file or directory
1462397428583	<WARNING 7fec65eed780> Unable to unlink file (stream.0.6.0):No such file or directory
1462397428585	<WARNING 7fec65eed780> Unable to unlink file (stream.0.7.0):No such file or directory
1462397428587	<WARNING 7fec65eed780> Unable to unlink file (stream.1.1.0):No such file or directory
1462397428590	<WARNING 7fec65eed780> Unable to unlink file (stream.1.2.0):No such file or directory
1462397428592	<WARNING 7fec65eed780> Unable to unlink file (stream.1.3.0):No such file or directory
1462397428594	<WARNING 7fec65eed780> Unable to unlink file (stream.1.4.0):No such file or directory
1462397428597	<WARNING 7fec65eed780> Unable to unlink file (stream.1.5.0):No such file or directory
1462397428599	<WARNING 7fec65eed780> Unable to unlink file (stream.1.6.0):No such file or directory
1462397428601	<WARNING 7fec65eed780> Unable to unlink file (stream.1.7.0):No such file or directory
1462397428604	<WARNING 7fec65eed780> Unable to unlink file (stream.2.0.0):No such file or directory
1462397428606	<WARNING 7fec65eed780> Unable to unlink file (stream.2.1.0):No such file or directory
1462397428608	<WARNING 7fec65eed780> Unable to unlink file (stream.2.2.0):No such file or directory
1462397428611	<WARNING 7fec65eed780> Unable to unlink file (stream.2.3.0):No such file or directory
1462397428616	<WARNING 7fec65eed780> Unable to unlink file (stream.2.4.0):No such file or directory
1462397428618	<WARNING 7fec65eed780> Unable to unlink file (stream.2.5.0):No such file or directory
1462397428620	<WARNING 7fec65eed780> Unable to unlink file (stream.2.6.0):No such file or directory
1462397428624	<WARNING 7fec65eed780> Unable to unlink file (stream.2.7.0):No such file or directory
1462397428626	<WARNING 7fec65eed780> Unable to unlink file (stream.3.0.0):No such file or directory
1462397428628	<WARNING 7fec65eed780> Unable to unlink file (stream.3.1.0):No such file or directory
1462397428631	<WARNING 7fec65eed780> Unable to unlink file (stream.3.2.0):No such file or directory
1462397428634	<WARNING 7fec65eed780> Unable to unlink file (stream.3.3.0):No such file or directory
1462397428637	<WARNING 7fec65eed780> Unable to unlink file (stream.3.4.0):No such file or directory
1462397428639	<WARNING 7fec65eed780> Unable to unlink file (stream.3.5.0):No such file or directory
1462397428642	<WARNING 7fec65eed780> Unable to unlink file (stream.3.6.0):No such file or directory
1462397428644	<WARNING 7fec65eed780> Unable to unlink file (stream.3.7.0):No such file or directory
1462397428646	<INFO 7fec65eed780> SLIPSTORE::ZMQ_THREADS 2
1462397428648	<INFO 7fec65eed780> SLIPSTORE::COMM Connecting to tcp://dco-node137-10g:5016
1462397428650	<INFO 7fec65eed780> SLIPSTORE::COMM Connecting to tcp://dco-node138-10g:5034
1462397428653	<INFO 7fec65eed780> SLIPSTORE::COMM Connecting to tcp://dco-node139-10g:5052
1462397428655	<INFO 7fec65eed780> SLIPSTORE::COMM Connecting to tcp://dco-node140-10g:5070
1462397428658	<INFO 7fec65eed780> SLIPSTORE::COMM Connecting to tcp://dco-node141-10g:5088
1462397428660	<INFO 7fec65eed780> SLIPSTORE::COMM Connecting to tcp://dco-node142-10g:5106
1462397428662	<INFO 7fec65eed780> SLIPSTORE::COMM Connecting to tcp://dco-node143-10g:5124
1462397428664	<INFO 7fec65eed780> SLIPSTORE::COMM Connecting to tcp://dco-node144-10g:5142
1462397428667	<INFO 7fec65eed780> SLIPSTORE::COMM Listening at tcp://p1p1:5116
1462397428669	<INFO 7fec65eed780> SLIPSTORE::COMM Listening at tcp://p1p1:5117
1462397428672	<INFO 7fec65eed780> SLIPSTORE::COMM Listening at tcp://p1p1:5118
1462397428675	<INFO 7fec65eed780> SLIPSTORE::COMM Listening at tcp://p1p1:5119
1462397428677	<INFO 7fec65eed780> SLIPSTORE::COMM Listening at tcp://p1p1:5120
1462397428680	<INFO 7fec65eed780> SLIPSTORE::COMM Listening at tcp://p1p1:5121
1462397428682	<INFO 7fec65eed780> SLIPSTORE::COMM Listening at ipc://client
1462397428684	<INFO 7fec65eed780> SLIPSTORE::COMM Listening at tcp://p1p1:5123
1462397428686	<INFO 7fec65eed780> SLIPSTORE::COMM Connecting to tcp://dco-node137-10g:5016
1462397428689	<INFO 7fec65eed780> SLIPSTORE::COMM Connecting to tcp://dco-node138-10g:5034
1462397428691	<INFO 7fec65eed780> SLIPSTORE::COMM Connecting to tcp://dco-node139-10g:5052
1462397428694	<INFO 7fec65eed780> SLIPSTORE::COMM Connecting to tcp://dco-node140-10g:5070
1462397428696	<INFO 7fec65eed780> SLIPSTORE::COMM Connecting to tcp://dco-node141-10g:5088
1462397428698	<INFO 7fec65eed780> SLIPSTORE::COMM Connecting to tcp://dco-node142-10g:5106
1462397428701	<INFO 7fec65eed780> SLIPSTORE::COMM Connecting to tcp://dco-node143-10g:5124
1462397428704	<INFO 7fec65eed780> SLIPSTORE::COMM Connecting to tcp://dco-node144-10g:5142
1462397428706	<INFO 7fec65eed780> SLIPSTORE::COMM Connecting to tcp://dco-node137-10g:5006
1462397428708	<INFO 7fec65eed780> SLIPSTORE::COMM Connecting to tcp://dco-node138-10g:5024
1462397428710	<INFO 7fec65eed780> SLIPSTORE::COMM Connecting to tcp://dco-node139-10g:5042
1462397428713	<INFO 7fec65eed780> SLIPSTORE::COMM Connecting to tcp://dco-node140-10g:5060
1462397428715	<INFO 7fec65eed780> SLIPSTORE::COMM Connecting to tcp://dco-node141-10g:5078
1462397428719	<INFO 7fec65eed780> SLIPSTORE::COMM Connecting to tcp://dco-node142-10g:5096
1462397428721	<INFO 7fec65eed780> SLIPSTORE::COMM Connecting to ipc://server
1462397428723	<INFO 7fec65eed780> SLIPSTORE::COMM Connecting to tcp://dco-node144-10g:5132
1462397428726	<INFO 7fec65eed780> SLIPSTORE::COMM Connecting to tcp://dco-node144-10g:5143
1462397428728	<INFO 7fec65eed780> SLIPSTORE::COMM Listening at tcp://p1p1:5125
1462397428731	<INFO 7fec65eed780> SLIPSTORE::COMM Connecting to tcp://dco-node143-10g:5124
1462397428733	<INFO 7fec65eed780> SLIPSTORE::HELP_POLICY HEURISTIC_NEW
1462397428735	<INFO 7fec65eed780> SLIPSTORE::SERVER ASYNC
1462397428738	<INFO 7fec65eed780> SLIPSTORE::MACHINES 8
1462397428740	<INFO 7fec65eed780> SLIPSTORE::ME 6
1462397428742	<INFO 7fec65eed780> SLIPSTORE::SLIPCHUNK 4194304
1462397428745	<INFO 7fec65eed780> SLIPSTORE::QUOTA 18446744073709551615
1462397428747	<INFO 7fec65eed780> SLIPSTORE::IO PAGECACHE
1462397428750	<INFO 7fce50bf4700> SLIPSTORE::COMM Listening at tcp://p1p1:5124
1462397428754	<INFO 7fce50bf4700> SLIPSTORE::COMM Listening at tcp://p1p1:5108
1462397428756	<INFO 7fce50bf4700> SLIPSTORE::COMM Connecting to tcp://dco-node137-10g:5014
1462397428758	<INFO 7fce50bf4700> SLIPSTORE::COMM Listening at tcp://p1p1:5109
1462397428761	<INFO 7fce50bf4700> SLIPSTORE::COMM Connecting to tcp://dco-node138-10g:5032
1462397428763	<INFO 7fce50bf4700> SLIPSTORE::COMM Listening at tcp://p1p1:5110
1462397428765	<INFO 7fce50bf4700> SLIPSTORE::COMM Connecting to tcp://dco-node139-10g:5050
1462397428767	<INFO 7fce50bf4700> SLIPSTORE::COMM Listening at tcp://p1p1:5111
1462397428770	<INFO 7fce50bf4700> SLIPSTORE::COMM Connecting to tcp://dco-node140-10g:5068
1462397428772	<INFO 7fce50bf4700> SLIPSTORE::COMM Listening at tcp://p1p1:5112
1462397428774	<INFO 7fce50bf4700> SLIPSTORE::COMM Connecting to tcp://dco-node141-10g:5086
1462397428777	<INFO 7fce50bf4700> SLIPSTORE::COMM Listening at tcp://p1p1:5113
1462397428779	<INFO 7fce50bf4700> SLIPSTORE::COMM Connecting to tcp://dco-node142-10g:5104
1462397428781	<INFO 7fce50bf4700> SLIPSTORE::COMM Listening at ipc://server
1462397428783	<INFO 7fce50bf4700> SLIPSTORE::COMM Connecting to ipc://client
1462397428786	<INFO 7fce50bf4700> SLIPSTORE::COMM Listening at tcp://p1p1:5115
1462397428788	<INFO 7fce50bf4700> SLIPSTORE::COMM Connecting to tcp://dco-node144-10g:5140
1462397429693	<INFO 7fec65eed780> SLIPSTORE::CHECKPOINTS NONE FOUND
1462397429696	<INFO 7fec65eed780> 2016-05-04 23:30:29 Start edge split
1462397508550	<INFO 7fec65eed780> 2016-05-04 23:31:48 Completed init
1462397510524	<INFO 7fec65eed780> 2016-05-04 23:31:50 Started gather
1462397514408	<INFO 7fec65eed780> 2016-05-04 23:31:54 Completed gather
1462397514460	<INFO 7fec65eed780> 2016-05-04 23:31:54 Started scatter
1462397528101	<INFO 7fec65eed780> 2016-05-04 23:32:08 Completed scatter
1462397528145	<INFO 7fec65eed780> 2016-05-04 23:32:08 Started helping 0
1462397550142	<INFO 7fec65eed780> 2016-05-04 23:32:30 Completed helping 0
1462397550184	<INFO 7fec65eed780> 2016-05-04 23:32:30 Completed phase 1 Bytes read 14019880536 Bytes written 7225108056
1462397554113	<INFO 7fec65eed780> 2016-05-04 23:32:34 Started gather
1462397557860	<INFO 7fec65eed780> 2016-05-04 23:32:37 Completed gather
1462397558084	<INFO 7fec65eed780> 2016-05-04 23:32:38 Started gather
1462397590976	<INFO 7fec65eed780> 2016-05-04 23:33:10 Completed gather
1462397591129	<INFO 7fec65eed780> 2016-05-04 23:33:11 Started helping 0
1462397638232	<INFO 7fec65eed780> 2016-05-04 23:33:58 Completed helping 0
1462397638750	<INFO 7fec65eed780> 2016-05-04 23:33:58 Completed phase 2 Bytes read 21848968368 Bytes written 12846880976
1462397644057	<INFO 7fec65eed780> 2016-05-04 23:34:04 Started gather
1462397661223	<INFO 7fec65eed780> 2016-05-04 23:34:21 Completed gather
1462397661226	<INFO 7fec65eed780> 2016-05-04 23:34:21 Started helping 0
1462397677349	<INFO 7fec65eed780> 2016-05-04 23:34:37 Completed helping 0
1462397683623	<INFO 7fec65eed780> 2016-05-04 23:34:43 Started scatter
1462397705088	<INFO 7fec65eed780> 2016-05-04 23:35:05 Completed scatter
1462397705962	<INFO 7fec65eed780> 2016-05-04 23:35:05 Started helping 0
1462397753158	<INFO 7fec65eed780> 2016-05-04 23:35:53 Completed helping 0
1462397753514	<INFO 7fec65eed780> 2016-05-04 23:35:53 Completed phase 3 Bytes read 34293196160 Bytes written 17970187304
1462397757853	<INFO 7fec65eed780> 2016-05-04 23:35:57 Started gather
1462397774933	<INFO 7fec65eed780> 2016-05-04 23:36:14 Completed gather
1462397775044	<INFO 7fec65eed780> 2016-05-04 23:36:15 Started helping 0
1462397790742	<INFO 7fec65eed780> 2016-05-04 23:36:30 Completed helping 0
1462397797054	<INFO 7fec65eed780> 2016-05-04 23:36:37 Started scatter
1462397819398	<INFO 7fec65eed780> 2016-05-04 23:36:59 Completed scatter
1462397819718	<INFO 7fec65eed780> 2016-05-04 23:36:59 Started helping 0
1462397866300	<INFO 7fec65eed780> 2016-05-04 23:37:46 Completed helping 0
1462397866671	<INFO 7fec65eed780> 2016-05-04 23:37:46 Completed phase 4 Bytes read 46641610544 Bytes written 23147097808
1462397872296	<INFO 7fec65eed780> 2016-05-04 23:37:52 Started gather
1462397888841	<INFO 7fec65eed780> 2016-05-04 23:38:08 Completed gather
1462397888937	<INFO 7fec65eed780> 2016-05-04 23:38:08 Started helping 0
1462397905909	<INFO 7fec65eed780> 2016-05-04 23:38:25 Completed helping 0
1462397912164	<INFO 7fec65eed780> 2016-05-04 23:38:32 Started scatter
1462397934154	<INFO 7fec65eed780> 2016-05-04 23:38:54 Completed scatter
1462397934762	<INFO 7fec65eed780> 2016-05-04 23:38:54 Started helping 0
1462397982262	<INFO 7fec65eed780> 2016-05-04 23:39:42 Completed helping 0
1462397982601	<INFO 7fec65eed780> 2016-05-04 23:39:42 Completed phase 5 Bytes read 59043629104 Bytes written 28347308912
1462397986767	<INFO 7fec65eed780> 2016-05-04 23:39:46 Started gather
1462398003859	<INFO 7fec65eed780> 2016-05-04 23:40:03 Completed gather
1462398003939	<INFO 7fec65eed780> 2016-05-04 23:40:03 Started helping 0
1462398019910	<INFO 7fec65eed780> 2016-05-04 23:40:19 Completed helping 0
1462398026376	<INFO 7fec65eed780> 2016-05-04 23:40:26 Started scatter
1462398049474	<INFO 7fec65eed780> 2016-05-04 23:40:49 Completed scatter
1462398050312	<INFO 7fec65eed780> 2016-05-04 23:40:50 Started helping 0
1462398097984	<INFO 7fec65eed780> 2016-05-04 23:41:37 Completed helping 0
1462398098903	<INFO 7fec65eed780> 2016-05-04 23:41:38 Completed phase 6 Bytes read 71519279912 Bytes written 33588065880
1462398103383	<INFO 7fec65eed780> 2016-05-04 23:41:43 Started gather
1462398119702	<INFO 7fec65eed780> 2016-05-04 23:41:59 Completed gather
1462398119821	<INFO 7fec65eed780> 2016-05-04 23:41:59 Started helping 0
1462398136247	<INFO 7fec65eed780> 2016-05-04 23:42:16 Completed helping 0
1462398142651	<INFO 7fec65eed780> 2016-05-04 23:42:22 Started scatter
1462398165891	<INFO 7fec65eed780> 2016-05-04 23:42:45 Completed scatter
1462398166895	<INFO 7fec65eed780> 2016-05-04 23:42:46 Started helping 0
1462398213839	<INFO 7fec65eed780> 2016-05-04 23:43:33 Completed helping 0
1462398213973	<INFO 7fec65eed780> 2016-05-04 23:43:33 Completed phase 7 Bytes read 83985144936 Bytes written 38849913104
1462398213976	<INFO 7fec65eed780> CORE::PARTITIONS_PROCESSED 178
1462398213978	<INFO 7fec65eed780> CORE::BYTES::EDGES_STREAMED 4077907260
1462398213980	<INFO 7fec65eed780> CORE::BYTES::UPDATES_OUT 2384416512
1462398213983	<INFO 7fec65eed780> CORE::BYTES::UPDATES_IN 1757762656
1462398213985	<INFO 7fce3bfff700> CORE::PARTITIONS_PROCESSED 558
1462398213987	<INFO 7fce3bfff700> CORE::BYTES::EDGES_STREAMED 7934064660
1462398213990	<INFO 7fce3bfff700> CORE::BYTES::UPDATES_OUT 4757822424
1462398213992	<INFO 7fce3bfff700> CORE::BYTES::UPDATES_IN 3315784904
1462398213994	<INFO 7fce427fc700> CORE::PARTITIONS_PROCESSED 508
1462398213997	<INFO 7fce417fa700> CORE::PARTITIONS_PROCESSED 460
1462398213999	<INFO 7fce42ffd700> CORE::PARTITIONS_PROCESSED 372
1462398214001	<INFO 7fce41ffb700> CORE::PARTITIONS_PROCESSED 359
1462398214004	<INFO 7fce42ffd700> CORE::BYTES::EDGES_STREAMED 3904428408
1462398214006	<INFO 7fce41ffb700> CORE::BYTES::EDGES_STREAMED 4610414484
1462398214009	<INFO 7fce42ffd700> CORE::BYTES::UPDATES_OUT 2267812560
1462398214011	<INFO 7fce417fa700> CORE::BYTES::EDGES_STREAMED 4792456164
1462398214014	<INFO 7fce40ff9700> CORE::PARTITIONS_PROCESSED 461
1462398214016	<INFO 7fce417fa700> CORE::BYTES::UPDATES_OUT 2731686528
1462398214018	<INFO 7fce427fc700> CORE::BYTES::EDGES_STREAMED 4864600920
1462398214020	<INFO 7fce40ff9700> CORE::BYTES::EDGES_STREAMED 4747868400
1462398214023	<INFO 7fce41ffb700> CORE::BYTES::UPDATES_OUT 2681547400
1462398214026	<INFO 7fce42ffd700> CORE::BYTES::UPDATES_IN 1471729824
1462398214028	<INFO 7fce40ff9700> CORE::BYTES::UPDATES_OUT 2725558696
1462398214030	<INFO 7fce427fc700> CORE::BYTES::UPDATES_OUT 2788966256
1462398214032	<INFO 7fce437fe700> CORE::PARTITIONS_PROCESSED 368
1462398214036	<INFO 7fce417fa700> CORE::BYTES::UPDATES_IN 1646579864
1462398214038	<INFO 7fce40ff9700> CORE::BYTES::UPDATES_IN 1943022696
1462398214040	<INFO 7fce427fc700> CORE::BYTES::UPDATES_IN 1781662536
1462398214043	<INFO 7fce437fe700> CORE::BYTES::EDGES_STREAMED 4135708152
1462398214045	<INFO 7fce41ffb700> CORE::BYTES::UPDATES_IN 1831243848
1462398214047	<INFO 7fce437fe700> CORE::BYTES::UPDATES_OUT 2432396192
1462398214049	<INFO 7fce437fe700> CORE::BYTES::UPDATES_IN 1483124168
1462398214052	<INFO 7fce50bf4700> SLIPSTORE service is exiting
1462398214054	<INFO 7fce50bf4700> SLIPSTORE::HELP_OFFERS_RECVD 98
1462398214056	<INFO 7fce50bf4700> SLIPSTORE::HELP_OFFERS_ACCEPTED 0
1462398214058	<INFO 7fce50bf4700> SLIPSTORE::HELP_ACCEPTANCE_RATIO 0
1462398214061	<INFO 7fce50bf4700> SLIPSTORE::SERVER_BUSY_DISK  651.802 seconds
1462398214064	<INFO 7fce50bf4700> SLIPSTORE::SERVER_BUSY_MEM  1.84365 seconds
1462398214066	<INFO 7fce50bf4700> SLIPSTORE::SERVER_TOTAL  785.365 seconds
1462398214068	<INFO 7fec65eed780> SLIPSTORE::CLIENT::DISK_READ_TIME  503.251 seconds
1462398214070	<INFO 7fec65eed780> SLIPSTORE::CLIENT::MEM_READ_TIME  0 seconds
1462398214073	<INFO 7fec65eed780> SLIPSTORE::CLIENT::DISK_BYTES_READ 73516666120
1462398214076	<INFO 7fec65eed780> SLIPSTORE::CLIENT::MEM_BYTES_READ 0
1462398214078	<INFO 7fec65eed780> SLIPSTORE::CLIENT::WRITE_TIME  204.209 seconds
1462398214081	<INFO 7fec65eed780> SLIPSTORE::CLIENT::BYTES_WRITTEN 6039797760
1462398214083	<INFO 7fec65eed780> SLIPSTORE::CLIENT_BUSY  707.46 seconds
1462398214085	<INFO 7fec65eed780> SLIPSTORE::IO::TIME 470.498 seconds
1462398214087	<INFO 7fec65eed780> SLIPSTORE::SNAP::TIME 0 seconds
1462398214090	<INFO 7fec65eed780> SLIPSTORE::MAX_DISK_USAGE_BYTES 11278995728
1462398215720	<INFO 7fec65eed780> CORE::RUSAGE::MAX_RSS_KB 125942616
1462398215722	<INFO 7fec65eed780> CORE::RUSAGE::MINFLT 44651113
1462398215724	<INFO 7fec65eed780> CORE::RUSAGE::MAJFLT 3
1462398215726	<INFO 7fec65eed780> CORE::RUSAGE::MAJFLT 3
1462398215728	<INFO 7fec65eed780> CORE::RUSAGE::INBLK 130756736
1462398215731	<INFO 7fec65eed780> CORE::RUSAGE::OUBLK 75885320
1462398215733	<INFO 7fec65eed780> CORE::UTILS::BYTES_READ 83985144936
1462398215735	<INFO 7fec65eed780> CORE::UTILS::BYTES_WRITTEN 38849913104
1462398215737	<INFO 7fec65eed780> CORE::UTILS::TILE_COPY_BYTES 12884901888
1462398215739	<INFO 7fec65eed780> CORE::TIME::IO_WAIT 630.022 seconds
1462398215742	<INFO 7fec65eed780> CORE::TIME_TILE_COPY 103.665 seconds
1462398215744	<INFO 7fec65eed780> CORE::TIME_TILE_MERGE 0 seconds
1462398215746	<INFO 7fec65eed780> CORE::TIME_PROCESSING_STOLEN 240.522 seconds
1462398215748	<INFO 7fec65eed780> CORE::TIME_MERGE_WAIT 41.6099 seconds
1462398215751	<INFO 7fec65eed780> CORE::OTHER_TIME_ALL_MC_BARRIER 0 seconds
1462398215754	<INFO 7fec65eed780> CORE::SCATTER_TIME_ALL_MC_BARRIER 0.456931 seconds
1462398215756	<INFO 7fec65eed780> CORE::GATHER_TIME_ALL_MC_BARRIER 0.501388 seconds
1462398215759	<INFO 7fec65eed780> CORE::INIT_TIME_ALL_MC_BARRIER 1.36235 seconds
1462398215762	<INFO 7fec65eed780> CORE::SHUT_DOWN_TIME_ALL_MC_BARRIER 0.003442 seconds
1462398215764	<INFO 7fec65eed780> CORE::STREAM_SKIP_BEFORE_TIME_ALL_MC_BARRIER 0.970449 seconds
1462398215766	<INFO 7fec65eed780> CORE::TAKE_CHECKPOINT_BEFORE_TIME_ALL_MC_BARRIER 0 seconds
1462398215768	<INFO 7fec65eed780> CORE::TAKE_CHECKPOINT_COMPLETE_TIME_ALL_MC_BARRIER 0 seconds
1462398215771	<INFO 7fec65eed780> CORE::METADATA_WRITE_COMPLETE_TIME_ALL_MC_BARRIER 0 seconds
1462398215773	<INFO 7fec65eed780> CORE::STREAM_EOF_BEFORE_TIME_ALL_MC_BARRIER 0 seconds
1462398215775	<INFO 7fec65eed780> CORE::STREAM_EOF_AFTER_TIME_ALL_MC_BARRIER 0 seconds
1462398215777	<INFO 7fec65eed780> CORE::STATE_LOAD_TIME_ALL_MC_BARRIER 0 seconds
1462398215780	<INFO 7fec65eed780> CORE::STATE_STORE_TIME_ALL_MC_BARRIER 0 seconds
1462398215782	<INFO 7fec65eed780> CORE::PHASES 7
1462398215784	<INFO 7fec65eed780> CORE::TIME::SETUP 4.61546 seconds
1462398215786	<INFO 7fec65eed780> CORE::TIME::STATE_ITER 28.7321 seconds
1462398215789	<INFO 7fec65eed780> CORE::TIME::GATHER 206.344 seconds
1462398215791	<INFO 7fec65eed780> CORE::TIME::SCATTER 470.076 seconds
1462398215793	<INFO 7fec65eed780> CORE::TIME::WALL 788.898 seconds
1462398215795	<INFO 7fec65eed780> SHUTDOWN
