1463258059960	<INFO 7f8ba65dc780> 2016-05-14 22:34:19 STARTUP
1463258059962	<INFO 7f8ba65dc780> CORE::GRAPH rmat-28_s8
1463258059964	<INFO 7f8ba65dc780> CORE::ALGORITHM pagerank
1463258059967	<INFO 7f8ba65dc780> CORE::VERTEX_STRIPING OFF
1463258059969	<INFO 7f8ba65dc780> CORE::OPTIMIZED_STATE_LOAD_STORE OFF
1463258059971	<INFO 7f8ba65dc780> CORE::BINARY_SEARCH_SUPER_PARTITION ON
1463258059974	<INFO 7f8ba65dc780> CORE::SUPER_PARTITION_COMPUTED_FOR_EACH_SCATTER_GATHER_PHASE
1463258059976	<INFO 7f8ba65dc780> CORE::EDGE_STRIPING ON
1463258059978	<INFO 7f8ba65dc780> CORE::BATCH IO ON
1463258059980	<INFO 7f8ba65dc780> CORE::GRID_PARTITIONING OFF
1463258059983	<INFO 7f8ba65dc780> 2016-05-14 22:34:19 Blocking memory amount 126701535232
1463258166443	<INFO 7f8ba65dc780> 2016-05-14 22:36:06 Done blocking memory
1463258166445	<INFO 7f8ba65dc780> SG-DRIVER-ORIGINAL
1463258166447	<INFO 7f8ba65dc780> 2016-05-14 22:36:06 START read config parameters
1463258166450	<INFO 7f8ba65dc780> PARTITIONING::OLD 0
1463258166452	<INFO 7f8ba65dc780> PARTITIONING::BALANCED_PARTITIONS 0
1463258166454	<INFO 7f8ba65dc780> CORE::CONFIG::PROCESSORS 8
1463258166457	<INFO 7f8ba65dc780> CORE::CONFIG::PHYSICAL_MEMORY 2147483648
1463258166459	<INFO 7f8ba65dc780> CORE::CONFIG::VERTICES 268435456
1463258166461	<INFO 7f8ba65dc780> CORE::CONFIG::VERTEX_SIZE 12
1463258166465	<INFO 7f8ba65dc780> CORE::CONFIG::VERTEX_BUFFER 1203488628
1463258166467	<INFO 7f8ba65dc780> CORE::CONFIG::EDGES 536870912
1463258166469	<INFO 7f8ba65dc780> CORE::CONFIG::PARTITIONS 64
1463258166472	<INFO 7f8ba65dc780> CORE::CONFIG::FANOUT 64
1463258166474	<INFO 7f8ba65dc780> CORE::CONFIG::SUPER_PARTITIONS 8
1463258166477	<INFO 7f8ba65dc780> CORE::CONFIG::MACHINE_ID 3
1463258166479	<INFO 7f8ba65dc780> CORE::CONFIG::TILES 1
1463258166481	<INFO 7f8ba65dc780> CORE::CONFIG::BUFFER_SIZE 188797877
1463258166484	<INFO 7f8ba65dc780> CORE::CONFIG::MAX_BUFFERS 4
1463258166486	<INFO 7f8ba65dc780> CORE::CONFIG::MAX_STREAMS 4
1463258166489	<INFO 7f8ba65dc780> CORE::CONFIG::SUM_OF_OUT_DEGREES_FOR_NEW_PARTITIONS::FIRST_CONSTRAINT 0
1463258166491	<INFO 7f8ba65dc780> CORE::CONFIG::MAX_EDGES_PER_NEW_PARTITION::SECOND_CONSTRAINT 0
1463258166493	<INFO 7f8ba65dc780> SLIPSTREAM::EXT_MEM_SHUFFLE OFF
1463258166496	<INFO 7f8ba65dc780> 2016-05-14 22:36:06 END read config parameters
1463258168191	<WARNING 7f8ba65dc780> Unable to unlink file (stream.0.0.0):No such file or directory
1463258168194	<WARNING 7f8ba65dc780> Unable to unlink file (stream.0.1.0):No such file or directory
1463258168196	<WARNING 7f8ba65dc780> Unable to unlink file (stream.0.2.0):No such file or directory
1463258168198	<WARNING 7f8ba65dc780> Unable to unlink file (stream.0.3.0):No such file or directory
1463258168201	<WARNING 7f8ba65dc780> Unable to unlink file (stream.0.4.0):No such file or directory
1463258168203	<WARNING 7f8ba65dc780> Unable to unlink file (stream.0.5.0):No such file or directory
1463258168206	<WARNING 7f8ba65dc780> Unable to unlink file (stream.0.6.0):No such file or directory
1463258168208	<WARNING 7f8ba65dc780> Unable to unlink file (stream.0.7.0):No such file or directory
1463258168210	<WARNING 7f8ba65dc780> Unable to unlink file (stream.1.1.0):No such file or directory
1463258168213	<WARNING 7f8ba65dc780> Unable to unlink file (stream.1.2.0):No such file or directory
1463258168215	<WARNING 7f8ba65dc780> Unable to unlink file (stream.1.3.0):No such file or directory
1463258168217	<WARNING 7f8ba65dc780> Unable to unlink file (stream.1.4.0):No such file or directory
1463258168220	<WARNING 7f8ba65dc780> Unable to unlink file (stream.1.5.0):No such file or directory
1463258168222	<WARNING 7f8ba65dc780> Unable to unlink file (stream.1.6.0):No such file or directory
1463258168224	<WARNING 7f8ba65dc780> Unable to unlink file (stream.1.7.0):No such file or directory
1463258168226	<WARNING 7f8ba65dc780> Unable to unlink file (stream.2.0.0):No such file or directory
1463258168229	<WARNING 7f8ba65dc780> Unable to unlink file (stream.2.1.0):No such file or directory
1463258168231	<WARNING 7f8ba65dc780> Unable to unlink file (stream.2.2.0):No such file or directory
1463258168233	<WARNING 7f8ba65dc780> Unable to unlink file (stream.2.3.0):No such file or directory
1463258168235	<WARNING 7f8ba65dc780> Unable to unlink file (stream.2.4.0):No such file or directory
1463258168238	<WARNING 7f8ba65dc780> Unable to unlink file (stream.2.5.0):No such file or directory
1463258168240	<WARNING 7f8ba65dc780> Unable to unlink file (stream.2.6.0):No such file or directory
1463258168242	<WARNING 7f8ba65dc780> Unable to unlink file (stream.2.7.0):No such file or directory
1463258168245	<WARNING 7f8ba65dc780> Unable to unlink file (stream.3.0.0):No such file or directory
1463258168248	<WARNING 7f8ba65dc780> Unable to unlink file (stream.3.1.0):No such file or directory
1463258168250	<WARNING 7f8ba65dc780> Unable to unlink file (stream.3.2.0):No such file or directory
1463258168253	<WARNING 7f8ba65dc780> Unable to unlink file (stream.3.3.0):No such file or directory
1463258168255	<WARNING 7f8ba65dc780> Unable to unlink file (stream.3.4.0):No such file or directory
1463258168257	<WARNING 7f8ba65dc780> Unable to unlink file (stream.3.5.0):No such file or directory
1463258168260	<WARNING 7f8ba65dc780> Unable to unlink file (stream.3.6.0):No such file or directory
1463258168262	<WARNING 7f8ba65dc780> Unable to unlink file (stream.3.7.0):No such file or directory
1463258168264	<INFO 7f8ba65dc780> SLIPSTORE::ZMQ_THREADS 2
1463258168267	<INFO 7f8ba65dc780> SLIPSTORE::COMM Connecting to tcp://dco-node137-10g:5016
1463258168270	<INFO 7f8ba65dc780> SLIPSTORE::COMM Connecting to tcp://dco-node138-10g:5034
1463258168272	<INFO 7f8ba65dc780> SLIPSTORE::COMM Connecting to tcp://dco-node139-10g:5052
1463258168274	<INFO 7f8ba65dc780> SLIPSTORE::COMM Connecting to tcp://dco-node140-10g:5070
1463258168277	<INFO 7f8ba65dc780> SLIPSTORE::COMM Connecting to tcp://dco-node141-10g:5088
1463258168279	<INFO 7f8ba65dc780> SLIPSTORE::COMM Connecting to tcp://dco-node142-10g:5106
1463258168281	<INFO 7f8ba65dc780> SLIPSTORE::COMM Connecting to tcp://dco-node143-10g:5124
1463258168283	<INFO 7f8ba65dc780> SLIPSTORE::COMM Connecting to tcp://dco-node144-10g:5142
1463258168286	<INFO 7f8ba65dc780> SLIPSTORE::COMM Listening at tcp://p1p1:5062
1463258168288	<INFO 7f8ba65dc780> SLIPSTORE::COMM Listening at tcp://p1p1:5063
1463258168290	<INFO 7f8ba65dc780> SLIPSTORE::COMM Listening at tcp://p1p1:5064
1463258168293	<INFO 7f8ba65dc780> SLIPSTORE::COMM Listening at ipc://client
1463258168295	<INFO 7f8ba65dc780> SLIPSTORE::COMM Listening at tcp://p1p1:5066
1463258168297	<INFO 7f8ba65dc780> SLIPSTORE::COMM Listening at tcp://p1p1:5067
1463258168299	<INFO 7f8ba65dc780> SLIPSTORE::COMM Listening at tcp://p1p1:5068
1463258168301	<INFO 7f8ba65dc780> SLIPSTORE::COMM Listening at tcp://p1p1:5069
1463258168303	<INFO 7f8ba65dc780> SLIPSTORE::COMM Connecting to tcp://dco-node137-10g:5016
1463258168306	<INFO 7f8ba65dc780> SLIPSTORE::COMM Connecting to tcp://dco-node138-10g:5034
1463258168308	<INFO 7f8ba65dc780> SLIPSTORE::COMM Connecting to tcp://dco-node139-10g:5052
1463258168311	<INFO 7f8ba65dc780> SLIPSTORE::COMM Connecting to tcp://dco-node140-10g:5070
1463258168314	<INFO 7f8ba65dc780> SLIPSTORE::COMM Connecting to tcp://dco-node141-10g:5088
1463258168316	<INFO 7f8ba65dc780> SLIPSTORE::COMM Connecting to tcp://dco-node142-10g:5106
1463258168319	<INFO 7f8ba65dc780> SLIPSTORE::COMM Connecting to tcp://dco-node143-10g:5124
1463258168322	<INFO 7f8ba65dc780> SLIPSTORE::COMM Connecting to tcp://dco-node144-10g:5142
1463258168324	<INFO 7f8ba65dc780> SLIPSTORE::COMM Connecting to tcp://dco-node137-10g:5003
1463258168326	<INFO 7f8ba65dc780> SLIPSTORE::COMM Connecting to tcp://dco-node138-10g:5021
1463258168329	<INFO 7f8ba65dc780> SLIPSTORE::COMM Connecting to tcp://dco-node139-10g:5039
1463258168331	<INFO 7f8ba65dc780> SLIPSTORE::COMM Connecting to ipc://server
1463258168334	<INFO 7f8ba65dc780> SLIPSTORE::COMM Connecting to tcp://dco-node141-10g:5075
1463258168336	<INFO 7f8ba65dc780> SLIPSTORE::COMM Connecting to tcp://dco-node142-10g:5093
1463258168339	<INFO 7f8ba65dc780> SLIPSTORE::COMM Connecting to tcp://dco-node143-10g:5111
1463258168341	<INFO 7f8ba65dc780> SLIPSTORE::COMM Connecting to tcp://dco-node144-10g:5129
1463258168343	<INFO 7f8ba65dc780> SLIPSTORE::COMM Connecting to tcp://dco-node141-10g:5089
1463258168345	<INFO 7f8ba65dc780> SLIPSTORE::COMM Listening at tcp://p1p1:5071
1463258168348	<INFO 7f8ba65dc780> SLIPSTORE::COMM Connecting to tcp://dco-node140-10g:5070
1463258168350	<INFO 7f8ba65dc780> SLIPSTORE::HELP_POLICY NONE
1463258168352	<INFO 7f8ba65dc780> SLIPSTORE::SERVER ASYNC
1463258168354	<INFO 7f8ba65dc780> SLIPSTORE::MACHINES 8
1463258168356	<INFO 7f8ba65dc780> SLIPSTORE::ME 3
1463258168359	<INFO 7f8ba65dc780> SLIPSTORE::SLIPCHUNK 4194304
1463258168362	<INFO 7f8ba65dc780> SLIPSTORE::QUOTA 18446744073709551615
1463258168364	<INFO 7f8ba65dc780> SLIPSTORE::IO PAGECACHE
1463258168367	<INFO 7f6d913f5700> SLIPSTORE::COMM Listening at tcp://p1p1:5070
1463258168369	<INFO 7f6d913f5700> SLIPSTORE::COMM Listening at tcp://p1p1:5054
1463258168371	<INFO 7f6d913f5700> SLIPSTORE::COMM Connecting to tcp://dco-node137-10g:5011
1463258168373	<INFO 7f6d913f5700> SLIPSTORE::COMM Listening at tcp://p1p1:5055
1463258168376	<INFO 7f6d913f5700> SLIPSTORE::COMM Connecting to tcp://dco-node138-10g:5029
1463258168378	<INFO 7f6d913f5700> SLIPSTORE::COMM Listening at tcp://p1p1:5056
1463258168380	<INFO 7f6d913f5700> SLIPSTORE::COMM Connecting to tcp://dco-node139-10g:5047
1463258168383	<INFO 7f6d913f5700> SLIPSTORE::COMM Listening at ipc://server
1463258168385	<INFO 7f6d913f5700> SLIPSTORE::COMM Connecting to ipc://client
1463258168387	<INFO 7f6d913f5700> SLIPSTORE::COMM Listening at tcp://p1p1:5058
1463258168389	<INFO 7f6d913f5700> SLIPSTORE::COMM Connecting to tcp://dco-node141-10g:5083
1463258168391	<INFO 7f6d913f5700> SLIPSTORE::COMM Listening at tcp://p1p1:5059
1463258168394	<INFO 7f6d913f5700> SLIPSTORE::COMM Connecting to tcp://dco-node142-10g:5101
1463258168396	<INFO 7f6d913f5700> SLIPSTORE::COMM Listening at tcp://p1p1:5060
1463258168398	<INFO 7f6d913f5700> SLIPSTORE::COMM Connecting to tcp://dco-node143-10g:5119
1463258168401	<INFO 7f6d913f5700> SLIPSTORE::COMM Listening at tcp://p1p1:5061
1463258168403	<INFO 7f6d913f5700> SLIPSTORE::COMM Connecting to tcp://dco-node144-10g:5137
1463258169767	<INFO 7f8ba65dc780> SLIPSTORE::CHECKPOINTS NONE FOUND
1463258169769	<INFO 7f8ba65dc780> 2016-05-14 22:36:09 Start edge split
1463258268862	<INFO 7f8ba65dc780> 2016-05-14 22:37:48 Completed init
1463258272077	<INFO 7f8ba65dc780> 2016-05-14 22:37:52 Started gather
1463258273438	<INFO 7f8ba65dc780> 2016-05-14 22:37:53 Completed gather
1463258277853	<INFO 7f8ba65dc780> 2016-05-14 22:37:57 Started scatter
1463258323960	<INFO 7f8ba65dc780> 2016-05-14 22:38:43 Completed scatter
1463258329502	<INFO 7f8ba65dc780> 2016-05-14 22:38:49 Completed phase 1 Bytes read 13734078888 Bytes written 7291627944
1463258335075	<INFO 7f8ba65dc780> 2016-05-14 22:38:55 Started gather
1463258336488	<INFO 7f8ba65dc780> 2016-05-14 22:38:56 Completed gather
1463258341086	<INFO 7f8ba65dc780> 2016-05-14 22:39:01 Started gather
1463258452163	<INFO 7f8ba65dc780> 2016-05-14 22:40:52 Completed gather
1463258452210	<INFO 7f8ba65dc780> 2016-05-14 22:40:52 Completed phase 2 Bytes read 21305701152 Bytes written 12474504432
1463258457822	<INFO 7f8ba65dc780> 2016-05-14 22:40:57 Started gather
1463258492621	<INFO 7f8ba65dc780> 2016-05-14 22:41:32 Completed gather
1463258506055	<INFO 7f8ba65dc780> 2016-05-14 22:41:46 Started scatter
1463258609148	<INFO 7f8ba65dc780> 2016-05-14 22:43:29 Completed scatter
1463258615190	<INFO 7f8ba65dc780> 2016-05-14 22:43:35 Completed phase 3 Bytes read 33220216944 Bytes written 17327779584
1463258620992	<INFO 7f8ba65dc780> 2016-05-14 22:43:40 Started gather
1463258655047	<INFO 7f8ba65dc780> 2016-05-14 22:44:15 Completed gather
1463258670097	<INFO 7f8ba65dc780> 2016-05-14 22:44:30 Started scatter
1463258768986	<INFO 7f8ba65dc780> 2016-05-14 22:46:08 Completed scatter
1463258772160	<INFO 7f8ba65dc780> 2016-05-14 22:46:12 Completed phase 4 Bytes read 45085125720 Bytes written 22297280560
1463258778467	<INFO 7f8ba65dc780> 2016-05-14 22:46:18 Started gather
1463258812502	<INFO 7f8ba65dc780> 2016-05-14 22:46:52 Completed gather
1463258828068	<INFO 7f8ba65dc780> 2016-05-14 22:47:08 Started scatter
1463258935129	<INFO 7f8ba65dc780> 2016-05-14 22:48:55 Completed scatter
1463258941022	<INFO 7f8ba65dc780> 2016-05-14 22:49:01 Completed phase 5 Bytes read 57066260320 Bytes written 27175914912
1463258947246	<INFO 7f8ba65dc780> 2016-05-14 22:49:07 Started gather
1463258985615	<INFO 7f8ba65dc780> 2016-05-14 22:49:45 Completed gather
1463258995681	<INFO 7f8ba65dc780> 2016-05-14 22:49:55 Started scatter
1463259104900	<INFO 7f8ba65dc780> 2016-05-14 22:51:44 Completed scatter
1463259106073	<INFO 7f8ba65dc780> 2016-05-14 22:51:46 Completed phase 6 Bytes read 68956528296 Bytes written 32125979104
1463259112299	<INFO 7f8ba65dc780> 2016-05-14 22:51:52 Started gather
1463259144563	<INFO 7f8ba65dc780> 2016-05-14 22:52:24 Completed gather
1463259161095	<INFO 7f8ba65dc780> 2016-05-14 22:52:41 Started scatter
1463259271374	<INFO 7f8ba65dc780> 2016-05-14 22:54:31 Completed scatter
1463259276698	<INFO 7f8ba65dc780> 2016-05-14 22:54:36 Completed phase 7 Bytes read 80918226112 Bytes written 36967213256
1463259276700	<INFO 7f8ba65dc780> CORE::PARTITIONS_PROCESSED 1192
1463259276703	<INFO 7f8ba65dc780> CORE::BYTES::EDGES_STREAMED 5698451160
1463259276705	<INFO 7f8ba65dc780> CORE::BYTES::UPDATES_OUT 3237433144
1463259276708	<INFO 7f8ba65dc780> CORE::BYTES::UPDATES_IN 2700381824
1463259276710	<INFO 7f6d83fff700> CORE::PARTITIONS_PROCESSED 1193
1463259276713	<INFO 7f6d83fff700> CORE::BYTES::EDGES_STREAMED 5560148916
1463259276715	<INFO 7f6d83fff700> CORE::BYTES::UPDATES_OUT 3204822768
1463259276718	<INFO 7f6d83fff700> CORE::BYTES::UPDATES_IN 2685143560
1463259276720	<INFO 7f6d837fe700> CORE::PARTITIONS_PROCESSED 1436
1463259276722	<INFO 7f6d837fe700> CORE::BYTES::EDGES_STREAMED 6268984080
1463259276725	<INFO 7f6d837fe700> CORE::BYTES::UPDATES_OUT 3610050672
1463259276727	<INFO 7f6d837fe700> CORE::BYTES::UPDATES_IN 2641185912
1463259276730	<INFO 7f6d827fc700> CORE::PARTITIONS_PROCESSED 838
1463259276732	<INFO 7f6d827fc700> CORE::BYTES::EDGES_STREAMED 5271148116
1463259276734	<INFO 7f6d827fc700> CORE::BYTES::UPDATES_OUT 3010556392
1463259276737	<INFO 7f6d81ffb700> CORE::PARTITIONS_PROCESSED 714
1463259276739	<INFO 7f6d827fc700> CORE::BYTES::UPDATES_IN 2716535184
1463259276741	<INFO 7f6d817fa700> CORE::PARTITIONS_PROCESSED 1593
1463259276744	<INFO 7f6d81ffb700> CORE::BYTES::EDGES_STREAMED 5464808160
1463259276746	<INFO 7f6d81ffb700> CORE::BYTES::UPDATES_OUT 3118964824
1463259276748	<INFO 7f6d82ffd700> CORE::PARTITIONS_PROCESSED 120
1463259276751	<INFO 7f6d81ffb700> CORE::BYTES::UPDATES_IN 2390422840
1463259276753	<INFO 7f6d817fa700> CORE::BYTES::EDGES_STREAMED 4846237524
1463259276755	<INFO 7f6d82ffd700> CORE::BYTES::EDGES_STREAMED 8426511996
1463259276758	<INFO 7f6d82ffd700> CORE::BYTES::UPDATES_OUT 4796467656
1463259276762	<INFO 7f6d817fa700> CORE::BYTES::UPDATES_OUT 2754643512
1463259276764	<INFO 7f6d80ff9700> CORE::PARTITIONS_PROCESSED 594
1463259276767	<INFO 7f6d817fa700> CORE::BYTES::UPDATES_IN 2313062984
1463259276769	<INFO 7f6d82ffd700> CORE::BYTES::UPDATES_IN 4298093000
1463259276771	<INFO 7f6d80ff9700> CORE::BYTES::EDGES_STREAMED 5301690384
1463259276774	<INFO 7f6d80ff9700> CORE::BYTES::UPDATES_OUT 3031621224
1463259276776	<INFO 7f6d80ff9700> CORE::BYTES::UPDATES_IN 2558001216
1463259276778	<INFO 7f6d913f5700> SLIPSTORE service is exiting
1463259276781	<INFO 7f6d913f5700> SLIPSTORE::HELP_OFFERS_RECVD 98
1463259276783	<INFO 7f6d913f5700> SLIPSTORE::HELP_OFFERS_ACCEPTED 0
1463259276785	<INFO 7f6d913f5700> SLIPSTORE::HELP_ACCEPTANCE_RATIO 0
1463259276788	<INFO 7f6d913f5700> SLIPSTORE::SERVER_BUSY_DISK  784.984 seconds
1463259276790	<INFO 7f6d913f5700> SLIPSTORE::SERVER_BUSY_MEM  0 seconds
1463259276793	<INFO 7f6d913f5700> SLIPSTORE::SERVER_TOTAL  1108.47 seconds
1463259276795	<INFO 7f8ba65dc780> SLIPSTORE::CLIENT::DISK_READ_TIME  643.017 seconds
1463259276797	<INFO 7f8ba65dc780> SLIPSTORE::CLIENT::MEM_READ_TIME  0 seconds
1463259276800	<INFO 7f8ba65dc780> SLIPSTORE::CLIENT::DISK_BYTES_READ 81002807732
1463259276802	<INFO 7f8ba65dc780> SLIPSTORE::CLIENT::MEM_BYTES_READ 0
1463259276804	<INFO 7f8ba65dc780> SLIPSTORE::CLIENT::WRITE_TIME  331.218 seconds
1463259276807	<INFO 7f8ba65dc780> SLIPSTORE::CLIENT::BYTES_WRITTEN 4199914800
1463259276809	<INFO 7f8ba65dc780> SLIPSTORE::CLIENT_BUSY  974.235 seconds
1463259276812	<INFO 7f8ba65dc780> SLIPSTORE::IO::TIME 605.883 seconds
1463259276814	<INFO 7f8ba65dc780> SLIPSTORE::SNAP::TIME 0 seconds
1463259276816	<INFO 7f8ba65dc780> SLIPSTORE::MAX_DISK_USAGE_BYTES 11421145960
1463259276818	<INFO 7f8ba65dc780> CORE::RUSAGE::MAX_RSS_KB 125939004
1463259276822	<INFO 7f8ba65dc780> CORE::RUSAGE::MINFLT 54917269
1463259276824	<INFO 7f8ba65dc780> CORE::RUSAGE::MAJFLT 3
1463259276826	<INFO 7f8ba65dc780> CORE::RUSAGE::MAJFLT 3
1463259276829	<INFO 7f8ba65dc780> CORE::RUSAGE::INBLK 142178208
1463259276831	<INFO 7f8ba65dc780> CORE::RUSAGE::OUBLK 72208360
1463259276834	<INFO 7f8ba65dc780> CORE::UTILS::BYTES_READ 80918226112
1463259276836	<INFO 7f8ba65dc780> CORE::UTILS::BYTES_WRITTEN 36967213256
1463259276839	<INFO 7f8ba65dc780> CORE::UTILS::TILE_COPY_BYTES 5599886400
1463259276841	<INFO 7f8ba65dc780> CORE::TIME::IO_WAIT 810.854 seconds
1463259276844	<INFO 7f8ba65dc780> CORE::TIME_TILE_COPY 0 seconds
1463259276846	<INFO 7f8ba65dc780> CORE::TIME_TILE_MERGE 0 seconds
1463259276848	<INFO 7f8ba65dc780> CORE::TIME_PROCESSING_STOLEN 0 seconds
1463259276850	<INFO 7f8ba65dc780> CORE::TIME_MERGE_WAIT 0 seconds
1463259276853	<INFO 7f8ba65dc780> CORE::OTHER_TIME_ALL_MC_BARRIER 0 seconds
1463259276855	<INFO 7f8ba65dc780> CORE::SCATTER_TIME_ALL_MC_BARRIER 22.6443 seconds
1463259276858	<INFO 7f8ba65dc780> CORE::GATHER_TIME_ALL_MC_BARRIER 0.023037 seconds
1463259276860	<INFO 7f8ba65dc780> CORE::INIT_TIME_ALL_MC_BARRIER 1.90642 seconds
1463259276862	<INFO 7f8ba65dc780> CORE::SHUT_DOWN_TIME_ALL_MC_BARRIER 0.004179 seconds
1463259276865	<INFO 7f8ba65dc780> CORE::STREAM_SKIP_BEFORE_TIME_ALL_MC_BARRIER 29.7313 seconds
1463259276867	<INFO 7f8ba65dc780> CORE::TAKE_CHECKPOINT_BEFORE_TIME_ALL_MC_BARRIER 0 seconds
1463259276870	<INFO 7f8ba65dc780> CORE::TAKE_CHECKPOINT_COMPLETE_TIME_ALL_MC_BARRIER 0 seconds
1463259276872	<INFO 7f8ba65dc780> CORE::METADATA_WRITE_COMPLETE_TIME_ALL_MC_BARRIER 0 seconds
1463259276874	<INFO 7f8ba65dc780> CORE::STREAM_EOF_BEFORE_TIME_ALL_MC_BARRIER 0 seconds
1463259276877	<INFO 7f8ba65dc780> CORE::STREAM_EOF_AFTER_TIME_ALL_MC_BARRIER 0 seconds
1463259276879	<INFO 7f8ba65dc780> CORE::STATE_LOAD_TIME_ALL_MC_BARRIER 0 seconds
1463259276881	<INFO 7f8ba65dc780> CORE::STATE_STORE_TIME_ALL_MC_BARRIER 0 seconds
1463259276884	<INFO 7f8ba65dc780> CORE::PHASES 7
1463259276886	<INFO 7f8ba65dc780> CORE::TIME::SETUP 3.43821 seconds
1463259276888	<INFO 7f8ba65dc780> CORE::TIME::INIT_PARTITIONS_TIME 99.0953 seconds
1463259276891	<INFO 7f8ba65dc780> CORE::TIME::STATE_ITER 9.10805 seconds
1463259276894	<INFO 7f8ba65dc780> CORE::TIME::GATHER 285.657 seconds
1463259276897	<INFO 7f8ba65dc780> CORE::TIME::SCATTER 712.808 seconds
1463259276899	<INFO 7f8ba65dc780> CORE::TIME::WALL 1110.37 seconds
1463259276901	<INFO 7f8ba65dc780> SHUTDOWN
