1463258058017	<INFO 7f3529cba780> 2016-05-14 22:34:18 STARTUP
1463258058019	<INFO 7f3529cba780> CORE::GRAPH rmat-28_s8
1463258058022	<INFO 7f3529cba780> CORE::ALGORITHM pagerank
1463258058024	<INFO 7f3529cba780> CORE::VERTEX_STRIPING OFF
1463258058027	<INFO 7f3529cba780> CORE::OPTIMIZED_STATE_LOAD_STORE OFF
1463258058029	<INFO 7f3529cba780> CORE::BINARY_SEARCH_SUPER_PARTITION ON
1463258058031	<INFO 7f3529cba780> CORE::SUPER_PARTITION_COMPUTED_FOR_EACH_SCATTER_GATHER_PHASE
1463258058034	<INFO 7f3529cba780> CORE::EDGE_STRIPING ON
1463258058036	<INFO 7f3529cba780> CORE::BATCH IO ON
1463258058038	<INFO 7f3529cba780> CORE::GRID_PARTITIONING OFF
1463258058041	<INFO 7f3529cba780> 2016-05-14 22:34:18 Blocking memory amount 126701535232
1463258165857	<INFO 7f3529cba780> 2016-05-14 22:36:05 Done blocking memory
1463258165860	<INFO 7f3529cba780> SG-DRIVER-ORIGINAL
1463258165862	<INFO 7f3529cba780> 2016-05-14 22:36:05 START read config parameters
1463258165865	<INFO 7f3529cba780> PARTITIONING::OLD 0
1463258165867	<INFO 7f3529cba780> PARTITIONING::BALANCED_PARTITIONS 0
1463258165870	<INFO 7f3529cba780> CORE::CONFIG::PROCESSORS 8
1463258165872	<INFO 7f3529cba780> CORE::CONFIG::PHYSICAL_MEMORY 2147483648
1463258165874	<INFO 7f3529cba780> CORE::CONFIG::VERTICES 268435456
1463258165876	<INFO 7f3529cba780> CORE::CONFIG::VERTEX_SIZE 12
1463258165879	<INFO 7f3529cba780> CORE::CONFIG::VERTEX_BUFFER 1203488628
1463258165881	<INFO 7f3529cba780> CORE::CONFIG::EDGES 536870912
1463258165883	<INFO 7f3529cba780> CORE::CONFIG::PARTITIONS 64
1463258165886	<INFO 7f3529cba780> CORE::CONFIG::FANOUT 64
1463258165888	<INFO 7f3529cba780> CORE::CONFIG::SUPER_PARTITIONS 8
1463258165891	<INFO 7f3529cba780> CORE::CONFIG::MACHINE_ID 4
1463258165893	<INFO 7f3529cba780> CORE::CONFIG::TILES 1
1463258165897	<INFO 7f3529cba780> CORE::CONFIG::BUFFER_SIZE 188797877
1463258165899	<INFO 7f3529cba780> CORE::CONFIG::MAX_BUFFERS 4
1463258165902	<INFO 7f3529cba780> CORE::CONFIG::MAX_STREAMS 4
1463258165904	<INFO 7f3529cba780> CORE::CONFIG::SUM_OF_OUT_DEGREES_FOR_NEW_PARTITIONS::FIRST_CONSTRAINT 0
1463258165906	<INFO 7f3529cba780> CORE::CONFIG::MAX_EDGES_PER_NEW_PARTITION::SECOND_CONSTRAINT 0
1463258165909	<INFO 7f3529cba780> SLIPSTREAM::EXT_MEM_SHUFFLE OFF
1463258165911	<INFO 7f3529cba780> 2016-05-14 22:36:05 END read config parameters
1463258167609	<WARNING 7f3529cba780> Unable to unlink file (stream.0.0.0):No such file or directory
1463258167611	<WARNING 7f3529cba780> Unable to unlink file (stream.0.1.0):No such file or directory
1463258167614	<WARNING 7f3529cba780> Unable to unlink file (stream.0.2.0):No such file or directory
1463258167616	<WARNING 7f3529cba780> Unable to unlink file (stream.0.3.0):No such file or directory
1463258167619	<WARNING 7f3529cba780> Unable to unlink file (stream.0.4.0):No such file or directory
1463258167621	<WARNING 7f3529cba780> Unable to unlink file (stream.0.5.0):No such file or directory
1463258167623	<WARNING 7f3529cba780> Unable to unlink file (stream.0.6.0):No such file or directory
1463258167626	<WARNING 7f3529cba780> Unable to unlink file (stream.0.7.0):No such file or directory
1463258167628	<WARNING 7f3529cba780> Unable to unlink file (stream.1.1.0):No such file or directory
1463258167631	<WARNING 7f3529cba780> Unable to unlink file (stream.1.2.0):No such file or directory
1463258167634	<WARNING 7f3529cba780> Unable to unlink file (stream.1.3.0):No such file or directory
1463258167636	<WARNING 7f3529cba780> Unable to unlink file (stream.1.4.0):No such file or directory
1463258167640	<WARNING 7f3529cba780> Unable to unlink file (stream.1.5.0):No such file or directory
1463258167644	<WARNING 7f3529cba780> Unable to unlink file (stream.1.6.0):No such file or directory
1463258167646	<WARNING 7f3529cba780> Unable to unlink file (stream.1.7.0):No such file or directory
1463258167650	<WARNING 7f3529cba780> Unable to unlink file (stream.2.0.0):No such file or directory
1463258167652	<WARNING 7f3529cba780> Unable to unlink file (stream.2.1.0):No such file or directory
1463258167655	<WARNING 7f3529cba780> Unable to unlink file (stream.2.2.0):No such file or directory
1463258167658	<WARNING 7f3529cba780> Unable to unlink file (stream.2.3.0):No such file or directory
1463258167660	<WARNING 7f3529cba780> Unable to unlink file (stream.2.4.0):No such file or directory
1463258167663	<WARNING 7f3529cba780> Unable to unlink file (stream.2.5.0):No such file or directory
1463258167665	<WARNING 7f3529cba780> Unable to unlink file (stream.2.6.0):No such file or directory
1463258167667	<WARNING 7f3529cba780> Unable to unlink file (stream.2.7.0):No such file or directory
1463258167670	<WARNING 7f3529cba780> Unable to unlink file (stream.3.0.0):No such file or directory
1463258167676	<WARNING 7f3529cba780> Unable to unlink file (stream.3.1.0):No such file or directory
1463258167678	<WARNING 7f3529cba780> Unable to unlink file (stream.3.2.0):No such file or directory
1463258167681	<WARNING 7f3529cba780> Unable to unlink file (stream.3.3.0):No such file or directory
1463258167683	<WARNING 7f3529cba780> Unable to unlink file (stream.3.4.0):No such file or directory
1463258167685	<WARNING 7f3529cba780> Unable to unlink file (stream.3.5.0):No such file or directory
1463258167688	<WARNING 7f3529cba780> Unable to unlink file (stream.3.6.0):No such file or directory
1463258167690	<WARNING 7f3529cba780> Unable to unlink file (stream.3.7.0):No such file or directory
1463258167692	<INFO 7f3529cba780> SLIPSTORE::ZMQ_THREADS 2
1463258167695	<INFO 7f3529cba780> SLIPSTORE::COMM Connecting to tcp://dco-node137-10g:5016
1463258167697	<INFO 7f3529cba780> SLIPSTORE::COMM Connecting to tcp://dco-node138-10g:5034
1463258167699	<INFO 7f3529cba780> SLIPSTORE::COMM Connecting to tcp://dco-node139-10g:5052
1463258167702	<INFO 7f3529cba780> SLIPSTORE::COMM Connecting to tcp://dco-node140-10g:5070
1463258167706	<INFO 7f3529cba780> SLIPSTORE::COMM Connecting to tcp://dco-node141-10g:5088
1463258167708	<INFO 7f3529cba780> SLIPSTORE::COMM Connecting to tcp://dco-node142-10g:5106
1463258167711	<INFO 7f3529cba780> SLIPSTORE::COMM Connecting to tcp://dco-node143-10g:5124
1463258167713	<INFO 7f3529cba780> SLIPSTORE::COMM Connecting to tcp://dco-node144-10g:5142
1463258167716	<INFO 7f3529cba780> SLIPSTORE::COMM Listening at tcp://p1p1:5080
1463258167718	<INFO 7f3529cba780> SLIPSTORE::COMM Listening at tcp://p1p1:5081
1463258167720	<INFO 7f3529cba780> SLIPSTORE::COMM Listening at tcp://p1p1:5082
1463258167723	<INFO 7f3529cba780> SLIPSTORE::COMM Listening at tcp://p1p1:5083
1463258167725	<INFO 7f3529cba780> SLIPSTORE::COMM Listening at ipc://client
1463258167727	<INFO 7f3529cba780> SLIPSTORE::COMM Listening at tcp://p1p1:5085
1463258167730	<INFO 7f3529cba780> SLIPSTORE::COMM Listening at tcp://p1p1:5086
1463258167732	<INFO 7f3529cba780> SLIPSTORE::COMM Listening at tcp://p1p1:5087
1463258167734	<INFO 7f3529cba780> SLIPSTORE::COMM Connecting to tcp://dco-node137-10g:5016
1463258167737	<INFO 7f3529cba780> SLIPSTORE::COMM Connecting to tcp://dco-node138-10g:5034
1463258167739	<INFO 7f3529cba780> SLIPSTORE::COMM Connecting to tcp://dco-node139-10g:5052
1463258167742	<INFO 7f3529cba780> SLIPSTORE::COMM Connecting to tcp://dco-node140-10g:5070
1463258167745	<INFO 7f3529cba780> SLIPSTORE::COMM Connecting to tcp://dco-node141-10g:5088
1463258167747	<INFO 7f3529cba780> SLIPSTORE::COMM Connecting to tcp://dco-node142-10g:5106
1463258167750	<INFO 7f3529cba780> SLIPSTORE::COMM Connecting to tcp://dco-node143-10g:5124
1463258167752	<INFO 7f3529cba780> SLIPSTORE::COMM Connecting to tcp://dco-node144-10g:5142
1463258167755	<INFO 7f3529cba780> SLIPSTORE::COMM Connecting to tcp://dco-node137-10g:5004
1463258167757	<INFO 7f3529cba780> SLIPSTORE::COMM Connecting to tcp://dco-node138-10g:5022
1463258167759	<INFO 7f3529cba780> SLIPSTORE::COMM Connecting to tcp://dco-node139-10g:5040
1463258167762	<INFO 7f3529cba780> SLIPSTORE::COMM Connecting to tcp://dco-node140-10g:5058
1463258167765	<INFO 7f3529cba780> SLIPSTORE::COMM Connecting to ipc://server
1463258167768	<INFO 7f3529cba780> SLIPSTORE::COMM Connecting to tcp://dco-node142-10g:5094
1463258167770	<INFO 7f3529cba780> SLIPSTORE::COMM Connecting to tcp://dco-node143-10g:5112
1463258167772	<INFO 7f3529cba780> SLIPSTORE::COMM Connecting to tcp://dco-node144-10g:5130
1463258167775	<INFO 7f3529cba780> SLIPSTORE::COMM Connecting to tcp://dco-node142-10g:5107
1463258167777	<INFO 7f3529cba780> SLIPSTORE::COMM Listening at tcp://p1p1:5089
1463258167779	<INFO 7f3529cba780> SLIPSTORE::COMM Connecting to tcp://dco-node141-10g:5088
1463258167782	<INFO 7f3529cba780> SLIPSTORE::HELP_POLICY NONE
1463258167784	<INFO 7f3529cba780> SLIPSTORE::SERVER ASYNC
1463258167786	<INFO 7f3529cba780> SLIPSTORE::MACHINES 8
1463258167789	<INFO 7f3529cba780> SLIPSTORE::ME 4
1463258167791	<INFO 7f3529cba780> SLIPSTORE::SLIPCHUNK 4194304
1463258167794	<INFO 7f3529cba780> SLIPSTORE::QUOTA 18446744073709551615
1463258167797	<INFO 7f3529cba780> SLIPSTORE::IO PAGECACHE
1463258167799	<INFO 7f170bfff700> SLIPSTORE::COMM Listening at tcp://p1p1:5088
1463258167802	<INFO 7f170bfff700> SLIPSTORE::COMM Listening at tcp://p1p1:5072
1463258167804	<INFO 7f170bfff700> SLIPSTORE::COMM Connecting to tcp://dco-node137-10g:5012
1463258167806	<INFO 7f170bfff700> SLIPSTORE::COMM Listening at tcp://p1p1:5073
1463258167809	<INFO 7f170bfff700> SLIPSTORE::COMM Connecting to tcp://dco-node138-10g:5030
1463258167811	<INFO 7f170bfff700> SLIPSTORE::COMM Listening at tcp://p1p1:5074
1463258167813	<INFO 7f170bfff700> SLIPSTORE::COMM Connecting to tcp://dco-node139-10g:5048
1463258167816	<INFO 7f170bfff700> SLIPSTORE::COMM Listening at tcp://p1p1:5075
1463258167818	<INFO 7f170bfff700> SLIPSTORE::COMM Connecting to tcp://dco-node140-10g:5066
1463258167821	<INFO 7f170bfff700> SLIPSTORE::COMM Listening at ipc://server
1463258167823	<INFO 7f170bfff700> SLIPSTORE::COMM Connecting to ipc://client
1463258167825	<INFO 7f170bfff700> SLIPSTORE::COMM Listening at tcp://p1p1:5077
1463258167830	<INFO 7f170bfff700> SLIPSTORE::COMM Connecting to tcp://dco-node142-10g:5102
1463258167833	<INFO 7f170bfff700> SLIPSTORE::COMM Listening at tcp://p1p1:5078
1463258167835	<INFO 7f170bfff700> SLIPSTORE::COMM Connecting to tcp://dco-node143-10g:5120
1463258167838	<INFO 7f170bfff700> SLIPSTORE::COMM Listening at tcp://p1p1:5079
1463258167840	<INFO 7f170bfff700> SLIPSTORE::COMM Connecting to tcp://dco-node144-10g:5138
1463258167843	<INFO 7f3529cba780> SLIPSTORE::CHECKPOINTS NONE FOUND
1463258167845	<INFO 7f3529cba780> 2016-05-14 22:36:07 Start edge split
1463258266921	<INFO 7f3529cba780> 2016-05-14 22:37:46 Completed init
1463258270136	<INFO 7f3529cba780> 2016-05-14 22:37:50 Started gather
1463258271901	<INFO 7f3529cba780> 2016-05-14 22:37:51 Completed gather
1463258275912	<INFO 7f3529cba780> 2016-05-14 22:37:55 Started scatter
1463258321770	<INFO 7f3529cba780> 2016-05-14 22:38:41 Completed scatter
1463258327561	<INFO 7f3529cba780> 2016-05-14 22:38:47 Completed phase 1 Bytes read 13463502804 Bytes written 7021051860
1463258333132	<INFO 7f3529cba780> 2016-05-14 22:38:53 Started gather
1463258334766	<INFO 7f3529cba780> 2016-05-14 22:38:54 Completed gather
1463258339144	<INFO 7f3529cba780> 2016-05-14 22:38:59 Started gather
1463258446970	<INFO 7f3529cba780> 2016-05-14 22:40:46 Completed gather
1463258450268	<INFO 7f3529cba780> 2016-05-14 22:40:50 Completed phase 2 Bytes read 20839159656 Bytes written 12444714084
1463258455880	<INFO 7f3529cba780> 2016-05-14 22:40:55 Started gather
1463258488854	<INFO 7f3529cba780> 2016-05-14 22:41:28 Completed gather
1463258504112	<INFO 7f3529cba780> 2016-05-14 22:41:44 Started scatter
1463258607309	<INFO 7f3529cba780> 2016-05-14 22:43:27 Completed scatter
1463258613248	<INFO 7f3529cba780> 2016-05-14 22:43:33 Completed phase 3 Bytes read 32574663756 Bytes written 17400737700
1463258619050	<INFO 7f3529cba780> 2016-05-14 22:43:39 Started gather
1463258653789	<INFO 7f3529cba780> 2016-05-14 22:44:13 Completed gather
1463258668155	<INFO 7f3529cba780> 2016-05-14 22:44:28 Started scatter
1463258768091	<INFO 7f3529cba780> 2016-05-14 22:46:08 Completed scatter
1463258770217	<INFO 7f3529cba780> 2016-05-14 22:46:10 Completed phase 4 Bytes read 44197134240 Bytes written 22303168908
1463258776524	<INFO 7f3529cba780> 2016-05-14 22:46:16 Started gather
1463258810457	<INFO 7f3529cba780> 2016-05-14 22:46:50 Completed gather
1463258826124	<INFO 7f3529cba780> 2016-05-14 22:47:06 Started scatter
1463258936023	<INFO 7f3529cba780> 2016-05-14 22:48:56 Completed scatter
1463258939077	<INFO 7f3529cba780> 2016-05-14 22:48:59 Completed phase 5 Bytes read 55766012316 Bytes written 27160821388
1463258945302	<INFO 7f3529cba780> 2016-05-14 22:49:05 Started gather
1463258980042	<INFO 7f3529cba780> 2016-05-14 22:49:40 Completed gather
1463258993737	<INFO 7f3529cba780> 2016-05-14 22:49:53 Started scatter
1463259101286	<INFO 7f3529cba780> 2016-05-14 22:51:41 Completed scatter
1463259104128	<INFO 7f3529cba780> 2016-05-14 22:51:44 Completed phase 6 Bytes read 67290111664 Bytes written 32110849164
1463259110354	<INFO 7f3529cba780> 2016-05-14 22:51:50 Started gather
1463259143018	<INFO 7f3529cba780> 2016-05-14 22:52:23 Completed gather
1463259159149	<INFO 7f3529cba780> 2016-05-14 22:52:39 Started scatter
1463259269885	<INFO 7f3529cba780> 2016-05-14 22:54:29 Completed scatter
1463259274752	<INFO 7f3529cba780> 2016-05-14 22:54:34 Completed phase 7 Bytes read 78906586308 Bytes written 37000098844
1463259274754	<INFO 7f3529cba780> CORE::PARTITIONS_PROCESSED 881
1463259274757	<INFO 7f3529cba780> CORE::BYTES::EDGES_STREAMED 5113553628
1463259274759	<INFO 7f3529cba780> CORE::BYTES::UPDATES_OUT 2895262864
1463259274762	<INFO 7f3529cba780> CORE::BYTES::UPDATES_IN 2317908528
1463259274765	<INFO 7f1708ff9700> CORE::PARTITIONS_PROCESSED 1166
1463259274768	<INFO 7f16ff7fe700> CORE::PARTITIONS_PROCESSED 120
1463259274771	<INFO 7f1709ffb700> CORE::PARTITIONS_PROCESSED 841
1463259274773	<INFO 7f170a7fc700> CORE::PARTITIONS_PROCESSED 1200
1463259274776	<INFO 7f16ff7fe700> CORE::BYTES::EDGES_STREAMED 8506067448
1463259274778	<INFO 7f17097fa700> CORE::PARTITIONS_PROCESSED 1133
1463259274780	<INFO 7f1709ffb700> CORE::BYTES::EDGES_STREAMED 5506888704
1463259274782	<INFO 7f16ff7fe700> CORE::BYTES::UPDATES_OUT 4878749744
1463259274785	<INFO 7f170affd700> CORE::PARTITIONS_PROCESSED 917
1463259274787	<INFO 7f170a7fc700> CORE::BYTES::EDGES_STREAMED 5422959744
1463259274789	<INFO 7f16fffff700> CORE::PARTITIONS_PROCESSED 1422
1463259274792	<INFO 7f1709ffb700> CORE::BYTES::UPDATES_OUT 3130565304
1463259274794	<INFO 7f17097fa700> CORE::BYTES::EDGES_STREAMED 5145023244
1463259274797	<INFO 7f16ff7fe700> CORE::BYTES::UPDATES_IN 4201025200
1463259274799	<INFO 7f170a7fc700> CORE::BYTES::UPDATES_OUT 3091816880
1463259274801	<INFO 7f1709ffb700> CORE::BYTES::UPDATES_IN 2598962880
1463259274803	<INFO 7f1708ff9700> CORE::BYTES::EDGES_STREAMED 5149795656
1463259274806	<INFO 7f16fffff700> CORE::BYTES::EDGES_STREAMED 5614970172
1463259274808	<INFO 7f170affd700> CORE::BYTES::EDGES_STREAMED 5321308236
1463259274810	<INFO 7f170a7fc700> CORE::BYTES::UPDATES_IN 2676602112
1463259274812	<INFO 7f1708ff9700> CORE::BYTES::UPDATES_OUT 2937908984
1463259274815	<INFO 7f170affd700> CORE::BYTES::UPDATES_OUT 3062872488
1463259274817	<INFO 7f17097fa700> CORE::BYTES::UPDATES_OUT 2964874136
1463259274819	<INFO 7f1708ff9700> CORE::BYTES::UPDATES_IN 2487063144
1463259274822	<INFO 7f16fffff700> CORE::BYTES::UPDATES_OUT 3198273504
1463259274824	<INFO 7f170affd700> CORE::BYTES::UPDATES_IN 2539054520
1463259274826	<INFO 7f16fffff700> CORE::BYTES::UPDATES_IN 2528326296
1463259274829	<INFO 7f17097fa700> CORE::BYTES::UPDATES_IN 2451222680
1463259274831	<INFO 7f170bfff700> SLIPSTORE service is exiting
1463259274833	<INFO 7f170bfff700> SLIPSTORE::HELP_OFFERS_RECVD 98
1463259274836	<INFO 7f170bfff700> SLIPSTORE::HELP_OFFERS_ACCEPTED 0
1463259274838	<INFO 7f170bfff700> SLIPSTORE::HELP_ACCEPTANCE_RATIO 0
1463259274840	<INFO 7f170bfff700> SLIPSTORE::SERVER_BUSY_DISK  764.66 seconds
1463259274843	<INFO 7f170bfff700> SLIPSTORE::SERVER_BUSY_MEM  0 seconds
1463259274845	<INFO 7f170bfff700> SLIPSTORE::SERVER_TOTAL  1107.11 seconds
1463259274847	<INFO 7f3529cba780> SLIPSTORE::CLIENT::DISK_READ_TIME  656.936 seconds
1463259274849	<INFO 7f3529cba780> SLIPSTORE::CLIENT::MEM_READ_TIME  0 seconds
1463259274852	<INFO 7f3529cba780> SLIPSTORE::CLIENT::DISK_BYTES_READ 80741990276
1463259274854	<INFO 7f3529cba780> SLIPSTORE::CLIENT::MEM_BYTES_READ 0
1463259274856	<INFO 7f3529cba780> SLIPSTORE::CLIENT::WRITE_TIME  317.197 seconds
1463259274859	<INFO 7f3529cba780> SLIPSTORE::CLIENT::BYTES_WRITTEN 5319074880
1463259274861	<INFO 7f3529cba780> SLIPSTORE::CLIENT_BUSY  974.133 seconds
1463259274863	<INFO 7f3529cba780> SLIPSTORE::IO::TIME 577.003 seconds
1463259274865	<INFO 7f3529cba780> SLIPSTORE::SNAP::TIME 0 seconds
1463259274868	<INFO 7f3529cba780> SLIPSTORE::MAX_DISK_USAGE_BYTES 11026294116
1463259274960	<INFO 7f3529cba780> CORE::RUSAGE::MAX_RSS_KB 125942456
1463259274963	<INFO 7f3529cba780> CORE::RUSAGE::MINFLT 60278397
1463259274965	<INFO 7f3529cba780> CORE::RUSAGE::MAJFLT 3
1463259274968	<INFO 7f3529cba780> CORE::RUSAGE::MAJFLT 3
1463259274970	<INFO 7f3529cba780> CORE::RUSAGE::INBLK 132569160
1463259274972	<INFO 7f3529cba780> CORE::RUSAGE::OUBLK 72273616
1463259274975	<INFO 7f3529cba780> CORE::UTILS::BYTES_READ 78906586308
1463259274977	<INFO 7f3529cba780> CORE::UTILS::BYTES_WRITTEN 37000098844
1463259274980	<INFO 7f3529cba780> CORE::UTILS::TILE_COPY_BYTES 7092099840
1463259274982	<INFO 7f3529cba780> CORE::TIME::IO_WAIT 795.333 seconds
1463259274984	<INFO 7f3529cba780> CORE::TIME_TILE_COPY 0 seconds
1463259274987	<INFO 7f3529cba780> CORE::TIME_TILE_MERGE 0 seconds
1463259274990	<INFO 7f3529cba780> CORE::TIME_PROCESSING_STOLEN 0 seconds
1463259274992	<INFO 7f3529cba780> CORE::TIME_MERGE_WAIT 0 seconds
1463259274995	<INFO 7f3529cba780> CORE::OTHER_TIME_ALL_MC_BARRIER 0 seconds
1463259274997	<INFO 7f3529cba780> CORE::SCATTER_TIME_ALL_MC_BARRIER 19.1442 seconds
1463259274999	<INFO 7f3529cba780> CORE::GATHER_TIME_ALL_MC_BARRIER 2.07191 seconds
1463259275002	<INFO 7f3529cba780> CORE::INIT_TIME_ALL_MC_BARRIER 0.549736 seconds
1463259275004	<INFO 7f3529cba780> CORE::SHUT_DOWN_TIME_ALL_MC_BARRIER 0.004223 seconds
1463259275006	<INFO 7f3529cba780> CORE::STREAM_SKIP_BEFORE_TIME_ALL_MC_BARRIER 27.9394 seconds
1463259275009	<INFO 7f3529cba780> CORE::TAKE_CHECKPOINT_BEFORE_TIME_ALL_MC_BARRIER 0 seconds
1463259275011	<INFO 7f3529cba780> CORE::TAKE_CHECKPOINT_COMPLETE_TIME_ALL_MC_BARRIER 0 seconds
1463259275013	<INFO 7f3529cba780> CORE::METADATA_WRITE_COMPLETE_TIME_ALL_MC_BARRIER 0 seconds
1463259275016	<INFO 7f3529cba780> CORE::STREAM_EOF_BEFORE_TIME_ALL_MC_BARRIER 0 seconds
1463259275018	<INFO 7f3529cba780> CORE::STREAM_EOF_AFTER_TIME_ALL_MC_BARRIER 0 seconds
1463259275021	<INFO 7f3529cba780> CORE::STATE_LOAD_TIME_ALL_MC_BARRIER 0 seconds
1463259275023	<INFO 7f3529cba780> CORE::STATE_STORE_TIME_ALL_MC_BARRIER 0 seconds
1463259275027	<INFO 7f3529cba780> CORE::PHASES 7
1463259275029	<INFO 7f3529cba780> CORE::TIME::SETUP 2.17523 seconds
1463259275031	<INFO 7f3529cba780> CORE::TIME::INIT_PARTITIONS_TIME 99.0949 seconds
1463259275033	<INFO 7f3529cba780> CORE::TIME::STATE_ITER 10.8999 seconds
1463259275036	<INFO 7f3529cba780> CORE::TIME::GATHER 283.864 seconds
1463259275038	<INFO 7f3529cba780> CORE::TIME::SCATTER 712.805 seconds
1463259275041	<INFO 7f3529cba780> CORE::TIME::WALL 1109.1 seconds
1463259275043	<INFO 7f3529cba780> SHUTDOWN
