1463353750099	<INFO 7ff9058dd780> 2016-05-16 01:09:10 STARTUP
1463353750101	<INFO 7ff9058dd780> CORE::GRAPH rmat-28_s8
1463353750103	<INFO 7ff9058dd780> CORE::ALGORITHM pagerank
1463353750106	<INFO 7ff9058dd780> CORE::VERTEX_STRIPING OFF
1463353750108	<INFO 7ff9058dd780> CORE::OPTIMIZED_STATE_LOAD_STORE OFF
1463353750110	<INFO 7ff9058dd780> CORE::BINARY_SEARCH_SUPER_PARTITION ON
1463353750112	<INFO 7ff9058dd780> CORE::SUPER_PARTITION_COMPUTED_FOR_EACH_SCATTER_GATHER_PHASE
1463353750115	<INFO 7ff9058dd780> CORE::EDGE_STRIPING ON
1463353750117	<INFO 7ff9058dd780> CORE::BATCH IO ON
1463353750119	<INFO 7ff9058dd780> CORE::GRID_PARTITIONING OFF
1463353750121	<INFO 7ff9058dd780> 2016-05-16 01:09:10 Blocking memory amount 126701535232
1463353858034	<INFO 7ff9058dd780> 2016-05-16 01:10:58 Done blocking memory
1463353858036	<INFO 7ff9058dd780> SG-DRIVER-ORIGINAL
1463353858038	<INFO 7ff9058dd780> 2016-05-16 01:10:58 START read config parameters
1463353858040	<INFO 7ff9058dd780> PARTITIONING::OLD 0
1463353858043	<INFO 7ff9058dd780> PARTITIONING::BALANCED_PARTITIONS 0
1463353858045	<INFO 7ff9058dd780> CORE::CONFIG::PROCESSORS 8
1463353858047	<INFO 7ff9058dd780> CORE::CONFIG::PHYSICAL_MEMORY 2147483648
1463353858049	<INFO 7ff9058dd780> CORE::CONFIG::VERTICES 268435456
1463353858051	<INFO 7ff9058dd780> CORE::CONFIG::VERTEX_SIZE 12
1463353858054	<INFO 7ff9058dd780> CORE::CONFIG::VERTEX_BUFFER 1203488628
1463353858056	<INFO 7ff9058dd780> CORE::CONFIG::EDGES 536870912
1463353858058	<INFO 7ff9058dd780> CORE::CONFIG::PARTITIONS 64
1463353858060	<INFO 7ff9058dd780> CORE::CONFIG::FANOUT 64
1463353858062	<INFO 7ff9058dd780> CORE::CONFIG::SUPER_PARTITIONS 8
1463353858065	<INFO 7ff9058dd780> CORE::CONFIG::MACHINE_ID 5
1463353858067	<INFO 7ff9058dd780> CORE::CONFIG::TILES 1
1463353858069	<INFO 7ff9058dd780> CORE::CONFIG::BUFFER_SIZE 188797877
1463353858071	<INFO 7ff9058dd780> CORE::CONFIG::MAX_BUFFERS 4
1463353858073	<INFO 7ff9058dd780> CORE::CONFIG::MAX_STREAMS 4
1463353858076	<INFO 7ff9058dd780> CORE::CONFIG::SUM_OF_OUT_DEGREES_FOR_NEW_PARTITIONS::FIRST_CONSTRAINT 0
1463353858078	<INFO 7ff9058dd780> CORE::CONFIG::MAX_EDGES_PER_NEW_PARTITION::SECOND_CONSTRAINT 0
1463353858080	<INFO 7ff9058dd780> SLIPSTREAM::EXT_MEM_SHUFFLE OFF
1463353858082	<INFO 7ff9058dd780> 2016-05-16 01:10:58 END read config parameters
1463353859802	<WARNING 7ff9058dd780> Unable to unlink file (stream.0.0.0):No such file or directory
1463353859804	<WARNING 7ff9058dd780> Unable to unlink file (stream.0.1.0):No such file or directory
1463353859806	<WARNING 7ff9058dd780> Unable to unlink file (stream.0.2.0):No such file or directory
1463353859809	<WARNING 7ff9058dd780> Unable to unlink file (stream.0.3.0):No such file or directory
1463353859811	<WARNING 7ff9058dd780> Unable to unlink file (stream.0.4.0):No such file or directory
1463353859813	<WARNING 7ff9058dd780> Unable to unlink file (stream.0.5.0):No such file or directory
1463353859816	<WARNING 7ff9058dd780> Unable to unlink file (stream.0.6.0):No such file or directory
1463353859818	<WARNING 7ff9058dd780> Unable to unlink file (stream.0.7.0):No such file or directory
1463353859820	<WARNING 7ff9058dd780> Unable to unlink file (stream.1.1.0):No such file or directory
1463353859823	<WARNING 7ff9058dd780> Unable to unlink file (stream.1.2.0):No such file or directory
1463353859825	<WARNING 7ff9058dd780> Unable to unlink file (stream.1.3.0):No such file or directory
1463353859827	<WARNING 7ff9058dd780> Unable to unlink file (stream.1.4.0):No such file or directory
1463353859830	<WARNING 7ff9058dd780> Unable to unlink file (stream.1.5.0):No such file or directory
1463353859833	<WARNING 7ff9058dd780> Unable to unlink file (stream.1.6.0):No such file or directory
1463353859836	<WARNING 7ff9058dd780> Unable to unlink file (stream.1.7.0):No such file or directory
1463353859838	<WARNING 7ff9058dd780> Unable to unlink file (stream.2.0.0):No such file or directory
1463353859840	<WARNING 7ff9058dd780> Unable to unlink file (stream.2.1.0):No such file or directory
1463353859842	<WARNING 7ff9058dd780> Unable to unlink file (stream.2.2.0):No such file or directory
1463353859845	<WARNING 7ff9058dd780> Unable to unlink file (stream.2.3.0):No such file or directory
1463353859847	<WARNING 7ff9058dd780> Unable to unlink file (stream.2.4.0):No such file or directory
1463353859849	<WARNING 7ff9058dd780> Unable to unlink file (stream.2.5.0):No such file or directory
1463353859851	<WARNING 7ff9058dd780> Unable to unlink file (stream.2.6.0):No such file or directory
1463353859854	<WARNING 7ff9058dd780> Unable to unlink file (stream.2.7.0):No such file or directory
1463353859856	<WARNING 7ff9058dd780> Unable to unlink file (stream.3.0.0):No such file or directory
1463353859858	<WARNING 7ff9058dd780> Unable to unlink file (stream.3.1.0):No such file or directory
1463353859862	<WARNING 7ff9058dd780> Unable to unlink file (stream.3.2.0):No such file or directory
1463353859864	<WARNING 7ff9058dd780> Unable to unlink file (stream.3.3.0):No such file or directory
1463353859866	<WARNING 7ff9058dd780> Unable to unlink file (stream.3.4.0):No such file or directory
1463353859870	<WARNING 7ff9058dd780> Unable to unlink file (stream.3.5.0):No such file or directory
1463353859872	<WARNING 7ff9058dd780> Unable to unlink file (stream.3.6.0):No such file or directory
1463353859874	<WARNING 7ff9058dd780> Unable to unlink file (stream.3.7.0):No such file or directory
1463353859876	<INFO 7ff9058dd780> SLIPSTORE::ZMQ_THREADS 2
1463353859878	<INFO 7ff9058dd780> SLIPSTORE::COMM Connecting to tcp://dco-node137-10g:5016
1463353859881	<INFO 7ff9058dd780> SLIPSTORE::COMM Connecting to tcp://dco-node138-10g:5034
1463353859883	<INFO 7ff9058dd780> SLIPSTORE::COMM Connecting to tcp://dco-node139-10g:5052
1463353859885	<INFO 7ff9058dd780> SLIPSTORE::COMM Connecting to tcp://dco-node140-10g:5070
1463353859888	<INFO 7ff9058dd780> SLIPSTORE::COMM Connecting to tcp://dco-node141-10g:5088
1463353859891	<INFO 7ff9058dd780> SLIPSTORE::COMM Connecting to tcp://dco-node142-10g:5106
1463353859893	<INFO 7ff9058dd780> SLIPSTORE::COMM Connecting to tcp://dco-node143-10g:5124
1463353859895	<INFO 7ff9058dd780> SLIPSTORE::COMM Connecting to tcp://dco-node144-10g:5142
1463353859897	<INFO 7ff9058dd780> SLIPSTORE::COMM Listening at tcp://p1p1:5098
1463353859899	<INFO 7ff9058dd780> SLIPSTORE::COMM Listening at tcp://p1p1:5099
1463353859902	<INFO 7ff9058dd780> SLIPSTORE::COMM Listening at tcp://p1p1:5100
1463353859904	<INFO 7ff9058dd780> SLIPSTORE::COMM Listening at tcp://p1p1:5101
1463353859906	<INFO 7ff9058dd780> SLIPSTORE::COMM Listening at tcp://p1p1:5102
1463353859908	<INFO 7ff9058dd780> SLIPSTORE::COMM Listening at ipc://client
1463353859911	<INFO 7ff9058dd780> SLIPSTORE::COMM Listening at tcp://p1p1:5104
1463353859913	<INFO 7ff9058dd780> SLIPSTORE::COMM Listening at tcp://p1p1:5105
1463353859915	<INFO 7ff9058dd780> SLIPSTORE::COMM Connecting to tcp://dco-node137-10g:5016
1463353859918	<INFO 7ff9058dd780> SLIPSTORE::COMM Connecting to tcp://dco-node138-10g:5034
1463353859920	<INFO 7ff9058dd780> SLIPSTORE::COMM Connecting to tcp://dco-node139-10g:5052
1463353859922	<INFO 7ff9058dd780> SLIPSTORE::COMM Connecting to tcp://dco-node140-10g:5070
1463353859924	<INFO 7ff9058dd780> SLIPSTORE::COMM Connecting to tcp://dco-node141-10g:5088
1463353859927	<INFO 7ff9058dd780> SLIPSTORE::COMM Connecting to tcp://dco-node142-10g:5106
1463353859929	<INFO 7ff9058dd780> SLIPSTORE::COMM Connecting to tcp://dco-node143-10g:5124
1463353859931	<INFO 7ff9058dd780> SLIPSTORE::COMM Connecting to tcp://dco-node144-10g:5142
1463353859933	<INFO 7ff9058dd780> SLIPSTORE::COMM Connecting to tcp://dco-node137-10g:5005
1463353859935	<INFO 7ff9058dd780> SLIPSTORE::COMM Connecting to tcp://dco-node138-10g:5023
1463353859938	<INFO 7ff9058dd780> SLIPSTORE::COMM Connecting to tcp://dco-node139-10g:5041
1463353859940	<INFO 7ff9058dd780> SLIPSTORE::COMM Connecting to tcp://dco-node140-10g:5059
1463353859942	<INFO 7ff9058dd780> SLIPSTORE::COMM Connecting to tcp://dco-node141-10g:5077
1463353859944	<INFO 7ff9058dd780> SLIPSTORE::COMM Connecting to ipc://server
1463353859946	<INFO 7ff9058dd780> SLIPSTORE::COMM Connecting to tcp://dco-node143-10g:5113
1463353859948	<INFO 7ff9058dd780> SLIPSTORE::COMM Connecting to tcp://dco-node144-10g:5131
1463353859951	<INFO 7ff9058dd780> SLIPSTORE::COMM Connecting to tcp://dco-node143-10g:5125
1463353859953	<INFO 7ff9058dd780> SLIPSTORE::COMM Listening at tcp://p1p1:5107
1463353859955	<INFO 7ff9058dd780> SLIPSTORE::COMM Connecting to tcp://dco-node142-10g:5106
1463353859957	<INFO 7ff9058dd780> SLIPSTORE::HELP_POLICY NONE
1463353859959	<INFO 7ff9058dd780> SLIPSTORE::SERVER ASYNC
1463353859961	<INFO 7ff9058dd780> SLIPSTORE::MACHINES 8
1463353859963	<INFO 7ff9058dd780> SLIPSTORE::ME 5
1463353859965	<INFO 7ff9058dd780> SLIPSTORE::SLIPCHUNK 4194304
1463353859967	<INFO 7ff9058dd780> SLIPSTORE::QUOTA 18446744073709551615
1463353859969	<INFO 7ff9058dd780> SLIPSTORE::IO PAGECACHE
1463353859971	<INFO 7fdae7fff700> SLIPSTORE::COMM Listening at tcp://p1p1:5106
1463353859973	<INFO 7fdae7fff700> SLIPSTORE::COMM Listening at tcp://p1p1:5090
1463353859975	<INFO 7fdae7fff700> SLIPSTORE::COMM Connecting to tcp://dco-node137-10g:5013
1463353859977	<INFO 7fdae7fff700> SLIPSTORE::COMM Listening at tcp://p1p1:5091
1463353859979	<INFO 7fdae7fff700> SLIPSTORE::COMM Connecting to tcp://dco-node138-10g:5031
1463353859981	<INFO 7fdae7fff700> SLIPSTORE::COMM Listening at tcp://p1p1:5092
1463353859983	<INFO 7fdae7fff700> SLIPSTORE::COMM Connecting to tcp://dco-node139-10g:5049
1463353859985	<INFO 7fdae7fff700> SLIPSTORE::COMM Listening at tcp://p1p1:5093
1463353859988	<INFO 7fdae7fff700> SLIPSTORE::COMM Connecting to tcp://dco-node140-10g:5067
1463353859990	<INFO 7fdae7fff700> SLIPSTORE::COMM Listening at tcp://p1p1:5094
1463353859992	<INFO 7fdae7fff700> SLIPSTORE::COMM Connecting to tcp://dco-node141-10g:5085
1463353859994	<INFO 7fdae7fff700> SLIPSTORE::COMM Listening at ipc://server
1463353859996	<INFO 7fdae7fff700> SLIPSTORE::COMM Connecting to ipc://client
1463353859998	<INFO 7fdae7fff700> SLIPSTORE::COMM Listening at tcp://p1p1:5096
1463353860000	<INFO 7fdae7fff700> SLIPSTORE::COMM Connecting to tcp://dco-node143-10g:5121
1463353860002	<INFO 7fdae7fff700> SLIPSTORE::COMM Listening at tcp://p1p1:5097
1463353860004	<INFO 7fdae7fff700> SLIPSTORE::COMM Connecting to tcp://dco-node144-10g:5139
1463353860017	<INFO 7ff9058dd780> SLIPSTORE::CHECKPOINTS NONE FOUND
1463353860019	<INFO 7ff9058dd780> 2016-05-16 01:11:00 Start edge split
1463353944596	<INFO 7ff9058dd780> 2016-05-16 01:12:24 Completed init
1463353948238	<INFO 7ff9058dd780> 2016-05-16 01:12:28 Started gather
1463353951253	<INFO 7ff9058dd780> 2016-05-16 01:12:31 Completed gather
1463353954653	<INFO 7ff9058dd780> 2016-05-16 01:12:34 Started scatter
1463353989076	<INFO 7ff9058dd780> 2016-05-16 01:13:09 Completed scatter
1463353999938	<INFO 7ff9058dd780> 2016-05-16 01:13:19 Completed phase 1 Bytes read 14231767788 Bytes written 7789316844
1463354006309	<INFO 7ff9058dd780> 2016-05-16 01:13:26 Started gather
1463354009557	<INFO 7ff9058dd780> 2016-05-16 01:13:29 Completed gather
1463354012642	<INFO 7ff9058dd780> 2016-05-16 01:13:32 Started gather
1463354084542	<INFO 7ff9058dd780> 2016-05-16 01:14:44 Completed gather
1463354090316	<INFO 7ff9058dd780> 2016-05-16 01:14:50 Completed phase 2 Bytes read 22719437388 Bytes written 14055074752
1463354096376	<INFO 7ff9058dd780> 2016-05-16 01:14:56 Started gather
1463354122587	<INFO 7ff9058dd780> 2016-05-16 01:15:22 Completed gather
1463354143357	<INFO 7ff9058dd780> 2016-05-16 01:15:43 Started scatter
1463354211115	<INFO 7ff9058dd780> 2016-05-16 01:16:51 Completed scatter
1463354214794	<INFO 7ff9058dd780> 2016-05-16 01:16:54 Completed phase 3 Bytes read 35377806628 Bytes written 19898374424
1463354221306	<INFO 7ff9058dd780> 2016-05-16 01:17:01 Started gather
1463354244801	<INFO 7ff9058dd780> 2016-05-16 01:17:24 Completed gather
1463354271036	<INFO 7ff9058dd780> 2016-05-16 01:17:51 Started scatter
1463354337215	<INFO 7ff9058dd780> 2016-05-16 01:18:57 Completed scatter
1463354344829	<INFO 7ff9058dd780> 2016-05-16 01:19:04 Completed phase 4 Bytes read 48312070388 Bytes written 25835769464
1463354351433	<INFO 7ff9058dd780> 2016-05-16 01:19:11 Started gather
1463354376527	<INFO 7ff9058dd780> 2016-05-16 01:19:36 Completed gather
1463354400063	<INFO 7ff9058dd780> 2016-05-16 01:20:00 Started scatter
1463354467794	<INFO 7ff9058dd780> 2016-05-16 01:21:07 Completed scatter
1463354475371	<INFO 7ff9058dd780> 2016-05-16 01:21:15 Completed phase 5 Bytes read 61340429516 Bytes written 31632651256
1463354482140	<INFO 7ff9058dd780> 2016-05-16 01:21:22 Started gather
1463354506155	<INFO 7ff9058dd780> 2016-05-16 01:21:46 Completed gather
1463354529211	<INFO 7ff9058dd780> 2016-05-16 01:22:09 Started scatter
1463354597283	<INFO 7ff9058dd780> 2016-05-16 01:23:17 Completed scatter
1463354605052	<INFO 7ff9058dd780> 2016-05-16 01:23:25 Completed phase 6 Bytes read 74228275396 Bytes written 37517832632
1463354611490	<INFO 7ff9058dd780> 2016-05-16 01:23:31 Started gather
1463354638536	<INFO 7ff9058dd780> 2016-05-16 01:23:58 Completed gather
1463354658985	<INFO 7ff9058dd780> 2016-05-16 01:24:18 Started scatter
1463354727637	<INFO 7ff9058dd780> 2016-05-16 01:25:27 Completed scatter
1463354735040	<INFO 7ff9058dd780> 2016-05-16 01:25:35 Completed phase 7 Bytes read 87204420860 Bytes written 43312451656
1463354735042	<INFO 7ff9058dd780> CORE::PARTITIONS_PROCESSED 614
1463354735045	<INFO 7ff9058dd780> CORE::BYTES::EDGES_STREAMED 4557109884
1463354735048	<INFO 7ff9058dd780> CORE::BYTES::UPDATES_OUT 2604401560
1463354735050	<INFO 7ff9058dd780> CORE::BYTES::UPDATES_IN 2184361360
1463354735052	<INFO 7fdadbfff700> CORE::PARTITIONS_PROCESSED 1106
1463354735054	<INFO 7fdadbfff700> CORE::BYTES::EDGES_STREAMED 4703645376
1463354735056	<INFO 7fdadbfff700> CORE::BYTES::UPDATES_OUT 2688986016
1463354735059	<INFO 7fdae67fc700> CORE::PARTITIONS_PROCESSED 1448
1463354735061	<INFO 7fdae67fc700> CORE::BYTES::EDGES_STREAMED 4097974656
1463354735063	<INFO 7fdadbfff700> CORE::BYTES::UPDATES_IN 2165465896
1463354735065	<INFO 7fdae67fc700> CORE::BYTES::UPDATES_OUT 2321107712
1463354735067	<INFO 7fdae67fc700> CORE::BYTES::UPDATES_IN 1981028872
1463354735070	<INFO 7fdae4ff9700> CORE::PARTITIONS_PROCESSED 1056
1463354735072	<INFO 7fdadb7fe700> CORE::PARTITIONS_PROCESSED 360
1463354735074	<INFO 7fdae6ffd700> CORE::PARTITIONS_PROCESSED 601
1463354735076	<INFO 7fdae4ff9700> CORE::BYTES::EDGES_STREAMED 7354446876
1463354735078	<INFO 7fdae57fa700> CORE::PARTITIONS_PROCESSED 1108
1463354735081	<INFO 7fdae5ffb700> CORE::PARTITIONS_PROCESSED 427
1463354735083	<INFO 7fdae6ffd700> CORE::BYTES::EDGES_STREAMED 4376674128
1463354735085	<INFO 7fdae4ff9700> CORE::BYTES::UPDATES_OUT 4143554448
1463354735087	<INFO 7fdae5ffb700> CORE::BYTES::EDGES_STREAMED 4493579268
1463354735089	<INFO 7fdadb7fe700> CORE::BYTES::EDGES_STREAMED 4994890260
1463354735092	<INFO 7fdae57fa700> CORE::BYTES::EDGES_STREAMED 6316164288
1463354735094	<INFO 7fdae6ffd700> CORE::BYTES::UPDATES_OUT 2526887936
1463354735096	<INFO 7fdae4ff9700> CORE::BYTES::UPDATES_IN 3528775128
1463354735098	<INFO 7fdae5ffb700> CORE::BYTES::UPDATES_OUT 2579381664
1463354735101	<INFO 7fdae57fa700> CORE::BYTES::UPDATES_OUT 3659519736
1463354735103	<INFO 7fdadb7fe700> CORE::BYTES::UPDATES_OUT 2844437920
1463354735105	<INFO 7fdae57fa700> CORE::BYTES::UPDATES_IN 3208349232
1463354735107	<INFO 7fdae6ffd700> CORE::BYTES::UPDATES_IN 2134143056
1463354735109	<INFO 7fdae5ffb700> CORE::BYTES::UPDATES_IN 2075566672
1463354735111	<INFO 7fdadb7fe700> CORE::BYTES::UPDATES_IN 2196640464
1463354735113	<INFO 7fdae7fff700> SLIPSTORE service is exiting
1463354735116	<INFO 7fdae7fff700> SLIPSTORE::HELP_OFFERS_RECVD 98
1463354735118	<INFO 7fdae7fff700> SLIPSTORE::HELP_OFFERS_ACCEPTED 0
1463354735120	<INFO 7fdae7fff700> SLIPSTORE::HELP_ACCEPTANCE_RATIO 0
1463354735122	<INFO 7fdae7fff700> SLIPSTORE::SERVER_BUSY_DISK  671.065 seconds
1463354735124	<INFO 7fdae7fff700> SLIPSTORE::SERVER_BUSY_MEM  0 seconds
1463354735126	<INFO 7fdae7fff700> SLIPSTORE::SERVER_TOTAL  875.204 seconds
1463354735129	<INFO 7ff9058dd780> SLIPSTORE::CLIENT::DISK_READ_TIME  478.498 seconds
1463354735131	<INFO 7ff9058dd780> SLIPSTORE::CLIENT::MEM_READ_TIME  0 seconds
1463354735133	<INFO 7ff9058dd780> SLIPSTORE::CLIENT::DISK_BYTES_READ 80673470124
1463354735135	<INFO 7ff9058dd780> SLIPSTORE::CLIENT::MEM_BYTES_READ 0
1463354735137	<INFO 7ff9058dd780> SLIPSTORE::CLIENT::WRITE_TIME  200.633 seconds
1463354735139	<INFO 7ff9058dd780> SLIPSTORE::CLIENT::BYTES_WRITTEN 10475291340
1463354735142	<INFO 7ff9058dd780> SLIPSTORE::CLIENT_BUSY  679.132 seconds
1463354735144	<INFO 7ff9058dd780> SLIPSTORE::IO::TIME 508.895 seconds
1463354735146	<INFO 7ff9058dd780> SLIPSTORE::SNAP::TIME 0 seconds
1463354735148	<INFO 7ff9058dd780> SLIPSTORE::MAX_DISK_USAGE_BYTES 11631653616
1463354736272	<INFO 7ff9058dd780> CORE::RUSAGE::MAX_RSS_KB 125944292
1463354736274	<INFO 7ff9058dd780> CORE::RUSAGE::MINFLT 43790986
1463354736276	<INFO 7ff9058dd780> CORE::RUSAGE::MAJFLT 3
1463354736278	<INFO 7ff9058dd780> CORE::RUSAGE::MAJFLT 3
1463354736280	<INFO 7ff9058dd780> CORE::RUSAGE::INBLK 136794440
1463354736283	<INFO 7ff9058dd780> CORE::RUSAGE::OUBLK 84603264
1463354736285	<INFO 7ff9058dd780> CORE::UTILS::BYTES_READ 87204420860
1463354736287	<INFO 7ff9058dd780> CORE::UTILS::BYTES_WRITTEN 43312451656
1463354736289	<INFO 7ff9058dd780> CORE::UTILS::TILE_COPY_BYTES 13967055120
1463354736292	<INFO 7ff9058dd780> CORE::TIME::IO_WAIT 507.324 seconds
1463354736294	<INFO 7ff9058dd780> CORE::TIME_TILE_COPY 0 seconds
1463354736296	<INFO 7ff9058dd780> CORE::TIME_TILE_MERGE 0 seconds
1463354736298	<INFO 7ff9058dd780> CORE::TIME_PROCESSING_STOLEN 0 seconds
1463354736300	<INFO 7ff9058dd780> CORE::TIME_MERGE_WAIT 0 seconds
1463354736303	<INFO 7ff9058dd780> CORE::OTHER_TIME_ALL_MC_BARRIER 0 seconds
1463354736305	<INFO 7ff9058dd780> CORE::SCATTER_TIME_ALL_MC_BARRIER 40.3773 seconds
1463354736307	<INFO 7ff9058dd780> CORE::GATHER_TIME_ALL_MC_BARRIER 5.38125 seconds
1463354736309	<INFO 7ff9058dd780> CORE::INIT_TIME_ALL_MC_BARRIER 0.64131 seconds
1463354736312	<INFO 7ff9058dd780> CORE::SHUT_DOWN_TIME_ALL_MC_BARRIER 0.002989 seconds
1463354736314	<INFO 7ff9058dd780> CORE::STREAM_SKIP_BEFORE_TIME_ALL_MC_BARRIER 21.8667 seconds
1463354736316	<INFO 7ff9058dd780> CORE::TAKE_CHECKPOINT_BEFORE_TIME_ALL_MC_BARRIER 0 seconds
1463354736319	<INFO 7ff9058dd780> CORE::TAKE_CHECKPOINT_COMPLETE_TIME_ALL_MC_BARRIER 0 seconds
1463354736321	<INFO 7ff9058dd780> CORE::METADATA_WRITE_COMPLETE_TIME_ALL_MC_BARRIER 0 seconds
1463354736323	<INFO 7ff9058dd780> CORE::STREAM_EOF_BEFORE_TIME_ALL_MC_BARRIER 0 seconds
1463354736325	<INFO 7ff9058dd780> CORE::STREAM_EOF_AFTER_TIME_ALL_MC_BARRIER 0 seconds
1463354736328	<INFO 7ff9058dd780> CORE::STATE_LOAD_TIME_ALL_MC_BARRIER 0 seconds
1463354736330	<INFO 7ff9058dd780> CORE::STATE_STORE_TIME_ALL_MC_BARRIER 0 seconds
1463354736332	<INFO 7ff9058dd780> CORE::PHASES 7
1463354736334	<INFO 7ff9058dd780> CORE::TIME::SETUP 3.21239 seconds
1463354736337	<INFO 7ff9058dd780> CORE::TIME::INIT_PARTITIONS_TIME 84.5785 seconds
1463354736339	<INFO 7ff9058dd780> CORE::TIME::STATE_ITER 20.4021 seconds
1463354736341	<INFO 7ff9058dd780> CORE::TIME::GATHER 274.49 seconds
1463354736343	<INFO 7ff9058dd780> CORE::TIME::SCATTER 495.278 seconds
1463354736345	<INFO 7ff9058dd780> CORE::TIME::WALL 878.238 seconds
1463354736348	<INFO 7ff9058dd780> SHUTDOWN
