1463708042919	<INFO 7f08a493b780> 2016-05-20 03:34:02 STARTUP
1463708042921	<INFO 7f08a493b780> CORE::GRAPH rmat-28-und_s8
1463708042924	<INFO 7f08a493b780> CORE::ALGORITHM bfs
1463708042926	<INFO 7f08a493b780> CORE::VERTEX_STRIPING ON
1463708042929	<INFO 7f08a493b780> CORE::OPTIMIZED_STATE_LOAD_STORE OFF
1463708042931	<INFO 7f08a493b780> CORE::BINARY_SEARCH_SUPER_PARTITION ON
1463708042933	<INFO 7f08a493b780> CORE::SUPER_PARTITION_COMPUTED_FOR_EACH_SCATTER_GATHER_PHASE
1463708042936	<INFO 7f08a493b780> CORE::EDGE_STRIPING ON
1463708042938	<INFO 7f08a493b780> CORE::BATCH IO ON
1463708042940	<INFO 7f08a493b780> CORE::GRID_PARTITIONING OFF
1463708042943	<INFO 7f08a493b780> 2016-05-20 03:34:02 Blocking memory amount 126701535232
1463708151249	<INFO 7f08a493b780> 2016-05-20 03:35:51 Done blocking memory
1463708151251	<INFO 7f08a493b780> SG-DRIVER-ORIGINAL
1463708151254	<INFO 7f08a493b780> 2016-05-20 03:35:51 START read config parameters
1463708151256	<INFO 7f08a493b780> PARTITIONING::OLD 1
1463708151259	<INFO 7f08a493b780> PARTITIONING::BALANCED_PARTITIONS 0
1463708151262	<INFO 7f08a493b780> CORE::CONFIG::PROCESSORS 8
1463708151264	<INFO 7f08a493b780> CORE::CONFIG::PHYSICAL_MEMORY 2147483648
1463708151266	<INFO 7f08a493b780> CORE::CONFIG::VERTICES 268435456
1463708151269	<INFO 7f08a493b780> CORE::CONFIG::VERTEX_SIZE 8
1463708151273	<INFO 7f08a493b780> CORE::CONFIG::VERTEX_BUFFER 268435456
1463708151276	<INFO 7f08a493b780> CORE::CONFIG::EDGES 1073741824
1463708151278	<INFO 7f08a493b780> CORE::CONFIG::PARTITIONS 64
1463708151280	<INFO 7f08a493b780> CORE::CONFIG::FANOUT 64
1463708151283	<INFO 7f08a493b780> CORE::CONFIG::SUPER_PARTITIONS 8
1463708151285	<INFO 7f08a493b780> CORE::CONFIG::MACHINE_ID 6
1463708151289	<INFO 7f08a493b780> CORE::CONFIG::TILES 1
1463708151291	<INFO 7f08a493b780> CORE::CONFIG::BUFFER_SIZE 375808512
1463708151293	<INFO 7f08a493b780> CORE::CONFIG::MAX_BUFFERS 4
1463708151297	<INFO 7f08a493b780> CORE::CONFIG::MAX_STREAMS 4
1463708151300	<INFO 7f08a493b780> CORE::CONFIG::SUM_OF_OUT_DEGREES_FOR_NEW_PARTITIONS::FIRST_CONSTRAINT 33554432
1463708151302	<INFO 7f08a493b780> CORE::CONFIG::MAX_EDGES_PER_NEW_PARTITION::SECOND_CONSTRAINT 134217728
1463708151305	<INFO 7f08a493b780> SLIPSTREAM::EXT_MEM_SHUFFLE OFF
1463708151308	<INFO 7f08a493b780> 2016-05-20 03:35:51 END read config parameters
1463708153226	<WARNING 7f08a493b780> Unable to unlink file (stream.0.0.0):No such file or directory
1463708153231	<WARNING 7f08a493b780> Unable to unlink file (stream.0.1.0):No such file or directory
1463708153233	<WARNING 7f08a493b780> Unable to unlink file (stream.0.2.0):No such file or directory
1463708153235	<WARNING 7f08a493b780> Unable to unlink file (stream.0.3.0):No such file or directory
1463708153239	<WARNING 7f08a493b780> Unable to unlink file (stream.0.4.0):No such file or directory
1463708153241	<WARNING 7f08a493b780> Unable to unlink file (stream.0.5.0):No such file or directory
1463708153244	<WARNING 7f08a493b780> Unable to unlink file (stream.0.6.0):No such file or directory
1463708153246	<WARNING 7f08a493b780> Unable to unlink file (stream.0.7.0):No such file or directory
1463708153249	<WARNING 7f08a493b780> Unable to unlink file (stream.1.1.0):No such file or directory
1463708153251	<WARNING 7f08a493b780> Unable to unlink file (stream.1.2.0):No such file or directory
1463708153254	<WARNING 7f08a493b780> Unable to unlink file (stream.1.3.0):No such file or directory
1463708153256	<WARNING 7f08a493b780> Unable to unlink file (stream.1.4.0):No such file or directory
1463708153258	<WARNING 7f08a493b780> Unable to unlink file (stream.1.5.0):No such file or directory
1463708153261	<WARNING 7f08a493b780> Unable to unlink file (stream.1.6.0):No such file or directory
1463708153263	<WARNING 7f08a493b780> Unable to unlink file (stream.1.7.0):No such file or directory
1463708153265	<WARNING 7f08a493b780> Unable to unlink file (stream.2.0.0):No such file or directory
1463708153267	<WARNING 7f08a493b780> Unable to unlink file (stream.2.1.0):No such file or directory
1463708153270	<WARNING 7f08a493b780> Unable to unlink file (stream.2.2.0):No such file or directory
1463708153272	<WARNING 7f08a493b780> Unable to unlink file (stream.2.3.0):No such file or directory
1463708153276	<WARNING 7f08a493b780> Unable to unlink file (stream.2.4.0):No such file or directory
1463708153278	<WARNING 7f08a493b780> Unable to unlink file (stream.2.5.0):No such file or directory
1463708153282	<WARNING 7f08a493b780> Unable to unlink file (stream.2.6.0):No such file or directory
1463708153285	<WARNING 7f08a493b780> Unable to unlink file (stream.2.7.0):No such file or directory
1463708153289	<WARNING 7f08a493b780> Unable to unlink file (stream.3.0.0):No such file or directory
1463708153292	<WARNING 7f08a493b780> Unable to unlink file (stream.3.1.0):No such file or directory
1463708153295	<WARNING 7f08a493b780> Unable to unlink file (stream.3.2.0):No such file or directory
1463708153318	<WARNING 7f08a493b780> Unable to unlink file (stream.3.3.0):No such file or directory
1463708153345	<WARNING 7f08a493b780> Unable to unlink file (stream.3.4.0):No such file or directory
1463708153417	<WARNING 7f08a493b780> Unable to unlink file (stream.3.5.0):No such file or directory
1463708153450	<WARNING 7f08a493b780> Unable to unlink file (stream.3.6.0):No such file or directory
1463708153486	<WARNING 7f08a493b780> Unable to unlink file (stream.3.7.0):No such file or directory
1463708153513	<INFO 7f08a493b780> SLIPSTORE::ZMQ_THREADS 2
1463708153549	<INFO 7f08a493b780> SLIPSTORE::COMM Connecting to tcp://dco-node137-10g:5016
1463708153581	<INFO 7f08a493b780> SLIPSTORE::COMM Connecting to tcp://dco-node138-10g:5034
1463708153618	<INFO 7f08a493b780> SLIPSTORE::COMM Connecting to tcp://dco-node139-10g:5052
1463708153666	<INFO 7f08a493b780> SLIPSTORE::COMM Connecting to tcp://dco-node140-10g:5070
1463708153685	<INFO 7f08a493b780> SLIPSTORE::COMM Connecting to tcp://dco-node141-10g:5088
1463708153725	<INFO 7f08a493b780> SLIPSTORE::COMM Connecting to tcp://dco-node142-10g:5106
1463708153757	<INFO 7f08a493b780> SLIPSTORE::COMM Connecting to tcp://dco-node143-10g:5124
1463708153785	<INFO 7f08a493b780> SLIPSTORE::COMM Connecting to tcp://dco-node144-10g:5142
1463708153793	<INFO 7f08a493b780> SLIPSTORE::COMM Listening at tcp://p1p1:5116
1463708153821	<INFO 7f08a493b780> SLIPSTORE::COMM Listening at tcp://p1p1:5117
1463708153850	<INFO 7f08a493b780> SLIPSTORE::COMM Listening at tcp://p1p1:5118
1463708153866	<INFO 7f08a493b780> SLIPSTORE::COMM Listening at tcp://p1p1:5119
1463708153921	<INFO 7f08a493b780> SLIPSTORE::COMM Listening at tcp://p1p1:5120
1463708153946	<INFO 7f08a493b780> SLIPSTORE::COMM Listening at tcp://p1p1:5121
1463708153974	<INFO 7f08a493b780> SLIPSTORE::COMM Listening at ipc://client
1463708154012	<INFO 7f08a493b780> SLIPSTORE::COMM Listening at tcp://p1p1:5123
1463708154037	<INFO 7f08a493b780> SLIPSTORE::COMM Connecting to tcp://dco-node137-10g:5016
1463708154081	<INFO 7f08a493b780> SLIPSTORE::COMM Connecting to tcp://dco-node138-10g:5034
1463708154121	<INFO 7f08a493b780> SLIPSTORE::COMM Connecting to tcp://dco-node139-10g:5052
1463708154169	<INFO 7f08a493b780> SLIPSTORE::COMM Connecting to tcp://dco-node140-10g:5070
1463708154213	<INFO 7f08a493b780> SLIPSTORE::COMM Connecting to tcp://dco-node141-10g:5088
1463708154249	<INFO 7f08a493b780> SLIPSTORE::COMM Connecting to tcp://dco-node142-10g:5106
1463708154286	<INFO 7f08a493b780> SLIPSTORE::COMM Connecting to tcp://dco-node143-10g:5124
1463708154307	<INFO 7f08a493b780> SLIPSTORE::COMM Connecting to tcp://dco-node144-10g:5142
1463708154325	<INFO 7f08a493b780> SLIPSTORE::COMM Connecting to tcp://dco-node137-10g:5006
1463708154370	<INFO 7f08a493b780> SLIPSTORE::COMM Connecting to tcp://dco-node138-10g:5024
1463708154401	<INFO 7f08a493b780> SLIPSTORE::COMM Connecting to tcp://dco-node139-10g:5042
1463708154433	<INFO 7f08a493b780> SLIPSTORE::COMM Connecting to tcp://dco-node140-10g:5060
1463708154465	<INFO 7f08a493b780> SLIPSTORE::COMM Connecting to tcp://dco-node141-10g:5078
1463708154481	<INFO 7f08a493b780> SLIPSTORE::COMM Connecting to tcp://dco-node142-10g:5096
1463708154529	<INFO 7f08a493b780> SLIPSTORE::COMM Connecting to ipc://server
1463708154570	<INFO 7f08a493b780> SLIPSTORE::COMM Connecting to tcp://dco-node144-10g:5132
1463708154593	<INFO 7f08a493b780> SLIPSTORE::COMM Connecting to tcp://dco-node144-10g:5143
1463708154637	<INFO 7f08a493b780> SLIPSTORE::COMM Listening at tcp://p1p1:5125
1463708154681	<INFO 7f08a493b780> SLIPSTORE::COMM Connecting to tcp://dco-node143-10g:5124
1463708154721	<INFO 7f08a493b780> SLIPSTORE::HELP_POLICY NONE
1463708154745	<INFO 7f08a493b780> SLIPSTORE::SERVER ASYNC
1463708154801	<INFO 7f08a493b780> SLIPSTORE::MACHINES 8
1463708154842	<INFO 7f08a493b780> SLIPSTORE::ME 6
1463708154885	<INFO 7f08a493b780> SLIPSTORE::SLIPCHUNK 4194304
1463708154933	<INFO 7f08a493b780> SLIPSTORE::QUOTA 18446744073709551615
1463708154965	<INFO 7f08a493b780> SLIPSTORE::IO PAGECACHE
1463708155009	<INFO 7eea8affb700> SLIPSTORE::COMM Listening at tcp://p1p1:5124
1463708155049	<INFO 7eea8affb700> SLIPSTORE::COMM Listening at tcp://p1p1:5108
1463708155081	<INFO 7eea8affb700> SLIPSTORE::COMM Connecting to tcp://dco-node137-10g:5014
1463708155109	<INFO 7eea8affb700> SLIPSTORE::COMM Listening at tcp://p1p1:5109
1463708155157	<INFO 7eea8affb700> SLIPSTORE::COMM Connecting to tcp://dco-node138-10g:5032
1463708155181	<INFO 7eea8affb700> SLIPSTORE::COMM Listening at tcp://p1p1:5110
1463708155229	<INFO 7eea8affb700> SLIPSTORE::COMM Connecting to tcp://dco-node139-10g:5050
1463708155285	<INFO 7eea8affb700> SLIPSTORE::COMM Listening at tcp://p1p1:5111
1463708155313	<INFO 7eea8affb700> SLIPSTORE::COMM Connecting to tcp://dco-node140-10g:5068
1463708155353	<INFO 7eea8affb700> SLIPSTORE::COMM Listening at tcp://p1p1:5112
1463708155378	<INFO 7eea8affb700> SLIPSTORE::COMM Connecting to tcp://dco-node141-10g:5086
1463708155433	<INFO 7eea8affb700> SLIPSTORE::COMM Listening at tcp://p1p1:5113
1463708155485	<INFO 7eea8affb700> SLIPSTORE::COMM Connecting to tcp://dco-node142-10g:5104
1463708155513	<INFO 7eea8affb700> SLIPSTORE::COMM Listening at ipc://server
1463708155545	<INFO 7eea8affb700> SLIPSTORE::COMM Connecting to ipc://client
1463708155581	<INFO 7eea8affb700> SLIPSTORE::COMM Listening at tcp://p1p1:5115
1463708155625	<INFO 7eea8affb700> SLIPSTORE::COMM Connecting to tcp://dco-node144-10g:5140
1463708155685	<INFO 7f08a493b780> SLIPSTORE::CHECKPOINTS NONE FOUND
1463708155717	<INFO 7f08a493b780> 2016-05-20 03:35:55 Start edge split
1463708521913	<INFO 7f08a493b780> 2016-05-20 03:42:01 Completed init
1463708527910	<INFO 7f08a493b780> 2016-05-20 03:42:07 Started gather
1463708533597	<INFO 7f08a493b780> 2016-05-20 03:42:13 Completed gather
1463708538297	<INFO 7f08a493b780> 2016-05-20 03:42:18 Started scatter
1463708565677	<INFO 7f08a493b780> 2016-05-20 03:42:45 Completed scatter
1463708766197	<INFO 7f08a493b780> 2016-05-20 03:46:06 Completed phase 1 Bytes read 24508408640 Bytes written 11627653544
1463708766303	<INFO 7f08a493b780> 2016-05-20 03:46:06 Started gather
1463708771417	<INFO 7f08a493b780> 2016-05-20 03:46:11 Completed gather
1463708777861	<INFO 7f08a493b780> 2016-05-20 03:46:17 Started scatter
1463708824745	<INFO 7f08a493b780> 2016-05-20 03:47:04 Completed scatter
1463709104602	<INFO 7f08a493b780> 2016-05-20 03:51:44 Completed phase 2 Bytes read 36136062184 Bytes written 15904292528
1463709104661	<INFO 7f08a493b780> 2016-05-20 03:51:44 Started gather
1463709120506	<INFO 7f08a493b780> 2016-05-20 03:52:00 Completed gather
1463709178582	<INFO 7f08a493b780> 2016-05-20 03:52:58 Started scatter
1463709241921	<INFO 7f08a493b780> 2016-05-20 03:54:01 Completed scatter
1463709489396	<INFO 7f08a493b780> 2016-05-20 03:58:09 Completed phase 3 Bytes read 51767772464 Bytes written 19449091672
1463709489468	<INFO 7f08a493b780> 2016-05-20 03:58:09 Started gather
1463709504478	<INFO 7f08a493b780> 2016-05-20 03:58:24 Completed gather
1463709560957	<INFO 7f08a493b780> 2016-05-20 03:59:20 Started scatter
1463709588973	<INFO 7f08a493b780> 2016-05-20 03:59:48 Completed scatter
1463709777393	<INFO 7f08a493b780> 2016-05-20 04:02:57 Completed phase 4 Bytes read 66667642904 Bytes written 19736042632
1463709777432	<INFO 7f08a493b780> 2016-05-20 04:02:57 Started gather
1463709786666	<INFO 7f08a493b780> 2016-05-20 04:03:06 Completed gather
1463709793365	<INFO 7f08a493b780> 2016-05-20 04:03:13 Started scatter
1463709819939	<INFO 7f08a493b780> 2016-05-20 04:03:39 Completed scatter
1463710043444	<INFO 7f08a493b780> 2016-05-20 04:07:23 Completed phase 5 Bytes read 78309665160 Bytes written 20004531720
1463710043514	<INFO 7f08a493b780> 2016-05-20 04:07:23 Started gather
1463710054992	<INFO 7f08a493b780> 2016-05-20 04:07:34 Completed gather
1463710061057	<INFO 7f08a493b780> 2016-05-20 04:07:41 Started scatter
1463710089165	<INFO 7f08a493b780> 2016-05-20 04:08:09 Completed scatter
1463710283749	<INFO 7f08a493b780> 2016-05-20 04:11:23 Completed phase 6 Bytes read 89933225544 Bytes written 20272967280
1463710283861	<INFO 7f08a493b780> 2016-05-20 04:11:23 Started gather
1463710292517	<INFO 7f08a493b780> 2016-05-20 04:11:32 Completed gather
1463710298545	<INFO 7f08a493b780> 2016-05-20 04:11:38 Started scatter
1463710323397	<INFO 7f08a493b780> 2016-05-20 04:12:03 Completed scatter
1463710530342	<INFO 7f08a493b780> 2016-05-20 04:15:30 Completed phase 7 Bytes read 101556732400 Bytes written 20541402736
1463710530345	<INFO 7f08a493b780> ALGORITHM::BFS::VERTICES_DISCOVERED 12684490
1463710530347	<INFO 7f08a493b780> ALGORITHM::BFS::EDGES_EXPLORED 376021639
1463710530349	<INFO 7f08a493b780> CORE::PARTITIONS_PROCESSED 48
1463710530352	<INFO 7f08a493b780> CORE::BYTES::EDGES_STREAMED 3803451816
1463710530355	<INFO 7f08a493b780> CORE::BYTES::UPDATES_OUT 283168608
1463710530357	<INFO 7f08a493b780> CORE::BYTES::UPDATES_IN 305154160
1463710530359	<INFO 7eea88ff7700> CORE::PARTITIONS_PROCESSED 123
1463710530362	<INFO 7eea88ff7700> CORE::BYTES::EDGES_STREAMED 4233840516
1463710530365	<INFO 7eea88ff7700> CORE::BYTES::UPDATES_OUT 365769520
1463710530367	<INFO 7eea88ff7700> CORE::BYTES::UPDATES_IN 428140792
1463710530370	<INFO 7eea7effd700> CORE::PARTITIONS_PROCESSED 105
1463710530372	<INFO 7eea897f8700> CORE::PARTITIONS_PROCESSED 91
1463710530375	<INFO 7eea7f7fe700> CORE::PARTITIONS_PROCESSED 113
1463710530377	<INFO 7eea897f8700> CORE::BYTES::EDGES_STREAMED 3547339404
1463710530380	<INFO 7eea89ff9700> CORE::PARTITIONS_PROCESSED 87
1463710530383	<INFO 7eea7f7fe700> CORE::BYTES::EDGES_STREAMED 3973857144
1463710530386	<INFO 7eea897f8700> CORE::BYTES::UPDATES_OUT 389541656
1463710530388	<INFO 7eea7f7fe700> CORE::BYTES::UPDATES_OUT 399385320
1463710530391	<INFO 7eea897f8700> CORE::BYTES::UPDATES_IN 371231352
1463710530393	<INFO 7eea7effd700> CORE::BYTES::EDGES_STREAMED 4470532524
1463710530395	<INFO 7eea7f7fe700> CORE::BYTES::UPDATES_IN 476110976
1463710530398	<INFO 7eea89ff9700> CORE::BYTES::EDGES_STREAMED 3612150900
1463710530400	<INFO 7eea7effd700> CORE::BYTES::UPDATES_OUT 410194224
1463710530404	<INFO 7eea7effd700> CORE::BYTES::UPDATES_IN 285695928
1463710530406	<INFO 7eea89ff9700> CORE::BYTES::UPDATES_OUT 296836384
1463710530408	<INFO 7eea89ff9700> CORE::BYTES::UPDATES_IN 322873504
1463710530411	<INFO 7eea7ffff700> CORE::PARTITIONS_PROCESSED 84
1463710530413	<INFO 7eea7ffff700> CORE::BYTES::EDGES_STREAMED 3766249284
1463710530416	<INFO 7eea7ffff700> CORE::BYTES::UPDATES_OUT 389274960
1463710530419	<INFO 7eea7ffff700> CORE::BYTES::UPDATES_IN 358963824
1463710530421	<INFO 7eea7e7fc700> CORE::PARTITIONS_PROCESSED 128
1463710530423	<INFO 7eea7e7fc700> CORE::BYTES::EDGES_STREAMED 4179216180
1463710530426	<INFO 7eea7e7fc700> CORE::BYTES::UPDATES_OUT 474002440
1463710530428	<INFO 7eea7e7fc700> CORE::BYTES::UPDATES_IN 460002576
1463710530430	<INFO 7eea8affb700> SLIPSTORE service is exiting
1463710530433	<INFO 7eea8affb700> SLIPSTORE::HELP_OFFERS_RECVD 98
1463710530435	<INFO 7eea8affb700> SLIPSTORE::HELP_OFFERS_ACCEPTED 0
1463710530437	<INFO 7eea8affb700> SLIPSTORE::HELP_ACCEPTANCE_RATIO 0
1463710530439	<INFO 7eea8affb700> SLIPSTORE::SERVER_BUSY_DISK  1094.29 seconds
1463710530442	<INFO 7eea8affb700> SLIPSTORE::SERVER_BUSY_MEM  0 seconds
1463710530444	<INFO 7eea8affb700> SLIPSTORE::SERVER_TOTAL  2377.09 seconds
1463710530447	<INFO 7f08a493b780> SLIPSTORE::CLIENT::DISK_READ_TIME  430.888 seconds
1463710530450	<INFO 7f08a493b780> SLIPSTORE::CLIENT::MEM_READ_TIME  0 seconds
1463710530453	<INFO 7f08a493b780> SLIPSTORE::CLIENT::DISK_BYTES_READ 51833412040
1463710530455	<INFO 7f08a493b780> SLIPSTORE::CLIENT::MEM_BYTES_READ 0
1463710530457	<INFO 7f08a493b780> SLIPSTORE::CLIENT::WRITE_TIME  263.132 seconds
1463710530460	<INFO 7f08a493b780> SLIPSTORE::CLIENT::BYTES_WRITTEN 2147483648
1463710530462	<INFO 7f08a493b780> SLIPSTORE::CLIENT_BUSY  694.02 seconds
1463710530465	<INFO 7f08a493b780> SLIPSTORE::IO::TIME 485.404 seconds
1463710530467	<INFO 7f08a493b780> SLIPSTORE::SNAP::TIME 0 seconds
1463710530470	<INFO 7f08a493b780> SLIPSTORE::MAX_DISK_USAGE_BYTES 15363274824
1463710530473	<INFO 7f08a493b780> CORE::RUSAGE::MAX_RSS_KB 125955088
1463710530475	<INFO 7f08a493b780> CORE::RUSAGE::MINFLT 63621945
1463710530478	<INFO 7f08a493b780> CORE::RUSAGE::MAJFLT 500773
1463710530480	<INFO 7f08a493b780> CORE::RUSAGE::MAJFLT 500773
1463710530482	<INFO 7f08a493b780> CORE::RUSAGE::INBLK 206238712
1463710530485	<INFO 7f08a493b780> CORE::RUSAGE::OUBLK 40129216
1463710530488	<INFO 7f08a493b780> CORE::UTILS::BYTES_READ 101556732400
1463710530490	<INFO 7f08a493b780> CORE::UTILS::BYTES_WRITTEN 20541402736
1463710530492	<INFO 7f08a493b780> CORE::UTILS::TILE_COPY_BYTES 3758096384
1463710530495	<INFO 7f08a493b780> CORE::TIME::IO_WAIT 625.295 seconds
1463710530497	<INFO 7f08a493b780> CORE::TIME_TILE_COPY 0 seconds
1463710530499	<INFO 7f08a493b780> CORE::TIME_TILE_MERGE 0 seconds
1463710530502	<INFO 7f08a493b780> CORE::TIME_PROCESSING_STOLEN 0 seconds
1463710530505	<INFO 7f08a493b780> CORE::TIME_MERGE_WAIT 0 seconds
1463710530507	<INFO 7f08a493b780> CORE::OTHER_TIME_ALL_MC_BARRIER 0 seconds
1463710530509	<INFO 7f08a493b780> CORE::SCATTER_TIME_ALL_MC_BARRIER 1535.61 seconds
1463710530512	<INFO 7f08a493b780> CORE::GATHER_TIME_ALL_MC_BARRIER 0.031953 seconds
1463710530514	<INFO 7f08a493b780> CORE::INIT_TIME_ALL_MC_BARRIER 4.39529 seconds
1463710530517	<INFO 7f08a493b780> CORE::SHUT_DOWN_TIME_ALL_MC_BARRIER 0.051666 seconds
1463710530519	<INFO 7f08a493b780> CORE::STREAM_SKIP_BEFORE_TIME_ALL_MC_BARRIER 1.22702 seconds
1463710530521	<INFO 7f08a493b780> CORE::TAKE_CHECKPOINT_BEFORE_TIME_ALL_MC_BARRIER 0 seconds
1463710530524	<INFO 7f08a493b780> CORE::TAKE_CHECKPOINT_COMPLETE_TIME_ALL_MC_BARRIER 0 seconds
1463710530526	<INFO 7f08a493b780> CORE::METADATA_WRITE_COMPLETE_TIME_ALL_MC_BARRIER 0 seconds
1463710530528	<INFO 7f08a493b780> CORE::STREAM_EOF_BEFORE_TIME_ALL_MC_BARRIER 0 seconds
1463710530531	<INFO 7f08a493b780> CORE::STREAM_EOF_AFTER_TIME_ALL_MC_BARRIER 0 seconds
1463710530533	<INFO 7f08a493b780> CORE::STATE_LOAD_TIME_ALL_MC_BARRIER 0 seconds
1463710530535	<INFO 7f08a493b780> CORE::STATE_STORE_TIME_ALL_MC_BARRIER 0 seconds
1463710530537	<INFO 7f08a493b780> CORE::WORK_STEALING_COST_GATHER 0 seconds
1463710530540	<INFO 7f08a493b780> CORE::WORK_STEALING_COST_SCATTER 0 seconds
1463710530543	<INFO 7f08a493b780> CORE::PHASES 7
1463710530545	<INFO 7f08a493b780> CORE::TIME::SETUP 4.41333 seconds
1463710530547	<INFO 7f08a493b780> CORE::TIME::INIT_PARTITIONS_TIME 366.309 seconds
1463710530550	<INFO 7f08a493b780> CORE::TIME::STATE_ITER 4.89113 seconds
1463710530552	<INFO 7f08a493b780> CORE::TIME::GATHER 216.743 seconds
1463710530554	<INFO 7f08a493b780> CORE::TIME::SCATTER 1785.82 seconds
1463710530557	<INFO 7f08a493b780> CORE::TIME::WALL 2379.2 seconds
1463710530559	<INFO 7f08a493b780> SHUTDOWN
