1461700268055	<INFO 7fc1ae4ea740> 2016-04-26 21:51:08 STARTUP
1461700268059	<INFO 7fc1ae4ea740> CORE::GRAPH rmat-28_s8
1461700268063	<INFO 7fc1ae4ea740> CORE::ALGORITHM pagerank
1461700268067	<INFO 7fc1ae4ea740> CORE::VERTEX_STRIPING OFF
1461700268071	<INFO 7fc1ae4ea740> CORE::OPTIMIZED_STATE_LOAD_STORE OFF
1461700268074	<INFO 7fc1ae4ea740> CORE::LINEAR_SEARCH_SUPER_PARTITION ON
1461700268078	<INFO 7fc1ae4ea740> CORE::SUPER_PARTITION_COMPUTED_FOR_EACH_VERTEX
1461700268081	<INFO 7fc1ae4ea740> CORE::EDGE_STRIPING ON
1461700268085	<INFO 7fc1ae4ea740> CORE::BATCH IO ON
1461700268088	<INFO 7fc1ae4ea740> 2016-04-26 21:51:08 Blocking memory amount 126701535232
1461700376716	<INFO 7fc1ae4ea740> 2016-04-26 21:52:56 Done blocking memory
1461700376720	<INFO 7fc1ae4ea740> SG-DRIVER-ORIGINAL
1461700376723	<INFO 7fc1ae4ea740> 2016-04-26 21:52:56 START read config parameters
1461700376727	<INFO 7fc1ae4ea740> PARTITIONING::OLD 1
1461700376730	<INFO 7fc1ae4ea740> PARTITIONING::BALANCED_PARTITIONS 0
1461700376734	<INFO 7fc1ae4ea740> CORE::CONFIG::PROCESSORS 8
1461700376738	<INFO 7fc1ae4ea740> CORE::CONFIG::PHYSICAL_MEMORY 2147483648
1461700376741	<INFO 7fc1ae4ea740> CORE::CONFIG::VERTICES 268435456
1461700376745	<INFO 7fc1ae4ea740> CORE::CONFIG::VERTEX_SIZE 12
1461700376748	<INFO 7fc1ae4ea740> CORE::CONFIG::VERTEX_BUFFER 402653184
1461700376752	<INFO 7fc1ae4ea740> CORE::CONFIG::EDGES 536870912
1461700376755	<INFO 7fc1ae4ea740> CORE::CONFIG::PARTITIONS 64
1461700376759	<INFO 7fc1ae4ea740> CORE::CONFIG::FANOUT 512
1461700376762	<INFO 7fc1ae4ea740> CORE::CONFIG::SUPER_PARTITIONS 8
1461700376766	<INFO 7fc1ae4ea740> CORE::CONFIG::TILES 1
1461700376770	<INFO 7fc1ae4ea740> CORE::CONFIG::BUFFER_SIZE 348964966
1461700376773	<INFO 7fc1ae4ea740> CORE::CONFIG::MAX_BUFFERS 4
1461700376777	<INFO 7fc1ae4ea740> CORE::CONFIG::MAX_STREAMS 4
1461700376781	<INFO 7fc1ae4ea740> CORE::CONFIG::SUM_OF_OUT_DEGREES_FOR_NEW_PARTITIONS::FIRST_CONSTRAINT 33554432
1461700376785	<INFO 7fc1ae4ea740> CORE::CONFIG::MAX_EDGES_PER_NEW_PARTITION::SECOND_CONSTRAINT 67108864
1461700376788	<INFO 7fc1ae4ea740> SLIPSTREAM::EXT_MEM_SHUFFLE OFF
1461700376792	<INFO 7fc1ae4ea740> 2016-04-26 21:52:56 END read config parameters
1461700378569	<WARNING 7fc1ae4ea740> Unable to unlink file (stream.0.0.0):No such file or directory
1461700378573	<WARNING 7fc1ae4ea740> Unable to unlink file (stream.0.1.0):No such file or directory
1461700378576	<WARNING 7fc1ae4ea740> Unable to unlink file (stream.0.2.0):No such file or directory
1461700378579	<WARNING 7fc1ae4ea740> Unable to unlink file (stream.0.3.0):No such file or directory
1461700378583	<WARNING 7fc1ae4ea740> Unable to unlink file (stream.0.4.0):No such file or directory
1461700378587	<WARNING 7fc1ae4ea740> Unable to unlink file (stream.0.5.0):No such file or directory
1461700378590	<WARNING 7fc1ae4ea740> Unable to unlink file (stream.0.6.0):No such file or directory
1461700378594	<WARNING 7fc1ae4ea740> Unable to unlink file (stream.0.7.0):No such file or directory
1461700378598	<WARNING 7fc1ae4ea740> Unable to unlink file (stream.1.1.0):No such file or directory
1461700378601	<WARNING 7fc1ae4ea740> Unable to unlink file (stream.1.2.0):No such file or directory
1461700378604	<WARNING 7fc1ae4ea740> Unable to unlink file (stream.1.3.0):No such file or directory
1461700378608	<WARNING 7fc1ae4ea740> Unable to unlink file (stream.1.4.0):No such file or directory
1461700378611	<WARNING 7fc1ae4ea740> Unable to unlink file (stream.1.5.0):No such file or directory
1461700378615	<WARNING 7fc1ae4ea740> Unable to unlink file (stream.1.6.0):No such file or directory
1461700378619	<WARNING 7fc1ae4ea740> Unable to unlink file (stream.1.7.0):No such file or directory
1461700378623	<WARNING 7fc1ae4ea740> Unable to unlink file (stream.2.0.0):No such file or directory
1461700378626	<WARNING 7fc1ae4ea740> Unable to unlink file (stream.2.1.0):No such file or directory
1461700378630	<WARNING 7fc1ae4ea740> Unable to unlink file (stream.2.2.0):No such file or directory
1461700378634	<WARNING 7fc1ae4ea740> Unable to unlink file (stream.2.3.0):No such file or directory
1461700378637	<WARNING 7fc1ae4ea740> Unable to unlink file (stream.2.4.0):No such file or directory
1461700378641	<WARNING 7fc1ae4ea740> Unable to unlink file (stream.2.5.0):No such file or directory
1461700378644	<WARNING 7fc1ae4ea740> Unable to unlink file (stream.2.6.0):No such file or directory
1461700378648	<WARNING 7fc1ae4ea740> Unable to unlink file (stream.2.7.0):No such file or directory
1461700378651	<WARNING 7fc1ae4ea740> Unable to unlink file (stream.3.0.0):No such file or directory
1461700378655	<WARNING 7fc1ae4ea740> Unable to unlink file (stream.3.1.0):No such file or directory
1461700378658	<WARNING 7fc1ae4ea740> Unable to unlink file (stream.3.2.0):No such file or directory
1461700378662	<WARNING 7fc1ae4ea740> Unable to unlink file (stream.3.3.0):No such file or directory
1461700378666	<WARNING 7fc1ae4ea740> Unable to unlink file (stream.3.4.0):No such file or directory
1461700378670	<WARNING 7fc1ae4ea740> Unable to unlink file (stream.3.5.0):No such file or directory
1461700378674	<WARNING 7fc1ae4ea740> Unable to unlink file (stream.3.6.0):No such file or directory
1461700378677	<WARNING 7fc1ae4ea740> Unable to unlink file (stream.3.7.0):No such file or directory
1461700378680	<INFO 7fc1ae4ea740> SLIPSTORE::ZMQ_THREADS 2
1461700378684	<INFO 7fc1ae4ea740> SLIPSTORE::COMM Connecting to tcp://dco-node137-10g:5016
1461700378689	<INFO 7fc1ae4ea740> SLIPSTORE::COMM Connecting to tcp://dco-node138-10g:5034
1461700378693	<INFO 7fc1ae4ea740> SLIPSTORE::COMM Connecting to tcp://dco-node139-10g:5052
1461700378697	<INFO 7fc1ae4ea740> SLIPSTORE::COMM Connecting to tcp://dco-node140-10g:5070
1461700378701	<INFO 7fc1ae4ea740> SLIPSTORE::COMM Connecting to tcp://dco-node141-10g:5088
1461700378705	<INFO 7fc1ae4ea740> SLIPSTORE::COMM Connecting to tcp://dco-node142-10g:5106
1461700378709	<INFO 7fc1ae4ea740> SLIPSTORE::COMM Connecting to tcp://dco-node143-10g:5124
1461700378713	<INFO 7fc1ae4ea740> SLIPSTORE::COMM Connecting to tcp://dco-node144-10g:5142
1461700378716	<INFO 7fc1ae4ea740> SLIPSTORE::COMM Listening at tcp://ens1f0:5116
1461700378719	<INFO 7fc1ae4ea740> SLIPSTORE::COMM Listening at tcp://ens1f0:5117
1461700378722	<INFO 7fc1ae4ea740> SLIPSTORE::COMM Listening at tcp://ens1f0:5118
1461700378727	<INFO 7fc1ae4ea740> SLIPSTORE::COMM Listening at tcp://ens1f0:5119
1461700378730	<INFO 7fc1ae4ea740> SLIPSTORE::COMM Listening at tcp://ens1f0:5120
1461700378734	<INFO 7fc1ae4ea740> SLIPSTORE::COMM Listening at tcp://ens1f0:5121
1461700378738	<INFO 7fc1ae4ea740> SLIPSTORE::COMM Listening at ipc://client
1461700378742	<INFO 7fc1ae4ea740> SLIPSTORE::COMM Listening at tcp://ens1f0:5123
1461700378746	<INFO 7fc1ae4ea740> SLIPSTORE::COMM Connecting to tcp://dco-node137-10g:5016
1461700378750	<INFO 7fc1ae4ea740> SLIPSTORE::COMM Connecting to tcp://dco-node138-10g:5034
1461700378754	<INFO 7fc1ae4ea740> SLIPSTORE::COMM Connecting to tcp://dco-node139-10g:5052
1461700378758	<INFO 7fc1ae4ea740> SLIPSTORE::COMM Connecting to tcp://dco-node140-10g:5070
1461700378761	<INFO 7fc1ae4ea740> SLIPSTORE::COMM Connecting to tcp://dco-node141-10g:5088
1461700378765	<INFO 7fc1ae4ea740> SLIPSTORE::COMM Connecting to tcp://dco-node142-10g:5106
1461700378768	<INFO 7fc1ae4ea740> SLIPSTORE::COMM Connecting to tcp://dco-node143-10g:5124
1461700378772	<INFO 7fc1ae4ea740> SLIPSTORE::COMM Connecting to tcp://dco-node144-10g:5142
1461700378775	<INFO 7fc1ae4ea740> SLIPSTORE::COMM Connecting to tcp://dco-node137-10g:5006
1461700378779	<INFO 7fc1ae4ea740> SLIPSTORE::COMM Connecting to tcp://dco-node138-10g:5024
1461700378781	<INFO 7fc1ae4ea740> SLIPSTORE::COMM Connecting to tcp://dco-node139-10g:5042
1461700378783	<INFO 7fc1ae4ea740> SLIPSTORE::COMM Connecting to tcp://dco-node140-10g:5060
1461700378786	<INFO 7fc1ae4ea740> SLIPSTORE::COMM Connecting to tcp://dco-node141-10g:5078
1461700378789	<INFO 7fc1ae4ea740> SLIPSTORE::COMM Connecting to tcp://dco-node142-10g:5096
1461700378793	<INFO 7fc1ae4ea740> SLIPSTORE::COMM Connecting to ipc://server
1461700378797	<INFO 7fc1ae4ea740> SLIPSTORE::COMM Connecting to tcp://dco-node144-10g:5132
1461700378801	<INFO 7fc1ae4ea740> SLIPSTORE::COMM Connecting to tcp://dco-node144-10g:5143
1461700378804	<INFO 7fc1ae4ea740> SLIPSTORE::COMM Listening at tcp://ens1f0:5125
1461700378808	<INFO 7fc1ae4ea740> SLIPSTORE::COMM Connecting to tcp://dco-node143-10g:5124
1461700378813	<INFO 7fc1ae4ea740> SLIPSTORE::HELP_POLICY NONE
1461700378817	<INFO 7fc1ae4ea740> SLIPSTORE::SERVER ASYNC
1461700378821	<INFO 7fc1ae4ea740> SLIPSTORE::MACHINES 8
1461700378825	<INFO 7fc1ae4ea740> SLIPSTORE::ME 6
1461700378829	<INFO 7fc1ae4ea740> SLIPSTORE::SLIPCHUNK 4194304
1461700378833	<INFO 7fc1ae4ea740> SLIPSTORE::QUOTA 18446744073709551615
1461700378837	<INFO 7fc1ae4ea740> SLIPSTORE::IO PAGECACHE
1461700378841	<INFO 7fa38ffff700> SLIPSTORE::COMM Listening at tcp://ens1f0:5124
1461700378845	<INFO 7fa38ffff700> SLIPSTORE::COMM Listening at tcp://ens1f0:5108
1461700378848	<INFO 7fa38ffff700> SLIPSTORE::COMM Connecting to tcp://dco-node137-10g:5014
1461700378852	<INFO 7fa38ffff700> SLIPSTORE::COMM Listening at tcp://ens1f0:5109
1461700378855	<INFO 7fa38ffff700> SLIPSTORE::COMM Connecting to tcp://dco-node138-10g:5032
1461700378860	<INFO 7fa38ffff700> SLIPSTORE::COMM Listening at tcp://ens1f0:5110
1461700378865	<INFO 7fa38ffff700> SLIPSTORE::COMM Connecting to tcp://dco-node139-10g:5050
1461700378869	<INFO 7fa38ffff700> SLIPSTORE::COMM Listening at tcp://ens1f0:5111
1461700378872	<INFO 7fa38ffff700> SLIPSTORE::COMM Connecting to tcp://dco-node140-10g:5068
1461700378877	<INFO 7fa38ffff700> SLIPSTORE::COMM Listening at tcp://ens1f0:5112
1461700378881	<INFO 7fa38ffff700> SLIPSTORE::COMM Connecting to tcp://dco-node141-10g:5086
1461700378884	<INFO 7fa38ffff700> SLIPSTORE::COMM Listening at tcp://ens1f0:5113
1461700378888	<INFO 7fa38ffff700> SLIPSTORE::COMM Connecting to tcp://dco-node142-10g:5104
1461700378891	<INFO 7fa38ffff700> SLIPSTORE::COMM Listening at ipc://server
1461700378895	<INFO 7fa38ffff700> SLIPSTORE::COMM Connecting to ipc://client
1461700378898	<INFO 7fa38ffff700> SLIPSTORE::COMM Listening at tcp://ens1f0:5115
1461700378902	<INFO 7fa38ffff700> SLIPSTORE::COMM Connecting to tcp://dco-node144-10g:5140
1461700378906	<INFO 7fc1ae4ea740> SLIPSTORE::CHECKPOINTS NONE FOUND
1461700378910	<INFO 7fc1ae4ea740> 2016-04-26 21:52:58 Start edge split
1461700430170	<INFO 7fc1ae4ea740> 2016-04-26 21:53:50 Completed init
1461700432051	<INFO 7fc1ae4ea740> 2016-04-26 21:53:52 Started gather
1461700437489	<INFO 7fc1ae4ea740> 2016-04-26 21:53:57 Completed gather
1461700437527	<INFO 7fc1ae4ea740> 2016-04-26 21:53:57 Started scatter
1461700448676	<INFO 7fc1ae4ea740> 2016-04-26 21:54:08 Completed scatter
1461700474945	<INFO 7fc1ae4ea740> 2016-04-26 21:54:34 Completed phase 1 Bytes read 13622498388 Bytes written 7180047444
1461700480859	<INFO 7fc1ae4ea740> 2016-04-26 21:54:40 Started gather
1461700483933	<INFO 7fc1ae4ea740> 2016-04-26 21:54:43 Completed gather
1461700483971	<INFO 7fc1ae4ea740> 2016-04-26 21:54:43 Started gather
1461700509119	<INFO 7fc1ae4ea740> 2016-04-26 21:55:09 Completed gather
1461700556772	<INFO 7fc1ae4ea740> 2016-04-26 21:55:56 Completed phase 2 Bytes read 21205199016 Bytes written 12676969572
1461700563941	<INFO 7fc1ae4ea740> 2016-04-26 21:56:03 Started gather
1461700577816	<INFO 7fc1ae4ea740> 2016-04-26 21:56:17 Completed gather
1461700757640	<INFO 7fc1ae4ea740> 2016-04-26 21:59:17 Started scatter
1461700772376	<INFO 7fc1ae4ea740> 2016-04-26 21:59:32 Completed scatter
1461700818900	<INFO 7fc1ae4ea740> 2016-04-26 22:00:18 Completed phase 3 Bytes read 33076862220 Bytes written 17812940996
1461700824754	<INFO 7fc1ae4ea740> 2016-04-26 22:00:24 Started gather
1461700839016	<INFO 7fc1ae4ea740> 2016-04-26 22:00:39 Completed gather
1461701025771	<INFO 7fc1ae4ea740> 2016-04-26 22:03:45 Started scatter
1461701039988	<INFO 7fc1ae4ea740> 2016-04-26 22:03:59 Completed scatter
1461701086363	<INFO 7fc1ae4ea740> 2016-04-26 22:04:46 Completed phase 4 Bytes read 44990227904 Bytes written 23018435676
1461701091565	<INFO 7fc1ae4ea740> 2016-04-26 22:04:51 Started gather
1461701103852	<INFO 7fc1ae4ea740> 2016-04-26 22:05:03 Completed gather
1461701296223	<INFO 7fc1ae4ea740> 2016-04-26 22:08:16 Started scatter
1461701314602	<INFO 7fc1ae4ea740> 2016-04-26 22:08:34 Completed scatter
1461701357639	<INFO 7fc1ae4ea740> 2016-04-26 22:09:17 Completed phase 5 Bytes read 56973116844 Bytes written 28093907428
1461701361678	<INFO 7fc1ae4ea740> 2016-04-26 22:09:21 Started gather
1461701375001	<INFO 7fc1ae4ea740> 2016-04-26 22:09:34 Completed gather
1461701563926	<INFO 7fc1ae4ea740> 2016-04-26 22:12:43 Started scatter
1461701577099	<INFO 7fc1ae4ea740> 2016-04-26 22:12:57 Completed scatter
1461701625216	<INFO 7fc1ae4ea740> 2016-04-26 22:13:45 Completed phase 6 Bytes read 68825982856 Bytes written 33173058300
1461701629292	<INFO 7fc1ae4ea740> 2016-04-26 22:13:49 Started gather
1461701639661	<INFO 7fc1ae4ea740> 2016-04-26 22:13:59 Completed gather
1461701832811	<INFO 7fc1ae4ea740> 2016-04-26 22:17:12 Started scatter
1461701848900	<INFO 7fc1ae4ea740> 2016-04-26 22:17:28 Completed scatter
1461701893885	<INFO 7fc1ae4ea740> 2016-04-26 22:18:13 Completed phase 7 Bytes read 80682527988 Bytes written 38254705868
1461701893887	<INFO 7fc1ae4ea740> CORE::PARTITIONS_PROCESSED 79
1461701893890	<INFO 7fc1ae4ea740> CORE::BYTES::EDGES_STREAMED 1493059620
1461701893892	<INFO 7fc1ae4ea740> CORE::BYTES::UPDATES_OUT 865850344
1461701893895	<INFO 7fc1ae4ea740> CORE::BYTES::UPDATES_IN 704043976
1461701893897	<INFO 7fa383fff700> CORE::PARTITIONS_PROCESSED 225
1461701893900	<INFO 7fa383fff700> CORE::BYTES::EDGES_STREAMED 1956566208
1461701893903	<INFO 7fa383fff700> CORE::BYTES::UPDATES_OUT 1092924208
1461701893905	<INFO 7fa383fff700> CORE::BYTES::UPDATES_IN 787264432
1461701893907	<INFO 7fa38d7fa700> CORE::PARTITIONS_PROCESSED 176
1461701893909	<INFO 7fa38cff9700> CORE::PARTITIONS_PROCESSED 225
1461701893912	<INFO 7fa38effd700> CORE::PARTITIONS_PROCESSED 186
1461701893914	<INFO 7fa3837fe700> CORE::PARTITIONS_PROCESSED 275
1461701893916	<INFO 7fa38d7fa700> CORE::BYTES::EDGES_STREAMED 1869824748
1461701893918	<INFO 7fa38dffb700> CORE::PARTITIONS_PROCESSED 248
1461701893920	<INFO 7fa38d7fa700> CORE::BYTES::UPDATES_OUT 1065871328
1461701893923	<INFO 7fa3837fe700> CORE::BYTES::EDGES_STREAMED 3400791312
1461701893925	<INFO 7fa38dffb700> CORE::BYTES::EDGES_STREAMED 1864432032
1461701893927	<INFO 7fa38d7fa700> CORE::BYTES::UPDATES_IN 904600664
1461701893931	<INFO 7fa38e7fc700> CORE::PARTITIONS_PROCESSED 186
1461701893933	<INFO 7fa38effd700> CORE::BYTES::EDGES_STREAMED 1659373044
1461701893935	<INFO 7fa38dffb700> CORE::BYTES::UPDATES_OUT 1068661592
1461701893937	<INFO 7fa3837fe700> CORE::BYTES::UPDATES_OUT 1952936528
1461701893940	<INFO 7fa38effd700> CORE::BYTES::UPDATES_OUT 966470368
1461701893942	<INFO 7fa38cff9700> CORE::BYTES::EDGES_STREAMED 1789068432
1461701893944	<INFO 7fa3837fe700> CORE::BYTES::UPDATES_IN 1639508224
1461701893946	<INFO 7fa38cff9700> CORE::BYTES::UPDATES_OUT 1035209784
1461701893949	<INFO 7fa38effd700> CORE::BYTES::UPDATES_IN 880344480
1461701893951	<INFO 7fa38e7fc700> CORE::BYTES::EDGES_STREAMED 1759133916
1461701893953	<INFO 7fa38cff9700> CORE::BYTES::UPDATES_IN 970494968
1461701893955	<INFO 7fa38dffb700> CORE::BYTES::UPDATES_IN 830924528
1461701893958	<INFO 7fa38e7fc700> CORE::BYTES::UPDATES_OUT 976218312
1461701893960	<INFO 7fa38e7fc700> CORE::BYTES::UPDATES_IN 803478568
1461701893962	<INFO 7fa38ffff700> SLIPSTORE service is exiting
1461701893965	<INFO 7fa38ffff700> SLIPSTORE::HELP_OFFERS_RECVD 98
1461701893967	<INFO 7fa38ffff700> SLIPSTORE::HELP_OFFERS_ACCEPTED 0
1461701893969	<INFO 7fa38ffff700> SLIPSTORE::HELP_ACCEPTANCE_RATIO 0
1461701893971	<INFO 7fa38ffff700> SLIPSTORE::SERVER_BUSY_DISK  443.805 seconds
1461701893974	<INFO 7fa38ffff700> SLIPSTORE::SERVER_BUSY_MEM  0 seconds
1461701893976	<INFO 7fa38ffff700> SLIPSTORE::SERVER_TOTAL  1515.3 seconds
1461701893978	<INFO 7fc1ae4ea740> SLIPSTORE::CLIENT::DISK_READ_TIME  199.793 seconds
1461701893980	<INFO 7fc1ae4ea740> SLIPSTORE::CLIENT::MEM_READ_TIME  0 seconds
1461701893983	<INFO 7fc1ae4ea740> SLIPSTORE::CLIENT::DISK_BYTES_READ 37695183820
1461701893985	<INFO 7fc1ae4ea740> SLIPSTORE::CLIENT::MEM_BYTES_READ 0
1461701893987	<INFO 7fc1ae4ea740> SLIPSTORE::CLIENT::WRITE_TIME  74.3785 seconds
1461701893990	<INFO 7fc1ae4ea740> SLIPSTORE::CLIENT::BYTES_WRITTEN 6039797760
1461701893992	<INFO 7fc1ae4ea740> SLIPSTORE::CLIENT_BUSY  274.171 seconds
1461701893994	<INFO 7fc1ae4ea740> SLIPSTORE::IO::TIME 380.589 seconds
1461701893997	<INFO 7fc1ae4ea740> SLIPSTORE::SNAP::TIME 0 seconds
1461701893999	<INFO 7fc1ae4ea740> SLIPSTORE::MAX_DISK_USAGE_BYTES 11177582572
1461701895339	<INFO 7fc1ae4ea740> CORE::RUSAGE::MAX_RSS_KB 125957100
1461701895342	<INFO 7fc1ae4ea740> CORE::RUSAGE::MINFLT 32420915
1461701895346	<INFO 7fc1ae4ea740> CORE::RUSAGE::MAJFLT 6
1461701895350	<INFO 7fc1ae4ea740> CORE::RUSAGE::MAJFLT 6
1461701895353	<INFO 7fc1ae4ea740> CORE::RUSAGE::INBLK 135549368
1461701895357	<INFO 7fc1ae4ea740> CORE::RUSAGE::OUBLK 74725344
1461701895360	<INFO 7fc1ae4ea740> CORE::UTILS::BYTES_READ 80682527988
1461701895364	<INFO 7fc1ae4ea740> CORE::UTILS::BYTES_WRITTEN 38254705868
1461701895368	<INFO 7fc1ae4ea740> CORE::UTILS::TILE_COPY_BYTES 8053063680
1461701895371	<INFO 7fc1ae4ea740> CORE::TIME::IO_WAIT 210.26 seconds
1461701895374	<INFO 7fc1ae4ea740> CORE::TIME_TILE_COPY 0 seconds
1461701895378	<INFO 7fc1ae4ea740> CORE::TIME_TILE_MERGE 0 seconds
1461701895382	<INFO 7fc1ae4ea740> CORE::TIME_PROCESSING_STOLEN 0 seconds
1461701895385	<INFO 7fc1ae4ea740> CORE::TIME_MERGE_WAIT 0 seconds
1461701895389	<INFO 7fc1ae4ea740> CORE::OTHER_TIME_ALL_MC_BARRIER 0 seconds
1461701895393	<INFO 7fc1ae4ea740> CORE::SCATTER_TIME_ALL_MC_BARRIER 249.837 seconds
1461701895396	<INFO 7fc1ae4ea740> CORE::GATHER_TIME_ALL_MC_BARRIER 47.5174 seconds
1461701895400	<INFO 7fc1ae4ea740> CORE::INIT_TIME_ALL_MC_BARRIER 0.879089 seconds
1461701895404	<INFO 7fc1ae4ea740> CORE::SHUT_DOWN_TIME_ALL_MC_BARRIER 0.00561 seconds
1461701895408	<INFO 7fc1ae4ea740> CORE::STREAM_SKIP_BEFORE_TIME_ALL_MC_BARRIER 4.57812 seconds
1461701895412	<INFO 7fc1ae4ea740> CORE::TAKE_CHECKPOINT_BEFORE_TIME_ALL_MC_BARRIER 0 seconds
1461701895416	<INFO 7fc1ae4ea740> CORE::TAKE_CHECKPOINT_COMPLETE_TIME_ALL_MC_BARRIER 0 seconds
1461701895419	<INFO 7fc1ae4ea740> CORE::METADATA_WRITE_COMPLETE_TIME_ALL_MC_BARRIER 0 seconds
1461701895422	<INFO 7fc1ae4ea740> CORE::STREAM_EOF_BEFORE_TIME_ALL_MC_BARRIER 0 seconds
1461701895426	<INFO 7fc1ae4ea740> CORE::STREAM_EOF_AFTER_TIME_ALL_MC_BARRIER 0 seconds
1461701895430	<INFO 7fc1ae4ea740> CORE::STATE_LOAD_TIME_ALL_MC_BARRIER 0 seconds
1461701895433	<INFO 7fc1ae4ea740> CORE::STATE_STORE_TIME_ALL_MC_BARRIER 0 seconds
1461701895436	<INFO 7fc1ae4ea740> CORE::PHASES 7
1461701895439	<INFO 7fc1ae4ea740> CORE::TIME::SETUP 3.51004 seconds
1461701895443	<INFO 7fc1ae4ea740> CORE::TIME::STATE_ITER 29.4237 seconds
1461701895447	<INFO 7fc1ae4ea740> CORE::TIME::GATHER 1018.27 seconds
1461701895451	<INFO 7fc1ae4ea740> CORE::TIME::SCATTER 415.725 seconds
1461701895454	<INFO 7fc1ae4ea740> CORE::TIME::WALL 1518.62 seconds
1461701895458	<INFO 7fc1ae4ea740> SHUTDOWN
