1462401435562	<INFO 7f8959d8d780> 2016-05-05 00:37:15 STARTUP
1462401435564	<INFO 7f8959d8d780> CORE::GRAPH rmat-28_s8
1462401435567	<INFO 7f8959d8d780> CORE::ALGORITHM pagerank
1462401435569	<INFO 7f8959d8d780> CORE::VERTEX_STRIPING OFF
1462401435571	<INFO 7f8959d8d780> CORE::OPTIMIZED_STATE_LOAD_STORE OFF
1462401435573	<INFO 7f8959d8d780> CORE::BINARY_SEARCH_SUPER_PARTITION ON
1462401435575	<INFO 7f8959d8d780> CORE::SUPER_PARTITION_COMPUTED_FOR_EACH_VERTEX
1462401435578	<INFO 7f8959d8d780> CORE::EDGE_STRIPING ON
1462401435580	<INFO 7f8959d8d780> CORE::BATCH IO ON
1462401435583	<INFO 7f8959d8d780> 2016-05-05 00:37:15 Blocking memory amount 126701535232
1462401542208	<INFO 7f8959d8d780> 2016-05-05 00:39:02 Done blocking memory
1462401542210	<INFO 7f8959d8d780> SG-DRIVER-ORIGINAL
1462401542212	<INFO 7f8959d8d780> 2016-05-05 00:39:02 START read config parameters
1462401542215	<INFO 7f8959d8d780> PARTITIONING::OLD 0
1462401542217	<INFO 7f8959d8d780> PARTITIONING::BALANCED_PARTITIONS 1
1462401542219	<INFO 7f8959d8d780> CORE::CONFIG::PROCESSORS 8
1462401542221	<INFO 7f8959d8d780> CORE::CONFIG::PHYSICAL_MEMORY 2147483648
1462401542224	<INFO 7f8959d8d780> CORE::CONFIG::VERTICES 268435456
1462401542226	<INFO 7f8959d8d780> CORE::CONFIG::VERTEX_SIZE 12
1462401542228	<INFO 7f8959d8d780> CORE::CONFIG::VERTEX_BUFFER 1402204788
1462401542231	<INFO 7f8959d8d780> CORE::CONFIG::EDGES 536870912
1462401542233	<INFO 7f8959d8d780> CORE::CONFIG::PARTITIONS 64
1462401542235	<INFO 7f8959d8d780> CORE::CONFIG::FANOUT 64
1462401542238	<INFO 7f8959d8d780> CORE::CONFIG::SUPER_PARTITIONS 8
1462401542240	<INFO 7f8959d8d780> CORE::CONFIG::TILES 1
1462401542243	<INFO 7f8959d8d780> CORE::CONFIG::BUFFER_SIZE 149054645
1462401542246	<INFO 7f8959d8d780> CORE::CONFIG::MAX_BUFFERS 4
1462401542248	<INFO 7f8959d8d780> CORE::CONFIG::MAX_STREAMS 4
1462401542250	<INFO 7f8959d8d780> CORE::CONFIG::SUM_OF_OUT_DEGREES_FOR_NEW_PARTITIONS::FIRST_CONSTRAINT 536870912
1462401542253	<INFO 7f8959d8d780> CORE::CONFIG::MAX_EDGES_PER_NEW_PARTITION::SECOND_CONSTRAINT 536870912
1462401542255	<INFO 7f8959d8d780> SLIPSTREAM::EXT_MEM_SHUFFLE OFF
1462401542257	<INFO 7f8959d8d780> 2016-05-05 00:39:02 END read config parameters
1462401543977	<WARNING 7f8959d8d780> Unable to unlink file (stream.0.0.0):No such file or directory
1462401543979	<WARNING 7f8959d8d780> Unable to unlink file (stream.0.1.0):No such file or directory
1462401543981	<WARNING 7f8959d8d780> Unable to unlink file (stream.0.2.0):No such file or directory
1462401543984	<WARNING 7f8959d8d780> Unable to unlink file (stream.0.3.0):No such file or directory
1462401543986	<WARNING 7f8959d8d780> Unable to unlink file (stream.0.4.0):No such file or directory
1462401543988	<WARNING 7f8959d8d780> Unable to unlink file (stream.0.5.0):No such file or directory
1462401543991	<WARNING 7f8959d8d780> Unable to unlink file (stream.0.6.0):No such file or directory
1462401543993	<WARNING 7f8959d8d780> Unable to unlink file (stream.0.7.0):No such file or directory
1462401543995	<WARNING 7f8959d8d780> Unable to unlink file (stream.1.1.0):No such file or directory
1462401543998	<WARNING 7f8959d8d780> Unable to unlink file (stream.1.2.0):No such file or directory
1462401544001	<WARNING 7f8959d8d780> Unable to unlink file (stream.1.3.0):No such file or directory
1462401544005	<WARNING 7f8959d8d780> Unable to unlink file (stream.1.4.0):No such file or directory
1462401544007	<WARNING 7f8959d8d780> Unable to unlink file (stream.1.5.0):No such file or directory
1462401544010	<WARNING 7f8959d8d780> Unable to unlink file (stream.1.6.0):No such file or directory
1462401544013	<WARNING 7f8959d8d780> Unable to unlink file (stream.1.7.0):No such file or directory
1462401544016	<WARNING 7f8959d8d780> Unable to unlink file (stream.2.0.0):No such file or directory
1462401544018	<WARNING 7f8959d8d780> Unable to unlink file (stream.2.1.0):No such file or directory
1462401544020	<WARNING 7f8959d8d780> Unable to unlink file (stream.2.2.0):No such file or directory
1462401544022	<WARNING 7f8959d8d780> Unable to unlink file (stream.2.3.0):No such file or directory
1462401544025	<WARNING 7f8959d8d780> Unable to unlink file (stream.2.4.0):No such file or directory
1462401544028	<WARNING 7f8959d8d780> Unable to unlink file (stream.2.5.0):No such file or directory
1462401544030	<WARNING 7f8959d8d780> Unable to unlink file (stream.2.6.0):No such file or directory
1462401544033	<WARNING 7f8959d8d780> Unable to unlink file (stream.2.7.0):No such file or directory
1462401544035	<WARNING 7f8959d8d780> Unable to unlink file (stream.3.0.0):No such file or directory
1462401544039	<WARNING 7f8959d8d780> Unable to unlink file (stream.3.1.0):No such file or directory
1462401544041	<WARNING 7f8959d8d780> Unable to unlink file (stream.3.2.0):No such file or directory
1462401544044	<WARNING 7f8959d8d780> Unable to unlink file (stream.3.3.0):No such file or directory
1462401544047	<WARNING 7f8959d8d780> Unable to unlink file (stream.3.4.0):No such file or directory
1462401544050	<WARNING 7f8959d8d780> Unable to unlink file (stream.3.5.0):No such file or directory
1462401544052	<WARNING 7f8959d8d780> Unable to unlink file (stream.3.6.0):No such file or directory
1462401544054	<WARNING 7f8959d8d780> Unable to unlink file (stream.3.7.0):No such file or directory
1462401544056	<INFO 7f8959d8d780> SLIPSTORE::ZMQ_THREADS 2
1462401544058	<INFO 7f8959d8d780> SLIPSTORE::COMM Connecting to tcp://dco-node137-10g:5016
1462401544061	<INFO 7f8959d8d780> SLIPSTORE::COMM Connecting to tcp://dco-node138-10g:5034
1462401544064	<INFO 7f8959d8d780> SLIPSTORE::COMM Connecting to tcp://dco-node139-10g:5052
1462401544066	<INFO 7f8959d8d780> SLIPSTORE::COMM Connecting to tcp://dco-node140-10g:5070
1462401544068	<INFO 7f8959d8d780> SLIPSTORE::COMM Connecting to tcp://dco-node141-10g:5088
1462401544070	<INFO 7f8959d8d780> SLIPSTORE::COMM Connecting to tcp://dco-node142-10g:5106
1462401544073	<INFO 7f8959d8d780> SLIPSTORE::COMM Connecting to tcp://dco-node143-10g:5124
1462401544075	<INFO 7f8959d8d780> SLIPSTORE::COMM Connecting to tcp://dco-node144-10g:5142
1462401544077	<INFO 7f8959d8d780> SLIPSTORE::COMM Listening at ipc://client
1462401544080	<INFO 7f8959d8d780> SLIPSTORE::COMM Listening at tcp://p1p1:5009
1462401544082	<INFO 7f8959d8d780> SLIPSTORE::COMM Listening at tcp://p1p1:5010
1462401544084	<INFO 7f8959d8d780> SLIPSTORE::COMM Listening at tcp://p1p1:5011
1462401544087	<INFO 7f8959d8d780> SLIPSTORE::COMM Listening at tcp://p1p1:5012
1462401544089	<INFO 7f8959d8d780> SLIPSTORE::COMM Listening at tcp://p1p1:5013
1462401544091	<INFO 7f8959d8d780> SLIPSTORE::COMM Listening at tcp://p1p1:5014
1462401544093	<INFO 7f8959d8d780> SLIPSTORE::COMM Listening at tcp://p1p1:5015
1462401544096	<INFO 7f8959d8d780> SLIPSTORE::COMM Connecting to tcp://dco-node137-10g:5016
1462401544099	<INFO 7f8959d8d780> SLIPSTORE::COMM Connecting to tcp://dco-node138-10g:5034
1462401544101	<INFO 7f8959d8d780> SLIPSTORE::COMM Connecting to tcp://dco-node139-10g:5052
1462401544105	<INFO 7f8959d8d780> SLIPSTORE::COMM Connecting to tcp://dco-node140-10g:5070
1462401544107	<INFO 7f8959d8d780> SLIPSTORE::COMM Connecting to tcp://dco-node141-10g:5088
1462401544109	<INFO 7f8959d8d780> SLIPSTORE::COMM Connecting to tcp://dco-node142-10g:5106
1462401544112	<INFO 7f8959d8d780> SLIPSTORE::COMM Connecting to tcp://dco-node143-10g:5124
1462401544117	<INFO 7f8959d8d780> SLIPSTORE::COMM Connecting to tcp://dco-node144-10g:5142
1462401544120	<INFO 7f8959d8d780> SLIPSTORE::COMM Connecting to ipc://server
1462401544122	<INFO 7f8959d8d780> SLIPSTORE::COMM Connecting to tcp://dco-node138-10g:5018
1462401544125	<INFO 7f8959d8d780> SLIPSTORE::COMM Connecting to tcp://dco-node139-10g:5036
1462401544128	<INFO 7f8959d8d780> SLIPSTORE::COMM Connecting to tcp://dco-node140-10g:5054
1462401544130	<INFO 7f8959d8d780> SLIPSTORE::COMM Connecting to tcp://dco-node141-10g:5072
1462401544133	<INFO 7f8959d8d780> SLIPSTORE::COMM Connecting to tcp://dco-node142-10g:5090
1462401544135	<INFO 7f8959d8d780> SLIPSTORE::COMM Connecting to tcp://dco-node143-10g:5108
1462401544138	<INFO 7f8959d8d780> SLIPSTORE::COMM Connecting to tcp://dco-node144-10g:5126
1462401544140	<INFO 7f8959d8d780> SLIPSTORE::COMM Connecting to tcp://dco-node138-10g:5035
1462401544142	<INFO 7f8959d8d780> SLIPSTORE::COMM Listening at tcp://p1p1:5017
1462401544145	<INFO 7f8959d8d780> SLIPSTORE::COMM Connecting to tcp://dco-node137-10g:5016
1462401544147	<INFO 7f8959d8d780> SLIPSTORE::HELP_POLICY NONE
1462401544149	<INFO 7f8959d8d780> SLIPSTORE::SERVER ASYNC
1462401544151	<INFO 7f8959d8d780> SLIPSTORE::MACHINES 8
1462401544153	<INFO 7f8959d8d780> SLIPSTORE::ME 0
1462401544156	<INFO 7f8959d8d780> SLIPSTORE::SLIPCHUNK 4194304
1462401544159	<INFO 7f8959d8d780> SLIPSTORE::QUOTA 18446744073709551615
1462401544161	<INFO 7f8959d8d780> SLIPSTORE::IO PAGECACHE
1462401544163	<INFO 7f6b44bf4700> SLIPSTORE::COMM Listening at tcp://p1p1:5016
1462401544165	<INFO 7f6b44bf4700> SLIPSTORE::COMM Listening at ipc://server
1462401544168	<INFO 7f6b44bf4700> SLIPSTORE::COMM Connecting to ipc://client
1462401544170	<INFO 7f6b44bf4700> SLIPSTORE::COMM Listening at tcp://p1p1:5001
1462401544172	<INFO 7f6b44bf4700> SLIPSTORE::COMM Connecting to tcp://dco-node138-10g:5026
1462401544174	<INFO 7f6b44bf4700> SLIPSTORE::COMM Listening at tcp://p1p1:5002
1462401544177	<INFO 7f6b44bf4700> SLIPSTORE::COMM Connecting to tcp://dco-node139-10g:5044
1462401544179	<INFO 7f6b44bf4700> SLIPSTORE::COMM Listening at tcp://p1p1:5003
1462401544181	<INFO 7f6b44bf4700> SLIPSTORE::COMM Connecting to tcp://dco-node140-10g:5062
1462401544184	<INFO 7f6b44bf4700> SLIPSTORE::COMM Listening at tcp://p1p1:5004
1462401544186	<INFO 7f6b44bf4700> SLIPSTORE::COMM Connecting to tcp://dco-node141-10g:5080
1462401544188	<INFO 7f6b44bf4700> SLIPSTORE::COMM Listening at tcp://p1p1:5005
1462401544192	<INFO 7f6b44bf4700> SLIPSTORE::COMM Connecting to tcp://dco-node142-10g:5098
1462401544195	<INFO 7f6b44bf4700> SLIPSTORE::COMM Listening at tcp://p1p1:5006
1462401544198	<INFO 7f6b44bf4700> SLIPSTORE::COMM Connecting to tcp://dco-node143-10g:5116
1462401544201	<INFO 7f6b44bf4700> SLIPSTORE::COMM Listening at tcp://p1p1:5007
1462401544203	<INFO 7f6b44bf4700> SLIPSTORE::COMM Connecting to tcp://dco-node144-10g:5134
1462401545647	<INFO 7f8959d8d780> SLIPSTORE::CHECKPOINTS NONE FOUND
1462401545649	<INFO 7f8959d8d780> 2016-05-05 00:39:05 Start edge split
1462401637794	<INFO 7f8959d8d780> 2016-05-05 00:40:37 Completed init
1462401642245	<INFO 7f8959d8d780> 2016-05-05 00:40:42 Started gather
1462401642321	<INFO 7f8959d8d780> 2016-05-05 00:40:42 Completed gather
1462401649525	<INFO 7f8959d8d780> 2016-05-05 00:40:49 Started scatter
1462401683921	<INFO 7f8959d8d780> 2016-05-05 00:41:23 Completed scatter
1462401709309	<INFO 7f8959d8d780> 2016-05-05 00:41:49 Completed phase 1 Bytes read 12952902888 Bytes written 6510451944
1462401716754	<INFO 7f8959d8d780> 2016-05-05 00:41:56 Started gather
1462401716844	<INFO 7f8959d8d780> 2016-05-05 00:41:56 Completed gather
1462401724023	<INFO 7f8959d8d780> 2016-05-05 00:42:04 Started gather
1462401805979	<INFO 7f8959d8d780> 2016-05-05 00:43:25 Completed gather
1462401829968	<INFO 7f8959d8d780> 2016-05-05 00:43:49 Completed phase 2 Bytes read 19476852924 Bytes written 11082586788
1462401838486	<INFO 7f8959d8d780> 2016-05-05 00:43:58 Started gather
1462401889717	<INFO 7f8959d8d780> 2016-05-05 00:44:49 Completed gather
1462401917276	<INFO 7f8959d8d780> 2016-05-05 00:45:17 Started scatter
1462401994452	<INFO 7f8959d8d780> 2016-05-05 00:46:34 Completed scatter
1462402016227	<INFO 7f8959d8d780> 2016-05-05 00:46:56 Completed phase 3 Bytes read 30532443528 Bytes written 15492930012
1462402025495	<INFO 7f8959d8d780> 2016-05-05 00:47:05 Started gather
1462402076675	<INFO 7f8959d8d780> 2016-05-05 00:47:56 Completed gather
1462402102862	<INFO 7f8959d8d780> 2016-05-05 00:48:22 Started scatter
1462402180752	<INFO 7f8959d8d780> 2016-05-05 00:49:40 Completed scatter
1462402202295	<INFO 7f8959d8d780> 2016-05-05 00:50:02 Completed phase 4 Bytes read 41439740604 Bytes written 19941278252
1462402211463	<INFO 7f8959d8d780> 2016-05-05 00:50:11 Started gather
1462402262929	<INFO 7f8959d8d780> 2016-05-05 00:51:02 Completed gather
1462402289007	<INFO 7f8959d8d780> 2016-05-05 00:51:29 Started scatter
1462402366976	<INFO 7f8959d8d780> 2016-05-05 00:52:46 Completed scatter
1462402385007	<INFO 7f8959d8d780> 2016-05-05 00:53:05 Completed phase 5 Bytes read 52385042696 Bytes written 24424670716
1462402393313	<INFO 7f8959d8d780> 2016-05-05 00:53:13 Started gather
1462402445064	<INFO 7f8959d8d780> 2016-05-05 00:54:05 Completed gather
1462402469378	<INFO 7f8959d8d780> 2016-05-05 00:54:29 Started scatter
1462402545348	<INFO 7f8959d8d780> 2016-05-05 00:55:45 Completed scatter
1462402567782	<INFO 7f8959d8d780> 2016-05-05 00:56:07 Completed phase 6 Bytes read 63365389012 Bytes written 28833211572
1462402576702	<INFO 7f8959d8d780> 2016-05-05 00:56:16 Started gather
1462402628697	<INFO 7f8959d8d780> 2016-05-05 00:57:08 Completed gather
1462402653546	<INFO 7f8959d8d780> 2016-05-05 00:57:33 Started scatter
1462402732930	<INFO 7f8959d8d780> 2016-05-05 00:58:52 Completed scatter
1462402748346	<INFO 7f8959d8d780> 2016-05-05 00:59:08 Completed phase 7 Bytes read 74270883720 Bytes written 33110665348
1462402748348	<INFO 7f8959d8d780> CORE::PARTITIONS_PROCESSED 1225
1462402748351	<INFO 7f8959d8d780> CORE::BYTES::EDGES_STREAMED 5641548624
1462402748353	<INFO 7f8959d8d780> CORE::BYTES::UPDATES_OUT 3157169632
1462402748356	<INFO 7f8959d8d780> CORE::BYTES::UPDATES_IN 2757478728
1462402748358	<INFO 7f6b2ffff700> CORE::PARTITIONS_PROCESSED 1274
1462402748360	<INFO 7f6b2ffff700> CORE::BYTES::EDGES_STREAMED 5636542440
1462402748363	<INFO 7f6b2ffff700> CORE::BYTES::UPDATES_OUT 3159885032
1462402748365	<INFO 7f6b2ffff700> CORE::BYTES::UPDATES_IN 2801873312
1462402748367	<INFO 7f6b38ff9700> CORE::PARTITIONS_PROCESSED 1110
1462402748369	<INFO 7f6b397fa700> CORE::PARTITIONS_PROCESSED 1230
1462402748372	<INFO 7f6b3b7fe700> CORE::PARTITIONS_PROCESSED 930
1462402748374	<INFO 7f6b3a7fc700> CORE::PARTITIONS_PROCESSED 1295
1462402748376	<INFO 7f6b39ffb700> CORE::PARTITIONS_PROCESSED 1278
1462402748378	<INFO 7f6b3affd700> CORE::PARTITIONS_PROCESSED 1258
1462402748381	<INFO 7f6b3b7fe700> CORE::BYTES::EDGES_STREAMED 5668636704
1462402748383	<INFO 7f6b38ff9700> CORE::BYTES::EDGES_STREAMED 5157369864
1462402748385	<INFO 7f6b3a7fc700> CORE::BYTES::EDGES_STREAMED 6138440064
1462402748387	<INFO 7f6b397fa700> CORE::BYTES::EDGES_STREAMED 5211750324
1462402748390	<INFO 7f6b3affd700> CORE::BYTES::EDGES_STREAMED 5677231392
1462402748392	<INFO 7f6b38ff9700> CORE::BYTES::UPDATES_OUT 3009005696
1462402748394	<INFO 7f6b3b7fe700> CORE::BYTES::UPDATES_OUT 3248279520
1462402748397	<INFO 7f6b39ffb700> CORE::BYTES::EDGES_STREAMED 5969211480
1462402748399	<INFO 7f6b397fa700> CORE::BYTES::UPDATES_OUT 2974362744
1462402748401	<INFO 7f6b38ff9700> CORE::BYTES::UPDATES_IN 2485022936
1462402748403	<INFO 7f6b3b7fe700> CORE::BYTES::UPDATES_IN 2081732064
1462402748406	<INFO 7f6b3affd700> CORE::BYTES::UPDATES_OUT 3346948696
1462402748409	<INFO 7f6b3affd700> CORE::BYTES::UPDATES_IN 2836481504
1462402748412	<INFO 7f6b3a7fc700> CORE::BYTES::UPDATES_OUT 3467039592
1462402748415	<INFO 7f6b39ffb700> CORE::BYTES::UPDATES_OUT 3409155312
1462402748417	<INFO 7f6b397fa700> CORE::BYTES::UPDATES_IN 2757975024
1462402748419	<INFO 7f6b39ffb700> CORE::BYTES::UPDATES_IN 2862019120
1462402748422	<INFO 7f6b3a7fc700> CORE::BYTES::UPDATES_IN 2893803192
1462402748424	<INFO 7f6b44bf4700> SLIPSTORE service is exiting
1462402748427	<INFO 7f6b44bf4700> SLIPSTORE::HELP_OFFERS_RECVD 98
1462402748429	<INFO 7f6b44bf4700> SLIPSTORE::HELP_OFFERS_ACCEPTED 0
1462402748431	<INFO 7f6b44bf4700> SLIPSTORE::HELP_ACCEPTANCE_RATIO 0
1462402748434	<INFO 7f6b44bf4700> SLIPSTORE::SERVER_BUSY_DISK  711.218 seconds
1462402748436	<INFO 7f6b44bf4700> SLIPSTORE::SERVER_BUSY_MEM  0 seconds
1462402748438	<INFO 7f6b44bf4700> SLIPSTORE::SERVER_TOTAL  1204.34 seconds
1462402748440	<INFO 7f8959d8d780> SLIPSTORE::CLIENT::DISK_READ_TIME  433.698 seconds
1462402748443	<INFO 7f8959d8d780> SLIPSTORE::CLIENT::MEM_READ_TIME  0 seconds
1462402748445	<INFO 7f8959d8d780> SLIPSTORE::CLIENT::DISK_BYTES_READ 73599907756
1462402748447	<INFO 7f8959d8d780> SLIPSTORE::CLIENT::MEM_BYTES_READ 0
1462402748450	<INFO 7f8959d8d780> SLIPSTORE::CLIENT::WRITE_TIME  216.531 seconds
1462402748452	<INFO 7f8959d8d780> SLIPSTORE::CLIENT::BYTES_WRITTEN 202471380
1462402748454	<INFO 7f8959d8d780> SLIPSTORE::CLIENT_BUSY  650.229 seconds
1462402748457	<INFO 7f8959d8d780> SLIPSTORE::IO::TIME 448.145 seconds
1462402748459	<INFO 7f8959d8d780> SLIPSTORE::SNAP::TIME 0 seconds
1462402748461	<INFO 7f8959d8d780> SLIPSTORE::MAX_DISK_USAGE_BYTES 11028594420
1462402749526	<INFO 7f8959d8d780> CORE::RUSAGE::MAX_RSS_KB 125950152
1462402749528	<INFO 7f8959d8d780> CORE::RUSAGE::MINFLT 48264050
1462402749531	<INFO 7f8959d8d780> CORE::RUSAGE::MAJFLT 3
1462402749533	<INFO 7f8959d8d780> CORE::RUSAGE::MAJFLT 3
1462402749535	<INFO 7f8959d8d780> CORE::RUSAGE::INBLK 141180400
1462402749538	<INFO 7f8959d8d780> CORE::RUSAGE::OUBLK 64675560
1462402749540	<INFO 7f8959d8d780> CORE::UTILS::BYTES_READ 74270883720
1462402749542	<INFO 7f8959d8d780> CORE::UTILS::BYTES_WRITTEN 33110665348
1462402749545	<INFO 7f8959d8d780> CORE::UTILS::TILE_COPY_BYTES 269961840
1462402749547	<INFO 7f8959d8d780> CORE::TIME::IO_WAIT 360.185 seconds
1462402749549	<INFO 7f8959d8d780> CORE::TIME_TILE_COPY 0 seconds
1462402749552	<INFO 7f8959d8d780> CORE::TIME_TILE_MERGE 0 seconds
1462402749554	<INFO 7f8959d8d780> CORE::TIME_PROCESSING_STOLEN 0 seconds
1462402749556	<INFO 7f8959d8d780> CORE::TIME_MERGE_WAIT 0 seconds
1462402749558	<INFO 7f8959d8d780> CORE::OTHER_TIME_ALL_MC_BARRIER 0 seconds
1462402749561	<INFO 7f8959d8d780> CORE::SCATTER_TIME_ALL_MC_BARRIER 119.721 seconds
1462402749563	<INFO 7f8959d8d780> CORE::GATHER_TIME_ALL_MC_BARRIER 23.8028 seconds
1462402749565	<INFO 7f8959d8d780> CORE::INIT_TIME_ALL_MC_BARRIER 2.48137 seconds
1462402749568	<INFO 7f8959d8d780> CORE::SHUT_DOWN_TIME_ALL_MC_BARRIER 0.009689 seconds
1462402749570	<INFO 7f8959d8d780> CORE::STREAM_SKIP_BEFORE_TIME_ALL_MC_BARRIER 55.4976 seconds
1462402749573	<INFO 7f8959d8d780> CORE::TAKE_CHECKPOINT_BEFORE_TIME_ALL_MC_BARRIER 0 seconds
1462402749575	<INFO 7f8959d8d780> CORE::TAKE_CHECKPOINT_COMPLETE_TIME_ALL_MC_BARRIER 0 seconds
1462402749577	<INFO 7f8959d8d780> CORE::METADATA_WRITE_COMPLETE_TIME_ALL_MC_BARRIER 0 seconds
1462402749580	<INFO 7f8959d8d780> CORE::STREAM_EOF_BEFORE_TIME_ALL_MC_BARRIER 0 seconds
1462402749583	<INFO 7f8959d8d780> CORE::STREAM_EOF_AFTER_TIME_ALL_MC_BARRIER 0 seconds
1462402749585	<INFO 7f8959d8d780> CORE::STATE_LOAD_TIME_ALL_MC_BARRIER 0 seconds
1462402749587	<INFO 7f8959d8d780> CORE::STATE_STORE_TIME_ALL_MC_BARRIER 0 seconds
1462402749590	<INFO 7f8959d8d780> CORE::PHASES 7
1462402749592	<INFO 7f8959d8d780> CORE::TIME::SETUP 4.61569 seconds
1462402749595	<INFO 7f8959d8d780> CORE::TIME::STATE_ITER 0.467353 seconds
1462402749598	<INFO 7f8959d8d780> CORE::TIME::GATHER 456.619 seconds
1462402749601	<INFO 7f8959d8d780> CORE::TIME::SCATTER 653.209 seconds
1462402749603	<INFO 7f8959d8d780> CORE::TIME::WALL 1207.32 seconds
1462402749605	<INFO 7f8959d8d780> SHUTDOWN
