1456762106598	<INFO 7f96658d8740> 2016-02-29 17:08:26 STARTUP
1456762106602	<INFO 7f96658d8740> CORE::GRAPH rmat-28-und_s8
1456762106605	<INFO 7f96658d8740> CORE::ALGORITHM bfs
1456762106609	<INFO 7f96658d8740> CORE::VERTEX_STRIPING ON
1456762106613	<INFO 7f96658d8740> 2016-02-29 17:08:26 Blocking memory amount 126701535232
1456762213073	<INFO 7f96658d8740> 2016-02-29 17:10:13 Done blocking memory
1456762213077	<INFO 7f96658d8740> SG-DRIVER-ORIGINAL
1456762213081	<INFO 7f96658d8740> CORE::CONFIG::PROCESSORS 8
1456762213085	<INFO 7f96658d8740> CORE::CONFIG::PHYSICAL_MEMORY 2147483648
1456762213089	<INFO 7f96658d8740> CORE::CONFIG::VERTICES 268435456
1456762213093	<INFO 7f96658d8740> CORE::CONFIG::VERTEX_SIZE 8
1456762213097	<INFO 7f96658d8740> CORE::CONFIG::VERTEX_BUFFER 134217728
1456762213101	<INFO 7f96658d8740> CORE::CONFIG::EDGES 1073741824
1456762213105	<INFO 7f96658d8740> CORE::CONFIG::PARTITIONS 128
1456762213109	<INFO 7f96658d8740> CORE::CONFIG::FANOUT 128
1456762213113	<INFO 7f96658d8740> CORE::CONFIG::SUPER_PARTITIONS 16
1456762213117	<INFO 7f96658d8740> CORE::CONFIG::TILES 1
1456762213121	<INFO 7f96658d8740> CORE::CONFIG::BUFFER_SIZE 402651136
1456762213124	<INFO 7f96658d8740> CORE::CONFIG::MAX_BUFFERS 4
1456762213128	<INFO 7f96658d8740> CORE::CONFIG::MAX_STREAMS 4
1456762213132	<INFO 7f96658d8740> SLIPSTREAM::EXT_MEM_SHUFFLE OFF
1456762214871	<WARNING 7f96658d8740> Unable to unlink file (stream.0.0.0):No such file or directory
1456762214875	<WARNING 7f96658d8740> Unable to unlink file (stream.0.1.0):No such file or directory
1456762214879	<WARNING 7f96658d8740> Unable to unlink file (stream.0.2.0):No such file or directory
1456762214883	<WARNING 7f96658d8740> Unable to unlink file (stream.0.3.0):No such file or directory
1456762214887	<WARNING 7f96658d8740> Unable to unlink file (stream.0.4.0):No such file or directory
1456762214890	<WARNING 7f96658d8740> Unable to unlink file (stream.0.5.0):No such file or directory
1456762214895	<WARNING 7f96658d8740> Unable to unlink file (stream.0.6.0):No such file or directory
1456762214899	<WARNING 7f96658d8740> Unable to unlink file (stream.0.7.0):No such file or directory
1456762214904	<WARNING 7f96658d8740> Unable to unlink file (stream.0.8.0):No such file or directory
1456762214908	<WARNING 7f96658d8740> Unable to unlink file (stream.0.9.0):No such file or directory
1456762214912	<WARNING 7f96658d8740> Unable to unlink file (stream.0.10.0):No such file or directory
1456762214916	<WARNING 7f96658d8740> Unable to unlink file (stream.0.11.0):No such file or directory
1456762214920	<WARNING 7f96658d8740> Unable to unlink file (stream.0.12.0):No such file or directory
1456762214924	<WARNING 7f96658d8740> Unable to unlink file (stream.0.13.0):No such file or directory
1456762214929	<WARNING 7f96658d8740> Unable to unlink file (stream.0.14.0):No such file or directory
1456762214933	<WARNING 7f96658d8740> Unable to unlink file (stream.0.15.0):No such file or directory
1456762214936	<WARNING 7f96658d8740> Unable to unlink file (stream.1.1.0):No such file or directory
1456762214941	<WARNING 7f96658d8740> Unable to unlink file (stream.1.2.0):No such file or directory
1456762214945	<WARNING 7f96658d8740> Unable to unlink file (stream.1.3.0):No such file or directory
1456762214949	<WARNING 7f96658d8740> Unable to unlink file (stream.1.4.0):No such file or directory
1456762214953	<WARNING 7f96658d8740> Unable to unlink file (stream.1.5.0):No such file or directory
1456762214956	<WARNING 7f96658d8740> Unable to unlink file (stream.1.6.0):No such file or directory
1456762214960	<WARNING 7f96658d8740> Unable to unlink file (stream.1.7.0):No such file or directory
1456762214964	<WARNING 7f96658d8740> Unable to unlink file (stream.1.8.0):No such file or directory
1456762214969	<WARNING 7f96658d8740> Unable to unlink file (stream.1.9.0):No such file or directory
1456762214973	<WARNING 7f96658d8740> Unable to unlink file (stream.1.10.0):No such file or directory
1456762214976	<WARNING 7f96658d8740> Unable to unlink file (stream.1.11.0):No such file or directory
1456762214980	<WARNING 7f96658d8740> Unable to unlink file (stream.1.12.0):No such file or directory
1456762214984	<WARNING 7f96658d8740> Unable to unlink file (stream.1.13.0):No such file or directory
1456762214988	<WARNING 7f96658d8740> Unable to unlink file (stream.1.14.0):No such file or directory
1456762214991	<WARNING 7f96658d8740> Unable to unlink file (stream.1.15.0):No such file or directory
1456762214995	<WARNING 7f96658d8740> Unable to unlink file (stream.2.0.0):No such file or directory
1456762214999	<WARNING 7f96658d8740> Unable to unlink file (stream.2.1.0):No such file or directory
1456762215003	<WARNING 7f96658d8740> Unable to unlink file (stream.2.2.0):No such file or directory
1456762215006	<WARNING 7f96658d8740> Unable to unlink file (stream.2.3.0):No such file or directory
1456762215009	<WARNING 7f96658d8740> Unable to unlink file (stream.2.4.0):No such file or directory
1456762215013	<WARNING 7f96658d8740> Unable to unlink file (stream.2.5.0):No such file or directory
1456762215015	<WARNING 7f96658d8740> Unable to unlink file (stream.2.6.0):No such file or directory
1456762215019	<WARNING 7f96658d8740> Unable to unlink file (stream.2.7.0):No such file or directory
1456762215023	<WARNING 7f96658d8740> Unable to unlink file (stream.2.8.0):No such file or directory
1456762215026	<WARNING 7f96658d8740> Unable to unlink file (stream.2.9.0):No such file or directory
1456762215029	<WARNING 7f96658d8740> Unable to unlink file (stream.2.10.0):No such file or directory
1456762215032	<WARNING 7f96658d8740> Unable to unlink file (stream.2.11.0):No such file or directory
1456762215035	<WARNING 7f96658d8740> Unable to unlink file (stream.2.12.0):No such file or directory
1456762215038	<WARNING 7f96658d8740> Unable to unlink file (stream.2.13.0):No such file or directory
1456762215041	<WARNING 7f96658d8740> Unable to unlink file (stream.2.14.0):No such file or directory
1456762215044	<WARNING 7f96658d8740> Unable to unlink file (stream.2.15.0):No such file or directory
1456762215047	<WARNING 7f96658d8740> Unable to unlink file (stream.3.0.0):No such file or directory
1456762215050	<WARNING 7f96658d8740> Unable to unlink file (stream.3.1.0):No such file or directory
1456762215053	<WARNING 7f96658d8740> Unable to unlink file (stream.3.2.0):No such file or directory
1456762215056	<WARNING 7f96658d8740> Unable to unlink file (stream.3.3.0):No such file or directory
1456762215059	<WARNING 7f96658d8740> Unable to unlink file (stream.3.4.0):No such file or directory
1456762215061	<WARNING 7f96658d8740> Unable to unlink file (stream.3.5.0):No such file or directory
1456762215064	<WARNING 7f96658d8740> Unable to unlink file (stream.3.6.0):No such file or directory
1456762215067	<WARNING 7f96658d8740> Unable to unlink file (stream.3.7.0):No such file or directory
1456762215070	<WARNING 7f96658d8740> Unable to unlink file (stream.3.8.0):No such file or directory
1456762215073	<WARNING 7f96658d8740> Unable to unlink file (stream.3.9.0):No such file or directory
1456762215076	<WARNING 7f96658d8740> Unable to unlink file (stream.3.10.0):No such file or directory
1456762215079	<WARNING 7f96658d8740> Unable to unlink file (stream.3.11.0):No such file or directory
1456762215082	<WARNING 7f96658d8740> Unable to unlink file (stream.3.12.0):No such file or directory
1456762215084	<WARNING 7f96658d8740> Unable to unlink file (stream.3.13.0):No such file or directory
1456762215087	<WARNING 7f96658d8740> Unable to unlink file (stream.3.14.0):No such file or directory
1456762215089	<WARNING 7f96658d8740> Unable to unlink file (stream.3.15.0):No such file or directory
1456762215093	<INFO 7f96658d8740> SLIPSTORE::ZMQ_THREADS 2
1456762215095	<INFO 7f96658d8740> SLIPSTORE::COMM Connecting to tcp://dco-node137-10g:5016
1456762215099	<INFO 7f96658d8740> SLIPSTORE::COMM Connecting to tcp://dco-node138-10g:5034
1456762215101	<INFO 7f96658d8740> SLIPSTORE::COMM Connecting to tcp://dco-node139-10g:5052
1456762215104	<INFO 7f96658d8740> SLIPSTORE::COMM Connecting to tcp://dco-node140-10g:5070
1456762215107	<INFO 7f96658d8740> SLIPSTORE::COMM Connecting to tcp://dco-node141-10g:5088
1456762215110	<INFO 7f96658d8740> SLIPSTORE::COMM Connecting to tcp://dco-node142-10g:5106
1456762215112	<INFO 7f96658d8740> SLIPSTORE::COMM Connecting to tcp://dco-node143-10g:5124
1456762215115	<INFO 7f96658d8740> SLIPSTORE::COMM Connecting to tcp://dco-node144-10g:5142
1456762215117	<INFO 7f96658d8740> SLIPSTORE::COMM Listening at tcp://ens1f0:5026
1456762215120	<INFO 7f96658d8740> SLIPSTORE::COMM Listening at ipc://client
1456762215122	<INFO 7f96658d8740> SLIPSTORE::COMM Listening at tcp://ens1f0:5028
1456762215125	<INFO 7f96658d8740> SLIPSTORE::COMM Listening at tcp://ens1f0:5029
1456762215128	<INFO 7f96658d8740> SLIPSTORE::COMM Listening at tcp://ens1f0:5030
1456762215130	<INFO 7f96658d8740> SLIPSTORE::COMM Listening at tcp://ens1f0:5031
1456762215133	<INFO 7f96658d8740> SLIPSTORE::COMM Listening at tcp://ens1f0:5032
1456762215136	<INFO 7f96658d8740> SLIPSTORE::COMM Listening at tcp://ens1f0:5033
1456762215139	<INFO 7f96658d8740> SLIPSTORE::COMM Connecting to tcp://dco-node137-10g:5016
1456762215142	<INFO 7f96658d8740> SLIPSTORE::COMM Connecting to tcp://dco-node138-10g:5034
1456762215145	<INFO 7f96658d8740> SLIPSTORE::COMM Connecting to tcp://dco-node139-10g:5052
1456762215147	<INFO 7f96658d8740> SLIPSTORE::COMM Connecting to tcp://dco-node140-10g:5070
1456762215150	<INFO 7f96658d8740> SLIPSTORE::COMM Connecting to tcp://dco-node141-10g:5088
1456762215153	<INFO 7f96658d8740> SLIPSTORE::COMM Connecting to tcp://dco-node142-10g:5106
1456762215156	<INFO 7f96658d8740> SLIPSTORE::COMM Connecting to tcp://dco-node143-10g:5124
1456762215158	<INFO 7f96658d8740> SLIPSTORE::COMM Connecting to tcp://dco-node144-10g:5142
1456762215161	<INFO 7f96658d8740> SLIPSTORE::COMM Connecting to tcp://dco-node137-10g:5001
1456762215163	<INFO 7f96658d8740> SLIPSTORE::COMM Connecting to ipc://server
1456762215167	<INFO 7f96658d8740> SLIPSTORE::COMM Connecting to tcp://dco-node139-10g:5037
1456762215170	<INFO 7f96658d8740> SLIPSTORE::COMM Connecting to tcp://dco-node140-10g:5055
1456762215173	<INFO 7f96658d8740> SLIPSTORE::COMM Connecting to tcp://dco-node141-10g:5073
1456762215176	<INFO 7f96658d8740> SLIPSTORE::COMM Connecting to tcp://dco-node142-10g:5091
1456762215178	<INFO 7f96658d8740> SLIPSTORE::COMM Connecting to tcp://dco-node143-10g:5109
1456762215181	<INFO 7f96658d8740> SLIPSTORE::COMM Connecting to tcp://dco-node144-10g:5127
1456762215183	<INFO 7f96658d8740> SLIPSTORE::COMM Connecting to tcp://dco-node139-10g:5053
1456762215186	<INFO 7f96658d8740> SLIPSTORE::COMM Listening at tcp://ens1f0:5035
1456762215189	<INFO 7f96658d8740> SLIPSTORE::COMM Connecting to tcp://dco-node138-10g:5034
1456762215192	<INFO 7f96658d8740> SLIPSTORE::HELP_POLICY NONE
1456762215195	<INFO 7f96658d8740> SLIPSTORE::SERVER ASYNC
1456762215198	<INFO 7f96658d8740> SLIPSTORE::MACHINES 8
1456762215200	<INFO 7f96658d8740> SLIPSTORE::ME 1
1456762215203	<INFO 7f96658d8740> SLIPSTORE::SLIPCHUNK 4194304
1456762215206	<INFO 7f96658d8740> SLIPSTORE::QUOTA 18446744073709551615
1456762215209	<INFO 7f96658d8740> SLIPSTORE::IO PAGECACHE
1456762215211	<INFO 7f78473fc700> SLIPSTORE::COMM Listening at tcp://ens1f0:5034
1456762215214	<INFO 7f78473fc700> SLIPSTORE::COMM Listening at tcp://ens1f0:5018
1456762215216	<INFO 7f78473fc700> SLIPSTORE::COMM Connecting to tcp://dco-node137-10g:5009
1456762215219	<INFO 7f78473fc700> SLIPSTORE::COMM Listening at ipc://server
1456762215221	<INFO 7f78473fc700> SLIPSTORE::COMM Connecting to ipc://client
1456762215223	<INFO 7f78473fc700> SLIPSTORE::COMM Listening at tcp://ens1f0:5020
1456762215225	<INFO 7f78473fc700> SLIPSTORE::COMM Connecting to tcp://dco-node139-10g:5045
1456762215228	<INFO 7f78473fc700> SLIPSTORE::COMM Listening at tcp://ens1f0:5021
1456762215230	<INFO 7f78473fc700> SLIPSTORE::COMM Connecting to tcp://dco-node140-10g:5063
1456762215233	<INFO 7f78473fc700> SLIPSTORE::COMM Listening at tcp://ens1f0:5022
1456762215235	<INFO 7f78473fc700> SLIPSTORE::COMM Connecting to tcp://dco-node141-10g:5081
1456762215237	<INFO 7f78473fc700> SLIPSTORE::COMM Listening at tcp://ens1f0:5023
1456762215239	<INFO 7f78473fc700> SLIPSTORE::COMM Connecting to tcp://dco-node142-10g:5099
1456762215242	<INFO 7f78473fc700> SLIPSTORE::COMM Listening at tcp://ens1f0:5024
1456762215244	<INFO 7f78473fc700> SLIPSTORE::COMM Connecting to tcp://dco-node143-10g:5117
1456762215247	<INFO 7f78473fc700> SLIPSTORE::COMM Listening at tcp://ens1f0:5025
1456762215250	<INFO 7f78473fc700> SLIPSTORE::COMM Connecting to tcp://dco-node144-10g:5135
1456762217395	<INFO 7f96658d8740> SLIPSTORE::CHECKPOINTS NONE FOUND
1456762375175	<INFO 7f96658d8740> 2016-02-29 17:12:55 Completed init
1456762458117	<INFO 7f96658d8740> 2016-02-29 17:14:18 Completed phase 1 Bytes read 22861242532 Bytes written 13223411716
1456762611426	<INFO 7f96658d8740> 2016-02-29 17:16:51 Completed phase 2 Bytes read 32840548072 Bytes written 17213516292
1456762758635	<INFO 7f96658d8740> 2016-02-29 17:19:18 Completed phase 3 Bytes read 45706169852 Bytes written 20029711668
1456762854532	<INFO 7f96658d8740> 2016-02-29 17:20:54 Completed phase 4 Bytes read 57690766152 Bytes written 20175493948
1456762930174	<INFO 7f96658d8740> 2016-02-29 17:22:10 Completed phase 5 Bytes read 67676217484 Bytes written 20309742428
1456763005057	<INFO 7f96658d8740> 2016-02-29 17:23:25 Completed phase 6 Bytes read 77652580376 Bytes written 20443960220
1456763079830	<INFO 7f96658d8740> 2016-02-29 17:24:39 Completed phase 7 Bytes read 87628921068 Bytes written 20578177948
1456763079832	<INFO 7f96658d8740> ALGORITHM::BFS::VERTICES_DISCOVERED 9370487
1456763079834	<INFO 7f96658d8740> ALGORITHM::BFS::EDGES_EXPLORED 904282523
1456763079837	<INFO 7f96658d8740> CORE::PARTITIONS_PROCESSED 147
1456763079839	<INFO 7f96658d8740> CORE::BYTES::EDGES_STREAMED 10584979236
1456763079842	<INFO 7f96658d8740> CORE::BYTES::UPDATES_OUT 904906736
1456763079844	<INFO 7f96658d8740> CORE::BYTES::UPDATES_IN 832098152
1456763079846	<INFO 7f783bfff700> CORE::PARTITIONS_PROCESSED 317
1456763079849	<INFO 7f783bfff700> CORE::BYTES::EDGES_STREAMED 8746304772
1456763079851	<INFO 7f783bfff700> CORE::BYTES::UPDATES_OUT 906114584
1456763079853	<INFO 7f783bfff700> CORE::BYTES::UPDATES_IN 580565472
1456763079855	<INFO 7f783affd700> CORE::PARTITIONS_PROCESSED 390
1456763079858	<INFO 7f78453f8700> CORE::PARTITIONS_PROCESSED 342
1456763079860	<INFO 7f7844bf7700> CORE::PARTITIONS_PROCESSED 255
1456763079862	<INFO 7f783b7fe700> CORE::PARTITIONS_PROCESSED 321
1456763079865	<INFO 7f7844bf7700> CORE::BYTES::EDGES_STREAMED 10401660204
1456763079867	<INFO 7f78463fa700> CORE::PARTITIONS_PROCESSED 272
1456763079869	<INFO 7f783b7fe700> CORE::BYTES::EDGES_STREAMED 9132252540
1456763079871	<INFO 7f7844bf7700> CORE::BYTES::UPDATES_OUT 1083996344
1456763079874	<INFO 7f7845bf9700> CORE::PARTITIONS_PROCESSED 269
1456763079876	<INFO 7f783affd700> CORE::BYTES::EDGES_STREAMED 10493237508
1456763079878	<INFO 7f783b7fe700> CORE::BYTES::UPDATES_OUT 883196384
1456763079880	<INFO 7f78463fa700> CORE::BYTES::EDGES_STREAMED 8801934036
1456763079883	<INFO 7f783b7fe700> CORE::BYTES::UPDATES_IN 588370576
1456763079885	<INFO 7f78453f8700> CORE::BYTES::EDGES_STREAMED 9880300296
1456763079887	<INFO 7f783affd700> CORE::BYTES::UPDATES_OUT 958042352
1456763079890	<INFO 7f7845bf9700> CORE::BYTES::EDGES_STREAMED 7979517384
1456763079892	<INFO 7f7844bf7700> CORE::BYTES::UPDATES_IN 637911208
1456763079894	<INFO 7f78453f8700> CORE::BYTES::UPDATES_OUT 893895616
1456763079897	<INFO 7f78463fa700> CORE::BYTES::UPDATES_OUT 796080032
1456763079899	<INFO 7f7845bf9700> CORE::BYTES::UPDATES_OUT 808028136
1456763079901	<INFO 7f783affd700> CORE::BYTES::UPDATES_IN 885069240
1456763079904	<INFO 7f78453f8700> CORE::BYTES::UPDATES_IN 738397160
1456763079906	<INFO 7f7845bf9700> CORE::BYTES::UPDATES_IN 501405032
1456763079908	<INFO 7f78463fa700> CORE::BYTES::UPDATES_IN 666228416
1456763079911	<INFO 7f78473fc700> SLIPSTORE service is exiting
1456763079913	<INFO 7f78473fc700> SLIPSTORE::HELP_OFFERS_RECVD 196
1456763079915	<INFO 7f78473fc700> SLIPSTORE::HELP_OFFERS_ACCEPTED 0
1456763079918	<INFO 7f78473fc700> SLIPSTORE::HELP_ACCEPTANCE_RATIO 0
1456763079920	<INFO 7f78473fc700> SLIPSTORE::SERVER_BUSY_DISK  643.37 seconds
1456763079922	<INFO 7f78473fc700> SLIPSTORE::SERVER_BUSY_MEM  0 seconds
1456763079924	<INFO 7f78473fc700> SLIPSTORE::SERVER_TOTAL  864.93 seconds
1456763079927	<INFO 7f96658d8740> SLIPSTORE::CLIENT::DISK_READ_TIME  435.323 seconds
1456763079929	<INFO 7f96658d8740> SLIPSTORE::CLIENT::MEM_READ_TIME  0 seconds
1456763079932	<INFO 7f96658d8740> SLIPSTORE::CLIENT::DISK_BYTES_READ 96298079600
1456763079934	<INFO 7f96658d8740> SLIPSTORE::CLIENT::MEM_BYTES_READ 0
1456763079936	<INFO 7f96658d8740> SLIPSTORE::CLIENT::WRITE_TIME  112.642 seconds
1456763079939	<INFO 7f96658d8740> SLIPSTORE::CLIENT::BYTES_WRITTEN 1207959552
1456763079941	<INFO 7f96658d8740> SLIPSTORE::CLIENT_BUSY  547.965 seconds
1456763079943	<INFO 7f96658d8740> SLIPSTORE::IO::TIME 566.353 seconds
1456763079946	<INFO 7f96658d8740> SLIPSTORE::SNAP::TIME 0 seconds
1456763079948	<INFO 7f96658d8740> SLIPSTORE::MAX_DISK_USAGE_BYTES 16941305212
1456763079951	<INFO 7f96658d8740> CORE::RUSAGE::MAX_RSS_KB 125955320
1456763079953	<INFO 7f96658d8740> CORE::RUSAGE::MINFLT 32434917
1456763079956	<INFO 7f96658d8740> CORE::RUSAGE::MAJFLT 2
1456763079959	<INFO 7f96658d8740> CORE::RUSAGE::MAJFLT 2
1456763079961	<INFO 7f96658d8740> CORE::RUSAGE::INBLK 164771544
1456763079964	<INFO 7f96658d8740> CORE::RUSAGE::OUBLK 40196696
1456763079966	<INFO 7f96658d8740> CORE::UTILS::BYTES_READ 87628921068
1456763079969	<INFO 7f96658d8740> CORE::UTILS::BYTES_WRITTEN 20578177948
1456763079971	<INFO 7f96658d8740> CORE::UTILS::TILE_COPY_BYTES 1879048192
1456763079974	<INFO 7f96658d8740> CORE::TIME::IO_WAIT 492.788 seconds
1456763079976	<INFO 7f96658d8740> CORE::TIME_TILE_COPY 0 seconds
1456763079978	<INFO 7f96658d8740> CORE::TIME_TILE_MERGE 0 seconds
1456763079981	<INFO 7f96658d8740> CORE::TIME_PROCESSING_STOLEN 0 seconds
1456763079983	<INFO 7f96658d8740> CORE::TIME_MERGE_WAIT 0 seconds
1456763079986	<INFO 7f96658d8740> CORE::TIME_ALL_MC_BARRIER 289.079 seconds
1456763079988	<INFO 7f96658d8740> CORE::PHASES 7
1456763079991	<INFO 7f96658d8740> CORE::TIME::SETUP 4.33345 seconds
1456763079993	<INFO 7f96658d8740> CORE::TIME::WALL 866.772 seconds
1456763079996	<INFO 7f96658d8740> SHUTDOWN
