1463831005782	<INFO 7f430b005780> 2016-05-21 13:43:25 STARTUP
1463831005784	<INFO 7f430b005780> CORE::GRAPH rmat-28_s8
1463831005787	<INFO 7f430b005780> CORE::ALGORITHM pagerank
1463831005789	<INFO 7f430b005780> CORE::VERTEX_STRIPING ON
1463831005792	<INFO 7f430b005780> CORE::OPTIMIZED_STATE_LOAD_STORE OFF
1463831005794	<INFO 7f430b005780> CORE::BINARY_SEARCH_SUPER_PARTITION ON
1463831005797	<INFO 7f430b005780> CORE::SUPER_PARTITION_COMPUTED_FOR_EACH_SCATTER_GATHER_PHASE
1463831005799	<INFO 7f430b005780> CORE::EDGE_STRIPING ON
1463831005801	<INFO 7f430b005780> CORE::BATCH IO ON
1463831005804	<INFO 7f430b005780> CORE::GRID_PARTITIONING OFF
1463831005806	<INFO 7f430b005780> 2016-05-21 13:43:25 Blocking memory amount 126701535232
1463831112518	<INFO 7f430b005780> 2016-05-21 13:45:12 Done blocking memory
1463831112520	<INFO 7f430b005780> SG-DRIVER-ORIGINAL
1463831112522	<INFO 7f430b005780> 2016-05-21 13:45:12 START read config parameters
1463831112525	<INFO 7f430b005780> PARTITIONING::OLD 1
1463831112527	<INFO 7f430b005780> PARTITIONING::BALANCED_PARTITIONS 0
1463831112530	<INFO 7f430b005780> CORE::CONFIG::PROCESSORS 8
1463831112532	<INFO 7f430b005780> CORE::CONFIG::PHYSICAL_MEMORY 2147483648
1463831112535	<INFO 7f430b005780> CORE::CONFIG::VERTICES 268435456
1463831112537	<INFO 7f430b005780> CORE::CONFIG::VERTEX_SIZE 12
1463831112540	<INFO 7f430b005780> CORE::CONFIG::VERTEX_BUFFER 402653184
1463831112542	<INFO 7f430b005780> CORE::CONFIG::EDGES 536870912
1463831112545	<INFO 7f430b005780> CORE::CONFIG::PARTITIONS 64
1463831112547	<INFO 7f430b005780> CORE::CONFIG::FANOUT 64
1463831112549	<INFO 7f430b005780> CORE::CONFIG::SUPER_PARTITIONS 8
1463831112552	<INFO 7f430b005780> CORE::CONFIG::MACHINE_ID 4
1463831112554	<INFO 7f430b005780> CORE::CONFIG::TILES 1
1463831112557	<INFO 7f430b005780> CORE::CONFIG::BUFFER_SIZE 348964966
1463831112559	<INFO 7f430b005780> CORE::CONFIG::MAX_BUFFERS 4
1463831112562	<INFO 7f430b005780> CORE::CONFIG::MAX_STREAMS 4
1463831112564	<INFO 7f430b005780> CORE::CONFIG::SUM_OF_OUT_DEGREES_FOR_NEW_PARTITIONS::FIRST_CONSTRAINT 33554432
1463831112567	<INFO 7f430b005780> CORE::CONFIG::MAX_EDGES_PER_NEW_PARTITION::SECOND_CONSTRAINT 67108864
1463831112569	<INFO 7f430b005780> SLIPSTREAM::EXT_MEM_SHUFFLE OFF
1463831112571	<INFO 7f430b005780> 2016-05-21 13:45:12 END read config parameters
1463831114264	<WARNING 7f430b005780> Unable to unlink file (stream.0.0.0):No such file or directory
1463831114266	<WARNING 7f430b005780> Unable to unlink file (stream.0.1.0):No such file or directory
1463831114269	<WARNING 7f430b005780> Unable to unlink file (stream.0.2.0):No such file or directory
1463831114271	<WARNING 7f430b005780> Unable to unlink file (stream.0.3.0):No such file or directory
1463831114273	<WARNING 7f430b005780> Unable to unlink file (stream.0.4.0):No such file or directory
1463831114276	<WARNING 7f430b005780> Unable to unlink file (stream.0.5.0):No such file or directory
1463831114278	<WARNING 7f430b005780> Unable to unlink file (stream.0.6.0):No such file or directory
1463831114281	<WARNING 7f430b005780> Unable to unlink file (stream.0.7.0):No such file or directory
1463831114283	<WARNING 7f430b005780> Unable to unlink file (stream.1.1.0):No such file or directory
1463831114286	<WARNING 7f430b005780> Unable to unlink file (stream.1.2.0):No such file or directory
1463831114288	<WARNING 7f430b005780> Unable to unlink file (stream.1.3.0):No such file or directory
1463831114291	<WARNING 7f430b005780> Unable to unlink file (stream.1.4.0):No such file or directory
1463831114293	<WARNING 7f430b005780> Unable to unlink file (stream.1.5.0):No such file or directory
1463831114296	<WARNING 7f430b005780> Unable to unlink file (stream.1.6.0):No such file or directory
1463831114298	<WARNING 7f430b005780> Unable to unlink file (stream.1.7.0):No such file or directory
1463831114301	<WARNING 7f430b005780> Unable to unlink file (stream.2.0.0):No such file or directory
1463831114303	<WARNING 7f430b005780> Unable to unlink file (stream.2.1.0):No such file or directory
1463831114306	<WARNING 7f430b005780> Unable to unlink file (stream.2.2.0):No such file or directory
1463831114308	<WARNING 7f430b005780> Unable to unlink file (stream.2.3.0):No such file or directory
1463831114310	<WARNING 7f430b005780> Unable to unlink file (stream.2.4.0):No such file or directory
1463831114312	<WARNING 7f430b005780> Unable to unlink file (stream.2.5.0):No such file or directory
1463831114315	<WARNING 7f430b005780> Unable to unlink file (stream.2.6.0):No such file or directory
1463831114317	<WARNING 7f430b005780> Unable to unlink file (stream.2.7.0):No such file or directory
1463831114320	<WARNING 7f430b005780> Unable to unlink file (stream.3.0.0):No such file or directory
1463831114322	<WARNING 7f430b005780> Unable to unlink file (stream.3.1.0):No such file or directory
1463831114325	<WARNING 7f430b005780> Unable to unlink file (stream.3.2.0):No such file or directory
1463831114327	<WARNING 7f430b005780> Unable to unlink file (stream.3.3.0):No such file or directory
1463831114330	<WARNING 7f430b005780> Unable to unlink file (stream.3.4.0):No such file or directory
1463831114333	<WARNING 7f430b005780> Unable to unlink file (stream.3.5.0):No such file or directory
1463831114335	<WARNING 7f430b005780> Unable to unlink file (stream.3.6.0):No such file or directory
1463831114337	<WARNING 7f430b005780> Unable to unlink file (stream.3.7.0):No such file or directory
1463831114339	<INFO 7f430b005780> SLIPSTORE::ZMQ_THREADS 2
1463831114342	<INFO 7f430b005780> SLIPSTORE::COMM Connecting to tcp://dco-node137-10g:5016
1463831114344	<INFO 7f430b005780> SLIPSTORE::COMM Connecting to tcp://dco-node138-10g:5034
1463831114347	<INFO 7f430b005780> SLIPSTORE::COMM Connecting to tcp://dco-node139-10g:5052
1463831114349	<INFO 7f430b005780> SLIPSTORE::COMM Connecting to tcp://dco-node140-10g:5070
1463831114351	<INFO 7f430b005780> SLIPSTORE::COMM Connecting to tcp://dco-node141-10g:5088
1463831114357	<INFO 7f430b005780> SLIPSTORE::COMM Connecting to tcp://dco-node142-10g:5106
1463831114360	<INFO 7f430b005780> SLIPSTORE::COMM Connecting to tcp://dco-node143-10g:5124
1463831114362	<INFO 7f430b005780> SLIPSTORE::COMM Connecting to tcp://dco-node144-10g:5142
1463831114365	<INFO 7f430b005780> SLIPSTORE::COMM Listening at tcp://p1p1:5080
1463831114367	<INFO 7f430b005780> SLIPSTORE::COMM Listening at tcp://p1p1:5081
1463831114370	<INFO 7f430b005780> SLIPSTORE::COMM Listening at tcp://p1p1:5082
1463831114372	<INFO 7f430b005780> SLIPSTORE::COMM Listening at tcp://p1p1:5083
1463831114374	<INFO 7f430b005780> SLIPSTORE::COMM Listening at ipc://client
1463831114376	<INFO 7f430b005780> SLIPSTORE::COMM Listening at tcp://p1p1:5085
1463831114379	<INFO 7f430b005780> SLIPSTORE::COMM Listening at tcp://p1p1:5086
1463831114382	<INFO 7f430b005780> SLIPSTORE::COMM Listening at tcp://p1p1:5087
1463831114385	<INFO 7f430b005780> SLIPSTORE::COMM Connecting to tcp://dco-node137-10g:5016
1463831114387	<INFO 7f430b005780> SLIPSTORE::COMM Connecting to tcp://dco-node138-10g:5034
1463831114389	<INFO 7f430b005780> SLIPSTORE::COMM Connecting to tcp://dco-node139-10g:5052
1463831114391	<INFO 7f430b005780> SLIPSTORE::COMM Connecting to tcp://dco-node140-10g:5070
1463831114394	<INFO 7f430b005780> SLIPSTORE::COMM Connecting to tcp://dco-node141-10g:5088
1463831114396	<INFO 7f430b005780> SLIPSTORE::COMM Connecting to tcp://dco-node142-10g:5106
1463831114399	<INFO 7f430b005780> SLIPSTORE::COMM Connecting to tcp://dco-node143-10g:5124
1463831114401	<INFO 7f430b005780> SLIPSTORE::COMM Connecting to tcp://dco-node144-10g:5142
1463831114403	<INFO 7f430b005780> SLIPSTORE::COMM Connecting to tcp://dco-node137-10g:5004
1463831114406	<INFO 7f430b005780> SLIPSTORE::COMM Connecting to tcp://dco-node138-10g:5022
1463831114408	<INFO 7f430b005780> SLIPSTORE::COMM Connecting to tcp://dco-node139-10g:5040
1463831114410	<INFO 7f430b005780> SLIPSTORE::COMM Connecting to tcp://dco-node140-10g:5058
1463831114413	<INFO 7f430b005780> SLIPSTORE::COMM Connecting to ipc://server
1463831114415	<INFO 7f430b005780> SLIPSTORE::COMM Connecting to tcp://dco-node142-10g:5094
1463831114417	<INFO 7f430b005780> SLIPSTORE::COMM Connecting to tcp://dco-node143-10g:5112
1463831114420	<INFO 7f430b005780> SLIPSTORE::COMM Connecting to tcp://dco-node144-10g:5130
1463831114422	<INFO 7f430b005780> SLIPSTORE::COMM Connecting to tcp://dco-node142-10g:5107
1463831114425	<INFO 7f430b005780> SLIPSTORE::COMM Listening at tcp://p1p1:5089
1463831114427	<INFO 7f430b005780> SLIPSTORE::COMM Connecting to tcp://dco-node141-10g:5088
1463831114429	<INFO 7f430b005780> SLIPSTORE::HELP_POLICY HEURISTIC_NEW
1463831114432	<INFO 7f430b005780> SLIPSTORE::SERVER ASYNC
1463831114434	<INFO 7f430b005780> SLIPSTORE::MACHINES 8
1463831114436	<INFO 7f430b005780> SLIPSTORE::ME 4
1463831114439	<INFO 7f430b005780> SLIPSTORE::SLIPCHUNK 4194304
1463831114441	<INFO 7f430b005780> SLIPSTORE::QUOTA 18446744073709551615
1463831114443	<INFO 7f430b005780> SLIPSTORE::IO PAGECACHE
1463831114446	<INFO 7f24edbf6700> SLIPSTORE::COMM Listening at tcp://p1p1:5088
1463831114448	<INFO 7f24edbf6700> SLIPSTORE::COMM Listening at tcp://p1p1:5072
1463831114450	<INFO 7f24edbf6700> SLIPSTORE::COMM Connecting to tcp://dco-node137-10g:5012
1463831114453	<INFO 7f24edbf6700> SLIPSTORE::COMM Listening at tcp://p1p1:5073
1463831114455	<INFO 7f24edbf6700> SLIPSTORE::COMM Connecting to tcp://dco-node138-10g:5030
1463831114457	<INFO 7f24edbf6700> SLIPSTORE::COMM Listening at tcp://p1p1:5074
1463831114460	<INFO 7f24edbf6700> SLIPSTORE::COMM Connecting to tcp://dco-node139-10g:5048
1463831114462	<INFO 7f24edbf6700> SLIPSTORE::COMM Listening at tcp://p1p1:5075
1463831114464	<INFO 7f24edbf6700> SLIPSTORE::COMM Connecting to tcp://dco-node140-10g:5066
1463831114467	<INFO 7f24edbf6700> SLIPSTORE::COMM Listening at ipc://server
1463831114469	<INFO 7f24edbf6700> SLIPSTORE::COMM Connecting to ipc://client
1463831114471	<INFO 7f24edbf6700> SLIPSTORE::COMM Listening at tcp://p1p1:5077
1463831114474	<INFO 7f24edbf6700> SLIPSTORE::COMM Connecting to tcp://dco-node142-10g:5102
1463831114476	<INFO 7f24edbf6700> SLIPSTORE::COMM Listening at tcp://p1p1:5078
1463831114479	<INFO 7f24edbf6700> SLIPSTORE::COMM Connecting to tcp://dco-node143-10g:5120
1463831114482	<INFO 7f24edbf6700> SLIPSTORE::COMM Listening at tcp://p1p1:5079
1463831114484	<INFO 7f24edbf6700> SLIPSTORE::COMM Connecting to tcp://dco-node144-10g:5138
1463831116124	<INFO 7f430b005780> SLIPSTORE::CHECKPOINTS NONE FOUND
1463831116127	<INFO 7f430b005780> 2016-05-21 13:45:16 Start edge split
1463831194297	<INFO 7f430b005780> 2016-05-21 13:46:34 Completed init
1463831196062	<INFO 7f430b005780> 2016-05-21 13:46:36 Started gather
1463831199676	<INFO 7f430b005780> 2016-05-21 13:46:39 Completed gather
1463831199761	<INFO 7f430b005780> 2016-05-21 13:46:39 Started scatter
1463831230594	<INFO 7f430b005780> 2016-05-21 13:47:10 Completed scatter
1463831230705	<INFO 7f430b005780> 2016-05-21 13:47:10 Started helping 0
1463831235023	<INFO 7f430b005780> 2016-05-21 13:47:15 Completed helping 0
1463831235113	<INFO 7f430b005780> 2016-05-21 13:47:15 Completed phase 1 Bytes read 14049657324 Bytes written 7254884844
1463831238666	<INFO 7f430b005780> 2016-05-21 13:47:18 Started gather
1463831242225	<INFO 7f430b005780> 2016-05-21 13:47:22 Completed gather
1463831242365	<INFO 7f430b005780> 2016-05-21 13:47:22 Started gather
1463831315607	<INFO 7f430b005780> 2016-05-21 13:48:35 Completed gather
1463831323541	<INFO 7f430b005780> 2016-05-21 13:48:43 Completed phase 2 Bytes read 21908521944 Bytes written 12773854108
1463831328813	<INFO 7f430b005780> 2016-05-21 13:48:48 Started gather
1463831352346	<INFO 7f430b005780> 2016-05-21 13:49:12 Completed gather
1463831365544	<INFO 7f430b005780> 2016-05-21 13:49:25 Started scatter
1463831435192	<INFO 7f430b005780> 2016-05-21 13:50:35 Completed scatter
1463831436070	<INFO 7f430b005780> 2016-05-21 13:50:36 Completed phase 3 Bytes read 34279722868 Bytes written 17788247436
1463831440343	<INFO 7f430b005780> 2016-05-21 13:50:40 Started gather
1463831462741	<INFO 7f430b005780> 2016-05-21 13:51:02 Completed gather
1463831477627	<INFO 7f430b005780> 2016-05-21 13:51:17 Started scatter
1463831546201	<INFO 7f430b005780> 2016-05-21 13:52:26 Completed scatter
1463831548563	<INFO 7f430b005780> 2016-05-21 13:52:28 Completed phase 4 Bytes read 46549001040 Bytes written 22858420500
1463831552357	<INFO 7f430b005780> 2016-05-21 13:52:32 Started gather
1463831576788	<INFO 7f430b005780> 2016-05-21 13:52:56 Completed gather
1463831590190	<INFO 7f430b005780> 2016-05-21 13:53:10 Started scatter
1463831658233	<INFO 7f430b005780> 2016-05-21 13:54:18 Completed scatter
1463831658418	<INFO 7f430b005780> 2016-05-21 13:54:18 Completed phase 5 Bytes read 58874058948 Bytes written 27924671604
1463831662704	<INFO 7f430b005780> 2016-05-21 13:54:22 Started gather
1463831685611	<INFO 7f430b005780> 2016-05-21 13:54:45 Completed gather
1463831700175	<INFO 7f430b005780> 2016-05-21 13:55:00 Started scatter
1463831768134	<INFO 7f430b005780> 2016-05-21 13:56:08 Completed scatter
1463831770178	<INFO 7f430b005780> 2016-05-21 13:56:10 Completed phase 6 Bytes read 71195194896 Bytes written 33019268492
1463831774848	<INFO 7f430b005780> 2016-05-21 13:56:14 Started gather
1463831798929	<INFO 7f430b005780> 2016-05-21 13:56:38 Completed gather
1463831812721	<INFO 7f430b005780> 2016-05-21 13:56:52 Started scatter
1463831878733	<INFO 7f430b005780> 2016-05-21 13:57:58 Completed scatter
1463831882240	<INFO 7f430b005780> 2016-05-21 13:58:02 Completed phase 7 Bytes read 83544676628 Bytes written 38018346076
1463831882242	<INFO 7f430b005780> CORE::PARTITIONS_PROCESSED 242
1463831882245	<INFO 7f430b005780> CORE::BYTES::EDGES_STREAMED 5345015172
1463831882247	<INFO 7f430b005780> CORE::BYTES::UPDATES_OUT 3036827960
1463831882250	<INFO 7f430b005780> CORE::BYTES::UPDATES_IN 2689722280
1463831882252	<INFO 7f24ecbf4700> CORE::PARTITIONS_PROCESSED 516
1463831882255	<INFO 7f24e7fff700> CORE::PARTITIONS_PROCESSED 511
1463831882257	<INFO 7f24ecbf4700> CORE::BYTES::EDGES_STREAMED 5338465332
1463831882260	<INFO 7f24ecbf4700> CORE::BYTES::UPDATES_OUT 3046433080
1463831882262	<INFO 7f24e7fff700> CORE::BYTES::EDGES_STREAMED 5384539596
1463831882264	<INFO 7f24ecbf4700> CORE::BYTES::UPDATES_IN 2604353936
1463831882267	<INFO 7f24e7fff700> CORE::BYTES::UPDATES_OUT 3103084144
1463831882269	<INFO 7f24e7fff700> CORE::BYTES::UPDATES_IN 2329540760
1463831882271	<INFO 7f24e5ffb700> CORE::PARTITIONS_PROCESSED 630
1463831882274	<INFO 7f24e57fa700> CORE::PARTITIONS_PROCESSED 766
1463831882276	<INFO 7f24e77fe700> CORE::PARTITIONS_PROCESSED 694
1463831882278	<INFO 7f24e6ffd700> CORE::PARTITIONS_PROCESSED 492
1463831882281	<INFO 7f24e67fc700> CORE::PARTITIONS_PROCESSED 629
1463831882283	<INFO 7f24e57fa700> CORE::BYTES::EDGES_STREAMED 9948303060
1463831882286	<INFO 7f24e77fe700> CORE::BYTES::EDGES_STREAMED 5999595564
1463831882288	<INFO 7f24e5ffb700> CORE::BYTES::EDGES_STREAMED 5664474516
1463831882290	<INFO 7f24e67fc700> CORE::BYTES::EDGES_STREAMED 6294416004
1463831882293	<INFO 7f24e6ffd700> CORE::BYTES::EDGES_STREAMED 6040631616
1463831882295	<INFO 7f24e77fe700> CORE::BYTES::UPDATES_OUT 3446697296
1463831882297	<INFO 7f24e57fa700> CORE::BYTES::UPDATES_OUT 5735827504
1463831882300	<INFO 7f24e67fc700> CORE::BYTES::UPDATES_OUT 3605720696
1463831882302	<INFO 7f24e6ffd700> CORE::BYTES::UPDATES_OUT 3428199744
1463831882304	<INFO 7f24e5ffb700> CORE::BYTES::UPDATES_OUT 3177461496
1463831882306	<INFO 7f24e67fc700> CORE::BYTES::UPDATES_IN 3053173800
1463831882309	<INFO 7f24e77fe700> CORE::BYTES::UPDATES_IN 2966382456
1463831882311	<INFO 7f24e57fa700> CORE::BYTES::UPDATES_IN 4659697512
1463831882313	<INFO 7f24e5ffb700> CORE::BYTES::UPDATES_IN 2752011928
1463831882315	<INFO 7f24e6ffd700> CORE::BYTES::UPDATES_IN 2759480928
1463831882318	<INFO 7f24edbf6700> SLIPSTORE service is exiting
1463831882320	<INFO 7f24edbf6700> SLIPSTORE::HELP_OFFERS_RECVD 98
1463831882322	<INFO 7f24edbf6700> SLIPSTORE::HELP_OFFERS_ACCEPTED 1
1463831882324	<INFO 7f24edbf6700> SLIPSTORE::HELP_ACCEPTANCE_RATIO 0.0102041
1463831882327	<INFO 7f24edbf6700> SLIPSTORE::SERVER_BUSY_DISK  648.932 seconds
1463831882329	<INFO 7f24edbf6700> SLIPSTORE::SERVER_BUSY_MEM  0 seconds
1463831882331	<INFO 7f24edbf6700> SLIPSTORE::SERVER_TOTAL  767.942 seconds
1463831882334	<INFO 7f430b005780> SLIPSTORE::CLIENT::DISK_READ_TIME  457.92 seconds
1463831882336	<INFO 7f430b005780> SLIPSTORE::CLIENT::MEM_READ_TIME  0 seconds
1463831882338	<INFO 7f430b005780> SLIPSTORE::CLIENT::DISK_BYTES_READ 88912527612
1463831882341	<INFO 7f430b005780> SLIPSTORE::CLIENT::MEM_BYTES_READ 0
1463831882343	<INFO 7f430b005780> SLIPSTORE::CLIENT::WRITE_TIME  221.64 seconds
1463831882345	<INFO 7f430b005780> SLIPSTORE::CLIENT::BYTES_WRITTEN 6039797760
1463831882348	<INFO 7f430b005780> SLIPSTORE::CLIENT_BUSY  679.56 seconds
1463831882350	<INFO 7f430b005780> SLIPSTORE::IO::TIME 435.493 seconds
1463831882352	<INFO 7f430b005780> SLIPSTORE::SNAP::TIME 0 seconds
1463831882355	<INFO 7f430b005780> SLIPSTORE::MAX_DISK_USAGE_BYTES 11163241372
1463831883931	<INFO 7f430b005780> CORE::RUSAGE::MAX_RSS_KB 125938536
1463831883933	<INFO 7f430b005780> CORE::RUSAGE::MINFLT 73830601
1463831883936	<INFO 7f430b005780> CORE::RUSAGE::MAJFLT 3
1463831883938	<INFO 7f430b005780> CORE::RUSAGE::MAJFLT 3
1463831883941	<INFO 7f430b005780> CORE::RUSAGE::INBLK 131831712
1463831883943	<INFO 7f430b005780> CORE::RUSAGE::OUBLK 74264720
1463831883946	<INFO 7f430b005780> CORE::UTILS::BYTES_READ 83544676628
1463831883949	<INFO 7f430b005780> CORE::UTILS::BYTES_WRITTEN 38018346076
1463831883951	<INFO 7f430b005780> CORE::UTILS::TILE_COPY_BYTES 8455716864
1463831883953	<INFO 7f430b005780> CORE::TIME::IO_WAIT 575.348 seconds
1463831883956	<INFO 7f430b005780> CORE::TIME_TILE_COPY 4.31618 seconds
1463831883959	<INFO 7f430b005780> CORE::TIME_TILE_MERGE 0 seconds
1463831883961	<INFO 7f430b005780> CORE::TIME_PROCESSING_STOLEN 0.000964 seconds
1463831883964	<INFO 7f430b005780> CORE::TIME_MERGE_WAIT 0 seconds
1463831883966	<INFO 7f430b005780> CORE::OTHER_TIME_ALL_MC_BARRIER 0 seconds
1463831883969	<INFO 7f430b005780> CORE::SCATTER_TIME_ALL_MC_BARRIER 7.01916 seconds
1463831883971	<INFO 7f430b005780> CORE::GATHER_TIME_ALL_MC_BARRIER 7.84731 seconds
1463831883974	<INFO 7f430b005780> CORE::INIT_TIME_ALL_MC_BARRIER 2.5207 seconds
1463831883976	<INFO 7f430b005780> CORE::SHUT_DOWN_TIME_ALL_MC_BARRIER 0.00353 seconds
1463831883979	<INFO 7f430b005780> CORE::STREAM_SKIP_BEFORE_TIME_ALL_MC_BARRIER 1.38064 seconds
1463831883981	<INFO 7f430b005780> CORE::TAKE_CHECKPOINT_BEFORE_TIME_ALL_MC_BARRIER 0 seconds
1463831883984	<INFO 7f430b005780> CORE::TAKE_CHECKPOINT_COMPLETE_TIME_ALL_MC_BARRIER 0 seconds
1463831883986	<INFO 7f430b005780> CORE::METADATA_WRITE_COMPLETE_TIME_ALL_MC_BARRIER 0 seconds
1463831883989	<INFO 7f430b005780> CORE::STREAM_EOF_BEFORE_TIME_ALL_MC_BARRIER 0 seconds
1463831883991	<INFO 7f430b005780> CORE::STREAM_EOF_AFTER_TIME_ALL_MC_BARRIER 0 seconds
1463831883994	<INFO 7f430b005780> CORE::STATE_LOAD_TIME_ALL_MC_BARRIER 0 seconds
1463831883996	<INFO 7f430b005780> CORE::STATE_STORE_TIME_ALL_MC_BARRIER 0 seconds
1463831883998	<INFO 7f430b005780> CORE::WORK_STEALING_COST_GATHER 0 seconds
1463831884001	<INFO 7f430b005780> CORE::WORK_STEALING_COST_SCATTER 4.31724 seconds
1463831884003	<INFO 7f430b005780> CORE::WORK_STEALING_COST_GATHER_COPY_VERTEX_STATE 0 seconds
1463831884006	<INFO 7f430b005780> CORE::WORK_STEALING_COST_SCATTER_COPY_VERTEX_STATE 4.31618 seconds
1463831884008	<INFO 7f430b005780> CORE::WORK_STEALING_COST_GATHER_PROCESSING 0 seconds
1463831884011	<INFO 7f430b005780> CORE::WORK_STEALING_COST_SCATTER_PROCESSING 0.000964 seconds
1463831884013	<INFO 7f430b005780> CORE::WORK_STEALING_COST_GATHER_MERGE 0 seconds
1463831884015	<INFO 7f430b005780> CORE::PHASES 7
1463831884018	<INFO 7f430b005780> CORE::TIME::SETUP 5.29427 seconds
1463831884020	<INFO 7f430b005780> CORE::TIME::INIT_PARTITIONS_TIME 78.1738 seconds
1463831884023	<INFO 7f430b005780> CORE::TIME::STATE_ITER 26.1108 seconds
1463831884025	<INFO 7f430b005780> CORE::TIME::GATHER 195.941 seconds
1463831884028	<INFO 7f430b005780> CORE::TIME::SCATTER 465.627 seconds
1463831884030	<INFO 7f430b005780> CORE::TIME::WALL 771.413 seconds
1463831884033	<INFO 7f430b005780> SHUTDOWN
