1457789627232	<INFO 7fbcce09f740> 2016-03-12 14:33:47 STARTUP
1457789627236	<INFO 7fbcce09f740> CORE::GRAPH rmat-30-und_s8
1457789627239	<INFO 7fbcce09f740> CORE::ALGORITHM bfs
1457789627243	<INFO 7fbcce09f740> CORE::VERTEX_STRIPING ON
1457789627247	<INFO 7fbcce09f740> 2016-03-12 14:33:47 Blocking memory amount 126701535232
1457789735215	<INFO 7fbcce09f740> 2016-03-12 14:35:35 Done blocking memory
1457789735218	<INFO 7fbcce09f740> SG-DRIVER-ORIGINAL
1457789735223	<INFO 7fbcce09f740> CORE::CONFIG::PROCESSORS 8
1457789735227	<INFO 7fbcce09f740> CORE::CONFIG::PHYSICAL_MEMORY 2147483648
1457789735231	<INFO 7fbcce09f740> CORE::CONFIG::VERTICES 1073741824
1457789735235	<INFO 7fbcce09f740> CORE::CONFIG::VERTEX_SIZE 8
1457789735238	<INFO 7fbcce09f740> CORE::CONFIG::VERTEX_BUFFER 1073741824
1457789735242	<INFO 7fbcce09f740> CORE::CONFIG::EDGES 4294967296
1457789735246	<INFO 7fbcce09f740> CORE::CONFIG::PARTITIONS 64
1457789735249	<INFO 7fbcce09f740> CORE::CONFIG::FANOUT 64
1457789735253	<INFO 7fbcce09f740> CORE::CONFIG::SUPER_PARTITIONS 8
1457789735257	<INFO 7fbcce09f740> CORE::CONFIG::TILES 1
1457789735260	<INFO 7fbcce09f740> CORE::CONFIG::BUFFER_SIZE 214747238
1457789735265	<INFO 7fbcce09f740> CORE::CONFIG::MAX_BUFFERS 4
1457789735268	<INFO 7fbcce09f740> CORE::CONFIG::MAX_STREAMS 4
1457789735272	<INFO 7fbcce09f740> SLIPSTREAM::EXT_MEM_SHUFFLE OFF
1457789738719	<INFO 7fbcce09f740> SLIPSTORE::ZMQ_THREADS 2
1457789738722	<INFO 7fbcce09f740> SLIPSTORE::COMM Connecting to tcp://dco-node137-10g:5016
1457789738726	<INFO 7fbcce09f740> SLIPSTORE::COMM Connecting to tcp://dco-node138-10g:5034
1457789738730	<INFO 7fbcce09f740> SLIPSTORE::COMM Connecting to tcp://dco-node139-10g:5052
1457789738734	<INFO 7fbcce09f740> SLIPSTORE::COMM Connecting to tcp://dco-node140-10g:5070
1457789738738	<INFO 7fbcce09f740> SLIPSTORE::COMM Connecting to tcp://dco-node141-10g:5088
1457789738742	<INFO 7fbcce09f740> SLIPSTORE::COMM Connecting to tcp://dco-node142-10g:5106
1457789738747	<INFO 7fbcce09f740> SLIPSTORE::COMM Connecting to tcp://dco-node143-10g:5124
1457789738751	<INFO 7fbcce09f740> SLIPSTORE::COMM Connecting to tcp://dco-node144-10g:5142
1457789738755	<INFO 7fbcce09f740> SLIPSTORE::COMM Listening at tcp://ens1f0:5080
1457789738759	<INFO 7fbcce09f740> SLIPSTORE::COMM Listening at tcp://ens1f0:5081
1457789738763	<INFO 7fbcce09f740> SLIPSTORE::COMM Listening at tcp://ens1f0:5082
1457789738767	<INFO 7fbcce09f740> SLIPSTORE::COMM Listening at tcp://ens1f0:5083
1457789738771	<INFO 7fbcce09f740> SLIPSTORE::COMM Listening at ipc://client
1457789738775	<INFO 7fbcce09f740> SLIPSTORE::COMM Listening at tcp://ens1f0:5085
1457789738779	<INFO 7fbcce09f740> SLIPSTORE::COMM Listening at tcp://ens1f0:5086
1457789738783	<INFO 7fbcce09f740> SLIPSTORE::COMM Listening at tcp://ens1f0:5087
1457789738787	<INFO 7fbcce09f740> SLIPSTORE::COMM Connecting to tcp://dco-node137-10g:5016
1457789738791	<INFO 7fbcce09f740> SLIPSTORE::COMM Connecting to tcp://dco-node138-10g:5034
1457789738795	<INFO 7fbcce09f740> SLIPSTORE::COMM Connecting to tcp://dco-node139-10g:5052
1457789738799	<INFO 7fbcce09f740> SLIPSTORE::COMM Connecting to tcp://dco-node140-10g:5070
1457789738802	<INFO 7fbcce09f740> SLIPSTORE::COMM Connecting to tcp://dco-node141-10g:5088
1457789738806	<INFO 7fbcce09f740> SLIPSTORE::COMM Connecting to tcp://dco-node142-10g:5106
1457789738809	<INFO 7fbcce09f740> SLIPSTORE::COMM Connecting to tcp://dco-node143-10g:5124
1457789738813	<INFO 7fbcce09f740> SLIPSTORE::COMM Connecting to tcp://dco-node144-10g:5142
1457789738817	<INFO 7fbcce09f740> SLIPSTORE::COMM Connecting to tcp://dco-node137-10g:5004
1457789738820	<INFO 7fbcce09f740> SLIPSTORE::COMM Connecting to tcp://dco-node138-10g:5022
1457789738824	<INFO 7fbcce09f740> SLIPSTORE::COMM Connecting to tcp://dco-node139-10g:5040
1457789738828	<INFO 7fbcce09f740> SLIPSTORE::COMM Connecting to tcp://dco-node140-10g:5058
1457789738831	<INFO 7fbcce09f740> SLIPSTORE::COMM Connecting to ipc://server
1457789738835	<INFO 7fbcce09f740> SLIPSTORE::COMM Connecting to tcp://dco-node142-10g:5094
1457789738840	<INFO 7fbcce09f740> SLIPSTORE::COMM Connecting to tcp://dco-node143-10g:5112
1457789738844	<INFO 7fbcce09f740> SLIPSTORE::COMM Connecting to tcp://dco-node144-10g:5130
1457789738847	<INFO 7fbcce09f740> SLIPSTORE::COMM Connecting to tcp://dco-node142-10g:5107
1457789738850	<INFO 7fbcce09f740> SLIPSTORE::COMM Listening at tcp://ens1f0:5089
1457789738853	<INFO 7fbcce09f740> SLIPSTORE::COMM Connecting to tcp://dco-node141-10g:5088
1457789738857	<INFO 7fbcce09f740> SLIPSTORE::HELP_POLICY NONE
1457789738861	<INFO 7fbcce09f740> SLIPSTORE::SERVER ASYNC
1457789738864	<INFO 7fbcce09f740> SLIPSTORE::MACHINES 8
1457789738867	<INFO 7fbcce09f740> SLIPSTORE::ME 4
1457789738869	<INFO 7fbcce09f740> SLIPSTORE::SLIPCHUNK 4194304
1457789738873	<INFO 7fbcce09f740> SLIPSTORE::QUOTA 18446744073709551615
1457789738876	<INFO 7fbcce09f740> SLIPSTORE::IO PAGECACHE
1457789738880	<INFO 7f9eafbfe700> SLIPSTORE::COMM Listening at tcp://ens1f0:5088
1457789738883	<INFO 7f9eafbfe700> SLIPSTORE::COMM Listening at tcp://ens1f0:5072
1457789738887	<INFO 7f9eafbfe700> SLIPSTORE::COMM Connecting to tcp://dco-node137-10g:5012
1457789738891	<INFO 7f9eafbfe700> SLIPSTORE::COMM Listening at tcp://ens1f0:5073
1457789738894	<INFO 7f9eafbfe700> SLIPSTORE::COMM Connecting to tcp://dco-node138-10g:5030
1457789738897	<INFO 7f9eafbfe700> SLIPSTORE::COMM Listening at tcp://ens1f0:5074
1457789738900	<INFO 7f9eafbfe700> SLIPSTORE::COMM Connecting to tcp://dco-node139-10g:5048
1457789738904	<INFO 7f9eafbfe700> SLIPSTORE::COMM Listening at tcp://ens1f0:5075
1457789738908	<INFO 7f9eafbfe700> SLIPSTORE::COMM Connecting to tcp://dco-node140-10g:5066
1457789738911	<INFO 7f9eafbfe700> SLIPSTORE::COMM Listening at ipc://server
1457789738914	<INFO 7f9eafbfe700> SLIPSTORE::COMM Connecting to ipc://client
1457789738918	<INFO 7f9eafbfe700> SLIPSTORE::COMM Listening at tcp://ens1f0:5077
1457789738922	<INFO 7f9eafbfe700> SLIPSTORE::COMM Connecting to tcp://dco-node142-10g:5102
1457789738926	<INFO 7f9eafbfe700> SLIPSTORE::COMM Listening at tcp://ens1f0:5078
1457789738930	<INFO 7f9eafbfe700> SLIPSTORE::COMM Connecting to tcp://dco-node143-10g:5120
1457789738933	<INFO 7f9eafbfe700> SLIPSTORE::COMM Listening at tcp://ens1f0:5079
1457789738937	<INFO 7f9eafbfe700> SLIPSTORE::COMM Connecting to tcp://dco-node144-10g:5138
1457789739845	<INFO 7fbcce09f740> SLIPSTORE::CHECKPOINTS NONE FOUND
1457790427453	<INFO 7fbcce09f740> 2016-03-12 14:47:07 Completed init
1457790431545	<INFO 7fbcce09f740> 2016-03-12 14:47:11 Started gather
1457790438584	<INFO 7fbcce09f740> 2016-03-12 14:47:18 Completed gather
1457790438833	<INFO 7fbcce09f740> 2016-03-12 14:47:18 Started scatter
1457790661384	<INFO 7fbcce09f740> 2016-03-12 14:51:01 Completed scatter
1457790840160	<INFO 7fbcce09f740> 2016-03-12 14:54:00 Completed phase 1 Bytes read 105128487980 Bytes written 53597598612
1457790840183	<INFO 7fbcce09f740> 2016-03-12 14:54:00 Started gather
1457790847512	<INFO 7fbcce09f740> 2016-03-12 14:54:07 Completed gather
1457790847594	<INFO 7fbcce09f740> 2016-03-12 14:54:07 Started scatter
1457791245734	<INFO 7fbcce09f740> 2016-03-12 15:00:45 Completed scatter
1457791642608	<INFO 7fbcce09f740> 2016-03-12 15:07:22 Completed phase 2 Bytes read 158726086592 Bytes written 72141919324
1457791642632	<INFO 7fbcce09f740> 2016-03-12 15:07:22 Started gather
1457791753038	<INFO 7fbcce09f740> 2016-03-12 15:09:13 Completed gather
1457791821887	<INFO 7fbcce09f740> 2016-03-12 15:10:21 Started scatter
1457792239717	<INFO 7fbcce09f740> 2016-03-12 15:17:19 Completed scatter
1457792531008	<INFO 7fbcce09f740> 2016-03-12 15:22:11 Completed phase 3 Bytes read 229785545908 Bytes written 89862553028
1457792531031	<INFO 7fbcce09f740> 2016-03-12 15:22:11 Started gather
1457792633561	<INFO 7fbcce09f740> 2016-03-12 15:23:53 Completed gather
1457792700669	<INFO 7fbcce09f740> 2016-03-12 15:25:00 Started scatter
1457792939400	<INFO 7fbcce09f740> 2016-03-12 15:28:59 Completed scatter
1457793102488	<INFO 7fbcce09f740> 2016-03-12 15:31:42 Completed phase 4 Bytes read 300021318216 Bytes written 91028253468
1457793102512	<INFO 7fbcce09f740> 2016-03-12 15:31:42 Started gather
1457793117729	<INFO 7fbcce09f740> 2016-03-12 15:31:57 Completed gather
1457793118059	<INFO 7fbcce09f740> 2016-03-12 15:31:58 Started scatter
1457793349730	<INFO 7fbcce09f740> 2016-03-12 15:35:49 Completed scatter
1457793515685	<INFO 7fbcce09f740> 2016-03-12 15:38:35 Completed phase 5 Bytes read 353702157260 Bytes written 92102210740
1457793515709	<INFO 7fbcce09f740> 2016-03-12 15:38:35 Started gather
1457793523530	<INFO 7fbcce09f740> 2016-03-12 15:38:43 Completed gather
1457793524637	<INFO 7fbcce09f740> 2016-03-12 15:38:44 Started scatter
1457793755863	<INFO 7fbcce09f740> 2016-03-12 15:42:35 Completed scatter
1457793921404	<INFO 7fbcce09f740> 2016-03-12 15:45:21 Completed phase 6 Bytes read 407291253136 Bytes written 93175953140
1457793921427	<INFO 7fbcce09f740> 2016-03-12 15:45:21 Started gather
1457793928184	<INFO 7fbcce09f740> 2016-03-12 15:45:28 Completed gather
1457793928667	<INFO 7fbcce09f740> 2016-03-12 15:45:28 Started scatter
1457794159653	<INFO 7fbcce09f740> 2016-03-12 15:49:19 Completed scatter
1457794328396	<INFO 7fbcce09f740> 2016-03-12 15:52:08 Completed phase 7 Bytes read 460880134140 Bytes written 94249694972
1457794328420	<INFO 7fbcce09f740> 2016-03-12 15:52:08 Started gather
1457794335537	<INFO 7fbcce09f740> 2016-03-12 15:52:15 Completed gather
1457794335876	<INFO 7fbcce09f740> 2016-03-12 15:52:15 Started scatter
1457794566605	<INFO 7fbcce09f740> 2016-03-12 15:56:06 Completed scatter
1457794735960	<INFO 7fbcce09f740> 2016-03-12 15:58:55 Completed phase 8 Bytes read 514469014576 Bytes written 95323436796
1457794735963	<INFO 7fbcce09f740> ALGORITHM::BFS::VERTICES_DISCOVERED 64738495
1457794735965	<INFO 7fbcce09f740> ALGORITHM::BFS::EDGES_EXPLORED 4763086570
1457794735967	<INFO 7fbcce09f740> CORE::PARTITIONS_PROCESSED 574
1457794735970	<INFO 7fbcce09f740> CORE::BYTES::EDGES_STREAMED 44668320828
1457794735972	<INFO 7fbcce09f740> CORE::BYTES::UPDATES_OUT 3961575432
1457794735975	<INFO 7fbcce09f740> CORE::BYTES::UPDATES_IN 3572756208
1457794735977	<INFO 7f9ea37fe700> CORE::PARTITIONS_PROCESSED 1994
1457794735979	<INFO 7f9ea37fe700> CORE::BYTES::EDGES_STREAMED 98170877424
1457794735981	<INFO 7f9ea37fe700> CORE::BYTES::UPDATES_OUT 7918914056
1457794735984	<INFO 7f9ea37fe700> CORE::BYTES::UPDATES_IN 9035017784
1457794735986	<INFO 7f9eaebfc700> CORE::PARTITIONS_PROCESSED 1368
1457794735988	<INFO 7f9ea3fff700> CORE::PARTITIONS_PROCESSED 1637
1457794735990	<INFO 7f9eaebfc700> CORE::BYTES::EDGES_STREAMED 49869084552
1457794735993	<INFO 7f9eaebfc700> CORE::BYTES::UPDATES_OUT 4262119152
1457794735995	<INFO 7f9ea3fff700> CORE::BYTES::EDGES_STREAMED 52485465936
1457794735997	<INFO 7f9eaebfc700> CORE::BYTES::UPDATES_IN 4296502384
1457794736000	<INFO 7f9ea3fff700> CORE::BYTES::UPDATES_OUT 4369483576
1457794736002	<INFO 7f9ead3f9700> CORE::PARTITIONS_PROCESSED 1270
1457794736004	<INFO 7f9ea3fff700> CORE::BYTES::UPDATES_IN 4102756104
1457794736006	<INFO 7f9eacbf8700> CORE::PARTITIONS_PROCESSED 1636
1457794736009	<INFO 7f9ead3f9700> CORE::BYTES::EDGES_STREAMED 54866105676
1457794736011	<INFO 7f9ead3f9700> CORE::BYTES::UPDATES_OUT 4612247952
1457794736013	<INFO 7f9eacbf8700> CORE::BYTES::EDGES_STREAMED 53261796864
1457794736015	<INFO 7f9eadbfa700> CORE::PARTITIONS_PROCESSED 1818
1457794736018	<INFO 7f9eae3fb700> CORE::PARTITIONS_PROCESSED 1338
1457794736020	<INFO 7f9ead3f9700> CORE::BYTES::UPDATES_IN 4507471256
1457794736022	<INFO 7f9eadbfa700> CORE::BYTES::EDGES_STREAMED 56034781464
1457794736024	<INFO 7f9eacbf8700> CORE::BYTES::UPDATES_OUT 4456557032
1457794736027	<INFO 7f9eae3fb700> CORE::BYTES::EDGES_STREAMED 47903567736
1457794736029	<INFO 7f9eadbfa700> CORE::BYTES::UPDATES_OUT 4725559128
1457794736031	<INFO 7f9eacbf8700> CORE::BYTES::UPDATES_IN 4079386800
1457794736034	<INFO 7f9eae3fb700> CORE::BYTES::UPDATES_OUT 3798236232
1457794736036	<INFO 7f9eadbfa700> CORE::BYTES::UPDATES_IN 4717639512
1457794736039	<INFO 7f9eae3fb700> CORE::BYTES::UPDATES_IN 3793162512
1457794736041	<INFO 7f9eafbfe700> SLIPSTORE service is exiting
1457794736043	<INFO 7f9eafbfe700> SLIPSTORE::HELP_OFFERS_RECVD 112
1457794736046	<INFO 7f9eafbfe700> SLIPSTORE::HELP_OFFERS_ACCEPTED 0
1457794736048	<INFO 7f9eafbfe700> SLIPSTORE::HELP_ACCEPTANCE_RATIO 0
1457794736050	<INFO 7f9eafbfe700> SLIPSTORE::SERVER_BUSY_DISK  3647.99 seconds
1457794736053	<INFO 7f9eafbfe700> SLIPSTORE::SERVER_BUSY_MEM  0 seconds
1457794736055	<INFO 7f9eafbfe700> SLIPSTORE::SERVER_TOTAL  4997.22 seconds
1457794736057	<INFO 7fbcce09f740> SLIPSTORE::CLIENT::DISK_READ_TIME  2533.18 seconds
1457794736060	<INFO 7fbcce09f740> SLIPSTORE::CLIENT::MEM_READ_TIME  0 seconds
1457794736062	<INFO 7fbcce09f740> SLIPSTORE::CLIENT::DISK_BYTES_READ 563769548124
1457794736064	<INFO 7fbcce09f740> SLIPSTORE::CLIENT::MEM_BYTES_READ 0
1457794736067	<INFO 7fbcce09f740> SLIPSTORE::CLIENT::WRITE_TIME  625.655 seconds
1457794736069	<INFO 7fbcce09f740> SLIPSTORE::CLIENT::BYTES_WRITTEN 9663676416
1457794736072	<INFO 7fbcce09f740> SLIPSTORE::CLIENT_BUSY  3158.83 seconds
1457794736074	<INFO 7fbcce09f740> SLIPSTORE::IO::TIME 3206.7 seconds
1457794736076	<INFO 7fbcce09f740> SLIPSTORE::SNAP::TIME 0 seconds
1457794736079	<INFO 7fbcce09f740> SLIPSTORE::MAX_DISK_USAGE_BYTES 69985717492
1457794736081	<INFO 7fbcce09f740> CORE::RUSAGE::MAX_RSS_KB 125953096
1457794736084	<INFO 7fbcce09f740> CORE::RUSAGE::MINFLT 45370027
1457794736086	<INFO 7fbcce09f740> CORE::RUSAGE::MAJFLT 7
1457794736089	<INFO 7fbcce09f740> CORE::RUSAGE::MAJFLT 7
1457794736091	<INFO 7fbcce09f740> CORE::RUSAGE::INBLK 977630080
1457794736094	<INFO 7fbcce09f740> CORE::RUSAGE::OUBLK 186198880
1457794736096	<INFO 7fbcce09f740> CORE::UTILS::BYTES_READ 514469014576
1457794736099	<INFO 7fbcce09f740> CORE::UTILS::BYTES_WRITTEN 95323436796
1457794736101	<INFO 7fbcce09f740> CORE::UTILS::TILE_COPY_BYTES 17179869184
1457794736104	<INFO 7fbcce09f740> CORE::TIME::IO_WAIT 2677.45 seconds
1457794736107	<INFO 7fbcce09f740> CORE::TIME_TILE_COPY 0 seconds
1457794736109	<INFO 7fbcce09f740> CORE::TIME_TILE_MERGE 0 seconds
1457794736112	<INFO 7fbcce09f740> CORE::TIME_PROCESSING_STOLEN 0 seconds
1457794736114	<INFO 7fbcce09f740> CORE::TIME_MERGE_WAIT 0 seconds
1457794736117	<INFO 7fbcce09f740> CORE::TIME_ALL_MC_BARRIER 1700.11 seconds
1457794736120	<INFO 7fbcce09f740> CORE::PHASES 8
1457794736122	<INFO 7fbcce09f740> CORE::TIME::SETUP 4.64412 seconds
1457794736125	<INFO 7fbcce09f740> CORE::TIME::WALL 5000.76 seconds
1457794736127	<INFO 7fbcce09f740> SHUTDOWN
