1457789627266	<INFO 7fcbc1107740> 2016-03-12 14:33:47 STARTUP
1457789627270	<INFO 7fcbc1107740> CORE::GRAPH rmat-30-und_s8
1457789627274	<INFO 7fcbc1107740> CORE::ALGORITHM bfs
1457789627278	<INFO 7fcbc1107740> CORE::VERTEX_STRIPING ON
1457789627282	<INFO 7fcbc1107740> 2016-03-12 14:33:47 Blocking memory amount 126701535232
1457789734737	<INFO 7fcbc1107740> 2016-03-12 14:35:34 Done blocking memory
1457789734741	<INFO 7fcbc1107740> SG-DRIVER-ORIGINAL
1457789734744	<INFO 7fcbc1107740> CORE::CONFIG::PROCESSORS 8
1457789734748	<INFO 7fcbc1107740> CORE::CONFIG::PHYSICAL_MEMORY 2147483648
1457789734752	<INFO 7fcbc1107740> CORE::CONFIG::VERTICES 1073741824
1457789734755	<INFO 7fcbc1107740> CORE::CONFIG::VERTEX_SIZE 8
1457789734759	<INFO 7fcbc1107740> CORE::CONFIG::VERTEX_BUFFER 1073741824
1457789734762	<INFO 7fcbc1107740> CORE::CONFIG::EDGES 4294967296
1457789734766	<INFO 7fcbc1107740> CORE::CONFIG::PARTITIONS 64
1457789734770	<INFO 7fcbc1107740> CORE::CONFIG::FANOUT 64
1457789734774	<INFO 7fcbc1107740> CORE::CONFIG::SUPER_PARTITIONS 8
1457789734777	<INFO 7fcbc1107740> CORE::CONFIG::TILES 1
1457789734781	<INFO 7fcbc1107740> CORE::CONFIG::BUFFER_SIZE 214747238
1457789734785	<INFO 7fcbc1107740> CORE::CONFIG::MAX_BUFFERS 4
1457789734789	<INFO 7fcbc1107740> CORE::CONFIG::MAX_STREAMS 4
1457789734792	<INFO 7fcbc1107740> SLIPSTREAM::EXT_MEM_SHUFFLE OFF
1457789738209	<INFO 7fcbc1107740> SLIPSTORE::ZMQ_THREADS 2
1457789738213	<INFO 7fcbc1107740> SLIPSTORE::COMM Connecting to tcp://dco-node137-10g:5016
1457789738217	<INFO 7fcbc1107740> SLIPSTORE::COMM Connecting to tcp://dco-node138-10g:5034
1457789738222	<INFO 7fcbc1107740> SLIPSTORE::COMM Connecting to tcp://dco-node139-10g:5052
1457789738225	<INFO 7fcbc1107740> SLIPSTORE::COMM Connecting to tcp://dco-node140-10g:5070
1457789738230	<INFO 7fcbc1107740> SLIPSTORE::COMM Connecting to tcp://dco-node141-10g:5088
1457789738234	<INFO 7fcbc1107740> SLIPSTORE::COMM Connecting to tcp://dco-node142-10g:5106
1457789738238	<INFO 7fcbc1107740> SLIPSTORE::COMM Connecting to tcp://dco-node143-10g:5124
1457789738242	<INFO 7fcbc1107740> SLIPSTORE::COMM Connecting to tcp://dco-node144-10g:5142
1457789738246	<INFO 7fcbc1107740> SLIPSTORE::COMM Listening at tcp://ens1f0:5062
1457789738251	<INFO 7fcbc1107740> SLIPSTORE::COMM Listening at tcp://ens1f0:5063
1457789738255	<INFO 7fcbc1107740> SLIPSTORE::COMM Listening at tcp://ens1f0:5064
1457789738259	<INFO 7fcbc1107740> SLIPSTORE::COMM Listening at ipc://client
1457789738263	<INFO 7fcbc1107740> SLIPSTORE::COMM Listening at tcp://ens1f0:5066
1457789738267	<INFO 7fcbc1107740> SLIPSTORE::COMM Listening at tcp://ens1f0:5067
1457789738271	<INFO 7fcbc1107740> SLIPSTORE::COMM Listening at tcp://ens1f0:5068
1457789738275	<INFO 7fcbc1107740> SLIPSTORE::COMM Listening at tcp://ens1f0:5069
1457789738279	<INFO 7fcbc1107740> SLIPSTORE::COMM Connecting to tcp://dco-node137-10g:5016
1457789738282	<INFO 7fcbc1107740> SLIPSTORE::COMM Connecting to tcp://dco-node138-10g:5034
1457789738286	<INFO 7fcbc1107740> SLIPSTORE::COMM Connecting to tcp://dco-node139-10g:5052
1457789738290	<INFO 7fcbc1107740> SLIPSTORE::COMM Connecting to tcp://dco-node140-10g:5070
1457789738293	<INFO 7fcbc1107740> SLIPSTORE::COMM Connecting to tcp://dco-node141-10g:5088
1457789738297	<INFO 7fcbc1107740> SLIPSTORE::COMM Connecting to tcp://dco-node142-10g:5106
1457789738302	<INFO 7fcbc1107740> SLIPSTORE::COMM Connecting to tcp://dco-node143-10g:5124
1457789738306	<INFO 7fcbc1107740> SLIPSTORE::COMM Connecting to tcp://dco-node144-10g:5142
1457789738310	<INFO 7fcbc1107740> SLIPSTORE::COMM Connecting to tcp://dco-node137-10g:5003
1457789738314	<INFO 7fcbc1107740> SLIPSTORE::COMM Connecting to tcp://dco-node138-10g:5021
1457789738318	<INFO 7fcbc1107740> SLIPSTORE::COMM Connecting to tcp://dco-node139-10g:5039
1457789738322	<INFO 7fcbc1107740> SLIPSTORE::COMM Connecting to ipc://server
1457789738326	<INFO 7fcbc1107740> SLIPSTORE::COMM Connecting to tcp://dco-node141-10g:5075
1457789738330	<INFO 7fcbc1107740> SLIPSTORE::COMM Connecting to tcp://dco-node142-10g:5093
1457789738334	<INFO 7fcbc1107740> SLIPSTORE::COMM Connecting to tcp://dco-node143-10g:5111
1457789738338	<INFO 7fcbc1107740> SLIPSTORE::COMM Connecting to tcp://dco-node144-10g:5129
1457789738341	<INFO 7fcbc1107740> SLIPSTORE::COMM Connecting to tcp://dco-node141-10g:5089
1457789738345	<INFO 7fcbc1107740> SLIPSTORE::COMM Listening at tcp://ens1f0:5071
1457789738349	<INFO 7fcbc1107740> SLIPSTORE::COMM Connecting to tcp://dco-node140-10g:5070
1457789738352	<INFO 7fcbc1107740> SLIPSTORE::HELP_POLICY NONE
1457789738356	<INFO 7fcbc1107740> SLIPSTORE::SERVER ASYNC
1457789738360	<INFO 7fcbc1107740> SLIPSTORE::MACHINES 8
1457789738364	<INFO 7fcbc1107740> SLIPSTORE::ME 3
1457789738368	<INFO 7fcbc1107740> SLIPSTORE::SLIPCHUNK 4194304
1457789738371	<INFO 7fcbc1107740> SLIPSTORE::QUOTA 18446744073709551615
1457789738375	<INFO 7fcbc1107740> SLIPSTORE::IO PAGECACHE
1457789738379	<INFO 7fada2bfa700> SLIPSTORE::COMM Listening at tcp://ens1f0:5070
1457789738383	<INFO 7fada2bfa700> SLIPSTORE::COMM Listening at tcp://ens1f0:5054
1457789738387	<INFO 7fada2bfa700> SLIPSTORE::COMM Connecting to tcp://dco-node137-10g:5011
1457789738390	<INFO 7fada2bfa700> SLIPSTORE::COMM Listening at tcp://ens1f0:5055
1457789738394	<INFO 7fada2bfa700> SLIPSTORE::COMM Connecting to tcp://dco-node138-10g:5029
1457789738398	<INFO 7fada2bfa700> SLIPSTORE::COMM Listening at tcp://ens1f0:5056
1457789738401	<INFO 7fada2bfa700> SLIPSTORE::COMM Connecting to tcp://dco-node139-10g:5047
1457789738405	<INFO 7fada2bfa700> SLIPSTORE::COMM Listening at ipc://server
1457789738409	<INFO 7fada2bfa700> SLIPSTORE::COMM Connecting to ipc://client
1457789738413	<INFO 7fada2bfa700> SLIPSTORE::COMM Listening at tcp://ens1f0:5058
1457789738417	<INFO 7fada2bfa700> SLIPSTORE::COMM Connecting to tcp://dco-node141-10g:5083
1457789738421	<INFO 7fada2bfa700> SLIPSTORE::COMM Listening at tcp://ens1f0:5059
1457789738424	<INFO 7fada2bfa700> SLIPSTORE::COMM Connecting to tcp://dco-node142-10g:5101
1457789738428	<INFO 7fada2bfa700> SLIPSTORE::COMM Listening at tcp://ens1f0:5060
1457789738432	<INFO 7fada2bfa700> SLIPSTORE::COMM Connecting to tcp://dco-node143-10g:5119
1457789738435	<INFO 7fada2bfa700> SLIPSTORE::COMM Listening at tcp://ens1f0:5061
1457789738438	<INFO 7fada2bfa700> SLIPSTORE::COMM Connecting to tcp://dco-node144-10g:5137
1457789739844	<INFO 7fcbc1107740> SLIPSTORE::CHECKPOINTS NONE FOUND
1457790427453	<INFO 7fcbc1107740> 2016-03-12 14:47:07 Completed init
1457790431544	<INFO 7fcbc1107740> 2016-03-12 14:47:11 Started gather
1457790438553	<INFO 7fcbc1107740> 2016-03-12 14:47:18 Completed gather
1457790438833	<INFO 7fcbc1107740> 2016-03-12 14:47:18 Started scatter
1457790545248	<INFO 7fcbc1107740> 2016-03-12 14:49:05 Completed scatter
1457790840160	<INFO 7fcbc1107740> 2016-03-12 14:54:00 Completed phase 1 Bytes read 105826110056 Bytes written 54295357040
1457790840183	<INFO 7fcbc1107740> 2016-03-12 14:54:00 Started gather
1457790847371	<INFO 7fcbc1107740> 2016-03-12 14:54:07 Completed gather
1457790847594	<INFO 7fcbc1107740> 2016-03-12 14:54:07 Started scatter
1457790999312	<INFO 7fcbc1107740> 2016-03-12 14:56:39 Completed scatter
1457791642609	<INFO 7fcbc1107740> 2016-03-12 15:07:22 Completed phase 2 Bytes read 160121467096 Bytes written 72958512264
1457791642632	<INFO 7fcbc1107740> 2016-03-12 15:07:22 Started gather
1457791716405	<INFO 7fcbc1107740> 2016-03-12 15:08:36 Completed gather
1457791821887	<INFO 7fcbc1107740> 2016-03-12 15:10:21 Started scatter
1457792027996	<INFO 7fcbc1107740> 2016-03-12 15:13:47 Completed scatter
1457792531009	<INFO 7fcbc1107740> 2016-03-12 15:22:11 Completed phase 3 Bytes read 231997383000 Bytes written 90661167936
1457792531031	<INFO 7fcbc1107740> 2016-03-12 15:22:11 Started gather
1457792613716	<INFO 7fcbc1107740> 2016-03-12 15:23:33 Completed gather
1457792700670	<INFO 7fcbc1107740> 2016-03-12 15:25:00 Started scatter
1457792816693	<INFO 7fcbc1107740> 2016-03-12 15:26:56 Completed scatter
1457793102488	<INFO 7fcbc1107740> 2016-03-12 15:31:42 Completed phase 4 Bytes read 302912799352 Bytes written 91823809568
1457793102512	<INFO 7fcbc1107740> 2016-03-12 15:31:42 Started gather
1457793117705	<INFO 7fcbc1107740> 2016-03-12 15:31:57 Completed gather
1457793118059	<INFO 7fcbc1107740> 2016-03-12 15:31:58 Started scatter
1457793225701	<INFO 7fcbc1107740> 2016-03-12 15:33:45 Completed scatter
1457793515686	<INFO 7fcbc1107740> 2016-03-12 15:38:35 Completed phase 5 Bytes read 357288201664 Bytes written 92897767448
1457793515709	<INFO 7fcbc1107740> 2016-03-12 15:38:35 Started gather
1457793523013	<INFO 7fcbc1107740> 2016-03-12 15:38:43 Completed gather
1457793524637	<INFO 7fcbc1107740> 2016-03-12 15:38:44 Started scatter
1457793634069	<INFO 7fcbc1107740> 2016-03-12 15:40:34 Completed scatter
1457793921404	<INFO 7fcbc1107740> 2016-03-12 15:45:21 Completed phase 6 Bytes read 411574920224 Bytes written 93971509856
1457793921427	<INFO 7fcbc1107740> 2016-03-12 15:45:21 Started gather
1457793928416	<INFO 7fcbc1107740> 2016-03-12 15:45:28 Completed gather
1457793928668	<INFO 7fcbc1107740> 2016-03-12 15:45:28 Started scatter
1457794037259	<INFO 7fcbc1107740> 2016-03-12 15:47:17 Completed scatter
1457794328396	<INFO 7fcbc1107740> 2016-03-12 15:52:08 Completed phase 7 Bytes read 465861423312 Bytes written 95045251688
1457794328420	<INFO 7fcbc1107740> 2016-03-12 15:52:08 Started gather
1457794335652	<INFO 7fcbc1107740> 2016-03-12 15:52:15 Completed gather
1457794335877	<INFO 7fcbc1107740> 2016-03-12 15:52:15 Started scatter
1457794443836	<INFO 7fcbc1107740> 2016-03-12 15:54:03 Completed scatter
1457794735961	<INFO 7fcbc1107740> 2016-03-12 15:58:55 Completed phase 8 Bytes read 520147925824 Bytes written 96118993512
1457794735964	<INFO 7fcbc1107740> ALGORITHM::BFS::VERTICES_DISCOVERED 46433003
1457794735966	<INFO 7fcbc1107740> ALGORITHM::BFS::EDGES_EXPLORED 1504140353
1457794735968	<INFO 7fcbc1107740> CORE::PARTITIONS_PROCESSED 202
1457794735971	<INFO 7fcbc1107740> CORE::BYTES::EDGES_STREAMED 13677991692
1457794735973	<INFO 7fcbc1107740> CORE::BYTES::UPDATES_OUT 1119726192
1457794735975	<INFO 7fcbc1107740> CORE::BYTES::UPDATES_IN 1203474048
1457794735977	<INFO 7fad977fe700> CORE::PARTITIONS_PROCESSED 545
1457794735980	<INFO 7fad967fc700> CORE::PARTITIONS_PROCESSED 662
1457794735982	<INFO 7fada0bf6700> CORE::PARTITIONS_PROCESSED 606
1457794735984	<INFO 7fad977fe700> CORE::BYTES::EDGES_STREAMED 15408713388
1457794735987	<INFO 7fad97fff700> CORE::PARTITIONS_PROCESSED 425
1457794735989	<INFO 7fada0bf6700> CORE::BYTES::EDGES_STREAMED 17640541248
1457794735991	<INFO 7fada0bf6700> CORE::BYTES::UPDATES_OUT 1461981792
1457794735993	<INFO 7fada13f7700> CORE::PARTITIONS_PROCESSED 435
1457794735995	<INFO 7fada1bf8700> CORE::PARTITIONS_PROCESSED 456
1457794735998	<INFO 7fada13f7700> CORE::BYTES::EDGES_STREAMED 14456431560
1457794736000	<INFO 7fada13f7700> CORE::BYTES::UPDATES_OUT 1276830184
1457794736002	<INFO 7fada1bf8700> CORE::BYTES::EDGES_STREAMED 16252280880
1457794736005	<INFO 7fad96ffd700> CORE::PARTITIONS_PROCESSED 544
1457794736007	<INFO 7fad977fe700> CORE::BYTES::UPDATES_OUT 1296182400
1457794736009	<INFO 7fada0bf6700> CORE::BYTES::UPDATES_IN 1458107472
1457794736011	<INFO 7fad977fe700> CORE::BYTES::UPDATES_IN 1344853112
1457794736014	<INFO 7fad97fff700> CORE::BYTES::EDGES_STREAMED 17128247472
1457794736016	<INFO 7fada13f7700> CORE::BYTES::UPDATES_IN 1065587808
1457794736018	<INFO 7fad967fc700> CORE::BYTES::EDGES_STREAMED 34135103796
1457794736021	<INFO 7fad96ffd700> CORE::BYTES::EDGES_STREAMED 15701522796
1457794736023	<INFO 7fad967fc700> CORE::BYTES::UPDATES_OUT 2844133352
1457794736025	<INFO 7fada1bf8700> CORE::BYTES::UPDATES_OUT 1312668928
1457794736028	<INFO 7fad97fff700> CORE::BYTES::UPDATES_OUT 1421917056
1457794736030	<INFO 7fad967fc700> CORE::BYTES::UPDATES_IN 2774779352
1457794736032	<INFO 7fad96ffd700> CORE::BYTES::UPDATES_OUT 1299682920
1457794736035	<INFO 7fad96ffd700> CORE::BYTES::UPDATES_IN 1346184904
1457794736037	<INFO 7fada1bf8700> CORE::BYTES::UPDATES_IN 1403426360
1457794736039	<INFO 7fad97fff700> CORE::BYTES::UPDATES_IN 1436709768
1457794736042	<INFO 7fada2bfa700> SLIPSTORE service is exiting
1457794736044	<INFO 7fada2bfa700> SLIPSTORE::HELP_OFFERS_RECVD 112
1457794736046	<INFO 7fada2bfa700> SLIPSTORE::HELP_OFFERS_ACCEPTED 0
1457794736049	<INFO 7fada2bfa700> SLIPSTORE::HELP_ACCEPTANCE_RATIO 0
1457794736051	<INFO 7fada2bfa700> SLIPSTORE::SERVER_BUSY_DISK  3667.66 seconds
1457794736053	<INFO 7fada2bfa700> SLIPSTORE::SERVER_BUSY_MEM  0 seconds
1457794736056	<INFO 7fada2bfa700> SLIPSTORE::SERVER_TOTAL  4997.72 seconds
1457794736058	<INFO 7fcbc1107740> SLIPSTORE::CLIENT::DISK_READ_TIME  1397.78 seconds
1457794736061	<INFO 7fcbc1107740> SLIPSTORE::CLIENT::MEM_READ_TIME  0 seconds
1457794736063	<INFO 7fcbc1107740> SLIPSTORE::CLIENT::DISK_BYTES_READ 224868318296
1457794736065	<INFO 7fcbc1107740> SLIPSTORE::CLIENT::MEM_BYTES_READ 0
1457794736068	<INFO 7fcbc1107740> SLIPSTORE::CLIENT::WRITE_TIME  522.182 seconds
1457794736070	<INFO 7fcbc1107740> SLIPSTORE::CLIENT::BYTES_WRITTEN 9663676416
1457794736073	<INFO 7fcbc1107740> SLIPSTORE::CLIENT_BUSY  1919.96 seconds
1457794736076	<INFO 7fcbc1107740> SLIPSTORE::IO::TIME 3227.44 seconds
1457794736078	<INFO 7fcbc1107740> SLIPSTORE::SNAP::TIME 0 seconds
1457794736081	<INFO 7fcbc1107740> SLIPSTORE::MAX_DISK_USAGE_BYTES 70802174080
1457794736083	<INFO 7fcbc1107740> CORE::RUSAGE::MAX_RSS_KB 125950576
1457794736085	<INFO 7fcbc1107740> CORE::RUSAGE::MINFLT 33250389
1457794736088	<INFO 7fcbc1107740> CORE::RUSAGE::MAJFLT 76
1457794736091	<INFO 7fcbc1107740> CORE::RUSAGE::MAJFLT 76
1457794736093	<INFO 7fcbc1107740> CORE::RUSAGE::INBLK 988631032
1457794736096	<INFO 7fcbc1107740> CORE::RUSAGE::OUBLK 187748712
1457794736099	<INFO 7fcbc1107740> CORE::UTILS::BYTES_READ 520147925824
1457794736101	<INFO 7fcbc1107740> CORE::UTILS::BYTES_WRITTEN 96118993512
1457794736104	<INFO 7fcbc1107740> CORE::UTILS::TILE_COPY_BYTES 17179869184
1457794736106	<INFO 7fcbc1107740> CORE::TIME::IO_WAIT 1730.82 seconds
1457794736109	<INFO 7fcbc1107740> CORE::TIME_TILE_COPY 0 seconds
1457794736112	<INFO 7fcbc1107740> CORE::TIME_TILE_MERGE 0 seconds
1457794736114	<INFO 7fcbc1107740> CORE::TIME_PROCESSING_STOLEN 0 seconds
1457794736117	<INFO 7fcbc1107740> CORE::TIME_MERGE_WAIT 0 seconds
1457794736119	<INFO 7fcbc1107740> CORE::TIME_ALL_MC_BARRIER 2883.31 seconds
1457794736122	<INFO 7fcbc1107740> CORE::PHASES 8
1457794736125	<INFO 7fcbc1107740> CORE::TIME::SETUP 5.11949 seconds
1457794736128	<INFO 7fcbc1107740> CORE::TIME::WALL 5001.24 seconds
1457794736131	<INFO 7fcbc1107740> SHUTDOWN
