1459267931915	<INFO 7fbbdb23d740> 2016-03-29 18:12:11 STARTUP
1459267931918	<INFO 7fbbdb23d740> CORE::GRAPH rmat-28-und_s8
1459267931922	<INFO 7fbbdb23d740> CORE::ALGORITHM out_degree_cnt
1459267931925	<INFO 7fbbdb23d740> CORE::VERTEX_STRIPING OFF
1459267931929	<INFO 7fbbdb23d740> 2016-03-29 18:12:11 Blocking memory amount 126701535232
1459268040262	<INFO 7fbbdb23d740> 2016-03-29 18:14:00 Done blocking memory
1459268040266	<INFO 7fbbdb23d740> SG-DRIVER-ORIGINAL
1459268040269	<INFO 7fbbdb23d740> 2016-03-29 18:14:00 START read config parameters
1459268040272	<INFO 7fbbdb23d740> PARTITIONING::OLD 1
1459268040276	<INFO 7fbbdb23d740> CORE::CONFIG::PROCESSORS 8
1459268040279	<INFO 7fbbdb23d740> CORE::CONFIG::PHYSICAL_MEMORY 2147483648
1459268040283	<INFO 7fbbdb23d740> CORE::CONFIG::VERTICES 268435456
1459268040287	<INFO 7fbbdb23d740> CORE::CONFIG::VERTEX_SIZE 8
1459268040290	<INFO 7fbbdb23d740> CORE::CONFIG::VERTEX_BUFFER 268435456
1459268040294	<INFO 7fbbdb23d740> CORE::CONFIG::EDGES 1073741824
1459268040298	<INFO 7fbbdb23d740> CORE::CONFIG::PARTITIONS 64
1459268040301	<INFO 7fbbdb23d740> CORE::CONFIG::FANOUT 64
1459268040304	<INFO 7fbbdb23d740> CORE::CONFIG::SUPER_PARTITIONS 8
1459268040308	<INFO 7fbbdb23d740> CORE::CONFIG::TILES 1
1459268040312	<INFO 7fbbdb23d740> CORE::CONFIG::BUFFER_SIZE 375808512
1459268040315	<INFO 7fbbdb23d740> CORE::CONFIG::MAX_BUFFERS 4
1459268040318	<INFO 7fbbdb23d740> CORE::CONFIG::MAX_STREAMS 4
1459268040321	<INFO 7fbbdb23d740> CORE::CONFIG::SUM_OF_OUT_DEGREES_FOR_NEW_PARTITIONS::FIRST_CONSTRAINT 33554432
1459268040325	<INFO 7fbbdb23d740> CORE::CONFIG::MAX_EDGES_PER_NEW_PARTITION::SECOND_CONSTRAINT 134217728
1459268040329	<INFO 7fbbdb23d740> SLIPSTREAM::EXT_MEM_SHUFFLE OFF
1459268040332	<INFO 7fbbdb23d740> 2016-03-29 18:14:00 END read config parameters
1459268042085	<WARNING 7fbbdb23d740> Unable to unlink file (stream.0.0.0):No such file or directory
1459268042089	<WARNING 7fbbdb23d740> Unable to unlink file (stream.0.1.0):No such file or directory
1459268042093	<WARNING 7fbbdb23d740> Unable to unlink file (stream.0.2.0):No such file or directory
1459268042096	<WARNING 7fbbdb23d740> Unable to unlink file (stream.0.3.0):No such file or directory
1459268042100	<WARNING 7fbbdb23d740> Unable to unlink file (stream.0.4.0):No such file or directory
1459268042104	<WARNING 7fbbdb23d740> Unable to unlink file (stream.0.5.0):No such file or directory
1459268042109	<WARNING 7fbbdb23d740> Unable to unlink file (stream.0.6.0):No such file or directory
1459268042113	<WARNING 7fbbdb23d740> Unable to unlink file (stream.0.7.0):No such file or directory
1459268042117	<WARNING 7fbbdb23d740> Unable to unlink file (stream.1.1.0):No such file or directory
1459268042122	<WARNING 7fbbdb23d740> Unable to unlink file (stream.1.2.0):No such file or directory
1459268042126	<WARNING 7fbbdb23d740> Unable to unlink file (stream.1.3.0):No such file or directory
1459268042130	<WARNING 7fbbdb23d740> Unable to unlink file (stream.1.4.0):No such file or directory
1459268042135	<WARNING 7fbbdb23d740> Unable to unlink file (stream.1.5.0):No such file or directory
1459268042139	<WARNING 7fbbdb23d740> Unable to unlink file (stream.1.6.0):No such file or directory
1459268042143	<WARNING 7fbbdb23d740> Unable to unlink file (stream.1.7.0):No such file or directory
1459268042147	<WARNING 7fbbdb23d740> Unable to unlink file (stream.2.0.0):No such file or directory
1459268042152	<WARNING 7fbbdb23d740> Unable to unlink file (stream.2.1.0):No such file or directory
1459268042156	<WARNING 7fbbdb23d740> Unable to unlink file (stream.2.2.0):No such file or directory
1459268042160	<WARNING 7fbbdb23d740> Unable to unlink file (stream.2.3.0):No such file or directory
1459268042164	<WARNING 7fbbdb23d740> Unable to unlink file (stream.2.4.0):No such file or directory
1459268042168	<WARNING 7fbbdb23d740> Unable to unlink file (stream.2.5.0):No such file or directory
1459268042173	<WARNING 7fbbdb23d740> Unable to unlink file (stream.2.6.0):No such file or directory
1459268042176	<WARNING 7fbbdb23d740> Unable to unlink file (stream.2.7.0):No such file or directory
1459268042180	<WARNING 7fbbdb23d740> Unable to unlink file (stream.3.0.0):No such file or directory
1459268042185	<WARNING 7fbbdb23d740> Unable to unlink file (stream.3.1.0):No such file or directory
1459268042189	<WARNING 7fbbdb23d740> Unable to unlink file (stream.3.2.0):No such file or directory
1459268042193	<WARNING 7fbbdb23d740> Unable to unlink file (stream.3.3.0):No such file or directory
1459268042198	<WARNING 7fbbdb23d740> Unable to unlink file (stream.3.4.0):No such file or directory
1459268042202	<WARNING 7fbbdb23d740> Unable to unlink file (stream.3.5.0):No such file or directory
1459268042206	<WARNING 7fbbdb23d740> Unable to unlink file (stream.3.6.0):No such file or directory
1459268042210	<WARNING 7fbbdb23d740> Unable to unlink file (stream.3.7.0):No such file or directory
1459268042214	<INFO 7fbbdb23d740> SLIPSTORE::ZMQ_THREADS 2
1459268042218	<INFO 7fbbdb23d740> SLIPSTORE::COMM Connecting to tcp://dco-node137-10g:5016
1459268042222	<INFO 7fbbdb23d740> SLIPSTORE::COMM Connecting to tcp://dco-node138-10g:5034
1459268042225	<INFO 7fbbdb23d740> SLIPSTORE::COMM Connecting to tcp://dco-node139-10g:5052
1459268042230	<INFO 7fbbdb23d740> SLIPSTORE::COMM Connecting to tcp://dco-node140-10g:5070
1459268042234	<INFO 7fbbdb23d740> SLIPSTORE::COMM Connecting to tcp://dco-node141-10g:5088
1459268042238	<INFO 7fbbdb23d740> SLIPSTORE::COMM Connecting to tcp://dco-node142-10g:5106
1459268042243	<INFO 7fbbdb23d740> SLIPSTORE::COMM Connecting to tcp://dco-node143-10g:5124
1459268042247	<INFO 7fbbdb23d740> SLIPSTORE::COMM Connecting to tcp://dco-node144-10g:5142
1459268042251	<INFO 7fbbdb23d740> SLIPSTORE::COMM Listening at tcp://ens1f0:5080
1459268042255	<INFO 7fbbdb23d740> SLIPSTORE::COMM Listening at tcp://ens1f0:5081
1459268042259	<INFO 7fbbdb23d740> SLIPSTORE::COMM Listening at tcp://ens1f0:5082
1459268042263	<INFO 7fbbdb23d740> SLIPSTORE::COMM Listening at tcp://ens1f0:5083
1459268042266	<INFO 7fbbdb23d740> SLIPSTORE::COMM Listening at ipc://client
1459268042270	<INFO 7fbbdb23d740> SLIPSTORE::COMM Listening at tcp://ens1f0:5085
1459268042274	<INFO 7fbbdb23d740> SLIPSTORE::COMM Listening at tcp://ens1f0:5086
1459268042278	<INFO 7fbbdb23d740> SLIPSTORE::COMM Listening at tcp://ens1f0:5087
1459268042281	<INFO 7fbbdb23d740> SLIPSTORE::COMM Connecting to tcp://dco-node137-10g:5016
1459268042285	<INFO 7fbbdb23d740> SLIPSTORE::COMM Connecting to tcp://dco-node138-10g:5034
1459268042289	<INFO 7fbbdb23d740> SLIPSTORE::COMM Connecting to tcp://dco-node139-10g:5052
1459268042293	<INFO 7fbbdb23d740> SLIPSTORE::COMM Connecting to tcp://dco-node140-10g:5070
1459268042296	<INFO 7fbbdb23d740> SLIPSTORE::COMM Connecting to tcp://dco-node141-10g:5088
1459268042300	<INFO 7fbbdb23d740> SLIPSTORE::COMM Connecting to tcp://dco-node142-10g:5106
1459268042304	<INFO 7fbbdb23d740> SLIPSTORE::COMM Connecting to tcp://dco-node143-10g:5124
1459268042308	<INFO 7fbbdb23d740> SLIPSTORE::COMM Connecting to tcp://dco-node144-10g:5142
1459268042311	<INFO 7fbbdb23d740> SLIPSTORE::COMM Connecting to tcp://dco-node137-10g:5004
1459268042314	<INFO 7fbbdb23d740> SLIPSTORE::COMM Connecting to tcp://dco-node138-10g:5022
1459268042318	<INFO 7fbbdb23d740> SLIPSTORE::COMM Connecting to tcp://dco-node139-10g:5040
1459268042321	<INFO 7fbbdb23d740> SLIPSTORE::COMM Connecting to tcp://dco-node140-10g:5058
1459268042325	<INFO 7fbbdb23d740> SLIPSTORE::COMM Connecting to ipc://server
1459268042329	<INFO 7fbbdb23d740> SLIPSTORE::COMM Connecting to tcp://dco-node142-10g:5094
1459268042332	<INFO 7fbbdb23d740> SLIPSTORE::COMM Connecting to tcp://dco-node143-10g:5112
1459268042335	<INFO 7fbbdb23d740> SLIPSTORE::COMM Connecting to tcp://dco-node144-10g:5130
1459268042339	<INFO 7fbbdb23d740> SLIPSTORE::COMM Connecting to tcp://dco-node142-10g:5107
1459268042342	<INFO 7fbbdb23d740> SLIPSTORE::COMM Listening at tcp://ens1f0:5089
1459268042346	<INFO 7fbbdb23d740> SLIPSTORE::COMM Connecting to tcp://dco-node141-10g:5088
1459268042349	<INFO 7fbbdb23d740> SLIPSTORE::HELP_POLICY NONE
1459268042353	<INFO 7fbbdb23d740> SLIPSTORE::SERVER ASYNC
1459268042356	<INFO 7fbbdb23d740> SLIPSTORE::MACHINES 8
1459268042359	<INFO 7fbbdb23d740> SLIPSTORE::ME 4
1459268042363	<INFO 7fbbdb23d740> SLIPSTORE::SLIPCHUNK 4194304
1459268042367	<INFO 7fbbdb23d740> SLIPSTORE::QUOTA 18446744073709551615
1459268042370	<INFO 7fbbdb23d740> SLIPSTORE::IO PAGECACHE
1459268042374	<INFO 7f9dc4ff4700> SLIPSTORE::COMM Listening at tcp://ens1f0:5088
1459268042377	<INFO 7f9dc4ff4700> SLIPSTORE::COMM Listening at tcp://ens1f0:5072
1459268042382	<INFO 7f9dc4ff4700> SLIPSTORE::COMM Connecting to tcp://dco-node137-10g:5012
1459268042385	<INFO 7f9dc4ff4700> SLIPSTORE::COMM Listening at tcp://ens1f0:5073
1459268042389	<INFO 7f9dc4ff4700> SLIPSTORE::COMM Connecting to tcp://dco-node138-10g:5030
1459268042393	<INFO 7f9dc4ff4700> SLIPSTORE::COMM Listening at tcp://ens1f0:5074
1459268042397	<INFO 7f9dc4ff4700> SLIPSTORE::COMM Connecting to tcp://dco-node139-10g:5048
1459268042401	<INFO 7f9dc4ff4700> SLIPSTORE::COMM Listening at tcp://ens1f0:5075
1459268042404	<INFO 7f9dc4ff4700> SLIPSTORE::COMM Connecting to tcp://dco-node140-10g:5066
1459268042408	<INFO 7f9dc4ff4700> SLIPSTORE::COMM Listening at ipc://server
1459268042411	<INFO 7f9dc4ff4700> SLIPSTORE::COMM Connecting to ipc://client
1459268042415	<INFO 7f9dc4ff4700> SLIPSTORE::COMM Listening at tcp://ens1f0:5077
1459268042419	<INFO 7f9dc4ff4700> SLIPSTORE::COMM Connecting to tcp://dco-node142-10g:5102
1459268042423	<INFO 7f9dc4ff4700> SLIPSTORE::COMM Listening at tcp://ens1f0:5078
1459268042426	<INFO 7f9dc4ff4700> SLIPSTORE::COMM Connecting to tcp://dco-node143-10g:5120
1459268042430	<INFO 7f9dc4ff4700> SLIPSTORE::COMM Listening at tcp://ens1f0:5079
1459268042433	<INFO 7f9dc4ff4700> SLIPSTORE::COMM Connecting to tcp://dco-node144-10g:5138
1459268042478	<INFO 7fbbdb23d740> SLIPSTORE::CHECKPOINTS NONE FOUND
1459268042480	<INFO 7fbbdb23d740> 2016-03-29 18:14:02 Start edge split
1459268042484	<INFO 7fbbdb23d740> 2016-03-29 18:14:02 Check1
1459268042488	<INFO 7fbbdb23d740> 2016-03-29 18:14:02 Check2
1459268042491	<INFO 7fbbdb23d740> 2016-03-29 18:14:02 Check3
1459268042495	<INFO 7fbbdb23d740> 2016-03-29 18:14:02 Check4
1459268042497	<INFO 7fbbdb23d740> 2016-03-29 18:14:02 Check5
1459268042501	<INFO 7fbbdb23d740> 2016-03-29 18:14:02 Check7
1459268042504	<INFO 7fbbdb23d740> 2016-03-29 18:14:02 CheckA
1459268042508	<INFO 7fbbdb23d740> 2016-03-29 18:14:02 CheckB
1459268042511	<INFO 7fbbdb23d740> 2016-03-29 18:14:02 CheckC
1459268042514	<INFO 7fbbdb23d740> 2016-03-29 18:14:02 CheckD
1459268042518	<INFO 7fbbdb23d740> 2016-03-29 18:14:02 CheckE
1459268042521	<INFO 7fbbdb23d740> 2016-03-29 18:14:02 CheckF
1459268042525	<INFO 7fbbdb23d740> 2016-03-29 18:14:02 CheckG
1459268042529	<INFO 7fbbdb23d740> 2016-03-29 18:14:02 CheckH
1459268042531	<INFO 7fbbdb23d740> 2016-03-29 18:14:02 CheckI
1459268044097	<INFO 7fbbdb23d740> 2016-03-29 18:14:04 CheckJ
1459268044099	<INFO 7fbbdb23d740> 2016-03-29 18:14:04 CheckK
1459268044102	<INFO 7fbbdb23d740> 2016-03-29 18:14:04 CheckL
1459268044104	<INFO 7fbbdb23d740> 2016-03-29 18:14:04 CheckM
1459268044107	<INFO 7fbbdb23d740> 2016-03-29 18:14:04 CheckN
1459268044453	<INFO 7fbbdb23d740> 2016-03-29 18:14:04 CheckO
1459268044456	<INFO 7fbbdb23d740> 2016-03-29 18:14:04 CheckP
1459268044459	<INFO 7fbbdb23d740> 2016-03-29 18:14:04 CheckQ
1459268044462	<INFO 7fbbdb23d740> 2016-03-29 18:14:04 CheckI
1459268045591	<INFO 7fbbdb23d740> 2016-03-29 18:14:05 CheckJ
1459268045595	<INFO 7fbbdb23d740> 2016-03-29 18:14:05 CheckK
1459268045597	<INFO 7fbbdb23d740> 2016-03-29 18:14:05 CheckL
1459268045600	<INFO 7fbbdb23d740> 2016-03-29 18:14:05 CheckM
1459268045602	<INFO 7fbbdb23d740> 2016-03-29 18:14:05 CheckN
1459268046700	<INFO 7fbbdb23d740> 2016-03-29 18:14:06 CheckO
1459268046702	<INFO 7fbbdb23d740> 2016-03-29 18:14:06 CheckP
1459268046705	<INFO 7fbbdb23d740> 2016-03-29 18:14:06 CheckQ
1459268046707	<INFO 7fbbdb23d740> 2016-03-29 18:14:06 CheckI
1459268048354	<INFO 7fbbdb23d740> 2016-03-29 18:14:08 CheckJ
1459268048357	<INFO 7fbbdb23d740> 2016-03-29 18:14:08 CheckK
1459268048361	<INFO 7fbbdb23d740> 2016-03-29 18:14:08 CheckL
1459268048364	<INFO 7fbbdb23d740> 2016-03-29 18:14:08 CheckM
1459268048367	<INFO 7fbbdb23d740> 2016-03-29 18:14:08 CheckN
1459268049807	<INFO 7fbbdb23d740> 2016-03-29 18:14:09 CheckO
1459268049809	<INFO 7fbbdb23d740> 2016-03-29 18:14:09 CheckP
1459268049812	<INFO 7fbbdb23d740> 2016-03-29 18:14:09 CheckQ
1459268049814	<INFO 7fbbdb23d740> 2016-03-29 18:14:09 CheckI
1459268052239	<INFO 7fbbdb23d740> 2016-03-29 18:14:12 CheckJ
1459268052242	<INFO 7fbbdb23d740> 2016-03-29 18:14:12 CheckK
1459268052244	<INFO 7fbbdb23d740> 2016-03-29 18:14:12 CheckL
1459268052248	<INFO 7fbbdb23d740> 2016-03-29 18:14:12 CheckM
1459268052251	<INFO 7fbbdb23d740> 2016-03-29 18:14:12 CheckN
1459268054286	<INFO 7fbbdb23d740> 2016-03-29 18:14:14 CheckO
1459268054289	<INFO 7fbbdb23d740> 2016-03-29 18:14:14 CheckP
1459268054291	<INFO 7fbbdb23d740> 2016-03-29 18:14:14 CheckQ
1459268054293	<INFO 7fbbdb23d740> 2016-03-29 18:14:14 CheckI
1459268057013	<INFO 7fbbdb23d740> 2016-03-29 18:14:17 CheckJ
1459268057016	<INFO 7fbbdb23d740> 2016-03-29 18:14:17 CheckK
1459268057019	<INFO 7fbbdb23d740> 2016-03-29 18:14:17 CheckL
1459268057021	<INFO 7fbbdb23d740> 2016-03-29 18:14:17 CheckM
1459268057024	<INFO 7fbbdb23d740> 2016-03-29 18:14:17 CheckN
1459268058967	<INFO 7fbbdb23d740> 2016-03-29 18:14:18 CheckO
1459268058969	<INFO 7fbbdb23d740> 2016-03-29 18:14:18 CheckP
1459268058972	<INFO 7fbbdb23d740> 2016-03-29 18:14:18 CheckQ
1459268058974	<INFO 7fbbdb23d740> 2016-03-29 18:14:18 CheckI
1459268060399	<INFO 7fbbdb23d740> 2016-03-29 18:14:20 CheckJ
1459268060402	<INFO 7fbbdb23d740> 2016-03-29 18:14:20 CheckK
1459268060405	<INFO 7fbbdb23d740> 2016-03-29 18:14:20 CheckL
1459268060409	<INFO 7fbbdb23d740> 2016-03-29 18:14:20 CheckM
1459268060411	<INFO 7fbbdb23d740> 2016-03-29 18:14:20 CheckN
1459268062061	<INFO 7fbbdb23d740> 2016-03-29 18:14:22 CheckO
1459268062065	<INFO 7fbbdb23d740> 2016-03-29 18:14:22 CheckP
1459268062068	<INFO 7fbbdb23d740> 2016-03-29 18:14:22 CheckQ
1459268062071	<INFO 7fbbdb23d740> 2016-03-29 18:14:22 CheckI
1459268063973	<INFO 7fbbdb23d740> 2016-03-29 18:14:23 CheckJ
1459268063976	<INFO 7fbbdb23d740> 2016-03-29 18:14:23 CheckK
1459268063978	<INFO 7fbbdb23d740> 2016-03-29 18:14:23 CheckL
1459268063981	<INFO 7fbbdb23d740> 2016-03-29 18:14:23 CheckM
1459268063983	<INFO 7fbbdb23d740> 2016-03-29 18:14:23 CheckN
1459268066130	<INFO 7fbbdb23d740> 2016-03-29 18:14:26 CheckO
1459268066132	<INFO 7fbbdb23d740> 2016-03-29 18:14:26 CheckP
1459268066134	<INFO 7fbbdb23d740> 2016-03-29 18:14:26 CheckQ
1459268066137	<INFO 7fbbdb23d740> 2016-03-29 18:14:26 CheckI
1459268068135	<INFO 7fbbdb23d740> 2016-03-29 18:14:28 CheckJ
1459268068138	<INFO 7fbbdb23d740> 2016-03-29 18:14:28 CheckK
1459268068140	<INFO 7fbbdb23d740> 2016-03-29 18:14:28 CheckL
1459268068143	<INFO 7fbbdb23d740> 2016-03-29 18:14:28 CheckM
1459268068145	<INFO 7fbbdb23d740> 2016-03-29 18:14:28 CheckN
1459268070161	<INFO 7fbbdb23d740> 2016-03-29 18:14:30 CheckO
1459268070164	<INFO 7fbbdb23d740> 2016-03-29 18:14:30 CheckP
1459268070167	<INFO 7fbbdb23d740> 2016-03-29 18:14:30 CheckQ
1459268070169	<INFO 7fbbdb23d740> 2016-03-29 18:14:30 CheckI
1459268072919	<INFO 7fbbdb23d740> 2016-03-29 18:14:32 CheckJ
1459268072922	<INFO 7fbbdb23d740> 2016-03-29 18:14:32 CheckK
1459268072925	<INFO 7fbbdb23d740> 2016-03-29 18:14:32 CheckL
1459268072928	<INFO 7fbbdb23d740> 2016-03-29 18:14:32 CheckM
1459268072930	<INFO 7fbbdb23d740> 2016-03-29 18:14:32 CheckN
1459268073692	<INFO 7fbbdb23d740> 2016-03-29 18:14:33 CheckO
1459268073695	<INFO 7fbbdb23d740> 2016-03-29 18:14:33 CheckP
1459268073697	<INFO 7fbbdb23d740> 2016-03-29 18:14:33 CheckQ
1459268073700	<INFO 7fbbdb23d740> 2016-03-29 18:14:33 CheckI
1459268077202	<INFO 7fbbdb23d740> 2016-03-29 18:14:37 CheckJ
1459268077205	<INFO 7fbbdb23d740> 2016-03-29 18:14:37 CheckK
1459268077207	<INFO 7fbbdb23d740> 2016-03-29 18:14:37 CheckL
1459268077210	<INFO 7fbbdb23d740> 2016-03-29 18:14:37 CheckM
1459268077212	<INFO 7fbbdb23d740> 2016-03-29 18:14:37 CheckN
1459268078814	<INFO 7fbbdb23d740> 2016-03-29 18:14:38 CheckO
1459268078819	<INFO 7fbbdb23d740> 2016-03-29 18:14:38 CheckP
1459268078823	<INFO 7fbbdb23d740> 2016-03-29 18:14:38 CheckQ
1459268078826	<INFO 7fbbdb23d740> 2016-03-29 18:14:38 CheckI
1459268080734	<INFO 7fbbdb23d740> 2016-03-29 18:14:40 CheckJ
1459268080737	<INFO 7fbbdb23d740> 2016-03-29 18:14:40 CheckK
1459268080740	<INFO 7fbbdb23d740> 2016-03-29 18:14:40 CheckL
1459268080742	<INFO 7fbbdb23d740> 2016-03-29 18:14:40 CheckM
1459268080744	<INFO 7fbbdb23d740> 2016-03-29 18:14:40 CheckN
1459268082146	<INFO 7fbbdb23d740> 2016-03-29 18:14:42 CheckO
1459268082148	<INFO 7fbbdb23d740> 2016-03-29 18:14:42 CheckP
1459268082151	<INFO 7fbbdb23d740> 2016-03-29 18:14:42 CheckQ
1459268082153	<INFO 7fbbdb23d740> 2016-03-29 18:14:42 CheckI
1459268084644	<INFO 7fbbdb23d740> 2016-03-29 18:14:44 CheckJ
1459268084646	<INFO 7fbbdb23d740> 2016-03-29 18:14:44 CheckK
1459268084649	<INFO 7fbbdb23d740> 2016-03-29 18:14:44 CheckL
1459268084651	<INFO 7fbbdb23d740> 2016-03-29 18:14:44 CheckM
1459268084654	<INFO 7fbbdb23d740> 2016-03-29 18:14:44 CheckN
1459268086727	<INFO 7fbbdb23d740> 2016-03-29 18:14:46 CheckO
1459268086730	<INFO 7fbbdb23d740> 2016-03-29 18:14:46 CheckP
1459268086732	<INFO 7fbbdb23d740> 2016-03-29 18:14:46 CheckQ
1459268086735	<INFO 7fbbdb23d740> 2016-03-29 18:14:46 CheckI
1459268089402	<INFO 7fbbdb23d740> 2016-03-29 18:14:49 CheckJ
1459268089408	<INFO 7fbbdb23d740> 2016-03-29 18:14:49 CheckK
1459268089411	<INFO 7fbbdb23d740> 2016-03-29 18:14:49 CheckL
1459268089414	<INFO 7fbbdb23d740> 2016-03-29 18:14:49 CheckM
1459268089416	<INFO 7fbbdb23d740> 2016-03-29 18:14:49 CheckN
1459268090806	<INFO 7fbbdb23d740> 2016-03-29 18:14:50 CheckO
1459268090809	<INFO 7fbbdb23d740> 2016-03-29 18:14:50 CheckP
1459268090811	<INFO 7fbbdb23d740> 2016-03-29 18:14:50 CheckQ
1459268090814	<INFO 7fbbdb23d740> 2016-03-29 18:14:50 CheckI
1459268092997	<INFO 7fbbdb23d740> 2016-03-29 18:14:52 CheckJ
1459268093002	<INFO 7fbbdb23d740> 2016-03-29 18:14:52 CheckK
1459268093005	<INFO 7fbbdb23d740> 2016-03-29 18:14:52 CheckL
1459268093008	<INFO 7fbbdb23d740> 2016-03-29 18:14:52 CheckM
1459268093012	<INFO 7fbbdb23d740> 2016-03-29 18:14:52 CheckN
1459268095654	<INFO 7fbbdb23d740> 2016-03-29 18:14:55 CheckO
1459268095657	<INFO 7fbbdb23d740> 2016-03-29 18:14:55 CheckP
1459268095660	<INFO 7fbbdb23d740> 2016-03-29 18:14:55 CheckQ
1459268095662	<INFO 7fbbdb23d740> 2016-03-29 18:14:55 CheckI
1459268098327	<INFO 7fbbdb23d740> 2016-03-29 18:14:58 CheckJ
1459268098329	<INFO 7fbbdb23d740> 2016-03-29 18:14:58 CheckK
1459268098332	<INFO 7fbbdb23d740> 2016-03-29 18:14:58 CheckL
1459268098335	<INFO 7fbbdb23d740> 2016-03-29 18:14:58 CheckM
1459268098337	<INFO 7fbbdb23d740> 2016-03-29 18:14:58 CheckN
1459268100378	<INFO 7fbbdb23d740> 2016-03-29 18:15:00 CheckO
1459268100380	<INFO 7fbbdb23d740> 2016-03-29 18:15:00 CheckP
1459268100382	<INFO 7fbbdb23d740> 2016-03-29 18:15:00 CheckQ
1459268100385	<INFO 7fbbdb23d740> 2016-03-29 18:15:00 CheckI
1459268101917	<INFO 7fbbdb23d740> 2016-03-29 18:15:01 CheckJ
1459268101919	<INFO 7fbbdb23d740> 2016-03-29 18:15:01 CheckK
1459268101923	<INFO 7fbbdb23d740> 2016-03-29 18:15:01 CheckL
1459268101925	<INFO 7fbbdb23d740> 2016-03-29 18:15:01 CheckM
1459268101928	<INFO 7fbbdb23d740> 2016-03-29 18:15:01 CheckN
1459268103726	<INFO 7fbbdb23d740> 2016-03-29 18:15:03 CheckO
1459268103729	<INFO 7fbbdb23d740> 2016-03-29 18:15:03 CheckP
1459268103731	<INFO 7fbbdb23d740> 2016-03-29 18:15:03 CheckQ
1459268103734	<INFO 7fbbdb23d740> 2016-03-29 18:15:03 CheckI
1459268105403	<INFO 7fbbdb23d740> 2016-03-29 18:15:05 CheckJ
1459268105408	<INFO 7fbbdb23d740> 2016-03-29 18:15:05 CheckK
1459268105412	<INFO 7fbbdb23d740> 2016-03-29 18:15:05 CheckL
1459268105414	<INFO 7fbbdb23d740> 2016-03-29 18:15:05 CheckM
1459268105417	<INFO 7fbbdb23d740> 2016-03-29 18:15:05 CheckN
1459268107463	<INFO 7fbbdb23d740> 2016-03-29 18:15:07 CheckO
1459268107466	<INFO 7fbbdb23d740> 2016-03-29 18:15:07 CheckP
1459268107469	<INFO 7fbbdb23d740> 2016-03-29 18:15:07 CheckQ
1459268107472	<INFO 7fbbdb23d740> 2016-03-29 18:15:07 CheckI
1459268110254	<INFO 7fbbdb23d740> 2016-03-29 18:15:10 CheckJ
1459268110258	<INFO 7fbbdb23d740> 2016-03-29 18:15:10 CheckK
1459268110261	<INFO 7fbbdb23d740> 2016-03-29 18:15:10 CheckL
1459268110264	<INFO 7fbbdb23d740> 2016-03-29 18:15:10 CheckM
1459268110266	<INFO 7fbbdb23d740> 2016-03-29 18:15:10 CheckN
1459268113209	<INFO 7fbbdb23d740> 2016-03-29 18:15:13 CheckO
1459268113211	<INFO 7fbbdb23d740> 2016-03-29 18:15:13 CheckP
1459268113214	<INFO 7fbbdb23d740> 2016-03-29 18:15:13 CheckQ
1459268113216	<INFO 7fbbdb23d740> 2016-03-29 18:15:13 CheckI
1459268115958	<INFO 7fbbdb23d740> 2016-03-29 18:15:15 CheckJ
1459268115960	<INFO 7fbbdb23d740> 2016-03-29 18:15:15 CheckK
1459268115963	<INFO 7fbbdb23d740> 2016-03-29 18:15:15 CheckL
1459268115965	<INFO 7fbbdb23d740> 2016-03-29 18:15:15 CheckM
1459268115968	<INFO 7fbbdb23d740> 2016-03-29 18:15:15 CheckN
1459268117648	<INFO 7fbbdb23d740> 2016-03-29 18:15:17 CheckO
1459268117651	<INFO 7fbbdb23d740> 2016-03-29 18:15:17 CheckP
1459268117654	<INFO 7fbbdb23d740> 2016-03-29 18:15:17 CheckQ
1459268117657	<INFO 7fbbdb23d740> 2016-03-29 18:15:17 CheckI
1459268120793	<INFO 7fbbdb23d740> 2016-03-29 18:15:20 CheckJ
1459268120797	<INFO 7fbbdb23d740> 2016-03-29 18:15:20 CheckK
1459268120799	<INFO 7fbbdb23d740> 2016-03-29 18:15:20 CheckL
1459268120802	<INFO 7fbbdb23d740> 2016-03-29 18:15:20 CheckM
1459268120805	<INFO 7fbbdb23d740> 2016-03-29 18:15:20 CheckN
1459268123586	<INFO 7fbbdb23d740> 2016-03-29 18:15:23 CheckO
1459268123588	<INFO 7fbbdb23d740> 2016-03-29 18:15:23 CheckP
1459268123591	<INFO 7fbbdb23d740> 2016-03-29 18:15:23 CheckQ
1459268123593	<INFO 7fbbdb23d740> 2016-03-29 18:15:23 CheckI
1459268125258	<INFO 7fbbdb23d740> 2016-03-29 18:15:25 CheckJ
1459268125261	<INFO 7fbbdb23d740> 2016-03-29 18:15:25 CheckK
1459268125265	<INFO 7fbbdb23d740> 2016-03-29 18:15:25 CheckL
1459268125267	<INFO 7fbbdb23d740> 2016-03-29 18:15:25 CheckM
1459268125272	<INFO 7fbbdb23d740> 2016-03-29 18:15:25 CheckN
1459268125962	<INFO 7fbbdb23d740> 2016-03-29 18:15:25 CheckO
1459268125964	<INFO 7fbbdb23d740> 2016-03-29 18:15:25 CheckP
1459268125967	<INFO 7fbbdb23d740> 2016-03-29 18:15:25 CheckQ
1459268125970	<INFO 7fbbdb23d740> 2016-03-29 18:15:25 CheckI
1459268129886	<INFO 7fbbdb23d740> 2016-03-29 18:15:29 CheckJ
1459268129889	<INFO 7fbbdb23d740> 2016-03-29 18:15:29 CheckK
1459268129891	<INFO 7fbbdb23d740> 2016-03-29 18:15:29 CheckL
1459268129894	<INFO 7fbbdb23d740> 2016-03-29 18:15:29 CheckM
1459268129898	<INFO 7fbbdb23d740> 2016-03-29 18:15:29 CheckN
1459268132421	<INFO 7fbbdb23d740> 2016-03-29 18:15:32 CheckO
1459268132424	<INFO 7fbbdb23d740> 2016-03-29 18:15:32 CheckP
1459268132426	<INFO 7fbbdb23d740> 2016-03-29 18:15:32 CheckQ
1459268132429	<INFO 7fbbdb23d740> 2016-03-29 18:15:32 CheckI
1459268134757	<INFO 7fbbdb23d740> 2016-03-29 18:15:34 CheckJ
1459268134759	<INFO 7fbbdb23d740> 2016-03-29 18:15:34 CheckK
1459268134763	<INFO 7fbbdb23d740> 2016-03-29 18:15:34 CheckL
1459268134765	<INFO 7fbbdb23d740> 2016-03-29 18:15:34 CheckM
1459268134768	<INFO 7fbbdb23d740> 2016-03-29 18:15:34 CheckN
1459268138068	<INFO 7fbbdb23d740> 2016-03-29 18:15:38 CheckO
1459268138071	<INFO 7fbbdb23d740> 2016-03-29 18:15:38 CheckP
1459268138074	<INFO 7fbbdb23d740> 2016-03-29 18:15:38 CheckQ
1459268138076	<INFO 7fbbdb23d740> 2016-03-29 18:15:38 CheckI
1459268140683	<INFO 7fbbdb23d740> 2016-03-29 18:15:40 CheckJ
1459268140685	<INFO 7fbbdb23d740> 2016-03-29 18:15:40 CheckK
1459268140688	<INFO 7fbbdb23d740> 2016-03-29 18:15:40 CheckL
1459268140691	<INFO 7fbbdb23d740> 2016-03-29 18:15:40 CheckM
1459268140694	<INFO 7fbbdb23d740> 2016-03-29 18:15:40 CheckN
1459268142402	<INFO 7fbbdb23d740> 2016-03-29 18:15:42 CheckO
1459268142405	<INFO 7fbbdb23d740> 2016-03-29 18:15:42 CheckP
1459268142407	<INFO 7fbbdb23d740> 2016-03-29 18:15:42 CheckQ
1459268142409	<INFO 7fbbdb23d740> 2016-03-29 18:15:42 CheckI
1459268145260	<INFO 7fbbdb23d740> 2016-03-29 18:15:45 CheckJ
1459268145263	<INFO 7fbbdb23d740> 2016-03-29 18:15:45 CheckK
1459268145268	<INFO 7fbbdb23d740> 2016-03-29 18:15:45 CheckL
1459268145271	<INFO 7fbbdb23d740> 2016-03-29 18:15:45 CheckM
1459268145273	<INFO 7fbbdb23d740> 2016-03-29 18:15:45 CheckN
1459268146856	<INFO 7fbbdb23d740> 2016-03-29 18:15:46 CheckO
1459268146859	<INFO 7fbbdb23d740> 2016-03-29 18:15:46 CheckP
1459268146862	<INFO 7fbbdb23d740> 2016-03-29 18:15:46 CheckQ
1459268146864	<INFO 7fbbdb23d740> 2016-03-29 18:15:46 CheckI
1459268147987	<INFO 7fbbdb23d740> 2016-03-29 18:15:47 CheckJ
1459268147990	<INFO 7fbbdb23d740> 2016-03-29 18:15:47 CheckK
1459268147993	<INFO 7fbbdb23d740> 2016-03-29 18:15:47 CheckL
1459268147995	<INFO 7fbbdb23d740> 2016-03-29 18:15:47 CheckM
1459268147998	<INFO 7fbbdb23d740> 2016-03-29 18:15:47 CheckN
1459268150756	<INFO 7fbbdb23d740> 2016-03-29 18:15:50 CheckO
1459268150759	<INFO 7fbbdb23d740> 2016-03-29 18:15:50 CheckP
1459268150761	<INFO 7fbbdb23d740> 2016-03-29 18:15:50 CheckQ
1459268150764	<INFO 7fbbdb23d740> 2016-03-29 18:15:50 CheckI
1459268154097	<INFO 7fbbdb23d740> 2016-03-29 18:15:54 CheckJ
1459268154101	<INFO 7fbbdb23d740> 2016-03-29 18:15:54 CheckK
1459268154103	<INFO 7fbbdb23d740> 2016-03-29 18:15:54 CheckL
1459268154106	<INFO 7fbbdb23d740> 2016-03-29 18:15:54 CheckM
1459268154109	<INFO 7fbbdb23d740> 2016-03-29 18:15:54 CheckN
1459268156877	<INFO 7fbbdb23d740> 2016-03-29 18:15:56 CheckO
1459268156880	<INFO 7fbbdb23d740> 2016-03-29 18:15:56 CheckP
1459268156882	<INFO 7fbbdb23d740> 2016-03-29 18:15:56 CheckQ
1459268156885	<INFO 7fbbdb23d740> 2016-03-29 18:15:56 CheckI
1459268158583	<INFO 7fbbdb23d740> 2016-03-29 18:15:58 CheckJ
1459268158586	<INFO 7fbbdb23d740> 2016-03-29 18:15:58 CheckK
1459268158590	<INFO 7fbbdb23d740> 2016-03-29 18:15:58 CheckL
1459268158593	<INFO 7fbbdb23d740> 2016-03-29 18:15:58 CheckM
1459268158596	<INFO 7fbbdb23d740> 2016-03-29 18:15:58 CheckN
1459268160684	<INFO 7fbbdb23d740> 2016-03-29 18:16:00 CheckO
1459268160686	<INFO 7fbbdb23d740> 2016-03-29 18:16:00 CheckP
1459268160689	<INFO 7fbbdb23d740> 2016-03-29 18:16:00 CheckQ
1459268160692	<INFO 7fbbdb23d740> 2016-03-29 18:16:00 CheckI
1459268163572	<INFO 7fbbdb23d740> 2016-03-29 18:16:03 CheckJ
1459268163574	<INFO 7fbbdb23d740> 2016-03-29 18:16:03 CheckK
1459268163577	<INFO 7fbbdb23d740> 2016-03-29 18:16:03 CheckL
1459268163580	<INFO 7fbbdb23d740> 2016-03-29 18:16:03 CheckM
1459268163582	<INFO 7fbbdb23d740> 2016-03-29 18:16:03 CheckN
1459268164969	<INFO 7fbbdb23d740> 2016-03-29 18:16:04 CheckO
1459268164972	<INFO 7fbbdb23d740> 2016-03-29 18:16:04 CheckP
1459268164974	<INFO 7fbbdb23d740> 2016-03-29 18:16:04 CheckQ
1459268164977	<INFO 7fbbdb23d740> 2016-03-29 18:16:04 CheckI
1459268168685	<INFO 7fbbdb23d740> 2016-03-29 18:16:08 CheckJ
1459268168687	<INFO 7fbbdb23d740> 2016-03-29 18:16:08 CheckK
1459268168690	<INFO 7fbbdb23d740> 2016-03-29 18:16:08 CheckL
1459268168693	<INFO 7fbbdb23d740> 2016-03-29 18:16:08 CheckM
1459268168696	<INFO 7fbbdb23d740> 2016-03-29 18:16:08 CheckN
1459268170375	<INFO 7fbbdb23d740> 2016-03-29 18:16:10 CheckO
1459268170378	<INFO 7fbbdb23d740> 2016-03-29 18:16:10 CheckP
1459268170380	<INFO 7fbbdb23d740> 2016-03-29 18:16:10 CheckQ
1459268170382	<INFO 7fbbdb23d740> 2016-03-29 18:16:10 CheckI
1459268174888	<INFO 7fbbdb23d740> 2016-03-29 18:16:14 CheckJ
1459268174891	<INFO 7fbbdb23d740> 2016-03-29 18:16:14 CheckK
1459268174894	<INFO 7fbbdb23d740> 2016-03-29 18:16:14 CheckL
1459268174896	<INFO 7fbbdb23d740> 2016-03-29 18:16:14 CheckM
1459268174898	<INFO 7fbbdb23d740> 2016-03-29 18:16:14 CheckN
1459268177720	<INFO 7fbbdb23d740> 2016-03-29 18:16:17 CheckO
1459268177727	<INFO 7fbbdb23d740> 2016-03-29 18:16:17 CheckP
1459268177729	<INFO 7fbbdb23d740> 2016-03-29 18:16:17 CheckQ
1459268177732	<INFO 7fbbdb23d740> 2016-03-29 18:16:17 CheckI
1459268180782	<INFO 7fbbdb23d740> 2016-03-29 18:16:20 CheckJ
1459268180785	<INFO 7fbbdb23d740> 2016-03-29 18:16:20 CheckK
1459268180788	<INFO 7fbbdb23d740> 2016-03-29 18:16:20 CheckL
1459268180791	<INFO 7fbbdb23d740> 2016-03-29 18:16:20 CheckM
1459268180795	<INFO 7fbbdb23d740> 2016-03-29 18:16:20 CheckN
1459268182417	<INFO 7fbbdb23d740> 2016-03-29 18:16:22 CheckO
1459268182419	<INFO 7fbbdb23d740> 2016-03-29 18:16:22 CheckP
1459268182421	<INFO 7fbbdb23d740> 2016-03-29 18:16:22 CheckQ
1459268182424	<INFO 7fbbdb23d740> 2016-03-29 18:16:22 CheckI
1459268186075	<INFO 7fbbdb23d740> 2016-03-29 18:16:26 CheckJ
1459268186077	<INFO 7fbbdb23d740> 2016-03-29 18:16:26 CheckK
1459268186080	<INFO 7fbbdb23d740> 2016-03-29 18:16:26 CheckL
1459268186083	<INFO 7fbbdb23d740> 2016-03-29 18:16:26 CheckM
1459268186086	<INFO 7fbbdb23d740> 2016-03-29 18:16:26 CheckN
1459268188559	<INFO 7fbbdb23d740> 2016-03-29 18:16:28 CheckO
1459268188562	<INFO 7fbbdb23d740> 2016-03-29 18:16:28 CheckP
1459268188565	<INFO 7fbbdb23d740> 2016-03-29 18:16:28 CheckQ
1459268188569	<INFO 7fbbdb23d740> 2016-03-29 18:16:28 CheckI
1459268191968	<INFO 7fbbdb23d740> 2016-03-29 18:16:31 CheckJ
1459268191971	<INFO 7fbbdb23d740> 2016-03-29 18:16:31 CheckK
1459268191973	<INFO 7fbbdb23d740> 2016-03-29 18:16:31 CheckL
1459268191976	<INFO 7fbbdb23d740> 2016-03-29 18:16:31 CheckM
1459268191980	<INFO 7fbbdb23d740> 2016-03-29 18:16:31 CheckN
1459268193338	<INFO 7fbbdb23d740> 2016-03-29 18:16:33 CheckO
1459268193343	<INFO 7fbbdb23d740> 2016-03-29 18:16:33 CheckP
1459268193346	<INFO 7fbbdb23d740> 2016-03-29 18:16:33 CheckQ
1459268193349	<INFO 7fbbdb23d740> 2016-03-29 18:16:33 CheckI
1459268197980	<INFO 7fbbdb23d740> 2016-03-29 18:16:37 CheckJ
1459268197984	<INFO 7fbbdb23d740> 2016-03-29 18:16:37 CheckK
1459268197987	<INFO 7fbbdb23d740> 2016-03-29 18:16:37 CheckL
1459268197990	<INFO 7fbbdb23d740> 2016-03-29 18:16:37 CheckM
1459268197994	<INFO 7fbbdb23d740> 2016-03-29 18:16:37 CheckN
1459268199095	<INFO 7fbbdb23d740> 2016-03-29 18:16:39 CheckO
1459268199098	<INFO 7fbbdb23d740> 2016-03-29 18:16:39 CheckP
1459268199101	<INFO 7fbbdb23d740> 2016-03-29 18:16:39 CheckQ
1459268199103	<INFO 7fbbdb23d740> 2016-03-29 18:16:39 CheckI
1459268199194	<INFO 7fbbdb23d740> 2016-03-29 18:16:39 Check8
1459268199921	<INFO 7fbbdb23d740> 2016-03-29 18:16:39 Check9
1459268199924	<INFO 7fbbdb23d740> 2016-03-29 18:16:39 Completed init
1459268200732	<INFO 7fbbdb23d740> 2016-03-29 18:16:40 Started gather
1459268201199	<INFO 7fbbdb23d740> 2016-03-29 18:16:41 CheckA
1459268201202	<INFO 7fbbdb23d740> 2016-03-29 18:16:41 CheckB
1459268201205	<INFO 7fbbdb23d740> 2016-03-29 18:16:41 CheckC
1459268201207	<INFO 7fbbdb23d740> 2016-03-29 18:16:41 CheckD
1459268201209	<INFO 7fbbdb23d740> 2016-03-29 18:16:41 CheckE
1459268201212	<INFO 7fbbdb23d740> 2016-03-29 18:16:41 CheckF
1459268201214	<INFO 7fbbdb23d740> 2016-03-29 18:16:41 CheckG
1459268201217	<INFO 7fbbdb23d740> 2016-03-29 18:16:41 CheckH
1459268201219	<INFO 7fbbdb23d740> 2016-03-29 18:16:41 CheckI
1459268202249	<INFO 7fbbdb23d740> 2016-03-29 18:16:42 Completed gather
1459268202457	<INFO 7fbbdb23d740> 2016-03-29 18:16:42 Started gather
1459268203317	<INFO 7fbbdb23d740> 2016-03-29 18:16:43 CheckA
1459268203319	<INFO 7fbbdb23d740> 2016-03-29 18:16:43 CheckB
1459268203322	<INFO 7fbbdb23d740> 2016-03-29 18:16:43 CheckC
1459268203325	<INFO 7fbbdb23d740> 2016-03-29 18:16:43 CheckD
1459268203328	<INFO 7fbbdb23d740> 2016-03-29 18:16:43 CheckE
1459268203330	<INFO 7fbbdb23d740> 2016-03-29 18:16:43 CheckF
1459268203333	<INFO 7fbbdb23d740> 2016-03-29 18:16:43 CheckG
1459268203335	<INFO 7fbbdb23d740> 2016-03-29 18:16:43 CheckH
1459268203337	<INFO 7fbbdb23d740> 2016-03-29 18:16:43 CheckI
1459268205408	<INFO 7fbbdb23d740> 2016-03-29 18:16:45 CheckJ
1459268205411	<INFO 7fbbdb23d740> 2016-03-29 18:16:45 CheckK
1459268205414	<INFO 7fbbdb23d740> 2016-03-29 18:16:45 CheckL
1459268205416	<INFO 7fbbdb23d740> 2016-03-29 18:16:45 CheckM
1459268205419	<INFO 7fbbdb23d740> 2016-03-29 18:16:45 CheckN
1459268205632	<INFO 7fbbdb23d740> 2016-03-29 18:16:45 CheckO
1459268205635	<INFO 7fbbdb23d740> 2016-03-29 18:16:45 CheckP
1459268205637	<INFO 7fbbdb23d740> 2016-03-29 18:16:45 CheckQ
1459268205640	<INFO 7fbbdb23d740> 2016-03-29 18:16:45 CheckI
1459268209102	<INFO 7fbbdb23d740> 2016-03-29 18:16:49 CheckJ
1459268209105	<INFO 7fbbdb23d740> 2016-03-29 18:16:49 CheckK
1459268209108	<INFO 7fbbdb23d740> 2016-03-29 18:16:49 CheckL
1459268209111	<INFO 7fbbdb23d740> 2016-03-29 18:16:49 CheckM
1459268209113	<INFO 7fbbdb23d740> 2016-03-29 18:16:49 CheckN
1459268209340	<INFO 7fbbdb23d740> 2016-03-29 18:16:49 CheckO
1459268209343	<INFO 7fbbdb23d740> 2016-03-29 18:16:49 CheckP
1459268209346	<INFO 7fbbdb23d740> 2016-03-29 18:16:49 CheckQ
1459268209348	<INFO 7fbbdb23d740> 2016-03-29 18:16:49 CheckI
1459268211363	<INFO 7fbbdb23d740> 2016-03-29 18:16:51 CheckJ
1459268211366	<INFO 7fbbdb23d740> 2016-03-29 18:16:51 CheckK
1459268211369	<INFO 7fbbdb23d740> 2016-03-29 18:16:51 CheckL
1459268211372	<INFO 7fbbdb23d740> 2016-03-29 18:16:51 CheckM
1459268211376	<INFO 7fbbdb23d740> 2016-03-29 18:16:51 CheckN
1459268211613	<INFO 7fbbdb23d740> 2016-03-29 18:16:51 CheckO
1459268211615	<INFO 7fbbdb23d740> 2016-03-29 18:16:51 CheckP
1459268211617	<INFO 7fbbdb23d740> 2016-03-29 18:16:51 CheckQ
1459268211620	<INFO 7fbbdb23d740> 2016-03-29 18:16:51 CheckI
1459268213470	<INFO 7fbbdb23d740> 2016-03-29 18:16:53 CheckJ
1459268213473	<INFO 7fbbdb23d740> 2016-03-29 18:16:53 CheckK
1459268213476	<INFO 7fbbdb23d740> 2016-03-29 18:16:53 CheckL
1459268213479	<INFO 7fbbdb23d740> 2016-03-29 18:16:53 CheckM
1459268213482	<INFO 7fbbdb23d740> 2016-03-29 18:16:53 CheckN
1459268213721	<INFO 7fbbdb23d740> 2016-03-29 18:16:53 CheckO
1459268213725	<INFO 7fbbdb23d740> 2016-03-29 18:16:53 CheckP
1459268213729	<INFO 7fbbdb23d740> 2016-03-29 18:16:53 CheckQ
1459268213732	<INFO 7fbbdb23d740> 2016-03-29 18:16:53 CheckI
1459268215443	<INFO 7fbbdb23d740> 2016-03-29 18:16:55 CheckJ
1459268215445	<INFO 7fbbdb23d740> 2016-03-29 18:16:55 CheckK
1459268215448	<INFO 7fbbdb23d740> 2016-03-29 18:16:55 CheckL
1459268215451	<INFO 7fbbdb23d740> 2016-03-29 18:16:55 CheckM
1459268215455	<INFO 7fbbdb23d740> 2016-03-29 18:16:55 CheckN
1459268215692	<INFO 7fbbdb23d740> 2016-03-29 18:16:55 CheckO
1459268215694	<INFO 7fbbdb23d740> 2016-03-29 18:16:55 CheckP
1459268215697	<INFO 7fbbdb23d740> 2016-03-29 18:16:55 CheckQ
1459268215700	<INFO 7fbbdb23d740> 2016-03-29 18:16:55 CheckI
1459268217475	<INFO 7fbbdb23d740> 2016-03-29 18:16:57 CheckJ
1459268217477	<INFO 7fbbdb23d740> 2016-03-29 18:16:57 CheckK
1459268217480	<INFO 7fbbdb23d740> 2016-03-29 18:16:57 CheckL
1459268217483	<INFO 7fbbdb23d740> 2016-03-29 18:16:57 CheckM
1459268217486	<INFO 7fbbdb23d740> 2016-03-29 18:16:57 CheckN
1459268217709	<INFO 7fbbdb23d740> 2016-03-29 18:16:57 CheckO
1459268217712	<INFO 7fbbdb23d740> 2016-03-29 18:16:57 CheckP
1459268217714	<INFO 7fbbdb23d740> 2016-03-29 18:16:57 CheckQ
1459268217716	<INFO 7fbbdb23d740> 2016-03-29 18:16:57 CheckI
1459268219493	<INFO 7fbbdb23d740> 2016-03-29 18:16:59 CheckJ
1459268219496	<INFO 7fbbdb23d740> 2016-03-29 18:16:59 CheckK
1459268219500	<INFO 7fbbdb23d740> 2016-03-29 18:16:59 CheckL
1459268219503	<INFO 7fbbdb23d740> 2016-03-29 18:16:59 CheckM
1459268219506	<INFO 7fbbdb23d740> 2016-03-29 18:16:59 CheckN
1459268219724	<INFO 7fbbdb23d740> 2016-03-29 18:16:59 CheckO
1459268219727	<INFO 7fbbdb23d740> 2016-03-29 18:16:59 CheckP
1459268219730	<INFO 7fbbdb23d740> 2016-03-29 18:16:59 CheckQ
1459268219733	<INFO 7fbbdb23d740> 2016-03-29 18:16:59 CheckI
1459268221461	<INFO 7fbbdb23d740> 2016-03-29 18:17:01 CheckJ
1459268221464	<INFO 7fbbdb23d740> 2016-03-29 18:17:01 CheckK
1459268221466	<INFO 7fbbdb23d740> 2016-03-29 18:17:01 CheckL
1459268221469	<INFO 7fbbdb23d740> 2016-03-29 18:17:01 CheckM
1459268221471	<INFO 7fbbdb23d740> 2016-03-29 18:17:01 CheckN
1459268221695	<INFO 7fbbdb23d740> 2016-03-29 18:17:01 CheckO
1459268221698	<INFO 7fbbdb23d740> 2016-03-29 18:17:01 CheckP
1459268221700	<INFO 7fbbdb23d740> 2016-03-29 18:17:01 CheckQ
1459268221703	<INFO 7fbbdb23d740> 2016-03-29 18:17:01 CheckI
1459268223450	<INFO 7fbbdb23d740> 2016-03-29 18:17:03 CheckJ
1459268223453	<INFO 7fbbdb23d740> 2016-03-29 18:17:03 CheckK
1459268223456	<INFO 7fbbdb23d740> 2016-03-29 18:17:03 CheckL
1459268223458	<INFO 7fbbdb23d740> 2016-03-29 18:17:03 CheckM
1459268223461	<INFO 7fbbdb23d740> 2016-03-29 18:17:03 CheckN
1459268223677	<INFO 7fbbdb23d740> 2016-03-29 18:17:03 CheckO
1459268223680	<INFO 7fbbdb23d740> 2016-03-29 18:17:03 CheckP
1459268223682	<INFO 7fbbdb23d740> 2016-03-29 18:17:03 CheckQ
1459268223685	<INFO 7fbbdb23d740> 2016-03-29 18:17:03 CheckI
1459268225445	<INFO 7fbbdb23d740> 2016-03-29 18:17:05 CheckJ
1459268225448	<INFO 7fbbdb23d740> 2016-03-29 18:17:05 CheckK
1459268225450	<INFO 7fbbdb23d740> 2016-03-29 18:17:05 CheckL
1459268225453	<INFO 7fbbdb23d740> 2016-03-29 18:17:05 CheckM
1459268225456	<INFO 7fbbdb23d740> 2016-03-29 18:17:05 CheckN
1459268225681	<INFO 7fbbdb23d740> 2016-03-29 18:17:05 CheckO
1459268225683	<INFO 7fbbdb23d740> 2016-03-29 18:17:05 CheckP
1459268225687	<INFO 7fbbdb23d740> 2016-03-29 18:17:05 CheckQ
1459268225689	<INFO 7fbbdb23d740> 2016-03-29 18:17:05 CheckI
1459268227348	<INFO 7fbbdb23d740> 2016-03-29 18:17:07 CheckJ
1459268227351	<INFO 7fbbdb23d740> 2016-03-29 18:17:07 CheckK
1459268227353	<INFO 7fbbdb23d740> 2016-03-29 18:17:07 CheckL
1459268227357	<INFO 7fbbdb23d740> 2016-03-29 18:17:07 CheckM
1459268227360	<INFO 7fbbdb23d740> 2016-03-29 18:17:07 CheckN
1459268227600	<INFO 7fbbdb23d740> 2016-03-29 18:17:07 CheckO
1459268227602	<INFO 7fbbdb23d740> 2016-03-29 18:17:07 CheckP
1459268227605	<INFO 7fbbdb23d740> 2016-03-29 18:17:07 CheckQ
1459268227607	<INFO 7fbbdb23d740> 2016-03-29 18:17:07 CheckI
1459268228852	<INFO 7fbbdb23d740> 2016-03-29 18:17:08 CheckJ
1459268228854	<INFO 7fbbdb23d740> 2016-03-29 18:17:08 CheckK
1459268228857	<INFO 7fbbdb23d740> 2016-03-29 18:17:08 CheckL
1459268228859	<INFO 7fbbdb23d740> 2016-03-29 18:17:08 CheckM
1459268228862	<INFO 7fbbdb23d740> 2016-03-29 18:17:08 CheckN
1459268229071	<INFO 7fbbdb23d740> 2016-03-29 18:17:09 CheckO
1459268229073	<INFO 7fbbdb23d740> 2016-03-29 18:17:09 CheckP
1459268229076	<INFO 7fbbdb23d740> 2016-03-29 18:17:09 CheckQ
1459268229078	<INFO 7fbbdb23d740> 2016-03-29 18:17:09 CheckI
1459268230175	<INFO 7fbbdb23d740> 2016-03-29 18:17:10 CheckJ
1459268230177	<INFO 7fbbdb23d740> 2016-03-29 18:17:10 CheckK
1459268230180	<INFO 7fbbdb23d740> 2016-03-29 18:17:10 CheckL
1459268230184	<INFO 7fbbdb23d740> 2016-03-29 18:17:10 CheckM
1459268230186	<INFO 7fbbdb23d740> 2016-03-29 18:17:10 CheckN
1459268230452	<INFO 7fbbdb23d740> 2016-03-29 18:17:10 CheckO
1459268230455	<INFO 7fbbdb23d740> 2016-03-29 18:17:10 CheckP
1459268230458	<INFO 7fbbdb23d740> 2016-03-29 18:17:10 CheckQ
1459268230461	<INFO 7fbbdb23d740> 2016-03-29 18:17:10 CheckI
1459268231385	<INFO 7fbbdb23d740> 2016-03-29 18:17:11 CheckJ
1459268231387	<INFO 7fbbdb23d740> 2016-03-29 18:17:11 CheckK
1459268231390	<INFO 7fbbdb23d740> 2016-03-29 18:17:11 CheckL
1459268231393	<INFO 7fbbdb23d740> 2016-03-29 18:17:11 CheckM
1459268231396	<INFO 7fbbdb23d740> 2016-03-29 18:17:11 CheckN
1459268231625	<INFO 7fbbdb23d740> 2016-03-29 18:17:11 CheckO
1459268231628	<INFO 7fbbdb23d740> 2016-03-29 18:17:11 CheckP
1459268231630	<INFO 7fbbdb23d740> 2016-03-29 18:17:11 CheckQ
1459268231632	<INFO 7fbbdb23d740> 2016-03-29 18:17:11 CheckI
1459268232586	<INFO 7fbbdb23d740> 2016-03-29 18:17:12 CheckJ
1459268232588	<INFO 7fbbdb23d740> 2016-03-29 18:17:12 CheckK
1459268232592	<INFO 7fbbdb23d740> 2016-03-29 18:17:12 CheckL
1459268232595	<INFO 7fbbdb23d740> 2016-03-29 18:17:12 CheckM
1459268232598	<INFO 7fbbdb23d740> 2016-03-29 18:17:12 CheckN
1459268232812	<INFO 7fbbdb23d740> 2016-03-29 18:17:12 CheckO
1459268232815	<INFO 7fbbdb23d740> 2016-03-29 18:17:12 CheckP
1459268232818	<INFO 7fbbdb23d740> 2016-03-29 18:17:12 CheckQ
1459268232823	<INFO 7fbbdb23d740> 2016-03-29 18:17:12 CheckI
1459268234108	<INFO 7fbbdb23d740> 2016-03-29 18:17:14 CheckJ
1459268234111	<INFO 7fbbdb23d740> 2016-03-29 18:17:14 CheckK
1459268234113	<INFO 7fbbdb23d740> 2016-03-29 18:17:14 CheckL
1459268234116	<INFO 7fbbdb23d740> 2016-03-29 18:17:14 CheckM
1459268234119	<INFO 7fbbdb23d740> 2016-03-29 18:17:14 CheckN
1459268234362	<INFO 7fbbdb23d740> 2016-03-29 18:17:14 CheckO
1459268234364	<INFO 7fbbdb23d740> 2016-03-29 18:17:14 CheckP
1459268234366	<INFO 7fbbdb23d740> 2016-03-29 18:17:14 CheckQ
1459268234369	<INFO 7fbbdb23d740> 2016-03-29 18:17:14 CheckI
1459268235309	<INFO 7fbbdb23d740> 2016-03-29 18:17:15 CheckJ
1459268235312	<INFO 7fbbdb23d740> 2016-03-29 18:17:15 CheckK
1459268235316	<INFO 7fbbdb23d740> 2016-03-29 18:17:15 CheckL
1459268235319	<INFO 7fbbdb23d740> 2016-03-29 18:17:15 CheckM
1459268235322	<INFO 7fbbdb23d740> 2016-03-29 18:17:15 CheckN
1459268235548	<INFO 7fbbdb23d740> 2016-03-29 18:17:15 CheckO
1459268235551	<INFO 7fbbdb23d740> 2016-03-29 18:17:15 CheckP
1459268235555	<INFO 7fbbdb23d740> 2016-03-29 18:17:15 CheckQ
1459268235558	<INFO 7fbbdb23d740> 2016-03-29 18:17:15 CheckI
1459268236495	<INFO 7fbbdb23d740> 2016-03-29 18:17:16 CheckJ
1459268236498	<INFO 7fbbdb23d740> 2016-03-29 18:17:16 CheckK
1459268236502	<INFO 7fbbdb23d740> 2016-03-29 18:17:16 CheckL
1459268236504	<INFO 7fbbdb23d740> 2016-03-29 18:17:16 CheckM
1459268236507	<INFO 7fbbdb23d740> 2016-03-29 18:17:16 CheckN
1459268236744	<INFO 7fbbdb23d740> 2016-03-29 18:17:16 CheckO
1459268236747	<INFO 7fbbdb23d740> 2016-03-29 18:17:16 CheckP
1459268236750	<INFO 7fbbdb23d740> 2016-03-29 18:17:16 CheckQ
1459268236752	<INFO 7fbbdb23d740> 2016-03-29 18:17:16 CheckI
1459268237669	<INFO 7fbbdb23d740> 2016-03-29 18:17:17 CheckJ
1459268237671	<INFO 7fbbdb23d740> 2016-03-29 18:17:17 CheckK
1459268237674	<INFO 7fbbdb23d740> 2016-03-29 18:17:17 CheckL
1459268237678	<INFO 7fbbdb23d740> 2016-03-29 18:17:17 CheckM
1459268237683	<INFO 7fbbdb23d740> 2016-03-29 18:17:17 CheckN
1459268237917	<INFO 7fbbdb23d740> 2016-03-29 18:17:17 CheckO
1459268237921	<INFO 7fbbdb23d740> 2016-03-29 18:17:17 CheckP
1459268237925	<INFO 7fbbdb23d740> 2016-03-29 18:17:17 CheckQ
1459268237927	<INFO 7fbbdb23d740> 2016-03-29 18:17:17 CheckI
1459268239119	<INFO 7fbbdb23d740> 2016-03-29 18:17:19 CheckJ
1459268239121	<INFO 7fbbdb23d740> 2016-03-29 18:17:19 CheckK
1459268239124	<INFO 7fbbdb23d740> 2016-03-29 18:17:19 CheckL
1459268239126	<INFO 7fbbdb23d740> 2016-03-29 18:17:19 CheckM
1459268239128	<INFO 7fbbdb23d740> 2016-03-29 18:17:19 CheckN
1459268239368	<INFO 7fbbdb23d740> 2016-03-29 18:17:19 CheckO
1459268239371	<INFO 7fbbdb23d740> 2016-03-29 18:17:19 CheckP
1459268239374	<INFO 7fbbdb23d740> 2016-03-29 18:17:19 CheckQ
1459268239376	<INFO 7fbbdb23d740> 2016-03-29 18:17:19 CheckI
1459268240333	<INFO 7fbbdb23d740> 2016-03-29 18:17:20 CheckJ
1459268240336	<INFO 7fbbdb23d740> 2016-03-29 18:17:20 CheckK
1459268240339	<INFO 7fbbdb23d740> 2016-03-29 18:17:20 CheckL
1459268240341	<INFO 7fbbdb23d740> 2016-03-29 18:17:20 CheckM
1459268240344	<INFO 7fbbdb23d740> 2016-03-29 18:17:20 CheckN
1459268240581	<INFO 7fbbdb23d740> 2016-03-29 18:17:20 CheckO
1459268240583	<INFO 7fbbdb23d740> 2016-03-29 18:17:20 CheckP
1459268240586	<INFO 7fbbdb23d740> 2016-03-29 18:17:20 CheckQ
1459268240589	<INFO 7fbbdb23d740> 2016-03-29 18:17:20 CheckI
1459268242413	<INFO 7fbbdb23d740> 2016-03-29 18:17:22 CheckJ
1459268242416	<INFO 7fbbdb23d740> 2016-03-29 18:17:22 CheckK
1459268242418	<INFO 7fbbdb23d740> 2016-03-29 18:17:22 CheckL
1459268242421	<INFO 7fbbdb23d740> 2016-03-29 18:17:22 CheckM
1459268242424	<INFO 7fbbdb23d740> 2016-03-29 18:17:22 CheckN
1459268242677	<INFO 7fbbdb23d740> 2016-03-29 18:17:22 CheckO
1459268242680	<INFO 7fbbdb23d740> 2016-03-29 18:17:22 CheckP
1459268242682	<INFO 7fbbdb23d740> 2016-03-29 18:17:22 CheckQ
1459268242686	<INFO 7fbbdb23d740> 2016-03-29 18:17:22 CheckI
1459268243101	<INFO 7fbbdb23d740> 2016-03-29 18:17:23 CheckJ
1459268243103	<INFO 7fbbdb23d740> 2016-03-29 18:17:23 CheckK
1459268243105	<INFO 7fbbdb23d740> 2016-03-29 18:17:23 CheckL
1459268243109	<INFO 7fbbdb23d740> 2016-03-29 18:17:23 CheckM
1459268243111	<INFO 7fbbdb23d740> 2016-03-29 18:17:23 CheckN
1459268243339	<INFO 7fbbdb23d740> 2016-03-29 18:17:23 CheckO
1459268243342	<INFO 7fbbdb23d740> 2016-03-29 18:17:23 CheckP
1459268243345	<INFO 7fbbdb23d740> 2016-03-29 18:17:23 CheckQ
1459268243347	<INFO 7fbbdb23d740> 2016-03-29 18:17:23 CheckI
1459268244557	<INFO 7fbbdb23d740> 2016-03-29 18:17:24 CheckJ
1459268244560	<INFO 7fbbdb23d740> 2016-03-29 18:17:24 CheckK
1459268244562	<INFO 7fbbdb23d740> 2016-03-29 18:17:24 CheckL
1459268244565	<INFO 7fbbdb23d740> 2016-03-29 18:17:24 CheckM
1459268244568	<INFO 7fbbdb23d740> 2016-03-29 18:17:24 CheckN
1459268244802	<INFO 7fbbdb23d740> 2016-03-29 18:17:24 CheckO
1459268244805	<INFO 7fbbdb23d740> 2016-03-29 18:17:24 CheckP
1459268244807	<INFO 7fbbdb23d740> 2016-03-29 18:17:24 CheckQ
1459268244810	<INFO 7fbbdb23d740> 2016-03-29 18:17:24 CheckI
1459268245710	<INFO 7fbbdb23d740> 2016-03-29 18:17:25 CheckJ
1459268245713	<INFO 7fbbdb23d740> 2016-03-29 18:17:25 CheckK
1459268245716	<INFO 7fbbdb23d740> 2016-03-29 18:17:25 CheckL
1459268245718	<INFO 7fbbdb23d740> 2016-03-29 18:17:25 CheckM
1459268245721	<INFO 7fbbdb23d740> 2016-03-29 18:17:25 CheckN
1459268245939	<INFO 7fbbdb23d740> 2016-03-29 18:17:25 CheckO
1459268245941	<INFO 7fbbdb23d740> 2016-03-29 18:17:25 CheckP
1459268245944	<INFO 7fbbdb23d740> 2016-03-29 18:17:25 CheckQ
1459268245947	<INFO 7fbbdb23d740> 2016-03-29 18:17:25 CheckI
1459268246860	<INFO 7fbbdb23d740> 2016-03-29 18:17:26 CheckJ
1459268246863	<INFO 7fbbdb23d740> 2016-03-29 18:17:26 CheckK
1459268246866	<INFO 7fbbdb23d740> 2016-03-29 18:17:26 CheckL
1459268246868	<INFO 7fbbdb23d740> 2016-03-29 18:17:26 CheckM
1459268246871	<INFO 7fbbdb23d740> 2016-03-29 18:17:26 CheckN
1459268247110	<INFO 7fbbdb23d740> 2016-03-29 18:17:27 CheckO
1459268247112	<INFO 7fbbdb23d740> 2016-03-29 18:17:27 CheckP
1459268247115	<INFO 7fbbdb23d740> 2016-03-29 18:17:27 CheckQ
1459268247117	<INFO 7fbbdb23d740> 2016-03-29 18:17:27 CheckI
1459268248222	<INFO 7fbbdb23d740> 2016-03-29 18:17:28 CheckJ
1459268248225	<INFO 7fbbdb23d740> 2016-03-29 18:17:28 CheckK
1459268248228	<INFO 7fbbdb23d740> 2016-03-29 18:17:28 CheckL
1459268248230	<INFO 7fbbdb23d740> 2016-03-29 18:17:28 CheckM
1459268248232	<INFO 7fbbdb23d740> 2016-03-29 18:17:28 CheckN
1459268248445	<INFO 7fbbdb23d740> 2016-03-29 18:17:28 CheckO
1459268248449	<INFO 7fbbdb23d740> 2016-03-29 18:17:28 CheckP
1459268248452	<INFO 7fbbdb23d740> 2016-03-29 18:17:28 CheckQ
1459268248454	<INFO 7fbbdb23d740> 2016-03-29 18:17:28 CheckI
1459268249420	<INFO 7fbbdb23d740> 2016-03-29 18:17:29 CheckJ
1459268249423	<INFO 7fbbdb23d740> 2016-03-29 18:17:29 CheckK
1459268249425	<INFO 7fbbdb23d740> 2016-03-29 18:17:29 CheckL
1459268249430	<INFO 7fbbdb23d740> 2016-03-29 18:17:29 CheckM
1459268249432	<INFO 7fbbdb23d740> 2016-03-29 18:17:29 CheckN
1459268249662	<INFO 7fbbdb23d740> 2016-03-29 18:17:29 CheckO
1459268249665	<INFO 7fbbdb23d740> 2016-03-29 18:17:29 CheckP
1459268249668	<INFO 7fbbdb23d740> 2016-03-29 18:17:29 CheckQ
1459268249671	<INFO 7fbbdb23d740> 2016-03-29 18:17:29 CheckI
1459268250490	<INFO 7fbbdb23d740> 2016-03-29 18:17:30 CheckJ
1459268250492	<INFO 7fbbdb23d740> 2016-03-29 18:17:30 CheckK
1459268250494	<INFO 7fbbdb23d740> 2016-03-29 18:17:30 CheckL
1459268250497	<INFO 7fbbdb23d740> 2016-03-29 18:17:30 CheckM
1459268250500	<INFO 7fbbdb23d740> 2016-03-29 18:17:30 CheckN
1459268250720	<INFO 7fbbdb23d740> 2016-03-29 18:17:30 CheckO
1459268250724	<INFO 7fbbdb23d740> 2016-03-29 18:17:30 CheckP
1459268250726	<INFO 7fbbdb23d740> 2016-03-29 18:17:30 CheckQ
1459268250729	<INFO 7fbbdb23d740> 2016-03-29 18:17:30 CheckI
1459268251578	<INFO 7fbbdb23d740> 2016-03-29 18:17:31 CheckJ
1459268251581	<INFO 7fbbdb23d740> 2016-03-29 18:17:31 CheckK
1459268251584	<INFO 7fbbdb23d740> 2016-03-29 18:17:31 CheckL
1459268251587	<INFO 7fbbdb23d740> 2016-03-29 18:17:31 CheckM
1459268251589	<INFO 7fbbdb23d740> 2016-03-29 18:17:31 CheckN
1459268251818	<INFO 7fbbdb23d740> 2016-03-29 18:17:31 CheckO
1459268251821	<INFO 7fbbdb23d740> 2016-03-29 18:17:31 CheckP
1459268251823	<INFO 7fbbdb23d740> 2016-03-29 18:17:31 CheckQ
1459268251826	<INFO 7fbbdb23d740> 2016-03-29 18:17:31 CheckI
1459268252700	<INFO 7fbbdb23d740> 2016-03-29 18:17:32 CheckJ
1459268252703	<INFO 7fbbdb23d740> 2016-03-29 18:17:32 CheckK
1459268252705	<INFO 7fbbdb23d740> 2016-03-29 18:17:32 CheckL
1459268252708	<INFO 7fbbdb23d740> 2016-03-29 18:17:32 CheckM
1459268252712	<INFO 7fbbdb23d740> 2016-03-29 18:17:32 CheckN
1459268252942	<INFO 7fbbdb23d740> 2016-03-29 18:17:32 CheckO
1459268252945	<INFO 7fbbdb23d740> 2016-03-29 18:17:32 CheckP
1459268252947	<INFO 7fbbdb23d740> 2016-03-29 18:17:32 CheckQ
1459268252950	<INFO 7fbbdb23d740> 2016-03-29 18:17:32 CheckI
1459268253837	<INFO 7fbbdb23d740> 2016-03-29 18:17:33 CheckJ
1459268253839	<INFO 7fbbdb23d740> 2016-03-29 18:17:33 CheckK
1459268253842	<INFO 7fbbdb23d740> 2016-03-29 18:17:33 CheckL
1459268253844	<INFO 7fbbdb23d740> 2016-03-29 18:17:33 CheckM
1459268253847	<INFO 7fbbdb23d740> 2016-03-29 18:17:33 CheckN
1459268254073	<INFO 7fbbdb23d740> 2016-03-29 18:17:34 CheckO
1459268254076	<INFO 7fbbdb23d740> 2016-03-29 18:17:34 CheckP
1459268254079	<INFO 7fbbdb23d740> 2016-03-29 18:17:34 CheckQ
1459268254082	<INFO 7fbbdb23d740> 2016-03-29 18:17:34 CheckI
1459268254966	<INFO 7fbbdb23d740> 2016-03-29 18:17:34 CheckJ
1459268254970	<INFO 7fbbdb23d740> 2016-03-29 18:17:34 CheckK
1459268254973	<INFO 7fbbdb23d740> 2016-03-29 18:17:34 CheckL
1459268254976	<INFO 7fbbdb23d740> 2016-03-29 18:17:34 CheckM
1459268254978	<INFO 7fbbdb23d740> 2016-03-29 18:17:34 CheckN
1459268255214	<INFO 7fbbdb23d740> 2016-03-29 18:17:35 CheckO
1459268255217	<INFO 7fbbdb23d740> 2016-03-29 18:17:35 CheckP
1459268255220	<INFO 7fbbdb23d740> 2016-03-29 18:17:35 CheckQ
1459268255223	<INFO 7fbbdb23d740> 2016-03-29 18:17:35 CheckI
1459268256036	<INFO 7fbbdb23d740> 2016-03-29 18:17:36 CheckJ
1459268256038	<INFO 7fbbdb23d740> 2016-03-29 18:17:36 CheckK
1459268256041	<INFO 7fbbdb23d740> 2016-03-29 18:17:36 CheckL
1459268256044	<INFO 7fbbdb23d740> 2016-03-29 18:17:36 CheckM
1459268256047	<INFO 7fbbdb23d740> 2016-03-29 18:17:36 CheckN
1459268256274	<INFO 7fbbdb23d740> 2016-03-29 18:17:36 CheckO
1459268256276	<INFO 7fbbdb23d740> 2016-03-29 18:17:36 CheckP
1459268256280	<INFO 7fbbdb23d740> 2016-03-29 18:17:36 CheckQ
1459268256284	<INFO 7fbbdb23d740> 2016-03-29 18:17:36 CheckI
1459268257284	<INFO 7fbbdb23d740> 2016-03-29 18:17:37 CheckJ
1459268257287	<INFO 7fbbdb23d740> 2016-03-29 18:17:37 CheckK
1459268257289	<INFO 7fbbdb23d740> 2016-03-29 18:17:37 CheckL
1459268257291	<INFO 7fbbdb23d740> 2016-03-29 18:17:37 CheckM
1459268257293	<INFO 7fbbdb23d740> 2016-03-29 18:17:37 CheckN
1459268257525	<INFO 7fbbdb23d740> 2016-03-29 18:17:37 CheckO
1459268257529	<INFO 7fbbdb23d740> 2016-03-29 18:17:37 CheckP
1459268257533	<INFO 7fbbdb23d740> 2016-03-29 18:17:37 CheckQ
1459268257536	<INFO 7fbbdb23d740> 2016-03-29 18:17:37 CheckI
1459268258508	<INFO 7fbbdb23d740> 2016-03-29 18:17:38 CheckJ
1459268258511	<INFO 7fbbdb23d740> 2016-03-29 18:17:38 CheckK
1459268258514	<INFO 7fbbdb23d740> 2016-03-29 18:17:38 CheckL
1459268258517	<INFO 7fbbdb23d740> 2016-03-29 18:17:38 CheckM
1459268258519	<INFO 7fbbdb23d740> 2016-03-29 18:17:38 CheckN
1459268258748	<INFO 7fbbdb23d740> 2016-03-29 18:17:38 CheckO
1459268258750	<INFO 7fbbdb23d740> 2016-03-29 18:17:38 CheckP
1459268258753	<INFO 7fbbdb23d740> 2016-03-29 18:17:38 CheckQ
1459268258755	<INFO 7fbbdb23d740> 2016-03-29 18:17:38 CheckI
1459268260337	<INFO 7fbbdb23d740> 2016-03-29 18:17:40 CheckJ
1459268260339	<INFO 7fbbdb23d740> 2016-03-29 18:17:40 CheckK
1459268260342	<INFO 7fbbdb23d740> 2016-03-29 18:17:40 CheckL
1459268260345	<INFO 7fbbdb23d740> 2016-03-29 18:17:40 CheckM
1459268260347	<INFO 7fbbdb23d740> 2016-03-29 18:17:40 CheckN
1459268260569	<INFO 7fbbdb23d740> 2016-03-29 18:17:40 CheckO
1459268260573	<INFO 7fbbdb23d740> 2016-03-29 18:17:40 CheckP
1459268260576	<INFO 7fbbdb23d740> 2016-03-29 18:17:40 CheckQ
1459268260578	<INFO 7fbbdb23d740> 2016-03-29 18:17:40 CheckI
1459268262950	<INFO 7fbbdb23d740> 2016-03-29 18:17:42 CheckJ
1459268262953	<INFO 7fbbdb23d740> 2016-03-29 18:17:42 CheckK
1459268262955	<INFO 7fbbdb23d740> 2016-03-29 18:17:42 CheckL
1459268262958	<INFO 7fbbdb23d740> 2016-03-29 18:17:42 CheckM
1459268262960	<INFO 7fbbdb23d740> 2016-03-29 18:17:42 CheckN
1459268263194	<INFO 7fbbdb23d740> 2016-03-29 18:17:43 CheckO
1459268263197	<INFO 7fbbdb23d740> 2016-03-29 18:17:43 CheckP
1459268263200	<INFO 7fbbdb23d740> 2016-03-29 18:17:43 CheckQ
1459268263202	<INFO 7fbbdb23d740> 2016-03-29 18:17:43 CheckI
1459268263951	<INFO 7fbbdb23d740> 2016-03-29 18:17:43 CheckJ
1459268263953	<INFO 7fbbdb23d740> 2016-03-29 18:17:43 CheckK
1459268263956	<INFO 7fbbdb23d740> 2016-03-29 18:17:43 CheckL
1459268263959	<INFO 7fbbdb23d740> 2016-03-29 18:17:43 CheckM
1459268263961	<INFO 7fbbdb23d740> 2016-03-29 18:17:43 CheckN
1459268264025	<INFO 7fbbdb23d740> 2016-03-29 18:17:44 CheckO
1459268264027	<INFO 7fbbdb23d740> 2016-03-29 18:17:44 CheckP
1459268264030	<INFO 7fbbdb23d740> 2016-03-29 18:17:44 CheckQ
1459268264032	<INFO 7fbbdb23d740> 2016-03-29 18:17:44 CheckI
1459268265236	<INFO 7fbbdb23d740> 2016-03-29 18:17:45 Completed gather
1459268308983	<INFO 7fbbdb23d740> 2016-03-29 18:18:28 Completed phase 1 Bytes read 26241868568 Bytes written 13625402136
1459268308985	<INFO 7fbbdb23d740> CORE::PARTITIONS_PROCESSED 0
1459268308987	<INFO 7fbbdb23d740> CORE::BYTES::EDGES_STREAMED 1258958328
1459268308990	<INFO 7fbbdb23d740> CORE::BYTES::UPDATES_OUT 0
1459268308992	<INFO 7fbbdb23d740> CORE::BYTES::UPDATES_IN 0
1459268308995	<INFO 7f9db2ffd700> CORE::PARTITIONS_PROCESSED 0
1459268308997	<INFO 7f9db2ffd700> CORE::BYTES::EDGES_STREAMED 1432445556
1459268308999	<INFO 7f9db2ffd700> CORE::BYTES::UPDATES_OUT 0
1459268309002	<INFO 7f9db2ffd700> CORE::BYTES::UPDATES_IN 0
1459268309004	<INFO 7f9db37fe700> CORE::PARTITIONS_PROCESSED 0
1459268309006	<INFO 7f9db37fe700> CORE::BYTES::EDGES_STREAMED 1651726344
1459268309009	<INFO 7f9db1ffb700> CORE::PARTITIONS_PROCESSED 0
1459268309011	<INFO 7f9db37fe700> CORE::BYTES::UPDATES_OUT 0
1459268309013	<INFO 7f9db17fa700> CORE::PARTITIONS_PROCESSED 0
1459268309015	<INFO 7f9db37fe700> CORE::BYTES::UPDATES_IN 0
1459268309018	<INFO 7f9db1ffb700> CORE::BYTES::EDGES_STREAMED 1699931580
1459268309020	<INFO 7f9db17fa700> CORE::BYTES::EDGES_STREAMED 1581018096
1459268309022	<INFO 7f9db1ffb700> CORE::BYTES::UPDATES_OUT 0
1459268309025	<INFO 7f9db17fa700> CORE::BYTES::UPDATES_OUT 0
1459268309027	<INFO 7f9db17fa700> CORE::BYTES::UPDATES_IN 0
1459268309029	<INFO 7f9db1ffb700> CORE::BYTES::UPDATES_IN 0
1459268309032	<INFO 7f9db07f8700> CORE::PARTITIONS_PROCESSED 0
1459268309034	<INFO 7f9db27fc700> CORE::PARTITIONS_PROCESSED 0
1459268309036	<INFO 7f9db07f8700> CORE::BYTES::EDGES_STREAMED 2739380292
1459268309038	<INFO 7f9db27fc700> CORE::BYTES::EDGES_STREAMED 1816247436
1459268309041	<INFO 7f9db07f8700> CORE::BYTES::UPDATES_OUT 0
1459268309043	<INFO 7f9db27fc700> CORE::BYTES::UPDATES_OUT 0
1459268309045	<INFO 7f9db0ff9700> CORE::PARTITIONS_PROCESSED 0
1459268309048	<INFO 7f9db07f8700> CORE::BYTES::UPDATES_IN 0
1459268309050	<INFO 7f9db27fc700> CORE::BYTES::UPDATES_IN 0
1459268309052	<INFO 7f9db0ff9700> CORE::BYTES::EDGES_STREAMED 2109664428
1459268309055	<INFO 7f9db0ff9700> CORE::BYTES::UPDATES_OUT 0
1459268309057	<INFO 7f9db0ff9700> CORE::BYTES::UPDATES_IN 0
1459268309059	<INFO 7f9dc4ff4700> SLIPSTORE service is exiting
1459268309062	<INFO 7f9dc4ff4700> SLIPSTORE::HELP_OFFERS_RECVD 14
1459268309064	<INFO 7f9dc4ff4700> SLIPSTORE::HELP_OFFERS_ACCEPTED 0
1459268309066	<INFO 7f9dc4ff4700> SLIPSTORE::HELP_ACCEPTANCE_RATIO 0
1459268309069	<INFO 7f9dc4ff4700> SLIPSTORE::SERVER_BUSY_DISK  227.826 seconds
1459268309071	<INFO 7f9dc4ff4700> SLIPSTORE::SERVER_BUSY_MEM  0 seconds
1459268309073	<INFO 7f9dc4ff4700> SLIPSTORE::SERVER_TOTAL  266.879 seconds
1459268309076	<INFO 7fbbdb23d740> SLIPSTORE::CLIENT::DISK_READ_TIME  153.885 seconds
1459268309078	<INFO 7fbbdb23d740> SLIPSTORE::CLIENT::MEM_READ_TIME  0 seconds
1459268309080	<INFO 7fbbdb23d740> SLIPSTORE::CLIENT::DISK_BYTES_READ 27870528260
1459268309083	<INFO 7fbbdb23d740> SLIPSTORE::CLIENT::MEM_BYTES_READ 0
1459268309085	<INFO 7fbbdb23d740> SLIPSTORE::CLIENT::WRITE_TIME  68.633 seconds
1459268309087	<INFO 7fbbdb23d740> SLIPSTORE::CLIENT::BYTES_WRITTEN 805306368
1459268309090	<INFO 7fbbdb23d740> SLIPSTORE::CLIENT_BUSY  222.519 seconds
1459268309092	<INFO 7fbbdb23d740> SLIPSTORE::IO::TIME 201.755 seconds
1459268309094	<INFO 7fbbdb23d740> SLIPSTORE::SNAP::TIME 0 seconds
1459268309097	<INFO 7fbbdb23d740> SLIPSTORE::MAX_DISK_USAGE_BYTES 13088531224
1459268309099	<INFO 7fbbdb23d740> CORE::RUSAGE::MAX_RSS_KB 125954780
1459268309101	<INFO 7fbbdb23d740> CORE::RUSAGE::MINFLT 32155096
1459268309104	<INFO 7fbbdb23d740> CORE::RUSAGE::MAJFLT 0
1459268309106	<INFO 7fbbdb23d740> CORE::RUSAGE::MAJFLT 0
1459268309109	<INFO 7fbbdb23d740> CORE::RUSAGE::INBLK 50073320
1459268309111	<INFO 7fbbdb23d740> CORE::RUSAGE::OUBLK 26613368
1459268309113	<INFO 7fbbdb23d740> CORE::UTILS::BYTES_READ 26241868568
1459268309116	<INFO 7fbbdb23d740> CORE::UTILS::BYTES_WRITTEN 13625402136
1459268309118	<INFO 7fbbdb23d740> CORE::UTILS::TILE_COPY_BYTES 536870912
1459268309120	<INFO 7fbbdb23d740> CORE::TIME::IO_WAIT 199.65 seconds
1459268309123	<INFO 7fbbdb23d740> CORE::TIME_TILE_COPY 0 seconds
1459268309125	<INFO 7fbbdb23d740> CORE::TIME_TILE_MERGE 0 seconds
1459268309127	<INFO 7fbbdb23d740> CORE::TIME_PROCESSING_STOLEN 0 seconds
1459268309130	<INFO 7fbbdb23d740> CORE::TIME_MERGE_WAIT 0 seconds
1459268309132	<INFO 7fbbdb23d740> CORE::TIME_ALL_MC_BARRIER 44.8846 seconds
1459268309135	<INFO 7fbbdb23d740> CORE::PHASES 1
1459268309137	<INFO 7fbbdb23d740> CORE::TIME::SETUP 2.22503 seconds
1459268309140	<INFO 7fbbdb23d740> CORE::TIME::WALL 268.734 seconds
1459268309142	<INFO 7fbbdb23d740> SHUTDOWN
