1462392959066	<INFO 7fc7fbc85780> 2016-05-04 22:15:59 STARTUP
1462392959069	<INFO 7fc7fbc85780> CORE::GRAPH rmat-28_s8
1462392959071	<INFO 7fc7fbc85780> CORE::ALGORITHM pagerank
1462392959073	<INFO 7fc7fbc85780> CORE::VERTEX_STRIPING OFF
1462392959075	<INFO 7fc7fbc85780> CORE::UPDATES_STRIPING ON
1462392959078	<INFO 7fc7fbc85780> CORE::UPDATES BATCH IO ON
1462392959080	<INFO 7fc7fbc85780> CORE::OPTIMIZED_STATE_LOAD_STORE OFF
1462392959082	<INFO 7fc7fbc85780> CORE::BINARY_SEARCH_SUPER_PARTITION ON
1462392959084	<INFO 7fc7fbc85780> CORE::SUPER_PARTITION_COMPUTED_FOR_EACH_SCATTER_GATHER_PHASE
1462392959087	<INFO 7fc7fbc85780> CORE::BATCH IO OFF
1462392959089	<INFO 7fc7fbc85780> 2016-05-04 22:15:59 Blocking memory amount 126701535232
1462393065610	<INFO 7fc7fbc85780> 2016-05-04 22:17:45 Done blocking memory
1462393065612	<INFO 7fc7fbc85780> SG-DRIVER-ORIGINAL
1462393065614	<INFO 7fc7fbc85780> 2016-05-04 22:17:45 START read config parameters
1462393065617	<INFO 7fc7fbc85780> PARTITIONING::OLD 0
1462393065619	<INFO 7fc7fbc85780> PARTITIONING::BALANCED_PARTITIONS 0
1462393065621	<INFO 7fc7fbc85780> CORE::CONFIG::PROCESSORS 8
1462393065624	<INFO 7fc7fbc85780> CORE::CONFIG::PHYSICAL_MEMORY 2147483648
1462393065626	<INFO 7fc7fbc85780> CORE::CONFIG::VERTICES 268435456
1462393065628	<INFO 7fc7fbc85780> CORE::CONFIG::VERTEX_SIZE 12
1462393065630	<INFO 7fc7fbc85780> CORE::CONFIG::VERTEX_BUFFER 1306428636
1462393065633	<INFO 7fc7fbc85780> CORE::CONFIG::EDGES 536870912
1462393065635	<INFO 7fc7fbc85780> CORE::CONFIG::PARTITIONS 64
1462393065638	<INFO 7fc7fbc85780> CORE::CONFIG::FANOUT 64
1462393065640	<INFO 7fc7fbc85780> CORE::CONFIG::SUPER_PARTITIONS 8
1462393065642	<INFO 7fc7fbc85780> CORE::CONFIG::TILES 1
1462393065644	<INFO 7fc7fbc85780> CORE::CONFIG::BUFFER_SIZE 168209876
1462393065646	<INFO 7fc7fbc85780> CORE::CONFIG::MAX_BUFFERS 4
1462393065649	<INFO 7fc7fbc85780> CORE::CONFIG::MAX_STREAMS 4
1462393065651	<INFO 7fc7fbc85780> CORE::CONFIG::SUM_OF_OUT_DEGREES_FOR_NEW_PARTITIONS::FIRST_CONSTRAINT 0
1462393065653	<INFO 7fc7fbc85780> CORE::CONFIG::MAX_EDGES_PER_NEW_PARTITION::SECOND_CONSTRAINT 0
1462393065655	<INFO 7fc7fbc85780> SLIPSTREAM::EXT_MEM_SHUFFLE OFF
1462393065658	<INFO 7fc7fbc85780> 2016-05-04 22:17:45 END read config parameters
1462393067362	<WARNING 7fc7fbc85780> Unable to unlink file (stream.0.0.0):No such file or directory
1462393067364	<WARNING 7fc7fbc85780> Unable to unlink file (stream.0.1.0):No such file or directory
1462393067366	<WARNING 7fc7fbc85780> Unable to unlink file (stream.0.2.0):No such file or directory
1462393067368	<WARNING 7fc7fbc85780> Unable to unlink file (stream.0.3.0):No such file or directory
1462393067371	<WARNING 7fc7fbc85780> Unable to unlink file (stream.0.4.0):No such file or directory
1462393067373	<WARNING 7fc7fbc85780> Unable to unlink file (stream.0.5.0):No such file or directory
1462393067375	<WARNING 7fc7fbc85780> Unable to unlink file (stream.0.6.0):No such file or directory
1462393067378	<WARNING 7fc7fbc85780> Unable to unlink file (stream.0.7.0):No such file or directory
1462393067380	<WARNING 7fc7fbc85780> Unable to unlink file (stream.1.1.0):No such file or directory
1462393067382	<WARNING 7fc7fbc85780> Unable to unlink file (stream.1.2.0):No such file or directory
1462393067384	<WARNING 7fc7fbc85780> Unable to unlink file (stream.1.3.0):No such file or directory
1462393067387	<WARNING 7fc7fbc85780> Unable to unlink file (stream.1.4.0):No such file or directory
1462393067389	<WARNING 7fc7fbc85780> Unable to unlink file (stream.1.5.0):No such file or directory
1462393067391	<WARNING 7fc7fbc85780> Unable to unlink file (stream.1.6.0):No such file or directory
1462393067393	<WARNING 7fc7fbc85780> Unable to unlink file (stream.1.7.0):No such file or directory
1462393067396	<WARNING 7fc7fbc85780> Unable to unlink file (stream.2.0.0):No such file or directory
1462393067399	<WARNING 7fc7fbc85780> Unable to unlink file (stream.2.1.0):No such file or directory
1462393067401	<WARNING 7fc7fbc85780> Unable to unlink file (stream.2.2.0):No such file or directory
1462393067403	<WARNING 7fc7fbc85780> Unable to unlink file (stream.2.3.0):No such file or directory
1462393067407	<WARNING 7fc7fbc85780> Unable to unlink file (stream.2.4.0):No such file or directory
1462393067409	<WARNING 7fc7fbc85780> Unable to unlink file (stream.2.5.0):No such file or directory
1462393067412	<WARNING 7fc7fbc85780> Unable to unlink file (stream.2.6.0):No such file or directory
1462393067414	<WARNING 7fc7fbc85780> Unable to unlink file (stream.2.7.0):No such file or directory
1462393067416	<WARNING 7fc7fbc85780> Unable to unlink file (stream.3.0.0):No such file or directory
1462393067419	<WARNING 7fc7fbc85780> Unable to unlink file (stream.3.1.0):No such file or directory
1462393067421	<WARNING 7fc7fbc85780> Unable to unlink file (stream.3.2.0):No such file or directory
1462393067424	<WARNING 7fc7fbc85780> Unable to unlink file (stream.3.3.0):No such file or directory
1462393067426	<WARNING 7fc7fbc85780> Unable to unlink file (stream.3.4.0):No such file or directory
1462393067428	<WARNING 7fc7fbc85780> Unable to unlink file (stream.3.5.0):No such file or directory
1462393067430	<WARNING 7fc7fbc85780> Unable to unlink file (stream.3.6.0):No such file or directory
1462393067432	<WARNING 7fc7fbc85780> Unable to unlink file (stream.3.7.0):No such file or directory
1462393067435	<INFO 7fc7fbc85780> SLIPSTORE::ZMQ_THREADS 2
1462393067437	<INFO 7fc7fbc85780> SLIPSTORE::COMM Connecting to tcp://dco-node137-10g:5016
1462393067439	<INFO 7fc7fbc85780> SLIPSTORE::COMM Connecting to tcp://dco-node138-10g:5034
1462393067441	<INFO 7fc7fbc85780> SLIPSTORE::COMM Connecting to tcp://dco-node139-10g:5052
1462393067444	<INFO 7fc7fbc85780> SLIPSTORE::COMM Connecting to tcp://dco-node140-10g:5070
1462393067446	<INFO 7fc7fbc85780> SLIPSTORE::COMM Connecting to tcp://dco-node141-10g:5088
1462393067448	<INFO 7fc7fbc85780> SLIPSTORE::COMM Connecting to tcp://dco-node142-10g:5106
1462393067450	<INFO 7fc7fbc85780> SLIPSTORE::COMM Connecting to tcp://dco-node143-10g:5124
1462393067453	<INFO 7fc7fbc85780> SLIPSTORE::COMM Connecting to tcp://dco-node144-10g:5142
1462393067455	<INFO 7fc7fbc85780> SLIPSTORE::COMM Listening at tcp://p1p1:5062
1462393067457	<INFO 7fc7fbc85780> SLIPSTORE::COMM Listening at tcp://p1p1:5063
1462393067459	<INFO 7fc7fbc85780> SLIPSTORE::COMM Listening at tcp://p1p1:5064
1462393067461	<INFO 7fc7fbc85780> SLIPSTORE::COMM Listening at ipc://client
1462393067464	<INFO 7fc7fbc85780> SLIPSTORE::COMM Listening at tcp://p1p1:5066
1462393067466	<INFO 7fc7fbc85780> SLIPSTORE::COMM Listening at tcp://p1p1:5067
1462393067468	<INFO 7fc7fbc85780> SLIPSTORE::COMM Listening at tcp://p1p1:5068
1462393067470	<INFO 7fc7fbc85780> SLIPSTORE::COMM Listening at tcp://p1p1:5069
1462393067473	<INFO 7fc7fbc85780> SLIPSTORE::COMM Connecting to tcp://dco-node137-10g:5016
1462393067475	<INFO 7fc7fbc85780> SLIPSTORE::COMM Connecting to tcp://dco-node138-10g:5034
1462393067477	<INFO 7fc7fbc85780> SLIPSTORE::COMM Connecting to tcp://dco-node139-10g:5052
1462393067480	<INFO 7fc7fbc85780> SLIPSTORE::COMM Connecting to tcp://dco-node140-10g:5070
1462393067482	<INFO 7fc7fbc85780> SLIPSTORE::COMM Connecting to tcp://dco-node141-10g:5088
1462393067485	<INFO 7fc7fbc85780> SLIPSTORE::COMM Connecting to tcp://dco-node142-10g:5106
1462393067487	<INFO 7fc7fbc85780> SLIPSTORE::COMM Connecting to tcp://dco-node143-10g:5124
1462393067489	<INFO 7fc7fbc85780> SLIPSTORE::COMM Connecting to tcp://dco-node144-10g:5142
1462393067492	<INFO 7fc7fbc85780> SLIPSTORE::COMM Connecting to tcp://dco-node137-10g:5003
1462393067494	<INFO 7fc7fbc85780> SLIPSTORE::COMM Connecting to tcp://dco-node138-10g:5021
1462393067497	<INFO 7fc7fbc85780> SLIPSTORE::COMM Connecting to tcp://dco-node139-10g:5039
1462393067500	<INFO 7fc7fbc85780> SLIPSTORE::COMM Connecting to ipc://server
1462393067502	<INFO 7fc7fbc85780> SLIPSTORE::COMM Connecting to tcp://dco-node141-10g:5075
1462393067504	<INFO 7fc7fbc85780> SLIPSTORE::COMM Connecting to tcp://dco-node142-10g:5093
1462393067506	<INFO 7fc7fbc85780> SLIPSTORE::COMM Connecting to tcp://dco-node143-10g:5111
1462393067508	<INFO 7fc7fbc85780> SLIPSTORE::COMM Connecting to tcp://dco-node144-10g:5129
1462393067511	<INFO 7fc7fbc85780> SLIPSTORE::COMM Connecting to tcp://dco-node141-10g:5089
1462393067513	<INFO 7fc7fbc85780> SLIPSTORE::COMM Listening at tcp://p1p1:5071
1462393067516	<INFO 7fc7fbc85780> SLIPSTORE::COMM Connecting to tcp://dco-node140-10g:5070
1462393067518	<INFO 7fc7fbc85780> SLIPSTORE::HELP_POLICY NONE
1462393067520	<INFO 7fc7fbc85780> SLIPSTORE::SERVER ASYNC
1462393067522	<INFO 7fc7fbc85780> SLIPSTORE::MACHINES 8
1462393067525	<INFO 7fc7fbc85780> SLIPSTORE::ME 3
1462393067527	<INFO 7fc7fbc85780> SLIPSTORE::SLIPCHUNK 4194304
1462393067529	<INFO 7fc7fbc85780> SLIPSTORE::QUOTA 18446744073709551615
1462393067531	<INFO 7fc7fbc85780> SLIPSTORE::IO PAGECACHE
1462393067534	<INFO 7fa9de3f8700> SLIPSTORE::COMM Listening at tcp://p1p1:5070
1462393067536	<INFO 7fa9de3f8700> SLIPSTORE::COMM Listening at tcp://p1p1:5054
1462393067538	<INFO 7fa9de3f8700> SLIPSTORE::COMM Connecting to tcp://dco-node137-10g:5011
1462393067541	<INFO 7fa9de3f8700> SLIPSTORE::COMM Listening at tcp://p1p1:5055
1462393067544	<INFO 7fa9de3f8700> SLIPSTORE::COMM Connecting to tcp://dco-node138-10g:5029
1462393067546	<INFO 7fa9de3f8700> SLIPSTORE::COMM Listening at tcp://p1p1:5056
1462393067548	<INFO 7fa9de3f8700> SLIPSTORE::COMM Connecting to tcp://dco-node139-10g:5047
1462393067551	<INFO 7fa9de3f8700> SLIPSTORE::COMM Listening at ipc://server
1462393067554	<INFO 7fa9de3f8700> SLIPSTORE::COMM Connecting to ipc://client
1462393067556	<INFO 7fa9de3f8700> SLIPSTORE::COMM Listening at tcp://p1p1:5058
1462393067558	<INFO 7fa9de3f8700> SLIPSTORE::COMM Connecting to tcp://dco-node141-10g:5083
1462393067560	<INFO 7fa9de3f8700> SLIPSTORE::COMM Listening at tcp://p1p1:5059
1462393067563	<INFO 7fa9de3f8700> SLIPSTORE::COMM Connecting to tcp://dco-node142-10g:5101
1462393067565	<INFO 7fa9de3f8700> SLIPSTORE::COMM Listening at tcp://p1p1:5060
1462393067567	<INFO 7fa9de3f8700> SLIPSTORE::COMM Connecting to tcp://dco-node143-10g:5119
1462393067569	<INFO 7fa9de3f8700> SLIPSTORE::COMM Listening at tcp://p1p1:5061
1462393067571	<INFO 7fa9de3f8700> SLIPSTORE::COMM Connecting to tcp://dco-node144-10g:5137
1462393068924	<INFO 7fc7fbc85780> SLIPSTORE::CHECKPOINTS NONE FOUND
1462393068926	<INFO 7fc7fbc85780> 2016-05-04 22:17:48 Start edge split
1462393202447	<INFO 7fc7fbc85780> 2016-05-04 22:20:02 Completed init
1462393206789	<INFO 7fc7fbc85780> 2016-05-04 22:20:06 Started gather
1462393208465	<INFO 7fc7fbc85780> 2016-05-04 22:20:08 Completed gather
1462393215601	<INFO 7fc7fbc85780> 2016-05-04 22:20:15 Started scatter
1462393251965	<INFO 7fc7fbc85780> 2016-05-04 22:20:51 Completed scatter
1462393253394	<INFO 7fc7fbc85780> 2016-05-04 22:20:53 Completed phase 1 Bytes read 13544964372 Bytes written 7102513428
1462393262178	<INFO 7fc7fbc85780> 2016-05-04 22:21:02 Started gather
1462393263848	<INFO 7fc7fbc85780> 2016-05-04 22:21:03 Completed gather
1462393271076	<INFO 7fc7fbc85780> 2016-05-04 22:21:11 Started gather
1462393350925	<INFO 7fc7fbc85780> 2016-05-04 22:22:30 Completed gather
1462393353092	<INFO 7fc7fbc85780> 2016-05-04 22:22:33 Completed phase 2 Bytes read 20905642956 Bytes written 12080811904
1462393362421	<INFO 7fc7fbc85780> 2016-05-04 22:22:42 Started gather
1462393383068	<INFO 7fc7fbc85780> 2016-05-04 22:23:03 Completed gather
1462393411424	<INFO 7fc7fbc85780> 2016-05-04 22:23:31 Started scatter
1462393490925	<INFO 7fc7fbc85780> 2016-05-04 22:24:50 Completed scatter
1462393491893	<INFO 7fc7fbc85780> 2016-05-04 22:24:51 Completed phase 3 Bytes read 32470124548 Bytes written 16769791648
1462393500855	<INFO 7fc7fbc85780> 2016-05-04 22:25:00 Started gather
1462393525072	<INFO 7fc7fbc85780> 2016-05-04 22:25:25 Completed gather
1462393553394	<INFO 7fc7fbc85780> 2016-05-04 22:25:53 Started scatter
1462393634284	<INFO 7fc7fbc85780> 2016-05-04 22:27:14 Completed scatter
1462393634344	<INFO 7fc7fbc85780> 2016-05-04 22:27:14 Completed phase 4 Bytes read 44003452564 Bytes written 21605179088
1462393643706	<INFO 7fc7fbc85780> 2016-05-04 22:27:23 Started gather
1462393665723	<INFO 7fc7fbc85780> 2016-05-04 22:27:45 Completed gather
1462393693122	<INFO 7fc7fbc85780> 2016-05-04 22:28:13 Started scatter
1462393772226	<INFO 7fc7fbc85780> 2016-05-04 22:29:32 Completed scatter
1462393773839	<INFO 7fc7fbc85780> 2016-05-04 22:29:33 Completed phase 5 Bytes read 55683188276 Bytes written 26358875976
1462393782887	<INFO 7fc7fbc85780> 2016-05-04 22:29:42 Started gather
1462393803278	<INFO 7fc7fbc85780> 2016-05-04 22:30:03 Completed gather
1462393831927	<INFO 7fc7fbc85780> 2016-05-04 22:30:31 Started scatter
1462393912046	<INFO 7fc7fbc85780> 2016-05-04 22:31:52 Completed scatter
1462393912143	<INFO 7fc7fbc85780> 2016-05-04 22:31:52 Completed phase 6 Bytes read 67281233436 Bytes written 31204652000
1462393920966	<INFO 7fc7fbc85780> 2016-05-04 22:32:00 Started gather
1462393943128	<INFO 7fc7fbc85780> 2016-05-04 22:32:23 Completed gather
1462393971984	<INFO 7fc7fbc85780> 2016-05-04 22:32:51 Started scatter
1462394051233	<INFO 7fc7fbc85780> 2016-05-04 22:34:11 Completed scatter
1462394051980	<INFO 7fc7fbc85780> 2016-05-04 22:34:11 Completed phase 7 Bytes read 78971357732 Bytes written 35961296304
1462394051982	<INFO 7fc7fbc85780> CORE::PARTITIONS_PROCESSED 1288
1462394051984	<INFO 7fc7fbc85780> CORE::BYTES::EDGES_STREAMED 5732757312
1462394051987	<INFO 7fc7fbc85780> CORE::BYTES::UPDATES_OUT 3272998032
1462394051989	<INFO 7fc7fbc85780> CORE::BYTES::UPDATES_IN 2520761200
1462394051991	<INFO 7fa9d27fc700> CORE::PARTITIONS_PROCESSED 616
1462394051994	<INFO 7fa9d37fe700> CORE::PARTITIONS_PROCESSED 895
1462394051996	<INFO 7fa9d27fc700> CORE::BYTES::EDGES_STREAMED 5251251684
1462394051998	<INFO 7fa9dd3f6700> CORE::PARTITIONS_PROCESSED 1639
1462394052000	<INFO 7fa9d2ffd700> CORE::PARTITIONS_PROCESSED 1812
1462394052003	<INFO 7fa9d1ffb700> CORE::PARTITIONS_PROCESSED 1305
1462394052005	<INFO 7fa9d3fff700> CORE::PARTITIONS_PROCESSED 950
1462394052008	<INFO 7fa9dd3f6700> CORE::BYTES::EDGES_STREAMED 5726331408
1462394052010	<INFO 7fa9dd3f6700> CORE::BYTES::UPDATES_OUT 3284307256
1462394052013	<INFO 7fa9d3fff700> CORE::BYTES::EDGES_STREAMED 5273498856
1462394052015	<INFO 7fa9d2ffd700> CORE::BYTES::EDGES_STREAMED 4812260880
1462394052017	<INFO 7fa9d27fc700> CORE::BYTES::UPDATES_OUT 2975382136
1462394052019	<INFO 7fa9d3fff700> CORE::BYTES::UPDATES_OUT 3012185800
1462394052022	<INFO 7fa9dd3f6700> CORE::BYTES::UPDATES_IN 2671535200
1462394052024	<INFO 7fa9dcbf5700> CORE::PARTITIONS_PROCESSED 135
1462394052026	<INFO 7fa9d3fff700> CORE::BYTES::UPDATES_IN 2689838368
1462394052028	<INFO 7fa9d37fe700> CORE::BYTES::EDGES_STREAMED 5266863636
1462394052030	<INFO 7fa9d2ffd700> CORE::BYTES::UPDATES_OUT 2750914928
1462394052032	<INFO 7fa9dcbf5700> CORE::BYTES::EDGES_STREAMED 8373405804
1462394052035	<INFO 7fa9d37fe700> CORE::BYTES::UPDATES_OUT 3019041000
1462394052037	<INFO 7fa9d27fc700> CORE::BYTES::UPDATES_IN 2463832216
1462394052039	<INFO 7fa9d2ffd700> CORE::BYTES::UPDATES_IN 2288906248
1462394052041	<INFO 7fa9d1ffb700> CORE::BYTES::EDGES_STREAMED 5666912232
1462394052043	<INFO 7fa9d37fe700> CORE::BYTES::UPDATES_IN 2519101768
1462394052046	<INFO 7fa9dcbf5700> CORE::BYTES::UPDATES_OUT 4783817832
1462394052048	<INFO 7fa9d1ffb700> CORE::BYTES::UPDATES_OUT 3246085480
1462394052050	<INFO 7fa9dcbf5700> CORE::BYTES::UPDATES_IN 4230881160
1462394052052	<INFO 7fa9d1ffb700> CORE::BYTES::UPDATES_IN 2568995480
1462394052054	<INFO 7fa9de3f8700> SLIPSTORE service is exiting
1462394052056	<INFO 7fa9de3f8700> SLIPSTORE::HELP_OFFERS_RECVD 98
1462394052058	<INFO 7fa9de3f8700> SLIPSTORE::HELP_OFFERS_ACCEPTED 0
1462394052061	<INFO 7fa9de3f8700> SLIPSTORE::HELP_ACCEPTANCE_RATIO 0
1462394052063	<INFO 7fa9de3f8700> SLIPSTORE::SERVER_BUSY_DISK  613.778 seconds
1462394052065	<INFO 7fa9de3f8700> SLIPSTORE::SERVER_BUSY_MEM  0 seconds
1462394052068	<INFO 7fa9de3f8700> SLIPSTORE::SERVER_TOTAL  984.58 seconds
1462394052070	<INFO 7fc7fbc85780> SLIPSTORE::CLIENT::DISK_READ_TIME  635.769 seconds
1462394052072	<INFO 7fc7fbc85780> SLIPSTORE::CLIENT::MEM_READ_TIME  0 seconds
1462394052074	<INFO 7fc7fbc85780> SLIPSTORE::CLIENT::DISK_BYTES_READ 79662887516
1462394052079	<INFO 7fc7fbc85780> SLIPSTORE::CLIENT::MEM_BYTES_READ 0
1462394052081	<INFO 7fc7fbc85780> SLIPSTORE::CLIENT::WRITE_TIME  128.155 seconds
1462394052083	<INFO 7fc7fbc85780> SLIPSTORE::CLIENT::BYTES_WRITTEN 10314928284
1462394052085	<INFO 7fc7fbc85780> SLIPSTORE::CLIENT_BUSY  763.92 seconds
1462394052088	<INFO 7fc7fbc85780> SLIPSTORE::IO::TIME 353.056 seconds
1462394052090	<INFO 7fc7fbc85780> SLIPSTORE::SNAP::TIME 0 seconds
1462394052092	<INFO 7fc7fbc85780> SLIPSTORE::MAX_DISK_USAGE_BYTES 11173793984
1462394053516	<INFO 7fc7fbc85780> CORE::RUSAGE::MAX_RSS_KB 125936636
1462394053518	<INFO 7fc7fbc85780> CORE::RUSAGE::MINFLT 78543908
1462394053521	<INFO 7fc7fbc85780> CORE::RUSAGE::MAJFLT 2
1462394053524	<INFO 7fc7fbc85780> CORE::RUSAGE::MAJFLT 2
1462394053527	<INFO 7fc7fbc85780> CORE::RUSAGE::INBLK 138793832
1462394053529	<INFO 7fc7fbc85780> CORE::RUSAGE::OUBLK 70243136
1462394053531	<INFO 7fc7fbc85780> CORE::UTILS::BYTES_READ 78971357732
1462394053534	<INFO 7fc7fbc85780> CORE::UTILS::BYTES_WRITTEN 35961296304
1462394053536	<INFO 7fc7fbc85780> CORE::UTILS::TILE_COPY_BYTES 5163303120
1462394053538	<INFO 7fc7fbc85780> CORE::TIME::IO_WAIT 607.789 seconds
1462394053540	<INFO 7fc7fbc85780> CORE::TIME_TILE_COPY 0 seconds
1462394053543	<INFO 7fc7fbc85780> CORE::TIME_TILE_MERGE 0 seconds
1462394053545	<INFO 7fc7fbc85780> CORE::TIME_PROCESSING_STOLEN 0 seconds
1462394053547	<INFO 7fc7fbc85780> CORE::TIME_MERGE_WAIT 0 seconds
1462394053550	<INFO 7fc7fbc85780> CORE::OTHER_TIME_ALL_MC_BARRIER 0 seconds
1462394053552	<INFO 7fc7fbc85780> CORE::SCATTER_TIME_ALL_MC_BARRIER 4.29899 seconds
1462394053554	<INFO 7fc7fbc85780> CORE::GATHER_TIME_ALL_MC_BARRIER 1.93646 seconds
1462394053557	<INFO 7fc7fbc85780> CORE::INIT_TIME_ALL_MC_BARRIER 12.8573 seconds
1462394053559	<INFO 7fc7fbc85780> CORE::SHUT_DOWN_TIME_ALL_MC_BARRIER 0.003006 seconds
1462394053561	<INFO 7fc7fbc85780> CORE::STREAM_SKIP_BEFORE_TIME_ALL_MC_BARRIER 47.3151 seconds
1462394053563	<INFO 7fc7fbc85780> CORE::TAKE_CHECKPOINT_BEFORE_TIME_ALL_MC_BARRIER 0 seconds
1462394053566	<INFO 7fc7fbc85780> CORE::TAKE_CHECKPOINT_COMPLETE_TIME_ALL_MC_BARRIER 0 seconds
1462394053568	<INFO 7fc7fbc85780> CORE::METADATA_WRITE_COMPLETE_TIME_ALL_MC_BARRIER 0 seconds
1462394053570	<INFO 7fc7fbc85780> CORE::STREAM_EOF_BEFORE_TIME_ALL_MC_BARRIER 0 seconds
1462394053573	<INFO 7fc7fbc85780> CORE::STREAM_EOF_AFTER_TIME_ALL_MC_BARRIER 0 seconds
1462394053575	<INFO 7fc7fbc85780> CORE::STATE_LOAD_TIME_ALL_MC_BARRIER 0 seconds
1462394053577	<INFO 7fc7fbc85780> CORE::STATE_STORE_TIME_ALL_MC_BARRIER 0 seconds
1462394053580	<INFO 7fc7fbc85780> CORE::PHASES 7
1462394053583	<INFO 7fc7fbc85780> CORE::TIME::SETUP 4.84735 seconds
1462394053585	<INFO 7fc7fbc85780> CORE::TIME::STATE_ITER 11.2257 seconds
1462394053587	<INFO 7fc7fbc85780> CORE::TIME::GATHER 315.983 seconds
1462394053589	<INFO 7fc7fbc85780> CORE::TIME::SCATTER 522.063 seconds
1462394053591	<INFO 7fc7fbc85780> CORE::TIME::WALL 987.906 seconds
1462394053594	<INFO 7fc7fbc85780> SHUTDOWN
