1456654989016	<INFO 7efe9276c740> 2016-02-28 11:23:09 STARTUP
1456654989019	<INFO 7efe9276c740> CORE::GRAPH rmat-28-und_s8
1456654989023	<INFO 7efe9276c740> CORE::ALGORITHM bfs
1456654989027	<INFO 7efe9276c740> CORE::VERTEX_STRIPING ON
1456654989031	<INFO 7efe9276c740> 2016-02-28 11:23:09 Blocking memory amount 120259084288
1456655090585	<INFO 7efe9276c740> 2016-02-28 11:24:50 Done blocking memory
1456655090590	<INFO 7efe9276c740> SG-DRIVER-ORIGINAL
1456655090593	<INFO 7efe9276c740> CORE::CONFIG::PROCESSORS 8
1456655090597	<INFO 7efe9276c740> CORE::CONFIG::PHYSICAL_MEMORY 4294967296
1456655090601	<INFO 7efe9276c740> CORE::CONFIG::VERTICES 268435456
1456655090605	<INFO 7efe9276c740> CORE::CONFIG::VERTEX_SIZE 8
1456655090609	<INFO 7efe9276c740> CORE::CONFIG::VERTEX_BUFFER 33554432
1456655090613	<INFO 7efe9276c740> CORE::CONFIG::EDGES 1073741824
1456655090617	<INFO 7efe9276c740> CORE::CONFIG::PARTITIONS 512
1456655090621	<INFO 7efe9276c740> CORE::CONFIG::FANOUT 512
1456655090624	<INFO 7efe9276c740> CORE::CONFIG::SUPER_PARTITIONS 64
1456655090628	<INFO 7efe9276c740> CORE::CONFIG::TILES 1
1456655090632	<INFO 7efe9276c740> CORE::CONFIG::BUFFER_SIZE 852274995
1456655090636	<INFO 7efe9276c740> CORE::CONFIG::MAX_BUFFERS 4
1456655090639	<INFO 7efe9276c740> CORE::CONFIG::MAX_STREAMS 4
1456655090643	<INFO 7efe9276c740> SLIPSTREAM::EXT_MEM_SHUFFLE OFF
1456655094184	<WARNING 7efe9276c740> Unable to unlink file (stream.0.0.0):No such file or directory
1456655094188	<WARNING 7efe9276c740> Unable to unlink file (stream.0.1.0):No such file or directory
1456655094192	<WARNING 7efe9276c740> Unable to unlink file (stream.0.2.0):No such file or directory
1456655094196	<WARNING 7efe9276c740> Unable to unlink file (stream.0.3.0):No such file or directory
1456655094200	<WARNING 7efe9276c740> Unable to unlink file (stream.0.4.0):No such file or directory
1456655094204	<WARNING 7efe9276c740> Unable to unlink file (stream.0.5.0):No such file or directory
1456655094208	<WARNING 7efe9276c740> Unable to unlink file (stream.0.6.0):No such file or directory
1456655094212	<WARNING 7efe9276c740> Unable to unlink file (stream.0.7.0):No such file or directory
1456655094216	<WARNING 7efe9276c740> Unable to unlink file (stream.0.8.0):No such file or directory
1456655094220	<WARNING 7efe9276c740> Unable to unlink file (stream.0.9.0):No such file or directory
1456655094224	<WARNING 7efe9276c740> Unable to unlink file (stream.0.10.0):No such file or directory
1456655094229	<WARNING 7efe9276c740> Unable to unlink file (stream.0.11.0):No such file or directory
1456655094233	<WARNING 7efe9276c740> Unable to unlink file (stream.0.12.0):No such file or directory
1456655094237	<WARNING 7efe9276c740> Unable to unlink file (stream.0.13.0):No such file or directory
1456655094240	<WARNING 7efe9276c740> Unable to unlink file (stream.0.14.0):No such file or directory
1456655094245	<WARNING 7efe9276c740> Unable to unlink file (stream.0.15.0):No such file or directory
1456655094249	<WARNING 7efe9276c740> Unable to unlink file (stream.0.16.0):No such file or directory
1456655094253	<WARNING 7efe9276c740> Unable to unlink file (stream.0.17.0):No such file or directory
1456655094257	<WARNING 7efe9276c740> Unable to unlink file (stream.0.18.0):No such file or directory
1456655094261	<WARNING 7efe9276c740> Unable to unlink file (stream.0.19.0):No such file or directory
1456655094265	<WARNING 7efe9276c740> Unable to unlink file (stream.0.20.0):No such file or directory
1456655094269	<WARNING 7efe9276c740> Unable to unlink file (stream.0.21.0):No such file or directory
1456655094273	<WARNING 7efe9276c740> Unable to unlink file (stream.0.22.0):No such file or directory
1456655094277	<WARNING 7efe9276c740> Unable to unlink file (stream.0.23.0):No such file or directory
1456655094281	<WARNING 7efe9276c740> Unable to unlink file (stream.0.24.0):No such file or directory
1456655094285	<WARNING 7efe9276c740> Unable to unlink file (stream.0.25.0):No such file or directory
1456655094289	<WARNING 7efe9276c740> Unable to unlink file (stream.0.26.0):No such file or directory
1456655094293	<WARNING 7efe9276c740> Unable to unlink file (stream.0.27.0):No such file or directory
1456655094297	<WARNING 7efe9276c740> Unable to unlink file (stream.0.28.0):No such file or directory
1456655094301	<WARNING 7efe9276c740> Unable to unlink file (stream.0.29.0):No such file or directory
1456655094305	<WARNING 7efe9276c740> Unable to unlink file (stream.0.30.0):No such file or directory
1456655094309	<WARNING 7efe9276c740> Unable to unlink file (stream.0.31.0):No such file or directory
1456655094313	<WARNING 7efe9276c740> Unable to unlink file (stream.0.32.0):No such file or directory
1456655094316	<WARNING 7efe9276c740> Unable to unlink file (stream.0.33.0):No such file or directory
1456655094321	<WARNING 7efe9276c740> Unable to unlink file (stream.0.34.0):No such file or directory
1456655094325	<WARNING 7efe9276c740> Unable to unlink file (stream.0.35.0):No such file or directory
1456655094329	<WARNING 7efe9276c740> Unable to unlink file (stream.0.36.0):No such file or directory
1456655094333	<WARNING 7efe9276c740> Unable to unlink file (stream.0.37.0):No such file or directory
1456655094337	<WARNING 7efe9276c740> Unable to unlink file (stream.0.38.0):No such file or directory
1456655094341	<WARNING 7efe9276c740> Unable to unlink file (stream.0.39.0):No such file or directory
1456655094345	<WARNING 7efe9276c740> Unable to unlink file (stream.0.40.0):No such file or directory
1456655094349	<WARNING 7efe9276c740> Unable to unlink file (stream.0.41.0):No such file or directory
1456655094353	<WARNING 7efe9276c740> Unable to unlink file (stream.0.42.0):No such file or directory
1456655094357	<WARNING 7efe9276c740> Unable to unlink file (stream.0.43.0):No such file or directory
1456655094361	<WARNING 7efe9276c740> Unable to unlink file (stream.0.44.0):No such file or directory
1456655094365	<WARNING 7efe9276c740> Unable to unlink file (stream.0.45.0):No such file or directory
1456655094369	<WARNING 7efe9276c740> Unable to unlink file (stream.0.46.0):No such file or directory
1456655094373	<WARNING 7efe9276c740> Unable to unlink file (stream.0.47.0):No such file or directory
1456655094377	<WARNING 7efe9276c740> Unable to unlink file (stream.0.48.0):No such file or directory
1456655094381	<WARNING 7efe9276c740> Unable to unlink file (stream.0.49.0):No such file or directory
1456655094385	<WARNING 7efe9276c740> Unable to unlink file (stream.0.50.0):No such file or directory
1456655094389	<WARNING 7efe9276c740> Unable to unlink file (stream.0.51.0):No such file or directory
1456655094393	<WARNING 7efe9276c740> Unable to unlink file (stream.0.52.0):No such file or directory
1456655094397	<WARNING 7efe9276c740> Unable to unlink file (stream.0.53.0):No such file or directory
1456655094401	<WARNING 7efe9276c740> Unable to unlink file (stream.0.54.0):No such file or directory
1456655094405	<WARNING 7efe9276c740> Unable to unlink file (stream.0.55.0):No such file or directory
1456655094409	<WARNING 7efe9276c740> Unable to unlink file (stream.0.56.0):No such file or directory
1456655094413	<WARNING 7efe9276c740> Unable to unlink file (stream.0.57.0):No such file or directory
1456655094417	<WARNING 7efe9276c740> Unable to unlink file (stream.0.58.0):No such file or directory
1456655094421	<WARNING 7efe9276c740> Unable to unlink file (stream.0.59.0):No such file or directory
1456655094424	<WARNING 7efe9276c740> Unable to unlink file (stream.0.60.0):No such file or directory
1456655094428	<WARNING 7efe9276c740> Unable to unlink file (stream.0.61.0):No such file or directory
1456655094432	<WARNING 7efe9276c740> Unable to unlink file (stream.0.62.0):No such file or directory
1456655094436	<WARNING 7efe9276c740> Unable to unlink file (stream.0.63.0):No such file or directory
1456655094440	<WARNING 7efe9276c740> Unable to unlink file (stream.1.1.0):No such file or directory
1456655094444	<WARNING 7efe9276c740> Unable to unlink file (stream.1.2.0):No such file or directory
1456655094448	<WARNING 7efe9276c740> Unable to unlink file (stream.1.3.0):No such file or directory
1456655094451	<WARNING 7efe9276c740> Unable to unlink file (stream.1.4.0):No such file or directory
1456655094455	<WARNING 7efe9276c740> Unable to unlink file (stream.1.5.0):No such file or directory
1456655094459	<WARNING 7efe9276c740> Unable to unlink file (stream.1.6.0):No such file or directory
1456655094463	<WARNING 7efe9276c740> Unable to unlink file (stream.1.7.0):No such file or directory
1456655094467	<WARNING 7efe9276c740> Unable to unlink file (stream.1.8.0):No such file or directory
1456655094471	<WARNING 7efe9276c740> Unable to unlink file (stream.1.9.0):No such file or directory
1456655094475	<WARNING 7efe9276c740> Unable to unlink file (stream.1.10.0):No such file or directory
1456655094479	<WARNING 7efe9276c740> Unable to unlink file (stream.1.11.0):No such file or directory
1456655094483	<WARNING 7efe9276c740> Unable to unlink file (stream.1.12.0):No such file or directory
1456655094487	<WARNING 7efe9276c740> Unable to unlink file (stream.1.13.0):No such file or directory
1456655094491	<WARNING 7efe9276c740> Unable to unlink file (stream.1.14.0):No such file or directory
1456655094495	<WARNING 7efe9276c740> Unable to unlink file (stream.1.15.0):No such file or directory
1456655094499	<WARNING 7efe9276c740> Unable to unlink file (stream.1.16.0):No such file or directory
1456655094502	<WARNING 7efe9276c740> Unable to unlink file (stream.1.17.0):No such file or directory
1456655094506	<WARNING 7efe9276c740> Unable to unlink file (stream.1.18.0):No such file or directory
1456655094510	<WARNING 7efe9276c740> Unable to unlink file (stream.1.19.0):No such file or directory
1456655094514	<WARNING 7efe9276c740> Unable to unlink file (stream.1.20.0):No such file or directory
1456655094518	<WARNING 7efe9276c740> Unable to unlink file (stream.1.21.0):No such file or directory
1456655094522	<WARNING 7efe9276c740> Unable to unlink file (stream.1.22.0):No such file or directory
1456655094526	<WARNING 7efe9276c740> Unable to unlink file (stream.1.23.0):No such file or directory
1456655094530	<WARNING 7efe9276c740> Unable to unlink file (stream.1.24.0):No such file or directory
1456655094533	<WARNING 7efe9276c740> Unable to unlink file (stream.1.25.0):No such file or directory
1456655094536	<WARNING 7efe9276c740> Unable to unlink file (stream.1.26.0):No such file or directory
1456655094540	<WARNING 7efe9276c740> Unable to unlink file (stream.1.27.0):No such file or directory
1456655094543	<WARNING 7efe9276c740> Unable to unlink file (stream.1.28.0):No such file or directory
1456655094546	<WARNING 7efe9276c740> Unable to unlink file (stream.1.29.0):No such file or directory
1456655094550	<WARNING 7efe9276c740> Unable to unlink file (stream.1.30.0):No such file or directory
1456655094554	<WARNING 7efe9276c740> Unable to unlink file (stream.1.31.0):No such file or directory
1456655094557	<WARNING 7efe9276c740> Unable to unlink file (stream.1.32.0):No such file or directory
1456655094561	<WARNING 7efe9276c740> Unable to unlink file (stream.1.33.0):No such file or directory
1456655094565	<WARNING 7efe9276c740> Unable to unlink file (stream.1.34.0):No such file or directory
1456655094568	<WARNING 7efe9276c740> Unable to unlink file (stream.1.35.0):No such file or directory
1456655094572	<WARNING 7efe9276c740> Unable to unlink file (stream.1.36.0):No such file or directory
1456655094575	<WARNING 7efe9276c740> Unable to unlink file (stream.1.37.0):No such file or directory
1456655094578	<WARNING 7efe9276c740> Unable to unlink file (stream.1.38.0):No such file or directory
1456655094581	<WARNING 7efe9276c740> Unable to unlink file (stream.1.39.0):No such file or directory
1456655094585	<WARNING 7efe9276c740> Unable to unlink file (stream.1.40.0):No such file or directory
1456655094588	<WARNING 7efe9276c740> Unable to unlink file (stream.1.41.0):No such file or directory
1456655094592	<WARNING 7efe9276c740> Unable to unlink file (stream.1.42.0):No such file or directory
1456655094595	<WARNING 7efe9276c740> Unable to unlink file (stream.1.43.0):No such file or directory
1456655094599	<WARNING 7efe9276c740> Unable to unlink file (stream.1.44.0):No such file or directory
1456655094602	<WARNING 7efe9276c740> Unable to unlink file (stream.1.45.0):No such file or directory
1456655094606	<WARNING 7efe9276c740> Unable to unlink file (stream.1.46.0):No such file or directory
1456655094610	<WARNING 7efe9276c740> Unable to unlink file (stream.1.47.0):No such file or directory
1456655094613	<WARNING 7efe9276c740> Unable to unlink file (stream.1.48.0):No such file or directory
1456655094616	<WARNING 7efe9276c740> Unable to unlink file (stream.1.49.0):No such file or directory
1456655094619	<WARNING 7efe9276c740> Unable to unlink file (stream.1.50.0):No such file or directory
1456655094623	<WARNING 7efe9276c740> Unable to unlink file (stream.1.51.0):No such file or directory
1456655094626	<WARNING 7efe9276c740> Unable to unlink file (stream.1.52.0):No such file or directory
1456655094629	<WARNING 7efe9276c740> Unable to unlink file (stream.1.53.0):No such file or directory
1456655094633	<WARNING 7efe9276c740> Unable to unlink file (stream.1.54.0):No such file or directory
1456655094636	<WARNING 7efe9276c740> Unable to unlink file (stream.1.55.0):No such file or directory
1456655094640	<WARNING 7efe9276c740> Unable to unlink file (stream.1.56.0):No such file or directory
1456655094644	<WARNING 7efe9276c740> Unable to unlink file (stream.1.57.0):No such file or directory
1456655094647	<WARNING 7efe9276c740> Unable to unlink file (stream.1.58.0):No such file or directory
1456655094651	<WARNING 7efe9276c740> Unable to unlink file (stream.1.59.0):No such file or directory
1456655094654	<WARNING 7efe9276c740> Unable to unlink file (stream.1.60.0):No such file or directory
1456655094658	<WARNING 7efe9276c740> Unable to unlink file (stream.1.61.0):No such file or directory
1456655094662	<WARNING 7efe9276c740> Unable to unlink file (stream.1.62.0):No such file or directory
1456655094666	<WARNING 7efe9276c740> Unable to unlink file (stream.1.63.0):No such file or directory
1456655094670	<WARNING 7efe9276c740> Unable to unlink file (stream.2.0.0):No such file or directory
1456655094673	<WARNING 7efe9276c740> Unable to unlink file (stream.2.1.0):No such file or directory
1456655094677	<WARNING 7efe9276c740> Unable to unlink file (stream.2.2.0):No such file or directory
1456655094680	<WARNING 7efe9276c740> Unable to unlink file (stream.2.3.0):No such file or directory
1456655094684	<WARNING 7efe9276c740> Unable to unlink file (stream.2.4.0):No such file or directory
1456655094687	<WARNING 7efe9276c740> Unable to unlink file (stream.2.5.0):No such file or directory
1456655094690	<WARNING 7efe9276c740> Unable to unlink file (stream.2.6.0):No such file or directory
1456655094694	<WARNING 7efe9276c740> Unable to unlink file (stream.2.7.0):No such file or directory
1456655094697	<WARNING 7efe9276c740> Unable to unlink file (stream.2.8.0):No such file or directory
1456655094701	<WARNING 7efe9276c740> Unable to unlink file (stream.2.9.0):No such file or directory
1456655094705	<WARNING 7efe9276c740> Unable to unlink file (stream.2.10.0):No such file or directory
1456655094708	<WARNING 7efe9276c740> Unable to unlink file (stream.2.11.0):No such file or directory
1456655094713	<WARNING 7efe9276c740> Unable to unlink file (stream.2.12.0):No such file or directory
1456655094717	<WARNING 7efe9276c740> Unable to unlink file (stream.2.13.0):No such file or directory
1456655094720	<WARNING 7efe9276c740> Unable to unlink file (stream.2.14.0):No such file or directory
1456655094724	<WARNING 7efe9276c740> Unable to unlink file (stream.2.15.0):No such file or directory
1456655094727	<WARNING 7efe9276c740> Unable to unlink file (stream.2.16.0):No such file or directory
1456655094730	<WARNING 7efe9276c740> Unable to unlink file (stream.2.17.0):No such file or directory
1456655094734	<WARNING 7efe9276c740> Unable to unlink file (stream.2.18.0):No such file or directory
1456655094737	<WARNING 7efe9276c740> Unable to unlink file (stream.2.19.0):No such file or directory
1456655094740	<WARNING 7efe9276c740> Unable to unlink file (stream.2.20.0):No such file or directory
1456655094744	<WARNING 7efe9276c740> Unable to unlink file (stream.2.21.0):No such file or directory
1456655094747	<WARNING 7efe9276c740> Unable to unlink file (stream.2.22.0):No such file or directory
1456655094750	<WARNING 7efe9276c740> Unable to unlink file (stream.2.23.0):No such file or directory
1456655094754	<WARNING 7efe9276c740> Unable to unlink file (stream.2.24.0):No such file or directory
1456655094757	<WARNING 7efe9276c740> Unable to unlink file (stream.2.25.0):No such file or directory
1456655094760	<WARNING 7efe9276c740> Unable to unlink file (stream.2.26.0):No such file or directory
1456655094764	<WARNING 7efe9276c740> Unable to unlink file (stream.2.27.0):No such file or directory
1456655094767	<WARNING 7efe9276c740> Unable to unlink file (stream.2.28.0):No such file or directory
1456655094770	<WARNING 7efe9276c740> Unable to unlink file (stream.2.29.0):No such file or directory
1456655094774	<WARNING 7efe9276c740> Unable to unlink file (stream.2.30.0):No such file or directory
1456655094777	<WARNING 7efe9276c740> Unable to unlink file (stream.2.31.0):No such file or directory
1456655094780	<WARNING 7efe9276c740> Unable to unlink file (stream.2.32.0):No such file or directory
1456655094783	<WARNING 7efe9276c740> Unable to unlink file (stream.2.33.0):No such file or directory
1456655094786	<WARNING 7efe9276c740> Unable to unlink file (stream.2.34.0):No such file or directory
1456655094790	<WARNING 7efe9276c740> Unable to unlink file (stream.2.35.0):No such file or directory
1456655094793	<WARNING 7efe9276c740> Unable to unlink file (stream.2.36.0):No such file or directory
1456655094797	<WARNING 7efe9276c740> Unable to unlink file (stream.2.37.0):No such file or directory
1456655094800	<WARNING 7efe9276c740> Unable to unlink file (stream.2.38.0):No such file or directory
1456655094803	<WARNING 7efe9276c740> Unable to unlink file (stream.2.39.0):No such file or directory
1456655094807	<WARNING 7efe9276c740> Unable to unlink file (stream.2.40.0):No such file or directory
1456655094810	<WARNING 7efe9276c740> Unable to unlink file (stream.2.41.0):No such file or directory
1456655094813	<WARNING 7efe9276c740> Unable to unlink file (stream.2.42.0):No such file or directory
1456655094817	<WARNING 7efe9276c740> Unable to unlink file (stream.2.43.0):No such file or directory
1456655094820	<WARNING 7efe9276c740> Unable to unlink file (stream.2.44.0):No such file or directory
1456655094823	<WARNING 7efe9276c740> Unable to unlink file (stream.2.45.0):No such file or directory
1456655094826	<WARNING 7efe9276c740> Unable to unlink file (stream.2.46.0):No such file or directory
1456655094830	<WARNING 7efe9276c740> Unable to unlink file (stream.2.47.0):No such file or directory
1456655094833	<WARNING 7efe9276c740> Unable to unlink file (stream.2.48.0):No such file or directory
1456655094837	<WARNING 7efe9276c740> Unable to unlink file (stream.2.49.0):No such file or directory
1456655094840	<WARNING 7efe9276c740> Unable to unlink file (stream.2.50.0):No such file or directory
1456655094843	<WARNING 7efe9276c740> Unable to unlink file (stream.2.51.0):No such file or directory
1456655094846	<WARNING 7efe9276c740> Unable to unlink file (stream.2.52.0):No such file or directory
1456655094849	<WARNING 7efe9276c740> Unable to unlink file (stream.2.53.0):No such file or directory
1456655094853	<WARNING 7efe9276c740> Unable to unlink file (stream.2.54.0):No such file or directory
1456655094856	<WARNING 7efe9276c740> Unable to unlink file (stream.2.55.0):No such file or directory
1456655094859	<WARNING 7efe9276c740> Unable to unlink file (stream.2.56.0):No such file or directory
1456655094863	<WARNING 7efe9276c740> Unable to unlink file (stream.2.57.0):No such file or directory
1456655094866	<WARNING 7efe9276c740> Unable to unlink file (stream.2.58.0):No such file or directory
1456655094869	<WARNING 7efe9276c740> Unable to unlink file (stream.2.59.0):No such file or directory
1456655094872	<WARNING 7efe9276c740> Unable to unlink file (stream.2.60.0):No such file or directory
1456655094876	<WARNING 7efe9276c740> Unable to unlink file (stream.2.61.0):No such file or directory
1456655094879	<WARNING 7efe9276c740> Unable to unlink file (stream.2.62.0):No such file or directory
1456655094882	<WARNING 7efe9276c740> Unable to unlink file (stream.2.63.0):No such file or directory
1456655094885	<WARNING 7efe9276c740> Unable to unlink file (stream.3.0.0):No such file or directory
1456655094888	<WARNING 7efe9276c740> Unable to unlink file (stream.3.1.0):No such file or directory
1456655094891	<WARNING 7efe9276c740> Unable to unlink file (stream.3.2.0):No such file or directory
1456655094894	<WARNING 7efe9276c740> Unable to unlink file (stream.3.3.0):No such file or directory
1456655094897	<WARNING 7efe9276c740> Unable to unlink file (stream.3.4.0):No such file or directory
1456655094900	<WARNING 7efe9276c740> Unable to unlink file (stream.3.5.0):No such file or directory
1456655094903	<WARNING 7efe9276c740> Unable to unlink file (stream.3.6.0):No such file or directory
1456655094906	<WARNING 7efe9276c740> Unable to unlink file (stream.3.7.0):No such file or directory
1456655094909	<WARNING 7efe9276c740> Unable to unlink file (stream.3.8.0):No such file or directory
1456655094912	<WARNING 7efe9276c740> Unable to unlink file (stream.3.9.0):No such file or directory
1456655094914	<WARNING 7efe9276c740> Unable to unlink file (stream.3.10.0):No such file or directory
1456655094918	<WARNING 7efe9276c740> Unable to unlink file (stream.3.11.0):No such file or directory
1456655094921	<WARNING 7efe9276c740> Unable to unlink file (stream.3.12.0):No such file or directory
1456655094924	<WARNING 7efe9276c740> Unable to unlink file (stream.3.13.0):No such file or directory
1456655094927	<WARNING 7efe9276c740> Unable to unlink file (stream.3.14.0):No such file or directory
1456655094930	<WARNING 7efe9276c740> Unable to unlink file (stream.3.15.0):No such file or directory
1456655094933	<WARNING 7efe9276c740> Unable to unlink file (stream.3.16.0):No such file or directory
1456655094936	<WARNING 7efe9276c740> Unable to unlink file (stream.3.17.0):No such file or directory
1456655094939	<WARNING 7efe9276c740> Unable to unlink file (stream.3.18.0):No such file or directory
1456655094942	<WARNING 7efe9276c740> Unable to unlink file (stream.3.19.0):No such file or directory
1456655094945	<WARNING 7efe9276c740> Unable to unlink file (stream.3.20.0):No such file or directory
1456655094948	<WARNING 7efe9276c740> Unable to unlink file (stream.3.21.0):No such file or directory
1456655094951	<WARNING 7efe9276c740> Unable to unlink file (stream.3.22.0):No such file or directory
1456655094954	<WARNING 7efe9276c740> Unable to unlink file (stream.3.23.0):No such file or directory
1456655094957	<WARNING 7efe9276c740> Unable to unlink file (stream.3.24.0):No such file or directory
1456655094960	<WARNING 7efe9276c740> Unable to unlink file (stream.3.25.0):No such file or directory
1456655094963	<WARNING 7efe9276c740> Unable to unlink file (stream.3.26.0):No such file or directory
1456655094967	<WARNING 7efe9276c740> Unable to unlink file (stream.3.27.0):No such file or directory
1456655094970	<WARNING 7efe9276c740> Unable to unlink file (stream.3.28.0):No such file or directory
1456655094973	<WARNING 7efe9276c740> Unable to unlink file (stream.3.29.0):No such file or directory
1456655094976	<WARNING 7efe9276c740> Unable to unlink file (stream.3.30.0):No such file or directory
1456655094979	<WARNING 7efe9276c740> Unable to unlink file (stream.3.31.0):No such file or directory
1456655094982	<WARNING 7efe9276c740> Unable to unlink file (stream.3.32.0):No such file or directory
1456655094985	<WARNING 7efe9276c740> Unable to unlink file (stream.3.33.0):No such file or directory
1456655094989	<WARNING 7efe9276c740> Unable to unlink file (stream.3.34.0):No such file or directory
1456655094992	<WARNING 7efe9276c740> Unable to unlink file (stream.3.35.0):No such file or directory
1456655094995	<WARNING 7efe9276c740> Unable to unlink file (stream.3.36.0):No such file or directory
1456655094998	<WARNING 7efe9276c740> Unable to unlink file (stream.3.37.0):No such file or directory
1456655095001	<WARNING 7efe9276c740> Unable to unlink file (stream.3.38.0):No such file or directory
1456655095004	<WARNING 7efe9276c740> Unable to unlink file (stream.3.39.0):No such file or directory
1456655095007	<WARNING 7efe9276c740> Unable to unlink file (stream.3.40.0):No such file or directory
1456655095010	<WARNING 7efe9276c740> Unable to unlink file (stream.3.41.0):No such file or directory
1456655095012	<WARNING 7efe9276c740> Unable to unlink file (stream.3.42.0):No such file or directory
1456655095016	<WARNING 7efe9276c740> Unable to unlink file (stream.3.43.0):No such file or directory
1456655095019	<WARNING 7efe9276c740> Unable to unlink file (stream.3.44.0):No such file or directory
1456655095022	<WARNING 7efe9276c740> Unable to unlink file (stream.3.45.0):No such file or directory
1456655095025	<WARNING 7efe9276c740> Unable to unlink file (stream.3.46.0):No such file or directory
1456655095028	<WARNING 7efe9276c740> Unable to unlink file (stream.3.47.0):No such file or directory
1456655095031	<WARNING 7efe9276c740> Unable to unlink file (stream.3.48.0):No such file or directory
1456655095034	<WARNING 7efe9276c740> Unable to unlink file (stream.3.49.0):No such file or directory
1456655095037	<WARNING 7efe9276c740> Unable to unlink file (stream.3.50.0):No such file or directory
1456655095040	<WARNING 7efe9276c740> Unable to unlink file (stream.3.51.0):No such file or directory
1456655095043	<WARNING 7efe9276c740> Unable to unlink file (stream.3.52.0):No such file or directory
1456655095046	<WARNING 7efe9276c740> Unable to unlink file (stream.3.53.0):No such file or directory
1456655095050	<WARNING 7efe9276c740> Unable to unlink file (stream.3.54.0):No such file or directory
1456655095053	<WARNING 7efe9276c740> Unable to unlink file (stream.3.55.0):No such file or directory
1456655095056	<WARNING 7efe9276c740> Unable to unlink file (stream.3.56.0):No such file or directory
1456655095059	<WARNING 7efe9276c740> Unable to unlink file (stream.3.57.0):No such file or directory
1456655095062	<WARNING 7efe9276c740> Unable to unlink file (stream.3.58.0):No such file or directory
1456655095065	<WARNING 7efe9276c740> Unable to unlink file (stream.3.59.0):No such file or directory
1456655095068	<WARNING 7efe9276c740> Unable to unlink file (stream.3.60.0):No such file or directory
1456655095072	<WARNING 7efe9276c740> Unable to unlink file (stream.3.61.0):No such file or directory
1456655095075	<WARNING 7efe9276c740> Unable to unlink file (stream.3.62.0):No such file or directory
1456655095078	<WARNING 7efe9276c740> Unable to unlink file (stream.3.63.0):No such file or directory
1456655095081	<INFO 7efe9276c740> SLIPSTORE::ZMQ_THREADS 2
1456655095084	<INFO 7efe9276c740> SLIPSTORE::COMM Connecting to tcp://dco-node137-10g:5016
1456655095087	<INFO 7efe9276c740> SLIPSTORE::COMM Connecting to tcp://dco-node138-10g:5034
1456655095089	<INFO 7efe9276c740> SLIPSTORE::COMM Connecting to tcp://dco-node139-10g:5052
1456655095093	<INFO 7efe9276c740> SLIPSTORE::COMM Connecting to tcp://dco-node140-10g:5070
1456655095095	<INFO 7efe9276c740> SLIPSTORE::COMM Connecting to tcp://dco-node141-10g:5088
1456655095098	<INFO 7efe9276c740> SLIPSTORE::COMM Connecting to tcp://dco-node142-10g:5106
1456655095101	<INFO 7efe9276c740> SLIPSTORE::COMM Connecting to tcp://dco-node143-10g:5124
1456655095105	<INFO 7efe9276c740> SLIPSTORE::COMM Connecting to tcp://dco-node144-10g:5142
1456655095108	<INFO 7efe9276c740> SLIPSTORE::COMM Listening at tcp://ens1f0:5026
1456655095111	<INFO 7efe9276c740> SLIPSTORE::COMM Listening at ipc://client
1456655095114	<INFO 7efe9276c740> SLIPSTORE::COMM Listening at tcp://ens1f0:5028
1456655095117	<INFO 7efe9276c740> SLIPSTORE::COMM Listening at tcp://ens1f0:5029
1456655095120	<INFO 7efe9276c740> SLIPSTORE::COMM Listening at tcp://ens1f0:5030
1456655095123	<INFO 7efe9276c740> SLIPSTORE::COMM Listening at tcp://ens1f0:5031
1456655095126	<INFO 7efe9276c740> SLIPSTORE::COMM Listening at tcp://ens1f0:5032
1456655095128	<INFO 7efe9276c740> SLIPSTORE::COMM Listening at tcp://ens1f0:5033
1456655095131	<INFO 7efe9276c740> SLIPSTORE::COMM Connecting to tcp://dco-node137-10g:5016
1456655095134	<INFO 7efe9276c740> SLIPSTORE::COMM Connecting to tcp://dco-node138-10g:5034
1456655095136	<INFO 7efe9276c740> SLIPSTORE::COMM Connecting to tcp://dco-node139-10g:5052
1456655095140	<INFO 7efe9276c740> SLIPSTORE::COMM Connecting to tcp://dco-node140-10g:5070
1456655095143	<INFO 7efe9276c740> SLIPSTORE::COMM Connecting to tcp://dco-node141-10g:5088
1456655095145	<INFO 7efe9276c740> SLIPSTORE::COMM Connecting to tcp://dco-node142-10g:5106
1456655095148	<INFO 7efe9276c740> SLIPSTORE::COMM Connecting to tcp://dco-node143-10g:5124
1456655095151	<INFO 7efe9276c740> SLIPSTORE::COMM Connecting to tcp://dco-node144-10g:5142
1456655095154	<INFO 7efe9276c740> SLIPSTORE::COMM Connecting to tcp://dco-node137-10g:5001
1456655095157	<INFO 7efe9276c740> SLIPSTORE::COMM Connecting to ipc://server
1456655095160	<INFO 7efe9276c740> SLIPSTORE::COMM Connecting to tcp://dco-node139-10g:5037
1456655095163	<INFO 7efe9276c740> SLIPSTORE::COMM Connecting to tcp://dco-node140-10g:5055
1456655095166	<INFO 7efe9276c740> SLIPSTORE::COMM Connecting to tcp://dco-node141-10g:5073
1456655095169	<INFO 7efe9276c740> SLIPSTORE::COMM Connecting to tcp://dco-node142-10g:5091
1456655095172	<INFO 7efe9276c740> SLIPSTORE::COMM Connecting to tcp://dco-node143-10g:5109
1456655095175	<INFO 7efe9276c740> SLIPSTORE::COMM Connecting to tcp://dco-node144-10g:5127
1456655095178	<INFO 7efe9276c740> SLIPSTORE::COMM Connecting to tcp://dco-node139-10g:5053
1456655095181	<INFO 7efe9276c740> SLIPSTORE::COMM Listening at tcp://ens1f0:5035
1456655095184	<INFO 7efe9276c740> SLIPSTORE::COMM Connecting to tcp://dco-node138-10g:5034
1456655095187	<INFO 7efe9276c740> SLIPSTORE::HELP_POLICY HEURISTIC_NEW
1456655095190	<INFO 7efe9276c740> SLIPSTORE::SERVER ASYNC
1456655095193	<INFO 7efe9276c740> SLIPSTORE::MACHINES 8
1456655095195	<INFO 7efe9276c740> SLIPSTORE::ME 1
1456655095198	<INFO 7efe9276c740> SLIPSTORE::SLIPCHUNK 4194304
1456655095201	<INFO 7efe9276c740> SLIPSTORE::QUOTA 18446744073709551615
1456655095204	<INFO 7efe9276c740> SLIPSTORE::IO PAGECACHE
1456655095206	<INFO 7ee173fff700> SLIPSTORE::COMM Listening at tcp://ens1f0:5034
1456655095210	<INFO 7ee173fff700> SLIPSTORE::COMM Listening at tcp://ens1f0:5018
1456655095213	<INFO 7ee173fff700> SLIPSTORE::COMM Connecting to tcp://dco-node137-10g:5009
1456655095215	<INFO 7ee173fff700> SLIPSTORE::COMM Listening at ipc://server
1456655095218	<INFO 7ee173fff700> SLIPSTORE::COMM Connecting to ipc://client
1456655095221	<INFO 7ee173fff700> SLIPSTORE::COMM Listening at tcp://ens1f0:5020
1456655095224	<INFO 7ee173fff700> SLIPSTORE::COMM Connecting to tcp://dco-node139-10g:5045
1456655095227	<INFO 7ee173fff700> SLIPSTORE::COMM Listening at tcp://ens1f0:5021
1456655095230	<INFO 7ee173fff700> SLIPSTORE::COMM Connecting to tcp://dco-node140-10g:5063
1456655095232	<INFO 7ee173fff700> SLIPSTORE::COMM Listening at tcp://ens1f0:5022
1456655095236	<INFO 7ee173fff700> SLIPSTORE::COMM Connecting to tcp://dco-node141-10g:5081
1456655095238	<INFO 7ee173fff700> SLIPSTORE::COMM Listening at tcp://ens1f0:5023
1456655095241	<INFO 7ee173fff700> SLIPSTORE::COMM Connecting to tcp://dco-node142-10g:5099
1456655095244	<INFO 7ee173fff700> SLIPSTORE::COMM Listening at tcp://ens1f0:5024
1456655095247	<INFO 7ee173fff700> SLIPSTORE::COMM Connecting to tcp://dco-node143-10g:5117
1456655095250	<INFO 7ee173fff700> SLIPSTORE::COMM Listening at tcp://ens1f0:5025
1456655095253	<INFO 7ee173fff700> SLIPSTORE::COMM Connecting to tcp://dco-node144-10g:5135
1456655095566	<INFO 7efe9276c740> SLIPSTORE::CHECKPOINTS NONE FOUND
1456655241728	<INFO 7efe9276c740> 2016-02-28 11:27:21 Completed init
1456655333658	<INFO 7efe9276c740> 2016-02-28 11:28:53 Completed phase 1 Bytes read 26749761588 Bytes written 13064042632
1456655435080	<INFO 7efe9276c740> 2016-02-28 11:30:35 Completed phase 2 Bytes read 40586626888 Bytes written 15334523840
