1456758378469	<INFO 7fe65031e740> 2016-02-29 16:06:18 STARTUP
1456758378473	<INFO 7fe65031e740> CORE::GRAPH rmat-28-und_s8
1456758378477	<INFO 7fe65031e740> CORE::ALGORITHM bfs
1456758378481	<INFO 7fe65031e740> CORE::VERTEX_STRIPING ON
1456758378485	<INFO 7fe65031e740> 2016-02-29 16:06:18 Blocking memory amount 120259084288
1456758480125	<INFO 7fe65031e740> 2016-02-29 16:08:00 Done blocking memory
1456758480128	<INFO 7fe65031e740> SG-DRIVER-ORIGINAL
1456758480132	<INFO 7fe65031e740> CORE::CONFIG::PROCESSORS 8
1456758480136	<INFO 7fe65031e740> CORE::CONFIG::PHYSICAL_MEMORY 209715200
1456758480140	<INFO 7fe65031e740> CORE::CONFIG::VERTICES 268435456
1456758480143	<INFO 7fe65031e740> CORE::CONFIG::VERTEX_SIZE 8
1456758480147	<INFO 7fe65031e740> CORE::CONFIG::VERTEX_BUFFER 134217728
1456758480151	<INFO 7fe65031e740> CORE::CONFIG::EDGES 1073741824
1456758480154	<INFO 7fe65031e740> CORE::CONFIG::PARTITIONS 256
1456758480158	<INFO 7fe65031e740> CORE::CONFIG::FANOUT 256
1456758480162	<INFO 7fe65031e740> CORE::CONFIG::SUPER_PARTITIONS 16
1456758480166	<INFO 7fe65031e740> CORE::CONFIG::TILES 1
1456758480170	<INFO 7fe65031e740> CORE::CONFIG::BUFFER_SIZE 15095603
1456758480173	<INFO 7fe65031e740> CORE::CONFIG::MAX_BUFFERS 4
1456758480177	<INFO 7fe65031e740> CORE::CONFIG::MAX_STREAMS 4
1456758480181	<INFO 7fe65031e740> SLIPSTREAM::EXT_MEM_SHUFFLE OFF
1456758480301	<WARNING 7fe65031e740> Unable to unlink file (stream.0.0.0):No such file or directory
1456758480305	<WARNING 7fe65031e740> Unable to unlink file (stream.0.1.0):No such file or directory
1456758480308	<WARNING 7fe65031e740> Unable to unlink file (stream.0.2.0):No such file or directory
1456758480312	<WARNING 7fe65031e740> Unable to unlink file (stream.0.3.0):No such file or directory
1456758480316	<WARNING 7fe65031e740> Unable to unlink file (stream.0.4.0):No such file or directory
1456758480321	<WARNING 7fe65031e740> Unable to unlink file (stream.0.5.0):No such file or directory
1456758480325	<WARNING 7fe65031e740> Unable to unlink file (stream.0.6.0):No such file or directory
1456758480329	<WARNING 7fe65031e740> Unable to unlink file (stream.0.7.0):No such file or directory
1456758480333	<WARNING 7fe65031e740> Unable to unlink file (stream.0.8.0):No such file or directory
1456758480337	<WARNING 7fe65031e740> Unable to unlink file (stream.0.9.0):No such file or directory
1456758480340	<WARNING 7fe65031e740> Unable to unlink file (stream.0.10.0):No such file or directory
1456758480344	<WARNING 7fe65031e740> Unable to unlink file (stream.0.11.0):No such file or directory
1456758480349	<WARNING 7fe65031e740> Unable to unlink file (stream.0.12.0):No such file or directory
1456758480352	<WARNING 7fe65031e740> Unable to unlink file (stream.0.13.0):No such file or directory
1456758480355	<WARNING 7fe65031e740> Unable to unlink file (stream.0.14.0):No such file or directory
1456758480359	<WARNING 7fe65031e740> Unable to unlink file (stream.0.15.0):No such file or directory
1456758480362	<WARNING 7fe65031e740> Unable to unlink file (stream.1.1.0):No such file or directory
1456758480365	<WARNING 7fe65031e740> Unable to unlink file (stream.1.2.0):No such file or directory
1456758480369	<WARNING 7fe65031e740> Unable to unlink file (stream.1.3.0):No such file or directory
1456758480373	<WARNING 7fe65031e740> Unable to unlink file (stream.1.4.0):No such file or directory
1456758480376	<WARNING 7fe65031e740> Unable to unlink file (stream.1.5.0):No such file or directory
1456758480380	<WARNING 7fe65031e740> Unable to unlink file (stream.1.6.0):No such file or directory
1456758480383	<WARNING 7fe65031e740> Unable to unlink file (stream.1.7.0):No such file or directory
1456758480386	<WARNING 7fe65031e740> Unable to unlink file (stream.1.8.0):No such file or directory
1456758480389	<WARNING 7fe65031e740> Unable to unlink file (stream.1.9.0):No such file or directory
1456758480392	<WARNING 7fe65031e740> Unable to unlink file (stream.1.10.0):No such file or directory
1456758480395	<WARNING 7fe65031e740> Unable to unlink file (stream.1.11.0):No such file or directory
1456758480398	<WARNING 7fe65031e740> Unable to unlink file (stream.1.12.0):No such file or directory
1456758480401	<WARNING 7fe65031e740> Unable to unlink file (stream.1.13.0):No such file or directory
1456758480404	<WARNING 7fe65031e740> Unable to unlink file (stream.1.14.0):No such file or directory
1456758480407	<WARNING 7fe65031e740> Unable to unlink file (stream.1.15.0):No such file or directory
1456758480411	<WARNING 7fe65031e740> Unable to unlink file (stream.2.0.0):No such file or directory
1456758480413	<WARNING 7fe65031e740> Unable to unlink file (stream.2.1.0):No such file or directory
1456758480416	<WARNING 7fe65031e740> Unable to unlink file (stream.2.2.0):No such file or directory
1456758480420	<WARNING 7fe65031e740> Unable to unlink file (stream.2.3.0):No such file or directory
1456758480422	<WARNING 7fe65031e740> Unable to unlink file (stream.2.4.0):No such file or directory
1456758480426	<WARNING 7fe65031e740> Unable to unlink file (stream.2.5.0):No such file or directory
1456758480429	<WARNING 7fe65031e740> Unable to unlink file (stream.2.6.0):No such file or directory
1456758480431	<WARNING 7fe65031e740> Unable to unlink file (stream.2.7.0):No such file or directory
1456758480434	<WARNING 7fe65031e740> Unable to unlink file (stream.2.8.0):No such file or directory
1456758480437	<WARNING 7fe65031e740> Unable to unlink file (stream.2.9.0):No such file or directory
1456758480440	<WARNING 7fe65031e740> Unable to unlink file (stream.2.10.0):No such file or directory
1456758480443	<WARNING 7fe65031e740> Unable to unlink file (stream.2.11.0):No such file or directory
1456758480445	<WARNING 7fe65031e740> Unable to unlink file (stream.2.12.0):No such file or directory
1456758480448	<WARNING 7fe65031e740> Unable to unlink file (stream.2.13.0):No such file or directory
1456758480451	<WARNING 7fe65031e740> Unable to unlink file (stream.2.14.0):No such file or directory
1456758480454	<WARNING 7fe65031e740> Unable to unlink file (stream.2.15.0):No such file or directory
1456758480456	<WARNING 7fe65031e740> Unable to unlink file (stream.3.0.0):No such file or directory
1456758480459	<WARNING 7fe65031e740> Unable to unlink file (stream.3.1.0):No such file or directory
1456758480462	<WARNING 7fe65031e740> Unable to unlink file (stream.3.2.0):No such file or directory
1456758480465	<WARNING 7fe65031e740> Unable to unlink file (stream.3.3.0):No such file or directory
1456758480468	<WARNING 7fe65031e740> Unable to unlink file (stream.3.4.0):No such file or directory
1456758480470	<WARNING 7fe65031e740> Unable to unlink file (stream.3.5.0):No such file or directory
1456758480473	<WARNING 7fe65031e740> Unable to unlink file (stream.3.6.0):No such file or directory
1456758480476	<WARNING 7fe65031e740> Unable to unlink file (stream.3.7.0):No such file or directory
1456758480478	<WARNING 7fe65031e740> Unable to unlink file (stream.3.8.0):No such file or directory
1456758480481	<WARNING 7fe65031e740> Unable to unlink file (stream.3.9.0):No such file or directory
1456758480483	<WARNING 7fe65031e740> Unable to unlink file (stream.3.10.0):No such file or directory
1456758480486	<WARNING 7fe65031e740> Unable to unlink file (stream.3.11.0):No such file or directory
1456758480488	<WARNING 7fe65031e740> Unable to unlink file (stream.3.12.0):No such file or directory
1456758480491	<WARNING 7fe65031e740> Unable to unlink file (stream.3.13.0):No such file or directory
1456758480493	<WARNING 7fe65031e740> Unable to unlink file (stream.3.14.0):No such file or directory
1456758480495	<WARNING 7fe65031e740> Unable to unlink file (stream.3.15.0):No such file or directory
1456758480498	<INFO 7fe65031e740> SLIPSTORE::ZMQ_THREADS 2
1456758480500	<INFO 7fe65031e740> SLIPSTORE::COMM Connecting to tcp://dco-node137-10g:5016
1456758480503	<INFO 7fe65031e740> SLIPSTORE::COMM Connecting to tcp://dco-node138-10g:5034
1456758480505	<INFO 7fe65031e740> SLIPSTORE::COMM Connecting to tcp://dco-node139-10g:5052
1456758480508	<INFO 7fe65031e740> SLIPSTORE::COMM Connecting to tcp://dco-node140-10g:5070
1456758480510	<INFO 7fe65031e740> SLIPSTORE::COMM Connecting to tcp://dco-node141-10g:5088
1456758480512	<INFO 7fe65031e740> SLIPSTORE::COMM Connecting to tcp://dco-node142-10g:5106
1456758480515	<INFO 7fe65031e740> SLIPSTORE::COMM Connecting to tcp://dco-node143-10g:5124
1456758480517	<INFO 7fe65031e740> SLIPSTORE::COMM Connecting to tcp://dco-node144-10g:5142
1456758480520	<INFO 7fe65031e740> SLIPSTORE::COMM Listening at tcp://ens1f0:5026
1456758480522	<INFO 7fe65031e740> SLIPSTORE::COMM Listening at ipc://client
1456758480525	<INFO 7fe65031e740> SLIPSTORE::COMM Listening at tcp://ens1f0:5028
1456758480527	<INFO 7fe65031e740> SLIPSTORE::COMM Listening at tcp://ens1f0:5029
1456758480530	<INFO 7fe65031e740> SLIPSTORE::COMM Listening at tcp://ens1f0:5030
1456758480532	<INFO 7fe65031e740> SLIPSTORE::COMM Listening at tcp://ens1f0:5031
1456758480535	<INFO 7fe65031e740> SLIPSTORE::COMM Listening at tcp://ens1f0:5032
1456758480537	<INFO 7fe65031e740> SLIPSTORE::COMM Listening at tcp://ens1f0:5033
1456758480540	<INFO 7fe65031e740> SLIPSTORE::COMM Connecting to tcp://dco-node137-10g:5016
1456758480542	<INFO 7fe65031e740> SLIPSTORE::COMM Connecting to tcp://dco-node138-10g:5034
1456758480545	<INFO 7fe65031e740> SLIPSTORE::COMM Connecting to tcp://dco-node139-10g:5052
1456758480547	<INFO 7fe65031e740> SLIPSTORE::COMM Connecting to tcp://dco-node140-10g:5070
1456758480550	<INFO 7fe65031e740> SLIPSTORE::COMM Connecting to tcp://dco-node141-10g:5088
1456758480552	<INFO 7fe65031e740> SLIPSTORE::COMM Connecting to tcp://dco-node142-10g:5106
1456758480554	<INFO 7fe65031e740> SLIPSTORE::COMM Connecting to tcp://dco-node143-10g:5124
1456758480557	<INFO 7fe65031e740> SLIPSTORE::COMM Connecting to tcp://dco-node144-10g:5142
1456758480559	<INFO 7fe65031e740> SLIPSTORE::COMM Connecting to tcp://dco-node137-10g:5001
1456758480562	<INFO 7fe65031e740> SLIPSTORE::COMM Connecting to ipc://server
1456758480564	<INFO 7fe65031e740> SLIPSTORE::COMM Connecting to tcp://dco-node139-10g:5037
1456758480567	<INFO 7fe65031e740> SLIPSTORE::COMM Connecting to tcp://dco-node140-10g:5055
1456758480569	<INFO 7fe65031e740> SLIPSTORE::COMM Connecting to tcp://dco-node141-10g:5073
1456758480571	<INFO 7fe65031e740> SLIPSTORE::COMM Connecting to tcp://dco-node142-10g:5091
1456758480574	<INFO 7fe65031e740> SLIPSTORE::COMM Connecting to tcp://dco-node143-10g:5109
1456758480576	<INFO 7fe65031e740> SLIPSTORE::COMM Connecting to tcp://dco-node144-10g:5127
1456758480579	<INFO 7fe65031e740> SLIPSTORE::COMM Connecting to tcp://dco-node139-10g:5053
1456758480581	<INFO 7fe65031e740> SLIPSTORE::COMM Listening at tcp://ens1f0:5035
1456758480583	<INFO 7fe65031e740> SLIPSTORE::COMM Connecting to tcp://dco-node138-10g:5034
1456758480586	<INFO 7fe65031e740> SLIPSTORE::HELP_POLICY NONE
1456758480588	<INFO 7fe65031e740> SLIPSTORE::SERVER SYNC
1456758480590	<INFO 7fe65031e740> SLIPSTORE::MACHINES 8
1456758480593	<INFO 7fe65031e740> SLIPSTORE::ME 1
1456758480595	<INFO 7fe65031e740> SLIPSTORE::SLIPCHUNK 4194304
1456758480598	<INFO 7fe65031e740> SLIPSTORE::QUOTA 18446744073709551615
1456758480600	<INFO 7fe65031e740> SLIPSTORE::IO PAGECACHE
1456758480603	<INFO 7fca27fff700> SLIPSTORE::COMM Listening at tcp://ens1f0:5034
1456758480605	<INFO 7fca27fff700> SLIPSTORE::COMM Listening at tcp://ens1f0:5018
1456758480607	<INFO 7fca27fff700> SLIPSTORE::COMM Connecting to tcp://dco-node137-10g:5009
1456758480610	<INFO 7fca27fff700> SLIPSTORE::COMM Listening at ipc://server
1456758480612	<INFO 7fca27fff700> SLIPSTORE::COMM Connecting to ipc://client
1456758480614	<INFO 7fca27fff700> SLIPSTORE::COMM Listening at tcp://ens1f0:5020
1456758480617	<INFO 7fca27fff700> SLIPSTORE::COMM Connecting to tcp://dco-node139-10g:5045
1456758480619	<INFO 7fca27fff700> SLIPSTORE::COMM Listening at tcp://ens1f0:5021
1456758480622	<INFO 7fca27fff700> SLIPSTORE::COMM Connecting to tcp://dco-node140-10g:5063
1456758480624	<INFO 7fca27fff700> SLIPSTORE::COMM Listening at tcp://ens1f0:5022
1456758480626	<INFO 7fca27fff700> SLIPSTORE::COMM Connecting to tcp://dco-node141-10g:5081
1456758480629	<INFO 7fca27fff700> SLIPSTORE::COMM Listening at tcp://ens1f0:5023
1456758480631	<INFO 7fca27fff700> SLIPSTORE::COMM Connecting to tcp://dco-node142-10g:5099
1456758480633	<INFO 7fca27fff700> SLIPSTORE::COMM Listening at tcp://ens1f0:5024
1456758480636	<INFO 7fca27fff700> SLIPSTORE::COMM Connecting to tcp://dco-node143-10g:5117
1456758480638	<INFO 7fca27fff700> SLIPSTORE::COMM Listening at tcp://ens1f0:5025
1456758480641	<INFO 7fca27fff700> SLIPSTORE::COMM Connecting to tcp://dco-node144-10g:5135
1456758482795	<INFO 7fe65031e740> SLIPSTORE::CHECKPOINTS NONE FOUND
1456758884331	<INFO 7fe65031e740> 2016-02-29 16:14:44 Completed init
1456758884451	<INFO 7fca27fff700> trunc() stream.0.4.0
1456758884454	<INFO 7fca27fff700> trunc() ok stream.0.4.0
1456758884457	<INFO 7fca27fff700> trunc() stream.0.1.0
1456758884459	<INFO 7fca27fff700> trunc() ok stream.0.1.0
1456758884462	<INFO 7fca27fff700> trunc() stream.0.5.0
1456758884464	<INFO 7fca27fff700> trunc() ok stream.0.5.0
1456758884467	<INFO 7fca27fff700> trunc() stream.0.7.0
1456758884470	<INFO 7fca27fff700> trunc() ok stream.0.7.0
1456758884473	<INFO 7fca27fff700> trunc() stream.0.6.0
1456758884476	<INFO 7fca27fff700> trunc() ok stream.0.6.0
1456758884480	<INFO 7fca27fff700> trunc() stream.0.2.0
1456758884483	<INFO 7fca27fff700> trunc() ok stream.0.2.0
1456758884508	<INFO 7fca27fff700> trunc() stream.0.3.0
1456758884511	<INFO 7fca27fff700> trunc() ok stream.0.3.0
1456758884599	<INFO 7fca27fff700> trunc() stream.0.0.0
1456758884602	<INFO 7fca27fff700> trunc() ok stream.0.0.0
1456758885037	<INFO 7fca27fff700> trunc() stream.0.14.0
1456758885040	<INFO 7fca27fff700> trunc() ok stream.0.14.0
1456758885047	<INFO 7fca27fff700> trunc() stream.0.9.0
1456758885049	<INFO 7fca27fff700> trunc() ok stream.0.9.0
1456758885067	<INFO 7fca27fff700> trunc() stream.0.13.0
1456758885070	<INFO 7fca27fff700> trunc() ok stream.0.13.0
1456758885073	<INFO 7fca27fff700> trunc() stream.0.10.0
1456758885076	<INFO 7fca27fff700> trunc() ok stream.0.10.0
1456758885085	<INFO 7fca27fff700> trunc() stream.0.12.0
1456758885087	<INFO 7fca27fff700> trunc() ok stream.0.12.0
1456758885111	<INFO 7fca27fff700> trunc() stream.0.15.0
1456758885115	<INFO 7fca27fff700> trunc() ok stream.0.15.0
1456758885142	<INFO 7fca27fff700> trunc() stream.0.11.0
1456758885145	<INFO 7fca27fff700> trunc() ok stream.0.11.0
1456758885230	<INFO 7fca27fff700> trunc() stream.0.8.0
1456758885233	<INFO 7fca27fff700> trunc() ok stream.0.8.0
1456758886060	<INFO 7fca27fff700> trunc() stream.0.4.0
1456758886068	<INFO 7fca27fff700> trunc() ok stream.0.4.0
1456758886095	<INFO 7fca27fff700> trunc() stream.0.2.0
1456758886103	<INFO 7fca27fff700> trunc() ok stream.0.2.0
1456758886106	<INFO 7fca27fff700> trunc() stream.0.7.0
1456758886112	<INFO 7fca27fff700> trunc() ok stream.0.7.0
1456758886114	<INFO 7fca27fff700> trunc() stream.0.1.0
1456758886120	<INFO 7fca27fff700> trunc() ok stream.0.1.0
1456758886142	<INFO 7fca27fff700> trunc() stream.0.3.0
1456758886150	<INFO 7fca27fff700> trunc() ok stream.0.3.0
1456758886200	<INFO 7fca27fff700> trunc() stream.0.5.0
1456758886208	<INFO 7fca27fff700> trunc() ok stream.0.5.0
1456758886249	<INFO 7fca27fff700> trunc() stream.0.0.0
1456758886256	<INFO 7fca27fff700> trunc() ok stream.0.0.0
1456758886258	<INFO 7fca27fff700> trunc() stream.0.6.0
1456758886264	<INFO 7fca27fff700> trunc() ok stream.0.6.0
1456758886738	<INFO 7fca277fe700> reset  3 0 0
1456758886740	<INFO 7fca277fe700> trunc() stream.3.0.0
1456758886742	<INFO 7fca277fe700> trunc() ok stream.3.0.0
1456758886744	<INFO 7fca277fe700> done reset  3 0 0
1456758886747	<INFO 7fca277fe700> reset  3 1 0
1456758886749	<INFO 7fca277fe700> trunc() stream.3.1.0
1456758886751	<INFO 7fca277fe700> trunc() ok stream.3.1.0
1456758886753	<INFO 7fca277fe700> done reset  3 1 0
1456758886756	<INFO 7fca277fe700> reset  3 2 0
1456758886758	<INFO 7fca277fe700> trunc() stream.3.2.0
1456758886760	<INFO 7fca277fe700> trunc() ok stream.3.2.0
1456758886762	<INFO 7fca277fe700> done reset  3 2 0
1456758886765	<INFO 7fca277fe700> reset  3 3 0
1456758886767	<INFO 7fca277fe700> trunc() stream.3.3.0
1456758886770	<INFO 7fca277fe700> trunc() ok stream.3.3.0
1456758886772	<INFO 7fca277fe700> done reset  3 3 0
1456758886774	<INFO 7fca277fe700> reset  3 4 0
1456758886777	<INFO 7fca277fe700> trunc() stream.3.4.0
1456758886779	<INFO 7fca277fe700> trunc() ok stream.3.4.0
1456758886782	<INFO 7fca277fe700> done reset  3 4 0
1456758886784	<INFO 7fca277fe700> reset  3 5 0
1456758886787	<INFO 7fca277fe700> trunc() stream.3.5.0
1456758886789	<INFO 7fca277fe700> trunc() ok stream.3.5.0
1456758886791	<INFO 7fca277fe700> done reset  3 5 0
1456758886794	<INFO 7fca277fe700> reset  3 6 0
1456758886796	<INFO 7fca277fe700> trunc() stream.3.6.0
1456758886798	<INFO 7fca277fe700> trunc() ok stream.3.6.0
1456758886801	<INFO 7fca277fe700> done reset  3 6 0
1456758886803	<INFO 7fca277fe700> reset  3 7 0
1456758886805	<INFO 7fca277fe700> trunc() stream.3.7.0
1456758886808	<INFO 7fca277fe700> trunc() ok stream.3.7.0
1456758886810	<INFO 7fca277fe700> done reset  3 7 0
1456758886812	<INFO 7fca277fe700> reset  3 8 0
1456758886815	<INFO 7fca277fe700> trunc() stream.3.8.0
1456758886818	<INFO 7fca277fe700> trunc() ok stream.3.8.0
1456758886822	<INFO 7fca277fe700> done reset  3 8 0
1456758886824	<INFO 7fca277fe700> reset  3 9 0
1456758886827	<INFO 7fca277fe700> trunc() stream.3.9.0
1456758886829	<INFO 7fca277fe700> trunc() ok stream.3.9.0
1456758886833	<INFO 7fca277fe700> done reset  3 9 0
1456758886836	<INFO 7fca277fe700> reset  3 10 0
1456758886839	<INFO 7fca277fe700> trunc() stream.3.10.0
1456758886841	<INFO 7fca277fe700> trunc() ok stream.3.10.0
1456758886844	<INFO 7fca277fe700> done reset  3 10 0
1456758886847	<INFO 7fca277fe700> reset  3 11 0
1456758886849	<INFO 7fca277fe700> trunc() stream.3.11.0
1456758886851	<INFO 7fca277fe700> trunc() ok stream.3.11.0
1456758886853	<INFO 7fca277fe700> done reset  3 11 0
1456758886855	<INFO 7fca277fe700> reset  3 12 0
1456758886858	<INFO 7fca277fe700> trunc() stream.3.12.0
1456758886861	<INFO 7fca277fe700> trunc() ok stream.3.12.0
1456758886863	<INFO 7fca277fe700> done reset  3 12 0
1456758886866	<INFO 7fca277fe700> reset  3 13 0
1456758886868	<INFO 7fca277fe700> trunc() stream.3.13.0
1456758886871	<INFO 7fca277fe700> trunc() ok stream.3.13.0
1456758886875	<INFO 7fca277fe700> done reset  3 13 0
1456758886878	<INFO 7fca277fe700> reset  3 14 0
1456758886883	<INFO 7fca277fe700> trunc() stream.3.14.0
1456758886886	<INFO 7fca277fe700> trunc() ok stream.3.14.0
1456758886889	<INFO 7fca277fe700> done reset  3 14 0
1456758886891	<INFO 7fca277fe700> reset  3 15 0
1456758886893	<INFO 7fca277fe700> trunc() stream.3.15.0
1456758886896	<INFO 7fca277fe700> trunc() ok stream.3.15.0
1456758886898	<INFO 7fca277fe700> done reset  3 15 0
1456759069443	<INFO 7fe65031e740> 2016-02-29 16:17:49 Completed phase 1 Bytes read 22888449940 Bytes written 13226161344
1456759069878	<INFO 7fca27fff700> trunc() stream.0.4.0
1456759069881	<INFO 7fca27fff700> trunc() ok stream.0.4.0
1456759069901	<INFO 7fca27fff700> trunc() stream.0.3.0
1456759069903	<INFO 7fca27fff700> trunc() ok stream.0.3.0
1456759069905	<INFO 7fca27fff700> trunc() stream.0.2.0
1456759069908	<INFO 7fca27fff700> trunc() ok stream.0.2.0
1456759069910	<INFO 7fca27fff700> trunc() stream.0.7.0
1456759069915	<INFO 7fca27fff700> trunc() ok stream.0.7.0
1456759069918	<INFO 7fca27fff700> trunc() stream.0.6.0
1456759069922	<INFO 7fca27fff700> trunc() ok stream.0.6.0
1456759069925	<INFO 7fca27fff700> trunc() stream.0.1.0
1456759069929	<INFO 7fca27fff700> trunc() ok stream.0.1.0
1456759070019	<INFO 7fca27fff700> trunc() stream.0.0.0
1456759070026	<INFO 7fca27fff700> trunc() ok stream.0.0.0
1456759070043	<INFO 7fca27fff700> trunc() stream.0.5.0
1456759070050	<INFO 7fca27fff700> trunc() ok stream.0.5.0
1456759070483	<INFO 7fca277fe700> reset  3 0 0
1456759070485	<INFO 7fca277fe700> trunc() stream.3.0.0
1456759070488	<INFO 7fca277fe700> trunc() ok stream.3.0.0
1456759070490	<INFO 7fca277fe700> done reset  3 0 0
1456759070494	<INFO 7fca277fe700> reset  3 1 0
1456759070496	<INFO 7fca277fe700> trunc() stream.3.1.0
1456759070499	<INFO 7fca277fe700> trunc() ok stream.3.1.0
1456759070501	<INFO 7fca277fe700> done reset  3 1 0
1456759070785	<INFO 7fca277fe700> reset  3 2 0
1456759070788	<INFO 7fca277fe700> trunc() stream.3.2.0
1456759070790	<INFO 7fca277fe700> trunc() ok stream.3.2.0
1456759070793	<INFO 7fca277fe700> done reset  3 2 0
1456759070795	<INFO 7fca277fe700> reset  3 3 0
1456759070798	<INFO 7fca277fe700> trunc() stream.3.3.0
1456759070800	<INFO 7fca277fe700> trunc() ok stream.3.3.0
1456759070802	<INFO 7fca277fe700> done reset  3 3 0
1456759070805	<INFO 7fca277fe700> reset  3 4 0
1456759070807	<INFO 7fca277fe700> trunc() stream.3.4.0
1456759070809	<INFO 7fca277fe700> trunc() ok stream.3.4.0
1456759070812	<INFO 7fca277fe700> done reset  3 4 0
1456759070814	<INFO 7fca277fe700> reset  3 5 0
1456759070816	<INFO 7fca277fe700> trunc() stream.3.5.0
1456759070819	<INFO 7fca277fe700> trunc() ok stream.3.5.0
1456759070821	<INFO 7fca277fe700> done reset  3 5 0
1456759070824	<INFO 7fca277fe700> reset  3 6 0
1456759070826	<INFO 7fca277fe700> trunc() stream.3.6.0
1456759070829	<INFO 7fca277fe700> trunc() ok stream.3.6.0
1456759070831	<INFO 7fca277fe700> done reset  3 6 0
1456759070834	<INFO 7fca277fe700> reset  3 7 0
1456759070836	<INFO 7fca277fe700> trunc() stream.3.7.0
1456759070838	<INFO 7fca277fe700> trunc() ok stream.3.7.0
1456759070842	<INFO 7fca277fe700> done reset  3 7 0
1456759070844	<INFO 7fca277fe700> reset  3 8 0
1456759070847	<INFO 7fca277fe700> trunc() stream.3.8.0
1456759070849	<INFO 7fca277fe700> trunc() ok stream.3.8.0
1456759070851	<INFO 7fca277fe700> done reset  3 8 0
1456759070854	<INFO 7fca277fe700> reset  3 9 0
1456759070856	<INFO 7fca277fe700> trunc() stream.3.9.0
1456759070859	<INFO 7fca277fe700> trunc() ok stream.3.9.0
1456759070861	<INFO 7fca277fe700> done reset  3 9 0
1456759070863	<INFO 7fca277fe700> reset  3 10 0
1456759070866	<INFO 7fca277fe700> trunc() stream.3.10.0
1456759070868	<INFO 7fca277fe700> trunc() ok stream.3.10.0
1456759070871	<INFO 7fca277fe700> done reset  3 10 0
1456759070873	<INFO 7fca277fe700> reset  3 11 0
1456759070879	<INFO 7fca277fe700> trunc() stream.3.11.0
1456759070881	<INFO 7fca277fe700> trunc() ok stream.3.11.0
1456759070883	<INFO 7fca277fe700> done reset  3 11 0
1456759070886	<INFO 7fca277fe700> reset  3 12 0
1456759070888	<INFO 7fca277fe700> trunc() stream.3.12.0
1456759070890	<INFO 7fca277fe700> trunc() ok stream.3.12.0
1456759070892	<INFO 7fca277fe700> done reset  3 12 0
1456759070895	<INFO 7fca277fe700> reset  3 13 0
1456759070897	<INFO 7fca277fe700> trunc() stream.3.13.0
1456759070899	<INFO 7fca277fe700> trunc() ok stream.3.13.0
1456759070901	<INFO 7fca277fe700> done reset  3 13 0
1456759070904	<INFO 7fca277fe700> reset  3 14 0
1456759070907	<INFO 7fca277fe700> trunc() stream.3.14.0
1456759070912	<INFO 7fca277fe700> trunc() ok stream.3.14.0
1456759070916	<INFO 7fca277fe700> done reset  3 14 0
1456759070918	<INFO 7fca277fe700> reset  3 15 0
1456759070922	<INFO 7fca277fe700> trunc() stream.3.15.0
1456759070926	<INFO 7fca277fe700> trunc() ok stream.3.15.0
1456759070929	<INFO 7fca277fe700> done reset  3 15 0
1456759292496	<INFO 7fe65031e740> 2016-02-29 16:21:32 Completed phase 2 Bytes read 32894910320 Bytes written 17200406272
1456759295185	<INFO 7fca27fff700> trunc() stream.0.7.0
1456759295192	<INFO 7fca27fff700> trunc() ok stream.0.7.0
1456759302782	<INFO 7fca27fff700> trunc() stream.0.6.0
1456759302790	<INFO 7fca27fff700> trunc() ok stream.0.6.0
1456759302840	<INFO 7fca27fff700> trunc() stream.0.3.0
1456759302848	<INFO 7fca27fff700> trunc() ok stream.0.3.0
1456759302888	<INFO 7fca27fff700> trunc() stream.0.5.0
1456759302895	<INFO 7fca27fff700> trunc() ok stream.0.5.0
1456759309611	<INFO 7fca27fff700> trunc() stream.0.2.0
1456759309619	<INFO 7fca27fff700> trunc() ok stream.0.2.0
1456759309650	<INFO 7fca27fff700> trunc() stream.0.1.0
1456759309659	<INFO 7fca27fff700> trunc() ok stream.0.1.0
1456759310191	<INFO 7fca27fff700> trunc() stream.0.4.0
1456759310199	<INFO 7fca27fff700> trunc() ok stream.0.4.0
1456759329355	<INFO 7fca27fff700> trunc() stream.0.0.0
1456759329362	<INFO 7fca27fff700> trunc() ok stream.0.0.0
1456759329939	<INFO 7fca277fe700> reset  3 0 0
1456759329942	<INFO 7fca277fe700> trunc() stream.3.0.0
1456759330384	<INFO 7fca277fe700> trunc() ok stream.3.0.0
1456759330386	<INFO 7fca277fe700> done reset  3 0 0
1456759333166	<INFO 7fca277fe700> reset  3 1 0
1456759333168	<INFO 7fca277fe700> trunc() stream.3.1.0
1456759333320	<INFO 7fca277fe700> trunc() ok stream.3.1.0
1456759333324	<INFO 7fca277fe700> done reset  3 1 0
1456759334412	<INFO 7fca277fe700> reset  3 2 0
1456759334414	<INFO 7fca277fe700> trunc() stream.3.2.0
1456759334568	<INFO 7fca277fe700> trunc() ok stream.3.2.0
1456759334570	<INFO 7fca277fe700> done reset  3 2 0
1456759335562	<INFO 7fca277fe700> reset  3 3 0
1456759335564	<INFO 7fca277fe700> trunc() stream.3.3.0
1456759335620	<INFO 7fca277fe700> trunc() ok stream.3.3.0
1456759335622	<INFO 7fca277fe700> done reset  3 3 0
1456759336124	<INFO 7fca277fe700> reset  3 4 0
1456759336126	<INFO 7fca277fe700> trunc() stream.3.4.0
1456759336282	<INFO 7fca277fe700> trunc() ok stream.3.4.0
1456759336284	<INFO 7fca277fe700> done reset  3 4 0
1456759337276	<INFO 7fca277fe700> reset  3 5 0
1456759337279	<INFO 7fca277fe700> trunc() stream.3.5.0
1456759337333	<INFO 7fca277fe700> trunc() ok stream.3.5.0
1456759337336	<INFO 7fca277fe700> done reset  3 5 0
1456759337737	<INFO 7fca277fe700> reset  3 6 0
1456759337739	<INFO 7fca277fe700> trunc() stream.3.6.0
1456759337794	<INFO 7fca277fe700> trunc() ok stream.3.6.0
1456759337796	<INFO 7fca277fe700> done reset  3 6 0
1456759338166	<INFO 7fca277fe700> reset  3 7 0
1456759338169	<INFO 7fca277fe700> trunc() stream.3.7.0
1456759338189	<INFO 7fca277fe700> trunc() ok stream.3.7.0
1456759338191	<INFO 7fca277fe700> done reset  3 7 0
1456759338428	<INFO 7fca277fe700> reset  3 8 0
1456759338431	<INFO 7fca277fe700> trunc() stream.3.8.0
1456759338543	<INFO 7fca277fe700> trunc() ok stream.3.8.0
1456759338545	<INFO 7fca277fe700> done reset  3 8 0
1456759339272	<INFO 7fca277fe700> reset  3 9 0
1456759339274	<INFO 7fca277fe700> trunc() stream.3.9.0
1456759339318	<INFO 7fca277fe700> trunc() ok stream.3.9.0
1456759339320	<INFO 7fca277fe700> done reset  3 9 0
1456759339638	<INFO 7fca277fe700> reset  3 10 0
1456759339640	<INFO 7fca277fe700> trunc() stream.3.10.0
1456759339684	<INFO 7fca277fe700> trunc() ok stream.3.10.0
1456759339686	<INFO 7fca277fe700> done reset  3 10 0
1456759339976	<INFO 7fca277fe700> reset  3 11 0
1456759339978	<INFO 7fca277fe700> trunc() stream.3.11.0
1456759339997	<INFO 7fca277fe700> trunc() ok stream.3.11.0
1456759340000	<INFO 7fca277fe700> done reset  3 11 0
1456759340192	<INFO 7fca277fe700> reset  3 12 0
1456759340195	<INFO 7fca277fe700> trunc() stream.3.12.0
1456759340238	<INFO 7fca277fe700> trunc() ok stream.3.12.0
1456759340241	<INFO 7fca277fe700> done reset  3 12 0
1456759340542	<INFO 7fca277fe700> reset  3 13 0
1456759340544	<INFO 7fca277fe700> trunc() stream.3.13.0
1456759340563	<INFO 7fca277fe700> trunc() ok stream.3.13.0
1456759340565	<INFO 7fca277fe700> done reset  3 13 0
1456759340723	<INFO 7fca277fe700> reset  3 14 0
1456759340725	<INFO 7fca277fe700> trunc() stream.3.14.0
1456759340744	<INFO 7fca277fe700> trunc() ok stream.3.14.0
1456759340746	<INFO 7fca277fe700> done reset  3 14 0
1456759340887	<INFO 7fca277fe700> reset  3 15 0
1456759340889	<INFO 7fca277fe700> trunc() stream.3.15.0
1456759340896	<INFO 7fca277fe700> trunc() ok stream.3.15.0
1456759340898	<INFO 7fca277fe700> done reset  3 15 0
1456759554069	<INFO 7fe65031e740> 2016-02-29 16:25:54 Completed phase 3 Bytes read 45764334236 Bytes written 19972029864
1456759555459	<INFO 7fca27fff700> trunc() stream.0.7.0
1456759555468	<INFO 7fca27fff700> trunc() ok stream.0.7.0
1456759556674	<INFO 7fca27fff700> trunc() stream.0.3.0
1456759556682	<INFO 7fca27fff700> trunc() ok stream.0.3.0
1456759556690	<INFO 7fca27fff700> trunc() stream.0.5.0
1456759556697	<INFO 7fca27fff700> trunc() ok stream.0.5.0
1456759556739	<INFO 7fca27fff700> trunc() stream.0.6.0
1456759556751	<INFO 7fca27fff700> trunc() ok stream.0.6.0
1456759561157	<INFO 7fca27fff700> trunc() stream.0.1.0
1456759561165	<INFO 7fca27fff700> trunc() ok stream.0.1.0
1456759561167	<INFO 7fca27fff700> trunc() stream.0.2.0
1456759561172	<INFO 7fca27fff700> trunc() ok stream.0.2.0
1456759561370	<INFO 7fca27fff700> trunc() stream.0.4.0
1456759561377	<INFO 7fca27fff700> trunc() ok stream.0.4.0
1456759574960	<INFO 7fca27fff700> trunc() stream.0.0.0
1456759574967	<INFO 7fca27fff700> trunc() ok stream.0.0.0
1456759575611	<INFO 7fca277fe700> reset  3 0 0
1456759575615	<INFO 7fca277fe700> trunc() stream.3.0.0
1456759575995	<INFO 7fca277fe700> trunc() ok stream.3.0.0
1456759575998	<INFO 7fca277fe700> done reset  3 0 0
1456759578410	<INFO 7fca277fe700> reset  3 1 0
1456759578413	<INFO 7fca277fe700> trunc() stream.3.1.0
1456759578535	<INFO 7fca277fe700> trunc() ok stream.3.1.0
1456759578538	<INFO 7fca277fe700> done reset  3 1 0
1456759579426	<INFO 7fca277fe700> reset  3 2 0
1456759579429	<INFO 7fca277fe700> trunc() stream.3.2.0
1456759579602	<INFO 7fca277fe700> trunc() ok stream.3.2.0
1456759579604	<INFO 7fca277fe700> done reset  3 2 0
1456759580405	<INFO 7fca277fe700> reset  3 3 0
1456759580407	<INFO 7fca277fe700> trunc() stream.3.3.0
1456759580448	<INFO 7fca277fe700> trunc() ok stream.3.3.0
1456759580450	<INFO 7fca277fe700> done reset  3 3 0
1456759580845	<INFO 7fca277fe700> reset  3 4 0
1456759580847	<INFO 7fca277fe700> trunc() stream.3.4.0
1456759580971	<INFO 7fca277fe700> trunc() ok stream.3.4.0
1456759580973	<INFO 7fca277fe700> done reset  3 4 0
1456759581796	<INFO 7fca277fe700> reset  3 5 0
1456759581799	<INFO 7fca277fe700> trunc() stream.3.5.0
1456759581840	<INFO 7fca277fe700> trunc() ok stream.3.5.0
1456759581842	<INFO 7fca277fe700> done reset  3 5 0
1456759582148	<INFO 7fca277fe700> reset  3 6 0
1456759582150	<INFO 7fca277fe700> trunc() stream.3.6.0
1456759582190	<INFO 7fca277fe700> trunc() ok stream.3.6.0
1456759582192	<INFO 7fca277fe700> done reset  3 6 0
1456759582474	<INFO 7fca277fe700> reset  3 7 0
1456759582476	<INFO 7fca277fe700> trunc() stream.3.7.0
1456759582489	<INFO 7fca277fe700> trunc() ok stream.3.7.0
1456759582491	<INFO 7fca277fe700> done reset  3 7 0
1456759582717	<INFO 7fca277fe700> reset  3 8 0
1456759582719	<INFO 7fca277fe700> trunc() stream.3.8.0
1456759582857	<INFO 7fca277fe700> trunc() ok stream.3.8.0
1456759582860	<INFO 7fca277fe700> done reset  3 8 0
1456759583758	<INFO 7fca277fe700> reset  3 9 0
1456759583760	<INFO 7fca277fe700> trunc() stream.3.9.0
1456759583806	<INFO 7fca277fe700> trunc() ok stream.3.9.0
1456759583809	<INFO 7fca277fe700> done reset  3 9 0
1456759584159	<INFO 7fca277fe700> reset  3 10 0
1456759584161	<INFO 7fca277fe700> trunc() stream.3.10.0
1456759584205	<INFO 7fca277fe700> trunc() ok stream.3.10.0
1456759584207	<INFO 7fca277fe700> done reset  3 10 0
1456759584516	<INFO 7fca277fe700> reset  3 11 0
1456759584519	<INFO 7fca277fe700> trunc() stream.3.11.0
1456759584533	<INFO 7fca277fe700> trunc() ok stream.3.11.0
1456759584535	<INFO 7fca277fe700> done reset  3 11 0
1456759584687	<INFO 7fca277fe700> reset  3 12 0
1456759584690	<INFO 7fca277fe700> trunc() stream.3.12.0
1456759584734	<INFO 7fca277fe700> trunc() ok stream.3.12.0
1456759584736	<INFO 7fca277fe700> done reset  3 12 0
1456759585041	<INFO 7fca277fe700> reset  3 13 0
1456759585044	<INFO 7fca277fe700> trunc() stream.3.13.0
1456759585061	<INFO 7fca277fe700> trunc() ok stream.3.13.0
1456759585063	<INFO 7fca277fe700> done reset  3 13 0
1456759585182	<INFO 7fca277fe700> reset  3 14 0
1456759585184	<INFO 7fca277fe700> trunc() stream.3.14.0
1456759585203	<INFO 7fca277fe700> trunc() ok stream.3.14.0
1456759585205	<INFO 7fca277fe700> done reset  3 14 0
1456759585311	<INFO 7fca277fe700> reset  3 15 0
1456759585314	<INFO 7fca277fe700> trunc() stream.3.15.0
1456759585318	<INFO 7fca277fe700> trunc() ok stream.3.15.0
1456759585320	<INFO 7fca277fe700> done reset  3 15 0
1456759720009	<INFO 7fe65031e740> 2016-02-29 16:28:40 Completed phase 4 Bytes read 57745633192 Bytes written 20118544064
1456759720481	<INFO 7fca27fff700> trunc() stream.0.4.0
1456759720489	<INFO 7fca27fff700> trunc() ok stream.0.4.0
1456759720491	<INFO 7fca27fff700> trunc() stream.0.3.0
1456759720496	<INFO 7fca27fff700> trunc() ok stream.0.3.0
1456759720499	<INFO 7fca27fff700> trunc() stream.0.1.0
1456759720507	<INFO 7fca27fff700> trunc() ok stream.0.1.0
1456759720528	<INFO 7fca27fff700> trunc() stream.0.2.0
1456759720536	<INFO 7fca27fff700> trunc() ok stream.0.2.0
1456759720539	<INFO 7fca27fff700> trunc() stream.0.5.0
1456759720544	<INFO 7fca27fff700> trunc() ok stream.0.5.0
1456759720546	<INFO 7fca27fff700> trunc() stream.0.6.0
1456759720552	<INFO 7fca27fff700> trunc() ok stream.0.6.0
1456759720573	<INFO 7fca27fff700> trunc() stream.0.0.0
1456759720581	<INFO 7fca27fff700> trunc() ok stream.0.0.0
1456759721060	<INFO 7fca27fff700> trunc() stream.0.7.0
1456759721067	<INFO 7fca27fff700> trunc() ok stream.0.7.0
1456759721222	<INFO 7fca277fe700> reset  3 0 0
1456759721224	<INFO 7fca277fe700> trunc() stream.3.0.0
1456759721226	<INFO 7fca277fe700> trunc() ok stream.3.0.0
1456759721229	<INFO 7fca277fe700> done reset  3 0 0
1456759721238	<INFO 7fca277fe700> reset  3 1 0
1456759721241	<INFO 7fca277fe700> trunc() stream.3.1.0
1456759721243	<INFO 7fca277fe700> trunc() ok stream.3.1.0
1456759721245	<INFO 7fca277fe700> done reset  3 1 0
1456759721249	<INFO 7fca277fe700> reset  3 2 0
1456759721251	<INFO 7fca277fe700> trunc() stream.3.2.0
1456759721253	<INFO 7fca277fe700> trunc() ok stream.3.2.0
1456759721255	<INFO 7fca277fe700> done reset  3 2 0
1456759721258	<INFO 7fca277fe700> reset  3 3 0
1456759721260	<INFO 7fca277fe700> trunc() stream.3.3.0
1456759721262	<INFO 7fca277fe700> trunc() ok stream.3.3.0
1456759721264	<INFO 7fca277fe700> done reset  3 3 0
1456759721267	<INFO 7fca277fe700> reset  3 4 0
1456759721269	<INFO 7fca277fe700> trunc() stream.3.4.0
1456759721271	<INFO 7fca277fe700> trunc() ok stream.3.4.0
1456759721273	<INFO 7fca277fe700> done reset  3 4 0
1456759721276	<INFO 7fca277fe700> reset  3 5 0
1456759721278	<INFO 7fca277fe700> trunc() stream.3.5.0
1456759721280	<INFO 7fca277fe700> trunc() ok stream.3.5.0
1456759721282	<INFO 7fca277fe700> done reset  3 5 0
1456759721285	<INFO 7fca277fe700> reset  3 6 0
1456759721287	<INFO 7fca277fe700> trunc() stream.3.6.0
1456759721289	<INFO 7fca277fe700> trunc() ok stream.3.6.0
1456759721291	<INFO 7fca277fe700> done reset  3 6 0
1456759721294	<INFO 7fca277fe700> reset  3 7 0
1456759721296	<INFO 7fca277fe700> trunc() stream.3.7.0
1456759721298	<INFO 7fca277fe700> trunc() ok stream.3.7.0
1456759721300	<INFO 7fca277fe700> done reset  3 7 0
1456759721303	<INFO 7fca277fe700> reset  3 8 0
1456759721305	<INFO 7fca277fe700> trunc() stream.3.8.0
1456759721307	<INFO 7fca277fe700> trunc() ok stream.3.8.0
1456759721309	<INFO 7fca277fe700> done reset  3 8 0
1456759721312	<INFO 7fca277fe700> reset  3 9 0
1456759721314	<INFO 7fca277fe700> trunc() stream.3.9.0
1456759721316	<INFO 7fca277fe700> trunc() ok stream.3.9.0
1456759721318	<INFO 7fca277fe700> done reset  3 9 0
1456759721321	<INFO 7fca277fe700> reset  3 10 0
1456759721323	<INFO 7fca277fe700> trunc() stream.3.10.0
1456759721325	<INFO 7fca277fe700> trunc() ok stream.3.10.0
1456759721327	<INFO 7fca277fe700> done reset  3 10 0
1456759721330	<INFO 7fca277fe700> reset  3 11 0
1456759721332	<INFO 7fca277fe700> trunc() stream.3.11.0
1456759721334	<INFO 7fca277fe700> trunc() ok stream.3.11.0
1456759721337	<INFO 7fca277fe700> done reset  3 11 0
1456759721339	<INFO 7fca277fe700> reset  3 12 0
1456759721341	<INFO 7fca277fe700> trunc() stream.3.12.0
1456759721343	<INFO 7fca277fe700> trunc() ok stream.3.12.0
1456759721346	<INFO 7fca277fe700> done reset  3 12 0
1456759721348	<INFO 7fca277fe700> reset  3 13 0
1456759721350	<INFO 7fca277fe700> trunc() stream.3.13.0
1456759721352	<INFO 7fca277fe700> trunc() ok stream.3.13.0
1456759721354	<INFO 7fca277fe700> done reset  3 13 0
1456759721357	<INFO 7fca277fe700> reset  3 14 0
1456759721359	<INFO 7fca277fe700> trunc() stream.3.14.0
1456759721363	<INFO 7fca277fe700> trunc() ok stream.3.14.0
1456759721365	<INFO 7fca277fe700> done reset  3 14 0
1456759721368	<INFO 7fca277fe700> reset  3 15 0
1456759721370	<INFO 7fca277fe700> trunc() stream.3.15.0
1456759721373	<INFO 7fca277fe700> trunc() ok stream.3.15.0
1456759721375	<INFO 7fca277fe700> done reset  3 15 0
1456759789305	<INFO 7fe65031e740> 2016-02-29 16:29:49 Completed phase 5 Bytes read 67758448052 Bytes written 20252790544
1456759789704	<INFO 7fca27fff700> trunc() stream.0.4.0
1456759789712	<INFO 7fca27fff700> trunc() ok stream.0.4.0
1456759789763	<INFO 7fca27fff700> trunc() stream.0.1.0
1456759789769	<INFO 7fca27fff700> trunc() ok stream.0.1.0
1456759789772	<INFO 7fca27fff700> trunc() stream.0.3.0
1456759789777	<INFO 7fca27fff700> trunc() ok stream.0.3.0
1456759789780	<INFO 7fca27fff700> trunc() stream.0.2.0
1456759789786	<INFO 7fca27fff700> trunc() ok stream.0.2.0
1456759789788	<INFO 7fca27fff700> trunc() stream.0.7.0
1456759789794	<INFO 7fca27fff700> trunc() ok stream.0.7.0
1456759789807	<INFO 7fca27fff700> trunc() stream.0.5.0
1456759789815	<INFO 7fca27fff700> trunc() ok stream.0.5.0
1456759789917	<INFO 7fca27fff700> trunc() stream.0.6.0
1456759789926	<INFO 7fca27fff700> trunc() ok stream.0.6.0
1456759789942	<INFO 7fca27fff700> trunc() stream.0.0.0
1456759789950	<INFO 7fca27fff700> trunc() ok stream.0.0.0
1456759790442	<INFO 7fca277fe700> reset  3 0 0
1456759790445	<INFO 7fca277fe700> trunc() stream.3.0.0
1456759790447	<INFO 7fca277fe700> trunc() ok stream.3.0.0
1456759790450	<INFO 7fca277fe700> done reset  3 0 0
1456759790452	<INFO 7fca277fe700> reset  3 1 0
1456759790454	<INFO 7fca277fe700> trunc() stream.3.1.0
1456759790457	<INFO 7fca277fe700> trunc() ok stream.3.1.0
1456759790459	<INFO 7fca277fe700> done reset  3 1 0
1456759790462	<INFO 7fca277fe700> reset  3 2 0
1456759790464	<INFO 7fca277fe700> trunc() stream.3.2.0
1456759790467	<INFO 7fca277fe700> trunc() ok stream.3.2.0
1456759790469	<INFO 7fca277fe700> done reset  3 2 0
1456759790471	<INFO 7fca277fe700> reset  3 3 0
1456759790474	<INFO 7fca277fe700> trunc() stream.3.3.0
1456759790476	<INFO 7fca277fe700> trunc() ok stream.3.3.0
1456759790478	<INFO 7fca277fe700> done reset  3 3 0
1456759790481	<INFO 7fca277fe700> reset  3 4 0
1456759790483	<INFO 7fca277fe700> trunc() stream.3.4.0
1456759790486	<INFO 7fca277fe700> trunc() ok stream.3.4.0
1456759790488	<INFO 7fca277fe700> done reset  3 4 0
1456759790490	<INFO 7fca277fe700> reset  3 5 0
1456759790493	<INFO 7fca277fe700> trunc() stream.3.5.0
1456759790495	<INFO 7fca277fe700> trunc() ok stream.3.5.0
1456759790498	<INFO 7fca277fe700> done reset  3 5 0
1456759790500	<INFO 7fca277fe700> reset  3 6 0
1456759790502	<INFO 7fca277fe700> trunc() stream.3.6.0
1456759790505	<INFO 7fca277fe700> trunc() ok stream.3.6.0
1456759790507	<INFO 7fca277fe700> done reset  3 6 0
1456759790510	<INFO 7fca277fe700> reset  3 7 0
1456759790512	<INFO 7fca277fe700> trunc() stream.3.7.0
1456759790514	<INFO 7fca277fe700> trunc() ok stream.3.7.0
1456759790517	<INFO 7fca277fe700> done reset  3 7 0
1456759790519	<INFO 7fca277fe700> reset  3 8 0
1456759790521	<INFO 7fca277fe700> trunc() stream.3.8.0
1456759790524	<INFO 7fca277fe700> trunc() ok stream.3.8.0
1456759790526	<INFO 7fca277fe700> done reset  3 8 0
1456759790529	<INFO 7fca277fe700> reset  3 9 0
1456759790531	<INFO 7fca277fe700> trunc() stream.3.9.0
1456759790534	<INFO 7fca277fe700> trunc() ok stream.3.9.0
1456759790536	<INFO 7fca277fe700> done reset  3 9 0
1456759790539	<INFO 7fca277fe700> reset  3 10 0
1456759790541	<INFO 7fca277fe700> trunc() stream.3.10.0
1456759790543	<INFO 7fca277fe700> trunc() ok stream.3.10.0
1456759790546	<INFO 7fca277fe700> done reset  3 10 0
1456759790548	<INFO 7fca277fe700> reset  3 11 0
1456759790552	<INFO 7fca277fe700> trunc() stream.3.11.0
1456759790555	<INFO 7fca277fe700> trunc() ok stream.3.11.0
1456759790558	<INFO 7fca277fe700> done reset  3 11 0
1456759790563	<INFO 7fca277fe700> reset  3 12 0
1456759790566	<INFO 7fca277fe700> trunc() stream.3.12.0
1456759790568	<INFO 7fca277fe700> trunc() ok stream.3.12.0
1456759790570	<INFO 7fca277fe700> done reset  3 12 0
1456759790573	<INFO 7fca277fe700> reset  3 13 0
1456759790575	<INFO 7fca277fe700> trunc() stream.3.13.0
1456759790578	<INFO 7fca277fe700> trunc() ok stream.3.13.0
1456759790582	<INFO 7fca277fe700> done reset  3 13 0
1456759790586	<INFO 7fca277fe700> reset  3 14 0
1456759790589	<INFO 7fca277fe700> trunc() stream.3.14.0
1456759790591	<INFO 7fca277fe700> trunc() ok stream.3.14.0
1456759790594	<INFO 7fca277fe700> done reset  3 14 0
1456759790596	<INFO 7fca277fe700> reset  3 15 0
1456759790599	<INFO 7fca277fe700> trunc() stream.3.15.0
1456759790603	<INFO 7fca277fe700> trunc() ok stream.3.15.0
1456759790605	<INFO 7fca277fe700> done reset  3 15 0
1456759857363	<INFO 7fe65031e740> 2016-02-29 16:30:57 Completed phase 6 Bytes read 77762017656 Bytes written 20387008320
1456759857767	<INFO 7fca27fff700> trunc() stream.0.4.0
1456759857775	<INFO 7fca27fff700> trunc() ok stream.0.4.0
1456759857813	<INFO 7fca27fff700> trunc() stream.0.1.0
1456759857821	<INFO 7fca27fff700> trunc() ok stream.0.1.0
1456759857842	<INFO 7fca27fff700> trunc() stream.0.2.0
1456759857850	<INFO 7fca27fff700> trunc() ok stream.0.2.0
1456759857853	<INFO 7fca27fff700> trunc() stream.0.7.0
1456759857858	<INFO 7fca27fff700> trunc() ok stream.0.7.0
1456759857860	<INFO 7fca27fff700> trunc() stream.0.5.0
1456759857866	<INFO 7fca27fff700> trunc() ok stream.0.5.0
1456759857884	<INFO 7fca27fff700> trunc() stream.0.3.0
1456759857893	<INFO 7fca27fff700> trunc() ok stream.0.3.0
1456759857895	<INFO 7fca27fff700> trunc() stream.0.6.0
1456759857902	<INFO 7fca27fff700> trunc() ok stream.0.6.0
1456759857913	<INFO 7fca27fff700> trunc() stream.0.0.0
1456759857921	<INFO 7fca27fff700> trunc() ok stream.0.0.0
1456759858523	<INFO 7fca277fe700> reset  3 0 0
1456759858525	<INFO 7fca277fe700> trunc() stream.3.0.0
1456759858527	<INFO 7fca277fe700> trunc() ok stream.3.0.0
1456759858530	<INFO 7fca277fe700> done reset  3 0 0
1456759858532	<INFO 7fca277fe700> reset  3 1 0
1456759858535	<INFO 7fca277fe700> trunc() stream.3.1.0
1456759858537	<INFO 7fca277fe700> trunc() ok stream.3.1.0
1456759858539	<INFO 7fca277fe700> done reset  3 1 0
1456759858542	<INFO 7fca277fe700> reset  3 2 0
1456759858544	<INFO 7fca277fe700> trunc() stream.3.2.0
1456759858547	<INFO 7fca277fe700> trunc() ok stream.3.2.0
1456759858549	<INFO 7fca277fe700> done reset  3 2 0
1456759858551	<INFO 7fca277fe700> reset  3 3 0
1456759858554	<INFO 7fca277fe700> trunc() stream.3.3.0
1456759858556	<INFO 7fca277fe700> trunc() ok stream.3.3.0
1456759858559	<INFO 7fca277fe700> done reset  3 3 0
1456759858561	<INFO 7fca277fe700> reset  3 4 0
1456759858564	<INFO 7fca277fe700> trunc() stream.3.4.0
1456759858566	<INFO 7fca277fe700> trunc() ok stream.3.4.0
1456759858568	<INFO 7fca277fe700> done reset  3 4 0
1456759858571	<INFO 7fca277fe700> reset  3 5 0
1456759858573	<INFO 7fca277fe700> trunc() stream.3.5.0
1456759858575	<INFO 7fca277fe700> trunc() ok stream.3.5.0
1456759858578	<INFO 7fca277fe700> done reset  3 5 0
1456759858580	<INFO 7fca277fe700> reset  3 6 0
1456759858583	<INFO 7fca277fe700> trunc() stream.3.6.0
1456759858585	<INFO 7fca277fe700> trunc() ok stream.3.6.0
1456759858587	<INFO 7fca277fe700> done reset  3 6 0
1456759858590	<INFO 7fca277fe700> reset  3 7 0
1456759858592	<INFO 7fca277fe700> trunc() stream.3.7.0
1456759858595	<INFO 7fca277fe700> trunc() ok stream.3.7.0
1456759858597	<INFO 7fca277fe700> done reset  3 7 0
1456759858599	<INFO 7fca277fe700> reset  3 8 0
1456759858602	<INFO 7fca277fe700> trunc() stream.3.8.0
1456759858604	<INFO 7fca277fe700> trunc() ok stream.3.8.0
1456759858607	<INFO 7fca277fe700> done reset  3 8 0
1456759858609	<INFO 7fca277fe700> reset  3 9 0
1456759858612	<INFO 7fca277fe700> trunc() stream.3.9.0
1456759858615	<INFO 7fca277fe700> trunc() ok stream.3.9.0
1456759858617	<INFO 7fca277fe700> done reset  3 9 0
1456759858619	<INFO 7fca277fe700> reset  3 10 0
1456759858622	<INFO 7fca277fe700> trunc() stream.3.10.0
1456759858624	<INFO 7fca277fe700> trunc() ok stream.3.10.0
1456759858627	<INFO 7fca277fe700> done reset  3 10 0
1456759858631	<INFO 7fca277fe700> reset  3 11 0
1456759858634	<INFO 7fca277fe700> trunc() stream.3.11.0
1456759858636	<INFO 7fca277fe700> trunc() ok stream.3.11.0
1456759858639	<INFO 7fca277fe700> done reset  3 11 0
1456759858641	<INFO 7fca277fe700> reset  3 12 0
1456759858645	<INFO 7fca277fe700> trunc() stream.3.12.0
1456759858648	<INFO 7fca277fe700> trunc() ok stream.3.12.0
1456759858652	<INFO 7fca277fe700> done reset  3 12 0
1456759858654	<INFO 7fca277fe700> reset  3 13 0
1456759858657	<INFO 7fca277fe700> trunc() stream.3.13.0
1456759858659	<INFO 7fca277fe700> trunc() ok stream.3.13.0
1456759858661	<INFO 7fca277fe700> done reset  3 13 0
1456759858666	<INFO 7fca277fe700> reset  3 14 0
1456759858668	<INFO 7fca277fe700> trunc() stream.3.14.0
1456759858672	<INFO 7fca277fe700> trunc() ok stream.3.14.0
1456759858675	<INFO 7fca277fe700> done reset  3 14 0
1456759858677	<INFO 7fca277fe700> reset  3 15 0
1456759858680	<INFO 7fca277fe700> trunc() stream.3.15.0
1456759858682	<INFO 7fca277fe700> trunc() ok stream.3.15.0
1456759858685	<INFO 7fca277fe700> done reset  3 15 0
1456759926379	<INFO 7fe65031e740> 2016-02-29 16:32:06 Completed phase 7 Bytes read 87765565748 Bytes written 20521226048
1456759926382	<INFO 7fe65031e740> ALGORITHM::BFS::VERTICES_DISCOVERED 9370487
1456759926384	<INFO 7fe65031e740> ALGORITHM::BFS::EDGES_EXPLORED 904282523
1456759926387	<INFO 7fe65031e740> CORE::PARTITIONS_PROCESSED 6516
1456759926389	<INFO 7fe65031e740> CORE::BYTES::EDGES_STREAMED 10604301624
1456759926392	<INFO 7fe65031e740> CORE::BYTES::UPDATES_OUT 984860720
1456759926395	<INFO 7fe65031e740> CORE::BYTES::UPDATES_IN 857651016
1456759926397	<INFO 7fca257fa700> CORE::PARTITIONS_PROCESSED 12022
1456759926401	<INFO 7fca1bfff700> CORE::PARTITIONS_PROCESSED 15728
1456759926403	<INFO 7fca24ff9700> CORE::PARTITIONS_PROCESSED 15892
1456759926406	<INFO 7fca26ffd700> CORE::PARTITIONS_PROCESSED 13156
1456759926409	<INFO 7fca267fc700> CORE::PARTITIONS_PROCESSED 13117
1456759926412	<INFO 7fca24ff9700> CORE::BYTES::EDGES_STREAMED 9904252164
1456759926415	<INFO 7fca1b7fe700> CORE::PARTITIONS_PROCESSED 18210
1456759926417	<INFO 7fca25ffb700> CORE::PARTITIONS_PROCESSED 16214
1456759926419	<INFO 7fca267fc700> CORE::BYTES::EDGES_STREAMED 8121439296
1456759926422	<INFO 7fca1bfff700> CORE::BYTES::EDGES_STREAMED 9853839516
1456759926425	<INFO 7fca26ffd700> CORE::BYTES::EDGES_STREAMED 8609127960
1456759926428	<INFO 7fca24ff9700> CORE::BYTES::UPDATES_OUT 944294264
1456759926430	<INFO 7fca257fa700> CORE::BYTES::EDGES_STREAMED 9295088304
1456759926434	<INFO 7fca267fc700> CORE::BYTES::UPDATES_OUT 760604392
1456759926437	<INFO 7fca1b7fe700> CORE::BYTES::EDGES_STREAMED 10269692580
1456759926439	<INFO 7fca257fa700> CORE::BYTES::UPDATES_OUT 900337208
1456759926441	<INFO 7fca25ffb700> CORE::BYTES::EDGES_STREAMED 9362444532
1456759926443	<INFO 7fca267fc700> CORE::BYTES::UPDATES_IN 536435600
1456759926446	<INFO 7fca26ffd700> CORE::BYTES::UPDATES_OUT 849463432
1456759926449	<INFO 7fca1b7fe700> CORE::BYTES::UPDATES_OUT 964023024
1456759926452	<INFO 7fca1bfff700> CORE::BYTES::UPDATES_OUT 915430392
1456759926456	<INFO 7fca25ffb700> CORE::BYTES::UPDATES_OUT 915246752
1456759926458	<INFO 7fca24ff9700> CORE::BYTES::UPDATES_IN 689006912
1456759926460	<INFO 7fca25ffb700> CORE::BYTES::UPDATES_IN 600969248
1456759926463	<INFO 7fca257fa700> CORE::BYTES::UPDATES_IN 615833952
1456759926466	<INFO 7fca1b7fe700> CORE::BYTES::UPDATES_IN 790775928
1456759926469	<INFO 7fca26ffd700> CORE::BYTES::UPDATES_IN 588003512
1456759926471	<INFO 7fca1bfff700> CORE::BYTES::UPDATES_IN 751369088
1456759926473	<INFO 7fca27fff700> SLIPSTORE service is exiting
1456759926476	<INFO 7fca27fff700> SLIPSTORE::HELP_OFFERS_RECVD 196
1456759926479	<INFO 7fca27fff700> SLIPSTORE::HELP_OFFERS_ACCEPTED 0
1456759926482	<INFO 7fca27fff700> SLIPSTORE::HELP_ACCEPTANCE_RATIO 0
1456759926485	<INFO 7fca27fff700> SLIPSTORE::SERVER_BUSY_DISK  417.86 seconds
1456759926487	<INFO 7fca27fff700> SLIPSTORE::SERVER_BUSY_MEM  0 seconds
1456759926489	<INFO 7fca27fff700> SLIPSTORE::SERVER_TOTAL  1446.05 seconds
1456759926492	<INFO 7fe65031e740> SLIPSTORE::CLIENT::DISK_READ_TIME  242.272 seconds
1456759926494	<INFO 7fe65031e740> SLIPSTORE::CLIENT::MEM_READ_TIME  0 seconds
1456759926497	<INFO 7fe65031e740> SLIPSTORE::CLIENT::DISK_BYTES_READ 96163849712
1456759926500	<INFO 7fe65031e740> SLIPSTORE::CLIENT::MEM_BYTES_READ 0
1456759926504	<INFO 7fe65031e740> SLIPSTORE::CLIENT::WRITE_TIME  604.77 seconds
1456759926507	<INFO 7fe65031e740> SLIPSTORE::CLIENT::BYTES_WRITTEN 21276790024
1456759926509	<INFO 7fe65031e740> SLIPSTORE::CLIENT_BUSY  847.077 seconds
1456759926512	<INFO 7fe65031e740> SLIPSTORE::IO::TIME 223.014 seconds
1456759926515	<INFO 7fe65031e740> SLIPSTORE::SNAP::TIME 0 seconds
1456759926517	<INFO 7fe65031e740> SLIPSTORE::MAX_DISK_USAGE_BYTES 16928076864
1456759926519	<INFO 7fe65031e740> CORE::RUSAGE::MAX_RSS_KB 117705912
1456759926523	<INFO 7fe65031e740> CORE::RUSAGE::MINFLT 34872080
1456759926526	<INFO 7fe65031e740> CORE::RUSAGE::MAJFLT 25
1456759926528	<INFO 7fe65031e740> CORE::RUSAGE::MAJFLT 25
1456759926530	<INFO 7fe65031e740> CORE::RUSAGE::INBLK 46461008
1456759926533	<INFO 7fe65031e740> CORE::RUSAGE::OUBLK 40085832
1456759926536	<INFO 7fe65031e740> CORE::UTILS::BYTES_READ 87765565748
1456759926539	<INFO 7fe65031e740> CORE::UTILS::BYTES_WRITTEN 20521226048
1456759926541	<INFO 7fe65031e740> CORE::UTILS::TILE_COPY_BYTES 1879048192
1456759926543	<INFO 7fe65031e740> CORE::TIME::IO_WAIT 649.196 seconds
1456759926546	<INFO 7fe65031e740> CORE::TIME_TILE_COPY 0 seconds
1456759926549	<INFO 7fe65031e740> CORE::TIME_TILE_MERGE 0 seconds
1456759926552	<INFO 7fe65031e740> CORE::TIME_PROCESSING_STOLEN 0 seconds
1456759926554	<INFO 7fe65031e740> CORE::TIME_MERGE_WAIT 0 seconds
1456759926556	<INFO 7fe65031e740> CORE::TIME_ALL_MC_BARRIER 526.465 seconds
1456759926559	<INFO 7fe65031e740> CORE::PHASES 7
1456759926562	<INFO 7fe65031e740> CORE::TIME::SETUP 2.68769 seconds
1456759926565	<INFO 7fe65031e740> CORE::TIME::WALL 1446.27 seconds
1456759926569	<INFO 7fe65031e740> SHUTDOWN
