1462403050287	<INFO 7f8a2cc9d780> 2016-05-05 01:04:10 STARTUP
1462403050289	<INFO 7f8a2cc9d780> CORE::GRAPH rmat-28_s8
1462403050292	<INFO 7f8a2cc9d780> CORE::ALGORITHM pagerank
1462403050294	<INFO 7f8a2cc9d780> CORE::VERTEX_STRIPING OFF
1462403050296	<INFO 7f8a2cc9d780> CORE::OPTIMIZED_STATE_LOAD_STORE OFF
1462403050298	<INFO 7f8a2cc9d780> CORE::BINARY_SEARCH_SUPER_PARTITION ON
1462403050300	<INFO 7f8a2cc9d780> CORE::SUPER_PARTITION_COMPUTED_FOR_EACH_SCATTER_GATHER_PHASE
1462403050303	<INFO 7f8a2cc9d780> CORE::EDGE_STRIPING ON
1462403050305	<INFO 7f8a2cc9d780> CORE::BATCH IO ON
1462403050307	<INFO 7f8a2cc9d780> 2016-05-05 01:04:10 Blocking memory amount 126701535232
1462403157439	<INFO 7f8a2cc9d780> 2016-05-05 01:05:57 Done blocking memory
1462403157442	<INFO 7f8a2cc9d780> SG-DRIVER-ORIGINAL
1462403157444	<INFO 7f8a2cc9d780> 2016-05-05 01:05:57 START read config parameters
1462403157447	<INFO 7f8a2cc9d780> PARTITIONING::OLD 0
1462403157450	<INFO 7f8a2cc9d780> PARTITIONING::BALANCED_PARTITIONS 0
1462403157452	<INFO 7f8a2cc9d780> CORE::CONFIG::PROCESSORS 8
1462403157454	<INFO 7f8a2cc9d780> CORE::CONFIG::PHYSICAL_MEMORY 2147483648
1462403157456	<INFO 7f8a2cc9d780> CORE::CONFIG::VERTICES 268435456
1462403157459	<INFO 7f8a2cc9d780> CORE::CONFIG::VERTEX_SIZE 12
1462403157461	<INFO 7f8a2cc9d780> CORE::CONFIG::VERTEX_BUFFER 1402204788
1462403157463	<INFO 7f8a2cc9d780> CORE::CONFIG::EDGES 536870912
1462403157465	<INFO 7f8a2cc9d780> CORE::CONFIG::PARTITIONS 64
1462403157467	<INFO 7f8a2cc9d780> CORE::CONFIG::FANOUT 64
1462403157469	<INFO 7f8a2cc9d780> CORE::CONFIG::SUPER_PARTITIONS 8
1462403157472	<INFO 7f8a2cc9d780> CORE::CONFIG::TILES 1
1462403157475	<INFO 7f8a2cc9d780> CORE::CONFIG::BUFFER_SIZE 149054645
1462403157477	<INFO 7f8a2cc9d780> CORE::CONFIG::MAX_BUFFERS 4
1462403157479	<INFO 7f8a2cc9d780> CORE::CONFIG::MAX_STREAMS 4
1462403157481	<INFO 7f8a2cc9d780> CORE::CONFIG::SUM_OF_OUT_DEGREES_FOR_NEW_PARTITIONS::FIRST_CONSTRAINT 536870912
1462403157483	<INFO 7f8a2cc9d780> CORE::CONFIG::MAX_EDGES_PER_NEW_PARTITION::SECOND_CONSTRAINT 536870912
1462403157486	<INFO 7f8a2cc9d780> SLIPSTREAM::EXT_MEM_SHUFFLE OFF
1462403157488	<INFO 7f8a2cc9d780> 2016-05-05 01:05:57 END read config parameters
1462403159204	<WARNING 7f8a2cc9d780> Unable to unlink file (stream.0.0.0):No such file or directory
1462403159206	<WARNING 7f8a2cc9d780> Unable to unlink file (stream.0.1.0):No such file or directory
1462403159209	<WARNING 7f8a2cc9d780> Unable to unlink file (stream.0.2.0):No such file or directory
1462403159211	<WARNING 7f8a2cc9d780> Unable to unlink file (stream.0.3.0):No such file or directory
1462403159213	<WARNING 7f8a2cc9d780> Unable to unlink file (stream.0.4.0):No such file or directory
1462403159215	<WARNING 7f8a2cc9d780> Unable to unlink file (stream.0.5.0):No such file or directory
1462403159218	<WARNING 7f8a2cc9d780> Unable to unlink file (stream.0.6.0):No such file or directory
1462403159220	<WARNING 7f8a2cc9d780> Unable to unlink file (stream.0.7.0):No such file or directory
1462403159222	<WARNING 7f8a2cc9d780> Unable to unlink file (stream.1.1.0):No such file or directory
1462403159225	<WARNING 7f8a2cc9d780> Unable to unlink file (stream.1.2.0):No such file or directory
1462403159227	<WARNING 7f8a2cc9d780> Unable to unlink file (stream.1.3.0):No such file or directory
1462403159229	<WARNING 7f8a2cc9d780> Unable to unlink file (stream.1.4.0):No such file or directory
1462403159232	<WARNING 7f8a2cc9d780> Unable to unlink file (stream.1.5.0):No such file or directory
1462403159234	<WARNING 7f8a2cc9d780> Unable to unlink file (stream.1.6.0):No such file or directory
1462403159237	<WARNING 7f8a2cc9d780> Unable to unlink file (stream.1.7.0):No such file or directory
1462403159239	<WARNING 7f8a2cc9d780> Unable to unlink file (stream.2.0.0):No such file or directory
1462403159241	<WARNING 7f8a2cc9d780> Unable to unlink file (stream.2.1.0):No such file or directory
1462403159244	<WARNING 7f8a2cc9d780> Unable to unlink file (stream.2.2.0):No such file or directory
1462403159247	<WARNING 7f8a2cc9d780> Unable to unlink file (stream.2.3.0):No such file or directory
1462403159249	<WARNING 7f8a2cc9d780> Unable to unlink file (stream.2.4.0):No such file or directory
1462403159251	<WARNING 7f8a2cc9d780> Unable to unlink file (stream.2.5.0):No such file or directory
1462403159254	<WARNING 7f8a2cc9d780> Unable to unlink file (stream.2.6.0):No such file or directory
1462403159256	<WARNING 7f8a2cc9d780> Unable to unlink file (stream.2.7.0):No such file or directory
1462403159258	<WARNING 7f8a2cc9d780> Unable to unlink file (stream.3.0.0):No such file or directory
1462403159260	<WARNING 7f8a2cc9d780> Unable to unlink file (stream.3.1.0):No such file or directory
1462403159262	<WARNING 7f8a2cc9d780> Unable to unlink file (stream.3.2.0):No such file or directory
1462403159264	<WARNING 7f8a2cc9d780> Unable to unlink file (stream.3.3.0):No such file or directory
1462403159266	<WARNING 7f8a2cc9d780> Unable to unlink file (stream.3.4.0):No such file or directory
1462403159268	<WARNING 7f8a2cc9d780> Unable to unlink file (stream.3.5.0):No such file or directory
1462403159271	<WARNING 7f8a2cc9d780> Unable to unlink file (stream.3.6.0):No such file or directory
1462403159273	<WARNING 7f8a2cc9d780> Unable to unlink file (stream.3.7.0):No such file or directory
1462403159275	<INFO 7f8a2cc9d780> SLIPSTORE::ZMQ_THREADS 2
1462403159277	<INFO 7f8a2cc9d780> SLIPSTORE::COMM Connecting to tcp://dco-node137-10g:5016
1462403159280	<INFO 7f8a2cc9d780> SLIPSTORE::COMM Connecting to tcp://dco-node138-10g:5034
1462403159282	<INFO 7f8a2cc9d780> SLIPSTORE::COMM Connecting to tcp://dco-node139-10g:5052
1462403159285	<INFO 7f8a2cc9d780> SLIPSTORE::COMM Connecting to tcp://dco-node140-10g:5070
1462403159287	<INFO 7f8a2cc9d780> SLIPSTORE::COMM Connecting to tcp://dco-node141-10g:5088
1462403159290	<INFO 7f8a2cc9d780> SLIPSTORE::COMM Connecting to tcp://dco-node142-10g:5106
1462403159292	<INFO 7f8a2cc9d780> SLIPSTORE::COMM Connecting to tcp://dco-node143-10g:5124
1462403159294	<INFO 7f8a2cc9d780> SLIPSTORE::COMM Connecting to tcp://dco-node144-10g:5142
1462403159297	<INFO 7f8a2cc9d780> SLIPSTORE::COMM Listening at ipc://client
1462403159299	<INFO 7f8a2cc9d780> SLIPSTORE::COMM Listening at tcp://p1p1:5009
1462403159301	<INFO 7f8a2cc9d780> SLIPSTORE::COMM Listening at tcp://p1p1:5010
1462403159303	<INFO 7f8a2cc9d780> SLIPSTORE::COMM Listening at tcp://p1p1:5011
1462403159305	<INFO 7f8a2cc9d780> SLIPSTORE::COMM Listening at tcp://p1p1:5012
1462403159308	<INFO 7f8a2cc9d780> SLIPSTORE::COMM Listening at tcp://p1p1:5013
1462403159310	<INFO 7f8a2cc9d780> SLIPSTORE::COMM Listening at tcp://p1p1:5014
1462403159312	<INFO 7f8a2cc9d780> SLIPSTORE::COMM Listening at tcp://p1p1:5015
1462403159314	<INFO 7f8a2cc9d780> SLIPSTORE::COMM Connecting to tcp://dco-node137-10g:5016
1462403159316	<INFO 7f8a2cc9d780> SLIPSTORE::COMM Connecting to tcp://dco-node138-10g:5034
1462403159318	<INFO 7f8a2cc9d780> SLIPSTORE::COMM Connecting to tcp://dco-node139-10g:5052
1462403159320	<INFO 7f8a2cc9d780> SLIPSTORE::COMM Connecting to tcp://dco-node140-10g:5070
1462403159322	<INFO 7f8a2cc9d780> SLIPSTORE::COMM Connecting to tcp://dco-node141-10g:5088
1462403159324	<INFO 7f8a2cc9d780> SLIPSTORE::COMM Connecting to tcp://dco-node142-10g:5106
1462403159327	<INFO 7f8a2cc9d780> SLIPSTORE::COMM Connecting to tcp://dco-node143-10g:5124
1462403159329	<INFO 7f8a2cc9d780> SLIPSTORE::COMM Connecting to tcp://dco-node144-10g:5142
1462403159331	<INFO 7f8a2cc9d780> SLIPSTORE::COMM Connecting to ipc://server
1462403159333	<INFO 7f8a2cc9d780> SLIPSTORE::COMM Connecting to tcp://dco-node138-10g:5018
1462403159335	<INFO 7f8a2cc9d780> SLIPSTORE::COMM Connecting to tcp://dco-node139-10g:5036
1462403159337	<INFO 7f8a2cc9d780> SLIPSTORE::COMM Connecting to tcp://dco-node140-10g:5054
1462403159340	<INFO 7f8a2cc9d780> SLIPSTORE::COMM Connecting to tcp://dco-node141-10g:5072
1462403159342	<INFO 7f8a2cc9d780> SLIPSTORE::COMM Connecting to tcp://dco-node142-10g:5090
1462403159344	<INFO 7f8a2cc9d780> SLIPSTORE::COMM Connecting to tcp://dco-node143-10g:5108
1462403159346	<INFO 7f8a2cc9d780> SLIPSTORE::COMM Connecting to tcp://dco-node144-10g:5126
1462403159349	<INFO 7f8a2cc9d780> SLIPSTORE::COMM Connecting to tcp://dco-node138-10g:5035
1462403159351	<INFO 7f8a2cc9d780> SLIPSTORE::COMM Listening at tcp://p1p1:5017
1462403159354	<INFO 7f8a2cc9d780> SLIPSTORE::COMM Connecting to tcp://dco-node137-10g:5016
1462403159356	<INFO 7f8a2cc9d780> SLIPSTORE::HELP_POLICY NONE
1462403159358	<INFO 7f8a2cc9d780> SLIPSTORE::SERVER ASYNC
1462403159360	<INFO 7f8a2cc9d780> SLIPSTORE::MACHINES 8
1462403159362	<INFO 7f8a2cc9d780> SLIPSTORE::ME 0
1462403159364	<INFO 7f8a2cc9d780> SLIPSTORE::SLIPCHUNK 4194304
1462403159366	<INFO 7f8a2cc9d780> SLIPSTORE::QUOTA 18446744073709551615
1462403159368	<INFO 7f8a2cc9d780> SLIPSTORE::IO PAGECACHE
1462403159371	<INFO 7f6c0f3fc700> SLIPSTORE::COMM Listening at tcp://p1p1:5016
1462403159373	<INFO 7f6c0f3fc700> SLIPSTORE::COMM Listening at ipc://server
1462403159375	<INFO 7f6c0f3fc700> SLIPSTORE::COMM Connecting to ipc://client
1462403159377	<INFO 7f6c0f3fc700> SLIPSTORE::COMM Listening at tcp://p1p1:5001
1462403159379	<INFO 7f6c0f3fc700> SLIPSTORE::COMM Connecting to tcp://dco-node138-10g:5026
1462403159382	<INFO 7f6c0f3fc700> SLIPSTORE::COMM Listening at tcp://p1p1:5002
1462403159386	<INFO 7f6c0f3fc700> SLIPSTORE::COMM Connecting to tcp://dco-node139-10g:5044
1462403159388	<INFO 7f6c0f3fc700> SLIPSTORE::COMM Listening at tcp://p1p1:5003
1462403159390	<INFO 7f6c0f3fc700> SLIPSTORE::COMM Connecting to tcp://dco-node140-10g:5062
1462403159392	<INFO 7f6c0f3fc700> SLIPSTORE::COMM Listening at tcp://p1p1:5004
1462403159395	<INFO 7f6c0f3fc700> SLIPSTORE::COMM Connecting to tcp://dco-node141-10g:5080
1462403159397	<INFO 7f6c0f3fc700> SLIPSTORE::COMM Listening at tcp://p1p1:5005
1462403159399	<INFO 7f6c0f3fc700> SLIPSTORE::COMM Connecting to tcp://dco-node142-10g:5098
1462403159401	<INFO 7f6c0f3fc700> SLIPSTORE::COMM Listening at tcp://p1p1:5006
1462403159403	<INFO 7f6c0f3fc700> SLIPSTORE::COMM Connecting to tcp://dco-node143-10g:5116
1462403159405	<INFO 7f6c0f3fc700> SLIPSTORE::COMM Listening at tcp://p1p1:5007
1462403159407	<INFO 7f6c0f3fc700> SLIPSTORE::COMM Connecting to tcp://dco-node144-10g:5134
1462403160302	<INFO 7f8a2cc9d780> SLIPSTORE::CHECKPOINTS NONE FOUND
1462403160304	<INFO 7f8a2cc9d780> 2016-05-05 01:06:00 Start edge split
1462403249783	<INFO 7f8a2cc9d780> 2016-05-05 01:07:29 Completed init
1462403254403	<INFO 7f8a2cc9d780> 2016-05-05 01:07:34 Started gather
1462403254492	<INFO 7f8a2cc9d780> 2016-05-05 01:07:34 Completed gather
1462403262110	<INFO 7f8a2cc9d780> 2016-05-05 01:07:42 Started scatter
1462403295417	<INFO 7f8a2cc9d780> 2016-05-05 01:08:15 Completed scatter
1462403311230	<INFO 7f8a2cc9d780> 2016-05-05 01:08:31 Completed phase 1 Bytes read 12657345960 Bytes written 6214895016
1462403318126	<INFO 7f8a2cc9d780> 2016-05-05 01:08:38 Started gather
1462403318218	<INFO 7f8a2cc9d780> 2016-05-05 01:08:38 Completed gather
1462403325300	<INFO 7f8a2cc9d780> 2016-05-05 01:08:45 Started gather
1462403398465	<INFO 7f8a2cc9d780> 2016-05-05 01:09:58 Completed gather
1462403414623	<INFO 7f8a2cc9d780> 2016-05-05 01:10:14 Completed phase 2 Bytes read 18885739068 Bytes written 10578467420
1462403422315	<INFO 7f8a2cc9d780> 2016-05-05 01:10:22 Started gather
1462403441927	<INFO 7f8a2cc9d780> 2016-05-05 01:10:41 Completed gather
1462403471638	<INFO 7f8a2cc9d780> 2016-05-05 01:11:11 Started scatter
1462403539339	<INFO 7f8a2cc9d780> 2016-05-05 01:12:19 Completed scatter
1462403558518	<INFO 7f8a2cc9d780> 2016-05-05 01:12:38 Completed phase 3 Bytes read 29437210304 Bytes written 14891681708
1462403567255	<INFO 7f8a2cc9d780> 2016-05-05 01:12:47 Started gather
1462403588363	<INFO 7f8a2cc9d780> 2016-05-05 01:13:08 Completed gather
1462403619391	<INFO 7f8a2cc9d780> 2016-05-05 01:13:39 Started scatter
1462403687160	<INFO 7f8a2cc9d780> 2016-05-05 01:14:47 Completed scatter
1462403703348	<INFO 7f8a2cc9d780> 2016-05-05 01:15:03 Completed phase 4 Bytes read 39951821516 Bytes written 19184288764
1462403712134	<INFO 7f8a2cc9d780> 2016-05-05 01:15:12 Started gather
1462403732493	<INFO 7f8a2cc9d780> 2016-05-05 01:15:32 Completed gather
1462403763426	<INFO 7f8a2cc9d780> 2016-05-05 01:16:03 Started scatter
1462403832926	<INFO 7f8a2cc9d780> 2016-05-05 01:17:12 Completed scatter
1462403847538	<INFO 7f8a2cc9d780> 2016-05-05 01:17:27 Completed phase 5 Bytes read 50445825496 Bytes written 23448096172
1462403855543	<INFO 7f8a2cc9d780> 2016-05-05 01:17:35 Started gather
1462403876543	<INFO 7f8a2cc9d780> 2016-05-05 01:17:56 Completed gather
1462403904808	<INFO 7f8a2cc9d780> 2016-05-05 01:18:24 Started scatter
1462403976641	<INFO 7f8a2cc9d780> 2016-05-05 01:19:36 Completed scatter
1462403989422	<INFO 7f8a2cc9d780> 2016-05-05 01:19:49 Completed phase 6 Bytes read 60911029828 Bytes written 27791041780
1462403998540	<INFO 7f8a2cc9d780> 2016-05-05 01:19:58 Started gather
1462404018923	<INFO 7f8a2cc9d780> 2016-05-05 01:20:18 Completed gather
1462404051802	<INFO 7f8a2cc9d780> 2016-05-05 01:20:51 Started scatter
1462404121724	<INFO 7f8a2cc9d780> 2016-05-05 01:22:01 Completed scatter
1462404139220	<INFO 7f8a2cc9d780> 2016-05-05 01:22:19 Completed phase 7 Bytes read 71455372360 Bytes written 32089390044
1462404139222	<INFO 7f8a2cc9d780> CORE::PARTITIONS_PROCESSED 466
1462404139225	<INFO 7f8a2cc9d780> CORE::BYTES::EDGES_STREAMED 5772304656
1462404139227	<INFO 7f8a2cc9d780> CORE::BYTES::UPDATES_OUT 3215955024
1462404139229	<INFO 7f8a2cc9d780> CORE::BYTES::UPDATES_IN 2013683040
1462404139232	<INFO 7f6c03fff700> CORE::PARTITIONS_PROCESSED 1356
1462404139235	<INFO 7f6c03fff700> CORE::BYTES::EDGES_STREAMED 6527908392
1462404139237	<INFO 7f6c03fff700> CORE::BYTES::UPDATES_OUT 3758546568
1462404139239	<INFO 7f6c03fff700> CORE::BYTES::UPDATES_IN 2419522096
1462404139242	<INFO 7f6c02ffd700> CORE::PARTITIONS_PROCESSED 1633
1462404139244	<INFO 7f6c0cbf7700> CORE::PARTITIONS_PROCESSED 1060
1462404139247	<INFO 7f6c0dbf9700> CORE::PARTITIONS_PROCESSED 1155
1462404139249	<INFO 7f6c0cbf7700> CORE::BYTES::EDGES_STREAMED 5467614384
1462404139251	<INFO 7f6c0dbf9700> CORE::BYTES::EDGES_STREAMED 4777996560
1462404139254	<INFO 7f6c02ffd700> CORE::BYTES::EDGES_STREAMED 6014171424
1462404139257	<INFO 7f6c0e3fa700> CORE::PARTITIONS_PROCESSED 1086
1462404139259	<INFO 7f6c037fe700> CORE::PARTITIONS_PROCESSED 1355
1462404139261	<INFO 7f6c0d3f8700> CORE::PARTITIONS_PROCESSED 1489
1462404139264	<INFO 7f6c0cbf7700> CORE::BYTES::UPDATES_OUT 3147082672
1462404139266	<INFO 7f6c0dbf9700> CORE::BYTES::UPDATES_OUT 2703703000
1462404139268	<INFO 7f6c037fe700> CORE::BYTES::EDGES_STREAMED 6147536976
1462404139270	<INFO 7f6c02ffd700> CORE::BYTES::UPDATES_OUT 3444377256
1462404139273	<INFO 7f6c0cbf7700> CORE::BYTES::UPDATES_IN 2563900384
1462404139275	<INFO 7f6c0dbf9700> CORE::BYTES::UPDATES_IN 2612107240
1462404139277	<INFO 7f6c0e3fa700> CORE::BYTES::EDGES_STREAMED 5014992936
1462404139280	<INFO 7f6c02ffd700> CORE::BYTES::UPDATES_IN 4606346384
1462404139282	<INFO 7f6c037fe700> CORE::BYTES::UPDATES_OUT 3509902408
1462404139285	<INFO 7f6c0e3fa700> CORE::BYTES::UPDATES_OUT 2878551344
1462404139287	<INFO 7f6c0d3f8700> CORE::BYTES::EDGES_STREAMED 5378205564
1462404139290	<INFO 7f6c0e3fa700> CORE::BYTES::UPDATES_IN 2107722384
1462404139292	<INFO 7f6c0d3f8700> CORE::BYTES::UPDATES_OUT 3113727952
1462404139295	<INFO 7f6c037fe700> CORE::BYTES::UPDATES_IN 2512515576
1462404139297	<INFO 7f6c0d3f8700> CORE::BYTES::UPDATES_IN 2640588776
1462404139299	<INFO 7f6c0f3fc700> SLIPSTORE service is exiting
1462404139301	<INFO 7f6c0f3fc700> SLIPSTORE::HELP_OFFERS_RECVD 98
1462404139304	<INFO 7f6c0f3fc700> SLIPSTORE::HELP_OFFERS_ACCEPTED 0
1462404139307	<INFO 7f6c0f3fc700> SLIPSTORE::HELP_ACCEPTANCE_RATIO 0
1462404139309	<INFO 7f6c0f3fc700> SLIPSTORE::SERVER_BUSY_DISK  631.008 seconds
1462404139311	<INFO 7f6c0f3fc700> SLIPSTORE::SERVER_BUSY_MEM  0 seconds
1462404139314	<INFO 7f6c0f3fc700> SLIPSTORE::SERVER_TOTAL  979.984 seconds
1462404139316	<INFO 7f8a2cc9d780> SLIPSTORE::CLIENT::DISK_READ_TIME  463.483 seconds
1462404139319	<INFO 7f8a2cc9d780> SLIPSTORE::CLIENT::MEM_READ_TIME  0 seconds
1462404139321	<INFO 7f8a2cc9d780> SLIPSTORE::CLIENT::DISK_BYTES_READ 73125951856
1462404139323	<INFO 7f8a2cc9d780> SLIPSTORE::CLIENT::MEM_BYTES_READ 0
1462404139327	<INFO 7f8a2cc9d780> SLIPSTORE::CLIENT::WRITE_TIME  186.354 seconds
1462404139330	<INFO 7f8a2cc9d780> SLIPSTORE::CLIENT::BYTES_WRITTEN 202471380
1462404139332	<INFO 7f8a2cc9d780> SLIPSTORE::CLIENT_BUSY  649.838 seconds
1462404139334	<INFO 7f8a2cc9d780> SLIPSTORE::IO::TIME 416.339 seconds
1462404139336	<INFO 7f8a2cc9d780> SLIPSTORE::SNAP::TIME 0 seconds
1462404139339	<INFO 7f8a2cc9d780> SLIPSTORE::MAX_DISK_USAGE_BYTES 10524475052
1462404139387	<INFO 7f8a2cc9d780> CORE::RUSAGE::MAX_RSS_KB 125941640
1462404139389	<INFO 7f8a2cc9d780> CORE::RUSAGE::MINFLT 70030530
1462404139391	<INFO 7f8a2cc9d780> CORE::RUSAGE::MAJFLT 2
1462404139395	<INFO 7f8a2cc9d780> CORE::RUSAGE::MAJFLT 2
1462404139398	<INFO 7f8a2cc9d780> CORE::RUSAGE::INBLK 130123928
1462404139400	<INFO 7f8a2cc9d780> CORE::RUSAGE::OUBLK 62685760
1462404139402	<INFO 7f8a2cc9d780> CORE::UTILS::BYTES_READ 71455372360
1462404139405	<INFO 7f8a2cc9d780> CORE::UTILS::BYTES_WRITTEN 32089390044
1462404139407	<INFO 7f8a2cc9d780> CORE::UTILS::TILE_COPY_BYTES 269961840
1462404139409	<INFO 7f8a2cc9d780> CORE::TIME::IO_WAIT 506.887 seconds
1462404139412	<INFO 7f8a2cc9d780> CORE::TIME_TILE_COPY 0 seconds
1462404139414	<INFO 7f8a2cc9d780> CORE::TIME_TILE_MERGE 0 seconds
1462404139416	<INFO 7f8a2cc9d780> CORE::TIME_PROCESSING_STOLEN 0 seconds
1462404139419	<INFO 7f8a2cc9d780> CORE::TIME_MERGE_WAIT 0 seconds
1462404139421	<INFO 7f8a2cc9d780> CORE::OTHER_TIME_ALL_MC_BARRIER 0 seconds
1462404139423	<INFO 7f8a2cc9d780> CORE::SCATTER_TIME_ALL_MC_BARRIER 92.424 seconds
1462404139425	<INFO 7f8a2cc9d780> CORE::GATHER_TIME_ALL_MC_BARRIER 15.9218 seconds
1462404139428	<INFO 7f8a2cc9d780> CORE::INIT_TIME_ALL_MC_BARRIER 1.33408 seconds
1462404139430	<INFO 7f8a2cc9d780> CORE::SHUT_DOWN_TIME_ALL_MC_BARRIER 0.007305 seconds
1462404139432	<INFO 7f8a2cc9d780> CORE::STREAM_SKIP_BEFORE_TIME_ALL_MC_BARRIER 53.0344 seconds
1462404139434	<INFO 7f8a2cc9d780> CORE::TAKE_CHECKPOINT_BEFORE_TIME_ALL_MC_BARRIER 0 seconds
1462404139437	<INFO 7f8a2cc9d780> CORE::TAKE_CHECKPOINT_COMPLETE_TIME_ALL_MC_BARRIER 0 seconds
1462404139439	<INFO 7f8a2cc9d780> CORE::METADATA_WRITE_COMPLETE_TIME_ALL_MC_BARRIER 0 seconds
1462404139441	<INFO 7f8a2cc9d780> CORE::STREAM_EOF_BEFORE_TIME_ALL_MC_BARRIER 0 seconds
1462404139443	<INFO 7f8a2cc9d780> CORE::STREAM_EOF_AFTER_TIME_ALL_MC_BARRIER 0 seconds
1462404139446	<INFO 7f8a2cc9d780> CORE::STATE_LOAD_TIME_ALL_MC_BARRIER 0 seconds
1462404139448	<INFO 7f8a2cc9d780> CORE::STATE_STORE_TIME_ALL_MC_BARRIER 0 seconds
1462404139450	<INFO 7f8a2cc9d780> CORE::PHASES 7
1462404139453	<INFO 7f8a2cc9d780> CORE::TIME::SETUP 3.02782 seconds
1462404139455	<INFO 7f8a2cc9d780> CORE::TIME::STATE_ITER 0.69886 seconds
1462404139458	<INFO 7f8a2cc9d780> CORE::TIME::GATHER 323.16 seconds
1462404139460	<INFO 7f8a2cc9d780> CORE::TIME::SCATTER 565.322 seconds
1462404139462	<INFO 7f8a2cc9d780> CORE::TIME::WALL 981.948 seconds
1462404139464	<INFO 7f8a2cc9d780> SHUTDOWN
