1462403050765	<INFO 7f0ada896780> 2016-05-05 01:04:10 STARTUP
1462403050767	<INFO 7f0ada896780> CORE::GRAPH rmat-28_s8
1462403050770	<INFO 7f0ada896780> CORE::ALGORITHM pagerank
1462403050772	<INFO 7f0ada896780> CORE::VERTEX_STRIPING OFF
1462403050774	<INFO 7f0ada896780> CORE::OPTIMIZED_STATE_LOAD_STORE OFF
1462403050776	<INFO 7f0ada896780> CORE::BINARY_SEARCH_SUPER_PARTITION ON
1462403050779	<INFO 7f0ada896780> CORE::SUPER_PARTITION_COMPUTED_FOR_EACH_SCATTER_GATHER_PHASE
1462403050781	<INFO 7f0ada896780> CORE::EDGE_STRIPING ON
1462403050783	<INFO 7f0ada896780> CORE::BATCH IO ON
1462403050785	<INFO 7f0ada896780> 2016-05-05 01:04:10 Blocking memory amount 126701535232
1462403157994	<INFO 7f0ada896780> 2016-05-05 01:05:57 Done blocking memory
1462403157996	<INFO 7f0ada896780> SG-DRIVER-ORIGINAL
1462403157999	<INFO 7f0ada896780> 2016-05-05 01:05:57 START read config parameters
1462403158002	<INFO 7f0ada896780> PARTITIONING::OLD 0
1462403158004	<INFO 7f0ada896780> PARTITIONING::BALANCED_PARTITIONS 0
1462403158006	<INFO 7f0ada896780> CORE::CONFIG::PROCESSORS 8
1462403158009	<INFO 7f0ada896780> CORE::CONFIG::PHYSICAL_MEMORY 2147483648
1462403158011	<INFO 7f0ada896780> CORE::CONFIG::VERTICES 268435456
1462403158013	<INFO 7f0ada896780> CORE::CONFIG::VERTEX_SIZE 12
1462403158015	<INFO 7f0ada896780> CORE::CONFIG::VERTEX_BUFFER 1402204788
1462403158018	<INFO 7f0ada896780> CORE::CONFIG::EDGES 536870912
1462403158020	<INFO 7f0ada896780> CORE::CONFIG::PARTITIONS 64
1462403158022	<INFO 7f0ada896780> CORE::CONFIG::FANOUT 64
1462403158024	<INFO 7f0ada896780> CORE::CONFIG::SUPER_PARTITIONS 8
1462403158026	<INFO 7f0ada896780> CORE::CONFIG::TILES 1
1462403158032	<INFO 7f0ada896780> CORE::CONFIG::BUFFER_SIZE 149054645
1462403158034	<INFO 7f0ada896780> CORE::CONFIG::MAX_BUFFERS 4
1462403158036	<INFO 7f0ada896780> CORE::CONFIG::MAX_STREAMS 4
1462403158038	<INFO 7f0ada896780> CORE::CONFIG::SUM_OF_OUT_DEGREES_FOR_NEW_PARTITIONS::FIRST_CONSTRAINT 536870912
1462403158041	<INFO 7f0ada896780> CORE::CONFIG::MAX_EDGES_PER_NEW_PARTITION::SECOND_CONSTRAINT 536870912
1462403158044	<INFO 7f0ada896780> SLIPSTREAM::EXT_MEM_SHUFFLE OFF
1462403158046	<INFO 7f0ada896780> 2016-05-05 01:05:57 END read config parameters
1462403159753	<WARNING 7f0ada896780> Unable to unlink file (stream.0.0.0):No such file or directory
1462403159756	<WARNING 7f0ada896780> Unable to unlink file (stream.0.1.0):No such file or directory
1462403159758	<WARNING 7f0ada896780> Unable to unlink file (stream.0.2.0):No such file or directory
1462403159760	<WARNING 7f0ada896780> Unable to unlink file (stream.0.3.0):No such file or directory
1462403159762	<WARNING 7f0ada896780> Unable to unlink file (stream.0.4.0):No such file or directory
1462403159765	<WARNING 7f0ada896780> Unable to unlink file (stream.0.5.0):No such file or directory
1462403159767	<WARNING 7f0ada896780> Unable to unlink file (stream.0.6.0):No such file or directory
1462403159769	<WARNING 7f0ada896780> Unable to unlink file (stream.0.7.0):No such file or directory
1462403159771	<WARNING 7f0ada896780> Unable to unlink file (stream.1.1.0):No such file or directory
1462403159774	<WARNING 7f0ada896780> Unable to unlink file (stream.1.2.0):No such file or directory
1462403159776	<WARNING 7f0ada896780> Unable to unlink file (stream.1.3.0):No such file or directory
1462403159778	<WARNING 7f0ada896780> Unable to unlink file (stream.1.4.0):No such file or directory
1462403159781	<WARNING 7f0ada896780> Unable to unlink file (stream.1.5.0):No such file or directory
1462403159783	<WARNING 7f0ada896780> Unable to unlink file (stream.1.6.0):No such file or directory
1462403159785	<WARNING 7f0ada896780> Unable to unlink file (stream.1.7.0):No such file or directory
1462403159787	<WARNING 7f0ada896780> Unable to unlink file (stream.2.0.0):No such file or directory
1462403159789	<WARNING 7f0ada896780> Unable to unlink file (stream.2.1.0):No such file or directory
1462403159791	<WARNING 7f0ada896780> Unable to unlink file (stream.2.2.0):No such file or directory
1462403159793	<WARNING 7f0ada896780> Unable to unlink file (stream.2.3.0):No such file or directory
1462403159795	<WARNING 7f0ada896780> Unable to unlink file (stream.2.4.0):No such file or directory
1462403159798	<WARNING 7f0ada896780> Unable to unlink file (stream.2.5.0):No such file or directory
1462403159800	<WARNING 7f0ada896780> Unable to unlink file (stream.2.6.0):No such file or directory
1462403159802	<WARNING 7f0ada896780> Unable to unlink file (stream.2.7.0):No such file or directory
1462403159804	<WARNING 7f0ada896780> Unable to unlink file (stream.3.0.0):No such file or directory
1462403159806	<WARNING 7f0ada896780> Unable to unlink file (stream.3.1.0):No such file or directory
1462403159808	<WARNING 7f0ada896780> Unable to unlink file (stream.3.2.0):No such file or directory
1462403159810	<WARNING 7f0ada896780> Unable to unlink file (stream.3.3.0):No such file or directory
1462403159812	<WARNING 7f0ada896780> Unable to unlink file (stream.3.4.0):No such file or directory
1462403159814	<WARNING 7f0ada896780> Unable to unlink file (stream.3.5.0):No such file or directory
1462403159816	<WARNING 7f0ada896780> Unable to unlink file (stream.3.6.0):No such file or directory
1462403159818	<WARNING 7f0ada896780> Unable to unlink file (stream.3.7.0):No such file or directory
1462403159820	<INFO 7f0ada896780> SLIPSTORE::ZMQ_THREADS 2
1462403159822	<INFO 7f0ada896780> SLIPSTORE::COMM Connecting to tcp://dco-node137-10g:5016
1462403159824	<INFO 7f0ada896780> SLIPSTORE::COMM Connecting to tcp://dco-node138-10g:5034
1462403159826	<INFO 7f0ada896780> SLIPSTORE::COMM Connecting to tcp://dco-node139-10g:5052
1462403159828	<INFO 7f0ada896780> SLIPSTORE::COMM Connecting to tcp://dco-node140-10g:5070
1462403159830	<INFO 7f0ada896780> SLIPSTORE::COMM Connecting to tcp://dco-node141-10g:5088
1462403159832	<INFO 7f0ada896780> SLIPSTORE::COMM Connecting to tcp://dco-node142-10g:5106
1462403159834	<INFO 7f0ada896780> SLIPSTORE::COMM Connecting to tcp://dco-node143-10g:5124
1462403159836	<INFO 7f0ada896780> SLIPSTORE::COMM Connecting to tcp://dco-node144-10g:5142
1462403159838	<INFO 7f0ada896780> SLIPSTORE::COMM Listening at tcp://p1p1:5044
1462403159840	<INFO 7f0ada896780> SLIPSTORE::COMM Listening at tcp://p1p1:5045
1462403159842	<INFO 7f0ada896780> SLIPSTORE::COMM Listening at ipc://client
1462403159844	<INFO 7f0ada896780> SLIPSTORE::COMM Listening at tcp://p1p1:5047
1462403159846	<INFO 7f0ada896780> SLIPSTORE::COMM Listening at tcp://p1p1:5048
1462403159849	<INFO 7f0ada896780> SLIPSTORE::COMM Listening at tcp://p1p1:5049
1462403159851	<INFO 7f0ada896780> SLIPSTORE::COMM Listening at tcp://p1p1:5050
1462403159853	<INFO 7f0ada896780> SLIPSTORE::COMM Listening at tcp://p1p1:5051
1462403159855	<INFO 7f0ada896780> SLIPSTORE::COMM Connecting to tcp://dco-node137-10g:5016
1462403159857	<INFO 7f0ada896780> SLIPSTORE::COMM Connecting to tcp://dco-node138-10g:5034
1462403159859	<INFO 7f0ada896780> SLIPSTORE::COMM Connecting to tcp://dco-node139-10g:5052
1462403159861	<INFO 7f0ada896780> SLIPSTORE::COMM Connecting to tcp://dco-node140-10g:5070
1462403159863	<INFO 7f0ada896780> SLIPSTORE::COMM Connecting to tcp://dco-node141-10g:5088
1462403159866	<INFO 7f0ada896780> SLIPSTORE::COMM Connecting to tcp://dco-node142-10g:5106
1462403159868	<INFO 7f0ada896780> SLIPSTORE::COMM Connecting to tcp://dco-node143-10g:5124
1462403159870	<INFO 7f0ada896780> SLIPSTORE::COMM Connecting to tcp://dco-node144-10g:5142
1462403159873	<INFO 7f0ada896780> SLIPSTORE::COMM Connecting to tcp://dco-node137-10g:5002
1462403159875	<INFO 7f0ada896780> SLIPSTORE::COMM Connecting to tcp://dco-node138-10g:5020
1462403159877	<INFO 7f0ada896780> SLIPSTORE::COMM Connecting to ipc://server
1462403159879	<INFO 7f0ada896780> SLIPSTORE::COMM Connecting to tcp://dco-node140-10g:5056
1462403159881	<INFO 7f0ada896780> SLIPSTORE::COMM Connecting to tcp://dco-node141-10g:5074
1462403159884	<INFO 7f0ada896780> SLIPSTORE::COMM Connecting to tcp://dco-node142-10g:5092
1462403159887	<INFO 7f0ada896780> SLIPSTORE::COMM Connecting to tcp://dco-node143-10g:5110
1462403159889	<INFO 7f0ada896780> SLIPSTORE::COMM Connecting to tcp://dco-node144-10g:5128
1462403159891	<INFO 7f0ada896780> SLIPSTORE::COMM Connecting to tcp://dco-node140-10g:5071
1462403159894	<INFO 7f0ada896780> SLIPSTORE::COMM Listening at tcp://p1p1:5053
1462403159896	<INFO 7f0ada896780> SLIPSTORE::COMM Connecting to tcp://dco-node139-10g:5052
1462403159898	<INFO 7f0ada896780> SLIPSTORE::HELP_POLICY NONE
1462403159900	<INFO 7f0ada896780> SLIPSTORE::SERVER ASYNC
1462403159902	<INFO 7f0ada896780> SLIPSTORE::MACHINES 8
1462403159904	<INFO 7f0ada896780> SLIPSTORE::ME 2
1462403159906	<INFO 7f0ada896780> SLIPSTORE::SLIPCHUNK 4194304
1462403159909	<INFO 7f0ada896780> SLIPSTORE::QUOTA 18446744073709551615
1462403159910	<INFO 7f0ada896780> SLIPSTORE::IO PAGECACHE
1462403159913	<INFO 7eecc53f5700> SLIPSTORE::COMM Listening at tcp://p1p1:5052
1462403159914	<INFO 7eecc53f5700> SLIPSTORE::COMM Listening at tcp://p1p1:5036
1462403159917	<INFO 7eecc53f5700> SLIPSTORE::COMM Connecting to tcp://dco-node137-10g:5010
1462403159919	<INFO 7eecc53f5700> SLIPSTORE::COMM Listening at tcp://p1p1:5037
1462403159921	<INFO 7eecc53f5700> SLIPSTORE::COMM Connecting to tcp://dco-node138-10g:5028
1462403159923	<INFO 7eecc53f5700> SLIPSTORE::COMM Listening at ipc://server
1462403159925	<INFO 7eecc53f5700> SLIPSTORE::COMM Connecting to ipc://client
1462403159927	<INFO 7eecc53f5700> SLIPSTORE::COMM Listening at tcp://p1p1:5039
1462403159929	<INFO 7eecc53f5700> SLIPSTORE::COMM Connecting to tcp://dco-node140-10g:5064
1462403159931	<INFO 7eecc53f5700> SLIPSTORE::COMM Listening at tcp://p1p1:5040
1462403159934	<INFO 7eecc53f5700> SLIPSTORE::COMM Connecting to tcp://dco-node141-10g:5082
1462403159936	<INFO 7eecc53f5700> SLIPSTORE::COMM Listening at tcp://p1p1:5041
1462403159939	<INFO 7eecc53f5700> SLIPSTORE::COMM Connecting to tcp://dco-node142-10g:5100
1462403159941	<INFO 7eecc53f5700> SLIPSTORE::COMM Listening at tcp://p1p1:5042
1462403159943	<INFO 7eecc53f5700> SLIPSTORE::COMM Connecting to tcp://dco-node143-10g:5118
1462403159945	<INFO 7eecc53f5700> SLIPSTORE::COMM Listening at tcp://p1p1:5043
1462403159947	<INFO 7eecc53f5700> SLIPSTORE::COMM Connecting to tcp://dco-node144-10g:5136
1462403160841	<INFO 7f0ada896780> SLIPSTORE::CHECKPOINTS NONE FOUND
1462403160843	<INFO 7f0ada896780> 2016-05-05 01:06:00 Start edge split
1462403250322	<INFO 7f0ada896780> 2016-05-05 01:07:30 Completed init
1462403254943	<INFO 7f0ada896780> 2016-05-05 01:07:34 Started gather
1462403255681	<INFO 7f0ada896780> 2016-05-05 01:07:35 Completed gather
1462403262648	<INFO 7f0ada896780> 2016-05-05 01:07:42 Started scatter
1462403295890	<INFO 7f0ada896780> 2016-05-05 01:08:15 Completed scatter
1462403311771	<INFO 7f0ada896780> 2016-05-05 01:08:31 Completed phase 1 Bytes read 13087017972 Bytes written 6644567028
1462403318667	<INFO 7f0ada896780> 2016-05-05 01:08:38 Started gather
1462403319396	<INFO 7f0ada896780> 2016-05-05 01:08:39 Completed gather
1462403325842	<INFO 7f0ada896780> 2016-05-05 01:08:45 Started gather
1462403400587	<INFO 7f0ada896780> 2016-05-05 01:10:00 Completed gather
1462403415165	<INFO 7f0ada896780> 2016-05-05 01:10:15 Completed phase 2 Bytes read 19860759336 Bytes written 11297699436
1462403422856	<INFO 7f0ada896780> 2016-05-05 01:10:22 Started gather
1462403443180	<INFO 7f0ada896780> 2016-05-05 01:10:43 Completed gather
1462403472179	<INFO 7f0ada896780> 2016-05-05 01:11:12 Started scatter
1462403541462	<INFO 7f0ada896780> 2016-05-05 01:12:21 Completed scatter
1462403559060	<INFO 7f0ada896780> 2016-05-05 01:12:39 Completed phase 3 Bytes read 30900110100 Bytes written 15896443996
1462403567797	<INFO 7f0ada896780> 2016-05-05 01:12:47 Started gather
1462403586860	<INFO 7f0ada896780> 2016-05-05 01:13:06 Completed gather
1462403619935	<INFO 7f0ada896780> 2016-05-05 01:13:39 Started scatter
1462403689922	<INFO 7f0ada896780> 2016-05-05 01:14:49 Completed scatter
1462403703891	<INFO 7f0ada896780> 2016-05-05 01:15:03 Completed phase 4 Bytes read 42014247352 Bytes written 20530105532
1462403712677	<INFO 7f0ada896780> 2016-05-05 01:15:12 Started gather
1462403733592	<INFO 7f0ada896780> 2016-05-05 01:15:33 Completed gather
1462403763968	<INFO 7f0ada896780> 2016-05-05 01:16:03 Started scatter
1462403833421	<INFO 7f0ada896780> 2016-05-05 01:17:13 Completed scatter
1462403848082	<INFO 7f0ada896780> 2016-05-05 01:17:28 Completed phase 5 Bytes read 53163301580 Bytes written 25204434116
1462403856086	<INFO 7f0ada896780> 2016-05-05 01:17:36 Started gather
1462403877395	<INFO 7f0ada896780> 2016-05-05 01:17:57 Completed gather
1462403905352	<INFO 7f0ada896780> 2016-05-05 01:18:25 Started scatter
1462403972453	<INFO 7f0ada896780> 2016-05-05 01:19:32 Completed scatter
1462403989967	<INFO 7f0ada896780> 2016-05-05 01:19:49 Completed phase 6 Bytes read 64353022856 Bytes written 29895165708
1462403999085	<INFO 7f0ada896780> 2016-05-05 01:19:59 Started gather
1462404019768	<INFO 7f0ada896780> 2016-05-05 01:20:19 Completed gather
1462404052348	<INFO 7f0ada896780> 2016-05-05 01:20:52 Started scatter
1462404121232	<INFO 7f0ada896780> 2016-05-05 01:22:01 Completed scatter
1462404139766	<INFO 7f0ada896780> 2016-05-05 01:22:19 Completed phase 7 Bytes read 75559147140 Bytes written 34546657164
1462404139769	<INFO 7f0ada896780> CORE::PARTITIONS_PROCESSED 681
1462404139771	<INFO 7f0ada896780> CORE::BYTES::EDGES_STREAMED 5118877536
1462404139773	<INFO 7f0ada896780> CORE::BYTES::UPDATES_OUT 2937249456
1462404139776	<INFO 7f0ada896780> CORE::BYTES::UPDATES_IN 2406894840
1462404139778	<INFO 7eecb37fe700> CORE::PARTITIONS_PROCESSED 1961
1462404139781	<INFO 7eecb37fe700> CORE::BYTES::EDGES_STREAMED 4740051960
1462404139783	<INFO 7eecb37fe700> CORE::BYTES::UPDATES_OUT 2697496888
1462404139785	<INFO 7eecb37fe700> CORE::BYTES::UPDATES_IN 2109083120
1462404139787	<INFO 7eecb0ff9700> CORE::PARTITIONS_PROCESSED 459
1462404139790	<INFO 7eecb17fa700> CORE::PARTITIONS_PROCESSED 1751
1462404139793	<INFO 7eecb1ffb700> CORE::PARTITIONS_PROCESSED 1452
1462404139795	<INFO 7eecb3fff700> CORE::PARTITIONS_PROCESSED 783
1462404139797	<INFO 7eecb1ffb700> CORE::BYTES::EDGES_STREAMED 7001388420
1462404139799	<INFO 7eecb3fff700> CORE::BYTES::EDGES_STREAMED 5181748332
1462404139801	<INFO 7eecb0ff9700> CORE::BYTES::EDGES_STREAMED 5759699568
1462404139804	<INFO 7eecb1ffb700> CORE::BYTES::UPDATES_OUT 3960815824
1462404139806	<INFO 7eecb3fff700> CORE::BYTES::UPDATES_OUT 2945848840
1462404139808	<INFO 7eecb17fa700> CORE::BYTES::EDGES_STREAMED 5361877068
1462404139811	<INFO 7eecb0ff9700> CORE::BYTES::UPDATES_OUT 3356600128
1462404139814	<INFO 7eecb17fa700> CORE::BYTES::UPDATES_OUT 3082939136
1462404139816	<INFO 7eecb0ff9700> CORE::BYTES::UPDATES_IN 3143225472
1462404139818	<INFO 7eecb3fff700> CORE::BYTES::UPDATES_IN 2414197528
1462404139820	<INFO 7eecb1ffb700> CORE::BYTES::UPDATES_IN 3585938496
1462404139823	<INFO 7eecb17fa700> CORE::BYTES::UPDATES_IN 2336974136
1462404139825	<INFO 7eecb27fc700> CORE::PARTITIONS_PROCESSED 1562
1462404139827	<INFO 7eecb27fc700> CORE::BYTES::EDGES_STREAMED 7119932652
1462404139829	<INFO 7eecb27fc700> CORE::BYTES::UPDATES_OUT 4032504856
1462404139832	<INFO 7eecb27fc700> CORE::BYTES::UPDATES_IN 2998805472
1462404139834	<INFO 7eecb2ffd700> CORE::PARTITIONS_PROCESSED 951
1462404139836	<INFO 7eecb2ffd700> CORE::BYTES::EDGES_STREAMED 4812688068
1462404139838	<INFO 7eecb2ffd700> CORE::BYTES::UPDATES_OUT 2755838360
1462404139841	<INFO 7eecb2ffd700> CORE::BYTES::UPDATES_IN 2479303976
1462404139843	<INFO 7eecc53f5700> SLIPSTORE service is exiting
1462404139845	<INFO 7eecc53f5700> SLIPSTORE::HELP_OFFERS_RECVD 98
1462404139847	<INFO 7eecc53f5700> SLIPSTORE::HELP_OFFERS_ACCEPTED 0
1462404139849	<INFO 7eecc53f5700> SLIPSTORE::HELP_ACCEPTANCE_RATIO 0
1462404139852	<INFO 7eecc53f5700> SLIPSTORE::SERVER_BUSY_DISK  639.043 seconds
1462404139854	<INFO 7eecc53f5700> SLIPSTORE::SERVER_BUSY_MEM  0 seconds
1462404139856	<INFO 7eecc53f5700> SLIPSTORE::SERVER_TOTAL  979.984 seconds
1462404139858	<INFO 7f0ada896780> SLIPSTORE::CLIENT::DISK_READ_TIME  459.455 seconds
1462404139861	<INFO 7f0ada896780> SLIPSTORE::CLIENT::MEM_READ_TIME  0 seconds
1462404139863	<INFO 7f0ada896780> SLIPSTORE::CLIENT::DISK_BYTES_READ 75764402452
1462404139865	<INFO 7f0ada896780> SLIPSTORE::CLIENT::MEM_BYTES_READ 0
1462404139867	<INFO 7f0ada896780> SLIPSTORE::CLIENT::WRITE_TIME  195.773 seconds
1462404139869	<INFO 7f0ada896780> SLIPSTORE::CLIENT::BYTES_WRITTEN 1937615040
1462404139872	<INFO 7f0ada896780> SLIPSTORE::CLIENT_BUSY  655.228 seconds
1462404139874	<INFO 7f0ada896780> SLIPSTORE::IO::TIME 452.176 seconds
1462404139876	<INFO 7f0ada896780> SLIPSTORE::SNAP::TIME 0 seconds
1462404139878	<INFO 7f0ada896780> SLIPSTORE::MAX_DISK_USAGE_BYTES 10947775612
1462404139880	<INFO 7f0ada896780> CORE::RUSAGE::MAX_RSS_KB 125939504
1462404139883	<INFO 7f0ada896780> CORE::RUSAGE::MINFLT 54623184
1462404139885	<INFO 7f0ada896780> CORE::RUSAGE::MAJFLT 4
1462404139888	<INFO 7f0ada896780> CORE::RUSAGE::MAJFLT 4
1462404139891	<INFO 7f0ada896780> CORE::RUSAGE::INBLK 135476728
1462404139893	<INFO 7f0ada896780> CORE::RUSAGE::OUBLK 67481368
1462404139895	<INFO 7f0ada896780> CORE::UTILS::BYTES_READ 75559147140
1462404139897	<INFO 7f0ada896780> CORE::UTILS::BYTES_WRITTEN 34546657164
1462404139899	<INFO 7f0ada896780> CORE::UTILS::TILE_COPY_BYTES 2583486720
1462404139902	<INFO 7f0ada896780> CORE::TIME::IO_WAIT 497.573 seconds
1462404139905	<INFO 7f0ada896780> CORE::TIME_TILE_COPY 0 seconds
1462404139907	<INFO 7f0ada896780> CORE::TIME_TILE_MERGE 0 seconds
1462404139909	<INFO 7f0ada896780> CORE::TIME_PROCESSING_STOLEN 0 seconds
1462404139912	<INFO 7f0ada896780> CORE::TIME_MERGE_WAIT 0 seconds
1462404139914	<INFO 7f0ada896780> CORE::OTHER_TIME_ALL_MC_BARRIER 0 seconds
1462404139916	<INFO 7f0ada896780> CORE::SCATTER_TIME_ALL_MC_BARRIER 93.2635 seconds
1462404139918	<INFO 7f0ada896780> CORE::GATHER_TIME_ALL_MC_BARRIER 14.1845 seconds
1462404139920	<INFO 7f0ada896780> CORE::INIT_TIME_ALL_MC_BARRIER 1.31728 seconds
1462404139924	<INFO 7f0ada896780> CORE::SHUT_DOWN_TIME_ALL_MC_BARRIER 0.002587 seconds
1462404139926	<INFO 7f0ada896780> CORE::STREAM_SKIP_BEFORE_TIME_ALL_MC_BARRIER 49.155 seconds
1462404139928	<INFO 7f0ada896780> CORE::TAKE_CHECKPOINT_BEFORE_TIME_ALL_MC_BARRIER 0 seconds
1462404139930	<INFO 7f0ada896780> CORE::TAKE_CHECKPOINT_COMPLETE_TIME_ALL_MC_BARRIER 0 seconds
1462404139933	<INFO 7f0ada896780> CORE::METADATA_WRITE_COMPLETE_TIME_ALL_MC_BARRIER 0 seconds
1462404139935	<INFO 7f0ada896780> CORE::STREAM_EOF_BEFORE_TIME_ALL_MC_BARRIER 0 seconds
1462404139937	<INFO 7f0ada896780> CORE::STREAM_EOF_AFTER_TIME_ALL_MC_BARRIER 0 seconds
1462404139939	<INFO 7f0ada896780> CORE::STATE_LOAD_TIME_ALL_MC_BARRIER 0 seconds
1462404139942	<INFO 7f0ada896780> CORE::STATE_STORE_TIME_ALL_MC_BARRIER 0 seconds
1462404139944	<INFO 7f0ada896780> CORE::PHASES 7
1462404139946	<INFO 7f0ada896780> CORE::TIME::SETUP 2.87382 seconds
1462404139948	<INFO 7f0ada896780> CORE::TIME::STATE_ITER 4.5783 seconds
1462404139950	<INFO 7f0ada896780> CORE::TIME::GATHER 319.283 seconds
1462404139953	<INFO 7f0ada896780> CORE::TIME::SCATTER 565.326 seconds
1462404139955	<INFO 7f0ada896780> CORE::TIME::WALL 981.806 seconds
1462404139957	<INFO 7f0ada896780> SHUTDOWN
