1456864387495	<INFO 7ff545af8740> 2016-03-01 21:33:07 STARTUP
1456864387499	<INFO 7ff545af8740> CORE::GRAPH rmat-30_s8
1456864387503	<INFO 7ff545af8740> CORE::ALGORITHM pagerank
1456864387506	<INFO 7ff545af8740> CORE::VERTEX_STRIPING ON
1456864387510	<INFO 7ff545af8740> 2016-03-01 21:33:07 Blocking memory amount 126701535232
1456864495087	<INFO 7ff545af8740> 2016-03-01 21:34:55 Done blocking memory
1456864495091	<INFO 7ff545af8740> SG-DRIVER-ORIGINAL
1456864495095	<INFO 7ff545af8740> CORE::CONFIG::PROCESSORS 8
1456864495099	<INFO 7ff545af8740> CORE::CONFIG::PHYSICAL_MEMORY 2147483648
1456864495102	<INFO 7ff545af8740> CORE::CONFIG::VERTICES 1073741824
1456864495106	<INFO 7ff545af8740> CORE::CONFIG::VERTEX_SIZE 12
1456864495110	<INFO 7ff545af8740> CORE::CONFIG::VERTEX_BUFFER 1610612736
1456864495114	<INFO 7ff545af8740> CORE::CONFIG::EDGES 2147483648
1456864495118	<INFO 7ff545af8740> CORE::CONFIG::PARTITIONS 64
1456864495122	<INFO 7ff545af8740> CORE::CONFIG::FANOUT 64
1456864495125	<INFO 7ff545af8740> CORE::CONFIG::SUPER_PARTITIONS 8
1456864495129	<INFO 7ff545af8740> CORE::CONFIG::TILES 1
1456864495133	<INFO 7ff545af8740> CORE::CONFIG::BUFFER_SIZE 107373056
1456864495137	<INFO 7ff545af8740> CORE::CONFIG::MAX_BUFFERS 4
1456864495140	<INFO 7ff545af8740> CORE::CONFIG::MAX_STREAMS 4
1456864495144	<INFO 7ff545af8740> SLIPSTREAM::EXT_MEM_SHUFFLE OFF
1456864496888	<WARNING 7ff545af8740> Unable to unlink file (stream.0.0.0):No such file or directory
1456864496892	<WARNING 7ff545af8740> Unable to unlink file (stream.0.1.0):No such file or directory
1456864496895	<WARNING 7ff545af8740> Unable to unlink file (stream.0.2.0):No such file or directory
1456864496900	<WARNING 7ff545af8740> Unable to unlink file (stream.0.3.0):No such file or directory
1456864496903	<WARNING 7ff545af8740> Unable to unlink file (stream.0.4.0):No such file or directory
1456864496908	<WARNING 7ff545af8740> Unable to unlink file (stream.0.5.0):No such file or directory
1456864496912	<WARNING 7ff545af8740> Unable to unlink file (stream.0.6.0):No such file or directory
1456864496916	<WARNING 7ff545af8740> Unable to unlink file (stream.0.7.0):No such file or directory
1456864496920	<WARNING 7ff545af8740> Unable to unlink file (stream.1.1.0):No such file or directory
1456864496924	<WARNING 7ff545af8740> Unable to unlink file (stream.1.2.0):No such file or directory
1456864496928	<WARNING 7ff545af8740> Unable to unlink file (stream.1.3.0):No such file or directory
1456864496932	<WARNING 7ff545af8740> Unable to unlink file (stream.1.4.0):No such file or directory
1456864496936	<WARNING 7ff545af8740> Unable to unlink file (stream.1.5.0):No such file or directory
1456864496940	<WARNING 7ff545af8740> Unable to unlink file (stream.1.6.0):No such file or directory
1456864496945	<WARNING 7ff545af8740> Unable to unlink file (stream.1.7.0):No such file or directory
1456864496948	<WARNING 7ff545af8740> Unable to unlink file (stream.2.0.0):No such file or directory
1456864496952	<WARNING 7ff545af8740> Unable to unlink file (stream.2.1.0):No such file or directory
1456864496956	<WARNING 7ff545af8740> Unable to unlink file (stream.2.2.0):No such file or directory
1456864496960	<WARNING 7ff545af8740> Unable to unlink file (stream.2.3.0):No such file or directory
1456864496964	<WARNING 7ff545af8740> Unable to unlink file (stream.2.4.0):No such file or directory
1456864496968	<WARNING 7ff545af8740> Unable to unlink file (stream.2.5.0):No such file or directory
1456864496972	<WARNING 7ff545af8740> Unable to unlink file (stream.2.6.0):No such file or directory
1456864496976	<WARNING 7ff545af8740> Unable to unlink file (stream.2.7.0):No such file or directory
1456864496980	<WARNING 7ff545af8740> Unable to unlink file (stream.3.0.0):No such file or directory
1456864496983	<WARNING 7ff545af8740> Unable to unlink file (stream.3.1.0):No such file or directory
1456864496988	<WARNING 7ff545af8740> Unable to unlink file (stream.3.2.0):No such file or directory
1456864496991	<WARNING 7ff545af8740> Unable to unlink file (stream.3.3.0):No such file or directory
1456864496994	<WARNING 7ff545af8740> Unable to unlink file (stream.3.4.0):No such file or directory
1456864496998	<WARNING 7ff545af8740> Unable to unlink file (stream.3.5.0):No such file or directory
1456864497003	<WARNING 7ff545af8740> Unable to unlink file (stream.3.6.0):No such file or directory
1456864497006	<WARNING 7ff545af8740> Unable to unlink file (stream.3.7.0):No such file or directory
1456864497010	<INFO 7ff545af8740> SLIPSTORE::ZMQ_THREADS 2
1456864497014	<INFO 7ff545af8740> SLIPSTORE::COMM Connecting to tcp://dco-node137-10g:5016
1456864497018	<INFO 7ff545af8740> SLIPSTORE::COMM Connecting to tcp://dco-node138-10g:5034
1456864497021	<INFO 7ff545af8740> SLIPSTORE::COMM Connecting to tcp://dco-node139-10g:5052
1456864497024	<INFO 7ff545af8740> SLIPSTORE::COMM Connecting to tcp://dco-node140-10g:5070
1456864497029	<INFO 7ff545af8740> SLIPSTORE::COMM Connecting to tcp://dco-node141-10g:5088
1456864497032	<INFO 7ff545af8740> SLIPSTORE::COMM Connecting to tcp://dco-node142-10g:5106
1456864497035	<INFO 7ff545af8740> SLIPSTORE::COMM Connecting to tcp://dco-node143-10g:5124
1456864497038	<INFO 7ff545af8740> SLIPSTORE::COMM Connecting to tcp://dco-node144-10g:5142
1456864497043	<INFO 7ff545af8740> SLIPSTORE::COMM Listening at tcp://ens1f0:5080
1456864497046	<INFO 7ff545af8740> SLIPSTORE::COMM Listening at tcp://ens1f0:5081
1456864497049	<INFO 7ff545af8740> SLIPSTORE::COMM Listening at tcp://ens1f0:5082
1456864497052	<INFO 7ff545af8740> SLIPSTORE::COMM Listening at tcp://ens1f0:5083
1456864497056	<INFO 7ff545af8740> SLIPSTORE::COMM Listening at ipc://client
1456864497059	<INFO 7ff545af8740> SLIPSTORE::COMM Listening at tcp://ens1f0:5085
1456864497062	<INFO 7ff545af8740> SLIPSTORE::COMM Listening at tcp://ens1f0:5086
1456864497065	<INFO 7ff545af8740> SLIPSTORE::COMM Listening at tcp://ens1f0:5087
1456864497069	<INFO 7ff545af8740> SLIPSTORE::COMM Connecting to tcp://dco-node137-10g:5016
1456864497073	<INFO 7ff545af8740> SLIPSTORE::COMM Connecting to tcp://dco-node138-10g:5034
1456864497076	<INFO 7ff545af8740> SLIPSTORE::COMM Connecting to tcp://dco-node139-10g:5052
1456864497079	<INFO 7ff545af8740> SLIPSTORE::COMM Connecting to tcp://dco-node140-10g:5070
1456864497082	<INFO 7ff545af8740> SLIPSTORE::COMM Connecting to tcp://dco-node141-10g:5088
1456864497085	<INFO 7ff545af8740> SLIPSTORE::COMM Connecting to tcp://dco-node142-10g:5106
1456864497087	<INFO 7ff545af8740> SLIPSTORE::COMM Connecting to tcp://dco-node143-10g:5124
1456864497090	<INFO 7ff545af8740> SLIPSTORE::COMM Connecting to tcp://dco-node144-10g:5142
1456864497093	<INFO 7ff545af8740> SLIPSTORE::COMM Connecting to tcp://dco-node137-10g:5004
1456864497096	<INFO 7ff545af8740> SLIPSTORE::COMM Connecting to tcp://dco-node138-10g:5022
1456864497100	<INFO 7ff545af8740> SLIPSTORE::COMM Connecting to tcp://dco-node139-10g:5040
1456864497103	<INFO 7ff545af8740> SLIPSTORE::COMM Connecting to tcp://dco-node140-10g:5058
1456864497106	<INFO 7ff545af8740> SLIPSTORE::COMM Connecting to ipc://server
1456864497108	<INFO 7ff545af8740> SLIPSTORE::COMM Connecting to tcp://dco-node142-10g:5094
1456864497111	<INFO 7ff545af8740> SLIPSTORE::COMM Connecting to tcp://dco-node143-10g:5112
1456864497115	<INFO 7ff545af8740> SLIPSTORE::COMM Connecting to tcp://dco-node144-10g:5130
1456864497118	<INFO 7ff545af8740> SLIPSTORE::COMM Connecting to tcp://dco-node142-10g:5107
1456864497122	<INFO 7ff545af8740> SLIPSTORE::COMM Listening at tcp://ens1f0:5089
1456864497125	<INFO 7ff545af8740> SLIPSTORE::COMM Connecting to tcp://dco-node141-10g:5088
1456864497129	<INFO 7ff545af8740> SLIPSTORE::HELP_POLICY NONE
1456864497132	<INFO 7ff545af8740> SLIPSTORE::SERVER ASYNC
1456864497136	<INFO 7ff545af8740> SLIPSTORE::MACHINES 8
1456864497139	<INFO 7ff545af8740> SLIPSTORE::ME 4
1456864497141	<INFO 7ff545af8740> SLIPSTORE::SLIPCHUNK 4194304
1456864497144	<INFO 7ff545af8740> SLIPSTORE::QUOTA 18446744073709551615
1456864497148	<INFO 7ff545af8740> SLIPSTORE::IO PAGECACHE
1456864497152	<INFO 7fd7273fc700> SLIPSTORE::COMM Listening at tcp://ens1f0:5088
1456864497154	<INFO 7fd7273fc700> SLIPSTORE::COMM Listening at tcp://ens1f0:5072
1456864497158	<INFO 7fd7273fc700> SLIPSTORE::COMM Connecting to tcp://dco-node137-10g:5012
1456864497162	<INFO 7fd7273fc700> SLIPSTORE::COMM Listening at tcp://ens1f0:5073
1456864497165	<INFO 7fd7273fc700> SLIPSTORE::COMM Connecting to tcp://dco-node138-10g:5030
1456864497168	<INFO 7fd7273fc700> SLIPSTORE::COMM Listening at tcp://ens1f0:5074
1456864497171	<INFO 7fd7273fc700> SLIPSTORE::COMM Connecting to tcp://dco-node139-10g:5048
1456864497174	<INFO 7fd7273fc700> SLIPSTORE::COMM Listening at tcp://ens1f0:5075
1456864497177	<INFO 7fd7273fc700> SLIPSTORE::COMM Connecting to tcp://dco-node140-10g:5066
1456864497180	<INFO 7fd7273fc700> SLIPSTORE::COMM Listening at ipc://server
1456864497183	<INFO 7fd7273fc700> SLIPSTORE::COMM Connecting to ipc://client
1456864497186	<INFO 7fd7273fc700> SLIPSTORE::COMM Listening at tcp://ens1f0:5077
1456864497189	<INFO 7fd7273fc700> SLIPSTORE::COMM Connecting to tcp://dco-node142-10g:5102
1456864497192	<INFO 7fd7273fc700> SLIPSTORE::COMM Listening at tcp://ens1f0:5078
1456864497195	<INFO 7fd7273fc700> SLIPSTORE::COMM Connecting to tcp://dco-node143-10g:5120
1456864497199	<INFO 7fd7273fc700> SLIPSTORE::COMM Listening at tcp://ens1f0:5079
1456864497201	<INFO 7fd7273fc700> SLIPSTORE::COMM Connecting to tcp://dco-node144-10g:5138
1456864498011	<INFO 7ff545af8740> SLIPSTORE::CHECKPOINTS NONE FOUND
1456864985929	<INFO 7ff545af8740> 2016-03-01 21:43:05 Completed init
1456865214249	<INFO 7ff545af8740> 2016-03-01 21:46:54 Completed phase 1 Bytes read 55278938340 Bytes written 29509134564
1456865876089	<INFO 7ff545af8740> 2016-03-01 21:57:56 Completed phase 2 Bytes read 86398685640 Bytes written 51452015596
1456866655835	<INFO 7ff545af8740> 2016-03-01 22:10:55 Completed phase 3 Bytes read 134629475764 Bytes written 71695700540
1456867454070	<INFO 7ff545af8740> 2016-03-01 22:24:14 Completed phase 4 Bytes read 182771682536 Bytes written 91930768012
1456868268022	<INFO 7ff545af8740> 2016-03-01 22:37:48 Completed phase 5 Bytes read 230905271836 Bytes written 112303365172
1456869077063	<INFO 7ff545af8740> 2016-03-01 22:51:17 Completed phase 6 Bytes read 279176390824 Bytes written 132443321396
1456869880433	<INFO 7ff545af8740> 2016-03-01 23:04:40 Completed phase 7 Bytes read 327214868876 Bytes written 152810874756
1456869880436	<INFO 7ff545af8740> CORE::PARTITIONS_PROCESSED 2880
1456869880438	<INFO 7ff545af8740> CORE::BYTES::EDGES_STREAMED 21014772612
1456869880441	<INFO 7ff545af8740> CORE::BYTES::UPDATES_OUT 12037829512
1456869880443	<INFO 7ff545af8740> CORE::BYTES::UPDATES_IN 9220592616
1456869880446	<INFO 7fd71bfff700> CORE::PARTITIONS_PROCESSED 8199
1456869880448	<INFO 7fd71bfff700> CORE::BYTES::EDGES_STREAMED 24171954228
1456869880451	<INFO 7fd71bfff700> CORE::BYTES::UPDATES_OUT 13683125928
1456869880453	<INFO 7fd71bfff700> CORE::BYTES::UPDATES_IN 12420132232
1456869880455	<INFO 7fd71affd700> CORE::PARTITIONS_PROCESSED 9980
1456869880458	<INFO 7fd71affd700> CORE::BYTES::EDGES_STREAMED 39568438476
1456869880460	<INFO 7fd71affd700> CORE::BYTES::UPDATES_OUT 22892017232
1456869880462	<INFO 7fd71affd700> CORE::BYTES::UPDATES_IN 17438387984
1456869880465	<INFO 7fd71b7fe700> CORE::PARTITIONS_PROCESSED 8194
1456869880467	<INFO 7fd71b7fe700> CORE::BYTES::EDGES_STREAMED 24277181400
1456869880470	<INFO 7fd71b7fe700> CORE::BYTES::UPDATES_OUT 13616916192
1456869880472	<INFO 7fd71b7fe700> CORE::BYTES::UPDATES_IN 11767800448
1456869880475	<INFO 7fd725bf9700> CORE::PARTITIONS_PROCESSED 6839
1456869880477	<INFO 7fd7253f8700> CORE::PARTITIONS_PROCESSED 9037
1456869880480	<INFO 7fd7253f8700> CORE::BYTES::EDGES_STREAMED 24573532296
1456869880482	<INFO 7fd7263fa700> CORE::PARTITIONS_PROCESSED 6738
1456869880485	<INFO 7fd725bf9700> CORE::BYTES::EDGES_STREAMED 20726876988
1456869880487	<INFO 7fd7253f8700> CORE::BYTES::UPDATES_OUT 14100736680
1456869880490	<INFO 7fd724bf7700> CORE::PARTITIONS_PROCESSED 6373
1456869880492	<INFO 7fd724bf7700> CORE::BYTES::EDGES_STREAMED 23952704880
1456869880495	<INFO 7fd7253f8700> CORE::BYTES::UPDATES_IN 12011936616
1456869880497	<INFO 7fd725bf9700> CORE::BYTES::UPDATES_OUT 11796115272
1456869880500	<INFO 7fd7263fa700> CORE::BYTES::EDGES_STREAMED 21768218568
1456869880502	<INFO 7fd725bf9700> CORE::BYTES::UPDATES_IN 10456187808
1456869880504	<INFO 7fd724bf7700> CORE::BYTES::UPDATES_OUT 13735344352
1456869880507	<INFO 7fd7263fa700> CORE::BYTES::UPDATES_OUT 12454303088
1456869880509	<INFO 7fd7263fa700> CORE::BYTES::UPDATES_IN 10826918528
1456869880512	<INFO 7fd724bf7700> CORE::BYTES::UPDATES_IN 11119387088
1456869880514	<INFO 7fd7273fc700> SLIPSTORE service is exiting
1456869880517	<INFO 7fd7273fc700> SLIPSTORE::HELP_OFFERS_RECVD 98
1456869880519	<INFO 7fd7273fc700> SLIPSTORE::HELP_OFFERS_ACCEPTED 0
1456869880522	<INFO 7fd7273fc700> SLIPSTORE::HELP_ACCEPTANCE_RATIO 0
1456869880525	<INFO 7fd7273fc700> SLIPSTORE::SERVER_BUSY_DISK  3255.66 seconds
1456869880527	<INFO 7fd7273fc700> SLIPSTORE::SERVER_BUSY_MEM  0 seconds
1456869880530	<INFO 7fd7273fc700> SLIPSTORE::SERVER_TOTAL  5383.53 seconds
1456869880532	<INFO 7ff545af8740> SLIPSTORE::CLIENT::DISK_READ_TIME  2358.16 seconds
1456869880535	<INFO 7ff545af8740> SLIPSTORE::CLIENT::MEM_READ_TIME  0 seconds
1456869880537	<INFO 7ff545af8740> SLIPSTORE::CLIENT::DISK_BYTES_READ 353817199040
1456869880540	<INFO 7ff545af8740> SLIPSTORE::CLIENT::MEM_BYTES_READ 0
1456869880542	<INFO 7ff545af8740> SLIPSTORE::CLIENT::WRITE_TIME  1071.67 seconds
1456869880545	<INFO 7ff545af8740> SLIPSTORE::CLIENT::BYTES_WRITTEN 24159191040
1456869880547	<INFO 7ff545af8740> SLIPSTORE::CLIENT_BUSY  3429.83 seconds
1456869880550	<INFO 7ff545af8740> SLIPSTORE::IO::TIME 2545.17 seconds
1456869880552	<INFO 7ff545af8740> SLIPSTORE::SNAP::TIME 0 seconds
1456869880555	<INFO 7ff545af8740> SLIPSTORE::MAX_DISK_USAGE_BYTES 45049893516
1456869881531	<INFO 7ff545af8740> CORE::RUSAGE::MAX_RSS_KB 125957024
1456869881535	<INFO 7ff545af8740> CORE::RUSAGE::MINFLT 50168876
1456869881539	<INFO 7ff545af8740> CORE::RUSAGE::MAJFLT 15
1456869881543	<INFO 7ff545af8740> CORE::RUSAGE::MAJFLT 15
1456869881546	<INFO 7ff545af8740> CORE::RUSAGE::INBLK 602983048
1456869881550	<INFO 7ff545af8740> CORE::RUSAGE::OUBLK 298474416
1456869881554	<INFO 7ff545af8740> CORE::UTILS::BYTES_READ 327214868876
1456869881557	<INFO 7ff545af8740> CORE::UTILS::BYTES_WRITTEN 152810874756
1456869881561	<INFO 7ff545af8740> CORE::UTILS::TILE_COPY_BYTES 32212254720
1456869881565	<INFO 7ff545af8740> CORE::TIME::IO_WAIT 3058.12 seconds
1456869881568	<INFO 7ff545af8740> CORE::TIME_TILE_COPY 0 seconds
1456869881572	<INFO 7ff545af8740> CORE::TIME_TILE_MERGE 0 seconds
1456869881576	<INFO 7ff545af8740> CORE::TIME_PROCESSING_STOLEN 0 seconds
1456869881580	<INFO 7ff545af8740> CORE::TIME_MERGE_WAIT 0 seconds
1456869881583	<INFO 7ff545af8740> CORE::TIME_ALL_MC_BARRIER 1573.31 seconds
1456869881587	<INFO 7ff545af8740> CORE::PHASES 7
1456869881591	<INFO 7ff545af8740> CORE::TIME::SETUP 4.01957 seconds
1456869881595	<INFO 7ff545af8740> CORE::TIME::WALL 5386.44 seconds
1456869881598	<INFO 7ff545af8740> SHUTDOWN
