1456864387467	<INFO 7fed367f3740> 2016-03-01 21:33:07 STARTUP
1456864387471	<INFO 7fed367f3740> CORE::GRAPH rmat-30_s8
1456864387474	<INFO 7fed367f3740> CORE::ALGORITHM pagerank
1456864387478	<INFO 7fed367f3740> CORE::VERTEX_STRIPING ON
1456864387482	<INFO 7fed367f3740> 2016-03-01 21:33:07 Blocking memory amount 126701535232
1456864493826	<INFO 7fed367f3740> 2016-03-01 21:34:53 Done blocking memory
1456864493830	<INFO 7fed367f3740> SG-DRIVER-ORIGINAL
1456864493834	<INFO 7fed367f3740> CORE::CONFIG::PROCESSORS 8
1456864493837	<INFO 7fed367f3740> CORE::CONFIG::PHYSICAL_MEMORY 2147483648
1456864493842	<INFO 7fed367f3740> CORE::CONFIG::VERTICES 1073741824
1456864493846	<INFO 7fed367f3740> CORE::CONFIG::VERTEX_SIZE 12
1456864493849	<INFO 7fed367f3740> CORE::CONFIG::VERTEX_BUFFER 1610612736
1456864493853	<INFO 7fed367f3740> CORE::CONFIG::EDGES 2147483648
1456864493856	<INFO 7fed367f3740> CORE::CONFIG::PARTITIONS 64
1456864493860	<INFO 7fed367f3740> CORE::CONFIG::FANOUT 64
1456864493864	<INFO 7fed367f3740> CORE::CONFIG::SUPER_PARTITIONS 8
1456864493868	<INFO 7fed367f3740> CORE::CONFIG::TILES 1
1456864493872	<INFO 7fed367f3740> CORE::CONFIG::BUFFER_SIZE 107373056
1456864493875	<INFO 7fed367f3740> CORE::CONFIG::MAX_BUFFERS 4
1456864493879	<INFO 7fed367f3740> CORE::CONFIG::MAX_STREAMS 4
1456864493882	<INFO 7fed367f3740> SLIPSTREAM::EXT_MEM_SHUFFLE OFF
1456864495618	<WARNING 7fed367f3740> Unable to unlink file (stream.0.0.0):No such file or directory
1456864495621	<WARNING 7fed367f3740> Unable to unlink file (stream.0.1.0):No such file or directory
1456864495625	<WARNING 7fed367f3740> Unable to unlink file (stream.0.2.0):No such file or directory
1456864495630	<WARNING 7fed367f3740> Unable to unlink file (stream.0.3.0):No such file or directory
1456864495633	<WARNING 7fed367f3740> Unable to unlink file (stream.0.4.0):No such file or directory
1456864495637	<WARNING 7fed367f3740> Unable to unlink file (stream.0.5.0):No such file or directory
1456864495641	<WARNING 7fed367f3740> Unable to unlink file (stream.0.6.0):No such file or directory
1456864495646	<WARNING 7fed367f3740> Unable to unlink file (stream.0.7.0):No such file or directory
1456864495650	<WARNING 7fed367f3740> Unable to unlink file (stream.1.1.0):No such file or directory
1456864495654	<WARNING 7fed367f3740> Unable to unlink file (stream.1.2.0):No such file or directory
1456864495657	<WARNING 7fed367f3740> Unable to unlink file (stream.1.3.0):No such file or directory
1456864495660	<WARNING 7fed367f3740> Unable to unlink file (stream.1.4.0):No such file or directory
1456864495665	<WARNING 7fed367f3740> Unable to unlink file (stream.1.5.0):No such file or directory
1456864495669	<WARNING 7fed367f3740> Unable to unlink file (stream.1.6.0):No such file or directory
1456864495672	<WARNING 7fed367f3740> Unable to unlink file (stream.1.7.0):No such file or directory
1456864495676	<WARNING 7fed367f3740> Unable to unlink file (stream.2.0.0):No such file or directory
1456864495679	<WARNING 7fed367f3740> Unable to unlink file (stream.2.1.0):No such file or directory
1456864495683	<WARNING 7fed367f3740> Unable to unlink file (stream.2.2.0):No such file or directory
1456864495687	<WARNING 7fed367f3740> Unable to unlink file (stream.2.3.0):No such file or directory
1456864495690	<WARNING 7fed367f3740> Unable to unlink file (stream.2.4.0):No such file or directory
1456864495694	<WARNING 7fed367f3740> Unable to unlink file (stream.2.5.0):No such file or directory
1456864495698	<WARNING 7fed367f3740> Unable to unlink file (stream.2.6.0):No such file or directory
1456864495701	<WARNING 7fed367f3740> Unable to unlink file (stream.2.7.0):No such file or directory
1456864495706	<WARNING 7fed367f3740> Unable to unlink file (stream.3.0.0):No such file or directory
1456864495709	<WARNING 7fed367f3740> Unable to unlink file (stream.3.1.0):No such file or directory
1456864495712	<WARNING 7fed367f3740> Unable to unlink file (stream.3.2.0):No such file or directory
1456864495715	<WARNING 7fed367f3740> Unable to unlink file (stream.3.3.0):No such file or directory
1456864495719	<WARNING 7fed367f3740> Unable to unlink file (stream.3.4.0):No such file or directory
1456864495722	<WARNING 7fed367f3740> Unable to unlink file (stream.3.5.0):No such file or directory
1456864495725	<WARNING 7fed367f3740> Unable to unlink file (stream.3.6.0):No such file or directory
1456864495728	<WARNING 7fed367f3740> Unable to unlink file (stream.3.7.0):No such file or directory
1456864495732	<INFO 7fed367f3740> SLIPSTORE::ZMQ_THREADS 2
1456864495735	<INFO 7fed367f3740> SLIPSTORE::COMM Connecting to tcp://dco-node137-10g:5016
1456864495738	<INFO 7fed367f3740> SLIPSTORE::COMM Connecting to tcp://dco-node138-10g:5034
1456864495741	<INFO 7fed367f3740> SLIPSTORE::COMM Connecting to tcp://dco-node139-10g:5052
1456864495744	<INFO 7fed367f3740> SLIPSTORE::COMM Connecting to tcp://dco-node140-10g:5070
1456864495747	<INFO 7fed367f3740> SLIPSTORE::COMM Connecting to tcp://dco-node141-10g:5088
1456864495750	<INFO 7fed367f3740> SLIPSTORE::COMM Connecting to tcp://dco-node142-10g:5106
1456864495752	<INFO 7fed367f3740> SLIPSTORE::COMM Connecting to tcp://dco-node143-10g:5124
1456864495756	<INFO 7fed367f3740> SLIPSTORE::COMM Connecting to tcp://dco-node144-10g:5142
1456864495758	<INFO 7fed367f3740> SLIPSTORE::COMM Listening at tcp://ens1f0:5062
1456864495761	<INFO 7fed367f3740> SLIPSTORE::COMM Listening at tcp://ens1f0:5063
1456864495764	<INFO 7fed367f3740> SLIPSTORE::COMM Listening at tcp://ens1f0:5064
1456864495767	<INFO 7fed367f3740> SLIPSTORE::COMM Listening at ipc://client
1456864495770	<INFO 7fed367f3740> SLIPSTORE::COMM Listening at tcp://ens1f0:5066
1456864495773	<INFO 7fed367f3740> SLIPSTORE::COMM Listening at tcp://ens1f0:5067
1456864495776	<INFO 7fed367f3740> SLIPSTORE::COMM Listening at tcp://ens1f0:5068
1456864495779	<INFO 7fed367f3740> SLIPSTORE::COMM Listening at tcp://ens1f0:5069
1456864495782	<INFO 7fed367f3740> SLIPSTORE::COMM Connecting to tcp://dco-node137-10g:5016
1456864495785	<INFO 7fed367f3740> SLIPSTORE::COMM Connecting to tcp://dco-node138-10g:5034
1456864495787	<INFO 7fed367f3740> SLIPSTORE::COMM Connecting to tcp://dco-node139-10g:5052
1456864495790	<INFO 7fed367f3740> SLIPSTORE::COMM Connecting to tcp://dco-node140-10g:5070
1456864495792	<INFO 7fed367f3740> SLIPSTORE::COMM Connecting to tcp://dco-node141-10g:5088
1456864495795	<INFO 7fed367f3740> SLIPSTORE::COMM Connecting to tcp://dco-node142-10g:5106
1456864495798	<INFO 7fed367f3740> SLIPSTORE::COMM Connecting to tcp://dco-node143-10g:5124
1456864495801	<INFO 7fed367f3740> SLIPSTORE::COMM Connecting to tcp://dco-node144-10g:5142
1456864495804	<INFO 7fed367f3740> SLIPSTORE::COMM Connecting to tcp://dco-node137-10g:5003
1456864495807	<INFO 7fed367f3740> SLIPSTORE::COMM Connecting to tcp://dco-node138-10g:5021
1456864495809	<INFO 7fed367f3740> SLIPSTORE::COMM Connecting to tcp://dco-node139-10g:5039
1456864495812	<INFO 7fed367f3740> SLIPSTORE::COMM Connecting to ipc://server
1456864495814	<INFO 7fed367f3740> SLIPSTORE::COMM Connecting to tcp://dco-node141-10g:5075
1456864495817	<INFO 7fed367f3740> SLIPSTORE::COMM Connecting to tcp://dco-node142-10g:5093
1456864495819	<INFO 7fed367f3740> SLIPSTORE::COMM Connecting to tcp://dco-node143-10g:5111
1456864495822	<INFO 7fed367f3740> SLIPSTORE::COMM Connecting to tcp://dco-node144-10g:5129
1456864495824	<INFO 7fed367f3740> SLIPSTORE::COMM Connecting to tcp://dco-node141-10g:5089
1456864495827	<INFO 7fed367f3740> SLIPSTORE::COMM Listening at tcp://ens1f0:5071
1456864495830	<INFO 7fed367f3740> SLIPSTORE::COMM Connecting to tcp://dco-node140-10g:5070
1456864495832	<INFO 7fed367f3740> SLIPSTORE::HELP_POLICY NONE
1456864495834	<INFO 7fed367f3740> SLIPSTORE::SERVER ASYNC
1456864495837	<INFO 7fed367f3740> SLIPSTORE::MACHINES 8
1456864495840	<INFO 7fed367f3740> SLIPSTORE::ME 3
1456864495842	<INFO 7fed367f3740> SLIPSTORE::SLIPCHUNK 4194304
1456864495845	<INFO 7fed367f3740> SLIPSTORE::QUOTA 18446744073709551615
1456864495847	<INFO 7fed367f3740> SLIPSTORE::IO PAGECACHE
1456864495849	<INFO 7fcf17fff700> SLIPSTORE::COMM Listening at tcp://ens1f0:5070
1456864495852	<INFO 7fcf17fff700> SLIPSTORE::COMM Listening at tcp://ens1f0:5054
1456864495854	<INFO 7fcf17fff700> SLIPSTORE::COMM Connecting to tcp://dco-node137-10g:5011
1456864495857	<INFO 7fcf17fff700> SLIPSTORE::COMM Listening at tcp://ens1f0:5055
1456864495859	<INFO 7fcf17fff700> SLIPSTORE::COMM Connecting to tcp://dco-node138-10g:5029
1456864495861	<INFO 7fcf17fff700> SLIPSTORE::COMM Listening at tcp://ens1f0:5056
1456864495863	<INFO 7fcf17fff700> SLIPSTORE::COMM Connecting to tcp://dco-node139-10g:5047
1456864495866	<INFO 7fcf17fff700> SLIPSTORE::COMM Listening at ipc://server
1456864495868	<INFO 7fcf17fff700> SLIPSTORE::COMM Connecting to ipc://client
1456864495871	<INFO 7fcf17fff700> SLIPSTORE::COMM Listening at tcp://ens1f0:5058
1456864495873	<INFO 7fcf17fff700> SLIPSTORE::COMM Connecting to tcp://dco-node141-10g:5083
1456864495877	<INFO 7fcf17fff700> SLIPSTORE::COMM Listening at tcp://ens1f0:5059
1456864495879	<INFO 7fcf17fff700> SLIPSTORE::COMM Connecting to tcp://dco-node142-10g:5101
1456864495882	<INFO 7fcf17fff700> SLIPSTORE::COMM Listening at tcp://ens1f0:5060
1456864495884	<INFO 7fcf17fff700> SLIPSTORE::COMM Connecting to tcp://dco-node143-10g:5119
1456864495886	<INFO 7fcf17fff700> SLIPSTORE::COMM Listening at tcp://ens1f0:5061
1456864495889	<INFO 7fcf17fff700> SLIPSTORE::COMM Connecting to tcp://dco-node144-10g:5137
1456864498013	<INFO 7fed367f3740> SLIPSTORE::CHECKPOINTS NONE FOUND
1456864985929	<INFO 7fed367f3740> 2016-03-01 21:43:05 Completed init
1456865214249	<INFO 7fed367f3740> 2016-03-01 21:46:54 Completed phase 1 Bytes read 54983940324 Bytes written 29214136548
1456865876089	<INFO 7fed367f3740> 2016-03-01 21:57:56 Completed phase 2 Bytes read 85808689608 Bytes written 51437280180
1456866655835	<INFO 7fed367f3740> 2016-03-01 22:10:55 Completed phase 3 Bytes read 134024744316 Bytes written 71859176524
1456867454070	<INFO 7fed367f3740> 2016-03-01 22:24:14 Completed phase 4 Bytes read 182050164472 Bytes written 92385071604
1456868268022	<INFO 7fed367f3740> 2016-03-01 22:37:48 Completed phase 5 Bytes read 230179583364 Bytes written 113147270372
1456869077064	<INFO 7fed367f3740> 2016-03-01 22:51:17 Completed phase 6 Bytes read 278545305944 Bytes written 133688936948
1456869880434	<INFO 7fed367f3740> 2016-03-01 23:04:40 Completed phase 7 Bytes read 326690496332 Bytes written 154061722012
1456869880436	<INFO 7fed367f3740> CORE::PARTITIONS_PROCESSED 910
1456869880438	<INFO 7fed367f3740> CORE::BYTES::EDGES_STREAMED 6046182756
1456869880441	<INFO 7fed367f3740> CORE::BYTES::UPDATES_OUT 3477899040
1456869880443	<INFO 7fed367f3740> CORE::BYTES::UPDATES_IN 2855939344
1456869880446	<INFO 7fcf157fa700> CORE::PARTITIONS_PROCESSED 2032
1456869880448	<INFO 7fcf157fa700> CORE::BYTES::EDGES_STREAMED 7533189168
1456869880450	<INFO 7fcf157fa700> CORE::BYTES::UPDATES_OUT 4294889416
1456869880453	<INFO 7fcf157fa700> CORE::BYTES::UPDATES_IN 3569299688
1456869880455	<INFO 7fcf0f7fe700> CORE::PARTITIONS_PROCESSED 3187
1456869880457	<INFO 7fcf0f7fe700> CORE::BYTES::EDGES_STREAMED 14591096484
1456869880459	<INFO 7fcf0f7fe700> CORE::BYTES::UPDATES_OUT 8441727072
1456869880461	<INFO 7fcf0f7fe700> CORE::BYTES::UPDATES_IN 5859394848
1456869880464	<INFO 7fcf16ffd700> CORE::PARTITIONS_PROCESSED 2134
1456869880466	<INFO 7fcf15ffb700> CORE::PARTITIONS_PROCESSED 2883
1456869880468	<INFO 7fcf0ffff700> CORE::PARTITIONS_PROCESSED 2611
1456869880471	<INFO 7fcf14ff9700> CORE::PARTITIONS_PROCESSED 2612
1456869880473	<INFO 7fcf16ffd700> CORE::BYTES::EDGES_STREAMED 6823710504
1456869880475	<INFO 7fcf15ffb700> CORE::BYTES::EDGES_STREAMED 7822235616
1456869880477	<INFO 7fcf167fc700> CORE::PARTITIONS_PROCESSED 2191
1456869880480	<INFO 7fcf15ffb700> CORE::BYTES::UPDATES_OUT 4387674760
1456869880482	<INFO 7fcf16ffd700> CORE::BYTES::UPDATES_OUT 3885473024
1456869880484	<INFO 7fcf15ffb700> CORE::BYTES::UPDATES_IN 3820074712
1456869880487	<INFO 7fcf167fc700> CORE::BYTES::EDGES_STREAMED 6609883560
1456869880489	<INFO 7fcf16ffd700> CORE::BYTES::UPDATES_IN 3377136080
1456869880491	<INFO 7fcf0ffff700> CORE::BYTES::EDGES_STREAMED 6820245744
1456869880493	<INFO 7fcf14ff9700> CORE::BYTES::EDGES_STREAMED 6929626344
1456869880496	<INFO 7fcf167fc700> CORE::BYTES::UPDATES_OUT 3757131144
1456869880498	<INFO 7fcf0ffff700> CORE::BYTES::UPDATES_OUT 3906144568
1456869880500	<INFO 7fcf14ff9700> CORE::BYTES::UPDATES_OUT 3949729648
1456869880503	<INFO 7fcf167fc700> CORE::BYTES::UPDATES_IN 3368109304
1456869880505	<INFO 7fcf0ffff700> CORE::BYTES::UPDATES_IN 3597383384
1456869880507	<INFO 7fcf14ff9700> CORE::BYTES::UPDATES_IN 3635785760
1456869880509	<INFO 7fcf17fff700> SLIPSTORE service is exiting
1456869880512	<INFO 7fcf17fff700> SLIPSTORE::HELP_OFFERS_RECVD 98
1456869880514	<INFO 7fcf17fff700> SLIPSTORE::HELP_OFFERS_ACCEPTED 0
1456869880517	<INFO 7fcf17fff700> SLIPSTORE::HELP_ACCEPTANCE_RATIO 0
1456869880519	<INFO 7fcf17fff700> SLIPSTORE::SERVER_BUSY_DISK  3236.8 seconds
1456869880521	<INFO 7fcf17fff700> SLIPSTORE::SERVER_BUSY_MEM  0 seconds
1456869880524	<INFO 7fcf17fff700> SLIPSTORE::SERVER_TOTAL  5384.79 seconds
1456869880526	<INFO 7fed367f3740> SLIPSTORE::CLIENT::DISK_READ_TIME  1289.02 seconds
1456869880528	<INFO 7fed367f3740> SLIPSTORE::CLIENT::MEM_READ_TIME  0 seconds
1456869880531	<INFO 7fed367f3740> SLIPSTORE::CLIENT::DISK_BYTES_READ 150729622616
1456869880533	<INFO 7fed367f3740> SLIPSTORE::CLIENT::MEM_BYTES_READ 0
1456869880535	<INFO 7fed367f3740> SLIPSTORE::CLIENT::WRITE_TIME  851.736 seconds
1456869880538	<INFO 7fed367f3740> SLIPSTORE::CLIENT::BYTES_WRITTEN 24159191040
1456869880540	<INFO 7fed367f3740> SLIPSTORE::CLIENT_BUSY  2140.75 seconds
1456869880542	<INFO 7fed367f3740> SLIPSTORE::IO::TIME 2527.84 seconds
1456869880545	<INFO 7fed367f3740> SLIPSTORE::SNAP::TIME 0 seconds
1456869880547	<INFO 7fed367f3740> SLIPSTORE::MAX_DISK_USAGE_BYTES 45144497108
1456869881594	<INFO 7fed367f3740> CORE::RUSAGE::MAX_RSS_KB 125954756
1456869881598	<INFO 7fed367f3740> CORE::RUSAGE::MINFLT 34966380
1456869881602	<INFO 7fed367f3740> CORE::RUSAGE::MAJFLT 6
1456869881606	<INFO 7fed367f3740> CORE::RUSAGE::MAJFLT 6
1456869881609	<INFO 7fed367f3740> CORE::RUSAGE::INBLK 601916888
1456869881613	<INFO 7fed367f3740> CORE::RUSAGE::OUBLK 300917680
1456869881616	<INFO 7fed367f3740> CORE::UTILS::BYTES_READ 326690496332
1456869881621	<INFO 7fed367f3740> CORE::UTILS::BYTES_WRITTEN 154061722012
1456869881624	<INFO 7fed367f3740> CORE::UTILS::TILE_COPY_BYTES 32212254720
1456869881628	<INFO 7fed367f3740> CORE::TIME::IO_WAIT 1997.04 seconds
1456869881632	<INFO 7fed367f3740> CORE::TIME_TILE_COPY 0 seconds
1456869881635	<INFO 7fed367f3740> CORE::TIME_TILE_MERGE 0 seconds
1456869881639	<INFO 7fed367f3740> CORE::TIME_PROCESSING_STOLEN 0 seconds
1456869881643	<INFO 7fed367f3740> CORE::TIME_MERGE_WAIT 0 seconds
1456869881647	<INFO 7fed367f3740> CORE::TIME_ALL_MC_BARRIER 2710.66 seconds
1456869881650	<INFO 7fed367f3740> CORE::PHASES 7
1456869881654	<INFO 7fed367f3740> CORE::TIME::SETUP 5.343 seconds
1456869881657	<INFO 7fed367f3740> CORE::TIME::WALL 5387.77 seconds
1456869881662	<INFO 7fed367f3740> SHUTDOWN
