1461688490496	<INFO 7fb2bcbe0740> 2016-04-26 18:34:50 STARTUP
1461688490500	<INFO 7fb2bcbe0740> CORE::GRAPH rmat-28-und_s8
1461688490504	<INFO 7fb2bcbe0740> CORE::ALGORITHM bfs
1461688490507	<INFO 7fb2bcbe0740> CORE::VERTEX_STRIPING OFF
1461688490511	<INFO 7fb2bcbe0740> CORE::OPTIMIZED_STATE_LOAD_STORE OFF
1461688490515	<INFO 7fb2bcbe0740> CORE::BINARY_SEARCH_SUPER_PARTITION ON
1461688490519	<INFO 7fb2bcbe0740> CORE::SUPER_PARTITION_COMPUTED_FOR_EACH_SCATTER_GATHER_PHASE
1461688490522	<INFO 7fb2bcbe0740> CORE::EDGE_STRIPING ON
1461688490526	<INFO 7fb2bcbe0740> CORE::BATCH IO ON
1461688490530	<INFO 7fb2bcbe0740> 2016-04-26 18:34:50 Blocking memory amount 126701535232
1461688595782	<INFO 7fb2bcbe0740> 2016-04-26 18:36:35 Done blocking memory
1461688595787	<INFO 7fb2bcbe0740> SG-DRIVER-ORIGINAL
1461688595790	<INFO 7fb2bcbe0740> 2016-04-26 18:36:35 START read config parameters
1461688595794	<INFO 7fb2bcbe0740> PARTITIONING::OLD 0
1461688595797	<INFO 7fb2bcbe0740> PARTITIONING::BALANCED_PARTITIONS 0
1461688595801	<INFO 7fb2bcbe0740> CORE::CONFIG::PROCESSORS 8
1461688595805	<INFO 7fb2bcbe0740> CORE::CONFIG::PHYSICAL_MEMORY 2147483648
1461688595809	<INFO 7fb2bcbe0740> CORE::CONFIG::VERTICES 268435456
1461688595812	<INFO 7fb2bcbe0740> CORE::CONFIG::VERTEX_SIZE 8
1461688595816	<INFO 7fb2bcbe0740> CORE::CONFIG::VERTEX_BUFFER 922066808
1461688595820	<INFO 7fb2bcbe0740> CORE::CONFIG::EDGES 1073741824
1461688595824	<INFO 7fb2bcbe0740> CORE::CONFIG::PARTITIONS 64
1461688595827	<INFO 7fb2bcbe0740> CORE::CONFIG::FANOUT 64
1461688595831	<INFO 7fb2bcbe0740> CORE::CONFIG::SUPER_PARTITIONS 8
1461688595835	<INFO 7fb2bcbe0740> CORE::CONFIG::TILES 1
1461688595838	<INFO 7fb2bcbe0740> CORE::CONFIG::BUFFER_SIZE 245082241
1461688595842	<INFO 7fb2bcbe0740> CORE::CONFIG::MAX_BUFFERS 4
1461688595846	<INFO 7fb2bcbe0740> CORE::CONFIG::MAX_STREAMS 4
1461688595849	<INFO 7fb2bcbe0740> CORE::CONFIG::SUM_OF_OUT_DEGREES_FOR_NEW_PARTITIONS::FIRST_CONSTRAINT 0
1461688595853	<INFO 7fb2bcbe0740> CORE::CONFIG::MAX_EDGES_PER_NEW_PARTITION::SECOND_CONSTRAINT 0
1461688595857	<INFO 7fb2bcbe0740> SLIPSTREAM::EXT_MEM_SHUFFLE OFF
1461688595860	<INFO 7fb2bcbe0740> 2016-04-26 18:36:35 END read config parameters
1461688597539	<WARNING 7fb2bcbe0740> Unable to unlink file (stream.0.0.0):No such file or directory
1461688597542	<WARNING 7fb2bcbe0740> Unable to unlink file (stream.0.1.0):No such file or directory
1461688597546	<WARNING 7fb2bcbe0740> Unable to unlink file (stream.0.2.0):No such file or directory
1461688597550	<WARNING 7fb2bcbe0740> Unable to unlink file (stream.0.3.0):No such file or directory
1461688597554	<WARNING 7fb2bcbe0740> Unable to unlink file (stream.0.4.0):No such file or directory
1461688597558	<WARNING 7fb2bcbe0740> Unable to unlink file (stream.0.5.0):No such file or directory
1461688597562	<WARNING 7fb2bcbe0740> Unable to unlink file (stream.0.6.0):No such file or directory
1461688597566	<WARNING 7fb2bcbe0740> Unable to unlink file (stream.0.7.0):No such file or directory
1461688597570	<WARNING 7fb2bcbe0740> Unable to unlink file (stream.1.1.0):No such file or directory
1461688597575	<WARNING 7fb2bcbe0740> Unable to unlink file (stream.1.2.0):No such file or directory
1461688597579	<WARNING 7fb2bcbe0740> Unable to unlink file (stream.1.3.0):No such file or directory
1461688597583	<WARNING 7fb2bcbe0740> Unable to unlink file (stream.1.4.0):No such file or directory
1461688597587	<WARNING 7fb2bcbe0740> Unable to unlink file (stream.1.5.0):No such file or directory
1461688597591	<WARNING 7fb2bcbe0740> Unable to unlink file (stream.1.6.0):No such file or directory
1461688597595	<WARNING 7fb2bcbe0740> Unable to unlink file (stream.1.7.0):No such file or directory
1461688597599	<WARNING 7fb2bcbe0740> Unable to unlink file (stream.2.0.0):No such file or directory
1461688597603	<WARNING 7fb2bcbe0740> Unable to unlink file (stream.2.1.0):No such file or directory
1461688597607	<WARNING 7fb2bcbe0740> Unable to unlink file (stream.2.2.0):No such file or directory
1461688597611	<WARNING 7fb2bcbe0740> Unable to unlink file (stream.2.3.0):No such file or directory
1461688597614	<WARNING 7fb2bcbe0740> Unable to unlink file (stream.2.4.0):No such file or directory
1461688597618	<WARNING 7fb2bcbe0740> Unable to unlink file (stream.2.5.0):No such file or directory
1461688597622	<WARNING 7fb2bcbe0740> Unable to unlink file (stream.2.6.0):No such file or directory
1461688597626	<WARNING 7fb2bcbe0740> Unable to unlink file (stream.2.7.0):No such file or directory
1461688597630	<WARNING 7fb2bcbe0740> Unable to unlink file (stream.3.0.0):No such file or directory
1461688597634	<WARNING 7fb2bcbe0740> Unable to unlink file (stream.3.1.0):No such file or directory
1461688597638	<WARNING 7fb2bcbe0740> Unable to unlink file (stream.3.2.0):No such file or directory
1461688597641	<WARNING 7fb2bcbe0740> Unable to unlink file (stream.3.3.0):No such file or directory
1461688597645	<WARNING 7fb2bcbe0740> Unable to unlink file (stream.3.4.0):No such file or directory
1461688597649	<WARNING 7fb2bcbe0740> Unable to unlink file (stream.3.5.0):No such file or directory
1461688597653	<WARNING 7fb2bcbe0740> Unable to unlink file (stream.3.6.0):No such file or directory
1461688597657	<WARNING 7fb2bcbe0740> Unable to unlink file (stream.3.7.0):No such file or directory
1461688597660	<INFO 7fb2bcbe0740> SLIPSTORE::ZMQ_THREADS 2
1461688597663	<INFO 7fb2bcbe0740> SLIPSTORE::COMM Connecting to tcp://dco-node137-10g:5016
1461688597666	<INFO 7fb2bcbe0740> SLIPSTORE::COMM Connecting to tcp://dco-node138-10g:5034
1461688597671	<INFO 7fb2bcbe0740> SLIPSTORE::COMM Connecting to tcp://dco-node139-10g:5052
1461688597674	<INFO 7fb2bcbe0740> SLIPSTORE::COMM Connecting to tcp://dco-node140-10g:5070
1461688597678	<INFO 7fb2bcbe0740> SLIPSTORE::COMM Connecting to tcp://dco-node141-10g:5088
1461688597681	<INFO 7fb2bcbe0740> SLIPSTORE::COMM Connecting to tcp://dco-node142-10g:5106
1461688597684	<INFO 7fb2bcbe0740> SLIPSTORE::COMM Connecting to tcp://dco-node143-10g:5124
1461688597688	<INFO 7fb2bcbe0740> SLIPSTORE::COMM Connecting to tcp://dco-node144-10g:5142
1461688597692	<INFO 7fb2bcbe0740> SLIPSTORE::COMM Listening at tcp://ens1f0:5026
1461688597696	<INFO 7fb2bcbe0740> SLIPSTORE::COMM Listening at ipc://client
1461688597699	<INFO 7fb2bcbe0740> SLIPSTORE::COMM Listening at tcp://ens1f0:5028
1461688597703	<INFO 7fb2bcbe0740> SLIPSTORE::COMM Listening at tcp://ens1f0:5029
1461688597706	<INFO 7fb2bcbe0740> SLIPSTORE::COMM Listening at tcp://ens1f0:5030
1461688597710	<INFO 7fb2bcbe0740> SLIPSTORE::COMM Listening at tcp://ens1f0:5031
1461688597713	<INFO 7fb2bcbe0740> SLIPSTORE::COMM Listening at tcp://ens1f0:5032
1461688597716	<INFO 7fb2bcbe0740> SLIPSTORE::COMM Listening at tcp://ens1f0:5033
1461688597720	<INFO 7fb2bcbe0740> SLIPSTORE::COMM Connecting to tcp://dco-node137-10g:5016
1461688597723	<INFO 7fb2bcbe0740> SLIPSTORE::COMM Connecting to tcp://dco-node138-10g:5034
1461688597727	<INFO 7fb2bcbe0740> SLIPSTORE::COMM Connecting to tcp://dco-node139-10g:5052
1461688597731	<INFO 7fb2bcbe0740> SLIPSTORE::COMM Connecting to tcp://dco-node140-10g:5070
1461688597733	<INFO 7fb2bcbe0740> SLIPSTORE::COMM Connecting to tcp://dco-node141-10g:5088
1461688597737	<INFO 7fb2bcbe0740> SLIPSTORE::COMM Connecting to tcp://dco-node142-10g:5106
1461688597740	<INFO 7fb2bcbe0740> SLIPSTORE::COMM Connecting to tcp://dco-node143-10g:5124
1461688597743	<INFO 7fb2bcbe0740> SLIPSTORE::COMM Connecting to tcp://dco-node144-10g:5142
1461688597747	<INFO 7fb2bcbe0740> SLIPSTORE::COMM Connecting to tcp://dco-node137-10g:5001
1461688597749	<INFO 7fb2bcbe0740> SLIPSTORE::COMM Connecting to ipc://server
1461688597752	<INFO 7fb2bcbe0740> SLIPSTORE::COMM Connecting to tcp://dco-node139-10g:5037
1461688597754	<INFO 7fb2bcbe0740> SLIPSTORE::COMM Connecting to tcp://dco-node140-10g:5055
1461688597757	<INFO 7fb2bcbe0740> SLIPSTORE::COMM Connecting to tcp://dco-node141-10g:5073
1461688597760	<INFO 7fb2bcbe0740> SLIPSTORE::COMM Connecting to tcp://dco-node142-10g:5091
1461688597763	<INFO 7fb2bcbe0740> SLIPSTORE::COMM Connecting to tcp://dco-node143-10g:5109
1461688597766	<INFO 7fb2bcbe0740> SLIPSTORE::COMM Connecting to tcp://dco-node144-10g:5127
1461688597768	<INFO 7fb2bcbe0740> SLIPSTORE::COMM Connecting to tcp://dco-node139-10g:5053
1461688597771	<INFO 7fb2bcbe0740> SLIPSTORE::COMM Listening at tcp://ens1f0:5035
1461688597773	<INFO 7fb2bcbe0740> SLIPSTORE::COMM Connecting to tcp://dco-node138-10g:5034
1461688597776	<INFO 7fb2bcbe0740> SLIPSTORE::HELP_POLICY NONE
1461688597779	<INFO 7fb2bcbe0740> SLIPSTORE::SERVER ASYNC
1461688597781	<INFO 7fb2bcbe0740> SLIPSTORE::MACHINES 8
1461688597785	<INFO 7fb2bcbe0740> SLIPSTORE::ME 1
1461688597788	<INFO 7fb2bcbe0740> SLIPSTORE::SLIPCHUNK 4194304
1461688597790	<INFO 7fb2bcbe0740> SLIPSTORE::QUOTA 18446744073709551615
1461688597793	<INFO 7fb2bcbe0740> SLIPSTORE::IO PAGECACHE
1461688597797	<INFO 7f94a27f9700> SLIPSTORE::COMM Listening at tcp://ens1f0:5034
1461688597800	<INFO 7f94a27f9700> SLIPSTORE::COMM Listening at tcp://ens1f0:5018
1461688597804	<INFO 7f94a27f9700> SLIPSTORE::COMM Connecting to tcp://dco-node137-10g:5009
1461688597808	<INFO 7f94a27f9700> SLIPSTORE::COMM Listening at ipc://server
1461688597810	<INFO 7f94a27f9700> SLIPSTORE::COMM Connecting to ipc://client
1461688597813	<INFO 7f94a27f9700> SLIPSTORE::COMM Listening at tcp://ens1f0:5020
1461688597817	<INFO 7f94a27f9700> SLIPSTORE::COMM Connecting to tcp://dco-node139-10g:5045
1461688597819	<INFO 7f94a27f9700> SLIPSTORE::COMM Listening at tcp://ens1f0:5021
1461688597822	<INFO 7f94a27f9700> SLIPSTORE::COMM Connecting to tcp://dco-node140-10g:5063
1461688597825	<INFO 7f94a27f9700> SLIPSTORE::COMM Listening at tcp://ens1f0:5022
1461688597828	<INFO 7f94a27f9700> SLIPSTORE::COMM Connecting to tcp://dco-node141-10g:5081
1461688597831	<INFO 7f94a27f9700> SLIPSTORE::COMM Listening at tcp://ens1f0:5023
1461688597833	<INFO 7f94a27f9700> SLIPSTORE::COMM Connecting to tcp://dco-node142-10g:5099
1461688597837	<INFO 7f94a27f9700> SLIPSTORE::COMM Listening at tcp://ens1f0:5024
1461688597840	<INFO 7f94a27f9700> SLIPSTORE::COMM Connecting to tcp://dco-node143-10g:5117
1461688597842	<INFO 7f94a27f9700> SLIPSTORE::COMM Listening at tcp://ens1f0:5025
1461688597845	<INFO 7f94a27f9700> SLIPSTORE::COMM Connecting to tcp://dco-node144-10g:5135
1461688600711	<INFO 7fb2bcbe0740> SLIPSTORE::CHECKPOINTS NONE FOUND
1461688600713	<INFO 7fb2bcbe0740> 2016-04-26 18:36:40 Start edge split
1461688705278	<INFO 7fb2bcbe0740> 2016-04-26 18:38:25 Completed init
1461688709491	<INFO 7fb2bcbe0740> 2016-04-26 18:38:29 Started gather
1461688709761	<INFO 7fb2bcbe0740> 2016-04-26 18:38:29 Completed gather
1461688715131	<INFO 7fb2bcbe0740> 2016-04-26 18:38:35 Started scatter
1461688776740	<INFO 7fb2bcbe0740> 2016-04-26 18:39:36 Completed scatter
1461688779548	<INFO 7fb2bcbe0740> 2016-04-26 18:39:39 Completed phase 1 Bytes read 25912127612 Bytes written 13031172916
1461688779568	<INFO 7fb2bcbe0740> 2016-04-26 18:39:39 Started gather
1461688780959	<INFO 7fb2bcbe0740> 2016-04-26 18:39:40 Completed gather
1461688802586	<INFO 7fb2bcbe0740> 2016-04-26 18:40:02 Started scatter
1461688883913	<INFO 7fb2bcbe0740> 2016-04-26 18:41:23 Completed scatter
1461688885172	<INFO 7fb2bcbe0740> 2016-04-26 18:41:25 Completed phase 2 Bytes read 38943300528 Bytes written 17756973236
1461688885195	<INFO 7fb2bcbe0740> 2016-04-26 18:41:25 Started gather
1461688911684	<INFO 7fb2bcbe0740> 2016-04-26 18:41:51 Completed gather
1461689141774	<INFO 7fb2bcbe0740> 2016-04-26 18:45:41 Started scatter
1461689218695	<INFO 7fb2bcbe0740> 2016-04-26 18:46:58 Completed scatter
1461689221241	<INFO 7fb2bcbe0740> 2016-04-26 18:47:01 Completed phase 3 Bytes read 56638662380 Bytes written 21718069588
1461689221264	<INFO 7fb2bcbe0740> 2016-04-26 18:47:01 Started gather
1461689242594	<INFO 7fb2bcbe0740> 2016-04-26 18:47:22 Completed gather
1461689436332	<INFO 7fb2bcbe0740> 2016-04-26 18:50:36 Started scatter
1461689498778	<INFO 7fb2bcbe0740> 2016-04-26 18:51:38 Completed scatter
1461689499483	<INFO 7fb2bcbe0740> 2016-04-26 18:51:39 Completed phase 4 Bytes read 73569320264 Bytes written 21796769476
1461689499508	<INFO 7fb2bcbe0740> 2016-04-26 18:51:39 Started gather
1461689500359	<INFO 7fb2bcbe0740> 2016-04-26 18:51:40 Completed gather
1461689542368	<INFO 7fb2bcbe0740> 2016-04-26 18:52:22 Started scatter
1461689603720	<INFO 7fb2bcbe0740> 2016-04-26 18:53:23 Completed scatter
1461689605107	<INFO 7fb2bcbe0740> 2016-04-26 18:53:25 Completed phase 5 Bytes read 86617581684 Bytes written 21854482612
1461689605130	<INFO 7fb2bcbe0740> 2016-04-26 18:53:25 Started gather
1461689606041	<INFO 7fb2bcbe0740> 2016-04-26 18:53:26 Completed gather
1461689628176	<INFO 7fb2bcbe0740> 2016-04-26 18:53:48 Started scatter
1461689690104	<INFO 7fb2bcbe0740> 2016-04-26 18:54:50 Completed scatter
1461689690752	<INFO 7fb2bcbe0740> 2016-04-26 18:54:50 Completed phase 6 Bytes read 99644856352 Bytes written 21912146924
1461689690776	<INFO 7fb2bcbe0740> 2016-04-26 18:54:50 Started gather
1461689691436	<INFO 7fb2bcbe0740> 2016-04-26 18:54:51 Completed gather
1461689702455	<INFO 7fb2bcbe0740> 2016-04-26 18:55:02 Started scatter
1461689764471	<INFO 7fb2bcbe0740> 2016-04-26 18:56:04 Completed scatter
1461689765844	<INFO 7fb2bcbe0740> 2016-04-26 18:56:05 Completed phase 7 Bytes read 112672082196 Bytes written 21969811116
1461689765846	<INFO 7fb2bcbe0740> ALGORITHM::BFS::VERTICES_DISCOVERED 5551983
1461689765848	<INFO 7fb2bcbe0740> ALGORITHM::BFS::EDGES_EXPLORED 1091549354
1461689765851	<INFO 7fb2bcbe0740> CORE::PARTITIONS_PROCESSED 205
1461689765853	<INFO 7fb2bcbe0740> CORE::BYTES::EDGES_STREAMED 11039866596
1461689765856	<INFO 7fb2bcbe0740> CORE::BYTES::UPDATES_OUT 1042692576
1461689765858	<INFO 7fb2bcbe0740> CORE::BYTES::UPDATES_IN 1074383328
1461689765860	<INFO 7f949bfff700> CORE::PARTITIONS_PROCESSED 312
1461689765863	<INFO 7f949bfff700> CORE::BYTES::EDGES_STREAMED 9439122852
1461689765865	<INFO 7f949bfff700> CORE::BYTES::UPDATES_OUT 897398640
1461689765867	<INFO 7f949bfff700> CORE::BYTES::UPDATES_IN 913491944
1461689765869	<INFO 7f949affd700> CORE::PARTITIONS_PROCESSED 345
1461689765872	<INFO 7f949a7fc700> CORE::PARTITIONS_PROCESSED 467
1461689765874	<INFO 7f94a17f7700> CORE::PARTITIONS_PROCESSED 204
1461689765876	<INFO 7f94a0ff6700> CORE::PARTITIONS_PROCESSED 451
1461689765878	<INFO 7f9499ffb700> CORE::PARTITIONS_PROCESSED 192
1461689765880	<INFO 7f949a7fc700> CORE::BYTES::EDGES_STREAMED 11016855600
1461689765883	<INFO 7f949affd700> CORE::BYTES::EDGES_STREAMED 12876224316
1461689765885	<INFO 7f949b7fe700> CORE::PARTITIONS_PROCESSED 389
1461689765887	<INFO 7f94a17f7700> CORE::BYTES::EDGES_STREAMED 11435168832
1461689765889	<INFO 7f94a17f7700> CORE::BYTES::UPDATES_OUT 1087801880
1461689765891	<INFO 7f949b7fe700> CORE::BYTES::EDGES_STREAMED 14837569704
1461689765894	<INFO 7f94a0ff6700> CORE::BYTES::EDGES_STREAMED 9318508188
1461689765896	<INFO 7f949affd700> CORE::BYTES::UPDATES_OUT 1213545304
1461689765898	<INFO 7f9499ffb700> CORE::BYTES::EDGES_STREAMED 11726988828
1461689765900	<INFO 7f949a7fc700> CORE::BYTES::UPDATES_OUT 935601424
1461689765902	<INFO 7f94a17f7700> CORE::BYTES::UPDATES_IN 1087371872
1461689765905	<INFO 7f949affd700> CORE::BYTES::UPDATES_IN 1194657840
1461689765907	<INFO 7f949b7fe700> CORE::BYTES::UPDATES_OUT 1395203240
1461689765909	<INFO 7f9499ffb700> CORE::BYTES::UPDATES_OUT 1263839224
1461689765911	<INFO 7f949b7fe700> CORE::BYTES::UPDATES_IN 1708716416
1461689765913	<INFO 7f949a7fc700> CORE::BYTES::UPDATES_IN 877241800
1461689765916	<INFO 7f9499ffb700> CORE::BYTES::UPDATES_IN 994661688
1461689765918	<INFO 7f94a0ff6700> CORE::BYTES::UPDATES_OUT 896312544
1461689765920	<INFO 7f94a0ff6700> CORE::BYTES::UPDATES_IN 881869944
1461689765922	<INFO 7f94a27f9700> SLIPSTORE service is exiting
1461689765925	<INFO 7f94a27f9700> SLIPSTORE::HELP_OFFERS_RECVD 98
1461689765927	<INFO 7f94a27f9700> SLIPSTORE::HELP_OFFERS_ACCEPTED 0
1461689765929	<INFO 7f94a27f9700> SLIPSTORE::HELP_ACCEPTANCE_RATIO 0
1461689765931	<INFO 7f94a27f9700> SLIPSTORE::SERVER_BUSY_DISK  558.805 seconds
1461689765933	<INFO 7f94a27f9700> SLIPSTORE::SERVER_BUSY_MEM  0 seconds
1461689765936	<INFO 7f94a27f9700> SLIPSTORE::SERVER_TOTAL  1168.28 seconds
1461689765938	<INFO 7fb2bcbe0740> SLIPSTORE::CLIENT::DISK_READ_TIME  495.883 seconds
1461689765940	<INFO 7fb2bcbe0740> SLIPSTORE::CLIENT::MEM_READ_TIME  0 seconds
1461689765942	<INFO 7fb2bcbe0740> SLIPSTORE::CLIENT::DISK_BYTES_READ 114131665236
1461689765945	<INFO 7fb2bcbe0740> SLIPSTORE::CLIENT::MEM_BYTES_READ 0
1461689765947	<INFO 7fb2bcbe0740> SLIPSTORE::CLIENT::WRITE_TIME  130.671 seconds
1461689765949	<INFO 7fb2bcbe0740> SLIPSTORE::CLIENT::BYTES_WRITTEN 461313536
1461689765952	<INFO 7fb2bcbe0740> SLIPSTORE::CLIENT_BUSY  626.554 seconds
1461689765954	<INFO 7fb2bcbe0740> SLIPSTORE::IO::TIME 491.736 seconds
1461689765956	<INFO 7fb2bcbe0740> SLIPSTORE::SNAP::TIME 0 seconds
1461689765958	<INFO 7fb2bcbe0740> SLIPSTORE::MAX_DISK_USAGE_BYTES 17637697660
1461689765960	<INFO 7fb2bcbe0740> CORE::RUSAGE::MAX_RSS_KB 125953112
1461689765963	<INFO 7fb2bcbe0740> CORE::RUSAGE::MINFLT 41084988
1461689765965	<INFO 7fb2bcbe0740> CORE::RUSAGE::MAJFLT 7
1461689765967	<INFO 7fb2bcbe0740> CORE::RUSAGE::MAJFLT 7
1461689765969	<INFO 7fb2bcbe0740> CORE::RUSAGE::INBLK 217784520
1461689765971	<INFO 7fb2bcbe0740> CORE::RUSAGE::OUBLK 42910960
1461689765974	<INFO 7fb2bcbe0740> CORE::UTILS::BYTES_READ 112672082196
1461689765976	<INFO 7fb2bcbe0740> CORE::UTILS::BYTES_WRITTEN 21969811116
1461689765978	<INFO 7fb2bcbe0740> CORE::UTILS::TILE_COPY_BYTES 807298688
1461689765980	<INFO 7fb2bcbe0740> CORE::TIME::IO_WAIT 476.749 seconds
1461689765983	<INFO 7fb2bcbe0740> CORE::TIME_TILE_COPY 0 seconds
1461689765985	<INFO 7fb2bcbe0740> CORE::TIME_TILE_MERGE 0 seconds
1461689765987	<INFO 7fb2bcbe0740> CORE::TIME_PROCESSING_STOLEN 0 seconds
1461689765990	<INFO 7fb2bcbe0740> CORE::TIME_MERGE_WAIT 0 seconds
1461689765992	<INFO 7fb2bcbe0740> CORE::OTHER_TIME_ALL_MC_BARRIER 0 seconds
1461689765994	<INFO 7fb2bcbe0740> CORE::SCATTER_TIME_ALL_MC_BARRIER 9.73777 seconds
1461689765997	<INFO 7fb2bcbe0740> CORE::GATHER_TIME_ALL_MC_BARRIER 0.021543 seconds
1461689765999	<INFO 7fb2bcbe0740> CORE::INIT_TIME_ALL_MC_BARRIER 3.44977 seconds
1461689766002	<INFO 7fb2bcbe0740> CORE::SHUT_DOWN_TIME_ALL_MC_BARRIER 0.003187 seconds
1461689766004	<INFO 7fb2bcbe0740> CORE::STREAM_SKIP_BEFORE_TIME_ALL_MC_BARRIER 3.98271 seconds
1461689766006	<INFO 7fb2bcbe0740> CORE::TAKE_CHECKPOINT_BEFORE_TIME_ALL_MC_BARRIER 0 seconds
1461689766008	<INFO 7fb2bcbe0740> CORE::TAKE_CHECKPOINT_COMPLETE_TIME_ALL_MC_BARRIER 0 seconds
1461689766011	<INFO 7fb2bcbe0740> CORE::METADATA_WRITE_COMPLETE_TIME_ALL_MC_BARRIER 0 seconds
1461689766013	<INFO 7fb2bcbe0740> CORE::STREAM_EOF_BEFORE_TIME_ALL_MC_BARRIER 0 seconds
1461689766016	<INFO 7fb2bcbe0740> CORE::STREAM_EOF_AFTER_TIME_ALL_MC_BARRIER 0 seconds
1461689766018	<INFO 7fb2bcbe0740> CORE::STATE_LOAD_TIME_ALL_MC_BARRIER 0 seconds
1461689766021	<INFO 7fb2bcbe0740> CORE::STATE_STORE_TIME_ALL_MC_BARRIER 0 seconds
1461689766023	<INFO 7fb2bcbe0740> CORE::PHASES 7
1461689766026	<INFO 7fb2bcbe0740> CORE::TIME::SETUP 4.94097 seconds
1461689766028	<INFO 7fb2bcbe0740> CORE::TIME::STATE_ITER 0.239114 seconds
1461689766031	<INFO 7fb2bcbe0740> CORE::TIME::GATHER 581.842 seconds
1461689766034	<INFO 7fb2bcbe0740> CORE::TIME::SCATTER 478.211 seconds
1461689766036	<INFO 7fb2bcbe0740> CORE::TIME::WALL 1170.08 seconds
1461689766039	<INFO 7fb2bcbe0740> SHUTDOWN
