1461688490471	<INFO 7f92dedb8740> 2016-04-26 18:34:50 STARTUP
1461688490475	<INFO 7f92dedb8740> CORE::GRAPH rmat-28-und_s8
1461688490479	<INFO 7f92dedb8740> CORE::ALGORITHM bfs
1461688490482	<INFO 7f92dedb8740> CORE::VERTEX_STRIPING OFF
1461688490486	<INFO 7f92dedb8740> CORE::OPTIMIZED_STATE_LOAD_STORE OFF
1461688490490	<INFO 7f92dedb8740> CORE::BINARY_SEARCH_SUPER_PARTITION ON
1461688490494	<INFO 7f92dedb8740> CORE::SUPER_PARTITION_COMPUTED_FOR_EACH_SCATTER_GATHER_PHASE
1461688490497	<INFO 7f92dedb8740> CORE::EDGE_STRIPING ON
1461688490501	<INFO 7f92dedb8740> CORE::BATCH IO ON
1461688490505	<INFO 7f92dedb8740> 2016-04-26 18:34:50 Blocking memory amount 126701535232
1461688597939	<INFO 7f92dedb8740> 2016-04-26 18:36:37 Done blocking memory
1461688597943	<INFO 7f92dedb8740> SG-DRIVER-ORIGINAL
1461688597946	<INFO 7f92dedb8740> 2016-04-26 18:36:37 START read config parameters
1461688597950	<INFO 7f92dedb8740> PARTITIONING::OLD 0
1461688597953	<INFO 7f92dedb8740> PARTITIONING::BALANCED_PARTITIONS 0
1461688597956	<INFO 7f92dedb8740> CORE::CONFIG::PROCESSORS 8
1461688597960	<INFO 7f92dedb8740> CORE::CONFIG::PHYSICAL_MEMORY 2147483648
1461688597964	<INFO 7f92dedb8740> CORE::CONFIG::VERTICES 268435456
1461688597968	<INFO 7f92dedb8740> CORE::CONFIG::VERTEX_SIZE 8
1461688597972	<INFO 7f92dedb8740> CORE::CONFIG::VERTEX_BUFFER 922066808
1461688597976	<INFO 7f92dedb8740> CORE::CONFIG::EDGES 1073741824
1461688597979	<INFO 7f92dedb8740> CORE::CONFIG::PARTITIONS 64
1461688597983	<INFO 7f92dedb8740> CORE::CONFIG::FANOUT 64
1461688597987	<INFO 7f92dedb8740> CORE::CONFIG::SUPER_PARTITIONS 8
1461688597991	<INFO 7f92dedb8740> CORE::CONFIG::TILES 1
1461688597994	<INFO 7f92dedb8740> CORE::CONFIG::BUFFER_SIZE 245082241
1461688597998	<INFO 7f92dedb8740> CORE::CONFIG::MAX_BUFFERS 4
1461688598001	<INFO 7f92dedb8740> CORE::CONFIG::MAX_STREAMS 4
1461688598006	<INFO 7f92dedb8740> CORE::CONFIG::SUM_OF_OUT_DEGREES_FOR_NEW_PARTITIONS::FIRST_CONSTRAINT 0
1461688598009	<INFO 7f92dedb8740> CORE::CONFIG::MAX_EDGES_PER_NEW_PARTITION::SECOND_CONSTRAINT 0
1461688598012	<INFO 7f92dedb8740> SLIPSTREAM::EXT_MEM_SHUFFLE OFF
1461688598016	<INFO 7f92dedb8740> 2016-04-26 18:36:37 END read config parameters
1461688599743	<WARNING 7f92dedb8740> Unable to unlink file (stream.0.0.0):No such file or directory
1461688599747	<WARNING 7f92dedb8740> Unable to unlink file (stream.0.1.0):No such file or directory
1461688599751	<WARNING 7f92dedb8740> Unable to unlink file (stream.0.2.0):No such file or directory
1461688599755	<WARNING 7f92dedb8740> Unable to unlink file (stream.0.3.0):No such file or directory
1461688599759	<WARNING 7f92dedb8740> Unable to unlink file (stream.0.4.0):No such file or directory
1461688599763	<WARNING 7f92dedb8740> Unable to unlink file (stream.0.5.0):No such file or directory
1461688599768	<WARNING 7f92dedb8740> Unable to unlink file (stream.0.6.0):No such file or directory
1461688599772	<WARNING 7f92dedb8740> Unable to unlink file (stream.0.7.0):No such file or directory
1461688599777	<WARNING 7f92dedb8740> Unable to unlink file (stream.1.1.0):No such file or directory
1461688599781	<WARNING 7f92dedb8740> Unable to unlink file (stream.1.2.0):No such file or directory
1461688599785	<WARNING 7f92dedb8740> Unable to unlink file (stream.1.3.0):No such file or directory
1461688599789	<WARNING 7f92dedb8740> Unable to unlink file (stream.1.4.0):No such file or directory
1461688599793	<WARNING 7f92dedb8740> Unable to unlink file (stream.1.5.0):No such file or directory
1461688599797	<WARNING 7f92dedb8740> Unable to unlink file (stream.1.6.0):No such file or directory
1461688599800	<WARNING 7f92dedb8740> Unable to unlink file (stream.1.7.0):No such file or directory
1461688599804	<WARNING 7f92dedb8740> Unable to unlink file (stream.2.0.0):No such file or directory
1461688599808	<WARNING 7f92dedb8740> Unable to unlink file (stream.2.1.0):No such file or directory
1461688599811	<WARNING 7f92dedb8740> Unable to unlink file (stream.2.2.0):No such file or directory
1461688599815	<WARNING 7f92dedb8740> Unable to unlink file (stream.2.3.0):No such file or directory
1461688599818	<WARNING 7f92dedb8740> Unable to unlink file (stream.2.4.0):No such file or directory
1461688599821	<WARNING 7f92dedb8740> Unable to unlink file (stream.2.5.0):No such file or directory
1461688599825	<WARNING 7f92dedb8740> Unable to unlink file (stream.2.6.0):No such file or directory
1461688599828	<WARNING 7f92dedb8740> Unable to unlink file (stream.2.7.0):No such file or directory
1461688599832	<WARNING 7f92dedb8740> Unable to unlink file (stream.3.0.0):No such file or directory
1461688599835	<WARNING 7f92dedb8740> Unable to unlink file (stream.3.1.0):No such file or directory
1461688599839	<WARNING 7f92dedb8740> Unable to unlink file (stream.3.2.0):No such file or directory
1461688599842	<WARNING 7f92dedb8740> Unable to unlink file (stream.3.3.0):No such file or directory
1461688599845	<WARNING 7f92dedb8740> Unable to unlink file (stream.3.4.0):No such file or directory
1461688599849	<WARNING 7f92dedb8740> Unable to unlink file (stream.3.5.0):No such file or directory
1461688599852	<WARNING 7f92dedb8740> Unable to unlink file (stream.3.6.0):No such file or directory
1461688599855	<WARNING 7f92dedb8740> Unable to unlink file (stream.3.7.0):No such file or directory
1461688599858	<INFO 7f92dedb8740> SLIPSTORE::ZMQ_THREADS 2
1461688599861	<INFO 7f92dedb8740> SLIPSTORE::COMM Connecting to tcp://dco-node137-10g:5016
1461688599864	<INFO 7f92dedb8740> SLIPSTORE::COMM Connecting to tcp://dco-node138-10g:5034
1461688599867	<INFO 7f92dedb8740> SLIPSTORE::COMM Connecting to tcp://dco-node139-10g:5052
1461688599870	<INFO 7f92dedb8740> SLIPSTORE::COMM Connecting to tcp://dco-node140-10g:5070
1461688599872	<INFO 7f92dedb8740> SLIPSTORE::COMM Connecting to tcp://dco-node141-10g:5088
1461688599875	<INFO 7f92dedb8740> SLIPSTORE::COMM Connecting to tcp://dco-node142-10g:5106
1461688599878	<INFO 7f92dedb8740> SLIPSTORE::COMM Connecting to tcp://dco-node143-10g:5124
1461688599881	<INFO 7f92dedb8740> SLIPSTORE::COMM Connecting to tcp://dco-node144-10g:5142
1461688599883	<INFO 7f92dedb8740> SLIPSTORE::COMM Listening at tcp://ens1f0:5044
1461688599886	<INFO 7f92dedb8740> SLIPSTORE::COMM Listening at tcp://ens1f0:5045
1461688599889	<INFO 7f92dedb8740> SLIPSTORE::COMM Listening at ipc://client
1461688599892	<INFO 7f92dedb8740> SLIPSTORE::COMM Listening at tcp://ens1f0:5047
1461688599894	<INFO 7f92dedb8740> SLIPSTORE::COMM Listening at tcp://ens1f0:5048
1461688599897	<INFO 7f92dedb8740> SLIPSTORE::COMM Listening at tcp://ens1f0:5049
1461688599900	<INFO 7f92dedb8740> SLIPSTORE::COMM Listening at tcp://ens1f0:5050
1461688599903	<INFO 7f92dedb8740> SLIPSTORE::COMM Listening at tcp://ens1f0:5051
1461688599906	<INFO 7f92dedb8740> SLIPSTORE::COMM Connecting to tcp://dco-node137-10g:5016
1461688599909	<INFO 7f92dedb8740> SLIPSTORE::COMM Connecting to tcp://dco-node138-10g:5034
1461688599912	<INFO 7f92dedb8740> SLIPSTORE::COMM Connecting to tcp://dco-node139-10g:5052
1461688599915	<INFO 7f92dedb8740> SLIPSTORE::COMM Connecting to tcp://dco-node140-10g:5070
1461688599917	<INFO 7f92dedb8740> SLIPSTORE::COMM Connecting to tcp://dco-node141-10g:5088
1461688599921	<INFO 7f92dedb8740> SLIPSTORE::COMM Connecting to tcp://dco-node142-10g:5106
1461688599923	<INFO 7f92dedb8740> SLIPSTORE::COMM Connecting to tcp://dco-node143-10g:5124
1461688599927	<INFO 7f92dedb8740> SLIPSTORE::COMM Connecting to tcp://dco-node144-10g:5142
1461688599929	<INFO 7f92dedb8740> SLIPSTORE::COMM Connecting to tcp://dco-node137-10g:5002
1461688599932	<INFO 7f92dedb8740> SLIPSTORE::COMM Connecting to tcp://dco-node138-10g:5020
1461688599935	<INFO 7f92dedb8740> SLIPSTORE::COMM Connecting to ipc://server
1461688599937	<INFO 7f92dedb8740> SLIPSTORE::COMM Connecting to tcp://dco-node140-10g:5056
1461688599940	<INFO 7f92dedb8740> SLIPSTORE::COMM Connecting to tcp://dco-node141-10g:5074
1461688599943	<INFO 7f92dedb8740> SLIPSTORE::COMM Connecting to tcp://dco-node142-10g:5092
1461688599945	<INFO 7f92dedb8740> SLIPSTORE::COMM Connecting to tcp://dco-node143-10g:5110
1461688599947	<INFO 7f92dedb8740> SLIPSTORE::COMM Connecting to tcp://dco-node144-10g:5128
1461688599951	<INFO 7f92dedb8740> SLIPSTORE::COMM Connecting to tcp://dco-node140-10g:5071
1461688599953	<INFO 7f92dedb8740> SLIPSTORE::COMM Listening at tcp://ens1f0:5053
1461688599956	<INFO 7f92dedb8740> SLIPSTORE::COMM Connecting to tcp://dco-node139-10g:5052
1461688599959	<INFO 7f92dedb8740> SLIPSTORE::HELP_POLICY NONE
1461688599961	<INFO 7f92dedb8740> SLIPSTORE::SERVER ASYNC
1461688599964	<INFO 7f92dedb8740> SLIPSTORE::MACHINES 8
1461688599967	<INFO 7f92dedb8740> SLIPSTORE::ME 2
1461688599969	<INFO 7f92dedb8740> SLIPSTORE::SLIPCHUNK 4194304
1461688599972	<INFO 7f92dedb8740> SLIPSTORE::QUOTA 18446744073709551615
1461688599974	<INFO 7f92dedb8740> SLIPSTORE::IO PAGECACHE
1461688599976	<INFO 7f74c8bf4700> SLIPSTORE::COMM Listening at tcp://ens1f0:5052
1461688599979	<INFO 7f74c8bf4700> SLIPSTORE::COMM Listening at tcp://ens1f0:5036
1461688599981	<INFO 7f74c8bf4700> SLIPSTORE::COMM Connecting to tcp://dco-node137-10g:5010
1461688599983	<INFO 7f74c8bf4700> SLIPSTORE::COMM Listening at tcp://ens1f0:5037
1461688599986	<INFO 7f74c8bf4700> SLIPSTORE::COMM Connecting to tcp://dco-node138-10g:5028
1461688599989	<INFO 7f74c8bf4700> SLIPSTORE::COMM Listening at ipc://server
1461688599991	<INFO 7f74c8bf4700> SLIPSTORE::COMM Connecting to ipc://client
1461688599994	<INFO 7f74c8bf4700> SLIPSTORE::COMM Listening at tcp://ens1f0:5039
1461688599997	<INFO 7f74c8bf4700> SLIPSTORE::COMM Connecting to tcp://dco-node140-10g:5064
1461688599999	<INFO 7f74c8bf4700> SLIPSTORE::COMM Listening at tcp://ens1f0:5040
1461688600001	<INFO 7f74c8bf4700> SLIPSTORE::COMM Connecting to tcp://dco-node141-10g:5082
1461688600004	<INFO 7f74c8bf4700> SLIPSTORE::COMM Listening at tcp://ens1f0:5041
1461688600006	<INFO 7f74c8bf4700> SLIPSTORE::COMM Connecting to tcp://dco-node142-10g:5100
1461688600009	<INFO 7f74c8bf4700> SLIPSTORE::COMM Listening at tcp://ens1f0:5042
1461688600011	<INFO 7f74c8bf4700> SLIPSTORE::COMM Connecting to tcp://dco-node143-10g:5118
1461688600014	<INFO 7f74c8bf4700> SLIPSTORE::COMM Listening at tcp://ens1f0:5043
1461688600017	<INFO 7f74c8bf4700> SLIPSTORE::COMM Connecting to tcp://dco-node144-10g:5136
1461688600709	<INFO 7f92dedb8740> SLIPSTORE::CHECKPOINTS NONE FOUND
1461688600712	<INFO 7f92dedb8740> 2016-04-26 18:36:40 Start edge split
1461688705277	<INFO 7f92dedb8740> 2016-04-26 18:38:25 Completed init
1461688709489	<INFO 7f92dedb8740> 2016-04-26 18:38:29 Started gather
1461688709901	<INFO 7f92dedb8740> 2016-04-26 18:38:29 Completed gather
1461688715129	<INFO 7f92dedb8740> 2016-04-26 18:38:35 Started scatter
1461688776306	<INFO 7f92dedb8740> 2016-04-26 18:39:36 Completed scatter
1461688779547	<INFO 7f92dedb8740> 2016-04-26 18:39:39 Completed phase 1 Bytes read 25877302184 Bytes written 12996335272
1461688779566	<INFO 7f92dedb8740> 2016-04-26 18:39:39 Started gather
1461688780725	<INFO 7f92dedb8740> 2016-04-26 18:39:40 Completed gather
1461688802585	<INFO 7f92dedb8740> 2016-04-26 18:40:02 Started scatter
1461688882136	<INFO 7f92dedb8740> 2016-04-26 18:41:22 Completed scatter
1461688885171	<INFO 7f92dedb8740> 2016-04-26 18:41:25 Completed phase 2 Bytes read 38873637456 Bytes written 17631166560
1461688885193	<INFO 7f92dedb8740> 2016-04-26 18:41:25 Started gather
1461688911024	<INFO 7f92dedb8740> 2016-04-26 18:41:51 Completed gather
1461689141773	<INFO 7f92dedb8740> 2016-04-26 18:45:41 Started scatter
1461689218208	<INFO 7f92dedb8740> 2016-04-26 18:46:58 Completed scatter
1461689221240	<INFO 7f92dedb8740> 2016-04-26 18:47:01 Completed phase 3 Bytes read 56416940208 Bytes written 21479644480
1461689221263	<INFO 7f92dedb8740> 2016-04-26 18:47:01 Started gather
1461689245373	<INFO 7f92dedb8740> 2016-04-26 18:47:25 Completed gather
1461689436331	<INFO 7f92dedb8740> 2016-04-26 18:50:36 Started scatter
1461689497482	<INFO 7f92dedb8740> 2016-04-26 18:51:37 Completed scatter
1461689499482	<INFO 7f92dedb8740> 2016-04-26 18:51:39 Completed phase 4 Bytes read 73173889592 Bytes written 21584395632
1461689499505	<INFO 7f92dedb8740> 2016-04-26 18:51:39 Started gather
1461689500356	<INFO 7f92dedb8740> 2016-04-26 18:51:40 Completed gather
1461689542367	<INFO 7f92dedb8740> 2016-04-26 18:52:22 Started scatter
1461689602831	<INFO 7f92dedb8740> 2016-04-26 18:53:22 Completed scatter
1461689605106	<INFO 7f92dedb8740> 2016-04-26 18:53:25 Completed phase 5 Bytes read 86187112208 Bytes written 21668380664
1461689605129	<INFO 7f92dedb8740> 2016-04-26 18:53:25 Started gather
1461689606119	<INFO 7f92dedb8740> 2016-04-26 18:53:26 Completed gather
1461689628175	<INFO 7f92dedb8740> 2016-04-26 18:53:48 Started scatter
1461689689695	<INFO 7f92dedb8740> 2016-04-26 18:54:49 Completed scatter
1461689690751	<INFO 7f92dedb8740> 2016-04-26 18:54:50 Completed phase 6 Bytes read 99179568704 Bytes written 21752309600
1461689690775	<INFO 7f92dedb8740> 2016-04-26 18:54:50 Started gather
1461689691500	<INFO 7f92dedb8740> 2016-04-26 18:54:51 Completed gather
1461689702454	<INFO 7f92dedb8740> 2016-04-26 18:55:02 Started scatter
1461689765821	<INFO 7f92dedb8740> 2016-04-26 18:56:05 Completed scatter
1461689765843	<INFO 7f92dedb8740> 2016-04-26 18:56:05 Completed phase 7 Bytes read 112171969104 Bytes written 21836238432
1461689765846	<INFO 7f92dedb8740> ALGORITHM::BFS::VERTICES_DISCOVERED 7293255
1461689765848	<INFO 7f92dedb8740> ALGORITHM::BFS::EDGES_EXPLORED 1089143519
1461689765851	<INFO 7f92dedb8740> CORE::PARTITIONS_PROCESSED 295
1461689765853	<INFO 7f92dedb8740> CORE::BYTES::EDGES_STREAMED 10673523120
1461689765856	<INFO 7f92dedb8740> CORE::BYTES::UPDATES_OUT 952887096
1461689765858	<INFO 7f92dedb8740> CORE::BYTES::UPDATES_IN 916533880
1461689765860	<INFO 7f74b67fc700> CORE::PARTITIONS_PROCESSED 283
1461689765863	<INFO 7f74b67fc700> CORE::BYTES::EDGES_STREAMED 11034876252
1461689765865	<INFO 7f74b77fe700> CORE::PARTITIONS_PROCESSED 316
1461689765867	<INFO 7f74b67fc700> CORE::BYTES::UPDATES_OUT 1051285832
1461689765870	<INFO 7f74b67fc700> CORE::BYTES::UPDATES_IN 1049235512
1461689765872	<INFO 7f74b77fe700> CORE::BYTES::EDGES_STREAMED 10547600040
1461689765874	<INFO 7f74b57fa700> CORE::PARTITIONS_PROCESSED 379
1461689765876	<INFO 7f74b77fe700> CORE::BYTES::UPDATES_OUT 957743400
1461689765879	<INFO 7f74b57fa700> CORE::BYTES::EDGES_STREAMED 10354431660
1461689765881	<INFO 7f74b57fa700> CORE::BYTES::UPDATES_OUT 996954024
1461689765883	<INFO 7f74b77fe700> CORE::BYTES::UPDATES_IN 1148130008
1461689765885	<INFO 7f74b47f8700> CORE::PARTITIONS_PROCESSED 52
1461689765888	<INFO 7f74b57fa700> CORE::BYTES::UPDATES_IN 965336456
1461689765890	<INFO 7f74b47f8700> CORE::BYTES::EDGES_STREAMED 17528821680
1461689765892	<INFO 7f74b47f8700> CORE::BYTES::UPDATES_OUT 1664985576
1461689765894	<INFO 7f74b47f8700> CORE::BYTES::UPDATES_IN 1677711712
1461689765897	<INFO 7f74b6ffd700> CORE::PARTITIONS_PROCESSED 394
1461689765899	<INFO 7f74b5ffb700> CORE::PARTITIONS_PROCESSED 378
1461689765901	<INFO 7f74b4ff9700> CORE::PARTITIONS_PROCESSED 473
1461689765903	<INFO 7f74b6ffd700> CORE::BYTES::EDGES_STREAMED 10558583256
1461689765906	<INFO 7f74b4ff9700> CORE::BYTES::EDGES_STREAMED 10486182444
1461689765908	<INFO 7f74b5ffb700> CORE::BYTES::EDGES_STREAMED 10304289060
1461689765910	<INFO 7f74b6ffd700> CORE::BYTES::UPDATES_OUT 1068445944
1461689765913	<INFO 7f74b4ff9700> CORE::BYTES::UPDATES_OUT 1029144504
1461689765915	<INFO 7f74b5ffb700> CORE::BYTES::UPDATES_OUT 991701776
1461689765917	<INFO 7f74b6ffd700> CORE::BYTES::UPDATES_IN 1030423336
1461689765920	<INFO 7f74b4ff9700> CORE::BYTES::UPDATES_IN 995408552
1461689765922	<INFO 7f74b5ffb700> CORE::BYTES::UPDATES_IN 930368696
1461689765924	<INFO 7f74c8bf4700> SLIPSTORE service is exiting
1461689765927	<INFO 7f74c8bf4700> SLIPSTORE::HELP_OFFERS_RECVD 98
1461689765929	<INFO 7f74c8bf4700> SLIPSTORE::HELP_OFFERS_ACCEPTED 0
1461689765931	<INFO 7f74c8bf4700> SLIPSTORE::HELP_ACCEPTANCE_RATIO 0
1461689765934	<INFO 7f74c8bf4700> SLIPSTORE::SERVER_BUSY_DISK  564.084 seconds
1461689765936	<INFO 7f74c8bf4700> SLIPSTORE::SERVER_BUSY_MEM  0 seconds
1461689765938	<INFO 7f74c8bf4700> SLIPSTORE::SERVER_TOTAL  1166.07 seconds
1461689765941	<INFO 7f92dedb8740> SLIPSTORE::CLIENT::DISK_READ_TIME  507.644 seconds
1461689765943	<INFO 7f92dedb8740> SLIPSTORE::CLIENT::MEM_READ_TIME  0 seconds
1461689765945	<INFO 7f92dedb8740> SLIPSTORE::CLIENT::DISK_BYTES_READ 114294915600
1461689765948	<INFO 7f92dedb8740> SLIPSTORE::CLIENT::MEM_BYTES_READ 0
1461689765950	<INFO 7f92dedb8740> SLIPSTORE::CLIENT::WRITE_TIME  117.862 seconds
1461689765952	<INFO 7f92dedb8740> SLIPSTORE::CLIENT::BYTES_WRITTEN 671430656
1461689765955	<INFO 7f92dedb8740> SLIPSTORE::CLIENT_BUSY  625.506 seconds
1461689765957	<INFO 7f92dedb8740> SLIPSTORE::IO::TIME 495.231 seconds
1461689765959	<INFO 7f92dedb8740> SLIPSTORE::SNAP::TIME 0 seconds
1461689765962	<INFO 7f92dedb8740> SLIPSTORE::MAX_DISK_USAGE_BYTES 17459373920
1461689765964	<INFO 7f92dedb8740> CORE::RUSAGE::MAX_RSS_KB 125962440
1461689765967	<INFO 7f92dedb8740> CORE::RUSAGE::MINFLT 35844802
1461689765969	<INFO 7f92dedb8740> CORE::RUSAGE::MAJFLT 6
1461689765972	<INFO 7f92dedb8740> CORE::RUSAGE::MAJFLT 6
1461689765974	<INFO 7f92dedb8740> CORE::RUSAGE::INBLK 216219528
1461689765977	<INFO 7f92dedb8740> CORE::RUSAGE::OUBLK 42649744
1461689765979	<INFO 7f92dedb8740> CORE::UTILS::BYTES_READ 112171969104
1461689765981	<INFO 7f92dedb8740> CORE::UTILS::BYTES_WRITTEN 21836238432
1461689765984	<INFO 7f92dedb8740> CORE::UTILS::TILE_COPY_BYTES 1175003648
1461689765986	<INFO 7f92dedb8740> CORE::TIME::IO_WAIT 475.392 seconds
1461689765989	<INFO 7f92dedb8740> CORE::TIME_TILE_COPY 0 seconds
1461689765991	<INFO 7f92dedb8740> CORE::TIME_TILE_MERGE 0 seconds
1461689765994	<INFO 7f92dedb8740> CORE::TIME_PROCESSING_STOLEN 0 seconds
1461689765996	<INFO 7f92dedb8740> CORE::TIME_MERGE_WAIT 0 seconds
1461689765999	<INFO 7f92dedb8740> CORE::OTHER_TIME_ALL_MC_BARRIER 0 seconds
1461689766002	<INFO 7f92dedb8740> CORE::SCATTER_TIME_ALL_MC_BARRIER 12.5815 seconds
1461689766005	<INFO 7f92dedb8740> CORE::GATHER_TIME_ALL_MC_BARRIER 0.021117 seconds
1461689766007	<INFO 7f92dedb8740> CORE::INIT_TIME_ALL_MC_BARRIER 1.3759 seconds
1461689766010	<INFO 7f92dedb8740> CORE::SHUT_DOWN_TIME_ALL_MC_BARRIER 0.003641 seconds
1461689766012	<INFO 7f92dedb8740> CORE::STREAM_SKIP_BEFORE_TIME_ALL_MC_BARRIER 3.87975 seconds
1461689766015	<INFO 7f92dedb8740> CORE::TAKE_CHECKPOINT_BEFORE_TIME_ALL_MC_BARRIER 0 seconds
1461689766018	<INFO 7f92dedb8740> CORE::TAKE_CHECKPOINT_COMPLETE_TIME_ALL_MC_BARRIER 0 seconds
1461689766021	<INFO 7f92dedb8740> CORE::METADATA_WRITE_COMPLETE_TIME_ALL_MC_BARRIER 0 seconds
1461689766023	<INFO 7f92dedb8740> CORE::STREAM_EOF_BEFORE_TIME_ALL_MC_BARRIER 0 seconds
1461689766026	<INFO 7f92dedb8740> CORE::STREAM_EOF_AFTER_TIME_ALL_MC_BARRIER 0 seconds
1461689766029	<INFO 7f92dedb8740> CORE::STATE_LOAD_TIME_ALL_MC_BARRIER 0 seconds
1461689766031	<INFO 7f92dedb8740> CORE::STATE_STORE_TIME_ALL_MC_BARRIER 0 seconds
1461689766034	<INFO 7f92dedb8740> CORE::PHASES 7
1461689766037	<INFO 7f92dedb8740> CORE::TIME::SETUP 2.78138 seconds
1461689766039	<INFO 7f92dedb8740> CORE::TIME::STATE_ITER 0.341771 seconds
1461689766042	<INFO 7f92dedb8740> CORE::TIME::GATHER 581.739 seconds
1461689766045	<INFO 7f92dedb8740> CORE::TIME::SCATTER 478.211 seconds
1461689766048	<INFO 7f92dedb8740> CORE::TIME::WALL 1167.92 seconds
1461689766050	<INFO 7f92dedb8740> SHUTDOWN
