1457538455241	<INFO 7fa4b5104740> 2016-03-09 16:47:35 STARTUP
1457538455244	<INFO 7fa4b5104740> CORE::GRAPH rmat-28_s8
1457538455248	<INFO 7fa4b5104740> CORE::ALGORITHM pagerank
1457538455252	<INFO 7fa4b5104740> CORE::VERTEX_STRIPING ON
1457538455255	<INFO 7fa4b5104740> 2016-03-09 16:47:35 Blocking memory amount 126701535232
1457538563962	<INFO 7fa4b5104740> 2016-03-09 16:49:23 Done blocking memory
1457538563966	<INFO 7fa4b5104740> SG-DRIVER-ORIGINAL
1457538563970	<INFO 7fa4b5104740> CORE::CONFIG::PROCESSORS 8
1457538563974	<INFO 7fa4b5104740> CORE::CONFIG::PHYSICAL_MEMORY 2147483648
1457538563978	<INFO 7fa4b5104740> CORE::CONFIG::VERTICES 268435456
1457538563982	<INFO 7fa4b5104740> CORE::CONFIG::VERTEX_SIZE 12
1457538563985	<INFO 7fa4b5104740> CORE::CONFIG::VERTEX_BUFFER 100663296
1457538563989	<INFO 7fa4b5104740> CORE::CONFIG::EDGES 536870912
1457538563993	<INFO 7fa4b5104740> CORE::CONFIG::PARTITIONS 256
1457538563997	<INFO 7fa4b5104740> CORE::CONFIG::FANOUT 256
1457538564001	<INFO 7fa4b5104740> CORE::CONFIG::SUPER_PARTITIONS 32
1457538564004	<INFO 7fa4b5104740> CORE::CONFIG::TILES 1
1457538564008	<INFO 7fa4b5104740> CORE::CONFIG::BUFFER_SIZE 409360179
1457538564012	<INFO 7fa4b5104740> CORE::CONFIG::MAX_BUFFERS 4
1457538564016	<INFO 7fa4b5104740> CORE::CONFIG::MAX_STREAMS 4
1457538564020	<INFO 7fa4b5104740> CORE::CONFIG::SUM_OF_OUT_DEGREE_FOR_NEW_PARTITIONS 0
1457538564023	<INFO 7fa4b5104740> SLIPSTREAM::EXT_MEM_SHUFFLE OFF
1457538566867	<INFO 7fa4b5104740> SLIPSTORE::ZMQ_THREADS 2
1457538566871	<INFO 7fa4b5104740> SLIPSTORE::COMM Connecting to tcp://dco-node137-10g:5016
1457538566874	<INFO 7fa4b5104740> SLIPSTORE::COMM Connecting to tcp://dco-node138-10g:5034
1457538566879	<INFO 7fa4b5104740> SLIPSTORE::COMM Connecting to tcp://dco-node139-10g:5052
1457538566883	<INFO 7fa4b5104740> SLIPSTORE::COMM Connecting to tcp://dco-node140-10g:5070
1457538566887	<INFO 7fa4b5104740> SLIPSTORE::COMM Connecting to tcp://dco-node141-10g:5088
1457538566891	<INFO 7fa4b5104740> SLIPSTORE::COMM Connecting to tcp://dco-node142-10g:5106
1457538566895	<INFO 7fa4b5104740> SLIPSTORE::COMM Connecting to tcp://dco-node143-10g:5124
1457538566900	<INFO 7fa4b5104740> SLIPSTORE::COMM Connecting to tcp://dco-node144-10g:5142
1457538566904	<INFO 7fa4b5104740> SLIPSTORE::COMM Listening at tcp://ens1f0:5134
1457538566908	<INFO 7fa4b5104740> SLIPSTORE::COMM Listening at tcp://ens1f0:5135
1457538566912	<INFO 7fa4b5104740> SLIPSTORE::COMM Listening at tcp://ens1f0:5136
1457538566917	<INFO 7fa4b5104740> SLIPSTORE::COMM Listening at tcp://ens1f0:5137
1457538566921	<INFO 7fa4b5104740> SLIPSTORE::COMM Listening at tcp://ens1f0:5138
1457538566925	<INFO 7fa4b5104740> SLIPSTORE::COMM Listening at tcp://ens1f0:5139
1457538566929	<INFO 7fa4b5104740> SLIPSTORE::COMM Listening at tcp://ens1f0:5140
1457538566933	<INFO 7fa4b5104740> SLIPSTORE::COMM Listening at ipc://client
1457538566937	<INFO 7fa4b5104740> SLIPSTORE::COMM Connecting to tcp://dco-node137-10g:5016
1457538566942	<INFO 7fa4b5104740> SLIPSTORE::COMM Connecting to tcp://dco-node138-10g:5034
1457538566946	<INFO 7fa4b5104740> SLIPSTORE::COMM Connecting to tcp://dco-node139-10g:5052
1457538566950	<INFO 7fa4b5104740> SLIPSTORE::COMM Connecting to tcp://dco-node140-10g:5070
1457538566954	<INFO 7fa4b5104740> SLIPSTORE::COMM Connecting to tcp://dco-node141-10g:5088
1457538566958	<INFO 7fa4b5104740> SLIPSTORE::COMM Connecting to tcp://dco-node142-10g:5106
1457538566962	<INFO 7fa4b5104740> SLIPSTORE::COMM Connecting to tcp://dco-node143-10g:5124
1457538566966	<INFO 7fa4b5104740> SLIPSTORE::COMM Connecting to tcp://dco-node144-10g:5142
1457538566970	<INFO 7fa4b5104740> SLIPSTORE::COMM Connecting to tcp://dco-node137-10g:5007
1457538566974	<INFO 7fa4b5104740> SLIPSTORE::COMM Connecting to tcp://dco-node138-10g:5025
1457538566978	<INFO 7fa4b5104740> SLIPSTORE::COMM Connecting to tcp://dco-node139-10g:5043
1457538566982	<INFO 7fa4b5104740> SLIPSTORE::COMM Connecting to tcp://dco-node140-10g:5061
1457538566985	<INFO 7fa4b5104740> SLIPSTORE::COMM Connecting to tcp://dco-node141-10g:5079
1457538566989	<INFO 7fa4b5104740> SLIPSTORE::COMM Connecting to tcp://dco-node142-10g:5097
1457538566993	<INFO 7fa4b5104740> SLIPSTORE::COMM Connecting to tcp://dco-node143-10g:5115
1457538566996	<INFO 7fa4b5104740> SLIPSTORE::COMM Connecting to ipc://server
1457538567000	<INFO 7fa4b5104740> SLIPSTORE::COMM Connecting to tcp://dco-node137-10g:5017
1457538567004	<INFO 7fa4b5104740> SLIPSTORE::COMM Listening at tcp://ens1f0:5143
1457538567007	<INFO 7fa4b5104740> SLIPSTORE::COMM Connecting to tcp://dco-node144-10g:5142
1457538567011	<INFO 7fa4b5104740> SLIPSTORE::HELP_POLICY NONE
1457538567015	<INFO 7fa4b5104740> SLIPSTORE::SERVER ASYNC
1457538567018	<INFO 7fa4b5104740> SLIPSTORE::MACHINES 8
1457538567022	<INFO 7fa4b5104740> SLIPSTORE::ME 7
1457538567026	<INFO 7fa4b5104740> SLIPSTORE::SLIPCHUNK 4194304
1457538567029	<INFO 7fa4b5104740> SLIPSTORE::QUOTA 18446744073709551615
1457538567032	<INFO 7fa4b5104740> SLIPSTORE::IO PAGECACHE
1457538567036	<INFO 7f8696bfa700> SLIPSTORE::COMM Listening at tcp://ens1f0:5142
1457538567040	<INFO 7f8696bfa700> SLIPSTORE::COMM Listening at tcp://ens1f0:5126
1457538567044	<INFO 7f8696bfa700> SLIPSTORE::COMM Connecting to tcp://dco-node137-10g:5015
1457538567048	<INFO 7f8696bfa700> SLIPSTORE::COMM Listening at tcp://ens1f0:5127
1457538567052	<INFO 7f8696bfa700> SLIPSTORE::COMM Connecting to tcp://dco-node138-10g:5033
1457538567056	<INFO 7f8696bfa700> SLIPSTORE::COMM Listening at tcp://ens1f0:5128
1457538567059	<INFO 7f8696bfa700> SLIPSTORE::COMM Connecting to tcp://dco-node139-10g:5051
1457538567063	<INFO 7f8696bfa700> SLIPSTORE::COMM Listening at tcp://ens1f0:5129
1457538567066	<INFO 7f8696bfa700> SLIPSTORE::COMM Connecting to tcp://dco-node140-10g:5069
1457538567070	<INFO 7f8696bfa700> SLIPSTORE::COMM Listening at tcp://ens1f0:5130
1457538567074	<INFO 7f8696bfa700> SLIPSTORE::COMM Connecting to tcp://dco-node141-10g:5087
1457538567078	<INFO 7f8696bfa700> SLIPSTORE::COMM Listening at tcp://ens1f0:5131
1457538567082	<INFO 7f8696bfa700> SLIPSTORE::COMM Connecting to tcp://dco-node142-10g:5105
1457538567086	<INFO 7f8696bfa700> SLIPSTORE::COMM Listening at tcp://ens1f0:5132
1457538567090	<INFO 7f8696bfa700> SLIPSTORE::COMM Connecting to tcp://dco-node143-10g:5123
1457538567093	<INFO 7f8696bfa700> SLIPSTORE::COMM Listening at ipc://server
1457538567096	<INFO 7f8696bfa700> SLIPSTORE::COMM Connecting to ipc://client
1457538567100	<INFO 7fa4b5104740> SLIPSTORE::CHECKPOINTS NONE FOUND
1457538567103	<INFO 7fa4b5104740> 2016-03-09 16:49:27 Start edge split
1457538567107	<INFO 7fa4b5104740> 2016-03-09 16:49:27 Check1
1457538567111	<INFO 7fa4b5104740> 2016-03-09 16:49:27 Check2
1457538567114	<INFO 7fa4b5104740> 2016-03-09 16:49:27 Check3
1457538567119	<INFO 7fa4b5104740> 2016-03-09 16:49:27 Check4
1457538567122	<INFO 7fa4b5104740> 2016-03-09 16:49:27 Check5
1457538567125	<INFO 7fa4b5104740> 2016-03-09 16:49:27 Check7
1457538567128	<INFO 7fa4b5104740> 2016-03-09 16:49:27 CheckA
1457538567131	<INFO 7fa4b5104740> 2016-03-09 16:49:27 CheckB
1457538567134	<INFO 7fa4b5104740> 2016-03-09 16:49:27 CheckC
1457538567139	<INFO 7fa4b5104740> 2016-03-09 16:49:27 CheckD
1457538567141	<INFO 7fa4b5104740> 2016-03-09 16:49:27 CheckE
1457538567144	<INFO 7fa4b5104740> 2016-03-09 16:49:27 CheckF
1457538567147	<INFO 7fa4b5104740> 2016-03-09 16:49:27 CheckG
1457538567150	<INFO 7fa4b5104740> 2016-03-09 16:49:27 CheckH
1457538567153	<INFO 7fa4b5104740> 2016-03-09 16:49:27 CheckI
1457538568922	<INFO 7fa4b5104740> 2016-03-09 16:49:28 CheckJ
1457538568927	<INFO 7fa4b5104740> 2016-03-09 16:49:28 CheckK
1457538568930	<INFO 7fa4b5104740> 2016-03-09 16:49:28 CheckL
1457538568933	<INFO 7fa4b5104740> 2016-03-09 16:49:28 CheckM
1457538568936	<INFO 7fa4b5104740> 2016-03-09 16:49:28 CheckN
1457538569284	<INFO 7fa4b5104740> 2016-03-09 16:49:29 CheckO
1457538569287	<INFO 7fa4b5104740> 2016-03-09 16:49:29 CheckP
1457538569290	<INFO 7fa4b5104740> 2016-03-09 16:49:29 CheckQ
1457538569293	<INFO 7fa4b5104740> 2016-03-09 16:49:29 CheckI
1457538570597	<INFO 7fa4b5104740> 2016-03-09 16:49:30 CheckJ
1457538570600	<INFO 7fa4b5104740> 2016-03-09 16:49:30 CheckK
1457538570603	<INFO 7fa4b5104740> 2016-03-09 16:49:30 CheckL
1457538570607	<INFO 7fa4b5104740> 2016-03-09 16:49:30 CheckM
1457538570610	<INFO 7fa4b5104740> 2016-03-09 16:49:30 CheckN
1457538572289	<INFO 7fa4b5104740> 2016-03-09 16:49:32 CheckO
1457538572292	<INFO 7fa4b5104740> 2016-03-09 16:49:32 CheckP
1457538572296	<INFO 7fa4b5104740> 2016-03-09 16:49:32 CheckQ
1457538572299	<INFO 7fa4b5104740> 2016-03-09 16:49:32 CheckI
1457538574581	<INFO 7fa4b5104740> 2016-03-09 16:49:34 CheckJ
1457538574584	<INFO 7fa4b5104740> 2016-03-09 16:49:34 CheckK
1457538574586	<INFO 7fa4b5104740> 2016-03-09 16:49:34 CheckL
1457538574590	<INFO 7fa4b5104740> 2016-03-09 16:49:34 CheckM
1457538574593	<INFO 7fa4b5104740> 2016-03-09 16:49:34 CheckN
1457538577468	<INFO 7fa4b5104740> 2016-03-09 16:49:37 CheckO
1457538577470	<INFO 7fa4b5104740> 2016-03-09 16:49:37 CheckP
1457538577473	<INFO 7fa4b5104740> 2016-03-09 16:49:37 CheckQ
1457538577475	<INFO 7fa4b5104740> 2016-03-09 16:49:37 CheckI
1457538579109	<INFO 7fa4b5104740> 2016-03-09 16:49:39 CheckJ
1457538579114	<INFO 7fa4b5104740> 2016-03-09 16:49:39 CheckK
1457538579117	<INFO 7fa4b5104740> 2016-03-09 16:49:39 CheckL
1457538579119	<INFO 7fa4b5104740> 2016-03-09 16:49:39 CheckM
1457538579122	<INFO 7fa4b5104740> 2016-03-09 16:49:39 CheckN
1457538580858	<INFO 7fa4b5104740> 2016-03-09 16:49:40 CheckO
1457538580860	<INFO 7fa4b5104740> 2016-03-09 16:49:40 CheckP
1457538580863	<INFO 7fa4b5104740> 2016-03-09 16:49:40 CheckQ
1457538580865	<INFO 7fa4b5104740> 2016-03-09 16:49:40 CheckI
1457538582717	<INFO 7fa4b5104740> 2016-03-09 16:49:42 CheckJ
1457538582721	<INFO 7fa4b5104740> 2016-03-09 16:49:42 CheckK
1457538582725	<INFO 7fa4b5104740> 2016-03-09 16:49:42 CheckL
1457538582729	<INFO 7fa4b5104740> 2016-03-09 16:49:42 CheckM
1457538582733	<INFO 7fa4b5104740> 2016-03-09 16:49:42 CheckN
1457538584219	<INFO 7fa4b5104740> 2016-03-09 16:49:44 CheckO
1457538584223	<INFO 7fa4b5104740> 2016-03-09 16:49:44 CheckP
1457538584227	<INFO 7fa4b5104740> 2016-03-09 16:49:44 CheckQ
1457538584229	<INFO 7fa4b5104740> 2016-03-09 16:49:44 CheckI
1457538586825	<INFO 7fa4b5104740> 2016-03-09 16:49:46 CheckJ
1457538586828	<INFO 7fa4b5104740> 2016-03-09 16:49:46 CheckK
1457538586831	<INFO 7fa4b5104740> 2016-03-09 16:49:46 CheckL
1457538586833	<INFO 7fa4b5104740> 2016-03-09 16:49:46 CheckM
1457538586836	<INFO 7fa4b5104740> 2016-03-09 16:49:46 CheckN
1457538588927	<INFO 7fa4b5104740> 2016-03-09 16:49:48 CheckO
1457538588929	<INFO 7fa4b5104740> 2016-03-09 16:49:48 CheckP
1457538588932	<INFO 7fa4b5104740> 2016-03-09 16:49:48 CheckQ
1457538588934	<INFO 7fa4b5104740> 2016-03-09 16:49:48 CheckI
1457538591771	<INFO 7fa4b5104740> 2016-03-09 16:49:51 CheckJ
1457538591773	<INFO 7fa4b5104740> 2016-03-09 16:49:51 CheckK
1457538591776	<INFO 7fa4b5104740> 2016-03-09 16:49:51 CheckL
1457538591779	<INFO 7fa4b5104740> 2016-03-09 16:49:51 CheckM
1457538591781	<INFO 7fa4b5104740> 2016-03-09 16:49:51 CheckN
1457538593503	<INFO 7fa4b5104740> 2016-03-09 16:49:53 CheckO
1457538593506	<INFO 7fa4b5104740> 2016-03-09 16:49:53 CheckP
1457538593509	<INFO 7fa4b5104740> 2016-03-09 16:49:53 CheckQ
1457538593511	<INFO 7fa4b5104740> 2016-03-09 16:49:53 CheckI
1457538595859	<INFO 7fa4b5104740> 2016-03-09 16:49:55 CheckJ
1457538595862	<INFO 7fa4b5104740> 2016-03-09 16:49:55 CheckK
1457538595864	<INFO 7fa4b5104740> 2016-03-09 16:49:55 CheckL
1457538595868	<INFO 7fa4b5104740> 2016-03-09 16:49:55 CheckM
1457538595871	<INFO 7fa4b5104740> 2016-03-09 16:49:55 CheckN
1457538597969	<INFO 7fa4b5104740> 2016-03-09 16:49:57 CheckO
1457538597972	<INFO 7fa4b5104740> 2016-03-09 16:49:57 CheckP
1457538597974	<INFO 7fa4b5104740> 2016-03-09 16:49:57 CheckQ
1457538597976	<INFO 7fa4b5104740> 2016-03-09 16:49:57 CheckI
1457538600215	<INFO 7fa4b5104740> 2016-03-09 16:50:00 CheckJ
1457538600217	<INFO 7fa4b5104740> 2016-03-09 16:50:00 CheckK
1457538600220	<INFO 7fa4b5104740> 2016-03-09 16:50:00 CheckL
1457538600223	<INFO 7fa4b5104740> 2016-03-09 16:50:00 CheckM
1457538600226	<INFO 7fa4b5104740> 2016-03-09 16:50:00 CheckN
1457538602550	<INFO 7fa4b5104740> 2016-03-09 16:50:02 CheckO
1457538602553	<INFO 7fa4b5104740> 2016-03-09 16:50:02 CheckP
1457538602556	<INFO 7fa4b5104740> 2016-03-09 16:50:02 CheckQ
1457538602559	<INFO 7fa4b5104740> 2016-03-09 16:50:02 CheckI
1457538606198	<INFO 7fa4b5104740> 2016-03-09 16:50:06 CheckJ
1457538606201	<INFO 7fa4b5104740> 2016-03-09 16:50:06 CheckK
1457538606204	<INFO 7fa4b5104740> 2016-03-09 16:50:06 CheckL
1457538606207	<INFO 7fa4b5104740> 2016-03-09 16:50:06 CheckM
1457538606210	<INFO 7fa4b5104740> 2016-03-09 16:50:06 CheckN
1457538609622	<INFO 7fa4b5104740> 2016-03-09 16:50:09 CheckO
1457538609625	<INFO 7fa4b5104740> 2016-03-09 16:50:09 CheckP
1457538609628	<INFO 7fa4b5104740> 2016-03-09 16:50:09 CheckQ
1457538609631	<INFO 7fa4b5104740> 2016-03-09 16:50:09 CheckI
1457538611723	<INFO 7fa4b5104740> 2016-03-09 16:50:11 CheckJ
1457538611726	<INFO 7fa4b5104740> 2016-03-09 16:50:11 CheckK
1457538611729	<INFO 7fa4b5104740> 2016-03-09 16:50:11 CheckL
1457538611732	<INFO 7fa4b5104740> 2016-03-09 16:50:11 CheckM
1457538611735	<INFO 7fa4b5104740> 2016-03-09 16:50:11 CheckN
1457538615151	<INFO 7fa4b5104740> 2016-03-09 16:50:15 CheckO
1457538615153	<INFO 7fa4b5104740> 2016-03-09 16:50:15 CheckP
1457538615156	<INFO 7fa4b5104740> 2016-03-09 16:50:15 CheckQ
1457538615158	<INFO 7fa4b5104740> 2016-03-09 16:50:15 CheckI
1457538618147	<INFO 7fa4b5104740> 2016-03-09 16:50:18 CheckJ
1457538618150	<INFO 7fa4b5104740> 2016-03-09 16:50:18 CheckK
1457538618153	<INFO 7fa4b5104740> 2016-03-09 16:50:18 CheckL
1457538618156	<INFO 7fa4b5104740> 2016-03-09 16:50:18 CheckM
1457538618158	<INFO 7fa4b5104740> 2016-03-09 16:50:18 CheckN
1457538620411	<INFO 7fa4b5104740> 2016-03-09 16:50:20 CheckO
1457538620414	<INFO 7fa4b5104740> 2016-03-09 16:50:20 CheckP
1457538620416	<INFO 7fa4b5104740> 2016-03-09 16:50:20 CheckQ
1457538620419	<INFO 7fa4b5104740> 2016-03-09 16:50:20 CheckI
1457538623424	<INFO 7fa4b5104740> 2016-03-09 16:50:23 CheckJ
1457538623429	<INFO 7fa4b5104740> 2016-03-09 16:50:23 CheckK
1457538623433	<INFO 7fa4b5104740> 2016-03-09 16:50:23 CheckL
1457538623436	<INFO 7fa4b5104740> 2016-03-09 16:50:23 CheckM
1457538623440	<INFO 7fa4b5104740> 2016-03-09 16:50:23 CheckN
1457538625135	<INFO 7fa4b5104740> 2016-03-09 16:50:25 CheckO
1457538625138	<INFO 7fa4b5104740> 2016-03-09 16:50:25 CheckP
1457538625140	<INFO 7fa4b5104740> 2016-03-09 16:50:25 CheckQ
1457538625143	<INFO 7fa4b5104740> 2016-03-09 16:50:25 CheckI
1457538629193	<INFO 7fa4b5104740> 2016-03-09 16:50:29 CheckJ
1457538629196	<INFO 7fa4b5104740> 2016-03-09 16:50:29 CheckK
1457538629199	<INFO 7fa4b5104740> 2016-03-09 16:50:29 CheckL
1457538629202	<INFO 7fa4b5104740> 2016-03-09 16:50:29 CheckM
1457538629205	<INFO 7fa4b5104740> 2016-03-09 16:50:29 CheckN
1457538631395	<INFO 7fa4b5104740> 2016-03-09 16:50:31 CheckO
1457538631398	<INFO 7fa4b5104740> 2016-03-09 16:50:31 CheckP
1457538631402	<INFO 7fa4b5104740> 2016-03-09 16:50:31 CheckQ
1457538631405	<INFO 7fa4b5104740> 2016-03-09 16:50:31 CheckI
1457538634950	<INFO 7fa4b5104740> 2016-03-09 16:50:34 CheckJ
1457538634953	<INFO 7fa4b5104740> 2016-03-09 16:50:34 CheckK
1457538634956	<INFO 7fa4b5104740> 2016-03-09 16:50:34 CheckL
1457538634960	<INFO 7fa4b5104740> 2016-03-09 16:50:34 CheckM
1457538634962	<INFO 7fa4b5104740> 2016-03-09 16:50:34 CheckN
1457538635856	<INFO 7fa4b5104740> 2016-03-09 16:50:35 CheckO
1457538635859	<INFO 7fa4b5104740> 2016-03-09 16:50:35 CheckP
1457538635861	<INFO 7fa4b5104740> 2016-03-09 16:50:35 CheckQ
1457538635863	<INFO 7fa4b5104740> 2016-03-09 16:50:35 CheckI
1457538638308	<INFO 7fa4b5104740> 2016-03-09 16:50:38 CheckJ
1457538638312	<INFO 7fa4b5104740> 2016-03-09 16:50:38 CheckK
1457538638315	<INFO 7fa4b5104740> 2016-03-09 16:50:38 CheckL
1457538638318	<INFO 7fa4b5104740> 2016-03-09 16:50:38 CheckM
1457538638321	<INFO 7fa4b5104740> 2016-03-09 16:50:38 CheckN
1457538640091	<INFO 7fa4b5104740> 2016-03-09 16:50:40 CheckO
1457538640094	<INFO 7fa4b5104740> 2016-03-09 16:50:40 CheckP
1457538640097	<INFO 7fa4b5104740> 2016-03-09 16:50:40 CheckQ
1457538640099	<INFO 7fa4b5104740> 2016-03-09 16:50:40 CheckI
1457538640113	<INFO 7fa4b5104740> 2016-03-09 16:50:40 Check8
1457538640931	<INFO 7fa4b5104740> 2016-03-09 16:50:40 Check9
1457538640933	<INFO 7fa4b5104740> 2016-03-09 16:50:40 Completed init
1457538642339	<INFO 7fa4b5104740> 2016-03-09 16:50:42 Started gather
1457538642624	<INFO 7fa4b5104740> 2016-03-09 16:50:42 CheckA
1457538642626	<INFO 7fa4b5104740> 2016-03-09 16:50:42 CheckB
1457538642629	<INFO 7fa4b5104740> 2016-03-09 16:50:42 CheckC
1457538642631	<INFO 7fa4b5104740> 2016-03-09 16:50:42 CheckD
1457538642634	<INFO 7fa4b5104740> 2016-03-09 16:50:42 CheckE
1457538642636	<INFO 7fa4b5104740> 2016-03-09 16:50:42 CheckF
1457538642639	<INFO 7fa4b5104740> 2016-03-09 16:50:42 CheckG
1457538642641	<INFO 7fa4b5104740> 2016-03-09 16:50:42 CheckH
1457538642643	<INFO 7fa4b5104740> 2016-03-09 16:50:42 CheckI
1457538643091	<INFO 7fa4b5104740> 2016-03-09 16:50:43 Completed gather
1457538643094	<INFO 7fa4b5104740> 2016-03-09 16:50:43 Started gather
1457538643426	<INFO 7fa4b5104740> 2016-03-09 16:50:43 CheckA
1457538643428	<INFO 7fa4b5104740> 2016-03-09 16:50:43 CheckB
1457538643430	<INFO 7fa4b5104740> 2016-03-09 16:50:43 CheckC
1457538643433	<INFO 7fa4b5104740> 2016-03-09 16:50:43 CheckD
1457538643435	<INFO 7fa4b5104740> 2016-03-09 16:50:43 CheckE
1457538643438	<INFO 7fa4b5104740> 2016-03-09 16:50:43 CheckF
1457538643440	<INFO 7fa4b5104740> 2016-03-09 16:50:43 CheckG
1457538643443	<INFO 7fa4b5104740> 2016-03-09 16:50:43 CheckH
1457538643445	<INFO 7fa4b5104740> 2016-03-09 16:50:43 CheckI
1457538643910	<INFO 7fa4b5104740> 2016-03-09 16:50:43 Completed gather
1457538643914	<INFO 7fa4b5104740> 2016-03-09 16:50:43 Started gather
1457538644186	<INFO 7fa4b5104740> 2016-03-09 16:50:44 CheckA
1457538644188	<INFO 7fa4b5104740> 2016-03-09 16:50:44 CheckB
1457538644191	<INFO 7fa4b5104740> 2016-03-09 16:50:44 CheckC
1457538644193	<INFO 7fa4b5104740> 2016-03-09 16:50:44 CheckD
1457538644195	<INFO 7fa4b5104740> 2016-03-09 16:50:44 CheckE
1457538644198	<INFO 7fa4b5104740> 2016-03-09 16:50:44 CheckF
1457538644200	<INFO 7fa4b5104740> 2016-03-09 16:50:44 CheckG
1457538644203	<INFO 7fa4b5104740> 2016-03-09 16:50:44 CheckH
1457538644205	<INFO 7fa4b5104740> 2016-03-09 16:50:44 CheckI
1457538644724	<INFO 7fa4b5104740> 2016-03-09 16:50:44 Completed gather
1457538644730	<INFO 7fa4b5104740> 2016-03-09 16:50:44 Started gather
1457538645150	<INFO 7fa4b5104740> 2016-03-09 16:50:45 CheckA
1457538645153	<INFO 7fa4b5104740> 2016-03-09 16:50:45 CheckB
1457538645155	<INFO 7fa4b5104740> 2016-03-09 16:50:45 CheckC
1457538645158	<INFO 7fa4b5104740> 2016-03-09 16:50:45 CheckD
1457538645160	<INFO 7fa4b5104740> 2016-03-09 16:50:45 CheckE
1457538645163	<INFO 7fa4b5104740> 2016-03-09 16:50:45 CheckF
1457538645167	<INFO 7fa4b5104740> 2016-03-09 16:50:45 CheckG
1457538645169	<INFO 7fa4b5104740> 2016-03-09 16:50:45 CheckH
1457538645172	<INFO 7fa4b5104740> 2016-03-09 16:50:45 CheckI
1457538645545	<INFO 7fa4b5104740> 2016-03-09 16:50:45 Completed gather
1457538645654	<INFO 7fa4b5104740> 2016-03-09 16:50:45 Started scatter
1457538646126	<INFO 7fa4b5104740> 2016-03-09 16:50:46 CheckA
1457538646129	<INFO 7fa4b5104740> 2016-03-09 16:50:46 CheckB
1457538646132	<INFO 7fa4b5104740> 2016-03-09 16:50:46 CheckC
1457538646134	<INFO 7fa4b5104740> 2016-03-09 16:50:46 CheckD
1457538646137	<INFO 7fa4b5104740> 2016-03-09 16:50:46 CheckE
1457538646139	<INFO 7fa4b5104740> 2016-03-09 16:50:46 CheckF
1457538646142	<INFO 7fa4b5104740> 2016-03-09 16:50:46 CheckG
1457538646145	<INFO 7fa4b5104740> 2016-03-09 16:50:46 CheckH
1457538646147	<INFO 7fa4b5104740> 2016-03-09 16:50:46 CheckI
1457538651181	<INFO 7fa4b5104740> 2016-03-09 16:50:51 CheckJ
1457538651184	<INFO 7fa4b5104740> 2016-03-09 16:50:51 CheckK
1457538651186	<INFO 7fa4b5104740> 2016-03-09 16:50:51 CheckL
1457538651189	<INFO 7fa4b5104740> 2016-03-09 16:50:51 CheckM
1457538651192	<INFO 7fa4b5104740> 2016-03-09 16:50:51 CheckN
1457538651381	<INFO 7fa4b5104740> 2016-03-09 16:50:51 CheckO
1457538651384	<INFO 7fa4b5104740> 2016-03-09 16:50:51 CheckP
1457538651386	<INFO 7fa4b5104740> 2016-03-09 16:50:51 CheckQ
1457538651389	<INFO 7fa4b5104740> 2016-03-09 16:50:51 CheckI
1457538651546	<INFO 7fa4b5104740> 2016-03-09 16:50:51 CheckJ
1457538651549	<INFO 7fa4b5104740> 2016-03-09 16:50:51 CheckK
1457538651552	<INFO 7fa4b5104740> 2016-03-09 16:50:51 CheckL
1457538651555	<INFO 7fa4b5104740> 2016-03-09 16:50:51 CheckM
1457538651557	<INFO 7fa4b5104740> 2016-03-09 16:50:51 CheckN
1457538651561	<INFO 7fa4b5104740> 2016-03-09 16:50:51 CheckO
1457538651564	<INFO 7fa4b5104740> 2016-03-09 16:50:51 CheckP
1457538651566	<INFO 7fa4b5104740> 2016-03-09 16:50:51 CheckQ
1457538651569	<INFO 7fa4b5104740> 2016-03-09 16:50:51 CheckI
1457538651726	<INFO 7fa4b5104740> 2016-03-09 16:50:51 Completed scatter
1457538651728	<INFO 7fa4b5104740> 2016-03-09 16:50:51 Started scatter
1457538654577	<INFO 7fa4b5104740> 2016-03-09 16:50:54 CheckA
1457538654580	<INFO 7fa4b5104740> 2016-03-09 16:50:54 CheckB
1457538654583	<INFO 7fa4b5104740> 2016-03-09 16:50:54 CheckC
1457538654586	<INFO 7fa4b5104740> 2016-03-09 16:50:54 CheckD
1457538654589	<INFO 7fa4b5104740> 2016-03-09 16:50:54 CheckE
1457538654591	<INFO 7fa4b5104740> 2016-03-09 16:50:54 CheckF
1457538654593	<INFO 7fa4b5104740> 2016-03-09 16:50:54 CheckG
1457538654596	<INFO 7fa4b5104740> 2016-03-09 16:50:54 CheckH
1457538654599	<INFO 7fa4b5104740> 2016-03-09 16:50:54 CheckI
1457538655401	<INFO 7fa4b5104740> 2016-03-09 16:50:55 CheckJ
1457538655405	<INFO 7fa4b5104740> 2016-03-09 16:50:55 CheckK
1457538655408	<INFO 7fa4b5104740> 2016-03-09 16:50:55 CheckL
1457538655410	<INFO 7fa4b5104740> 2016-03-09 16:50:55 CheckM
1457538655413	<INFO 7fa4b5104740> 2016-03-09 16:50:55 CheckN
1457538655466	<INFO 7fa4b5104740> 2016-03-09 16:50:55 CheckO
1457538655470	<INFO 7fa4b5104740> 2016-03-09 16:50:55 CheckP
1457538655473	<INFO 7fa4b5104740> 2016-03-09 16:50:55 CheckQ
1457538655477	<INFO 7fa4b5104740> 2016-03-09 16:50:55 CheckI
1457538655519	<INFO 7fa4b5104740> 2016-03-09 16:50:55 Completed scatter
1457538655523	<INFO 7fa4b5104740> 2016-03-09 16:50:55 Started scatter
1457538657820	<INFO 7fa4b5104740> 2016-03-09 16:50:57 CheckA
1457538657825	<INFO 7fa4b5104740> 2016-03-09 16:50:57 CheckB
1457538657828	<INFO 7fa4b5104740> 2016-03-09 16:50:57 CheckC
1457538657830	<INFO 7fa4b5104740> 2016-03-09 16:50:57 CheckD
1457538657833	<INFO 7fa4b5104740> 2016-03-09 16:50:57 CheckE
1457538657836	<INFO 7fa4b5104740> 2016-03-09 16:50:57 CheckF
1457538657840	<INFO 7fa4b5104740> 2016-03-09 16:50:57 CheckG
1457538657845	<INFO 7fa4b5104740> 2016-03-09 16:50:57 CheckH
1457538657850	<INFO 7fa4b5104740> 2016-03-09 16:50:57 CheckI
1457538659045	<INFO 7fa4b5104740> 2016-03-09 16:50:59 CheckJ
1457538659048	<INFO 7fa4b5104740> 2016-03-09 16:50:59 CheckK
1457538659050	<INFO 7fa4b5104740> 2016-03-09 16:50:59 CheckL
1457538659054	<INFO 7fa4b5104740> 2016-03-09 16:50:59 CheckM
1457538659056	<INFO 7fa4b5104740> 2016-03-09 16:50:59 CheckN
1457538659110	<INFO 7fa4b5104740> 2016-03-09 16:50:59 CheckO
1457538659113	<INFO 7fa4b5104740> 2016-03-09 16:50:59 CheckP
1457538659115	<INFO 7fa4b5104740> 2016-03-09 16:50:59 CheckQ
1457538659118	<INFO 7fa4b5104740> 2016-03-09 16:50:59 CheckI
1457538659214	<INFO 7fa4b5104740> 2016-03-09 16:50:59 Completed scatter
1457538659217	<INFO 7fa4b5104740> 2016-03-09 16:50:59 Started scatter
1457538661542	<INFO 7fa4b5104740> 2016-03-09 16:51:01 CheckA
1457538661545	<INFO 7fa4b5104740> 2016-03-09 16:51:01 CheckB
1457538661547	<INFO 7fa4b5104740> 2016-03-09 16:51:01 CheckC
1457538661550	<INFO 7fa4b5104740> 2016-03-09 16:51:01 CheckD
1457538661552	<INFO 7fa4b5104740> 2016-03-09 16:51:01 CheckE
1457538661555	<INFO 7fa4b5104740> 2016-03-09 16:51:01 CheckF
1457538661558	<INFO 7fa4b5104740> 2016-03-09 16:51:01 CheckG
1457538661560	<INFO 7fa4b5104740> 2016-03-09 16:51:01 CheckH
1457538661563	<INFO 7fa4b5104740> 2016-03-09 16:51:01 CheckI
1457538661913	<INFO 7fa4b5104740> 2016-03-09 16:51:01 CheckJ
1457538661915	<INFO 7fa4b5104740> 2016-03-09 16:51:01 CheckK
1457538661918	<INFO 7fa4b5104740> 2016-03-09 16:51:01 CheckL
1457538661922	<INFO 7fa4b5104740> 2016-03-09 16:51:01 CheckM
1457538661926	<INFO 7fa4b5104740> 2016-03-09 16:51:01 CheckN
1457538661934	<INFO 7fa4b5104740> 2016-03-09 16:51:01 CheckO
1457538661937	<INFO 7fa4b5104740> 2016-03-09 16:51:01 CheckP
1457538661940	<INFO 7fa4b5104740> 2016-03-09 16:51:01 CheckQ
1457538661942	<INFO 7fa4b5104740> 2016-03-09 16:51:01 CheckI
1457538662024	<INFO 7fa4b5104740> 2016-03-09 16:51:02 Completed scatter
1457538702293	<INFO 7fa4b5104740> 2016-03-09 16:51:42 Completed phase 1 Bytes read 13759590000 Bytes written 7317139056
1457538706454	<INFO 7fa4b5104740> 2016-03-09 16:51:46 Started gather
1457538706736	<INFO 7fa4b5104740> 2016-03-09 16:51:46 CheckA
1457538706738	<INFO 7fa4b5104740> 2016-03-09 16:51:46 CheckB
1457538706741	<INFO 7fa4b5104740> 2016-03-09 16:51:46 CheckC
1457538706743	<INFO 7fa4b5104740> 2016-03-09 16:51:46 CheckD
1457538706746	<INFO 7fa4b5104740> 2016-03-09 16:51:46 CheckE
1457538706748	<INFO 7fa4b5104740> 2016-03-09 16:51:46 CheckF
1457538706751	<INFO 7fa4b5104740> 2016-03-09 16:51:46 CheckG
1457538706753	<INFO 7fa4b5104740> 2016-03-09 16:51:46 CheckH
1457538706755	<INFO 7fa4b5104740> 2016-03-09 16:51:46 CheckI
1457538707117	<INFO 7fa4b5104740> 2016-03-09 16:51:47 Completed gather
1457538707119	<INFO 7fa4b5104740> 2016-03-09 16:51:47 Started gather
1457538707429	<INFO 7fa4b5104740> 2016-03-09 16:51:47 CheckA
1457538707431	<INFO 7fa4b5104740> 2016-03-09 16:51:47 CheckB
1457538707434	<INFO 7fa4b5104740> 2016-03-09 16:51:47 CheckC
1457538707436	<INFO 7fa4b5104740> 2016-03-09 16:51:47 CheckD
1457538707438	<INFO 7fa4b5104740> 2016-03-09 16:51:47 CheckE
1457538707440	<INFO 7fa4b5104740> 2016-03-09 16:51:47 CheckF
1457538707443	<INFO 7fa4b5104740> 2016-03-09 16:51:47 CheckG
1457538707445	<INFO 7fa4b5104740> 2016-03-09 16:51:47 CheckH
1457538707448	<INFO 7fa4b5104740> 2016-03-09 16:51:47 CheckI
1457538707825	<INFO 7fa4b5104740> 2016-03-09 16:51:47 Completed gather
1457538707829	<INFO 7fa4b5104740> 2016-03-09 16:51:47 Started gather
1457538708153	<INFO 7fa4b5104740> 2016-03-09 16:51:48 CheckA
1457538708155	<INFO 7fa4b5104740> 2016-03-09 16:51:48 CheckB
1457538708158	<INFO 7fa4b5104740> 2016-03-09 16:51:48 CheckC
1457538708160	<INFO 7fa4b5104740> 2016-03-09 16:51:48 CheckD
1457538708163	<INFO 7fa4b5104740> 2016-03-09 16:51:48 CheckE
1457538708165	<INFO 7fa4b5104740> 2016-03-09 16:51:48 CheckF
1457538708167	<INFO 7fa4b5104740> 2016-03-09 16:51:48 CheckG
1457538708170	<INFO 7fa4b5104740> 2016-03-09 16:51:48 CheckH
1457538708172	<INFO 7fa4b5104740> 2016-03-09 16:51:48 CheckI
1457538708529	<INFO 7fa4b5104740> 2016-03-09 16:51:48 Completed gather
1457538708532	<INFO 7fa4b5104740> 2016-03-09 16:51:48 Started gather
1457538708856	<INFO 7fa4b5104740> 2016-03-09 16:51:48 CheckA
1457538708858	<INFO 7fa4b5104740> 2016-03-09 16:51:48 CheckB
1457538708861	<INFO 7fa4b5104740> 2016-03-09 16:51:48 CheckC
1457538708867	<INFO 7fa4b5104740> 2016-03-09 16:51:48 CheckD
1457538708869	<INFO 7fa4b5104740> 2016-03-09 16:51:48 CheckE
1457538708872	<INFO 7fa4b5104740> 2016-03-09 16:51:48 CheckF
1457538708875	<INFO 7fa4b5104740> 2016-03-09 16:51:48 CheckG
1457538708877	<INFO 7fa4b5104740> 2016-03-09 16:51:48 CheckH
1457538708880	<INFO 7fa4b5104740> 2016-03-09 16:51:48 CheckI
1457538709178	<INFO 7fa4b5104740> 2016-03-09 16:51:49 Completed gather
1457538709561	<INFO 7fa4b5104740> 2016-03-09 16:51:49 Started gather
1457538711001	<INFO 7fa4b5104740> 2016-03-09 16:51:51 CheckA
1457538711004	<INFO 7fa4b5104740> 2016-03-09 16:51:51 CheckB
1457538711006	<INFO 7fa4b5104740> 2016-03-09 16:51:51 CheckC
1457538711009	<INFO 7fa4b5104740> 2016-03-09 16:51:51 CheckD
1457538711012	<INFO 7fa4b5104740> 2016-03-09 16:51:51 CheckE
1457538711014	<INFO 7fa4b5104740> 2016-03-09 16:51:51 CheckF
1457538711017	<INFO 7fa4b5104740> 2016-03-09 16:51:51 CheckG
1457538711020	<INFO 7fa4b5104740> 2016-03-09 16:51:51 CheckH
1457538711022	<INFO 7fa4b5104740> 2016-03-09 16:51:51 CheckI
1457538714704	<INFO 7fa4b5104740> 2016-03-09 16:51:54 CheckJ
1457538714707	<INFO 7fa4b5104740> 2016-03-09 16:51:54 CheckK
1457538714709	<INFO 7fa4b5104740> 2016-03-09 16:51:54 CheckL
1457538714712	<INFO 7fa4b5104740> 2016-03-09 16:51:54 CheckM
1457538714714	<INFO 7fa4b5104740> 2016-03-09 16:51:54 CheckN
1457538715027	<INFO 7fa4b5104740> 2016-03-09 16:51:55 CheckO
1457538715030	<INFO 7fa4b5104740> 2016-03-09 16:51:55 CheckP
1457538715032	<INFO 7fa4b5104740> 2016-03-09 16:51:55 CheckQ
1457538715034	<INFO 7fa4b5104740> 2016-03-09 16:51:55 CheckI
1457538715037	<INFO 7fa4b5104740> 2016-03-09 16:51:55 CheckJ
1457538715039	<INFO 7fa4b5104740> 2016-03-09 16:51:55 CheckK
1457538715042	<INFO 7fa4b5104740> 2016-03-09 16:51:55 CheckL
1457538715044	<INFO 7fa4b5104740> 2016-03-09 16:51:55 CheckM
1457538715047	<INFO 7fa4b5104740> 2016-03-09 16:51:55 CheckN
1457538716360	<INFO 7fa4b5104740> 2016-03-09 16:51:56 CheckO
1457538716362	<INFO 7fa4b5104740> 2016-03-09 16:51:56 CheckP
1457538716365	<INFO 7fa4b5104740> 2016-03-09 16:51:56 CheckQ
1457538716367	<INFO 7fa4b5104740> 2016-03-09 16:51:56 CheckI
1457538721509	<INFO 7fa4b5104740> 2016-03-09 16:52:01 Completed gather
1457538721511	<INFO 7fa4b5104740> 2016-03-09 16:52:01 Started gather
1457538725214	<INFO 7fa4b5104740> 2016-03-09 16:52:05 CheckA
1457538725216	<INFO 7fa4b5104740> 2016-03-09 16:52:05 CheckB
1457538725219	<INFO 7fa4b5104740> 2016-03-09 16:52:05 CheckC
1457538725221	<INFO 7fa4b5104740> 2016-03-09 16:52:05 CheckD
1457538725224	<INFO 7fa4b5104740> 2016-03-09 16:52:05 CheckE
1457538725228	<INFO 7fa4b5104740> 2016-03-09 16:52:05 CheckF
1457538725230	<INFO 7fa4b5104740> 2016-03-09 16:52:05 CheckG
1457538725233	<INFO 7fa4b5104740> 2016-03-09 16:52:05 CheckH
1457538725235	<INFO 7fa4b5104740> 2016-03-09 16:52:05 CheckI
1457538725687	<INFO 7fa4b5104740> 2016-03-09 16:52:05 CheckJ
1457538725690	<INFO 7fa4b5104740> 2016-03-09 16:52:05 CheckK
1457538725692	<INFO 7fa4b5104740> 2016-03-09 16:52:05 CheckL
1457538725695	<INFO 7fa4b5104740> 2016-03-09 16:52:05 CheckM
1457538725698	<INFO 7fa4b5104740> 2016-03-09 16:52:05 CheckN
1457538725792	<INFO 7fa4b5104740> 2016-03-09 16:52:05 CheckO
1457538725795	<INFO 7fa4b5104740> 2016-03-09 16:52:05 CheckP
1457538725797	<INFO 7fa4b5104740> 2016-03-09 16:52:05 CheckQ
1457538725800	<INFO 7fa4b5104740> 2016-03-09 16:52:05 CheckI
1457538729166	<INFO 7fa4b5104740> 2016-03-09 16:52:09 Completed gather
1457538729169	<INFO 7fa4b5104740> 2016-03-09 16:52:09 Started gather
1457538732622	<INFO 7fa4b5104740> 2016-03-09 16:52:12 CheckA
1457538732624	<INFO 7fa4b5104740> 2016-03-09 16:52:12 CheckB
1457538732627	<INFO 7fa4b5104740> 2016-03-09 16:52:12 CheckC
1457538732629	<INFO 7fa4b5104740> 2016-03-09 16:52:12 CheckD
1457538732631	<INFO 7fa4b5104740> 2016-03-09 16:52:12 CheckE
1457538732633	<INFO 7fa4b5104740> 2016-03-09 16:52:12 CheckF
1457538732636	<INFO 7fa4b5104740> 2016-03-09 16:52:12 CheckG
1457538732639	<INFO 7fa4b5104740> 2016-03-09 16:52:12 CheckH
1457538732641	<INFO 7fa4b5104740> 2016-03-09 16:52:12 CheckI
1457538735129	<INFO 7fa4b5104740> 2016-03-09 16:52:15 CheckJ
1457538735133	<INFO 7fa4b5104740> 2016-03-09 16:52:15 CheckK
1457538735136	<INFO 7fa4b5104740> 2016-03-09 16:52:15 CheckL
1457538735139	<INFO 7fa4b5104740> 2016-03-09 16:52:15 CheckM
1457538735142	<INFO 7fa4b5104740> 2016-03-09 16:52:15 CheckN
1457538735237	<INFO 7fa4b5104740> 2016-03-09 16:52:15 CheckO
1457538735240	<INFO 7fa4b5104740> 2016-03-09 16:52:15 CheckP
1457538735242	<INFO 7fa4b5104740> 2016-03-09 16:52:15 CheckQ
1457538735245	<INFO 7fa4b5104740> 2016-03-09 16:52:15 CheckI
1457538738428	<INFO 7fa4b5104740> 2016-03-09 16:52:18 Completed gather
1457538738432	<INFO 7fa4b5104740> 2016-03-09 16:52:18 Started gather
1457538743807	<INFO 7fa4b5104740> 2016-03-09 16:52:23 CheckA
1457538743810	<INFO 7fa4b5104740> 2016-03-09 16:52:23 CheckB
1457538743812	<INFO 7fa4b5104740> 2016-03-09 16:52:23 CheckC
1457538743814	<INFO 7fa4b5104740> 2016-03-09 16:52:23 CheckD
1457538743817	<INFO 7fa4b5104740> 2016-03-09 16:52:23 CheckE
1457538743819	<INFO 7fa4b5104740> 2016-03-09 16:52:23 CheckF
1457538743821	<INFO 7fa4b5104740> 2016-03-09 16:52:23 CheckG
1457538743824	<INFO 7fa4b5104740> 2016-03-09 16:52:23 CheckH
1457538743826	<INFO 7fa4b5104740> 2016-03-09 16:52:23 CheckI
1457538745199	<INFO 7fa4b5104740> 2016-03-09 16:52:25 CheckJ
1457538745202	<INFO 7fa4b5104740> 2016-03-09 16:52:25 CheckK
1457538745206	<INFO 7fa4b5104740> 2016-03-09 16:52:25 CheckL
1457538745210	<INFO 7fa4b5104740> 2016-03-09 16:52:25 CheckM
1457538745213	<INFO 7fa4b5104740> 2016-03-09 16:52:25 CheckN
1457538745234	<INFO 7fa4b5104740> 2016-03-09 16:52:25 CheckO
1457538745237	<INFO 7fa4b5104740> 2016-03-09 16:52:25 CheckP
1457538745239	<INFO 7fa4b5104740> 2016-03-09 16:52:25 CheckQ
1457538745242	<INFO 7fa4b5104740> 2016-03-09 16:52:25 CheckI
1457538749400	<INFO 7fa4b5104740> 2016-03-09 16:52:29 Completed gather
1457538830939	<INFO 7fa4b5104740> 2016-03-09 16:53:50 Completed phase 2 Bytes read 21479382240 Bytes written 12660009720
1457538843197	<INFO 7fa4b5104740> 2016-03-09 16:54:03 Started gather
1457538843551	<INFO 7fa4b5104740> 2016-03-09 16:54:03 CheckA
1457538843553	<INFO 7fa4b5104740> 2016-03-09 16:54:03 CheckB
1457538843556	<INFO 7fa4b5104740> 2016-03-09 16:54:03 CheckC
1457538843559	<INFO 7fa4b5104740> 2016-03-09 16:54:03 CheckD
1457538843561	<INFO 7fa4b5104740> 2016-03-09 16:54:03 CheckE
1457538843563	<INFO 7fa4b5104740> 2016-03-09 16:54:03 CheckF
1457538843566	<INFO 7fa4b5104740> 2016-03-09 16:54:03 CheckG
1457538843569	<INFO 7fa4b5104740> 2016-03-09 16:54:03 CheckH
1457538843571	<INFO 7fa4b5104740> 2016-03-09 16:54:03 CheckI
1457538846127	<INFO 7fa4b5104740> 2016-03-09 16:54:06 CheckJ
1457538846130	<INFO 7fa4b5104740> 2016-03-09 16:54:06 CheckK
1457538846133	<INFO 7fa4b5104740> 2016-03-09 16:54:06 CheckL
1457538846135	<INFO 7fa4b5104740> 2016-03-09 16:54:06 CheckM
1457538846139	<INFO 7fa4b5104740> 2016-03-09 16:54:06 CheckN
1457538846260	<INFO 7fa4b5104740> 2016-03-09 16:54:06 CheckO
1457538846263	<INFO 7fa4b5104740> 2016-03-09 16:54:06 CheckP
1457538846265	<INFO 7fa4b5104740> 2016-03-09 16:54:06 CheckQ
1457538846268	<INFO 7fa4b5104740> 2016-03-09 16:54:06 CheckI
1457538851626	<INFO 7fa4b5104740> 2016-03-09 16:54:11 Completed gather
1457538851630	<INFO 7fa4b5104740> 2016-03-09 16:54:11 Started gather
1457538853605	<INFO 7fa4b5104740> 2016-03-09 16:54:13 CheckA
1457538853608	<INFO 7fa4b5104740> 2016-03-09 16:54:13 CheckB
1457538853612	<INFO 7fa4b5104740> 2016-03-09 16:54:13 CheckC
1457538853614	<INFO 7fa4b5104740> 2016-03-09 16:54:13 CheckD
1457538853617	<INFO 7fa4b5104740> 2016-03-09 16:54:13 CheckE
1457538853620	<INFO 7fa4b5104740> 2016-03-09 16:54:13 CheckF
1457538853622	<INFO 7fa4b5104740> 2016-03-09 16:54:13 CheckG
1457538853625	<INFO 7fa4b5104740> 2016-03-09 16:54:13 CheckH
1457538853627	<INFO 7fa4b5104740> 2016-03-09 16:54:13 CheckI
1457538854143	<INFO 7fa4b5104740> 2016-03-09 16:54:14 CheckJ
1457538854146	<INFO 7fa4b5104740> 2016-03-09 16:54:14 CheckK
1457538854149	<INFO 7fa4b5104740> 2016-03-09 16:54:14 CheckL
1457538854152	<INFO 7fa4b5104740> 2016-03-09 16:54:14 CheckM
1457538854156	<INFO 7fa4b5104740> 2016-03-09 16:54:14 CheckN
1457538854189	<INFO 7fa4b5104740> 2016-03-09 16:54:14 CheckO
1457538854192	<INFO 7fa4b5104740> 2016-03-09 16:54:14 CheckP
1457538854195	<INFO 7fa4b5104740> 2016-03-09 16:54:14 CheckQ
1457538854198	<INFO 7fa4b5104740> 2016-03-09 16:54:14 CheckI
1457538855525	<INFO 7fa4b5104740> 2016-03-09 16:54:15 Completed gather
1457538855528	<INFO 7fa4b5104740> 2016-03-09 16:54:15 Started gather
1457538856058	<INFO 7fa4b5104740> 2016-03-09 16:54:16 CheckA
1457538856061	<INFO 7fa4b5104740> 2016-03-09 16:54:16 CheckB
1457538856063	<INFO 7fa4b5104740> 2016-03-09 16:54:16 CheckC
1457538856066	<INFO 7fa4b5104740> 2016-03-09 16:54:16 CheckD
1457538856068	<INFO 7fa4b5104740> 2016-03-09 16:54:16 CheckE
1457538856071	<INFO 7fa4b5104740> 2016-03-09 16:54:16 CheckF
1457538856073	<INFO 7fa4b5104740> 2016-03-09 16:54:16 CheckG
1457538856075	<INFO 7fa4b5104740> 2016-03-09 16:54:16 CheckH
1457538856078	<INFO 7fa4b5104740> 2016-03-09 16:54:16 CheckI
1457538856313	<INFO 7fa4b5104740> 2016-03-09 16:54:16 CheckJ
1457538856316	<INFO 7fa4b5104740> 2016-03-09 16:54:16 CheckK
1457538856318	<INFO 7fa4b5104740> 2016-03-09 16:54:16 CheckL
1457538856322	<INFO 7fa4b5104740> 2016-03-09 16:54:16 CheckM
1457538856325	<INFO 7fa4b5104740> 2016-03-09 16:54:16 CheckN
1457538856357	<INFO 7fa4b5104740> 2016-03-09 16:54:16 CheckO
1457538856359	<INFO 7fa4b5104740> 2016-03-09 16:54:16 CheckP
1457538856362	<INFO 7fa4b5104740> 2016-03-09 16:54:16 CheckQ
1457538856364	<INFO 7fa4b5104740> 2016-03-09 16:54:16 CheckI
1457538857029	<INFO 7fa4b5104740> 2016-03-09 16:54:17 Completed gather
1457538857031	<INFO 7fa4b5104740> 2016-03-09 16:54:17 Started gather
1457538858597	<INFO 7fa4b5104740> 2016-03-09 16:54:18 CheckA
1457538858600	<INFO 7fa4b5104740> 2016-03-09 16:54:18 CheckB
1457538858602	<INFO 7fa4b5104740> 2016-03-09 16:54:18 CheckC
1457538858605	<INFO 7fa4b5104740> 2016-03-09 16:54:18 CheckD
1457538858608	<INFO 7fa4b5104740> 2016-03-09 16:54:18 CheckE
1457538858610	<INFO 7fa4b5104740> 2016-03-09 16:54:18 CheckF
1457538858614	<INFO 7fa4b5104740> 2016-03-09 16:54:18 CheckG
1457538858617	<INFO 7fa4b5104740> 2016-03-09 16:54:18 CheckH
1457538858620	<INFO 7fa4b5104740> 2016-03-09 16:54:18 CheckI
1457538858780	<INFO 7fa4b5104740> 2016-03-09 16:54:18 CheckJ
1457538858783	<INFO 7fa4b5104740> 2016-03-09 16:54:18 CheckK
1457538858786	<INFO 7fa4b5104740> 2016-03-09 16:54:18 CheckL
1457538858790	<INFO 7fa4b5104740> 2016-03-09 16:54:18 CheckM
1457538858794	<INFO 7fa4b5104740> 2016-03-09 16:54:18 CheckN
1457538858797	<INFO 7fa4b5104740> 2016-03-09 16:54:18 CheckO
1457538858800	<INFO 7fa4b5104740> 2016-03-09 16:54:18 CheckP
1457538858802	<INFO 7fa4b5104740> 2016-03-09 16:54:18 CheckQ
1457538858805	<INFO 7fa4b5104740> 2016-03-09 16:54:18 CheckI
1457538860894	<INFO 7fa4b5104740> 2016-03-09 16:54:20 Completed gather
1457538898952	<INFO 7fa4b5104740> 2016-03-09 16:54:58 Started scatter
1457538900157	<INFO 7fa4b5104740> 2016-03-09 16:55:00 CheckA
1457538900159	<INFO 7fa4b5104740> 2016-03-09 16:55:00 CheckB
1457538900162	<INFO 7fa4b5104740> 2016-03-09 16:55:00 CheckC
1457538900166	<INFO 7fa4b5104740> 2016-03-09 16:55:00 CheckD
1457538900169	<INFO 7fa4b5104740> 2016-03-09 16:55:00 CheckE
1457538900171	<INFO 7fa4b5104740> 2016-03-09 16:55:00 CheckF
1457538900174	<INFO 7fa4b5104740> 2016-03-09 16:55:00 CheckG
1457538900176	<INFO 7fa4b5104740> 2016-03-09 16:55:00 CheckH
1457538900178	<INFO 7fa4b5104740> 2016-03-09 16:55:00 CheckI
1457538903835	<INFO 7fa4b5104740> 2016-03-09 16:55:03 CheckJ
1457538903838	<INFO 7fa4b5104740> 2016-03-09 16:55:03 CheckK
1457538903841	<INFO 7fa4b5104740> 2016-03-09 16:55:03 CheckL
1457538903844	<INFO 7fa4b5104740> 2016-03-09 16:55:03 CheckM
1457538903846	<INFO 7fa4b5104740> 2016-03-09 16:55:03 CheckN
1457538904240	<INFO 7fa4b5104740> 2016-03-09 16:55:04 CheckO
1457538904243	<INFO 7fa4b5104740> 2016-03-09 16:55:04 CheckP
1457538904247	<INFO 7fa4b5104740> 2016-03-09 16:55:04 CheckQ
1457538904250	<INFO 7fa4b5104740> 2016-03-09 16:55:04 CheckI
1457538904253	<INFO 7fa4b5104740> 2016-03-09 16:55:04 CheckJ
1457538904256	<INFO 7fa4b5104740> 2016-03-09 16:55:04 CheckK
1457538904259	<INFO 7fa4b5104740> 2016-03-09 16:55:04 CheckL
1457538904262	<INFO 7fa4b5104740> 2016-03-09 16:55:04 CheckM
1457538904265	<INFO 7fa4b5104740> 2016-03-09 16:55:04 CheckN
1457538905563	<INFO 7fa4b5104740> 2016-03-09 16:55:05 CheckO
1457538905565	<INFO 7fa4b5104740> 2016-03-09 16:55:05 CheckP
1457538905567	<INFO 7fa4b5104740> 2016-03-09 16:55:05 CheckQ
1457538905570	<INFO 7fa4b5104740> 2016-03-09 16:55:05 CheckI
1457538906041	<INFO 7fa4b5104740> 2016-03-09 16:55:06 Completed scatter
1457538906043	<INFO 7fa4b5104740> 2016-03-09 16:55:06 Started scatter
1457538910525	<INFO 7fa4b5104740> 2016-03-09 16:55:10 CheckA
1457538910528	<INFO 7fa4b5104740> 2016-03-09 16:55:10 CheckB
1457538910531	<INFO 7fa4b5104740> 2016-03-09 16:55:10 CheckC
1457538910533	<INFO 7fa4b5104740> 2016-03-09 16:55:10 CheckD
1457538910537	<INFO 7fa4b5104740> 2016-03-09 16:55:10 CheckE
1457538910540	<INFO 7fa4b5104740> 2016-03-09 16:55:10 CheckF
1457538910542	<INFO 7fa4b5104740> 2016-03-09 16:55:10 CheckG
1457538910545	<INFO 7fa4b5104740> 2016-03-09 16:55:10 CheckH
1457538910547	<INFO 7fa4b5104740> 2016-03-09 16:55:10 CheckI
1457538913988	<INFO 7fa4b5104740> 2016-03-09 16:55:13 CheckJ
1457538913991	<INFO 7fa4b5104740> 2016-03-09 16:55:13 CheckK
1457538913994	<INFO 7fa4b5104740> 2016-03-09 16:55:13 CheckL
1457538913996	<INFO 7fa4b5104740> 2016-03-09 16:55:13 CheckM
1457538913999	<INFO 7fa4b5104740> 2016-03-09 16:55:13 CheckN
1457538914106	<INFO 7fa4b5104740> 2016-03-09 16:55:14 CheckO
1457538914108	<INFO 7fa4b5104740> 2016-03-09 16:55:14 CheckP
1457538914111	<INFO 7fa4b5104740> 2016-03-09 16:55:14 CheckQ
1457538914113	<INFO 7fa4b5104740> 2016-03-09 16:55:14 CheckI
1457538914611	<INFO 7fa4b5104740> 2016-03-09 16:55:14 Completed scatter
1457538914614	<INFO 7fa4b5104740> 2016-03-09 16:55:14 Started scatter
1457538918480	<INFO 7fa4b5104740> 2016-03-09 16:55:18 CheckA
1457538918482	<INFO 7fa4b5104740> 2016-03-09 16:55:18 CheckB
1457538918484	<INFO 7fa4b5104740> 2016-03-09 16:55:18 CheckC
1457538918487	<INFO 7fa4b5104740> 2016-03-09 16:55:18 CheckD
1457538918489	<INFO 7fa4b5104740> 2016-03-09 16:55:18 CheckE
1457538918492	<INFO 7fa4b5104740> 2016-03-09 16:55:18 CheckF
1457538918494	<INFO 7fa4b5104740> 2016-03-09 16:55:18 CheckG
1457538918497	<INFO 7fa4b5104740> 2016-03-09 16:55:18 CheckH
1457538918500	<INFO 7fa4b5104740> 2016-03-09 16:55:18 CheckI
1457538919676	<INFO 7fa4b5104740> 2016-03-09 16:55:19 CheckJ
1457538919679	<INFO 7fa4b5104740> 2016-03-09 16:55:19 CheckK
1457538919682	<INFO 7fa4b5104740> 2016-03-09 16:55:19 CheckL
1457538919684	<INFO 7fa4b5104740> 2016-03-09 16:55:19 CheckM
1457538919687	<INFO 7fa4b5104740> 2016-03-09 16:55:19 CheckN
1457538919791	<INFO 7fa4b5104740> 2016-03-09 16:55:19 CheckO
1457538919794	<INFO 7fa4b5104740> 2016-03-09 16:55:19 CheckP
1457538919796	<INFO 7fa4b5104740> 2016-03-09 16:55:19 CheckQ
1457538919799	<INFO 7fa4b5104740> 2016-03-09 16:55:19 CheckI
1457538919843	<INFO 7fa4b5104740> 2016-03-09 16:55:19 Completed scatter
1457538919846	<INFO 7fa4b5104740> 2016-03-09 16:55:19 Started scatter
1457538925031	<INFO 7fa4b5104740> 2016-03-09 16:55:25 CheckA
1457538925035	<INFO 7fa4b5104740> 2016-03-09 16:55:25 CheckB
1457538925038	<INFO 7fa4b5104740> 2016-03-09 16:55:25 CheckC
1457538925041	<INFO 7fa4b5104740> 2016-03-09 16:55:25 CheckD
1457538925044	<INFO 7fa4b5104740> 2016-03-09 16:55:25 CheckE
1457538925046	<INFO 7fa4b5104740> 2016-03-09 16:55:25 CheckF
1457538925049	<INFO 7fa4b5104740> 2016-03-09 16:55:25 CheckG
1457538925052	<INFO 7fa4b5104740> 2016-03-09 16:55:25 CheckH
1457538925056	<INFO 7fa4b5104740> 2016-03-09 16:55:25 CheckI
1457538925391	<INFO 7fa4b5104740> 2016-03-09 16:55:25 CheckJ
1457538925393	<INFO 7fa4b5104740> 2016-03-09 16:55:25 CheckK
1457538925395	<INFO 7fa4b5104740> 2016-03-09 16:55:25 CheckL
1457538925398	<INFO 7fa4b5104740> 2016-03-09 16:55:25 CheckM
1457538925402	<INFO 7fa4b5104740> 2016-03-09 16:55:25 CheckN
1457538925429	<INFO 7fa4b5104740> 2016-03-09 16:55:25 CheckO
1457538925431	<INFO 7fa4b5104740> 2016-03-09 16:55:25 CheckP
1457538925434	<INFO 7fa4b5104740> 2016-03-09 16:55:25 CheckQ
1457538925437	<INFO 7fa4b5104740> 2016-03-09 16:55:25 CheckI
1457538926679	<INFO 7fa4b5104740> 2016-03-09 16:55:26 Completed scatter
1457539018256	<INFO 7fa4b5104740> 2016-03-09 16:56:58 Completed phase 3 Bytes read 33334085592 Bytes written 17853336248
1457539030522	<INFO 7fa4b5104740> 2016-03-09 16:57:10 Started gather
1457539030795	<INFO 7fa4b5104740> 2016-03-09 16:57:10 CheckA
1457539030798	<INFO 7fa4b5104740> 2016-03-09 16:57:10 CheckB
1457539030800	<INFO 7fa4b5104740> 2016-03-09 16:57:10 CheckC
1457539030803	<INFO 7fa4b5104740> 2016-03-09 16:57:10 CheckD
1457539030805	<INFO 7fa4b5104740> 2016-03-09 16:57:10 CheckE
1457539030807	<INFO 7fa4b5104740> 2016-03-09 16:57:10 CheckF
1457539030810	<INFO 7fa4b5104740> 2016-03-09 16:57:10 CheckG
1457539030813	<INFO 7fa4b5104740> 2016-03-09 16:57:10 CheckH
1457539030815	<INFO 7fa4b5104740> 2016-03-09 16:57:10 CheckI
1457539033187	<INFO 7fa4b5104740> 2016-03-09 16:57:13 CheckJ
1457539033191	<INFO 7fa4b5104740> 2016-03-09 16:57:13 CheckK
1457539033194	<INFO 7fa4b5104740> 2016-03-09 16:57:13 CheckL
1457539033197	<INFO 7fa4b5104740> 2016-03-09 16:57:13 CheckM
1457539033200	<INFO 7fa4b5104740> 2016-03-09 16:57:13 CheckN
1457539033333	<INFO 7fa4b5104740> 2016-03-09 16:57:13 CheckO
1457539033336	<INFO 7fa4b5104740> 2016-03-09 16:57:13 CheckP
1457539033338	<INFO 7fa4b5104740> 2016-03-09 16:57:13 CheckQ
1457539033341	<INFO 7fa4b5104740> 2016-03-09 16:57:13 CheckI
1457539037408	<INFO 7fa4b5104740> 2016-03-09 16:57:17 Completed gather
1457539037411	<INFO 7fa4b5104740> 2016-03-09 16:57:17 Started gather
1457539039702	<INFO 7fa4b5104740> 2016-03-09 16:57:19 CheckA
1457539039705	<INFO 7fa4b5104740> 2016-03-09 16:57:19 CheckB
1457539039708	<INFO 7fa4b5104740> 2016-03-09 16:57:19 CheckC
1457539039710	<INFO 7fa4b5104740> 2016-03-09 16:57:19 CheckD
1457539039713	<INFO 7fa4b5104740> 2016-03-09 16:57:19 CheckE
1457539039716	<INFO 7fa4b5104740> 2016-03-09 16:57:19 CheckF
1457539039719	<INFO 7fa4b5104740> 2016-03-09 16:57:19 CheckG
1457539039722	<INFO 7fa4b5104740> 2016-03-09 16:57:19 CheckH
1457539039726	<INFO 7fa4b5104740> 2016-03-09 16:57:19 CheckI
1457539040367	<INFO 7fa4b5104740> 2016-03-09 16:57:20 CheckJ
1457539040370	<INFO 7fa4b5104740> 2016-03-09 16:57:20 CheckK
1457539040373	<INFO 7fa4b5104740> 2016-03-09 16:57:20 CheckL
1457539040376	<INFO 7fa4b5104740> 2016-03-09 16:57:20 CheckM
1457539040379	<INFO 7fa4b5104740> 2016-03-09 16:57:20 CheckN
1457539040408	<INFO 7fa4b5104740> 2016-03-09 16:57:20 CheckO
1457539040411	<INFO 7fa4b5104740> 2016-03-09 16:57:20 CheckP
1457539040413	<INFO 7fa4b5104740> 2016-03-09 16:57:20 CheckQ
1457539040416	<INFO 7fa4b5104740> 2016-03-09 16:57:20 CheckI
1457539041795	<INFO 7fa4b5104740> 2016-03-09 16:57:21 Completed gather
1457539041798	<INFO 7fa4b5104740> 2016-03-09 16:57:21 Started gather
1457539042751	<INFO 7fa4b5104740> 2016-03-09 16:57:22 CheckA
1457539042754	<INFO 7fa4b5104740> 2016-03-09 16:57:22 CheckB
1457539042757	<INFO 7fa4b5104740> 2016-03-09 16:57:22 CheckC
1457539042759	<INFO 7fa4b5104740> 2016-03-09 16:57:22 CheckD
1457539042762	<INFO 7fa4b5104740> 2016-03-09 16:57:22 CheckE
1457539042764	<INFO 7fa4b5104740> 2016-03-09 16:57:22 CheckF
1457539042767	<INFO 7fa4b5104740> 2016-03-09 16:57:22 CheckG
1457539042769	<INFO 7fa4b5104740> 2016-03-09 16:57:22 CheckH
1457539042771	<INFO 7fa4b5104740> 2016-03-09 16:57:22 CheckI
1457539043112	<INFO 7fa4b5104740> 2016-03-09 16:57:23 CheckJ
1457539043115	<INFO 7fa4b5104740> 2016-03-09 16:57:23 CheckK
1457539043120	<INFO 7fa4b5104740> 2016-03-09 16:57:23 CheckL
1457539043123	<INFO 7fa4b5104740> 2016-03-09 16:57:23 CheckM
1457539043126	<INFO 7fa4b5104740> 2016-03-09 16:57:23 CheckN
1457539043155	<INFO 7fa4b5104740> 2016-03-09 16:57:23 CheckO
1457539043157	<INFO 7fa4b5104740> 2016-03-09 16:57:23 CheckP
1457539043160	<INFO 7fa4b5104740> 2016-03-09 16:57:23 CheckQ
1457539043163	<INFO 7fa4b5104740> 2016-03-09 16:57:23 CheckI
1457539043766	<INFO 7fa4b5104740> 2016-03-09 16:57:23 Completed gather
1457539043770	<INFO 7fa4b5104740> 2016-03-09 16:57:23 Started gather
1457539044985	<INFO 7fa4b5104740> 2016-03-09 16:57:24 CheckA
1457539044988	<INFO 7fa4b5104740> 2016-03-09 16:57:24 CheckB
1457539044990	<INFO 7fa4b5104740> 2016-03-09 16:57:24 CheckC
1457539044993	<INFO 7fa4b5104740> 2016-03-09 16:57:24 CheckD
1457539044995	<INFO 7fa4b5104740> 2016-03-09 16:57:24 CheckE
1457539044998	<INFO 7fa4b5104740> 2016-03-09 16:57:24 CheckF
1457539045000	<INFO 7fa4b5104740> 2016-03-09 16:57:24 CheckG
1457539045003	<INFO 7fa4b5104740> 2016-03-09 16:57:24 CheckH
1457539045006	<INFO 7fa4b5104740> 2016-03-09 16:57:24 CheckI
1457539045335	<INFO 7fa4b5104740> 2016-03-09 16:57:25 CheckJ
1457539045338	<INFO 7fa4b5104740> 2016-03-09 16:57:25 CheckK
1457539045341	<INFO 7fa4b5104740> 2016-03-09 16:57:25 CheckL
1457539045344	<INFO 7fa4b5104740> 2016-03-09 16:57:25 CheckM
1457539045347	<INFO 7fa4b5104740> 2016-03-09 16:57:25 CheckN
1457539045350	<INFO 7fa4b5104740> 2016-03-09 16:57:25 CheckO
1457539045353	<INFO 7fa4b5104740> 2016-03-09 16:57:25 CheckP
1457539045356	<INFO 7fa4b5104740> 2016-03-09 16:57:25 CheckQ
1457539045358	<INFO 7fa4b5104740> 2016-03-09 16:57:25 CheckI
1457539047691	<INFO 7fa4b5104740> 2016-03-09 16:57:27 Completed gather
1457539083854	<INFO 7fa4b5104740> 2016-03-09 16:58:03 Started scatter
1457539085663	<INFO 7fa4b5104740> 2016-03-09 16:58:05 CheckA
1457539085666	<INFO 7fa4b5104740> 2016-03-09 16:58:05 CheckB
1457539085669	<INFO 7fa4b5104740> 2016-03-09 16:58:05 CheckC
1457539085672	<INFO 7fa4b5104740> 2016-03-09 16:58:05 CheckD
1457539085674	<INFO 7fa4b5104740> 2016-03-09 16:58:05 CheckE
1457539085677	<INFO 7fa4b5104740> 2016-03-09 16:58:05 CheckF
1457539085679	<INFO 7fa4b5104740> 2016-03-09 16:58:05 CheckG
1457539085682	<INFO 7fa4b5104740> 2016-03-09 16:58:05 CheckH
1457539085684	<INFO 7fa4b5104740> 2016-03-09 16:58:05 CheckI
1457539089139	<INFO 7fa4b5104740> 2016-03-09 16:58:09 CheckJ
1457539089142	<INFO 7fa4b5104740> 2016-03-09 16:58:09 CheckK
1457539089144	<INFO 7fa4b5104740> 2016-03-09 16:58:09 CheckL
1457539089147	<INFO 7fa4b5104740> 2016-03-09 16:58:09 CheckM
1457539089150	<INFO 7fa4b5104740> 2016-03-09 16:58:09 CheckN
1457539089470	<INFO 7fa4b5104740> 2016-03-09 16:58:09 CheckO
1457539089473	<INFO 7fa4b5104740> 2016-03-09 16:58:09 CheckP
1457539089475	<INFO 7fa4b5104740> 2016-03-09 16:58:09 CheckQ
1457539089478	<INFO 7fa4b5104740> 2016-03-09 16:58:09 CheckI
1457539089483	<INFO 7fa4b5104740> 2016-03-09 16:58:09 CheckJ
1457539089486	<INFO 7fa4b5104740> 2016-03-09 16:58:09 CheckK
1457539089488	<INFO 7fa4b5104740> 2016-03-09 16:58:09 CheckL
1457539089491	<INFO 7fa4b5104740> 2016-03-09 16:58:09 CheckM
1457539089493	<INFO 7fa4b5104740> 2016-03-09 16:58:09 CheckN
1457539090889	<INFO 7fa4b5104740> 2016-03-09 16:58:10 CheckO
1457539090892	<INFO 7fa4b5104740> 2016-03-09 16:58:10 CheckP
1457539090894	<INFO 7fa4b5104740> 2016-03-09 16:58:10 CheckQ
1457539090897	<INFO 7fa4b5104740> 2016-03-09 16:58:10 CheckI
1457539092465	<INFO 7fa4b5104740> 2016-03-09 16:58:12 Completed scatter
1457539092468	<INFO 7fa4b5104740> 2016-03-09 16:58:12 Started scatter
1457539098764	<INFO 7fa4b5104740> 2016-03-09 16:58:18 CheckA
1457539098767	<INFO 7fa4b5104740> 2016-03-09 16:58:18 CheckB
1457539098769	<INFO 7fa4b5104740> 2016-03-09 16:58:18 CheckC
1457539098771	<INFO 7fa4b5104740> 2016-03-09 16:58:18 CheckD
1457539098774	<INFO 7fa4b5104740> 2016-03-09 16:58:18 CheckE
1457539098776	<INFO 7fa4b5104740> 2016-03-09 16:58:18 CheckF
1457539098779	<INFO 7fa4b5104740> 2016-03-09 16:58:18 CheckG
1457539098781	<INFO 7fa4b5104740> 2016-03-09 16:58:18 CheckH
1457539098783	<INFO 7fa4b5104740> 2016-03-09 16:58:18 CheckI
1457539100620	<INFO 7fa4b5104740> 2016-03-09 16:58:20 CheckJ
1457539100623	<INFO 7fa4b5104740> 2016-03-09 16:58:20 CheckK
1457539100625	<INFO 7fa4b5104740> 2016-03-09 16:58:20 CheckL
1457539100628	<INFO 7fa4b5104740> 2016-03-09 16:58:20 CheckM
1457539100630	<INFO 7fa4b5104740> 2016-03-09 16:58:20 CheckN
1457539100723	<INFO 7fa4b5104740> 2016-03-09 16:58:20 CheckO
1457539100726	<INFO 7fa4b5104740> 2016-03-09 16:58:20 CheckP
1457539100728	<INFO 7fa4b5104740> 2016-03-09 16:58:20 CheckQ
1457539100731	<INFO 7fa4b5104740> 2016-03-09 16:58:20 CheckI
1457539101108	<INFO 7fa4b5104740> 2016-03-09 16:58:21 Completed scatter
1457539101111	<INFO 7fa4b5104740> 2016-03-09 16:58:21 Started scatter
1457539106571	<INFO 7fa4b5104740> 2016-03-09 16:58:26 CheckA
1457539106574	<INFO 7fa4b5104740> 2016-03-09 16:58:26 CheckB
1457539106577	<INFO 7fa4b5104740> 2016-03-09 16:58:26 CheckC
1457539106580	<INFO 7fa4b5104740> 2016-03-09 16:58:26 CheckD
1457539106583	<INFO 7fa4b5104740> 2016-03-09 16:58:26 CheckE
1457539106586	<INFO 7fa4b5104740> 2016-03-09 16:58:26 CheckF
1457539106589	<INFO 7fa4b5104740> 2016-03-09 16:58:26 CheckG
1457539106592	<INFO 7fa4b5104740> 2016-03-09 16:58:26 CheckH
1457539106594	<INFO 7fa4b5104740> 2016-03-09 16:58:26 CheckI
1457539108903	<INFO 7fa4b5104740> 2016-03-09 16:58:28 CheckJ
1457539108905	<INFO 7fa4b5104740> 2016-03-09 16:58:28 CheckK
1457539108910	<INFO 7fa4b5104740> 2016-03-09 16:58:28 CheckL
1457539108913	<INFO 7fa4b5104740> 2016-03-09 16:58:28 CheckM
1457539108915	<INFO 7fa4b5104740> 2016-03-09 16:58:28 CheckN
1457539109009	<INFO 7fa4b5104740> 2016-03-09 16:58:29 CheckO
1457539109014	<INFO 7fa4b5104740> 2016-03-09 16:58:29 CheckP
1457539109016	<INFO 7fa4b5104740> 2016-03-09 16:58:29 CheckQ
1457539109018	<INFO 7fa4b5104740> 2016-03-09 16:58:29 CheckI
1457539109725	<INFO 7fa4b5104740> 2016-03-09 16:58:29 Completed scatter
1457539109729	<INFO 7fa4b5104740> 2016-03-09 16:58:29 Started scatter
1457539114983	<INFO 7fa4b5104740> 2016-03-09 16:58:34 CheckA
1457539114986	<INFO 7fa4b5104740> 2016-03-09 16:58:34 CheckB
1457539114989	<INFO 7fa4b5104740> 2016-03-09 16:58:34 CheckC
1457539114991	<INFO 7fa4b5104740> 2016-03-09 16:58:34 CheckD
1457539114994	<INFO 7fa4b5104740> 2016-03-09 16:58:34 CheckE
1457539114996	<INFO 7fa4b5104740> 2016-03-09 16:58:34 CheckF
1457539114999	<INFO 7fa4b5104740> 2016-03-09 16:58:34 CheckG
1457539115001	<INFO 7fa4b5104740> 2016-03-09 16:58:34 CheckH
1457539115004	<INFO 7fa4b5104740> 2016-03-09 16:58:34 CheckI
1457539115641	<INFO 7fa4b5104740> 2016-03-09 16:58:35 CheckJ
1457539115644	<INFO 7fa4b5104740> 2016-03-09 16:58:35 CheckK
1457539115647	<INFO 7fa4b5104740> 2016-03-09 16:58:35 CheckL
1457539115650	<INFO 7fa4b5104740> 2016-03-09 16:58:35 CheckM
1457539115653	<INFO 7fa4b5104740> 2016-03-09 16:58:35 CheckN
1457539115678	<INFO 7fa4b5104740> 2016-03-09 16:58:35 CheckO
1457539115681	<INFO 7fa4b5104740> 2016-03-09 16:58:35 CheckP
1457539115684	<INFO 7fa4b5104740> 2016-03-09 16:58:35 CheckQ
1457539115686	<INFO 7fa4b5104740> 2016-03-09 16:58:35 CheckI
1457539115720	<INFO 7fa4b5104740> 2016-03-09 16:58:35 Completed scatter
1457539204177	<INFO 7fa4b5104740> 2016-03-09 17:00:04 Completed phase 4 Bytes read 45441897992 Bytes written 22995290400
1457539214176	<INFO 7fa4b5104740> 2016-03-09 17:00:14 Started gather
1457539214540	<INFO 7fa4b5104740> 2016-03-09 17:00:14 CheckA
1457539214542	<INFO 7fa4b5104740> 2016-03-09 17:00:14 CheckB
1457539214544	<INFO 7fa4b5104740> 2016-03-09 17:00:14 CheckC
1457539214548	<INFO 7fa4b5104740> 2016-03-09 17:00:14 CheckD
1457539214551	<INFO 7fa4b5104740> 2016-03-09 17:00:14 CheckE
1457539214553	<INFO 7fa4b5104740> 2016-03-09 17:00:14 CheckF
1457539214556	<INFO 7fa4b5104740> 2016-03-09 17:00:14 CheckG
1457539214558	<INFO 7fa4b5104740> 2016-03-09 17:00:14 CheckH
1457539214560	<INFO 7fa4b5104740> 2016-03-09 17:00:14 CheckI
1457539216984	<INFO 7fa4b5104740> 2016-03-09 17:00:16 CheckJ
1457539216988	<INFO 7fa4b5104740> 2016-03-09 17:00:16 CheckK
1457539216991	<INFO 7fa4b5104740> 2016-03-09 17:00:16 CheckL
1457539216994	<INFO 7fa4b5104740> 2016-03-09 17:00:16 CheckM
1457539216997	<INFO 7fa4b5104740> 2016-03-09 17:00:16 CheckN
1457539217116	<INFO 7fa4b5104740> 2016-03-09 17:00:17 CheckO
1457539217120	<INFO 7fa4b5104740> 2016-03-09 17:00:17 CheckP
1457539217122	<INFO 7fa4b5104740> 2016-03-09 17:00:17 CheckQ
1457539217125	<INFO 7fa4b5104740> 2016-03-09 17:00:17 CheckI
1457539221530	<INFO 7fa4b5104740> 2016-03-09 17:00:21 Completed gather
1457539221533	<INFO 7fa4b5104740> 2016-03-09 17:00:21 Started gather
1457539223925	<INFO 7fa4b5104740> 2016-03-09 17:00:23 CheckA
1457539223928	<INFO 7fa4b5104740> 2016-03-09 17:00:23 CheckB
1457539223931	<INFO 7fa4b5104740> 2016-03-09 17:00:23 CheckC
1457539223934	<INFO 7fa4b5104740> 2016-03-09 17:00:23 CheckD
1457539223936	<INFO 7fa4b5104740> 2016-03-09 17:00:23 CheckE
1457539223939	<INFO 7fa4b5104740> 2016-03-09 17:00:23 CheckF
1457539223942	<INFO 7fa4b5104740> 2016-03-09 17:00:23 CheckG
1457539223944	<INFO 7fa4b5104740> 2016-03-09 17:00:23 CheckH
1457539223947	<INFO 7fa4b5104740> 2016-03-09 17:00:23 CheckI
1457539224372	<INFO 7fa4b5104740> 2016-03-09 17:00:24 CheckJ
1457539224376	<INFO 7fa4b5104740> 2016-03-09 17:00:24 CheckK
1457539224381	<INFO 7fa4b5104740> 2016-03-09 17:00:24 CheckL
1457539224385	<INFO 7fa4b5104740> 2016-03-09 17:00:24 CheckM
1457539224388	<INFO 7fa4b5104740> 2016-03-09 17:00:24 CheckN
1457539224416	<INFO 7fa4b5104740> 2016-03-09 17:00:24 CheckO
1457539224418	<INFO 7fa4b5104740> 2016-03-09 17:00:24 CheckP
1457539224421	<INFO 7fa4b5104740> 2016-03-09 17:00:24 CheckQ
1457539224424	<INFO 7fa4b5104740> 2016-03-09 17:00:24 CheckI
1457539225895	<INFO 7fa4b5104740> 2016-03-09 17:00:25 Completed gather
1457539225898	<INFO 7fa4b5104740> 2016-03-09 17:00:25 Started gather
1457539226555	<INFO 7fa4b5104740> 2016-03-09 17:00:26 CheckA
1457539226558	<INFO 7fa4b5104740> 2016-03-09 17:00:26 CheckB
1457539226560	<INFO 7fa4b5104740> 2016-03-09 17:00:26 CheckC
1457539226563	<INFO 7fa4b5104740> 2016-03-09 17:00:26 CheckD
1457539226565	<INFO 7fa4b5104740> 2016-03-09 17:00:26 CheckE
1457539226568	<INFO 7fa4b5104740> 2016-03-09 17:00:26 CheckF
1457539226570	<INFO 7fa4b5104740> 2016-03-09 17:00:26 CheckG
1457539226573	<INFO 7fa4b5104740> 2016-03-09 17:00:26 CheckH
1457539226575	<INFO 7fa4b5104740> 2016-03-09 17:00:26 CheckI
1457539226791	<INFO 7fa4b5104740> 2016-03-09 17:00:26 CheckJ
1457539226794	<INFO 7fa4b5104740> 2016-03-09 17:00:26 CheckK
1457539226797	<INFO 7fa4b5104740> 2016-03-09 17:00:26 CheckL
1457539226801	<INFO 7fa4b5104740> 2016-03-09 17:00:26 CheckM
1457539226804	<INFO 7fa4b5104740> 2016-03-09 17:00:26 CheckN
1457539226833	<INFO 7fa4b5104740> 2016-03-09 17:00:26 CheckO
1457539226836	<INFO 7fa4b5104740> 2016-03-09 17:00:26 CheckP
1457539226839	<INFO 7fa4b5104740> 2016-03-09 17:00:26 CheckQ
1457539226842	<INFO 7fa4b5104740> 2016-03-09 17:00:26 CheckI
1457539228191	<INFO 7fa4b5104740> 2016-03-09 17:00:28 Completed gather
1457539228193	<INFO 7fa4b5104740> 2016-03-09 17:00:28 Started gather
1457539230151	<INFO 7fa4b5104740> 2016-03-09 17:00:30 CheckA
1457539230154	<INFO 7fa4b5104740> 2016-03-09 17:00:30 CheckB
1457539230156	<INFO 7fa4b5104740> 2016-03-09 17:00:30 CheckC
1457539230159	<INFO 7fa4b5104740> 2016-03-09 17:00:30 CheckD
1457539230161	<INFO 7fa4b5104740> 2016-03-09 17:00:30 CheckE
1457539230164	<INFO 7fa4b5104740> 2016-03-09 17:00:30 CheckF
1457539230167	<INFO 7fa4b5104740> 2016-03-09 17:00:30 CheckG
1457539230170	<INFO 7fa4b5104740> 2016-03-09 17:00:30 CheckH
1457539230172	<INFO 7fa4b5104740> 2016-03-09 17:00:30 CheckI
1457539230446	<INFO 7fa4b5104740> 2016-03-09 17:00:30 CheckJ
1457539230451	<INFO 7fa4b5104740> 2016-03-09 17:00:30 CheckK
1457539230453	<INFO 7fa4b5104740> 2016-03-09 17:00:30 CheckL
1457539230456	<INFO 7fa4b5104740> 2016-03-09 17:00:30 CheckM
1457539230459	<INFO 7fa4b5104740> 2016-03-09 17:00:30 CheckN
1457539230461	<INFO 7fa4b5104740> 2016-03-09 17:00:30 CheckO
1457539230464	<INFO 7fa4b5104740> 2016-03-09 17:00:30 CheckP
1457539230467	<INFO 7fa4b5104740> 2016-03-09 17:00:30 CheckQ
1457539230470	<INFO 7fa4b5104740> 2016-03-09 17:00:30 CheckI
1457539231737	<INFO 7fa4b5104740> 2016-03-09 17:00:31 Completed gather
1457539272010	<INFO 7fa4b5104740> 2016-03-09 17:01:12 Started scatter
1457539273592	<INFO 7fa4b5104740> 2016-03-09 17:01:13 CheckA
1457539273594	<INFO 7fa4b5104740> 2016-03-09 17:01:13 CheckB
1457539273597	<INFO 7fa4b5104740> 2016-03-09 17:01:13 CheckC
1457539273599	<INFO 7fa4b5104740> 2016-03-09 17:01:13 CheckD
1457539273602	<INFO 7fa4b5104740> 2016-03-09 17:01:13 CheckE
1457539273604	<INFO 7fa4b5104740> 2016-03-09 17:01:13 CheckF
1457539273607	<INFO 7fa4b5104740> 2016-03-09 17:01:13 CheckG
1457539273609	<INFO 7fa4b5104740> 2016-03-09 17:01:13 CheckH
1457539273612	<INFO 7fa4b5104740> 2016-03-09 17:01:13 CheckI
1457539277436	<INFO 7fa4b5104740> 2016-03-09 17:01:17 CheckJ
1457539277438	<INFO 7fa4b5104740> 2016-03-09 17:01:17 CheckK
1457539277441	<INFO 7fa4b5104740> 2016-03-09 17:01:17 CheckL
1457539277443	<INFO 7fa4b5104740> 2016-03-09 17:01:17 CheckM
1457539277446	<INFO 7fa4b5104740> 2016-03-09 17:01:17 CheckN
1457539277790	<INFO 7fa4b5104740> 2016-03-09 17:01:17 CheckO
1457539277794	<INFO 7fa4b5104740> 2016-03-09 17:01:17 CheckP
1457539277796	<INFO 7fa4b5104740> 2016-03-09 17:01:17 CheckQ
1457539277799	<INFO 7fa4b5104740> 2016-03-09 17:01:17 CheckI
1457539277802	<INFO 7fa4b5104740> 2016-03-09 17:01:17 CheckJ
1457539277806	<INFO 7fa4b5104740> 2016-03-09 17:01:17 CheckK
1457539277808	<INFO 7fa4b5104740> 2016-03-09 17:01:17 CheckL
1457539277810	<INFO 7fa4b5104740> 2016-03-09 17:01:17 CheckM
1457539277813	<INFO 7fa4b5104740> 2016-03-09 17:01:17 CheckN
1457539279287	<INFO 7fa4b5104740> 2016-03-09 17:01:19 CheckO
1457539279290	<INFO 7fa4b5104740> 2016-03-09 17:01:19 CheckP
1457539279292	<INFO 7fa4b5104740> 2016-03-09 17:01:19 CheckQ
1457539279295	<INFO 7fa4b5104740> 2016-03-09 17:01:19 CheckI
1457539279541	<INFO 7fa4b5104740> 2016-03-09 17:01:19 Completed scatter
1457539279544	<INFO 7fa4b5104740> 2016-03-09 17:01:19 Started scatter
1457539287084	<INFO 7fa4b5104740> 2016-03-09 17:01:27 CheckA
1457539287087	<INFO 7fa4b5104740> 2016-03-09 17:01:27 CheckB
1457539287090	<INFO 7fa4b5104740> 2016-03-09 17:01:27 CheckC
1457539287092	<INFO 7fa4b5104740> 2016-03-09 17:01:27 CheckD
1457539287095	<INFO 7fa4b5104740> 2016-03-09 17:01:27 CheckE
1457539287097	<INFO 7fa4b5104740> 2016-03-09 17:01:27 CheckF
1457539287100	<INFO 7fa4b5104740> 2016-03-09 17:01:27 CheckG
1457539287103	<INFO 7fa4b5104740> 2016-03-09 17:01:27 CheckH
1457539287105	<INFO 7fa4b5104740> 2016-03-09 17:01:27 CheckI
1457539288162	<INFO 7fa4b5104740> 2016-03-09 17:01:28 CheckJ
1457539288165	<INFO 7fa4b5104740> 2016-03-09 17:01:28 CheckK
1457539288167	<INFO 7fa4b5104740> 2016-03-09 17:01:28 CheckL
1457539288170	<INFO 7fa4b5104740> 2016-03-09 17:01:28 CheckM
1457539288173	<INFO 7fa4b5104740> 2016-03-09 17:01:28 CheckN
1457539288280	<INFO 7fa4b5104740> 2016-03-09 17:01:28 CheckO
1457539288283	<INFO 7fa4b5104740> 2016-03-09 17:01:28 CheckP
1457539288285	<INFO 7fa4b5104740> 2016-03-09 17:01:28 CheckQ
1457539288288	<INFO 7fa4b5104740> 2016-03-09 17:01:28 CheckI
1457539288480	<INFO 7fa4b5104740> 2016-03-09 17:01:28 Completed scatter
1457539288483	<INFO 7fa4b5104740> 2016-03-09 17:01:28 Started scatter
1457539294882	<INFO 7fa4b5104740> 2016-03-09 17:01:34 CheckA
1457539294886	<INFO 7fa4b5104740> 2016-03-09 17:01:34 CheckB
1457539294889	<INFO 7fa4b5104740> 2016-03-09 17:01:34 CheckC
1457539294891	<INFO 7fa4b5104740> 2016-03-09 17:01:34 CheckD
1457539294894	<INFO 7fa4b5104740> 2016-03-09 17:01:34 CheckE
1457539294897	<INFO 7fa4b5104740> 2016-03-09 17:01:34 CheckF
1457539294901	<INFO 7fa4b5104740> 2016-03-09 17:01:34 CheckG
1457539294904	<INFO 7fa4b5104740> 2016-03-09 17:01:34 CheckH
1457539294907	<INFO 7fa4b5104740> 2016-03-09 17:01:34 CheckI
1457539296786	<INFO 7fa4b5104740> 2016-03-09 17:01:36 CheckJ
1457539296789	<INFO 7fa4b5104740> 2016-03-09 17:01:36 CheckK
1457539296792	<INFO 7fa4b5104740> 2016-03-09 17:01:36 CheckL
1457539296794	<INFO 7fa4b5104740> 2016-03-09 17:01:36 CheckM
1457539296797	<INFO 7fa4b5104740> 2016-03-09 17:01:36 CheckN
1457539296893	<INFO 7fa4b5104740> 2016-03-09 17:01:36 CheckO
1457539296895	<INFO 7fa4b5104740> 2016-03-09 17:01:36 CheckP
1457539296898	<INFO 7fa4b5104740> 2016-03-09 17:01:36 CheckQ
1457539296900	<INFO 7fa4b5104740> 2016-03-09 17:01:36 CheckI
1457539297125	<INFO 7fa4b5104740> 2016-03-09 17:01:37 Completed scatter
1457539297128	<INFO 7fa4b5104740> 2016-03-09 17:01:37 Started scatter
1457539301233	<INFO 7fa4b5104740> 2016-03-09 17:01:41 CheckA
1457539301236	<INFO 7fa4b5104740> 2016-03-09 17:01:41 CheckB
1457539301241	<INFO 7fa4b5104740> 2016-03-09 17:01:41 CheckC
1457539301244	<INFO 7fa4b5104740> 2016-03-09 17:01:41 CheckD
1457539301246	<INFO 7fa4b5104740> 2016-03-09 17:01:41 CheckE
1457539301249	<INFO 7fa4b5104740> 2016-03-09 17:01:41 CheckF
1457539301252	<INFO 7fa4b5104740> 2016-03-09 17:01:41 CheckG
1457539301255	<INFO 7fa4b5104740> 2016-03-09 17:01:41 CheckH
1457539301257	<INFO 7fa4b5104740> 2016-03-09 17:01:41 CheckI
1457539301481	<INFO 7fa4b5104740> 2016-03-09 17:01:41 CheckJ
1457539301484	<INFO 7fa4b5104740> 2016-03-09 17:01:41 CheckK
1457539301486	<INFO 7fa4b5104740> 2016-03-09 17:01:41 CheckL
1457539301490	<INFO 7fa4b5104740> 2016-03-09 17:01:41 CheckM
1457539301494	<INFO 7fa4b5104740> 2016-03-09 17:01:41 CheckN
1457539301516	<INFO 7fa4b5104740> 2016-03-09 17:01:41 CheckO
1457539301519	<INFO 7fa4b5104740> 2016-03-09 17:01:41 CheckP
1457539301521	<INFO 7fa4b5104740> 2016-03-09 17:01:41 CheckQ
1457539301524	<INFO 7fa4b5104740> 2016-03-09 17:01:41 CheckI
1457539301584	<INFO 7fa4b5104740> 2016-03-09 17:01:41 Completed scatter
1457539391972	<INFO 7fa4b5104740> 2016-03-09 17:03:11 Completed phase 5 Bytes read 57498338016 Bytes written 28111222608
1457539402958	<INFO 7fa4b5104740> 2016-03-09 17:03:22 Started gather
1457539403275	<INFO 7fa4b5104740> 2016-03-09 17:03:23 CheckA
1457539403277	<INFO 7fa4b5104740> 2016-03-09 17:03:23 CheckB
1457539403281	<INFO 7fa4b5104740> 2016-03-09 17:03:23 CheckC
1457539403283	<INFO 7fa4b5104740> 2016-03-09 17:03:23 CheckD
1457539403286	<INFO 7fa4b5104740> 2016-03-09 17:03:23 CheckE
1457539403288	<INFO 7fa4b5104740> 2016-03-09 17:03:23 CheckF
1457539403291	<INFO 7fa4b5104740> 2016-03-09 17:03:23 CheckG
1457539403293	<INFO 7fa4b5104740> 2016-03-09 17:03:23 CheckH
1457539403296	<INFO 7fa4b5104740> 2016-03-09 17:03:23 CheckI
1457539406264	<INFO 7fa4b5104740> 2016-03-09 17:03:26 CheckJ
1457539406267	<INFO 7fa4b5104740> 2016-03-09 17:03:26 CheckK
1457539406270	<INFO 7fa4b5104740> 2016-03-09 17:03:26 CheckL
1457539406273	<INFO 7fa4b5104740> 2016-03-09 17:03:26 CheckM
1457539406278	<INFO 7fa4b5104740> 2016-03-09 17:03:26 CheckN
1457539406394	<INFO 7fa4b5104740> 2016-03-09 17:03:26 CheckO
1457539406397	<INFO 7fa4b5104740> 2016-03-09 17:03:26 CheckP
1457539406400	<INFO 7fa4b5104740> 2016-03-09 17:03:26 CheckQ
1457539406403	<INFO 7fa4b5104740> 2016-03-09 17:03:26 CheckI
1457539410146	<INFO 7fa4b5104740> 2016-03-09 17:03:30 Completed gather
1457539410149	<INFO 7fa4b5104740> 2016-03-09 17:03:30 Started gather
1457539412133	<INFO 7fa4b5104740> 2016-03-09 17:03:32 CheckA
1457539412136	<INFO 7fa4b5104740> 2016-03-09 17:03:32 CheckB
1457539412139	<INFO 7fa4b5104740> 2016-03-09 17:03:32 CheckC
1457539412143	<INFO 7fa4b5104740> 2016-03-09 17:03:32 CheckD
1457539412146	<INFO 7fa4b5104740> 2016-03-09 17:03:32 CheckE
1457539412148	<INFO 7fa4b5104740> 2016-03-09 17:03:32 CheckF
1457539412151	<INFO 7fa4b5104740> 2016-03-09 17:03:32 CheckG
1457539412155	<INFO 7fa4b5104740> 2016-03-09 17:03:32 CheckH
1457539412158	<INFO 7fa4b5104740> 2016-03-09 17:03:32 CheckI
1457539412604	<INFO 7fa4b5104740> 2016-03-09 17:03:32 CheckJ
1457539412609	<INFO 7fa4b5104740> 2016-03-09 17:03:32 CheckK
1457539412612	<INFO 7fa4b5104740> 2016-03-09 17:03:32 CheckL
1457539412615	<INFO 7fa4b5104740> 2016-03-09 17:03:32 CheckM
1457539412618	<INFO 7fa4b5104740> 2016-03-09 17:03:32 CheckN
1457539412650	<INFO 7fa4b5104740> 2016-03-09 17:03:32 CheckO
1457539412653	<INFO 7fa4b5104740> 2016-03-09 17:03:32 CheckP
1457539412656	<INFO 7fa4b5104740> 2016-03-09 17:03:32 CheckQ
1457539412658	<INFO 7fa4b5104740> 2016-03-09 17:03:32 CheckI
1457539414198	<INFO 7fa4b5104740> 2016-03-09 17:03:34 Completed gather
1457539414201	<INFO 7fa4b5104740> 2016-03-09 17:03:34 Started gather
1457539414806	<INFO 7fa4b5104740> 2016-03-09 17:03:34 CheckA
1457539414809	<INFO 7fa4b5104740> 2016-03-09 17:03:34 CheckB
1457539414811	<INFO 7fa4b5104740> 2016-03-09 17:03:34 CheckC
1457539414814	<INFO 7fa4b5104740> 2016-03-09 17:03:34 CheckD
1457539414816	<INFO 7fa4b5104740> 2016-03-09 17:03:34 CheckE
1457539414819	<INFO 7fa4b5104740> 2016-03-09 17:03:34 CheckF
1457539414822	<INFO 7fa4b5104740> 2016-03-09 17:03:34 CheckG
1457539414824	<INFO 7fa4b5104740> 2016-03-09 17:03:34 CheckH
1457539414827	<INFO 7fa4b5104740> 2016-03-09 17:03:34 CheckI
1457539415251	<INFO 7fa4b5104740> 2016-03-09 17:03:35 CheckJ
1457539415254	<INFO 7fa4b5104740> 2016-03-09 17:03:35 CheckK
1457539415257	<INFO 7fa4b5104740> 2016-03-09 17:03:35 CheckL
1457539415260	<INFO 7fa4b5104740> 2016-03-09 17:03:35 CheckM
1457539415263	<INFO 7fa4b5104740> 2016-03-09 17:03:35 CheckN
1457539415295	<INFO 7fa4b5104740> 2016-03-09 17:03:35 CheckO
1457539415298	<INFO 7fa4b5104740> 2016-03-09 17:03:35 CheckP
1457539415301	<INFO 7fa4b5104740> 2016-03-09 17:03:35 CheckQ
1457539415307	<INFO 7fa4b5104740> 2016-03-09 17:03:35 CheckI
1457539416512	<INFO 7fa4b5104740> 2016-03-09 17:03:36 Completed gather
1457539416515	<INFO 7fa4b5104740> 2016-03-09 17:03:36 Started gather
1457539416993	<INFO 7fa4b5104740> 2016-03-09 17:03:36 CheckA
1457539416998	<INFO 7fa4b5104740> 2016-03-09 17:03:36 CheckB
1457539417000	<INFO 7fa4b5104740> 2016-03-09 17:03:36 CheckC
1457539417003	<INFO 7fa4b5104740> 2016-03-09 17:03:36 CheckD
1457539417005	<INFO 7fa4b5104740> 2016-03-09 17:03:36 CheckE
1457539417008	<INFO 7fa4b5104740> 2016-03-09 17:03:36 CheckF
1457539417011	<INFO 7fa4b5104740> 2016-03-09 17:03:36 CheckG
1457539417014	<INFO 7fa4b5104740> 2016-03-09 17:03:36 CheckH
1457539417017	<INFO 7fa4b5104740> 2016-03-09 17:03:36 CheckI
1457539417119	<INFO 7fa4b5104740> 2016-03-09 17:03:37 CheckJ
1457539417122	<INFO 7fa4b5104740> 2016-03-09 17:03:37 CheckK
1457539417126	<INFO 7fa4b5104740> 2016-03-09 17:03:37 CheckL
1457539417130	<INFO 7fa4b5104740> 2016-03-09 17:03:37 CheckM
1457539417132	<INFO 7fa4b5104740> 2016-03-09 17:03:37 CheckN
1457539417135	<INFO 7fa4b5104740> 2016-03-09 17:03:37 CheckO
1457539417138	<INFO 7fa4b5104740> 2016-03-09 17:03:37 CheckP
1457539417140	<INFO 7fa4b5104740> 2016-03-09 17:03:37 CheckQ
1457539417143	<INFO 7fa4b5104740> 2016-03-09 17:03:37 CheckI
1457539417867	<INFO 7fa4b5104740> 2016-03-09 17:03:37 Completed gather
1457539457407	<INFO 7fa4b5104740> 2016-03-09 17:04:17 Started scatter
1457539459431	<INFO 7fa4b5104740> 2016-03-09 17:04:19 CheckA
1457539459434	<INFO 7fa4b5104740> 2016-03-09 17:04:19 CheckB
1457539459436	<INFO 7fa4b5104740> 2016-03-09 17:04:19 CheckC
1457539459439	<INFO 7fa4b5104740> 2016-03-09 17:04:19 CheckD
1457539459441	<INFO 7fa4b5104740> 2016-03-09 17:04:19 CheckE
1457539459444	<INFO 7fa4b5104740> 2016-03-09 17:04:19 CheckF
1457539459447	<INFO 7fa4b5104740> 2016-03-09 17:04:19 CheckG
1457539459449	<INFO 7fa4b5104740> 2016-03-09 17:04:19 CheckH
1457539459452	<INFO 7fa4b5104740> 2016-03-09 17:04:19 CheckI
1457539462743	<INFO 7fa4b5104740> 2016-03-09 17:04:22 CheckJ
1457539462746	<INFO 7fa4b5104740> 2016-03-09 17:04:22 CheckK
1457539462749	<INFO 7fa4b5104740> 2016-03-09 17:04:22 CheckL
1457539462751	<INFO 7fa4b5104740> 2016-03-09 17:04:22 CheckM
1457539462754	<INFO 7fa4b5104740> 2016-03-09 17:04:22 CheckN
1457539463061	<INFO 7fa4b5104740> 2016-03-09 17:04:23 CheckO
1457539463064	<INFO 7fa4b5104740> 2016-03-09 17:04:23 CheckP
1457539463067	<INFO 7fa4b5104740> 2016-03-09 17:04:23 CheckQ
1457539463073	<INFO 7fa4b5104740> 2016-03-09 17:04:23 CheckI
1457539463077	<INFO 7fa4b5104740> 2016-03-09 17:04:23 CheckJ
1457539463080	<INFO 7fa4b5104740> 2016-03-09 17:04:23 CheckK
1457539463083	<INFO 7fa4b5104740> 2016-03-09 17:04:23 CheckL
1457539463086	<INFO 7fa4b5104740> 2016-03-09 17:04:23 CheckM
1457539463089	<INFO 7fa4b5104740> 2016-03-09 17:04:23 CheckN
1457539464924	<INFO 7fa4b5104740> 2016-03-09 17:04:24 CheckO
1457539464927	<INFO 7fa4b5104740> 2016-03-09 17:04:24 CheckP
1457539464929	<INFO 7fa4b5104740> 2016-03-09 17:04:24 CheckQ
1457539464931	<INFO 7fa4b5104740> 2016-03-09 17:04:24 CheckI
1457539465412	<INFO 7fa4b5104740> 2016-03-09 17:04:25 Completed scatter
1457539465414	<INFO 7fa4b5104740> 2016-03-09 17:04:25 Started scatter
1457539469267	<INFO 7fa4b5104740> 2016-03-09 17:04:29 CheckA
1457539469270	<INFO 7fa4b5104740> 2016-03-09 17:04:29 CheckB
1457539469272	<INFO 7fa4b5104740> 2016-03-09 17:04:29 CheckC
1457539469275	<INFO 7fa4b5104740> 2016-03-09 17:04:29 CheckD
1457539469277	<INFO 7fa4b5104740> 2016-03-09 17:04:29 CheckE
1457539469280	<INFO 7fa4b5104740> 2016-03-09 17:04:29 CheckF
1457539469282	<INFO 7fa4b5104740> 2016-03-09 17:04:29 CheckG
1457539469284	<INFO 7fa4b5104740> 2016-03-09 17:04:29 CheckH
1457539469287	<INFO 7fa4b5104740> 2016-03-09 17:04:29 CheckI
1457539471762	<INFO 7fa4b5104740> 2016-03-09 17:04:31 CheckJ
1457539471764	<INFO 7fa4b5104740> 2016-03-09 17:04:31 CheckK
1457539471766	<INFO 7fa4b5104740> 2016-03-09 17:04:31 CheckL
1457539471769	<INFO 7fa4b5104740> 2016-03-09 17:04:31 CheckM
1457539471772	<INFO 7fa4b5104740> 2016-03-09 17:04:31 CheckN
1457539471887	<INFO 7fa4b5104740> 2016-03-09 17:04:31 CheckO
1457539471890	<INFO 7fa4b5104740> 2016-03-09 17:04:31 CheckP
1457539471893	<INFO 7fa4b5104740> 2016-03-09 17:04:31 CheckQ
1457539471895	<INFO 7fa4b5104740> 2016-03-09 17:04:31 CheckI
1457539472369	<INFO 7fa4b5104740> 2016-03-09 17:04:32 Completed scatter
1457539472371	<INFO 7fa4b5104740> 2016-03-09 17:04:32 Started scatter
1457539477674	<INFO 7fa4b5104740> 2016-03-09 17:04:37 CheckA
1457539477677	<INFO 7fa4b5104740> 2016-03-09 17:04:37 CheckB
1457539477679	<INFO 7fa4b5104740> 2016-03-09 17:04:37 CheckC
1457539477681	<INFO 7fa4b5104740> 2016-03-09 17:04:37 CheckD
1457539477684	<INFO 7fa4b5104740> 2016-03-09 17:04:37 CheckE
1457539477687	<INFO 7fa4b5104740> 2016-03-09 17:04:37 CheckF
1457539477689	<INFO 7fa4b5104740> 2016-03-09 17:04:37 CheckG
1457539477692	<INFO 7fa4b5104740> 2016-03-09 17:04:37 CheckH
1457539477694	<INFO 7fa4b5104740> 2016-03-09 17:04:37 CheckI
1457539479638	<INFO 7fa4b5104740> 2016-03-09 17:04:39 CheckJ
1457539479641	<INFO 7fa4b5104740> 2016-03-09 17:04:39 CheckK
1457539479644	<INFO 7fa4b5104740> 2016-03-09 17:04:39 CheckL
1457539479647	<INFO 7fa4b5104740> 2016-03-09 17:04:39 CheckM
1457539479650	<INFO 7fa4b5104740> 2016-03-09 17:04:39 CheckN
1457539479765	<INFO 7fa4b5104740> 2016-03-09 17:04:39 CheckO
1457539479767	<INFO 7fa4b5104740> 2016-03-09 17:04:39 CheckP
1457539479773	<INFO 7fa4b5104740> 2016-03-09 17:04:39 CheckQ
1457539479775	<INFO 7fa4b5104740> 2016-03-09 17:04:39 CheckI
1457539479992	<INFO 7fa4b5104740> 2016-03-09 17:04:39 Completed scatter
1457539479994	<INFO 7fa4b5104740> 2016-03-09 17:04:39 Started scatter
1457539489443	<INFO 7fa4b5104740> 2016-03-09 17:04:49 CheckA
1457539489445	<INFO 7fa4b5104740> 2016-03-09 17:04:49 CheckB
1457539489448	<INFO 7fa4b5104740> 2016-03-09 17:04:49 CheckC
1457539489451	<INFO 7fa4b5104740> 2016-03-09 17:04:49 CheckD
1457539489456	<INFO 7fa4b5104740> 2016-03-09 17:04:49 CheckE
1457539489458	<INFO 7fa4b5104740> 2016-03-09 17:04:49 CheckF
1457539489461	<INFO 7fa4b5104740> 2016-03-09 17:04:49 CheckG
1457539489464	<INFO 7fa4b5104740> 2016-03-09 17:04:49 CheckH
1457539489467	<INFO 7fa4b5104740> 2016-03-09 17:04:49 CheckI
1457539490176	<INFO 7fa4b5104740> 2016-03-09 17:04:50 CheckJ
1457539490178	<INFO 7fa4b5104740> 2016-03-09 17:04:50 CheckK
1457539490183	<INFO 7fa4b5104740> 2016-03-09 17:04:50 CheckL
1457539490187	<INFO 7fa4b5104740> 2016-03-09 17:04:50 CheckM
1457539490190	<INFO 7fa4b5104740> 2016-03-09 17:04:50 CheckN
1457539490217	<INFO 7fa4b5104740> 2016-03-09 17:04:50 CheckO
1457539490220	<INFO 7fa4b5104740> 2016-03-09 17:04:50 CheckP
1457539490222	<INFO 7fa4b5104740> 2016-03-09 17:04:50 CheckQ
1457539490225	<INFO 7fa4b5104740> 2016-03-09 17:04:50 CheckI
1457539490538	<INFO 7fa4b5104740> 2016-03-09 17:04:50 Completed scatter
1457539579466	<INFO 7fa4b5104740> 2016-03-09 17:06:19 Completed phase 6 Bytes read 69528756096 Bytes written 33160753696
1457539589197	<INFO 7fa4b5104740> 2016-03-09 17:06:29 Started gather
1457539589513	<INFO 7fa4b5104740> 2016-03-09 17:06:29 CheckA
1457539589515	<INFO 7fa4b5104740> 2016-03-09 17:06:29 CheckB
1457539589518	<INFO 7fa4b5104740> 2016-03-09 17:06:29 CheckC
1457539589520	<INFO 7fa4b5104740> 2016-03-09 17:06:29 CheckD
1457539589523	<INFO 7fa4b5104740> 2016-03-09 17:06:29 CheckE
1457539589525	<INFO 7fa4b5104740> 2016-03-09 17:06:29 CheckF
1457539589528	<INFO 7fa4b5104740> 2016-03-09 17:06:29 CheckG
1457539589530	<INFO 7fa4b5104740> 2016-03-09 17:06:29 CheckH
1457539589533	<INFO 7fa4b5104740> 2016-03-09 17:06:29 CheckI
1457539592215	<INFO 7fa4b5104740> 2016-03-09 17:06:32 CheckJ
1457539592218	<INFO 7fa4b5104740> 2016-03-09 17:06:32 CheckK
1457539592221	<INFO 7fa4b5104740> 2016-03-09 17:06:32 CheckL
1457539592224	<INFO 7fa4b5104740> 2016-03-09 17:06:32 CheckM
1457539592227	<INFO 7fa4b5104740> 2016-03-09 17:06:32 CheckN
1457539592345	<INFO 7fa4b5104740> 2016-03-09 17:06:32 CheckO
1457539592348	<INFO 7fa4b5104740> 2016-03-09 17:06:32 CheckP
1457539592351	<INFO 7fa4b5104740> 2016-03-09 17:06:32 CheckQ
1457539592353	<INFO 7fa4b5104740> 2016-03-09 17:06:32 CheckI
1457539597395	<INFO 7fa4b5104740> 2016-03-09 17:06:37 Completed gather
1457539597399	<INFO 7fa4b5104740> 2016-03-09 17:06:37 Started gather
1457539599415	<INFO 7fa4b5104740> 2016-03-09 17:06:39 CheckA
1457539599419	<INFO 7fa4b5104740> 2016-03-09 17:06:39 CheckB
1457539599423	<INFO 7fa4b5104740> 2016-03-09 17:06:39 CheckC
1457539599426	<INFO 7fa4b5104740> 2016-03-09 17:06:39 CheckD
1457539599429	<INFO 7fa4b5104740> 2016-03-09 17:06:39 CheckE
1457539599431	<INFO 7fa4b5104740> 2016-03-09 17:06:39 CheckF
1457539599435	<INFO 7fa4b5104740> 2016-03-09 17:06:39 CheckG
1457539599439	<INFO 7fa4b5104740> 2016-03-09 17:06:39 CheckH
1457539599442	<INFO 7fa4b5104740> 2016-03-09 17:06:39 CheckI
1457539600006	<INFO 7fa4b5104740> 2016-03-09 17:06:40 CheckJ
1457539600010	<INFO 7fa4b5104740> 2016-03-09 17:06:40 CheckK
1457539600015	<INFO 7fa4b5104740> 2016-03-09 17:06:40 CheckL
1457539600019	<INFO 7fa4b5104740> 2016-03-09 17:06:40 CheckM
1457539600024	<INFO 7fa4b5104740> 2016-03-09 17:06:40 CheckN
1457539600050	<INFO 7fa4b5104740> 2016-03-09 17:06:40 CheckO
1457539600054	<INFO 7fa4b5104740> 2016-03-09 17:06:40 CheckP
1457539600057	<INFO 7fa4b5104740> 2016-03-09 17:06:40 CheckQ
1457539600061	<INFO 7fa4b5104740> 2016-03-09 17:06:40 CheckI
1457539602041	<INFO 7fa4b5104740> 2016-03-09 17:06:42 Completed gather
1457539602044	<INFO 7fa4b5104740> 2016-03-09 17:06:42 Started gather
1457539602817	<INFO 7fa4b5104740> 2016-03-09 17:06:42 CheckA
1457539602819	<INFO 7fa4b5104740> 2016-03-09 17:06:42 CheckB
1457539602822	<INFO 7fa4b5104740> 2016-03-09 17:06:42 CheckC
1457539602825	<INFO 7fa4b5104740> 2016-03-09 17:06:42 CheckD
1457539602828	<INFO 7fa4b5104740> 2016-03-09 17:06:42 CheckE
1457539602830	<INFO 7fa4b5104740> 2016-03-09 17:06:42 CheckF
1457539602834	<INFO 7fa4b5104740> 2016-03-09 17:06:42 CheckG
1457539602836	<INFO 7fa4b5104740> 2016-03-09 17:06:42 CheckH
1457539602839	<INFO 7fa4b5104740> 2016-03-09 17:06:42 CheckI
1457539603010	<INFO 7fa4b5104740> 2016-03-09 17:06:43 CheckJ
1457539603013	<INFO 7fa4b5104740> 2016-03-09 17:06:43 CheckK
1457539603015	<INFO 7fa4b5104740> 2016-03-09 17:06:43 CheckL
1457539603019	<INFO 7fa4b5104740> 2016-03-09 17:06:43 CheckM
1457539603022	<INFO 7fa4b5104740> 2016-03-09 17:06:43 CheckN
1457539603053	<INFO 7fa4b5104740> 2016-03-09 17:06:43 CheckO
1457539603055	<INFO 7fa4b5104740> 2016-03-09 17:06:43 CheckP
1457539603057	<INFO 7fa4b5104740> 2016-03-09 17:06:43 CheckQ
1457539603060	<INFO 7fa4b5104740> 2016-03-09 17:06:43 CheckI
1457539603666	<INFO 7fa4b5104740> 2016-03-09 17:06:43 Completed gather
1457539603668	<INFO 7fa4b5104740> 2016-03-09 17:06:43 Started gather
1457539605199	<INFO 7fa4b5104740> 2016-03-09 17:06:45 CheckA
1457539605202	<INFO 7fa4b5104740> 2016-03-09 17:06:45 CheckB
1457539605206	<INFO 7fa4b5104740> 2016-03-09 17:06:45 CheckC
1457539605209	<INFO 7fa4b5104740> 2016-03-09 17:06:45 CheckD
1457539605212	<INFO 7fa4b5104740> 2016-03-09 17:06:45 CheckE
1457539605215	<INFO 7fa4b5104740> 2016-03-09 17:06:45 CheckF
1457539605220	<INFO 7fa4b5104740> 2016-03-09 17:06:45 CheckG
1457539605222	<INFO 7fa4b5104740> 2016-03-09 17:06:45 CheckH
1457539605226	<INFO 7fa4b5104740> 2016-03-09 17:06:45 CheckI
1457539605547	<INFO 7fa4b5104740> 2016-03-09 17:06:45 CheckJ
1457539605551	<INFO 7fa4b5104740> 2016-03-09 17:06:45 CheckK
1457539605553	<INFO 7fa4b5104740> 2016-03-09 17:06:45 CheckL
1457539605557	<INFO 7fa4b5104740> 2016-03-09 17:06:45 CheckM
1457539605561	<INFO 7fa4b5104740> 2016-03-09 17:06:45 CheckN
1457539605564	<INFO 7fa4b5104740> 2016-03-09 17:06:45 CheckO
1457539605567	<INFO 7fa4b5104740> 2016-03-09 17:06:45 CheckP
1457539605570	<INFO 7fa4b5104740> 2016-03-09 17:06:45 CheckQ
1457539605572	<INFO 7fa4b5104740> 2016-03-09 17:06:45 CheckI
1457539607632	<INFO 7fa4b5104740> 2016-03-09 17:06:47 Completed gather
1457539644441	<INFO 7fa4b5104740> 2016-03-09 17:07:24 Started scatter
1457539646067	<INFO 7fa4b5104740> 2016-03-09 17:07:26 CheckA
1457539646069	<INFO 7fa4b5104740> 2016-03-09 17:07:26 CheckB
1457539646072	<INFO 7fa4b5104740> 2016-03-09 17:07:26 CheckC
1457539646074	<INFO 7fa4b5104740> 2016-03-09 17:07:26 CheckD
1457539646077	<INFO 7fa4b5104740> 2016-03-09 17:07:26 CheckE
1457539646079	<INFO 7fa4b5104740> 2016-03-09 17:07:26 CheckF
1457539646082	<INFO 7fa4b5104740> 2016-03-09 17:07:26 CheckG
1457539646084	<INFO 7fa4b5104740> 2016-03-09 17:07:26 CheckH
1457539646088	<INFO 7fa4b5104740> 2016-03-09 17:07:26 CheckI
1457539649403	<INFO 7fa4b5104740> 2016-03-09 17:07:29 CheckJ
1457539649406	<INFO 7fa4b5104740> 2016-03-09 17:07:29 CheckK
1457539649409	<INFO 7fa4b5104740> 2016-03-09 17:07:29 CheckL
1457539649411	<INFO 7fa4b5104740> 2016-03-09 17:07:29 CheckM
1457539649414	<INFO 7fa4b5104740> 2016-03-09 17:07:29 CheckN
1457539649722	<INFO 7fa4b5104740> 2016-03-09 17:07:29 CheckO
1457539649727	<INFO 7fa4b5104740> 2016-03-09 17:07:29 CheckP
1457539649729	<INFO 7fa4b5104740> 2016-03-09 17:07:29 CheckQ
1457539649731	<INFO 7fa4b5104740> 2016-03-09 17:07:29 CheckI
1457539649873	<INFO 7fa4b5104740> 2016-03-09 17:07:29 CheckJ
1457539649875	<INFO 7fa4b5104740> 2016-03-09 17:07:29 CheckK
1457539649879	<INFO 7fa4b5104740> 2016-03-09 17:07:29 CheckL
1457539649882	<INFO 7fa4b5104740> 2016-03-09 17:07:29 CheckM
1457539649884	<INFO 7fa4b5104740> 2016-03-09 17:07:29 CheckN
1457539651624	<INFO 7fa4b5104740> 2016-03-09 17:07:31 CheckO
1457539651627	<INFO 7fa4b5104740> 2016-03-09 17:07:31 CheckP
1457539651630	<INFO 7fa4b5104740> 2016-03-09 17:07:31 CheckQ
1457539651633	<INFO 7fa4b5104740> 2016-03-09 17:07:31 CheckI
1457539651996	<INFO 7fa4b5104740> 2016-03-09 17:07:31 Completed scatter
1457539651999	<INFO 7fa4b5104740> 2016-03-09 17:07:31 Started scatter
1457539659614	<INFO 7fa4b5104740> 2016-03-09 17:07:39 CheckA
1457539659618	<INFO 7fa4b5104740> 2016-03-09 17:07:39 CheckB
1457539659621	<INFO 7fa4b5104740> 2016-03-09 17:07:39 CheckC
1457539659625	<INFO 7fa4b5104740> 2016-03-09 17:07:39 CheckD
1457539659628	<INFO 7fa4b5104740> 2016-03-09 17:07:39 CheckE
1457539659631	<INFO 7fa4b5104740> 2016-03-09 17:07:39 CheckF
1457539659634	<INFO 7fa4b5104740> 2016-03-09 17:07:39 CheckG
1457539659636	<INFO 7fa4b5104740> 2016-03-09 17:07:39 CheckH
1457539659640	<INFO 7fa4b5104740> 2016-03-09 17:07:39 CheckI
1457539660300	<INFO 7fa4b5104740> 2016-03-09 17:07:40 CheckJ
1457539660303	<INFO 7fa4b5104740> 2016-03-09 17:07:40 CheckK
1457539660305	<INFO 7fa4b5104740> 2016-03-09 17:07:40 CheckL
1457539660308	<INFO 7fa4b5104740> 2016-03-09 17:07:40 CheckM
1457539660311	<INFO 7fa4b5104740> 2016-03-09 17:07:40 CheckN
1457539660408	<INFO 7fa4b5104740> 2016-03-09 17:07:40 CheckO
1457539660411	<INFO 7fa4b5104740> 2016-03-09 17:07:40 CheckP
1457539660413	<INFO 7fa4b5104740> 2016-03-09 17:07:40 CheckQ
1457539660416	<INFO 7fa4b5104740> 2016-03-09 17:07:40 CheckI
1457539660688	<INFO 7fa4b5104740> 2016-03-09 17:07:40 Completed scatter
1457539660691	<INFO 7fa4b5104740> 2016-03-09 17:07:40 Started scatter
1457539664945	<INFO 7fa4b5104740> 2016-03-09 17:07:44 CheckA
1457539664947	<INFO 7fa4b5104740> 2016-03-09 17:07:44 CheckB
1457539664951	<INFO 7fa4b5104740> 2016-03-09 17:07:44 CheckC
1457539664953	<INFO 7fa4b5104740> 2016-03-09 17:07:44 CheckD
1457539664956	<INFO 7fa4b5104740> 2016-03-09 17:07:44 CheckE
1457539664959	<INFO 7fa4b5104740> 2016-03-09 17:07:44 CheckF
1457539664961	<INFO 7fa4b5104740> 2016-03-09 17:07:44 CheckG
1457539664963	<INFO 7fa4b5104740> 2016-03-09 17:07:44 CheckH
1457539664966	<INFO 7fa4b5104740> 2016-03-09 17:07:44 CheckI
1457539666067	<INFO 7fa4b5104740> 2016-03-09 17:07:46 CheckJ
1457539666069	<INFO 7fa4b5104740> 2016-03-09 17:07:46 CheckK
1457539666072	<INFO 7fa4b5104740> 2016-03-09 17:07:46 CheckL
1457539666074	<INFO 7fa4b5104740> 2016-03-09 17:07:46 CheckM
1457539666077	<INFO 7fa4b5104740> 2016-03-09 17:07:46 CheckN
1457539666174	<INFO 7fa4b5104740> 2016-03-09 17:07:46 CheckO
1457539666176	<INFO 7fa4b5104740> 2016-03-09 17:07:46 CheckP
1457539666179	<INFO 7fa4b5104740> 2016-03-09 17:07:46 CheckQ
1457539666182	<INFO 7fa4b5104740> 2016-03-09 17:07:46 CheckI
1457539666193	<INFO 7fa4b5104740> 2016-03-09 17:07:46 Completed scatter
1457539666196	<INFO 7fa4b5104740> 2016-03-09 17:07:46 Started scatter
1457539672597	<INFO 7fa4b5104740> 2016-03-09 17:07:52 CheckA
1457539672599	<INFO 7fa4b5104740> 2016-03-09 17:07:52 CheckB
1457539672602	<INFO 7fa4b5104740> 2016-03-09 17:07:52 CheckC
1457539672604	<INFO 7fa4b5104740> 2016-03-09 17:07:52 CheckD
1457539672607	<INFO 7fa4b5104740> 2016-03-09 17:07:52 CheckE
1457539672609	<INFO 7fa4b5104740> 2016-03-09 17:07:52 CheckF
1457539672612	<INFO 7fa4b5104740> 2016-03-09 17:07:52 CheckG
1457539672614	<INFO 7fa4b5104740> 2016-03-09 17:07:52 CheckH
1457539672617	<INFO 7fa4b5104740> 2016-03-09 17:07:52 CheckI
1457539673106	<INFO 7fa4b5104740> 2016-03-09 17:07:53 CheckJ
1457539673110	<INFO 7fa4b5104740> 2016-03-09 17:07:53 CheckK
1457539673116	<INFO 7fa4b5104740> 2016-03-09 17:07:53 CheckL
1457539673121	<INFO 7fa4b5104740> 2016-03-09 17:07:53 CheckM
1457539673124	<INFO 7fa4b5104740> 2016-03-09 17:07:53 CheckN
1457539673142	<INFO 7fa4b5104740> 2016-03-09 17:07:53 CheckO
1457539673144	<INFO 7fa4b5104740> 2016-03-09 17:07:53 CheckP
1457539673147	<INFO 7fa4b5104740> 2016-03-09 17:07:53 CheckQ
1457539673150	<INFO 7fa4b5104740> 2016-03-09 17:07:53 CheckI
1457539673722	<INFO 7fa4b5104740> 2016-03-09 17:07:53 Completed scatter
1457539763735	<INFO 7fa4b5104740> 2016-03-09 17:09:23 Completed phase 7 Bytes read 81492773056 Bytes written 38170282664
1457539763737	<INFO 7fa4b5104740> CORE::PARTITIONS_PROCESSED 310
1457539763739	<INFO 7fa4b5104740> CORE::BYTES::EDGES_STREAMED 650458368
1457539763742	<INFO 7fa4b5104740> CORE::BYTES::UPDATES_OUT 367118784
1457539763744	<INFO 7fa4b5104740> CORE::BYTES::UPDATES_IN 363177576
1457539763747	<INFO 7f868bfff700> CORE::PARTITIONS_PROCESSED 555
1457539763749	<INFO 7f868bfff700> CORE::BYTES::EDGES_STREAMED 592174488
1457539763751	<INFO 7f868bfff700> CORE::BYTES::UPDATES_OUT 344948952
1457539763754	<INFO 7f868bfff700> CORE::BYTES::UPDATES_IN 249958160
1457539763756	<INFO 7f868a7fc700> CORE::PARTITIONS_PROCESSED 818
1457539763758	<INFO 7f868a7fc700> CORE::BYTES::EDGES_STREAMED 647453520
1457539763761	<INFO 7f868a7fc700> CORE::BYTES::UPDATES_OUT 356501144
1457539763763	<INFO 7f868a7fc700> CORE::BYTES::UPDATES_IN 284083000
1457539763765	<INFO 7f86953f7700> CORE::PARTITIONS_PROCESSED 607
1457539763768	<INFO 7f8694bf6700> CORE::PARTITIONS_PROCESSED 763
1457539763770	<INFO 7f86953f7700> CORE::BYTES::EDGES_STREAMED 550515636
1457539763772	<INFO 7f86953f7700> CORE::BYTES::UPDATES_OUT 317776792
1457539763775	<INFO 7f8694bf6700> CORE::BYTES::EDGES_STREAMED 701393868
1457539763777	<INFO 7f86953f7700> CORE::BYTES::UPDATES_IN 267470456
1457539763779	<INFO 7f8694bf6700> CORE::BYTES::UPDATES_OUT 393397544
1457539763782	<INFO 7f8694bf6700> CORE::BYTES::UPDATES_IN 279281048
1457539763784	<INFO 7f868affd700> CORE::PARTITIONS_PROCESSED 725
1457539763786	<INFO 7f868affd700> CORE::BYTES::EDGES_STREAMED 640130064
1457539763789	<INFO 7f868b7fe700> CORE::PARTITIONS_PROCESSED 723
1457539763791	<INFO 7f868affd700> CORE::BYTES::UPDATES_OUT 375618896
1457539763793	<INFO 7f868b7fe700> CORE::BYTES::EDGES_STREAMED 584972688
1457539763796	<INFO 7f868affd700> CORE::BYTES::UPDATES_IN 343118208
1457539763798	<INFO 7f868b7fe700> CORE::BYTES::UPDATES_OUT 343451984
1457539763801	<INFO 7f8695bf8700> CORE::PARTITIONS_PROCESSED 619
1457539763803	<INFO 7f868b7fe700> CORE::BYTES::UPDATES_IN 304377008
1457539763805	<INFO 7f8695bf8700> CORE::BYTES::EDGES_STREAMED 621083952
1457539763808	<INFO 7f8695bf8700> CORE::BYTES::UPDATES_OUT 351575952
1457539763810	<INFO 7f8695bf8700> CORE::BYTES::UPDATES_IN 283822544
1457539763812	<INFO 7f8696bfa700> SLIPSTORE service is exiting
1457539763815	<INFO 7f8696bfa700> SLIPSTORE::HELP_OFFERS_RECVD 392
1457539763817	<INFO 7f8696bfa700> SLIPSTORE::HELP_OFFERS_ACCEPTED 0
1457539763819	<INFO 7f8696bfa700> SLIPSTORE::HELP_ACCEPTANCE_RATIO 0
1457539763822	<INFO 7f8696bfa700> SLIPSTORE::SERVER_BUSY_DISK  773.443 seconds
1457539763824	<INFO 7f8696bfa700> SLIPSTORE::SERVER_BUSY_MEM  0 seconds
1457539763827	<INFO 7f8696bfa700> SLIPSTORE::SERVER_TOTAL  1196.84 seconds
1457539763829	<INFO 7fa4b5104740> SLIPSTORE::CLIENT::DISK_READ_TIME  339.875 seconds
1457539763832	<INFO 7fa4b5104740> SLIPSTORE::CLIENT::MEM_READ_TIME  0 seconds
1457539763834	<INFO 7fa4b5104740> SLIPSTORE::CLIENT::DISK_BYTES_READ 21691213208
1457539763836	<INFO 7fa4b5104740> SLIPSTORE::CLIENT::MEM_BYTES_READ 0
1457539763839	<INFO 7fa4b5104740> SLIPSTORE::CLIENT::WRITE_TIME  121.811 seconds
1457539763841	<INFO 7fa4b5104740> SLIPSTORE::CLIENT::BYTES_WRITTEN 6039797760
1457539763843	<INFO 7fa4b5104740> SLIPSTORE::CLIENT_BUSY  461.686 seconds
1457539763846	<INFO 7fa4b5104740> SLIPSTORE::IO::TIME 608.728 seconds
1457539763848	<INFO 7fa4b5104740> SLIPSTORE::SNAP::TIME 0 seconds
1457539763850	<INFO 7fa4b5104740> SLIPSTORE::MAX_DISK_USAGE_BYTES 11302506032
1457539764891	<INFO 7fa4b5104740> CORE::RUSAGE::MAX_RSS_KB 125947832
1457539764895	<INFO 7fa4b5104740> CORE::RUSAGE::MINFLT 31944478
1457539764898	<INFO 7fa4b5104740> CORE::RUSAGE::MAJFLT 6
1457539764900	<INFO 7fa4b5104740> CORE::RUSAGE::MAJFLT 6
1457539764903	<INFO 7fa4b5104740> CORE::RUSAGE::INBLK 137352136
1457539764905	<INFO 7fa4b5104740> CORE::RUSAGE::OUBLK 74563880
1457539764907	<INFO 7fa4b5104740> CORE::UTILS::BYTES_READ 81492773056
1457539764910	<INFO 7fa4b5104740> CORE::UTILS::BYTES_WRITTEN 38170282664
1457539764912	<INFO 7fa4b5104740> CORE::UTILS::TILE_COPY_BYTES 8053063680
1457539764915	<INFO 7fa4b5104740> CORE::TIME::IO_WAIT 421.913 seconds
1457539764917	<INFO 7fa4b5104740> CORE::TIME_TILE_COPY 0 seconds
1457539764919	<INFO 7fa4b5104740> CORE::TIME_TILE_MERGE 0 seconds
1457539764922	<INFO 7fa4b5104740> CORE::TIME_PROCESSING_STOLEN 0 seconds
1457539764924	<INFO 7fa4b5104740> CORE::TIME_MERGE_WAIT 0 seconds
1457539764927	<INFO 7fa4b5104740> CORE::TIME_ALL_MC_BARRIER 550.813 seconds
1457539764930	<INFO 7fa4b5104740> CORE::PHASES 7
1457539764934	<INFO 7fa4b5104740> CORE::TIME::SETUP 4.26504 seconds
1457539764936	<INFO 7fa4b5104740> CORE::TIME::WALL 1200.93 seconds
1457539764938	<INFO 7fa4b5104740> SHUTDOWN
