1461690139956	<INFO 7f2de9297740> 2016-04-26 19:02:19 STARTUP
1461690139960	<INFO 7f2de9297740> CORE::GRAPH rmat-28-und_s8
1461690139964	<INFO 7f2de9297740> CORE::ALGORITHM bfs
1461690139968	<INFO 7f2de9297740> CORE::VERTEX_STRIPING OFF
1461690139972	<INFO 7f2de9297740> CORE::OPTIMIZED_STATE_LOAD_STORE OFF
1461690139976	<INFO 7f2de9297740> CORE::BINARY_SEARCH_SUPER_PARTITION ON
1461690139979	<INFO 7f2de9297740> CORE::SUPER_PARTITION_COMPUTED_FOR_EACH_SCATTER_GATHER_PHASE
1461690139983	<INFO 7f2de9297740> CORE::BATCH IO OFF
1461690139987	<INFO 7f2de9297740> 2016-04-26 19:02:19 Blocking memory amount 126701535232
1461690247404	<INFO 7f2de9297740> 2016-04-26 19:04:07 Done blocking memory
1461690247408	<INFO 7f2de9297740> SG-DRIVER-ORIGINAL
1461690247412	<INFO 7f2de9297740> 2016-04-26 19:04:07 START read config parameters
1461690247415	<INFO 7f2de9297740> PARTITIONING::OLD 0
1461690247419	<INFO 7f2de9297740> PARTITIONING::BALANCED_PARTITIONS 0
1461690247423	<INFO 7f2de9297740> CORE::CONFIG::PROCESSORS 8
1461690247426	<INFO 7f2de9297740> CORE::CONFIG::PHYSICAL_MEMORY 2147483648
1461690247430	<INFO 7f2de9297740> CORE::CONFIG::VERTICES 268435456
1461690247434	<INFO 7f2de9297740> CORE::CONFIG::VERTEX_SIZE 8
1461690247437	<INFO 7f2de9297740> CORE::CONFIG::VERTEX_BUFFER 922066808
1461690247441	<INFO 7f2de9297740> CORE::CONFIG::EDGES 1073741824
1461690247444	<INFO 7f2de9297740> CORE::CONFIG::PARTITIONS 64
1461690247448	<INFO 7f2de9297740> CORE::CONFIG::FANOUT 64
1461690247451	<INFO 7f2de9297740> CORE::CONFIG::SUPER_PARTITIONS 8
1461690247455	<INFO 7f2de9297740> CORE::CONFIG::TILES 1
1461690247459	<INFO 7f2de9297740> CORE::CONFIG::BUFFER_SIZE 245082241
1461690247462	<INFO 7f2de9297740> CORE::CONFIG::MAX_BUFFERS 4
1461690247466	<INFO 7f2de9297740> CORE::CONFIG::MAX_STREAMS 4
1461690247470	<INFO 7f2de9297740> CORE::CONFIG::SUM_OF_OUT_DEGREES_FOR_NEW_PARTITIONS::FIRST_CONSTRAINT 0
1461690247474	<INFO 7f2de9297740> CORE::CONFIG::MAX_EDGES_PER_NEW_PARTITION::SECOND_CONSTRAINT 0
1461690247478	<INFO 7f2de9297740> SLIPSTREAM::EXT_MEM_SHUFFLE OFF
1461690247482	<INFO 7f2de9297740> 2016-04-26 19:04:07 END read config parameters
1461690249216	<WARNING 7f2de9297740> Unable to unlink file (stream.0.0.0):No such file or directory
1461690249220	<WARNING 7f2de9297740> Unable to unlink file (stream.0.1.0):No such file or directory
1461690249223	<WARNING 7f2de9297740> Unable to unlink file (stream.0.2.0):No such file or directory
1461690249227	<WARNING 7f2de9297740> Unable to unlink file (stream.0.3.0):No such file or directory
1461690249231	<WARNING 7f2de9297740> Unable to unlink file (stream.0.4.0):No such file or directory
1461690249235	<WARNING 7f2de9297740> Unable to unlink file (stream.0.5.0):No such file or directory
1461690249239	<WARNING 7f2de9297740> Unable to unlink file (stream.0.6.0):No such file or directory
1461690249243	<WARNING 7f2de9297740> Unable to unlink file (stream.0.7.0):No such file or directory
1461690249247	<WARNING 7f2de9297740> Unable to unlink file (stream.1.1.0):No such file or directory
1461690249251	<WARNING 7f2de9297740> Unable to unlink file (stream.1.2.0):No such file or directory
1461690249255	<WARNING 7f2de9297740> Unable to unlink file (stream.1.3.0):No such file or directory
1461690249259	<WARNING 7f2de9297740> Unable to unlink file (stream.1.4.0):No such file or directory
1461690249264	<WARNING 7f2de9297740> Unable to unlink file (stream.1.5.0):No such file or directory
1461690249268	<WARNING 7f2de9297740> Unable to unlink file (stream.1.6.0):No such file or directory
1461690249272	<WARNING 7f2de9297740> Unable to unlink file (stream.1.7.0):No such file or directory
1461690249276	<WARNING 7f2de9297740> Unable to unlink file (stream.2.0.0):No such file or directory
1461690249279	<WARNING 7f2de9297740> Unable to unlink file (stream.2.1.0):No such file or directory
1461690249283	<WARNING 7f2de9297740> Unable to unlink file (stream.2.2.0):No such file or directory
1461690249287	<WARNING 7f2de9297740> Unable to unlink file (stream.2.3.0):No such file or directory
1461690249291	<WARNING 7f2de9297740> Unable to unlink file (stream.2.4.0):No such file or directory
1461690249295	<WARNING 7f2de9297740> Unable to unlink file (stream.2.5.0):No such file or directory
1461690249300	<WARNING 7f2de9297740> Unable to unlink file (stream.2.6.0):No such file or directory
1461690249303	<WARNING 7f2de9297740> Unable to unlink file (stream.2.7.0):No such file or directory
1461690249307	<WARNING 7f2de9297740> Unable to unlink file (stream.3.0.0):No such file or directory
1461690249311	<WARNING 7f2de9297740> Unable to unlink file (stream.3.1.0):No such file or directory
1461690249315	<WARNING 7f2de9297740> Unable to unlink file (stream.3.2.0):No such file or directory
1461690249319	<WARNING 7f2de9297740> Unable to unlink file (stream.3.3.0):No such file or directory
1461690249323	<WARNING 7f2de9297740> Unable to unlink file (stream.3.4.0):No such file or directory
1461690249327	<WARNING 7f2de9297740> Unable to unlink file (stream.3.5.0):No such file or directory
1461690249331	<WARNING 7f2de9297740> Unable to unlink file (stream.3.6.0):No such file or directory
1461690249335	<WARNING 7f2de9297740> Unable to unlink file (stream.3.7.0):No such file or directory
1461690249339	<INFO 7f2de9297740> SLIPSTORE::ZMQ_THREADS 2
1461690249343	<INFO 7f2de9297740> SLIPSTORE::COMM Connecting to tcp://dco-node137-10g:5016
1461690249347	<INFO 7f2de9297740> SLIPSTORE::COMM Connecting to tcp://dco-node138-10g:5034
1461690249351	<INFO 7f2de9297740> SLIPSTORE::COMM Connecting to tcp://dco-node139-10g:5052
1461690249355	<INFO 7f2de9297740> SLIPSTORE::COMM Connecting to tcp://dco-node140-10g:5070
1461690249359	<INFO 7f2de9297740> SLIPSTORE::COMM Connecting to tcp://dco-node141-10g:5088
1461690249362	<INFO 7f2de9297740> SLIPSTORE::COMM Connecting to tcp://dco-node142-10g:5106
1461690249366	<INFO 7f2de9297740> SLIPSTORE::COMM Connecting to tcp://dco-node143-10g:5124
1461690249369	<INFO 7f2de9297740> SLIPSTORE::COMM Connecting to tcp://dco-node144-10g:5142
1461690249373	<INFO 7f2de9297740> SLIPSTORE::COMM Listening at tcp://ens1f0:5134
1461690249376	<INFO 7f2de9297740> SLIPSTORE::COMM Listening at tcp://ens1f0:5135
1461690249380	<INFO 7f2de9297740> SLIPSTORE::COMM Listening at tcp://ens1f0:5136
1461690249383	<INFO 7f2de9297740> SLIPSTORE::COMM Listening at tcp://ens1f0:5137
1461690249387	<INFO 7f2de9297740> SLIPSTORE::COMM Listening at tcp://ens1f0:5138
1461690249391	<INFO 7f2de9297740> SLIPSTORE::COMM Listening at tcp://ens1f0:5139
1461690249395	<INFO 7f2de9297740> SLIPSTORE::COMM Listening at tcp://ens1f0:5140
1461690249398	<INFO 7f2de9297740> SLIPSTORE::COMM Listening at ipc://client
1461690249402	<INFO 7f2de9297740> SLIPSTORE::COMM Connecting to tcp://dco-node137-10g:5016
1461690249406	<INFO 7f2de9297740> SLIPSTORE::COMM Connecting to tcp://dco-node138-10g:5034
1461690249410	<INFO 7f2de9297740> SLIPSTORE::COMM Connecting to tcp://dco-node139-10g:5052
1461690249414	<INFO 7f2de9297740> SLIPSTORE::COMM Connecting to tcp://dco-node140-10g:5070
1461690249418	<INFO 7f2de9297740> SLIPSTORE::COMM Connecting to tcp://dco-node141-10g:5088
1461690249421	<INFO 7f2de9297740> SLIPSTORE::COMM Connecting to tcp://dco-node142-10g:5106
1461690249425	<INFO 7f2de9297740> SLIPSTORE::COMM Connecting to tcp://dco-node143-10g:5124
1461690249428	<INFO 7f2de9297740> SLIPSTORE::COMM Connecting to tcp://dco-node144-10g:5142
1461690249431	<INFO 7f2de9297740> SLIPSTORE::COMM Connecting to tcp://dco-node137-10g:5007
1461690249435	<INFO 7f2de9297740> SLIPSTORE::COMM Connecting to tcp://dco-node138-10g:5025
1461690249438	<INFO 7f2de9297740> SLIPSTORE::COMM Connecting to tcp://dco-node139-10g:5043
1461690249442	<INFO 7f2de9297740> SLIPSTORE::COMM Connecting to tcp://dco-node140-10g:5061
1461690249445	<INFO 7f2de9297740> SLIPSTORE::COMM Connecting to tcp://dco-node141-10g:5079
1461690249448	<INFO 7f2de9297740> SLIPSTORE::COMM Connecting to tcp://dco-node142-10g:5097
1461690249452	<INFO 7f2de9297740> SLIPSTORE::COMM Connecting to tcp://dco-node143-10g:5115
1461690249455	<INFO 7f2de9297740> SLIPSTORE::COMM Connecting to ipc://server
1461690249458	<INFO 7f2de9297740> SLIPSTORE::COMM Connecting to tcp://dco-node137-10g:5017
1461690249462	<INFO 7f2de9297740> SLIPSTORE::COMM Listening at tcp://ens1f0:5143
1461690249465	<INFO 7f2de9297740> SLIPSTORE::COMM Connecting to tcp://dco-node144-10g:5142
1461690249468	<INFO 7f2de9297740> SLIPSTORE::HELP_POLICY NONE
1461690249471	<INFO 7f2de9297740> SLIPSTORE::SERVER ASYNC
1461690249475	<INFO 7f2de9297740> SLIPSTORE::MACHINES 8
1461690249478	<INFO 7f2de9297740> SLIPSTORE::ME 7
1461690249482	<INFO 7f2de9297740> SLIPSTORE::SLIPCHUNK 4194304
1461690249486	<INFO 7f2de9297740> SLIPSTORE::QUOTA 18446744073709551615
1461690249489	<INFO 7f2de9297740> SLIPSTORE::IO PAGECACHE
1461690249493	<INFO 7f0fdd3f9700> SLIPSTORE::COMM Listening at tcp://ens1f0:5142
1461690249496	<INFO 7f0fdd3f9700> SLIPSTORE::COMM Listening at tcp://ens1f0:5126
1461690249500	<INFO 7f0fdd3f9700> SLIPSTORE::COMM Connecting to tcp://dco-node137-10g:5015
1461690249502	<INFO 7f0fdd3f9700> SLIPSTORE::COMM Listening at tcp://ens1f0:5127
1461690249507	<INFO 7f0fdd3f9700> SLIPSTORE::COMM Connecting to tcp://dco-node138-10g:5033
1461690249510	<INFO 7f0fdd3f9700> SLIPSTORE::COMM Listening at tcp://ens1f0:5128
1461690249513	<INFO 7f0fdd3f9700> SLIPSTORE::COMM Connecting to tcp://dco-node139-10g:5051
1461690249517	<INFO 7f0fdd3f9700> SLIPSTORE::COMM Listening at tcp://ens1f0:5129
1461690249521	<INFO 7f0fdd3f9700> SLIPSTORE::COMM Connecting to tcp://dco-node140-10g:5069
1461690249524	<INFO 7f0fdd3f9700> SLIPSTORE::COMM Listening at tcp://ens1f0:5130
1461690249528	<INFO 7f0fdd3f9700> SLIPSTORE::COMM Connecting to tcp://dco-node141-10g:5087
1461690249532	<INFO 7f0fdd3f9700> SLIPSTORE::COMM Listening at tcp://ens1f0:5131
1461690249535	<INFO 7f0fdd3f9700> SLIPSTORE::COMM Connecting to tcp://dco-node142-10g:5105
1461690249538	<INFO 7f0fdd3f9700> SLIPSTORE::COMM Listening at tcp://ens1f0:5132
1461690249542	<INFO 7f0fdd3f9700> SLIPSTORE::COMM Connecting to tcp://dco-node143-10g:5123
1461690249545	<INFO 7f0fdd3f9700> SLIPSTORE::COMM Listening at ipc://server
1461690249549	<INFO 7f0fdd3f9700> SLIPSTORE::COMM Connecting to ipc://client
1461690249583	<INFO 7f2de9297740> SLIPSTORE::CHECKPOINTS NONE FOUND
1461690249587	<INFO 7f2de9297740> 2016-04-26 19:04:09 Start edge split
1461690359008	<INFO 7f2de9297740> 2016-04-26 19:05:59 Completed init
1461690362320	<INFO 7f2de9297740> 2016-04-26 19:06:02 Started gather
1461690367831	<INFO 7f2de9297740> 2016-04-26 19:06:07 Completed gather
1461690367881	<INFO 7f2de9297740> 2016-04-26 19:06:07 Started scatter
1461690426958	<INFO 7f2de9297740> 2016-04-26 19:07:06 Completed scatter
1461690429567	<INFO 7f2de9297740> 2016-04-26 19:07:09 Completed phase 1 Bytes read 26956464544 Bytes written 14075619552
1461690429590	<INFO 7f2de9297740> 2016-04-26 19:07:09 Started gather
1461690435642	<INFO 7f2de9297740> 2016-04-26 19:07:15 Completed gather
1461690437128	<INFO 7f2de9297740> 2016-04-26 19:07:17 Started scatter
1461690513982	<INFO 7f2de9297740> 2016-04-26 19:08:33 Completed scatter
1461690521079	<INFO 7f2de9297740> 2016-04-26 19:08:41 Completed phase 2 Bytes read 41032084096 Bytes written 19572440872
1461690521102	<INFO 7f2de9297740> 2016-04-26 19:08:41 Started gather
1461690555621	<INFO 7f2de9297740> 2016-04-26 19:09:15 Completed gather
1461690655086	<INFO 7f2de9297740> 2016-04-26 19:10:55 Started scatter
1461690731601	<INFO 7f2de9297740> 2016-04-26 19:12:11 Completed scatter
1461690734091	<INFO 7f2de9297740> 2016-04-26 19:12:14 Completed phase 3 Bytes read 59678401264 Bytes written 24037623568
1461690734116	<INFO 7f2de9297740> 2016-04-26 19:12:14 Started gather
1461690758916	<INFO 7f2de9297740> 2016-04-26 19:12:38 Completed gather
1461690832931	<INFO 7f2de9297740> 2016-04-26 19:13:52 Started scatter
1461690892101	<INFO 7f2de9297740> 2016-04-26 19:14:52 Completed scatter
1461690895029	<INFO 7f2de9297740> 2016-04-26 19:14:55 Completed phase 4 Bytes read 77293079808 Bytes written 24988968688
1461690895053	<INFO 7f2de9297740> 2016-04-26 19:14:55 Started gather
1461690901516	<INFO 7f2de9297740> 2016-04-26 19:15:01 Completed gather
1461690903632	<INFO 7f2de9297740> 2016-04-26 19:15:03 Started scatter
1461690963342	<INFO 7f2de9297740> 2016-04-26 19:16:03 Completed scatter
1461690965486	<INFO 7f2de9297740> 2016-04-26 19:16:05 Completed phase 5 Bytes read 91393920776 Bytes written 25911188520
1461690965506	<INFO 7f2de9297740> 2016-04-26 19:16:05 Started gather
1461690971995	<INFO 7f2de9297740> 2016-04-26 19:16:11 Completed gather
1461690974128	<INFO 7f2de9297740> 2016-04-26 19:16:14 Started scatter
1461691033245	<INFO 7f2de9297740> 2016-04-26 19:17:13 Completed scatter
1461691035895	<INFO 7f2de9297740> 2016-04-26 19:17:15 Completed phase 6 Bytes read 105465636456 Bytes written 26833255656
1461691035920	<INFO 7f2de9297740> 2016-04-26 19:17:15 Started gather
1461691042591	<INFO 7f2de9297740> 2016-04-26 19:17:22 Completed gather
1461691043877	<INFO 7f2de9297740> 2016-04-26 19:17:23 Started scatter
1461691102894	<INFO 7f2de9297740> 2016-04-26 19:18:22 Completed scatter
1461691105595	<INFO 7f2de9297740> 2016-04-26 19:18:25 Completed phase 7 Bytes read 119537199440 Bytes written 27755322464
1461691105597	<INFO 7f2de9297740> ALGORITHM::BFS::VERTICES_DISCOVERED 39794091
1461691105599	<INFO 7f2de9297740> ALGORITHM::BFS::EDGES_EXPLORED 1018919870
1461691105602	<INFO 7f2de9297740> CORE::PARTITIONS_PROCESSED 175
1461691105605	<INFO 7f2de9297740> CORE::BYTES::EDGES_STREAMED 8989013088
1461691105607	<INFO 7f2de9297740> CORE::BYTES::UPDATES_OUT 843084072
1461691105609	<INFO 7f2de9297740> CORE::BYTES::UPDATES_IN 842313104
1461691105611	<INFO 7f0fc3fff700> CORE::PARTITIONS_PROCESSED 210
1461691105614	<INFO 7f0fc3fff700> CORE::BYTES::EDGES_STREAMED 9218544348
1461691105616	<INFO 7f0fc3fff700> CORE::BYTES::UPDATES_OUT 905209184
1461691105618	<INFO 7f0fc27fc700> CORE::PARTITIONS_PROCESSED 411
1461691105621	<INFO 7f0fc27fc700> CORE::BYTES::EDGES_STREAMED 13372564776
1461691105623	<INFO 7f0fc3fff700> CORE::BYTES::UPDATES_IN 879318672
1461691105625	<INFO 7f0fc27fc700> CORE::BYTES::UPDATES_OUT 1389363072
1461691105628	<INFO 7f0fc27fc700> CORE::BYTES::UPDATES_IN 1126720536
1461691105630	<INFO 7f0fc0ff9700> CORE::PARTITIONS_PROCESSED 145
1461691105632	<INFO 7f0fc1ffb700> CORE::PARTITIONS_PROCESSED 376
1461691105634	<INFO 7f0fc37fe700> CORE::PARTITIONS_PROCESSED 515
1461691105637	<INFO 7f0fc2ffd700> CORE::PARTITIONS_PROCESSED 169
1461691105639	<INFO 7f0fc17fa700> CORE::PARTITIONS_PROCESSED 394
1461691105641	<INFO 7f0fc1ffb700> CORE::BYTES::EDGES_STREAMED 16010282388
1461691105644	<INFO 7f0fc37fe700> CORE::BYTES::EDGES_STREAMED 8843635116
1461691105646	<INFO 7f0fc2ffd700> CORE::BYTES::EDGES_STREAMED 9402994668
1461691105648	<INFO 7f0fc0ff9700> CORE::BYTES::EDGES_STREAMED 10273029756
1461691105650	<INFO 7f0fc37fe700> CORE::BYTES::UPDATES_OUT 808124200
1461691105653	<INFO 7f0fc1ffb700> CORE::BYTES::UPDATES_OUT 1480830736
1461691105655	<INFO 7f0fc0ff9700> CORE::BYTES::UPDATES_OUT 942720680
1461691105657	<INFO 7f0fc17fa700> CORE::BYTES::EDGES_STREAMED 9481939140
1461691105660	<INFO 7f0fc1ffb700> CORE::BYTES::UPDATES_IN 1583585240
1461691105662	<INFO 7f0fc0ff9700> CORE::BYTES::UPDATES_IN 998054320
1461691105664	<INFO 7f0fc2ffd700> CORE::BYTES::UPDATES_OUT 891517848
1461691105666	<INFO 7f0fc37fe700> CORE::BYTES::UPDATES_IN 854993456
1461691105669	<INFO 7f0fc2ffd700> CORE::BYTES::UPDATES_IN 895239248
1461691105671	<INFO 7f0fc17fa700> CORE::BYTES::UPDATES_OUT 890509168
1461691105673	<INFO 7f0fc17fa700> CORE::BYTES::UPDATES_IN 971134384
1461691105676	<INFO 7f0fdd3f9700> SLIPSTORE service is exiting
1461691105678	<INFO 7f0fdd3f9700> SLIPSTORE::HELP_OFFERS_RECVD 98
1461691105680	<INFO 7f0fdd3f9700> SLIPSTORE::HELP_OFFERS_ACCEPTED 0
1461691105683	<INFO 7f0fdd3f9700> SLIPSTORE::HELP_ACCEPTANCE_RATIO 0
1461691105685	<INFO 7f0fdd3f9700> SLIPSTORE::SERVER_BUSY_DISK  464.25 seconds
1461691105687	<INFO 7f0fdd3f9700> SLIPSTORE::SERVER_BUSY_MEM  0 seconds
1461691105689	<INFO 7f0fdd3f9700> SLIPSTORE::SERVER_TOTAL  856.357 seconds
1461691105692	<INFO 7f2de9297740> SLIPSTORE::CLIENT::DISK_READ_TIME  523.318 seconds
1461691105694	<INFO 7f2de9297740> SLIPSTORE::CLIENT::MEM_READ_TIME  0 seconds
1461691105696	<INFO 7f2de9297740> SLIPSTORE::CLIENT::DISK_BYTES_READ 119537199440
1461691105699	<INFO 7f2de9297740> SLIPSTORE::CLIENT::MEM_BYTES_READ 0
1461691105701	<INFO 7f2de9297740> SLIPSTORE::CLIENT::WRITE_TIME  121.28 seconds
1461691105703	<INFO 7f2de9297740> SLIPSTORE::CLIENT::BYTES_WRITTEN 28412795312
1461691105705	<INFO 7f2de9297740> SLIPSTORE::CLIENT_BUSY  644.596 seconds
1461691105708	<INFO 7f2de9297740> SLIPSTORE::IO::TIME 428.08 seconds
1461691105710	<INFO 7f2de9297740> SLIPSTORE::SNAP::TIME 0 seconds
1461691105712	<INFO 7f2de9297740> SLIPSTORE::MAX_DISK_USAGE_BYTES 17724250360
1461691105715	<INFO 7f2de9297740> CORE::RUSAGE::MAX_RSS_KB 125882560
1461691105717	<INFO 7f2de9297740> CORE::RUSAGE::MINFLT 31466222
1461691105719	<INFO 7f2de9297740> CORE::RUSAGE::MAJFLT 6
1461691105722	<INFO 7f2de9297740> CORE::RUSAGE::MAJFLT 6
1461691105724	<INFO 7f2de9297740> CORE::RUSAGE::INBLK 207812720
1461691105726	<INFO 7f2de9297740> CORE::RUSAGE::OUBLK 54209728
1461691105728	<INFO 7f2de9297740> CORE::UTILS::BYTES_READ 119537199440
1461691105731	<INFO 7f2de9297740> CORE::UTILS::BYTES_WRITTEN 27755322464
1461691105733	<INFO 7f2de9297740> CORE::UTILS::TILE_COPY_BYTES 12908935312
1461691105735	<INFO 7f2de9297740> CORE::TIME::IO_WAIT 426.553 seconds
1461691105738	<INFO 7f2de9297740> CORE::TIME_TILE_COPY 0 seconds
1461691105740	<INFO 7f2de9297740> CORE::TIME_TILE_MERGE 0 seconds
1461691105743	<INFO 7f2de9297740> CORE::TIME_PROCESSING_STOLEN 0 seconds
1461691105745	<INFO 7f2de9297740> CORE::TIME_MERGE_WAIT 0 seconds
1461691105748	<INFO 7f2de9297740> CORE::OTHER_TIME_ALL_MC_BARRIER 0 seconds
1461691105750	<INFO 7f2de9297740> CORE::SCATTER_TIME_ALL_MC_BARRIER 21.0082 seconds
1461691105753	<INFO 7f2de9297740> CORE::GATHER_TIME_ALL_MC_BARRIER 0.01854 seconds
1461691105755	<INFO 7f2de9297740> CORE::INIT_TIME_ALL_MC_BARRIER 7.77189 seconds
1461691105758	<INFO 7f2de9297740> CORE::SHUT_DOWN_TIME_ALL_MC_BARRIER 0.00243 seconds
1461691105760	<INFO 7f2de9297740> CORE::STREAM_SKIP_BEFORE_TIME_ALL_MC_BARRIER 0.052874 seconds
1461691105763	<INFO 7f2de9297740> CORE::TAKE_CHECKPOINT_BEFORE_TIME_ALL_MC_BARRIER 0 seconds
1461691105766	<INFO 7f2de9297740> CORE::TAKE_CHECKPOINT_COMPLETE_TIME_ALL_MC_BARRIER 0 seconds
1461691105768	<INFO 7f2de9297740> CORE::METADATA_WRITE_COMPLETE_TIME_ALL_MC_BARRIER 0 seconds
1461691105771	<INFO 7f2de9297740> CORE::STREAM_EOF_BEFORE_TIME_ALL_MC_BARRIER 0 seconds
1461691105774	<INFO 7f2de9297740> CORE::STREAM_EOF_AFTER_TIME_ALL_MC_BARRIER 0 seconds
1461691105776	<INFO 7f2de9297740> CORE::STATE_LOAD_TIME_ALL_MC_BARRIER 0 seconds
1461691105779	<INFO 7f2de9297740> CORE::STATE_STORE_TIME_ALL_MC_BARRIER 0 seconds
1461691105781	<INFO 7f2de9297740> CORE::PHASES 7
1461691105784	<INFO 7f2de9297740> CORE::TIME::SETUP 2.18618 seconds
1461691105787	<INFO 7f2de9297740> CORE::TIME::STATE_ITER 3.26724 seconds
1461691105789	<INFO 7f2de9297740> CORE::TIME::GATHER 271.079 seconds
1461691105792	<INFO 7f2de9297740> CORE::TIME::SCATTER 471.959 seconds
1461691105795	<INFO 7f2de9297740> CORE::TIME::WALL 858.202 seconds
1461691105797	<INFO 7f2de9297740> SHUTDOWN
