1456779040581	<INFO 7fb361707740> 2016-02-29 21:50:40 STARTUP
1456779040585	<INFO 7fb361707740> CORE::GRAPH rmat-28_s8
1456779040588	<INFO 7fb361707740> CORE::ALGORITHM pagerank
1456779040592	<INFO 7fb361707740> CORE::VERTEX_STRIPING ON
1456779040596	<INFO 7fb361707740> 2016-02-29 21:50:40 Blocking memory amount 126701535232
1456779147289	<INFO 7fb361707740> 2016-02-29 21:52:27 Done blocking memory
1456779147293	<INFO 7fb361707740> SG-DRIVER-ORIGINAL
1456779147298	<INFO 7fb361707740> CORE::CONFIG::PROCESSORS 8
1456779147301	<INFO 7fb361707740> CORE::CONFIG::PHYSICAL_MEMORY 2147483648
1456779147306	<INFO 7fb361707740> CORE::CONFIG::VERTICES 268435456
1456779147310	<INFO 7fb361707740> CORE::CONFIG::VERTEX_SIZE 12
1456779147314	<INFO 7fb361707740> CORE::CONFIG::VERTEX_BUFFER 100663296
1456779147318	<INFO 7fb361707740> CORE::CONFIG::EDGES 536870912
1456779147321	<INFO 7fb361707740> CORE::CONFIG::PARTITIONS 256
1456779147325	<INFO 7fb361707740> CORE::CONFIG::FANOUT 256
1456779147329	<INFO 7fb361707740> CORE::CONFIG::SUPER_PARTITIONS 32
1456779147333	<INFO 7fb361707740> CORE::CONFIG::TILES 1
1456779147337	<INFO 7fb361707740> CORE::CONFIG::BUFFER_SIZE 409360179
1456779147341	<INFO 7fb361707740> CORE::CONFIG::MAX_BUFFERS 4
1456779147345	<INFO 7fb361707740> CORE::CONFIG::MAX_STREAMS 4
1456779147349	<INFO 7fb361707740> SLIPSTREAM::EXT_MEM_SHUFFLE OFF
1456779149096	<WARNING 7fb361707740> Unable to unlink file (stream.0.0.0):No such file or directory
1456779149100	<WARNING 7fb361707740> Unable to unlink file (stream.0.1.0):No such file or directory
1456779149104	<WARNING 7fb361707740> Unable to unlink file (stream.0.2.0):No such file or directory
1456779149108	<WARNING 7fb361707740> Unable to unlink file (stream.0.3.0):No such file or directory
1456779149112	<WARNING 7fb361707740> Unable to unlink file (stream.0.4.0):No such file or directory
1456779149115	<WARNING 7fb361707740> Unable to unlink file (stream.0.5.0):No such file or directory
1456779149120	<WARNING 7fb361707740> Unable to unlink file (stream.0.6.0):No such file or directory
1456779149124	<WARNING 7fb361707740> Unable to unlink file (stream.0.7.0):No such file or directory
1456779149128	<WARNING 7fb361707740> Unable to unlink file (stream.0.8.0):No such file or directory
1456779149132	<WARNING 7fb361707740> Unable to unlink file (stream.0.9.0):No such file or directory
1456779149136	<WARNING 7fb361707740> Unable to unlink file (stream.0.10.0):No such file or directory
1456779149140	<WARNING 7fb361707740> Unable to unlink file (stream.0.11.0):No such file or directory
1456779149144	<WARNING 7fb361707740> Unable to unlink file (stream.0.12.0):No such file or directory
1456779149148	<WARNING 7fb361707740> Unable to unlink file (stream.0.13.0):No such file or directory
1456779149153	<WARNING 7fb361707740> Unable to unlink file (stream.0.14.0):No such file or directory
1456779149157	<WARNING 7fb361707740> Unable to unlink file (stream.0.15.0):No such file or directory
1456779149161	<WARNING 7fb361707740> Unable to unlink file (stream.0.16.0):No such file or directory
1456779149164	<WARNING 7fb361707740> Unable to unlink file (stream.0.17.0):No such file or directory
1456779149168	<WARNING 7fb361707740> Unable to unlink file (stream.0.18.0):No such file or directory
1456779149172	<WARNING 7fb361707740> Unable to unlink file (stream.0.19.0):No such file or directory
1456779149176	<WARNING 7fb361707740> Unable to unlink file (stream.0.20.0):No such file or directory
1456779149180	<WARNING 7fb361707740> Unable to unlink file (stream.0.21.0):No such file or directory
1456779149184	<WARNING 7fb361707740> Unable to unlink file (stream.0.22.0):No such file or directory
1456779149188	<WARNING 7fb361707740> Unable to unlink file (stream.0.23.0):No such file or directory
1456779149192	<WARNING 7fb361707740> Unable to unlink file (stream.0.24.0):No such file or directory
1456779149196	<WARNING 7fb361707740> Unable to unlink file (stream.0.25.0):No such file or directory
1456779149200	<WARNING 7fb361707740> Unable to unlink file (stream.0.26.0):No such file or directory
1456779149204	<WARNING 7fb361707740> Unable to unlink file (stream.0.27.0):No such file or directory
1456779149208	<WARNING 7fb361707740> Unable to unlink file (stream.0.28.0):No such file or directory
1456779149213	<WARNING 7fb361707740> Unable to unlink file (stream.0.29.0):No such file or directory
1456779149216	<WARNING 7fb361707740> Unable to unlink file (stream.0.30.0):No such file or directory
1456779149220	<WARNING 7fb361707740> Unable to unlink file (stream.0.31.0):No such file or directory
1456779149224	<WARNING 7fb361707740> Unable to unlink file (stream.1.1.0):No such file or directory
1456779149228	<WARNING 7fb361707740> Unable to unlink file (stream.1.2.0):No such file or directory
1456779149232	<WARNING 7fb361707740> Unable to unlink file (stream.1.3.0):No such file or directory
1456779149236	<WARNING 7fb361707740> Unable to unlink file (stream.1.4.0):No such file or directory
1456779149240	<WARNING 7fb361707740> Unable to unlink file (stream.1.5.0):No such file or directory
1456779149243	<WARNING 7fb361707740> Unable to unlink file (stream.1.6.0):No such file or directory
1456779149247	<WARNING 7fb361707740> Unable to unlink file (stream.1.7.0):No such file or directory
1456779149251	<WARNING 7fb361707740> Unable to unlink file (stream.1.8.0):No such file or directory
1456779149254	<WARNING 7fb361707740> Unable to unlink file (stream.1.9.0):No such file or directory
1456779149259	<WARNING 7fb361707740> Unable to unlink file (stream.1.10.0):No such file or directory
1456779149262	<WARNING 7fb361707740> Unable to unlink file (stream.1.11.0):No such file or directory
1456779149266	<WARNING 7fb361707740> Unable to unlink file (stream.1.12.0):No such file or directory
1456779149270	<WARNING 7fb361707740> Unable to unlink file (stream.1.13.0):No such file or directory
1456779149273	<WARNING 7fb361707740> Unable to unlink file (stream.1.14.0):No such file or directory
1456779149278	<WARNING 7fb361707740> Unable to unlink file (stream.1.15.0):No such file or directory
1456779149281	<WARNING 7fb361707740> Unable to unlink file (stream.1.16.0):No such file or directory
1456779149285	<WARNING 7fb361707740> Unable to unlink file (stream.1.17.0):No such file or directory
1456779149288	<WARNING 7fb361707740> Unable to unlink file (stream.1.18.0):No such file or directory
1456779149293	<WARNING 7fb361707740> Unable to unlink file (stream.1.19.0):No such file or directory
1456779149297	<WARNING 7fb361707740> Unable to unlink file (stream.1.20.0):No such file or directory
1456779149301	<WARNING 7fb361707740> Unable to unlink file (stream.1.21.0):No such file or directory
1456779149304	<WARNING 7fb361707740> Unable to unlink file (stream.1.22.0):No such file or directory
1456779149308	<WARNING 7fb361707740> Unable to unlink file (stream.1.23.0):No such file or directory
1456779149311	<WARNING 7fb361707740> Unable to unlink file (stream.1.24.0):No such file or directory
1456779149316	<WARNING 7fb361707740> Unable to unlink file (stream.1.25.0):No such file or directory
1456779149320	<WARNING 7fb361707740> Unable to unlink file (stream.1.26.0):No such file or directory
1456779149324	<WARNING 7fb361707740> Unable to unlink file (stream.1.27.0):No such file or directory
1456779149327	<WARNING 7fb361707740> Unable to unlink file (stream.1.28.0):No such file or directory
1456779149331	<WARNING 7fb361707740> Unable to unlink file (stream.1.29.0):No such file or directory
1456779149335	<WARNING 7fb361707740> Unable to unlink file (stream.1.30.0):No such file or directory
1456779149339	<WARNING 7fb361707740> Unable to unlink file (stream.1.31.0):No such file or directory
1456779149343	<WARNING 7fb361707740> Unable to unlink file (stream.2.0.0):No such file or directory
1456779149347	<WARNING 7fb361707740> Unable to unlink file (stream.2.1.0):No such file or directory
1456779149350	<WARNING 7fb361707740> Unable to unlink file (stream.2.2.0):No such file or directory
1456779149354	<WARNING 7fb361707740> Unable to unlink file (stream.2.3.0):No such file or directory
1456779149358	<WARNING 7fb361707740> Unable to unlink file (stream.2.4.0):No such file or directory
1456779149362	<WARNING 7fb361707740> Unable to unlink file (stream.2.5.0):No such file or directory
1456779149366	<WARNING 7fb361707740> Unable to unlink file (stream.2.6.0):No such file or directory
1456779149369	<WARNING 7fb361707740> Unable to unlink file (stream.2.7.0):No such file or directory
1456779149373	<WARNING 7fb361707740> Unable to unlink file (stream.2.8.0):No such file or directory
1456779149377	<WARNING 7fb361707740> Unable to unlink file (stream.2.9.0):No such file or directory
1456779149381	<WARNING 7fb361707740> Unable to unlink file (stream.2.10.0):No such file or directory
1456779149384	<WARNING 7fb361707740> Unable to unlink file (stream.2.11.0):No such file or directory
1456779149388	<WARNING 7fb361707740> Unable to unlink file (stream.2.12.0):No such file or directory
1456779149392	<WARNING 7fb361707740> Unable to unlink file (stream.2.13.0):No such file or directory
1456779149395	<WARNING 7fb361707740> Unable to unlink file (stream.2.14.0):No such file or directory
1456779149400	<WARNING 7fb361707740> Unable to unlink file (stream.2.15.0):No such file or directory
1456779149403	<WARNING 7fb361707740> Unable to unlink file (stream.2.16.0):No such file or directory
1456779149407	<WARNING 7fb361707740> Unable to unlink file (stream.2.17.0):No such file or directory
1456779149411	<WARNING 7fb361707740> Unable to unlink file (stream.2.18.0):No such file or directory
1456779149414	<WARNING 7fb361707740> Unable to unlink file (stream.2.19.0):No such file or directory
1456779149418	<WARNING 7fb361707740> Unable to unlink file (stream.2.20.0):No such file or directory
1456779149422	<WARNING 7fb361707740> Unable to unlink file (stream.2.21.0):No such file or directory
1456779149426	<WARNING 7fb361707740> Unable to unlink file (stream.2.22.0):No such file or directory
1456779149430	<WARNING 7fb361707740> Unable to unlink file (stream.2.23.0):No such file or directory
1456779149434	<WARNING 7fb361707740> Unable to unlink file (stream.2.24.0):No such file or directory
1456779149438	<WARNING 7fb361707740> Unable to unlink file (stream.2.25.0):No such file or directory
1456779149442	<WARNING 7fb361707740> Unable to unlink file (stream.2.26.0):No such file or directory
1456779149445	<WARNING 7fb361707740> Unable to unlink file (stream.2.27.0):No such file or directory
1456779149449	<WARNING 7fb361707740> Unable to unlink file (stream.2.28.0):No such file or directory
1456779149453	<WARNING 7fb361707740> Unable to unlink file (stream.2.29.0):No such file or directory
1456779149456	<WARNING 7fb361707740> Unable to unlink file (stream.2.30.0):No such file or directory
1456779149461	<WARNING 7fb361707740> Unable to unlink file (stream.2.31.0):No such file or directory
1456779149464	<WARNING 7fb361707740> Unable to unlink file (stream.3.0.0):No such file or directory
1456779149467	<WARNING 7fb361707740> Unable to unlink file (stream.3.1.0):No such file or directory
1456779149471	<WARNING 7fb361707740> Unable to unlink file (stream.3.2.0):No such file or directory
1456779149475	<WARNING 7fb361707740> Unable to unlink file (stream.3.3.0):No such file or directory
1456779149478	<WARNING 7fb361707740> Unable to unlink file (stream.3.4.0):No such file or directory
1456779149482	<WARNING 7fb361707740> Unable to unlink file (stream.3.5.0):No such file or directory
1456779149486	<WARNING 7fb361707740> Unable to unlink file (stream.3.6.0):No such file or directory
1456779149490	<WARNING 7fb361707740> Unable to unlink file (stream.3.7.0):No such file or directory
1456779149494	<WARNING 7fb361707740> Unable to unlink file (stream.3.8.0):No such file or directory
1456779149498	<WARNING 7fb361707740> Unable to unlink file (stream.3.9.0):No such file or directory
1456779149501	<WARNING 7fb361707740> Unable to unlink file (stream.3.10.0):No such file or directory
1456779149505	<WARNING 7fb361707740> Unable to unlink file (stream.3.11.0):No such file or directory
1456779149509	<WARNING 7fb361707740> Unable to unlink file (stream.3.12.0):No such file or directory
1456779149512	<WARNING 7fb361707740> Unable to unlink file (stream.3.13.0):No such file or directory
1456779149517	<WARNING 7fb361707740> Unable to unlink file (stream.3.14.0):No such file or directory
1456779149521	<WARNING 7fb361707740> Unable to unlink file (stream.3.15.0):No such file or directory
1456779149525	<WARNING 7fb361707740> Unable to unlink file (stream.3.16.0):No such file or directory
1456779149529	<WARNING 7fb361707740> Unable to unlink file (stream.3.17.0):No such file or directory
1456779149533	<WARNING 7fb361707740> Unable to unlink file (stream.3.18.0):No such file or directory
1456779149537	<WARNING 7fb361707740> Unable to unlink file (stream.3.19.0):No such file or directory
1456779149541	<WARNING 7fb361707740> Unable to unlink file (stream.3.20.0):No such file or directory
1456779149545	<WARNING 7fb361707740> Unable to unlink file (stream.3.21.0):No such file or directory
1456779149549	<WARNING 7fb361707740> Unable to unlink file (stream.3.22.0):No such file or directory
1456779149553	<WARNING 7fb361707740> Unable to unlink file (stream.3.23.0):No such file or directory
1456779149557	<WARNING 7fb361707740> Unable to unlink file (stream.3.24.0):No such file or directory
1456779149561	<WARNING 7fb361707740> Unable to unlink file (stream.3.25.0):No such file or directory
1456779149565	<WARNING 7fb361707740> Unable to unlink file (stream.3.26.0):No such file or directory
1456779149569	<WARNING 7fb361707740> Unable to unlink file (stream.3.27.0):No such file or directory
1456779149572	<WARNING 7fb361707740> Unable to unlink file (stream.3.28.0):No such file or directory
1456779149576	<WARNING 7fb361707740> Unable to unlink file (stream.3.29.0):No such file or directory
1456779149579	<WARNING 7fb361707740> Unable to unlink file (stream.3.30.0):No such file or directory
1456779149583	<WARNING 7fb361707740> Unable to unlink file (stream.3.31.0):No such file or directory
1456779149587	<INFO 7fb361707740> SLIPSTORE::ZMQ_THREADS 2
1456779149591	<INFO 7fb361707740> SLIPSTORE::COMM Connecting to tcp://dco-node137-10g:5016
1456779149595	<INFO 7fb361707740> SLIPSTORE::COMM Connecting to tcp://dco-node138-10g:5034
1456779149599	<INFO 7fb361707740> SLIPSTORE::COMM Connecting to tcp://dco-node139-10g:5052
1456779149602	<INFO 7fb361707740> SLIPSTORE::COMM Connecting to tcp://dco-node140-10g:5070
1456779149606	<INFO 7fb361707740> SLIPSTORE::COMM Connecting to tcp://dco-node141-10g:5088
1456779149610	<INFO 7fb361707740> SLIPSTORE::COMM Connecting to tcp://dco-node142-10g:5106
1456779149613	<INFO 7fb361707740> SLIPSTORE::COMM Connecting to tcp://dco-node143-10g:5124
1456779149617	<INFO 7fb361707740> SLIPSTORE::COMM Connecting to tcp://dco-node144-10g:5142
1456779149621	<INFO 7fb361707740> SLIPSTORE::COMM Listening at tcp://ens1f0:5098
1456779149625	<INFO 7fb361707740> SLIPSTORE::COMM Listening at tcp://ens1f0:5099
1456779149629	<INFO 7fb361707740> SLIPSTORE::COMM Listening at tcp://ens1f0:5100
1456779149633	<INFO 7fb361707740> SLIPSTORE::COMM Listening at tcp://ens1f0:5101
1456779149637	<INFO 7fb361707740> SLIPSTORE::COMM Listening at tcp://ens1f0:5102
1456779149641	<INFO 7fb361707740> SLIPSTORE::COMM Listening at ipc://client
1456779149644	<INFO 7fb361707740> SLIPSTORE::COMM Listening at tcp://ens1f0:5104
1456779149649	<INFO 7fb361707740> SLIPSTORE::COMM Listening at tcp://ens1f0:5105
1456779149652	<INFO 7fb361707740> SLIPSTORE::COMM Connecting to tcp://dco-node137-10g:5016
1456779149656	<INFO 7fb361707740> SLIPSTORE::COMM Connecting to tcp://dco-node138-10g:5034
1456779149660	<INFO 7fb361707740> SLIPSTORE::COMM Connecting to tcp://dco-node139-10g:5052
1456779149664	<INFO 7fb361707740> SLIPSTORE::COMM Connecting to tcp://dco-node140-10g:5070
1456779149667	<INFO 7fb361707740> SLIPSTORE::COMM Connecting to tcp://dco-node141-10g:5088
1456779149671	<INFO 7fb361707740> SLIPSTORE::COMM Connecting to tcp://dco-node142-10g:5106
1456779149675	<INFO 7fb361707740> SLIPSTORE::COMM Connecting to tcp://dco-node143-10g:5124
1456779149679	<INFO 7fb361707740> SLIPSTORE::COMM Connecting to tcp://dco-node144-10g:5142
1456779149683	<INFO 7fb361707740> SLIPSTORE::COMM Connecting to tcp://dco-node137-10g:5005
1456779149686	<INFO 7fb361707740> SLIPSTORE::COMM Connecting to tcp://dco-node138-10g:5023
1456779149691	<INFO 7fb361707740> SLIPSTORE::COMM Connecting to tcp://dco-node139-10g:5041
1456779149695	<INFO 7fb361707740> SLIPSTORE::COMM Connecting to tcp://dco-node140-10g:5059
1456779149698	<INFO 7fb361707740> SLIPSTORE::COMM Connecting to tcp://dco-node141-10g:5077
1456779149702	<INFO 7fb361707740> SLIPSTORE::COMM Connecting to ipc://server
1456779149706	<INFO 7fb361707740> SLIPSTORE::COMM Connecting to tcp://dco-node143-10g:5113
1456779149709	<INFO 7fb361707740> SLIPSTORE::COMM Connecting to tcp://dco-node144-10g:5131
1456779149714	<INFO 7fb361707740> SLIPSTORE::COMM Connecting to tcp://dco-node143-10g:5125
1456779149718	<INFO 7fb361707740> SLIPSTORE::COMM Listening at tcp://ens1f0:5107
1456779149722	<INFO 7fb361707740> SLIPSTORE::COMM Connecting to tcp://dco-node142-10g:5106
1456779149725	<INFO 7fb361707740> SLIPSTORE::HELP_POLICY NONE
1456779149729	<INFO 7fb361707740> SLIPSTORE::SERVER ASYNC
1456779149732	<INFO 7fb361707740> SLIPSTORE::MACHINES 8
1456779149736	<INFO 7fb361707740> SLIPSTORE::ME 5
1456779149740	<INFO 7fb361707740> SLIPSTORE::SLIPCHUNK 4194304
1456779149743	<INFO 7fb361707740> SLIPSTORE::QUOTA 18446744073709551615
1456779149748	<INFO 7fb361707740> SLIPSTORE::IO PAGECACHE
1456779149752	<INFO 7f9542ffb700> SLIPSTORE::COMM Listening at tcp://ens1f0:5106
1456779149755	<INFO 7f9542ffb700> SLIPSTORE::COMM Listening at tcp://ens1f0:5090
1456779149759	<INFO 7f9542ffb700> SLIPSTORE::COMM Connecting to tcp://dco-node137-10g:5013
1456779149763	<INFO 7f9542ffb700> SLIPSTORE::COMM Listening at tcp://ens1f0:5091
1456779149767	<INFO 7f9542ffb700> SLIPSTORE::COMM Connecting to tcp://dco-node138-10g:5031
1456779149771	<INFO 7f9542ffb700> SLIPSTORE::COMM Listening at tcp://ens1f0:5092
1456779149774	<INFO 7f9542ffb700> SLIPSTORE::COMM Connecting to tcp://dco-node139-10g:5049
1456779149778	<INFO 7f9542ffb700> SLIPSTORE::COMM Listening at tcp://ens1f0:5093
1456779149782	<INFO 7f9542ffb700> SLIPSTORE::COMM Connecting to tcp://dco-node140-10g:5067
1456779149786	<INFO 7f9542ffb700> SLIPSTORE::COMM Listening at tcp://ens1f0:5094
1456779149790	<INFO 7f9542ffb700> SLIPSTORE::COMM Connecting to tcp://dco-node141-10g:5085
1456779149794	<INFO 7f9542ffb700> SLIPSTORE::COMM Listening at ipc://server
1456779149797	<INFO 7f9542ffb700> SLIPSTORE::COMM Connecting to ipc://client
1456779149801	<INFO 7f9542ffb700> SLIPSTORE::COMM Listening at tcp://ens1f0:5096
1456779149805	<INFO 7f9542ffb700> SLIPSTORE::COMM Connecting to tcp://dco-node143-10g:5121
1456779149808	<INFO 7f9542ffb700> SLIPSTORE::COMM Listening at tcp://ens1f0:5097
1456779149812	<INFO 7f9542ffb700> SLIPSTORE::COMM Connecting to tcp://dco-node144-10g:5139
1456779151889	<INFO 7fb361707740> SLIPSTORE::CHECKPOINTS NONE FOUND
1456779223989	<INFO 7fb361707740> 2016-02-29 21:53:43 Completed init
1456779258815	<INFO 7fb361707740> 2016-02-29 21:54:18 Completed phase 1 Bytes read 10514620512 Bytes written 7042877592
1456779327457	<INFO 7fb361707740> 2016-02-29 21:55:27 Completed phase 2 Bytes read 14989443264 Bytes written 9993705088
1456779417464	<INFO 7fb361707740> 2016-02-29 21:56:57 Completed phase 3 Bytes read 20786412536 Bytes written 12824157784
1456779503582	<INFO 7fb361707740> 2016-02-29 21:58:23 Completed phase 4 Bytes read 26580434440 Bytes written 15867092064
1456779593713	<INFO 7fb361707740> 2016-02-29 21:59:53 Completed phase 5 Bytes read 32506192896 Bytes written 18984438112
1456779679419	<INFO 7fb361707740> 2016-02-29 22:01:19 Completed phase 6 Bytes read 38434104728 Bytes written 22132977936
1456779769981	<INFO 7fb361707740> 2016-02-29 22:02:49 Completed phase 7 Bytes read 44371449616 Bytes written 25393764480
1456779769984	<INFO 7fb361707740> CORE::PARTITIONS_PROCESSED 157
1456779769986	<INFO 7fb361707740> CORE::BYTES::EDGES_STREAMED 1097289612
1456779769989	<INFO 7fb361707740> CORE::BYTES::UPDATES_OUT 640406168
1456779769991	<INFO 7fb361707740> CORE::BYTES::UPDATES_IN 333723256
1456779769993	<INFO 7f9537fff700> CORE::PARTITIONS_PROCESSED 277
1456779769996	<INFO 7f9537fff700> CORE::BYTES::EDGES_STREAMED 1175018664
1456779769998	<INFO 7f9537fff700> CORE::BYTES::UPDATES_OUT 688066040
1456779770000	<INFO 7f9537fff700> CORE::BYTES::UPDATES_IN 284935888
1456779770002	<INFO 7f9540ff7700> CORE::PARTITIONS_PROCESSED 374
1456779770005	<INFO 7f95367fc700> CORE::PARTITIONS_PROCESSED 409
1456779770007	<INFO 7f9540ff7700> CORE::BYTES::EDGES_STREAMED 1081617324
1456779770009	<INFO 7f95377fe700> CORE::PARTITIONS_PROCESSED 366
1456779770011	<INFO 7f9541ff9700> CORE::PARTITIONS_PROCESSED 302
1456779770013	<INFO 7f95377fe700> CORE::BYTES::EDGES_STREAMED 1267639884
1456779770016	<INFO 7f95417f8700> CORE::PARTITIONS_PROCESSED 309
1456779770018	<INFO 7f95367fc700> CORE::BYTES::EDGES_STREAMED 1084807776
1456779770020	<INFO 7f9541ff9700> CORE::BYTES::EDGES_STREAMED 1103980740
1456779770023	<INFO 7f9540ff7700> CORE::BYTES::UPDATES_OUT 627115752
1456779770025	<INFO 7f9536ffd700> CORE::PARTITIONS_PROCESSED 366
1456779770027	<INFO 7f95377fe700> CORE::BYTES::UPDATES_OUT 696824704
1456779770029	<INFO 7f9541ff9700> CORE::BYTES::UPDATES_OUT 625434560
1456779770031	<INFO 7f95417f8700> CORE::BYTES::EDGES_STREAMED 1002002004
1456779770034	<INFO 7f9536ffd700> CORE::BYTES::EDGES_STREAMED 1310031816
1456779770036	<INFO 7f95367fc700> CORE::BYTES::UPDATES_OUT 632872728
1456779770038	<INFO 7f95377fe700> CORE::BYTES::UPDATES_IN 351584280
1456779770040	<INFO 7f95417f8700> CORE::BYTES::UPDATES_OUT 566553104
1456779770043	<INFO 7f9536ffd700> CORE::BYTES::UPDATES_OUT 735519984
1456779770045	<INFO 7f95367fc700> CORE::BYTES::UPDATES_IN 314156800
1456779770047	<INFO 7f95417f8700> CORE::BYTES::UPDATES_IN 322260288
1456779770050	<INFO 7f9541ff9700> CORE::BYTES::UPDATES_IN 256374000
1456779770052	<INFO 7f9540ff7700> CORE::BYTES::UPDATES_IN 247936744
1456779770054	<INFO 7f9536ffd700> CORE::BYTES::UPDATES_IN 332668784
1456779770213	<INFO 7f9542ffb700> SLIPSTORE service is exiting
1456779770215	<INFO 7f9542ffb700> SLIPSTORE::HELP_OFFERS_RECVD 392
1456779770218	<INFO 7f9542ffb700> SLIPSTORE::HELP_OFFERS_ACCEPTED 0
1456779770220	<INFO 7f9542ffb700> SLIPSTORE::HELP_ACCEPTANCE_RATIO 0
1456779770223	<INFO 7f9542ffb700> SLIPSTORE::SERVER_BUSY_DISK  398.729 seconds
1456779770226	<INFO 7f9542ffb700> SLIPSTORE::SERVER_BUSY_MEM  0 seconds
1456779770228	<INFO 7f9542ffb700> SLIPSTORE::SERVER_TOTAL  621.08 seconds
1456779770231	<INFO 7fb361707740> SLIPSTORE::CLIENT::DISK_READ_TIME  183.998 seconds
1456779770233	<INFO 7fb361707740> SLIPSTORE::CLIENT::MEM_READ_TIME  0 seconds
1456779770236	<INFO 7fb361707740> SLIPSTORE::CLIENT::DISK_BYTES_READ 21741409452
1456779770238	<INFO 7fb361707740> SLIPSTORE::CLIENT::MEM_BYTES_READ 0
1456779770241	<INFO 7fb361707740> SLIPSTORE::CLIENT::WRITE_TIME  87.9855 seconds
1456779770243	<INFO 7fb361707740> SLIPSTORE::CLIENT::BYTES_WRITTEN 3623878656
1456779770246	<INFO 7fb361707740> SLIPSTORE::CLIENT_BUSY  271.983 seconds
1456779770248	<INFO 7fb361707740> SLIPSTORE::IO::TIME 306.136 seconds
1456779770251	<INFO 7fb361707740> SLIPSTORE::SNAP::TIME 0 seconds
1456779770253	<INFO 7fb361707740> SLIPSTORE::MAX_DISK_USAGE_BYTES 9699684360
1456779771221	<INFO 7fb361707740> CORE::RUSAGE::MAX_RSS_KB 125952192
1456779771225	<INFO 7fb361707740> CORE::RUSAGE::MINFLT 31864783
1456779771229	<INFO 7fb361707740> CORE::RUSAGE::MAJFLT 98
1456779771232	<INFO 7fb361707740> CORE::RUSAGE::MAJFLT 98
1456779771236	<INFO 7fb361707740> CORE::RUSAGE::INBLK 59572568
1456779771239	<INFO 7fb361707740> CORE::RUSAGE::OUBLK 49616880
1456779771242	<INFO 7fb361707740> CORE::UTILS::BYTES_READ 44371449616
1456779771246	<INFO 7fb361707740> CORE::UTILS::BYTES_WRITTEN 25393764480
1456779771250	<INFO 7fb361707740> CORE::UTILS::TILE_COPY_BYTES 3825205248
1456779771254	<INFO 7fb361707740> CORE::TIME::IO_WAIT 245.344 seconds
1456779771257	<INFO 7fb361707740> CORE::TIME_TILE_COPY 0 seconds
1456779771261	<INFO 7fb361707740> CORE::TIME_TILE_MERGE 0 seconds
1456779771264	<INFO 7fb361707740> CORE::TIME_PROCESSING_STOLEN 0 seconds
1456779771267	<INFO 7fb361707740> CORE::TIME_MERGE_WAIT 0 seconds
1456779771270	<INFO 7fb361707740> CORE::TIME_ALL_MC_BARRIER 298.965 seconds
1456779771274	<INFO 7fb361707740> CORE::PHASES 7
1456779771278	<INFO 7fb361707740> CORE::TIME::SETUP 5.83685 seconds
1456779771282	<INFO 7fb361707740> CORE::TIME::WALL 623.932 seconds
1456779771286	<INFO 7fb361707740> SHUTDOWN
