1456773982141	<INFO 7f25173a5740> 2016-02-29 20:26:22 STARTUP
1456773982145	<INFO 7f25173a5740> CORE::GRAPH rmat-28-und_s8
1456773982149	<INFO 7f25173a5740> CORE::ALGORITHM bfs
1456773982153	<INFO 7f25173a5740> CORE::VERTEX_STRIPING ON
1456773982157	<INFO 7f25173a5740> 2016-02-29 20:26:22 Blocking memory amount 126701535232
1456774088400	<INFO 7f25173a5740> 2016-02-29 20:28:08 Done blocking memory
1456774088404	<INFO 7f25173a5740> SG-DRIVER-ORIGINAL
1456774088407	<INFO 7f25173a5740> CORE::CONFIG::PROCESSORS 8
1456774088411	<INFO 7f25173a5740> CORE::CONFIG::PHYSICAL_MEMORY 2147483648
1456774088415	<INFO 7f25173a5740> CORE::CONFIG::VERTICES 268435456
1456774088418	<INFO 7f25173a5740> CORE::CONFIG::VERTEX_SIZE 8
1456774088422	<INFO 7f25173a5740> CORE::CONFIG::VERTEX_BUFFER 16777216
1456774088426	<INFO 7f25173a5740> CORE::CONFIG::EDGES 1073741824
1456774088429	<INFO 7f25173a5740> CORE::CONFIG::PARTITIONS 1024
1456774088433	<INFO 7f25173a5740> CORE::CONFIG::FANOUT 1024
1456774088437	<INFO 7f25173a5740> CORE::CONFIG::SUPER_PARTITIONS 128
1456774088440	<INFO 7f25173a5740> CORE::CONFIG::TILES 1
1456774088444	<INFO 7f25173a5740> CORE::CONFIG::BUFFER_SIZE 426126336
1456774088448	<INFO 7f25173a5740> CORE::CONFIG::MAX_BUFFERS 4
1456774088452	<INFO 7f25173a5740> CORE::CONFIG::MAX_STREAMS 4
1456774088456	<INFO 7f25173a5740> SLIPSTREAM::EXT_MEM_SHUFFLE OFF
1456774090190	<WARNING 7f25173a5740> Unable to unlink file (stream.0.0.0):No such file or directory
1456774090193	<WARNING 7f25173a5740> Unable to unlink file (stream.0.1.0):No such file or directory
1456774090198	<WARNING 7f25173a5740> Unable to unlink file (stream.0.2.0):No such file or directory
1456774090202	<WARNING 7f25173a5740> Unable to unlink file (stream.0.3.0):No such file or directory
1456774090205	<WARNING 7f25173a5740> Unable to unlink file (stream.0.4.0):No such file or directory
1456774090209	<WARNING 7f25173a5740> Unable to unlink file (stream.0.5.0):No such file or directory
1456774090213	<WARNING 7f25173a5740> Unable to unlink file (stream.0.6.0):No such file or directory
1456774090217	<WARNING 7f25173a5740> Unable to unlink file (stream.0.7.0):No such file or directory
1456774090220	<WARNING 7f25173a5740> Unable to unlink file (stream.0.8.0):No such file or directory
1456774090225	<WARNING 7f25173a5740> Unable to unlink file (stream.0.9.0):No such file or directory
1456774090229	<WARNING 7f25173a5740> Unable to unlink file (stream.0.10.0):No such file or directory
1456774090232	<WARNING 7f25173a5740> Unable to unlink file (stream.0.11.0):No such file or directory
1456774090237	<WARNING 7f25173a5740> Unable to unlink file (stream.0.12.0):No such file or directory
1456774090241	<WARNING 7f25173a5740> Unable to unlink file (stream.0.13.0):No such file or directory
1456774090245	<WARNING 7f25173a5740> Unable to unlink file (stream.0.14.0):No such file or directory
1456774090249	<WARNING 7f25173a5740> Unable to unlink file (stream.0.15.0):No such file or directory
1456774090253	<WARNING 7f25173a5740> Unable to unlink file (stream.0.16.0):No such file or directory
1456774090257	<WARNING 7f25173a5740> Unable to unlink file (stream.0.17.0):No such file or directory
1456774090261	<WARNING 7f25173a5740> Unable to unlink file (stream.0.18.0):No such file or directory
1456774090265	<WARNING 7f25173a5740> Unable to unlink file (stream.0.19.0):No such file or directory
1456774090269	<WARNING 7f25173a5740> Unable to unlink file (stream.0.20.0):No such file or directory
1456774090273	<WARNING 7f25173a5740> Unable to unlink file (stream.0.21.0):No such file or directory
1456774090277	<WARNING 7f25173a5740> Unable to unlink file (stream.0.22.0):No such file or directory
1456774090281	<WARNING 7f25173a5740> Unable to unlink file (stream.0.23.0):No such file or directory
1456774090284	<WARNING 7f25173a5740> Unable to unlink file (stream.0.24.0):No such file or directory
1456774090288	<WARNING 7f25173a5740> Unable to unlink file (stream.0.25.0):No such file or directory
1456774090292	<WARNING 7f25173a5740> Unable to unlink file (stream.0.26.0):No such file or directory
1456774090296	<WARNING 7f25173a5740> Unable to unlink file (stream.0.27.0):No such file or directory
1456774090300	<WARNING 7f25173a5740> Unable to unlink file (stream.0.28.0):No such file or directory
1456774090303	<WARNING 7f25173a5740> Unable to unlink file (stream.0.29.0):No such file or directory
1456774090307	<WARNING 7f25173a5740> Unable to unlink file (stream.0.30.0):No such file or directory
1456774090311	<WARNING 7f25173a5740> Unable to unlink file (stream.0.31.0):No such file or directory
1456774090315	<WARNING 7f25173a5740> Unable to unlink file (stream.0.32.0):No such file or directory
1456774090319	<WARNING 7f25173a5740> Unable to unlink file (stream.0.33.0):No such file or directory
1456774090322	<WARNING 7f25173a5740> Unable to unlink file (stream.0.34.0):No such file or directory
1456774090326	<WARNING 7f25173a5740> Unable to unlink file (stream.0.35.0):No such file or directory
1456774090330	<WARNING 7f25173a5740> Unable to unlink file (stream.0.36.0):No such file or directory
1456774090334	<WARNING 7f25173a5740> Unable to unlink file (stream.0.37.0):No such file or directory
1456774090337	<WARNING 7f25173a5740> Unable to unlink file (stream.0.38.0):No such file or directory
1456774090341	<WARNING 7f25173a5740> Unable to unlink file (stream.0.39.0):No such file or directory
1456774090344	<WARNING 7f25173a5740> Unable to unlink file (stream.0.40.0):No such file or directory
1456774090347	<WARNING 7f25173a5740> Unable to unlink file (stream.0.41.0):No such file or directory
1456774090351	<WARNING 7f25173a5740> Unable to unlink file (stream.0.42.0):No such file or directory
1456774090354	<WARNING 7f25173a5740> Unable to unlink file (stream.0.43.0):No such file or directory
1456774090357	<WARNING 7f25173a5740> Unable to unlink file (stream.0.44.0):No such file or directory
1456774090360	<WARNING 7f25173a5740> Unable to unlink file (stream.0.45.0):No such file or directory
1456774090364	<WARNING 7f25173a5740> Unable to unlink file (stream.0.46.0):No such file or directory
1456774090368	<WARNING 7f25173a5740> Unable to unlink file (stream.0.47.0):No such file or directory
1456774090371	<WARNING 7f25173a5740> Unable to unlink file (stream.0.48.0):No such file or directory
1456774090375	<WARNING 7f25173a5740> Unable to unlink file (stream.0.49.0):No such file or directory
1456774090378	<WARNING 7f25173a5740> Unable to unlink file (stream.0.50.0):No such file or directory
1456774090381	<WARNING 7f25173a5740> Unable to unlink file (stream.0.51.0):No such file or directory
1456774090384	<WARNING 7f25173a5740> Unable to unlink file (stream.0.52.0):No such file or directory
1456774090387	<WARNING 7f25173a5740> Unable to unlink file (stream.0.53.0):No such file or directory
1456774090390	<WARNING 7f25173a5740> Unable to unlink file (stream.0.54.0):No such file or directory
1456774090395	<WARNING 7f25173a5740> Unable to unlink file (stream.0.55.0):No such file or directory
1456774090398	<WARNING 7f25173a5740> Unable to unlink file (stream.0.56.0):No such file or directory
1456774090401	<WARNING 7f25173a5740> Unable to unlink file (stream.0.57.0):No such file or directory
1456774090405	<WARNING 7f25173a5740> Unable to unlink file (stream.0.58.0):No such file or directory
1456774090408	<WARNING 7f25173a5740> Unable to unlink file (stream.0.59.0):No such file or directory
1456774090411	<WARNING 7f25173a5740> Unable to unlink file (stream.0.60.0):No such file or directory
1456774090415	<WARNING 7f25173a5740> Unable to unlink file (stream.0.61.0):No such file or directory
1456774090419	<WARNING 7f25173a5740> Unable to unlink file (stream.0.62.0):No such file or directory
1456774090422	<WARNING 7f25173a5740> Unable to unlink file (stream.0.63.0):No such file or directory
1456774090426	<WARNING 7f25173a5740> Unable to unlink file (stream.0.64.0):No such file or directory
1456774090429	<WARNING 7f25173a5740> Unable to unlink file (stream.0.65.0):No such file or directory
1456774090432	<WARNING 7f25173a5740> Unable to unlink file (stream.0.66.0):No such file or directory
1456774090435	<WARNING 7f25173a5740> Unable to unlink file (stream.0.67.0):No such file or directory
1456774090438	<WARNING 7f25173a5740> Unable to unlink file (stream.0.68.0):No such file or directory
1456774090440	<WARNING 7f25173a5740> Unable to unlink file (stream.0.69.0):No such file or directory
1456774090445	<WARNING 7f25173a5740> Unable to unlink file (stream.0.70.0):No such file or directory
1456774090448	<WARNING 7f25173a5740> Unable to unlink file (stream.0.71.0):No such file or directory
1456774090452	<WARNING 7f25173a5740> Unable to unlink file (stream.0.72.0):No such file or directory
1456774090456	<WARNING 7f25173a5740> Unable to unlink file (stream.0.73.0):No such file or directory
1456774090459	<WARNING 7f25173a5740> Unable to unlink file (stream.0.74.0):No such file or directory
1456774090462	<WARNING 7f25173a5740> Unable to unlink file (stream.0.75.0):No such file or directory
1456774090466	<WARNING 7f25173a5740> Unable to unlink file (stream.0.76.0):No such file or directory
1456774090470	<WARNING 7f25173a5740> Unable to unlink file (stream.0.77.0):No such file or directory
1456774090473	<WARNING 7f25173a5740> Unable to unlink file (stream.0.78.0):No such file or directory
1456774090477	<WARNING 7f25173a5740> Unable to unlink file (stream.0.79.0):No such file or directory
1456774090479	<WARNING 7f25173a5740> Unable to unlink file (stream.0.80.0):No such file or directory
1456774090482	<WARNING 7f25173a5740> Unable to unlink file (stream.0.81.0):No such file or directory
1456774090486	<WARNING 7f25173a5740> Unable to unlink file (stream.0.82.0):No such file or directory
1456774090490	<WARNING 7f25173a5740> Unable to unlink file (stream.0.83.0):No such file or directory
1456774090493	<WARNING 7f25173a5740> Unable to unlink file (stream.0.84.0):No such file or directory
1456774090497	<WARNING 7f25173a5740> Unable to unlink file (stream.0.85.0):No such file or directory
1456774090501	<WARNING 7f25173a5740> Unable to unlink file (stream.0.86.0):No such file or directory
1456774090504	<WARNING 7f25173a5740> Unable to unlink file (stream.0.87.0):No such file or directory
1456774090507	<WARNING 7f25173a5740> Unable to unlink file (stream.0.88.0):No such file or directory
1456774090510	<WARNING 7f25173a5740> Unable to unlink file (stream.0.89.0):No such file or directory
1456774090513	<WARNING 7f25173a5740> Unable to unlink file (stream.0.90.0):No such file or directory
1456774090516	<WARNING 7f25173a5740> Unable to unlink file (stream.0.91.0):No such file or directory
1456774090519	<WARNING 7f25173a5740> Unable to unlink file (stream.0.92.0):No such file or directory
1456774090523	<WARNING 7f25173a5740> Unable to unlink file (stream.0.93.0):No such file or directory
1456774090527	<WARNING 7f25173a5740> Unable to unlink file (stream.0.94.0):No such file or directory
1456774090531	<WARNING 7f25173a5740> Unable to unlink file (stream.0.95.0):No such file or directory
1456774090534	<WARNING 7f25173a5740> Unable to unlink file (stream.0.96.0):No such file or directory
1456774090537	<WARNING 7f25173a5740> Unable to unlink file (stream.0.97.0):No such file or directory
1456774090540	<WARNING 7f25173a5740> Unable to unlink file (stream.0.98.0):No such file or directory
1456774090544	<WARNING 7f25173a5740> Unable to unlink file (stream.0.99.0):No such file or directory
1456774090547	<WARNING 7f25173a5740> Unable to unlink file (stream.0.100.0):No such file or directory
1456774090550	<WARNING 7f25173a5740> Unable to unlink file (stream.0.101.0):No such file or directory
1456774090553	<WARNING 7f25173a5740> Unable to unlink file (stream.0.102.0):No such file or directory
1456774090556	<WARNING 7f25173a5740> Unable to unlink file (stream.0.103.0):No such file or directory
1456774090559	<WARNING 7f25173a5740> Unable to unlink file (stream.0.104.0):No such file or directory
1456774090562	<WARNING 7f25173a5740> Unable to unlink file (stream.0.105.0):No such file or directory
1456774090565	<WARNING 7f25173a5740> Unable to unlink file (stream.0.106.0):No such file or directory
1456774090569	<WARNING 7f25173a5740> Unable to unlink file (stream.0.107.0):No such file or directory
1456774090573	<WARNING 7f25173a5740> Unable to unlink file (stream.0.108.0):No such file or directory
1456774090576	<WARNING 7f25173a5740> Unable to unlink file (stream.0.109.0):No such file or directory
1456774090579	<WARNING 7f25173a5740> Unable to unlink file (stream.0.110.0):No such file or directory
1456774090584	<WARNING 7f25173a5740> Unable to unlink file (stream.0.111.0):No such file or directory
1456774090587	<WARNING 7f25173a5740> Unable to unlink file (stream.0.112.0):No such file or directory
1456774090590	<WARNING 7f25173a5740> Unable to unlink file (stream.0.113.0):No such file or directory
1456774090594	<WARNING 7f25173a5740> Unable to unlink file (stream.0.114.0):No such file or directory
1456774090597	<WARNING 7f25173a5740> Unable to unlink file (stream.0.115.0):No such file or directory
1456774090600	<WARNING 7f25173a5740> Unable to unlink file (stream.0.116.0):No such file or directory
1456774090604	<WARNING 7f25173a5740> Unable to unlink file (stream.0.117.0):No such file or directory
1456774090607	<WARNING 7f25173a5740> Unable to unlink file (stream.0.118.0):No such file or directory
1456774090609	<WARNING 7f25173a5740> Unable to unlink file (stream.0.119.0):No such file or directory
1456774090613	<WARNING 7f25173a5740> Unable to unlink file (stream.0.120.0):No such file or directory
1456774090617	<WARNING 7f25173a5740> Unable to unlink file (stream.0.121.0):No such file or directory
1456774090620	<WARNING 7f25173a5740> Unable to unlink file (stream.0.122.0):No such file or directory
1456774090624	<WARNING 7f25173a5740> Unable to unlink file (stream.0.123.0):No such file or directory
1456774090627	<WARNING 7f25173a5740> Unable to unlink file (stream.0.124.0):No such file or directory
1456774090631	<WARNING 7f25173a5740> Unable to unlink file (stream.0.125.0):No such file or directory
1456774090634	<WARNING 7f25173a5740> Unable to unlink file (stream.0.126.0):No such file or directory
1456774090637	<WARNING 7f25173a5740> Unable to unlink file (stream.0.127.0):No such file or directory
1456774090639	<WARNING 7f25173a5740> Unable to unlink file (stream.1.1.0):No such file or directory
1456774090643	<WARNING 7f25173a5740> Unable to unlink file (stream.1.2.0):No such file or directory
1456774090647	<WARNING 7f25173a5740> Unable to unlink file (stream.1.3.0):No such file or directory
1456774090650	<WARNING 7f25173a5740> Unable to unlink file (stream.1.4.0):No such file or directory
1456774090653	<WARNING 7f25173a5740> Unable to unlink file (stream.1.5.0):No such file or directory
1456774090657	<WARNING 7f25173a5740> Unable to unlink file (stream.1.6.0):No such file or directory
1456774090660	<WARNING 7f25173a5740> Unable to unlink file (stream.1.7.0):No such file or directory
1456774090663	<WARNING 7f25173a5740> Unable to unlink file (stream.1.8.0):No such file or directory
1456774090668	<WARNING 7f25173a5740> Unable to unlink file (stream.1.9.0):No such file or directory
1456774090671	<WARNING 7f25173a5740> Unable to unlink file (stream.1.10.0):No such file or directory
1456774090674	<WARNING 7f25173a5740> Unable to unlink file (stream.1.11.0):No such file or directory
1456774090677	<WARNING 7f25173a5740> Unable to unlink file (stream.1.12.0):No such file or directory
1456774090681	<WARNING 7f25173a5740> Unable to unlink file (stream.1.13.0):No such file or directory
1456774090684	<WARNING 7f25173a5740> Unable to unlink file (stream.1.14.0):No such file or directory
1456774090688	<WARNING 7f25173a5740> Unable to unlink file (stream.1.15.0):No such file or directory
1456774090691	<WARNING 7f25173a5740> Unable to unlink file (stream.1.16.0):No such file or directory
1456774090695	<WARNING 7f25173a5740> Unable to unlink file (stream.1.17.0):No such file or directory
1456774090699	<WARNING 7f25173a5740> Unable to unlink file (stream.1.18.0):No such file or directory
1456774090703	<WARNING 7f25173a5740> Unable to unlink file (stream.1.19.0):No such file or directory
1456774090707	<WARNING 7f25173a5740> Unable to unlink file (stream.1.20.0):No such file or directory
1456774090710	<WARNING 7f25173a5740> Unable to unlink file (stream.1.21.0):No such file or directory
1456774090713	<WARNING 7f25173a5740> Unable to unlink file (stream.1.22.0):No such file or directory
1456774090716	<WARNING 7f25173a5740> Unable to unlink file (stream.1.23.0):No such file or directory
1456774090720	<WARNING 7f25173a5740> Unable to unlink file (stream.1.24.0):No such file or directory
1456774090723	<WARNING 7f25173a5740> Unable to unlink file (stream.1.25.0):No such file or directory
1456774090726	<WARNING 7f25173a5740> Unable to unlink file (stream.1.26.0):No such file or directory
1456774090730	<WARNING 7f25173a5740> Unable to unlink file (stream.1.27.0):No such file or directory
1456774090733	<WARNING 7f25173a5740> Unable to unlink file (stream.1.28.0):No such file or directory
1456774090737	<WARNING 7f25173a5740> Unable to unlink file (stream.1.29.0):No such file or directory
1456774090740	<WARNING 7f25173a5740> Unable to unlink file (stream.1.30.0):No such file or directory
1456774090742	<WARNING 7f25173a5740> Unable to unlink file (stream.1.31.0):No such file or directory
1456774090745	<WARNING 7f25173a5740> Unable to unlink file (stream.1.32.0):No such file or directory
1456774090748	<WARNING 7f25173a5740> Unable to unlink file (stream.1.33.0):No such file or directory
1456774090752	<WARNING 7f25173a5740> Unable to unlink file (stream.1.34.0):No such file or directory
1456774090755	<WARNING 7f25173a5740> Unable to unlink file (stream.1.35.0):No such file or directory
1456774090758	<WARNING 7f25173a5740> Unable to unlink file (stream.1.36.0):No such file or directory
1456774090761	<WARNING 7f25173a5740> Unable to unlink file (stream.1.37.0):No such file or directory
1456774090764	<WARNING 7f25173a5740> Unable to unlink file (stream.1.38.0):No such file or directory
1456774090767	<WARNING 7f25173a5740> Unable to unlink file (stream.1.39.0):No such file or directory
1456774090770	<WARNING 7f25173a5740> Unable to unlink file (stream.1.40.0):No such file or directory
1456774090773	<WARNING 7f25173a5740> Unable to unlink file (stream.1.41.0):No such file or directory
1456774090776	<WARNING 7f25173a5740> Unable to unlink file (stream.1.42.0):No such file or directory
1456774090780	<WARNING 7f25173a5740> Unable to unlink file (stream.1.43.0):No such file or directory
1456774090784	<WARNING 7f25173a5740> Unable to unlink file (stream.1.44.0):No such file or directory
1456774090789	<WARNING 7f25173a5740> Unable to unlink file (stream.1.45.0):No such file or directory
1456774090792	<WARNING 7f25173a5740> Unable to unlink file (stream.1.46.0):No such file or directory
1456774090795	<WARNING 7f25173a5740> Unable to unlink file (stream.1.47.0):No such file or directory
1456774090798	<WARNING 7f25173a5740> Unable to unlink file (stream.1.48.0):No such file or directory
1456774090801	<WARNING 7f25173a5740> Unable to unlink file (stream.1.49.0):No such file or directory
1456774090804	<WARNING 7f25173a5740> Unable to unlink file (stream.1.50.0):No such file or directory
1456774090807	<WARNING 7f25173a5740> Unable to unlink file (stream.1.51.0):No such file or directory
1456774090812	<WARNING 7f25173a5740> Unable to unlink file (stream.1.52.0):No such file or directory
1456774090815	<WARNING 7f25173a5740> Unable to unlink file (stream.1.53.0):No such file or directory
1456774090819	<WARNING 7f25173a5740> Unable to unlink file (stream.1.54.0):No such file or directory
1456774090823	<WARNING 7f25173a5740> Unable to unlink file (stream.1.55.0):No such file or directory
1456774090826	<WARNING 7f25173a5740> Unable to unlink file (stream.1.56.0):No such file or directory
1456774090829	<WARNING 7f25173a5740> Unable to unlink file (stream.1.57.0):No such file or directory
1456774090832	<WARNING 7f25173a5740> Unable to unlink file (stream.1.58.0):No such file or directory
1456774090835	<WARNING 7f25173a5740> Unable to unlink file (stream.1.59.0):No such file or directory
1456774090839	<WARNING 7f25173a5740> Unable to unlink file (stream.1.60.0):No such file or directory
1456774090843	<WARNING 7f25173a5740> Unable to unlink file (stream.1.61.0):No such file or directory
1456774090847	<WARNING 7f25173a5740> Unable to unlink file (stream.1.62.0):No such file or directory
1456774090850	<WARNING 7f25173a5740> Unable to unlink file (stream.1.63.0):No such file or directory
1456774090854	<WARNING 7f25173a5740> Unable to unlink file (stream.1.64.0):No such file or directory
1456774090858	<WARNING 7f25173a5740> Unable to unlink file (stream.1.65.0):No such file or directory
1456774090862	<WARNING 7f25173a5740> Unable to unlink file (stream.1.66.0):No such file or directory
1456774090865	<WARNING 7f25173a5740> Unable to unlink file (stream.1.67.0):No such file or directory
1456774090869	<WARNING 7f25173a5740> Unable to unlink file (stream.1.68.0):No such file or directory
1456774090872	<WARNING 7f25173a5740> Unable to unlink file (stream.1.69.0):No such file or directory
1456774090876	<WARNING 7f25173a5740> Unable to unlink file (stream.1.70.0):No such file or directory
1456774090879	<WARNING 7f25173a5740> Unable to unlink file (stream.1.71.0):No such file or directory
1456774090882	<WARNING 7f25173a5740> Unable to unlink file (stream.1.72.0):No such file or directory
1456774090885	<WARNING 7f25173a5740> Unable to unlink file (stream.1.73.0):No such file or directory
1456774090889	<WARNING 7f25173a5740> Unable to unlink file (stream.1.74.0):No such file or directory
1456774090892	<WARNING 7f25173a5740> Unable to unlink file (stream.1.75.0):No such file or directory
1456774090896	<WARNING 7f25173a5740> Unable to unlink file (stream.1.76.0):No such file or directory
1456774090900	<WARNING 7f25173a5740> Unable to unlink file (stream.1.77.0):No such file or directory
1456774090903	<WARNING 7f25173a5740> Unable to unlink file (stream.1.78.0):No such file or directory
1456774090907	<WARNING 7f25173a5740> Unable to unlink file (stream.1.79.0):No such file or directory
1456774090910	<WARNING 7f25173a5740> Unable to unlink file (stream.1.80.0):No such file or directory
1456774090915	<WARNING 7f25173a5740> Unable to unlink file (stream.1.81.0):No such file or directory
1456774090919	<WARNING 7f25173a5740> Unable to unlink file (stream.1.82.0):No such file or directory
1456774090922	<WARNING 7f25173a5740> Unable to unlink file (stream.1.83.0):No such file or directory
1456774090925	<WARNING 7f25173a5740> Unable to unlink file (stream.1.84.0):No such file or directory
1456774090928	<WARNING 7f25173a5740> Unable to unlink file (stream.1.85.0):No such file or directory
1456774090932	<WARNING 7f25173a5740> Unable to unlink file (stream.1.86.0):No such file or directory
1456774090935	<WARNING 7f25173a5740> Unable to unlink file (stream.1.87.0):No such file or directory
1456774090939	<WARNING 7f25173a5740> Unable to unlink file (stream.1.88.0):No such file or directory
1456774090942	<WARNING 7f25173a5740> Unable to unlink file (stream.1.89.0):No such file or directory
1456774090945	<WARNING 7f25173a5740> Unable to unlink file (stream.1.90.0):No such file or directory
1456774090948	<WARNING 7f25173a5740> Unable to unlink file (stream.1.91.0):No such file or directory
1456774090951	<WARNING 7f25173a5740> Unable to unlink file (stream.1.92.0):No such file or directory
1456774090954	<WARNING 7f25173a5740> Unable to unlink file (stream.1.93.0):No such file or directory
1456774090957	<WARNING 7f25173a5740> Unable to unlink file (stream.1.94.0):No such file or directory
1456774090960	<WARNING 7f25173a5740> Unable to unlink file (stream.1.95.0):No such file or directory
1456774090963	<WARNING 7f25173a5740> Unable to unlink file (stream.1.96.0):No such file or directory
1456774090967	<WARNING 7f25173a5740> Unable to unlink file (stream.1.97.0):No such file or directory
1456774090970	<WARNING 7f25173a5740> Unable to unlink file (stream.1.98.0):No such file or directory
1456774090974	<WARNING 7f25173a5740> Unable to unlink file (stream.1.99.0):No such file or directory
1456774090977	<WARNING 7f25173a5740> Unable to unlink file (stream.1.100.0):No such file or directory
1456774090981	<WARNING 7f25173a5740> Unable to unlink file (stream.1.101.0):No such file or directory
1456774090985	<WARNING 7f25173a5740> Unable to unlink file (stream.1.102.0):No such file or directory
1456774090988	<WARNING 7f25173a5740> Unable to unlink file (stream.1.103.0):No such file or directory
1456774090991	<WARNING 7f25173a5740> Unable to unlink file (stream.1.104.0):No such file or directory
1456774090995	<WARNING 7f25173a5740> Unable to unlink file (stream.1.105.0):No such file or directory
1456774090998	<WARNING 7f25173a5740> Unable to unlink file (stream.1.106.0):No such file or directory
1456774091001	<WARNING 7f25173a5740> Unable to unlink file (stream.1.107.0):No such file or directory
1456774091004	<WARNING 7f25173a5740> Unable to unlink file (stream.1.108.0):No such file or directory
1456774091007	<WARNING 7f25173a5740> Unable to unlink file (stream.1.109.0):No such file or directory
1456774091011	<WARNING 7f25173a5740> Unable to unlink file (stream.1.110.0):No such file or directory
1456774091014	<WARNING 7f25173a5740> Unable to unlink file (stream.1.111.0):No such file or directory
1456774091019	<WARNING 7f25173a5740> Unable to unlink file (stream.1.112.0):No such file or directory
1456774091022	<WARNING 7f25173a5740> Unable to unlink file (stream.1.113.0):No such file or directory
1456774091026	<WARNING 7f25173a5740> Unable to unlink file (stream.1.114.0):No such file or directory
1456774091030	<WARNING 7f25173a5740> Unable to unlink file (stream.1.115.0):No such file or directory
1456774091033	<WARNING 7f25173a5740> Unable to unlink file (stream.1.116.0):No such file or directory
1456774091037	<WARNING 7f25173a5740> Unable to unlink file (stream.1.117.0):No such file or directory
1456774091040	<WARNING 7f25173a5740> Unable to unlink file (stream.1.118.0):No such file or directory
1456774091043	<WARNING 7f25173a5740> Unable to unlink file (stream.1.119.0):No such file or directory
1456774091047	<WARNING 7f25173a5740> Unable to unlink file (stream.1.120.0):No such file or directory
1456774091050	<WARNING 7f25173a5740> Unable to unlink file (stream.1.121.0):No such file or directory
1456774091053	<WARNING 7f25173a5740> Unable to unlink file (stream.1.122.0):No such file or directory
1456774091056	<WARNING 7f25173a5740> Unable to unlink file (stream.1.123.0):No such file or directory
1456774091059	<WARNING 7f25173a5740> Unable to unlink file (stream.1.124.0):No such file or directory
1456774091063	<WARNING 7f25173a5740> Unable to unlink file (stream.1.125.0):No such file or directory
1456774091066	<WARNING 7f25173a5740> Unable to unlink file (stream.1.126.0):No such file or directory
1456774091070	<WARNING 7f25173a5740> Unable to unlink file (stream.1.127.0):No such file or directory
1456774091073	<WARNING 7f25173a5740> Unable to unlink file (stream.2.0.0):No such file or directory
1456774091077	<WARNING 7f25173a5740> Unable to unlink file (stream.2.1.0):No such file or directory
1456774091080	<WARNING 7f25173a5740> Unable to unlink file (stream.2.2.0):No such file or directory
1456774091083	<WARNING 7f25173a5740> Unable to unlink file (stream.2.3.0):No such file or directory
1456774091086	<WARNING 7f25173a5740> Unable to unlink file (stream.2.4.0):No such file or directory
1456774091089	<WARNING 7f25173a5740> Unable to unlink file (stream.2.5.0):No such file or directory
1456774091093	<WARNING 7f25173a5740> Unable to unlink file (stream.2.6.0):No such file or directory
1456774091096	<WARNING 7f25173a5740> Unable to unlink file (stream.2.7.0):No such file or directory
1456774091100	<WARNING 7f25173a5740> Unable to unlink file (stream.2.8.0):No such file or directory
1456774091103	<WARNING 7f25173a5740> Unable to unlink file (stream.2.9.0):No such file or directory
1456774091107	<WARNING 7f25173a5740> Unable to unlink file (stream.2.10.0):No such file or directory
1456774091110	<WARNING 7f25173a5740> Unable to unlink file (stream.2.11.0):No such file or directory
1456774091114	<WARNING 7f25173a5740> Unable to unlink file (stream.2.12.0):No such file or directory
1456774091117	<WARNING 7f25173a5740> Unable to unlink file (stream.2.13.0):No such file or directory
1456774091119	<WARNING 7f25173a5740> Unable to unlink file (stream.2.14.0):No such file or directory
1456774091123	<WARNING 7f25173a5740> Unable to unlink file (stream.2.15.0):No such file or directory
1456774091127	<WARNING 7f25173a5740> Unable to unlink file (stream.2.16.0):No such file or directory
1456774091130	<WARNING 7f25173a5740> Unable to unlink file (stream.2.17.0):No such file or directory
1456774091134	<WARNING 7f25173a5740> Unable to unlink file (stream.2.18.0):No such file or directory
1456774091137	<WARNING 7f25173a5740> Unable to unlink file (stream.2.19.0):No such file or directory
1456774091140	<WARNING 7f25173a5740> Unable to unlink file (stream.2.20.0):No such file or directory
1456774091143	<WARNING 7f25173a5740> Unable to unlink file (stream.2.21.0):No such file or directory
1456774091146	<WARNING 7f25173a5740> Unable to unlink file (stream.2.22.0):No such file or directory
1456774091149	<WARNING 7f25173a5740> Unable to unlink file (stream.2.23.0):No such file or directory
1456774091153	<WARNING 7f25173a5740> Unable to unlink file (stream.2.24.0):No such file or directory
1456774091155	<WARNING 7f25173a5740> Unable to unlink file (stream.2.25.0):No such file or directory
1456774091159	<WARNING 7f25173a5740> Unable to unlink file (stream.2.26.0):No such file or directory
1456774091163	<WARNING 7f25173a5740> Unable to unlink file (stream.2.27.0):No such file or directory
1456774091166	<WARNING 7f25173a5740> Unable to unlink file (stream.2.28.0):No such file or directory
1456774091169	<WARNING 7f25173a5740> Unable to unlink file (stream.2.29.0):No such file or directory
1456774091173	<WARNING 7f25173a5740> Unable to unlink file (stream.2.30.0):No such file or directory
1456774091176	<WARNING 7f25173a5740> Unable to unlink file (stream.2.31.0):No such file or directory
1456774091180	<WARNING 7f25173a5740> Unable to unlink file (stream.2.32.0):No such file or directory
1456774091184	<WARNING 7f25173a5740> Unable to unlink file (stream.2.33.0):No such file or directory
1456774091188	<WARNING 7f25173a5740> Unable to unlink file (stream.2.34.0):No such file or directory
1456774091191	<WARNING 7f25173a5740> Unable to unlink file (stream.2.35.0):No such file or directory
1456774091196	<WARNING 7f25173a5740> Unable to unlink file (stream.2.36.0):No such file or directory
1456774091199	<WARNING 7f25173a5740> Unable to unlink file (stream.2.37.0):No such file or directory
1456774091202	<WARNING 7f25173a5740> Unable to unlink file (stream.2.38.0):No such file or directory
1456774091205	<WARNING 7f25173a5740> Unable to unlink file (stream.2.39.0):No such file or directory
1456774091208	<WARNING 7f25173a5740> Unable to unlink file (stream.2.40.0):No such file or directory
1456774091212	<WARNING 7f25173a5740> Unable to unlink file (stream.2.41.0):No such file or directory
1456774091214	<WARNING 7f25173a5740> Unable to unlink file (stream.2.42.0):No such file or directory
1456774091217	<WARNING 7f25173a5740> Unable to unlink file (stream.2.43.0):No such file or directory
1456774091221	<WARNING 7f25173a5740> Unable to unlink file (stream.2.44.0):No such file or directory
1456774091225	<WARNING 7f25173a5740> Unable to unlink file (stream.2.45.0):No such file or directory
1456774091229	<WARNING 7f25173a5740> Unable to unlink file (stream.2.46.0):No such file or directory
1456774091233	<WARNING 7f25173a5740> Unable to unlink file (stream.2.47.0):No such file or directory
1456774091236	<WARNING 7f25173a5740> Unable to unlink file (stream.2.48.0):No such file or directory
1456774091240	<WARNING 7f25173a5740> Unable to unlink file (stream.2.49.0):No such file or directory
1456774091244	<WARNING 7f25173a5740> Unable to unlink file (stream.2.50.0):No such file or directory
1456774091248	<WARNING 7f25173a5740> Unable to unlink file (stream.2.51.0):No such file or directory
1456774091251	<WARNING 7f25173a5740> Unable to unlink file (stream.2.52.0):No such file or directory
1456774091255	<WARNING 7f25173a5740> Unable to unlink file (stream.2.53.0):No such file or directory
1456774091259	<WARNING 7f25173a5740> Unable to unlink file (stream.2.54.0):No such file or directory
1456774091262	<WARNING 7f25173a5740> Unable to unlink file (stream.2.55.0):No such file or directory
1456774091266	<WARNING 7f25173a5740> Unable to unlink file (stream.2.56.0):No such file or directory
1456774091269	<WARNING 7f25173a5740> Unable to unlink file (stream.2.57.0):No such file or directory
1456774091272	<WARNING 7f25173a5740> Unable to unlink file (stream.2.58.0):No such file or directory
1456774091275	<WARNING 7f25173a5740> Unable to unlink file (stream.2.59.0):No such file or directory
1456774091279	<WARNING 7f25173a5740> Unable to unlink file (stream.2.60.0):No such file or directory
1456774091283	<WARNING 7f25173a5740> Unable to unlink file (stream.2.61.0):No such file or directory
1456774091286	<WARNING 7f25173a5740> Unable to unlink file (stream.2.62.0):No such file or directory
1456774091290	<WARNING 7f25173a5740> Unable to unlink file (stream.2.63.0):No such file or directory
1456774091293	<WARNING 7f25173a5740> Unable to unlink file (stream.2.64.0):No such file or directory
1456774091297	<WARNING 7f25173a5740> Unable to unlink file (stream.2.65.0):No such file or directory
1456774091300	<WARNING 7f25173a5740> Unable to unlink file (stream.2.66.0):No such file or directory
1456774091304	<WARNING 7f25173a5740> Unable to unlink file (stream.2.67.0):No such file or directory
1456774091308	<WARNING 7f25173a5740> Unable to unlink file (stream.2.68.0):No such file or directory
1456774091311	<WARNING 7f25173a5740> Unable to unlink file (stream.2.69.0):No such file or directory
1456774091315	<WARNING 7f25173a5740> Unable to unlink file (stream.2.70.0):No such file or directory
1456774091319	<WARNING 7f25173a5740> Unable to unlink file (stream.2.71.0):No such file or directory
1456774091322	<WARNING 7f25173a5740> Unable to unlink file (stream.2.72.0):No such file or directory
1456774091326	<WARNING 7f25173a5740> Unable to unlink file (stream.2.73.0):No such file or directory
1456774091330	<WARNING 7f25173a5740> Unable to unlink file (stream.2.74.0):No such file or directory
1456774091334	<WARNING 7f25173a5740> Unable to unlink file (stream.2.75.0):No such file or directory
1456774091337	<WARNING 7f25173a5740> Unable to unlink file (stream.2.76.0):No such file or directory
1456774091341	<WARNING 7f25173a5740> Unable to unlink file (stream.2.77.0):No such file or directory
1456774091345	<WARNING 7f25173a5740> Unable to unlink file (stream.2.78.0):No such file or directory
1456774091348	<WARNING 7f25173a5740> Unable to unlink file (stream.2.79.0):No such file or directory
1456774091351	<WARNING 7f25173a5740> Unable to unlink file (stream.2.80.0):No such file or directory
1456774091354	<WARNING 7f25173a5740> Unable to unlink file (stream.2.81.0):No such file or directory
1456774091358	<WARNING 7f25173a5740> Unable to unlink file (stream.2.82.0):No such file or directory
1456774091361	<WARNING 7f25173a5740> Unable to unlink file (stream.2.83.0):No such file or directory
1456774091363	<WARNING 7f25173a5740> Unable to unlink file (stream.2.84.0):No such file or directory
1456774091367	<WARNING 7f25173a5740> Unable to unlink file (stream.2.85.0):No such file or directory
1456774091371	<WARNING 7f25173a5740> Unable to unlink file (stream.2.86.0):No such file or directory
1456774091374	<WARNING 7f25173a5740> Unable to unlink file (stream.2.87.0):No such file or directory
1456774091377	<WARNING 7f25173a5740> Unable to unlink file (stream.2.88.0):No such file or directory
1456774091380	<WARNING 7f25173a5740> Unable to unlink file (stream.2.89.0):No such file or directory
1456774091383	<WARNING 7f25173a5740> Unable to unlink file (stream.2.90.0):No such file or directory
1456774091386	<WARNING 7f25173a5740> Unable to unlink file (stream.2.91.0):No such file or directory
1456774091390	<WARNING 7f25173a5740> Unable to unlink file (stream.2.92.0):No such file or directory
1456774091394	<WARNING 7f25173a5740> Unable to unlink file (stream.2.93.0):No such file or directory
1456774091397	<WARNING 7f25173a5740> Unable to unlink file (stream.2.94.0):No such file or directory
1456774091400	<WARNING 7f25173a5740> Unable to unlink file (stream.2.95.0):No such file or directory
1456774091403	<WARNING 7f25173a5740> Unable to unlink file (stream.2.96.0):No such file or directory
1456774091407	<WARNING 7f25173a5740> Unable to unlink file (stream.2.97.0):No such file or directory
1456774091411	<WARNING 7f25173a5740> Unable to unlink file (stream.2.98.0):No such file or directory
1456774091415	<WARNING 7f25173a5740> Unable to unlink file (stream.2.99.0):No such file or directory
1456774091418	<WARNING 7f25173a5740> Unable to unlink file (stream.2.100.0):No such file or directory
1456774091421	<WARNING 7f25173a5740> Unable to unlink file (stream.2.101.0):No such file or directory
1456774091424	<WARNING 7f25173a5740> Unable to unlink file (stream.2.102.0):No such file or directory
1456774091428	<WARNING 7f25173a5740> Unable to unlink file (stream.2.103.0):No such file or directory
1456774091432	<WARNING 7f25173a5740> Unable to unlink file (stream.2.104.0):No such file or directory
1456774091436	<WARNING 7f25173a5740> Unable to unlink file (stream.2.105.0):No such file or directory
1456774091439	<WARNING 7f25173a5740> Unable to unlink file (stream.2.106.0):No such file or directory
1456774091442	<WARNING 7f25173a5740> Unable to unlink file (stream.2.107.0):No such file or directory
1456774091445	<WARNING 7f25173a5740> Unable to unlink file (stream.2.108.0):No such file or directory
1456774091448	<WARNING 7f25173a5740> Unable to unlink file (stream.2.109.0):No such file or directory
1456774091452	<WARNING 7f25173a5740> Unable to unlink file (stream.2.110.0):No such file or directory
1456774091455	<WARNING 7f25173a5740> Unable to unlink file (stream.2.111.0):No such file or directory
1456774091459	<WARNING 7f25173a5740> Unable to unlink file (stream.2.112.0):No such file or directory
1456774091463	<WARNING 7f25173a5740> Unable to unlink file (stream.2.113.0):No such file or directory
1456774091466	<WARNING 7f25173a5740> Unable to unlink file (stream.2.114.0):No such file or directory
1456774091469	<WARNING 7f25173a5740> Unable to unlink file (stream.2.115.0):No such file or directory
1456774091473	<WARNING 7f25173a5740> Unable to unlink file (stream.2.116.0):No such file or directory
1456774091475	<WARNING 7f25173a5740> Unable to unlink file (stream.2.117.0):No such file or directory
1456774091479	<WARNING 7f25173a5740> Unable to unlink file (stream.2.118.0):No such file or directory
1456774091482	<WARNING 7f25173a5740> Unable to unlink file (stream.2.119.0):No such file or directory
1456774091486	<WARNING 7f25173a5740> Unable to unlink file (stream.2.120.0):No such file or directory
1456774091489	<WARNING 7f25173a5740> Unable to unlink file (stream.2.121.0):No such file or directory
1456774091493	<WARNING 7f25173a5740> Unable to unlink file (stream.2.122.0):No such file or directory
1456774091496	<WARNING 7f25173a5740> Unable to unlink file (stream.2.123.0):No such file or directory
1456774091498	<WARNING 7f25173a5740> Unable to unlink file (stream.2.124.0):No such file or directory
1456774091501	<WARNING 7f25173a5740> Unable to unlink file (stream.2.125.0):No such file or directory
1456774091505	<WARNING 7f25173a5740> Unable to unlink file (stream.2.126.0):No such file or directory
1456774091508	<WARNING 7f25173a5740> Unable to unlink file (stream.2.127.0):No such file or directory
1456774091511	<WARNING 7f25173a5740> Unable to unlink file (stream.3.0.0):No such file or directory
1456774091514	<WARNING 7f25173a5740> Unable to unlink file (stream.3.1.0):No such file or directory
1456774091517	<WARNING 7f25173a5740> Unable to unlink file (stream.3.2.0):No such file or directory
1456774091520	<WARNING 7f25173a5740> Unable to unlink file (stream.3.3.0):No such file or directory
1456774091524	<WARNING 7f25173a5740> Unable to unlink file (stream.3.4.0):No such file or directory
1456774091527	<WARNING 7f25173a5740> Unable to unlink file (stream.3.5.0):No such file or directory
1456774091531	<WARNING 7f25173a5740> Unable to unlink file (stream.3.6.0):No such file or directory
1456774091534	<WARNING 7f25173a5740> Unable to unlink file (stream.3.7.0):No such file or directory
1456774091538	<WARNING 7f25173a5740> Unable to unlink file (stream.3.8.0):No such file or directory
1456774091541	<WARNING 7f25173a5740> Unable to unlink file (stream.3.9.0):No such file or directory
1456774091544	<WARNING 7f25173a5740> Unable to unlink file (stream.3.10.0):No such file or directory
1456774091547	<WARNING 7f25173a5740> Unable to unlink file (stream.3.11.0):No such file or directory
1456774091550	<WARNING 7f25173a5740> Unable to unlink file (stream.3.12.0):No such file or directory
1456774091553	<WARNING 7f25173a5740> Unable to unlink file (stream.3.13.0):No such file or directory
1456774091556	<WARNING 7f25173a5740> Unable to unlink file (stream.3.14.0):No such file or directory
1456774091561	<WARNING 7f25173a5740> Unable to unlink file (stream.3.15.0):No such file or directory
1456774091564	<WARNING 7f25173a5740> Unable to unlink file (stream.3.16.0):No such file or directory
1456774091568	<WARNING 7f25173a5740> Unable to unlink file (stream.3.17.0):No such file or directory
1456774091571	<WARNING 7f25173a5740> Unable to unlink file (stream.3.18.0):No such file or directory
1456774091576	<WARNING 7f25173a5740> Unable to unlink file (stream.3.19.0):No such file or directory
1456774091580	<WARNING 7f25173a5740> Unable to unlink file (stream.3.20.0):No such file or directory
1456774091583	<WARNING 7f25173a5740> Unable to unlink file (stream.3.21.0):No such file or directory
1456774091587	<WARNING 7f25173a5740> Unable to unlink file (stream.3.22.0):No such file or directory
1456774091591	<WARNING 7f25173a5740> Unable to unlink file (stream.3.23.0):No such file or directory
1456774091594	<WARNING 7f25173a5740> Unable to unlink file (stream.3.24.0):No such file or directory
1456774091598	<WARNING 7f25173a5740> Unable to unlink file (stream.3.25.0):No such file or directory
1456774091601	<WARNING 7f25173a5740> Unable to unlink file (stream.3.26.0):No such file or directory
1456774091604	<WARNING 7f25173a5740> Unable to unlink file (stream.3.27.0):No such file or directory
1456774091606	<WARNING 7f25173a5740> Unable to unlink file (stream.3.28.0):No such file or directory
1456774091610	<WARNING 7f25173a5740> Unable to unlink file (stream.3.29.0):No such file or directory
1456774091613	<WARNING 7f25173a5740> Unable to unlink file (stream.3.30.0):No such file or directory
1456774091617	<WARNING 7f25173a5740> Unable to unlink file (stream.3.31.0):No such file or directory
1456774091620	<WARNING 7f25173a5740> Unable to unlink file (stream.3.32.0):No such file or directory
1456774091624	<WARNING 7f25173a5740> Unable to unlink file (stream.3.33.0):No such file or directory
1456774091627	<WARNING 7f25173a5740> Unable to unlink file (stream.3.34.0):No such file or directory
1456774091630	<WARNING 7f25173a5740> Unable to unlink file (stream.3.35.0):No such file or directory
1456774091633	<WARNING 7f25173a5740> Unable to unlink file (stream.3.36.0):No such file or directory
1456774091636	<WARNING 7f25173a5740> Unable to unlink file (stream.3.37.0):No such file or directory
1456774091639	<WARNING 7f25173a5740> Unable to unlink file (stream.3.38.0):No such file or directory
1456774091642	<WARNING 7f25173a5740> Unable to unlink file (stream.3.39.0):No such file or directory
1456774091646	<WARNING 7f25173a5740> Unable to unlink file (stream.3.40.0):No such file or directory
1456774091649	<WARNING 7f25173a5740> Unable to unlink file (stream.3.41.0):No such file or directory
1456774091653	<WARNING 7f25173a5740> Unable to unlink file (stream.3.42.0):No such file or directory
1456774091657	<WARNING 7f25173a5740> Unable to unlink file (stream.3.43.0):No such file or directory
1456774091660	<WARNING 7f25173a5740> Unable to unlink file (stream.3.44.0):No such file or directory
1456774091663	<WARNING 7f25173a5740> Unable to unlink file (stream.3.45.0):No such file or directory
1456774091666	<WARNING 7f25173a5740> Unable to unlink file (stream.3.46.0):No such file or directory
1456774091669	<WARNING 7f25173a5740> Unable to unlink file (stream.3.47.0):No such file or directory
1456774091672	<WARNING 7f25173a5740> Unable to unlink file (stream.3.48.0):No such file or directory
1456774091676	<WARNING 7f25173a5740> Unable to unlink file (stream.3.49.0):No such file or directory
1456774091678	<WARNING 7f25173a5740> Unable to unlink file (stream.3.50.0):No such file or directory
1456774091682	<WARNING 7f25173a5740> Unable to unlink file (stream.3.51.0):No such file or directory
1456774091686	<WARNING 7f25173a5740> Unable to unlink file (stream.3.52.0):No such file or directory
1456774091690	<WARNING 7f25173a5740> Unable to unlink file (stream.3.53.0):No such file or directory
1456774091693	<WARNING 7f25173a5740> Unable to unlink file (stream.3.54.0):No such file or directory
1456774091696	<WARNING 7f25173a5740> Unable to unlink file (stream.3.55.0):No such file or directory
1456774091700	<WARNING 7f25173a5740> Unable to unlink file (stream.3.56.0):No such file or directory
1456774091703	<WARNING 7f25173a5740> Unable to unlink file (stream.3.57.0):No such file or directory
1456774091706	<WARNING 7f25173a5740> Unable to unlink file (stream.3.58.0):No such file or directory
1456774091708	<WARNING 7f25173a5740> Unable to unlink file (stream.3.59.0):No such file or directory
1456774091712	<WARNING 7f25173a5740> Unable to unlink file (stream.3.60.0):No such file or directory
1456774091715	<WARNING 7f25173a5740> Unable to unlink file (stream.3.61.0):No such file or directory
1456774091719	<WARNING 7f25173a5740> Unable to unlink file (stream.3.62.0):No such file or directory
1456774091723	<WARNING 7f25173a5740> Unable to unlink file (stream.3.63.0):No such file or directory
1456774091725	<WARNING 7f25173a5740> Unable to unlink file (stream.3.64.0):No such file or directory
1456774091729	<WARNING 7f25173a5740> Unable to unlink file (stream.3.65.0):No such file or directory
1456774091732	<WARNING 7f25173a5740> Unable to unlink file (stream.3.66.0):No such file or directory
1456774091736	<WARNING 7f25173a5740> Unable to unlink file (stream.3.67.0):No such file or directory
1456774091739	<WARNING 7f25173a5740> Unable to unlink file (stream.3.68.0):No such file or directory
1456774091743	<WARNING 7f25173a5740> Unable to unlink file (stream.3.69.0):No such file or directory
1456774091746	<WARNING 7f25173a5740> Unable to unlink file (stream.3.70.0):No such file or directory
1456774091750	<WARNING 7f25173a5740> Unable to unlink file (stream.3.71.0):No such file or directory
1456774091753	<WARNING 7f25173a5740> Unable to unlink file (stream.3.72.0):No such file or directory
1456774091756	<WARNING 7f25173a5740> Unable to unlink file (stream.3.73.0):No such file or directory
1456774091759	<WARNING 7f25173a5740> Unable to unlink file (stream.3.74.0):No such file or directory
1456774091762	<WARNING 7f25173a5740> Unable to unlink file (stream.3.75.0):No such file or directory
1456774091765	<WARNING 7f25173a5740> Unable to unlink file (stream.3.76.0):No such file or directory
1456774091769	<WARNING 7f25173a5740> Unable to unlink file (stream.3.77.0):No such file or directory
1456774091772	<WARNING 7f25173a5740> Unable to unlink file (stream.3.78.0):No such file or directory
1456774091776	<WARNING 7f25173a5740> Unable to unlink file (stream.3.79.0):No such file or directory
1456774091779	<WARNING 7f25173a5740> Unable to unlink file (stream.3.80.0):No such file or directory
1456774091783	<WARNING 7f25173a5740> Unable to unlink file (stream.3.81.0):No such file or directory
1456774091786	<WARNING 7f25173a5740> Unable to unlink file (stream.3.82.0):No such file or directory
1456774091789	<WARNING 7f25173a5740> Unable to unlink file (stream.3.83.0):No such file or directory
1456774091792	<WARNING 7f25173a5740> Unable to unlink file (stream.3.84.0):No such file or directory
1456774091795	<WARNING 7f25173a5740> Unable to unlink file (stream.3.85.0):No such file or directory
1456774091800	<WARNING 7f25173a5740> Unable to unlink file (stream.3.86.0):No such file or directory
1456774091804	<WARNING 7f25173a5740> Unable to unlink file (stream.3.87.0):No such file or directory
1456774091808	<WARNING 7f25173a5740> Unable to unlink file (stream.3.88.0):No such file or directory
1456774091811	<WARNING 7f25173a5740> Unable to unlink file (stream.3.89.0):No such file or directory
1456774091814	<WARNING 7f25173a5740> Unable to unlink file (stream.3.90.0):No such file or directory
1456774091818	<WARNING 7f25173a5740> Unable to unlink file (stream.3.91.0):No such file or directory
1456774091821	<WARNING 7f25173a5740> Unable to unlink file (stream.3.92.0):No such file or directory
1456774091824	<WARNING 7f25173a5740> Unable to unlink file (stream.3.93.0):No such file or directory
1456774091828	<WARNING 7f25173a5740> Unable to unlink file (stream.3.94.0):No such file or directory
1456774091831	<WARNING 7f25173a5740> Unable to unlink file (stream.3.95.0):No such file or directory
1456774091835	<WARNING 7f25173a5740> Unable to unlink file (stream.3.96.0):No such file or directory
1456774091839	<WARNING 7f25173a5740> Unable to unlink file (stream.3.97.0):No such file or directory
1456774091843	<WARNING 7f25173a5740> Unable to unlink file (stream.3.98.0):No such file or directory
1456774091845	<WARNING 7f25173a5740> Unable to unlink file (stream.3.99.0):No such file or directory
1456774091849	<WARNING 7f25173a5740> Unable to unlink file (stream.3.100.0):No such file or directory
1456774091852	<WARNING 7f25173a5740> Unable to unlink file (stream.3.101.0):No such file or directory
1456774091855	<WARNING 7f25173a5740> Unable to unlink file (stream.3.102.0):No such file or directory
1456774091858	<WARNING 7f25173a5740> Unable to unlink file (stream.3.103.0):No such file or directory
1456774091861	<WARNING 7f25173a5740> Unable to unlink file (stream.3.104.0):No such file or directory
1456774091865	<WARNING 7f25173a5740> Unable to unlink file (stream.3.105.0):No such file or directory
1456774091868	<WARNING 7f25173a5740> Unable to unlink file (stream.3.106.0):No such file or directory
1456774091871	<WARNING 7f25173a5740> Unable to unlink file (stream.3.107.0):No such file or directory
1456774091875	<WARNING 7f25173a5740> Unable to unlink file (stream.3.108.0):No such file or directory
1456774091879	<WARNING 7f25173a5740> Unable to unlink file (stream.3.109.0):No such file or directory
1456774091882	<WARNING 7f25173a5740> Unable to unlink file (stream.3.110.0):No such file or directory
1456774091885	<WARNING 7f25173a5740> Unable to unlink file (stream.3.111.0):No such file or directory
1456774091888	<WARNING 7f25173a5740> Unable to unlink file (stream.3.112.0):No such file or directory
1456774091891	<WARNING 7f25173a5740> Unable to unlink file (stream.3.113.0):No such file or directory
1456774091894	<WARNING 7f25173a5740> Unable to unlink file (stream.3.114.0):No such file or directory
1456774091897	<WARNING 7f25173a5740> Unable to unlink file (stream.3.115.0):No such file or directory
1456774091901	<WARNING 7f25173a5740> Unable to unlink file (stream.3.116.0):No such file or directory
1456774091904	<WARNING 7f25173a5740> Unable to unlink file (stream.3.117.0):No such file or directory
1456774091908	<WARNING 7f25173a5740> Unable to unlink file (stream.3.118.0):No such file or directory
1456774091912	<WARNING 7f25173a5740> Unable to unlink file (stream.3.119.0):No such file or directory
1456774091915	<WARNING 7f25173a5740> Unable to unlink file (stream.3.120.0):No such file or directory
1456774091919	<WARNING 7f25173a5740> Unable to unlink file (stream.3.121.0):No such file or directory
1456774091922	<WARNING 7f25173a5740> Unable to unlink file (stream.3.122.0):No such file or directory
1456774091925	<WARNING 7f25173a5740> Unable to unlink file (stream.3.123.0):No such file or directory
1456774091929	<WARNING 7f25173a5740> Unable to unlink file (stream.3.124.0):No such file or directory
1456774091932	<WARNING 7f25173a5740> Unable to unlink file (stream.3.125.0):No such file or directory
1456774091935	<WARNING 7f25173a5740> Unable to unlink file (stream.3.126.0):No such file or directory
1456774091938	<WARNING 7f25173a5740> Unable to unlink file (stream.3.127.0):No such file or directory
1456774091941	<INFO 7f25173a5740> SLIPSTORE::ZMQ_THREADS 2
1456774091944	<INFO 7f25173a5740> SLIPSTORE::COMM Connecting to tcp://dco-node137-10g:5016
1456774091947	<INFO 7f25173a5740> SLIPSTORE::COMM Connecting to tcp://dco-node138-10g:5034
1456774091951	<INFO 7f25173a5740> SLIPSTORE::COMM Connecting to tcp://dco-node139-10g:5052
1456774091955	<INFO 7f25173a5740> SLIPSTORE::COMM Connecting to tcp://dco-node140-10g:5070
1456774091958	<INFO 7f25173a5740> SLIPSTORE::COMM Connecting to tcp://dco-node141-10g:5088
1456774091962	<INFO 7f25173a5740> SLIPSTORE::COMM Connecting to tcp://dco-node142-10g:5106
1456774091965	<INFO 7f25173a5740> SLIPSTORE::COMM Connecting to tcp://dco-node143-10g:5124
1456774091968	<INFO 7f25173a5740> SLIPSTORE::COMM Connecting to tcp://dco-node144-10g:5142
1456774091971	<INFO 7f25173a5740> SLIPSTORE::COMM Listening at tcp://ens1f0:5080
1456774091974	<INFO 7f25173a5740> SLIPSTORE::COMM Listening at tcp://ens1f0:5081
1456774091977	<INFO 7f25173a5740> SLIPSTORE::COMM Listening at tcp://ens1f0:5082
1456774091980	<INFO 7f25173a5740> SLIPSTORE::COMM Listening at tcp://ens1f0:5083
1456774091984	<INFO 7f25173a5740> SLIPSTORE::COMM Listening at ipc://client
1456774091988	<INFO 7f25173a5740> SLIPSTORE::COMM Listening at tcp://ens1f0:5085
1456774091991	<INFO 7f25173a5740> SLIPSTORE::COMM Listening at tcp://ens1f0:5086
1456774091995	<INFO 7f25173a5740> SLIPSTORE::COMM Listening at tcp://ens1f0:5087
1456774091998	<INFO 7f25173a5740> SLIPSTORE::COMM Connecting to tcp://dco-node137-10g:5016
1456774092001	<INFO 7f25173a5740> SLIPSTORE::COMM Connecting to tcp://dco-node138-10g:5034
1456774092004	<INFO 7f25173a5740> SLIPSTORE::COMM Connecting to tcp://dco-node139-10g:5052
1456774092007	<INFO 7f25173a5740> SLIPSTORE::COMM Connecting to tcp://dco-node140-10g:5070
1456774092010	<INFO 7f25173a5740> SLIPSTORE::COMM Connecting to tcp://dco-node141-10g:5088
1456774092014	<INFO 7f25173a5740> SLIPSTORE::COMM Connecting to tcp://dco-node142-10g:5106
1456774092017	<INFO 7f25173a5740> SLIPSTORE::COMM Connecting to tcp://dco-node143-10g:5124
1456774092020	<INFO 7f25173a5740> SLIPSTORE::COMM Connecting to tcp://dco-node144-10g:5142
1456774092023	<INFO 7f25173a5740> SLIPSTORE::COMM Connecting to tcp://dco-node137-10g:5004
1456774092026	<INFO 7f25173a5740> SLIPSTORE::COMM Connecting to tcp://dco-node138-10g:5022
1456774092028	<INFO 7f25173a5740> SLIPSTORE::COMM Connecting to tcp://dco-node139-10g:5040
1456774092032	<INFO 7f25173a5740> SLIPSTORE::COMM Connecting to tcp://dco-node140-10g:5058
1456774092035	<INFO 7f25173a5740> SLIPSTORE::COMM Connecting to ipc://server
1456774092038	<INFO 7f25173a5740> SLIPSTORE::COMM Connecting to tcp://dco-node142-10g:5094
1456774092042	<INFO 7f25173a5740> SLIPSTORE::COMM Connecting to tcp://dco-node143-10g:5112
1456774092045	<INFO 7f25173a5740> SLIPSTORE::COMM Connecting to tcp://dco-node144-10g:5130
1456774092048	<INFO 7f25173a5740> SLIPSTORE::COMM Connecting to tcp://dco-node142-10g:5107
1456774092051	<INFO 7f25173a5740> SLIPSTORE::COMM Listening at tcp://ens1f0:5089
1456774092054	<INFO 7f25173a5740> SLIPSTORE::COMM Connecting to tcp://dco-node141-10g:5088
1456774092057	<INFO 7f25173a5740> SLIPSTORE::HELP_POLICY NONE
1456774092060	<INFO 7f25173a5740> SLIPSTORE::SERVER ASYNC
1456774092063	<INFO 7f25173a5740> SLIPSTORE::MACHINES 8
1456774092066	<INFO 7f25173a5740> SLIPSTORE::ME 4
1456774092069	<INFO 7f25173a5740> SLIPSTORE::SLIPCHUNK 4194304
1456774092071	<INFO 7f25173a5740> SLIPSTORE::QUOTA 18446744073709551615
1456774092074	<INFO 7f25173a5740> SLIPSTORE::IO PAGECACHE
1456774092078	<INFO 7f07013f5700> SLIPSTORE::COMM Listening at tcp://ens1f0:5088
1456774092080	<INFO 7f07013f5700> SLIPSTORE::COMM Listening at tcp://ens1f0:5072
1456774092083	<INFO 7f07013f5700> SLIPSTORE::COMM Connecting to tcp://dco-node137-10g:5012
1456774092086	<INFO 7f07013f5700> SLIPSTORE::COMM Listening at tcp://ens1f0:5073
1456774092089	<INFO 7f07013f5700> SLIPSTORE::COMM Connecting to tcp://dco-node138-10g:5030
1456774092092	<INFO 7f07013f5700> SLIPSTORE::COMM Listening at tcp://ens1f0:5074
1456774092095	<INFO 7f07013f5700> SLIPSTORE::COMM Connecting to tcp://dco-node139-10g:5048
1456774092098	<INFO 7f07013f5700> SLIPSTORE::COMM Listening at tcp://ens1f0:5075
1456774092101	<INFO 7f07013f5700> SLIPSTORE::COMM Connecting to tcp://dco-node140-10g:5066
1456774092104	<INFO 7f07013f5700> SLIPSTORE::COMM Listening at ipc://server
1456774092107	<INFO 7f07013f5700> SLIPSTORE::COMM Connecting to ipc://client
1456774092110	<INFO 7f07013f5700> SLIPSTORE::COMM Listening at tcp://ens1f0:5077
1456774092112	<INFO 7f07013f5700> SLIPSTORE::COMM Connecting to tcp://dco-node142-10g:5102
1456774092115	<INFO 7f07013f5700> SLIPSTORE::COMM Listening at tcp://ens1f0:5078
1456774092118	<INFO 7f07013f5700> SLIPSTORE::COMM Connecting to tcp://dco-node143-10g:5120
1456774092121	<INFO 7f07013f5700> SLIPSTORE::COMM Listening at tcp://ens1f0:5079
1456774092123	<INFO 7f07013f5700> SLIPSTORE::COMM Connecting to tcp://dco-node144-10g:5138
1456774092685	<INFO 7f25173a5740> SLIPSTORE::CHECKPOINTS NONE FOUND
1456774248651	<INFO 7f25173a5740> 2016-02-29 20:30:48 Completed init
1456774300179	<INFO 7f25173a5740> 2016-02-29 20:31:40 Completed phase 1 Bytes read 17142040736 Bytes written 13366111032
1456774373737	<INFO 7f25173a5740> 2016-02-29 20:32:53 Completed phase 2 Bytes read 21400184216 Bytes written 15258334192
1456774423994	<INFO 7f25173a5740> 2016-02-29 20:33:43 Completed phase 3 Bytes read 26265517656 Bytes written 16175529864
1456774459343	<INFO 7f25173a5740> 2016-02-29 20:34:19 Completed phase 4 Bytes read 30766918008 Bytes written 16195689328
1456774488127	<INFO 7f25173a5740> 2016-02-29 20:34:48 Completed phase 5 Bytes read 35024759120 Bytes written 16212472624
1456774513646	<INFO 7f25173a5740> 2016-02-29 20:35:13 Completed phase 6 Bytes read 39281899080 Bytes written 16229249848
1456774536297	<INFO 7f25173a5740> 2016-02-29 20:35:36 Completed phase 7 Bytes read 43539037928 Bytes written 16246027064
1456774536299	<INFO 7f25173a5740> ALGORITHM::BFS::VERTICES_DISCOVERED 1414135
1456774536302	<INFO 7f25173a5740> ALGORITHM::BFS::EDGES_EXPLORED 396727844
1456774536304	<INFO 7f25173a5740> CORE::PARTITIONS_PROCESSED 385
1456774536306	<INFO 7f25173a5740> CORE::BYTES::EDGES_STREAMED 4408822176
1456774536309	<INFO 7f25173a5740> CORE::BYTES::UPDATES_OUT 420923152
1456774536311	<INFO 7f25173a5740> CORE::BYTES::UPDATES_IN 130437432
1456774536313	<INFO 7f06f3fff700> CORE::PARTITIONS_PROCESSED 636
1456774536315	<INFO 7f06f3fff700> CORE::BYTES::EDGES_STREAMED 3986203296
1456774536318	<INFO 7f06f3fff700> CORE::BYTES::UPDATES_OUT 363447608
1456774536320	<INFO 7f06f27fc700> CORE::PARTITIONS_PROCESSED 573
1456774536322	<INFO 7f06f27fc700> CORE::BYTES::EDGES_STREAMED 4440198300
1456774536325	<INFO 7f06f3fff700> CORE::BYTES::UPDATES_IN 117214280
1456774536327	<INFO 7f06f27fc700> CORE::BYTES::UPDATES_OUT 442934512
1456774536330	<INFO 7f06f27fc700> CORE::BYTES::UPDATES_IN 153150456
1456774536332	<INFO 7f06f17fa700> CORE::PARTITIONS_PROCESSED 713
1456774536334	<INFO 7f06f1ffb700> CORE::PARTITIONS_PROCESSED 722
1456774536337	<INFO 7f06f2ffd700> CORE::PARTITIONS_PROCESSED 752
1456774536339	<INFO 7f06f17fa700> CORE::BYTES::EDGES_STREAMED 4153207068
1456774536341	<INFO 7f06f37fe700> CORE::PARTITIONS_PROCESSED 623
1456774536343	<INFO 7f06f1ffb700> CORE::BYTES::EDGES_STREAMED 4083514704
1456774536346	<INFO 7f06f0ff9700> CORE::PARTITIONS_PROCESSED 811
1456774536348	<INFO 7f06f37fe700> CORE::BYTES::EDGES_STREAMED 3803402760
1456774536350	<INFO 7f06f1ffb700> CORE::BYTES::UPDATES_OUT 420517416
1456774536353	<INFO 7f06f2ffd700> CORE::BYTES::EDGES_STREAMED 4270147428
1456774536355	<INFO 7f06f17fa700> CORE::BYTES::UPDATES_OUT 374625032
1456774536357	<INFO 7f06f37fe700> CORE::BYTES::UPDATES_OUT 351898888
1456774536359	<INFO 7f06f0ff9700> CORE::BYTES::EDGES_STREAMED 4226860572
1456774536361	<INFO 7f06f2ffd700> CORE::BYTES::UPDATES_OUT 400759984
1456774536364	<INFO 7f06f17fa700> CORE::BYTES::UPDATES_IN 129981168
1456774536366	<INFO 7f06f1ffb700> CORE::BYTES::UPDATES_IN 118367112
1456774536368	<INFO 7f06f2ffd700> CORE::BYTES::UPDATES_IN 118173560
1456774536371	<INFO 7f06f0ff9700> CORE::BYTES::UPDATES_OUT 398716160
1456774536373	<INFO 7f06f37fe700> CORE::BYTES::UPDATES_IN 116445552
1456774536375	<INFO 7f06f0ff9700> CORE::BYTES::UPDATES_IN 121955720
1456774536378	<INFO 7f07013f5700> SLIPSTORE service is exiting
1456774536380	<INFO 7f07013f5700> SLIPSTORE::HELP_OFFERS_RECVD 1568
1456774536382	<INFO 7f07013f5700> SLIPSTORE::HELP_OFFERS_ACCEPTED 0
1456774536385	<INFO 7f07013f5700> SLIPSTORE::HELP_ACCEPTANCE_RATIO 0
1456774536387	<INFO 7f07013f5700> SLIPSTORE::SERVER_BUSY_DISK  263.13 seconds
1456774536389	<INFO 7f07013f5700> SLIPSTORE::SERVER_BUSY_MEM  0 seconds
1456774536392	<INFO 7f07013f5700> SLIPSTORE::SERVER_TOTAL  446.083 seconds
1456774536394	<INFO 7f25173a5740> SLIPSTORE::CLIENT::DISK_READ_TIME  210.504 seconds
1456774536396	<INFO 7f25173a5740> SLIPSTORE::CLIENT::MEM_READ_TIME  0 seconds
1456774536398	<INFO 7f25173a5740> SLIPSTORE::CLIENT::DISK_BYTES_READ 47397213584
1456774536401	<INFO 7f25173a5740> SLIPSTORE::CLIENT::MEM_BYTES_READ 0
1456774536403	<INFO 7f25173a5740> SLIPSTORE::CLIENT::WRITE_TIME  88.2643 seconds
1456774536405	<INFO 7f25173a5740> SLIPSTORE::CLIENT::BYTES_WRITTEN 385875968
1456774536408	<INFO 7f25173a5740> SLIPSTORE::CLIENT_BUSY  298.769 seconds
1456774536411	<INFO 7f25173a5740> SLIPSTORE::IO::TIME 212.189 seconds
1456774536413	<INFO 7f25173a5740> SLIPSTORE::SNAP::TIME 0 seconds
1456774536415	<INFO 7f25173a5740> SLIPSTORE::MAX_DISK_USAGE_BYTES 15221193952
1456774536418	<INFO 7f25173a5740> CORE::RUSAGE::MAX_RSS_KB 125950040
1456774536420	<INFO 7f25173a5740> CORE::RUSAGE::MINFLT 32256578
1456774536422	<INFO 7f25173a5740> CORE::RUSAGE::MAJFLT 26
1456774536425	<INFO 7f25173a5740> CORE::RUSAGE::MAJFLT 26
1456774536427	<INFO 7f25173a5740> CORE::RUSAGE::INBLK 45693352
1456774536430	<INFO 7f25173a5740> CORE::RUSAGE::OUBLK 31755872
1456774536433	<INFO 7f25173a5740> CORE::UTILS::BYTES_READ 43539037928
1456774536435	<INFO 7f25173a5740> CORE::UTILS::BYTES_WRITTEN 16246027064
1456774536438	<INFO 7f25173a5740> CORE::UTILS::TILE_COPY_BYTES 234881024
1456774536440	<INFO 7f25173a5740> CORE::TIME::IO_WAIT 269.803 seconds
1456774536443	<INFO 7f25173a5740> CORE::TIME_TILE_COPY 0 seconds
1456774536445	<INFO 7f25173a5740> CORE::TIME_TILE_MERGE 0 seconds
1456774536448	<INFO 7f25173a5740> CORE::TIME_PROCESSING_STOLEN 0 seconds
1456774536450	<INFO 7f25173a5740> CORE::TIME_MERGE_WAIT 0 seconds
1456774536453	<INFO 7f25173a5740> CORE::TIME_ALL_MC_BARRIER 130.884 seconds
1456774536455	<INFO 7f25173a5740> CORE::PHASES 7
1456774536458	<INFO 7f25173a5740> CORE::TIME::SETUP 4.32532 seconds
1456774536460	<INFO 7f25173a5740> CORE::TIME::WALL 447.942 seconds
1456774536463	<INFO 7f25173a5740> SHUTDOWN
