1459265146425	<INFO 7fcc43bba740> 2016-03-29 17:25:46 STARTUP
1459265146429	<INFO 7fcc43bba740> CORE::GRAPH rmat-24-und_s8
1459265146433	<INFO 7fcc43bba740> CORE::ALGORITHM bfs
1459265146436	<INFO 7fcc43bba740> CORE::VERTEX_STRIPING OFF
1459265146440	<INFO 7fcc43bba740> 2016-03-29 17:25:46 Blocking memory amount 126701535232
1459265253607	<INFO 7fcc43bba740> 2016-03-29 17:27:33 Done blocking memory
1459265253611	<INFO 7fcc43bba740> SG-DRIVER-ORIGINAL
1459265253615	<INFO 7fcc43bba740> 2016-03-29 17:27:33 START read config parameters
1459265253619	<INFO 7fcc43bba740> PARTITIONING::OLD 0
1459265253622	<INFO 7fcc43bba740> CORE::CONFIG::PROCESSORS 8
1459265253626	<INFO 7fcc43bba740> CORE::CONFIG::PHYSICAL_MEMORY 2147483648
1459265253630	<INFO 7fcc43bba740> CORE::CONFIG::VERTICES 16777216
1459265253634	<INFO 7fcc43bba740> CORE::CONFIG::VERTEX_SIZE 8
1459265253637	<INFO 7fcc43bba740> CORE::CONFIG::VERTEX_BUFFER 58425208
1459265253641	<INFO 7fcc43bba740> CORE::CONFIG::EDGES 67108864
1459265253645	<INFO 7fcc43bba740> CORE::CONFIG::PARTITIONS 64
1459265253648	<INFO 7fcc43bba740> CORE::CONFIG::FANOUT 64
1459265253652	<INFO 7fcc43bba740> CORE::CONFIG::SUPER_PARTITIONS 8
1459265253656	<INFO 7fcc43bba740> CORE::CONFIG::TILES 1
1459265253660	<INFO 7fcc43bba740> CORE::CONFIG::BUFFER_SIZE 417810561
1459265253663	<INFO 7fcc43bba740> CORE::CONFIG::MAX_BUFFERS 4
1459265253667	<INFO 7fcc43bba740> CORE::CONFIG::MAX_STREAMS 4
1459265253671	<INFO 7fcc43bba740> CORE::CONFIG::SUM_OF_OUT_DEGREES_FOR_NEW_PARTITIONS::FIRST_CONSTRAINT 67108864
1459265253675	<INFO 7fcc43bba740> CORE::CONFIG::MAX_EDGES_PER_NEW_PARTITION::SECOND_CONSTRAINT 67108864
1459265253679	<INFO 7fcc43bba740> SLIPSTREAM::EXT_MEM_SHUFFLE OFF
1459265253683	<INFO 7fcc43bba740> 2016-03-29 17:27:33 END read config parameters
1459265255417	<WARNING 7fcc43bba740> Unable to unlink file (stream.0.0.0):No such file or directory
1459265255420	<WARNING 7fcc43bba740> Unable to unlink file (stream.0.1.0):No such file or directory
1459265255423	<WARNING 7fcc43bba740> Unable to unlink file (stream.0.2.0):No such file or directory
1459265255428	<WARNING 7fcc43bba740> Unable to unlink file (stream.0.3.0):No such file or directory
1459265255431	<WARNING 7fcc43bba740> Unable to unlink file (stream.0.4.0):No such file or directory
1459265255436	<WARNING 7fcc43bba740> Unable to unlink file (stream.0.5.0):No such file or directory
1459265255440	<WARNING 7fcc43bba740> Unable to unlink file (stream.0.6.0):No such file or directory
1459265255444	<WARNING 7fcc43bba740> Unable to unlink file (stream.0.7.0):No such file or directory
1459265255448	<WARNING 7fcc43bba740> Unable to unlink file (stream.1.1.0):No such file or directory
1459265255452	<WARNING 7fcc43bba740> Unable to unlink file (stream.1.2.0):No such file or directory
1459265255456	<WARNING 7fcc43bba740> Unable to unlink file (stream.1.3.0):No such file or directory
1459265255460	<WARNING 7fcc43bba740> Unable to unlink file (stream.1.4.0):No such file or directory
1459265255465	<WARNING 7fcc43bba740> Unable to unlink file (stream.1.5.0):No such file or directory
1459265255469	<WARNING 7fcc43bba740> Unable to unlink file (stream.1.6.0):No such file or directory
1459265255472	<WARNING 7fcc43bba740> Unable to unlink file (stream.1.7.0):No such file or directory
1459265255476	<WARNING 7fcc43bba740> Unable to unlink file (stream.2.0.0):No such file or directory
1459265255481	<WARNING 7fcc43bba740> Unable to unlink file (stream.2.1.0):No such file or directory
1459265255484	<WARNING 7fcc43bba740> Unable to unlink file (stream.2.2.0):No such file or directory
1459265255488	<WARNING 7fcc43bba740> Unable to unlink file (stream.2.3.0):No such file or directory
1459265255492	<WARNING 7fcc43bba740> Unable to unlink file (stream.2.4.0):No such file or directory
1459265255496	<WARNING 7fcc43bba740> Unable to unlink file (stream.2.5.0):No such file or directory
1459265255500	<WARNING 7fcc43bba740> Unable to unlink file (stream.2.6.0):No such file or directory
1459265255504	<WARNING 7fcc43bba740> Unable to unlink file (stream.2.7.0):No such file or directory
1459265255508	<WARNING 7fcc43bba740> Unable to unlink file (stream.3.0.0):No such file or directory
1459265255512	<WARNING 7fcc43bba740> Unable to unlink file (stream.3.1.0):No such file or directory
1459265255515	<WARNING 7fcc43bba740> Unable to unlink file (stream.3.2.0):No such file or directory
1459265255519	<WARNING 7fcc43bba740> Unable to unlink file (stream.3.3.0):No such file or directory
1459265255522	<WARNING 7fcc43bba740> Unable to unlink file (stream.3.4.0):No such file or directory
1459265255526	<WARNING 7fcc43bba740> Unable to unlink file (stream.3.5.0):No such file or directory
1459265255530	<WARNING 7fcc43bba740> Unable to unlink file (stream.3.6.0):No such file or directory
1459265255533	<WARNING 7fcc43bba740> Unable to unlink file (stream.3.7.0):No such file or directory
1459265255537	<INFO 7fcc43bba740> SLIPSTORE::ZMQ_THREADS 2
1459265255540	<INFO 7fcc43bba740> SLIPSTORE::COMM Connecting to tcp://dco-node137-10g:5016
1459265255544	<INFO 7fcc43bba740> SLIPSTORE::COMM Connecting to tcp://dco-node138-10g:5034
1459265255547	<INFO 7fcc43bba740> SLIPSTORE::COMM Connecting to tcp://dco-node139-10g:5052
1459265255550	<INFO 7fcc43bba740> SLIPSTORE::COMM Connecting to tcp://dco-node140-10g:5070
1459265255553	<INFO 7fcc43bba740> SLIPSTORE::COMM Connecting to tcp://dco-node141-10g:5088
1459265255557	<INFO 7fcc43bba740> SLIPSTORE::COMM Connecting to tcp://dco-node142-10g:5106
1459265255561	<INFO 7fcc43bba740> SLIPSTORE::COMM Connecting to tcp://dco-node143-10g:5124
1459265255564	<INFO 7fcc43bba740> SLIPSTORE::COMM Connecting to tcp://dco-node144-10g:5142
1459265255567	<INFO 7fcc43bba740> SLIPSTORE::COMM Listening at tcp://ens1f0:5080
1459265255571	<INFO 7fcc43bba740> SLIPSTORE::COMM Listening at tcp://ens1f0:5081
1459265255574	<INFO 7fcc43bba740> SLIPSTORE::COMM Listening at tcp://ens1f0:5082
1459265255578	<INFO 7fcc43bba740> SLIPSTORE::COMM Listening at tcp://ens1f0:5083
1459265255581	<INFO 7fcc43bba740> SLIPSTORE::COMM Listening at ipc://client
1459265255584	<INFO 7fcc43bba740> SLIPSTORE::COMM Listening at tcp://ens1f0:5085
1459265255588	<INFO 7fcc43bba740> SLIPSTORE::COMM Listening at tcp://ens1f0:5086
1459265255591	<INFO 7fcc43bba740> SLIPSTORE::COMM Listening at tcp://ens1f0:5087
1459265255594	<INFO 7fcc43bba740> SLIPSTORE::COMM Connecting to tcp://dco-node137-10g:5016
1459265255598	<INFO 7fcc43bba740> SLIPSTORE::COMM Connecting to tcp://dco-node138-10g:5034
1459265255602	<INFO 7fcc43bba740> SLIPSTORE::COMM Connecting to tcp://dco-node139-10g:5052
1459265255606	<INFO 7fcc43bba740> SLIPSTORE::COMM Connecting to tcp://dco-node140-10g:5070
1459265255609	<INFO 7fcc43bba740> SLIPSTORE::COMM Connecting to tcp://dco-node141-10g:5088
1459265255612	<INFO 7fcc43bba740> SLIPSTORE::COMM Connecting to tcp://dco-node142-10g:5106
1459265255615	<INFO 7fcc43bba740> SLIPSTORE::COMM Connecting to tcp://dco-node143-10g:5124
1459265255618	<INFO 7fcc43bba740> SLIPSTORE::COMM Connecting to tcp://dco-node144-10g:5142
1459265255622	<INFO 7fcc43bba740> SLIPSTORE::COMM Connecting to tcp://dco-node137-10g:5004
1459265255625	<INFO 7fcc43bba740> SLIPSTORE::COMM Connecting to tcp://dco-node138-10g:5022
1459265255629	<INFO 7fcc43bba740> SLIPSTORE::COMM Connecting to tcp://dco-node139-10g:5040
1459265255633	<INFO 7fcc43bba740> SLIPSTORE::COMM Connecting to tcp://dco-node140-10g:5058
1459265255637	<INFO 7fcc43bba740> SLIPSTORE::COMM Connecting to ipc://server
1459265255640	<INFO 7fcc43bba740> SLIPSTORE::COMM Connecting to tcp://dco-node142-10g:5094
1459265255642	<INFO 7fcc43bba740> SLIPSTORE::COMM Connecting to tcp://dco-node143-10g:5112
1459265255644	<INFO 7fcc43bba740> SLIPSTORE::COMM Connecting to tcp://dco-node144-10g:5130
1459265255647	<INFO 7fcc43bba740> SLIPSTORE::COMM Connecting to tcp://dco-node142-10g:5107
1459265255650	<INFO 7fcc43bba740> SLIPSTORE::COMM Listening at tcp://ens1f0:5089
1459265255653	<INFO 7fcc43bba740> SLIPSTORE::COMM Connecting to tcp://dco-node141-10g:5088
1459265255655	<INFO 7fcc43bba740> SLIPSTORE::HELP_POLICY NONE
1459265255659	<INFO 7fcc43bba740> SLIPSTORE::SERVER ASYNC
1459265255661	<INFO 7fcc43bba740> SLIPSTORE::MACHINES 8
1459265255665	<INFO 7fcc43bba740> SLIPSTORE::ME 4
1459265255668	<INFO 7fcc43bba740> SLIPSTORE::SLIPCHUNK 4194304
1459265255671	<INFO 7fcc43bba740> SLIPSTORE::QUOTA 18446744073709551615
1459265255674	<INFO 7fcc43bba740> SLIPSTORE::IO PAGECACHE
1459265255677	<INFO 7fae25bf6700> SLIPSTORE::COMM Listening at tcp://ens1f0:5088
1459265255679	<INFO 7fae25bf6700> SLIPSTORE::COMM Listening at tcp://ens1f0:5072
1459265255681	<INFO 7fae25bf6700> SLIPSTORE::COMM Connecting to tcp://dco-node137-10g:5012
1459265255686	<INFO 7fae25bf6700> SLIPSTORE::COMM Listening at tcp://ens1f0:5073
1459265255689	<INFO 7fae25bf6700> SLIPSTORE::COMM Connecting to tcp://dco-node138-10g:5030
1459265255693	<INFO 7fae25bf6700> SLIPSTORE::COMM Listening at tcp://ens1f0:5074
1459265255697	<INFO 7fae25bf6700> SLIPSTORE::COMM Connecting to tcp://dco-node139-10g:5048
1459265255700	<INFO 7fae25bf6700> SLIPSTORE::COMM Listening at tcp://ens1f0:5075
1459265255703	<INFO 7fae25bf6700> SLIPSTORE::COMM Connecting to tcp://dco-node140-10g:5066
1459265255705	<INFO 7fae25bf6700> SLIPSTORE::COMM Listening at ipc://server
1459265255709	<INFO 7fae25bf6700> SLIPSTORE::COMM Connecting to ipc://client
1459265255713	<INFO 7fae25bf6700> SLIPSTORE::COMM Listening at tcp://ens1f0:5077
1459265255716	<INFO 7fae25bf6700> SLIPSTORE::COMM Connecting to tcp://dco-node142-10g:5102
1459265255719	<INFO 7fae25bf6700> SLIPSTORE::COMM Listening at tcp://ens1f0:5078
1459265255722	<INFO 7fae25bf6700> SLIPSTORE::COMM Connecting to tcp://dco-node143-10g:5120
1459265255725	<INFO 7fae25bf6700> SLIPSTORE::COMM Listening at tcp://ens1f0:5079
1459265255728	<INFO 7fae25bf6700> SLIPSTORE::COMM Connecting to tcp://dco-node144-10g:5138
1459265257277	<INFO 7fcc43bba740> SLIPSTORE::CHECKPOINTS NONE FOUND
1459265257280	<INFO 7fcc43bba740> 2016-03-29 17:27:37 Start edge split
1459265257282	<INFO 7fcc43bba740> 2016-03-29 17:27:37 Check1
1459265257285	<INFO 7fcc43bba740> 2016-03-29 17:27:37 Check2
1459265257288	<INFO 7fcc43bba740> 2016-03-29 17:27:37 Check3
1459265257291	<INFO 7fcc43bba740> 2016-03-29 17:27:37 Check4
1459265257294	<INFO 7fcc43bba740> 2016-03-29 17:27:37 Check5
1459265257297	<INFO 7fcc43bba740> 2016-03-29 17:27:37 Check7
1459265257300	<INFO 7fcc43bba740> 2016-03-29 17:27:37 CheckA
1459265257303	<INFO 7fcc43bba740> 2016-03-29 17:27:37 CheckB
1459265257305	<INFO 7fcc43bba740> 2016-03-29 17:27:37 CheckC
1459265257309	<INFO 7fcc43bba740> 2016-03-29 17:27:37 CheckD
1459265257314	<INFO 7fcc43bba740> 2016-03-29 17:27:37 CheckE
1459265257317	<INFO 7fcc43bba740> 2016-03-29 17:27:37 CheckF
1459265257320	<INFO 7fcc43bba740> 2016-03-29 17:27:37 CheckG
1459265257323	<INFO 7fcc43bba740> 2016-03-29 17:27:37 CheckH
1459265257327	<INFO 7fcc43bba740> 2016-03-29 17:27:37 CheckI
1459265259148	<INFO 7fcc43bba740> 2016-03-29 17:27:39 CheckJ
1459265259150	<INFO 7fcc43bba740> 2016-03-29 17:27:39 CheckK
1459265259152	<INFO 7fcc43bba740> 2016-03-29 17:27:39 CheckL
1459265259155	<INFO 7fcc43bba740> 2016-03-29 17:27:39 CheckM
1459265259158	<INFO 7fcc43bba740> 2016-03-29 17:27:39 CheckN
1459265259919	<INFO 7fcc43bba740> 2016-03-29 17:27:39 CheckO
1459265259921	<INFO 7fcc43bba740> 2016-03-29 17:27:39 CheckP
1459265259924	<INFO 7fcc43bba740> 2016-03-29 17:27:39 CheckQ
1459265259927	<INFO 7fcc43bba740> 2016-03-29 17:27:39 CheckI
1459265260863	<INFO 7fcc43bba740> 2016-03-29 17:27:40 CheckJ
1459265260866	<INFO 7fcc43bba740> 2016-03-29 17:27:40 CheckK
1459265260868	<INFO 7fcc43bba740> 2016-03-29 17:27:40 CheckL
1459265260871	<INFO 7fcc43bba740> 2016-03-29 17:27:40 CheckM
1459265260873	<INFO 7fcc43bba740> 2016-03-29 17:27:40 CheckN
1459265262021	<INFO 7fcc43bba740> 2016-03-29 17:27:42 CheckO
1459265262023	<INFO 7fcc43bba740> 2016-03-29 17:27:42 CheckP
1459265262026	<INFO 7fcc43bba740> 2016-03-29 17:27:42 CheckQ
1459265262028	<INFO 7fcc43bba740> 2016-03-29 17:27:42 CheckI
1459265262050	<INFO 7fcc43bba740> 2016-03-29 17:27:42 Check8
1459265263111	<INFO 7fcc43bba740> 2016-03-29 17:27:43 Check9
1459265263113	<INFO 7fcc43bba740> 2016-03-29 17:27:43 Completed init
1459265263358	<INFO 7fcc43bba740> 2016-03-29 17:27:43 Started gather
1459265263384	<INFO 7fcc43bba740> 2016-03-29 17:27:43 CheckA
1459265263387	<INFO 7fcc43bba740> 2016-03-29 17:27:43 CheckB
1459265263390	<INFO 7fcc43bba740> 2016-03-29 17:27:43 CheckC
1459265263392	<INFO 7fcc43bba740> 2016-03-29 17:27:43 CheckD
1459265263394	<INFO 7fcc43bba740> 2016-03-29 17:27:43 CheckE
1459265263396	<INFO 7fcc43bba740> 2016-03-29 17:27:43 CheckF
1459265263399	<INFO 7fcc43bba740> 2016-03-29 17:27:43 CheckG
1459265263401	<INFO 7fcc43bba740> 2016-03-29 17:27:43 CheckH
1459265263403	<INFO 7fcc43bba740> 2016-03-29 17:27:43 CheckI
1459265263444	<INFO 7fcc43bba740> 2016-03-29 17:27:43 Completed gather
1459265263671	<INFO 7fcc43bba740> 2016-03-29 17:27:43 Started scatter
1459265263719	<INFO 7fcc43bba740> 2016-03-29 17:27:43 CheckA
1459265263722	<INFO 7fcc43bba740> 2016-03-29 17:27:43 CheckB
1459265263724	<INFO 7fcc43bba740> 2016-03-29 17:27:43 CheckC
1459265263727	<INFO 7fcc43bba740> 2016-03-29 17:27:43 CheckD
1459265263729	<INFO 7fcc43bba740> 2016-03-29 17:27:43 CheckE
1459265263732	<INFO 7fcc43bba740> 2016-03-29 17:27:43 CheckF
1459265263738	<INFO 7fcc43bba740> 2016-03-29 17:27:43 CheckG
1459265263740	<INFO 7fcc43bba740> 2016-03-29 17:27:43 CheckH
1459265263742	<INFO 7fcc43bba740> 2016-03-29 17:27:43 CheckI
1459265264269	<INFO 7fcc43bba740> 2016-03-29 17:27:44 CheckJ
1459265264271	<INFO 7fcc43bba740> 2016-03-29 17:27:44 CheckK
1459265264274	<INFO 7fcc43bba740> 2016-03-29 17:27:44 CheckL
1459265264277	<INFO 7fcc43bba740> 2016-03-29 17:27:44 CheckM
1459265264279	<INFO 7fcc43bba740> 2016-03-29 17:27:44 CheckN
1459265264824	<INFO 7fcc43bba740> 2016-03-29 17:27:44 CheckO
1459265264826	<INFO 7fcc43bba740> 2016-03-29 17:27:44 CheckP
1459265264829	<INFO 7fcc43bba740> 2016-03-29 17:27:44 CheckQ
1459265264831	<INFO 7fcc43bba740> 2016-03-29 17:27:44 CheckI
1459265264919	<INFO 7fcc43bba740> 2016-03-29 17:27:44 CheckJ
1459265264922	<INFO 7fcc43bba740> 2016-03-29 17:27:44 CheckK
1459265264924	<INFO 7fcc43bba740> 2016-03-29 17:27:44 CheckL
1459265264926	<INFO 7fcc43bba740> 2016-03-29 17:27:44 CheckM
1459265264929	<INFO 7fcc43bba740> 2016-03-29 17:27:44 CheckN
1459265265339	<INFO 7fcc43bba740> 2016-03-29 17:27:45 CheckO
1459265265342	<INFO 7fcc43bba740> 2016-03-29 17:27:45 CheckP
1459265265345	<INFO 7fcc43bba740> 2016-03-29 17:27:45 CheckQ
1459265265348	<INFO 7fcc43bba740> 2016-03-29 17:27:45 CheckI
1459265265351	<INFO 7fcc43bba740> 2016-03-29 17:27:45 Completed scatter
1459265265880	<INFO 7fcc43bba740> 2016-03-29 17:27:45 Completed phase 1 Bytes read 1655189744 Bytes written 850571280
1459265265902	<INFO 7fcc43bba740> 2016-03-29 17:27:45 Started gather
1459265265927	<INFO 7fcc43bba740> 2016-03-29 17:27:45 CheckA
1459265265929	<INFO 7fcc43bba740> 2016-03-29 17:27:45 CheckB
1459265265932	<INFO 7fcc43bba740> 2016-03-29 17:27:45 CheckC
1459265265934	<INFO 7fcc43bba740> 2016-03-29 17:27:45 CheckD
1459265265937	<INFO 7fcc43bba740> 2016-03-29 17:27:45 CheckE
1459265265939	<INFO 7fcc43bba740> 2016-03-29 17:27:45 CheckF
1459265265941	<INFO 7fcc43bba740> 2016-03-29 17:27:45 CheckG
1459265265944	<INFO 7fcc43bba740> 2016-03-29 17:27:45 CheckH
1459265265946	<INFO 7fcc43bba740> 2016-03-29 17:27:45 CheckI
1459265265948	<INFO 7fcc43bba740> 2016-03-29 17:27:45 CheckJ
1459265265951	<INFO 7fcc43bba740> 2016-03-29 17:27:45 CheckK
1459265265953	<INFO 7fcc43bba740> 2016-03-29 17:27:45 CheckL
1459265265955	<INFO 7fcc43bba740> 2016-03-29 17:27:45 CheckM
1459265265958	<INFO 7fcc43bba740> 2016-03-29 17:27:45 CheckN
1459265265960	<INFO 7fcc43bba740> 2016-03-29 17:27:45 CheckO
1459265265962	<INFO 7fcc43bba740> 2016-03-29 17:27:45 CheckP
1459265265965	<INFO 7fcc43bba740> 2016-03-29 17:27:45 CheckQ
1459265265967	<INFO 7fcc43bba740> 2016-03-29 17:27:45 CheckI
1459265265989	<INFO 7fcc43bba740> 2016-03-29 17:27:45 Completed gather
1459265266230	<INFO 7fcc43bba740> 2016-03-29 17:27:46 Started scatter
1459265266272	<INFO 7fcc43bba740> 2016-03-29 17:27:46 CheckA
1459265266274	<INFO 7fcc43bba740> 2016-03-29 17:27:46 CheckB
1459265266277	<INFO 7fcc43bba740> 2016-03-29 17:27:46 CheckC
1459265266280	<INFO 7fcc43bba740> 2016-03-29 17:27:46 CheckD
1459265266283	<INFO 7fcc43bba740> 2016-03-29 17:27:46 CheckE
1459265266287	<INFO 7fcc43bba740> 2016-03-29 17:27:46 CheckF
1459265266290	<INFO 7fcc43bba740> 2016-03-29 17:27:46 CheckG
1459265266293	<INFO 7fcc43bba740> 2016-03-29 17:27:46 CheckH
1459265266295	<INFO 7fcc43bba740> 2016-03-29 17:27:46 CheckI
1459265266822	<INFO 7fcc43bba740> 2016-03-29 17:27:46 CheckJ
1459265266824	<INFO 7fcc43bba740> 2016-03-29 17:27:46 CheckK
1459265266827	<INFO 7fcc43bba740> 2016-03-29 17:27:46 CheckL
1459265266831	<INFO 7fcc43bba740> 2016-03-29 17:27:46 CheckM
1459265266835	<INFO 7fcc43bba740> 2016-03-29 17:27:46 CheckN
1459265267543	<INFO 7fcc43bba740> 2016-03-29 17:27:47 CheckO
1459265267547	<INFO 7fcc43bba740> 2016-03-29 17:27:47 CheckP
1459265267550	<INFO 7fcc43bba740> 2016-03-29 17:27:47 CheckQ
1459265267552	<INFO 7fcc43bba740> 2016-03-29 17:27:47 CheckI
1459265267555	<INFO 7fcc43bba740> 2016-03-29 17:27:47 CheckJ
1459265267557	<INFO 7fcc43bba740> 2016-03-29 17:27:47 CheckK
1459265267560	<INFO 7fcc43bba740> 2016-03-29 17:27:47 CheckL
1459265267562	<INFO 7fcc43bba740> 2016-03-29 17:27:47 CheckM
1459265267566	<INFO 7fcc43bba740> 2016-03-29 17:27:47 CheckN
1459265268184	<INFO 7fcc43bba740> 2016-03-29 17:27:48 CheckO
1459265268187	<INFO 7fcc43bba740> 2016-03-29 17:27:48 CheckP
1459265268190	<INFO 7fcc43bba740> 2016-03-29 17:27:48 CheckQ
1459265268192	<INFO 7fcc43bba740> 2016-03-29 17:27:48 CheckI
1459265268194	<INFO 7fcc43bba740> 2016-03-29 17:27:48 Completed scatter
1459265268835	<INFO 7fcc43bba740> 2016-03-29 17:27:48 Completed phase 2 Bytes read 2505761024 Bytes written 1205025536
1459265268860	<INFO 7fcc43bba740> 2016-03-29 17:27:48 Started gather
1459265268897	<INFO 7fcc43bba740> 2016-03-29 17:27:48 CheckA
1459265268900	<INFO 7fcc43bba740> 2016-03-29 17:27:48 CheckB
1459265268902	<INFO 7fcc43bba740> 2016-03-29 17:27:48 CheckC
1459265268908	<INFO 7fcc43bba740> 2016-03-29 17:27:48 CheckD
1459265268914	<INFO 7fcc43bba740> 2016-03-29 17:27:48 CheckE
1459265268918	<INFO 7fcc43bba740> 2016-03-29 17:27:48 CheckF
1459265268920	<INFO 7fcc43bba740> 2016-03-29 17:27:48 CheckG
1459265268923	<INFO 7fcc43bba740> 2016-03-29 17:27:48 CheckH
1459265268927	<INFO 7fcc43bba740> 2016-03-29 17:27:48 CheckI
1459265269409	<INFO 7fcc43bba740> 2016-03-29 17:27:49 CheckJ
1459265269412	<INFO 7fcc43bba740> 2016-03-29 17:27:49 CheckK
1459265269415	<INFO 7fcc43bba740> 2016-03-29 17:27:49 CheckL
1459265269417	<INFO 7fcc43bba740> 2016-03-29 17:27:49 CheckM
1459265269420	<INFO 7fcc43bba740> 2016-03-29 17:27:49 CheckN
1459265270106	<INFO 7fcc43bba740> 2016-03-29 17:27:50 CheckO
1459265270109	<INFO 7fcc43bba740> 2016-03-29 17:27:50 CheckP
1459265270111	<INFO 7fcc43bba740> 2016-03-29 17:27:50 CheckQ
1459265270113	<INFO 7fcc43bba740> 2016-03-29 17:27:50 CheckI
1459265270140	<INFO 7fcc43bba740> 2016-03-29 17:27:50 Completed gather
1459265271728	<INFO 7fcc43bba740> 2016-03-29 17:27:51 Started scatter
1459265271764	<INFO 7fcc43bba740> 2016-03-29 17:27:51 CheckA
1459265271770	<INFO 7fcc43bba740> 2016-03-29 17:27:51 CheckB
1459265271773	<INFO 7fcc43bba740> 2016-03-29 17:27:51 CheckC
1459265271775	<INFO 7fcc43bba740> 2016-03-29 17:27:51 CheckD
1459265271778	<INFO 7fcc43bba740> 2016-03-29 17:27:51 CheckE
1459265271782	<INFO 7fcc43bba740> 2016-03-29 17:27:51 CheckF
1459265271784	<INFO 7fcc43bba740> 2016-03-29 17:27:51 CheckG
1459265271788	<INFO 7fcc43bba740> 2016-03-29 17:27:51 CheckH
1459265271792	<INFO 7fcc43bba740> 2016-03-29 17:27:51 CheckI
1459265272293	<INFO 7fcc43bba740> 2016-03-29 17:27:52 CheckJ
1459265272295	<INFO 7fcc43bba740> 2016-03-29 17:27:52 CheckK
1459265272298	<INFO 7fcc43bba740> 2016-03-29 17:27:52 CheckL
1459265272302	<INFO 7fcc43bba740> 2016-03-29 17:27:52 CheckM
1459265272304	<INFO 7fcc43bba740> 2016-03-29 17:27:52 CheckN
1459265273076	<INFO 7fcc43bba740> 2016-03-29 17:27:53 CheckO
1459265273079	<INFO 7fcc43bba740> 2016-03-29 17:27:53 CheckP
1459265273083	<INFO 7fcc43bba740> 2016-03-29 17:27:53 CheckQ
1459265273086	<INFO 7fcc43bba740> 2016-03-29 17:27:53 CheckI
1459265273089	<INFO 7fcc43bba740> 2016-03-29 17:27:53 CheckJ
1459265273092	<INFO 7fcc43bba740> 2016-03-29 17:27:53 CheckK
1459265273097	<INFO 7fcc43bba740> 2016-03-29 17:27:53 CheckL
1459265273100	<INFO 7fcc43bba740> 2016-03-29 17:27:53 CheckM
1459265273102	<INFO 7fcc43bba740> 2016-03-29 17:27:53 CheckN
1459265273679	<INFO 7fcc43bba740> 2016-03-29 17:27:53 CheckO
1459265273682	<INFO 7fcc43bba740> 2016-03-29 17:27:53 CheckP
1459265273685	<INFO 7fcc43bba740> 2016-03-29 17:27:53 CheckQ
1459265273688	<INFO 7fcc43bba740> 2016-03-29 17:27:53 CheckI
1459265273691	<INFO 7fcc43bba740> 2016-03-29 17:27:53 Completed scatter
1459265274726	<INFO 7fcc43bba740> 2016-03-29 17:27:54 Completed phase 3 Bytes read 3694368680 Bytes written 1422154400
1459265274749	<INFO 7fcc43bba740> 2016-03-29 17:27:54 Started gather
1459265274794	<INFO 7fcc43bba740> 2016-03-29 17:27:54 CheckA
1459265274799	<INFO 7fcc43bba740> 2016-03-29 17:27:54 CheckB
1459265274802	<INFO 7fcc43bba740> 2016-03-29 17:27:54 CheckC
1459265274806	<INFO 7fcc43bba740> 2016-03-29 17:27:54 CheckD
1459265274809	<INFO 7fcc43bba740> 2016-03-29 17:27:54 CheckE
1459265274813	<INFO 7fcc43bba740> 2016-03-29 17:27:54 CheckF
1459265274818	<INFO 7fcc43bba740> 2016-03-29 17:27:54 CheckG
1459265274822	<INFO 7fcc43bba740> 2016-03-29 17:27:54 CheckH
1459265274825	<INFO 7fcc43bba740> 2016-03-29 17:27:54 CheckI
1459265275061	<INFO 7fcc43bba740> 2016-03-29 17:27:55 CheckJ
1459265275064	<INFO 7fcc43bba740> 2016-03-29 17:27:55 CheckK
1459265275068	<INFO 7fcc43bba740> 2016-03-29 17:27:55 CheckL
1459265275071	<INFO 7fcc43bba740> 2016-03-29 17:27:55 CheckM
1459265275076	<INFO 7fcc43bba740> 2016-03-29 17:27:55 CheckN
1459265275506	<INFO 7fcc43bba740> 2016-03-29 17:27:55 CheckO
1459265275509	<INFO 7fcc43bba740> 2016-03-29 17:27:55 CheckP
1459265275511	<INFO 7fcc43bba740> 2016-03-29 17:27:55 CheckQ
1459265275515	<INFO 7fcc43bba740> 2016-03-29 17:27:55 CheckI
1459265275540	<INFO 7fcc43bba740> 2016-03-29 17:27:55 Completed gather
1459265276536	<INFO 7fcc43bba740> 2016-03-29 17:27:56 Started scatter
1459265276599	<INFO 7fcc43bba740> 2016-03-29 17:27:56 CheckA
1459265276602	<INFO 7fcc43bba740> 2016-03-29 17:27:56 CheckB
1459265276606	<INFO 7fcc43bba740> 2016-03-29 17:27:56 CheckC
1459265276608	<INFO 7fcc43bba740> 2016-03-29 17:27:56 CheckD
1459265276611	<INFO 7fcc43bba740> 2016-03-29 17:27:56 CheckE
1459265276614	<INFO 7fcc43bba740> 2016-03-29 17:27:56 CheckF
1459265276618	<INFO 7fcc43bba740> 2016-03-29 17:27:56 CheckG
1459265276622	<INFO 7fcc43bba740> 2016-03-29 17:27:56 CheckH
1459265276625	<INFO 7fcc43bba740> 2016-03-29 17:27:56 CheckI
1459265277213	<INFO 7fcc43bba740> 2016-03-29 17:27:57 CheckJ
1459265277216	<INFO 7fcc43bba740> 2016-03-29 17:27:57 CheckK
1459265277218	<INFO 7fcc43bba740> 2016-03-29 17:27:57 CheckL
1459265277221	<INFO 7fcc43bba740> 2016-03-29 17:27:57 CheckM
1459265277224	<INFO 7fcc43bba740> 2016-03-29 17:27:57 CheckN
1459265277853	<INFO 7fcc43bba740> 2016-03-29 17:27:57 CheckO
1459265277855	<INFO 7fcc43bba740> 2016-03-29 17:27:57 CheckP
1459265277858	<INFO 7fcc43bba740> 2016-03-29 17:27:57 CheckQ
1459265277860	<INFO 7fcc43bba740> 2016-03-29 17:27:57 CheckI
1459265277862	<INFO 7fcc43bba740> 2016-03-29 17:27:57 CheckJ
1459265277865	<INFO 7fcc43bba740> 2016-03-29 17:27:57 CheckK
1459265277867	<INFO 7fcc43bba740> 2016-03-29 17:27:57 CheckL
1459265277869	<INFO 7fcc43bba740> 2016-03-29 17:27:57 CheckM
1459265277872	<INFO 7fcc43bba740> 2016-03-29 17:27:57 CheckN
1459265278245	<INFO 7fcc43bba740> 2016-03-29 17:27:58 CheckO
1459265278248	<INFO 7fcc43bba740> 2016-03-29 17:27:58 CheckP
1459265278250	<INFO 7fcc43bba740> 2016-03-29 17:27:58 CheckQ
1459265278253	<INFO 7fcc43bba740> 2016-03-29 17:27:58 CheckI
1459265278255	<INFO 7fcc43bba740> 2016-03-29 17:27:58 Completed scatter
1459265278606	<INFO 7fcc43bba740> 2016-03-29 17:27:58 Completed phase 4 Bytes read 4745650944 Bytes written 1438831296
1459265278630	<INFO 7fcc43bba740> 2016-03-29 17:27:58 Started gather
1459265278657	<INFO 7fcc43bba740> 2016-03-29 17:27:58 CheckA
1459265278661	<INFO 7fcc43bba740> 2016-03-29 17:27:58 CheckB
1459265278664	<INFO 7fcc43bba740> 2016-03-29 17:27:58 CheckC
1459265278666	<INFO 7fcc43bba740> 2016-03-29 17:27:58 CheckD
1459265278669	<INFO 7fcc43bba740> 2016-03-29 17:27:58 CheckE
1459265278671	<INFO 7fcc43bba740> 2016-03-29 17:27:58 CheckF
1459265278674	<INFO 7fcc43bba740> 2016-03-29 17:27:58 CheckG
1459265278676	<INFO 7fcc43bba740> 2016-03-29 17:27:58 CheckH
1459265278679	<INFO 7fcc43bba740> 2016-03-29 17:27:58 CheckI
1459265278681	<INFO 7fcc43bba740> 2016-03-29 17:27:58 CheckJ
1459265278683	<INFO 7fcc43bba740> 2016-03-29 17:27:58 CheckK
1459265278685	<INFO 7fcc43bba740> 2016-03-29 17:27:58 CheckL
1459265278688	<INFO 7fcc43bba740> 2016-03-29 17:27:58 CheckM
1459265278690	<INFO 7fcc43bba740> 2016-03-29 17:27:58 CheckN
1459265278694	<INFO 7fcc43bba740> 2016-03-29 17:27:58 CheckO
1459265278696	<INFO 7fcc43bba740> 2016-03-29 17:27:58 CheckP
1459265278699	<INFO 7fcc43bba740> 2016-03-29 17:27:58 CheckQ
1459265278702	<INFO 7fcc43bba740> 2016-03-29 17:27:58 CheckI
1459265278728	<INFO 7fcc43bba740> 2016-03-29 17:27:58 Completed gather
1459265278970	<INFO 7fcc43bba740> 2016-03-29 17:27:58 Started scatter
1459265279011	<INFO 7fcc43bba740> 2016-03-29 17:27:59 CheckA
1459265279014	<INFO 7fcc43bba740> 2016-03-29 17:27:59 CheckB
1459265279018	<INFO 7fcc43bba740> 2016-03-29 17:27:59 CheckC
1459265279021	<INFO 7fcc43bba740> 2016-03-29 17:27:59 CheckD
1459265279024	<INFO 7fcc43bba740> 2016-03-29 17:27:59 CheckE
1459265279028	<INFO 7fcc43bba740> 2016-03-29 17:27:59 CheckF
1459265279032	<INFO 7fcc43bba740> 2016-03-29 17:27:59 CheckG
1459265279036	<INFO 7fcc43bba740> 2016-03-29 17:27:59 CheckH
1459265279042	<INFO 7fcc43bba740> 2016-03-29 17:27:59 CheckI
1459265279539	<INFO 7fcc43bba740> 2016-03-29 17:27:59 CheckJ
1459265279543	<INFO 7fcc43bba740> 2016-03-29 17:27:59 CheckK
1459265279548	<INFO 7fcc43bba740> 2016-03-29 17:27:59 CheckL
1459265279551	<INFO 7fcc43bba740> 2016-03-29 17:27:59 CheckM
1459265279554	<INFO 7fcc43bba740> 2016-03-29 17:27:59 CheckN
1459265280159	<INFO 7fcc43bba740> 2016-03-29 17:28:00 CheckO
1459265280162	<INFO 7fcc43bba740> 2016-03-29 17:28:00 CheckP
1459265280164	<INFO 7fcc43bba740> 2016-03-29 17:28:00 CheckQ
1459265280166	<INFO 7fcc43bba740> 2016-03-29 17:28:00 CheckI
1459265280214	<INFO 7fcc43bba740> 2016-03-29 17:28:00 CheckJ
1459265280217	<INFO 7fcc43bba740> 2016-03-29 17:28:00 CheckK
1459265280219	<INFO 7fcc43bba740> 2016-03-29 17:28:00 CheckL
1459265280221	<INFO 7fcc43bba740> 2016-03-29 17:28:00 CheckM
1459265280224	<INFO 7fcc43bba740> 2016-03-29 17:28:00 CheckN
1459265280615	<INFO 7fcc43bba740> 2016-03-29 17:28:00 CheckO
1459265280617	<INFO 7fcc43bba740> 2016-03-29 17:28:00 CheckP
1459265280620	<INFO 7fcc43bba740> 2016-03-29 17:28:00 CheckQ
1459265280622	<INFO 7fcc43bba740> 2016-03-29 17:28:00 CheckI
1459265280624	<INFO 7fcc43bba740> 2016-03-29 17:28:00 Completed scatter
1459265281224	<INFO 7fcc43bba740> 2016-03-29 17:28:01 Completed phase 5 Bytes read 5596481240 Bytes written 1454562848
1459265281249	<INFO 7fcc43bba740> 2016-03-29 17:28:01 Started gather
1459265281273	<INFO 7fcc43bba740> 2016-03-29 17:28:01 CheckA
1459265281276	<INFO 7fcc43bba740> 2016-03-29 17:28:01 CheckB
1459265281278	<INFO 7fcc43bba740> 2016-03-29 17:28:01 CheckC
1459265281281	<INFO 7fcc43bba740> 2016-03-29 17:28:01 CheckD
1459265281283	<INFO 7fcc43bba740> 2016-03-29 17:28:01 CheckE
1459265281286	<INFO 7fcc43bba740> 2016-03-29 17:28:01 CheckF
1459265281288	<INFO 7fcc43bba740> 2016-03-29 17:28:01 CheckG
1459265281291	<INFO 7fcc43bba740> 2016-03-29 17:28:01 CheckH
1459265281293	<INFO 7fcc43bba740> 2016-03-29 17:28:01 CheckI
1459265281295	<INFO 7fcc43bba740> 2016-03-29 17:28:01 CheckJ
1459265281298	<INFO 7fcc43bba740> 2016-03-29 17:28:01 CheckK
1459265281300	<INFO 7fcc43bba740> 2016-03-29 17:28:01 CheckL
1459265281303	<INFO 7fcc43bba740> 2016-03-29 17:28:01 CheckM
1459265281305	<INFO 7fcc43bba740> 2016-03-29 17:28:01 CheckN
1459265281308	<INFO 7fcc43bba740> 2016-03-29 17:28:01 CheckO
1459265281310	<INFO 7fcc43bba740> 2016-03-29 17:28:01 CheckP
1459265281312	<INFO 7fcc43bba740> 2016-03-29 17:28:01 CheckQ
1459265281316	<INFO 7fcc43bba740> 2016-03-29 17:28:01 CheckI
1459265281335	<INFO 7fcc43bba740> 2016-03-29 17:28:01 Completed gather
1459265281585	<INFO 7fcc43bba740> 2016-03-29 17:28:01 Started scatter
1459265281639	<INFO 7fcc43bba740> 2016-03-29 17:28:01 CheckA
1459265281642	<INFO 7fcc43bba740> 2016-03-29 17:28:01 CheckB
1459265281645	<INFO 7fcc43bba740> 2016-03-29 17:28:01 CheckC
1459265281648	<INFO 7fcc43bba740> 2016-03-29 17:28:01 CheckD
1459265281650	<INFO 7fcc43bba740> 2016-03-29 17:28:01 CheckE
1459265281654	<INFO 7fcc43bba740> 2016-03-29 17:28:01 CheckF
1459265281657	<INFO 7fcc43bba740> 2016-03-29 17:28:01 CheckG
1459265281662	<INFO 7fcc43bba740> 2016-03-29 17:28:01 CheckH
1459265281669	<INFO 7fcc43bba740> 2016-03-29 17:28:01 CheckI
1459265282132	<INFO 7fcc43bba740> 2016-03-29 17:28:02 CheckJ
1459265282135	<INFO 7fcc43bba740> 2016-03-29 17:28:02 CheckK
1459265282138	<INFO 7fcc43bba740> 2016-03-29 17:28:02 CheckL
1459265282143	<INFO 7fcc43bba740> 2016-03-29 17:28:02 CheckM
1459265282146	<INFO 7fcc43bba740> 2016-03-29 17:28:02 CheckN
1459265282709	<INFO 7fcc43bba740> 2016-03-29 17:28:02 CheckO
1459265282712	<INFO 7fcc43bba740> 2016-03-29 17:28:02 CheckP
1459265282715	<INFO 7fcc43bba740> 2016-03-29 17:28:02 CheckQ
1459265282718	<INFO 7fcc43bba740> 2016-03-29 17:28:02 CheckI
1459265282772	<INFO 7fcc43bba740> 2016-03-29 17:28:02 CheckJ
1459265282775	<INFO 7fcc43bba740> 2016-03-29 17:28:02 CheckK
1459265282777	<INFO 7fcc43bba740> 2016-03-29 17:28:02 CheckL
1459265282779	<INFO 7fcc43bba740> 2016-03-29 17:28:02 CheckM
1459265282781	<INFO 7fcc43bba740> 2016-03-29 17:28:02 CheckN
1459265283218	<INFO 7fcc43bba740> 2016-03-29 17:28:03 CheckO
1459265283221	<INFO 7fcc43bba740> 2016-03-29 17:28:03 CheckP
1459265283223	<INFO 7fcc43bba740> 2016-03-29 17:28:03 CheckQ
1459265283226	<INFO 7fcc43bba740> 2016-03-29 17:28:03 CheckI
1459265283228	<INFO 7fcc43bba740> 2016-03-29 17:28:03 Completed scatter
1459265283586	<INFO 7fcc43bba740> 2016-03-29 17:28:03 Completed phase 6 Bytes read 6446366192 Bytes written 1470292824
1459265283613	<INFO 7fcc43bba740> 2016-03-29 17:28:03 Started gather
1459265283640	<INFO 7fcc43bba740> 2016-03-29 17:28:03 CheckA
1459265283642	<INFO 7fcc43bba740> 2016-03-29 17:28:03 CheckB
1459265283645	<INFO 7fcc43bba740> 2016-03-29 17:28:03 CheckC
1459265283647	<INFO 7fcc43bba740> 2016-03-29 17:28:03 CheckD
1459265283649	<INFO 7fcc43bba740> 2016-03-29 17:28:03 CheckE
1459265283652	<INFO 7fcc43bba740> 2016-03-29 17:28:03 CheckF
1459265283654	<INFO 7fcc43bba740> 2016-03-29 17:28:03 CheckG
1459265283657	<INFO 7fcc43bba740> 2016-03-29 17:28:03 CheckH
1459265283659	<INFO 7fcc43bba740> 2016-03-29 17:28:03 CheckI
1459265283702	<INFO 7fcc43bba740> 2016-03-29 17:28:03 Completed gather
1459265283960	<INFO 7fcc43bba740> 2016-03-29 17:28:03 Started scatter
1459265284009	<INFO 7fcc43bba740> 2016-03-29 17:28:04 CheckA
1459265284012	<INFO 7fcc43bba740> 2016-03-29 17:28:04 CheckB
1459265284015	<INFO 7fcc43bba740> 2016-03-29 17:28:04 CheckC
1459265284019	<INFO 7fcc43bba740> 2016-03-29 17:28:04 CheckD
1459265284023	<INFO 7fcc43bba740> 2016-03-29 17:28:04 CheckE
1459265284027	<INFO 7fcc43bba740> 2016-03-29 17:28:04 CheckF
1459265284030	<INFO 7fcc43bba740> 2016-03-29 17:28:04 CheckG
1459265284035	<INFO 7fcc43bba740> 2016-03-29 17:28:04 CheckH
1459265284038	<INFO 7fcc43bba740> 2016-03-29 17:28:04 CheckI
1459265284503	<INFO 7fcc43bba740> 2016-03-29 17:28:04 CheckJ
1459265284507	<INFO 7fcc43bba740> 2016-03-29 17:28:04 CheckK
1459265284512	<INFO 7fcc43bba740> 2016-03-29 17:28:04 CheckL
1459265284515	<INFO 7fcc43bba740> 2016-03-29 17:28:04 CheckM
1459265284519	<INFO 7fcc43bba740> 2016-03-29 17:28:04 CheckN
1459265285071	<INFO 7fcc43bba740> 2016-03-29 17:28:05 CheckO
1459265285075	<INFO 7fcc43bba740> 2016-03-29 17:28:05 CheckP
1459265285077	<INFO 7fcc43bba740> 2016-03-29 17:28:05 CheckQ
1459265285080	<INFO 7fcc43bba740> 2016-03-29 17:28:05 CheckI
1459265285111	<INFO 7fcc43bba740> 2016-03-29 17:28:05 CheckJ
1459265285113	<INFO 7fcc43bba740> 2016-03-29 17:28:05 CheckK
1459265285116	<INFO 7fcc43bba740> 2016-03-29 17:28:05 CheckL
1459265285119	<INFO 7fcc43bba740> 2016-03-29 17:28:05 CheckM
1459265285123	<INFO 7fcc43bba740> 2016-03-29 17:28:05 CheckN
1459265285530	<INFO 7fcc43bba740> 2016-03-29 17:28:05 CheckO
1459265285532	<INFO 7fcc43bba740> 2016-03-29 17:28:05 CheckP
1459265285535	<INFO 7fcc43bba740> 2016-03-29 17:28:05 CheckQ
1459265285538	<INFO 7fcc43bba740> 2016-03-29 17:28:05 CheckI
1459265285540	<INFO 7fcc43bba740> 2016-03-29 17:28:05 Completed scatter
1459265286028	<INFO 7fcc43bba740> 2016-03-29 17:28:06 Completed phase 7 Bytes read 7296249568 Bytes written 1486022800
1459265286031	<INFO 7fcc43bba740> ALGORITHM::BFS::VERTICES_DISCOVERED 1172105
1459265286033	<INFO 7fcc43bba740> ALGORITHM::BFS::EDGES_EXPLORED 67094063
1459265286035	<INFO 7fcc43bba740> CORE::PARTITIONS_PROCESSED 40
1459265286038	<INFO 7fcc43bba740> CORE::BYTES::EDGES_STREAMED 691739184
1459265286040	<INFO 7fcc43bba740> CORE::BYTES::UPDATES_OUT 76293944
1459265286043	<INFO 7fcc43bba740> CORE::BYTES::UPDATES_IN 74442320
1459265286045	<INFO 7fae1b7fe700> CORE::PARTITIONS_PROCESSED 46
1459265286047	<INFO 7fae1bfff700> CORE::PARTITIONS_PROCESSED 38
1459265286050	<INFO 7fae1a7fc700> CORE::PARTITIONS_PROCESSED 59
1459265286052	<INFO 7fae1affd700> CORE::PARTITIONS_PROCESSED 46
1459265286054	<INFO 7fae19ffb700> CORE::PARTITIONS_PROCESSED 13
1459265286056	<INFO 7fae1b7fe700> CORE::BYTES::EDGES_STREAMED 654193440
1459265286059	<INFO 7fae1affd700> CORE::BYTES::EDGES_STREAMED 789138564
1459265286061	<INFO 7fae197fa700> CORE::PARTITIONS_PROCESSED 28
1459265286063	<INFO 7fae1a7fc700> CORE::BYTES::EDGES_STREAMED 761037144
1459265286065	<INFO 7fae24bf4700> CORE::PARTITIONS_PROCESSED 50
1459265286068	<INFO 7fae1bfff700> CORE::BYTES::EDGES_STREAMED 573139188
1459265286070	<INFO 7fae1affd700> CORE::BYTES::UPDATES_OUT 58196288
1459265286072	<INFO 7fae19ffb700> CORE::BYTES::EDGES_STREAMED 871390152
1459265286075	<INFO 7fae1b7fe700> CORE::BYTES::UPDATES_OUT 55729920
1459265286077	<INFO 7fae1a7fc700> CORE::BYTES::UPDATES_OUT 63483176
1459265286079	<INFO 7fae1affd700> CORE::BYTES::UPDATES_IN 56237096
1459265286081	<INFO 7fae197fa700> CORE::BYTES::EDGES_STREAMED 637762020
1459265286084	<INFO 7fae24bf4700> CORE::BYTES::EDGES_STREAMED 657559812
1459265286086	<INFO 7fae1b7fe700> CORE::BYTES::UPDATES_IN 56227208
1459265286088	<INFO 7fae24bf4700> CORE::BYTES::UPDATES_OUT 63586656
1459265286091	<INFO 7fae197fa700> CORE::BYTES::UPDATES_OUT 54926152
1459265286093	<INFO 7fae1a7fc700> CORE::BYTES::UPDATES_IN 66910296
1459265286095	<INFO 7fae19ffb700> CORE::BYTES::UPDATES_OUT 103561032
1459265286097	<INFO 7fae24bf4700> CORE::BYTES::UPDATES_IN 60581648
1459265286100	<INFO 7fae197fa700> CORE::BYTES::UPDATES_IN 55108088
1459265286102	<INFO 7fae19ffb700> CORE::BYTES::UPDATES_IN 103048968
1459265286104	<INFO 7fae1bfff700> CORE::BYTES::UPDATES_OUT 60975336
1459265286107	<INFO 7fae1bfff700> CORE::BYTES::UPDATES_IN 64196880
1459265286109	<INFO 7fae25bf6700> SLIPSTORE service is exiting
1459265286111	<INFO 7fae25bf6700> SLIPSTORE::HELP_OFFERS_RECVD 98
1459265286113	<INFO 7fae25bf6700> SLIPSTORE::HELP_OFFERS_ACCEPTED 0
1459265286116	<INFO 7fae25bf6700> SLIPSTORE::HELP_ACCEPTANCE_RATIO 0
1459265286118	<INFO 7fae25bf6700> SLIPSTORE::SERVER_BUSY_DISK  16.5794 seconds
1459265286120	<INFO 7fae25bf6700> SLIPSTORE::SERVER_BUSY_MEM  0 seconds
1459265286123	<INFO 7fae25bf6700> SLIPSTORE::SERVER_TOTAL  30.5852 seconds
1459265286125	<INFO 7fcc43bba740> SLIPSTORE::CLIENT::DISK_READ_TIME  13.9541 seconds
1459265286127	<INFO 7fcc43bba740> SLIPSTORE::CLIENT::MEM_READ_TIME  0 seconds
1459265286130	<INFO 7fcc43bba740> SLIPSTORE::CLIENT::DISK_BYTES_READ 7198237272
1459265286132	<INFO 7fcc43bba740> SLIPSTORE::CLIENT::MEM_BYTES_READ 0
1459265286134	<INFO 7fcc43bba740> SLIPSTORE::CLIENT::WRITE_TIME  3.55337 seconds
1459265286137	<INFO 7fcc43bba740> SLIPSTORE::CLIENT::BYTES_WRITTEN 125839808
1459265286139	<INFO 7fcc43bba740> SLIPSTORE::CLIENT_BUSY  17.5075 seconds
1459265286141	<INFO 7fcc43bba740> SLIPSTORE::IO::TIME 10.0984 seconds
1459265286144	<INFO 7fcc43bba740> SLIPSTORE::SNAP::TIME 0 seconds
1459265286146	<INFO 7fcc43bba740> SLIPSTORE::MAX_DISK_USAGE_BYTES 1172877680
1459265286148	<INFO 7fcc43bba740> CORE::RUSAGE::MAX_RSS_KB 125946640
1459265286150	<INFO 7fcc43bba740> CORE::RUSAGE::MINFLT 31863539
1459265286153	<INFO 7fcc43bba740> CORE::RUSAGE::MAJFLT 0
1459265286155	<INFO 7fcc43bba740> CORE::RUSAGE::MAJFLT 0
1459265286157	<INFO 7fcc43bba740> CORE::RUSAGE::INBLK 1572864
1459265286160	<INFO 7fcc43bba740> CORE::RUSAGE::OUBLK 2902616
1459265286162	<INFO 7fcc43bba740> CORE::UTILS::BYTES_READ 7296249568
1459265286164	<INFO 7fcc43bba740> CORE::UTILS::BYTES_WRITTEN 1486022800
1459265286167	<INFO 7fcc43bba740> CORE::UTILS::TILE_COPY_BYTES 220219664
1459265286169	<INFO 7fcc43bba740> CORE::TIME::IO_WAIT 9.95948 seconds
1459265286171	<INFO 7fcc43bba740> CORE::TIME_TILE_COPY 0 seconds
1459265286174	<INFO 7fcc43bba740> CORE::TIME_TILE_MERGE 0 seconds
1459265286176	<INFO 7fcc43bba740> CORE::TIME_PROCESSING_STOLEN 0 seconds
1459265286178	<INFO 7fcc43bba740> CORE::TIME_MERGE_WAIT 0 seconds
1459265286181	<INFO 7fcc43bba740> CORE::TIME_ALL_MC_BARRIER 6.18544 seconds
1459265286183	<INFO 7fcc43bba740> CORE::PHASES 7
1459265286186	<INFO 7fcc43bba740> CORE::TIME::SETUP 3.68192 seconds
1459265286188	<INFO 7fcc43bba740> CORE::TIME::WALL 32.4367 seconds
1459265286190	<INFO 7fcc43bba740> SHUTDOWN
