1463392940093	<INFO 7f20c768c780> 2016-05-16 12:02:20 STARTUP
1463392940096	<INFO 7f20c768c780> CORE::GRAPH rmat-28-und_s8
1463392940098	<INFO 7f20c768c780> CORE::ALGORITHM bfs
1463392940100	<INFO 7f20c768c780> CORE::VERTEX_STRIPING ON
1463392940103	<INFO 7f20c768c780> CORE::OPTIMIZED_STATE_LOAD_STORE OFF
1463392940105	<INFO 7f20c768c780> CORE::BINARY_SEARCH_SUPER_PARTITION ON
1463392940107	<INFO 7f20c768c780> CORE::SUPER_PARTITION_COMPUTED_FOR_EACH_SCATTER_GATHER_PHASE
1463392940109	<INFO 7f20c768c780> CORE::EDGE_STRIPING ON
1463392940112	<INFO 7f20c768c780> CORE::BATCH IO ON
1463392940114	<INFO 7f20c768c780> CORE::GRID_PARTITIONING OFF
1463392940116	<INFO 7f20c768c780> 2016-05-16 12:02:20 Blocking memory amount 126701535232
1463393047464	<INFO 7f20c768c780> 2016-05-16 12:04:07 Done blocking memory
1463393047467	<INFO 7f20c768c780> SG-DRIVER-ORIGINAL
1463393047470	<INFO 7f20c768c780> 2016-05-16 12:04:07 START read config parameters
1463393047472	<INFO 7f20c768c780> PARTITIONING::OLD 0
1463393047474	<INFO 7f20c768c780> PARTITIONING::BALANCED_PARTITIONS 0
1463393047477	<INFO 7f20c768c780> CORE::CONFIG::PROCESSORS 8
1463393047479	<INFO 7f20c768c780> CORE::CONFIG::PHYSICAL_MEMORY 2147483648
1463393047481	<INFO 7f20c768c780> CORE::CONFIG::VERTICES 268435456
1463393047483	<INFO 7f20c768c780> CORE::CONFIG::VERTEX_SIZE 8
1463393047485	<INFO 7f20c768c780> CORE::CONFIG::VERTEX_BUFFER 838303160
1463393047488	<INFO 7f20c768c780> CORE::CONFIG::EDGES 1073741824
1463393047490	<INFO 7f20c768c780> CORE::CONFIG::PARTITIONS 64
1463393047492	<INFO 7f20c768c780> CORE::CONFIG::FANOUT 64
1463393047494	<INFO 7f20c768c780> CORE::CONFIG::SUPER_PARTITIONS 8
1463393047497	<INFO 7f20c768c780> CORE::CONFIG::MACHINE_ID 1
1463393047500	<INFO 7f20c768c780> CORE::CONFIG::TILES 1
1463393047502	<INFO 7f20c768c780> CORE::CONFIG::BUFFER_SIZE 261834971
1463393047504	<INFO 7f20c768c780> CORE::CONFIG::MAX_BUFFERS 4
1463393047506	<INFO 7f20c768c780> CORE::CONFIG::MAX_STREAMS 4
1463393047509	<INFO 7f20c768c780> CORE::CONFIG::SUM_OF_OUT_DEGREES_FOR_NEW_PARTITIONS::FIRST_CONSTRAINT 0
1463393047511	<INFO 7f20c768c780> CORE::CONFIG::MAX_EDGES_PER_NEW_PARTITION::SECOND_CONSTRAINT 0
1463393047513	<INFO 7f20c768c780> SLIPSTREAM::EXT_MEM_SHUFFLE OFF
1463393047515	<INFO 7f20c768c780> 2016-05-16 12:04:07 END read config parameters
1463393049211	<WARNING 7f20c768c780> Unable to unlink file (stream.0.0.0):No such file or directory
1463393049213	<WARNING 7f20c768c780> Unable to unlink file (stream.0.1.0):No such file or directory
1463393049215	<WARNING 7f20c768c780> Unable to unlink file (stream.0.2.0):No such file or directory
1463393049218	<WARNING 7f20c768c780> Unable to unlink file (stream.0.3.0):No such file or directory
1463393049220	<WARNING 7f20c768c780> Unable to unlink file (stream.0.4.0):No such file or directory
1463393049222	<WARNING 7f20c768c780> Unable to unlink file (stream.0.5.0):No such file or directory
1463393049224	<WARNING 7f20c768c780> Unable to unlink file (stream.0.6.0):No such file or directory
1463393049227	<WARNING 7f20c768c780> Unable to unlink file (stream.0.7.0):No such file or directory
1463393049229	<WARNING 7f20c768c780> Unable to unlink file (stream.1.1.0):No such file or directory
1463393049231	<WARNING 7f20c768c780> Unable to unlink file (stream.1.2.0):No such file or directory
1463393049234	<WARNING 7f20c768c780> Unable to unlink file (stream.1.3.0):No such file or directory
1463393049236	<WARNING 7f20c768c780> Unable to unlink file (stream.1.4.0):No such file or directory
1463393049239	<WARNING 7f20c768c780> Unable to unlink file (stream.1.5.0):No such file or directory
1463393049242	<WARNING 7f20c768c780> Unable to unlink file (stream.1.6.0):No such file or directory
1463393049244	<WARNING 7f20c768c780> Unable to unlink file (stream.1.7.0):No such file or directory
1463393049246	<WARNING 7f20c768c780> Unable to unlink file (stream.2.0.0):No such file or directory
1463393049249	<WARNING 7f20c768c780> Unable to unlink file (stream.2.1.0):No such file or directory
1463393049251	<WARNING 7f20c768c780> Unable to unlink file (stream.2.2.0):No such file or directory
1463393049253	<WARNING 7f20c768c780> Unable to unlink file (stream.2.3.0):No such file or directory
1463393049255	<WARNING 7f20c768c780> Unable to unlink file (stream.2.4.0):No such file or directory
1463393049257	<WARNING 7f20c768c780> Unable to unlink file (stream.2.5.0):No such file or directory
1463393049259	<WARNING 7f20c768c780> Unable to unlink file (stream.2.6.0):No such file or directory
1463393049261	<WARNING 7f20c768c780> Unable to unlink file (stream.2.7.0):No such file or directory
1463393049263	<WARNING 7f20c768c780> Unable to unlink file (stream.3.0.0):No such file or directory
1463393049266	<WARNING 7f20c768c780> Unable to unlink file (stream.3.1.0):No such file or directory
1463393049268	<WARNING 7f20c768c780> Unable to unlink file (stream.3.2.0):No such file or directory
1463393049270	<WARNING 7f20c768c780> Unable to unlink file (stream.3.3.0):No such file or directory
1463393049272	<WARNING 7f20c768c780> Unable to unlink file (stream.3.4.0):No such file or directory
1463393049274	<WARNING 7f20c768c780> Unable to unlink file (stream.3.5.0):No such file or directory
1463393049276	<WARNING 7f20c768c780> Unable to unlink file (stream.3.6.0):No such file or directory
1463393049278	<WARNING 7f20c768c780> Unable to unlink file (stream.3.7.0):No such file or directory
1463393049280	<INFO 7f20c768c780> SLIPSTORE::ZMQ_THREADS 2
1463393049282	<INFO 7f20c768c780> SLIPSTORE::COMM Connecting to tcp://dco-node137-10g:5016
1463393049284	<INFO 7f20c768c780> SLIPSTORE::COMM Connecting to tcp://dco-node138-10g:5034
1463393049286	<INFO 7f20c768c780> SLIPSTORE::COMM Connecting to tcp://dco-node139-10g:5052
1463393049288	<INFO 7f20c768c780> SLIPSTORE::COMM Connecting to tcp://dco-node140-10g:5070
1463393049290	<INFO 7f20c768c780> SLIPSTORE::COMM Connecting to tcp://dco-node141-10g:5088
1463393049293	<INFO 7f20c768c780> SLIPSTORE::COMM Connecting to tcp://dco-node142-10g:5106
1463393049295	<INFO 7f20c768c780> SLIPSTORE::COMM Connecting to tcp://dco-node143-10g:5124
1463393049297	<INFO 7f20c768c780> SLIPSTORE::COMM Connecting to tcp://dco-node144-10g:5142
1463393049299	<INFO 7f20c768c780> SLIPSTORE::COMM Listening at tcp://p1p1:5026
1463393049301	<INFO 7f20c768c780> SLIPSTORE::COMM Listening at ipc://client
1463393049304	<INFO 7f20c768c780> SLIPSTORE::COMM Listening at tcp://p1p1:5028
1463393049306	<INFO 7f20c768c780> SLIPSTORE::COMM Listening at tcp://p1p1:5029
1463393049308	<INFO 7f20c768c780> SLIPSTORE::COMM Listening at tcp://p1p1:5030
1463393049310	<INFO 7f20c768c780> SLIPSTORE::COMM Listening at tcp://p1p1:5031
1463393049312	<INFO 7f20c768c780> SLIPSTORE::COMM Listening at tcp://p1p1:5032
1463393049314	<INFO 7f20c768c780> SLIPSTORE::COMM Listening at tcp://p1p1:5033
1463393049316	<INFO 7f20c768c780> SLIPSTORE::COMM Connecting to tcp://dco-node137-10g:5016
1463393049318	<INFO 7f20c768c780> SLIPSTORE::COMM Connecting to tcp://dco-node138-10g:5034
1463393049320	<INFO 7f20c768c780> SLIPSTORE::COMM Connecting to tcp://dco-node139-10g:5052
1463393049322	<INFO 7f20c768c780> SLIPSTORE::COMM Connecting to tcp://dco-node140-10g:5070
1463393049324	<INFO 7f20c768c780> SLIPSTORE::COMM Connecting to tcp://dco-node141-10g:5088
1463393049326	<INFO 7f20c768c780> SLIPSTORE::COMM Connecting to tcp://dco-node142-10g:5106
1463393049328	<INFO 7f20c768c780> SLIPSTORE::COMM Connecting to tcp://dco-node143-10g:5124
1463393049331	<INFO 7f20c768c780> SLIPSTORE::COMM Connecting to tcp://dco-node144-10g:5142
1463393049333	<INFO 7f20c768c780> SLIPSTORE::COMM Connecting to tcp://dco-node137-10g:5001
1463393049336	<INFO 7f20c768c780> SLIPSTORE::COMM Connecting to ipc://server
1463393049339	<INFO 7f20c768c780> SLIPSTORE::COMM Connecting to tcp://dco-node139-10g:5037
1463393049341	<INFO 7f20c768c780> SLIPSTORE::COMM Connecting to tcp://dco-node140-10g:5055
1463393049343	<INFO 7f20c768c780> SLIPSTORE::COMM Connecting to tcp://dco-node141-10g:5073
1463393049346	<INFO 7f20c768c780> SLIPSTORE::COMM Connecting to tcp://dco-node142-10g:5091
1463393049348	<INFO 7f20c768c780> SLIPSTORE::COMM Connecting to tcp://dco-node143-10g:5109
1463393049350	<INFO 7f20c768c780> SLIPSTORE::COMM Connecting to tcp://dco-node144-10g:5127
1463393049353	<INFO 7f20c768c780> SLIPSTORE::COMM Connecting to tcp://dco-node139-10g:5053
1463393049355	<INFO 7f20c768c780> SLIPSTORE::COMM Listening at tcp://p1p1:5035
1463393049357	<INFO 7f20c768c780> SLIPSTORE::COMM Connecting to tcp://dco-node138-10g:5034
1463393049359	<INFO 7f20c768c780> SLIPSTORE::HELP_POLICY NONE
1463393049361	<INFO 7f20c768c780> SLIPSTORE::SERVER ASYNC
1463393049364	<INFO 7f20c768c780> SLIPSTORE::MACHINES 8
1463393049366	<INFO 7f20c768c780> SLIPSTORE::ME 1
1463393049369	<INFO 7f20c768c780> SLIPSTORE::SLIPCHUNK 4194304
1463393049371	<INFO 7f20c768c780> SLIPSTORE::QUOTA 18446744073709551615
1463393049373	<INFO 7f20c768c780> SLIPSTORE::IO PAGECACHE
1463393049376	<INFO 7f02aa3f8700> SLIPSTORE::COMM Listening at tcp://p1p1:5034
1463393049378	<INFO 7f02aa3f8700> SLIPSTORE::COMM Listening at tcp://p1p1:5018
1463393049381	<INFO 7f02aa3f8700> SLIPSTORE::COMM Connecting to tcp://dco-node137-10g:5009
1463393049383	<INFO 7f02aa3f8700> SLIPSTORE::COMM Listening at ipc://server
1463393049386	<INFO 7f02aa3f8700> SLIPSTORE::COMM Connecting to ipc://client
1463393049388	<INFO 7f02aa3f8700> SLIPSTORE::COMM Listening at tcp://p1p1:5020
1463393049390	<INFO 7f02aa3f8700> SLIPSTORE::COMM Connecting to tcp://dco-node139-10g:5045
1463393049392	<INFO 7f02aa3f8700> SLIPSTORE::COMM Listening at tcp://p1p1:5021
1463393049395	<INFO 7f02aa3f8700> SLIPSTORE::COMM Connecting to tcp://dco-node140-10g:5063
1463393049397	<INFO 7f02aa3f8700> SLIPSTORE::COMM Listening at tcp://p1p1:5022
1463393049400	<INFO 7f02aa3f8700> SLIPSTORE::COMM Connecting to tcp://dco-node141-10g:5081
1463393049402	<INFO 7f02aa3f8700> SLIPSTORE::COMM Listening at tcp://p1p1:5023
1463393049404	<INFO 7f02aa3f8700> SLIPSTORE::COMM Connecting to tcp://dco-node142-10g:5099
1463393049406	<INFO 7f02aa3f8700> SLIPSTORE::COMM Listening at tcp://p1p1:5024
1463393049409	<INFO 7f02aa3f8700> SLIPSTORE::COMM Connecting to tcp://dco-node143-10g:5117
1463393049411	<INFO 7f02aa3f8700> SLIPSTORE::COMM Listening at tcp://p1p1:5025
1463393049413	<INFO 7f02aa3f8700> SLIPSTORE::COMM Connecting to tcp://dco-node144-10g:5135
1463393049562	<INFO 7f20c768c780> SLIPSTORE::CHECKPOINTS NONE FOUND
1463393049565	<INFO 7f20c768c780> 2016-05-16 12:04:09 Start edge split
1463393214151	<INFO 7f20c768c780> 2016-05-16 12:06:54 Completed init
1463393215579	<INFO 7f20c768c780> 2016-05-16 12:06:55 Started gather
1463393215967	<INFO 7f20c768c780> 2016-05-16 12:06:55 Completed gather
1463393220497	<INFO 7f20c768c780> 2016-05-16 12:07:00 Started scatter
1463393284060	<INFO 7f20c768c780> 2016-05-16 12:08:04 Completed scatter
1463393286384	<INFO 7f20c768c780> 2016-05-16 12:08:06 Completed phase 1 Bytes read 26244527732 Bytes written 13363569148
1463393286404	<INFO 7f20c768c780> 2016-05-16 12:08:06 Started gather
1463393286811	<INFO 7f20c768c780> 2016-05-16 12:08:06 Completed gather
1463393291754	<INFO 7f20c768c780> 2016-05-16 12:08:11 Started scatter
1463393401624	<INFO 7f20c768c780> 2016-05-16 12:10:01 Completed scatter
1463393403013	<INFO 7f20c768c780> 2016-05-16 12:10:03 Completed phase 2 Bytes read 39608096880 Bytes written 18405690868
1463393403037	<INFO 7f20c768c780> 2016-05-16 12:10:03 Started gather
1463393424839	<INFO 7f20c768c780> 2016-05-16 12:10:24 Completed gather
1463393443422	<INFO 7f20c768c780> 2016-05-16 12:10:43 Started scatter
1463393537144	<INFO 7f20c768c780> 2016-05-16 12:12:17 Completed scatter
1463393546821	<INFO 7f20c768c780> 2016-05-16 12:12:26 Completed phase 3 Bytes read 57741408988 Bytes written 22482923956
1463393546843	<INFO 7f20c768c780> 2016-05-16 12:12:26 Started gather
1463393562262	<INFO 7f20c768c780> 2016-05-16 12:12:42 Completed gather
1463393579319	<INFO 7f20c768c780> 2016-05-16 12:12:59 Started scatter
1463393646628	<INFO 7f20c768c780> 2016-05-16 12:14:06 Completed scatter
1463393646721	<INFO 7f20c768c780> 2016-05-16 12:14:06 Completed phase 4 Bytes read 74909832464 Bytes written 22772270188
1463393646743	<INFO 7f20c768c780> 2016-05-16 12:14:06 Started gather
1463393647163	<INFO 7f20c768c780> 2016-05-16 12:14:07 Completed gather
1463393652189	<INFO 7f20c768c780> 2016-05-16 12:14:12 Started scatter
1463393717640	<INFO 7f20c768c780> 2016-05-16 12:15:17 Completed scatter
1463393718492	<INFO 7f20c768c780> 2016-05-16 12:15:18 Completed phase 5 Bytes read 88290369084 Bytes written 23040755044
1463393718510	<INFO 7f20c768c780> 2016-05-16 12:15:18 Started gather
1463393718952	<INFO 7f20c768c780> 2016-05-16 12:15:18 Completed gather
1463393723439	<INFO 7f20c768c780> 2016-05-16 12:15:23 Started scatter
1463393787458	<INFO 7f20c768c780> 2016-05-16 12:16:27 Completed scatter
1463393789017	<INFO 7f20c768c780> 2016-05-16 12:16:29 Completed phase 6 Bytes read 101650044328 Bytes written 23309190636
1463393789041	<INFO 7f20c768c780> 2016-05-16 12:16:29 Started gather
1463393789429	<INFO 7f20c768c780> 2016-05-16 12:16:29 Completed gather
1463393793950	<INFO 7f20c768c780> 2016-05-16 12:16:33 Started scatter
1463393857722	<INFO 7f20c768c780> 2016-05-16 12:17:37 Completed scatter
1463393859506	<INFO 7f20c768c780> 2016-05-16 12:17:39 Completed phase 7 Bytes read 115009670308 Bytes written 23577626092
1463393859508	<INFO 7f20c768c780> ALGORITHM::BFS::VERTICES_DISCOVERED 5488789
1463393859511	<INFO 7f20c768c780> ALGORITHM::BFS::EDGES_EXPLORED 1144180319
1463393859513	<INFO 7f20c768c780> CORE::PARTITIONS_PROCESSED 368
1463393859516	<INFO 7f20c768c780> CORE::BYTES::EDGES_STREAMED 13750481688
1463393859519	<INFO 7f20c768c780> CORE::BYTES::UPDATES_OUT 1280120864
1463393859521	<INFO 7f20c768c780> CORE::BYTES::UPDATES_IN 1327499336
1463393859523	<INFO 7f029f7fe700> CORE::PARTITIONS_PROCESSED 299
1463393859525	<INFO 7f029effd700> CORE::PARTITIONS_PROCESSED 284
1463393859528	<INFO 7f029f7fe700> CORE::BYTES::EDGES_STREAMED 10454483856
1463393859531	<INFO 7f029f7fe700> CORE::BYTES::UPDATES_OUT 972276192
1463393859533	<INFO 7f029ffff700> CORE::PARTITIONS_PROCESSED 140
1463393859535	<INFO 7f029effd700> CORE::BYTES::EDGES_STREAMED 9786916944
1463393859538	<INFO 7f029effd700> CORE::BYTES::UPDATES_OUT 922400320
1463393859540	<INFO 7f029f7fe700> CORE::BYTES::UPDATES_IN 1054811752
1463393859542	<INFO 7f029ffff700> CORE::BYTES::EDGES_STREAMED 12072376596
1463393859544	<INFO 7f029effd700> CORE::BYTES::UPDATES_IN 927037920
1463393859547	<INFO 7f029ffff700> CORE::BYTES::UPDATES_OUT 1074840208
1463393859549	<INFO 7f029ffff700> CORE::BYTES::UPDATES_IN 947120936
1463393859551	<INFO 7f02a8bf5700> CORE::PARTITIONS_PROCESSED 419
1463393859553	<INFO 7f02a93f6700> CORE::PARTITIONS_PROCESSED 338
1463393859555	<INFO 7f029e7fc700> CORE::PARTITIONS_PROCESSED 377
1463393859558	<INFO 7f02a93f6700> CORE::BYTES::EDGES_STREAMED 13257489192
1463393859560	<INFO 7f029dffb700> CORE::PARTITIONS_PROCESSED 275
1463393859562	<INFO 7f029e7fc700> CORE::BYTES::EDGES_STREAMED 11780277720
1463393859564	<INFO 7f02a8bf5700> CORE::BYTES::EDGES_STREAMED 13536796428
1463393859567	<INFO 7f029dffb700> CORE::BYTES::EDGES_STREAMED 11472482628
1463393859569	<INFO 7f029e7fc700> CORE::BYTES::UPDATES_OUT 1172543696
1463393859572	<INFO 7f02a8bf5700> CORE::BYTES::UPDATES_OUT 1331830384
1463393859574	<INFO 7f029dffb700> CORE::BYTES::UPDATES_OUT 1111438464
1463393859576	<INFO 7f02a93f6700> CORE::BYTES::UPDATES_OUT 1287992424
1463393859578	<INFO 7f029e7fc700> CORE::BYTES::UPDATES_IN 1026189496
1463393859580	<INFO 7f02a93f6700> CORE::BYTES::UPDATES_IN 1280457168
1463393859583	<INFO 7f02a8bf5700> CORE::BYTES::UPDATES_IN 1548533272
1463393859585	<INFO 7f029dffb700> CORE::BYTES::UPDATES_IN 1041792672
1463393859587	<INFO 7f02aa3f8700> SLIPSTORE service is exiting
1463393859590	<INFO 7f02aa3f8700> SLIPSTORE::HELP_OFFERS_RECVD 98
1463393859592	<INFO 7f02aa3f8700> SLIPSTORE::HELP_OFFERS_ACCEPTED 0
1463393859594	<INFO 7f02aa3f8700> SLIPSTORE::HELP_ACCEPTANCE_RATIO 0
1463393859596	<INFO 7f02aa3f8700> SLIPSTORE::SERVER_BUSY_DISK  736.205 seconds
1463393859598	<INFO 7f02aa3f8700> SLIPSTORE::SERVER_BUSY_MEM  0 seconds
1463393859600	<INFO 7f02aa3f8700> SLIPSTORE::SERVER_TOTAL  810.261 seconds
1463393859603	<INFO 7f20c768c780> SLIPSTORE::CLIENT::DISK_READ_TIME  591.682 seconds
1463393859605	<INFO 7f20c768c780> SLIPSTORE::CLIENT::MEM_READ_TIME  0 seconds
1463393859607	<INFO 7f20c768c780> SLIPSTORE::CLIENT::DISK_BYTES_READ 118730628148
1463393859609	<INFO 7f20c768c780> SLIPSTORE::CLIENT::MEM_BYTES_READ 0
1463393859611	<INFO 7f20c768c780> SLIPSTORE::CLIENT::WRITE_TIME  140.295 seconds
1463393859614	<INFO 7f20c768c780> SLIPSTORE::CLIENT::BYTES_WRITTEN 456618432
1463393859616	<INFO 7f20c768c780> SLIPSTORE::CLIENT_BUSY  731.977 seconds
1463393859618	<INFO 7f20c768c780> SLIPSTORE::IO::TIME 553.701 seconds
1463393859620	<INFO 7f20c768c780> SLIPSTORE::SNAP::TIME 0 seconds
1463393859623	<INFO 7f20c768c780> SLIPSTORE::MAX_DISK_USAGE_BYTES 17864876652
1463393859625	<INFO 7f20c768c780> CORE::RUSAGE::MAX_RSS_KB 125952176
1463393859627	<INFO 7f20c768c780> CORE::RUSAGE::MINFLT 62754893
1463393859630	<INFO 7f20c768c780> CORE::RUSAGE::MAJFLT 2
1463393859632	<INFO 7f20c768c780> CORE::RUSAGE::MAJFLT 2
1463393859635	<INFO 7f20c768c780> CORE::RUSAGE::INBLK 215785824
1463393859638	<INFO 7f20c768c780> CORE::RUSAGE::OUBLK 46055408
1463393859640	<INFO 7f20c768c780> CORE::UTILS::BYTES_READ 115009670308
1463393859642	<INFO 7f20c768c780> CORE::UTILS::BYTES_WRITTEN 23577626092
1463393859645	<INFO 7f20c768c780> CORE::UTILS::TILE_COPY_BYTES 799082256
1463393859648	<INFO 7f20c768c780> CORE::TIME::IO_WAIT 553.705 seconds
1463393859650	<INFO 7f20c768c780> CORE::TIME_TILE_COPY 0 seconds
1463393859652	<INFO 7f20c768c780> CORE::TIME_TILE_MERGE 0 seconds
1463393859654	<INFO 7f20c768c780> CORE::TIME_PROCESSING_STOLEN 0 seconds
1463393859657	<INFO 7f20c768c780> CORE::TIME_MERGE_WAIT 0 seconds
1463393859659	<INFO 7f20c768c780> CORE::OTHER_TIME_ALL_MC_BARRIER 0 seconds
1463393859661	<INFO 7f20c768c780> CORE::SCATTER_TIME_ALL_MC_BARRIER 16.0545 seconds
1463393859663	<INFO 7f20c768c780> CORE::GATHER_TIME_ALL_MC_BARRIER 0.020919 seconds
1463393859666	<INFO 7f20c768c780> CORE::INIT_TIME_ALL_MC_BARRIER 0.967332 seconds
1463393859668	<INFO 7f20c768c780> CORE::SHUT_DOWN_TIME_ALL_MC_BARRIER 0.003115 seconds
1463393859670	<INFO 7f20c768c780> CORE::STREAM_SKIP_BEFORE_TIME_ALL_MC_BARRIER 1.25311 seconds
1463393859673	<INFO 7f20c768c780> CORE::TAKE_CHECKPOINT_BEFORE_TIME_ALL_MC_BARRIER 0 seconds
1463393859675	<INFO 7f20c768c780> CORE::TAKE_CHECKPOINT_COMPLETE_TIME_ALL_MC_BARRIER 0 seconds
1463393859678	<INFO 7f20c768c780> CORE::METADATA_WRITE_COMPLETE_TIME_ALL_MC_BARRIER 0 seconds
1463393859680	<INFO 7f20c768c780> CORE::STREAM_EOF_BEFORE_TIME_ALL_MC_BARRIER 0 seconds
1463393859682	<INFO 7f20c768c780> CORE::STREAM_EOF_AFTER_TIME_ALL_MC_BARRIER 0 seconds
1463393859684	<INFO 7f20c768c780> CORE::STATE_LOAD_TIME_ALL_MC_BARRIER 0 seconds
1463393859686	<INFO 7f20c768c780> CORE::STATE_STORE_TIME_ALL_MC_BARRIER 0 seconds
1463393859689	<INFO 7f20c768c780> CORE::PHASES 7
1463393859691	<INFO 7f20c768c780> CORE::TIME::SETUP 2.10324 seconds
1463393859693	<INFO 7f20c768c780> CORE::TIME::INIT_PARTITIONS_TIME 164.589 seconds
1463393859695	<INFO 7f20c768c780> CORE::TIME::STATE_ITER 0.186262 seconds
1463393859698	<INFO 7f20c768c780> CORE::TIME::GATHER 99.636 seconds
1463393859700	<INFO 7f20c768c780> CORE::TIME::SCATTER 545.272 seconds
1463393859702	<INFO 7f20c768c780> CORE::TIME::WALL 812.051 seconds
1463393859704	<INFO 7f20c768c780> SHUTDOWN
