1461712131624	<INFO 7f0e9debe740> 2016-04-27 01:08:51 STARTUP
1461712131628	<INFO 7f0e9debe740> CORE::GRAPH rmat-28_s8
1461712131632	<INFO 7f0e9debe740> CORE::ALGORITHM pagerank
1461712131636	<INFO 7f0e9debe740> CORE::VERTEX_STRIPING OFF
1461712131640	<INFO 7f0e9debe740> CORE::OPTIMIZED_STATE_LOAD_STORE OFF
1461712131643	<INFO 7f0e9debe740> CORE::BINARY_SEARCH_SUPER_PARTITION ON
1461712131647	<INFO 7f0e9debe740> CORE::SUPER_PARTITION_COMPUTED_FOR_EACH_SCATTER_GATHER_PHASE
1461712131651	<INFO 7f0e9debe740> CORE::EDGE_STRIPING ON
1461712131654	<INFO 7f0e9debe740> CORE::BATCH IO ON
1461712131658	<INFO 7f0e9debe740> 2016-04-27 01:08:51 Blocking memory amount 126701535232
1461712239049	<INFO 7f0e9debe740> 2016-04-27 01:10:39 Done blocking memory
1461712239052	<INFO 7f0e9debe740> SG-DRIVER-ORIGINAL
1461712239056	<INFO 7f0e9debe740> 2016-04-27 01:10:39 START read config parameters
1461712239060	<INFO 7f0e9debe740> PARTITIONING::OLD 0
1461712239063	<INFO 7f0e9debe740> PARTITIONING::BALANCED_PARTITIONS 0
1461712239067	<INFO 7f0e9debe740> CORE::CONFIG::PROCESSORS 8
1461712239071	<INFO 7f0e9debe740> CORE::CONFIG::PHYSICAL_MEMORY 2147483648
1461712239074	<INFO 7f0e9debe740> CORE::CONFIG::VERTICES 268435456
1461712239078	<INFO 7f0e9debe740> CORE::CONFIG::VERTEX_SIZE 12
1461712239082	<INFO 7f0e9debe740> CORE::CONFIG::VERTEX_BUFFER 1306428636
1461712239086	<INFO 7f0e9debe740> CORE::CONFIG::EDGES 536870912
1461712239089	<INFO 7f0e9debe740> CORE::CONFIG::PARTITIONS 64
1461712239092	<INFO 7f0e9debe740> CORE::CONFIG::FANOUT 64
1461712239095	<INFO 7f0e9debe740> CORE::CONFIG::SUPER_PARTITIONS 8
1461712239099	<INFO 7f0e9debe740> CORE::CONFIG::TILES 1
1461712239103	<INFO 7f0e9debe740> CORE::CONFIG::BUFFER_SIZE 168209876
1461712239106	<INFO 7f0e9debe740> CORE::CONFIG::MAX_BUFFERS 4
1461712239110	<INFO 7f0e9debe740> CORE::CONFIG::MAX_STREAMS 4
1461712239114	<INFO 7f0e9debe740> CORE::CONFIG::SUM_OF_OUT_DEGREES_FOR_NEW_PARTITIONS::FIRST_CONSTRAINT 0
1461712239117	<INFO 7f0e9debe740> CORE::CONFIG::MAX_EDGES_PER_NEW_PARTITION::SECOND_CONSTRAINT 0
1461712239121	<INFO 7f0e9debe740> SLIPSTREAM::EXT_MEM_SHUFFLE OFF
1461712239124	<INFO 7f0e9debe740> 2016-04-27 01:10:39 END read config parameters
1461712240852	<WARNING 7f0e9debe740> Unable to unlink file (stream.0.0.0):No such file or directory
1461712240855	<WARNING 7f0e9debe740> Unable to unlink file (stream.0.1.0):No such file or directory
1461712240859	<WARNING 7f0e9debe740> Unable to unlink file (stream.0.2.0):No such file or directory
1461712240863	<WARNING 7f0e9debe740> Unable to unlink file (stream.0.3.0):No such file or directory
1461712240867	<WARNING 7f0e9debe740> Unable to unlink file (stream.0.4.0):No such file or directory
1461712240871	<WARNING 7f0e9debe740> Unable to unlink file (stream.0.5.0):No such file or directory
1461712240874	<WARNING 7f0e9debe740> Unable to unlink file (stream.0.6.0):No such file or directory
1461712240879	<WARNING 7f0e9debe740> Unable to unlink file (stream.0.7.0):No such file or directory
1461712240882	<WARNING 7f0e9debe740> Unable to unlink file (stream.1.1.0):No such file or directory
1461712240887	<WARNING 7f0e9debe740> Unable to unlink file (stream.1.2.0):No such file or directory
1461712240890	<WARNING 7f0e9debe740> Unable to unlink file (stream.1.3.0):No such file or directory
1461712240894	<WARNING 7f0e9debe740> Unable to unlink file (stream.1.4.0):No such file or directory
1461712240898	<WARNING 7f0e9debe740> Unable to unlink file (stream.1.5.0):No such file or directory
1461712240902	<WARNING 7f0e9debe740> Unable to unlink file (stream.1.6.0):No such file or directory
1461712240905	<WARNING 7f0e9debe740> Unable to unlink file (stream.1.7.0):No such file or directory
1461712240909	<WARNING 7f0e9debe740> Unable to unlink file (stream.2.0.0):No such file or directory
1461712240912	<WARNING 7f0e9debe740> Unable to unlink file (stream.2.1.0):No such file or directory
1461712240916	<WARNING 7f0e9debe740> Unable to unlink file (stream.2.2.0):No such file or directory
1461712240920	<WARNING 7f0e9debe740> Unable to unlink file (stream.2.3.0):No such file or directory
1461712240923	<WARNING 7f0e9debe740> Unable to unlink file (stream.2.4.0):No such file or directory
1461712240928	<WARNING 7f0e9debe740> Unable to unlink file (stream.2.5.0):No such file or directory
1461712240931	<WARNING 7f0e9debe740> Unable to unlink file (stream.2.6.0):No such file or directory
1461712240934	<WARNING 7f0e9debe740> Unable to unlink file (stream.2.7.0):No such file or directory
1461712240937	<WARNING 7f0e9debe740> Unable to unlink file (stream.3.0.0):No such file or directory
1461712240941	<WARNING 7f0e9debe740> Unable to unlink file (stream.3.1.0):No such file or directory
1461712240944	<WARNING 7f0e9debe740> Unable to unlink file (stream.3.2.0):No such file or directory
1461712240948	<WARNING 7f0e9debe740> Unable to unlink file (stream.3.3.0):No such file or directory
1461712240951	<WARNING 7f0e9debe740> Unable to unlink file (stream.3.4.0):No such file or directory
1461712240954	<WARNING 7f0e9debe740> Unable to unlink file (stream.3.5.0):No such file or directory
1461712240957	<WARNING 7f0e9debe740> Unable to unlink file (stream.3.6.0):No such file or directory
1461712240961	<WARNING 7f0e9debe740> Unable to unlink file (stream.3.7.0):No such file or directory
1461712240964	<INFO 7f0e9debe740> SLIPSTORE::ZMQ_THREADS 2
1461712240967	<INFO 7f0e9debe740> SLIPSTORE::COMM Connecting to tcp://dco-node137-10g:5016
1461712240971	<INFO 7f0e9debe740> SLIPSTORE::COMM Connecting to tcp://dco-node138-10g:5034
1461712240974	<INFO 7f0e9debe740> SLIPSTORE::COMM Connecting to tcp://dco-node139-10g:5052
1461712240977	<INFO 7f0e9debe740> SLIPSTORE::COMM Connecting to tcp://dco-node140-10g:5070
1461712240980	<INFO 7f0e9debe740> SLIPSTORE::COMM Connecting to tcp://dco-node141-10g:5088
1461712240983	<INFO 7f0e9debe740> SLIPSTORE::COMM Connecting to tcp://dco-node142-10g:5106
1461712240987	<INFO 7f0e9debe740> SLIPSTORE::COMM Connecting to tcp://dco-node143-10g:5124
1461712240990	<INFO 7f0e9debe740> SLIPSTORE::COMM Connecting to tcp://dco-node144-10g:5142
1461712240993	<INFO 7f0e9debe740> SLIPSTORE::COMM Listening at tcp://ens1f0:5116
1461712240996	<INFO 7f0e9debe740> SLIPSTORE::COMM Listening at tcp://ens1f0:5117
1461712240999	<INFO 7f0e9debe740> SLIPSTORE::COMM Listening at tcp://ens1f0:5118
1461712241002	<INFO 7f0e9debe740> SLIPSTORE::COMM Listening at tcp://ens1f0:5119
1461712241004	<INFO 7f0e9debe740> SLIPSTORE::COMM Listening at tcp://ens1f0:5120
1461712241008	<INFO 7f0e9debe740> SLIPSTORE::COMM Listening at tcp://ens1f0:5121
1461712241011	<INFO 7f0e9debe740> SLIPSTORE::COMM Listening at ipc://client
1461712241015	<INFO 7f0e9debe740> SLIPSTORE::COMM Listening at tcp://ens1f0:5123
1461712241018	<INFO 7f0e9debe740> SLIPSTORE::COMM Connecting to tcp://dco-node137-10g:5016
1461712241021	<INFO 7f0e9debe740> SLIPSTORE::COMM Connecting to tcp://dco-node138-10g:5034
1461712241025	<INFO 7f0e9debe740> SLIPSTORE::COMM Connecting to tcp://dco-node139-10g:5052
1461712241028	<INFO 7f0e9debe740> SLIPSTORE::COMM Connecting to tcp://dco-node140-10g:5070
1461712241032	<INFO 7f0e9debe740> SLIPSTORE::COMM Connecting to tcp://dco-node141-10g:5088
1461712241035	<INFO 7f0e9debe740> SLIPSTORE::COMM Connecting to tcp://dco-node142-10g:5106
1461712241038	<INFO 7f0e9debe740> SLIPSTORE::COMM Connecting to tcp://dco-node143-10g:5124
1461712241041	<INFO 7f0e9debe740> SLIPSTORE::COMM Connecting to tcp://dco-node144-10g:5142
1461712241043	<INFO 7f0e9debe740> SLIPSTORE::COMM Connecting to tcp://dco-node137-10g:5006
1461712241046	<INFO 7f0e9debe740> SLIPSTORE::COMM Connecting to tcp://dco-node138-10g:5024
1461712241049	<INFO 7f0e9debe740> SLIPSTORE::COMM Connecting to tcp://dco-node139-10g:5042
1461712241053	<INFO 7f0e9debe740> SLIPSTORE::COMM Connecting to tcp://dco-node140-10g:5060
1461712241055	<INFO 7f0e9debe740> SLIPSTORE::COMM Connecting to tcp://dco-node141-10g:5078
1461712241058	<INFO 7f0e9debe740> SLIPSTORE::COMM Connecting to tcp://dco-node142-10g:5096
1461712241060	<INFO 7f0e9debe740> SLIPSTORE::COMM Connecting to ipc://server
1461712241063	<INFO 7f0e9debe740> SLIPSTORE::COMM Connecting to tcp://dco-node144-10g:5132
1461712241067	<INFO 7f0e9debe740> SLIPSTORE::COMM Connecting to tcp://dco-node144-10g:5143
1461712241070	<INFO 7f0e9debe740> SLIPSTORE::COMM Listening at tcp://ens1f0:5125
1461712241073	<INFO 7f0e9debe740> SLIPSTORE::COMM Connecting to tcp://dco-node143-10g:5124
1461712241075	<INFO 7f0e9debe740> SLIPSTORE::HELP_POLICY NONE
1461712241078	<INFO 7f0e9debe740> SLIPSTORE::SERVER ASYNC
1461712241080	<INFO 7f0e9debe740> SLIPSTORE::MACHINES 8
1461712241083	<INFO 7f0e9debe740> SLIPSTORE::ME 6
1461712241086	<INFO 7f0e9debe740> SLIPSTORE::SLIPCHUNK 4194304
1461712241088	<INFO 7f0e9debe740> SLIPSTORE::QUOTA 18446744073709551615
1461712241091	<INFO 7f0e9debe740> SLIPSTORE::IO PAGECACHE
1461712241094	<INFO 7ef07f7fd700> SLIPSTORE::COMM Listening at tcp://ens1f0:5124
1461712241097	<INFO 7ef07f7fd700> SLIPSTORE::COMM Listening at tcp://ens1f0:5108
1461712241101	<INFO 7ef07f7fd700> SLIPSTORE::COMM Connecting to tcp://dco-node137-10g:5014
1461712241103	<INFO 7ef07f7fd700> SLIPSTORE::COMM Listening at tcp://ens1f0:5109
1461712241106	<INFO 7ef07f7fd700> SLIPSTORE::COMM Connecting to tcp://dco-node138-10g:5032
1461712241109	<INFO 7ef07f7fd700> SLIPSTORE::COMM Listening at tcp://ens1f0:5110
1461712241111	<INFO 7ef07f7fd700> SLIPSTORE::COMM Connecting to tcp://dco-node139-10g:5050
1461712241114	<INFO 7ef07f7fd700> SLIPSTORE::COMM Listening at tcp://ens1f0:5111
1461712241116	<INFO 7ef07f7fd700> SLIPSTORE::COMM Connecting to tcp://dco-node140-10g:5068
1461712241119	<INFO 7ef07f7fd700> SLIPSTORE::COMM Listening at tcp://ens1f0:5112
1461712241121	<INFO 7ef07f7fd700> SLIPSTORE::COMM Connecting to tcp://dco-node141-10g:5086
1461712241124	<INFO 7ef07f7fd700> SLIPSTORE::COMM Listening at tcp://ens1f0:5113
1461712241127	<INFO 7ef07f7fd700> SLIPSTORE::COMM Connecting to tcp://dco-node142-10g:5104
1461712241129	<INFO 7ef07f7fd700> SLIPSTORE::COMM Listening at ipc://server
1461712241132	<INFO 7ef07f7fd700> SLIPSTORE::COMM Connecting to ipc://client
1461712241135	<INFO 7ef07f7fd700> SLIPSTORE::COMM Listening at tcp://ens1f0:5115
1461712241138	<INFO 7ef07f7fd700> SLIPSTORE::COMM Connecting to tcp://dco-node144-10g:5140
1461712241351	<INFO 7f0e9debe740> SLIPSTORE::CHECKPOINTS NONE FOUND
1461712241354	<INFO 7f0e9debe740> 2016-04-27 01:10:41 Start edge split
1461712292560	<INFO 7f0e9debe740> 2016-04-27 01:11:32 Completed init
1461712298259	<INFO 7f0e9debe740> 2016-04-27 01:11:38 Started gather
1461712299912	<INFO 7f0e9debe740> 2016-04-27 01:11:39 Completed gather
1461712307927	<INFO 7f0e9debe740> 2016-04-27 01:11:47 Started scatter
1461712338950	<INFO 7f0e9debe740> 2016-04-27 01:12:18 Completed scatter
1461712340811	<INFO 7f0e9debe740> 2016-04-27 01:12:20 Completed phase 1 Bytes read 13381274652 Bytes written 6938823708
1461712350361	<INFO 7f0e9debe740> 2016-04-27 01:12:30 Started gather
1461712351992	<INFO 7f0e9debe740> 2016-04-27 01:12:31 Completed gather
1461712360070	<INFO 7f0e9debe740> 2016-04-27 01:12:40 Started gather
1461712410754	<INFO 7f0e9debe740> 2016-04-27 01:13:30 Completed gather
1461712427560	<INFO 7f0e9debe740> 2016-04-27 01:13:47 Completed phase 2 Bytes read 20624180520 Bytes written 11959219860
1461712436692	<INFO 7f0e9debe740> 2016-04-27 01:13:56 Started gather
1461712464109	<INFO 7f0e9debe740> 2016-04-27 01:14:24 Completed gather
1461712624165	<INFO 7f0e9debe740> 2016-04-27 01:17:04 Started scatter
1461712670190	<INFO 7f0e9debe740> 2016-04-27 01:17:50 Completed scatter
1461712673205	<INFO 7f0e9debe740> 2016-04-27 01:17:53 Completed phase 3 Bytes read 31975236060 Bytes written 16825972180
1461712682007	<INFO 7f0e9debe740> 2016-04-27 01:18:02 Started gather
1461712703967	<INFO 7f0e9debe740> 2016-04-27 01:18:23 Completed gather
1461712880207	<INFO 7f0e9debe740> 2016-04-27 01:21:20 Started scatter
1461712926901	<INFO 7f0e9debe740> 2016-04-27 01:22:06 Completed scatter
1461712930163	<INFO 7f0e9debe740> 2016-04-27 01:22:10 Completed phase 4 Bytes read 43476729928 Bytes written 21663195956
1461712938929	<INFO 7f0e9debe740> 2016-04-27 01:22:18 Started gather
1461712961339	<INFO 7f0e9debe740> 2016-04-27 01:22:41 Completed gather
1461713125288	<INFO 7f0e9debe740> 2016-04-27 01:25:25 Started scatter
1461713171618	<INFO 7f0e9debe740> 2016-04-27 01:26:11 Completed scatter
1461713173998	<INFO 7f0e9debe740> 2016-04-27 01:26:13 Completed phase 5 Bytes read 54948695252 Bytes written 26527635524
1461713183827	<INFO 7f0e9debe740> 2016-04-27 01:26:23 Started gather
1461713205968	<INFO 7f0e9debe740> 2016-04-27 01:26:45 Completed gather
1461713371702	<INFO 7f0e9debe740> 2016-04-27 01:29:31 Started scatter
1461713416856	<INFO 7f0e9debe740> 2016-04-27 01:30:16 Completed scatter
1461713421148	<INFO 7f0e9debe740> 2016-04-27 01:30:21 Completed phase 6 Bytes read 66447876368 Bytes written 31501954508
1461713430487	<INFO 7f0e9debe740> 2016-04-27 01:30:30 Started gather
1461713455190	<INFO 7f0e9debe740> 2016-04-27 01:30:55 Completed gather
1461713619574	<INFO 7f0e9debe740> 2016-04-27 01:33:39 Started scatter
1461713665437	<INFO 7f0e9debe740> 2016-04-27 01:34:25 Completed scatter
1461713669309	<INFO 7f0e9debe740> 2016-04-27 01:34:29 Completed phase 7 Bytes read 78056936900 Bytes written 36247913900
1461713669312	<INFO 7f0e9debe740> CORE::PARTITIONS_PROCESSED 1480
1461713669314	<INFO 7f0e9debe740> CORE::BYTES::EDGES_STREAMED 5260219896
1461713669316	<INFO 7f0e9debe740> CORE::BYTES::UPDATES_OUT 3024818432
1461713669319	<INFO 7f0e9debe740> CORE::BYTES::UPDATES_IN 2141311560
1461713669321	<INFO 7ef073fff700> CORE::PARTITIONS_PROCESSED 732
1461713669323	<INFO 7ef073fff700> CORE::BYTES::EDGES_STREAMED 5002710348
1461713669326	<INFO 7ef073fff700> CORE::BYTES::UPDATES_OUT 2880247232
1461713669328	<INFO 7ef073fff700> CORE::BYTES::UPDATES_IN 2391519984
1461713669330	<INFO 7ef07dffa700> CORE::PARTITIONS_PROCESSED 835
1461713669333	<INFO 7ef072ffd700> CORE::PARTITIONS_PROCESSED 1269
1461713669335	<INFO 7ef07cff8700> CORE::PARTITIONS_PROCESSED 1796
1461713669337	<INFO 7ef0737fe700> CORE::PARTITIONS_PROCESSED 1224
1461713669339	<INFO 7ef07d7f9700> CORE::PARTITIONS_PROCESSED 810
1461713669342	<INFO 7ef07e7fb700> CORE::PARTITIONS_PROCESSED 494
1461713669344	<INFO 7ef07dffa700> CORE::BYTES::EDGES_STREAMED 5140225428
1461713669346	<INFO 7ef07d7f9700> CORE::BYTES::EDGES_STREAMED 5645804136
1461713669348	<INFO 7ef072ffd700> CORE::BYTES::EDGES_STREAMED 6883211604
1461713669351	<INFO 7ef07e7fb700> CORE::BYTES::EDGES_STREAMED 5704397868
1461713669353	<INFO 7ef07d7f9700> CORE::BYTES::UPDATES_OUT 3212595648
1461713669355	<INFO 7ef07dffa700> CORE::BYTES::UPDATES_OUT 2903238912
1461713669358	<INFO 7ef07d7f9700> CORE::BYTES::UPDATES_IN 2848758760
1461713669360	<INFO 7ef0737fe700> CORE::BYTES::EDGES_STREAMED 7437753948
1461713669363	<INFO 7ef07dffa700> CORE::BYTES::UPDATES_IN 2712057776
1461713669365	<INFO 7ef072ffd700> CORE::BYTES::UPDATES_OUT 3940779568
1461713669367	<INFO 7ef0737fe700> CORE::BYTES::UPDATES_OUT 4248278600
1461713669370	<INFO 7ef07e7fb700> CORE::BYTES::UPDATES_OUT 3262644912
1461713669372	<INFO 7ef07cff8700> CORE::BYTES::EDGES_STREAMED 4710324996
1461713669374	<INFO 7ef07cff8700> CORE::BYTES::UPDATES_OUT 2690052824
1461713669377	<INFO 7ef0737fe700> CORE::BYTES::UPDATES_IN 4740027144
1461713669379	<INFO 7ef07e7fb700> CORE::BYTES::UPDATES_IN 2333812144
1461713669381	<INFO 7ef072ffd700> CORE::BYTES::UPDATES_IN 2527208064
1461713669384	<INFO 7ef07cff8700> CORE::BYTES::UPDATES_IN 2109928968
1461713669386	<INFO 7ef07f7fd700> SLIPSTORE service is exiting
1461713669388	<INFO 7ef07f7fd700> SLIPSTORE::HELP_OFFERS_RECVD 98
1461713669391	<INFO 7ef07f7fd700> SLIPSTORE::HELP_OFFERS_ACCEPTED 0
1461713669393	<INFO 7ef07f7fd700> SLIPSTORE::HELP_ACCEPTANCE_RATIO 0
1461713669395	<INFO 7ef07f7fd700> SLIPSTORE::SERVER_BUSY_DISK  459.762 seconds
1461713669398	<INFO 7ef07f7fd700> SLIPSTORE::SERVER_BUSY_MEM  0 seconds
1461713669401	<INFO 7ef07f7fd700> SLIPSTORE::SERVER_TOTAL  1428.44 seconds
1461713669403	<INFO 7f0e9debe740> SLIPSTORE::CLIENT::DISK_READ_TIME  373.91 seconds
1461713669406	<INFO 7f0e9debe740> SLIPSTORE::CLIENT::MEM_READ_TIME  0 seconds
1461713669408	<INFO 7f0e9debe740> SLIPSTORE::CLIENT::DISK_BYTES_READ 80063035168
1461713669410	<INFO 7f0e9debe740> SLIPSTORE::CLIENT::MEM_BYTES_READ 0
1461713669413	<INFO 7f0e9debe740> SLIPSTORE::CLIENT::WRITE_TIME  156.91 seconds
1461713669415	<INFO 7f0e9debe740> SLIPSTORE::CLIENT::BYTES_WRITTEN 4561232400
1461713669417	<INFO 7f0e9debe740> SLIPSTORE::CLIENT_BUSY  530.82 seconds
1461713669419	<INFO 7f0e9debe740> SLIPSTORE::IO::TIME 432.323 seconds
1461713669422	<INFO 7f0e9debe740> SLIPSTORE::SNAP::TIME 0 seconds
1461713669424	<INFO 7f0e9debe740> SLIPSTORE::MAX_DISK_USAGE_BYTES 11000896212
1461713670334	<INFO 7f0e9debe740> CORE::RUSAGE::MAX_RSS_KB 125956836
1461713670337	<INFO 7f0e9debe740> CORE::RUSAGE::MINFLT 36142336
1461713670339	<INFO 7f0e9debe740> CORE::RUSAGE::MAJFLT 6
1461713670342	<INFO 7f0e9debe740> CORE::RUSAGE::MAJFLT 6
1461713670346	<INFO 7f0e9debe740> CORE::RUSAGE::INBLK 139633456
1461713670348	<INFO 7f0e9debe740> CORE::RUSAGE::OUBLK 70797584
1461713670351	<INFO 7f0e9debe740> CORE::UTILS::BYTES_READ 78056936900
1461713670354	<INFO 7f0e9debe740> CORE::UTILS::BYTES_WRITTEN 36247913900
1461713670357	<INFO 7f0e9debe740> CORE::UTILS::TILE_COPY_BYTES 6081643200
1461713670360	<INFO 7f0e9debe740> CORE::TIME::IO_WAIT 333.025 seconds
1461713670362	<INFO 7f0e9debe740> CORE::TIME_TILE_COPY 0 seconds
1461713670366	<INFO 7f0e9debe740> CORE::TIME_TILE_MERGE 0 seconds
1461713670368	<INFO 7f0e9debe740> CORE::TIME_PROCESSING_STOLEN 0 seconds
1461713670371	<INFO 7f0e9debe740> CORE::TIME_MERGE_WAIT 0 seconds
1461713670373	<INFO 7f0e9debe740> CORE::OTHER_TIME_ALL_MC_BARRIER 0 seconds
1461713670376	<INFO 7f0e9debe740> CORE::SCATTER_TIME_ALL_MC_BARRIER 17.1405 seconds
1461713670379	<INFO 7f0e9debe740> CORE::GATHER_TIME_ALL_MC_BARRIER 16.3939 seconds
1461713670381	<INFO 7f0e9debe740> CORE::INIT_TIME_ALL_MC_BARRIER 0.713922 seconds
1461713670383	<INFO 7f0e9debe740> CORE::SHUT_DOWN_TIME_ALL_MC_BARRIER 0.014756 seconds
1461713670387	<INFO 7f0e9debe740> CORE::STREAM_SKIP_BEFORE_TIME_ALL_MC_BARRIER 23.4854 seconds
1461713670389	<INFO 7f0e9debe740> CORE::TAKE_CHECKPOINT_BEFORE_TIME_ALL_MC_BARRIER 0 seconds
1461713670392	<INFO 7f0e9debe740> CORE::TAKE_CHECKPOINT_COMPLETE_TIME_ALL_MC_BARRIER 0 seconds
1461713670395	<INFO 7f0e9debe740> CORE::METADATA_WRITE_COMPLETE_TIME_ALL_MC_BARRIER 0 seconds
1461713670398	<INFO 7f0e9debe740> CORE::STREAM_EOF_BEFORE_TIME_ALL_MC_BARRIER 0 seconds
1461713670401	<INFO 7f0e9debe740> CORE::STREAM_EOF_AFTER_TIME_ALL_MC_BARRIER 0 seconds
1461713670404	<INFO 7f0e9debe740> CORE::STATE_LOAD_TIME_ALL_MC_BARRIER 0 seconds
1461713670407	<INFO 7f0e9debe740> CORE::STATE_STORE_TIME_ALL_MC_BARRIER 0 seconds
1461713670410	<INFO 7f0e9debe740> CORE::PHASES 7
1461713670412	<INFO 7f0e9debe740> CORE::TIME::SETUP 3.32499 seconds
1461713670415	<INFO 7f0e9debe740> CORE::TIME::STATE_ITER 37.4979 seconds
1461713670417	<INFO 7f0e9debe740> CORE::TIME::GATHER 991.821 seconds
1461713670420	<INFO 7f0e9debe740> CORE::TIME::SCATTER 347.132 seconds
1461713670422	<INFO 7f0e9debe740> CORE::TIME::WALL 1431.29 seconds
1461713670425	<INFO 7f0e9debe740> SHUTDOWN
