1461712131645	<INFO 7ff0f7553740> 2016-04-27 01:08:51 STARTUP
1461712131649	<INFO 7ff0f7553740> CORE::GRAPH rmat-28_s8
1461712131653	<INFO 7ff0f7553740> CORE::ALGORITHM pagerank
1461712131656	<INFO 7ff0f7553740> CORE::VERTEX_STRIPING OFF
1461712131660	<INFO 7ff0f7553740> CORE::OPTIMIZED_STATE_LOAD_STORE OFF
1461712131664	<INFO 7ff0f7553740> CORE::BINARY_SEARCH_SUPER_PARTITION ON
1461712131668	<INFO 7ff0f7553740> CORE::SUPER_PARTITION_COMPUTED_FOR_EACH_SCATTER_GATHER_PHASE
1461712131672	<INFO 7ff0f7553740> CORE::EDGE_STRIPING ON
1461712131675	<INFO 7ff0f7553740> CORE::BATCH IO ON
1461712131679	<INFO 7ff0f7553740> 2016-04-27 01:08:51 Blocking memory amount 126701535232
1461712237025	<INFO 7ff0f7553740> 2016-04-27 01:10:37 Done blocking memory
1461712237029	<INFO 7ff0f7553740> SG-DRIVER-ORIGINAL
1461712237033	<INFO 7ff0f7553740> 2016-04-27 01:10:37 START read config parameters
1461712237036	<INFO 7ff0f7553740> PARTITIONING::OLD 0
1461712237040	<INFO 7ff0f7553740> PARTITIONING::BALANCED_PARTITIONS 0
1461712237044	<INFO 7ff0f7553740> CORE::CONFIG::PROCESSORS 8
1461712237048	<INFO 7ff0f7553740> CORE::CONFIG::PHYSICAL_MEMORY 2147483648
1461712237052	<INFO 7ff0f7553740> CORE::CONFIG::VERTICES 268435456
1461712237056	<INFO 7ff0f7553740> CORE::CONFIG::VERTEX_SIZE 12
1461712237060	<INFO 7ff0f7553740> CORE::CONFIG::VERTEX_BUFFER 1306428636
1461712237064	<INFO 7ff0f7553740> CORE::CONFIG::EDGES 536870912
1461712237067	<INFO 7ff0f7553740> CORE::CONFIG::PARTITIONS 64
1461712237071	<INFO 7ff0f7553740> CORE::CONFIG::FANOUT 64
1461712237075	<INFO 7ff0f7553740> CORE::CONFIG::SUPER_PARTITIONS 8
1461712237079	<INFO 7ff0f7553740> CORE::CONFIG::TILES 1
1461712237083	<INFO 7ff0f7553740> CORE::CONFIG::BUFFER_SIZE 168209876
1461712237087	<INFO 7ff0f7553740> CORE::CONFIG::MAX_BUFFERS 4
1461712237091	<INFO 7ff0f7553740> CORE::CONFIG::MAX_STREAMS 4
1461712237095	<INFO 7ff0f7553740> CORE::CONFIG::SUM_OF_OUT_DEGREES_FOR_NEW_PARTITIONS::FIRST_CONSTRAINT 0
1461712237099	<INFO 7ff0f7553740> CORE::CONFIG::MAX_EDGES_PER_NEW_PARTITION::SECOND_CONSTRAINT 0
1461712237103	<INFO 7ff0f7553740> SLIPSTREAM::EXT_MEM_SHUFFLE OFF
1461712237106	<INFO 7ff0f7553740> 2016-04-27 01:10:37 END read config parameters
1461712238805	<WARNING 7ff0f7553740> Unable to unlink file (stream.0.0.0):No such file or directory
1461712238808	<WARNING 7ff0f7553740> Unable to unlink file (stream.0.1.0):No such file or directory
1461712238812	<WARNING 7ff0f7553740> Unable to unlink file (stream.0.2.0):No such file or directory
1461712238816	<WARNING 7ff0f7553740> Unable to unlink file (stream.0.3.0):No such file or directory
1461712238820	<WARNING 7ff0f7553740> Unable to unlink file (stream.0.4.0):No such file or directory
1461712238823	<WARNING 7ff0f7553740> Unable to unlink file (stream.0.5.0):No such file or directory
1461712238827	<WARNING 7ff0f7553740> Unable to unlink file (stream.0.6.0):No such file or directory
1461712238831	<WARNING 7ff0f7553740> Unable to unlink file (stream.0.7.0):No such file or directory
1461712238835	<WARNING 7ff0f7553740> Unable to unlink file (stream.1.1.0):No such file or directory
1461712238838	<WARNING 7ff0f7553740> Unable to unlink file (stream.1.2.0):No such file or directory
1461712238842	<WARNING 7ff0f7553740> Unable to unlink file (stream.1.3.0):No such file or directory
1461712238845	<WARNING 7ff0f7553740> Unable to unlink file (stream.1.4.0):No such file or directory
1461712238849	<WARNING 7ff0f7553740> Unable to unlink file (stream.1.5.0):No such file or directory
1461712238852	<WARNING 7ff0f7553740> Unable to unlink file (stream.1.6.0):No such file or directory
1461712238855	<WARNING 7ff0f7553740> Unable to unlink file (stream.1.7.0):No such file or directory
1461712238859	<WARNING 7ff0f7553740> Unable to unlink file (stream.2.0.0):No such file or directory
1461712238862	<WARNING 7ff0f7553740> Unable to unlink file (stream.2.1.0):No such file or directory
1461712238865	<WARNING 7ff0f7553740> Unable to unlink file (stream.2.2.0):No such file or directory
1461712238868	<WARNING 7ff0f7553740> Unable to unlink file (stream.2.3.0):No such file or directory
1461712238872	<WARNING 7ff0f7553740> Unable to unlink file (stream.2.4.0):No such file or directory
1461712238875	<WARNING 7ff0f7553740> Unable to unlink file (stream.2.5.0):No such file or directory
1461712238878	<WARNING 7ff0f7553740> Unable to unlink file (stream.2.6.0):No such file or directory
1461712238882	<WARNING 7ff0f7553740> Unable to unlink file (stream.2.7.0):No such file or directory
1461712238885	<WARNING 7ff0f7553740> Unable to unlink file (stream.3.0.0):No such file or directory
1461712238888	<WARNING 7ff0f7553740> Unable to unlink file (stream.3.1.0):No such file or directory
1461712238892	<WARNING 7ff0f7553740> Unable to unlink file (stream.3.2.0):No such file or directory
1461712238896	<WARNING 7ff0f7553740> Unable to unlink file (stream.3.3.0):No such file or directory
1461712238899	<WARNING 7ff0f7553740> Unable to unlink file (stream.3.4.0):No such file or directory
1461712238903	<WARNING 7ff0f7553740> Unable to unlink file (stream.3.5.0):No such file or directory
1461712238906	<WARNING 7ff0f7553740> Unable to unlink file (stream.3.6.0):No such file or directory
1461712238909	<WARNING 7ff0f7553740> Unable to unlink file (stream.3.7.0):No such file or directory
1461712238911	<INFO 7ff0f7553740> SLIPSTORE::ZMQ_THREADS 2
1461712238915	<INFO 7ff0f7553740> SLIPSTORE::COMM Connecting to tcp://dco-node137-10g:5016
1461712238917	<INFO 7ff0f7553740> SLIPSTORE::COMM Connecting to tcp://dco-node138-10g:5034
1461712238921	<INFO 7ff0f7553740> SLIPSTORE::COMM Connecting to tcp://dco-node139-10g:5052
1461712238925	<INFO 7ff0f7553740> SLIPSTORE::COMM Connecting to tcp://dco-node140-10g:5070
1461712238928	<INFO 7ff0f7553740> SLIPSTORE::COMM Connecting to tcp://dco-node141-10g:5088
1461712238932	<INFO 7ff0f7553740> SLIPSTORE::COMM Connecting to tcp://dco-node142-10g:5106
1461712238935	<INFO 7ff0f7553740> SLIPSTORE::COMM Connecting to tcp://dco-node143-10g:5124
1461712238939	<INFO 7ff0f7553740> SLIPSTORE::COMM Connecting to tcp://dco-node144-10g:5142
1461712238942	<INFO 7ff0f7553740> SLIPSTORE::COMM Listening at tcp://ens1f0:5062
1461712238945	<INFO 7ff0f7553740> SLIPSTORE::COMM Listening at tcp://ens1f0:5063
1461712238947	<INFO 7ff0f7553740> SLIPSTORE::COMM Listening at tcp://ens1f0:5064
1461712238951	<INFO 7ff0f7553740> SLIPSTORE::COMM Listening at ipc://client
1461712238954	<INFO 7ff0f7553740> SLIPSTORE::COMM Listening at tcp://ens1f0:5066
1461712238958	<INFO 7ff0f7553740> SLIPSTORE::COMM Listening at tcp://ens1f0:5067
1461712238961	<INFO 7ff0f7553740> SLIPSTORE::COMM Listening at tcp://ens1f0:5068
1461712238964	<INFO 7ff0f7553740> SLIPSTORE::COMM Listening at tcp://ens1f0:5069
1461712238966	<INFO 7ff0f7553740> SLIPSTORE::COMM Connecting to tcp://dco-node137-10g:5016
1461712238968	<INFO 7ff0f7553740> SLIPSTORE::COMM Connecting to tcp://dco-node138-10g:5034
1461712238973	<INFO 7ff0f7553740> SLIPSTORE::COMM Connecting to tcp://dco-node139-10g:5052
1461712238976	<INFO 7ff0f7553740> SLIPSTORE::COMM Connecting to tcp://dco-node140-10g:5070
1461712238981	<INFO 7ff0f7553740> SLIPSTORE::COMM Connecting to tcp://dco-node141-10g:5088
1461712238985	<INFO 7ff0f7553740> SLIPSTORE::COMM Connecting to tcp://dco-node142-10g:5106
1461712238988	<INFO 7ff0f7553740> SLIPSTORE::COMM Connecting to tcp://dco-node143-10g:5124
1461712238992	<INFO 7ff0f7553740> SLIPSTORE::COMM Connecting to tcp://dco-node144-10g:5142
1461712238994	<INFO 7ff0f7553740> SLIPSTORE::COMM Connecting to tcp://dco-node137-10g:5003
1461712238997	<INFO 7ff0f7553740> SLIPSTORE::COMM Connecting to tcp://dco-node138-10g:5021
1461712239000	<INFO 7ff0f7553740> SLIPSTORE::COMM Connecting to tcp://dco-node139-10g:5039
1461712239002	<INFO 7ff0f7553740> SLIPSTORE::COMM Connecting to ipc://server
1461712239004	<INFO 7ff0f7553740> SLIPSTORE::COMM Connecting to tcp://dco-node141-10g:5075
1461712239008	<INFO 7ff0f7553740> SLIPSTORE::COMM Connecting to tcp://dco-node142-10g:5093
1461712239011	<INFO 7ff0f7553740> SLIPSTORE::COMM Connecting to tcp://dco-node143-10g:5111
1461712239013	<INFO 7ff0f7553740> SLIPSTORE::COMM Connecting to tcp://dco-node144-10g:5129
1461712239016	<INFO 7ff0f7553740> SLIPSTORE::COMM Connecting to tcp://dco-node141-10g:5089
1461712239019	<INFO 7ff0f7553740> SLIPSTORE::COMM Listening at tcp://ens1f0:5071
1461712239022	<INFO 7ff0f7553740> SLIPSTORE::COMM Connecting to tcp://dco-node140-10g:5070
1461712239026	<INFO 7ff0f7553740> SLIPSTORE::HELP_POLICY NONE
1461712239030	<INFO 7ff0f7553740> SLIPSTORE::SERVER ASYNC
1461712239034	<INFO 7ff0f7553740> SLIPSTORE::MACHINES 8
1461712239038	<INFO 7ff0f7553740> SLIPSTORE::ME 3
1461712239041	<INFO 7ff0f7553740> SLIPSTORE::SLIPCHUNK 4194304
1461712239045	<INFO 7ff0f7553740> SLIPSTORE::QUOTA 18446744073709551615
1461712239047	<INFO 7ff0f7553740> SLIPSTORE::IO PAGECACHE
1461712239050	<INFO 7fd2e13f5700> SLIPSTORE::COMM Listening at tcp://ens1f0:5070
1461712239053	<INFO 7fd2e13f5700> SLIPSTORE::COMM Listening at tcp://ens1f0:5054
1461712239056	<INFO 7fd2e13f5700> SLIPSTORE::COMM Connecting to tcp://dco-node137-10g:5011
1461712239058	<INFO 7fd2e13f5700> SLIPSTORE::COMM Listening at tcp://ens1f0:5055
1461712239061	<INFO 7fd2e13f5700> SLIPSTORE::COMM Connecting to tcp://dco-node138-10g:5029
1461712239063	<INFO 7fd2e13f5700> SLIPSTORE::COMM Listening at tcp://ens1f0:5056
1461712239066	<INFO 7fd2e13f5700> SLIPSTORE::COMM Connecting to tcp://dco-node139-10g:5047
1461712239069	<INFO 7fd2e13f5700> SLIPSTORE::COMM Listening at ipc://server
1461712239073	<INFO 7fd2e13f5700> SLIPSTORE::COMM Connecting to ipc://client
1461712239076	<INFO 7fd2e13f5700> SLIPSTORE::COMM Listening at tcp://ens1f0:5058
1461712239079	<INFO 7fd2e13f5700> SLIPSTORE::COMM Connecting to tcp://dco-node141-10g:5083
1461712239081	<INFO 7fd2e13f5700> SLIPSTORE::COMM Listening at tcp://ens1f0:5059
1461712239084	<INFO 7fd2e13f5700> SLIPSTORE::COMM Connecting to tcp://dco-node142-10g:5101
1461712239086	<INFO 7fd2e13f5700> SLIPSTORE::COMM Listening at tcp://ens1f0:5060
1461712239088	<INFO 7fd2e13f5700> SLIPSTORE::COMM Connecting to tcp://dco-node143-10g:5119
1461712239091	<INFO 7fd2e13f5700> SLIPSTORE::COMM Listening at tcp://ens1f0:5061
1461712239094	<INFO 7fd2e13f5700> SLIPSTORE::COMM Connecting to tcp://dco-node144-10g:5137
1461712241350	<INFO 7ff0f7553740> SLIPSTORE::CHECKPOINTS NONE FOUND
1461712241353	<INFO 7ff0f7553740> 2016-04-27 01:10:41 Start edge split
1461712292559	<INFO 7ff0f7553740> 2016-04-27 01:11:32 Completed init
1461712298259	<INFO 7ff0f7553740> 2016-04-27 01:11:38 Started gather
1461712299543	<INFO 7ff0f7553740> 2016-04-27 01:11:39 Completed gather
1461712307927	<INFO 7ff0f7553740> 2016-04-27 01:11:47 Started scatter
1461712337886	<INFO 7ff0f7553740> 2016-04-27 01:12:17 Completed scatter
1461712340810	<INFO 7ff0f7553740> 2016-04-27 01:12:20 Completed phase 1 Bytes read 13445222064 Bytes written 7002771120
1461712350360	<INFO 7ff0f7553740> 2016-04-27 01:12:30 Started gather
1461712351549	<INFO 7ff0f7553740> 2016-04-27 01:12:31 Completed gather
1461712360070	<INFO 7ff0f7553740> 2016-04-27 01:12:40 Started gather
1461712414324	<INFO 7ff0f7553740> 2016-04-27 01:13:34 Completed gather
1461712427560	<INFO 7ff0f7553740> 2016-04-27 01:13:47 Completed phase 2 Bytes read 20706158340 Bytes written 12046109340
1461712436691	<INFO 7ff0f7553740> 2016-04-27 01:13:56 Started gather
1461712460370	<INFO 7ff0f7553740> 2016-04-27 01:14:20 Completed gather
1461712624165	<INFO 7ff0f7553740> 2016-04-27 01:17:04 Started scatter
1461712670757	<INFO 7ff0f7553740> 2016-04-27 01:17:50 Completed scatter
1461712673205	<INFO 7ff0f7553740> 2016-04-27 01:17:53 Completed phase 3 Bytes read 32235937368 Bytes written 16710000908
1461712682006	<INFO 7ff0f7553740> 2016-04-27 01:18:02 Started gather
1461712704233	<INFO 7ff0f7553740> 2016-04-27 01:18:24 Completed gather
1461712880207	<INFO 7ff0f7553740> 2016-04-27 01:21:20 Started scatter
1461712926080	<INFO 7ff0f7553740> 2016-04-27 01:22:06 Completed scatter
1461712930164	<INFO 7ff0f7553740> 2016-04-27 01:22:10 Completed phase 4 Bytes read 43644434900 Bytes written 21460099252
1461712938929	<INFO 7ff0f7553740> 2016-04-27 01:22:18 Started gather
1461712961228	<INFO 7ff0f7553740> 2016-04-27 01:22:41 Completed gather
1461713125288	<INFO 7ff0f7553740> 2016-04-27 01:25:25 Started scatter
1461713171862	<INFO 7ff0f7553740> 2016-04-27 01:26:11 Completed scatter
1461713173997	<INFO 7ff0f7553740> 2016-04-27 01:26:13 Completed phase 5 Bytes read 55139139208 Bytes written 26157592532
1461713183827	<INFO 7ff0f7553740> 2016-04-27 01:26:23 Started gather
1461713205965	<INFO 7ff0f7553740> 2016-04-27 01:26:45 Completed gather
1461713371702	<INFO 7ff0f7553740> 2016-04-27 01:29:31 Started scatter
1461713417005	<INFO 7ff0f7553740> 2016-04-27 01:30:17 Completed scatter
1461713421148	<INFO 7ff0f7553740> 2016-04-27 01:30:21 Completed phase 6 Bytes read 66581238452 Bytes written 30913058060
1461713430486	<INFO 7ff0f7553740> 2016-04-27 01:30:30 Started gather
1461713454986	<INFO 7ff0f7553740> 2016-04-27 01:30:54 Completed gather
1461713619573	<INFO 7ff0f7553740> 2016-04-27 01:33:39 Started scatter
1461713665710	<INFO 7ff0f7553740> 2016-04-27 01:34:25 Completed scatter
1461713669309	<INFO 7ff0f7553740> 2016-04-27 01:34:29 Completed phase 7 Bytes read 78081309944 Bytes written 35624753852
1461713669311	<INFO 7ff0f7553740> CORE::PARTITIONS_PROCESSED 1326
1461713669314	<INFO 7ff0f7553740> CORE::BYTES::EDGES_STREAMED 5571609012
1461713669316	<INFO 7ff0f7553740> CORE::BYTES::UPDATES_OUT 3214458312
1461713669318	<INFO 7ff0f7553740> CORE::BYTES::UPDATES_IN 2635025792
1461713669320	<INFO 7fd2ce7fc700> CORE::PARTITIONS_PROCESSED 896
1461713669323	<INFO 7fd2ce7fc700> CORE::BYTES::EDGES_STREAMED 5235546996
1461713669325	<INFO 7fd2ce7fc700> CORE::BYTES::UPDATES_OUT 2975011704
1461713669327	<INFO 7fd2ce7fc700> CORE::BYTES::UPDATES_IN 2538025672
1461713669330	<INFO 7fd2ceffd700> CORE::PARTITIONS_PROCESSED 834
1461713669332	<INFO 7fd2cd7fa700> CORE::PARTITIONS_PROCESSED 631
1461713669335	<INFO 7fd2cdffb700> CORE::PARTITIONS_PROCESSED 1890
1461713669337	<INFO 7fd2ccff9700> CORE::PARTITIONS_PROCESSED 1326
1461713669339	<INFO 7fd2cf7fe700> CORE::PARTITIONS_PROCESSED 135
1461713669342	<INFO 7fd2cffff700> CORE::PARTITIONS_PROCESSED 1602
1461713669344	<INFO 7fd2cd7fa700> CORE::BYTES::EDGES_STREAMED 5215241376
1461713669346	<INFO 7fd2ceffd700> CORE::BYTES::EDGES_STREAMED 5172651840
1461713669348	<INFO 7fd2ceffd700> CORE::BYTES::UPDATES_OUT 2968346856
1461713669351	<INFO 7fd2ccff9700> CORE::BYTES::EDGES_STREAMED 5664911136
1461713669353	<INFO 7fd2cd7fa700> CORE::BYTES::UPDATES_OUT 2971497928
1461713669355	<INFO 7fd2cf7fe700> CORE::BYTES::EDGES_STREAMED 7805456976
1461713669358	<INFO 7fd2cdffb700> CORE::BYTES::EDGES_STREAMED 4871682960
1461713669360	<INFO 7fd2cffff700> CORE::BYTES::EDGES_STREAMED 6566181516
1461713669362	<INFO 7fd2ccff9700> CORE::BYTES::UPDATES_OUT 3262392688
1461713669365	<INFO 7fd2cd7fa700> CORE::BYTES::UPDATES_IN 2533377248
1461713669367	<INFO 7fd2ceffd700> CORE::BYTES::UPDATES_IN 2469119232
1461713669369	<INFO 7fd2cf7fe700> CORE::BYTES::UPDATES_OUT 4418866016
1461713669372	<INFO 7fd2cdffb700> CORE::BYTES::UPDATES_OUT 2793384144
1461713669374	<INFO 7fd2cffff700> CORE::BYTES::UPDATES_OUT 3740774816
1461713669376	<INFO 7fd2cf7fe700> CORE::BYTES::UPDATES_IN 4230881160
1461713669379	<INFO 7fd2ccff9700> CORE::BYTES::UPDATES_IN 2633342608
1461713669381	<INFO 7fd2cdffb700> CORE::BYTES::UPDATES_IN 2364634064
1461713669383	<INFO 7fd2cffff700> CORE::BYTES::UPDATES_IN 2549445864
1461713669386	<INFO 7fd2e13f5700> SLIPSTORE service is exiting
1461713669388	<INFO 7fd2e13f5700> SLIPSTORE::HELP_OFFERS_RECVD 98
1461713669390	<INFO 7fd2e13f5700> SLIPSTORE::HELP_OFFERS_ACCEPTED 0
1461713669392	<INFO 7fd2e13f5700> SLIPSTORE::HELP_ACCEPTANCE_RATIO 0
1461713669395	<INFO 7fd2e13f5700> SLIPSTORE::SERVER_BUSY_DISK  452.558 seconds
1461713669397	<INFO 7fd2e13f5700> SLIPSTORE::SERVER_BUSY_MEM  0 seconds
1461713669400	<INFO 7fd2e13f5700> SLIPSTORE::SERVER_TOTAL  1430.49 seconds
1461713669402	<INFO 7ff0f7553740> SLIPSTORE::CLIENT::DISK_READ_TIME  360.596 seconds
1461713669405	<INFO 7ff0f7553740> SLIPSTORE::CLIENT::MEM_READ_TIME  0 seconds
1461713669407	<INFO 7ff0f7553740> SLIPSTORE::CLIENT::DISK_BYTES_READ 79667075672
1461713669409	<INFO 7ff0f7553740> SLIPSTORE::CLIENT::MEM_BYTES_READ 0
1461713669412	<INFO 7ff0f7553740> SLIPSTORE::CLIENT::WRITE_TIME  152.256 seconds
1461713669414	<INFO 7ff0f7553740> SLIPSTORE::CLIENT::BYTES_WRITTEN 3872477340
1461713669416	<INFO 7ff0f7553740> SLIPSTORE::CLIENT_BUSY  512.852 seconds
1461713669419	<INFO 7ff0f7553740> SLIPSTORE::IO::TIME 423.407 seconds
1461713669421	<INFO 7ff0f7553740> SLIPSTORE::SNAP::TIME 0 seconds
1461713669424	<INFO 7ff0f7553740> SLIPSTORE::MAX_DISK_USAGE_BYTES 11013448716
1461713670650	<INFO 7ff0f7553740> CORE::RUSAGE::MAX_RSS_KB 125956968
1461713670654	<INFO 7ff0f7553740> CORE::RUSAGE::MINFLT 35691249
1461713670658	<INFO 7ff0f7553740> CORE::RUSAGE::MAJFLT 43
1461713670662	<INFO 7ff0f7553740> CORE::RUSAGE::MAJFLT 43
1461713670665	<INFO 7ff0f7553740> CORE::RUSAGE::INBLK 141646480
1461713670669	<INFO 7ff0f7553740> CORE::RUSAGE::OUBLK 69580472
1461713670673	<INFO 7ff0f7553740> CORE::UTILS::BYTES_READ 78081309944
1461713670677	<INFO 7ff0f7553740> CORE::UTILS::BYTES_WRITTEN 35624753852
1461713670680	<INFO 7ff0f7553740> CORE::UTILS::TILE_COPY_BYTES 5163303120
1461713670684	<INFO 7ff0f7553740> CORE::TIME::IO_WAIT 339.783 seconds
1461713670688	<INFO 7ff0f7553740> CORE::TIME_TILE_COPY 0 seconds
1461713670692	<INFO 7ff0f7553740> CORE::TIME_TILE_MERGE 0 seconds
1461713670695	<INFO 7ff0f7553740> CORE::TIME_PROCESSING_STOLEN 0 seconds
1461713670699	<INFO 7ff0f7553740> CORE::TIME_MERGE_WAIT 0 seconds
1461713670702	<INFO 7ff0f7553740> CORE::OTHER_TIME_ALL_MC_BARRIER 0 seconds
1461713670707	<INFO 7ff0f7553740> CORE::SCATTER_TIME_ALL_MC_BARRIER 17.2783 seconds
1461713670710	<INFO 7ff0f7553740> CORE::GATHER_TIME_ALL_MC_BARRIER 13.1679 seconds
1461713670714	<INFO 7ff0f7553740> CORE::INIT_TIME_ALL_MC_BARRIER 2.76143 seconds
1461713670718	<INFO 7ff0f7553740> CORE::SHUT_DOWN_TIME_ALL_MC_BARRIER 0.014675 seconds
1461713670721	<INFO 7ff0f7553740> CORE::STREAM_SKIP_BEFORE_TIME_ALL_MC_BARRIER 36.4814 seconds
1461713670725	<INFO 7ff0f7553740> CORE::TAKE_CHECKPOINT_BEFORE_TIME_ALL_MC_BARRIER 0 seconds
1461713670729	<INFO 7ff0f7553740> CORE::TAKE_CHECKPOINT_COMPLETE_TIME_ALL_MC_BARRIER 0 seconds
1461713670733	<INFO 7ff0f7553740> CORE::METADATA_WRITE_COMPLETE_TIME_ALL_MC_BARRIER 0 seconds
1461713670736	<INFO 7ff0f7553740> CORE::STREAM_EOF_BEFORE_TIME_ALL_MC_BARRIER 0 seconds
1461713670740	<INFO 7ff0f7553740> CORE::STREAM_EOF_AFTER_TIME_ALL_MC_BARRIER 0 seconds
1461713670744	<INFO 7ff0f7553740> CORE::STATE_LOAD_TIME_ALL_MC_BARRIER 0 seconds
1461713670748	<INFO 7ff0f7553740> CORE::STATE_STORE_TIME_ALL_MC_BARRIER 0 seconds
1461713670751	<INFO 7ff0f7553740> CORE::PHASES 7
1461713670755	<INFO 7ff0f7553740> CORE::TIME::SETUP 5.66419 seconds
1461713670759	<INFO 7ff0f7553740> CORE::TIME::STATE_ITER 24.5018 seconds
1461713670763	<INFO 7ff0f7553740> CORE::TIME::GATHER 1004.82 seconds
1461713670767	<INFO 7ff0f7553740> CORE::TIME::SCATTER 347.132 seconds
1461713670770	<INFO 7ff0f7553740> CORE::TIME::WALL 1433.63 seconds
1461713670774	<INFO 7ff0f7553740> SHUTDOWN
