1461712131642	<INFO 7f754c5ad740> 2016-04-27 01:08:51 STARTUP
1461712131646	<INFO 7f754c5ad740> CORE::GRAPH rmat-28_s8
1461712131650	<INFO 7f754c5ad740> CORE::ALGORITHM pagerank
1461712131654	<INFO 7f754c5ad740> CORE::VERTEX_STRIPING OFF
1461712131657	<INFO 7f754c5ad740> CORE::OPTIMIZED_STATE_LOAD_STORE OFF
1461712131661	<INFO 7f754c5ad740> CORE::BINARY_SEARCH_SUPER_PARTITION ON
1461712131665	<INFO 7f754c5ad740> CORE::SUPER_PARTITION_COMPUTED_FOR_EACH_SCATTER_GATHER_PHASE
1461712131669	<INFO 7f754c5ad740> CORE::EDGE_STRIPING ON
1461712131672	<INFO 7f754c5ad740> CORE::BATCH IO ON
1461712131676	<INFO 7f754c5ad740> 2016-04-27 01:08:51 Blocking memory amount 126701535232
1461712238321	<INFO 7f754c5ad740> 2016-04-27 01:10:38 Done blocking memory
1461712238324	<INFO 7f754c5ad740> SG-DRIVER-ORIGINAL
1461712238328	<INFO 7f754c5ad740> 2016-04-27 01:10:38 START read config parameters
1461712238332	<INFO 7f754c5ad740> PARTITIONING::OLD 0
1461712238335	<INFO 7f754c5ad740> PARTITIONING::BALANCED_PARTITIONS 0
1461712238339	<INFO 7f754c5ad740> CORE::CONFIG::PROCESSORS 8
1461712238343	<INFO 7f754c5ad740> CORE::CONFIG::PHYSICAL_MEMORY 2147483648
1461712238347	<INFO 7f754c5ad740> CORE::CONFIG::VERTICES 268435456
1461712238351	<INFO 7f754c5ad740> CORE::CONFIG::VERTEX_SIZE 12
1461712238355	<INFO 7f754c5ad740> CORE::CONFIG::VERTEX_BUFFER 1306428636
1461712238358	<INFO 7f754c5ad740> CORE::CONFIG::EDGES 536870912
1461712238362	<INFO 7f754c5ad740> CORE::CONFIG::PARTITIONS 64
1461712238366	<INFO 7f754c5ad740> CORE::CONFIG::FANOUT 64
1461712238370	<INFO 7f754c5ad740> CORE::CONFIG::SUPER_PARTITIONS 8
1461712238373	<INFO 7f754c5ad740> CORE::CONFIG::TILES 1
1461712238377	<INFO 7f754c5ad740> CORE::CONFIG::BUFFER_SIZE 168209876
1461712238381	<INFO 7f754c5ad740> CORE::CONFIG::MAX_BUFFERS 4
1461712238384	<INFO 7f754c5ad740> CORE::CONFIG::MAX_STREAMS 4
1461712238388	<INFO 7f754c5ad740> CORE::CONFIG::SUM_OF_OUT_DEGREES_FOR_NEW_PARTITIONS::FIRST_CONSTRAINT 0
1461712238392	<INFO 7f754c5ad740> CORE::CONFIG::MAX_EDGES_PER_NEW_PARTITION::SECOND_CONSTRAINT 0
1461712238396	<INFO 7f754c5ad740> SLIPSTREAM::EXT_MEM_SHUFFLE OFF
1461712238400	<INFO 7f754c5ad740> 2016-04-27 01:10:38 END read config parameters
1461712240120	<WARNING 7f754c5ad740> Unable to unlink file (stream.0.0.0):No such file or directory
1461712240124	<WARNING 7f754c5ad740> Unable to unlink file (stream.0.1.0):No such file or directory
1461712240128	<WARNING 7f754c5ad740> Unable to unlink file (stream.0.2.0):No such file or directory
1461712240131	<WARNING 7f754c5ad740> Unable to unlink file (stream.0.3.0):No such file or directory
1461712240135	<WARNING 7f754c5ad740> Unable to unlink file (stream.0.4.0):No such file or directory
1461712240139	<WARNING 7f754c5ad740> Unable to unlink file (stream.0.5.0):No such file or directory
1461712240143	<WARNING 7f754c5ad740> Unable to unlink file (stream.0.6.0):No such file or directory
1461712240147	<WARNING 7f754c5ad740> Unable to unlink file (stream.0.7.0):No such file or directory
1461712240151	<WARNING 7f754c5ad740> Unable to unlink file (stream.1.1.0):No such file or directory
1461712240154	<WARNING 7f754c5ad740> Unable to unlink file (stream.1.2.0):No such file or directory
1461712240158	<WARNING 7f754c5ad740> Unable to unlink file (stream.1.3.0):No such file or directory
1461712240162	<WARNING 7f754c5ad740> Unable to unlink file (stream.1.4.0):No such file or directory
1461712240166	<WARNING 7f754c5ad740> Unable to unlink file (stream.1.5.0):No such file or directory
1461712240170	<WARNING 7f754c5ad740> Unable to unlink file (stream.1.6.0):No such file or directory
1461712240174	<WARNING 7f754c5ad740> Unable to unlink file (stream.1.7.0):No such file or directory
1461712240178	<WARNING 7f754c5ad740> Unable to unlink file (stream.2.0.0):No such file or directory
1461712240182	<WARNING 7f754c5ad740> Unable to unlink file (stream.2.1.0):No such file or directory
1461712240186	<WARNING 7f754c5ad740> Unable to unlink file (stream.2.2.0):No such file or directory
1461712240190	<WARNING 7f754c5ad740> Unable to unlink file (stream.2.3.0):No such file or directory
1461712240194	<WARNING 7f754c5ad740> Unable to unlink file (stream.2.4.0):No such file or directory
1461712240198	<WARNING 7f754c5ad740> Unable to unlink file (stream.2.5.0):No such file or directory
1461712240201	<WARNING 7f754c5ad740> Unable to unlink file (stream.2.6.0):No such file or directory
1461712240206	<WARNING 7f754c5ad740> Unable to unlink file (stream.2.7.0):No such file or directory
1461712240210	<WARNING 7f754c5ad740> Unable to unlink file (stream.3.0.0):No such file or directory
1461712240213	<WARNING 7f754c5ad740> Unable to unlink file (stream.3.1.0):No such file or directory
1461712240217	<WARNING 7f754c5ad740> Unable to unlink file (stream.3.2.0):No such file or directory
1461712240220	<WARNING 7f754c5ad740> Unable to unlink file (stream.3.3.0):No such file or directory
1461712240223	<WARNING 7f754c5ad740> Unable to unlink file (stream.3.4.0):No such file or directory
1461712240227	<WARNING 7f754c5ad740> Unable to unlink file (stream.3.5.0):No such file or directory
1461712240230	<WARNING 7f754c5ad740> Unable to unlink file (stream.3.6.0):No such file or directory
1461712240234	<WARNING 7f754c5ad740> Unable to unlink file (stream.3.7.0):No such file or directory
1461712240238	<INFO 7f754c5ad740> SLIPSTORE::ZMQ_THREADS 2
1461712240241	<INFO 7f754c5ad740> SLIPSTORE::COMM Connecting to tcp://dco-node137-10g:5016
1461712240245	<INFO 7f754c5ad740> SLIPSTORE::COMM Connecting to tcp://dco-node138-10g:5034
1461712240249	<INFO 7f754c5ad740> SLIPSTORE::COMM Connecting to tcp://dco-node139-10g:5052
1461712240252	<INFO 7f754c5ad740> SLIPSTORE::COMM Connecting to tcp://dco-node140-10g:5070
1461712240256	<INFO 7f754c5ad740> SLIPSTORE::COMM Connecting to tcp://dco-node141-10g:5088
1461712240259	<INFO 7f754c5ad740> SLIPSTORE::COMM Connecting to tcp://dco-node142-10g:5106
1461712240263	<INFO 7f754c5ad740> SLIPSTORE::COMM Connecting to tcp://dco-node143-10g:5124
1461712240265	<INFO 7f754c5ad740> SLIPSTORE::COMM Connecting to tcp://dco-node144-10g:5142
1461712240269	<INFO 7f754c5ad740> SLIPSTORE::COMM Listening at tcp://ens1f0:5134
1461712240272	<INFO 7f754c5ad740> SLIPSTORE::COMM Listening at tcp://ens1f0:5135
1461712240275	<INFO 7f754c5ad740> SLIPSTORE::COMM Listening at tcp://ens1f0:5136
1461712240278	<INFO 7f754c5ad740> SLIPSTORE::COMM Listening at tcp://ens1f0:5137
1461712240281	<INFO 7f754c5ad740> SLIPSTORE::COMM Listening at tcp://ens1f0:5138
1461712240283	<INFO 7f754c5ad740> SLIPSTORE::COMM Listening at tcp://ens1f0:5139
1461712240286	<INFO 7f754c5ad740> SLIPSTORE::COMM Listening at tcp://ens1f0:5140
1461712240289	<INFO 7f754c5ad740> SLIPSTORE::COMM Listening at ipc://client
1461712240292	<INFO 7f754c5ad740> SLIPSTORE::COMM Connecting to tcp://dco-node137-10g:5016
1461712240296	<INFO 7f754c5ad740> SLIPSTORE::COMM Connecting to tcp://dco-node138-10g:5034
1461712240299	<INFO 7f754c5ad740> SLIPSTORE::COMM Connecting to tcp://dco-node139-10g:5052
1461712240303	<INFO 7f754c5ad740> SLIPSTORE::COMM Connecting to tcp://dco-node140-10g:5070
1461712240306	<INFO 7f754c5ad740> SLIPSTORE::COMM Connecting to tcp://dco-node141-10g:5088
1461712240308	<INFO 7f754c5ad740> SLIPSTORE::COMM Connecting to tcp://dco-node142-10g:5106
1461712240312	<INFO 7f754c5ad740> SLIPSTORE::COMM Connecting to tcp://dco-node143-10g:5124
1461712240316	<INFO 7f754c5ad740> SLIPSTORE::COMM Connecting to tcp://dco-node144-10g:5142
1461712240319	<INFO 7f754c5ad740> SLIPSTORE::COMM Connecting to tcp://dco-node137-10g:5007
1461712240322	<INFO 7f754c5ad740> SLIPSTORE::COMM Connecting to tcp://dco-node138-10g:5025
1461712240328	<INFO 7f754c5ad740> SLIPSTORE::COMM Connecting to tcp://dco-node139-10g:5043
1461712240332	<INFO 7f754c5ad740> SLIPSTORE::COMM Connecting to tcp://dco-node140-10g:5061
1461712240335	<INFO 7f754c5ad740> SLIPSTORE::COMM Connecting to tcp://dco-node141-10g:5079
1461712240338	<INFO 7f754c5ad740> SLIPSTORE::COMM Connecting to tcp://dco-node142-10g:5097
1461712240343	<INFO 7f754c5ad740> SLIPSTORE::COMM Connecting to tcp://dco-node143-10g:5115
1461712240346	<INFO 7f754c5ad740> SLIPSTORE::COMM Connecting to ipc://server
1461712240349	<INFO 7f754c5ad740> SLIPSTORE::COMM Connecting to tcp://dco-node137-10g:5017
1461712240352	<INFO 7f754c5ad740> SLIPSTORE::COMM Listening at tcp://ens1f0:5143
1461712240355	<INFO 7f754c5ad740> SLIPSTORE::COMM Connecting to tcp://dco-node144-10g:5142
1461712240358	<INFO 7f754c5ad740> SLIPSTORE::HELP_POLICY NONE
1461712240361	<INFO 7f754c5ad740> SLIPSTORE::SERVER ASYNC
1461712240363	<INFO 7f754c5ad740> SLIPSTORE::MACHINES 8
1461712240366	<INFO 7f754c5ad740> SLIPSTORE::ME 7
1461712240369	<INFO 7f754c5ad740> SLIPSTORE::SLIPCHUNK 4194304
1461712240373	<INFO 7f754c5ad740> SLIPSTORE::QUOTA 18446744073709551615
1461712240376	<INFO 7f754c5ad740> SLIPSTORE::IO PAGECACHE
1461712240380	<INFO 7f572e3f8700> SLIPSTORE::COMM Listening at tcp://ens1f0:5142
1461712240383	<INFO 7f572e3f8700> SLIPSTORE::COMM Listening at tcp://ens1f0:5126
1461712240387	<INFO 7f572e3f8700> SLIPSTORE::COMM Connecting to tcp://dco-node137-10g:5015
1461712240391	<INFO 7f572e3f8700> SLIPSTORE::COMM Listening at tcp://ens1f0:5127
1461712240394	<INFO 7f572e3f8700> SLIPSTORE::COMM Connecting to tcp://dco-node138-10g:5033
1461712240398	<INFO 7f572e3f8700> SLIPSTORE::COMM Listening at tcp://ens1f0:5128
1461712240402	<INFO 7f572e3f8700> SLIPSTORE::COMM Connecting to tcp://dco-node139-10g:5051
1461712240405	<INFO 7f572e3f8700> SLIPSTORE::COMM Listening at tcp://ens1f0:5129
1461712240407	<INFO 7f572e3f8700> SLIPSTORE::COMM Connecting to tcp://dco-node140-10g:5069
1461712240410	<INFO 7f572e3f8700> SLIPSTORE::COMM Listening at tcp://ens1f0:5130
1461712240414	<INFO 7f572e3f8700> SLIPSTORE::COMM Connecting to tcp://dco-node141-10g:5087
1461712240417	<INFO 7f572e3f8700> SLIPSTORE::COMM Listening at tcp://ens1f0:5131
1461712240421	<INFO 7f572e3f8700> SLIPSTORE::COMM Connecting to tcp://dco-node142-10g:5105
1461712240424	<INFO 7f572e3f8700> SLIPSTORE::COMM Listening at tcp://ens1f0:5132
1461712240426	<INFO 7f572e3f8700> SLIPSTORE::COMM Connecting to tcp://dco-node143-10g:5123
1461712240428	<INFO 7f572e3f8700> SLIPSTORE::COMM Listening at ipc://server
1461712240432	<INFO 7f572e3f8700> SLIPSTORE::COMM Connecting to ipc://client
1461712241350	<INFO 7f754c5ad740> SLIPSTORE::CHECKPOINTS NONE FOUND
1461712241353	<INFO 7f754c5ad740> 2016-04-27 01:10:41 Start edge split
1461712292560	<INFO 7f754c5ad740> 2016-04-27 01:11:32 Completed init
1461712298260	<INFO 7f754c5ad740> 2016-04-27 01:11:38 Started gather
1461712307885	<INFO 7f754c5ad740> 2016-04-27 01:11:47 Completed gather
1461712307927	<INFO 7f754c5ad740> 2016-04-27 01:11:47 Started scatter
1461712340788	<INFO 7f754c5ad740> 2016-04-27 01:12:20 Completed scatter
1461712340811	<INFO 7f754c5ad740> 2016-04-27 01:12:20 Completed phase 1 Bytes read 15596671428 Bytes written 9154220484
1461712350361	<INFO 7f754c5ad740> 2016-04-27 01:12:30 Started gather
1461712360019	<INFO 7f754c5ad740> 2016-04-27 01:12:40 Completed gather
1461712360070	<INFO 7f754c5ad740> 2016-04-27 01:12:40 Started gather
1461712427506	<INFO 7f754c5ad740> 2016-04-27 01:13:47 Completed gather
1461712427560	<INFO 7f754c5ad740> 2016-04-27 01:13:47 Completed phase 2 Bytes read 26057320548 Bytes written 16972039856
1461712436692	<INFO 7f754c5ad740> 2016-04-27 01:13:56 Started gather
1461712470471	<INFO 7f754c5ad740> 2016-04-27 01:14:30 Completed gather
1461712624165	<INFO 7f754c5ad740> 2016-04-27 01:17:04 Started scatter
1461712673167	<INFO 7f754c5ad740> 2016-04-27 01:17:53 Completed scatter
1461712673205	<INFO 7f754c5ad740> 2016-04-27 01:17:53 Completed phase 3 Bytes read 40416503132 Bytes written 23893583536
1461712682007	<INFO 7f754c5ad740> 2016-04-27 01:18:02 Started gather
1461712715458	<INFO 7f754c5ad740> 2016-04-27 01:18:35 Completed gather
1461712880207	<INFO 7f754c5ad740> 2016-04-27 01:21:20 Started scatter
1461712930132	<INFO 7f754c5ad740> 2016-04-27 01:22:10 Completed scatter
1461712930164	<INFO 7f754c5ad740> 2016-04-27 01:22:10 Completed phase 4 Bytes read 55185838660 Bytes written 30824009200
1461712938929	<INFO 7f754c5ad740> 2016-04-27 01:22:18 Started gather
1461712972351	<INFO 7f754c5ad740> 2016-04-27 01:22:52 Completed gather
1461713125288	<INFO 7f754c5ad740> 2016-04-27 01:25:25 Started scatter
1461713173959	<INFO 7f754c5ad740> 2016-04-27 01:26:13 Completed scatter
1461713173997	<INFO 7f754c5ad740> 2016-04-27 01:26:13 Completed phase 5 Bytes read 69964056172 Bytes written 37693308200
1461713183827	<INFO 7f754c5ad740> 2016-04-27 01:26:23 Started gather
1461713218165	<INFO 7f754c5ad740> 2016-04-27 01:26:58 Completed gather
1461713371702	<INFO 7f754c5ad740> 2016-04-27 01:29:31 Started scatter
1461713421116	<INFO 7f754c5ad740> 2016-04-27 01:30:21 Completed scatter
1461713421148	<INFO 7f754c5ad740> 2016-04-27 01:30:21 Completed phase 6 Bytes read 84681147020 Bytes written 44484461784
1461713430487	<INFO 7f754c5ad740> 2016-04-27 01:30:30 Started gather
1461713464736	<INFO 7f754c5ad740> 2016-04-27 01:31:04 Completed gather
1461713619574	<INFO 7f754c5ad740> 2016-04-27 01:33:39 Started scatter
1461713669280	<INFO 7f754c5ad740> 2016-04-27 01:34:29 Completed scatter
1461713669309	<INFO 7f754c5ad740> 2016-04-27 01:34:29 Completed phase 7 Bytes read 99320092452 Bytes written 51342229912
1461713669312	<INFO 7f754c5ad740> CORE::PARTITIONS_PROCESSED 1167
1461713669315	<INFO 7f754c5ad740> CORE::BYTES::EDGES_STREAMED 4556371008
1461713669318	<INFO 7f754c5ad740> CORE::BYTES::UPDATES_OUT 2617366392
1461713669320	<INFO 7f754c5ad740> CORE::BYTES::UPDATES_IN 2265115504
1461713669323	<INFO 7f5723fff700> CORE::PARTITIONS_PROCESSED 1238
1461713669325	<INFO 7f5723fff700> CORE::BYTES::EDGES_STREAMED 4503021312
1461713669328	<INFO 7f5723fff700> CORE::BYTES::UPDATES_OUT 2562205144
1461713669330	<INFO 7f5723fff700> CORE::BYTES::UPDATES_IN 1993822648
1461713669332	<INFO 7f5722ffd700> CORE::PARTITIONS_PROCESSED 116
1461713669334	<INFO 7f5721ffb700> CORE::PARTITIONS_PROCESSED 768
1461713669337	<INFO 7f57237fe700> CORE::PARTITIONS_PROCESSED 1393
1461713669339	<INFO 7f572d3f6700> CORE::PARTITIONS_PROCESSED 811
1461713669342	<INFO 7f5721ffb700> CORE::BYTES::EDGES_STREAMED 4263414828
1461713669344	<INFO 7f57237fe700> CORE::BYTES::EDGES_STREAMED 5296173744
1461713669347	<INFO 7f5722ffd700> CORE::BYTES::EDGES_STREAMED 6772350324
1461713669349	<INFO 7f572d3f6700> CORE::BYTES::EDGES_STREAMED 4512007056
1461713669351	<INFO 7f572cbf5700> CORE::PARTITIONS_PROCESSED 1172
1461713669353	<INFO 7f57237fe700> CORE::BYTES::UPDATES_OUT 3049935448
1461713669356	<INFO 7f572cbf5700> CORE::BYTES::EDGES_STREAMED 4512318432
1461713669358	<INFO 7f5721ffb700> CORE::BYTES::UPDATES_OUT 2425257752
1461713669361	<INFO 7f5722ffd700> CORE::BYTES::UPDATES_OUT 3859842072
1461713669363	<INFO 7f57237fe700> CORE::BYTES::UPDATES_IN 2172877296
1461713669365	<INFO 7f57227fc700> CORE::PARTITIONS_PROCESSED 695
1461713669368	<INFO 7f5721ffb700> CORE::BYTES::UPDATES_IN 2158869744
1461713669370	<INFO 7f572cbf5700> CORE::BYTES::UPDATES_OUT 2550955736
1461713669372	<INFO 7f572d3f6700> CORE::BYTES::UPDATES_OUT 2591493912
1461713669375	<INFO 7f5722ffd700> CORE::BYTES::UPDATES_IN 3557724296
1461713669377	<INFO 7f572cbf5700> CORE::BYTES::UPDATES_IN 1977961600
1461713669379	<INFO 7f572d3f6700> CORE::BYTES::UPDATES_IN 2206945760
1461713669382	<INFO 7f57227fc700> CORE::BYTES::EDGES_STREAMED 4354268364
1461713669384	<INFO 7f57227fc700> CORE::BYTES::UPDATES_OUT 2497186440
1461713669386	<INFO 7f57227fc700> CORE::BYTES::UPDATES_IN 2128631512
1461713669388	<INFO 7f572e3f8700> SLIPSTORE service is exiting
1461713669391	<INFO 7f572e3f8700> SLIPSTORE::HELP_OFFERS_RECVD 98
1461713669393	<INFO 7f572e3f8700> SLIPSTORE::HELP_OFFERS_ACCEPTED 0
1461713669395	<INFO 7f572e3f8700> SLIPSTORE::HELP_ACCEPTANCE_RATIO 0
1461713669398	<INFO 7f572e3f8700> SLIPSTORE::SERVER_BUSY_DISK  569.852 seconds
1461713669400	<INFO 7f572e3f8700> SLIPSTORE::SERVER_BUSY_MEM  0 seconds
1461713669402	<INFO 7f572e3f8700> SLIPSTORE::SERVER_TOTAL  1429.18 seconds
1461713669405	<INFO 7f754c5ad740> SLIPSTORE::CLIENT::DISK_READ_TIME  459.524 seconds
1461713669407	<INFO 7f754c5ad740> SLIPSTORE::CLIENT::MEM_READ_TIME  0 seconds
1461713669410	<INFO 7f754c5ad740> SLIPSTORE::CLIENT::DISK_BYTES_READ 89878400636
1461713669412	<INFO 7f754c5ad740> SLIPSTORE::CLIENT::MEM_BYTES_READ 0
1461713669415	<INFO 7f754c5ad740> SLIPSTORE::CLIENT::WRITE_TIME  170.306 seconds
1461713669417	<INFO 7f754c5ad740> SLIPSTORE::CLIENT::BYTES_WRITTEN 19596429540
1461713669420	<INFO 7f754c5ad740> SLIPSTORE::CLIENT_BUSY  629.83 seconds
1461713669422	<INFO 7f754c5ad740> SLIPSTORE::IO::TIME 526.392 seconds
1461713669425	<INFO 7f754c5ad740> SLIPSTORE::SNAP::TIME 0 seconds
1461713669427	<INFO 7f754c5ad740> SLIPSTORE::MAX_DISK_USAGE_BYTES 12165360240
1461713670426	<INFO 7f754c5ad740> CORE::RUSAGE::MAX_RSS_KB 125956520
1461713670429	<INFO 7f754c5ad740> CORE::RUSAGE::MINFLT 34272579
1461713670433	<INFO 7f754c5ad740> CORE::RUSAGE::MAJFLT 8
1461713670437	<INFO 7f754c5ad740> CORE::RUSAGE::MAJFLT 8
1461713670440	<INFO 7f754c5ad740> CORE::RUSAGE::INBLK 145041360
1461713670444	<INFO 7f754c5ad740> CORE::RUSAGE::OUBLK 100289816
1461713670447	<INFO 7f754c5ad740> CORE::UTILS::BYTES_READ 99320092452
1461713670451	<INFO 7f754c5ad740> CORE::UTILS::BYTES_WRITTEN 51342229912
1461713670455	<INFO 7f754c5ad740> CORE::UTILS::TILE_COPY_BYTES 26128572720
1461713670458	<INFO 7f754c5ad740> CORE::TIME::IO_WAIT 441.372 seconds
1461713670463	<INFO 7f754c5ad740> CORE::TIME_TILE_COPY 0 seconds
1461713670466	<INFO 7f754c5ad740> CORE::TIME_TILE_MERGE 0 seconds
1461713670470	<INFO 7f754c5ad740> CORE::TIME_PROCESSING_STOLEN 0 seconds
1461713670474	<INFO 7f754c5ad740> CORE::TIME_MERGE_WAIT 0 seconds
1461713670477	<INFO 7f754c5ad740> CORE::OTHER_TIME_ALL_MC_BARRIER 0 seconds
1461713670481	<INFO 7f754c5ad740> CORE::SCATTER_TIME_ALL_MC_BARRIER 0.014678 seconds
1461713670485	<INFO 7f754c5ad740> CORE::GATHER_TIME_ALL_MC_BARRIER 0.051412 seconds
1461713670488	<INFO 7f754c5ad740> CORE::INIT_TIME_ALL_MC_BARRIER 1.4465 seconds
1461713670492	<INFO 7f754c5ad740> CORE::SHUT_DOWN_TIME_ALL_MC_BARRIER 0.002588 seconds
1461713670495	<INFO 7f754c5ad740> CORE::STREAM_SKIP_BEFORE_TIME_ALL_MC_BARRIER 0.266192 seconds
1461713670499	<INFO 7f754c5ad740> CORE::TAKE_CHECKPOINT_BEFORE_TIME_ALL_MC_BARRIER 0 seconds
1461713670503	<INFO 7f754c5ad740> CORE::TAKE_CHECKPOINT_COMPLETE_TIME_ALL_MC_BARRIER 0 seconds
1461713670507	<INFO 7f754c5ad740> CORE::METADATA_WRITE_COMPLETE_TIME_ALL_MC_BARRIER 0 seconds
1461713670510	<INFO 7f754c5ad740> CORE::STREAM_EOF_BEFORE_TIME_ALL_MC_BARRIER 0 seconds
1461713670515	<INFO 7f754c5ad740> CORE::STREAM_EOF_AFTER_TIME_ALL_MC_BARRIER 0 seconds
1461713670518	<INFO 7f754c5ad740> CORE::STATE_LOAD_TIME_ALL_MC_BARRIER 0 seconds
1461713670522	<INFO 7f754c5ad740> CORE::STATE_STORE_TIME_ALL_MC_BARRIER 0 seconds
1461713670526	<INFO 7f754c5ad740> CORE::PHASES 7
1461713670530	<INFO 7f754c5ad740> CORE::TIME::SETUP 4.14413 seconds
1461713670533	<INFO 7f754c5ad740> CORE::TIME::STATE_ITER 60.7174 seconds
1461713670537	<INFO 7f754c5ad740> CORE::TIME::GATHER 968.601 seconds
1461713670540	<INFO 7f754c5ad740> CORE::TIME::SCATTER 347.132 seconds
1461713670544	<INFO 7f754c5ad740> CORE::TIME::WALL 1432.11 seconds
1461713670548	<INFO 7f754c5ad740> SHUTDOWN
