1461712131612	<INFO 7efcf90ba740> 2016-04-27 01:08:51 STARTUP
1461712131615	<INFO 7efcf90ba740> CORE::GRAPH rmat-28_s8
1461712131619	<INFO 7efcf90ba740> CORE::ALGORITHM pagerank
1461712131623	<INFO 7efcf90ba740> CORE::VERTEX_STRIPING OFF
1461712131627	<INFO 7efcf90ba740> CORE::OPTIMIZED_STATE_LOAD_STORE OFF
1461712131630	<INFO 7efcf90ba740> CORE::BINARY_SEARCH_SUPER_PARTITION ON
1461712131634	<INFO 7efcf90ba740> CORE::SUPER_PARTITION_COMPUTED_FOR_EACH_SCATTER_GATHER_PHASE
1461712131638	<INFO 7efcf90ba740> CORE::EDGE_STRIPING ON
1461712131642	<INFO 7efcf90ba740> CORE::BATCH IO ON
1461712131645	<INFO 7efcf90ba740> 2016-04-27 01:08:51 Blocking memory amount 126701535232
1461712239327	<INFO 7efcf90ba740> 2016-04-27 01:10:39 Done blocking memory
1461712239331	<INFO 7efcf90ba740> SG-DRIVER-ORIGINAL
1461712239335	<INFO 7efcf90ba740> 2016-04-27 01:10:39 START read config parameters
1461712239339	<INFO 7efcf90ba740> PARTITIONING::OLD 0
1461712239342	<INFO 7efcf90ba740> PARTITIONING::BALANCED_PARTITIONS 0
1461712239346	<INFO 7efcf90ba740> CORE::CONFIG::PROCESSORS 8
1461712239350	<INFO 7efcf90ba740> CORE::CONFIG::PHYSICAL_MEMORY 2147483648
1461712239354	<INFO 7efcf90ba740> CORE::CONFIG::VERTICES 268435456
1461712239357	<INFO 7efcf90ba740> CORE::CONFIG::VERTEX_SIZE 12
1461712239361	<INFO 7efcf90ba740> CORE::CONFIG::VERTEX_BUFFER 1306428636
1461712239365	<INFO 7efcf90ba740> CORE::CONFIG::EDGES 536870912
1461712239369	<INFO 7efcf90ba740> CORE::CONFIG::PARTITIONS 64
1461712239373	<INFO 7efcf90ba740> CORE::CONFIG::FANOUT 64
1461712239376	<INFO 7efcf90ba740> CORE::CONFIG::SUPER_PARTITIONS 8
1461712239380	<INFO 7efcf90ba740> CORE::CONFIG::TILES 1
1461712239384	<INFO 7efcf90ba740> CORE::CONFIG::BUFFER_SIZE 168209876
1461712239388	<INFO 7efcf90ba740> CORE::CONFIG::MAX_BUFFERS 4
1461712239391	<INFO 7efcf90ba740> CORE::CONFIG::MAX_STREAMS 4
1461712239396	<INFO 7efcf90ba740> CORE::CONFIG::SUM_OF_OUT_DEGREES_FOR_NEW_PARTITIONS::FIRST_CONSTRAINT 0
1461712239400	<INFO 7efcf90ba740> CORE::CONFIG::MAX_EDGES_PER_NEW_PARTITION::SECOND_CONSTRAINT 0
1461712239404	<INFO 7efcf90ba740> SLIPSTREAM::EXT_MEM_SHUFFLE OFF
1461712239408	<INFO 7efcf90ba740> 2016-04-27 01:10:39 END read config parameters
1461712241144	<WARNING 7efcf90ba740> Unable to unlink file (stream.0.0.0):No such file or directory
1461712241147	<WARNING 7efcf90ba740> Unable to unlink file (stream.0.1.0):No such file or directory
1461712241151	<WARNING 7efcf90ba740> Unable to unlink file (stream.0.2.0):No such file or directory
1461712241155	<WARNING 7efcf90ba740> Unable to unlink file (stream.0.3.0):No such file or directory
1461712241159	<WARNING 7efcf90ba740> Unable to unlink file (stream.0.4.0):No such file or directory
1461712241163	<WARNING 7efcf90ba740> Unable to unlink file (stream.0.5.0):No such file or directory
1461712241166	<WARNING 7efcf90ba740> Unable to unlink file (stream.0.6.0):No such file or directory
1461712241171	<WARNING 7efcf90ba740> Unable to unlink file (stream.0.7.0):No such file or directory
1461712241175	<WARNING 7efcf90ba740> Unable to unlink file (stream.1.1.0):No such file or directory
1461712241179	<WARNING 7efcf90ba740> Unable to unlink file (stream.1.2.0):No such file or directory
1461712241183	<WARNING 7efcf90ba740> Unable to unlink file (stream.1.3.0):No such file or directory
1461712241186	<WARNING 7efcf90ba740> Unable to unlink file (stream.1.4.0):No such file or directory
1461712241191	<WARNING 7efcf90ba740> Unable to unlink file (stream.1.5.0):No such file or directory
1461712241195	<WARNING 7efcf90ba740> Unable to unlink file (stream.1.6.0):No such file or directory
1461712241198	<WARNING 7efcf90ba740> Unable to unlink file (stream.1.7.0):No such file or directory
1461712241201	<WARNING 7efcf90ba740> Unable to unlink file (stream.2.0.0):No such file or directory
1461712241205	<WARNING 7efcf90ba740> Unable to unlink file (stream.2.1.0):No such file or directory
1461712241208	<WARNING 7efcf90ba740> Unable to unlink file (stream.2.2.0):No such file or directory
1461712241212	<WARNING 7efcf90ba740> Unable to unlink file (stream.2.3.0):No such file or directory
1461712241215	<WARNING 7efcf90ba740> Unable to unlink file (stream.2.4.0):No such file or directory
1461712241219	<WARNING 7efcf90ba740> Unable to unlink file (stream.2.5.0):No such file or directory
1461712241222	<WARNING 7efcf90ba740> Unable to unlink file (stream.2.6.0):No such file or directory
1461712241225	<WARNING 7efcf90ba740> Unable to unlink file (stream.2.7.0):No such file or directory
1461712241228	<WARNING 7efcf90ba740> Unable to unlink file (stream.3.0.0):No such file or directory
1461712241232	<WARNING 7efcf90ba740> Unable to unlink file (stream.3.1.0):No such file or directory
1461712241235	<WARNING 7efcf90ba740> Unable to unlink file (stream.3.2.0):No such file or directory
1461712241238	<WARNING 7efcf90ba740> Unable to unlink file (stream.3.3.0):No such file or directory
1461712241241	<WARNING 7efcf90ba740> Unable to unlink file (stream.3.4.0):No such file or directory
1461712241244	<WARNING 7efcf90ba740> Unable to unlink file (stream.3.5.0):No such file or directory
1461712241247	<WARNING 7efcf90ba740> Unable to unlink file (stream.3.6.0):No such file or directory
1461712241250	<WARNING 7efcf90ba740> Unable to unlink file (stream.3.7.0):No such file or directory
1461712241253	<INFO 7efcf90ba740> SLIPSTORE::ZMQ_THREADS 2
1461712241256	<INFO 7efcf90ba740> SLIPSTORE::COMM Connecting to tcp://dco-node137-10g:5016
1461712241259	<INFO 7efcf90ba740> SLIPSTORE::COMM Connecting to tcp://dco-node138-10g:5034
1461712241262	<INFO 7efcf90ba740> SLIPSTORE::COMM Connecting to tcp://dco-node139-10g:5052
1461712241265	<INFO 7efcf90ba740> SLIPSTORE::COMM Connecting to tcp://dco-node140-10g:5070
1461712241268	<INFO 7efcf90ba740> SLIPSTORE::COMM Connecting to tcp://dco-node141-10g:5088
1461712241271	<INFO 7efcf90ba740> SLIPSTORE::COMM Connecting to tcp://dco-node142-10g:5106
1461712241274	<INFO 7efcf90ba740> SLIPSTORE::COMM Connecting to tcp://dco-node143-10g:5124
1461712241277	<INFO 7efcf90ba740> SLIPSTORE::COMM Connecting to tcp://dco-node144-10g:5142
1461712241280	<INFO 7efcf90ba740> SLIPSTORE::COMM Listening at tcp://ens1f0:5080
1461712241282	<INFO 7efcf90ba740> SLIPSTORE::COMM Listening at tcp://ens1f0:5081
1461712241285	<INFO 7efcf90ba740> SLIPSTORE::COMM Listening at tcp://ens1f0:5082
1461712241288	<INFO 7efcf90ba740> SLIPSTORE::COMM Listening at tcp://ens1f0:5083
1461712241291	<INFO 7efcf90ba740> SLIPSTORE::COMM Listening at ipc://client
1461712241294	<INFO 7efcf90ba740> SLIPSTORE::COMM Listening at tcp://ens1f0:5085
1461712241297	<INFO 7efcf90ba740> SLIPSTORE::COMM Listening at tcp://ens1f0:5086
1461712241299	<INFO 7efcf90ba740> SLIPSTORE::COMM Listening at tcp://ens1f0:5087
1461712241302	<INFO 7efcf90ba740> SLIPSTORE::COMM Connecting to tcp://dco-node137-10g:5016
1461712241305	<INFO 7efcf90ba740> SLIPSTORE::COMM Connecting to tcp://dco-node138-10g:5034
1461712241308	<INFO 7efcf90ba740> SLIPSTORE::COMM Connecting to tcp://dco-node139-10g:5052
1461712241311	<INFO 7efcf90ba740> SLIPSTORE::COMM Connecting to tcp://dco-node140-10g:5070
1461712241314	<INFO 7efcf90ba740> SLIPSTORE::COMM Connecting to tcp://dco-node141-10g:5088
1461712241316	<INFO 7efcf90ba740> SLIPSTORE::COMM Connecting to tcp://dco-node142-10g:5106
1461712241319	<INFO 7efcf90ba740> SLIPSTORE::COMM Connecting to tcp://dco-node143-10g:5124
1461712241321	<INFO 7efcf90ba740> SLIPSTORE::COMM Connecting to tcp://dco-node144-10g:5142
1461712241324	<INFO 7efcf90ba740> SLIPSTORE::COMM Connecting to tcp://dco-node137-10g:5004
1461712241327	<INFO 7efcf90ba740> SLIPSTORE::COMM Connecting to tcp://dco-node138-10g:5022
1461712241329	<INFO 7efcf90ba740> SLIPSTORE::COMM Connecting to tcp://dco-node139-10g:5040
1461712241332	<INFO 7efcf90ba740> SLIPSTORE::COMM Connecting to tcp://dco-node140-10g:5058
1461712241334	<INFO 7efcf90ba740> SLIPSTORE::COMM Connecting to ipc://server
1461712241337	<INFO 7efcf90ba740> SLIPSTORE::COMM Connecting to tcp://dco-node142-10g:5094
1461712241339	<INFO 7efcf90ba740> SLIPSTORE::COMM Connecting to tcp://dco-node143-10g:5112
1461712241341	<INFO 7efcf90ba740> SLIPSTORE::COMM Connecting to tcp://dco-node144-10g:5130
1461712241344	<INFO 7efcf90ba740> SLIPSTORE::COMM Connecting to tcp://dco-node142-10g:5107
1461712241346	<INFO 7efcf90ba740> SLIPSTORE::COMM Listening at tcp://ens1f0:5089
1461712241348	<INFO 7efcf90ba740> SLIPSTORE::COMM Connecting to tcp://dco-node141-10g:5088
1461712241350	<INFO 7efcf90ba740> SLIPSTORE::HELP_POLICY NONE
1461712241353	<INFO 7efcf90ba740> SLIPSTORE::SERVER ASYNC
1461712241355	<INFO 7efcf90ba740> SLIPSTORE::MACHINES 8
1461712241357	<INFO 7efcf90ba740> SLIPSTORE::ME 4
1461712241360	<INFO 7efcf90ba740> SLIPSTORE::SLIPCHUNK 4194304
1461712241362	<INFO 7efcf90ba740> SLIPSTORE::QUOTA 18446744073709551615
1461712241364	<INFO 7efcf90ba740> SLIPSTORE::IO PAGECACHE
1461712241367	<INFO 7ededabfa700> SLIPSTORE::COMM Listening at tcp://ens1f0:5088
1461712241370	<INFO 7ededabfa700> SLIPSTORE::COMM Listening at tcp://ens1f0:5072
1461712241372	<INFO 7ededabfa700> SLIPSTORE::COMM Connecting to tcp://dco-node137-10g:5012
1461712241374	<INFO 7ededabfa700> SLIPSTORE::COMM Listening at tcp://ens1f0:5073
1461712241377	<INFO 7ededabfa700> SLIPSTORE::COMM Connecting to tcp://dco-node138-10g:5030
1461712241379	<INFO 7ededabfa700> SLIPSTORE::COMM Listening at tcp://ens1f0:5074
1461712241382	<INFO 7ededabfa700> SLIPSTORE::COMM Connecting to tcp://dco-node139-10g:5048
1461712241391	<INFO 7ededabfa700> SLIPSTORE::COMM Listening at tcp://ens1f0:5075
1461712241394	<INFO 7ededabfa700> SLIPSTORE::COMM Connecting to tcp://dco-node140-10g:5066
1461712241397	<INFO 7ededabfa700> SLIPSTORE::COMM Listening at ipc://server
1461712241399	<INFO 7ededabfa700> SLIPSTORE::COMM Connecting to ipc://client
1461712241401	<INFO 7ededabfa700> SLIPSTORE::COMM Listening at tcp://ens1f0:5077
1461712241404	<INFO 7ededabfa700> SLIPSTORE::COMM Connecting to tcp://dco-node142-10g:5102
1461712241406	<INFO 7ededabfa700> SLIPSTORE::COMM Listening at tcp://ens1f0:5078
1461712241408	<INFO 7ededabfa700> SLIPSTORE::COMM Connecting to tcp://dco-node143-10g:5120
1461712241410	<INFO 7ededabfa700> SLIPSTORE::COMM Listening at tcp://ens1f0:5079
1461712241413	<INFO 7ededabfa700> SLIPSTORE::COMM Connecting to tcp://dco-node144-10g:5138
1461712241415	<INFO 7efcf90ba740> SLIPSTORE::CHECKPOINTS NONE FOUND
1461712241418	<INFO 7efcf90ba740> 2016-04-27 01:10:41 Start edge split
1461712292559	<INFO 7efcf90ba740> 2016-04-27 01:11:32 Completed init
1461712298259	<INFO 7efcf90ba740> 2016-04-27 01:11:38 Started gather
1461712300022	<INFO 7efcf90ba740> 2016-04-27 01:11:40 Completed gather
1461712307927	<INFO 7efcf90ba740> 2016-04-27 01:11:47 Started scatter
1461712339786	<INFO 7efcf90ba740> 2016-04-27 01:12:19 Completed scatter
1461712340810	<INFO 7efcf90ba740> 2016-04-27 01:12:20 Completed phase 1 Bytes read 13607413320 Bytes written 7164962376
1461712350360	<INFO 7efcf90ba740> 2016-04-27 01:12:30 Started gather
1461712352285	<INFO 7efcf90ba740> 2016-04-27 01:12:32 Completed gather
1461712360070	<INFO 7efcf90ba740> 2016-04-27 01:12:40 Started gather
1461712414587	<INFO 7efcf90ba740> 2016-04-27 01:13:34 Completed gather
1461712427560	<INFO 7efcf90ba740> 2016-04-27 01:13:47 Completed phase 2 Bytes read 21130825848 Bytes written 12492126248
1461712436691	<INFO 7efcf90ba740> 2016-04-27 01:13:56 Started gather
1461712464142	<INFO 7efcf90ba740> 2016-04-27 01:14:24 Completed gather
1461712624164	<INFO 7efcf90ba740> 2016-04-27 01:17:04 Started scatter
1461712671311	<INFO 7efcf90ba740> 2016-04-27 01:17:51 Completed scatter
1461712673205	<INFO 7efcf90ba740> 2016-04-27 01:17:53 Completed phase 3 Bytes read 32906051792 Bytes written 17440155744
1461712682007	<INFO 7efcf90ba740> 2016-04-27 01:18:02 Started gather
1461712704386	<INFO 7efcf90ba740> 2016-04-27 01:18:24 Completed gather
1461712880207	<INFO 7efcf90ba740> 2016-04-27 01:21:20 Started scatter
1461712926509	<INFO 7efcf90ba740> 2016-04-27 01:22:06 Completed scatter
1461712930164	<INFO 7efcf90ba740> 2016-04-27 01:22:10 Completed phase 4 Bytes read 44660593512 Bytes written 22463847328
1461712938929	<INFO 7efcf90ba740> 2016-04-27 01:22:18 Started gather
1461712962076	<INFO 7efcf90ba740> 2016-04-27 01:22:42 Completed gather
1461713125288	<INFO 7efcf90ba740> 2016-04-27 01:25:25 Started scatter
1461713170722	<INFO 7efcf90ba740> 2016-04-27 01:26:10 Completed scatter
1461713173997	<INFO 7efcf90ba740> 2016-04-27 01:26:13 Completed phase 5 Bytes read 56490797320 Bytes written 27458408376
1461713183827	<INFO 7efcf90ba740> 2016-04-27 01:26:23 Started gather
1461713206647	<INFO 7efcf90ba740> 2016-04-27 01:26:46 Completed gather
1461713371701	<INFO 7efcf90ba740> 2016-04-27 01:29:31 Started scatter
1461713417563	<INFO 7efcf90ba740> 2016-04-27 01:30:17 Completed scatter
1461713421148	<INFO 7efcf90ba740> 2016-04-27 01:30:21 Completed phase 6 Bytes read 68291870592 Bytes written 32414250432
1461713430486	<INFO 7efcf90ba740> 2016-04-27 01:30:30 Started gather
1461713452608	<INFO 7efcf90ba740> 2016-04-27 01:30:52 Completed gather
1461713619575	<INFO 7efcf90ba740> 2016-04-27 01:33:39 Started scatter
1461713664479	<INFO 7efcf90ba740> 2016-04-27 01:34:24 Completed scatter
1461713669310	<INFO 7efcf90ba740> 2016-04-27 01:34:29 Completed phase 7 Bytes read 80054224872 Bytes written 37412347000
1461713669313	<INFO 7efcf90ba740> CORE::PARTITIONS_PROCESSED 655
1461713669315	<INFO 7efcf90ba740> CORE::BYTES::EDGES_STREAMED 5374524180
1461713669319	<INFO 7efcf90ba740> CORE::BYTES::UPDATES_OUT 3080135816
1461713669321	<INFO 7efcf90ba740> CORE::BYTES::UPDATES_IN 2698788784
1461713669324	<INFO 7eded8bf6700> CORE::PARTITIONS_PROCESSED 1017
1461713669327	<INFO 7eded9bf8700> CORE::PARTITIONS_PROCESSED 650
1461713669330	<INFO 7edecf7fe700> CORE::PARTITIONS_PROCESSED 1161
1461713669333	<INFO 7edece7fc700> CORE::PARTITIONS_PROCESSED 563
1461713669336	<INFO 7eded8bf6700> CORE::BYTES::EDGES_STREAMED 4743827664
1461713669339	<INFO 7edeceffd700> CORE::PARTITIONS_PROCESSED 1581
1461713669341	<INFO 7edece7fc700> CORE::BYTES::EDGES_STREAMED 5711106732
1461713669343	<INFO 7eded93f7700> CORE::PARTITIONS_PROCESSED 1448
1461713669346	<INFO 7eded8bf6700> CORE::BYTES::UPDATES_OUT 2712624504
1461713669348	<INFO 7edeceffd700> CORE::BYTES::EDGES_STREAMED 5090213532
1461713669350	<INFO 7edecf7fe700> CORE::BYTES::EDGES_STREAMED 6743134044
1461713669353	<INFO 7eded8bf6700> CORE::BYTES::UPDATES_IN 2120568280
1461713669355	<INFO 7edecffff700> CORE::PARTITIONS_PROCESSED 1245
1461713669358	<INFO 7eded9bf8700> CORE::BYTES::EDGES_STREAMED 5575675440
1461713669360	<INFO 7edece7fc700> CORE::BYTES::UPDATES_OUT 3318168896
1461713669363	<INFO 7edecffff700> CORE::BYTES::EDGES_STREAMED 7496741592
1461713669366	<INFO 7eded93f7700> CORE::BYTES::EDGES_STREAMED 4675818072
1461713669368	<INFO 7edece7fc700> CORE::BYTES::UPDATES_IN 2423450904
1461713669370	<INFO 7edecffff700> CORE::BYTES::UPDATES_OUT 4372994592
1461713669373	<INFO 7eded9bf8700> CORE::BYTES::UPDATES_OUT 3193538032
1461713669375	<INFO 7eded93f7700> CORE::BYTES::UPDATES_OUT 2671768968
1461713669378	<INFO 7edecffff700> CORE::BYTES::UPDATES_IN 4242194040
1461713669380	<INFO 7eded9bf8700> CORE::BYTES::UPDATES_IN 2693404000
1461713669383	<INFO 7eded93f7700> CORE::BYTES::UPDATES_IN 2151300112
1461713669385	<INFO 7edeceffd700> CORE::BYTES::UPDATES_OUT 2842682200
1461713669387	<INFO 7edecf7fe700> CORE::BYTES::UPDATES_OUT 3757253424
1461713669390	<INFO 7edeceffd700> CORE::BYTES::UPDATES_IN 2317958960
1461713669392	<INFO 7edecf7fe700> CORE::BYTES::UPDATES_IN 2974882520
1461713669395	<INFO 7ededabfa700> SLIPSTORE service is exiting
1461713669398	<INFO 7ededabfa700> SLIPSTORE::HELP_OFFERS_RECVD 98
1461713669400	<INFO 7ededabfa700> SLIPSTORE::HELP_OFFERS_ACCEPTED 0
1461713669403	<INFO 7ededabfa700> SLIPSTORE::HELP_ACCEPTANCE_RATIO 0
1461713669405	<INFO 7ededabfa700> SLIPSTORE::SERVER_BUSY_DISK  461.277 seconds
1461713669408	<INFO 7ededabfa700> SLIPSTORE::SERVER_BUSY_MEM  0 seconds
1461713669410	<INFO 7ededabfa700> SLIPSTORE::SERVER_TOTAL  1428.15 seconds
1461713669413	<INFO 7efcf90ba740> SLIPSTORE::CLIENT::DISK_READ_TIME  387.26 seconds
1461713669416	<INFO 7efcf90ba740> SLIPSTORE::CLIENT::MEM_READ_TIME  0 seconds
1461713669418	<INFO 7efcf90ba740> SLIPSTORE::CLIENT::DISK_BYTES_READ 80586316496
1461713669420	<INFO 7efcf90ba740> SLIPSTORE::CLIENT::MEM_BYTES_READ 0
1461713669423	<INFO 7efcf90ba740> SLIPSTORE::CLIENT::WRITE_TIME  152.353 seconds
1461713669425	<INFO 7efcf90ba740> SLIPSTORE::CLIENT::BYTES_WRITTEN 5376752280
1461713669428	<INFO 7efcf90ba740> SLIPSTORE::CLIENT_BUSY  539.614 seconds
1461713669431	<INFO 7efcf90ba740> SLIPSTORE::IO::TIME 427.41 seconds
1461713669434	<INFO 7efcf90ba740> SLIPSTORE::SNAP::TIME 0 seconds
1461713669437	<INFO 7efcf90ba740> SLIPSTORE::MAX_DISK_USAGE_BYTES 11113303504
1461713669830	<INFO 7efcf90ba740> CORE::RUSAGE::MAX_RSS_KB 125958996
1461713669833	<INFO 7efcf90ba740> CORE::RUSAGE::MINFLT 36282571
1461713669837	<INFO 7efcf90ba740> CORE::RUSAGE::MAJFLT 6
1461713669841	<INFO 7efcf90ba740> CORE::RUSAGE::MAJFLT 6
1461713669844	<INFO 7efcf90ba740> CORE::RUSAGE::INBLK 141748056
1461713669848	<INFO 7efcf90ba740> CORE::RUSAGE::OUBLK 73071960
1461713669851	<INFO 7efcf90ba740> CORE::UTILS::BYTES_READ 80054224872
1461713669856	<INFO 7efcf90ba740> CORE::UTILS::BYTES_WRITTEN 37412347000
1461713669859	<INFO 7efcf90ba740> CORE::UTILS::TILE_COPY_BYTES 7169003040
1461713669863	<INFO 7efcf90ba740> CORE::TIME::IO_WAIT 341.682 seconds
1461713669866	<INFO 7efcf90ba740> CORE::TIME_TILE_COPY 0 seconds
1461713669870	<INFO 7efcf90ba740> CORE::TIME_TILE_MERGE 0 seconds
1461713669874	<INFO 7efcf90ba740> CORE::TIME_PROCESSING_STOLEN 0 seconds
1461713669877	<INFO 7efcf90ba740> CORE::TIME_MERGE_WAIT 0 seconds
1461713669881	<INFO 7efcf90ba740> CORE::OTHER_TIME_ALL_MC_BARRIER 0 seconds
1461713669885	<INFO 7efcf90ba740> CORE::SCATTER_TIME_ALL_MC_BARRIER 15.8642 seconds
1461713669889	<INFO 7efcf90ba740> CORE::GATHER_TIME_ALL_MC_BARRIER 12.9358 seconds
1461713669892	<INFO 7efcf90ba740> CORE::INIT_TIME_ALL_MC_BARRIER 0.422075 seconds
1461713669896	<INFO 7efcf90ba740> CORE::SHUT_DOWN_TIME_ALL_MC_BARRIER 0.014688 seconds
1461713669900	<INFO 7efcf90ba740> CORE::STREAM_SKIP_BEFORE_TIME_ALL_MC_BARRIER 23.0965 seconds
1461713669904	<INFO 7efcf90ba740> CORE::TAKE_CHECKPOINT_BEFORE_TIME_ALL_MC_BARRIER 0 seconds
1461713669907	<INFO 7efcf90ba740> CORE::TAKE_CHECKPOINT_COMPLETE_TIME_ALL_MC_BARRIER 0 seconds
1461713669911	<INFO 7efcf90ba740> CORE::METADATA_WRITE_COMPLETE_TIME_ALL_MC_BARRIER 0 seconds
1461713669915	<INFO 7efcf90ba740> CORE::STREAM_EOF_BEFORE_TIME_ALL_MC_BARRIER 0 seconds
1461713669919	<INFO 7efcf90ba740> CORE::STREAM_EOF_AFTER_TIME_ALL_MC_BARRIER 0 seconds
1461713669922	<INFO 7efcf90ba740> CORE::STATE_LOAD_TIME_ALL_MC_BARRIER 0 seconds
1461713669926	<INFO 7efcf90ba740> CORE::STATE_STORE_TIME_ALL_MC_BARRIER 0 seconds
1461713669930	<INFO 7efcf90ba740> CORE::PHASES 7
1461713669934	<INFO 7efcf90ba740> CORE::TIME::SETUP 2.54182 seconds
1461713669938	<INFO 7efcf90ba740> CORE::TIME::STATE_ITER 37.8867 seconds
1461713669941	<INFO 7efcf90ba740> CORE::TIME::GATHER 991.432 seconds
1461713669945	<INFO 7efcf90ba740> CORE::TIME::SCATTER 347.132 seconds
1461713669949	<INFO 7efcf90ba740> CORE::TIME::WALL 1430.5 seconds
1461713669952	<INFO 7efcf90ba740> SHUTDOWN
