1463632959018	<INFO 7f34eb5ba780> 2016-05-19 06:42:39 STARTUP
1463632959021	<INFO 7f34eb5ba780> CORE::GRAPH rmat-28-und_s8
1463632959024	<INFO 7f34eb5ba780> CORE::ALGORITHM bfs
1463632959026	<INFO 7f34eb5ba780> CORE::VERTEX_STRIPING ON
1463632959029	<INFO 7f34eb5ba780> CORE::OPTIMIZED_STATE_LOAD_STORE OFF
1463632959031	<INFO 7f34eb5ba780> CORE::BINARY_SEARCH_SUPER_PARTITION ON
1463632959034	<INFO 7f34eb5ba780> CORE::SUPER_PARTITION_COMPUTED_FOR_EACH_SCATTER_GATHER_PHASE
1463632959036	<INFO 7f34eb5ba780> CORE::EDGE_STRIPING ON
1463632959038	<INFO 7f34eb5ba780> CORE::BATCH IO ON
1463632959041	<INFO 7f34eb5ba780> CORE::GRID_PARTITIONING OFF
1463632959043	<INFO 7f34eb5ba780> 2016-05-19 06:42:39 Blocking memory amount 126701535232
1463633070539	<INFO 7f34eb5ba780> 2016-05-19 06:44:30 Done blocking memory
1463633070542	<INFO 7f34eb5ba780> SG-DRIVER-ORIGINAL
1463633070545	<INFO 7f34eb5ba780> 2016-05-19 06:44:30 START read config parameters
1463633070547	<INFO 7f34eb5ba780> PARTITIONING::OLD 1
1463633070550	<INFO 7f34eb5ba780> PARTITIONING::BALANCED_PARTITIONS 0
1463633070553	<INFO 7f34eb5ba780> CORE::CONFIG::PROCESSORS 8
1463633070555	<INFO 7f34eb5ba780> CORE::CONFIG::PHYSICAL_MEMORY 2147483648
1463633070558	<INFO 7f34eb5ba780> CORE::CONFIG::VERTICES 268435456
1463633070561	<INFO 7f34eb5ba780> CORE::CONFIG::VERTEX_SIZE 8
1463633070563	<INFO 7f34eb5ba780> CORE::CONFIG::VERTEX_BUFFER 268435456
1463633070568	<INFO 7f34eb5ba780> CORE::CONFIG::EDGES 1073741824
1463633070571	<INFO 7f34eb5ba780> CORE::CONFIG::PARTITIONS 64
1463633070574	<INFO 7f34eb5ba780> CORE::CONFIG::FANOUT 64
1463633070576	<INFO 7f34eb5ba780> CORE::CONFIG::SUPER_PARTITIONS 8
1463633070579	<INFO 7f34eb5ba780> CORE::CONFIG::MACHINE_ID 5
1463633070581	<INFO 7f34eb5ba780> CORE::CONFIG::TILES 1
1463633070583	<INFO 7f34eb5ba780> CORE::CONFIG::BUFFER_SIZE 375808512
1463633070586	<INFO 7f34eb5ba780> CORE::CONFIG::MAX_BUFFERS 4
1463633070589	<INFO 7f34eb5ba780> CORE::CONFIG::MAX_STREAMS 4
1463633070591	<INFO 7f34eb5ba780> CORE::CONFIG::SUM_OF_OUT_DEGREES_FOR_NEW_PARTITIONS::FIRST_CONSTRAINT 33554432
1463633070594	<INFO 7f34eb5ba780> CORE::CONFIG::MAX_EDGES_PER_NEW_PARTITION::SECOND_CONSTRAINT 134217728
1463633070597	<INFO 7f34eb5ba780> SLIPSTREAM::EXT_MEM_SHUFFLE OFF
1463633070599	<INFO 7f34eb5ba780> 2016-05-19 06:44:30 END read config parameters
1463633072525	<WARNING 7f34eb5ba780> Unable to unlink file (stream.0.0.0):No such file or directory
1463633072528	<WARNING 7f34eb5ba780> Unable to unlink file (stream.0.1.0):No such file or directory
1463633072530	<WARNING 7f34eb5ba780> Unable to unlink file (stream.0.2.0):No such file or directory
1463633072532	<WARNING 7f34eb5ba780> Unable to unlink file (stream.0.3.0):No such file or directory
1463633072535	<WARNING 7f34eb5ba780> Unable to unlink file (stream.0.4.0):No such file or directory
1463633072537	<WARNING 7f34eb5ba780> Unable to unlink file (stream.0.5.0):No such file or directory
1463633072540	<WARNING 7f34eb5ba780> Unable to unlink file (stream.0.6.0):No such file or directory
1463633072543	<WARNING 7f34eb5ba780> Unable to unlink file (stream.0.7.0):No such file or directory
1463633072545	<WARNING 7f34eb5ba780> Unable to unlink file (stream.1.1.0):No such file or directory
1463633072548	<WARNING 7f34eb5ba780> Unable to unlink file (stream.1.2.0):No such file or directory
1463633072550	<WARNING 7f34eb5ba780> Unable to unlink file (stream.1.3.0):No such file or directory
1463633072553	<WARNING 7f34eb5ba780> Unable to unlink file (stream.1.4.0):No such file or directory
1463633072556	<WARNING 7f34eb5ba780> Unable to unlink file (stream.1.5.0):No such file or directory
1463633072558	<WARNING 7f34eb5ba780> Unable to unlink file (stream.1.6.0):No such file or directory
1463633072561	<WARNING 7f34eb5ba780> Unable to unlink file (stream.1.7.0):No such file or directory
1463633072586	<WARNING 7f34eb5ba780> Unable to unlink file (stream.2.0.0):No such file or directory
1463633072634	<WARNING 7f34eb5ba780> Unable to unlink file (stream.2.1.0):No such file or directory
1463633072647	<WARNING 7f34eb5ba780> Unable to unlink file (stream.2.2.0):No such file or directory
1463633072702	<WARNING 7f34eb5ba780> Unable to unlink file (stream.2.3.0):No such file or directory
1463633072723	<WARNING 7f34eb5ba780> Unable to unlink file (stream.2.4.0):No such file or directory
1463633072755	<WARNING 7f34eb5ba780> Unable to unlink file (stream.2.5.0):No such file or directory
1463633072782	<WARNING 7f34eb5ba780> Unable to unlink file (stream.2.6.0):No such file or directory
1463633072827	<WARNING 7f34eb5ba780> Unable to unlink file (stream.2.7.0):No such file or directory
1463633072854	<WARNING 7f34eb5ba780> Unable to unlink file (stream.3.0.0):No such file or directory
1463633072886	<WARNING 7f34eb5ba780> Unable to unlink file (stream.3.1.0):No such file or directory
1463633072910	<WARNING 7f34eb5ba780> Unable to unlink file (stream.3.2.0):No such file or directory
1463633072959	<WARNING 7f34eb5ba780> Unable to unlink file (stream.3.3.0):No such file or directory
1463633072990	<WARNING 7f34eb5ba780> Unable to unlink file (stream.3.4.0):No such file or directory
1463633073030	<WARNING 7f34eb5ba780> Unable to unlink file (stream.3.5.0):No such file or directory
1463633073066	<WARNING 7f34eb5ba780> Unable to unlink file (stream.3.6.0):No such file or directory
1463633073082	<WARNING 7f34eb5ba780> Unable to unlink file (stream.3.7.0):No such file or directory
1463633073122	<INFO 7f34eb5ba780> SLIPSTORE::ZMQ_THREADS 2
1463633073125	<INFO 7f34eb5ba780> SLIPSTORE::COMM Connecting to tcp://dco-node137-10g:5016
1463633073128	<INFO 7f34eb5ba780> SLIPSTORE::COMM Connecting to tcp://dco-node138-10g:5034
1463633073182	<INFO 7f34eb5ba780> SLIPSTORE::COMM Connecting to tcp://dco-node139-10g:5052
1463633073198	<INFO 7f34eb5ba780> SLIPSTORE::COMM Connecting to tcp://dco-node140-10g:5070
1463633073224	<INFO 7f34eb5ba780> SLIPSTORE::COMM Connecting to tcp://dco-node141-10g:5088
1463633073250	<INFO 7f34eb5ba780> SLIPSTORE::COMM Connecting to tcp://dco-node142-10g:5106
1463633073299	<INFO 7f34eb5ba780> SLIPSTORE::COMM Connecting to tcp://dco-node143-10g:5124
1463633073322	<INFO 7f34eb5ba780> SLIPSTORE::COMM Connecting to tcp://dco-node144-10g:5142
1463633073333	<INFO 7f34eb5ba780> SLIPSTORE::COMM Listening at tcp://p1p1:5098
1463633073335	<INFO 7f34eb5ba780> SLIPSTORE::COMM Listening at tcp://p1p1:5099
1463633073362	<INFO 7f34eb5ba780> SLIPSTORE::COMM Listening at tcp://p1p1:5100
1463633073409	<INFO 7f34eb5ba780> SLIPSTORE::COMM Listening at tcp://p1p1:5101
1463633073431	<INFO 7f34eb5ba780> SLIPSTORE::COMM Listening at tcp://p1p1:5102
1463633073470	<INFO 7f34eb5ba780> SLIPSTORE::COMM Listening at ipc://client
1463633073523	<INFO 7f34eb5ba780> SLIPSTORE::COMM Listening at tcp://p1p1:5104
1463633073578	<INFO 7f34eb5ba780> SLIPSTORE::COMM Listening at tcp://p1p1:5105
1463633073604	<INFO 7f34eb5ba780> SLIPSTORE::COMM Connecting to tcp://dco-node137-10g:5016
1463633073608	<INFO 7f34eb5ba780> SLIPSTORE::COMM Connecting to tcp://dco-node138-10g:5034
1463633073618	<INFO 7f34eb5ba780> SLIPSTORE::COMM Connecting to tcp://dco-node139-10g:5052
1463633073622	<INFO 7f34eb5ba780> SLIPSTORE::COMM Connecting to tcp://dco-node140-10g:5070
1463633073630	<INFO 7f34eb5ba780> SLIPSTORE::COMM Connecting to tcp://dco-node141-10g:5088
1463633073633	<INFO 7f34eb5ba780> SLIPSTORE::COMM Connecting to tcp://dco-node142-10g:5106
1463633073662	<INFO 7f34eb5ba780> SLIPSTORE::COMM Connecting to tcp://dco-node143-10g:5124
1463633073669	<INFO 7f34eb5ba780> SLIPSTORE::COMM Connecting to tcp://dco-node144-10g:5142
1463633073675	<INFO 7f34eb5ba780> SLIPSTORE::COMM Connecting to tcp://dco-node137-10g:5005
1463633073682	<INFO 7f34eb5ba780> SLIPSTORE::COMM Connecting to tcp://dco-node138-10g:5023
1463633073686	<INFO 7f34eb5ba780> SLIPSTORE::COMM Connecting to tcp://dco-node139-10g:5041
1463633073709	<INFO 7f34eb5ba780> SLIPSTORE::COMM Connecting to tcp://dco-node140-10g:5059
1463633073711	<INFO 7f34eb5ba780> SLIPSTORE::COMM Connecting to tcp://dco-node141-10g:5077
1463633073730	<INFO 7f34eb5ba780> SLIPSTORE::COMM Connecting to ipc://server
1463633073739	<INFO 7f34eb5ba780> SLIPSTORE::COMM Connecting to tcp://dco-node143-10g:5113
1463633073774	<INFO 7f34eb5ba780> SLIPSTORE::COMM Connecting to tcp://dco-node144-10g:5131
1463633073791	<INFO 7f34eb5ba780> SLIPSTORE::COMM Connecting to tcp://dco-node143-10g:5125
1463633073795	<INFO 7f34eb5ba780> SLIPSTORE::COMM Listening at tcp://p1p1:5107
1463633073800	<INFO 7f34eb5ba780> SLIPSTORE::COMM Connecting to tcp://dco-node142-10g:5106
1463633073807	<INFO 7f34eb5ba780> SLIPSTORE::HELP_POLICY NONE
1463633073852	<INFO 7f34eb5ba780> SLIPSTORE::SERVER ASYNC
1463633073967	<INFO 7f34eb5ba780> SLIPSTORE::MACHINES 8
1463633074005	<INFO 7f34eb5ba780> SLIPSTORE::ME 5
1463633074032	<INFO 7f34eb5ba780> SLIPSTORE::SLIPCHUNK 4194304
1463633074047	<INFO 7f34eb5ba780> SLIPSTORE::QUOTA 18446744073709551615
1463633074054	<INFO 7f34eb5ba780> SLIPSTORE::IO PAGECACHE
1463633074065	<INFO 7f16ce3f8700> SLIPSTORE::COMM Listening at tcp://p1p1:5106
1463633074078	<INFO 7f16ce3f8700> SLIPSTORE::COMM Listening at tcp://p1p1:5090
1463633074080	<INFO 7f16ce3f8700> SLIPSTORE::COMM Connecting to tcp://dco-node137-10g:5013
1463633074094	<INFO 7f16ce3f8700> SLIPSTORE::COMM Listening at tcp://p1p1:5091
1463633074097	<INFO 7f16ce3f8700> SLIPSTORE::COMM Connecting to tcp://dco-node138-10g:5031
1463633074101	<INFO 7f16ce3f8700> SLIPSTORE::COMM Listening at tcp://p1p1:5092
1463633074110	<INFO 7f16ce3f8700> SLIPSTORE::COMM Connecting to tcp://dco-node139-10g:5049
1463633074124	<INFO 7f16ce3f8700> SLIPSTORE::COMM Listening at tcp://p1p1:5093
1463633074126	<INFO 7f16ce3f8700> SLIPSTORE::COMM Connecting to tcp://dco-node140-10g:5067
1463633074143	<INFO 7f16ce3f8700> SLIPSTORE::COMM Listening at tcp://p1p1:5094
1463633074162	<INFO 7f16ce3f8700> SLIPSTORE::COMM Connecting to tcp://dco-node141-10g:5085
1463633074170	<INFO 7f16ce3f8700> SLIPSTORE::COMM Listening at ipc://server
1463633074174	<INFO 7f16ce3f8700> SLIPSTORE::COMM Connecting to ipc://client
1463633074186	<INFO 7f16ce3f8700> SLIPSTORE::COMM Listening at tcp://p1p1:5096
1463633074189	<INFO 7f16ce3f8700> SLIPSTORE::COMM Connecting to tcp://dco-node143-10g:5121
1463633074192	<INFO 7f16ce3f8700> SLIPSTORE::COMM Listening at tcp://p1p1:5097
1463633074202	<INFO 7f16ce3f8700> SLIPSTORE::COMM Connecting to tcp://dco-node144-10g:5139
1463633074216	<INFO 7f34eb5ba780> SLIPSTORE::CHECKPOINTS NONE FOUND
1463633074222	<INFO 7f34eb5ba780> 2016-05-19 06:44:32 Start edge split
1463633420218	<INFO 7f34eb5ba780> 2016-05-19 06:50:20 Completed init
1463633426666	<INFO 7f34eb5ba780> 2016-05-19 06:50:26 Started gather
1463633433974	<INFO 7f34eb5ba780> 2016-05-19 06:50:33 Completed gather
1463633435862	<INFO 7f34eb5ba780> 2016-05-19 06:50:35 Started scatter
1463633469662	<INFO 7f34eb5ba780> 2016-05-19 06:51:09 Completed scatter
1463633651062	<INFO 7f34eb5ba780> 2016-05-19 06:54:11 Completed phase 1 Bytes read 24595084256 Bytes written 11714804184
1463633651143	<INFO 7f34eb5ba780> 2016-05-19 06:54:11 Started gather
1463633663674	<INFO 7f34eb5ba780> 2016-05-19 06:54:23 Completed gather
1463633666458	<INFO 7f34eb5ba780> 2016-05-19 06:54:26 Started scatter
1463633720254	<INFO 7f34eb5ba780> 2016-05-19 06:55:20 Completed scatter
1463633975938	<INFO 7f34eb5ba780> 2016-05-19 06:59:35 Completed phase 2 Bytes read 36309888440 Bytes written 16645771032
1463633975994	<INFO 7f34eb5ba780> 2016-05-19 06:59:35 Started gather
1463633991251	<INFO 7f34eb5ba780> 2016-05-19 06:59:51 Completed gather
1463634045134	<INFO 7f34eb5ba780> 2016-05-19 07:00:45 Started scatter
1463634103402	<INFO 7f34eb5ba780> 2016-05-19 07:01:43 Completed scatter
1463634326034	<INFO 7f34eb5ba780> 2016-05-19 07:05:26 Completed phase 3 Bytes read 52682602200 Bytes written 20507351752
1463634326206	<INFO 7f34eb5ba780> 2016-05-19 07:05:26 Started gather
1463634339682	<INFO 7f34eb5ba780> 2016-05-19 07:05:39 Completed gather
1463634378906	<INFO 7f34eb5ba780> 2016-05-19 07:06:18 Started scatter
1463634418238	<INFO 7f34eb5ba780> 2016-05-19 07:06:58 Completed scatter
1463634548286	<INFO 7f34eb5ba780> 2016-05-19 07:09:08 Completed phase 4 Bytes read 67985929832 Bytes written 20796209640
1463634548415	<INFO 7f34eb5ba780> 2016-05-19 07:09:08 Started gather
1463634562054	<INFO 7f34eb5ba780> 2016-05-19 07:09:22 Completed gather
1463634562539	<INFO 7f34eb5ba780> 2016-05-19 07:09:22 Started scatter
1463634593222	<INFO 7f34eb5ba780> 2016-05-19 07:09:53 Completed scatter
1463634770231	<INFO 7f34eb5ba780> 2016-05-19 07:12:50 Completed phase 5 Bytes read 79716534632 Bytes written 21064695440
1463634770362	<INFO 7f34eb5ba780> 2016-05-19 07:12:50 Started gather
1463634787338	<INFO 7f34eb5ba780> 2016-05-19 07:13:07 Completed gather
1463634788657	<INFO 7f34eb5ba780> 2016-05-19 07:13:08 Started scatter
1463634823234	<INFO 7f34eb5ba780> 2016-05-19 07:13:43 Completed scatter
1463635003602	<INFO 7f34eb5ba780> 2016-05-19 07:16:43 Completed phase 6 Bytes read 91426767344 Bytes written 21333130992
1463635003648	<INFO 7f34eb5ba780> 2016-05-19 07:16:43 Started gather
1463635017177	<INFO 7f34eb5ba780> 2016-05-19 07:16:57 Completed gather
1463635018049	<INFO 7f34eb5ba780> 2016-05-19 07:16:58 Started scatter
1463635055286	<INFO 7f34eb5ba780> 2016-05-19 07:17:35 Completed scatter
1463635229930	<INFO 7f34eb5ba780> 2016-05-19 07:20:29 Completed phase 7 Bytes read 103136949808 Bytes written 21601566448
1463635229932	<INFO 7f34eb5ba780> ALGORITHM::BFS::VERTICES_DISCOVERED 12682387
1463635229935	<INFO 7f34eb5ba780> ALGORITHM::BFS::EDGES_EXPLORED 376037597
1463635229937	<INFO 7f34eb5ba780> CORE::PARTITIONS_PROCESSED 44
1463635229940	<INFO 7f34eb5ba780> CORE::BYTES::EDGES_STREAMED 3803793408
1463635229942	<INFO 7f34eb5ba780> CORE::BYTES::UPDATES_OUT 381559728
1463635229944	<INFO 7f34eb5ba780> CORE::BYTES::UPDATES_IN 324951808
1463635229947	<INFO 7f16cd3f6700> CORE::PARTITIONS_PROCESSED 89
1463635229949	<INFO 7f16cd3f6700> CORE::BYTES::EDGES_STREAMED 3776246868
1463635229951	<INFO 7f16cd3f6700> CORE::BYTES::UPDATES_OUT 359731616
1463635229954	<INFO 7f16cd3f6700> CORE::BYTES::UPDATES_IN 342498568
1463635229956	<INFO 7f16c37fe700> CORE::PARTITIONS_PROCESSED 85
1463635229958	<INFO 7f16ccbf5700> CORE::PARTITIONS_PROCESSED 91
1463635229960	<INFO 7f16ccbf5700> CORE::BYTES::EDGES_STREAMED 3450287292
1463635229963	<INFO 7f16c37fe700> CORE::BYTES::EDGES_STREAMED 3753410484
1463635229965	<INFO 7f16c27fc700> CORE::PARTITIONS_PROCESSED 110
1463635229968	<INFO 7f16ccbf5700> CORE::BYTES::UPDATES_OUT 351005848
1463635229970	<INFO 7f16ccbf5700> CORE::BYTES::UPDATES_IN 334718928
1463635229972	<INFO 7f16c27fc700> CORE::BYTES::EDGES_STREAMED 3894471468
1463635229975	<INFO 7f16c37fe700> CORE::BYTES::UPDATES_OUT 403171384
1463635229977	<INFO 7f16c3fff700> CORE::PARTITIONS_PROCESSED 118
1463635229979	<INFO 7f16c1ffb700> CORE::PARTITIONS_PROCESSED 127
1463635229982	<INFO 7f16c37fe700> CORE::BYTES::UPDATES_IN 372562128
1463635229984	<INFO 7f16c1ffb700> CORE::BYTES::EDGES_STREAMED 4438414476
1463635229986	<INFO 7f16c27fc700> CORE::BYTES::UPDATES_OUT 327828648
1463635229989	<INFO 7f16c1ffb700> CORE::BYTES::UPDATES_OUT 409156808
1463635229991	<INFO 7f16c1ffb700> CORE::BYTES::UPDATES_IN 511091736
1463635229993	<INFO 7f16c27fc700> CORE::BYTES::UPDATES_IN 340276216
1463635229995	<INFO 7f16c2ffd700> CORE::PARTITIONS_PROCESSED 114
1463635229998	<INFO 7f16c2ffd700> CORE::BYTES::EDGES_STREAMED 4502822016
1463635230000	<INFO 7f16c2ffd700> CORE::BYTES::UPDATES_OUT 442833920
1463635230002	<INFO 7f16c2ffd700> CORE::BYTES::UPDATES_IN 321609896
1463635230005	<INFO 7f16c3fff700> CORE::BYTES::EDGES_STREAMED 3968541300
1463635230007	<INFO 7f16c3fff700> CORE::BYTES::UPDATES_OUT 333012824
1463635230009	<INFO 7f16c3fff700> CORE::BYTES::UPDATES_IN 460591496
1463635230020	<INFO 7f16ce3f8700> SLIPSTORE service is exiting
1463635230022	<INFO 7f16ce3f8700> SLIPSTORE::HELP_OFFERS_RECVD 98
1463635230025	<INFO 7f16ce3f8700> SLIPSTORE::HELP_OFFERS_ACCEPTED 0
1463635230027	<INFO 7f16ce3f8700> SLIPSTORE::HELP_ACCEPTANCE_RATIO 0
1463635230029	<INFO 7f16ce3f8700> SLIPSTORE::SERVER_BUSY_DISK  984.517 seconds
1463635230032	<INFO 7f16ce3f8700> SLIPSTORE::SERVER_BUSY_MEM  0 seconds
1463635230034	<INFO 7f16ce3f8700> SLIPSTORE::SERVER_TOTAL  2157.45 seconds
1463635230037	<INFO 7f34eb5ba780> SLIPSTORE::CLIENT::DISK_READ_TIME  477.125 seconds
1463635230039	<INFO 7f34eb5ba780> SLIPSTORE::CLIENT::MEM_READ_TIME  0 seconds
1463635230041	<INFO 7f34eb5ba780> SLIPSTORE::CLIENT::DISK_BYTES_READ 51117651660
1463635230044	<INFO 7f34eb5ba780> SLIPSTORE::CLIENT::MEM_BYTES_READ 0
1463635230046	<INFO 7f34eb5ba780> SLIPSTORE::CLIENT::WRITE_TIME  259.019 seconds
1463635230048	<INFO 7f34eb5ba780> SLIPSTORE::CLIENT::BYTES_WRITTEN 2147483648
1463635230051	<INFO 7f34eb5ba780> SLIPSTORE::CLIENT_BUSY  736.145 seconds
1463635230053	<INFO 7f34eb5ba780> SLIPSTORE::IO::TIME 494.816 seconds
1463635230055	<INFO 7f34eb5ba780> SLIPSTORE::SNAP::TIME 0 seconds
1463635230058	<INFO 7f34eb5ba780> SLIPSTORE::MAX_DISK_USAGE_BYTES 16104278304
1463635230060	<INFO 7f34eb5ba780> CORE::RUSAGE::MAX_RSS_KB 125944812
1463635230062	<INFO 7f34eb5ba780> CORE::RUSAGE::MINFLT 43757677
1463635230065	<INFO 7f34eb5ba780> CORE::RUSAGE::MAJFLT 306952
1463635230067	<INFO 7f34eb5ba780> CORE::RUSAGE::MAJFLT 306952
1463635230069	<INFO 7f34eb5ba780> CORE::RUSAGE::INBLK 198725192
1463635230072	<INFO 7f34eb5ba780> CORE::RUSAGE::OUBLK 42195568
1463635230074	<INFO 7f34eb5ba780> CORE::UTILS::BYTES_READ 103136949808
1463635230076	<INFO 7f34eb5ba780> CORE::UTILS::BYTES_WRITTEN 21601566448
1463635230079	<INFO 7f34eb5ba780> CORE::UTILS::TILE_COPY_BYTES 3758096384
1463635230081	<INFO 7f34eb5ba780> CORE::TIME::IO_WAIT 652.615 seconds
1463635230083	<INFO 7f34eb5ba780> CORE::TIME_TILE_COPY 0 seconds
1463635230086	<INFO 7f34eb5ba780> CORE::TIME_TILE_MERGE 0 seconds
1463635230088	<INFO 7f34eb5ba780> CORE::TIME_PROCESSING_STOLEN 0 seconds
1463635230090	<INFO 7f34eb5ba780> CORE::TIME_MERGE_WAIT 0 seconds
1463635230093	<INFO 7f34eb5ba780> CORE::OTHER_TIME_ALL_MC_BARRIER 0 seconds
1463635230095	<INFO 7f34eb5ba780> CORE::SCATTER_TIME_ALL_MC_BARRIER 1319.6 seconds
1463635230098	<INFO 7f34eb5ba780> CORE::GATHER_TIME_ALL_MC_BARRIER 0.065267 seconds
1463635230100	<INFO 7f34eb5ba780> CORE::INIT_TIME_ALL_MC_BARRIER 2.47501 seconds
1463635230103	<INFO 7f34eb5ba780> CORE::SHUT_DOWN_TIME_ALL_MC_BARRIER 0.086228 seconds
1463635230105	<INFO 7f34eb5ba780> CORE::STREAM_SKIP_BEFORE_TIME_ALL_MC_BARRIER 0.974918 seconds
1463635230107	<INFO 7f34eb5ba780> CORE::TAKE_CHECKPOINT_BEFORE_TIME_ALL_MC_BARRIER 0 seconds
1463635230110	<INFO 7f34eb5ba780> CORE::TAKE_CHECKPOINT_COMPLETE_TIME_ALL_MC_BARRIER 0 seconds
1463635230112	<INFO 7f34eb5ba780> CORE::METADATA_WRITE_COMPLETE_TIME_ALL_MC_BARRIER 0 seconds
1463635230115	<INFO 7f34eb5ba780> CORE::STREAM_EOF_BEFORE_TIME_ALL_MC_BARRIER 0 seconds
1463635230117	<INFO 7f34eb5ba780> CORE::STREAM_EOF_AFTER_TIME_ALL_MC_BARRIER 0 seconds
1463635230120	<INFO 7f34eb5ba780> CORE::STATE_LOAD_TIME_ALL_MC_BARRIER 0 seconds
1463635230122	<INFO 7f34eb5ba780> CORE::STATE_STORE_TIME_ALL_MC_BARRIER 0 seconds
1463635230124	<INFO 7f34eb5ba780> CORE::WORK_STEALING_COST_GATHER 0 seconds
1463635230127	<INFO 7f34eb5ba780> CORE::WORK_STEALING_COST_SCATTER 0 seconds
1463635230129	<INFO 7f34eb5ba780> CORE::PHASES 7
1463635230132	<INFO 7f34eb5ba780> CORE::TIME::SETUP 2.54865 seconds
1463635230135	<INFO 7f34eb5ba780> CORE::TIME::INIT_PARTITIONS_TIME 347.201 seconds
1463635230137	<INFO 7f34eb5ba780> CORE::TIME::STATE_ITER 5.42741 seconds
1463635230140	<INFO 7f34eb5ba780> CORE::TIME::GATHER 194.073 seconds
1463635230142	<INFO 7f34eb5ba780> CORE::TIME::SCATTER 1609.03 seconds
1463635230144	<INFO 7f34eb5ba780> CORE::TIME::WALL 2159.49 seconds
1463635230147	<INFO 7f34eb5ba780> SHUTDOWN
