1463672747508	<INFO 7f3fdce73780> 2016-05-19 17:45:47 STARTUP
1463672747511	<INFO 7f3fdce73780> CORE::GRAPH rmat-28-und_s8
1463672747513	<INFO 7f3fdce73780> CORE::ALGORITHM bfs
1463672747515	<INFO 7f3fdce73780> CORE::VERTEX_STRIPING ON
1463672747518	<INFO 7f3fdce73780> CORE::OPTIMIZED_STATE_LOAD_STORE OFF
1463672747520	<INFO 7f3fdce73780> CORE::BINARY_SEARCH_SUPER_PARTITION ON
1463672747522	<INFO 7f3fdce73780> CORE::SUPER_PARTITION_COMPUTED_FOR_EACH_SCATTER_GATHER_PHASE
1463672747525	<INFO 7f3fdce73780> CORE::EDGE_STRIPING ON
1463672747527	<INFO 7f3fdce73780> CORE::BATCH IO ON
1463672747529	<INFO 7f3fdce73780> CORE::GRID_PARTITIONING OFF
1463672747532	<INFO 7f3fdce73780> 2016-05-19 17:45:47 Blocking memory amount 126701535232
1463672855922	<INFO 7f3fdce73780> 2016-05-19 17:47:35 Done blocking memory
1463672855925	<INFO 7f3fdce73780> SG-DRIVER-ORIGINAL
1463672855927	<INFO 7f3fdce73780> 2016-05-19 17:47:35 START read config parameters
1463672855929	<INFO 7f3fdce73780> PARTITIONING::OLD 1
1463672855931	<INFO 7f3fdce73780> PARTITIONING::BALANCED_PARTITIONS 0
1463672855934	<INFO 7f3fdce73780> CORE::CONFIG::PROCESSORS 8
1463672855936	<INFO 7f3fdce73780> CORE::CONFIG::PHYSICAL_MEMORY 2147483648
1463672855939	<INFO 7f3fdce73780> CORE::CONFIG::VERTICES 268435456
1463672855941	<INFO 7f3fdce73780> CORE::CONFIG::VERTEX_SIZE 8
1463672855943	<INFO 7f3fdce73780> CORE::CONFIG::VERTEX_BUFFER 268435456
1463672855946	<INFO 7f3fdce73780> CORE::CONFIG::EDGES 1073741824
1463672855949	<INFO 7f3fdce73780> CORE::CONFIG::PARTITIONS 64
1463672855951	<INFO 7f3fdce73780> CORE::CONFIG::FANOUT 64
1463672855953	<INFO 7f3fdce73780> CORE::CONFIG::SUPER_PARTITIONS 8
1463672855956	<INFO 7f3fdce73780> CORE::CONFIG::MACHINE_ID 7
1463672855958	<INFO 7f3fdce73780> CORE::CONFIG::TILES 1
1463672855960	<INFO 7f3fdce73780> CORE::CONFIG::BUFFER_SIZE 375808512
1463672855962	<INFO 7f3fdce73780> CORE::CONFIG::MAX_BUFFERS 4
1463672855965	<INFO 7f3fdce73780> CORE::CONFIG::MAX_STREAMS 4
1463672855967	<INFO 7f3fdce73780> CORE::CONFIG::SUM_OF_OUT_DEGREES_FOR_NEW_PARTITIONS::FIRST_CONSTRAINT 33554432
1463672855969	<INFO 7f3fdce73780> CORE::CONFIG::MAX_EDGES_PER_NEW_PARTITION::SECOND_CONSTRAINT 134217728
1463672855972	<INFO 7f3fdce73780> SLIPSTREAM::EXT_MEM_SHUFFLE OFF
1463672855974	<INFO 7f3fdce73780> 2016-05-19 17:47:35 END read config parameters
1463672857685	<WARNING 7f3fdce73780> Unable to unlink file (stream.0.0.0):No such file or directory
1463672857688	<WARNING 7f3fdce73780> Unable to unlink file (stream.0.1.0):No such file or directory
1463672857690	<WARNING 7f3fdce73780> Unable to unlink file (stream.0.2.0):No such file or directory
1463672857693	<WARNING 7f3fdce73780> Unable to unlink file (stream.0.3.0):No such file or directory
1463672857695	<WARNING 7f3fdce73780> Unable to unlink file (stream.0.4.0):No such file or directory
1463672857697	<WARNING 7f3fdce73780> Unable to unlink file (stream.0.5.0):No such file or directory
1463672857699	<WARNING 7f3fdce73780> Unable to unlink file (stream.0.6.0):No such file or directory
1463672857702	<WARNING 7f3fdce73780> Unable to unlink file (stream.0.7.0):No such file or directory
1463672857704	<WARNING 7f3fdce73780> Unable to unlink file (stream.1.1.0):No such file or directory
1463672857706	<WARNING 7f3fdce73780> Unable to unlink file (stream.1.2.0):No such file or directory
1463672857709	<WARNING 7f3fdce73780> Unable to unlink file (stream.1.3.0):No such file or directory
1463672857711	<WARNING 7f3fdce73780> Unable to unlink file (stream.1.4.0):No such file or directory
1463672857713	<WARNING 7f3fdce73780> Unable to unlink file (stream.1.5.0):No such file or directory
1463672857716	<WARNING 7f3fdce73780> Unable to unlink file (stream.1.6.0):No such file or directory
1463672857718	<WARNING 7f3fdce73780> Unable to unlink file (stream.1.7.0):No such file or directory
1463672857721	<WARNING 7f3fdce73780> Unable to unlink file (stream.2.0.0):No such file or directory
1463672857723	<WARNING 7f3fdce73780> Unable to unlink file (stream.2.1.0):No such file or directory
1463672857725	<WARNING 7f3fdce73780> Unable to unlink file (stream.2.2.0):No such file or directory
1463672857727	<WARNING 7f3fdce73780> Unable to unlink file (stream.2.3.0):No such file or directory
1463672857729	<WARNING 7f3fdce73780> Unable to unlink file (stream.2.4.0):No such file or directory
1463672857731	<WARNING 7f3fdce73780> Unable to unlink file (stream.2.5.0):No such file or directory
1463672857733	<WARNING 7f3fdce73780> Unable to unlink file (stream.2.6.0):No such file or directory
1463672857735	<WARNING 7f3fdce73780> Unable to unlink file (stream.2.7.0):No such file or directory
1463672857737	<WARNING 7f3fdce73780> Unable to unlink file (stream.3.0.0):No such file or directory
1463672857739	<WARNING 7f3fdce73780> Unable to unlink file (stream.3.1.0):No such file or directory
1463672857741	<WARNING 7f3fdce73780> Unable to unlink file (stream.3.2.0):No such file or directory
1463672857743	<WARNING 7f3fdce73780> Unable to unlink file (stream.3.3.0):No such file or directory
1463672857745	<WARNING 7f3fdce73780> Unable to unlink file (stream.3.4.0):No such file or directory
1463672857747	<WARNING 7f3fdce73780> Unable to unlink file (stream.3.5.0):No such file or directory
1463672857749	<WARNING 7f3fdce73780> Unable to unlink file (stream.3.6.0):No such file or directory
1463672857751	<WARNING 7f3fdce73780> Unable to unlink file (stream.3.7.0):No such file or directory
1463672857753	<INFO 7f3fdce73780> SLIPSTORE::ZMQ_THREADS 2
1463672857756	<INFO 7f3fdce73780> SLIPSTORE::COMM Connecting to tcp://dco-node137-10g:5016
1463672857758	<INFO 7f3fdce73780> SLIPSTORE::COMM Connecting to tcp://dco-node138-10g:5034
1463672857760	<INFO 7f3fdce73780> SLIPSTORE::COMM Connecting to tcp://dco-node139-10g:5052
1463672857763	<INFO 7f3fdce73780> SLIPSTORE::COMM Connecting to tcp://dco-node140-10g:5070
1463672857765	<INFO 7f3fdce73780> SLIPSTORE::COMM Connecting to tcp://dco-node141-10g:5088
1463672857767	<INFO 7f3fdce73780> SLIPSTORE::COMM Connecting to tcp://dco-node142-10g:5106
1463672857769	<INFO 7f3fdce73780> SLIPSTORE::COMM Connecting to tcp://dco-node143-10g:5124
1463672857771	<INFO 7f3fdce73780> SLIPSTORE::COMM Connecting to tcp://dco-node144-10g:5142
1463672857774	<INFO 7f3fdce73780> SLIPSTORE::COMM Listening at tcp://p1p1:5134
1463672857776	<INFO 7f3fdce73780> SLIPSTORE::COMM Listening at tcp://p1p1:5135
1463672857779	<INFO 7f3fdce73780> SLIPSTORE::COMM Listening at tcp://p1p1:5136
1463672857781	<INFO 7f3fdce73780> SLIPSTORE::COMM Listening at tcp://p1p1:5137
1463672857783	<INFO 7f3fdce73780> SLIPSTORE::COMM Listening at tcp://p1p1:5138
1463672857785	<INFO 7f3fdce73780> SLIPSTORE::COMM Listening at tcp://p1p1:5139
1463672857788	<INFO 7f3fdce73780> SLIPSTORE::COMM Listening at tcp://p1p1:5140
1463672857790	<INFO 7f3fdce73780> SLIPSTORE::COMM Listening at ipc://client
1463672857792	<INFO 7f3fdce73780> SLIPSTORE::COMM Connecting to tcp://dco-node137-10g:5016
1463672857794	<INFO 7f3fdce73780> SLIPSTORE::COMM Connecting to tcp://dco-node138-10g:5034
1463672857796	<INFO 7f3fdce73780> SLIPSTORE::COMM Connecting to tcp://dco-node139-10g:5052
1463672857799	<INFO 7f3fdce73780> SLIPSTORE::COMM Connecting to tcp://dco-node140-10g:5070
1463672857801	<INFO 7f3fdce73780> SLIPSTORE::COMM Connecting to tcp://dco-node141-10g:5088
1463672857803	<INFO 7f3fdce73780> SLIPSTORE::COMM Connecting to tcp://dco-node142-10g:5106
1463672857806	<INFO 7f3fdce73780> SLIPSTORE::COMM Connecting to tcp://dco-node143-10g:5124
1463672857808	<INFO 7f3fdce73780> SLIPSTORE::COMM Connecting to tcp://dco-node144-10g:5142
1463672857811	<INFO 7f3fdce73780> SLIPSTORE::COMM Connecting to tcp://dco-node137-10g:5007
1463672857814	<INFO 7f3fdce73780> SLIPSTORE::COMM Connecting to tcp://dco-node138-10g:5025
1463672857817	<INFO 7f3fdce73780> SLIPSTORE::COMM Connecting to tcp://dco-node139-10g:5043
1463672857819	<INFO 7f3fdce73780> SLIPSTORE::COMM Connecting to tcp://dco-node140-10g:5061
1463672857822	<INFO 7f3fdce73780> SLIPSTORE::COMM Connecting to tcp://dco-node141-10g:5079
1463672857824	<INFO 7f3fdce73780> SLIPSTORE::COMM Connecting to tcp://dco-node142-10g:5097
1463672857826	<INFO 7f3fdce73780> SLIPSTORE::COMM Connecting to tcp://dco-node143-10g:5115
1463672857829	<INFO 7f3fdce73780> SLIPSTORE::COMM Connecting to ipc://server
1463672857831	<INFO 7f3fdce73780> SLIPSTORE::COMM Connecting to tcp://dco-node137-10g:5017
1463672857833	<INFO 7f3fdce73780> SLIPSTORE::COMM Listening at tcp://p1p1:5143
1463672857835	<INFO 7f3fdce73780> SLIPSTORE::COMM Connecting to tcp://dco-node144-10g:5142
1463672857837	<INFO 7f3fdce73780> SLIPSTORE::HELP_POLICY HEURISTIC_NEW
1463672857840	<INFO 7f3fdce73780> SLIPSTORE::SERVER ASYNC
1463672857842	<INFO 7f3fdce73780> SLIPSTORE::MACHINES 8
1463672857844	<INFO 7f3fdce73780> SLIPSTORE::ME 7
1463672857847	<INFO 7f3fdce73780> SLIPSTORE::SLIPCHUNK 4194304
1463672857849	<INFO 7f3fdce73780> SLIPSTORE::QUOTA 18446744073709551615
1463672857851	<INFO 7f3fdce73780> SLIPSTORE::IO PAGECACHE
1463672857853	<INFO 7f21bf7fd700> SLIPSTORE::COMM Listening at tcp://p1p1:5142
1463672857855	<INFO 7f21bf7fd700> SLIPSTORE::COMM Listening at tcp://p1p1:5126
1463672857857	<INFO 7f21bf7fd700> SLIPSTORE::COMM Connecting to tcp://dco-node137-10g:5015
1463672857860	<INFO 7f21bf7fd700> SLIPSTORE::COMM Listening at tcp://p1p1:5127
1463672857862	<INFO 7f21bf7fd700> SLIPSTORE::COMM Connecting to tcp://dco-node138-10g:5033
1463672857864	<INFO 7f21bf7fd700> SLIPSTORE::COMM Listening at tcp://p1p1:5128
1463672857866	<INFO 7f21bf7fd700> SLIPSTORE::COMM Connecting to tcp://dco-node139-10g:5051
1463672857869	<INFO 7f21bf7fd700> SLIPSTORE::COMM Listening at tcp://p1p1:5129
1463672857871	<INFO 7f21bf7fd700> SLIPSTORE::COMM Connecting to tcp://dco-node140-10g:5069
1463672857873	<INFO 7f21bf7fd700> SLIPSTORE::COMM Listening at tcp://p1p1:5130
1463672857875	<INFO 7f21bf7fd700> SLIPSTORE::COMM Connecting to tcp://dco-node141-10g:5087
1463672857877	<INFO 7f21bf7fd700> SLIPSTORE::COMM Listening at tcp://p1p1:5131
1463672857879	<INFO 7f21bf7fd700> SLIPSTORE::COMM Connecting to tcp://dco-node142-10g:5105
1463672857883	<INFO 7f21bf7fd700> SLIPSTORE::COMM Listening at tcp://p1p1:5132
1463672857885	<INFO 7f21bf7fd700> SLIPSTORE::COMM Connecting to tcp://dco-node143-10g:5123
1463672857887	<INFO 7f21bf7fd700> SLIPSTORE::COMM Listening at ipc://server
1463672857889	<INFO 7f21bf7fd700> SLIPSTORE::COMM Connecting to ipc://client
1463672857901	<INFO 7f3fdce73780> SLIPSTORE::CHECKPOINTS NONE FOUND
1463672857903	<INFO 7f3fdce73780> 2016-05-19 17:47:37 Start edge split
1463673015856	<INFO 7f3fdce73780> 2016-05-19 17:50:15 Completed init
1463673016979	<INFO 7f3fdce73780> 2016-05-19 17:50:16 Started gather
1463673019317	<INFO 7f3fdce73780> 2016-05-19 17:50:19 Completed gather
1463673019488	<INFO 7f3fdce73780> 2016-05-19 17:50:19 Started scatter
1463673030886	<INFO 7f3fdce73780> 2016-05-19 17:50:30 Completed scatter
1463673030971	<INFO 7f3fdce73780> 2016-05-19 17:50:30 Started helping 0
1463673084485	<INFO 7f3fdce73780> 2016-05-19 17:51:24 Completed helping 0
1463673085030	<INFO 7f3fdce73780> 2016-05-19 17:51:25 Completed phase 1 Bytes read 26865994480 Bytes written 13851199944
1463673085053	<INFO 7f3fdce73780> 2016-05-19 17:51:25 Started gather
1463673087250	<INFO 7f3fdce73780> 2016-05-19 17:51:27 Completed gather
1463673087539	<INFO 7f3fdce73780> 2016-05-19 17:51:27 Started scatter
1463673100055	<INFO 7f3fdce73780> 2016-05-19 17:51:40 Completed scatter
1463673100869	<INFO 7f3fdce73780> 2016-05-19 17:51:40 Started helping 0
1463673190905	<INFO 7f3fdce73780> 2016-05-19 17:53:10 Completed helping 0
1463673195394	<INFO 7f3fdce73780> 2016-05-19 17:53:15 Completed phase 2 Bytes read 40851412152 Bytes written 18873740880
1463673195416	<INFO 7f3fdce73780> 2016-05-19 17:53:15 Started gather
1463673208124	<INFO 7f3fdce73780> 2016-05-19 17:53:28 Completed gather
1463673208261	<INFO 7f3fdce73780> 2016-05-19 17:53:28 Started helping 0
1463673224063	<INFO 7f3fdce73780> 2016-05-19 17:53:44 Completed helping 0
1463673232546	<INFO 7f3fdce73780> 2016-05-19 17:53:52 Started scatter
1463673245859	<INFO 7f3fdce73780> 2016-05-19 17:54:05 Completed scatter
1463673247609	<INFO 7f3fdce73780> 2016-05-19 17:54:07 Started helping 0
1463673327911	<INFO 7f3fdce73780> 2016-05-19 17:55:27 Completed helping 0
1463673328053	<INFO 7f3fdce73780> 2016-05-19 17:55:28 Started helping 1
1463673332546	<INFO 7f3fdce73780> 2016-05-19 17:55:32 Completed helping 1
1463673332630	<INFO 7f3fdce73780> 2016-05-19 17:55:32 Completed phase 3 Bytes read 59888600112 Bytes written 23034480512
1463673332650	<INFO 7f3fdce73780> 2016-05-19 17:55:32 Started gather
1463673343372	<INFO 7f3fdce73780> 2016-05-19 17:55:43 Completed gather
1463673343438	<INFO 7f3fdce73780> 2016-05-19 17:55:43 Started helping 0
1463673356607	<INFO 7f3fdce73780> 2016-05-19 17:55:56 Completed helping 0
1463673364463	<INFO 7f3fdce73780> 2016-05-19 17:56:04 Started scatter
1463673373716	<INFO 7f3fdce73780> 2016-05-19 17:56:13 Completed scatter
1463673373892	<INFO 7f3fdce73780> 2016-05-19 17:56:13 Started helping 0
1463673428072	<INFO 7f3fdce73780> 2016-05-19 17:57:08 Completed helping 0
1463673429537	<INFO 7f3fdce73780> 2016-05-19 17:57:09 Completed phase 4 Bytes read 77896214608 Bytes written 23324213184
1463673429558	<INFO 7f3fdce73780> 2016-05-19 17:57:09 Started gather
1463673431807	<INFO 7f3fdce73780> 2016-05-19 17:57:11 Completed gather
1463673432162	<INFO 7f3fdce73780> 2016-05-19 17:57:12 Started scatter
1463673443360	<INFO 7f3fdce73780> 2016-05-19 17:57:23 Completed scatter
1463673443579	<INFO 7f3fdce73780> 2016-05-19 17:57:23 Started helping 0
1463673495565	<INFO 7f3fdce73780> 2016-05-19 17:58:15 Completed helping 0
1463673496896	<INFO 7f3fdce73780> 2016-05-19 17:58:16 Completed phase 5 Bytes read 91898604416 Bytes written 23592703176
1463673496915	<INFO 7f3fdce73780> 2016-05-19 17:58:16 Started gather
1463673499150	<INFO 7f3fdce73780> 2016-05-19 17:58:19 Completed gather
1463673499293	<INFO 7f3fdce73780> 2016-05-19 17:58:19 Started scatter
1463673509347	<INFO 7f3fdce73780> 2016-05-19 17:58:29 Completed scatter
1463673509379	<INFO 7f3fdce73780> 2016-05-19 17:58:29 Started helping 0
1463673562346	<INFO 7f3fdce73780> 2016-05-19 17:59:22 Completed helping 0
1463673564023	<INFO 7f3fdce73780> 2016-05-19 17:59:24 Completed phase 6 Bytes read 105879751544 Bytes written 23861138760
1463673564044	<INFO 7f3fdce73780> 2016-05-19 17:59:24 Started gather
1463673566263	<INFO 7f3fdce73780> 2016-05-19 17:59:26 Completed gather
1463673566454	<INFO 7f3fdce73780> 2016-05-19 17:59:26 Started scatter
1463673577156	<INFO 7f3fdce73780> 2016-05-19 17:59:37 Completed scatter
1463673577283	<INFO 7f3fdce73780> 2016-05-19 17:59:37 Started helping 0
1463673629431	<INFO 7f3fdce73780> 2016-05-19 18:00:29 Completed helping 0
1463673630662	<INFO 7f3fdce73780> 2016-05-19 18:00:30 Completed phase 7 Bytes read 119860844264 Bytes written 24129574216
1463673630665	<INFO 7f3fdce73780> ALGORITHM::BFS::VERTICES_DISCOVERED 8412615
1463673630667	<INFO 7f3fdce73780> ALGORITHM::BFS::EDGES_EXPLORED 1008609813
1463673630669	<INFO 7f3fdce73780> CORE::PARTITIONS_PROCESSED 78
1463673630672	<INFO 7f3fdce73780> CORE::BYTES::EDGES_STREAMED 8999697816
1463673630674	<INFO 7f3fdce73780> CORE::BYTES::UPDATES_OUT 822148392
1463673630676	<INFO 7f3fdce73780> CORE::BYTES::UPDATES_IN 713028880
1463673630679	<INFO 7f21bd7f9700> CORE::PARTITIONS_PROCESSED 206
1463673630681	<INFO 7f21b3fff700> CORE::PARTITIONS_PROCESSED 190
1463673630683	<INFO 7f21b3fff700> CORE::BYTES::EDGES_STREAMED 10489106328
1463673630685	<INFO 7f21b3fff700> CORE::BYTES::UPDATES_OUT 1069101840
1463673630688	<INFO 7f21bd7f9700> CORE::BYTES::EDGES_STREAMED 10462819788
1463673630690	<INFO 7f21b3fff700> CORE::BYTES::UPDATES_IN 639447768
1463673630692	<INFO 7f21bd7f9700> CORE::BYTES::UPDATES_OUT 939647112
1463673630695	<INFO 7f21bd7f9700> CORE::BYTES::UPDATES_IN 710470400
1463673630697	<INFO 7f21b37fe700> CORE::PARTITIONS_PROCESSED 192
1463673630699	<INFO 7f21be7fb700> CORE::PARTITIONS_PROCESSED 148
1463673630702	<INFO 7f21bdffa700> CORE::PARTITIONS_PROCESSED 158
1463673630704	<INFO 7f21bcff8700> CORE::PARTITIONS_PROCESSED 150
1463673630706	<INFO 7f21bdffa700> CORE::BYTES::EDGES_STREAMED 7956749124
1463673630708	<INFO 7f21b37fe700> CORE::BYTES::EDGES_STREAMED 10876799712
1463673630711	<INFO 7f21bdffa700> CORE::BYTES::UPDATES_OUT 800631024
1463673630714	<INFO 7f21bcff8700> CORE::BYTES::EDGES_STREAMED 10267489080
1463673630716	<INFO 7f21b37fe700> CORE::BYTES::UPDATES_OUT 968459512
1463673630718	<INFO 7f21b2ffd700> CORE::PARTITIONS_PROCESSED 228
1463673630721	<INFO 7f21be7fb700> CORE::BYTES::EDGES_STREAMED 9619267152
1463673630723	<INFO 7f21bdffa700> CORE::BYTES::UPDATES_IN 670763304
1463673630725	<INFO 7f21b37fe700> CORE::BYTES::UPDATES_IN 730111392
1463673630729	<INFO 7f21bcff8700> CORE::BYTES::UPDATES_OUT 993874504
1463673630731	<INFO 7f21b2ffd700> CORE::BYTES::EDGES_STREAMED 16438811124
1463673630733	<INFO 7f21b2ffd700> CORE::BYTES::UPDATES_OUT 1582527816
1463673630736	<INFO 7f21bcff8700> CORE::BYTES::UPDATES_IN 727149744
1463673630738	<INFO 7f21be7fb700> CORE::BYTES::UPDATES_OUT 892488304
1463673630741	<INFO 7f21b2ffd700> CORE::BYTES::UPDATES_IN 1185287552
1463673630743	<INFO 7f21be7fb700> CORE::BYTES::UPDATES_IN 537303016
1463673630745	<INFO 7f21bf7fd700> SLIPSTORE service is exiting
1463673630747	<INFO 7f21bf7fd700> SLIPSTORE::HELP_OFFERS_RECVD 98
1463673630750	<INFO 7f21bf7fd700> SLIPSTORE::HELP_OFFERS_ACCEPTED 0
1463673630752	<INFO 7f21bf7fd700> SLIPSTORE::HELP_ACCEPTANCE_RATIO 0
1463673630754	<INFO 7f21bf7fd700> SLIPSTORE::SERVER_BUSY_DISK  724.918 seconds
1463673630757	<INFO 7f21bf7fd700> SLIPSTORE::SERVER_BUSY_MEM  0.376709 seconds
1463673630759	<INFO 7f21bf7fd700> SLIPSTORE::SERVER_TOTAL  772.941 seconds
1463673630762	<INFO 7f3fdce73780> SLIPSTORE::CLIENT::DISK_READ_TIME  594.818 seconds
1463673630764	<INFO 7f3fdce73780> SLIPSTORE::CLIENT::MEM_READ_TIME  0 seconds
1463673630766	<INFO 7f3fdce73780> SLIPSTORE::CLIENT::DISK_BYTES_READ 110158704924
1463673630769	<INFO 7f3fdce73780> SLIPSTORE::CLIENT::MEM_BYTES_READ 0
1463673630771	<INFO 7f3fdce73780> SLIPSTORE::CLIENT::WRITE_TIME  143.362 seconds
1463673630773	<INFO 7f3fdce73780> SLIPSTORE::CLIENT::BYTES_WRITTEN 2147483648
1463673630776	<INFO 7f3fdce73780> SLIPSTORE::CLIENT_BUSY  738.179 seconds
1463673630779	<INFO 7f3fdce73780> SLIPSTORE::IO::TIME 592.473 seconds
1463673630782	<INFO 7f3fdce73780> SLIPSTORE::SNAP::TIME 0 seconds
1463673630784	<INFO 7f3fdce73780> SLIPSTORE::MAX_DISK_USAGE_BYTES 18332544888
1463673630786	<INFO 7f3fdce73780> CORE::RUSAGE::MAX_RSS_KB 125937960
1463673630788	<INFO 7f3fdce73780> CORE::RUSAGE::MINFLT 42449821
1463673630791	<INFO 7f3fdce73780> CORE::RUSAGE::MAJFLT 4
1463673630793	<INFO 7f3fdce73780> CORE::RUSAGE::MAJFLT 4
1463673630795	<INFO 7f3fdce73780> CORE::RUSAGE::INBLK 220459320
1463673630797	<INFO 7f3fdce73780> CORE::RUSAGE::OUBLK 47132184
1463673630800	<INFO 7f3fdce73780> CORE::UTILS::BYTES_READ 119860844264
1463673630802	<INFO 7f3fdce73780> CORE::UTILS::BYTES_WRITTEN 24129574216
1463673630805	<INFO 7f3fdce73780> CORE::UTILS::TILE_COPY_BYTES 6442450944
1463673630807	<INFO 7f3fdce73780> CORE::TIME::IO_WAIT 644.546 seconds
1463673630809	<INFO 7f3fdce73780> CORE::TIME_TILE_COPY 63.1799 seconds
1463673630811	<INFO 7f3fdce73780> CORE::TIME_TILE_MERGE 0 seconds
1463673630814	<INFO 7f3fdce73780> CORE::TIME_PROCESSING_STOLEN 400.267 seconds
1463673630816	<INFO 7f3fdce73780> CORE::TIME_MERGE_WAIT 5.1445 seconds
1463673630818	<INFO 7f3fdce73780> CORE::OTHER_TIME_ALL_MC_BARRIER 0 seconds
1463673630820	<INFO 7f3fdce73780> CORE::SCATTER_TIME_ALL_MC_BARRIER 9.87878 seconds
1463673630823	<INFO 7f3fdce73780> CORE::GATHER_TIME_ALL_MC_BARRIER 0.015912 seconds
1463673630825	<INFO 7f3fdce73780> CORE::INIT_TIME_ALL_MC_BARRIER 2.74274 seconds
1463673630827	<INFO 7f3fdce73780> CORE::SHUT_DOWN_TIME_ALL_MC_BARRIER 0.003311 seconds
1463673630830	<INFO 7f3fdce73780> CORE::STREAM_SKIP_BEFORE_TIME_ALL_MC_BARRIER 0.223855 seconds
1463673630832	<INFO 7f3fdce73780> CORE::TAKE_CHECKPOINT_BEFORE_TIME_ALL_MC_BARRIER 0 seconds
1463673630834	<INFO 7f3fdce73780> CORE::TAKE_CHECKPOINT_COMPLETE_TIME_ALL_MC_BARRIER 0 seconds
1463673630837	<INFO 7f3fdce73780> CORE::METADATA_WRITE_COMPLETE_TIME_ALL_MC_BARRIER 0 seconds
1463673630839	<INFO 7f3fdce73780> CORE::STREAM_EOF_BEFORE_TIME_ALL_MC_BARRIER 0 seconds
1463673630841	<INFO 7f3fdce73780> CORE::STREAM_EOF_AFTER_TIME_ALL_MC_BARRIER 0 seconds
1463673630843	<INFO 7f3fdce73780> CORE::STATE_LOAD_TIME_ALL_MC_BARRIER 0 seconds
1463673630846	<INFO 7f3fdce73780> CORE::STATE_STORE_TIME_ALL_MC_BARRIER 0 seconds
1463673630848	<INFO 7f3fdce73780> CORE::WORK_STEALING_COST_GATHER 28.9705 seconds
1463673630851	<INFO 7f3fdce73780> CORE::WORK_STEALING_COST_SCATTER 439.623 seconds
1463673630853	<INFO 7f3fdce73780> CORE::PHASES 7
1463673630855	<INFO 7f3fdce73780> CORE::TIME::SETUP 1.98533 seconds
1463673630858	<INFO 7f3fdce73780> CORE::TIME::INIT_PARTITIONS_TIME 157.954 seconds
1463673630860	<INFO 7f3fdce73780> CORE::TIME::STATE_ITER 0.905972 seconds
1463673630862	<INFO 7f3fdce73780> CORE::TIME::GATHER 81.5216 seconds
1463673630865	<INFO 7f3fdce73780> CORE::TIME::SCATTER 532.12 seconds
1463673630867	<INFO 7f3fdce73780> CORE::TIME::WALL 774.749 seconds
1463673630869	<INFO 7f3fdce73780> SHUTDOWN
