1463632949572	<INFO 7f221fe49780> 2016-05-19 06:42:29 STARTUP
1463632949574	<INFO 7f221fe49780> CORE::GRAPH rmat-28-und_s8
1463632949577	<INFO 7f221fe49780> CORE::ALGORITHM bfs
1463632949579	<INFO 7f221fe49780> CORE::VERTEX_STRIPING ON
1463632949582	<INFO 7f221fe49780> CORE::OPTIMIZED_STATE_LOAD_STORE OFF
1463632949584	<INFO 7f221fe49780> CORE::BINARY_SEARCH_SUPER_PARTITION ON
1463632949586	<INFO 7f221fe49780> CORE::SUPER_PARTITION_COMPUTED_FOR_EACH_SCATTER_GATHER_PHASE
1463632949589	<INFO 7f221fe49780> CORE::EDGE_STRIPING ON
1463632949591	<INFO 7f221fe49780> CORE::BATCH IO ON
1463632949593	<INFO 7f221fe49780> CORE::GRID_PARTITIONING OFF
1463632949596	<INFO 7f221fe49780> 2016-05-19 06:42:29 Blocking memory amount 126701535232
1463633059735	<INFO 7f221fe49780> 2016-05-19 06:44:19 Done blocking memory
1463633059738	<INFO 7f221fe49780> SG-DRIVER-ORIGINAL
1463633059741	<INFO 7f221fe49780> 2016-05-19 06:44:19 START read config parameters
1463633059743	<INFO 7f221fe49780> PARTITIONING::OLD 1
1463633059745	<INFO 7f221fe49780> PARTITIONING::BALANCED_PARTITIONS 0
1463633059747	<INFO 7f221fe49780> CORE::CONFIG::PROCESSORS 8
1463633059750	<INFO 7f221fe49780> CORE::CONFIG::PHYSICAL_MEMORY 2147483648
1463633059753	<INFO 7f221fe49780> CORE::CONFIG::VERTICES 268435456
1463633059755	<INFO 7f221fe49780> CORE::CONFIG::VERTEX_SIZE 8
1463633059757	<INFO 7f221fe49780> CORE::CONFIG::VERTEX_BUFFER 268435456
1463633059759	<INFO 7f221fe49780> CORE::CONFIG::EDGES 1073741824
1463633059761	<INFO 7f221fe49780> CORE::CONFIG::PARTITIONS 64
1463633059763	<INFO 7f221fe49780> CORE::CONFIG::FANOUT 64
1463633059765	<INFO 7f221fe49780> CORE::CONFIG::SUPER_PARTITIONS 8
1463633059767	<INFO 7f221fe49780> CORE::CONFIG::MACHINE_ID 2
1463633059769	<INFO 7f221fe49780> CORE::CONFIG::TILES 1
1463633059772	<INFO 7f221fe49780> CORE::CONFIG::BUFFER_SIZE 375808512
1463633059774	<INFO 7f221fe49780> CORE::CONFIG::MAX_BUFFERS 4
1463633059776	<INFO 7f221fe49780> CORE::CONFIG::MAX_STREAMS 4
1463633059778	<INFO 7f221fe49780> CORE::CONFIG::SUM_OF_OUT_DEGREES_FOR_NEW_PARTITIONS::FIRST_CONSTRAINT 33554432
1463633059780	<INFO 7f221fe49780> CORE::CONFIG::MAX_EDGES_PER_NEW_PARTITION::SECOND_CONSTRAINT 134217728
1463633059782	<INFO 7f221fe49780> SLIPSTREAM::EXT_MEM_SHUFFLE OFF
1463633059784	<INFO 7f221fe49780> 2016-05-19 06:44:19 END read config parameters
1463633061725	<WARNING 7f221fe49780> Unable to unlink file (stream.0.0.0):No such file or directory
1463633061728	<WARNING 7f221fe49780> Unable to unlink file (stream.0.1.0):No such file or directory
1463633061730	<WARNING 7f221fe49780> Unable to unlink file (stream.0.2.0):No such file or directory
1463633061732	<WARNING 7f221fe49780> Unable to unlink file (stream.0.3.0):No such file or directory
1463633061735	<WARNING 7f221fe49780> Unable to unlink file (stream.0.4.0):No such file or directory
1463633061737	<WARNING 7f221fe49780> Unable to unlink file (stream.0.5.0):No such file or directory
1463633061739	<WARNING 7f221fe49780> Unable to unlink file (stream.0.6.0):No such file or directory
1463633061741	<WARNING 7f221fe49780> Unable to unlink file (stream.0.7.0):No such file or directory
1463633061743	<WARNING 7f221fe49780> Unable to unlink file (stream.1.1.0):No such file or directory
1463633061745	<WARNING 7f221fe49780> Unable to unlink file (stream.1.2.0):No such file or directory
1463633061748	<WARNING 7f221fe49780> Unable to unlink file (stream.1.3.0):No such file or directory
1463633061750	<WARNING 7f221fe49780> Unable to unlink file (stream.1.4.0):No such file or directory
1463633061752	<WARNING 7f221fe49780> Unable to unlink file (stream.1.5.0):No such file or directory
1463633061754	<WARNING 7f221fe49780> Unable to unlink file (stream.1.6.0):No such file or directory
1463633061756	<WARNING 7f221fe49780> Unable to unlink file (stream.1.7.0):No such file or directory
1463633061758	<WARNING 7f221fe49780> Unable to unlink file (stream.2.0.0):No such file or directory
1463633061760	<WARNING 7f221fe49780> Unable to unlink file (stream.2.1.0):No such file or directory
1463633061762	<WARNING 7f221fe49780> Unable to unlink file (stream.2.2.0):No such file or directory
1463633061764	<WARNING 7f221fe49780> Unable to unlink file (stream.2.3.0):No such file or directory
1463633061793	<WARNING 7f221fe49780> Unable to unlink file (stream.2.4.0):No such file or directory
1463633061816	<WARNING 7f221fe49780> Unable to unlink file (stream.2.5.0):No such file or directory
1463633061856	<WARNING 7f221fe49780> Unable to unlink file (stream.2.6.0):No such file or directory
1463633061880	<WARNING 7f221fe49780> Unable to unlink file (stream.2.7.0):No such file or directory
1463633061920	<WARNING 7f221fe49780> Unable to unlink file (stream.3.0.0):No such file or directory
1463633061944	<WARNING 7f221fe49780> Unable to unlink file (stream.3.1.0):No such file or directory
1463633061969	<WARNING 7f221fe49780> Unable to unlink file (stream.3.2.0):No such file or directory
1463633061996	<WARNING 7f221fe49780> Unable to unlink file (stream.3.3.0):No such file or directory
1463633062036	<WARNING 7f221fe49780> Unable to unlink file (stream.3.4.0):No such file or directory
1463633062056	<WARNING 7f221fe49780> Unable to unlink file (stream.3.5.0):No such file or directory
1463633062100	<WARNING 7f221fe49780> Unable to unlink file (stream.3.6.0):No such file or directory
1463633062124	<WARNING 7f221fe49780> Unable to unlink file (stream.3.7.0):No such file or directory
1463633062164	<INFO 7f221fe49780> SLIPSTORE::ZMQ_THREADS 2
1463633062200	<INFO 7f221fe49780> SLIPSTORE::COMM Connecting to tcp://dco-node137-10g:5016
1463633062220	<INFO 7f221fe49780> SLIPSTORE::COMM Connecting to tcp://dco-node138-10g:5034
1463633062264	<INFO 7f221fe49780> SLIPSTORE::COMM Connecting to tcp://dco-node139-10g:5052
1463633062296	<INFO 7f221fe49780> SLIPSTORE::COMM Connecting to tcp://dco-node140-10g:5070
1463633062348	<INFO 7f221fe49780> SLIPSTORE::COMM Connecting to tcp://dco-node141-10g:5088
1463633062368	<INFO 7f221fe49780> SLIPSTORE::COMM Connecting to tcp://dco-node142-10g:5106
1463633062408	<INFO 7f221fe49780> SLIPSTORE::COMM Connecting to tcp://dco-node143-10g:5124
1463633062428	<INFO 7f221fe49780> SLIPSTORE::COMM Connecting to tcp://dco-node144-10g:5142
1463633062484	<INFO 7f221fe49780> SLIPSTORE::COMM Listening at tcp://p1p1:5044
1463633062512	<INFO 7f221fe49780> SLIPSTORE::COMM Listening at tcp://p1p1:5045
1463633062545	<INFO 7f221fe49780> SLIPSTORE::COMM Listening at ipc://client
1463633062572	<INFO 7f221fe49780> SLIPSTORE::COMM Listening at tcp://p1p1:5047
1463633062608	<INFO 7f221fe49780> SLIPSTORE::COMM Listening at tcp://p1p1:5048
1463633062628	<INFO 7f221fe49780> SLIPSTORE::COMM Listening at tcp://p1p1:5049
1463633062652	<INFO 7f221fe49780> SLIPSTORE::COMM Listening at tcp://p1p1:5050
1463633062676	<INFO 7f221fe49780> SLIPSTORE::COMM Listening at tcp://p1p1:5051
1463633062740	<INFO 7f221fe49780> SLIPSTORE::COMM Connecting to tcp://dco-node137-10g:5016
1463633062772	<INFO 7f221fe49780> SLIPSTORE::COMM Connecting to tcp://dco-node138-10g:5034
1463633062808	<INFO 7f221fe49780> SLIPSTORE::COMM Connecting to tcp://dco-node139-10g:5052
1463633062836	<INFO 7f221fe49780> SLIPSTORE::COMM Connecting to tcp://dco-node140-10g:5070
1463633062856	<INFO 7f221fe49780> SLIPSTORE::COMM Connecting to tcp://dco-node141-10g:5088
1463633062892	<INFO 7f221fe49780> SLIPSTORE::COMM Connecting to tcp://dco-node142-10g:5106
1463633062924	<INFO 7f221fe49780> SLIPSTORE::COMM Connecting to tcp://dco-node143-10g:5124
1463633062960	<INFO 7f221fe49780> SLIPSTORE::COMM Connecting to tcp://dco-node144-10g:5142
1463633062988	<INFO 7f221fe49780> SLIPSTORE::COMM Connecting to tcp://dco-node137-10g:5002
1463633063009	<INFO 7f221fe49780> SLIPSTORE::COMM Connecting to tcp://dco-node138-10g:5020
1463633063056	<INFO 7f221fe49780> SLIPSTORE::COMM Connecting to ipc://server
1463633063096	<INFO 7f221fe49780> SLIPSTORE::COMM Connecting to tcp://dco-node140-10g:5056
1463633063125	<INFO 7f221fe49780> SLIPSTORE::COMM Connecting to tcp://dco-node141-10g:5074
1463633063156	<INFO 7f221fe49780> SLIPSTORE::COMM Connecting to tcp://dco-node142-10g:5092
1463633063188	<INFO 7f221fe49780> SLIPSTORE::COMM Connecting to tcp://dco-node143-10g:5110
1463633063208	<INFO 7f221fe49780> SLIPSTORE::COMM Connecting to tcp://dco-node144-10g:5128
1463633063236	<INFO 7f221fe49780> SLIPSTORE::COMM Connecting to tcp://dco-node140-10g:5071
1463633063268	<INFO 7f221fe49780> SLIPSTORE::COMM Listening at tcp://p1p1:5053
1463633063290	<INFO 7f221fe49780> SLIPSTORE::COMM Connecting to tcp://dco-node139-10g:5052
1463633063324	<INFO 7f221fe49780> SLIPSTORE::HELP_POLICY NONE
1463633063349	<INFO 7f221fe49780> SLIPSTORE::SERVER ASYNC
1463633063368	<INFO 7f221fe49780> SLIPSTORE::MACHINES 8
1463633063398	<INFO 7f221fe49780> SLIPSTORE::ME 2
1463633063432	<INFO 7f221fe49780> SLIPSTORE::SLIPCHUNK 4194304
1463633063456	<INFO 7f221fe49780> SLIPSTORE::QUOTA 18446744073709551615
1463633063484	<INFO 7f221fe49780> SLIPSTORE::IO PAGECACHE
1463633063528	<INFO 7f04027f9700> SLIPSTORE::COMM Listening at tcp://p1p1:5052
1463633063576	<INFO 7f04027f9700> SLIPSTORE::COMM Listening at tcp://p1p1:5036
1463633063608	<INFO 7f04027f9700> SLIPSTORE::COMM Connecting to tcp://dco-node137-10g:5010
1463633063636	<INFO 7f04027f9700> SLIPSTORE::COMM Listening at tcp://p1p1:5037
1463633063668	<INFO 7f04027f9700> SLIPSTORE::COMM Connecting to tcp://dco-node138-10g:5028
1463633063671	<INFO 7f04027f9700> SLIPSTORE::COMM Listening at ipc://server
1463633063674	<INFO 7f04027f9700> SLIPSTORE::COMM Connecting to ipc://client
1463633063678	<INFO 7f04027f9700> SLIPSTORE::COMM Listening at tcp://p1p1:5039
1463633063689	<INFO 7f04027f9700> SLIPSTORE::COMM Connecting to tcp://dco-node140-10g:5064
1463633063692	<INFO 7f04027f9700> SLIPSTORE::COMM Listening at tcp://p1p1:5040
1463633063694	<INFO 7f04027f9700> SLIPSTORE::COMM Connecting to tcp://dco-node141-10g:5082
1463633063699	<INFO 7f04027f9700> SLIPSTORE::COMM Listening at tcp://p1p1:5041
1463633063705	<INFO 7f04027f9700> SLIPSTORE::COMM Connecting to tcp://dco-node142-10g:5100
1463633063709	<INFO 7f04027f9700> SLIPSTORE::COMM Listening at tcp://p1p1:5042
1463633063712	<INFO 7f04027f9700> SLIPSTORE::COMM Connecting to tcp://dco-node143-10g:5118
1463633063715	<INFO 7f04027f9700> SLIPSTORE::COMM Listening at tcp://p1p1:5043
1463633063723	<INFO 7f04027f9700> SLIPSTORE::COMM Connecting to tcp://dco-node144-10g:5136
1463633063725	<INFO 7f221fe49780> SLIPSTORE::CHECKPOINTS NONE FOUND
1463633063728	<INFO 7f221fe49780> 2016-05-19 06:44:23 Start edge split
1463633410776	<INFO 7f221fe49780> 2016-05-19 06:50:10 Completed init
1463633417220	<INFO 7f221fe49780> 2016-05-19 06:50:17 Started gather
1463633424117	<INFO 7f221fe49780> 2016-05-19 06:50:24 Completed gather
1463633426385	<INFO 7f221fe49780> 2016-05-19 06:50:26 Started scatter
1463633502756	<INFO 7f221fe49780> 2016-05-19 06:51:42 Completed scatter
1463633641596	<INFO 7f221fe49780> 2016-05-19 06:54:01 Completed phase 1 Bytes read 29031770828 Bytes written 16150400092
1463633641672	<INFO 7f221fe49780> 2016-05-19 06:54:01 Started gather
1463633648492	<INFO 7f221fe49780> 2016-05-19 06:54:08 Completed gather
1463633657004	<INFO 7f221fe49780> 2016-05-19 06:54:16 Started scatter
1463633783865	<INFO 7f221fe49780> 2016-05-19 06:56:23 Completed scatter
1463633966468	<INFO 7f221fe49780> 2016-05-19 06:59:26 Completed phase 2 Bytes read 45182170920 Bytes written 21145714764
1463633966536	<INFO 7f221fe49780> 2016-05-19 06:59:26 Started gather
1463633994968	<INFO 7f221fe49780> 2016-05-19 06:59:54 Completed gather
1463634035644	<INFO 7f221fe49780> 2016-05-19 07:00:35 Started scatter
1463634165340	<INFO 7f221fe49780> 2016-05-19 07:02:45 Completed scatter
1463634316564	<INFO 7f221fe49780> 2016-05-19 07:05:16 Completed phase 3 Bytes read 66055919076 Bytes written 25385568644
1463634316729	<INFO 7f221fe49780> 2016-05-19 07:05:16 Started gather
1463634337721	<INFO 7f221fe49780> 2016-05-19 07:05:37 Completed gather
1463634369427	<INFO 7f221fe49780> 2016-05-19 07:06:09 Started scatter
1463634452008	<INFO 7f221fe49780> 2016-05-19 07:07:31 Completed scatter
1463634538800	<INFO 7f221fe49780> 2016-05-19 07:08:58 Completed phase 4 Bytes read 86174206440 Bytes written 25678143052
1463634538905	<INFO 7f221fe49780> 2016-05-19 07:08:58 Started gather
1463634548241	<INFO 7f221fe49780> 2016-05-19 07:09:08 Completed gather
1463634553084	<INFO 7f221fe49780> 2016-05-19 07:09:13 Started scatter
1463634635367	<INFO 7f221fe49780> 2016-05-19 07:10:35 Completed scatter
1463634760732	<INFO 7f221fe49780> 2016-05-19 07:12:40 Completed phase 5 Bytes read 102345214332 Bytes written 25946633964
1463634760865	<INFO 7f221fe49780> 2016-05-19 07:12:40 Started gather
1463634776197	<INFO 7f221fe49780> 2016-05-19 07:12:56 Completed gather
1463634779201	<INFO 7f221fe49780> 2016-05-19 07:12:59 Started scatter
1463634847624	<INFO 7f221fe49780> 2016-05-19 07:14:07 Completed scatter
1463634994120	<INFO 7f221fe49780> 2016-05-19 07:16:34 Completed phase 6 Bytes read 118492138728 Bytes written 26215069572
1463634994177	<INFO 7f221fe49780> 2016-05-19 07:16:34 Started gather
1463635001475	<INFO 7f221fe49780> 2016-05-19 07:16:41 Completed gather
1463635008553	<INFO 7f221fe49780> 2016-05-19 07:16:48 Started scatter
1463635087638	<INFO 7f221fe49780> 2016-05-19 07:18:07 Completed scatter
1463635220430	<INFO 7f221fe49780> 2016-05-19 07:20:20 Completed phase 7 Bytes read 134639007820 Bytes written 26483505028
1463635220434	<INFO 7f221fe49780> ALGORITHM::BFS::VERTICES_DISCOVERED 17487696
1463635220440	<INFO 7f221fe49780> ALGORITHM::BFS::EDGES_EXPLORED 1190787168
1463635220468	<INFO 7f221fe49780> CORE::PARTITIONS_PROCESSED 101
1463635220493	<INFO 7f221fe49780> CORE::BYTES::EDGES_STREAMED 11426585928
1463635220495	<INFO 7f221fe49780> CORE::BYTES::UPDATES_OUT 1051109112
1463635220498	<INFO 7f221fe49780> CORE::BYTES::UPDATES_IN 889949928
1463635220501	<INFO 7f03f5ffb700> CORE::PARTITIONS_PROCESSED 325
1463635220503	<INFO 7f03f67fc700> CORE::PARTITIONS_PROCESSED 267
1463635220506	<INFO 7f03f7fff700> CORE::PARTITIONS_PROCESSED 305
1463635220509	<INFO 7f03f7fff700> CORE::BYTES::EDGES_STREAMED 12706282584
1463635220511	<INFO 7f03f5ffb700> CORE::BYTES::EDGES_STREAMED 13989440004
1463635220514	<INFO 7f03f7fff700> CORE::BYTES::UPDATES_OUT 1203682912
1463635220551	<INFO 7f03f5ffb700> CORE::BYTES::UPDATES_OUT 1494301480
1463635220632	<INFO 7f03f7fff700> CORE::BYTES::UPDATES_IN 1444878016
1463635220647	<INFO 7f03f67fc700> CORE::BYTES::EDGES_STREAMED 13377003168
1463635220650	<INFO 7f0400ff6700> CORE::PARTITIONS_PROCESSED 230
1463635220668	<INFO 7f03f6ffd700> CORE::PARTITIONS_PROCESSED 276
1463635220682	<INFO 7f03f5ffb700> CORE::BYTES::UPDATES_IN 1417315832
1463635220685	<INFO 7f04017f7700> CORE::PARTITIONS_PROCESSED 217
1463635220688	<INFO 7f0400ff6700> CORE::BYTES::EDGES_STREAMED 10761991212
1463635220690	<INFO 7f04017f7700> CORE::BYTES::EDGES_STREAMED 11755867812
1463635220693	<INFO 7f04017f7700> CORE::BYTES::UPDATES_OUT 1106592752
1463635220696	<INFO 7f0400ff6700> CORE::BYTES::UPDATES_OUT 1022638056
1463635220698	<INFO 7f04017f7700> CORE::BYTES::UPDATES_IN 1011596032
1463635220701	<INFO 7f0400ff6700> CORE::BYTES::UPDATES_IN 1132107608
1463635220704	<INFO 7f03f6ffd700> CORE::BYTES::EDGES_STREAMED 13521055692
1463635220706	<INFO 7f03f6ffd700> CORE::BYTES::UPDATES_OUT 1254598960
1463635220708	<INFO 7f03f6ffd700> CORE::BYTES::UPDATES_IN 1306854944
1463635220711	<INFO 7f03f67fc700> CORE::BYTES::UPDATES_OUT 1243441592
1463635220713	<INFO 7f03f67fc700> CORE::BYTES::UPDATES_IN 1168339544
1463635220716	<INFO 7f03f77fe700> CORE::PARTITIONS_PROCESSED 213
1463635220718	<INFO 7f03f77fe700> CORE::BYTES::EDGES_STREAMED 12488766960
1463635220722	<INFO 7f03f77fe700> CORE::BYTES::UPDATES_OUT 1149932480
1463635220724	<INFO 7f03f77fe700> CORE::BYTES::UPDATES_IN 1155255440
1463635220726	<INFO 7f04027f9700> SLIPSTORE service is exiting
1463635220728	<INFO 7f04027f9700> SLIPSTORE::HELP_OFFERS_RECVD 98
1463635220730	<INFO 7f04027f9700> SLIPSTORE::HELP_OFFERS_ACCEPTED 0
1463635220733	<INFO 7f04027f9700> SLIPSTORE::HELP_ACCEPTANCE_RATIO 0
1463635220744	<INFO 7f04027f9700> SLIPSTORE::SERVER_BUSY_DISK  1222.67 seconds
1463635220755	<INFO 7f04027f9700> SLIPSTORE::SERVER_BUSY_MEM  0 seconds
1463635220758	<INFO 7f04027f9700> SLIPSTORE::SERVER_TOTAL  2158.74 seconds
1463635220760	<INFO 7f221fe49780> SLIPSTORE::CLIENT::DISK_READ_TIME  793.848 seconds
1463635220762	<INFO 7f221fe49780> SLIPSTORE::CLIENT::MEM_READ_TIME  0 seconds
1463635220765	<INFO 7f221fe49780> SLIPSTORE::CLIENT::DISK_BYTES_READ 126074641988
1463635220767	<INFO 7f221fe49780> SLIPSTORE::CLIENT::MEM_BYTES_READ 0
1463635220770	<INFO 7f221fe49780> SLIPSTORE::CLIENT::WRITE_TIME  303.18 seconds
1463635220772	<INFO 7f221fe49780> SLIPSTORE::CLIENT::BYTES_WRITTEN 2147483648
1463635220775	<INFO 7f221fe49780> SLIPSTORE::CLIENT_BUSY  1097.03 seconds
1463635220777	<INFO 7f221fe49780> SLIPSTORE::IO::TIME 764.587 seconds
1463635220779	<INFO 7f221fe49780> SLIPSTORE::SNAP::TIME 0 seconds
1463635220782	<INFO 7f221fe49780> SLIPSTORE::MAX_DISK_USAGE_BYTES 20605312700
1463635220784	<INFO 7f221fe49780> CORE::RUSAGE::MAX_RSS_KB 125953348
1463635220786	<INFO 7f221fe49780> CORE::RUSAGE::MINFLT 53247706
1463635220788	<INFO 7f221fe49780> CORE::RUSAGE::MAJFLT 577126
1463635220792	<INFO 7f221fe49780> CORE::RUSAGE::MAJFLT 577126
1463635220794	<INFO 7f221fe49780> CORE::RUSAGE::INBLK 287056800
1463635220797	<INFO 7f221fe49780> CORE::RUSAGE::OUBLK 51730944
1463635220799	<INFO 7f221fe49780> CORE::UTILS::BYTES_READ 134639007820
1463635220801	<INFO 7f221fe49780> CORE::UTILS::BYTES_WRITTEN 26483505028
1463635220804	<INFO 7f221fe49780> CORE::UTILS::TILE_COPY_BYTES 3758096384
1463635220806	<INFO 7f221fe49780> CORE::TIME::IO_WAIT 939.936 seconds
1463635220809	<INFO 7f221fe49780> CORE::TIME_TILE_COPY 0 seconds
1463635220811	<INFO 7f221fe49780> CORE::TIME_TILE_MERGE 0 seconds
1463635220813	<INFO 7f221fe49780> CORE::TIME_PROCESSING_STOLEN 0 seconds
1463635220816	<INFO 7f221fe49780> CORE::TIME_MERGE_WAIT 0 seconds
1463635220818	<INFO 7f221fe49780> CORE::OTHER_TIME_ALL_MC_BARRIER 0 seconds
1463635220821	<INFO 7f221fe49780> CORE::SCATTER_TIME_ALL_MC_BARRIER 961.512 seconds
1463635220823	<INFO 7f221fe49780> CORE::GATHER_TIME_ALL_MC_BARRIER 0.066982 seconds
1463635220825	<INFO 7f221fe49780> CORE::INIT_TIME_ALL_MC_BARRIER 3.82305 seconds
1463635220827	<INFO 7f221fe49780> CORE::SHUT_DOWN_TIME_ALL_MC_BARRIER 0.024754 seconds
1463635220830	<INFO 7f221fe49780> CORE::STREAM_SKIP_BEFORE_TIME_ALL_MC_BARRIER 0.398442 seconds
1463635220832	<INFO 7f221fe49780> CORE::TAKE_CHECKPOINT_BEFORE_TIME_ALL_MC_BARRIER 0 seconds
1463635220835	<INFO 7f221fe49780> CORE::TAKE_CHECKPOINT_COMPLETE_TIME_ALL_MC_BARRIER 0 seconds
1463635220837	<INFO 7f221fe49780> CORE::METADATA_WRITE_COMPLETE_TIME_ALL_MC_BARRIER 0 seconds
1463635220839	<INFO 7f221fe49780> CORE::STREAM_EOF_BEFORE_TIME_ALL_MC_BARRIER 0 seconds
1463635220842	<INFO 7f221fe49780> CORE::STREAM_EOF_AFTER_TIME_ALL_MC_BARRIER 0 seconds
1463635220844	<INFO 7f221fe49780> CORE::STATE_LOAD_TIME_ALL_MC_BARRIER 0 seconds
1463635220846	<INFO 7f221fe49780> CORE::STATE_STORE_TIME_ALL_MC_BARRIER 0 seconds
1463635220849	<INFO 7f221fe49780> CORE::WORK_STEALING_COST_GATHER 0 seconds
1463635220851	<INFO 7f221fe49780> CORE::WORK_STEALING_COST_SCATTER 0 seconds
1463635220853	<INFO 7f221fe49780> CORE::PHASES 7
1463635220855	<INFO 7f221fe49780> CORE::TIME::SETUP 3.89295 seconds
1463635220858	<INFO 7f221fe49780> CORE::TIME::INIT_PARTITIONS_TIME 347.191 seconds
1463635220860	<INFO 7f221fe49780> CORE::TIME::STATE_ITER 6.01628 seconds
1463635220862	<INFO 7f221fe49780> CORE::TIME::GATHER 193.492 seconds
1463635220865	<INFO 7f221fe49780> CORE::TIME::SCATTER 1608.95 seconds
1463635220867	<INFO 7f221fe49780> CORE::TIME::WALL 2160.8 seconds
1463635220870	<INFO 7f221fe49780> SHUTDOWN
