1463672751561	<INFO 7fce2d156780> 2016-05-19 17:45:51 STARTUP
1463672751564	<INFO 7fce2d156780> CORE::GRAPH rmat-28-und_s8
1463672751566	<INFO 7fce2d156780> CORE::ALGORITHM bfs
1463672751568	<INFO 7fce2d156780> CORE::VERTEX_STRIPING ON
1463672751571	<INFO 7fce2d156780> CORE::OPTIMIZED_STATE_LOAD_STORE OFF
1463672751573	<INFO 7fce2d156780> CORE::BINARY_SEARCH_SUPER_PARTITION ON
1463672751576	<INFO 7fce2d156780> CORE::SUPER_PARTITION_COMPUTED_FOR_EACH_SCATTER_GATHER_PHASE
1463672751578	<INFO 7fce2d156780> CORE::EDGE_STRIPING ON
1463672751580	<INFO 7fce2d156780> CORE::BATCH IO ON
1463672751583	<INFO 7fce2d156780> CORE::GRID_PARTITIONING OFF
1463672751585	<INFO 7fce2d156780> 2016-05-19 17:45:51 Blocking memory amount 126701535232
1463672858644	<INFO 7fce2d156780> 2016-05-19 17:47:38 Done blocking memory
1463672858646	<INFO 7fce2d156780> SG-DRIVER-ORIGINAL
1463672858648	<INFO 7fce2d156780> 2016-05-19 17:47:38 START read config parameters
1463672858651	<INFO 7fce2d156780> PARTITIONING::OLD 1
1463672858653	<INFO 7fce2d156780> PARTITIONING::BALANCED_PARTITIONS 0
1463672858655	<INFO 7fce2d156780> CORE::CONFIG::PROCESSORS 8
1463672858658	<INFO 7fce2d156780> CORE::CONFIG::PHYSICAL_MEMORY 2147483648
1463672858660	<INFO 7fce2d156780> CORE::CONFIG::VERTICES 268435456
1463672858662	<INFO 7fce2d156780> CORE::CONFIG::VERTEX_SIZE 8
1463672858665	<INFO 7fce2d156780> CORE::CONFIG::VERTEX_BUFFER 268435456
1463672858667	<INFO 7fce2d156780> CORE::CONFIG::EDGES 1073741824
1463672858669	<INFO 7fce2d156780> CORE::CONFIG::PARTITIONS 64
1463672858672	<INFO 7fce2d156780> CORE::CONFIG::FANOUT 64
1463672858674	<INFO 7fce2d156780> CORE::CONFIG::SUPER_PARTITIONS 8
1463672858677	<INFO 7fce2d156780> CORE::CONFIG::MACHINE_ID 6
1463672858679	<INFO 7fce2d156780> CORE::CONFIG::TILES 1
1463672858681	<INFO 7fce2d156780> CORE::CONFIG::BUFFER_SIZE 375808512
1463672858684	<INFO 7fce2d156780> CORE::CONFIG::MAX_BUFFERS 4
1463672858686	<INFO 7fce2d156780> CORE::CONFIG::MAX_STREAMS 4
1463672858688	<INFO 7fce2d156780> CORE::CONFIG::SUM_OF_OUT_DEGREES_FOR_NEW_PARTITIONS::FIRST_CONSTRAINT 33554432
1463672858691	<INFO 7fce2d156780> CORE::CONFIG::MAX_EDGES_PER_NEW_PARTITION::SECOND_CONSTRAINT 134217728
1463672858693	<INFO 7fce2d156780> SLIPSTREAM::EXT_MEM_SHUFFLE OFF
1463672858695	<INFO 7fce2d156780> 2016-05-19 17:47:38 END read config parameters
1463672860396	<WARNING 7fce2d156780> Unable to unlink file (stream.0.0.0):No such file or directory
1463672860399	<WARNING 7fce2d156780> Unable to unlink file (stream.0.1.0):No such file or directory
1463672860401	<WARNING 7fce2d156780> Unable to unlink file (stream.0.2.0):No such file or directory
1463672860403	<WARNING 7fce2d156780> Unable to unlink file (stream.0.3.0):No such file or directory
1463672860406	<WARNING 7fce2d156780> Unable to unlink file (stream.0.4.0):No such file or directory
1463672860408	<WARNING 7fce2d156780> Unable to unlink file (stream.0.5.0):No such file or directory
1463672860410	<WARNING 7fce2d156780> Unable to unlink file (stream.0.6.0):No such file or directory
1463672860413	<WARNING 7fce2d156780> Unable to unlink file (stream.0.7.0):No such file or directory
1463672860415	<WARNING 7fce2d156780> Unable to unlink file (stream.1.1.0):No such file or directory
1463672860418	<WARNING 7fce2d156780> Unable to unlink file (stream.1.2.0):No such file or directory
1463672860420	<WARNING 7fce2d156780> Unable to unlink file (stream.1.3.0):No such file or directory
1463672860422	<WARNING 7fce2d156780> Unable to unlink file (stream.1.4.0):No such file or directory
1463672860425	<WARNING 7fce2d156780> Unable to unlink file (stream.1.5.0):No such file or directory
1463672860427	<WARNING 7fce2d156780> Unable to unlink file (stream.1.6.0):No such file or directory
1463672860429	<WARNING 7fce2d156780> Unable to unlink file (stream.1.7.0):No such file or directory
1463672860431	<WARNING 7fce2d156780> Unable to unlink file (stream.2.0.0):No such file or directory
1463672860434	<WARNING 7fce2d156780> Unable to unlink file (stream.2.1.0):No such file or directory
1463672860436	<WARNING 7fce2d156780> Unable to unlink file (stream.2.2.0):No such file or directory
1463672860438	<WARNING 7fce2d156780> Unable to unlink file (stream.2.3.0):No such file or directory
1463672860440	<WARNING 7fce2d156780> Unable to unlink file (stream.2.4.0):No such file or directory
1463672860442	<WARNING 7fce2d156780> Unable to unlink file (stream.2.5.0):No such file or directory
1463672860444	<WARNING 7fce2d156780> Unable to unlink file (stream.2.6.0):No such file or directory
1463672860446	<WARNING 7fce2d156780> Unable to unlink file (stream.2.7.0):No such file or directory
1463672860448	<WARNING 7fce2d156780> Unable to unlink file (stream.3.0.0):No such file or directory
1463672860451	<WARNING 7fce2d156780> Unable to unlink file (stream.3.1.0):No such file or directory
1463672860453	<WARNING 7fce2d156780> Unable to unlink file (stream.3.2.0):No such file or directory
1463672860455	<WARNING 7fce2d156780> Unable to unlink file (stream.3.3.0):No such file or directory
1463672860457	<WARNING 7fce2d156780> Unable to unlink file (stream.3.4.0):No such file or directory
1463672860459	<WARNING 7fce2d156780> Unable to unlink file (stream.3.5.0):No such file or directory
1463672860461	<WARNING 7fce2d156780> Unable to unlink file (stream.3.6.0):No such file or directory
1463672860464	<WARNING 7fce2d156780> Unable to unlink file (stream.3.7.0):No such file or directory
1463672860466	<INFO 7fce2d156780> SLIPSTORE::ZMQ_THREADS 2
1463672860468	<INFO 7fce2d156780> SLIPSTORE::COMM Connecting to tcp://dco-node137-10g:5016
1463672860470	<INFO 7fce2d156780> SLIPSTORE::COMM Connecting to tcp://dco-node138-10g:5034
1463672860472	<INFO 7fce2d156780> SLIPSTORE::COMM Connecting to tcp://dco-node139-10g:5052
1463672860474	<INFO 7fce2d156780> SLIPSTORE::COMM Connecting to tcp://dco-node140-10g:5070
1463672860477	<INFO 7fce2d156780> SLIPSTORE::COMM Connecting to tcp://dco-node141-10g:5088
1463672860479	<INFO 7fce2d156780> SLIPSTORE::COMM Connecting to tcp://dco-node142-10g:5106
1463672860481	<INFO 7fce2d156780> SLIPSTORE::COMM Connecting to tcp://dco-node143-10g:5124
1463672860483	<INFO 7fce2d156780> SLIPSTORE::COMM Connecting to tcp://dco-node144-10g:5142
1463672860485	<INFO 7fce2d156780> SLIPSTORE::COMM Listening at tcp://p1p1:5116
1463672860487	<INFO 7fce2d156780> SLIPSTORE::COMM Listening at tcp://p1p1:5117
1463672860489	<INFO 7fce2d156780> SLIPSTORE::COMM Listening at tcp://p1p1:5118
1463672860492	<INFO 7fce2d156780> SLIPSTORE::COMM Listening at tcp://p1p1:5119
1463672860494	<INFO 7fce2d156780> SLIPSTORE::COMM Listening at tcp://p1p1:5120
1463672860496	<INFO 7fce2d156780> SLIPSTORE::COMM Listening at tcp://p1p1:5121
1463672860498	<INFO 7fce2d156780> SLIPSTORE::COMM Listening at ipc://client
1463672860500	<INFO 7fce2d156780> SLIPSTORE::COMM Listening at tcp://p1p1:5123
1463672860503	<INFO 7fce2d156780> SLIPSTORE::COMM Connecting to tcp://dco-node137-10g:5016
1463672860505	<INFO 7fce2d156780> SLIPSTORE::COMM Connecting to tcp://dco-node138-10g:5034
1463672860507	<INFO 7fce2d156780> SLIPSTORE::COMM Connecting to tcp://dco-node139-10g:5052
1463672860509	<INFO 7fce2d156780> SLIPSTORE::COMM Connecting to tcp://dco-node140-10g:5070
1463672860511	<INFO 7fce2d156780> SLIPSTORE::COMM Connecting to tcp://dco-node141-10g:5088
1463672860513	<INFO 7fce2d156780> SLIPSTORE::COMM Connecting to tcp://dco-node142-10g:5106
1463672860515	<INFO 7fce2d156780> SLIPSTORE::COMM Connecting to tcp://dco-node143-10g:5124
1463672860517	<INFO 7fce2d156780> SLIPSTORE::COMM Connecting to tcp://dco-node144-10g:5142
1463672860520	<INFO 7fce2d156780> SLIPSTORE::COMM Connecting to tcp://dco-node137-10g:5006
1463672860522	<INFO 7fce2d156780> SLIPSTORE::COMM Connecting to tcp://dco-node138-10g:5024
1463672860524	<INFO 7fce2d156780> SLIPSTORE::COMM Connecting to tcp://dco-node139-10g:5042
1463672860526	<INFO 7fce2d156780> SLIPSTORE::COMM Connecting to tcp://dco-node140-10g:5060
1463672860529	<INFO 7fce2d156780> SLIPSTORE::COMM Connecting to tcp://dco-node141-10g:5078
1463672860531	<INFO 7fce2d156780> SLIPSTORE::COMM Connecting to tcp://dco-node142-10g:5096
1463672860534	<INFO 7fce2d156780> SLIPSTORE::COMM Connecting to ipc://server
1463672860536	<INFO 7fce2d156780> SLIPSTORE::COMM Connecting to tcp://dco-node144-10g:5132
1463672860538	<INFO 7fce2d156780> SLIPSTORE::COMM Connecting to tcp://dco-node144-10g:5143
1463672860541	<INFO 7fce2d156780> SLIPSTORE::COMM Listening at tcp://p1p1:5125
1463672860543	<INFO 7fce2d156780> SLIPSTORE::COMM Connecting to tcp://dco-node143-10g:5124
1463672860545	<INFO 7fce2d156780> SLIPSTORE::HELP_POLICY HEURISTIC_NEW
1463672860547	<INFO 7fce2d156780> SLIPSTORE::SERVER ASYNC
1463672860550	<INFO 7fce2d156780> SLIPSTORE::MACHINES 8
1463672860552	<INFO 7fce2d156780> SLIPSTORE::ME 6
1463672860554	<INFO 7fce2d156780> SLIPSTORE::SLIPCHUNK 4194304
1463672860556	<INFO 7fce2d156780> SLIPSTORE::QUOTA 18446744073709551615
1463672860558	<INFO 7fce2d156780> SLIPSTORE::IO PAGECACHE
1463672860560	<INFO 7fb00fbfe700> SLIPSTORE::COMM Listening at tcp://p1p1:5124
1463672860563	<INFO 7fb00fbfe700> SLIPSTORE::COMM Listening at tcp://p1p1:5108
1463672860565	<INFO 7fb00fbfe700> SLIPSTORE::COMM Connecting to tcp://dco-node137-10g:5014
1463672860567	<INFO 7fb00fbfe700> SLIPSTORE::COMM Listening at tcp://p1p1:5109
1463672860569	<INFO 7fb00fbfe700> SLIPSTORE::COMM Connecting to tcp://dco-node138-10g:5032
1463672860571	<INFO 7fb00fbfe700> SLIPSTORE::COMM Listening at tcp://p1p1:5110
1463672860573	<INFO 7fb00fbfe700> SLIPSTORE::COMM Connecting to tcp://dco-node139-10g:5050
1463672860575	<INFO 7fb00fbfe700> SLIPSTORE::COMM Listening at tcp://p1p1:5111
1463672860577	<INFO 7fb00fbfe700> SLIPSTORE::COMM Connecting to tcp://dco-node140-10g:5068
1463672860580	<INFO 7fb00fbfe700> SLIPSTORE::COMM Listening at tcp://p1p1:5112
1463672860582	<INFO 7fb00fbfe700> SLIPSTORE::COMM Connecting to tcp://dco-node141-10g:5086
1463672860584	<INFO 7fb00fbfe700> SLIPSTORE::COMM Listening at tcp://p1p1:5113
1463672860586	<INFO 7fb00fbfe700> SLIPSTORE::COMM Connecting to tcp://dco-node142-10g:5104
1463672860588	<INFO 7fb00fbfe700> SLIPSTORE::COMM Listening at ipc://server
1463672860590	<INFO 7fb00fbfe700> SLIPSTORE::COMM Connecting to ipc://client
1463672860592	<INFO 7fb00fbfe700> SLIPSTORE::COMM Listening at tcp://p1p1:5115
1463672860594	<INFO 7fb00fbfe700> SLIPSTORE::COMM Connecting to tcp://dco-node144-10g:5140
1463672861954	<INFO 7fce2d156780> SLIPSTORE::CHECKPOINTS NONE FOUND
1463672861957	<INFO 7fce2d156780> 2016-05-19 17:47:41 Start edge split
1463673019911	<INFO 7fce2d156780> 2016-05-19 17:50:19 Completed init
1463673021034	<INFO 7fce2d156780> 2016-05-19 17:50:21 Started gather
1463673023344	<INFO 7fce2d156780> 2016-05-19 17:50:23 Completed gather
1463673023543	<INFO 7fce2d156780> 2016-05-19 17:50:23 Started scatter
1463673049932	<INFO 7fce2d156780> 2016-05-19 17:50:49 Completed scatter
1463673049980	<INFO 7fce2d156780> 2016-05-19 17:50:49 Started helping 0
1463673088555	<INFO 7fce2d156780> 2016-05-19 17:51:28 Completed helping 0
1463673089086	<INFO 7fce2d156780> 2016-05-19 17:51:29 Completed phase 1 Bytes read 26275257484 Bytes written 13259810084
1463673089109	<INFO 7fce2d156780> 2016-05-19 17:51:29 Started gather
1463673091412	<INFO 7fce2d156780> 2016-05-19 17:51:31 Completed gather
1463673091595	<INFO 7fce2d156780> 2016-05-19 17:51:31 Started scatter
1463673124875	<INFO 7fce2d156780> 2016-05-19 17:52:04 Completed scatter
1463673125430	<INFO 7fce2d156780> 2016-05-19 17:52:05 Started helping 0
1463673194962	<INFO 7fce2d156780> 2016-05-19 17:53:14 Completed helping 0
1463673199451	<INFO 7fce2d156780> 2016-05-19 17:53:19 Completed phase 2 Bytes read 39669285296 Bytes written 18267799412
1463673199473	<INFO 7fce2d156780> 2016-05-19 17:53:19 Started gather
1463673216066	<INFO 7fce2d156780> 2016-05-19 17:53:36 Completed gather
1463673216095	<INFO 7fce2d156780> 2016-05-19 17:53:36 Started helping 0
1463673229143	<INFO 7fce2d156780> 2016-05-19 17:53:49 Completed helping 0
1463673236604	<INFO 7fce2d156780> 2016-05-19 17:53:56 Started scatter
1463673277592	<INFO 7fce2d156780> 2016-05-19 17:54:37 Completed scatter
1463673278006	<INFO 7fce2d156780> 2016-05-19 17:54:38 Started helping 0
1463673331954	<INFO 7fce2d156780> 2016-05-19 17:55:31 Completed helping 0
1463673332106	<INFO 7fce2d156780> 2016-05-19 17:55:32 Started helping 1
1463673336507	<INFO 7fce2d156780> 2016-05-19 17:55:36 Completed helping 1
1463673336688	<INFO 7fce2d156780> 2016-05-19 17:55:36 Completed phase 3 Bytes read 58101184652 Bytes written 22245213716
1463673336708	<INFO 7fce2d156780> 2016-05-19 17:55:36 Started gather
1463673350387	<INFO 7fce2d156780> 2016-05-19 17:55:50 Completed gather
1463673350408	<INFO 7fce2d156780> 2016-05-19 17:55:50 Started helping 0
1463673361663	<INFO 7fce2d156780> 2016-05-19 17:56:01 Completed helping 0
1463673368523	<INFO 7fce2d156780> 2016-05-19 17:56:08 Started scatter
1463673395627	<INFO 7fce2d156780> 2016-05-19 17:56:35 Completed scatter
1463673395779	<INFO 7fce2d156780> 2016-05-19 17:56:35 Started helping 0
1463673432003	<INFO 7fce2d156780> 2016-05-19 17:57:12 Completed helping 0
1463673433597	<INFO 7fce2d156780> 2016-05-19 17:57:13 Completed phase 4 Bytes read 75334736824 Bytes written 22534303236
1463673433618	<INFO 7fce2d156780> 2016-05-19 17:57:13 Started gather
1463673436026	<INFO 7fce2d156780> 2016-05-19 17:57:16 Completed gather
1463673436221	<INFO 7fce2d156780> 2016-05-19 17:57:16 Started scatter
1463673462013	<INFO 7fce2d156780> 2016-05-19 17:57:42 Completed scatter
1463673462170	<INFO 7fce2d156780> 2016-05-19 17:57:42 Started helping 0
1463673499625	<INFO 7fce2d156780> 2016-05-19 17:58:19 Completed helping 0
1463673500956	<INFO 7fce2d156780> 2016-05-19 17:58:20 Completed phase 5 Bytes read 88745746484 Bytes written 22802791972
1463673500977	<INFO 7fce2d156780> 2016-05-19 17:58:20 Started gather
1463673503228	<INFO 7fce2d156780> 2016-05-19 17:58:23 Completed gather
1463673503353	<INFO 7fce2d156780> 2016-05-19 17:58:23 Started scatter
1463673530435	<INFO 7fce2d156780> 2016-05-19 17:58:50 Completed scatter
1463673530516	<INFO 7fce2d156780> 2016-05-19 17:58:50 Started helping 0
1463673566555	<INFO 7fce2d156780> 2016-05-19 17:59:26 Completed helping 0
1463673568084	<INFO 7fce2d156780> 2016-05-19 17:59:28 Completed phase 6 Bytes read 102136155360 Bytes written 23071227484
1463673568105	<INFO 7fce2d156780> 2016-05-19 17:59:28 Started gather
1463673570445	<INFO 7fce2d156780> 2016-05-19 17:59:30 Completed gather
1463673570515	<INFO 7fce2d156780> 2016-05-19 17:59:30 Started scatter
1463673596513	<INFO 7fce2d156780> 2016-05-19 17:59:56 Completed scatter
1463673596534	<INFO 7fce2d156780> 2016-05-19 17:59:56 Started helping 0
1463673633575	<INFO 7fce2d156780> 2016-05-19 18:00:33 Completed helping 0
1463673634724	<INFO 7fce2d156780> 2016-05-19 18:00:34 Completed phase 7 Bytes read 115526511012 Bytes written 23339662940
1463673634726	<INFO 7fce2d156780> ALGORITHM::BFS::VERTICES_DISCOVERED 12681475
1463673634729	<INFO 7fce2d156780> ALGORITHM::BFS::EDGES_EXPLORED 954120715
1463673634732	<INFO 7fce2d156780> CORE::PARTITIONS_PROCESSED 77
1463673634734	<INFO 7fce2d156780> CORE::BYTES::EDGES_STREAMED 7854768744
1463673634736	<INFO 7fce2d156780> CORE::BYTES::UPDATES_OUT 695554864
1463673634739	<INFO 7fce2d156780> CORE::BYTES::UPDATES_IN 689393888
1463673634741	<INFO 7fb00cbf8700> CORE::PARTITIONS_PROCESSED 198
1463673634744	<INFO 7fb00cbf8700> CORE::BYTES::EDGES_STREAMED 9894077616
1463673634747	<INFO 7fb00cbf8700> CORE::BYTES::UPDATES_OUT 975907768
1463673634749	<INFO 7fb00cbf8700> CORE::BYTES::UPDATES_IN 689413160
1463673634751	<INFO 7fb00e3fb700> CORE::PARTITIONS_PROCESSED 164
1463673634754	<INFO 7fb00e3fb700> CORE::BYTES::EDGES_STREAMED 7564093464
1463673634756	<INFO 7fb00e3fb700> CORE::BYTES::UPDATES_OUT 754687536
1463673634759	<INFO 7fb00e3fb700> CORE::BYTES::UPDATES_IN 648100888
1463673634761	<INFO 7fb0037fe700> CORE::PARTITIONS_PROCESSED 238
1463673634764	<INFO 7fb00ebfc700> CORE::PARTITIONS_PROCESSED 167
1463673634766	<INFO 7fb00d3f9700> CORE::PARTITIONS_PROCESSED 155
1463673634768	<INFO 7fb0037fe700> CORE::BYTES::EDGES_STREAMED 14534700648
1463673634771	<INFO 7fb0037fe700> CORE::BYTES::UPDATES_OUT 1521021584
1463673634773	<INFO 7fb00dbfa700> CORE::PARTITIONS_PROCESSED 220
1463673634775	<INFO 7fb003fff700> CORE::PARTITIONS_PROCESSED 200
1463673634778	<INFO 7fb00ebfc700> CORE::BYTES::EDGES_STREAMED 9068019672
1463673634780	<INFO 7fb00dbfa700> CORE::BYTES::EDGES_STREAMED 9698908320
1463673634783	<INFO 7fb00ebfc700> CORE::BYTES::UPDATES_OUT 904591224
1463673634785	<INFO 7fb00d3f9700> CORE::BYTES::EDGES_STREAMED 9291724992
1463673634787	<INFO 7fb0037fe700> CORE::BYTES::UPDATES_IN 1124886488
1463673634789	<INFO 7fb003fff700> CORE::BYTES::EDGES_STREAMED 9732681264
1463673634792	<INFO 7fb00d3f9700> CORE::BYTES::UPDATES_OUT 925160152
1463673634794	<INFO 7fb00dbfa700> CORE::BYTES::UPDATES_OUT 941259480
1463673634797	<INFO 7fb003fff700> CORE::BYTES::UPDATES_OUT 914783112
1463673634799	<INFO 7fb00ebfc700> CORE::BYTES::UPDATES_IN 757474720
1463673634801	<INFO 7fb003fff700> CORE::BYTES::UPDATES_IN 822768120
1463673634804	<INFO 7fb00dbfa700> CORE::BYTES::UPDATES_IN 884648328
1463673634806	<INFO 7fb00d3f9700> CORE::BYTES::UPDATES_IN 815983600
1463673634808	<INFO 7fb00fbfe700> SLIPSTORE service is exiting
1463673634811	<INFO 7fb00fbfe700> SLIPSTORE::HELP_OFFERS_RECVD 98
1463673634813	<INFO 7fb00fbfe700> SLIPSTORE::HELP_OFFERS_ACCEPTED 0
1463673634816	<INFO 7fb00fbfe700> SLIPSTORE::HELP_ACCEPTANCE_RATIO 0
1463673634818	<INFO 7fb00fbfe700> SLIPSTORE::SERVER_BUSY_DISK  716.445 seconds
1463673634820	<INFO 7fb00fbfe700> SLIPSTORE::SERVER_BUSY_MEM  0.730895 seconds
1463673634823	<INFO 7fb00fbfe700> SLIPSTORE::SERVER_TOTAL  774.297 seconds
1463673634825	<INFO 7fce2d156780> SLIPSTORE::CLIENT::DISK_READ_TIME  593.699 seconds
1463673634827	<INFO 7fce2d156780> SLIPSTORE::CLIENT::MEM_READ_TIME  0 seconds
1463673634830	<INFO 7fce2d156780> SLIPSTORE::CLIENT::DISK_BYTES_READ 103503866532
1463673634832	<INFO 7fce2d156780> SLIPSTORE::CLIENT::MEM_BYTES_READ 0
1463673634834	<INFO 7fce2d156780> SLIPSTORE::CLIENT::WRITE_TIME  146.453 seconds
1463673634837	<INFO 7fce2d156780> SLIPSTORE::CLIENT::BYTES_WRITTEN 2147483648
1463673634839	<INFO 7fce2d156780> SLIPSTORE::CLIENT_BUSY  740.152 seconds
1463673634842	<INFO 7fce2d156780> SLIPSTORE::IO::TIME 527.027 seconds
1463673634844	<INFO 7fce2d156780> SLIPSTORE::SNAP::TIME 0 seconds
1463673634846	<INFO 7fce2d156780> SLIPSTORE::MAX_DISK_USAGE_BYTES 17727256284
1463673634848	<INFO 7fce2d156780> CORE::RUSAGE::MAX_RSS_KB 125938832
1463673634851	<INFO 7fce2d156780> CORE::RUSAGE::MINFLT 63265131
1463673634853	<INFO 7fce2d156780> CORE::RUSAGE::MAJFLT 4
1463673634856	<INFO 7fce2d156780> CORE::RUSAGE::MAJFLT 4
1463673634858	<INFO 7fce2d156780> CORE::RUSAGE::INBLK 211937968
1463673634860	<INFO 7fce2d156780> CORE::RUSAGE::OUBLK 45590312
1463673634862	<INFO 7fce2d156780> CORE::UTILS::BYTES_READ 115526511012
1463673634865	<INFO 7fce2d156780> CORE::UTILS::BYTES_WRITTEN 23339662940
1463673634867	<INFO 7fce2d156780> CORE::UTILS::TILE_COPY_BYTES 6442450944
1463673634870	<INFO 7fce2d156780> CORE::TIME::IO_WAIT 652.327 seconds
1463673634872	<INFO 7fce2d156780> CORE::TIME_TILE_COPY 56.0263 seconds
1463673634874	<INFO 7fce2d156780> CORE::TIME_TILE_MERGE 0 seconds
1463673634877	<INFO 7fce2d156780> CORE::TIME_PROCESSING_STOLEN 274.329 seconds
1463673634879	<INFO 7fce2d156780> CORE::TIME_MERGE_WAIT 7.16188 seconds
1463673634881	<INFO 7fce2d156780> CORE::OTHER_TIME_ALL_MC_BARRIER 0 seconds
1463673634884	<INFO 7fce2d156780> CORE::SCATTER_TIME_ALL_MC_BARRIER 9.1784 seconds
1463673634886	<INFO 7fce2d156780> CORE::GATHER_TIME_ALL_MC_BARRIER 0.015973 seconds
1463673634889	<INFO 7fce2d156780> CORE::INIT_TIME_ALL_MC_BARRIER 2.47727 seconds
1463673634891	<INFO 7fce2d156780> CORE::SHUT_DOWN_TIME_ALL_MC_BARRIER 0.003364 seconds
1463673634893	<INFO 7fce2d156780> CORE::STREAM_SKIP_BEFORE_TIME_ALL_MC_BARRIER 0.076392 seconds
1463673634896	<INFO 7fce2d156780> CORE::TAKE_CHECKPOINT_BEFORE_TIME_ALL_MC_BARRIER 0 seconds
1463673634898	<INFO 7fce2d156780> CORE::TAKE_CHECKPOINT_COMPLETE_TIME_ALL_MC_BARRIER 0 seconds
1463673634901	<INFO 7fce2d156780> CORE::METADATA_WRITE_COMPLETE_TIME_ALL_MC_BARRIER 0 seconds
1463673634903	<INFO 7fce2d156780> CORE::STREAM_EOF_BEFORE_TIME_ALL_MC_BARRIER 0 seconds
1463673634905	<INFO 7fce2d156780> CORE::STREAM_EOF_AFTER_TIME_ALL_MC_BARRIER 0 seconds
1463673634908	<INFO 7fce2d156780> CORE::STATE_LOAD_TIME_ALL_MC_BARRIER 0 seconds
1463673634910	<INFO 7fce2d156780> CORE::STATE_STORE_TIME_ALL_MC_BARRIER 0 seconds
1463673634912	<INFO 7fce2d156780> CORE::WORK_STEALING_COST_GATHER 24.3038 seconds
1463673634915	<INFO 7fce2d156780> CORE::WORK_STEALING_COST_SCATTER 313.216 seconds
1463673634917	<INFO 7fce2d156780> CORE::PHASES 7
1463673634919	<INFO 7fce2d156780> CORE::TIME::SETUP 3.31759 seconds
1463673634922	<INFO 7fce2d156780> CORE::TIME::INIT_PARTITIONS_TIME 157.956 seconds
1463673634924	<INFO 7fce2d156780> CORE::TIME::STATE_ITER 1.05357 seconds
1463673634927	<INFO 7fce2d156780> CORE::TIME::GATHER 81.3753 seconds
1463673634929	<INFO 7fce2d156780> CORE::TIME::SCATTER 532.126 seconds
1463673634931	<INFO 7fce2d156780> CORE::TIME::WALL 776.09 seconds
1463673634934	<INFO 7fce2d156780> SHUTDOWN
