1459769910792	<INFO 7f1516974740> 2016-04-04 13:38:30 STARTUP
1459769910796	<INFO 7f1516974740> CORE::GRAPH rmat-28_s8
1459769910800	<INFO 7f1516974740> CORE::ALGORITHM out_degree_cnt
1459769910803	<INFO 7f1516974740> CORE::VERTEX_STRIPING OFF
1459769910808	<INFO 7f1516974740> 2016-04-04 13:38:30 Blocking memory amount 126701535232
1459770017958	<INFO 7f1516974740> 2016-04-04 13:40:17 Done blocking memory
1459770017962	<INFO 7f1516974740> SG-DRIVER-ORIGINAL
1459770017966	<INFO 7f1516974740> 2016-04-04 13:40:17 START read config parameters
1459770017970	<INFO 7f1516974740> PARTITIONING::OLD 1
1459770017974	<INFO 7f1516974740> CORE::CONFIG::PROCESSORS 8
1459770017978	<INFO 7f1516974740> CORE::CONFIG::PHYSICAL_MEMORY 2147483648
1459770017982	<INFO 7f1516974740> CORE::CONFIG::VERTICES 268435456
1459770017986	<INFO 7f1516974740> CORE::CONFIG::VERTEX_SIZE 8
1459770017989	<INFO 7f1516974740> CORE::CONFIG::VERTEX_BUFFER 268435456
1459770017993	<INFO 7f1516974740> CORE::CONFIG::EDGES 536870912
1459770017997	<INFO 7f1516974740> CORE::CONFIG::PARTITIONS 64
1459770018001	<INFO 7f1516974740> CORE::CONFIG::FANOUT 64
1459770018005	<INFO 7f1516974740> CORE::CONFIG::SUPER_PARTITIONS 8
1459770018009	<INFO 7f1516974740> CORE::CONFIG::TILES 1
1459770018013	<INFO 7f1516974740> CORE::CONFIG::BUFFER_SIZE 375808512
1459770018016	<INFO 7f1516974740> CORE::CONFIG::MAX_BUFFERS 4
1459770018020	<INFO 7f1516974740> CORE::CONFIG::MAX_STREAMS 4
1459770018024	<INFO 7f1516974740> CORE::CONFIG::SUM_OF_OUT_DEGREES_FOR_NEW_PARTITIONS::FIRST_CONSTRAINT 33554432
1459770018028	<INFO 7f1516974740> CORE::CONFIG::MAX_EDGES_PER_NEW_PARTITION::SECOND_CONSTRAINT 67108864
1459770018032	<INFO 7f1516974740> SLIPSTREAM::EXT_MEM_SHUFFLE OFF
1459770018036	<INFO 7f1516974740> 2016-04-04 13:40:17 END read config parameters
1459770019770	<WARNING 7f1516974740> Unable to unlink file (stream.0.0.0):No such file or directory
1459770019774	<WARNING 7f1516974740> Unable to unlink file (stream.0.1.0):No such file or directory
1459770019778	<WARNING 7f1516974740> Unable to unlink file (stream.0.2.0):No such file or directory
1459770019782	<WARNING 7f1516974740> Unable to unlink file (stream.0.3.0):No such file or directory
1459770019786	<WARNING 7f1516974740> Unable to unlink file (stream.0.4.0):No such file or directory
1459770019790	<WARNING 7f1516974740> Unable to unlink file (stream.0.5.0):No such file or directory
1459770019793	<WARNING 7f1516974740> Unable to unlink file (stream.0.6.0):No such file or directory
1459770019797	<WARNING 7f1516974740> Unable to unlink file (stream.0.7.0):No such file or directory
1459770019801	<WARNING 7f1516974740> Unable to unlink file (stream.1.1.0):No such file or directory
1459770019804	<WARNING 7f1516974740> Unable to unlink file (stream.1.2.0):No such file or directory
1459770019808	<WARNING 7f1516974740> Unable to unlink file (stream.1.3.0):No such file or directory
1459770019812	<WARNING 7f1516974740> Unable to unlink file (stream.1.4.0):No such file or directory
1459770019815	<WARNING 7f1516974740> Unable to unlink file (stream.1.5.0):No such file or directory
1459770019819	<WARNING 7f1516974740> Unable to unlink file (stream.1.6.0):No such file or directory
1459770019822	<WARNING 7f1516974740> Unable to unlink file (stream.1.7.0):No such file or directory
1459770019826	<WARNING 7f1516974740> Unable to unlink file (stream.2.0.0):No such file or directory
1459770019829	<WARNING 7f1516974740> Unable to unlink file (stream.2.1.0):No such file or directory
1459770019833	<WARNING 7f1516974740> Unable to unlink file (stream.2.2.0):No such file or directory
1459770019836	<WARNING 7f1516974740> Unable to unlink file (stream.2.3.0):No such file or directory
1459770019840	<WARNING 7f1516974740> Unable to unlink file (stream.2.4.0):No such file or directory
1459770019843	<WARNING 7f1516974740> Unable to unlink file (stream.2.5.0):No such file or directory
1459770019848	<WARNING 7f1516974740> Unable to unlink file (stream.2.6.0):No such file or directory
1459770019851	<WARNING 7f1516974740> Unable to unlink file (stream.2.7.0):No such file or directory
1459770019854	<WARNING 7f1516974740> Unable to unlink file (stream.3.0.0):No such file or directory
1459770019859	<WARNING 7f1516974740> Unable to unlink file (stream.3.1.0):No such file or directory
1459770019863	<WARNING 7f1516974740> Unable to unlink file (stream.3.2.0):No such file or directory
1459770019866	<WARNING 7f1516974740> Unable to unlink file (stream.3.3.0):No such file or directory
1459770019869	<WARNING 7f1516974740> Unable to unlink file (stream.3.4.0):No such file or directory
1459770019872	<WARNING 7f1516974740> Unable to unlink file (stream.3.5.0):No such file or directory
1459770019875	<WARNING 7f1516974740> Unable to unlink file (stream.3.6.0):No such file or directory
1459770019879	<WARNING 7f1516974740> Unable to unlink file (stream.3.7.0):No such file or directory
1459770019881	<INFO 7f1516974740> SLIPSTORE::ZMQ_THREADS 2
1459770019884	<INFO 7f1516974740> SLIPSTORE::COMM Connecting to tcp://dco-node137-10g:5016
1459770019887	<INFO 7f1516974740> SLIPSTORE::COMM Connecting to tcp://dco-node138-10g:5034
1459770019890	<INFO 7f1516974740> SLIPSTORE::COMM Connecting to tcp://dco-node139-10g:5052
1459770019893	<INFO 7f1516974740> SLIPSTORE::COMM Connecting to tcp://dco-node140-10g:5070
1459770019896	<INFO 7f1516974740> SLIPSTORE::COMM Connecting to tcp://dco-node141-10g:5088
1459770019900	<INFO 7f1516974740> SLIPSTORE::COMM Connecting to tcp://dco-node142-10g:5106
1459770019903	<INFO 7f1516974740> SLIPSTORE::COMM Connecting to tcp://dco-node143-10g:5124
1459770019906	<INFO 7f1516974740> SLIPSTORE::COMM Connecting to tcp://dco-node144-10g:5142
1459770019910	<INFO 7f1516974740> SLIPSTORE::COMM Listening at tcp://ens1f0:5044
1459770019913	<INFO 7f1516974740> SLIPSTORE::COMM Listening at tcp://ens1f0:5045
1459770019915	<INFO 7f1516974740> SLIPSTORE::COMM Listening at ipc://client
1459770019918	<INFO 7f1516974740> SLIPSTORE::COMM Listening at tcp://ens1f0:5047
1459770019920	<INFO 7f1516974740> SLIPSTORE::COMM Listening at tcp://ens1f0:5048
1459770019923	<INFO 7f1516974740> SLIPSTORE::COMM Listening at tcp://ens1f0:5049
1459770019926	<INFO 7f1516974740> SLIPSTORE::COMM Listening at tcp://ens1f0:5050
1459770019929	<INFO 7f1516974740> SLIPSTORE::COMM Listening at tcp://ens1f0:5051
1459770019932	<INFO 7f1516974740> SLIPSTORE::COMM Connecting to tcp://dco-node137-10g:5016
1459770019936	<INFO 7f1516974740> SLIPSTORE::COMM Connecting to tcp://dco-node138-10g:5034
1459770019939	<INFO 7f1516974740> SLIPSTORE::COMM Connecting to tcp://dco-node139-10g:5052
1459770019942	<INFO 7f1516974740> SLIPSTORE::COMM Connecting to tcp://dco-node140-10g:5070
1459770019944	<INFO 7f1516974740> SLIPSTORE::COMM Connecting to tcp://dco-node141-10g:5088
1459770019946	<INFO 7f1516974740> SLIPSTORE::COMM Connecting to tcp://dco-node142-10g:5106
1459770019949	<INFO 7f1516974740> SLIPSTORE::COMM Connecting to tcp://dco-node143-10g:5124
1459770019951	<INFO 7f1516974740> SLIPSTORE::COMM Connecting to tcp://dco-node144-10g:5142
1459770019955	<INFO 7f1516974740> SLIPSTORE::COMM Connecting to tcp://dco-node137-10g:5002
1459770019958	<INFO 7f1516974740> SLIPSTORE::COMM Connecting to tcp://dco-node138-10g:5020
1459770019961	<INFO 7f1516974740> SLIPSTORE::COMM Connecting to ipc://server
1459770019963	<INFO 7f1516974740> SLIPSTORE::COMM Connecting to tcp://dco-node140-10g:5056
1459770019966	<INFO 7f1516974740> SLIPSTORE::COMM Connecting to tcp://dco-node141-10g:5074
1459770019969	<INFO 7f1516974740> SLIPSTORE::COMM Connecting to tcp://dco-node142-10g:5092
1459770019973	<INFO 7f1516974740> SLIPSTORE::COMM Connecting to tcp://dco-node143-10g:5110
1459770019977	<INFO 7f1516974740> SLIPSTORE::COMM Connecting to tcp://dco-node144-10g:5128
1459770019980	<INFO 7f1516974740> SLIPSTORE::COMM Connecting to tcp://dco-node140-10g:5071
1459770019984	<INFO 7f1516974740> SLIPSTORE::COMM Listening at tcp://ens1f0:5053
1459770019987	<INFO 7f1516974740> SLIPSTORE::COMM Connecting to tcp://dco-node139-10g:5052
1459770019991	<INFO 7f1516974740> SLIPSTORE::HELP_POLICY NONE
1459770019995	<INFO 7f1516974740> SLIPSTORE::SERVER ASYNC
1459770019998	<INFO 7f1516974740> SLIPSTORE::MACHINES 8
1459770020000	<INFO 7f1516974740> SLIPSTORE::ME 2
1459770020002	<INFO 7f1516974740> SLIPSTORE::SLIPCHUNK 4194304
1459770020005	<INFO 7f1516974740> SLIPSTORE::QUOTA 18446744073709551615
1459770020007	<INFO 7f1516974740> SLIPSTORE::IO PAGECACHE
1459770020009	<INFO 7ef6f7fff700> SLIPSTORE::COMM Listening at tcp://ens1f0:5052
1459770020012	<INFO 7ef6f7fff700> SLIPSTORE::COMM Listening at tcp://ens1f0:5036
1459770020014	<INFO 7ef6f7fff700> SLIPSTORE::COMM Connecting to tcp://dco-node137-10g:5010
1459770020016	<INFO 7ef6f7fff700> SLIPSTORE::COMM Listening at tcp://ens1f0:5037
1459770020020	<INFO 7ef6f7fff700> SLIPSTORE::COMM Connecting to tcp://dco-node138-10g:5028
1459770020024	<INFO 7ef6f7fff700> SLIPSTORE::COMM Listening at ipc://server
1459770020026	<INFO 7ef6f7fff700> SLIPSTORE::COMM Connecting to ipc://client
1459770020029	<INFO 7ef6f7fff700> SLIPSTORE::COMM Listening at tcp://ens1f0:5039
1459770020031	<INFO 7ef6f7fff700> SLIPSTORE::COMM Connecting to tcp://dco-node140-10g:5064
1459770020034	<INFO 7ef6f7fff700> SLIPSTORE::COMM Listening at tcp://ens1f0:5040
1459770020036	<INFO 7ef6f7fff700> SLIPSTORE::COMM Connecting to tcp://dco-node141-10g:5082
1459770020038	<INFO 7ef6f7fff700> SLIPSTORE::COMM Listening at tcp://ens1f0:5041
1459770020041	<INFO 7ef6f7fff700> SLIPSTORE::COMM Connecting to tcp://dco-node142-10g:5100
1459770020043	<INFO 7ef6f7fff700> SLIPSTORE::COMM Listening at tcp://ens1f0:5042
1459770020045	<INFO 7ef6f7fff700> SLIPSTORE::COMM Connecting to tcp://dco-node143-10g:5118
1459770020048	<INFO 7ef6f7fff700> SLIPSTORE::COMM Listening at tcp://ens1f0:5043
1459770020050	<INFO 7ef6f7fff700> SLIPSTORE::COMM Connecting to tcp://dco-node144-10g:5136
1459770021087	<INFO 7f1516974740> SLIPSTORE::CHECKPOINTS NONE FOUND
1459770021089	<INFO 7f1516974740> 2016-04-04 13:40:21 Start edge split
1459770021093	<INFO 7f1516974740> 2016-04-04 13:40:21 Check1
1459770021095	<INFO 7f1516974740> 2016-04-04 13:40:21 Check2
1459770021098	<INFO 7f1516974740> 2016-04-04 13:40:21 Check3
1459770021102	<INFO 7f1516974740> 2016-04-04 13:40:21 Check4
1459770021104	<INFO 7f1516974740> 2016-04-04 13:40:21 Check5
1459770021106	<INFO 7f1516974740> 2016-04-04 13:40:21 Check7
1459770021111	<INFO 7f1516974740> 2016-04-04 13:40:21 CheckA
1459770021114	<INFO 7f1516974740> 2016-04-04 13:40:21 CheckB
1459770021118	<INFO 7f1516974740> 2016-04-04 13:40:21 CheckC
1459770021120	<INFO 7f1516974740> 2016-04-04 13:40:21 CheckD
1459770021123	<INFO 7f1516974740> 2016-04-04 13:40:21 CheckE
1459770021127	<INFO 7f1516974740> 2016-04-04 13:40:21 CheckF
1459770021131	<INFO 7f1516974740> 2016-04-04 13:40:21 CheckG
1459770021134	<INFO 7f1516974740> 2016-04-04 13:40:21 CheckH
1459770021136	<INFO 7f1516974740> 2016-04-04 13:40:21 CheckI
1459770022688	<INFO 7f1516974740> 2016-04-04 13:40:22 CheckJ
1459770022693	<INFO 7f1516974740> 2016-04-04 13:40:22 CheckK
1459770022696	<INFO 7f1516974740> 2016-04-04 13:40:22 CheckL
1459770022698	<INFO 7f1516974740> 2016-04-04 13:40:22 CheckM
1459770022701	<INFO 7f1516974740> 2016-04-04 13:40:22 CheckN
1459770023040	<INFO 7f1516974740> 2016-04-04 13:40:23 CheckO
1459770023044	<INFO 7f1516974740> 2016-04-04 13:40:23 CheckP
1459770023047	<INFO 7f1516974740> 2016-04-04 13:40:23 CheckQ
1459770023050	<INFO 7f1516974740> 2016-04-04 13:40:23 CheckI
1459770024129	<INFO 7f1516974740> 2016-04-04 13:40:24 CheckJ
1459770024134	<INFO 7f1516974740> 2016-04-04 13:40:24 CheckK
1459770024137	<INFO 7f1516974740> 2016-04-04 13:40:24 CheckL
1459770024141	<INFO 7f1516974740> 2016-04-04 13:40:24 CheckM
1459770024144	<INFO 7f1516974740> 2016-04-04 13:40:24 CheckN
1459770025190	<INFO 7f1516974740> 2016-04-04 13:40:25 CheckO
1459770025195	<INFO 7f1516974740> 2016-04-04 13:40:25 CheckP
1459770025198	<INFO 7f1516974740> 2016-04-04 13:40:25 CheckQ
1459770025201	<INFO 7f1516974740> 2016-04-04 13:40:25 CheckI
1459770027375	<INFO 7f1516974740> 2016-04-04 13:40:27 CheckJ
1459770027378	<INFO 7f1516974740> 2016-04-04 13:40:27 CheckK
1459770027380	<INFO 7f1516974740> 2016-04-04 13:40:27 CheckL
1459770027383	<INFO 7f1516974740> 2016-04-04 13:40:27 CheckM
1459770027385	<INFO 7f1516974740> 2016-04-04 13:40:27 CheckN
1459770029305	<INFO 7f1516974740> 2016-04-04 13:40:29 CheckO
1459770029308	<INFO 7f1516974740> 2016-04-04 13:40:29 CheckP
1459770029311	<INFO 7f1516974740> 2016-04-04 13:40:29 CheckQ
1459770029314	<INFO 7f1516974740> 2016-04-04 13:40:29 CheckI
1459770031228	<INFO 7f1516974740> 2016-04-04 13:40:31 CheckJ
1459770031232	<INFO 7f1516974740> 2016-04-04 13:40:31 CheckK
1459770031235	<INFO 7f1516974740> 2016-04-04 13:40:31 CheckL
1459770031238	<INFO 7f1516974740> 2016-04-04 13:40:31 CheckM
1459770031241	<INFO 7f1516974740> 2016-04-04 13:40:31 CheckN
1459770033955	<INFO 7f1516974740> 2016-04-04 13:40:33 CheckO
1459770033957	<INFO 7f1516974740> 2016-04-04 13:40:33 CheckP
1459770033960	<INFO 7f1516974740> 2016-04-04 13:40:33 CheckQ
1459770033963	<INFO 7f1516974740> 2016-04-04 13:40:33 CheckI
1459770036229	<INFO 7f1516974740> 2016-04-04 13:40:36 CheckJ
1459770036232	<INFO 7f1516974740> 2016-04-04 13:40:36 CheckK
1459770036234	<INFO 7f1516974740> 2016-04-04 13:40:36 CheckL
1459770036238	<INFO 7f1516974740> 2016-04-04 13:40:36 CheckM
1459770036241	<INFO 7f1516974740> 2016-04-04 13:40:36 CheckN
1459770038915	<INFO 7f1516974740> 2016-04-04 13:40:38 CheckO
1459770038918	<INFO 7f1516974740> 2016-04-04 13:40:38 CheckP
1459770038920	<INFO 7f1516974740> 2016-04-04 13:40:38 CheckQ
1459770038923	<INFO 7f1516974740> 2016-04-04 13:40:38 CheckI
1459770041415	<INFO 7f1516974740> 2016-04-04 13:40:41 CheckJ
1459770041418	<INFO 7f1516974740> 2016-04-04 13:40:41 CheckK
1459770041421	<INFO 7f1516974740> 2016-04-04 13:40:41 CheckL
1459770041423	<INFO 7f1516974740> 2016-04-04 13:40:41 CheckM
1459770041426	<INFO 7f1516974740> 2016-04-04 13:40:41 CheckN
1459770044977	<INFO 7f1516974740> 2016-04-04 13:40:44 CheckO
1459770044980	<INFO 7f1516974740> 2016-04-04 13:40:44 CheckP
1459770044983	<INFO 7f1516974740> 2016-04-04 13:40:44 CheckQ
1459770044985	<INFO 7f1516974740> 2016-04-04 13:40:44 CheckI
1459770047420	<INFO 7f1516974740> 2016-04-04 13:40:47 CheckJ
1459770047423	<INFO 7f1516974740> 2016-04-04 13:40:47 CheckK
1459770047425	<INFO 7f1516974740> 2016-04-04 13:40:47 CheckL
1459770047428	<INFO 7f1516974740> 2016-04-04 13:40:47 CheckM
1459770047432	<INFO 7f1516974740> 2016-04-04 13:40:47 CheckN
1459770049992	<INFO 7f1516974740> 2016-04-04 13:40:49 CheckO
1459770049994	<INFO 7f1516974740> 2016-04-04 13:40:49 CheckP
1459770049996	<INFO 7f1516974740> 2016-04-04 13:40:49 CheckQ
1459770049998	<INFO 7f1516974740> 2016-04-04 13:40:49 CheckI
1459770051785	<INFO 7f1516974740> 2016-04-04 13:40:51 CheckJ
1459770051788	<INFO 7f1516974740> 2016-04-04 13:40:51 CheckK
1459770051790	<INFO 7f1516974740> 2016-04-04 13:40:51 CheckL
1459770051793	<INFO 7f1516974740> 2016-04-04 13:40:51 CheckM
1459770051796	<INFO 7f1516974740> 2016-04-04 13:40:51 CheckN
1459770053696	<INFO 7f1516974740> 2016-04-04 13:40:53 CheckO
1459770053699	<INFO 7f1516974740> 2016-04-04 13:40:53 CheckP
1459770053701	<INFO 7f1516974740> 2016-04-04 13:40:53 CheckQ
1459770053703	<INFO 7f1516974740> 2016-04-04 13:40:53 CheckI
1459770055654	<INFO 7f1516974740> 2016-04-04 13:40:55 CheckJ
1459770055657	<INFO 7f1516974740> 2016-04-04 13:40:55 CheckK
1459770055659	<INFO 7f1516974740> 2016-04-04 13:40:55 CheckL
1459770055662	<INFO 7f1516974740> 2016-04-04 13:40:55 CheckM
1459770055665	<INFO 7f1516974740> 2016-04-04 13:40:55 CheckN
1459770057561	<INFO 7f1516974740> 2016-04-04 13:40:57 CheckO
1459770057564	<INFO 7f1516974740> 2016-04-04 13:40:57 CheckP
1459770057566	<INFO 7f1516974740> 2016-04-04 13:40:57 CheckQ
1459770057569	<INFO 7f1516974740> 2016-04-04 13:40:57 CheckI
1459770060699	<INFO 7f1516974740> 2016-04-04 13:41:00 CheckJ
1459770060702	<INFO 7f1516974740> 2016-04-04 13:41:00 CheckK
1459770060704	<INFO 7f1516974740> 2016-04-04 13:41:00 CheckL
1459770060707	<INFO 7f1516974740> 2016-04-04 13:41:00 CheckM
1459770060712	<INFO 7f1516974740> 2016-04-04 13:41:00 CheckN
1459770061516	<INFO 7f1516974740> 2016-04-04 13:41:01 CheckO
1459770061518	<INFO 7f1516974740> 2016-04-04 13:41:01 CheckP
1459770061521	<INFO 7f1516974740> 2016-04-04 13:41:01 CheckQ
1459770061523	<INFO 7f1516974740> 2016-04-04 13:41:01 CheckI
1459770063715	<INFO 7f1516974740> 2016-04-04 13:41:03 CheckJ
1459770063718	<INFO 7f1516974740> 2016-04-04 13:41:03 CheckK
1459770063720	<INFO 7f1516974740> 2016-04-04 13:41:03 CheckL
1459770063725	<INFO 7f1516974740> 2016-04-04 13:41:03 CheckM
1459770063728	<INFO 7f1516974740> 2016-04-04 13:41:03 CheckN
1459770065827	<INFO 7f1516974740> 2016-04-04 13:41:05 CheckO
1459770065831	<INFO 7f1516974740> 2016-04-04 13:41:05 CheckP
1459770065834	<INFO 7f1516974740> 2016-04-04 13:41:05 CheckQ
1459770065836	<INFO 7f1516974740> 2016-04-04 13:41:05 CheckI
1459770066620	<INFO 7f1516974740> 2016-04-04 13:41:06 CheckJ
1459770066623	<INFO 7f1516974740> 2016-04-04 13:41:06 CheckK
1459770066628	<INFO 7f1516974740> 2016-04-04 13:41:06 CheckL
1459770066630	<INFO 7f1516974740> 2016-04-04 13:41:06 CheckM
1459770066633	<INFO 7f1516974740> 2016-04-04 13:41:06 CheckN
1459770069569	<INFO 7f1516974740> 2016-04-04 13:41:09 CheckO
1459770069572	<INFO 7f1516974740> 2016-04-04 13:41:09 CheckP
1459770069575	<INFO 7f1516974740> 2016-04-04 13:41:09 CheckQ
1459770069577	<INFO 7f1516974740> 2016-04-04 13:41:09 CheckI
1459770072555	<INFO 7f1516974740> 2016-04-04 13:41:12 CheckJ
1459770072557	<INFO 7f1516974740> 2016-04-04 13:41:12 CheckK
1459770072560	<INFO 7f1516974740> 2016-04-04 13:41:12 CheckL
1459770072563	<INFO 7f1516974740> 2016-04-04 13:41:12 CheckM
1459770072565	<INFO 7f1516974740> 2016-04-04 13:41:12 CheckN
1459770073896	<INFO 7f1516974740> 2016-04-04 13:41:13 CheckO
1459770073898	<INFO 7f1516974740> 2016-04-04 13:41:13 CheckP
1459770073901	<INFO 7f1516974740> 2016-04-04 13:41:13 CheckQ
1459770073904	<INFO 7f1516974740> 2016-04-04 13:41:13 CheckI
1459770075473	<INFO 7f1516974740> 2016-04-04 13:41:15 CheckJ
1459770075480	<INFO 7f1516974740> 2016-04-04 13:41:15 CheckK
1459770075484	<INFO 7f1516974740> 2016-04-04 13:41:15 CheckL
1459770075486	<INFO 7f1516974740> 2016-04-04 13:41:15 CheckM
1459770075489	<INFO 7f1516974740> 2016-04-04 13:41:15 CheckN
1459770077528	<INFO 7f1516974740> 2016-04-04 13:41:17 CheckO
1459770077530	<INFO 7f1516974740> 2016-04-04 13:41:17 CheckP
1459770077533	<INFO 7f1516974740> 2016-04-04 13:41:17 CheckQ
1459770077535	<INFO 7f1516974740> 2016-04-04 13:41:17 CheckI
1459770080076	<INFO 7f1516974740> 2016-04-04 13:41:20 CheckJ
1459770080078	<INFO 7f1516974740> 2016-04-04 13:41:20 CheckK
1459770080081	<INFO 7f1516974740> 2016-04-04 13:41:20 CheckL
1459770080083	<INFO 7f1516974740> 2016-04-04 13:41:20 CheckM
1459770080086	<INFO 7f1516974740> 2016-04-04 13:41:20 CheckN
1459770083160	<INFO 7f1516974740> 2016-04-04 13:41:23 CheckO
1459770083163	<INFO 7f1516974740> 2016-04-04 13:41:23 CheckP
1459770083165	<INFO 7f1516974740> 2016-04-04 13:41:23 CheckQ
1459770083168	<INFO 7f1516974740> 2016-04-04 13:41:23 CheckI
1459770085286	<INFO 7f1516974740> 2016-04-04 13:41:25 CheckJ
1459770085289	<INFO 7f1516974740> 2016-04-04 13:41:25 CheckK
1459770085292	<INFO 7f1516974740> 2016-04-04 13:41:25 CheckL
1459770085295	<INFO 7f1516974740> 2016-04-04 13:41:25 CheckM
1459770085300	<INFO 7f1516974740> 2016-04-04 13:41:25 CheckN
1459770086885	<INFO 7f1516974740> 2016-04-04 13:41:26 CheckO
1459770086889	<INFO 7f1516974740> 2016-04-04 13:41:26 CheckP
1459770086891	<INFO 7f1516974740> 2016-04-04 13:41:26 CheckQ
1459770086894	<INFO 7f1516974740> 2016-04-04 13:41:26 CheckI
1459770088369	<INFO 7f1516974740> 2016-04-04 13:41:28 CheckJ
1459770088372	<INFO 7f1516974740> 2016-04-04 13:41:28 CheckK
1459770088374	<INFO 7f1516974740> 2016-04-04 13:41:28 CheckL
1459770088377	<INFO 7f1516974740> 2016-04-04 13:41:28 CheckM
1459770088380	<INFO 7f1516974740> 2016-04-04 13:41:28 CheckN
1459770091059	<INFO 7f1516974740> 2016-04-04 13:41:31 CheckO
1459770091062	<INFO 7f1516974740> 2016-04-04 13:41:31 CheckP
1459770091064	<INFO 7f1516974740> 2016-04-04 13:41:31 CheckQ
1459770091067	<INFO 7f1516974740> 2016-04-04 13:41:31 CheckI
1459770095046	<INFO 7f1516974740> 2016-04-04 13:41:35 CheckJ
1459770095050	<INFO 7f1516974740> 2016-04-04 13:41:35 CheckK
1459770095053	<INFO 7f1516974740> 2016-04-04 13:41:35 CheckL
1459770095056	<INFO 7f1516974740> 2016-04-04 13:41:35 CheckM
1459770095059	<INFO 7f1516974740> 2016-04-04 13:41:35 CheckN
1459770096173	<INFO 7f1516974740> 2016-04-04 13:41:36 CheckO
1459770096176	<INFO 7f1516974740> 2016-04-04 13:41:36 CheckP
1459770096179	<INFO 7f1516974740> 2016-04-04 13:41:36 CheckQ
1459770096182	<INFO 7f1516974740> 2016-04-04 13:41:36 CheckI
1459770097732	<INFO 7f1516974740> 2016-04-04 13:41:37 CheckJ
1459770097734	<INFO 7f1516974740> 2016-04-04 13:41:37 CheckK
1459770097737	<INFO 7f1516974740> 2016-04-04 13:41:37 CheckL
1459770097740	<INFO 7f1516974740> 2016-04-04 13:41:37 CheckM
1459770097742	<INFO 7f1516974740> 2016-04-04 13:41:37 CheckN
1459770098924	<INFO 7f1516974740> 2016-04-04 13:41:38 CheckO
1459770098927	<INFO 7f1516974740> 2016-04-04 13:41:38 CheckP
1459770098929	<INFO 7f1516974740> 2016-04-04 13:41:38 CheckQ
1459770098932	<INFO 7f1516974740> 2016-04-04 13:41:38 CheckI
1459770098978	<INFO 7f1516974740> 2016-04-04 13:41:38 Check8
1459770099733	<INFO 7f1516974740> 2016-04-04 13:41:39 Check9
1459770099735	<INFO 7f1516974740> 2016-04-04 13:41:39 Completed init
1459770100634	<INFO 7f1516974740> 2016-04-04 13:41:40 Started gather
1459770101079	<INFO 7f1516974740> 2016-04-04 13:41:41 CheckA
1459770101082	<INFO 7f1516974740> 2016-04-04 13:41:41 CheckB
1459770101084	<INFO 7f1516974740> 2016-04-04 13:41:41 CheckC
1459770101087	<INFO 7f1516974740> 2016-04-04 13:41:41 CheckD
1459770101089	<INFO 7f1516974740> 2016-04-04 13:41:41 CheckE
1459770101092	<INFO 7f1516974740> 2016-04-04 13:41:41 CheckF
1459770101094	<INFO 7f1516974740> 2016-04-04 13:41:41 CheckG
1459770101096	<INFO 7f1516974740> 2016-04-04 13:41:41 CheckH
1459770101099	<INFO 7f1516974740> 2016-04-04 13:41:41 CheckI
1459770102186	<INFO 7f1516974740> 2016-04-04 13:41:42 Completed gather
1459770102660	<INFO 7f1516974740> 2016-04-04 13:41:42 Started gather
1459770103184	<INFO 7f1516974740> 2016-04-04 13:41:43 CheckA
1459770103186	<INFO 7f1516974740> 2016-04-04 13:41:43 CheckB
1459770103188	<INFO 7f1516974740> 2016-04-04 13:41:43 CheckC
1459770103191	<INFO 7f1516974740> 2016-04-04 13:41:43 CheckD
1459770103194	<INFO 7f1516974740> 2016-04-04 13:41:43 CheckE
1459770103197	<INFO 7f1516974740> 2016-04-04 13:41:43 CheckF
1459770103199	<INFO 7f1516974740> 2016-04-04 13:41:43 CheckG
1459770103202	<INFO 7f1516974740> 2016-04-04 13:41:43 CheckH
1459770103204	<INFO 7f1516974740> 2016-04-04 13:41:43 CheckI
1459770105082	<INFO 7f1516974740> 2016-04-04 13:41:45 CheckJ
1459770105086	<INFO 7f1516974740> 2016-04-04 13:41:45 CheckK
1459770105088	<INFO 7f1516974740> 2016-04-04 13:41:45 CheckL
1459770105092	<INFO 7f1516974740> 2016-04-04 13:41:45 CheckM
1459770105095	<INFO 7f1516974740> 2016-04-04 13:41:45 CheckN
1459770105279	<INFO 7f1516974740> 2016-04-04 13:41:45 CheckO
1459770105281	<INFO 7f1516974740> 2016-04-04 13:41:45 CheckP
1459770105284	<INFO 7f1516974740> 2016-04-04 13:41:45 CheckQ
1459770105286	<INFO 7f1516974740> 2016-04-04 13:41:45 CheckI
1459770108377	<INFO 7f1516974740> 2016-04-04 13:41:48 CheckJ
1459770108380	<INFO 7f1516974740> 2016-04-04 13:41:48 CheckK
1459770108383	<INFO 7f1516974740> 2016-04-04 13:41:48 CheckL
1459770108385	<INFO 7f1516974740> 2016-04-04 13:41:48 CheckM
1459770108388	<INFO 7f1516974740> 2016-04-04 13:41:48 CheckN
1459770108613	<INFO 7f1516974740> 2016-04-04 13:41:48 CheckO
1459770108616	<INFO 7f1516974740> 2016-04-04 13:41:48 CheckP
1459770108619	<INFO 7f1516974740> 2016-04-04 13:41:48 CheckQ
1459770108622	<INFO 7f1516974740> 2016-04-04 13:41:48 CheckI
1459770110414	<INFO 7f1516974740> 2016-04-04 13:41:50 CheckJ
1459770110416	<INFO 7f1516974740> 2016-04-04 13:41:50 CheckK
1459770110419	<INFO 7f1516974740> 2016-04-04 13:41:50 CheckL
1459770110422	<INFO 7f1516974740> 2016-04-04 13:41:50 CheckM
1459770110424	<INFO 7f1516974740> 2016-04-04 13:41:50 CheckN
1459770110654	<INFO 7f1516974740> 2016-04-04 13:41:50 CheckO
1459770110657	<INFO 7f1516974740> 2016-04-04 13:41:50 CheckP
1459770110659	<INFO 7f1516974740> 2016-04-04 13:41:50 CheckQ
1459770110662	<INFO 7f1516974740> 2016-04-04 13:41:50 CheckI
1459770112295	<INFO 7f1516974740> 2016-04-04 13:41:52 CheckJ
1459770112297	<INFO 7f1516974740> 2016-04-04 13:41:52 CheckK
1459770112300	<INFO 7f1516974740> 2016-04-04 13:41:52 CheckL
1459770112303	<INFO 7f1516974740> 2016-04-04 13:41:52 CheckM
1459770112305	<INFO 7f1516974740> 2016-04-04 13:41:52 CheckN
1459770112547	<INFO 7f1516974740> 2016-04-04 13:41:52 CheckO
1459770112553	<INFO 7f1516974740> 2016-04-04 13:41:52 CheckP
1459770112556	<INFO 7f1516974740> 2016-04-04 13:41:52 CheckQ
1459770112558	<INFO 7f1516974740> 2016-04-04 13:41:52 CheckI
1459770113935	<INFO 7f1516974740> 2016-04-04 13:41:53 CheckJ
1459770113938	<INFO 7f1516974740> 2016-04-04 13:41:53 CheckK
1459770113941	<INFO 7f1516974740> 2016-04-04 13:41:53 CheckL
1459770113944	<INFO 7f1516974740> 2016-04-04 13:41:53 CheckM
1459770113946	<INFO 7f1516974740> 2016-04-04 13:41:53 CheckN
1459770114174	<INFO 7f1516974740> 2016-04-04 13:41:54 CheckO
1459770114177	<INFO 7f1516974740> 2016-04-04 13:41:54 CheckP
1459770114179	<INFO 7f1516974740> 2016-04-04 13:41:54 CheckQ
1459770114182	<INFO 7f1516974740> 2016-04-04 13:41:54 CheckI
1459770115279	<INFO 7f1516974740> 2016-04-04 13:41:55 CheckJ
1459770115282	<INFO 7f1516974740> 2016-04-04 13:41:55 CheckK
1459770115285	<INFO 7f1516974740> 2016-04-04 13:41:55 CheckL
1459770115287	<INFO 7f1516974740> 2016-04-04 13:41:55 CheckM
1459770115290	<INFO 7f1516974740> 2016-04-04 13:41:55 CheckN
1459770115535	<INFO 7f1516974740> 2016-04-04 13:41:55 CheckO
1459770115539	<INFO 7f1516974740> 2016-04-04 13:41:55 CheckP
1459770115541	<INFO 7f1516974740> 2016-04-04 13:41:55 CheckQ
1459770115544	<INFO 7f1516974740> 2016-04-04 13:41:55 CheckI
1459770116486	<INFO 7f1516974740> 2016-04-04 13:41:56 CheckJ
1459770116489	<INFO 7f1516974740> 2016-04-04 13:41:56 CheckK
1459770116491	<INFO 7f1516974740> 2016-04-04 13:41:56 CheckL
1459770116494	<INFO 7f1516974740> 2016-04-04 13:41:56 CheckM
1459770116496	<INFO 7f1516974740> 2016-04-04 13:41:56 CheckN
1459770116735	<INFO 7f1516974740> 2016-04-04 13:41:56 CheckO
1459770116737	<INFO 7f1516974740> 2016-04-04 13:41:56 CheckP
1459770116740	<INFO 7f1516974740> 2016-04-04 13:41:56 CheckQ
1459770116742	<INFO 7f1516974740> 2016-04-04 13:41:56 CheckI
1459770117669	<INFO 7f1516974740> 2016-04-04 13:41:57 CheckJ
1459770117672	<INFO 7f1516974740> 2016-04-04 13:41:57 CheckK
1459770117675	<INFO 7f1516974740> 2016-04-04 13:41:57 CheckL
1459770117678	<INFO 7f1516974740> 2016-04-04 13:41:57 CheckM
1459770117681	<INFO 7f1516974740> 2016-04-04 13:41:57 CheckN
1459770117918	<INFO 7f1516974740> 2016-04-04 13:41:57 CheckO
1459770117922	<INFO 7f1516974740> 2016-04-04 13:41:57 CheckP
1459770117924	<INFO 7f1516974740> 2016-04-04 13:41:57 CheckQ
1459770117927	<INFO 7f1516974740> 2016-04-04 13:41:57 CheckI
1459770118810	<INFO 7f1516974740> 2016-04-04 13:41:58 CheckJ
1459770118812	<INFO 7f1516974740> 2016-04-04 13:41:58 CheckK
1459770118815	<INFO 7f1516974740> 2016-04-04 13:41:58 CheckL
1459770118818	<INFO 7f1516974740> 2016-04-04 13:41:58 CheckM
1459770118821	<INFO 7f1516974740> 2016-04-04 13:41:58 CheckN
1459770119045	<INFO 7f1516974740> 2016-04-04 13:41:59 CheckO
1459770119048	<INFO 7f1516974740> 2016-04-04 13:41:59 CheckP
1459770119050	<INFO 7f1516974740> 2016-04-04 13:41:59 CheckQ
1459770119053	<INFO 7f1516974740> 2016-04-04 13:41:59 CheckI
1459770120028	<INFO 7f1516974740> 2016-04-04 13:42:00 CheckJ
1459770120030	<INFO 7f1516974740> 2016-04-04 13:42:00 CheckK
1459770120033	<INFO 7f1516974740> 2016-04-04 13:42:00 CheckL
1459770120036	<INFO 7f1516974740> 2016-04-04 13:42:00 CheckM
1459770120038	<INFO 7f1516974740> 2016-04-04 13:42:00 CheckN
1459770120268	<INFO 7f1516974740> 2016-04-04 13:42:00 CheckO
1459770120271	<INFO 7f1516974740> 2016-04-04 13:42:00 CheckP
1459770120278	<INFO 7f1516974740> 2016-04-04 13:42:00 CheckQ
1459770120281	<INFO 7f1516974740> 2016-04-04 13:42:00 CheckI
1459770121220	<INFO 7f1516974740> 2016-04-04 13:42:01 CheckJ
1459770121222	<INFO 7f1516974740> 2016-04-04 13:42:01 CheckK
1459770121225	<INFO 7f1516974740> 2016-04-04 13:42:01 CheckL
1459770121228	<INFO 7f1516974740> 2016-04-04 13:42:01 CheckM
1459770121230	<INFO 7f1516974740> 2016-04-04 13:42:01 CheckN
1459770121444	<INFO 7f1516974740> 2016-04-04 13:42:01 CheckO
1459770121447	<INFO 7f1516974740> 2016-04-04 13:42:01 CheckP
1459770121458	<INFO 7f1516974740> 2016-04-04 13:42:01 CheckQ
1459770121462	<INFO 7f1516974740> 2016-04-04 13:42:01 CheckI
1459770122362	<INFO 7f1516974740> 2016-04-04 13:42:02 CheckJ
1459770122365	<INFO 7f1516974740> 2016-04-04 13:42:02 CheckK
1459770122368	<INFO 7f1516974740> 2016-04-04 13:42:02 CheckL
1459770122371	<INFO 7f1516974740> 2016-04-04 13:42:02 CheckM
1459770122374	<INFO 7f1516974740> 2016-04-04 13:42:02 CheckN
1459770122572	<INFO 7f1516974740> 2016-04-04 13:42:02 CheckO
1459770122575	<INFO 7f1516974740> 2016-04-04 13:42:02 CheckP
1459770122578	<INFO 7f1516974740> 2016-04-04 13:42:02 CheckQ
1459770122582	<INFO 7f1516974740> 2016-04-04 13:42:02 CheckI
1459770123539	<INFO 7f1516974740> 2016-04-04 13:42:03 CheckJ
1459770123541	<INFO 7f1516974740> 2016-04-04 13:42:03 CheckK
1459770123544	<INFO 7f1516974740> 2016-04-04 13:42:03 CheckL
1459770123546	<INFO 7f1516974740> 2016-04-04 13:42:03 CheckM
1459770123550	<INFO 7f1516974740> 2016-04-04 13:42:03 CheckN
1459770123803	<INFO 7f1516974740> 2016-04-04 13:42:03 CheckO
1459770123805	<INFO 7f1516974740> 2016-04-04 13:42:03 CheckP
1459770123809	<INFO 7f1516974740> 2016-04-04 13:42:03 CheckQ
1459770123812	<INFO 7f1516974740> 2016-04-04 13:42:03 CheckI
1459770124712	<INFO 7f1516974740> 2016-04-04 13:42:04 CheckJ
1459770124716	<INFO 7f1516974740> 2016-04-04 13:42:04 CheckK
1459770124720	<INFO 7f1516974740> 2016-04-04 13:42:04 CheckL
1459770124723	<INFO 7f1516974740> 2016-04-04 13:42:04 CheckM
1459770124726	<INFO 7f1516974740> 2016-04-04 13:42:04 CheckN
1459770124977	<INFO 7f1516974740> 2016-04-04 13:42:04 CheckO
1459770124980	<INFO 7f1516974740> 2016-04-04 13:42:04 CheckP
1459770124982	<INFO 7f1516974740> 2016-04-04 13:42:04 CheckQ
1459770124985	<INFO 7f1516974740> 2016-04-04 13:42:04 CheckI
1459770125848	<INFO 7f1516974740> 2016-04-04 13:42:05 CheckJ
1459770125851	<INFO 7f1516974740> 2016-04-04 13:42:05 CheckK
1459770125854	<INFO 7f1516974740> 2016-04-04 13:42:05 CheckL
1459770125857	<INFO 7f1516974740> 2016-04-04 13:42:05 CheckM
1459770125859	<INFO 7f1516974740> 2016-04-04 13:42:05 CheckN
1459770126110	<INFO 7f1516974740> 2016-04-04 13:42:06 CheckO
1459770126113	<INFO 7f1516974740> 2016-04-04 13:42:06 CheckP
1459770126118	<INFO 7f1516974740> 2016-04-04 13:42:06 CheckQ
1459770126120	<INFO 7f1516974740> 2016-04-04 13:42:06 CheckI
1459770128647	<INFO 7f1516974740> 2016-04-04 13:42:08 CheckJ
1459770128649	<INFO 7f1516974740> 2016-04-04 13:42:08 CheckK
1459770128652	<INFO 7f1516974740> 2016-04-04 13:42:08 CheckL
1459770128654	<INFO 7f1516974740> 2016-04-04 13:42:08 CheckM
1459770128657	<INFO 7f1516974740> 2016-04-04 13:42:08 CheckN
1459770128905	<INFO 7f1516974740> 2016-04-04 13:42:08 CheckO
1459770128907	<INFO 7f1516974740> 2016-04-04 13:42:08 CheckP
1459770128910	<INFO 7f1516974740> 2016-04-04 13:42:08 CheckQ
1459770128913	<INFO 7f1516974740> 2016-04-04 13:42:08 CheckI
1459770129586	<INFO 7f1516974740> 2016-04-04 13:42:09 CheckJ
1459770129590	<INFO 7f1516974740> 2016-04-04 13:42:09 CheckK
1459770129593	<INFO 7f1516974740> 2016-04-04 13:42:09 CheckL
1459770129596	<INFO 7f1516974740> 2016-04-04 13:42:09 CheckM
1459770129598	<INFO 7f1516974740> 2016-04-04 13:42:09 CheckN
1459770129854	<INFO 7f1516974740> 2016-04-04 13:42:09 CheckO
1459770129857	<INFO 7f1516974740> 2016-04-04 13:42:09 CheckP
1459770129860	<INFO 7f1516974740> 2016-04-04 13:42:09 CheckQ
1459770129863	<INFO 7f1516974740> 2016-04-04 13:42:09 CheckI
1459770131179	<INFO 7f1516974740> 2016-04-04 13:42:11 CheckJ
1459770131181	<INFO 7f1516974740> 2016-04-04 13:42:11 CheckK
1459770131183	<INFO 7f1516974740> 2016-04-04 13:42:11 CheckL
1459770131185	<INFO 7f1516974740> 2016-04-04 13:42:11 CheckM
1459770131187	<INFO 7f1516974740> 2016-04-04 13:42:11 CheckN
1459770131427	<INFO 7f1516974740> 2016-04-04 13:42:11 CheckO
1459770131430	<INFO 7f1516974740> 2016-04-04 13:42:11 CheckP
1459770131433	<INFO 7f1516974740> 2016-04-04 13:42:11 CheckQ
1459770131435	<INFO 7f1516974740> 2016-04-04 13:42:11 CheckI
1459770134241	<INFO 7f1516974740> 2016-04-04 13:42:14 CheckJ
1459770134244	<INFO 7f1516974740> 2016-04-04 13:42:14 CheckK
1459770134246	<INFO 7f1516974740> 2016-04-04 13:42:14 CheckL
1459770134249	<INFO 7f1516974740> 2016-04-04 13:42:14 CheckM
1459770134251	<INFO 7f1516974740> 2016-04-04 13:42:14 CheckN
1459770134475	<INFO 7f1516974740> 2016-04-04 13:42:14 CheckO
1459770134480	<INFO 7f1516974740> 2016-04-04 13:42:14 CheckP
1459770134482	<INFO 7f1516974740> 2016-04-04 13:42:14 CheckQ
1459770134485	<INFO 7f1516974740> 2016-04-04 13:42:14 CheckI
1459770134767	<INFO 7f1516974740> 2016-04-04 13:42:14 CheckJ
1459770134770	<INFO 7f1516974740> 2016-04-04 13:42:14 CheckK
1459770134772	<INFO 7f1516974740> 2016-04-04 13:42:14 CheckL
1459770134775	<INFO 7f1516974740> 2016-04-04 13:42:14 CheckM
1459770134778	<INFO 7f1516974740> 2016-04-04 13:42:14 CheckN
1459770134803	<INFO 7f1516974740> 2016-04-04 13:42:14 CheckO
1459770134806	<INFO 7f1516974740> 2016-04-04 13:42:14 CheckP
1459770134809	<INFO 7f1516974740> 2016-04-04 13:42:14 CheckQ
1459770134811	<INFO 7f1516974740> 2016-04-04 13:42:14 CheckI
1459770136231	<INFO 7f1516974740> 2016-04-04 13:42:16 Completed gather
1459770159973	<INFO 7f1516974740> 2016-04-04 13:42:39 Completed phase 1 Bytes read 13337428400 Bytes written 7163412912
1459770159975	<INFO 7f1516974740> CORE::PARTITIONS_PROCESSED 0
1459770159978	<INFO 7f1516974740> CORE::BYTES::EDGES_STREAMED 648292404
1459770159980	<INFO 7f1516974740> CORE::BYTES::UPDATES_OUT 0
1459770159982	<INFO 7f1516974740> CORE::BYTES::UPDATES_IN 0
1459770159985	<INFO 7ef6f5ffb700> CORE::PARTITIONS_PROCESSED 0
1459770159987	<INFO 7ef6f5ffb700> CORE::BYTES::EDGES_STREAMED 872352768
1459770159989	<INFO 7ef6f5ffb700> CORE::BYTES::UPDATES_OUT 0
1459770159992	<INFO 7ef6f5ffb700> CORE::BYTES::UPDATES_IN 0
1459770159994	<INFO 7ef6f4ff9700> CORE::PARTITIONS_PROCESSED 0
1459770159996	<INFO 7ef6eb7fe700> CORE::PARTITIONS_PROCESSED 0
1459770159998	<INFO 7ef6f67fc700> CORE::PARTITIONS_PROCESSED 0
1459770160001	<INFO 7ef6f57fa700> CORE::PARTITIONS_PROCESSED 0
1459770160003	<INFO 7ef6f6ffd700> CORE::PARTITIONS_PROCESSED 0
1459770160006	<INFO 7ef6f67fc700> CORE::BYTES::EDGES_STREAMED 719027808
1459770160008	<INFO 7ef6f67fc700> CORE::BYTES::UPDATES_OUT 0
1459770160010	<INFO 7ef6eb7fe700> CORE::BYTES::EDGES_STREAMED 1504296996
1459770160012	<INFO 7ef6f6ffd700> CORE::BYTES::EDGES_STREAMED 881895708
1459770160015	<INFO 7ef6f4ff9700> CORE::BYTES::EDGES_STREAMED 874772676
1459770160017	<INFO 7ef6f67fc700> CORE::BYTES::UPDATES_IN 0
1459770160019	<INFO 7ef6eb7fe700> CORE::BYTES::UPDATES_OUT 0
1459770160022	<INFO 7ef6f6ffd700> CORE::BYTES::UPDATES_OUT 0
1459770160024	<INFO 7ef6eb7fe700> CORE::BYTES::UPDATES_IN 0
1459770160026	<INFO 7ef6f6ffd700> CORE::BYTES::UPDATES_IN 0
1459770160028	<INFO 7ef6ebfff700> CORE::PARTITIONS_PROCESSED 0
1459770160031	<INFO 7ef6f4ff9700> CORE::BYTES::UPDATES_OUT 0
1459770160033	<INFO 7ef6f4ff9700> CORE::BYTES::UPDATES_IN 0
1459770160035	<INFO 7ef6f57fa700> CORE::BYTES::EDGES_STREAMED 795504192
1459770160038	<INFO 7ef6f57fa700> CORE::BYTES::UPDATES_OUT 0
1459770160040	<INFO 7ef6f57fa700> CORE::BYTES::UPDATES_IN 0
1459770160042	<INFO 7ef6ebfff700> CORE::BYTES::EDGES_STREAMED 848238132
1459770160044	<INFO 7ef6ebfff700> CORE::BYTES::UPDATES_OUT 0
1459770160047	<INFO 7ef6ebfff700> CORE::BYTES::UPDATES_IN 0
1459770160049	<INFO 7ef6f7fff700> SLIPSTORE service is exiting
1459770160051	<INFO 7ef6f7fff700> SLIPSTORE::HELP_OFFERS_RECVD 14
1459770160054	<INFO 7ef6f7fff700> SLIPSTORE::HELP_OFFERS_ACCEPTED 0
1459770160056	<INFO 7ef6f7fff700> SLIPSTORE::HELP_ACCEPTANCE_RATIO 0
1459770160058	<INFO 7ef6f7fff700> SLIPSTORE::SERVER_BUSY_DISK  113.492 seconds
1459770160061	<INFO 7ef6f7fff700> SLIPSTORE::SERVER_BUSY_MEM  0 seconds
1459770160063	<INFO 7ef6f7fff700> SLIPSTORE::SERVER_TOTAL  140.186 seconds
1459770160066	<INFO 7f1516974740> SLIPSTORE::CLIENT::DISK_READ_TIME  74.4324 seconds
1459770160068	<INFO 7f1516974740> SLIPSTORE::CLIENT::MEM_READ_TIME  0 seconds
1459770160070	<INFO 7f1516974740> SLIPSTORE::CLIENT::DISK_BYTES_READ 14501189540
1459770160073	<INFO 7f1516974740> SLIPSTORE::CLIENT::MEM_BYTES_READ 0
1459770160075	<INFO 7f1516974740> SLIPSTORE::CLIENT::WRITE_TIME  39.9268 seconds
1459770160078	<INFO 7f1516974740> SLIPSTORE::CLIENT::BYTES_WRITTEN 805306368
1459770160080	<INFO 7f1516974740> SLIPSTORE::CLIENT_BUSY  114.359 seconds
1459770160083	<INFO 7f1516974740> SLIPSTORE::IO::TIME 100.069 seconds
1459770160085	<INFO 7f1516974740> SLIPSTORE::SNAP::TIME 0 seconds
1459770160087	<INFO 7f1516974740> SLIPSTORE::MAX_DISK_USAGE_BYTES 6626542000
1459770160896	<INFO 7f1516974740> CORE::RUSAGE::MAX_RSS_KB 125942428
1459770160900	<INFO 7f1516974740> CORE::RUSAGE::MINFLT 31625068
1459770160903	<INFO 7f1516974740> CORE::RUSAGE::MAJFLT 0
1459770160907	<INFO 7f1516974740> CORE::RUSAGE::MAJFLT 0
1459770160910	<INFO 7f1516974740> CORE::RUSAGE::INBLK 24442304
1459770160913	<INFO 7f1516974740> CORE::RUSAGE::OUBLK 13991656
1459770160916	<INFO 7f1516974740> CORE::UTILS::BYTES_READ 13337428400
1459770160920	<INFO 7f1516974740> CORE::UTILS::BYTES_WRITTEN 7163412912
1459770160923	<INFO 7f1516974740> CORE::UTILS::TILE_COPY_BYTES 536870912
1459770160926	<INFO 7f1516974740> CORE::TIME::IO_WAIT 101.878 seconds
1459770160929	<INFO 7f1516974740> CORE::TIME_TILE_COPY 0 seconds
1459770160933	<INFO 7f1516974740> CORE::TIME_TILE_MERGE 0 seconds
1459770160936	<INFO 7f1516974740> CORE::TIME_PROCESSING_STOLEN 0 seconds
1459770160939	<INFO 7f1516974740> CORE::TIME_MERGE_WAIT 0 seconds
1459770160943	<INFO 7f1516974740> CORE::TIME_ALL_MC_BARRIER 25.9126 seconds
1459770160946	<INFO 7f1516974740> CORE::PHASES 1
1459770160950	<INFO 7f1516974740> CORE::TIME::SETUP 4.04733 seconds
1459770160953	<INFO 7f1516974740> CORE::TIME::WALL 142.939 seconds
1459770160956	<INFO 7f1516974740> SHUTDOWN
