1459769910813	<INFO 7f5fa56b5740> 2016-04-04 13:38:30 STARTUP
1459769910815	<INFO 7f5fa56b5740> CORE::GRAPH rmat-28_s8
1459769910819	<INFO 7f5fa56b5740> CORE::ALGORITHM out_degree_cnt
1459769910824	<INFO 7f5fa56b5740> CORE::VERTEX_STRIPING OFF
1459769910827	<INFO 7f5fa56b5740> 2016-04-04 13:38:30 Blocking memory amount 126701535232
1459770018008	<INFO 7f5fa56b5740> 2016-04-04 13:40:18 Done blocking memory
1459770018011	<INFO 7f5fa56b5740> SG-DRIVER-ORIGINAL
1459770018015	<INFO 7f5fa56b5740> 2016-04-04 13:40:18 START read config parameters
1459770018019	<INFO 7f5fa56b5740> PARTITIONING::OLD 1
1459770018022	<INFO 7f5fa56b5740> CORE::CONFIG::PROCESSORS 8
1459770018025	<INFO 7f5fa56b5740> CORE::CONFIG::PHYSICAL_MEMORY 2147483648
1459770018029	<INFO 7f5fa56b5740> CORE::CONFIG::VERTICES 268435456
1459770018032	<INFO 7f5fa56b5740> CORE::CONFIG::VERTEX_SIZE 8
1459770018036	<INFO 7f5fa56b5740> CORE::CONFIG::VERTEX_BUFFER 268435456
1459770018039	<INFO 7f5fa56b5740> CORE::CONFIG::EDGES 536870912
1459770018043	<INFO 7f5fa56b5740> CORE::CONFIG::PARTITIONS 64
1459770018046	<INFO 7f5fa56b5740> CORE::CONFIG::FANOUT 64
1459770018050	<INFO 7f5fa56b5740> CORE::CONFIG::SUPER_PARTITIONS 8
1459770018053	<INFO 7f5fa56b5740> CORE::CONFIG::TILES 1
1459770018057	<INFO 7f5fa56b5740> CORE::CONFIG::BUFFER_SIZE 375808512
1459770018061	<INFO 7f5fa56b5740> CORE::CONFIG::MAX_BUFFERS 4
1459770018064	<INFO 7f5fa56b5740> CORE::CONFIG::MAX_STREAMS 4
1459770018068	<INFO 7f5fa56b5740> CORE::CONFIG::SUM_OF_OUT_DEGREES_FOR_NEW_PARTITIONS::FIRST_CONSTRAINT 33554432
1459770018072	<INFO 7f5fa56b5740> CORE::CONFIG::MAX_EDGES_PER_NEW_PARTITION::SECOND_CONSTRAINT 67108864
1459770018075	<INFO 7f5fa56b5740> SLIPSTREAM::EXT_MEM_SHUFFLE OFF
1459770018078	<INFO 7f5fa56b5740> 2016-04-04 13:40:18 END read config parameters
1459770019820	<WARNING 7f5fa56b5740> Unable to unlink file (stream.0.0.0):No such file or directory
1459770019824	<WARNING 7f5fa56b5740> Unable to unlink file (stream.0.1.0):No such file or directory
1459770019828	<WARNING 7f5fa56b5740> Unable to unlink file (stream.0.2.0):No such file or directory
1459770019832	<WARNING 7f5fa56b5740> Unable to unlink file (stream.0.3.0):No such file or directory
1459770019836	<WARNING 7f5fa56b5740> Unable to unlink file (stream.0.4.0):No such file or directory
1459770019841	<WARNING 7f5fa56b5740> Unable to unlink file (stream.0.5.0):No such file or directory
1459770019844	<WARNING 7f5fa56b5740> Unable to unlink file (stream.0.6.0):No such file or directory
1459770019849	<WARNING 7f5fa56b5740> Unable to unlink file (stream.0.7.0):No such file or directory
1459770019853	<WARNING 7f5fa56b5740> Unable to unlink file (stream.1.1.0):No such file or directory
1459770019857	<WARNING 7f5fa56b5740> Unable to unlink file (stream.1.2.0):No such file or directory
1459770019862	<WARNING 7f5fa56b5740> Unable to unlink file (stream.1.3.0):No such file or directory
1459770019865	<WARNING 7f5fa56b5740> Unable to unlink file (stream.1.4.0):No such file or directory
1459770019870	<WARNING 7f5fa56b5740> Unable to unlink file (stream.1.5.0):No such file or directory
1459770019874	<WARNING 7f5fa56b5740> Unable to unlink file (stream.1.6.0):No such file or directory
1459770019878	<WARNING 7f5fa56b5740> Unable to unlink file (stream.1.7.0):No such file or directory
1459770019882	<WARNING 7f5fa56b5740> Unable to unlink file (stream.2.0.0):No such file or directory
1459770019886	<WARNING 7f5fa56b5740> Unable to unlink file (stream.2.1.0):No such file or directory
1459770019890	<WARNING 7f5fa56b5740> Unable to unlink file (stream.2.2.0):No such file or directory
1459770019894	<WARNING 7f5fa56b5740> Unable to unlink file (stream.2.3.0):No such file or directory
1459770019898	<WARNING 7f5fa56b5740> Unable to unlink file (stream.2.4.0):No such file or directory
1459770019901	<WARNING 7f5fa56b5740> Unable to unlink file (stream.2.5.0):No such file or directory
1459770019905	<WARNING 7f5fa56b5740> Unable to unlink file (stream.2.6.0):No such file or directory
1459770019909	<WARNING 7f5fa56b5740> Unable to unlink file (stream.2.7.0):No such file or directory
1459770019913	<WARNING 7f5fa56b5740> Unable to unlink file (stream.3.0.0):No such file or directory
1459770019918	<WARNING 7f5fa56b5740> Unable to unlink file (stream.3.1.0):No such file or directory
1459770019921	<WARNING 7f5fa56b5740> Unable to unlink file (stream.3.2.0):No such file or directory
1459770019924	<WARNING 7f5fa56b5740> Unable to unlink file (stream.3.3.0):No such file or directory
1459770019928	<WARNING 7f5fa56b5740> Unable to unlink file (stream.3.4.0):No such file or directory
1459770019931	<WARNING 7f5fa56b5740> Unable to unlink file (stream.3.5.0):No such file or directory
1459770019934	<WARNING 7f5fa56b5740> Unable to unlink file (stream.3.6.0):No such file or directory
1459770019937	<WARNING 7f5fa56b5740> Unable to unlink file (stream.3.7.0):No such file or directory
1459770019941	<INFO 7f5fa56b5740> SLIPSTORE::ZMQ_THREADS 2
1459770019944	<INFO 7f5fa56b5740> SLIPSTORE::COMM Connecting to tcp://dco-node137-10g:5016
1459770019947	<INFO 7f5fa56b5740> SLIPSTORE::COMM Connecting to tcp://dco-node138-10g:5034
1459770019951	<INFO 7f5fa56b5740> SLIPSTORE::COMM Connecting to tcp://dco-node139-10g:5052
1459770019954	<INFO 7f5fa56b5740> SLIPSTORE::COMM Connecting to tcp://dco-node140-10g:5070
1459770019957	<INFO 7f5fa56b5740> SLIPSTORE::COMM Connecting to tcp://dco-node141-10g:5088
1459770019961	<INFO 7f5fa56b5740> SLIPSTORE::COMM Connecting to tcp://dco-node142-10g:5106
1459770019964	<INFO 7f5fa56b5740> SLIPSTORE::COMM Connecting to tcp://dco-node143-10g:5124
1459770019967	<INFO 7f5fa56b5740> SLIPSTORE::COMM Connecting to tcp://dco-node144-10g:5142
1459770019970	<INFO 7f5fa56b5740> SLIPSTORE::COMM Listening at tcp://ens1f0:5098
1459770019975	<INFO 7f5fa56b5740> SLIPSTORE::COMM Listening at tcp://ens1f0:5099
1459770019978	<INFO 7f5fa56b5740> SLIPSTORE::COMM Listening at tcp://ens1f0:5100
1459770019981	<INFO 7f5fa56b5740> SLIPSTORE::COMM Listening at tcp://ens1f0:5101
1459770019985	<INFO 7f5fa56b5740> SLIPSTORE::COMM Listening at tcp://ens1f0:5102
1459770019987	<INFO 7f5fa56b5740> SLIPSTORE::COMM Listening at ipc://client
1459770019990	<INFO 7f5fa56b5740> SLIPSTORE::COMM Listening at tcp://ens1f0:5104
1459770019993	<INFO 7f5fa56b5740> SLIPSTORE::COMM Listening at tcp://ens1f0:5105
1459770019996	<INFO 7f5fa56b5740> SLIPSTORE::COMM Connecting to tcp://dco-node137-10g:5016
1459770020000	<INFO 7f5fa56b5740> SLIPSTORE::COMM Connecting to tcp://dco-node138-10g:5034
1459770020003	<INFO 7f5fa56b5740> SLIPSTORE::COMM Connecting to tcp://dco-node139-10g:5052
1459770020005	<INFO 7f5fa56b5740> SLIPSTORE::COMM Connecting to tcp://dco-node140-10g:5070
1459770020008	<INFO 7f5fa56b5740> SLIPSTORE::COMM Connecting to tcp://dco-node141-10g:5088
1459770020012	<INFO 7f5fa56b5740> SLIPSTORE::COMM Connecting to tcp://dco-node142-10g:5106
1459770020015	<INFO 7f5fa56b5740> SLIPSTORE::COMM Connecting to tcp://dco-node143-10g:5124
1459770020017	<INFO 7f5fa56b5740> SLIPSTORE::COMM Connecting to tcp://dco-node144-10g:5142
1459770020021	<INFO 7f5fa56b5740> SLIPSTORE::COMM Connecting to tcp://dco-node137-10g:5005
1459770020023	<INFO 7f5fa56b5740> SLIPSTORE::COMM Connecting to tcp://dco-node138-10g:5023
1459770020027	<INFO 7f5fa56b5740> SLIPSTORE::COMM Connecting to tcp://dco-node139-10g:5041
1459770020030	<INFO 7f5fa56b5740> SLIPSTORE::COMM Connecting to tcp://dco-node140-10g:5059
1459770020033	<INFO 7f5fa56b5740> SLIPSTORE::COMM Connecting to tcp://dco-node141-10g:5077
1459770020035	<INFO 7f5fa56b5740> SLIPSTORE::COMM Connecting to ipc://server
1459770020039	<INFO 7f5fa56b5740> SLIPSTORE::COMM Connecting to tcp://dco-node143-10g:5113
1459770020042	<INFO 7f5fa56b5740> SLIPSTORE::COMM Connecting to tcp://dco-node144-10g:5131
1459770020044	<INFO 7f5fa56b5740> SLIPSTORE::COMM Connecting to tcp://dco-node143-10g:5125
1459770020047	<INFO 7f5fa56b5740> SLIPSTORE::COMM Listening at tcp://ens1f0:5107
1459770020051	<INFO 7f5fa56b5740> SLIPSTORE::COMM Connecting to tcp://dco-node142-10g:5106
1459770020054	<INFO 7f5fa56b5740> SLIPSTORE::HELP_POLICY NONE
1459770020057	<INFO 7f5fa56b5740> SLIPSTORE::SERVER ASYNC
1459770020061	<INFO 7f5fa56b5740> SLIPSTORE::MACHINES 8
1459770020064	<INFO 7f5fa56b5740> SLIPSTORE::ME 5
1459770020067	<INFO 7f5fa56b5740> SLIPSTORE::SLIPCHUNK 4194304
1459770020070	<INFO 7f5fa56b5740> SLIPSTORE::QUOTA 18446744073709551615
1459770020073	<INFO 7f5fa56b5740> SLIPSTORE::IO PAGECACHE
1459770020076	<INFO 7f4186ffb700> SLIPSTORE::COMM Listening at tcp://ens1f0:5106
1459770020079	<INFO 7f4186ffb700> SLIPSTORE::COMM Listening at tcp://ens1f0:5090
1459770020082	<INFO 7f4186ffb700> SLIPSTORE::COMM Connecting to tcp://dco-node137-10g:5013
1459770020085	<INFO 7f4186ffb700> SLIPSTORE::COMM Listening at tcp://ens1f0:5091
1459770020088	<INFO 7f4186ffb700> SLIPSTORE::COMM Connecting to tcp://dco-node138-10g:5031
1459770020091	<INFO 7f4186ffb700> SLIPSTORE::COMM Listening at tcp://ens1f0:5092
1459770020094	<INFO 7f4186ffb700> SLIPSTORE::COMM Connecting to tcp://dco-node139-10g:5049
1459770020096	<INFO 7f4186ffb700> SLIPSTORE::COMM Listening at tcp://ens1f0:5093
1459770020098	<INFO 7f4186ffb700> SLIPSTORE::COMM Connecting to tcp://dco-node140-10g:5067
1459770020101	<INFO 7f4186ffb700> SLIPSTORE::COMM Listening at tcp://ens1f0:5094
1459770020104	<INFO 7f4186ffb700> SLIPSTORE::COMM Connecting to tcp://dco-node141-10g:5085
1459770020106	<INFO 7f4186ffb700> SLIPSTORE::COMM Listening at ipc://server
1459770020109	<INFO 7f4186ffb700> SLIPSTORE::COMM Connecting to ipc://client
1459770020111	<INFO 7f4186ffb700> SLIPSTORE::COMM Listening at tcp://ens1f0:5096
1459770020115	<INFO 7f4186ffb700> SLIPSTORE::COMM Connecting to tcp://dco-node143-10g:5121
1459770020119	<INFO 7f4186ffb700> SLIPSTORE::COMM Listening at tcp://ens1f0:5097
1459770020121	<INFO 7f4186ffb700> SLIPSTORE::COMM Connecting to tcp://dco-node144-10g:5139
1459770021086	<INFO 7f5fa56b5740> SLIPSTORE::CHECKPOINTS NONE FOUND
1459770021089	<INFO 7f5fa56b5740> 2016-04-04 13:40:21 Start edge split
1459770021091	<INFO 7f5fa56b5740> 2016-04-04 13:40:21 Check1
1459770021093	<INFO 7f5fa56b5740> 2016-04-04 13:40:21 Check2
1459770021095	<INFO 7f5fa56b5740> 2016-04-04 13:40:21 Check3
1459770021098	<INFO 7f5fa56b5740> 2016-04-04 13:40:21 Check4
1459770021100	<INFO 7f5fa56b5740> 2016-04-04 13:40:21 Check5
1459770021102	<INFO 7f5fa56b5740> 2016-04-04 13:40:21 Check7
1459770021104	<INFO 7f5fa56b5740> 2016-04-04 13:40:21 CheckA
1459770021106	<INFO 7f5fa56b5740> 2016-04-04 13:40:21 CheckB
1459770021109	<INFO 7f5fa56b5740> 2016-04-04 13:40:21 CheckC
1459770021111	<INFO 7f5fa56b5740> 2016-04-04 13:40:21 CheckD
1459770021113	<INFO 7f5fa56b5740> 2016-04-04 13:40:21 CheckE
1459770021116	<INFO 7f5fa56b5740> 2016-04-04 13:40:21 CheckF
1459770021118	<INFO 7f5fa56b5740> 2016-04-04 13:40:21 CheckG
1459770021120	<INFO 7f5fa56b5740> 2016-04-04 13:40:21 CheckH
1459770021123	<INFO 7f5fa56b5740> 2016-04-04 13:40:21 CheckI
1459770022751	<INFO 7f5fa56b5740> 2016-04-04 13:40:22 CheckJ
1459770022754	<INFO 7f5fa56b5740> 2016-04-04 13:40:22 CheckK
1459770022756	<INFO 7f5fa56b5740> 2016-04-04 13:40:22 CheckL
1459770022759	<INFO 7f5fa56b5740> 2016-04-04 13:40:22 CheckM
1459770022762	<INFO 7f5fa56b5740> 2016-04-04 13:40:22 CheckN
1459770023083	<INFO 7f5fa56b5740> 2016-04-04 13:40:23 CheckO
1459770023085	<INFO 7f5fa56b5740> 2016-04-04 13:40:23 CheckP
1459770023089	<INFO 7f5fa56b5740> 2016-04-04 13:40:23 CheckQ
1459770023091	<INFO 7f5fa56b5740> 2016-04-04 13:40:23 CheckI
1459770024344	<INFO 7f5fa56b5740> 2016-04-04 13:40:24 CheckJ
1459770024348	<INFO 7f5fa56b5740> 2016-04-04 13:40:24 CheckK
1459770024350	<INFO 7f5fa56b5740> 2016-04-04 13:40:24 CheckL
1459770024354	<INFO 7f5fa56b5740> 2016-04-04 13:40:24 CheckM
1459770024356	<INFO 7f5fa56b5740> 2016-04-04 13:40:24 CheckN
1459770025537	<INFO 7f5fa56b5740> 2016-04-04 13:40:25 CheckO
1459770025540	<INFO 7f5fa56b5740> 2016-04-04 13:40:25 CheckP
1459770025542	<INFO 7f5fa56b5740> 2016-04-04 13:40:25 CheckQ
1459770025545	<INFO 7f5fa56b5740> 2016-04-04 13:40:25 CheckI
1459770027874	<INFO 7f5fa56b5740> 2016-04-04 13:40:27 CheckJ
1459770027877	<INFO 7f5fa56b5740> 2016-04-04 13:40:27 CheckK
1459770027880	<INFO 7f5fa56b5740> 2016-04-04 13:40:27 CheckL
1459770027882	<INFO 7f5fa56b5740> 2016-04-04 13:40:27 CheckM
1459770027885	<INFO 7f5fa56b5740> 2016-04-04 13:40:27 CheckN
1459770029993	<INFO 7f5fa56b5740> 2016-04-04 13:40:29 CheckO
1459770029996	<INFO 7f5fa56b5740> 2016-04-04 13:40:29 CheckP
1459770030000	<INFO 7f5fa56b5740> 2016-04-04 13:40:29 CheckQ
1459770030003	<INFO 7f5fa56b5740> 2016-04-04 13:40:29 CheckI
1459770033935	<INFO 7f5fa56b5740> 2016-04-04 13:40:33 CheckJ
1459770033938	<INFO 7f5fa56b5740> 2016-04-04 13:40:33 CheckK
1459770033941	<INFO 7f5fa56b5740> 2016-04-04 13:40:33 CheckL
1459770033944	<INFO 7f5fa56b5740> 2016-04-04 13:40:33 CheckM
1459770033947	<INFO 7f5fa56b5740> 2016-04-04 13:40:33 CheckN
1459770036223	<INFO 7f5fa56b5740> 2016-04-04 13:40:36 CheckO
1459770036226	<INFO 7f5fa56b5740> 2016-04-04 13:40:36 CheckP
1459770036229	<INFO 7f5fa56b5740> 2016-04-04 13:40:36 CheckQ
1459770036231	<INFO 7f5fa56b5740> 2016-04-04 13:40:36 CheckI
1459770038872	<INFO 7f5fa56b5740> 2016-04-04 13:40:38 CheckJ
1459770038876	<INFO 7f5fa56b5740> 2016-04-04 13:40:38 CheckK
1459770038881	<INFO 7f5fa56b5740> 2016-04-04 13:40:38 CheckL
1459770038884	<INFO 7f5fa56b5740> 2016-04-04 13:40:38 CheckM
1459770038889	<INFO 7f5fa56b5740> 2016-04-04 13:40:38 CheckN
1459770040756	<INFO 7f5fa56b5740> 2016-04-04 13:40:40 CheckO
1459770040759	<INFO 7f5fa56b5740> 2016-04-04 13:40:40 CheckP
1459770040761	<INFO 7f5fa56b5740> 2016-04-04 13:40:40 CheckQ
1459770040764	<INFO 7f5fa56b5740> 2016-04-04 13:40:40 CheckI
1459770045030	<INFO 7f5fa56b5740> 2016-04-04 13:40:45 CheckJ
1459770045033	<INFO 7f5fa56b5740> 2016-04-04 13:40:45 CheckK
1459770045035	<INFO 7f5fa56b5740> 2016-04-04 13:40:45 CheckL
1459770045039	<INFO 7f5fa56b5740> 2016-04-04 13:40:45 CheckM
1459770045044	<INFO 7f5fa56b5740> 2016-04-04 13:40:45 CheckN
1459770047415	<INFO 7f5fa56b5740> 2016-04-04 13:40:47 CheckO
1459770047418	<INFO 7f5fa56b5740> 2016-04-04 13:40:47 CheckP
1459770047420	<INFO 7f5fa56b5740> 2016-04-04 13:40:47 CheckQ
1459770047423	<INFO 7f5fa56b5740> 2016-04-04 13:40:47 CheckI
1459770050999	<INFO 7f5fa56b5740> 2016-04-04 13:40:50 CheckJ
1459770051002	<INFO 7f5fa56b5740> 2016-04-04 13:40:50 CheckK
1459770051004	<INFO 7f5fa56b5740> 2016-04-04 13:40:50 CheckL
1459770051007	<INFO 7f5fa56b5740> 2016-04-04 13:40:50 CheckM
1459770051011	<INFO 7f5fa56b5740> 2016-04-04 13:40:50 CheckN
1459770052931	<INFO 7f5fa56b5740> 2016-04-04 13:40:52 CheckO
1459770052934	<INFO 7f5fa56b5740> 2016-04-04 13:40:52 CheckP
1459770052936	<INFO 7f5fa56b5740> 2016-04-04 13:40:52 CheckQ
1459770052939	<INFO 7f5fa56b5740> 2016-04-04 13:40:52 CheckI
1459770055750	<INFO 7f5fa56b5740> 2016-04-04 13:40:55 CheckJ
1459770055755	<INFO 7f5fa56b5740> 2016-04-04 13:40:55 CheckK
1459770055758	<INFO 7f5fa56b5740> 2016-04-04 13:40:55 CheckL
1459770055761	<INFO 7f5fa56b5740> 2016-04-04 13:40:55 CheckM
1459770055764	<INFO 7f5fa56b5740> 2016-04-04 13:40:55 CheckN
1459770058052	<INFO 7f5fa56b5740> 2016-04-04 13:40:58 CheckO
1459770058055	<INFO 7f5fa56b5740> 2016-04-04 13:40:58 CheckP
1459770058057	<INFO 7f5fa56b5740> 2016-04-04 13:40:58 CheckQ
1459770058059	<INFO 7f5fa56b5740> 2016-04-04 13:40:58 CheckI
1459770061063	<INFO 7f5fa56b5740> 2016-04-04 13:41:01 CheckJ
1459770061066	<INFO 7f5fa56b5740> 2016-04-04 13:41:01 CheckK
1459770061068	<INFO 7f5fa56b5740> 2016-04-04 13:41:01 CheckL
1459770061070	<INFO 7f5fa56b5740> 2016-04-04 13:41:01 CheckM
1459770061073	<INFO 7f5fa56b5740> 2016-04-04 13:41:01 CheckN
1459770063092	<INFO 7f5fa56b5740> 2016-04-04 13:41:03 CheckO
1459770063095	<INFO 7f5fa56b5740> 2016-04-04 13:41:03 CheckP
1459770063099	<INFO 7f5fa56b5740> 2016-04-04 13:41:03 CheckQ
1459770063101	<INFO 7f5fa56b5740> 2016-04-04 13:41:03 CheckI
1459770066553	<INFO 7f5fa56b5740> 2016-04-04 13:41:06 CheckJ
1459770066556	<INFO 7f5fa56b5740> 2016-04-04 13:41:06 CheckK
1459770066559	<INFO 7f5fa56b5740> 2016-04-04 13:41:06 CheckL
1459770066562	<INFO 7f5fa56b5740> 2016-04-04 13:41:06 CheckM
1459770066565	<INFO 7f5fa56b5740> 2016-04-04 13:41:06 CheckN
1459770069591	<INFO 7f5fa56b5740> 2016-04-04 13:41:09 CheckO
1459770069594	<INFO 7f5fa56b5740> 2016-04-04 13:41:09 CheckP
1459770069596	<INFO 7f5fa56b5740> 2016-04-04 13:41:09 CheckQ
1459770069601	<INFO 7f5fa56b5740> 2016-04-04 13:41:09 CheckI
1459770071907	<INFO 7f5fa56b5740> 2016-04-04 13:41:11 CheckJ
1459770071910	<INFO 7f5fa56b5740> 2016-04-04 13:41:11 CheckK
1459770071912	<INFO 7f5fa56b5740> 2016-04-04 13:41:11 CheckL
1459770071915	<INFO 7f5fa56b5740> 2016-04-04 13:41:11 CheckM
1459770071918	<INFO 7f5fa56b5740> 2016-04-04 13:41:11 CheckN
1459770073763	<INFO 7f5fa56b5740> 2016-04-04 13:41:13 CheckO
1459770073766	<INFO 7f5fa56b5740> 2016-04-04 13:41:13 CheckP
1459770073769	<INFO 7f5fa56b5740> 2016-04-04 13:41:13 CheckQ
1459770073771	<INFO 7f5fa56b5740> 2016-04-04 13:41:13 CheckI
1459770075435	<INFO 7f5fa56b5740> 2016-04-04 13:41:15 CheckJ
1459770075438	<INFO 7f5fa56b5740> 2016-04-04 13:41:15 CheckK
1459770075441	<INFO 7f5fa56b5740> 2016-04-04 13:41:15 CheckL
1459770075444	<INFO 7f5fa56b5740> 2016-04-04 13:41:15 CheckM
1459770075447	<INFO 7f5fa56b5740> 2016-04-04 13:41:15 CheckN
1459770077536	<INFO 7f5fa56b5740> 2016-04-04 13:41:17 CheckO
1459770077538	<INFO 7f5fa56b5740> 2016-04-04 13:41:17 CheckP
1459770077541	<INFO 7f5fa56b5740> 2016-04-04 13:41:17 CheckQ
1459770077543	<INFO 7f5fa56b5740> 2016-04-04 13:41:17 CheckI
1459770080050	<INFO 7f5fa56b5740> 2016-04-04 13:41:20 CheckJ
1459770080053	<INFO 7f5fa56b5740> 2016-04-04 13:41:20 CheckK
1459770080055	<INFO 7f5fa56b5740> 2016-04-04 13:41:20 CheckL
1459770080059	<INFO 7f5fa56b5740> 2016-04-04 13:41:20 CheckM
1459770080061	<INFO 7f5fa56b5740> 2016-04-04 13:41:20 CheckN
1459770083187	<INFO 7f5fa56b5740> 2016-04-04 13:41:23 CheckO
1459770083189	<INFO 7f5fa56b5740> 2016-04-04 13:41:23 CheckP
1459770083191	<INFO 7f5fa56b5740> 2016-04-04 13:41:23 CheckQ
1459770083194	<INFO 7f5fa56b5740> 2016-04-04 13:41:23 CheckI
1459770085562	<INFO 7f5fa56b5740> 2016-04-04 13:41:25 CheckJ
1459770085565	<INFO 7f5fa56b5740> 2016-04-04 13:41:25 CheckK
1459770085568	<INFO 7f5fa56b5740> 2016-04-04 13:41:25 CheckL
1459770085570	<INFO 7f5fa56b5740> 2016-04-04 13:41:25 CheckM
1459770085572	<INFO 7f5fa56b5740> 2016-04-04 13:41:25 CheckN
1459770087206	<INFO 7f5fa56b5740> 2016-04-04 13:41:27 CheckO
1459770087209	<INFO 7f5fa56b5740> 2016-04-04 13:41:27 CheckP
1459770087212	<INFO 7f5fa56b5740> 2016-04-04 13:41:27 CheckQ
1459770087214	<INFO 7f5fa56b5740> 2016-04-04 13:41:27 CheckI
1459770090763	<INFO 7f5fa56b5740> 2016-04-04 13:41:30 CheckJ
1459770090766	<INFO 7f5fa56b5740> 2016-04-04 13:41:30 CheckK
1459770090769	<INFO 7f5fa56b5740> 2016-04-04 13:41:30 CheckL
1459770090771	<INFO 7f5fa56b5740> 2016-04-04 13:41:30 CheckM
1459770090776	<INFO 7f5fa56b5740> 2016-04-04 13:41:30 CheckN
1459770092636	<INFO 7f5fa56b5740> 2016-04-04 13:41:32 CheckO
1459770092639	<INFO 7f5fa56b5740> 2016-04-04 13:41:32 CheckP
1459770092641	<INFO 7f5fa56b5740> 2016-04-04 13:41:32 CheckQ
1459770092644	<INFO 7f5fa56b5740> 2016-04-04 13:41:32 CheckI
1459770094886	<INFO 7f5fa56b5740> 2016-04-04 13:41:34 CheckJ
1459770094889	<INFO 7f5fa56b5740> 2016-04-04 13:41:34 CheckK
1459770094892	<INFO 7f5fa56b5740> 2016-04-04 13:41:34 CheckL
1459770094894	<INFO 7f5fa56b5740> 2016-04-04 13:41:34 CheckM
1459770094897	<INFO 7f5fa56b5740> 2016-04-04 13:41:34 CheckN
1459770096417	<INFO 7f5fa56b5740> 2016-04-04 13:41:36 CheckO
1459770096420	<INFO 7f5fa56b5740> 2016-04-04 13:41:36 CheckP
1459770096422	<INFO 7f5fa56b5740> 2016-04-04 13:41:36 CheckQ
1459770096424	<INFO 7f5fa56b5740> 2016-04-04 13:41:36 CheckI
1459770097731	<INFO 7f5fa56b5740> 2016-04-04 13:41:37 CheckJ
1459770097734	<INFO 7f5fa56b5740> 2016-04-04 13:41:37 CheckK
1459770097736	<INFO 7f5fa56b5740> 2016-04-04 13:41:37 CheckL
1459770097739	<INFO 7f5fa56b5740> 2016-04-04 13:41:37 CheckM
1459770097742	<INFO 7f5fa56b5740> 2016-04-04 13:41:37 CheckN
1459770098884	<INFO 7f5fa56b5740> 2016-04-04 13:41:38 CheckO
1459770098888	<INFO 7f5fa56b5740> 2016-04-04 13:41:38 CheckP
1459770098890	<INFO 7f5fa56b5740> 2016-04-04 13:41:38 CheckQ
1459770098893	<INFO 7f5fa56b5740> 2016-04-04 13:41:38 CheckI
1459770098977	<INFO 7f5fa56b5740> 2016-04-04 13:41:38 Check8
1459770099732	<INFO 7f5fa56b5740> 2016-04-04 13:41:39 Check9
1459770099735	<INFO 7f5fa56b5740> 2016-04-04 13:41:39 Completed init
1459770100634	<INFO 7f5fa56b5740> 2016-04-04 13:41:40 Started gather
1459770101091	<INFO 7f5fa56b5740> 2016-04-04 13:41:41 CheckA
1459770101093	<INFO 7f5fa56b5740> 2016-04-04 13:41:41 CheckB
1459770101095	<INFO 7f5fa56b5740> 2016-04-04 13:41:41 CheckC
1459770101098	<INFO 7f5fa56b5740> 2016-04-04 13:41:41 CheckD
1459770101100	<INFO 7f5fa56b5740> 2016-04-04 13:41:41 CheckE
1459770101103	<INFO 7f5fa56b5740> 2016-04-04 13:41:41 CheckF
1459770101105	<INFO 7f5fa56b5740> 2016-04-04 13:41:41 CheckG
1459770101108	<INFO 7f5fa56b5740> 2016-04-04 13:41:41 CheckH
1459770101110	<INFO 7f5fa56b5740> 2016-04-04 13:41:41 CheckI
1459770102612	<INFO 7f5fa56b5740> 2016-04-04 13:41:42 Completed gather
1459770102659	<INFO 7f5fa56b5740> 2016-04-04 13:41:42 Started gather
1459770103171	<INFO 7f5fa56b5740> 2016-04-04 13:41:43 CheckA
1459770103174	<INFO 7f5fa56b5740> 2016-04-04 13:41:43 CheckB
1459770103176	<INFO 7f5fa56b5740> 2016-04-04 13:41:43 CheckC
1459770103179	<INFO 7f5fa56b5740> 2016-04-04 13:41:43 CheckD
1459770103181	<INFO 7f5fa56b5740> 2016-04-04 13:41:43 CheckE
1459770103184	<INFO 7f5fa56b5740> 2016-04-04 13:41:43 CheckF
1459770103186	<INFO 7f5fa56b5740> 2016-04-04 13:41:43 CheckG
1459770103188	<INFO 7f5fa56b5740> 2016-04-04 13:41:43 CheckH
1459770103191	<INFO 7f5fa56b5740> 2016-04-04 13:41:43 CheckI
1459770105201	<INFO 7f5fa56b5740> 2016-04-04 13:41:45 CheckJ
1459770105204	<INFO 7f5fa56b5740> 2016-04-04 13:41:45 CheckK
1459770105206	<INFO 7f5fa56b5740> 2016-04-04 13:41:45 CheckL
1459770105209	<INFO 7f5fa56b5740> 2016-04-04 13:41:45 CheckM
1459770105211	<INFO 7f5fa56b5740> 2016-04-04 13:41:45 CheckN
1459770105441	<INFO 7f5fa56b5740> 2016-04-04 13:41:45 CheckO
1459770105443	<INFO 7f5fa56b5740> 2016-04-04 13:41:45 CheckP
1459770105446	<INFO 7f5fa56b5740> 2016-04-04 13:41:45 CheckQ
1459770105449	<INFO 7f5fa56b5740> 2016-04-04 13:41:45 CheckI
1459770108269	<INFO 7f5fa56b5740> 2016-04-04 13:41:48 CheckJ
1459770108272	<INFO 7f5fa56b5740> 2016-04-04 13:41:48 CheckK
1459770108275	<INFO 7f5fa56b5740> 2016-04-04 13:41:48 CheckL
1459770108277	<INFO 7f5fa56b5740> 2016-04-04 13:41:48 CheckM
1459770108279	<INFO 7f5fa56b5740> 2016-04-04 13:41:48 CheckN
1459770108496	<INFO 7f5fa56b5740> 2016-04-04 13:41:48 CheckO
1459770108499	<INFO 7f5fa56b5740> 2016-04-04 13:41:48 CheckP
1459770108502	<INFO 7f5fa56b5740> 2016-04-04 13:41:48 CheckQ
1459770108505	<INFO 7f5fa56b5740> 2016-04-04 13:41:48 CheckI
1459770110320	<INFO 7f5fa56b5740> 2016-04-04 13:41:50 CheckJ
1459770110323	<INFO 7f5fa56b5740> 2016-04-04 13:41:50 CheckK
1459770110326	<INFO 7f5fa56b5740> 2016-04-04 13:41:50 CheckL
1459770110329	<INFO 7f5fa56b5740> 2016-04-04 13:41:50 CheckM
1459770110331	<INFO 7f5fa56b5740> 2016-04-04 13:41:50 CheckN
1459770110580	<INFO 7f5fa56b5740> 2016-04-04 13:41:50 CheckO
1459770110583	<INFO 7f5fa56b5740> 2016-04-04 13:41:50 CheckP
1459770110585	<INFO 7f5fa56b5740> 2016-04-04 13:41:50 CheckQ
1459770110587	<INFO 7f5fa56b5740> 2016-04-04 13:41:50 CheckI
1459770112242	<INFO 7f5fa56b5740> 2016-04-04 13:41:52 CheckJ
1459770112245	<INFO 7f5fa56b5740> 2016-04-04 13:41:52 CheckK
1459770112248	<INFO 7f5fa56b5740> 2016-04-04 13:41:52 CheckL
1459770112250	<INFO 7f5fa56b5740> 2016-04-04 13:41:52 CheckM
1459770112253	<INFO 7f5fa56b5740> 2016-04-04 13:41:52 CheckN
1459770112482	<INFO 7f5fa56b5740> 2016-04-04 13:41:52 CheckO
1459770112484	<INFO 7f5fa56b5740> 2016-04-04 13:41:52 CheckP
1459770112486	<INFO 7f5fa56b5740> 2016-04-04 13:41:52 CheckQ
1459770112489	<INFO 7f5fa56b5740> 2016-04-04 13:41:52 CheckI
1459770113884	<INFO 7f5fa56b5740> 2016-04-04 13:41:53 CheckJ
1459770113886	<INFO 7f5fa56b5740> 2016-04-04 13:41:53 CheckK
1459770113889	<INFO 7f5fa56b5740> 2016-04-04 13:41:53 CheckL
1459770113893	<INFO 7f5fa56b5740> 2016-04-04 13:41:53 CheckM
1459770113896	<INFO 7f5fa56b5740> 2016-04-04 13:41:53 CheckN
1459770114139	<INFO 7f5fa56b5740> 2016-04-04 13:41:54 CheckO
1459770114141	<INFO 7f5fa56b5740> 2016-04-04 13:41:54 CheckP
1459770114146	<INFO 7f5fa56b5740> 2016-04-04 13:41:54 CheckQ
1459770114148	<INFO 7f5fa56b5740> 2016-04-04 13:41:54 CheckI
1459770116181	<INFO 7f5fa56b5740> 2016-04-04 13:41:56 CheckJ
1459770116184	<INFO 7f5fa56b5740> 2016-04-04 13:41:56 CheckK
1459770116187	<INFO 7f5fa56b5740> 2016-04-04 13:41:56 CheckL
1459770116189	<INFO 7f5fa56b5740> 2016-04-04 13:41:56 CheckM
1459770116194	<INFO 7f5fa56b5740> 2016-04-04 13:41:56 CheckN
1459770116428	<INFO 7f5fa56b5740> 2016-04-04 13:41:56 CheckO
1459770116431	<INFO 7f5fa56b5740> 2016-04-04 13:41:56 CheckP
1459770116436	<INFO 7f5fa56b5740> 2016-04-04 13:41:56 CheckQ
1459770116439	<INFO 7f5fa56b5740> 2016-04-04 13:41:56 CheckI
1459770116484	<INFO 7f5fa56b5740> 2016-04-04 13:41:56 CheckJ
1459770116487	<INFO 7f5fa56b5740> 2016-04-04 13:41:56 CheckK
1459770116490	<INFO 7f5fa56b5740> 2016-04-04 13:41:56 CheckL
1459770116493	<INFO 7f5fa56b5740> 2016-04-04 13:41:56 CheckM
1459770116496	<INFO 7f5fa56b5740> 2016-04-04 13:41:56 CheckN
1459770116501	<INFO 7f5fa56b5740> 2016-04-04 13:41:56 CheckO
1459770116504	<INFO 7f5fa56b5740> 2016-04-04 13:41:56 CheckP
1459770116506	<INFO 7f5fa56b5740> 2016-04-04 13:41:56 CheckQ
1459770116510	<INFO 7f5fa56b5740> 2016-04-04 13:41:56 CheckI
1459770124410	<INFO 7f5fa56b5740> 2016-04-04 13:42:04 Completed gather
1459770159972	<INFO 7f5fa56b5740> 2016-04-04 13:42:39 Completed phase 1 Bytes read 13297686752 Bytes written 7123671264
1459770159975	<INFO 7f5fa56b5740> CORE::PARTITIONS_PROCESSED 0
1459770159977	<INFO 7f5fa56b5740> CORE::BYTES::EDGES_STREAMED 222831720
1459770159979	<INFO 7f5fa56b5740> CORE::BYTES::UPDATES_OUT 0
1459770159982	<INFO 7f5fa56b5740> CORE::BYTES::UPDATES_IN 0
1459770159984	<INFO 7f417bfff700> CORE::PARTITIONS_PROCESSED 0
1459770159987	<INFO 7f417bfff700> CORE::BYTES::EDGES_STREAMED 268844796
1459770159989	<INFO 7f417bfff700> CORE::BYTES::UPDATES_OUT 0
1459770159991	<INFO 7f417bfff700> CORE::BYTES::UPDATES_IN 0
1459770159994	<INFO 7f417a7fc700> CORE::PARTITIONS_PROCESSED 0
1459770159996	<INFO 7f417a7fc700> CORE::BYTES::EDGES_STREAMED 455195868
1459770159998	<INFO 7f417a7fc700> CORE::BYTES::UPDATES_OUT 0
1459770160000	<INFO 7f417a7fc700> CORE::BYTES::UPDATES_IN 0
1459770160003	<INFO 7f4184ff7700> CORE::PARTITIONS_PROCESSED 0
1459770160005	<INFO 7f41857f8700> CORE::PARTITIONS_PROCESSED 0
1459770160007	<INFO 7f4184ff7700> CORE::BYTES::EDGES_STREAMED 278376420
1459770160009	<INFO 7f417affd700> CORE::PARTITIONS_PROCESSED 0
1459770160012	<INFO 7f417affd700> CORE::BYTES::EDGES_STREAMED 236010756
1459770160014	<INFO 7f41857f8700> CORE::BYTES::EDGES_STREAMED 267120984
1459770160016	<INFO 7f417affd700> CORE::BYTES::UPDATES_OUT 0
1459770160019	<INFO 7f41857f8700> CORE::BYTES::UPDATES_OUT 0
1459770160021	<INFO 7f417affd700> CORE::BYTES::UPDATES_IN 0
1459770160023	<INFO 7f41857f8700> CORE::BYTES::UPDATES_IN 0
1459770160026	<INFO 7f4184ff7700> CORE::BYTES::UPDATES_OUT 0
1459770160028	<INFO 7f4184ff7700> CORE::BYTES::UPDATES_IN 0
1459770160030	<INFO 7f4185ff9700> CORE::PARTITIONS_PROCESSED 0
1459770160033	<INFO 7f417b7fe700> CORE::PARTITIONS_PROCESSED 0
1459770160035	<INFO 7f417b7fe700> CORE::BYTES::EDGES_STREAMED 328005672
1459770160037	<INFO 7f4185ff9700> CORE::BYTES::EDGES_STREAMED 199885812
1459770160039	<INFO 7f4185ff9700> CORE::BYTES::UPDATES_OUT 0
1459770160042	<INFO 7f417b7fe700> CORE::BYTES::UPDATES_OUT 0
1459770160044	<INFO 7f4185ff9700> CORE::BYTES::UPDATES_IN 0
1459770160046	<INFO 7f417b7fe700> CORE::BYTES::UPDATES_IN 0
1459770160048	<INFO 7f4186ffb700> SLIPSTORE service is exiting
1459770160051	<INFO 7f4186ffb700> SLIPSTORE::HELP_OFFERS_RECVD 14
1459770160053	<INFO 7f4186ffb700> SLIPSTORE::HELP_OFFERS_ACCEPTED 0
1459770160055	<INFO 7f4186ffb700> SLIPSTORE::HELP_ACCEPTANCE_RATIO 0
1459770160058	<INFO 7f4186ffb700> SLIPSTORE::SERVER_BUSY_DISK  114.165 seconds
1459770160060	<INFO 7f4186ffb700> SLIPSTORE::SERVER_BUSY_MEM  0 seconds
1459770160062	<INFO 7f4186ffb700> SLIPSTORE::SERVER_TOTAL  140.13 seconds
1459770160064	<INFO 7f5fa56b5740> SLIPSTORE::CLIENT::DISK_READ_TIME  62.0564 seconds
1459770160067	<INFO 7f5fa56b5740> SLIPSTORE::CLIENT::MEM_READ_TIME  0 seconds
1459770160069	<INFO 7f5fa56b5740> SLIPSTORE::CLIENT::DISK_BYTES_READ 8841335828
1459770160071	<INFO 7f5fa56b5740> SLIPSTORE::CLIENT::MEM_BYTES_READ 0
1459770160074	<INFO 7f5fa56b5740> SLIPSTORE::CLIENT::WRITE_TIME  41.1526 seconds
1459770160076	<INFO 7f5fa56b5740> SLIPSTORE::CLIENT::BYTES_WRITTEN 805306368
1459770160078	<INFO 7f5fa56b5740> SLIPSTORE::CLIENT_BUSY  103.209 seconds
1459770160080	<INFO 7f5fa56b5740> SLIPSTORE::IO::TIME 100.986 seconds
1459770160083	<INFO 7f5fa56b5740> SLIPSTORE::SNAP::TIME 0 seconds
1459770160085	<INFO 7f5fa56b5740> SLIPSTORE::MAX_DISK_USAGE_BYTES 6586800352
1459770160087	<INFO 7f5fa56b5740> CORE::RUSAGE::MAX_RSS_KB 125949100
1459770160090	<INFO 7f5fa56b5740> CORE::RUSAGE::MINFLT 31583680
1459770160092	<INFO 7f5fa56b5740> CORE::RUSAGE::MAJFLT 0
1459770160094	<INFO 7f5fa56b5740> CORE::RUSAGE::MAJFLT 0
1459770160096	<INFO 7f5fa56b5740> CORE::RUSAGE::INBLK 24234976
1459770160099	<INFO 7f5fa56b5740> CORE::RUSAGE::OUBLK 13914072
1459770160101	<INFO 7f5fa56b5740> CORE::UTILS::BYTES_READ 13297686752
1459770160103	<INFO 7f5fa56b5740> CORE::UTILS::BYTES_WRITTEN 7123671264
1459770160106	<INFO 7f5fa56b5740> CORE::UTILS::TILE_COPY_BYTES 536870912
1459770160108	<INFO 7f5fa56b5740> CORE::TIME::IO_WAIT 94.2521 seconds
1459770160110	<INFO 7f5fa56b5740> CORE::TIME_TILE_COPY 0 seconds
1459770160113	<INFO 7f5fa56b5740> CORE::TIME_TILE_MERGE 0 seconds
1459770160115	<INFO 7f5fa56b5740> CORE::TIME_PROCESSING_STOLEN 0 seconds
1459770160117	<INFO 7f5fa56b5740> CORE::TIME_MERGE_WAIT 0 seconds
1459770160120	<INFO 7f5fa56b5740> CORE::TIME_ALL_MC_BARRIER 37.1747 seconds
1459770160122	<INFO 7f5fa56b5740> CORE::PHASES 1
1459770160124	<INFO 7f5fa56b5740> CORE::TIME::SETUP 3.093 seconds
1459770160127	<INFO 7f5fa56b5740> CORE::TIME::WALL 141.983 seconds
1459770160129	<INFO 7f5fa56b5740> SHUTDOWN
