1461702256719	<INFO 7fb65b0a0740> 2016-04-26 22:24:16 STARTUP
1461702256723	<INFO 7fb65b0a0740> CORE::GRAPH rmat-28_s8
1461702256727	<INFO 7fb65b0a0740> CORE::ALGORITHM pagerank
1461702256731	<INFO 7fb65b0a0740> CORE::VERTEX_STRIPING OFF
1461702256735	<INFO 7fb65b0a0740> CORE::OPTIMIZED_STATE_LOAD_STORE OFF
1461702256739	<INFO 7fb65b0a0740> CORE::BINARY_SEARCH_SUPER_PARTITION ON
1461702256743	<INFO 7fb65b0a0740> CORE::SUPER_PARTITION_COMPUTED_FOR_EACH_VERTEX
1461702256746	<INFO 7fb65b0a0740> CORE::EDGE_STRIPING ON
1461702256750	<INFO 7fb65b0a0740> CORE::BATCH IO ON
1461702256754	<INFO 7fb65b0a0740> 2016-04-26 22:24:16 Blocking memory amount 126701535232
1461702361972	<INFO 7fb65b0a0740> 2016-04-26 22:26:01 Done blocking memory
1461702361976	<INFO 7fb65b0a0740> SG-DRIVER-ORIGINAL
1461702361979	<INFO 7fb65b0a0740> 2016-04-26 22:26:01 START read config parameters
1461702361983	<INFO 7fb65b0a0740> PARTITIONING::OLD 0
1461702361986	<INFO 7fb65b0a0740> PARTITIONING::BALANCED_PARTITIONS 0
1461702361990	<INFO 7fb65b0a0740> CORE::CONFIG::PROCESSORS 8
1461702361994	<INFO 7fb65b0a0740> CORE::CONFIG::PHYSICAL_MEMORY 2147483648
1461702361997	<INFO 7fb65b0a0740> CORE::CONFIG::VERTICES 268435456
1461702362001	<INFO 7fb65b0a0740> CORE::CONFIG::VERTEX_SIZE 12
1461702362005	<INFO 7fb65b0a0740> CORE::CONFIG::VERTEX_BUFFER 1402204788
1461702362008	<INFO 7fb65b0a0740> CORE::CONFIG::EDGES 536870912
1461702362012	<INFO 7fb65b0a0740> CORE::CONFIG::PARTITIONS 64
1461702362016	<INFO 7fb65b0a0740> CORE::CONFIG::FANOUT 64
1461702362020	<INFO 7fb65b0a0740> CORE::CONFIG::SUPER_PARTITIONS 8
1461702362023	<INFO 7fb65b0a0740> CORE::CONFIG::TILES 1
1461702362027	<INFO 7fb65b0a0740> CORE::CONFIG::BUFFER_SIZE 149054645
1461702362030	<INFO 7fb65b0a0740> CORE::CONFIG::MAX_BUFFERS 4
1461702362034	<INFO 7fb65b0a0740> CORE::CONFIG::MAX_STREAMS 4
1461702362037	<INFO 7fb65b0a0740> CORE::CONFIG::SUM_OF_OUT_DEGREES_FOR_NEW_PARTITIONS::FIRST_CONSTRAINT 536870912
1461702362041	<INFO 7fb65b0a0740> CORE::CONFIG::MAX_EDGES_PER_NEW_PARTITION::SECOND_CONSTRAINT 536870912
1461702362045	<INFO 7fb65b0a0740> SLIPSTREAM::EXT_MEM_SHUFFLE OFF
1461702362049	<INFO 7fb65b0a0740> 2016-04-26 22:26:01 END read config parameters
1461702363748	<WARNING 7fb65b0a0740> Unable to unlink file (stream.0.0.0):No such file or directory
1461702363751	<WARNING 7fb65b0a0740> Unable to unlink file (stream.0.1.0):No such file or directory
1461702363755	<WARNING 7fb65b0a0740> Unable to unlink file (stream.0.2.0):No such file or directory
1461702363758	<WARNING 7fb65b0a0740> Unable to unlink file (stream.0.3.0):No such file or directory
1461702363762	<WARNING 7fb65b0a0740> Unable to unlink file (stream.0.4.0):No such file or directory
1461702363766	<WARNING 7fb65b0a0740> Unable to unlink file (stream.0.5.0):No such file or directory
1461702363771	<WARNING 7fb65b0a0740> Unable to unlink file (stream.0.6.0):No such file or directory
1461702363775	<WARNING 7fb65b0a0740> Unable to unlink file (stream.0.7.0):No such file or directory
1461702363779	<WARNING 7fb65b0a0740> Unable to unlink file (stream.1.1.0):No such file or directory
1461702363783	<WARNING 7fb65b0a0740> Unable to unlink file (stream.1.2.0):No such file or directory
1461702363787	<WARNING 7fb65b0a0740> Unable to unlink file (stream.1.3.0):No such file or directory
1461702363791	<WARNING 7fb65b0a0740> Unable to unlink file (stream.1.4.0):No such file or directory
1461702363795	<WARNING 7fb65b0a0740> Unable to unlink file (stream.1.5.0):No such file or directory
1461702363799	<WARNING 7fb65b0a0740> Unable to unlink file (stream.1.6.0):No such file or directory
1461702363803	<WARNING 7fb65b0a0740> Unable to unlink file (stream.1.7.0):No such file or directory
1461702363807	<WARNING 7fb65b0a0740> Unable to unlink file (stream.2.0.0):No such file or directory
1461702363811	<WARNING 7fb65b0a0740> Unable to unlink file (stream.2.1.0):No such file or directory
1461702363815	<WARNING 7fb65b0a0740> Unable to unlink file (stream.2.2.0):No such file or directory
1461702363819	<WARNING 7fb65b0a0740> Unable to unlink file (stream.2.3.0):No such file or directory
1461702363823	<WARNING 7fb65b0a0740> Unable to unlink file (stream.2.4.0):No such file or directory
1461702363827	<WARNING 7fb65b0a0740> Unable to unlink file (stream.2.5.0):No such file or directory
1461702363831	<WARNING 7fb65b0a0740> Unable to unlink file (stream.2.6.0):No such file or directory
1461702363834	<WARNING 7fb65b0a0740> Unable to unlink file (stream.2.7.0):No such file or directory
1461702363838	<WARNING 7fb65b0a0740> Unable to unlink file (stream.3.0.0):No such file or directory
1461702363841	<WARNING 7fb65b0a0740> Unable to unlink file (stream.3.1.0):No such file or directory
1461702363845	<WARNING 7fb65b0a0740> Unable to unlink file (stream.3.2.0):No such file or directory
1461702363848	<WARNING 7fb65b0a0740> Unable to unlink file (stream.3.3.0):No such file or directory
1461702363851	<WARNING 7fb65b0a0740> Unable to unlink file (stream.3.4.0):No such file or directory
1461702363855	<WARNING 7fb65b0a0740> Unable to unlink file (stream.3.5.0):No such file or directory
1461702363858	<WARNING 7fb65b0a0740> Unable to unlink file (stream.3.6.0):No such file or directory
1461702363862	<WARNING 7fb65b0a0740> Unable to unlink file (stream.3.7.0):No such file or directory
1461702363865	<INFO 7fb65b0a0740> SLIPSTORE::ZMQ_THREADS 2
1461702363869	<INFO 7fb65b0a0740> SLIPSTORE::COMM Connecting to tcp://dco-node137-10g:5016
1461702363872	<INFO 7fb65b0a0740> SLIPSTORE::COMM Connecting to tcp://dco-node138-10g:5034
1461702363875	<INFO 7fb65b0a0740> SLIPSTORE::COMM Connecting to tcp://dco-node139-10g:5052
1461702363878	<INFO 7fb65b0a0740> SLIPSTORE::COMM Connecting to tcp://dco-node140-10g:5070
1461702363881	<INFO 7fb65b0a0740> SLIPSTORE::COMM Connecting to tcp://dco-node141-10g:5088
1461702363884	<INFO 7fb65b0a0740> SLIPSTORE::COMM Connecting to tcp://dco-node142-10g:5106
1461702363887	<INFO 7fb65b0a0740> SLIPSTORE::COMM Connecting to tcp://dco-node143-10g:5124
1461702363891	<INFO 7fb65b0a0740> SLIPSTORE::COMM Connecting to tcp://dco-node144-10g:5142
1461702363893	<INFO 7fb65b0a0740> SLIPSTORE::COMM Listening at tcp://ens1f0:5026
1461702363897	<INFO 7fb65b0a0740> SLIPSTORE::COMM Listening at ipc://client
1461702363900	<INFO 7fb65b0a0740> SLIPSTORE::COMM Listening at tcp://ens1f0:5028
1461702363903	<INFO 7fb65b0a0740> SLIPSTORE::COMM Listening at tcp://ens1f0:5029
1461702363905	<INFO 7fb65b0a0740> SLIPSTORE::COMM Listening at tcp://ens1f0:5030
1461702363909	<INFO 7fb65b0a0740> SLIPSTORE::COMM Listening at tcp://ens1f0:5031
1461702363912	<INFO 7fb65b0a0740> SLIPSTORE::COMM Listening at tcp://ens1f0:5032
1461702363915	<INFO 7fb65b0a0740> SLIPSTORE::COMM Listening at tcp://ens1f0:5033
1461702363918	<INFO 7fb65b0a0740> SLIPSTORE::COMM Connecting to tcp://dco-node137-10g:5016
1461702363921	<INFO 7fb65b0a0740> SLIPSTORE::COMM Connecting to tcp://dco-node138-10g:5034
1461702363924	<INFO 7fb65b0a0740> SLIPSTORE::COMM Connecting to tcp://dco-node139-10g:5052
1461702363927	<INFO 7fb65b0a0740> SLIPSTORE::COMM Connecting to tcp://dco-node140-10g:5070
1461702363931	<INFO 7fb65b0a0740> SLIPSTORE::COMM Connecting to tcp://dco-node141-10g:5088
1461702363934	<INFO 7fb65b0a0740> SLIPSTORE::COMM Connecting to tcp://dco-node142-10g:5106
1461702363937	<INFO 7fb65b0a0740> SLIPSTORE::COMM Connecting to tcp://dco-node143-10g:5124
1461702363940	<INFO 7fb65b0a0740> SLIPSTORE::COMM Connecting to tcp://dco-node144-10g:5142
1461702363944	<INFO 7fb65b0a0740> SLIPSTORE::COMM Connecting to tcp://dco-node137-10g:5001
1461702363947	<INFO 7fb65b0a0740> SLIPSTORE::COMM Connecting to ipc://server
1461702363949	<INFO 7fb65b0a0740> SLIPSTORE::COMM Connecting to tcp://dco-node139-10g:5037
1461702363952	<INFO 7fb65b0a0740> SLIPSTORE::COMM Connecting to tcp://dco-node140-10g:5055
1461702363955	<INFO 7fb65b0a0740> SLIPSTORE::COMM Connecting to tcp://dco-node141-10g:5073
1461702363958	<INFO 7fb65b0a0740> SLIPSTORE::COMM Connecting to tcp://dco-node142-10g:5091
1461702363962	<INFO 7fb65b0a0740> SLIPSTORE::COMM Connecting to tcp://dco-node143-10g:5109
1461702363964	<INFO 7fb65b0a0740> SLIPSTORE::COMM Connecting to tcp://dco-node144-10g:5127
1461702363967	<INFO 7fb65b0a0740> SLIPSTORE::COMM Connecting to tcp://dco-node139-10g:5053
1461702363970	<INFO 7fb65b0a0740> SLIPSTORE::COMM Listening at tcp://ens1f0:5035
1461702363973	<INFO 7fb65b0a0740> SLIPSTORE::COMM Connecting to tcp://dco-node138-10g:5034
1461702363976	<INFO 7fb65b0a0740> SLIPSTORE::HELP_POLICY NONE
1461702363978	<INFO 7fb65b0a0740> SLIPSTORE::SERVER ASYNC
1461702363980	<INFO 7fb65b0a0740> SLIPSTORE::MACHINES 8
1461702363984	<INFO 7fb65b0a0740> SLIPSTORE::ME 1
1461702363986	<INFO 7fb65b0a0740> SLIPSTORE::SLIPCHUNK 4194304
1461702363989	<INFO 7fb65b0a0740> SLIPSTORE::QUOTA 18446744073709551615
1461702363991	<INFO 7fb65b0a0740> SLIPSTORE::IO PAGECACHE
1461702363994	<INFO 7f9844ff4700> SLIPSTORE::COMM Listening at tcp://ens1f0:5034
1461702363996	<INFO 7f9844ff4700> SLIPSTORE::COMM Listening at tcp://ens1f0:5018
1461702363999	<INFO 7f9844ff4700> SLIPSTORE::COMM Connecting to tcp://dco-node137-10g:5009
1461702364002	<INFO 7f9844ff4700> SLIPSTORE::COMM Listening at ipc://server
1461702364005	<INFO 7f9844ff4700> SLIPSTORE::COMM Connecting to ipc://client
1461702364008	<INFO 7f9844ff4700> SLIPSTORE::COMM Listening at tcp://ens1f0:5020
1461702364011	<INFO 7f9844ff4700> SLIPSTORE::COMM Connecting to tcp://dco-node139-10g:5045
1461702364014	<INFO 7f9844ff4700> SLIPSTORE::COMM Listening at tcp://ens1f0:5021
1461702364016	<INFO 7f9844ff4700> SLIPSTORE::COMM Connecting to tcp://dco-node140-10g:5063
1461702364019	<INFO 7f9844ff4700> SLIPSTORE::COMM Listening at tcp://ens1f0:5022
1461702364022	<INFO 7f9844ff4700> SLIPSTORE::COMM Connecting to tcp://dco-node141-10g:5081
1461702364024	<INFO 7f9844ff4700> SLIPSTORE::COMM Listening at tcp://ens1f0:5023
1461702364027	<INFO 7f9844ff4700> SLIPSTORE::COMM Connecting to tcp://dco-node142-10g:5099
1461702364030	<INFO 7f9844ff4700> SLIPSTORE::COMM Listening at tcp://ens1f0:5024
1461702364033	<INFO 7f9844ff4700> SLIPSTORE::COMM Connecting to tcp://dco-node143-10g:5117
1461702364035	<INFO 7f9844ff4700> SLIPSTORE::COMM Listening at tcp://ens1f0:5025
1461702364038	<INFO 7f9844ff4700> SLIPSTORE::COMM Connecting to tcp://dco-node144-10g:5135
1461702367085	<INFO 7fb65b0a0740> SLIPSTORE::CHECKPOINTS NONE FOUND
1461702367088	<INFO 7fb65b0a0740> 2016-04-26 22:26:07 Start edge split
1461702418091	<INFO 7fb65b0a0740> 2016-04-26 22:26:58 Completed init
1461702424058	<INFO 7fb65b0a0740> 2016-04-26 22:27:04 Started gather
1461702424357	<INFO 7fb65b0a0740> 2016-04-26 22:27:04 Completed gather
1461702434051	<INFO 7fb65b0a0740> 2016-04-26 22:27:14 Started scatter
1461702470981	<INFO 7fb65b0a0740> 2016-04-26 22:27:50 Completed scatter
1461702483931	<INFO 7fb65b0a0740> 2016-04-26 22:28:03 Completed phase 1 Bytes read 13007387220 Bytes written 6564936276
1461702495047	<INFO 7fb65b0a0740> 2016-04-26 22:28:15 Started gather
1461702495706	<INFO 7fb65b0a0740> 2016-04-26 22:28:15 Completed gather
1461702504076	<INFO 7fb65b0a0740> 2016-04-26 22:28:24 Started gather
1461702552094	<INFO 7fb65b0a0740> 2016-04-26 22:29:12 Completed gather
1461702572950	<INFO 7fb65b0a0740> 2016-04-26 22:29:32 Completed phase 2 Bytes read 19646042952 Bytes written 11037079900
1461702583345	<INFO 7fb65b0a0740> 2016-04-26 22:29:43 Started gather
1461702622261	<INFO 7fb65b0a0740> 2016-04-26 22:30:22 Completed gather
1461702791807	<INFO 7fb65b0a0740> 2016-04-26 22:33:11 Started scatter
1461702838652	<INFO 7fb65b0a0740> 2016-04-26 22:33:58 Completed scatter
1461702848445	<INFO 7fb65b0a0740> 2016-04-26 22:34:08 Completed phase 3 Bytes read 30535683940 Bytes written 15501482940
1461702858325	<INFO 7fb65b0a0740> 2016-04-26 22:34:18 Started gather
1461702897552	<INFO 7fb65b0a0740> 2016-04-26 22:34:57 Completed gather
1461703068104	<INFO 7fb65b0a0740> 2016-04-26 22:37:48 Started scatter
1461703114392	<INFO 7fb65b0a0740> 2016-04-26 22:38:34 Completed scatter
1461703125295	<INFO 7fb65b0a0740> 2016-04-26 22:38:45 Completed phase 4 Bytes read 41491303800 Bytes written 19977578324
1461703137186	<INFO 7fb65b0a0740> 2016-04-26 22:38:57 Started gather
1461703176922	<INFO 7fb65b0a0740> 2016-04-26 22:39:36 Completed gather
1461703348550	<INFO 7fb65b0a0740> 2016-04-26 22:42:28 Started scatter
1461703396873	<INFO 7fb65b0a0740> 2016-04-26 22:43:16 Completed scatter
1461703405988	<INFO 7fb65b0a0740> 2016-04-26 22:43:25 Completed phase 5 Bytes read 52458616004 Bytes written 24418281292
1461703417170	<INFO 7fb65b0a0740> 2016-04-26 22:43:37 Started gather
1461703455385	<INFO 7fb65b0a0740> 2016-04-26 22:44:15 Completed gather
1461703626373	<INFO 7fb65b0a0740> 2016-04-26 22:47:06 Started scatter
1461703673000	<INFO 7fb65b0a0740> 2016-04-26 22:47:52 Completed scatter
1461703682815	<INFO 7fb65b0a0740> 2016-04-26 22:48:02 Completed phase 6 Bytes read 63390535792 Bytes written 28838254900
1461703693163	<INFO 7fb65b0a0740> 2016-04-26 22:48:13 Started gather
1461703732267	<INFO 7fb65b0a0740> 2016-04-26 22:48:52 Completed gather
1461703902257	<INFO 7fb65b0a0740> 2016-04-26 22:51:42 Started scatter
1461703949937	<INFO 7fb65b0a0740> 2016-04-26 22:52:29 Completed scatter
1461703962128	<INFO 7fb65b0a0740> 2016-04-26 22:52:42 Completed phase 7 Bytes read 74301726220 Bytes written 33370066412
1461703962131	<INFO 7fb65b0a0740> CORE::PARTITIONS_PROCESSED 784
1461703962133	<INFO 7fb65b0a0740> CORE::BYTES::EDGES_STREAMED 4589926308
1461703962135	<INFO 7fb65b0a0740> CORE::BYTES::UPDATES_OUT 2713776680
1461703962138	<INFO 7fb65b0a0740> CORE::BYTES::UPDATES_IN 2053628048
1461703962140	<INFO 7f98367fc700> CORE::PARTITIONS_PROCESSED 991
1461703962143	<INFO 7f98367fc700> CORE::BYTES::EDGES_STREAMED 5047006620
1461703962145	<INFO 7f98367fc700> CORE::BYTES::UPDATES_OUT 2841532880
1461703962147	<INFO 7f98367fc700> CORE::BYTES::UPDATES_IN 2502800744
1461703962149	<INFO 7f98357fa700> CORE::PARTITIONS_PROCESSED 1333
1461703962152	<INFO 7f9834ff9700> CORE::PARTITIONS_PROCESSED 1671
1461703962154	<INFO 7f98377fe700> CORE::PARTITIONS_PROCESSED 722
1461703962156	<INFO 7f9836ffd700> CORE::PARTITIONS_PROCESSED 1887
1461703962158	<INFO 7f9835ffb700> CORE::PARTITIONS_PROCESSED 1570
1461703962161	<INFO 7f9834ff9700> CORE::BYTES::EDGES_STREAMED 5981811444
1461703962163	<INFO 7f98347f8700> CORE::PARTITIONS_PROCESSED 642
1461703962165	<INFO 7f9834ff9700> CORE::BYTES::UPDATES_OUT 3392756632
1461703962168	<INFO 7f98377fe700> CORE::BYTES::EDGES_STREAMED 5626723260
1461703962170	<INFO 7f9836ffd700> CORE::BYTES::EDGES_STREAMED 4824166680
1461703962172	<INFO 7f98347f8700> CORE::BYTES::EDGES_STREAMED 6219859512
1461703962175	<INFO 7f98357fa700> CORE::BYTES::EDGES_STREAMED 6248623596
1461703962177	<INFO 7f9835ffb700> CORE::BYTES::EDGES_STREAMED 6561437472
1461703962179	<INFO 7f9835ffb700> CORE::BYTES::UPDATES_OUT 3882373952
1461703962182	<INFO 7f9834ff9700> CORE::BYTES::UPDATES_IN 2844111064
1461703962184	<INFO 7f98357fa700> CORE::BYTES::UPDATES_OUT 3611788128
1461703962187	<INFO 7f98377fe700> CORE::BYTES::UPDATES_OUT 3198546856
1461703962189	<INFO 7f9835ffb700> CORE::BYTES::UPDATES_IN 2982759464
1461703962192	<INFO 7f98347f8700> CORE::BYTES::UPDATES_OUT 3432019336
1461703962194	<INFO 7f9836ffd700> CORE::BYTES::UPDATES_OUT 2698379760
1461703962197	<INFO 7f98357fa700> CORE::BYTES::UPDATES_IN 3044655288
1461703962201	<INFO 7f98347f8700> CORE::BYTES::UPDATES_IN 3380706848
1461703962203	<INFO 7f98377fe700> CORE::BYTES::UPDATES_IN 2299201528
1461703962206	<INFO 7f9836ffd700> CORE::BYTES::UPDATES_IN 2366777296
1461703962208	<INFO 7f9844ff4700> SLIPSTORE service is exiting
1461703962210	<INFO 7f9844ff4700> SLIPSTORE::HELP_OFFERS_RECVD 98
1461703962213	<INFO 7f9844ff4700> SLIPSTORE::HELP_OFFERS_ACCEPTED 0
1461703962215	<INFO 7f9844ff4700> SLIPSTORE::HELP_ACCEPTANCE_RATIO 0
1461703962217	<INFO 7f9844ff4700> SLIPSTORE::SERVER_BUSY_DISK  373.185 seconds
1461703962220	<INFO 7f9844ff4700> SLIPSTORE::SERVER_BUSY_MEM  0 seconds
1461703962222	<INFO 7f9844ff4700> SLIPSTORE::SERVER_TOTAL  1598.36 seconds
1461703962224	<INFO 7fb65b0a0740> SLIPSTORE::CLIENT::DISK_READ_TIME  217.383 seconds
1461703962227	<INFO 7fb65b0a0740> SLIPSTORE::CLIENT::MEM_READ_TIME  0 seconds
1461703962229	<INFO 7fb65b0a0740> SLIPSTORE::CLIENT::DISK_BYTES_READ 74532978236
1461703962231	<INFO 7fb65b0a0740> SLIPSTORE::CLIENT::MEM_BYTES_READ 0
1461703962234	<INFO 7fb65b0a0740> SLIPSTORE::CLIENT::WRITE_TIME  115.069 seconds
1461703962237	<INFO 7fb65b0a0740> SLIPSTORE::CLIENT::BYTES_WRITTEN 1105791840
1461703962239	<INFO 7fb65b0a0740> SLIPSTORE::CLIENT_BUSY  332.452 seconds
1461703962242	<INFO 7fb65b0a0740> SLIPSTORE::IO::TIME 343.959 seconds
1461703962244	<INFO 7fb65b0a0740> SLIPSTORE::SNAP::TIME 0 seconds
1461703962247	<INFO 7fb65b0a0740> SLIPSTORE::MAX_DISK_USAGE_BYTES 10875589420
1461703962794	<INFO 7fb65b0a0740> CORE::RUSAGE::MAX_RSS_KB 125960604
1461703962798	<INFO 7fb65b0a0740> CORE::RUSAGE::MINFLT 35001125
1461703962801	<INFO 7fb65b0a0740> CORE::RUSAGE::MAJFLT 7
1461703962805	<INFO 7fb65b0a0740> CORE::RUSAGE::MAJFLT 7
1461703962809	<INFO 7fb65b0a0740> CORE::RUSAGE::INBLK 141550512
1461703962812	<INFO 7fb65b0a0740> CORE::RUSAGE::OUBLK 65176928
1461703962817	<INFO 7fb65b0a0740> CORE::UTILS::BYTES_READ 74301726220
1461703962821	<INFO 7fb65b0a0740> CORE::UTILS::BYTES_WRITTEN 33370066412
1461703962824	<INFO 7fb65b0a0740> CORE::UTILS::TILE_COPY_BYTES 1474389120
1461703962827	<INFO 7fb65b0a0740> CORE::TIME::IO_WAIT 78.0665 seconds
1461703962831	<INFO 7fb65b0a0740> CORE::TIME_TILE_COPY 0 seconds
1461703962834	<INFO 7fb65b0a0740> CORE::TIME_TILE_MERGE 0 seconds
1461703962838	<INFO 7fb65b0a0740> CORE::TIME_PROCESSING_STOLEN 0 seconds
1461703962842	<INFO 7fb65b0a0740> CORE::TIME_MERGE_WAIT 0 seconds
1461703962845	<INFO 7fb65b0a0740> CORE::OTHER_TIME_ALL_MC_BARRIER 0 seconds
1461703962848	<INFO 7fb65b0a0740> CORE::SCATTER_TIME_ALL_MC_BARRIER 63.3669 seconds
1461703962852	<INFO 7fb65b0a0740> CORE::GATHER_TIME_ALL_MC_BARRIER 19.7473 seconds
1461703962856	<INFO 7fb65b0a0740> CORE::INIT_TIME_ALL_MC_BARRIER 3.49605 seconds
1461703962859	<INFO 7fb65b0a0740> CORE::SHUT_DOWN_TIME_ALL_MC_BARRIER 0.00708 seconds
1461703962862	<INFO 7fb65b0a0740> CORE::STREAM_SKIP_BEFORE_TIME_ALL_MC_BARRIER 65.4122 seconds
1461703962867	<INFO 7fb65b0a0740> CORE::TAKE_CHECKPOINT_BEFORE_TIME_ALL_MC_BARRIER 0 seconds
1461703962871	<INFO 7fb65b0a0740> CORE::TAKE_CHECKPOINT_COMPLETE_TIME_ALL_MC_BARRIER 0 seconds
1461703962874	<INFO 7fb65b0a0740> CORE::METADATA_WRITE_COMPLETE_TIME_ALL_MC_BARRIER 0 seconds
1461703962877	<INFO 7fb65b0a0740> CORE::STREAM_EOF_BEFORE_TIME_ALL_MC_BARRIER 0 seconds
1461703962880	<INFO 7fb65b0a0740> CORE::STREAM_EOF_AFTER_TIME_ALL_MC_BARRIER 0 seconds
1461703962884	<INFO 7fb65b0a0740> CORE::STATE_LOAD_TIME_ALL_MC_BARRIER 0 seconds
1461703962887	<INFO 7fb65b0a0740> CORE::STATE_STORE_TIME_ALL_MC_BARRIER 0 seconds
1461703962891	<INFO 7fb65b0a0740> CORE::PHASES 7
1461703962894	<INFO 7fb65b0a0740> CORE::TIME::SETUP 5.77666 seconds
1461703962898	<INFO 7fb65b0a0740> CORE::TIME::STATE_ITER 5.23266 seconds
1461703962902	<INFO 7fb65b0a0740> CORE::TIME::GATHER 1132.3 seconds
1461703962905	<INFO 7fb65b0a0740> CORE::TIME::SCATTER 406.21 seconds
1461703962908	<INFO 7fb65b0a0740> CORE::TIME::WALL 1600.82 seconds
1461703962912	<INFO 7fb65b0a0740> SHUTDOWN
