1461686869379	<INFO 7f4eb8f67740> 2016-04-26 18:07:49 STARTUP
1461686869383	<INFO 7f4eb8f67740> CORE::GRAPH rmat-28-und_s8
1461686869387	<INFO 7f4eb8f67740> CORE::ALGORITHM bfs
1461686869391	<INFO 7f4eb8f67740> CORE::VERTEX_STRIPING OFF
1461686869395	<INFO 7f4eb8f67740> CORE::OPTIMIZED_STATE_LOAD_STORE OFF
1461686869398	<INFO 7f4eb8f67740> CORE::BINARY_SEARCH_SUPER_PARTITION ON
1461686869402	<INFO 7f4eb8f67740> CORE::SUPER_PARTITION_COMPUTED_FOR_EACH_SCATTER_GATHER_PHASE
1461686869405	<INFO 7f4eb8f67740> CORE::EDGE_STRIPING ON
1461686869409	<INFO 7f4eb8f67740> CORE::BATCH IO ON
1461686869412	<INFO 7f4eb8f67740> 2016-04-26 18:07:49 Blocking memory amount 126701535232
1461686974311	<INFO 7f4eb8f67740> 2016-04-26 18:09:34 Done blocking memory
1461686974314	<INFO 7f4eb8f67740> SG-DRIVER-ORIGINAL
1461686974319	<INFO 7f4eb8f67740> 2016-04-26 18:09:34 START read config parameters
1461686974322	<INFO 7f4eb8f67740> PARTITIONING::OLD 0
1461686974327	<INFO 7f4eb8f67740> PARTITIONING::BALANCED_PARTITIONS 0
1461686974330	<INFO 7f4eb8f67740> CORE::CONFIG::PROCESSORS 8
1461686974334	<INFO 7f4eb8f67740> CORE::CONFIG::PHYSICAL_MEMORY 2147483648
1461686974338	<INFO 7f4eb8f67740> CORE::CONFIG::VERTICES 268435456
1461686974342	<INFO 7f4eb8f67740> CORE::CONFIG::VERTEX_SIZE 8
1461686974346	<INFO 7f4eb8f67740> CORE::CONFIG::VERTEX_BUFFER 934802392
1461686974350	<INFO 7f4eb8f67740> CORE::CONFIG::EDGES 1073741824
1461686974354	<INFO 7f4eb8f67740> CORE::CONFIG::PARTITIONS 64
1461686974357	<INFO 7f4eb8f67740> CORE::CONFIG::FANOUT 64
1461686974361	<INFO 7f4eb8f67740> CORE::CONFIG::SUPER_PARTITIONS 8
1461686974365	<INFO 7f4eb8f67740> CORE::CONFIG::TILES 1
1461686974369	<INFO 7f4eb8f67740> CORE::CONFIG::BUFFER_SIZE 242535124
1461686974373	<INFO 7f4eb8f67740> CORE::CONFIG::MAX_BUFFERS 4
1461686974377	<INFO 7f4eb8f67740> CORE::CONFIG::MAX_STREAMS 4
1461686974381	<INFO 7f4eb8f67740> CORE::CONFIG::SUM_OF_OUT_DEGREES_FOR_NEW_PARTITIONS::FIRST_CONSTRAINT 1073741824
1461686974385	<INFO 7f4eb8f67740> CORE::CONFIG::MAX_EDGES_PER_NEW_PARTITION::SECOND_CONSTRAINT 1073741824
1461686974388	<INFO 7f4eb8f67740> SLIPSTREAM::EXT_MEM_SHUFFLE OFF
1461686974392	<INFO 7f4eb8f67740> 2016-04-26 18:09:34 END read config parameters
1461686976079	<WARNING 7f4eb8f67740> Unable to unlink file (stream.0.0.0):No such file or directory
1461686976083	<WARNING 7f4eb8f67740> Unable to unlink file (stream.0.1.0):No such file or directory
1461686976087	<WARNING 7f4eb8f67740> Unable to unlink file (stream.0.2.0):No such file or directory
1461686976091	<WARNING 7f4eb8f67740> Unable to unlink file (stream.0.3.0):No such file or directory
1461686976095	<WARNING 7f4eb8f67740> Unable to unlink file (stream.0.4.0):No such file or directory
1461686976099	<WARNING 7f4eb8f67740> Unable to unlink file (stream.0.5.0):No such file or directory
1461686976103	<WARNING 7f4eb8f67740> Unable to unlink file (stream.0.6.0):No such file or directory
1461686976107	<WARNING 7f4eb8f67740> Unable to unlink file (stream.0.7.0):No such file or directory
1461686976111	<WARNING 7f4eb8f67740> Unable to unlink file (stream.1.1.0):No such file or directory
1461686976115	<WARNING 7f4eb8f67740> Unable to unlink file (stream.1.2.0):No such file or directory
1461686976119	<WARNING 7f4eb8f67740> Unable to unlink file (stream.1.3.0):No such file or directory
1461686976122	<WARNING 7f4eb8f67740> Unable to unlink file (stream.1.4.0):No such file or directory
1461686976126	<WARNING 7f4eb8f67740> Unable to unlink file (stream.1.5.0):No such file or directory
1461686976131	<WARNING 7f4eb8f67740> Unable to unlink file (stream.1.6.0):No such file or directory
1461686976134	<WARNING 7f4eb8f67740> Unable to unlink file (stream.1.7.0):No such file or directory
1461686976138	<WARNING 7f4eb8f67740> Unable to unlink file (stream.2.0.0):No such file or directory
1461686976142	<WARNING 7f4eb8f67740> Unable to unlink file (stream.2.1.0):No such file or directory
1461686976146	<WARNING 7f4eb8f67740> Unable to unlink file (stream.2.2.0):No such file or directory
1461686976150	<WARNING 7f4eb8f67740> Unable to unlink file (stream.2.3.0):No such file or directory
1461686976154	<WARNING 7f4eb8f67740> Unable to unlink file (stream.2.4.0):No such file or directory
1461686976158	<WARNING 7f4eb8f67740> Unable to unlink file (stream.2.5.0):No such file or directory
1461686976162	<WARNING 7f4eb8f67740> Unable to unlink file (stream.2.6.0):No such file or directory
1461686976166	<WARNING 7f4eb8f67740> Unable to unlink file (stream.2.7.0):No such file or directory
1461686976169	<WARNING 7f4eb8f67740> Unable to unlink file (stream.3.0.0):No such file or directory
1461686976173	<WARNING 7f4eb8f67740> Unable to unlink file (stream.3.1.0):No such file or directory
1461686976177	<WARNING 7f4eb8f67740> Unable to unlink file (stream.3.2.0):No such file or directory
1461686976180	<WARNING 7f4eb8f67740> Unable to unlink file (stream.3.3.0):No such file or directory
1461686976184	<WARNING 7f4eb8f67740> Unable to unlink file (stream.3.4.0):No such file or directory
1461686976187	<WARNING 7f4eb8f67740> Unable to unlink file (stream.3.5.0):No such file or directory
1461686976191	<WARNING 7f4eb8f67740> Unable to unlink file (stream.3.6.0):No such file or directory
1461686976195	<WARNING 7f4eb8f67740> Unable to unlink file (stream.3.7.0):No such file or directory
1461686976198	<INFO 7f4eb8f67740> SLIPSTORE::ZMQ_THREADS 2
1461686976201	<INFO 7f4eb8f67740> SLIPSTORE::COMM Connecting to tcp://dco-node137-10g:5016
1461686976204	<INFO 7f4eb8f67740> SLIPSTORE::COMM Connecting to tcp://dco-node138-10g:5034
1461686976208	<INFO 7f4eb8f67740> SLIPSTORE::COMM Connecting to tcp://dco-node139-10g:5052
1461686976211	<INFO 7f4eb8f67740> SLIPSTORE::COMM Connecting to tcp://dco-node140-10g:5070
1461686976214	<INFO 7f4eb8f67740> SLIPSTORE::COMM Connecting to tcp://dco-node141-10g:5088
1461686976218	<INFO 7f4eb8f67740> SLIPSTORE::COMM Connecting to tcp://dco-node142-10g:5106
1461686976222	<INFO 7f4eb8f67740> SLIPSTORE::COMM Connecting to tcp://dco-node143-10g:5124
1461686976225	<INFO 7f4eb8f67740> SLIPSTORE::COMM Connecting to tcp://dco-node144-10g:5142
1461686976228	<INFO 7f4eb8f67740> SLIPSTORE::COMM Listening at tcp://ens1f0:5062
1461686976232	<INFO 7f4eb8f67740> SLIPSTORE::COMM Listening at tcp://ens1f0:5063
1461686976234	<INFO 7f4eb8f67740> SLIPSTORE::COMM Listening at tcp://ens1f0:5064
1461686976238	<INFO 7f4eb8f67740> SLIPSTORE::COMM Listening at ipc://client
1461686976241	<INFO 7f4eb8f67740> SLIPSTORE::COMM Listening at tcp://ens1f0:5066
1461686976244	<INFO 7f4eb8f67740> SLIPSTORE::COMM Listening at tcp://ens1f0:5067
1461686976247	<INFO 7f4eb8f67740> SLIPSTORE::COMM Listening at tcp://ens1f0:5068
1461686976251	<INFO 7f4eb8f67740> SLIPSTORE::COMM Listening at tcp://ens1f0:5069
1461686976255	<INFO 7f4eb8f67740> SLIPSTORE::COMM Connecting to tcp://dco-node137-10g:5016
1461686976258	<INFO 7f4eb8f67740> SLIPSTORE::COMM Connecting to tcp://dco-node138-10g:5034
1461686976261	<INFO 7f4eb8f67740> SLIPSTORE::COMM Connecting to tcp://dco-node139-10g:5052
1461686976264	<INFO 7f4eb8f67740> SLIPSTORE::COMM Connecting to tcp://dco-node140-10g:5070
1461686976268	<INFO 7f4eb8f67740> SLIPSTORE::COMM Connecting to tcp://dco-node141-10g:5088
1461686976272	<INFO 7f4eb8f67740> SLIPSTORE::COMM Connecting to tcp://dco-node142-10g:5106
1461686976275	<INFO 7f4eb8f67740> SLIPSTORE::COMM Connecting to tcp://dco-node143-10g:5124
1461686976279	<INFO 7f4eb8f67740> SLIPSTORE::COMM Connecting to tcp://dco-node144-10g:5142
1461686976282	<INFO 7f4eb8f67740> SLIPSTORE::COMM Connecting to tcp://dco-node137-10g:5003
1461686976284	<INFO 7f4eb8f67740> SLIPSTORE::COMM Connecting to tcp://dco-node138-10g:5021
1461686976289	<INFO 7f4eb8f67740> SLIPSTORE::COMM Connecting to tcp://dco-node139-10g:5039
1461686976293	<INFO 7f4eb8f67740> SLIPSTORE::COMM Connecting to ipc://server
1461686976296	<INFO 7f4eb8f67740> SLIPSTORE::COMM Connecting to tcp://dco-node141-10g:5075
1461686976299	<INFO 7f4eb8f67740> SLIPSTORE::COMM Connecting to tcp://dco-node142-10g:5093
1461686976302	<INFO 7f4eb8f67740> SLIPSTORE::COMM Connecting to tcp://dco-node143-10g:5111
1461686976305	<INFO 7f4eb8f67740> SLIPSTORE::COMM Connecting to tcp://dco-node144-10g:5129
1461686976308	<INFO 7f4eb8f67740> SLIPSTORE::COMM Connecting to tcp://dco-node141-10g:5089
1461686976310	<INFO 7f4eb8f67740> SLIPSTORE::COMM Listening at tcp://ens1f0:5071
1461686976313	<INFO 7f4eb8f67740> SLIPSTORE::COMM Connecting to tcp://dco-node140-10g:5070
1461686976316	<INFO 7f4eb8f67740> SLIPSTORE::HELP_POLICY NONE
1461686976319	<INFO 7f4eb8f67740> SLIPSTORE::SERVER ASYNC
1461686976322	<INFO 7f4eb8f67740> SLIPSTORE::MACHINES 8
1461686976326	<INFO 7f4eb8f67740> SLIPSTORE::ME 3
1461686976329	<INFO 7f4eb8f67740> SLIPSTORE::SLIPCHUNK 4194304
1461686976333	<INFO 7f4eb8f67740> SLIPSTORE::QUOTA 18446744073709551615
1461686976336	<INFO 7f4eb8f67740> SLIPSTORE::IO PAGECACHE
1461686976339	<INFO 7f309abfa700> SLIPSTORE::COMM Listening at tcp://ens1f0:5070
1461686976343	<INFO 7f309abfa700> SLIPSTORE::COMM Listening at tcp://ens1f0:5054
1461686976346	<INFO 7f309abfa700> SLIPSTORE::COMM Connecting to tcp://dco-node137-10g:5011
1461686976349	<INFO 7f309abfa700> SLIPSTORE::COMM Listening at tcp://ens1f0:5055
1461686976353	<INFO 7f309abfa700> SLIPSTORE::COMM Connecting to tcp://dco-node138-10g:5029
1461686976356	<INFO 7f309abfa700> SLIPSTORE::COMM Listening at tcp://ens1f0:5056
1461686976359	<INFO 7f309abfa700> SLIPSTORE::COMM Connecting to tcp://dco-node139-10g:5047
1461686976363	<INFO 7f309abfa700> SLIPSTORE::COMM Listening at ipc://server
1461686976366	<INFO 7f309abfa700> SLIPSTORE::COMM Connecting to ipc://client
1461686976370	<INFO 7f309abfa700> SLIPSTORE::COMM Listening at tcp://ens1f0:5058
1461686976374	<INFO 7f309abfa700> SLIPSTORE::COMM Connecting to tcp://dco-node141-10g:5083
1461686976377	<INFO 7f309abfa700> SLIPSTORE::COMM Listening at tcp://ens1f0:5059
1461686976380	<INFO 7f309abfa700> SLIPSTORE::COMM Connecting to tcp://dco-node142-10g:5101
1461686976383	<INFO 7f309abfa700> SLIPSTORE::COMM Listening at tcp://ens1f0:5060
1461686976386	<INFO 7f309abfa700> SLIPSTORE::COMM Connecting to tcp://dco-node143-10g:5119
1461686976389	<INFO 7f309abfa700> SLIPSTORE::COMM Listening at tcp://ens1f0:5061
1461686976391	<INFO 7f309abfa700> SLIPSTORE::COMM Connecting to tcp://dco-node144-10g:5137
1461686978540	<INFO 7f4eb8f67740> SLIPSTORE::CHECKPOINTS NONE FOUND
1461686978544	<INFO 7f4eb8f67740> 2016-04-26 18:09:38 Start edge split
1461687083139	<INFO 7f4eb8f67740> 2016-04-26 18:11:23 Completed init
1461687087389	<INFO 7f4eb8f67740> 2016-04-26 18:11:27 Started gather
1461687088143	<INFO 7f4eb8f67740> 2016-04-26 18:11:28 Completed gather
1461687093539	<INFO 7f4eb8f67740> 2016-04-26 18:11:33 Started scatter
1461687155689	<INFO 7f4eb8f67740> 2016-04-26 18:12:35 Completed scatter
1461687157655	<INFO 7f4eb8f67740> 2016-04-26 18:12:37 Completed phase 1 Bytes read 26155489568 Bytes written 13274582952
1461687157676	<INFO 7f4eb8f67740> 2016-04-26 18:12:37 Started gather
1461687160784	<INFO 7f4eb8f67740> 2016-04-26 18:12:40 Completed gather
1461687181513	<INFO 7f4eb8f67740> 2016-04-26 18:13:01 Started scatter
1461687260691	<INFO 7f4eb8f67740> 2016-04-26 18:14:20 Completed scatter
1461687264683	<INFO 7f4eb8f67740> 2016-04-26 18:14:24 Completed phase 2 Bytes read 39430072520 Bytes written 18406438464
1461687264707	<INFO 7f4eb8f67740> 2016-04-26 18:14:24 Started gather
1461687290969	<INFO 7f4eb8f67740> 2016-04-26 18:14:50 Completed gather
1461687496847	<INFO 7f4eb8f67740> 2016-04-26 18:18:16 Started scatter
1461687572211	<INFO 7f4eb8f67740> 2016-04-26 18:19:32 Completed scatter
1461687575898	<INFO 7f4eb8f67740> 2016-04-26 18:19:35 Completed phase 3 Bytes read 57674781144 Bytes written 22482634656
1461687575925	<INFO 7f4eb8f67740> 2016-04-26 18:19:35 Started gather
1461687595376	<INFO 7f4eb8f67740> 2016-04-26 18:19:55 Completed gather
1461687790319	<INFO 7f4eb8f67740> 2016-04-26 18:23:10 Started scatter
1461687851778	<INFO 7f4eb8f67740> 2016-04-26 18:24:11 Completed scatter
1461687852993	<INFO 7f4eb8f67740> 2016-04-26 18:24:12 Completed phase 4 Bytes read 74863830448 Bytes written 22661217976
1461687853017	<INFO 7f4eb8f67740> 2016-04-26 18:24:13 Started gather
1461687854868	<INFO 7f4eb8f67740> 2016-04-26 18:24:14 Completed gather
1461687893389	<INFO 7f4eb8f67740> 2016-04-26 18:24:53 Started scatter
1461687954875	<INFO 7f4eb8f67740> 2016-04-26 18:25:54 Completed scatter
1461687955602	<INFO 7f4eb8f67740> 2016-04-26 18:25:55 Completed phase 5 Bytes read 88155266880 Bytes written 22819008048
1461687955625	<INFO 7f4eb8f67740> 2016-04-26 18:25:55 Started gather
1461687958243	<INFO 7f4eb8f67740> 2016-04-26 18:25:58 Completed gather
1461687978340	<INFO 7f4eb8f67740> 2016-04-26 18:26:18 Started scatter
1461688039305	<INFO 7f4eb8f67740> 2016-04-26 18:27:19 Completed scatter
1461688040497	<INFO 7f4eb8f67740> 2016-04-26 18:27:20 Completed phase 6 Bytes read 101425910064 Bytes written 22976742744
1461688040521	<INFO 7f4eb8f67740> 2016-04-26 18:27:20 Started gather
1461688041619	<INFO 7f4eb8f67740> 2016-04-26 18:27:21 Completed gather
1461688054032	<INFO 7f4eb8f67740> 2016-04-26 18:27:34 Started scatter
1461688115352	<INFO 7f4eb8f67740> 2016-04-26 18:28:35 Completed scatter
1461688116153	<INFO 7f4eb8f67740> 2016-04-26 18:28:36 Completed phase 7 Bytes read 114696497872 Bytes written 23134477312
1461688116156	<INFO 7f4eb8f67740> ALGORITHM::BFS::VERTICES_DISCOVERED 11989261
1461688116158	<INFO 7f4eb8f67740> ALGORITHM::BFS::EDGES_EXPLORED 1073705630
1461688116161	<INFO 7f4eb8f67740> CORE::PARTITIONS_PROCESSED 285
1461688116163	<INFO 7f4eb8f67740> CORE::BYTES::EDGES_STREAMED 10620623292
1461688116166	<INFO 7f4eb8f67740> CORE::BYTES::UPDATES_OUT 1008864288
1461688116168	<INFO 7f4eb8f67740> CORE::BYTES::UPDATES_IN 1045396088
1461688116170	<INFO 7f30993f7700> CORE::PARTITIONS_PROCESSED 392
1461688116173	<INFO 7f3098bf6700> CORE::PARTITIONS_PROCESSED 472
1461688116175	<INFO 7f3098bf6700> CORE::BYTES::EDGES_STREAMED 12529627632
1461688116177	<INFO 7f30993f7700> CORE::BYTES::EDGES_STREAMED 10599541368
1461688116179	<INFO 7f3098bf6700> CORE::BYTES::UPDATES_OUT 1273114088
1461688116182	<INFO 7f3098bf6700> CORE::BYTES::UPDATES_IN 990918040
1461688116184	<INFO 7f30993f7700> CORE::BYTES::UPDATES_OUT 1027562016
1461688116186	<INFO 7f30993f7700> CORE::BYTES::UPDATES_IN 1006979048
1461688116188	<INFO 7f30937fe700> CORE::PARTITIONS_PROCESSED 251
1461688116190	<INFO 7f30927fc700> CORE::PARTITIONS_PROCESSED 415
1461688116193	<INFO 7f3093fff700> CORE::PARTITIONS_PROCESSED 48
1461688116195	<INFO 7f30927fc700> CORE::BYTES::EDGES_STREAMED 10357889472
1461688116197	<INFO 7f3099bf8700> CORE::PARTITIONS_PROCESSED 389
1461688116199	<INFO 7f30927fc700> CORE::BYTES::UPDATES_OUT 994863280
1461688116202	<INFO 7f3092ffd700> CORE::PARTITIONS_PROCESSED 256
1461688116204	<INFO 7f30927fc700> CORE::BYTES::UPDATES_IN 957972256
1461688116206	<INFO 7f3099bf8700> CORE::BYTES::EDGES_STREAMED 10361709420
1461688116208	<INFO 7f30937fe700> CORE::BYTES::EDGES_STREAMED 10131328260
1461688116211	<INFO 7f3099bf8700> CORE::BYTES::UPDATES_OUT 1012160048
1461688116213	<INFO 7f3093fff700> CORE::BYTES::EDGES_STREAMED 15642206952
1461688116215	<INFO 7f30937fe700> CORE::BYTES::UPDATES_OUT 947071376
1461688116217	<INFO 7f3099bf8700> CORE::BYTES::UPDATES_IN 955566368
1461688116220	<INFO 7f3092ffd700> CORE::BYTES::EDGES_STREAMED 9948868080
1461688116222	<INFO 7f30937fe700> CORE::BYTES::UPDATES_IN 997985856
1461688116224	<INFO 7f3093fff700> CORE::BYTES::UPDATES_OUT 1410488128
1461688116226	<INFO 7f3093fff700> CORE::BYTES::UPDATES_IN 1657108640
1461688116229	<INFO 7f3092ffd700> CORE::BYTES::UPDATES_OUT 915521816
1461688116231	<INFO 7f3092ffd700> CORE::BYTES::UPDATES_IN 977718744
1461688116233	<INFO 7f309abfa700> SLIPSTORE service is exiting
1461688116235	<INFO 7f309abfa700> SLIPSTORE::HELP_OFFERS_RECVD 98
1461688116238	<INFO 7f309abfa700> SLIPSTORE::HELP_OFFERS_ACCEPTED 0
1461688116240	<INFO 7f309abfa700> SLIPSTORE::HELP_ACCEPTANCE_RATIO 0
1461688116242	<INFO 7f309abfa700> SLIPSTORE::SERVER_BUSY_DISK  551.533 seconds
1461688116244	<INFO 7f309abfa700> SLIPSTORE::SERVER_BUSY_MEM  0 seconds
1461688116247	<INFO 7f309abfa700> SLIPSTORE::SERVER_TOTAL  1140.05 seconds
1461688116249	<INFO 7f4eb8f67740> SLIPSTORE::CLIENT::DISK_READ_TIME  502.406 seconds
1461688116251	<INFO 7f4eb8f67740> SLIPSTORE::CLIENT::MEM_READ_TIME  0 seconds
1461688116253	<INFO 7f4eb8f67740> SLIPSTORE::CLIENT::DISK_BYTES_READ 113836864368
1461688116255	<INFO 7f4eb8f67740> SLIPSTORE::CLIENT::MEM_BYTES_READ 0
1461688116258	<INFO 7f4eb8f67740> SLIPSTORE::CLIENT::WRITE_TIME  126.88 seconds
1461688116260	<INFO 7f4eb8f67740> SLIPSTORE::CLIENT::BYTES_WRITTEN 1261876544
1461688116262	<INFO 7f4eb8f67740> SLIPSTORE::CLIENT_BUSY  629.287 seconds
1461688116265	<INFO 7f4eb8f67740> SLIPSTORE::IO::TIME 493.607 seconds
1461688116267	<INFO 7f4eb8f67740> SLIPSTORE::SNAP::TIME 0 seconds
1461688116269	<INFO 7f4eb8f67740> SLIPSTORE::MAX_DISK_USAGE_BYTES 18086974056
1461688116271	<INFO 7f4eb8f67740> CORE::RUSAGE::MAX_RSS_KB 125959184
1461688116273	<INFO 7f4eb8f67740> CORE::RUSAGE::MINFLT 40495655
1461688116276	<INFO 7f4eb8f67740> CORE::RUSAGE::MAJFLT 6
1461688116278	<INFO 7f4eb8f67740> CORE::RUSAGE::MAJFLT 6
1461688116280	<INFO 7f4eb8f67740> CORE::RUSAGE::INBLK 218906064
1461688116283	<INFO 7f4eb8f67740> CORE::RUSAGE::OUBLK 45185568
1461688116285	<INFO 7f4eb8f67740> CORE::UTILS::BYTES_READ 114696497872
1461688116288	<INFO 7f4eb8f67740> CORE::UTILS::BYTES_WRITTEN 23134477312
1461688116290	<INFO 7f4eb8f67740> CORE::UTILS::TILE_COPY_BYTES 2208283952
1461688116292	<INFO 7f4eb8f67740> CORE::TIME::IO_WAIT 474.616 seconds
1461688116295	<INFO 7f4eb8f67740> CORE::TIME_TILE_COPY 0 seconds
1461688116297	<INFO 7f4eb8f67740> CORE::TIME_TILE_MERGE 0 seconds
1461688116300	<INFO 7f4eb8f67740> CORE::TIME_PROCESSING_STOLEN 0 seconds
1461688116303	<INFO 7f4eb8f67740> CORE::TIME_MERGE_WAIT 0 seconds
1461688116305	<INFO 7f4eb8f67740> CORE::OTHER_TIME_ALL_MC_BARRIER 0 seconds
1461688116307	<INFO 7f4eb8f67740> CORE::SCATTER_TIME_ALL_MC_BARRIER 12.151 seconds
1461688116310	<INFO 7f4eb8f67740> CORE::GATHER_TIME_ALL_MC_BARRIER 0.020107 seconds
1461688116312	<INFO 7f4eb8f67740> CORE::INIT_TIME_ALL_MC_BARRIER 2.95367 seconds
1461688116315	<INFO 7f4eb8f67740> CORE::SHUT_DOWN_TIME_ALL_MC_BARRIER 0.003799 seconds
1461688116317	<INFO 7f4eb8f67740> CORE::STREAM_SKIP_BEFORE_TIME_ALL_MC_BARRIER 3.58497 seconds
1461688116320	<INFO 7f4eb8f67740> CORE::TAKE_CHECKPOINT_BEFORE_TIME_ALL_MC_BARRIER 0 seconds
1461688116322	<INFO 7f4eb8f67740> CORE::TAKE_CHECKPOINT_COMPLETE_TIME_ALL_MC_BARRIER 0 seconds
1461688116324	<INFO 7f4eb8f67740> CORE::METADATA_WRITE_COMPLETE_TIME_ALL_MC_BARRIER 0 seconds
1461688116327	<INFO 7f4eb8f67740> CORE::STREAM_EOF_BEFORE_TIME_ALL_MC_BARRIER 0 seconds
1461688116329	<INFO 7f4eb8f67740> CORE::STREAM_EOF_AFTER_TIME_ALL_MC_BARRIER 0 seconds
1461688116331	<INFO 7f4eb8f67740> CORE::STATE_LOAD_TIME_ALL_MC_BARRIER 0 seconds
1461688116334	<INFO 7f4eb8f67740> CORE::STATE_STORE_TIME_ALL_MC_BARRIER 0 seconds
1461688116337	<INFO 7f4eb8f67740> CORE::PHASES 7
1461688116339	<INFO 7f4eb8f67740> CORE::TIME::SETUP 4.24156 seconds
1461688116342	<INFO 7f4eb8f67740> CORE::TIME::STATE_ITER 0.67178 seconds
1461688116345	<INFO 7f4eb8f67740> CORE::TIME::GATHER 556.67 seconds
1461688116347	<INFO 7f4eb8f67740> CORE::TIME::SCATTER 475.383 seconds
1461688116350	<INFO 7f4eb8f67740> CORE::TIME::WALL 1141.86 seconds
1461688116352	<INFO 7f4eb8f67740> SHUTDOWN
