1461937167894	<INFO 7f9ecbca6740> 2016-04-29 15:39:27 STARTUP
1461937167898	<INFO 7f9ecbca6740> CORE::GRAPH rmat-28-und_s8
1461937167902	<INFO 7f9ecbca6740> CORE::ALGORITHM bfs
1461937167906	<INFO 7f9ecbca6740> CORE::VERTEX_STRIPING ON
1461937167910	<INFO 7f9ecbca6740> 2016-04-29 15:39:27 Blocking memory amount 126701535232
1461937273438	<INFO 7f9ecbca6740> 2016-04-29 15:41:13 Done blocking memory
1461937273442	<INFO 7f9ecbca6740> SG-DRIVER-ORIGINAL
1461937273446	<INFO 7f9ecbca6740> CORE::CONFIG::PROCESSORS 8
1461937273449	<INFO 7f9ecbca6740> CORE::CONFIG::PHYSICAL_MEMORY 2147483648
1461937273453	<INFO 7f9ecbca6740> CORE::CONFIG::VERTICES 268435456
1461937273458	<INFO 7f9ecbca6740> CORE::CONFIG::VERTEX_SIZE 8
1461937273462	<INFO 7f9ecbca6740> CORE::CONFIG::VERTEX_BUFFER 268435456
1461937273466	<INFO 7f9ecbca6740> CORE::CONFIG::EDGES 1073741824
1461937273470	<INFO 7f9ecbca6740> CORE::CONFIG::PARTITIONS 64
1461937273473	<INFO 7f9ecbca6740> CORE::CONFIG::FANOUT 64
1461937273477	<INFO 7f9ecbca6740> CORE::CONFIG::SUPER_PARTITIONS 8
1461937273481	<INFO 7f9ecbca6740> CORE::CONFIG::TILES 1
1461937273485	<INFO 7f9ecbca6740> CORE::CONFIG::BUFFER_SIZE 375808512
1461937273489	<INFO 7f9ecbca6740> CORE::CONFIG::MAX_BUFFERS 4
1461937273493	<INFO 7f9ecbca6740> CORE::CONFIG::MAX_STREAMS 4
1461937273497	<INFO 7f9ecbca6740> SLIPSTREAM::EXT_MEM_SHUFFLE OFF
1461937275219	<WARNING 7f9ecbca6740> Unable to unlink file (stream.0.0.0):No such file or directory
1461937275223	<WARNING 7f9ecbca6740> Unable to unlink file (stream.0.1.0):No such file or directory
1461937275227	<WARNING 7f9ecbca6740> Unable to unlink file (stream.0.2.0):No such file or directory
1461937275231	<WARNING 7f9ecbca6740> Unable to unlink file (stream.0.3.0):No such file or directory
1461937275235	<WARNING 7f9ecbca6740> Unable to unlink file (stream.0.4.0):No such file or directory
1461937275239	<WARNING 7f9ecbca6740> Unable to unlink file (stream.0.5.0):No such file or directory
1461937275243	<WARNING 7f9ecbca6740> Unable to unlink file (stream.0.6.0):No such file or directory
1461937275248	<WARNING 7f9ecbca6740> Unable to unlink file (stream.0.7.0):No such file or directory
1461937275252	<WARNING 7f9ecbca6740> Unable to unlink file (stream.1.1.0):No such file or directory
1461937275256	<WARNING 7f9ecbca6740> Unable to unlink file (stream.1.2.0):No such file or directory
1461937275260	<WARNING 7f9ecbca6740> Unable to unlink file (stream.1.3.0):No such file or directory
1461937275265	<WARNING 7f9ecbca6740> Unable to unlink file (stream.1.4.0):No such file or directory
1461937275269	<WARNING 7f9ecbca6740> Unable to unlink file (stream.1.5.0):No such file or directory
1461937275274	<WARNING 7f9ecbca6740> Unable to unlink file (stream.1.6.0):No such file or directory
1461937275278	<WARNING 7f9ecbca6740> Unable to unlink file (stream.1.7.0):No such file or directory
1461937275281	<WARNING 7f9ecbca6740> Unable to unlink file (stream.2.0.0):No such file or directory
1461937275285	<WARNING 7f9ecbca6740> Unable to unlink file (stream.2.1.0):No such file or directory
1461937275290	<WARNING 7f9ecbca6740> Unable to unlink file (stream.2.2.0):No such file or directory
1461937275294	<WARNING 7f9ecbca6740> Unable to unlink file (stream.2.3.0):No such file or directory
1461937275298	<WARNING 7f9ecbca6740> Unable to unlink file (stream.2.4.0):No such file or directory
1461937275302	<WARNING 7f9ecbca6740> Unable to unlink file (stream.2.5.0):No such file or directory
1461937275305	<WARNING 7f9ecbca6740> Unable to unlink file (stream.2.6.0):No such file or directory
1461937275309	<WARNING 7f9ecbca6740> Unable to unlink file (stream.2.7.0):No such file or directory
1461937275313	<WARNING 7f9ecbca6740> Unable to unlink file (stream.3.0.0):No such file or directory
1461937275317	<WARNING 7f9ecbca6740> Unable to unlink file (stream.3.1.0):No such file or directory
1461937275321	<WARNING 7f9ecbca6740> Unable to unlink file (stream.3.2.0):No such file or directory
1461937275324	<WARNING 7f9ecbca6740> Unable to unlink file (stream.3.3.0):No such file or directory
1461937275327	<WARNING 7f9ecbca6740> Unable to unlink file (stream.3.4.0):No such file or directory
1461937275332	<WARNING 7f9ecbca6740> Unable to unlink file (stream.3.5.0):No such file or directory
1461937275336	<WARNING 7f9ecbca6740> Unable to unlink file (stream.3.6.0):No such file or directory
1461937275340	<WARNING 7f9ecbca6740> Unable to unlink file (stream.3.7.0):No such file or directory
1461937275343	<INFO 7f9ecbca6740> SLIPSTORE::ZMQ_THREADS 2
1461937275347	<INFO 7f9ecbca6740> SLIPSTORE::COMM Connecting to tcp://dco-node129-10g:5016
1461937275350	<INFO 7f9ecbca6740> SLIPSTORE::COMM Connecting to tcp://dco-node130-10g:5034
1461937275354	<INFO 7f9ecbca6740> SLIPSTORE::COMM Connecting to tcp://dco-node131-10g:5052
1461937275357	<INFO 7f9ecbca6740> SLIPSTORE::COMM Connecting to tcp://dco-node132-10g:5070
1461937275361	<INFO 7f9ecbca6740> SLIPSTORE::COMM Connecting to tcp://dco-node133-10g:5088
1461937275364	<INFO 7f9ecbca6740> SLIPSTORE::COMM Connecting to tcp://dco-node134-10g:5106
1461937275367	<INFO 7f9ecbca6740> SLIPSTORE::COMM Connecting to tcp://dco-node135-10g:5124
1461937275371	<INFO 7f9ecbca6740> SLIPSTORE::COMM Connecting to tcp://dco-node136-10g:5142
1461937275374	<INFO 7f9ecbca6740> SLIPSTORE::COMM Listening at tcp://ens1f0:5116
1461937275377	<INFO 7f9ecbca6740> SLIPSTORE::COMM Listening at tcp://ens1f0:5117
1461937275381	<INFO 7f9ecbca6740> SLIPSTORE::COMM Listening at tcp://ens1f0:5118
1461937275385	<INFO 7f9ecbca6740> SLIPSTORE::COMM Listening at tcp://ens1f0:5119
1461937275389	<INFO 7f9ecbca6740> SLIPSTORE::COMM Listening at tcp://ens1f0:5120
1461937275392	<INFO 7f9ecbca6740> SLIPSTORE::COMM Listening at tcp://ens1f0:5121
1461937275396	<INFO 7f9ecbca6740> SLIPSTORE::COMM Listening at ipc://client
1461937275399	<INFO 7f9ecbca6740> SLIPSTORE::COMM Listening at tcp://ens1f0:5123
1461937275402	<INFO 7f9ecbca6740> SLIPSTORE::COMM Connecting to tcp://dco-node129-10g:5016
1461937275407	<INFO 7f9ecbca6740> SLIPSTORE::COMM Connecting to tcp://dco-node130-10g:5034
1461937275410	<INFO 7f9ecbca6740> SLIPSTORE::COMM Connecting to tcp://dco-node131-10g:5052
1461937275413	<INFO 7f9ecbca6740> SLIPSTORE::COMM Connecting to tcp://dco-node132-10g:5070
1461937275416	<INFO 7f9ecbca6740> SLIPSTORE::COMM Connecting to tcp://dco-node133-10g:5088
1461937275421	<INFO 7f9ecbca6740> SLIPSTORE::COMM Connecting to tcp://dco-node134-10g:5106
1461937275424	<INFO 7f9ecbca6740> SLIPSTORE::COMM Connecting to tcp://dco-node135-10g:5124
1461937275427	<INFO 7f9ecbca6740> SLIPSTORE::COMM Connecting to tcp://dco-node136-10g:5142
1461937275431	<INFO 7f9ecbca6740> SLIPSTORE::COMM Connecting to tcp://dco-node129-10g:5006
1461937275434	<INFO 7f9ecbca6740> SLIPSTORE::COMM Connecting to tcp://dco-node130-10g:5024
1461937275438	<INFO 7f9ecbca6740> SLIPSTORE::COMM Connecting to tcp://dco-node131-10g:5042
1461937275441	<INFO 7f9ecbca6740> SLIPSTORE::COMM Connecting to tcp://dco-node132-10g:5060
1461937275444	<INFO 7f9ecbca6740> SLIPSTORE::COMM Connecting to tcp://dco-node133-10g:5078
1461937275447	<INFO 7f9ecbca6740> SLIPSTORE::COMM Connecting to tcp://dco-node134-10g:5096
1461937275449	<INFO 7f9ecbca6740> SLIPSTORE::COMM Connecting to ipc://server
1461937275453	<INFO 7f9ecbca6740> SLIPSTORE::COMM Connecting to tcp://dco-node136-10g:5132
1461937275456	<INFO 7f9ecbca6740> SLIPSTORE::COMM Connecting to tcp://dco-node136-10g:5143
1461937275459	<INFO 7f9ecbca6740> SLIPSTORE::COMM Listening at tcp://ens1f0:5125
1461937275462	<INFO 7f9ecbca6740> SLIPSTORE::COMM Connecting to tcp://dco-node135-10g:5124
1461937275465	<INFO 7f9ecbca6740> SLIPSTORE::HELP_POLICY HEURISTIC_NEW
1461937275468	<INFO 7f9ecbca6740> SLIPSTORE::SERVER ASYNC
1461937275471	<INFO 7f9ecbca6740> SLIPSTORE::MACHINES 8
1461937275474	<INFO 7f9ecbca6740> SLIPSTORE::ME 6
1461937275477	<INFO 7f9ecbca6740> SLIPSTORE::SLIPCHUNK 4194304
1461937275480	<INFO 7f9ecbca6740> SLIPSTORE::QUOTA 18446744073709551615
1461937275483	<INFO 7f9ecbca6740> SLIPSTORE::IO PAGECACHE
1461937275486	<INFO 7f80adbf6700> SLIPSTORE::COMM Listening at tcp://ens1f0:5124
1461937275489	<INFO 7f80adbf6700> SLIPSTORE::COMM Listening at tcp://ens1f0:5108
1461937275491	<INFO 7f80adbf6700> SLIPSTORE::COMM Connecting to tcp://dco-node129-10g:5014
1461937275495	<INFO 7f80adbf6700> SLIPSTORE::COMM Listening at tcp://ens1f0:5109
1461937275499	<INFO 7f80adbf6700> SLIPSTORE::COMM Connecting to tcp://dco-node130-10g:5032
1461937275502	<INFO 7f80adbf6700> SLIPSTORE::COMM Listening at tcp://ens1f0:5110
1461937275505	<INFO 7f80adbf6700> SLIPSTORE::COMM Connecting to tcp://dco-node131-10g:5050
1461937275508	<INFO 7f80adbf6700> SLIPSTORE::COMM Listening at tcp://ens1f0:5111
1461937275511	<INFO 7f80adbf6700> SLIPSTORE::COMM Connecting to tcp://dco-node132-10g:5068
1461937275514	<INFO 7f80adbf6700> SLIPSTORE::COMM Listening at tcp://ens1f0:5112
1461937275518	<INFO 7f80adbf6700> SLIPSTORE::COMM Connecting to tcp://dco-node133-10g:5086
1461937275521	<INFO 7f80adbf6700> SLIPSTORE::COMM Listening at tcp://ens1f0:5113
1461937275525	<INFO 7f80adbf6700> SLIPSTORE::COMM Connecting to tcp://dco-node134-10g:5104
1461937275529	<INFO 7f80adbf6700> SLIPSTORE::COMM Listening at ipc://server
1461937275533	<INFO 7f80adbf6700> SLIPSTORE::COMM Connecting to ipc://client
1461937275535	<INFO 7f80adbf6700> SLIPSTORE::COMM Listening at tcp://ens1f0:5115
1461937275538	<INFO 7f80adbf6700> SLIPSTORE::COMM Connecting to tcp://dco-node136-10g:5140
1461937278621	<INFO 7f9ecbca6740> SLIPSTORE::CHECKPOINTS NONE FOUND
1461937384091	<INFO 7f9ecbca6740> 2016-04-29 15:43:04 Completed init
1461937385488	<INFO 7f9ecbca6740> 2016-04-29 15:43:05 Started gather
1461937392028	<INFO 7f9ecbca6740> 2016-04-29 15:43:12 Completed gather
1461937392123	<INFO 7f9ecbca6740> 2016-04-29 15:43:12 Started scatter
1461937413622	<INFO 7f9ecbca6740> 2016-04-29 15:43:33 Completed scatter
1461937413625	<INFO 7f9ecbca6740> 2016-04-29 15:43:33 Started helping 0
1461937456125	<INFO 7f9ecbca6740> 2016-04-29 15:44:16 Completed helping 0
1461937456148	<INFO 7f9ecbca6740> 2016-04-29 15:44:16 Completed phase 1 Bytes read 26480582132 Bytes written 13398519540
1461937456169	<INFO 7f9ecbca6740> 2016-04-29 15:44:16 Started gather
1461937461164	<INFO 7f9ecbca6740> 2016-04-29 15:44:21 Completed gather
1461937475342	<INFO 7f9ecbca6740> 2016-04-29 15:44:35 Started scatter
1461937502354	<INFO 7f9ecbca6740> 2016-04-29 15:45:02 Completed scatter
1461937502504	<INFO 7f9ecbca6740> 2016-04-29 15:45:02 Started helping 0
1461937556282	<INFO 7f9ecbca6740> 2016-04-29 15:45:56 Completed helping 0
1461937557340	<INFO 7f9ecbca6740> 2016-04-29 15:45:57 Completed phase 2 Bytes read 40013319400 Bytes written 18147982196
1461937557365	<INFO 7f9ecbca6740> 2016-04-29 15:45:57 Started gather
1461937575320	<INFO 7f9ecbca6740> 2016-04-29 15:46:15 Completed gather
1461937575336	<INFO 7f9ecbca6740> 2016-04-29 15:46:15 Started helping 0
1461937591852	<INFO 7f9ecbca6740> 2016-04-29 15:46:31 Completed helping 0
1461937809997	<INFO 7f9ecbca6740> 2016-04-29 15:50:09 Started scatter
1461937840128	<INFO 7f9ecbca6740> 2016-04-29 15:50:40 Completed scatter
1461937840309	<INFO 7f9ecbca6740> 2016-04-29 15:50:40 Started helping 0
1461937887235	<INFO 7f9ecbca6740> 2016-04-29 15:51:27 Completed helping 0
1461937888328	<INFO 7f9ecbca6740> 2016-04-29 15:51:28 Completed phase 3 Bytes read 58157135708 Bytes written 22094541268
1461937888355	<INFO 7f9ecbca6740> 2016-04-29 15:51:28 Started gather
1461937903503	<INFO 7f9ecbca6740> 2016-04-29 15:51:43 Completed gather
1461937903679	<INFO 7f9ecbca6740> 2016-04-29 15:51:43 Started helping 0
1461937914467	<INFO 7f9ecbca6740> 2016-04-29 15:51:54 Completed helping 0
1461938095310	<INFO 7f9ecbca6740> 2016-04-29 15:54:55 Started scatter
1461938117993	<INFO 7f9ecbca6740> 2016-04-29 15:55:17 Completed scatter
1461938118140	<INFO 7f9ecbca6740> 2016-04-29 15:55:18 Started helping 0
1461938158247	<INFO 7f9ecbca6740> 2016-04-29 15:55:58 Completed helping 0
1461938158344	<INFO 7f9ecbca6740> 2016-04-29 15:55:58 Completed phase 4 Bytes read 75498048432 Bytes written 22382080316
1461938158368	<INFO 7f9ecbca6740> 2016-04-29 15:55:58 Started gather
1461938163411	<INFO 7f9ecbca6740> 2016-04-29 15:56:03 Completed gather
1461938188286	<INFO 7f9ecbca6740> 2016-04-29 15:56:28 Started scatter
1461938212271	<INFO 7f9ecbca6740> 2016-04-29 15:56:52 Completed scatter
1461938212557	<INFO 7f9ecbca6740> 2016-04-29 15:56:52 Started helping 0
1461938250822	<INFO 7f9ecbca6740> 2016-04-29 15:57:30 Completed helping 0
1461938251005	<INFO 7f9ecbca6740> 2016-04-29 15:57:31 Completed phase 5 Bytes read 89045723404 Bytes written 22650565180
1461938251034	<INFO 7f9ecbca6740> 2016-04-29 15:57:31 Started gather
1461938257787	<INFO 7f9ecbca6740> 2016-04-29 15:57:37 Completed gather
1461938273016	<INFO 7f9ecbca6740> 2016-04-29 15:57:53 Started scatter
1461938296801	<INFO 7f9ecbca6740> 2016-04-29 15:58:16 Completed scatter
1461938296884	<INFO 7f9ecbca6740> 2016-04-29 15:58:16 Started helping 0
1461938336114	<INFO 7f9ecbca6740> 2016-04-29 15:58:56 Completed helping 0
1461938336264	<INFO 7f9ecbca6740> 2016-04-29 15:58:56 Completed phase 6 Bytes read 102574344192 Bytes written 22919000780
1461938336292	<INFO 7f9ecbca6740> 2016-04-29 15:58:56 Started gather
1461938342630	<INFO 7f9ecbca6740> 2016-04-29 15:59:02 Completed gather
1461938349923	<INFO 7f9ecbca6740> 2016-04-29 15:59:09 Started scatter
1461938372955	<INFO 7f9ecbca6740> 2016-04-29 15:59:32 Completed scatter
1461938372983	<INFO 7f9ecbca6740> 2016-04-29 15:59:32 Started helping 0
1461938412627	<INFO 7f9ecbca6740> 2016-04-29 16:00:12 Completed helping 0
1461938413021	<INFO 7f9ecbca6740> 2016-04-29 16:00:13 Completed phase 7 Bytes read 116102915716 Bytes written 23187436236
1461938413024	<INFO 7f9ecbca6740> ALGORITHM::BFS::VERTICES_DISCOVERED 12681475
1461938413027	<INFO 7f9ecbca6740> ALGORITHM::BFS::EDGES_EXPLORED 942033494
1461938413029	<INFO 7f9ecbca6740> CORE::PARTITIONS_PROCESSED 80
1461938413031	<INFO 7f9ecbca6740> CORE::BYTES::EDGES_STREAMED 8799361212
1461938413034	<INFO 7f9ecbca6740> CORE::BYTES::UPDATES_OUT 693160088
1461938413036	<INFO 7f9ecbca6740> CORE::BYTES::UPDATES_IN 704266000
1461938413038	<INFO 7f80a7fff700> CORE::PARTITIONS_PROCESSED 167
1461938413041	<INFO 7f80a7fff700> CORE::BYTES::EDGES_STREAMED 8481326988
1461938413043	<INFO 7f80a7fff700> CORE::BYTES::UPDATES_OUT 787698384
1461938413045	<INFO 7f80a7fff700> CORE::BYTES::UPDATES_IN 706165168
1461938413048	<INFO 7f80a5ffb700> CORE::PARTITIONS_PROCESSED 198
1461938413050	<INFO 7f80a6ffd700> CORE::PARTITIONS_PROCESSED 154
1461938413053	<INFO 7f80a57fa700> CORE::PARTITIONS_PROCESSED 240
1461938413055	<INFO 7f80acbf4700> CORE::PARTITIONS_PROCESSED 165
1461938413057	<INFO 7f80a77fe700> CORE::PARTITIONS_PROCESSED 216
1461938413059	<INFO 7f80acbf4700> CORE::BYTES::EDGES_STREAMED 8703577524
1461938413062	<INFO 7f80a57fa700> CORE::BYTES::EDGES_STREAMED 14668359756
1461938413064	<INFO 7f80a5ffb700> CORE::BYTES::EDGES_STREAMED 9952976580
1461938413066	<INFO 7f80a67fc700> CORE::PARTITIONS_PROCESSED 199
1461938413069	<INFO 7f80a77fe700> CORE::BYTES::EDGES_STREAMED 9613036872
1461938413071	<INFO 7f80a6ffd700> CORE::BYTES::EDGES_STREAMED 9309172092
1461938413074	<INFO 7f80a57fa700> CORE::BYTES::UPDATES_OUT 1574396752
1461938413076	<INFO 7f80a5ffb700> CORE::BYTES::UPDATES_OUT 839987240
1461938413078	<INFO 7f80a6ffd700> CORE::BYTES::UPDATES_OUT 898100072
1461938413081	<INFO 7f80acbf4700> CORE::BYTES::UPDATES_OUT 847822704
1461938413083	<INFO 7f80a57fa700> CORE::BYTES::UPDATES_IN 1266373144
1461938413085	<INFO 7f80acbf4700> CORE::BYTES::UPDATES_IN 699343800
1461938413088	<INFO 7f80a67fc700> CORE::BYTES::EDGES_STREAMED 10946025684
1461938413090	<INFO 7f80a6ffd700> CORE::BYTES::UPDATES_IN 748960904
1461938413092	<INFO 7f80a67fc700> CORE::BYTES::UPDATES_OUT 977307928
1461938413094	<INFO 7f80a5ffb700> CORE::BYTES::UPDATES_IN 774507800
1461938413097	<INFO 7f80a77fe700> CORE::BYTES::UPDATES_OUT 917794784
1461938413099	<INFO 7f80a67fc700> CORE::BYTES::UPDATES_IN 822591752
1461938413101	<INFO 7f80a77fe700> CORE::BYTES::UPDATES_IN 760100928
1461938413104	<INFO 7f80adbf6700> SLIPSTORE service is exiting
1461938413106	<INFO 7f80adbf6700> SLIPSTORE::HELP_OFFERS_RECVD 98
1461938413108	<INFO 7f80adbf6700> SLIPSTORE::HELP_OFFERS_ACCEPTED 0
1461938413111	<INFO 7f80adbf6700> SLIPSTORE::HELP_ACCEPTANCE_RATIO 0
1461938413113	<INFO 7f80adbf6700> SLIPSTORE::SERVER_BUSY_DISK  600.674 seconds
1461938413115	<INFO 7f80adbf6700> SLIPSTORE::SERVER_BUSY_MEM  0.336928 seconds
1461938413118	<INFO 7f80adbf6700> SLIPSTORE::SERVER_TOTAL  1137.78 seconds
1461938413120	<INFO 7f9ecbca6740> SLIPSTORE::CLIENT::DISK_READ_TIME  545.973 seconds
1461938413122	<INFO 7f9ecbca6740> SLIPSTORE::CLIENT::MEM_READ_TIME  0 seconds
1461938413125	<INFO 7f9ecbca6740> SLIPSTORE::CLIENT::DISK_BYTES_READ 106199612780
1461938413127	<INFO 7f9ecbca6740> SLIPSTORE::CLIENT::MEM_BYTES_READ 0
1461938413129	<INFO 7f9ecbca6740> SLIPSTORE::CLIENT::WRITE_TIME  119.72 seconds
1461938413132	<INFO 7f9ecbca6740> SLIPSTORE::CLIENT::BYTES_WRITTEN 2147483648
1461938413134	<INFO 7f9ecbca6740> SLIPSTORE::CLIENT_BUSY  665.694 seconds
1461938413136	<INFO 7f9ecbca6740> SLIPSTORE::IO::TIME 552.98 seconds
1461938413138	<INFO 7f9ecbca6740> SLIPSTORE::SNAP::TIME 0 seconds
1461938413141	<INFO 7f9ecbca6740> SLIPSTORE::MAX_DISK_USAGE_BYTES 17606945396
1461938413143	<INFO 7f9ecbca6740> CORE::RUSAGE::MAX_RSS_KB 125955356
1461938413145	<INFO 7f9ecbca6740> CORE::RUSAGE::MINFLT 34877245
1461938413148	<INFO 7f9ecbca6740> CORE::RUSAGE::MAJFLT 9
1461938413150	<INFO 7f9ecbca6740> CORE::RUSAGE::MAJFLT 9
1461938413152	<INFO 7f9ecbca6740> CORE::RUSAGE::INBLK 214843688
1461938413155	<INFO 7f9ecbca6740> CORE::RUSAGE::OUBLK 45313352
1461938413157	<INFO 7f9ecbca6740> CORE::UTILS::BYTES_READ 116102915716
1461938413159	<INFO 7f9ecbca6740> CORE::UTILS::BYTES_WRITTEN 23187436236
1461938413162	<INFO 7f9ecbca6740> CORE::UTILS::TILE_COPY_BYTES 6174015488
1461938413164	<INFO 7f9ecbca6740> CORE::TIME::IO_WAIT 576.266 seconds
1461938413166	<INFO 7f9ecbca6740> CORE::TIME_TILE_COPY 42.4134 seconds
1461938413169	<INFO 7f9ecbca6740> CORE::TIME_TILE_MERGE 0 seconds
1461938413171	<INFO 7f9ecbca6740> CORE::TIME_PROCESSING_STOLEN 280.894 seconds
1461938413174	<INFO 7f9ecbca6740> CORE::TIME_MERGE_WAIT 4.44555 seconds
1461938413176	<INFO 7f9ecbca6740> CORE::TIME_ALL_MC_BARRIER 6.55379 seconds
1461938413179	<INFO 7f9ecbca6740> CORE::PHASES 7
1461938413181	<INFO 7f9ecbca6740> CORE::TIME::SETUP 5.19377 seconds
1461938413183	<INFO 7f9ecbca6740> CORE::TIME::STATE_ITER 1.35383 seconds
1461938413186	<INFO 7f9ecbca6740> CORE::TIME::GATHER 550.947 seconds
1461938413189	<INFO 7f9ecbca6740> CORE::TIME::SCATTER 476.329 seconds
1461938413191	<INFO 7f9ecbca6740> CORE::TIME::WALL 1139.6 seconds
1461938413193	<INFO 7f9ecbca6740> SHUTDOWN
