1462380558575	<INFO 7fe87afde780> 2016-05-04 18:49:18 STARTUP
1462380558577	<INFO 7fe87afde780> CORE::GRAPH rmat-28-und_s8
1462380558580	<INFO 7fe87afde780> CORE::ALGORITHM bfs
1462380558582	<INFO 7fe87afde780> CORE::VERTEX_STRIPING ON
1462380558584	<INFO 7fe87afde780> CORE::OPTIMIZED_STATE_LOAD_STORE OFF
1462380558586	<INFO 7fe87afde780> CORE::BINARY_SEARCH_SUPER_PARTITION ON
1462380558589	<INFO 7fe87afde780> CORE::SUPER_PARTITION_COMPUTED_FOR_EACH_SCATTER_GATHER_PHASE
1462380558591	<INFO 7fe87afde780> CORE::EDGE_STRIPING ON
1462380558593	<INFO 7fe87afde780> CORE::BATCH IO ON
1462380558595	<INFO 7fe87afde780> 2016-05-04 18:49:18 Blocking memory amount 126701535232
1462380665340	<INFO 7fe87afde780> 2016-05-04 18:51:05 Done blocking memory
1462380665342	<INFO 7fe87afde780> SG-DRIVER-ORIGINAL
1462380665344	<INFO 7fe87afde780> 2016-05-04 18:51:05 START read config parameters
1462380665347	<INFO 7fe87afde780> PARTITIONING::OLD 1
1462380665349	<INFO 7fe87afde780> PARTITIONING::BALANCED_PARTITIONS 0
1462380665351	<INFO 7fe87afde780> CORE::CONFIG::PROCESSORS 8
1462380665354	<INFO 7fe87afde780> CORE::CONFIG::PHYSICAL_MEMORY 2147483648
1462380665356	<INFO 7fe87afde780> CORE::CONFIG::VERTICES 268435456
1462380665358	<INFO 7fe87afde780> CORE::CONFIG::VERTEX_SIZE 8
1462380665361	<INFO 7fe87afde780> CORE::CONFIG::VERTEX_BUFFER 268435456
1462380665363	<INFO 7fe87afde780> CORE::CONFIG::EDGES 1073741824
1462380665366	<INFO 7fe87afde780> CORE::CONFIG::PARTITIONS 64
1462380665368	<INFO 7fe87afde780> CORE::CONFIG::FANOUT 64
1462380665370	<INFO 7fe87afde780> CORE::CONFIG::SUPER_PARTITIONS 8
1462380665373	<INFO 7fe87afde780> CORE::CONFIG::TILES 1
1462380665375	<INFO 7fe87afde780> CORE::CONFIG::BUFFER_SIZE 375808512
1462380665377	<INFO 7fe87afde780> CORE::CONFIG::MAX_BUFFERS 4
1462380665379	<INFO 7fe87afde780> CORE::CONFIG::MAX_STREAMS 4
1462380665382	<INFO 7fe87afde780> CORE::CONFIG::SUM_OF_OUT_DEGREES_FOR_NEW_PARTITIONS::FIRST_CONSTRAINT 33554432
1462380665384	<INFO 7fe87afde780> CORE::CONFIG::MAX_EDGES_PER_NEW_PARTITION::SECOND_CONSTRAINT 134217728
1462380665386	<INFO 7fe87afde780> SLIPSTREAM::EXT_MEM_SHUFFLE OFF
1462380665389	<INFO 7fe87afde780> 2016-05-04 18:51:05 END read config parameters
1462380667090	<WARNING 7fe87afde780> Unable to unlink file (stream.0.0.0):No such file or directory
1462380667092	<WARNING 7fe87afde780> Unable to unlink file (stream.0.1.0):No such file or directory
1462380667095	<WARNING 7fe87afde780> Unable to unlink file (stream.0.2.0):No such file or directory
1462380667097	<WARNING 7fe87afde780> Unable to unlink file (stream.0.3.0):No such file or directory
1462380667099	<WARNING 7fe87afde780> Unable to unlink file (stream.0.4.0):No such file or directory
1462380667101	<WARNING 7fe87afde780> Unable to unlink file (stream.0.5.0):No such file or directory
1462380667103	<WARNING 7fe87afde780> Unable to unlink file (stream.0.6.0):No such file or directory
1462380667106	<WARNING 7fe87afde780> Unable to unlink file (stream.0.7.0):No such file or directory
1462380667108	<WARNING 7fe87afde780> Unable to unlink file (stream.1.1.0):No such file or directory
1462380667111	<WARNING 7fe87afde780> Unable to unlink file (stream.1.2.0):No such file or directory
1462380667114	<WARNING 7fe87afde780> Unable to unlink file (stream.1.3.0):No such file or directory
1462380667116	<WARNING 7fe87afde780> Unable to unlink file (stream.1.4.0):No such file or directory
1462380667120	<WARNING 7fe87afde780> Unable to unlink file (stream.1.5.0):No such file or directory
1462380667122	<WARNING 7fe87afde780> Unable to unlink file (stream.1.6.0):No such file or directory
1462380667125	<WARNING 7fe87afde780> Unable to unlink file (stream.1.7.0):No such file or directory
1462380667127	<WARNING 7fe87afde780> Unable to unlink file (stream.2.0.0):No such file or directory
1462380667131	<WARNING 7fe87afde780> Unable to unlink file (stream.2.1.0):No such file or directory
1462380667133	<WARNING 7fe87afde780> Unable to unlink file (stream.2.2.0):No such file or directory
1462380667136	<WARNING 7fe87afde780> Unable to unlink file (stream.2.3.0):No such file or directory
1462380667138	<WARNING 7fe87afde780> Unable to unlink file (stream.2.4.0):No such file or directory
1462380667140	<WARNING 7fe87afde780> Unable to unlink file (stream.2.5.0):No such file or directory
1462380667144	<WARNING 7fe87afde780> Unable to unlink file (stream.2.6.0):No such file or directory
1462380667146	<WARNING 7fe87afde780> Unable to unlink file (stream.2.7.0):No such file or directory
1462380667148	<WARNING 7fe87afde780> Unable to unlink file (stream.3.0.0):No such file or directory
1462380667151	<WARNING 7fe87afde780> Unable to unlink file (stream.3.1.0):No such file or directory
1462380667154	<WARNING 7fe87afde780> Unable to unlink file (stream.3.2.0):No such file or directory
1462380667156	<WARNING 7fe87afde780> Unable to unlink file (stream.3.3.0):No such file or directory
1462380667158	<WARNING 7fe87afde780> Unable to unlink file (stream.3.4.0):No such file or directory
1462380667160	<WARNING 7fe87afde780> Unable to unlink file (stream.3.5.0):No such file or directory
1462380667163	<WARNING 7fe87afde780> Unable to unlink file (stream.3.6.0):No such file or directory
1462380667164	<WARNING 7fe87afde780> Unable to unlink file (stream.3.7.0):No such file or directory
1462380667167	<INFO 7fe87afde780> SLIPSTORE::ZMQ_THREADS 2
1462380667169	<INFO 7fe87afde780> SLIPSTORE::COMM Connecting to tcp://dco-node137-10g:5016
1462380667171	<INFO 7fe87afde780> SLIPSTORE::COMM Connecting to tcp://dco-node138-10g:5034
1462380667174	<INFO 7fe87afde780> SLIPSTORE::COMM Connecting to tcp://dco-node139-10g:5052
1462380667176	<INFO 7fe87afde780> SLIPSTORE::COMM Connecting to tcp://dco-node140-10g:5070
1462380667178	<INFO 7fe87afde780> SLIPSTORE::COMM Connecting to tcp://dco-node141-10g:5088
1462380667181	<INFO 7fe87afde780> SLIPSTORE::COMM Connecting to tcp://dco-node142-10g:5106
1462380667183	<INFO 7fe87afde780> SLIPSTORE::COMM Connecting to tcp://dco-node143-10g:5124
1462380667185	<INFO 7fe87afde780> SLIPSTORE::COMM Connecting to tcp://dco-node144-10g:5142
1462380667187	<INFO 7fe87afde780> SLIPSTORE::COMM Listening at ipc://client
1462380667190	<INFO 7fe87afde780> SLIPSTORE::COMM Listening at tcp://p1p1:5009
1462380667192	<INFO 7fe87afde780> SLIPSTORE::COMM Listening at tcp://p1p1:5010
1462380667194	<INFO 7fe87afde780> SLIPSTORE::COMM Listening at tcp://p1p1:5011
1462380667197	<INFO 7fe87afde780> SLIPSTORE::COMM Listening at tcp://p1p1:5012
1462380667199	<INFO 7fe87afde780> SLIPSTORE::COMM Listening at tcp://p1p1:5013
1462380667201	<INFO 7fe87afde780> SLIPSTORE::COMM Listening at tcp://p1p1:5014
1462380667204	<INFO 7fe87afde780> SLIPSTORE::COMM Listening at tcp://p1p1:5015
1462380667206	<INFO 7fe87afde780> SLIPSTORE::COMM Connecting to tcp://dco-node137-10g:5016
1462380667209	<INFO 7fe87afde780> SLIPSTORE::COMM Connecting to tcp://dco-node138-10g:5034
1462380667211	<INFO 7fe87afde780> SLIPSTORE::COMM Connecting to tcp://dco-node139-10g:5052
1462380667213	<INFO 7fe87afde780> SLIPSTORE::COMM Connecting to tcp://dco-node140-10g:5070
1462380667215	<INFO 7fe87afde780> SLIPSTORE::COMM Connecting to tcp://dco-node141-10g:5088
1462380667218	<INFO 7fe87afde780> SLIPSTORE::COMM Connecting to tcp://dco-node142-10g:5106
1462380667221	<INFO 7fe87afde780> SLIPSTORE::COMM Connecting to tcp://dco-node143-10g:5124
1462380667223	<INFO 7fe87afde780> SLIPSTORE::COMM Connecting to tcp://dco-node144-10g:5142
1462380667226	<INFO 7fe87afde780> SLIPSTORE::COMM Connecting to ipc://server
1462380667228	<INFO 7fe87afde780> SLIPSTORE::COMM Connecting to tcp://dco-node138-10g:5018
1462380667231	<INFO 7fe87afde780> SLIPSTORE::COMM Connecting to tcp://dco-node139-10g:5036
1462380667233	<INFO 7fe87afde780> SLIPSTORE::COMM Connecting to tcp://dco-node140-10g:5054
1462380667235	<INFO 7fe87afde780> SLIPSTORE::COMM Connecting to tcp://dco-node141-10g:5072
1462380667238	<INFO 7fe87afde780> SLIPSTORE::COMM Connecting to tcp://dco-node142-10g:5090
1462380667241	<INFO 7fe87afde780> SLIPSTORE::COMM Connecting to tcp://dco-node143-10g:5108
1462380667243	<INFO 7fe87afde780> SLIPSTORE::COMM Connecting to tcp://dco-node144-10g:5126
1462380667246	<INFO 7fe87afde780> SLIPSTORE::COMM Connecting to tcp://dco-node138-10g:5035
1462380667248	<INFO 7fe87afde780> SLIPSTORE::COMM Listening at tcp://p1p1:5017
1462380667250	<INFO 7fe87afde780> SLIPSTORE::COMM Connecting to tcp://dco-node137-10g:5016
1462380667253	<INFO 7fe87afde780> SLIPSTORE::HELP_POLICY HEURISTIC_NEW
1462380667256	<INFO 7fe87afde780> SLIPSTORE::SERVER ASYNC
1462380667258	<INFO 7fe87afde780> SLIPSTORE::MACHINES 8
1462380667260	<INFO 7fe87afde780> SLIPSTORE::ME 0
1462380667262	<INFO 7fe87afde780> SLIPSTORE::SLIPCHUNK 4194304
1462380667264	<INFO 7fe87afde780> SLIPSTORE::QUOTA 18446744073709551615
1462380667267	<INFO 7fe87afde780> SLIPSTORE::IO PAGECACHE
1462380667269	<INFO 7fca5dbf6700> SLIPSTORE::COMM Listening at tcp://p1p1:5016
1462380667271	<INFO 7fca5dbf6700> SLIPSTORE::COMM Listening at ipc://server
1462380667273	<INFO 7fca5dbf6700> SLIPSTORE::COMM Connecting to ipc://client
1462380667276	<INFO 7fca5dbf6700> SLIPSTORE::COMM Listening at tcp://p1p1:5001
1462380667278	<INFO 7fca5dbf6700> SLIPSTORE::COMM Connecting to tcp://dco-node138-10g:5026
1462380667280	<INFO 7fca5dbf6700> SLIPSTORE::COMM Listening at tcp://p1p1:5002
1462380667282	<INFO 7fca5dbf6700> SLIPSTORE::COMM Connecting to tcp://dco-node139-10g:5044
1462380667285	<INFO 7fca5dbf6700> SLIPSTORE::COMM Listening at tcp://p1p1:5003
1462380667287	<INFO 7fca5dbf6700> SLIPSTORE::COMM Connecting to tcp://dco-node140-10g:5062
1462380667289	<INFO 7fca5dbf6700> SLIPSTORE::COMM Listening at tcp://p1p1:5004
1462380667291	<INFO 7fca5dbf6700> SLIPSTORE::COMM Connecting to tcp://dco-node141-10g:5080
1462380667293	<INFO 7fca5dbf6700> SLIPSTORE::COMM Listening at tcp://p1p1:5005
1462380667295	<INFO 7fca5dbf6700> SLIPSTORE::COMM Connecting to tcp://dco-node142-10g:5098
1462380667298	<INFO 7fca5dbf6700> SLIPSTORE::COMM Listening at tcp://p1p1:5006
1462380667301	<INFO 7fca5dbf6700> SLIPSTORE::COMM Connecting to tcp://dco-node143-10g:5116
1462380667303	<INFO 7fca5dbf6700> SLIPSTORE::COMM Listening at tcp://p1p1:5007
1462380667305	<INFO 7fca5dbf6700> SLIPSTORE::COMM Connecting to tcp://dco-node144-10g:5134
1462380668131	<INFO 7fe87afde780> SLIPSTORE::CHECKPOINTS NONE FOUND
1462380668133	<INFO 7fe87afde780> 2016-05-04 18:51:08 Start edge split
1462380829155	<INFO 7fe87afde780> 2016-05-04 18:53:49 Completed init
1462380830445	<INFO 7fe87afde780> 2016-05-04 18:53:50 Started gather
1462380833020	<INFO 7fe87afde780> 2016-05-04 18:53:53 Completed gather
1462380833183	<INFO 7fe87afde780> 2016-05-04 18:53:53 Started scatter
1462380898723	<INFO 7fe87afde780> 2016-05-04 18:54:58 Completed scatter
1462380898908	<INFO 7fe87afde780> 2016-05-04 18:54:58 Completed phase 1 Bytes read 26495054488 Bytes written 13479802384
1462380898930	<INFO 7fe87afde780> 2016-05-04 18:54:58 Started gather
1462380901318	<INFO 7fe87afde780> 2016-05-04 18:55:01 Completed gather
1462380901630	<INFO 7fe87afde780> 2016-05-04 18:55:01 Started scatter
1462381007046	<INFO 7fe87afde780> 2016-05-04 18:56:47 Completed scatter
1462381009349	<INFO 7fe87afde780> 2016-05-04 18:56:49 Completed phase 2 Bytes read 40109074600 Bytes written 18492738768
1462381009368	<INFO 7fe87afde780> 2016-05-04 18:56:49 Started gather
1462381040371	<INFO 7fe87afde780> 2016-05-04 18:57:20 Completed gather
1462381047072	<INFO 7fe87afde780> 2016-05-04 18:57:27 Started scatter
1462381141981	<INFO 7fe87afde780> 2016-05-04 18:59:01 Completed scatter
1462381142396	<INFO 7fe87afde780> 2016-05-04 18:59:02 Started helping 2
1462381145913	<INFO 7fe87afde780> 2016-05-04 18:59:05 Completed helping 2
1462381146070	<INFO 7fe87afde780> 2016-05-04 18:59:06 Completed phase 3 Bytes read 58765718016 Bytes written 22496613792
1462381146095	<INFO 7fe87afde780> 2016-05-04 18:59:06 Started gather
1462381174418	<INFO 7fe87afde780> 2016-05-04 18:59:34 Completed gather
1462381180219	<INFO 7fe87afde780> 2016-05-04 18:59:40 Started scatter
1462381244576	<INFO 7fe87afde780> 2016-05-04 19:00:44 Completed scatter
1462381245831	<INFO 7fe87afde780> 2016-05-04 19:00:45 Completed phase 4 Bytes read 76245527912 Bytes written 22786654560
1462381245851	<INFO 7fe87afde780> 2016-05-04 19:00:45 Started gather
1462381248581	<INFO 7fe87afde780> 2016-05-04 19:00:48 Completed gather
1462381248692	<INFO 7fe87afde780> 2016-05-04 19:00:48 Started scatter
1462381312798	<INFO 7fe87afde780> 2016-05-04 19:01:52 Completed scatter
1462381313735	<INFO 7fe87afde780> 2016-05-04 19:01:53 Completed phase 5 Bytes read 89877285824 Bytes written 23055143128
1462381313755	<INFO 7fe87afde780> 2016-05-04 19:01:53 Started gather
1462381316113	<INFO 7fe87afde780> 2016-05-04 19:01:56 Completed gather
1462381316460	<INFO 7fe87afde780> 2016-05-04 19:01:56 Started scatter
1462381380050	<INFO 7fe87afde780> 2016-05-04 19:03:00 Completed scatter
1462381381047	<INFO 7fe87afde780> 2016-05-04 19:03:01 Completed phase 6 Bytes read 103487491536 Bytes written 23323578688
1462381381070	<INFO 7fe87afde780> 2016-05-04 19:03:01 Started gather
1462381383655	<INFO 7fe87afde780> 2016-05-04 19:03:03 Completed gather
1462381383766	<INFO 7fe87afde780> 2016-05-04 19:03:03 Started scatter
1462381447493	<INFO 7fe87afde780> 2016-05-04 19:04:07 Completed scatter
1462381447526	<INFO 7fe87afde780> 2016-05-04 19:04:07 Started helping 1
1462381448807	<INFO 7fe87afde780> 2016-05-04 19:04:08 Completed helping 1
1462381448829	<INFO 7fe87afde780> 2016-05-04 19:04:08 Completed phase 7 Bytes read 117131198672 Bytes written 23592014144
1462381448831	<INFO 7fe87afde780> ALGORITHM::BFS::VERTICES_DISCOVERED 22237098
1462381448833	<INFO 7fe87afde780> ALGORITHM::BFS::EDGES_EXPLORED 1118320093
1462381448836	<INFO 7fe87afde780> CORE::PARTITIONS_PROCESSED 162
1462381448838	<INFO 7fe87afde780> CORE::BYTES::EDGES_STREAMED 11048403672
1462381448840	<INFO 7fe87afde780> CORE::BYTES::UPDATES_OUT 958357224
1462381448842	<INFO 7fe87afde780> CORE::BYTES::UPDATES_IN 1827789936
1462381448845	<INFO 7fca51ffb700> CORE::PARTITIONS_PROCESSED 381
1462381448847	<INFO 7fca51ffb700> CORE::BYTES::EDGES_STREAMED 11576502480
1462381448850	<INFO 7fca51ffb700> CORE::BYTES::UPDATES_OUT 1130553096
1462381448852	<INFO 7fca51ffb700> CORE::BYTES::UPDATES_IN 1688639872
1462381448854	<INFO 7fca537fe700> CORE::PARTITIONS_PROCESSED 404
1462381448857	<INFO 7fca53fff700> CORE::PARTITIONS_PROCESSED 313
1462381448859	<INFO 7fca517fa700> CORE::PARTITIONS_PROCESSED 454
1462381448861	<INFO 7fca527fc700> CORE::PARTITIONS_PROCESSED 378
1462381448863	<INFO 7fca5cbf4700> CORE::PARTITIONS_PROCESSED 312
1462381448865	<INFO 7fca53fff700> CORE::BYTES::EDGES_STREAMED 10150071828
1462381448868	<INFO 7fca537fe700> CORE::BYTES::EDGES_STREAMED 12343171524
1462381448870	<INFO 7fca52ffd700> CORE::PARTITIONS_PROCESSED 296
1462381448873	<INFO 7fca517fa700> CORE::BYTES::EDGES_STREAMED 18266485656
1462381448875	<INFO 7fca52ffd700> CORE::BYTES::EDGES_STREAMED 11659001736
1462381448877	<INFO 7fca517fa700> CORE::BYTES::UPDATES_OUT 1740546760
1462381448879	<INFO 7fca537fe700> CORE::BYTES::UPDATES_OUT 1083053856
1462381448881	<INFO 7fca527fc700> CORE::BYTES::EDGES_STREAMED 12178316052
1462381448884	<INFO 7fca5cbf4700> CORE::BYTES::EDGES_STREAMED 10282448832
1462381448886	<INFO 7fca52ffd700> CORE::BYTES::UPDATES_OUT 1077891224
1462381448888	<INFO 7fca537fe700> CORE::BYTES::UPDATES_IN 1486842624
1462381448890	<INFO 7fca527fc700> CORE::BYTES::UPDATES_OUT 1049703760
1462381448893	<INFO 7fca53fff700> CORE::BYTES::UPDATES_OUT 942629424
1462381448895	<INFO 7fca517fa700> CORE::BYTES::UPDATES_IN 2770003248
1462381448897	<INFO 7fca53fff700> CORE::BYTES::UPDATES_IN 1486866328
1462381448899	<INFO 7fca52ffd700> CORE::BYTES::UPDATES_IN 1559937168
1462381448902	<INFO 7fca527fc700> CORE::BYTES::UPDATES_IN 1784757792
1462381448904	<INFO 7fca5cbf4700> CORE::BYTES::UPDATES_OUT 963825400
1462381448906	<INFO 7fca5cbf4700> CORE::BYTES::UPDATES_IN 1535015904
1462381448908	<INFO 7fca5dbf6700> SLIPSTORE service is exiting
1462381448911	<INFO 7fca5dbf6700> SLIPSTORE::HELP_OFFERS_RECVD 98
1462381448913	<INFO 7fca5dbf6700> SLIPSTORE::HELP_OFFERS_ACCEPTED 36
1462381448915	<INFO 7fca5dbf6700> SLIPSTORE::HELP_ACCEPTANCE_RATIO 0.367347
1462381448917	<INFO 7fca5dbf6700> SLIPSTORE::SERVER_BUSY_DISK  722.462 seconds
1462381448919	<INFO 7fca5dbf6700> SLIPSTORE::SERVER_BUSY_MEM  0 seconds
1462381448922	<INFO 7fca5dbf6700> SLIPSTORE::SERVER_TOTAL  781.706 seconds
1462381448925	<INFO 7fe87afde780> SLIPSTORE::CLIENT::DISK_READ_TIME  608.293 seconds
1462381448927	<INFO 7fe87afde780> SLIPSTORE::CLIENT::MEM_READ_TIME  8.27571 seconds
1462381448930	<INFO 7fe87afde780> SLIPSTORE::CLIENT::DISK_BYTES_READ 129000284436
1462381448932	<INFO 7fe87afde780> SLIPSTORE::CLIENT::MEM_BYTES_READ 2147483648
1462381448934	<INFO 7fe87afde780> SLIPSTORE::CLIENT::WRITE_TIME  144.915 seconds
1462381448937	<INFO 7fe87afde780> SLIPSTORE::CLIENT::BYTES_WRITTEN 2147483648
1462381448939	<INFO 7fe87afde780> SLIPSTORE::CLIENT_BUSY  761.484 seconds
1462381448941	<INFO 7fe87afde780> SLIPSTORE::IO::TIME 580.514 seconds
1462381448943	<INFO 7fe87afde780> SLIPSTORE::SNAP::TIME 0 seconds
1462381448945	<INFO 7fe87afde780> SLIPSTORE::MAX_DISK_USAGE_BYTES 17952000344
1462381448947	<INFO 7fe87afde780> CORE::RUSAGE::MAX_RSS_KB 125954716
1462381448950	<INFO 7fe87afde780> CORE::RUSAGE::MINFLT 48148851
1462381448953	<INFO 7fe87afde780> CORE::RUSAGE::MAJFLT 0
1462381448955	<INFO 7fe87afde780> CORE::RUSAGE::MAJFLT 0
1462381448957	<INFO 7fe87afde780> CORE::RUSAGE::INBLK 215683472
1462381448960	<INFO 7fe87afde780> CORE::RUSAGE::OUBLK 46090240
1462381448962	<INFO 7fe87afde780> CORE::UTILS::BYTES_READ 117131198672
1462381448964	<INFO 7fe87afde780> CORE::UTILS::BYTES_WRITTEN 23592014144
1462381448966	<INFO 7fe87afde780> CORE::UTILS::TILE_COPY_BYTES 6442450944
1462381448968	<INFO 7fe87afde780> CORE::TIME::IO_WAIT 659.208 seconds
1462381448971	<INFO 7fe87afde780> CORE::TIME_TILE_COPY 3.89397 seconds
1462381448973	<INFO 7fe87afde780> CORE::TIME_TILE_MERGE 8.28952 seconds
1462381448976	<INFO 7fe87afde780> CORE::TIME_PROCESSING_STOLEN 0.903857 seconds
1462381448978	<INFO 7fe87afde780> CORE::TIME_MERGE_WAIT 0.048852 seconds
1462381448980	<INFO 7fe87afde780> CORE::OTHER_TIME_ALL_MC_BARRIER 0 seconds
1462381448982	<INFO 7fe87afde780> CORE::SCATTER_TIME_ALL_MC_BARRIER 5.11818 seconds
1462381448985	<INFO 7fe87afde780> CORE::GATHER_TIME_ALL_MC_BARRIER 0.021014 seconds
1462381448988	<INFO 7fe87afde780> CORE::INIT_TIME_ALL_MC_BARRIER 1.75673 seconds
1462381448991	<INFO 7fe87afde780> CORE::SHUT_DOWN_TIME_ALL_MC_BARRIER 0.0034 seconds
1462381448993	<INFO 7fe87afde780> CORE::STREAM_SKIP_BEFORE_TIME_ALL_MC_BARRIER 0.056874 seconds
1462381448996	<INFO 7fe87afde780> CORE::TAKE_CHECKPOINT_BEFORE_TIME_ALL_MC_BARRIER 0 seconds
1462381448999	<INFO 7fe87afde780> CORE::TAKE_CHECKPOINT_COMPLETE_TIME_ALL_MC_BARRIER 0 seconds
1462381449001	<INFO 7fe87afde780> CORE::METADATA_WRITE_COMPLETE_TIME_ALL_MC_BARRIER 0 seconds
1462381449003	<INFO 7fe87afde780> CORE::STREAM_EOF_BEFORE_TIME_ALL_MC_BARRIER 0 seconds
1462381449005	<INFO 7fe87afde780> CORE::STREAM_EOF_AFTER_TIME_ALL_MC_BARRIER 0 seconds
1462381449007	<INFO 7fe87afde780> CORE::STATE_LOAD_TIME_ALL_MC_BARRIER 0 seconds
1462381449010	<INFO 7fe87afde780> CORE::STATE_STORE_TIME_ALL_MC_BARRIER 0 seconds
1462381449012	<INFO 7fe87afde780> CORE::PHASES 7
1462381449014	<INFO 7fe87afde780> CORE::TIME::SETUP 2.79692 seconds
1462381449017	<INFO 7fe87afde780> CORE::TIME::STATE_ITER 1.23694 seconds
1462381449019	<INFO 7fe87afde780> CORE::TIME::GATHER 85.526 seconds
1462381449021	<INFO 7fe87afde780> CORE::TIME::SCATTER 532.638 seconds
1462381449024	<INFO 7fe87afde780> CORE::TIME::WALL 783.497 seconds
1462381449026	<INFO 7fe87afde780> SHUTDOWN
