1462388649657	<INFO 7ff525f63780> 2016-05-04 21:04:09 STARTUP
1462388649659	<INFO 7ff525f63780> CORE::GRAPH rmat-28-und_s8
1462388649661	<INFO 7ff525f63780> CORE::ALGORITHM bfs
1462388649663	<INFO 7ff525f63780> CORE::VERTEX_STRIPING OFF
1462388649666	<INFO 7ff525f63780> CORE::UPDATES_STRIPING ON
1462388649668	<INFO 7ff525f63780> CORE::UPDATES BATCH IO ON
1462388649670	<INFO 7ff525f63780> CORE::OPTIMIZED_STATE_LOAD_STORE OFF
1462388649672	<INFO 7ff525f63780> CORE::BINARY_SEARCH_SUPER_PARTITION ON
1462388649675	<INFO 7ff525f63780> CORE::SUPER_PARTITION_COMPUTED_FOR_EACH_SCATTER_GATHER_PHASE
1462388649677	<INFO 7ff525f63780> CORE::BATCH IO OFF
1462388649679	<INFO 7ff525f63780> 2016-05-04 21:04:09 Blocking memory amount 126701535232
1462388756280	<INFO 7ff525f63780> 2016-05-04 21:05:56 Done blocking memory
1462388756283	<INFO 7ff525f63780> SG-DRIVER-ORIGINAL
1462388756286	<INFO 7ff525f63780> 2016-05-04 21:05:56 START read config parameters
1462388756288	<INFO 7ff525f63780> PARTITIONING::OLD 0
1462388756291	<INFO 7ff525f63780> PARTITIONING::BALANCED_PARTITIONS 0
1462388756293	<INFO 7ff525f63780> CORE::CONFIG::PROCESSORS 8
1462388756295	<INFO 7ff525f63780> CORE::CONFIG::PHYSICAL_MEMORY 2147483648
1462388756298	<INFO 7ff525f63780> CORE::CONFIG::VERTICES 268435456
1462388756300	<INFO 7ff525f63780> CORE::CONFIG::VERTEX_SIZE 8
1462388756302	<INFO 7ff525f63780> CORE::CONFIG::VERTEX_BUFFER 922066808
1462388756304	<INFO 7ff525f63780> CORE::CONFIG::EDGES 1073741824
1462388756307	<INFO 7ff525f63780> CORE::CONFIG::PARTITIONS 64
1462388756309	<INFO 7ff525f63780> CORE::CONFIG::FANOUT 64
1462388756312	<INFO 7ff525f63780> CORE::CONFIG::SUPER_PARTITIONS 8
1462388756314	<INFO 7ff525f63780> CORE::CONFIG::TILES 1
1462388756316	<INFO 7ff525f63780> CORE::CONFIG::BUFFER_SIZE 245082241
1462388756319	<INFO 7ff525f63780> CORE::CONFIG::MAX_BUFFERS 4
1462388756321	<INFO 7ff525f63780> CORE::CONFIG::MAX_STREAMS 4
1462388756324	<INFO 7ff525f63780> CORE::CONFIG::SUM_OF_OUT_DEGREES_FOR_NEW_PARTITIONS::FIRST_CONSTRAINT 0
1462388756326	<INFO 7ff525f63780> CORE::CONFIG::MAX_EDGES_PER_NEW_PARTITION::SECOND_CONSTRAINT 0
1462388756328	<INFO 7ff525f63780> SLIPSTREAM::EXT_MEM_SHUFFLE OFF
1462388756331	<INFO 7ff525f63780> 2016-05-04 21:05:56 END read config parameters
1462388758026	<WARNING 7ff525f63780> Unable to unlink file (stream.0.0.0):No such file or directory
1462388758028	<WARNING 7ff525f63780> Unable to unlink file (stream.0.1.0):No such file or directory
1462388758031	<WARNING 7ff525f63780> Unable to unlink file (stream.0.2.0):No such file or directory
1462388758033	<WARNING 7ff525f63780> Unable to unlink file (stream.0.3.0):No such file or directory
1462388758035	<WARNING 7ff525f63780> Unable to unlink file (stream.0.4.0):No such file or directory
1462388758039	<WARNING 7ff525f63780> Unable to unlink file (stream.0.5.0):No such file or directory
1462388758041	<WARNING 7ff525f63780> Unable to unlink file (stream.0.6.0):No such file or directory
1462388758043	<WARNING 7ff525f63780> Unable to unlink file (stream.0.7.0):No such file or directory
1462388758046	<WARNING 7ff525f63780> Unable to unlink file (stream.1.1.0):No such file or directory
1462388758048	<WARNING 7ff525f63780> Unable to unlink file (stream.1.2.0):No such file or directory
1462388758050	<WARNING 7ff525f63780> Unable to unlink file (stream.1.3.0):No such file or directory
1462388758053	<WARNING 7ff525f63780> Unable to unlink file (stream.1.4.0):No such file or directory
1462388758055	<WARNING 7ff525f63780> Unable to unlink file (stream.1.5.0):No such file or directory
1462388758057	<WARNING 7ff525f63780> Unable to unlink file (stream.1.6.0):No such file or directory
1462388758059	<WARNING 7ff525f63780> Unable to unlink file (stream.1.7.0):No such file or directory
1462388758062	<WARNING 7ff525f63780> Unable to unlink file (stream.2.0.0):No such file or directory
1462388758064	<WARNING 7ff525f63780> Unable to unlink file (stream.2.1.0):No such file or directory
1462388758066	<WARNING 7ff525f63780> Unable to unlink file (stream.2.2.0):No such file or directory
1462388758068	<WARNING 7ff525f63780> Unable to unlink file (stream.2.3.0):No such file or directory
1462388758070	<WARNING 7ff525f63780> Unable to unlink file (stream.2.4.0):No such file or directory
1462388758073	<WARNING 7ff525f63780> Unable to unlink file (stream.2.5.0):No such file or directory
1462388758075	<WARNING 7ff525f63780> Unable to unlink file (stream.2.6.0):No such file or directory
1462388758077	<WARNING 7ff525f63780> Unable to unlink file (stream.2.7.0):No such file or directory
1462388758079	<WARNING 7ff525f63780> Unable to unlink file (stream.3.0.0):No such file or directory
1462388758081	<WARNING 7ff525f63780> Unable to unlink file (stream.3.1.0):No such file or directory
1462388758085	<WARNING 7ff525f63780> Unable to unlink file (stream.3.2.0):No such file or directory
1462388758087	<WARNING 7ff525f63780> Unable to unlink file (stream.3.3.0):No such file or directory
1462388758089	<WARNING 7ff525f63780> Unable to unlink file (stream.3.4.0):No such file or directory
1462388758092	<WARNING 7ff525f63780> Unable to unlink file (stream.3.5.0):No such file or directory
1462388758094	<WARNING 7ff525f63780> Unable to unlink file (stream.3.6.0):No such file or directory
1462388758096	<WARNING 7ff525f63780> Unable to unlink file (stream.3.7.0):No such file or directory
1462388758099	<INFO 7ff525f63780> SLIPSTORE::ZMQ_THREADS 2
1462388758101	<INFO 7ff525f63780> SLIPSTORE::COMM Connecting to tcp://dco-node137-10g:5016
1462388758103	<INFO 7ff525f63780> SLIPSTORE::COMM Connecting to tcp://dco-node138-10g:5034
1462388758105	<INFO 7ff525f63780> SLIPSTORE::COMM Connecting to tcp://dco-node139-10g:5052
1462388758107	<INFO 7ff525f63780> SLIPSTORE::COMM Connecting to tcp://dco-node140-10g:5070
1462388758110	<INFO 7ff525f63780> SLIPSTORE::COMM Connecting to tcp://dco-node141-10g:5088
1462388758112	<INFO 7ff525f63780> SLIPSTORE::COMM Connecting to tcp://dco-node142-10g:5106
1462388758114	<INFO 7ff525f63780> SLIPSTORE::COMM Connecting to tcp://dco-node143-10g:5124
1462388758116	<INFO 7ff525f63780> SLIPSTORE::COMM Connecting to tcp://dco-node144-10g:5142
1462388758119	<INFO 7ff525f63780> SLIPSTORE::COMM Listening at tcp://p1p1:5116
1462388758121	<INFO 7ff525f63780> SLIPSTORE::COMM Listening at tcp://p1p1:5117
1462388758124	<INFO 7ff525f63780> SLIPSTORE::COMM Listening at tcp://p1p1:5118
1462388758126	<INFO 7ff525f63780> SLIPSTORE::COMM Listening at tcp://p1p1:5119
1462388758128	<INFO 7ff525f63780> SLIPSTORE::COMM Listening at tcp://p1p1:5120
1462388758130	<INFO 7ff525f63780> SLIPSTORE::COMM Listening at tcp://p1p1:5121
1462388758133	<INFO 7ff525f63780> SLIPSTORE::COMM Listening at ipc://client
1462388758137	<INFO 7ff525f63780> SLIPSTORE::COMM Listening at tcp://p1p1:5123
1462388758139	<INFO 7ff525f63780> SLIPSTORE::COMM Connecting to tcp://dco-node137-10g:5016
1462388758142	<INFO 7ff525f63780> SLIPSTORE::COMM Connecting to tcp://dco-node138-10g:5034
1462388758144	<INFO 7ff525f63780> SLIPSTORE::COMM Connecting to tcp://dco-node139-10g:5052
1462388758146	<INFO 7ff525f63780> SLIPSTORE::COMM Connecting to tcp://dco-node140-10g:5070
1462388758148	<INFO 7ff525f63780> SLIPSTORE::COMM Connecting to tcp://dco-node141-10g:5088
1462388758150	<INFO 7ff525f63780> SLIPSTORE::COMM Connecting to tcp://dco-node142-10g:5106
1462388758153	<INFO 7ff525f63780> SLIPSTORE::COMM Connecting to tcp://dco-node143-10g:5124
1462388758157	<INFO 7ff525f63780> SLIPSTORE::COMM Connecting to tcp://dco-node144-10g:5142
1462388758159	<INFO 7ff525f63780> SLIPSTORE::COMM Connecting to tcp://dco-node137-10g:5006
1462388758161	<INFO 7ff525f63780> SLIPSTORE::COMM Connecting to tcp://dco-node138-10g:5024
1462388758163	<INFO 7ff525f63780> SLIPSTORE::COMM Connecting to tcp://dco-node139-10g:5042
1462388758166	<INFO 7ff525f63780> SLIPSTORE::COMM Connecting to tcp://dco-node140-10g:5060
1462388758168	<INFO 7ff525f63780> SLIPSTORE::COMM Connecting to tcp://dco-node141-10g:5078
1462388758170	<INFO 7ff525f63780> SLIPSTORE::COMM Connecting to tcp://dco-node142-10g:5096
1462388758174	<INFO 7ff525f63780> SLIPSTORE::COMM Connecting to ipc://server
1462388758177	<INFO 7ff525f63780> SLIPSTORE::COMM Connecting to tcp://dco-node144-10g:5132
1462388758179	<INFO 7ff525f63780> SLIPSTORE::COMM Connecting to tcp://dco-node144-10g:5143
1462388758182	<INFO 7ff525f63780> SLIPSTORE::COMM Listening at tcp://p1p1:5125
1462388758184	<INFO 7ff525f63780> SLIPSTORE::COMM Connecting to tcp://dco-node143-10g:5124
1462388758186	<INFO 7ff525f63780> SLIPSTORE::HELP_POLICY NONE
1462388758188	<INFO 7ff525f63780> SLIPSTORE::SERVER ASYNC
1462388758191	<INFO 7ff525f63780> SLIPSTORE::MACHINES 8
1462388758193	<INFO 7ff525f63780> SLIPSTORE::ME 6
1462388758195	<INFO 7ff525f63780> SLIPSTORE::SLIPCHUNK 4194304
1462388758198	<INFO 7ff525f63780> SLIPSTORE::QUOTA 18446744073709551615
1462388758200	<INFO 7ff525f63780> SLIPSTORE::IO PAGECACHE
1462388758202	<INFO 7fd710bf4700> SLIPSTORE::COMM Listening at tcp://p1p1:5124
1462388758204	<INFO 7fd710bf4700> SLIPSTORE::COMM Listening at tcp://p1p1:5108
1462388758206	<INFO 7fd710bf4700> SLIPSTORE::COMM Connecting to tcp://dco-node137-10g:5014
1462388758209	<INFO 7fd710bf4700> SLIPSTORE::COMM Listening at tcp://p1p1:5109
1462388758211	<INFO 7fd710bf4700> SLIPSTORE::COMM Connecting to tcp://dco-node138-10g:5032
1462388758213	<INFO 7fd710bf4700> SLIPSTORE::COMM Listening at tcp://p1p1:5110
1462388758216	<INFO 7fd710bf4700> SLIPSTORE::COMM Connecting to tcp://dco-node139-10g:5050
1462388758218	<INFO 7fd710bf4700> SLIPSTORE::COMM Listening at tcp://p1p1:5111
1462388758221	<INFO 7fd710bf4700> SLIPSTORE::COMM Connecting to tcp://dco-node140-10g:5068
1462388758223	<INFO 7fd710bf4700> SLIPSTORE::COMM Listening at tcp://p1p1:5112
1462388758225	<INFO 7fd710bf4700> SLIPSTORE::COMM Connecting to tcp://dco-node141-10g:5086
1462388758228	<INFO 7fd710bf4700> SLIPSTORE::COMM Listening at tcp://p1p1:5113
1462388758230	<INFO 7fd710bf4700> SLIPSTORE::COMM Connecting to tcp://dco-node142-10g:5104
1462388758232	<INFO 7fd710bf4700> SLIPSTORE::COMM Listening at ipc://server
1462388758235	<INFO 7fd710bf4700> SLIPSTORE::COMM Connecting to ipc://client
1462388758237	<INFO 7fd710bf4700> SLIPSTORE::COMM Listening at tcp://p1p1:5115
1462388758242	<INFO 7fd710bf4700> SLIPSTORE::COMM Connecting to tcp://dco-node144-10g:5140
1462388759272	<INFO 7ff525f63780> SLIPSTORE::CHECKPOINTS NONE FOUND
1462388759274	<INFO 7ff525f63780> 2016-05-04 21:05:59 Start edge split
1462389021650	<INFO 7ff525f63780> 2016-05-04 21:10:21 Completed init
1462389024643	<INFO 7ff525f63780> 2016-05-04 21:10:24 Started gather
1462389026333	<INFO 7ff525f63780> 2016-05-04 21:10:26 Completed gather
1462389030728	<INFO 7ff525f63780> 2016-05-04 21:10:30 Started scatter
1462389100282	<INFO 7ff525f63780> 2016-05-04 21:11:40 Completed scatter
1462389102106	<INFO 7ff525f63780> 2016-05-04 21:11:42 Completed phase 1 Bytes read 26288945948 Bytes written 13407991892
1462389102135	<INFO 7ff525f63780> 2016-05-04 21:11:42 Started gather
1462389104068	<INFO 7ff525f63780> 2016-05-04 21:11:44 Completed gather
1462389108266	<INFO 7ff525f63780> 2016-05-04 21:11:48 Started scatter
1462389228882	<INFO 7ff525f63780> 2016-05-04 21:13:48 Completed scatter
1462389235160	<INFO 7ff525f63780> 2016-05-04 21:13:55 Completed phase 2 Bytes read 39696937840 Bytes written 18299796452
1462389235184	<INFO 7ff525f63780> 2016-05-04 21:13:55 Started gather
1462389260533	<INFO 7ff525f63780> 2016-05-04 21:14:20 Completed gather
1462389279241	<INFO 7ff525f63780> 2016-05-04 21:14:39 Started scatter
1462389393649	<INFO 7ff525f63780> 2016-05-04 21:16:33 Completed scatter
1462389394281	<INFO 7ff525f63780> 2016-05-04 21:16:34 Completed phase 3 Bytes read 57742545308 Bytes written 22376568876
1462389394301	<INFO 7ff525f63780> 2016-05-04 21:16:34 Started gather
1462389412260	<INFO 7ff525f63780> 2016-05-04 21:16:52 Completed gather
1462389432765	<INFO 7ff525f63780> 2016-05-04 21:17:12 Started scatter
1462389503457	<INFO 7ff525f63780> 2016-05-04 21:18:23 Completed scatter
1462389504314	<INFO 7ff525f63780> 2016-05-04 21:18:24 Completed phase 4 Bytes read 74973120640 Bytes written 22647566340
1462389504334	<INFO 7ff525f63780> 2016-05-04 21:18:24 Started gather
1462389506139	<INFO 7ff525f63780> 2016-05-04 21:18:26 Completed gather
1462389510499	<INFO 7ff525f63780> 2016-05-04 21:18:30 Started scatter
1462389581605	<INFO 7ff525f63780> 2016-05-04 21:19:41 Completed scatter
1462389582319	<INFO 7ff525f63780> 2016-05-04 21:19:42 Completed phase 5 Bytes read 88397921012 Bytes written 22897859220
1462389582341	<INFO 7ff525f63780> 2016-05-04 21:19:42 Started gather
1462389584159	<INFO 7ff525f63780> 2016-05-04 21:19:44 Completed gather
1462389588399	<INFO 7ff525f63780> 2016-05-04 21:19:48 Started scatter
1462389659183	<INFO 7ff525f63780> 2016-05-04 21:20:59 Completed scatter
1462389660393	<INFO 7ff525f63780> 2016-05-04 21:21:00 Completed phase 6 Bytes read 101802016800 Bytes written 23148100516
1462389660416	<INFO 7ff525f63780> 2016-05-04 21:21:00 Started gather
1462389662109	<INFO 7ff525f63780> 2016-05-04 21:21:02 Completed gather
1462389666320	<INFO 7ff525f63780> 2016-05-04 21:21:06 Started scatter
1462389735299	<INFO 7ff525f63780> 2016-05-04 21:22:15 Completed scatter
1462389738096	<INFO 7ff525f63780> 2016-05-04 21:22:18 Completed phase 7 Bytes read 115206061004 Bytes written 23398341668
1462389738098	<INFO 7ff525f63780> ALGORITHM::BFS::VERTICES_DISCOVERED 14612166
1462389738100	<INFO 7ff525f63780> ALGORITHM::BFS::EDGES_EXPLORED 1075287647
1462389738103	<INFO 7ff525f63780> CORE::PARTITIONS_PROCESSED 302
1462389738105	<INFO 7ff525f63780> CORE::BYTES::EDGES_STREAMED 10510533684
1462389738108	<INFO 7ff525f63780> CORE::BYTES::UPDATES_OUT 967627664
1462389738110	<INFO 7ff525f63780> CORE::BYTES::UPDATES_IN 1102617768
1462389738112	<INFO 7fd702ffd700> CORE::PARTITIONS_PROCESSED 393
1462389738115	<INFO 7fd702ffd700> CORE::BYTES::EDGES_STREAMED 10850270844
1462389738117	<INFO 7fd702ffd700> CORE::BYTES::UPDATES_OUT 1050137088
1462389738119	<INFO 7fd702ffd700> CORE::BYTES::UPDATES_IN 1071616352
1462389738121	<INFO 7fd6fbfff700> CORE::PARTITIONS_PROCESSED 49
1462389738123	<INFO 7fd6fbfff700> CORE::BYTES::EDGES_STREAMED 17356186716
1462389738126	<INFO 7fd6fbfff700> CORE::BYTES::UPDATES_OUT 1643806416
1462389738128	<INFO 7fd6fbfff700> CORE::BYTES::UPDATES_IN 1659256000
1462389738130	<INFO 7fd7027fc700> CORE::PARTITIONS_PROCESSED 272
1462389738133	<INFO 7fd700ff9700> CORE::PARTITIONS_PROCESSED 460
1462389738135	<INFO 7fd701ffb700> CORE::PARTITIONS_PROCESSED 373
1462389738138	<INFO 7fd7037fe700> CORE::PARTITIONS_PROCESSED 287
1462389738140	<INFO 7fd7027fc700> CORE::BYTES::EDGES_STREAMED 10715943456
1462389738142	<INFO 7fd7017fa700> CORE::PARTITIONS_PROCESSED 372
1462389738144	<INFO 7fd7027fc700> CORE::BYTES::UPDATES_OUT 1022852296
1462389738148	<INFO 7fd700ff9700> CORE::BYTES::EDGES_STREAMED 10531928436
1462389738150	<INFO 7fd7037fe700> CORE::BYTES::EDGES_STREAMED 10265959644
1462389738152	<INFO 7fd7027fc700> CORE::BYTES::UPDATES_IN 1017838784
1462389738154	<INFO 7fd701ffb700> CORE::BYTES::EDGES_STREAMED 10139554860
1462389738157	<INFO 7fd7017fa700> CORE::BYTES::EDGES_STREAMED 9954554652
1462389738159	<INFO 7fd700ff9700> CORE::BYTES::UPDATES_OUT 1018382376
1462389738161	<INFO 7fd700ff9700> CORE::BYTES::UPDATES_IN 977600552
1462389738164	<INFO 7fd7037fe700> CORE::BYTES::UPDATES_OUT 958236744
1462389738166	<INFO 7fd701ffb700> CORE::BYTES::UPDATES_OUT 977201120
1462389738168	<INFO 7fd7017fa700> CORE::BYTES::UPDATES_OUT 964057472
1462389738170	<INFO 7fd7037fe700> CORE::BYTES::UPDATES_IN 829903488
1462389738172	<INFO 7fd701ffb700> CORE::BYTES::UPDATES_IN 981265288
1462389738175	<INFO 7fd7017fa700> CORE::BYTES::UPDATES_IN 962202944
1462389738177	<INFO 7fd710bf4700> SLIPSTORE service is exiting
1462389738179	<INFO 7fd710bf4700> SLIPSTORE::HELP_OFFERS_RECVD 98
1462389738181	<INFO 7fd710bf4700> SLIPSTORE::HELP_OFFERS_ACCEPTED 0
1462389738183	<INFO 7fd710bf4700> SLIPSTORE::HELP_ACCEPTANCE_RATIO 0
1462389738185	<INFO 7fd710bf4700> SLIPSTORE::SERVER_BUSY_DISK  582.846 seconds
1462389738188	<INFO 7fd710bf4700> SLIPSTORE::SERVER_BUSY_MEM  0 seconds
1462389738190	<INFO 7fd710bf4700> SLIPSTORE::SERVER_TOTAL  980.037 seconds
1462389738192	<INFO 7ff525f63780> SLIPSTORE::CLIENT::DISK_READ_TIME  720.182 seconds
1462389738194	<INFO 7ff525f63780> SLIPSTORE::CLIENT::MEM_READ_TIME  0 seconds
1462389738197	<INFO 7ff525f63780> SLIPSTORE::CLIENT::DISK_BYTES_READ 115315511484
1462389738200	<INFO 7ff525f63780> SLIPSTORE::CLIENT::MEM_BYTES_READ 0
1462389738202	<INFO 7ff525f63780> SLIPSTORE::CLIENT::WRITE_TIME  166.832 seconds
1462389738204	<INFO 7ff525f63780> SLIPSTORE::CLIENT::BYTES_WRITTEN 14886831104
1462389738206	<INFO 7ff525f63780> SLIPSTORE::CLIENT_BUSY  887.006 seconds
1462389738209	<INFO 7ff525f63780> SLIPSTORE::IO::TIME 376.308 seconds
1462389738211	<INFO 7ff525f63780> SLIPSTORE::SNAP::TIME 0 seconds
1462389738214	<INFO 7ff525f63780> SLIPSTORE::MAX_DISK_USAGE_BYTES 17795366316
1462389738216	<INFO 7ff525f63780> CORE::RUSAGE::MAX_RSS_KB 125939432
1462389738218	<INFO 7ff525f63780> CORE::RUSAGE::MINFLT 87521981
1462389738220	<INFO 7ff525f63780> CORE::RUSAGE::MAJFLT 5
1462389738223	<INFO 7ff525f63780> CORE::RUSAGE::MAJFLT 5
1462389738225	<INFO 7ff525f63780> CORE::RUSAGE::INBLK 216733720
1462389738227	<INFO 7ff525f63780> CORE::RUSAGE::OUBLK 45705144
1462389738229	<INFO 7ff525f63780> CORE::UTILS::BYTES_READ 115206061004
1462389738232	<INFO 7ff525f63780> CORE::UTILS::BYTES_WRITTEN 23398341668
1462389738234	<INFO 7ff525f63780> CORE::UTILS::TILE_COPY_BYTES 3503376128
1462389738236	<INFO 7ff525f63780> CORE::TIME::IO_WAIT 718.578 seconds
1462389738238	<INFO 7ff525f63780> CORE::TIME_TILE_COPY 0 seconds
1462389738241	<INFO 7ff525f63780> CORE::TIME_TILE_MERGE 0 seconds
1462389738243	<INFO 7ff525f63780> CORE::TIME_PROCESSING_STOLEN 0 seconds
1462389738245	<INFO 7ff525f63780> CORE::TIME_MERGE_WAIT 0 seconds
1462389738247	<INFO 7ff525f63780> CORE::OTHER_TIME_ALL_MC_BARRIER 0 seconds
1462389738249	<INFO 7ff525f63780> CORE::SCATTER_TIME_ALL_MC_BARRIER 13.7848 seconds
1462389738251	<INFO 7ff525f63780> CORE::GATHER_TIME_ALL_MC_BARRIER 0.016246 seconds
1462389738254	<INFO 7ff525f63780> CORE::INIT_TIME_ALL_MC_BARRIER 15.2862 seconds
1462389738257	<INFO 7ff525f63780> CORE::SHUT_DOWN_TIME_ALL_MC_BARRIER 0.004309 seconds
1462389738259	<INFO 7ff525f63780> CORE::STREAM_SKIP_BEFORE_TIME_ALL_MC_BARRIER 2.19075 seconds
1462389738261	<INFO 7ff525f63780> CORE::TAKE_CHECKPOINT_BEFORE_TIME_ALL_MC_BARRIER 0 seconds
1462389738263	<INFO 7ff525f63780> CORE::TAKE_CHECKPOINT_COMPLETE_TIME_ALL_MC_BARRIER 0 seconds
1462389738266	<INFO 7ff525f63780> CORE::METADATA_WRITE_COMPLETE_TIME_ALL_MC_BARRIER 0 seconds
1462389738268	<INFO 7ff525f63780> CORE::STREAM_EOF_BEFORE_TIME_ALL_MC_BARRIER 0 seconds
1462389738270	<INFO 7ff525f63780> CORE::STREAM_EOF_AFTER_TIME_ALL_MC_BARRIER 0 seconds
1462389738272	<INFO 7ff525f63780> CORE::STATE_LOAD_TIME_ALL_MC_BARRIER 0 seconds
1462389738274	<INFO 7ff525f63780> CORE::STATE_STORE_TIME_ALL_MC_BARRIER 0 seconds
1462389738277	<INFO 7ff525f63780> CORE::PHASES 7
1462389738279	<INFO 7ff525f63780> CORE::TIME::SETUP 3.00097 seconds
1462389738281	<INFO 7ff525f63780> CORE::TIME::STATE_ITER 0.816467 seconds
1462389738283	<INFO 7ff525f63780> CORE::TIME::GATHER 115.026 seconds
1462389738286	<INFO 7ff525f63780> CORE::TIME::SCATTER 600.34 seconds
1462389738288	<INFO 7ff525f63780> CORE::TIME::WALL 981.828 seconds
1462389738290	<INFO 7ff525f63780> SHUTDOWN
