1463635778323	<INFO 7fb901bd6780> 2016-05-19 07:29:38 STARTUP
1463635778326	<INFO 7fb901bd6780> CORE::GRAPH rmat-28_s8
1463635778328	<INFO 7fb901bd6780> CORE::ALGORITHM pagerank
1463635778331	<INFO 7fb901bd6780> CORE::VERTEX_STRIPING ON
1463635778333	<INFO 7fb901bd6780> CORE::OPTIMIZED_STATE_LOAD_STORE OFF
1463635778335	<INFO 7fb901bd6780> CORE::BINARY_SEARCH_SUPER_PARTITION ON
1463635778338	<INFO 7fb901bd6780> CORE::SUPER_PARTITION_COMPUTED_FOR_EACH_SCATTER_GATHER_PHASE
1463635778340	<INFO 7fb901bd6780> CORE::EDGE_STRIPING ON
1463635778343	<INFO 7fb901bd6780> CORE::BATCH IO ON
1463635778345	<INFO 7fb901bd6780> CORE::GRID_PARTITIONING OFF
1463635778347	<INFO 7fb901bd6780> 2016-05-19 07:29:38 Blocking memory amount 126701535232
1463635885119	<INFO 7fb901bd6780> 2016-05-19 07:31:25 Done blocking memory
1463635885121	<INFO 7fb901bd6780> SG-DRIVER-ORIGINAL
1463635885125	<INFO 7fb901bd6780> 2016-05-19 07:31:25 START read config parameters
1463635885127	<INFO 7fb901bd6780> PARTITIONING::OLD 1
1463635885131	<INFO 7fb901bd6780> PARTITIONING::BALANCED_PARTITIONS 0
1463635885133	<INFO 7fb901bd6780> CORE::CONFIG::PROCESSORS 8
1463635885135	<INFO 7fb901bd6780> CORE::CONFIG::PHYSICAL_MEMORY 2147483648
1463635885138	<INFO 7fb901bd6780> CORE::CONFIG::VERTICES 268435456
1463635885140	<INFO 7fb901bd6780> CORE::CONFIG::VERTEX_SIZE 12
1463635885143	<INFO 7fb901bd6780> CORE::CONFIG::VERTEX_BUFFER 402653184
1463635885145	<INFO 7fb901bd6780> CORE::CONFIG::EDGES 536870912
1463635885147	<INFO 7fb901bd6780> CORE::CONFIG::PARTITIONS 64
1463635885150	<INFO 7fb901bd6780> CORE::CONFIG::FANOUT 64
1463635885152	<INFO 7fb901bd6780> CORE::CONFIG::SUPER_PARTITIONS 8
1463635885154	<INFO 7fb901bd6780> CORE::CONFIG::MACHINE_ID 4
1463635885157	<INFO 7fb901bd6780> CORE::CONFIG::TILES 1
1463635885160	<INFO 7fb901bd6780> CORE::CONFIG::BUFFER_SIZE 348964966
1463635885162	<INFO 7fb901bd6780> CORE::CONFIG::MAX_BUFFERS 4
1463635885164	<INFO 7fb901bd6780> CORE::CONFIG::MAX_STREAMS 4
1463635885167	<INFO 7fb901bd6780> CORE::CONFIG::SUM_OF_OUT_DEGREES_FOR_NEW_PARTITIONS::FIRST_CONSTRAINT 33554432
1463635885169	<INFO 7fb901bd6780> CORE::CONFIG::MAX_EDGES_PER_NEW_PARTITION::SECOND_CONSTRAINT 67108864
1463635885171	<INFO 7fb901bd6780> SLIPSTREAM::EXT_MEM_SHUFFLE OFF
1463635885174	<INFO 7fb901bd6780> 2016-05-19 07:31:25 END read config parameters
1463635886859	<WARNING 7fb901bd6780> Unable to unlink file (stream.0.0.0):No such file or directory
1463635886862	<WARNING 7fb901bd6780> Unable to unlink file (stream.0.1.0):No such file or directory
1463635886864	<WARNING 7fb901bd6780> Unable to unlink file (stream.0.2.0):No such file or directory
1463635886867	<WARNING 7fb901bd6780> Unable to unlink file (stream.0.3.0):No such file or directory
1463635886870	<WARNING 7fb901bd6780> Unable to unlink file (stream.0.4.0):No such file or directory
1463635886872	<WARNING 7fb901bd6780> Unable to unlink file (stream.0.5.0):No such file or directory
1463635886875	<WARNING 7fb901bd6780> Unable to unlink file (stream.0.6.0):No such file or directory
1463635886877	<WARNING 7fb901bd6780> Unable to unlink file (stream.0.7.0):No such file or directory
1463635886880	<WARNING 7fb901bd6780> Unable to unlink file (stream.1.1.0):No such file or directory
1463635886882	<WARNING 7fb901bd6780> Unable to unlink file (stream.1.2.0):No such file or directory
1463635886885	<WARNING 7fb901bd6780> Unable to unlink file (stream.1.3.0):No such file or directory
1463635886887	<WARNING 7fb901bd6780> Unable to unlink file (stream.1.4.0):No such file or directory
1463635886890	<WARNING 7fb901bd6780> Unable to unlink file (stream.1.5.0):No such file or directory
1463635886893	<WARNING 7fb901bd6780> Unable to unlink file (stream.1.6.0):No such file or directory
1463635886895	<WARNING 7fb901bd6780> Unable to unlink file (stream.1.7.0):No such file or directory
1463635886897	<WARNING 7fb901bd6780> Unable to unlink file (stream.2.0.0):No such file or directory
1463635886900	<WARNING 7fb901bd6780> Unable to unlink file (stream.2.1.0):No such file or directory
1463635886902	<WARNING 7fb901bd6780> Unable to unlink file (stream.2.2.0):No such file or directory
1463635886904	<WARNING 7fb901bd6780> Unable to unlink file (stream.2.3.0):No such file or directory
1463635886907	<WARNING 7fb901bd6780> Unable to unlink file (stream.2.4.0):No such file or directory
1463635886909	<WARNING 7fb901bd6780> Unable to unlink file (stream.2.5.0):No such file or directory
1463635886912	<WARNING 7fb901bd6780> Unable to unlink file (stream.2.6.0):No such file or directory
1463635886914	<WARNING 7fb901bd6780> Unable to unlink file (stream.2.7.0):No such file or directory
1463635886916	<WARNING 7fb901bd6780> Unable to unlink file (stream.3.0.0):No such file or directory
1463635886919	<WARNING 7fb901bd6780> Unable to unlink file (stream.3.1.0):No such file or directory
1463635886921	<WARNING 7fb901bd6780> Unable to unlink file (stream.3.2.0):No such file or directory
1463635886923	<WARNING 7fb901bd6780> Unable to unlink file (stream.3.3.0):No such file or directory
1463635886926	<WARNING 7fb901bd6780> Unable to unlink file (stream.3.4.0):No such file or directory
1463635886928	<WARNING 7fb901bd6780> Unable to unlink file (stream.3.5.0):No such file or directory
1463635886930	<WARNING 7fb901bd6780> Unable to unlink file (stream.3.6.0):No such file or directory
1463635886933	<WARNING 7fb901bd6780> Unable to unlink file (stream.3.7.0):No such file or directory
1463635886935	<INFO 7fb901bd6780> SLIPSTORE::ZMQ_THREADS 2
1463635886937	<INFO 7fb901bd6780> SLIPSTORE::COMM Connecting to tcp://dco-node137-10g:5016
1463635886940	<INFO 7fb901bd6780> SLIPSTORE::COMM Connecting to tcp://dco-node138-10g:5034
1463635886942	<INFO 7fb901bd6780> SLIPSTORE::COMM Connecting to tcp://dco-node139-10g:5052
1463635886945	<INFO 7fb901bd6780> SLIPSTORE::COMM Connecting to tcp://dco-node140-10g:5070
1463635886947	<INFO 7fb901bd6780> SLIPSTORE::COMM Connecting to tcp://dco-node141-10g:5088
1463635886949	<INFO 7fb901bd6780> SLIPSTORE::COMM Connecting to tcp://dco-node142-10g:5106
1463635886952	<INFO 7fb901bd6780> SLIPSTORE::COMM Connecting to tcp://dco-node143-10g:5124
1463635886954	<INFO 7fb901bd6780> SLIPSTORE::COMM Connecting to tcp://dco-node144-10g:5142
1463635886956	<INFO 7fb901bd6780> SLIPSTORE::COMM Listening at tcp://p1p1:5080
1463635886959	<INFO 7fb901bd6780> SLIPSTORE::COMM Listening at tcp://p1p1:5081
1463635886961	<INFO 7fb901bd6780> SLIPSTORE::COMM Listening at tcp://p1p1:5082
1463635886963	<INFO 7fb901bd6780> SLIPSTORE::COMM Listening at tcp://p1p1:5083
1463635886965	<INFO 7fb901bd6780> SLIPSTORE::COMM Listening at ipc://client
1463635886968	<INFO 7fb901bd6780> SLIPSTORE::COMM Listening at tcp://p1p1:5085
1463635886970	<INFO 7fb901bd6780> SLIPSTORE::COMM Listening at tcp://p1p1:5086
1463635886972	<INFO 7fb901bd6780> SLIPSTORE::COMM Listening at tcp://p1p1:5087
1463635886975	<INFO 7fb901bd6780> SLIPSTORE::COMM Connecting to tcp://dco-node137-10g:5016
1463635886978	<INFO 7fb901bd6780> SLIPSTORE::COMM Connecting to tcp://dco-node138-10g:5034
1463635886980	<INFO 7fb901bd6780> SLIPSTORE::COMM Connecting to tcp://dco-node139-10g:5052
1463635886983	<INFO 7fb901bd6780> SLIPSTORE::COMM Connecting to tcp://dco-node140-10g:5070
1463635886985	<INFO 7fb901bd6780> SLIPSTORE::COMM Connecting to tcp://dco-node141-10g:5088
1463635886987	<INFO 7fb901bd6780> SLIPSTORE::COMM Connecting to tcp://dco-node142-10g:5106
1463635886990	<INFO 7fb901bd6780> SLIPSTORE::COMM Connecting to tcp://dco-node143-10g:5124
1463635886992	<INFO 7fb901bd6780> SLIPSTORE::COMM Connecting to tcp://dco-node144-10g:5142
1463635886994	<INFO 7fb901bd6780> SLIPSTORE::COMM Connecting to tcp://dco-node137-10g:5004
1463635886997	<INFO 7fb901bd6780> SLIPSTORE::COMM Connecting to tcp://dco-node138-10g:5022
1463635886999	<INFO 7fb901bd6780> SLIPSTORE::COMM Connecting to tcp://dco-node139-10g:5040
1463635887002	<INFO 7fb901bd6780> SLIPSTORE::COMM Connecting to tcp://dco-node140-10g:5058
1463635887005	<INFO 7fb901bd6780> SLIPSTORE::COMM Connecting to ipc://server
1463635887007	<INFO 7fb901bd6780> SLIPSTORE::COMM Connecting to tcp://dco-node142-10g:5094
1463635887010	<INFO 7fb901bd6780> SLIPSTORE::COMM Connecting to tcp://dco-node143-10g:5112
1463635887012	<INFO 7fb901bd6780> SLIPSTORE::COMM Connecting to tcp://dco-node144-10g:5130
1463635887015	<INFO 7fb901bd6780> SLIPSTORE::COMM Connecting to tcp://dco-node142-10g:5107
1463635887017	<INFO 7fb901bd6780> SLIPSTORE::COMM Listening at tcp://p1p1:5089
1463635887020	<INFO 7fb901bd6780> SLIPSTORE::COMM Connecting to tcp://dco-node141-10g:5088
1463635887026	<INFO 7fb901bd6780> SLIPSTORE::HELP_POLICY NONE
1463635887028	<INFO 7fb901bd6780> SLIPSTORE::SERVER ASYNC
1463635887030	<INFO 7fb901bd6780> SLIPSTORE::MACHINES 8
1463635887032	<INFO 7fb901bd6780> SLIPSTORE::ME 4
1463635887036	<INFO 7fb901bd6780> SLIPSTORE::SLIPCHUNK 4194304
1463635887038	<INFO 7fb901bd6780> SLIPSTORE::QUOTA 18446744073709551615
1463635887041	<INFO 7fb901bd6780> SLIPSTORE::IO PAGECACHE
1463635887043	<INFO 7f9ae3fff700> SLIPSTORE::COMM Listening at tcp://p1p1:5088
1463635887046	<INFO 7f9ae3fff700> SLIPSTORE::COMM Listening at tcp://p1p1:5072
1463635887048	<INFO 7f9ae3fff700> SLIPSTORE::COMM Connecting to tcp://dco-node137-10g:5012
1463635887050	<INFO 7f9ae3fff700> SLIPSTORE::COMM Listening at tcp://p1p1:5073
1463635887052	<INFO 7f9ae3fff700> SLIPSTORE::COMM Connecting to tcp://dco-node138-10g:5030
1463635887055	<INFO 7f9ae3fff700> SLIPSTORE::COMM Listening at tcp://p1p1:5074
1463635887057	<INFO 7f9ae3fff700> SLIPSTORE::COMM Connecting to tcp://dco-node139-10g:5048
1463635887060	<INFO 7f9ae3fff700> SLIPSTORE::COMM Listening at tcp://p1p1:5075
1463635887062	<INFO 7f9ae3fff700> SLIPSTORE::COMM Connecting to tcp://dco-node140-10g:5066
1463635887064	<INFO 7f9ae3fff700> SLIPSTORE::COMM Listening at ipc://server
1463635887067	<INFO 7f9ae3fff700> SLIPSTORE::COMM Connecting to ipc://client
1463635887069	<INFO 7f9ae3fff700> SLIPSTORE::COMM Listening at tcp://p1p1:5077
1463635887071	<INFO 7f9ae3fff700> SLIPSTORE::COMM Connecting to tcp://dco-node142-10g:5102
1463635887074	<INFO 7f9ae3fff700> SLIPSTORE::COMM Listening at tcp://p1p1:5078
1463635887077	<INFO 7f9ae3fff700> SLIPSTORE::COMM Connecting to tcp://dco-node143-10g:5120
1463635887079	<INFO 7f9ae3fff700> SLIPSTORE::COMM Listening at tcp://p1p1:5079
1463635887083	<INFO 7f9ae3fff700> SLIPSTORE::COMM Connecting to tcp://dco-node144-10g:5138
1463635887842	<INFO 7fb901bd6780> SLIPSTORE::CHECKPOINTS NONE FOUND
1463635887844	<INFO 7fb901bd6780> 2016-05-19 07:31:27 Start edge split
1463635965379	<INFO 7fb901bd6780> 2016-05-19 07:32:45 Completed init
1463635967140	<INFO 7fb901bd6780> 2016-05-19 07:32:47 Started gather
1463635970553	<INFO 7fb901bd6780> 2016-05-19 07:32:50 Completed gather
1463635970726	<INFO 7fb901bd6780> 2016-05-19 07:32:50 Started scatter
1463635994037	<INFO 7fb901bd6780> 2016-05-19 07:33:14 Completed scatter
1463636015966	<INFO 7fb901bd6780> 2016-05-19 07:33:35 Completed phase 1 Bytes read 13552944432 Bytes written 7110493488
1463636019531	<INFO 7fb901bd6780> 2016-05-19 07:33:39 Started gather
1463636022978	<INFO 7fb901bd6780> 2016-05-19 07:33:42 Completed gather
1463636023172	<INFO 7fb901bd6780> 2016-05-19 07:33:43 Started gather
1463636078408	<INFO 7fb901bd6780> 2016-05-19 07:34:38 Completed gather
1463636133950	<INFO 7fb901bd6780> 2016-05-19 07:35:33 Completed phase 2 Bytes read 21066091104 Bytes written 12643536584
1463636139600	<INFO 7fb901bd6780> 2016-05-19 07:35:39 Started gather
1463636159033	<INFO 7fb901bd6780> 2016-05-19 07:35:59 Completed gather
1463636181788	<INFO 7fb901bd6780> 2016-05-19 07:36:21 Started scatter
1463636232319	<INFO 7fb901bd6780> 2016-05-19 07:37:12 Completed scatter
1463636282298	<INFO 7fb901bd6780> 2016-05-19 07:38:02 Completed phase 3 Bytes read 32904321320 Bytes written 17722306848
1463636285891	<INFO 7fb901bd6780> 2016-05-19 07:38:05 Started gather
1463636305396	<INFO 7fb901bd6780> 2016-05-19 07:38:25 Completed gather
1463636324991	<INFO 7fb901bd6780> 2016-05-19 07:38:44 Started scatter
1463636374923	<INFO 7fb901bd6780> 2016-05-19 07:39:34 Completed scatter
1463636426860	<INFO 7fb901bd6780> 2016-05-19 07:40:26 Completed phase 4 Bytes read 44690931888 Bytes written 22887089512
1463636430537	<INFO 7fb901bd6780> 2016-05-19 07:40:30 Started gather
1463636449717	<INFO 7fb901bd6780> 2016-05-19 07:40:49 Completed gather
1463636472997	<INFO 7fb901bd6780> 2016-05-19 07:41:12 Started scatter
1463636521689	<INFO 7fb901bd6780> 2016-05-19 07:42:01 Completed scatter
1463636574302	<INFO 7fb901bd6780> 2016-05-19 07:42:54 Completed phase 5 Bytes read 56563554856 Bytes written 28057582664
1463636577929	<INFO 7fb901bd6780> 2016-05-19 07:42:57 Started gather
1463636598279	<INFO 7fb901bd6780> 2016-05-19 07:43:18 Completed gather
1463636619594	<INFO 7fb901bd6780> 2016-05-19 07:43:39 Started scatter
1463636668970	<INFO 7fb901bd6780> 2016-05-19 07:44:28 Completed scatter
1463636720946	<INFO 7fb901bd6780> 2016-05-19 07:45:20 Completed phase 6 Bytes read 68441888312 Bytes written 33248177880
1463636725817	<INFO 7fb901bd6780> 2016-05-19 07:45:25 Started gather
1463636745353	<INFO 7fb901bd6780> 2016-05-19 07:45:45 Completed gather
1463636764387	<INFO 7fb901bd6780> 2016-05-19 07:46:04 Started scatter
1463636812550	<INFO 7fb901bd6780> 2016-05-19 07:46:52 Completed scatter
1463636867343	<INFO 7fb901bd6780> 2016-05-19 07:47:47 Completed phase 7 Bytes read 80340323832 Bytes written 38423171520
1463636867345	<INFO 7fb901bd6780> CORE::PARTITIONS_PROCESSED 248
1463636867349	<INFO 7fb901bd6780> CORE::BYTES::EDGES_STREAMED 5501949852
1463636867351	<INFO 7fb901bd6780> CORE::BYTES::UPDATES_OUT 3049087776
1463636867354	<INFO 7fb901bd6780> CORE::BYTES::UPDATES_IN 2744554728
1463636867357	<INFO 7f9ae1ffb700> CORE::PARTITIONS_PROCESSED 693
1463636867359	<INFO 7f9ae1ffb700> CORE::BYTES::EDGES_STREAMED 6152488800
1463636867362	<INFO 7f9ae1ffb700> CORE::BYTES::UPDATES_OUT 3611454152
1463636867364	<INFO 7f9ae1ffb700> CORE::BYTES::UPDATES_IN 3443494272
1463636867366	<INFO 7f9ad77fe700> CORE::PARTITIONS_PROCESSED 761
1463636867369	<INFO 7f9ae2ffd700> CORE::PARTITIONS_PROCESSED 530
1463636867371	<INFO 7f9ae2ffd700> CORE::BYTES::EDGES_STREAMED 5333909412
1463636867374	<INFO 7f9ae2ffd700> CORE::BYTES::UPDATES_OUT 3146002536
1463636867376	<INFO 7f9ad77fe700> CORE::BYTES::EDGES_STREAMED 9393802200
1463636867379	<INFO 7f9ae17fa700> CORE::PARTITIONS_PROCESSED 493
1463636867382	<INFO 7f9ad77fe700> CORE::BYTES::UPDATES_OUT 5269700272
1463636867384	<INFO 7f9ae2ffd700> CORE::BYTES::UPDATES_IN 2605795512
1463636867386	<INFO 7f9ae17fa700> CORE::BYTES::EDGES_STREAMED 6008769864
1463636867389	<INFO 7f9ad77fe700> CORE::BYTES::UPDATES_IN 3628826136
1463636867391	<INFO 7f9ae17fa700> CORE::BYTES::UPDATES_OUT 3435708496
1463636867394	<INFO 7f9ae0ff9700> CORE::PARTITIONS_PROCESSED 630
1463636867396	<INFO 7f9ae27fc700> CORE::PARTITIONS_PROCESSED 492
1463636867399	<INFO 7f9ae0ff9700> CORE::BYTES::EDGES_STREAMED 6020671932
1463636867401	<INFO 7f9ad7fff700> CORE::PARTITIONS_PROCESSED 633
1463636867403	<INFO 7f9ae17fa700> CORE::BYTES::UPDATES_IN 2925212672
1463636867406	<INFO 7f9ae27fc700> CORE::BYTES::EDGES_STREAMED 5390878512
1463636867408	<INFO 7f9ae0ff9700> CORE::BYTES::UPDATES_OUT 3482486536
1463636867411	<INFO 7f9ae27fc700> CORE::BYTES::UPDATES_OUT 3033549432
1463636867413	<INFO 7f9ad7fff700> CORE::BYTES::EDGES_STREAMED 6212970288
1463636867415	<INFO 7f9ae27fc700> CORE::BYTES::UPDATES_IN 2126319832
1463636867418	<INFO 7f9ad7fff700> CORE::BYTES::UPDATES_OUT 3552262720
1463636867420	<INFO 7f9ae0ff9700> CORE::BYTES::UPDATES_IN 3782411888
1463636867423	<INFO 7f9ad7fff700> CORE::BYTES::UPDATES_IN 2557748560
1463636867425	<INFO 7f9ae3fff700> SLIPSTORE service is exiting
1463636867427	<INFO 7f9ae3fff700> SLIPSTORE::HELP_OFFERS_RECVD 98
1463636867430	<INFO 7f9ae3fff700> SLIPSTORE::HELP_OFFERS_ACCEPTED 0
1463636867432	<INFO 7f9ae3fff700> SLIPSTORE::HELP_ACCEPTANCE_RATIO 0
1463636867434	<INFO 7f9ae3fff700> SLIPSTORE::SERVER_BUSY_DISK  652.049 seconds
1463636867437	<INFO 7f9ae3fff700> SLIPSTORE::SERVER_BUSY_MEM  0 seconds
1463636867439	<INFO 7f9ae3fff700> SLIPSTORE::SERVER_TOTAL  980.445 seconds
1463636867444	<INFO 7fb901bd6780> SLIPSTORE::CLIENT::DISK_READ_TIME  388.18 seconds
1463636867447	<INFO 7fb901bd6780> SLIPSTORE::CLIENT::MEM_READ_TIME  0 seconds
1463636867449	<INFO 7fb901bd6780> SLIPSTORE::CLIENT::DISK_BYTES_READ 88438559040
1463636867451	<INFO 7fb901bd6780> SLIPSTORE::CLIENT::MEM_BYTES_READ 0
1463636867454	<INFO 7fb901bd6780> SLIPSTORE::CLIENT::WRITE_TIME  147.424 seconds
1463636867456	<INFO 7fb901bd6780> SLIPSTORE::CLIENT::BYTES_WRITTEN 6039797760
1463636867458	<INFO 7fb901bd6780> SLIPSTORE::CLIENT_BUSY  535.605 seconds
1463636867461	<INFO 7fb901bd6780> SLIPSTORE::IO::TIME 444.633 seconds
1463636867464	<INFO 7fb901bd6780> SLIPSTORE::SNAP::TIME 0 seconds
1463636867466	<INFO 7fb901bd6780> SLIPSTORE::MAX_DISK_USAGE_BYTES 11093129152
1463636867468	<INFO 7fb901bd6780> CORE::RUSAGE::MAX_RSS_KB 125945984
1463636867471	<INFO 7fb901bd6780> CORE::RUSAGE::MINFLT 48115147
1463636867473	<INFO 7fb901bd6780> CORE::RUSAGE::MAJFLT 0
1463636867475	<INFO 7fb901bd6780> CORE::RUSAGE::MAJFLT 0
1463636867478	<INFO 7fb901bd6780> CORE::RUSAGE::INBLK 129889536
1463636867480	<INFO 7fb901bd6780> CORE::RUSAGE::OUBLK 75053672
1463636867482	<INFO 7fb901bd6780> CORE::UTILS::BYTES_READ 80340323832
1463636867485	<INFO 7fb901bd6780> CORE::UTILS::BYTES_WRITTEN 38423171520
1463636867487	<INFO 7fb901bd6780> CORE::UTILS::TILE_COPY_BYTES 8053063680
1463636867489	<INFO 7fb901bd6780> CORE::TIME::IO_WAIT 432.057 seconds
1463636867492	<INFO 7fb901bd6780> CORE::TIME_TILE_COPY 0 seconds
1463636867494	<INFO 7fb901bd6780> CORE::TIME_TILE_MERGE 0 seconds
1463636867497	<INFO 7fb901bd6780> CORE::TIME_PROCESSING_STOLEN 0 seconds
1463636867499	<INFO 7fb901bd6780> CORE::TIME_MERGE_WAIT 0 seconds
1463636867501	<INFO 7fb901bd6780> CORE::OTHER_TIME_ALL_MC_BARRIER 0 seconds
1463636867504	<INFO 7fb901bd6780> CORE::SCATTER_TIME_ALL_MC_BARRIER 278.663 seconds
1463636867506	<INFO 7fb901bd6780> CORE::GATHER_TIME_ALL_MC_BARRIER 55.0599 seconds
1463636867509	<INFO 7fb901bd6780> CORE::INIT_TIME_ALL_MC_BARRIER 1.79323 seconds
1463636867511	<INFO 7fb901bd6780> CORE::SHUT_DOWN_TIME_ALL_MC_BARRIER 0.003345 seconds
1463636867513	<INFO 7fb901bd6780> CORE::STREAM_SKIP_BEFORE_TIME_ALL_MC_BARRIER 2.40022 seconds
1463636867516	<INFO 7fb901bd6780> CORE::TAKE_CHECKPOINT_BEFORE_TIME_ALL_MC_BARRIER 0 seconds
1463636867518	<INFO 7fb901bd6780> CORE::TAKE_CHECKPOINT_COMPLETE_TIME_ALL_MC_BARRIER 0 seconds
1463636867520	<INFO 7fb901bd6780> CORE::METADATA_WRITE_COMPLETE_TIME_ALL_MC_BARRIER 0 seconds
1463636867523	<INFO 7fb901bd6780> CORE::STREAM_EOF_BEFORE_TIME_ALL_MC_BARRIER 0 seconds
1463636867525	<INFO 7fb901bd6780> CORE::STREAM_EOF_AFTER_TIME_ALL_MC_BARRIER 0 seconds
1463636867528	<INFO 7fb901bd6780> CORE::STATE_LOAD_TIME_ALL_MC_BARRIER 0 seconds
1463636867530	<INFO 7fb901bd6780> CORE::STATE_STORE_TIME_ALL_MC_BARRIER 0 seconds
1463636867532	<INFO 7fb901bd6780> CORE::WORK_STEALING_COST_GATHER 0 seconds
1463636867535	<INFO 7fb901bd6780> CORE::WORK_STEALING_COST_SCATTER 0 seconds
1463636867537	<INFO 7fb901bd6780> CORE::PHASES 7
1463636867540	<INFO 7fb901bd6780> CORE::TIME::SETUP 2.8419 seconds
1463636867542	<INFO 7fb901bd6780> CORE::TIME::INIT_PARTITIONS_TIME 77.5375 seconds
1463636867544	<INFO 7fb901bd6780> CORE::TIME::STATE_ITER 24.2301 seconds
1463636867546	<INFO 7fb901bd6780> CORE::TIME::GATHER 213.58 seconds
1463636867549	<INFO 7fb901bd6780> CORE::TIME::SCATTER 663.9 seconds
1463636867551	<INFO 7fb901bd6780> CORE::TIME::WALL 982.346 seconds
1463636867554	<INFO 7fb901bd6780> SHUTDOWN
