1456858420115	<INFO 7f5cb8f83740> 2016-03-01 19:53:40 STARTUP
1456858420119	<INFO 7f5cb8f83740> CORE::GRAPH rmat-29-und_s8
1456858420123	<INFO 7f5cb8f83740> CORE::ALGORITHM bfs
1456858420128	<INFO 7f5cb8f83740> CORE::VERTEX_STRIPING ON
1456858420132	<INFO 7f5cb8f83740> 2016-03-01 19:53:40 Blocking memory amount 126701535232
1456858528321	<INFO 7f5cb8f83740> 2016-03-01 19:55:28 Done blocking memory
1456858528326	<INFO 7f5cb8f83740> SG-DRIVER-ORIGINAL
1456858528329	<INFO 7f5cb8f83740> CORE::CONFIG::PROCESSORS 8
1456858528333	<INFO 7f5cb8f83740> CORE::CONFIG::PHYSICAL_MEMORY 2147483648
1456858528337	<INFO 7f5cb8f83740> CORE::CONFIG::VERTICES 536870912
1456858528340	<INFO 7f5cb8f83740> CORE::CONFIG::VERTEX_SIZE 8
1456858528344	<INFO 7f5cb8f83740> CORE::CONFIG::VERTEX_BUFFER 536870912
1456858528347	<INFO 7f5cb8f83740> CORE::CONFIG::EDGES 2147483648
1456858528351	<INFO 7f5cb8f83740> CORE::CONFIG::PARTITIONS 64
1456858528354	<INFO 7f5cb8f83740> CORE::CONFIG::FANOUT 64
1456858528358	<INFO 7f5cb8f83740> CORE::CONFIG::SUPER_PARTITIONS 8
1456858528362	<INFO 7f5cb8f83740> CORE::CONFIG::TILES 1
1456858528366	<INFO 7f5cb8f83740> CORE::CONFIG::BUFFER_SIZE 322121420
1456858528369	<INFO 7f5cb8f83740> CORE::CONFIG::MAX_BUFFERS 4
1456858528373	<INFO 7f5cb8f83740> CORE::CONFIG::MAX_STREAMS 4
1456858528377	<INFO 7f5cb8f83740> SLIPSTREAM::EXT_MEM_SHUFFLE OFF
1456858530154	<WARNING 7f5cb8f83740> Unable to unlink file (stream.0.0.0):No such file or directory
1456858530158	<WARNING 7f5cb8f83740> Unable to unlink file (stream.0.1.0):No such file or directory
1456858530162	<WARNING 7f5cb8f83740> Unable to unlink file (stream.0.2.0):No such file or directory
1456858530166	<WARNING 7f5cb8f83740> Unable to unlink file (stream.0.3.0):No such file or directory
1456858530169	<WARNING 7f5cb8f83740> Unable to unlink file (stream.0.4.0):No such file or directory
1456858530172	<WARNING 7f5cb8f83740> Unable to unlink file (stream.0.5.0):No such file or directory
1456858530175	<WARNING 7f5cb8f83740> Unable to unlink file (stream.0.6.0):No such file or directory
1456858530179	<WARNING 7f5cb8f83740> Unable to unlink file (stream.0.7.0):No such file or directory
1456858530183	<WARNING 7f5cb8f83740> Unable to unlink file (stream.1.1.0):No such file or directory
1456858530187	<WARNING 7f5cb8f83740> Unable to unlink file (stream.1.2.0):No such file or directory
1456858530191	<WARNING 7f5cb8f83740> Unable to unlink file (stream.1.3.0):No such file or directory
1456858530195	<WARNING 7f5cb8f83740> Unable to unlink file (stream.1.4.0):No such file or directory
1456858530198	<WARNING 7f5cb8f83740> Unable to unlink file (stream.1.5.0):No such file or directory
1456858530202	<WARNING 7f5cb8f83740> Unable to unlink file (stream.1.6.0):No such file or directory
1456858530206	<WARNING 7f5cb8f83740> Unable to unlink file (stream.1.7.0):No such file or directory
1456858530210	<WARNING 7f5cb8f83740> Unable to unlink file (stream.2.0.0):No such file or directory
1456858530213	<WARNING 7f5cb8f83740> Unable to unlink file (stream.2.1.0):No such file or directory
1456858530216	<WARNING 7f5cb8f83740> Unable to unlink file (stream.2.2.0):No such file or directory
1456858530219	<WARNING 7f5cb8f83740> Unable to unlink file (stream.2.3.0):No such file or directory
1456858530222	<WARNING 7f5cb8f83740> Unable to unlink file (stream.2.4.0):No such file or directory
1456858530225	<WARNING 7f5cb8f83740> Unable to unlink file (stream.2.5.0):No such file or directory
1456858530228	<WARNING 7f5cb8f83740> Unable to unlink file (stream.2.6.0):No such file or directory
1456858530231	<WARNING 7f5cb8f83740> Unable to unlink file (stream.2.7.0):No such file or directory
1456858530234	<WARNING 7f5cb8f83740> Unable to unlink file (stream.3.0.0):No such file or directory
1456858530237	<WARNING 7f5cb8f83740> Unable to unlink file (stream.3.1.0):No such file or directory
1456858530241	<WARNING 7f5cb8f83740> Unable to unlink file (stream.3.2.0):No such file or directory
1456858530243	<WARNING 7f5cb8f83740> Unable to unlink file (stream.3.3.0):No such file or directory
1456858530247	<WARNING 7f5cb8f83740> Unable to unlink file (stream.3.4.0):No such file or directory
1456858530250	<WARNING 7f5cb8f83740> Unable to unlink file (stream.3.5.0):No such file or directory
1456858530253	<WARNING 7f5cb8f83740> Unable to unlink file (stream.3.6.0):No such file or directory
1456858530256	<WARNING 7f5cb8f83740> Unable to unlink file (stream.3.7.0):No such file or directory
1456858530259	<INFO 7f5cb8f83740> SLIPSTORE::ZMQ_THREADS 2
1456858530262	<INFO 7f5cb8f83740> SLIPSTORE::COMM Connecting to tcp://dco-node137-10g:5016
1456858530265	<INFO 7f5cb8f83740> SLIPSTORE::COMM Connecting to tcp://dco-node138-10g:5034
1456858530268	<INFO 7f5cb8f83740> SLIPSTORE::COMM Connecting to tcp://dco-node139-10g:5052
1456858530271	<INFO 7f5cb8f83740> SLIPSTORE::COMM Connecting to tcp://dco-node140-10g:5070
1456858530274	<INFO 7f5cb8f83740> SLIPSTORE::COMM Connecting to tcp://dco-node141-10g:5088
1456858530277	<INFO 7f5cb8f83740> SLIPSTORE::COMM Connecting to tcp://dco-node142-10g:5106
1456858530280	<INFO 7f5cb8f83740> SLIPSTORE::COMM Connecting to tcp://dco-node143-10g:5124
1456858530282	<INFO 7f5cb8f83740> SLIPSTORE::COMM Connecting to tcp://dco-node144-10g:5142
1456858530285	<INFO 7f5cb8f83740> SLIPSTORE::COMM Listening at tcp://ens1f0:5134
1456858530288	<INFO 7f5cb8f83740> SLIPSTORE::COMM Listening at tcp://ens1f0:5135
1456858530291	<INFO 7f5cb8f83740> SLIPSTORE::COMM Listening at tcp://ens1f0:5136
1456858530294	<INFO 7f5cb8f83740> SLIPSTORE::COMM Listening at tcp://ens1f0:5137
1456858530297	<INFO 7f5cb8f83740> SLIPSTORE::COMM Listening at tcp://ens1f0:5138
1456858530300	<INFO 7f5cb8f83740> SLIPSTORE::COMM Listening at tcp://ens1f0:5139
1456858530303	<INFO 7f5cb8f83740> SLIPSTORE::COMM Listening at tcp://ens1f0:5140
1456858530305	<INFO 7f5cb8f83740> SLIPSTORE::COMM Listening at ipc://client
1456858530308	<INFO 7f5cb8f83740> SLIPSTORE::COMM Connecting to tcp://dco-node137-10g:5016
1456858530311	<INFO 7f5cb8f83740> SLIPSTORE::COMM Connecting to tcp://dco-node138-10g:5034
1456858530313	<INFO 7f5cb8f83740> SLIPSTORE::COMM Connecting to tcp://dco-node139-10g:5052
1456858530317	<INFO 7f5cb8f83740> SLIPSTORE::COMM Connecting to tcp://dco-node140-10g:5070
1456858530319	<INFO 7f5cb8f83740> SLIPSTORE::COMM Connecting to tcp://dco-node141-10g:5088
1456858530322	<INFO 7f5cb8f83740> SLIPSTORE::COMM Connecting to tcp://dco-node142-10g:5106
1456858530324	<INFO 7f5cb8f83740> SLIPSTORE::COMM Connecting to tcp://dco-node143-10g:5124
1456858530327	<INFO 7f5cb8f83740> SLIPSTORE::COMM Connecting to tcp://dco-node144-10g:5142
1456858530329	<INFO 7f5cb8f83740> SLIPSTORE::COMM Connecting to tcp://dco-node137-10g:5007
1456858530332	<INFO 7f5cb8f83740> SLIPSTORE::COMM Connecting to tcp://dco-node138-10g:5025
1456858530335	<INFO 7f5cb8f83740> SLIPSTORE::COMM Connecting to tcp://dco-node139-10g:5043
1456858530337	<INFO 7f5cb8f83740> SLIPSTORE::COMM Connecting to tcp://dco-node140-10g:5061
1456858530340	<INFO 7f5cb8f83740> SLIPSTORE::COMM Connecting to tcp://dco-node141-10g:5079
1456858530342	<INFO 7f5cb8f83740> SLIPSTORE::COMM Connecting to tcp://dco-node142-10g:5097
1456858530345	<INFO 7f5cb8f83740> SLIPSTORE::COMM Connecting to tcp://dco-node143-10g:5115
1456858530347	<INFO 7f5cb8f83740> SLIPSTORE::COMM Connecting to ipc://server
1456858530350	<INFO 7f5cb8f83740> SLIPSTORE::COMM Connecting to tcp://dco-node137-10g:5017
1456858530352	<INFO 7f5cb8f83740> SLIPSTORE::COMM Listening at tcp://ens1f0:5143
1456858530354	<INFO 7f5cb8f83740> SLIPSTORE::COMM Connecting to tcp://dco-node144-10g:5142
1456858530357	<INFO 7f5cb8f83740> SLIPSTORE::HELP_POLICY NONE
1456858530360	<INFO 7f5cb8f83740> SLIPSTORE::SERVER ASYNC
1456858530362	<INFO 7f5cb8f83740> SLIPSTORE::MACHINES 8
1456858530365	<INFO 7f5cb8f83740> SLIPSTORE::ME 7
1456858530368	<INFO 7f5cb8f83740> SLIPSTORE::SLIPCHUNK 4194304
1456858530371	<INFO 7f5cb8f83740> SLIPSTORE::QUOTA 18446744073709551615
1456858530374	<INFO 7f5cb8f83740> SLIPSTORE::IO PAGECACHE
1456858530377	<INFO 7f3e9abfa700> SLIPSTORE::COMM Listening at tcp://ens1f0:5142
1456858530379	<INFO 7f3e9abfa700> SLIPSTORE::COMM Listening at tcp://ens1f0:5126
1456858530382	<INFO 7f3e9abfa700> SLIPSTORE::COMM Connecting to tcp://dco-node137-10g:5015
1456858530385	<INFO 7f3e9abfa700> SLIPSTORE::COMM Listening at tcp://ens1f0:5127
1456858530388	<INFO 7f3e9abfa700> SLIPSTORE::COMM Connecting to tcp://dco-node138-10g:5033
1456858530390	<INFO 7f3e9abfa700> SLIPSTORE::COMM Listening at tcp://ens1f0:5128
1456858530393	<INFO 7f3e9abfa700> SLIPSTORE::COMM Connecting to tcp://dco-node139-10g:5051
1456858530395	<INFO 7f3e9abfa700> SLIPSTORE::COMM Listening at tcp://ens1f0:5129
1456858530398	<INFO 7f3e9abfa700> SLIPSTORE::COMM Connecting to tcp://dco-node140-10g:5069
1456858530401	<INFO 7f3e9abfa700> SLIPSTORE::COMM Listening at tcp://ens1f0:5130
1456858530403	<INFO 7f3e9abfa700> SLIPSTORE::COMM Connecting to tcp://dco-node141-10g:5087
1456858530406	<INFO 7f3e9abfa700> SLIPSTORE::COMM Listening at tcp://ens1f0:5131
1456858530408	<INFO 7f3e9abfa700> SLIPSTORE::COMM Connecting to tcp://dco-node142-10g:5105
1456858530411	<INFO 7f3e9abfa700> SLIPSTORE::COMM Listening at tcp://ens1f0:5132
1456858530414	<INFO 7f3e9abfa700> SLIPSTORE::COMM Connecting to tcp://dco-node143-10g:5123
1456858530416	<INFO 7f3e9abfa700> SLIPSTORE::COMM Listening at ipc://server
1456858530419	<INFO 7f3e9abfa700> SLIPSTORE::COMM Connecting to ipc://client
1456858530422	<INFO 7f5cb8f83740> SLIPSTORE::CHECKPOINTS NONE FOUND
1456858851642	<INFO 7f5cb8f83740> 2016-03-01 20:00:51 Completed init
1456859064332	<INFO 7f5cb8f83740> 2016-03-01 20:04:24 Completed phase 1 Bytes read 52420573636 Bytes written 26656666756
1456859446938	<INFO 7f5cb8f83740> 2016-03-01 20:10:46 Completed phase 2 Bytes read 79077240392 Bytes written 36344455284
1456859906971	<INFO 7f5cb8f83740> 2016-03-01 20:18:26 Completed phase 3 Bytes read 114878927868 Bytes written 44931623268
1456860197134	<INFO 7f5cb8f83740> 2016-03-01 20:23:17 Completed phase 4 Bytes read 149579994800 Bytes written 45511471708
1456860408870	<INFO 7f5cb8f83740> 2016-03-01 20:26:48 Completed phase 5 Bytes read 176273742188 Bytes written 46048451812
1456860617564	<INFO 7f5cb8f83740> 2016-03-01 20:30:17 Completed phase 6 Bytes read 202924621240 Bytes written 46585322948
1456860826182	<INFO 7f5cb8f83740> 2016-03-01 20:33:46 Completed phase 7 Bytes read 229575391324 Bytes written 47122193860
1456860826184	<INFO 7f5cb8f83740> ALGORITHM::BFS::VERTICES_DISCOVERED 16034947
1456860826187	<INFO 7f5cb8f83740> ALGORITHM::BFS::EDGES_EXPLORED 237474256
1456860826189	<INFO 7f5cb8f83740> CORE::PARTITIONS_PROCESSED 39
1456860826192	<INFO 7f5cb8f83740> CORE::BYTES::EDGES_STREAMED 1910289384
1456860826195	<INFO 7f5cb8f83740> CORE::BYTES::UPDATES_OUT 163642208
1456860826197	<INFO 7f5cb8f83740> CORE::BYTES::UPDATES_IN 183455184
1456860826200	<INFO 7f3e99bf8700> CORE::PARTITIONS_PROCESSED 74
1456860826202	<INFO 7f3e99bf8700> CORE::BYTES::EDGES_STREAMED 2309215248
1456860826204	<INFO 7f3e99bf8700> CORE::BYTES::UPDATES_OUT 237931968
1456860826207	<INFO 7f3e99bf8700> CORE::BYTES::UPDATES_IN 180388592
1456860826209	<INFO 7f3e8ffff700> CORE::PARTITIONS_PROCESSED 72
1456860826211	<INFO 7f3e8effd700> CORE::PARTITIONS_PROCESSED 92
1456860826214	<INFO 7f3e98bf6700> CORE::PARTITIONS_PROCESSED 102
1456860826216	<INFO 7f3e993f7700> CORE::PARTITIONS_PROCESSED 76
1456860826218	<INFO 7f3e8effd700> CORE::BYTES::EDGES_STREAMED 2292203460
1456860826221	<INFO 7f3e8f7fe700> CORE::PARTITIONS_PROCESSED 92
1456860826223	<INFO 7f3e98bf6700> CORE::BYTES::EDGES_STREAMED 2560840320
1456860826225	<INFO 7f3e8e7fc700> CORE::PARTITIONS_PROCESSED 113
1456860826227	<INFO 7f3e98bf6700> CORE::BYTES::UPDATES_OUT 247585688
1456860826230	<INFO 7f3e8f7fe700> CORE::BYTES::EDGES_STREAMED 2337246012
1456860826232	<INFO 7f3e8ffff700> CORE::BYTES::EDGES_STREAMED 2430600360
1456860826235	<INFO 7f3e8effd700> CORE::BYTES::UPDATES_OUT 228327848
1456860826237	<INFO 7f3e8f7fe700> CORE::BYTES::UPDATES_OUT 198557960
1456860826239	<INFO 7f3e98bf6700> CORE::BYTES::UPDATES_IN 235272984
1456860826242	<INFO 7f3e993f7700> CORE::BYTES::EDGES_STREAMED 1956361128
1456860826244	<INFO 7f3e8ffff700> CORE::BYTES::UPDATES_OUT 230153104
1456860826247	<INFO 7f3e8effd700> CORE::BYTES::UPDATES_IN 198783992
1456860826249	<INFO 7f3e993f7700> CORE::BYTES::UPDATES_OUT 172511256
1456860826251	<INFO 7f3e8f7fe700> CORE::BYTES::UPDATES_IN 240148696
1456860826254	<INFO 7f3e8e7fc700> CORE::BYTES::EDGES_STREAMED 4152375192
1456860826256	<INFO 7f3e8ffff700> CORE::BYTES::UPDATES_IN 226887584
1456860826258	<INFO 7f3e993f7700> CORE::BYTES::UPDATES_IN 210900544
1456860826261	<INFO 7f3e8e7fc700> CORE::BYTES::UPDATES_OUT 421084016
1456860826263	<INFO 7f3e8e7fc700> CORE::BYTES::UPDATES_IN 423956472
1456860826265	<INFO 7f3e9abfa700> SLIPSTORE service is exiting
1456860826268	<INFO 7f3e9abfa700> SLIPSTORE::HELP_OFFERS_RECVD 98
1456860826270	<INFO 7f3e9abfa700> SLIPSTORE::HELP_OFFERS_ACCEPTED 0
1456860826272	<INFO 7f3e9abfa700> SLIPSTORE::HELP_ACCEPTANCE_RATIO 0
1456860826275	<INFO 7f3e9abfa700> SLIPSTORE::SERVER_BUSY_DISK  1646.88 seconds
1456860826277	<INFO 7f3e9abfa700> SLIPSTORE::SERVER_BUSY_MEM  0 seconds
1456860826280	<INFO 7f3e9abfa700> SLIPSTORE::SERVER_TOTAL  2296 seconds
1456860826282	<INFO 7f5cb8f83740> SLIPSTORE::CLIENT::DISK_READ_TIME  409.616 seconds
1456860826284	<INFO 7f5cb8f83740> SLIPSTORE::CLIENT::MEM_READ_TIME  0 seconds
1456860826287	<INFO 7f5cb8f83740> SLIPSTORE::CLIENT::DISK_BYTES_READ 55038428220
1456860826289	<INFO 7f5cb8f83740> SLIPSTORE::CLIENT::MEM_BYTES_READ 0
1456860826292	<INFO 7f5cb8f83740> SLIPSTORE::CLIENT::WRITE_TIME  197.343 seconds
1456860826295	<INFO 7f5cb8f83740> SLIPSTORE::CLIENT::BYTES_WRITTEN 4294967296
1456860826297	<INFO 7f5cb8f83740> SLIPSTORE::CLIENT_BUSY  606.959 seconds
1456860826301	<INFO 7f5cb8f83740> SLIPSTORE::IO::TIME 1451.65 seconds
1456860826303	<INFO 7f5cb8f83740> SLIPSTORE::SNAP::TIME 0 seconds
1456860826306	<INFO 7f5cb8f83740> SLIPSTORE::MAX_DISK_USAGE_BYTES 35264816564
1456860826308	<INFO 7f5cb8f83740> CORE::RUSAGE::MAX_RSS_KB 125950868
1456860826311	<INFO 7f5cb8f83740> CORE::RUSAGE::MINFLT 32382469
1456860826313	<INFO 7f5cb8f83740> CORE::RUSAGE::MAJFLT 8
1456860826316	<INFO 7f5cb8f83740> CORE::RUSAGE::MAJFLT 8
1456860826318	<INFO 7f5cb8f83740> CORE::RUSAGE::INBLK 434356920
1456860826320	<INFO 7f5cb8f83740> CORE::RUSAGE::OUBLK 92041984
1456860826323	<INFO 7f5cb8f83740> CORE::UTILS::BYTES_READ 229575391324
1456860826325	<INFO 7f5cb8f83740> CORE::UTILS::BYTES_WRITTEN 47122193860
1456860826328	<INFO 7f5cb8f83740> CORE::UTILS::TILE_COPY_BYTES 7516192768
1456860826330	<INFO 7f5cb8f83740> CORE::TIME::IO_WAIT 561.523 seconds
1456860826333	<INFO 7f5cb8f83740> CORE::TIME_TILE_COPY 0 seconds
1456860826336	<INFO 7f5cb8f83740> CORE::TIME_TILE_MERGE 0 seconds
1456860826339	<INFO 7f5cb8f83740> CORE::TIME_PROCESSING_STOLEN 0 seconds
1456860826342	<INFO 7f5cb8f83740> CORE::TIME_MERGE_WAIT 0 seconds
1456860826344	<INFO 7f5cb8f83740> CORE::TIME_ALL_MC_BARRIER 1566.89 seconds
1456860826347	<INFO 7f5cb8f83740> CORE::PHASES 7
1456860826349	<INFO 7f5cb8f83740> CORE::TIME::SETUP 2.0494 seconds
1456860826352	<INFO 7f5cb8f83740> CORE::TIME::WALL 2297.87 seconds
1456860826354	<INFO 7f5cb8f83740> SHUTDOWN
