1456858420108	<INFO 7f56c6135740> 2016-03-01 19:53:40 STARTUP
1456858420111	<INFO 7f56c6135740> CORE::GRAPH rmat-29-und_s8
1456858420115	<INFO 7f56c6135740> CORE::ALGORITHM bfs
1456858420119	<INFO 7f56c6135740> CORE::VERTEX_STRIPING ON
1456858420123	<INFO 7f56c6135740> 2016-03-01 19:53:40 Blocking memory amount 126701535232
1456858527262	<INFO 7f56c6135740> 2016-03-01 19:55:27 Done blocking memory
1456858527266	<INFO 7f56c6135740> SG-DRIVER-ORIGINAL
1456858527269	<INFO 7f56c6135740> CORE::CONFIG::PROCESSORS 8
1456858527273	<INFO 7f56c6135740> CORE::CONFIG::PHYSICAL_MEMORY 2147483648
1456858527277	<INFO 7f56c6135740> CORE::CONFIG::VERTICES 536870912
1456858527281	<INFO 7f56c6135740> CORE::CONFIG::VERTEX_SIZE 8
1456858527284	<INFO 7f56c6135740> CORE::CONFIG::VERTEX_BUFFER 536870912
1456858527288	<INFO 7f56c6135740> CORE::CONFIG::EDGES 2147483648
1456858527292	<INFO 7f56c6135740> CORE::CONFIG::PARTITIONS 64
1456858527296	<INFO 7f56c6135740> CORE::CONFIG::FANOUT 64
1456858527300	<INFO 7f56c6135740> CORE::CONFIG::SUPER_PARTITIONS 8
1456858527304	<INFO 7f56c6135740> CORE::CONFIG::TILES 1
1456858527308	<INFO 7f56c6135740> CORE::CONFIG::BUFFER_SIZE 322121420
1456858527312	<INFO 7f56c6135740> CORE::CONFIG::MAX_BUFFERS 4
1456858527316	<INFO 7f56c6135740> CORE::CONFIG::MAX_STREAMS 4
1456858527319	<INFO 7f56c6135740> SLIPSTREAM::EXT_MEM_SHUFFLE OFF
1456858529063	<WARNING 7f56c6135740> Unable to unlink file (stream.0.0.0):No such file or directory
1456858529067	<WARNING 7f56c6135740> Unable to unlink file (stream.0.1.0):No such file or directory
1456858529071	<WARNING 7f56c6135740> Unable to unlink file (stream.0.2.0):No such file or directory
1456858529075	<WARNING 7f56c6135740> Unable to unlink file (stream.0.3.0):No such file or directory
1456858529078	<WARNING 7f56c6135740> Unable to unlink file (stream.0.4.0):No such file or directory
1456858529083	<WARNING 7f56c6135740> Unable to unlink file (stream.0.5.0):No such file or directory
1456858529087	<WARNING 7f56c6135740> Unable to unlink file (stream.0.6.0):No such file or directory
1456858529090	<WARNING 7f56c6135740> Unable to unlink file (stream.0.7.0):No such file or directory
1456858529094	<WARNING 7f56c6135740> Unable to unlink file (stream.1.1.0):No such file or directory
1456858529099	<WARNING 7f56c6135740> Unable to unlink file (stream.1.2.0):No such file or directory
1456858529103	<WARNING 7f56c6135740> Unable to unlink file (stream.1.3.0):No such file or directory
1456858529106	<WARNING 7f56c6135740> Unable to unlink file (stream.1.4.0):No such file or directory
1456858529111	<WARNING 7f56c6135740> Unable to unlink file (stream.1.5.0):No such file or directory
1456858529115	<WARNING 7f56c6135740> Unable to unlink file (stream.1.6.0):No such file or directory
1456858529119	<WARNING 7f56c6135740> Unable to unlink file (stream.1.7.0):No such file or directory
1456858529123	<WARNING 7f56c6135740> Unable to unlink file (stream.2.0.0):No such file or directory
1456858529126	<WARNING 7f56c6135740> Unable to unlink file (stream.2.1.0):No such file or directory
1456858529130	<WARNING 7f56c6135740> Unable to unlink file (stream.2.2.0):No such file or directory
1456858529134	<WARNING 7f56c6135740> Unable to unlink file (stream.2.3.0):No such file or directory
1456858529138	<WARNING 7f56c6135740> Unable to unlink file (stream.2.4.0):No such file or directory
1456858529141	<WARNING 7f56c6135740> Unable to unlink file (stream.2.5.0):No such file or directory
1456858529144	<WARNING 7f56c6135740> Unable to unlink file (stream.2.6.0):No such file or directory
1456858529148	<WARNING 7f56c6135740> Unable to unlink file (stream.2.7.0):No such file or directory
1456858529151	<WARNING 7f56c6135740> Unable to unlink file (stream.3.0.0):No such file or directory
1456858529155	<WARNING 7f56c6135740> Unable to unlink file (stream.3.1.0):No such file or directory
1456858529158	<WARNING 7f56c6135740> Unable to unlink file (stream.3.2.0):No such file or directory
1456858529161	<WARNING 7f56c6135740> Unable to unlink file (stream.3.3.0):No such file or directory
1456858529164	<WARNING 7f56c6135740> Unable to unlink file (stream.3.4.0):No such file or directory
1456858529168	<WARNING 7f56c6135740> Unable to unlink file (stream.3.5.0):No such file or directory
1456858529171	<WARNING 7f56c6135740> Unable to unlink file (stream.3.6.0):No such file or directory
1456858529175	<WARNING 7f56c6135740> Unable to unlink file (stream.3.7.0):No such file or directory
1456858529179	<INFO 7f56c6135740> SLIPSTORE::ZMQ_THREADS 2
1456858529183	<INFO 7f56c6135740> SLIPSTORE::COMM Connecting to tcp://dco-node137-10g:5016
1456858529186	<INFO 7f56c6135740> SLIPSTORE::COMM Connecting to tcp://dco-node138-10g:5034
1456858529190	<INFO 7f56c6135740> SLIPSTORE::COMM Connecting to tcp://dco-node139-10g:5052
1456858529193	<INFO 7f56c6135740> SLIPSTORE::COMM Connecting to tcp://dco-node140-10g:5070
1456858529195	<INFO 7f56c6135740> SLIPSTORE::COMM Connecting to tcp://dco-node141-10g:5088
1456858529198	<INFO 7f56c6135740> SLIPSTORE::COMM Connecting to tcp://dco-node142-10g:5106
1456858529201	<INFO 7f56c6135740> SLIPSTORE::COMM Connecting to tcp://dco-node143-10g:5124
1456858529204	<INFO 7f56c6135740> SLIPSTORE::COMM Connecting to tcp://dco-node144-10g:5142
1456858529207	<INFO 7f56c6135740> SLIPSTORE::COMM Listening at tcp://ens1f0:5098
1456858529210	<INFO 7f56c6135740> SLIPSTORE::COMM Listening at tcp://ens1f0:5099
1456858529213	<INFO 7f56c6135740> SLIPSTORE::COMM Listening at tcp://ens1f0:5100
1456858529217	<INFO 7f56c6135740> SLIPSTORE::COMM Listening at tcp://ens1f0:5101
1456858529220	<INFO 7f56c6135740> SLIPSTORE::COMM Listening at tcp://ens1f0:5102
1456858529223	<INFO 7f56c6135740> SLIPSTORE::COMM Listening at ipc://client
1456858529227	<INFO 7f56c6135740> SLIPSTORE::COMM Listening at tcp://ens1f0:5104
1456858529230	<INFO 7f56c6135740> SLIPSTORE::COMM Listening at tcp://ens1f0:5105
1456858529233	<INFO 7f56c6135740> SLIPSTORE::COMM Connecting to tcp://dco-node137-10g:5016
1456858529236	<INFO 7f56c6135740> SLIPSTORE::COMM Connecting to tcp://dco-node138-10g:5034
1456858529240	<INFO 7f56c6135740> SLIPSTORE::COMM Connecting to tcp://dco-node139-10g:5052
1456858529243	<INFO 7f56c6135740> SLIPSTORE::COMM Connecting to tcp://dco-node140-10g:5070
1456858529246	<INFO 7f56c6135740> SLIPSTORE::COMM Connecting to tcp://dco-node141-10g:5088
1456858529248	<INFO 7f56c6135740> SLIPSTORE::COMM Connecting to tcp://dco-node142-10g:5106
1456858529250	<INFO 7f56c6135740> SLIPSTORE::COMM Connecting to tcp://dco-node143-10g:5124
1456858529253	<INFO 7f56c6135740> SLIPSTORE::COMM Connecting to tcp://dco-node144-10g:5142
1456858529255	<INFO 7f56c6135740> SLIPSTORE::COMM Connecting to tcp://dco-node137-10g:5005
1456858529258	<INFO 7f56c6135740> SLIPSTORE::COMM Connecting to tcp://dco-node138-10g:5023
1456858529260	<INFO 7f56c6135740> SLIPSTORE::COMM Connecting to tcp://dco-node139-10g:5041
1456858529263	<INFO 7f56c6135740> SLIPSTORE::COMM Connecting to tcp://dco-node140-10g:5059
1456858529266	<INFO 7f56c6135740> SLIPSTORE::COMM Connecting to tcp://dco-node141-10g:5077
1456858529271	<INFO 7f56c6135740> SLIPSTORE::COMM Connecting to ipc://server
1456858529274	<INFO 7f56c6135740> SLIPSTORE::COMM Connecting to tcp://dco-node143-10g:5113
1456858529276	<INFO 7f56c6135740> SLIPSTORE::COMM Connecting to tcp://dco-node144-10g:5131
1456858529281	<INFO 7f56c6135740> SLIPSTORE::COMM Connecting to tcp://dco-node143-10g:5125
1456858529283	<INFO 7f56c6135740> SLIPSTORE::COMM Listening at tcp://ens1f0:5107
1456858529286	<INFO 7f56c6135740> SLIPSTORE::COMM Connecting to tcp://dco-node142-10g:5106
1456858529289	<INFO 7f56c6135740> SLIPSTORE::HELP_POLICY NONE
1456858529291	<INFO 7f56c6135740> SLIPSTORE::SERVER ASYNC
1456858529294	<INFO 7f56c6135740> SLIPSTORE::MACHINES 8
1456858529298	<INFO 7f56c6135740> SLIPSTORE::ME 5
1456858529302	<INFO 7f56c6135740> SLIPSTORE::SLIPCHUNK 4194304
1456858529307	<INFO 7f56c6135740> SLIPSTORE::QUOTA 18446744073709551615
1456858529309	<INFO 7f56c6135740> SLIPSTORE::IO PAGECACHE
1456858529312	<INFO 7f38a7bfe700> SLIPSTORE::COMM Listening at tcp://ens1f0:5106
1456858529315	<INFO 7f38a7bfe700> SLIPSTORE::COMM Listening at tcp://ens1f0:5090
1456858529317	<INFO 7f38a7bfe700> SLIPSTORE::COMM Connecting to tcp://dco-node137-10g:5013
1456858529320	<INFO 7f38a7bfe700> SLIPSTORE::COMM Listening at tcp://ens1f0:5091
1456858529323	<INFO 7f38a7bfe700> SLIPSTORE::COMM Connecting to tcp://dco-node138-10g:5031
1456858529326	<INFO 7f38a7bfe700> SLIPSTORE::COMM Listening at tcp://ens1f0:5092
1456858529330	<INFO 7f38a7bfe700> SLIPSTORE::COMM Connecting to tcp://dco-node139-10g:5049
1456858529334	<INFO 7f38a7bfe700> SLIPSTORE::COMM Listening at tcp://ens1f0:5093
1456858529337	<INFO 7f38a7bfe700> SLIPSTORE::COMM Connecting to tcp://dco-node140-10g:5067
1456858529341	<INFO 7f38a7bfe700> SLIPSTORE::COMM Listening at tcp://ens1f0:5094
1456858529344	<INFO 7f38a7bfe700> SLIPSTORE::COMM Connecting to tcp://dco-node141-10g:5085
1456858529347	<INFO 7f38a7bfe700> SLIPSTORE::COMM Listening at ipc://server
1456858529351	<INFO 7f38a7bfe700> SLIPSTORE::COMM Connecting to ipc://client
1456858529355	<INFO 7f38a7bfe700> SLIPSTORE::COMM Listening at tcp://ens1f0:5096
1456858529358	<INFO 7f38a7bfe700> SLIPSTORE::COMM Connecting to tcp://dco-node143-10g:5121
1456858529362	<INFO 7f38a7bfe700> SLIPSTORE::COMM Listening at tcp://ens1f0:5097
1456858529365	<INFO 7f38a7bfe700> SLIPSTORE::COMM Connecting to tcp://dco-node144-10g:5139
1456858530359	<INFO 7f56c6135740> SLIPSTORE::CHECKPOINTS NONE FOUND
1456858851643	<INFO 7f56c6135740> 2016-03-01 20:00:51 Completed init
1456859064331	<INFO 7f56c6135740> 2016-03-01 20:04:24 Completed phase 1 Bytes read 52519215316 Bytes written 26755680036
1456859446937	<INFO 7f56c6135740> 2016-03-01 20:10:46 Completed phase 2 Bytes read 79274895352 Bytes written 36587877132
1456859906970	<INFO 7f56c6135740> 2016-03-01 20:18:26 Completed phase 3 Bytes read 115319633076 Bytes written 45014534996
1456860197134	<INFO 7f56c6135740> 2016-03-01 20:23:17 Completed phase 4 Bytes read 149958831568 Bytes written 45593009084
1456860408870	<INFO 7f56c6135740> 2016-03-01 20:26:48 Completed phase 5 Bytes read 176749846284 Bytes written 46129988156
1456860617564	<INFO 7f56c6135740> 2016-03-01 20:30:17 Completed phase 6 Bytes read 203499365984 Bytes written 46666859316
1456860826181	<INFO 7f56c6135740> 2016-03-01 20:33:46 Completed phase 7 Bytes read 230248777772 Bytes written 47203730228
1456860826184	<INFO 7f56c6135740> ALGORITHM::BFS::VERTICES_DISCOVERED 24260697
1456860826186	<INFO 7f56c6135740> ALGORITHM::BFS::EDGES_EXPLORED 752001157
1456860826188	<INFO 7f56c6135740> CORE::PARTITIONS_PROCESSED 85
1456860826191	<INFO 7f56c6135740> CORE::BYTES::EDGES_STREAMED 6092495724
1456860826193	<INFO 7f56c6135740> CORE::BYTES::UPDATES_OUT 571090160
1456860826196	<INFO 7f56c6135740> CORE::BYTES::UPDATES_IN 723918536
1456860826198	<INFO 7f389bfff700> CORE::PARTITIONS_PROCESSED 210
1456860826200	<INFO 7f389bfff700> CORE::BYTES::EDGES_STREAMED 7502865084
1456860826203	<INFO 7f389bfff700> CORE::BYTES::UPDATES_OUT 678193536
1456860826205	<INFO 7f389bfff700> CORE::BYTES::UPDATES_IN 1046316944
1456860826207	<INFO 7f389b7fe700> CORE::PARTITIONS_PROCESSED 254
1456860826209	<INFO 7f389b7fe700> CORE::BYTES::EDGES_STREAMED 13388385768
1456860826212	<INFO 7f389b7fe700> CORE::BYTES::UPDATES_OUT 1251870904
1456860826214	<INFO 7f389b7fe700> CORE::BYTES::UPDATES_IN 1007494280
1456860826216	<INFO 7f38a5bfa700> CORE::PARTITIONS_PROCESSED 228
1456860826219	<INFO 7f38a6bfc700> CORE::PARTITIONS_PROCESSED 172
1456860826221	<INFO 7f38a63fb700> CORE::PARTITIONS_PROCESSED 172
1456860826223	<INFO 7f38a6bfc700> CORE::BYTES::EDGES_STREAMED 7079321652
1456860826225	<INFO 7f38a5bfa700> CORE::BYTES::EDGES_STREAMED 7660521204
1456860826228	<INFO 7f38a5bfa700> CORE::BYTES::UPDATES_OUT 752533072
1456860826230	<INFO 7f38a6bfc700> CORE::BYTES::UPDATES_OUT 682686120
1456860826232	<INFO 7f38a63fb700> CORE::BYTES::EDGES_STREAMED 6475630932
1456860826235	<INFO 7f38a5bfa700> CORE::BYTES::UPDATES_IN 626948904
1456860826237	<INFO 7f38a63fb700> CORE::BYTES::UPDATES_OUT 632494088
1456860826239	<INFO 7f38a6bfc700> CORE::BYTES::UPDATES_IN 639718624
1456860826242	<INFO 7f38a63fb700> CORE::BYTES::UPDATES_IN 623770064
1456860826244	<INFO 7f38a4bf8700> CORE::PARTITIONS_PROCESSED 210
1456860826246	<INFO 7f38a4bf8700> CORE::BYTES::EDGES_STREAMED 7536644796
1456860826248	<INFO 7f38a4bf8700> CORE::BYTES::UPDATES_OUT 728004160
1456860826251	<INFO 7f38a53f9700> CORE::PARTITIONS_PROCESSED 163
1456860826253	<INFO 7f38a4bf8700> CORE::BYTES::UPDATES_IN 629417968
1456860826255	<INFO 7f38a53f9700> CORE::BYTES::EDGES_STREAMED 7433807028
1456860826258	<INFO 7f38a53f9700> CORE::BYTES::UPDATES_OUT 719137216
1456860826260	<INFO 7f38a53f9700> CORE::BYTES::UPDATES_IN 718423936
1456860826262	<INFO 7f38a7bfe700> SLIPSTORE service is exiting
1456860826264	<INFO 7f38a7bfe700> SLIPSTORE::HELP_OFFERS_RECVD 98
1456860826267	<INFO 7f38a7bfe700> SLIPSTORE::HELP_OFFERS_ACCEPTED 0
1456860826269	<INFO 7f38a7bfe700> SLIPSTORE::HELP_ACCEPTANCE_RATIO 0
1456860826271	<INFO 7f38a7bfe700> SLIPSTORE::SERVER_BUSY_DISK  1647.6 seconds
1456860826274	<INFO 7f38a7bfe700> SLIPSTORE::SERVER_BUSY_MEM  0 seconds
1456860826276	<INFO 7f38a7bfe700> SLIPSTORE::SERVER_TOTAL  2297.09 seconds
1456860826278	<INFO 7f56c6135740> SLIPSTORE::CLIENT::DISK_READ_TIME  668.741 seconds
1456860826281	<INFO 7f56c6135740> SLIPSTORE::CLIENT::MEM_READ_TIME  0 seconds
1456860826283	<INFO 7f56c6135740> SLIPSTORE::CLIENT::DISK_BYTES_READ 103012767264
1456860826285	<INFO 7f56c6135740> SLIPSTORE::CLIENT::MEM_BYTES_READ 0
1456860826287	<INFO 7f56c6135740> SLIPSTORE::CLIENT::WRITE_TIME  230.019 seconds
1456860826290	<INFO 7f56c6135740> SLIPSTORE::CLIENT::BYTES_WRITTEN 4294967296
1456860826292	<INFO 7f56c6135740> SLIPSTORE::CLIENT_BUSY  898.76 seconds
1456860826294	<INFO 7f56c6135740> SLIPSTORE::IO::TIME 1450.65 seconds
1456860826297	<INFO 7f56c6135740> SLIPSTORE::SNAP::TIME 0 seconds
1456860826299	<INFO 7f56c6135740> SLIPSTORE::MAX_DISK_USAGE_BYTES 35507866812
1456860826301	<INFO 7f56c6135740> CORE::RUSAGE::MAX_RSS_KB 125959084
1456860826303	<INFO 7f56c6135740> CORE::RUSAGE::MINFLT 32721372
1456860826306	<INFO 7f56c6135740> CORE::RUSAGE::MAJFLT 7
1456860826308	<INFO 7f56c6135740> CORE::RUSAGE::MAJFLT 7
1456860826310	<INFO 7f56c6135740> CORE::RUSAGE::INBLK 435559600
1456860826313	<INFO 7f56c6135740> CORE::RUSAGE::OUBLK 92205688
1456860826315	<INFO 7f56c6135740> CORE::UTILS::BYTES_READ 230248777772
1456860826317	<INFO 7f56c6135740> CORE::UTILS::BYTES_WRITTEN 47203730228
1456860826320	<INFO 7f56c6135740> CORE::UTILS::TILE_COPY_BYTES 7516192768
1456860826322	<INFO 7f56c6135740> CORE::TIME::IO_WAIT 816.736 seconds
1456860826324	<INFO 7f56c6135740> CORE::TIME_TILE_COPY 0 seconds
1456860826327	<INFO 7f56c6135740> CORE::TIME_TILE_MERGE 0 seconds
1456860826330	<INFO 7f56c6135740> CORE::TIME_PROCESSING_STOLEN 0 seconds
1456860826332	<INFO 7f56c6135740> CORE::TIME_MERGE_WAIT 0 seconds
1456860826334	<INFO 7f56c6135740> CORE::TIME_ALL_MC_BARRIER 1290.02 seconds
1456860826337	<INFO 7f56c6135740> CORE::PHASES 7
1456860826339	<INFO 7f56c6135740> CORE::TIME::SETUP 3.10916 seconds
1456860826342	<INFO 7f56c6135740> CORE::TIME::WALL 2298.94 seconds
1456860826344	<INFO 7f56c6135740> SHUTDOWN
