1462814318435	<INFO 7fecb5bd5780> 2016-05-09 19:18:38 STARTUP
1462814318437	<INFO 7fecb5bd5780> CORE::GRAPH rmat-28_s8
1462814318440	<INFO 7fecb5bd5780> CORE::ALGORITHM pagerank
1462814318442	<INFO 7fecb5bd5780> CORE::VERTEX_STRIPING OFF
1462814318445	<INFO 7fecb5bd5780> CORE::UPDATES_STRIPING ON
1462814318447	<INFO 7fecb5bd5780> CORE::UPDATES BATCH IO ON
1462814318450	<INFO 7fecb5bd5780> CORE::OPTIMIZED_STATE_LOAD_STORE OFF
1462814318452	<INFO 7fecb5bd5780> CORE::BINARY_SEARCH_SUPER_PARTITION ON
1462814318455	<INFO 7fecb5bd5780> CORE::SUPER_PARTITION_COMPUTED_FOR_EACH_SCATTER_GATHER_PHASE
1462814318457	<INFO 7fecb5bd5780> CORE::BATCH IO OFF
1462814318460	<INFO 7fecb5bd5780> CORE::GRID_PARTITIONING OFF
1462814318462	<INFO 7fecb5bd5780> 2016-05-09 19:18:38 Blocking memory amount 126701535232
1462814425571	<INFO 7fecb5bd5780> 2016-05-09 19:20:25 Done blocking memory
1462814425574	<INFO 7fecb5bd5780> SG-DRIVER-ORIGINAL
1462814425577	<INFO 7fecb5bd5780> 2016-05-09 19:20:25 START read config parameters
1462814425579	<INFO 7fecb5bd5780> PARTITIONING::OLD 0
1462814425582	<INFO 7fecb5bd5780> PARTITIONING::BALANCED_PARTITIONS 0
1462814425584	<INFO 7fecb5bd5780> CORE::CONFIG::PROCESSORS 8
1462814425587	<INFO 7fecb5bd5780> CORE::CONFIG::PHYSICAL_MEMORY 2147483648
1462814425589	<INFO 7fecb5bd5780> CORE::CONFIG::VERTICES 268435456
1462814425592	<INFO 7fecb5bd5780> CORE::CONFIG::VERTEX_SIZE 12
1462814425594	<INFO 7fecb5bd5780> CORE::CONFIG::VERTEX_BUFFER 1306428636
1462814425597	<INFO 7fecb5bd5780> CORE::CONFIG::EDGES 536870912
1462814425599	<INFO 7fecb5bd5780> CORE::CONFIG::PARTITIONS 64
1462814425602	<INFO 7fecb5bd5780> CORE::CONFIG::FANOUT 64
1462814425604	<INFO 7fecb5bd5780> CORE::CONFIG::SUPER_PARTITIONS 8
1462814425607	<INFO 7fecb5bd5780> CORE::CONFIG::TILES 1
1462814425609	<INFO 7fecb5bd5780> CORE::CONFIG::BUFFER_SIZE 168209876
1462814425612	<INFO 7fecb5bd5780> CORE::CONFIG::MAX_BUFFERS 4
1462814425615	<INFO 7fecb5bd5780> CORE::CONFIG::MAX_STREAMS 4
1462814425617	<INFO 7fecb5bd5780> CORE::CONFIG::SUM_OF_OUT_DEGREES_FOR_NEW_PARTITIONS::FIRST_CONSTRAINT 0
1462814425620	<INFO 7fecb5bd5780> CORE::CONFIG::MAX_EDGES_PER_NEW_PARTITION::SECOND_CONSTRAINT 0
1462814425622	<INFO 7fecb5bd5780> SLIPSTREAM::EXT_MEM_SHUFFLE OFF
1462814425625	<INFO 7fecb5bd5780> 2016-05-09 19:20:25 END read config parameters
1462814428102	<INFO 7fecb5bd5780> SLIPSTORE::ZMQ_THREADS 2
1462814428105	<INFO 7fecb5bd5780> SLIPSTORE::COMM Connecting to tcp://dco-node137-10g:5016
1462814428112	<INFO 7fecb5bd5780> SLIPSTORE::COMM Connecting to tcp://dco-node138-10g:5034
1462814428115	<INFO 7fecb5bd5780> SLIPSTORE::COMM Connecting to tcp://dco-node139-10g:5052
1462814428118	<INFO 7fecb5bd5780> SLIPSTORE::COMM Connecting to tcp://dco-node140-10g:5070
1462814428120	<INFO 7fecb5bd5780> SLIPSTORE::COMM Connecting to tcp://dco-node141-10g:5088
1462814428124	<INFO 7fecb5bd5780> SLIPSTORE::COMM Connecting to tcp://dco-node142-10g:5106
1462814428126	<INFO 7fecb5bd5780> SLIPSTORE::COMM Connecting to tcp://dco-node143-10g:5124
1462814428129	<INFO 7fecb5bd5780> SLIPSTORE::COMM Connecting to tcp://dco-node144-10g:5142
1462814428131	<INFO 7fecb5bd5780> SLIPSTORE::COMM Listening at ipc://client
1462814428134	<INFO 7fecb5bd5780> SLIPSTORE::COMM Listening at tcp://p1p1:5009
1462814428136	<INFO 7fecb5bd5780> SLIPSTORE::COMM Listening at tcp://p1p1:5010
1462814428139	<INFO 7fecb5bd5780> SLIPSTORE::COMM Listening at tcp://p1p1:5011
1462814428141	<INFO 7fecb5bd5780> SLIPSTORE::COMM Listening at tcp://p1p1:5012
1462814428144	<INFO 7fecb5bd5780> SLIPSTORE::COMM Listening at tcp://p1p1:5013
1462814428146	<INFO 7fecb5bd5780> SLIPSTORE::COMM Listening at tcp://p1p1:5014
1462814428149	<INFO 7fecb5bd5780> SLIPSTORE::COMM Listening at tcp://p1p1:5015
1462814428152	<INFO 7fecb5bd5780> SLIPSTORE::COMM Connecting to tcp://dco-node137-10g:5016
1462814428155	<INFO 7fecb5bd5780> SLIPSTORE::COMM Connecting to tcp://dco-node138-10g:5034
1462814428157	<INFO 7fecb5bd5780> SLIPSTORE::COMM Connecting to tcp://dco-node139-10g:5052
1462814428160	<INFO 7fecb5bd5780> SLIPSTORE::COMM Connecting to tcp://dco-node140-10g:5070
1462814428163	<INFO 7fecb5bd5780> SLIPSTORE::COMM Connecting to tcp://dco-node141-10g:5088
1462814428165	<INFO 7fecb5bd5780> SLIPSTORE::COMM Connecting to tcp://dco-node142-10g:5106
1462814428168	<INFO 7fecb5bd5780> SLIPSTORE::COMM Connecting to tcp://dco-node143-10g:5124
1462814428172	<INFO 7fecb5bd5780> SLIPSTORE::COMM Connecting to tcp://dco-node144-10g:5142
1462814428176	<INFO 7fecb5bd5780> SLIPSTORE::COMM Connecting to ipc://server
1462814428179	<INFO 7fecb5bd5780> SLIPSTORE::COMM Connecting to tcp://dco-node138-10g:5018
1462814428181	<INFO 7fecb5bd5780> SLIPSTORE::COMM Connecting to tcp://dco-node139-10g:5036
1462814428184	<INFO 7fecb5bd5780> SLIPSTORE::COMM Connecting to tcp://dco-node140-10g:5054
1462814428187	<INFO 7fecb5bd5780> SLIPSTORE::COMM Connecting to tcp://dco-node141-10g:5072
1462814428190	<INFO 7fecb5bd5780> SLIPSTORE::COMM Connecting to tcp://dco-node142-10g:5090
1462814428193	<INFO 7fecb5bd5780> SLIPSTORE::COMM Connecting to tcp://dco-node143-10g:5108
1462814428197	<INFO 7fecb5bd5780> SLIPSTORE::COMM Connecting to tcp://dco-node144-10g:5126
1462814428199	<INFO 7fecb5bd5780> SLIPSTORE::COMM Connecting to tcp://dco-node138-10g:5035
1462814428203	<INFO 7fecb5bd5780> SLIPSTORE::COMM Listening at tcp://p1p1:5017
1462814428205	<INFO 7fecb5bd5780> SLIPSTORE::COMM Connecting to tcp://dco-node137-10g:5016
1462814428208	<INFO 7fecb5bd5780> SLIPSTORE::HELP_POLICY NONE
1462814428211	<INFO 7fecb5bd5780> SLIPSTORE::SERVER ASYNC
1462814428213	<INFO 7fecb5bd5780> SLIPSTORE::MACHINES 8
1462814428217	<INFO 7fecb5bd5780> SLIPSTORE::ME 0
1462814428219	<INFO 7fecb5bd5780> SLIPSTORE::SLIPCHUNK 4194304
1462814428222	<INFO 7fecb5bd5780> SLIPSTORE::QUOTA 18446744073709551615
1462814428225	<INFO 7fecb5bd5780> SLIPSTORE::IO PAGECACHE
1462814428228	<INFO 7fcea2bfc700> SLIPSTORE::COMM Listening at tcp://p1p1:5016
1462814428233	<INFO 7fcea2bfc700> SLIPSTORE::COMM Listening at ipc://server
1462814428236	<INFO 7fcea2bfc700> SLIPSTORE::COMM Connecting to ipc://client
1462814428239	<INFO 7fcea2bfc700> SLIPSTORE::COMM Listening at tcp://p1p1:5001
1462814428243	<INFO 7fcea2bfc700> SLIPSTORE::COMM Connecting to tcp://dco-node138-10g:5026
1462814428245	<INFO 7fcea2bfc700> SLIPSTORE::COMM Listening at tcp://p1p1:5002
1462814428248	<INFO 7fcea2bfc700> SLIPSTORE::COMM Connecting to tcp://dco-node139-10g:5044
1462814428250	<INFO 7fcea2bfc700> SLIPSTORE::COMM Listening at tcp://p1p1:5003
1462814428253	<INFO 7fcea2bfc700> SLIPSTORE::COMM Connecting to tcp://dco-node140-10g:5062
1462814428255	<INFO 7fcea2bfc700> SLIPSTORE::COMM Listening at tcp://p1p1:5004
1462814428258	<INFO 7fcea2bfc700> SLIPSTORE::COMM Connecting to tcp://dco-node141-10g:5080
1462814428260	<INFO 7fcea2bfc700> SLIPSTORE::COMM Listening at tcp://p1p1:5005
1462814428263	<INFO 7fcea2bfc700> SLIPSTORE::COMM Connecting to tcp://dco-node142-10g:5098
1462814428266	<INFO 7fcea2bfc700> SLIPSTORE::COMM Listening at tcp://p1p1:5006
1462814428268	<INFO 7fcea2bfc700> SLIPSTORE::COMM Connecting to tcp://dco-node143-10g:5116
1462814428271	<INFO 7fcea2bfc700> SLIPSTORE::COMM Listening at tcp://p1p1:5007
1462814428273	<INFO 7fcea2bfc700> SLIPSTORE::COMM Connecting to tcp://dco-node144-10g:5134
1462814428853	<INFO 7fecb5bd5780> SLIPSTORE::CHECKPOINTS NONE FOUND
1462814428856	<INFO 7fecb5bd5780> 2016-05-09 19:20:28 Start edge split
1462814571337	<INFO 7fecb5bd5780> 2016-05-09 19:22:51 Completed init
1462814576151	<INFO 7fecb5bd5780> 2016-05-09 19:22:56 Started scatter
1462814616448	<INFO 7fecb5bd5780> 2016-05-09 19:23:36 Completed scatter
1462814616472	<INFO 7fecb5bd5780> 2016-05-09 19:23:36 Completed phase 1 Bytes read 13288076712 Bytes written 6845625768
1462814625420	<INFO 7fecb5bd5780> 2016-05-09 19:23:45 Completed phase 2 Bytes read 13303824528 Bytes written 6861373584
1462814634214	<INFO 7fecb5bd5780> 2016-05-09 19:23:54 Started scatter
1462814676158	<INFO 7fecb5bd5780> 2016-05-09 19:24:36 Completed scatter
1462814676185	<INFO 7fecb5bd5780> 2016-05-09 19:24:36 Completed phase 3 Bytes read 20165198112 Bytes written 6877121400
1462814685049	<INFO 7fecb5bd5780> 2016-05-09 19:24:45 Started scatter
1462814733440	<INFO 7fecb5bd5780> 2016-05-09 19:25:33 Completed scatter
1462814733467	<INFO 7fecb5bd5780> 2016-05-09 19:25:33 Completed phase 4 Bytes read 27026571696 Bytes written 6892869216
1462814742323	<INFO 7fecb5bd5780> 2016-05-09 19:25:42 Started scatter
1462814785653	<INFO 7fecb5bd5780> 2016-05-09 19:26:25 Completed scatter
1462814785675	<INFO 7fecb5bd5780> 2016-05-09 19:26:25 Completed phase 5 Bytes read 33887945280 Bytes written 6908617032
1462814794204	<INFO 7fecb5bd5780> 2016-05-09 19:26:34 Started scatter
1462814838291	<INFO 7fecb5bd5780> 2016-05-09 19:27:18 Completed scatter
1462814838313	<INFO 7fecb5bd5780> 2016-05-09 19:27:18 Completed phase 6 Bytes read 40749318864 Bytes written 6924364848
1462814847954	<INFO 7fecb5bd5780> 2016-05-09 19:27:27 Started scatter
1462814899284	<INFO 7fecb5bd5780> 2016-05-09 19:28:19 Completed scatter
1462814899316	<INFO 7fecb5bd5780> 2016-05-09 19:28:19 Completed phase 7 Bytes read 47610692448 Bytes written 6940112664
1462814908567	<INFO 7fecb5bd5780> 2016-05-09 19:28:28 Started scatter
1462814960343	<INFO 7fecb5bd5780> 2016-05-09 19:29:20 Completed scatter
1462814960369	<INFO 7fecb5bd5780> 2016-05-09 19:29:20 Completed phase 8 Bytes read 54472066032 Bytes written 6955860480
1462814960372	<INFO 7fecb5bd5780> CORE::PARTITIONS_PROCESSED 0
1462814960375	<INFO 7fecb5bd5780> CORE::BYTES::EDGES_STREAMED 5339540040
1462814960377	<INFO 7fecb5bd5780> CORE::BYTES::UPDATES_OUT 0
1462814960379	<INFO 7fecb5bd5780> CORE::BYTES::UPDATES_IN 0
1462814960382	<INFO 7fce8ffff700> CORE::PARTITIONS_PROCESSED 0
1462814960385	<INFO 7fcea0bf8700> CORE::PARTITIONS_PROCESSED 0
1462814960387	<INFO 7fce8e7fc700> CORE::PARTITIONS_PROCESSED 0
1462814960390	<INFO 7fce8f7fe700> CORE::PARTITIONS_PROCESSED 0
1462814960393	<INFO 7fce8e7fc700> CORE::BYTES::EDGES_STREAMED 7824234840
1462814960396	<INFO 7fce8ffff700> CORE::BYTES::EDGES_STREAMED 5635139400
1462814960399	<INFO 7fce8e7fc700> CORE::BYTES::UPDATES_OUT 0
1462814960401	<INFO 7fcea0bf8700> CORE::BYTES::EDGES_STREAMED 5720193204
1462814960403	<INFO 7fce8f7fe700> CORE::BYTES::EDGES_STREAMED 6803598312
1462814960406	<INFO 7fce8ffff700> CORE::BYTES::UPDATES_OUT 0
1462814960408	<INFO 7fce8f7fe700> CORE::BYTES::UPDATES_OUT 0
1462814960411	<INFO 7fcea0bf8700> CORE::BYTES::UPDATES_OUT 0
1462814960413	<INFO 7fce8e7fc700> CORE::BYTES::UPDATES_IN 0
1462814960416	<INFO 7fce8ffff700> CORE::BYTES::UPDATES_IN 0
1462814960419	<INFO 7fcea0bf8700> CORE::BYTES::UPDATES_IN 0
1462814960422	<INFO 7fce8f7fe700> CORE::BYTES::UPDATES_IN 0
1462814960424	<INFO 7fcea1bfa700> CORE::PARTITIONS_PROCESSED 0
1462814960427	<INFO 7fcea1bfa700> CORE::BYTES::EDGES_STREAMED 5200391208
1462814960429	<INFO 7fcea1bfa700> CORE::BYTES::UPDATES_OUT 0
1462814960432	<INFO 7fcea1bfa700> CORE::BYTES::UPDATES_IN 0
1462814960435	<INFO 7fcea13f9700> CORE::PARTITIONS_PROCESSED 0
1462814960439	<INFO 7fce8effd700> CORE::PARTITIONS_PROCESSED 0
1462814960442	<INFO 7fcea13f9700> CORE::BYTES::EDGES_STREAMED 4939608936
1462814960445	<INFO 7fcea13f9700> CORE::BYTES::UPDATES_OUT 0
1462814960447	<INFO 7fcea13f9700> CORE::BYTES::UPDATES_IN 0
1462814960450	<INFO 7fce8effd700> CORE::BYTES::EDGES_STREAMED 6346439724
1462814960453	<INFO 7fce8effd700> CORE::BYTES::UPDATES_OUT 0
1462814960456	<INFO 7fce8effd700> CORE::BYTES::UPDATES_IN 0
1462814960458	<INFO 7fcea2bfc700> SLIPSTORE service is exiting
1462814960460	<INFO 7fcea2bfc700> SLIPSTORE::HELP_OFFERS_RECVD 49
1462814960463	<INFO 7fcea2bfc700> SLIPSTORE::HELP_OFFERS_ACCEPTED 0
1462814960466	<INFO 7fcea2bfc700> SLIPSTORE::HELP_ACCEPTANCE_RATIO 0
1462814960469	<INFO 7fcea2bfc700> SLIPSTORE::SERVER_BUSY_DISK  249.203 seconds
1462814960471	<INFO 7fcea2bfc700> SLIPSTORE::SERVER_BUSY_MEM  0 seconds
1462814960474	<INFO 7fcea2bfc700> SLIPSTORE::SERVER_TOTAL  532.232 seconds
1462814960476	<INFO 7fecb5bd5780> SLIPSTORE::CLIENT::DISK_READ_TIME  389.027 seconds
1462814960478	<INFO 7fecb5bd5780> SLIPSTORE::CLIENT::MEM_READ_TIME  0 seconds
1462814960481	<INFO 7fecb5bd5780> SLIPSTORE::CLIENT::DISK_BYTES_READ 54472066032
1462814960484	<INFO 7fecb5bd5780> SLIPSTORE::CLIENT::MEM_BYTES_READ 0
1462814960487	<INFO 7fecb5bd5780> SLIPSTORE::CLIENT::WRITE_TIME  76.2769 seconds
1462814960489	<INFO 7fecb5bd5780> SLIPSTORE::CLIENT::BYTES_WRITTEN 6568433472
1462814960492	<INFO 7fecb5bd5780> SLIPSTORE::CLIENT_BUSY  465.299 seconds
1462814960494	<INFO 7fecb5bd5780> SLIPSTORE::IO::TIME 165.154 seconds
1462814960497	<INFO 7fecb5bd5780> SLIPSTORE::SNAP::TIME 0 seconds
1462814960499	<INFO 7fecb5bd5780> SLIPSTORE::MAX_DISK_USAGE_BYTES 6845625768
1462814960502	<INFO 7fecb5bd5780> CORE::RUSAGE::MAX_RSS_KB 125872152
1462814960505	<INFO 7fecb5bd5780> CORE::RUSAGE::MINFLT 58901467
1462814960508	<INFO 7fecb5bd5780> CORE::RUSAGE::MAJFLT 80886
1462814960511	<INFO 7fecb5bd5780> CORE::RUSAGE::MAJFLT 80886
1462814960513	<INFO 7fecb5bd5780> CORE::RUSAGE::INBLK 62819728
1462814960516	<INFO 7fecb5bd5780> CORE::RUSAGE::OUBLK 13586504
1462814960518	<INFO 7fecb5bd5780> CORE::UTILS::BYTES_READ 54472066032
1462814960521	<INFO 7fecb5bd5780> CORE::UTILS::BYTES_WRITTEN 6955860480
1462814960524	<INFO 7fecb5bd5780> CORE::UTILS::TILE_COPY_BYTES 220469424
1462814960527	<INFO 7fecb5bd5780> CORE::TIME::IO_WAIT 402.533 seconds
1462814960529	<INFO 7fecb5bd5780> CORE::TIME_TILE_COPY 0 seconds
1462814960532	<INFO 7fecb5bd5780> CORE::TIME_TILE_MERGE 0 seconds
1462814960535	<INFO 7fecb5bd5780> CORE::TIME_PROCESSING_STOLEN 0 seconds
1462814960538	<INFO 7fecb5bd5780> CORE::TIME_MERGE_WAIT 0 seconds
1462814960540	<INFO 7fecb5bd5780> CORE::OTHER_TIME_ALL_MC_BARRIER 0 seconds
1462814960543	<INFO 7fecb5bd5780> CORE::SCATTER_TIME_ALL_MC_BARRIER 0.022063 seconds
1462814960545	<INFO 7fecb5bd5780> CORE::GATHER_TIME_ALL_MC_BARRIER 0 seconds
1462814960547	<INFO 7fecb5bd5780> CORE::INIT_TIME_ALL_MC_BARRIER 0.910642 seconds
1462814960550	<INFO 7fecb5bd5780> CORE::SHUT_DOWN_TIME_ALL_MC_BARRIER 0.003738 seconds
1462814960552	<INFO 7fecb5bd5780> CORE::STREAM_SKIP_BEFORE_TIME_ALL_MC_BARRIER 55.7468 seconds
1462814960555	<INFO 7fecb5bd5780> CORE::TAKE_CHECKPOINT_BEFORE_TIME_ALL_MC_BARRIER 0 seconds
1462814960557	<INFO 7fecb5bd5780> CORE::TAKE_CHECKPOINT_COMPLETE_TIME_ALL_MC_BARRIER 0 seconds
1462814960560	<INFO 7fecb5bd5780> CORE::METADATA_WRITE_COMPLETE_TIME_ALL_MC_BARRIER 0 seconds
1462814960562	<INFO 7fecb5bd5780> CORE::STREAM_EOF_BEFORE_TIME_ALL_MC_BARRIER 0 seconds
1462814960565	<INFO 7fecb5bd5780> CORE::STREAM_EOF_AFTER_TIME_ALL_MC_BARRIER 0 seconds
1462814960567	<INFO 7fecb5bd5780> CORE::STATE_LOAD_TIME_ALL_MC_BARRIER 0 seconds
1462814960570	<INFO 7fecb5bd5780> CORE::STATE_STORE_TIME_ALL_MC_BARRIER 0 seconds
1462814960572	<INFO 7fecb5bd5780> CORE::PHASES 8
1462814960574	<INFO 7fecb5bd5780> CORE::TIME::SETUP 3.29815 seconds
1462814960577	<INFO 7fecb5bd5780> CORE::TIME::STATE_ITER 2.52469 seconds
1462814960579	<INFO 7fecb5bd5780> CORE::TIME::GATHER 5.7e-05 seconds
1462814960582	<INFO 7fecb5bd5780> CORE::TIME::SCATTER 376.961 seconds
1462814960584	<INFO 7fecb5bd5780> CORE::TIME::WALL 534.818 seconds
1462814960587	<INFO 7fecb5bd5780> SHUTDOWN
