1461937167785	<INFO 7f71d3d41740> 2016-04-29 15:39:27 STARTUP
1461937167789	<INFO 7f71d3d41740> CORE::GRAPH rmat-28-und_s8
1461937167792	<INFO 7f71d3d41740> CORE::ALGORITHM bfs
1461937167795	<INFO 7f71d3d41740> CORE::VERTEX_STRIPING ON
1461937167799	<INFO 7f71d3d41740> 2016-04-29 15:39:27 Blocking memory amount 126701535232
1461937275914	<INFO 7f71d3d41740> 2016-04-29 15:41:15 Done blocking memory
1461937275918	<INFO 7f71d3d41740> SG-DRIVER-ORIGINAL
1461937275922	<INFO 7f71d3d41740> CORE::CONFIG::PROCESSORS 8
1461937275926	<INFO 7f71d3d41740> CORE::CONFIG::PHYSICAL_MEMORY 2147483648
1461937275930	<INFO 7f71d3d41740> CORE::CONFIG::VERTICES 268435456
1461937275934	<INFO 7f71d3d41740> CORE::CONFIG::VERTEX_SIZE 8
1461937275938	<INFO 7f71d3d41740> CORE::CONFIG::VERTEX_BUFFER 268435456
1461937275942	<INFO 7f71d3d41740> CORE::CONFIG::EDGES 1073741824
1461937275946	<INFO 7f71d3d41740> CORE::CONFIG::PARTITIONS 64
1461937275950	<INFO 7f71d3d41740> CORE::CONFIG::FANOUT 64
1461937275954	<INFO 7f71d3d41740> CORE::CONFIG::SUPER_PARTITIONS 8
1461937275958	<INFO 7f71d3d41740> CORE::CONFIG::TILES 1
1461937275962	<INFO 7f71d3d41740> CORE::CONFIG::BUFFER_SIZE 375808512
1461937275966	<INFO 7f71d3d41740> CORE::CONFIG::MAX_BUFFERS 4
1461937275970	<INFO 7f71d3d41740> CORE::CONFIG::MAX_STREAMS 4
1461937275975	<INFO 7f71d3d41740> SLIPSTREAM::EXT_MEM_SHUFFLE OFF
1461937277731	<WARNING 7f71d3d41740> Unable to unlink file (stream.0.0.0):No such file or directory
1461937277735	<WARNING 7f71d3d41740> Unable to unlink file (stream.0.1.0):No such file or directory
1461937277740	<WARNING 7f71d3d41740> Unable to unlink file (stream.0.2.0):No such file or directory
1461937277744	<WARNING 7f71d3d41740> Unable to unlink file (stream.0.3.0):No such file or directory
1461937277748	<WARNING 7f71d3d41740> Unable to unlink file (stream.0.4.0):No such file or directory
1461937277752	<WARNING 7f71d3d41740> Unable to unlink file (stream.0.5.0):No such file or directory
1461937277756	<WARNING 7f71d3d41740> Unable to unlink file (stream.0.6.0):No such file or directory
1461937277761	<WARNING 7f71d3d41740> Unable to unlink file (stream.0.7.0):No such file or directory
1461937277765	<WARNING 7f71d3d41740> Unable to unlink file (stream.1.1.0):No such file or directory
1461937277770	<WARNING 7f71d3d41740> Unable to unlink file (stream.1.2.0):No such file or directory
1461937277775	<WARNING 7f71d3d41740> Unable to unlink file (stream.1.3.0):No such file or directory
1461937277779	<WARNING 7f71d3d41740> Unable to unlink file (stream.1.4.0):No such file or directory
1461937277783	<WARNING 7f71d3d41740> Unable to unlink file (stream.1.5.0):No such file or directory
1461937277787	<WARNING 7f71d3d41740> Unable to unlink file (stream.1.6.0):No such file or directory
1461937277791	<WARNING 7f71d3d41740> Unable to unlink file (stream.1.7.0):No such file or directory
1461937277795	<WARNING 7f71d3d41740> Unable to unlink file (stream.2.0.0):No such file or directory
1461937277799	<WARNING 7f71d3d41740> Unable to unlink file (stream.2.1.0):No such file or directory
1461937277802	<WARNING 7f71d3d41740> Unable to unlink file (stream.2.2.0):No such file or directory
1461937277807	<WARNING 7f71d3d41740> Unable to unlink file (stream.2.3.0):No such file or directory
1461937277811	<WARNING 7f71d3d41740> Unable to unlink file (stream.2.4.0):No such file or directory
1461937277815	<WARNING 7f71d3d41740> Unable to unlink file (stream.2.5.0):No such file or directory
1461937277819	<WARNING 7f71d3d41740> Unable to unlink file (stream.2.6.0):No such file or directory
1461937277824	<WARNING 7f71d3d41740> Unable to unlink file (stream.2.7.0):No such file or directory
1461937277827	<WARNING 7f71d3d41740> Unable to unlink file (stream.3.0.0):No such file or directory
1461937277831	<WARNING 7f71d3d41740> Unable to unlink file (stream.3.1.0):No such file or directory
1461937277835	<WARNING 7f71d3d41740> Unable to unlink file (stream.3.2.0):No such file or directory
1461937277838	<WARNING 7f71d3d41740> Unable to unlink file (stream.3.3.0):No such file or directory
1461937277843	<WARNING 7f71d3d41740> Unable to unlink file (stream.3.4.0):No such file or directory
1461937277847	<WARNING 7f71d3d41740> Unable to unlink file (stream.3.5.0):No such file or directory
1461937277851	<WARNING 7f71d3d41740> Unable to unlink file (stream.3.6.0):No such file or directory
1461937277855	<WARNING 7f71d3d41740> Unable to unlink file (stream.3.7.0):No such file or directory
1461937277859	<INFO 7f71d3d41740> SLIPSTORE::ZMQ_THREADS 2
1461937277863	<INFO 7f71d3d41740> SLIPSTORE::COMM Connecting to tcp://dco-node129-10g:5016
1461937277867	<INFO 7f71d3d41740> SLIPSTORE::COMM Connecting to tcp://dco-node130-10g:5034
1461937277871	<INFO 7f71d3d41740> SLIPSTORE::COMM Connecting to tcp://dco-node131-10g:5052
1461937277875	<INFO 7f71d3d41740> SLIPSTORE::COMM Connecting to tcp://dco-node132-10g:5070
1461937277878	<INFO 7f71d3d41740> SLIPSTORE::COMM Connecting to tcp://dco-node133-10g:5088
1461937277882	<INFO 7f71d3d41740> SLIPSTORE::COMM Connecting to tcp://dco-node134-10g:5106
1461937277886	<INFO 7f71d3d41740> SLIPSTORE::COMM Connecting to tcp://dco-node135-10g:5124
1461937277891	<INFO 7f71d3d41740> SLIPSTORE::COMM Connecting to tcp://dco-node136-10g:5142
1461937277894	<INFO 7f71d3d41740> SLIPSTORE::COMM Listening at ipc://client
1461937277898	<INFO 7f71d3d41740> SLIPSTORE::COMM Listening at tcp://ens1f0:5009
1461937277902	<INFO 7f71d3d41740> SLIPSTORE::COMM Listening at tcp://ens1f0:5010
1461937277905	<INFO 7f71d3d41740> SLIPSTORE::COMM Listening at tcp://ens1f0:5011
1461937277909	<INFO 7f71d3d41740> SLIPSTORE::COMM Listening at tcp://ens1f0:5012
1461937277912	<INFO 7f71d3d41740> SLIPSTORE::COMM Listening at tcp://ens1f0:5013
1461937277917	<INFO 7f71d3d41740> SLIPSTORE::COMM Listening at tcp://ens1f0:5014
1461937277921	<INFO 7f71d3d41740> SLIPSTORE::COMM Listening at tcp://ens1f0:5015
1461937277925	<INFO 7f71d3d41740> SLIPSTORE::COMM Connecting to tcp://dco-node129-10g:5016
1461937277929	<INFO 7f71d3d41740> SLIPSTORE::COMM Connecting to tcp://dco-node130-10g:5034
1461937277934	<INFO 7f71d3d41740> SLIPSTORE::COMM Connecting to tcp://dco-node131-10g:5052
1461937277939	<INFO 7f71d3d41740> SLIPSTORE::COMM Connecting to tcp://dco-node132-10g:5070
1461937277943	<INFO 7f71d3d41740> SLIPSTORE::COMM Connecting to tcp://dco-node133-10g:5088
1461937277946	<INFO 7f71d3d41740> SLIPSTORE::COMM Connecting to tcp://dco-node134-10g:5106
1461937277951	<INFO 7f71d3d41740> SLIPSTORE::COMM Connecting to tcp://dco-node135-10g:5124
1461937277955	<INFO 7f71d3d41740> SLIPSTORE::COMM Connecting to tcp://dco-node136-10g:5142
1461937277958	<INFO 7f71d3d41740> SLIPSTORE::COMM Connecting to ipc://server
1461937277962	<INFO 7f71d3d41740> SLIPSTORE::COMM Connecting to tcp://dco-node130-10g:5018
1461937277966	<INFO 7f71d3d41740> SLIPSTORE::COMM Connecting to tcp://dco-node131-10g:5036
1461937277970	<INFO 7f71d3d41740> SLIPSTORE::COMM Connecting to tcp://dco-node132-10g:5054
1461937277973	<INFO 7f71d3d41740> SLIPSTORE::COMM Connecting to tcp://dco-node133-10g:5072
1461937277976	<INFO 7f71d3d41740> SLIPSTORE::COMM Connecting to tcp://dco-node134-10g:5090
1461937277979	<INFO 7f71d3d41740> SLIPSTORE::COMM Connecting to tcp://dco-node135-10g:5108
1461937277983	<INFO 7f71d3d41740> SLIPSTORE::COMM Connecting to tcp://dco-node136-10g:5126
1461937277986	<INFO 7f71d3d41740> SLIPSTORE::COMM Connecting to tcp://dco-node130-10g:5035
1461937277989	<INFO 7f71d3d41740> SLIPSTORE::COMM Listening at tcp://ens1f0:5017
1461937277993	<INFO 7f71d3d41740> SLIPSTORE::COMM Connecting to tcp://dco-node129-10g:5016
1461937277996	<INFO 7f71d3d41740> SLIPSTORE::HELP_POLICY HEURISTIC_NEW
1461937278000	<INFO 7f71d3d41740> SLIPSTORE::SERVER ASYNC
1461937278004	<INFO 7f71d3d41740> SLIPSTORE::MACHINES 8
1461937278007	<INFO 7f71d3d41740> SLIPSTORE::ME 0
1461937278010	<INFO 7f71d3d41740> SLIPSTORE::SLIPCHUNK 4194304
1461937278014	<INFO 7f71d3d41740> SLIPSTORE::QUOTA 18446744073709551615
1461937278018	<INFO 7f71d3d41740> SLIPSTORE::IO PAGECACHE
1461937278021	<INFO 7f53b5bf6700> SLIPSTORE::COMM Listening at tcp://ens1f0:5016
1461937278025	<INFO 7f53b5bf6700> SLIPSTORE::COMM Listening at ipc://server
1461937278029	<INFO 7f53b5bf6700> SLIPSTORE::COMM Connecting to ipc://client
1461937278032	<INFO 7f53b5bf6700> SLIPSTORE::COMM Listening at tcp://ens1f0:5001
1461937278035	<INFO 7f53b5bf6700> SLIPSTORE::COMM Connecting to tcp://dco-node130-10g:5026
1461937278038	<INFO 7f53b5bf6700> SLIPSTORE::COMM Listening at tcp://ens1f0:5002
1461937278043	<INFO 7f53b5bf6700> SLIPSTORE::COMM Connecting to tcp://dco-node131-10g:5044
1461937278047	<INFO 7f53b5bf6700> SLIPSTORE::COMM Listening at tcp://ens1f0:5003
1461937278050	<INFO 7f53b5bf6700> SLIPSTORE::COMM Connecting to tcp://dco-node132-10g:5062
1461937278054	<INFO 7f53b5bf6700> SLIPSTORE::COMM Listening at tcp://ens1f0:5004
1461937278057	<INFO 7f53b5bf6700> SLIPSTORE::COMM Connecting to tcp://dco-node133-10g:5080
1461937278060	<INFO 7f53b5bf6700> SLIPSTORE::COMM Listening at tcp://ens1f0:5005
1461937278063	<INFO 7f53b5bf6700> SLIPSTORE::COMM Connecting to tcp://dco-node134-10g:5098
1461937278067	<INFO 7f53b5bf6700> SLIPSTORE::COMM Listening at tcp://ens1f0:5006
1461937278070	<INFO 7f53b5bf6700> SLIPSTORE::COMM Connecting to tcp://dco-node135-10g:5116
1461937278073	<INFO 7f53b5bf6700> SLIPSTORE::COMM Listening at tcp://ens1f0:5007
1461937278076	<INFO 7f53b5bf6700> SLIPSTORE::COMM Connecting to tcp://dco-node136-10g:5134
1461937278622	<INFO 7f71d3d41740> SLIPSTORE::CHECKPOINTS NONE FOUND
1461937384092	<INFO 7f71d3d41740> 2016-04-29 15:43:04 Completed init
1461937385489	<INFO 7f71d3d41740> 2016-04-29 15:43:05 Started gather
1461937391997	<INFO 7f71d3d41740> 2016-04-29 15:43:11 Completed gather
1461937392124	<INFO 7f71d3d41740> 2016-04-29 15:43:12 Started scatter
1461937456111	<INFO 7f71d3d41740> 2016-04-29 15:44:16 Completed scatter
1461937456149	<INFO 7f71d3d41740> 2016-04-29 15:44:16 Completed phase 1 Bytes read 26431222496 Bytes written 13348966072
1461937456171	<INFO 7f71d3d41740> 2016-04-29 15:44:16 Started gather
1461937461175	<INFO 7f71d3d41740> 2016-04-29 15:44:21 Completed gather
1461937475343	<INFO 7f71d3d41740> 2016-04-29 15:44:35 Started scatter
1461937556304	<INFO 7f71d3d41740> 2016-04-29 15:45:56 Completed scatter
1461937557341	<INFO 7f71d3d41740> 2016-04-29 15:45:57 Completed phase 2 Bytes read 39914406296 Bytes written 18403169304
1461937557365	<INFO 7f71d3d41740> 2016-04-29 15:45:57 Started gather
1461937594873	<INFO 7f71d3d41740> 2016-04-29 15:46:34 Completed gather
1461937809996	<INFO 7f71d3d41740> 2016-04-29 15:50:09 Started scatter
1461937887233	<INFO 7f71d3d41740> 2016-04-29 15:51:27 Completed scatter
1461937888328	<INFO 7f71d3d41740> 2016-04-29 15:51:28 Completed phase 3 Bytes read 58313603544 Bytes written 22408237904
1461937888354	<INFO 7f71d3d41740> 2016-04-29 15:51:28 Started gather
1461937916705	<INFO 7f71d3d41740> 2016-04-29 15:51:56 Completed gather
1461938095309	<INFO 7f71d3d41740> 2016-04-29 15:54:55 Started scatter
1461938158127	<INFO 7f71d3d41740> 2016-04-29 15:55:58 Completed scatter
1461938158344	<INFO 7f71d3d41740> 2016-04-29 15:55:58 Completed phase 4 Bytes read 75663666160 Bytes written 22699718576
1461938158368	<INFO 7f71d3d41740> 2016-04-29 15:55:58 Started gather
1461938163542	<INFO 7f71d3d41740> 2016-04-29 15:56:03 Completed gather
1461938188287	<INFO 7f71d3d41740> 2016-04-29 15:56:28 Started scatter
1461938250678	<INFO 7f71d3d41740> 2016-04-29 15:57:30 Completed scatter
1461938251005	<INFO 7f71d3d41740> 2016-04-29 15:57:31 Completed phase 5 Bytes read 89165923120 Bytes written 22968209296
1461938251035	<INFO 7f71d3d41740> 2016-04-29 15:57:31 Started gather
1461938257746	<INFO 7f71d3d41740> 2016-04-29 15:57:37 Completed gather
1461938273016	<INFO 7f71d3d41740> 2016-04-29 15:57:53 Started scatter
1461938336185	<INFO 7f71d3d41740> 2016-04-29 15:58:56 Completed scatter
1461938336264	<INFO 7f71d3d41740> 2016-04-29 15:58:56 Completed phase 6 Bytes read 102645190128 Bytes written 23236644888
1461938336291	<INFO 7f71d3d41740> 2016-04-29 15:58:56 Started gather
1461938342551	<INFO 7f71d3d41740> 2016-04-29 15:59:02 Completed gather
1461938349923	<INFO 7f71d3d41740> 2016-04-29 15:59:09 Started scatter
1461938412613	<INFO 7f71d3d41740> 2016-04-29 16:00:12 Completed scatter
1461938413021	<INFO 7f71d3d41740> 2016-04-29 16:00:13 Completed phase 7 Bytes read 116124402008 Bytes written 23505080344
1461938413023	<INFO 7f71d3d41740> ALGORITHM::BFS::VERTICES_DISCOVERED 22237098
1461938413026	<INFO 7f71d3d41740> ALGORITHM::BFS::EDGES_EXPLORED 1104436734
1461938413028	<INFO 7f71d3d41740> CORE::PARTITIONS_PROCESSED 179
1461938413031	<INFO 7f71d3d41740> CORE::BYTES::EDGES_STREAMED 11212884648
1461938413033	<INFO 7f71d3d41740> CORE::BYTES::UPDATES_OUT 978835432
1461938413036	<INFO 7f71d3d41740> CORE::BYTES::UPDATES_IN 1892516880
1461938413038	<INFO 7f53ab7fe700> CORE::PARTITIONS_PROCESSED 496
1461938413040	<INFO 7f53ab7fe700> CORE::BYTES::EDGES_STREAMED 11915283492
1461938413042	<INFO 7f53ab7fe700> CORE::BYTES::UPDATES_OUT 1150466744
1461938413045	<INFO 7f53ab7fe700> CORE::BYTES::UPDATES_IN 2245785904
1461938413047	<INFO 7f53a97fa700> CORE::PARTITIONS_PROCESSED 544
1461938413050	<INFO 7f53a97fa700> CORE::BYTES::EDGES_STREAMED 15239543856
1461938413052	<INFO 7f53a97fa700> CORE::BYTES::UPDATES_OUT 1581666712
1461938413054	<INFO 7f53a97fa700> CORE::BYTES::UPDATES_IN 3385438496
1461938413057	<INFO 7f53a9ffb700> CORE::PARTITIONS_PROCESSED 452
1461938413059	<INFO 7f53aa7fc700> CORE::PARTITIONS_PROCESSED 453
1461938413061	<INFO 7f53aaffd700> CORE::PARTITIONS_PROCESSED 353
1461938413064	<INFO 7f53a9ffb700> CORE::BYTES::EDGES_STREAMED 12654696336
1461938413066	<INFO 7f53aa7fc700> CORE::BYTES::EDGES_STREAMED 12690590316
1461938413069	<INFO 7f53abfff700> CORE::PARTITIONS_PROCESSED 371
1461938413071	<INFO 7f53b4bf4700> CORE::PARTITIONS_PROCESSED 364
1461938413073	<INFO 7f53aaffd700> CORE::BYTES::EDGES_STREAMED 11541753036
1461938413076	<INFO 7f53abfff700> CORE::BYTES::EDGES_STREAMED 9317936004
1461938413078	<INFO 7f53a9ffb700> CORE::BYTES::UPDATES_OUT 1020245384
1461938413080	<INFO 7f53aa7fc700> CORE::BYTES::UPDATES_OUT 1107067728
1461938413083	<INFO 7f53b4bf4700> CORE::BYTES::EDGES_STREAMED 11141560848
1461938413085	<INFO 7f53a9ffb700> CORE::BYTES::UPDATES_IN 2007147776
1461938413088	<INFO 7f53aaffd700> CORE::BYTES::UPDATES_OUT 1098169728
1461938413091	<INFO 7f53abfff700> CORE::BYTES::UPDATES_OUT 892813448
1461938413093	<INFO 7f53aa7fc700> CORE::BYTES::UPDATES_IN 2084013232
1461938413095	<INFO 7f53aaffd700> CORE::BYTES::UPDATES_IN 2006869424
1461938413098	<INFO 7f53b4bf4700> CORE::BYTES::UPDATES_OUT 1006228696
1461938413100	<INFO 7f53abfff700> CORE::BYTES::UPDATES_IN 1737376456
1461938413102	<INFO 7f53b4bf4700> CORE::BYTES::UPDATES_IN 1785772904
1461938413105	<INFO 7f53b5bf6700> SLIPSTORE service is exiting
1461938413108	<INFO 7f53b5bf6700> SLIPSTORE::HELP_OFFERS_RECVD 98
1461938413110	<INFO 7f53b5bf6700> SLIPSTORE::HELP_OFFERS_ACCEPTED 38
1461938413112	<INFO 7f53b5bf6700> SLIPSTORE::HELP_ACCEPTANCE_RATIO 0.387755
1461938413115	<INFO 7f53b5bf6700> SLIPSTORE::SERVER_BUSY_DISK  596.861 seconds
1461938413117	<INFO 7f53b5bf6700> SLIPSTORE::SERVER_BUSY_MEM  0 seconds
1461938413120	<INFO 7f53b5bf6700> SLIPSTORE::SERVER_TOTAL  1135.26 seconds
1461938413122	<INFO 7f71d3d41740> SLIPSTORE::CLIENT::DISK_READ_TIME  544.997 seconds
1461938413124	<INFO 7f71d3d41740> SLIPSTORE::CLIENT::MEM_READ_TIME  4.41341 seconds
1461938413127	<INFO 7f71d3d41740> SLIPSTORE::CLIENT::DISK_BYTES_READ 129577665280
1461938413129	<INFO 7f71d3d41740> SLIPSTORE::CLIENT::MEM_BYTES_READ 2147483648
1461938413132	<INFO 7f71d3d41740> SLIPSTORE::CLIENT::WRITE_TIME  126.156 seconds
1461938413134	<INFO 7f71d3d41740> SLIPSTORE::CLIENT::BYTES_WRITTEN 2147483648
1461938413136	<INFO 7f71d3d41740> SLIPSTORE::CLIENT_BUSY  675.567 seconds
1461938413139	<INFO 7f71d3d41740> SLIPSTORE::IO::TIME 516.518 seconds
1461938413141	<INFO 7f71d3d41740> SLIPSTORE::SNAP::TIME 0 seconds
1461938413144	<INFO 7f71d3d41740> SLIPSTORE::MAX_DISK_USAGE_BYTES 17862326336
1461938413146	<INFO 7f71d3d41740> CORE::RUSAGE::MAX_RSS_KB 125961536
1461938413148	<INFO 7f71d3d41740> CORE::RUSAGE::MINFLT 44505571
1461938413151	<INFO 7f71d3d41740> CORE::RUSAGE::MAJFLT 9
1461938413153	<INFO 7f71d3d41740> CORE::RUSAGE::MAJFLT 9
1461938413156	<INFO 7f71d3d41740> CORE::RUSAGE::INBLK 215168320
1461938413158	<INFO 7f71d3d41740> CORE::RUSAGE::OUBLK 45914240
1461938413160	<INFO 7f71d3d41740> CORE::UTILS::BYTES_READ 116124402008
1461938413163	<INFO 7f71d3d41740> CORE::UTILS::BYTES_WRITTEN 23505080344
1461938413165	<INFO 7f71d3d41740> CORE::UTILS::TILE_COPY_BYTES 5905580032
1461938413167	<INFO 7f71d3d41740> CORE::TIME::IO_WAIT 571.482 seconds
1461938413170	<INFO 7f71d3d41740> CORE::TIME_TILE_COPY 0 seconds
1461938413172	<INFO 7f71d3d41740> CORE::TIME_TILE_MERGE 4.42559 seconds
1461938413174	<INFO 7f71d3d41740> CORE::TIME_PROCESSING_STOLEN 0 seconds
1461938413177	<INFO 7f71d3d41740> CORE::TIME_MERGE_WAIT 0.171468 seconds
1461938413179	<INFO 7f71d3d41740> CORE::TIME_ALL_MC_BARRIER 4.17197 seconds
1461938413181	<INFO 7f71d3d41740> CORE::PHASES 7
1461938413184	<INFO 7f71d3d41740> CORE::TIME::SETUP 2.72024 seconds
1461938413187	<INFO 7f71d3d41740> CORE::TIME::STATE_ITER 1.30301 seconds
1461938413189	<INFO 7f71d3d41740> CORE::TIME::GATHER 550.996 seconds
1461938413192	<INFO 7f71d3d41740> CORE::TIME::SCATTER 476.328 seconds
1461938413194	<INFO 7f71d3d41740> CORE::TIME::WALL 1137.12 seconds
1461938413196	<INFO 7f71d3d41740> SHUTDOWN
