1456782344988	<INFO 7f821b289740> 2016-02-29 22:45:44 STARTUP
1456782344992	<INFO 7f821b289740> CORE::GRAPH rmat-28_s8
1456782344995	<INFO 7f821b289740> CORE::ALGORITHM pagerank
1456782344999	<INFO 7f821b289740> CORE::VERTEX_STRIPING ON
1456782345003	<INFO 7f821b289740> 2016-02-29 22:45:44 Blocking memory amount 126701535232
1456782452930	<INFO 7f821b289740> 2016-02-29 22:47:32 Done blocking memory
1456782452934	<INFO 7f821b289740> SG-DRIVER-ORIGINAL
1456782452938	<INFO 7f821b289740> CORE::CONFIG::PROCESSORS 8
1456782452942	<INFO 7f821b289740> CORE::CONFIG::PHYSICAL_MEMORY 2147483648
1456782452946	<INFO 7f821b289740> CORE::CONFIG::VERTICES 268435456
1456782452950	<INFO 7f821b289740> CORE::CONFIG::VERTEX_SIZE 12
1456782452954	<INFO 7f821b289740> CORE::CONFIG::VERTEX_BUFFER 402653184
1456782452957	<INFO 7f821b289740> CORE::CONFIG::EDGES 536870912
1456782452961	<INFO 7f821b289740> CORE::CONFIG::PARTITIONS 64
1456782452965	<INFO 7f821b289740> CORE::CONFIG::FANOUT 64
1456782452969	<INFO 7f821b289740> CORE::CONFIG::SUPER_PARTITIONS 8
1456782452973	<INFO 7f821b289740> CORE::CONFIG::TILES 1
1456782452977	<INFO 7f821b289740> CORE::CONFIG::BUFFER_SIZE 348964966
1456782452980	<INFO 7f821b289740> CORE::CONFIG::MAX_BUFFERS 4
1456782452984	<INFO 7f821b289740> CORE::CONFIG::MAX_STREAMS 4
1456782452988	<INFO 7f821b289740> SLIPSTREAM::EXT_MEM_SHUFFLE OFF
1456782454718	<WARNING 7f821b289740> Unable to unlink file (stream.0.0.0):No such file or directory
1456782454722	<WARNING 7f821b289740> Unable to unlink file (stream.0.1.0):No such file or directory
1456782454725	<WARNING 7f821b289740> Unable to unlink file (stream.0.2.0):No such file or directory
1456782454729	<WARNING 7f821b289740> Unable to unlink file (stream.0.3.0):No such file or directory
1456782454733	<WARNING 7f821b289740> Unable to unlink file (stream.0.4.0):No such file or directory
1456782454738	<WARNING 7f821b289740> Unable to unlink file (stream.0.5.0):No such file or directory
1456782454742	<WARNING 7f821b289740> Unable to unlink file (stream.0.6.0):No such file or directory
1456782454747	<WARNING 7f821b289740> Unable to unlink file (stream.0.7.0):No such file or directory
1456782454751	<WARNING 7f821b289740> Unable to unlink file (stream.1.1.0):No such file or directory
1456782454755	<WARNING 7f821b289740> Unable to unlink file (stream.1.2.0):No such file or directory
1456782454759	<WARNING 7f821b289740> Unable to unlink file (stream.1.3.0):No such file or directory
1456782454763	<WARNING 7f821b289740> Unable to unlink file (stream.1.4.0):No such file or directory
1456782454767	<WARNING 7f821b289740> Unable to unlink file (stream.1.5.0):No such file or directory
1456782454771	<WARNING 7f821b289740> Unable to unlink file (stream.1.6.0):No such file or directory
1456782454775	<WARNING 7f821b289740> Unable to unlink file (stream.1.7.0):No such file or directory
1456782454779	<WARNING 7f821b289740> Unable to unlink file (stream.2.0.0):No such file or directory
1456782454783	<WARNING 7f821b289740> Unable to unlink file (stream.2.1.0):No such file or directory
1456782454787	<WARNING 7f821b289740> Unable to unlink file (stream.2.2.0):No such file or directory
1456782454791	<WARNING 7f821b289740> Unable to unlink file (stream.2.3.0):No such file or directory
1456782454796	<WARNING 7f821b289740> Unable to unlink file (stream.2.4.0):No such file or directory
1456782454800	<WARNING 7f821b289740> Unable to unlink file (stream.2.5.0):No such file or directory
1456782454803	<WARNING 7f821b289740> Unable to unlink file (stream.2.6.0):No such file or directory
1456782454807	<WARNING 7f821b289740> Unable to unlink file (stream.2.7.0):No such file or directory
1456782454811	<WARNING 7f821b289740> Unable to unlink file (stream.3.0.0):No such file or directory
1456782454815	<WARNING 7f821b289740> Unable to unlink file (stream.3.1.0):No such file or directory
1456782454818	<WARNING 7f821b289740> Unable to unlink file (stream.3.2.0):No such file or directory
1456782454823	<WARNING 7f821b289740> Unable to unlink file (stream.3.3.0):No such file or directory
1456782454827	<WARNING 7f821b289740> Unable to unlink file (stream.3.4.0):No such file or directory
1456782454831	<WARNING 7f821b289740> Unable to unlink file (stream.3.5.0):No such file or directory
1456782454834	<WARNING 7f821b289740> Unable to unlink file (stream.3.6.0):No such file or directory
1456782454838	<WARNING 7f821b289740> Unable to unlink file (stream.3.7.0):No such file or directory
1456782454842	<INFO 7f821b289740> SLIPSTORE::ZMQ_THREADS 2
1456782454845	<INFO 7f821b289740> SLIPSTORE::COMM Connecting to tcp://dco-node137-10g:5016
1456782454848	<INFO 7f821b289740> SLIPSTORE::COMM Connecting to tcp://dco-node138-10g:5034
1456782454851	<INFO 7f821b289740> SLIPSTORE::COMM Connecting to tcp://dco-node139-10g:5052
1456782454854	<INFO 7f821b289740> SLIPSTORE::COMM Connecting to tcp://dco-node140-10g:5070
1456782454857	<INFO 7f821b289740> SLIPSTORE::COMM Connecting to tcp://dco-node141-10g:5088
1456782454861	<INFO 7f821b289740> SLIPSTORE::COMM Connecting to tcp://dco-node142-10g:5106
1456782454865	<INFO 7f821b289740> SLIPSTORE::COMM Connecting to tcp://dco-node143-10g:5124
1456782454869	<INFO 7f821b289740> SLIPSTORE::COMM Connecting to tcp://dco-node144-10g:5142
1456782454872	<INFO 7f821b289740> SLIPSTORE::COMM Listening at tcp://ens1f0:5116
1456782454875	<INFO 7f821b289740> SLIPSTORE::COMM Listening at tcp://ens1f0:5117
1456782454878	<INFO 7f821b289740> SLIPSTORE::COMM Listening at tcp://ens1f0:5118
1456782454882	<INFO 7f821b289740> SLIPSTORE::COMM Listening at tcp://ens1f0:5119
1456782454885	<INFO 7f821b289740> SLIPSTORE::COMM Listening at tcp://ens1f0:5120
1456782454889	<INFO 7f821b289740> SLIPSTORE::COMM Listening at tcp://ens1f0:5121
1456782454892	<INFO 7f821b289740> SLIPSTORE::COMM Listening at ipc://client
1456782454895	<INFO 7f821b289740> SLIPSTORE::COMM Listening at tcp://ens1f0:5123
1456782454898	<INFO 7f821b289740> SLIPSTORE::COMM Connecting to tcp://dco-node137-10g:5016
1456782454901	<INFO 7f821b289740> SLIPSTORE::COMM Connecting to tcp://dco-node138-10g:5034
1456782454904	<INFO 7f821b289740> SLIPSTORE::COMM Connecting to tcp://dco-node139-10g:5052
1456782454907	<INFO 7f821b289740> SLIPSTORE::COMM Connecting to tcp://dco-node140-10g:5070
1456782454912	<INFO 7f821b289740> SLIPSTORE::COMM Connecting to tcp://dco-node141-10g:5088
1456782454915	<INFO 7f821b289740> SLIPSTORE::COMM Connecting to tcp://dco-node142-10g:5106
1456782454919	<INFO 7f821b289740> SLIPSTORE::COMM Connecting to tcp://dco-node143-10g:5124
1456782454923	<INFO 7f821b289740> SLIPSTORE::COMM Connecting to tcp://dco-node144-10g:5142
1456782454926	<INFO 7f821b289740> SLIPSTORE::COMM Connecting to tcp://dco-node137-10g:5006
1456782454930	<INFO 7f821b289740> SLIPSTORE::COMM Connecting to tcp://dco-node138-10g:5024
1456782454934	<INFO 7f821b289740> SLIPSTORE::COMM Connecting to tcp://dco-node139-10g:5042
1456782454938	<INFO 7f821b289740> SLIPSTORE::COMM Connecting to tcp://dco-node140-10g:5060
1456782454941	<INFO 7f821b289740> SLIPSTORE::COMM Connecting to tcp://dco-node141-10g:5078
1456782454944	<INFO 7f821b289740> SLIPSTORE::COMM Connecting to tcp://dco-node142-10g:5096
1456782454946	<INFO 7f821b289740> SLIPSTORE::COMM Connecting to ipc://server
1456782454950	<INFO 7f821b289740> SLIPSTORE::COMM Connecting to tcp://dco-node144-10g:5132
1456782454953	<INFO 7f821b289740> SLIPSTORE::COMM Connecting to tcp://dco-node144-10g:5143
1456782454956	<INFO 7f821b289740> SLIPSTORE::COMM Listening at tcp://ens1f0:5125
1456782454960	<INFO 7f821b289740> SLIPSTORE::COMM Connecting to tcp://dco-node143-10g:5124
1456782454962	<INFO 7f821b289740> SLIPSTORE::HELP_POLICY NONE
1456782454964	<INFO 7f821b289740> SLIPSTORE::SERVER ASYNC
1456782454966	<INFO 7f821b289740> SLIPSTORE::MACHINES 8
1456782454970	<INFO 7f821b289740> SLIPSTORE::ME 6
1456782454972	<INFO 7f821b289740> SLIPSTORE::SLIPCHUNK 4194304
1456782454974	<INFO 7f821b289740> SLIPSTORE::QUOTA 18446744073709551615
1456782454977	<INFO 7f821b289740> SLIPSTORE::IO PAGECACHE
1456782454979	<INFO 7f6404ff4700> SLIPSTORE::COMM Listening at tcp://ens1f0:5124
1456782454983	<INFO 7f6404ff4700> SLIPSTORE::COMM Listening at tcp://ens1f0:5108
1456782454985	<INFO 7f6404ff4700> SLIPSTORE::COMM Connecting to tcp://dco-node137-10g:5014
1456782454988	<INFO 7f6404ff4700> SLIPSTORE::COMM Listening at tcp://ens1f0:5109
1456782454990	<INFO 7f6404ff4700> SLIPSTORE::COMM Connecting to tcp://dco-node138-10g:5032
1456782454993	<INFO 7f6404ff4700> SLIPSTORE::COMM Listening at tcp://ens1f0:5110
1456782454997	<INFO 7f6404ff4700> SLIPSTORE::COMM Connecting to tcp://dco-node139-10g:5050
1456782455001	<INFO 7f6404ff4700> SLIPSTORE::COMM Listening at tcp://ens1f0:5111
1456782455004	<INFO 7f6404ff4700> SLIPSTORE::COMM Connecting to tcp://dco-node140-10g:5068
1456782455006	<INFO 7f6404ff4700> SLIPSTORE::COMM Listening at tcp://ens1f0:5112
1456782455008	<INFO 7f6404ff4700> SLIPSTORE::COMM Connecting to tcp://dco-node141-10g:5086
1456782455011	<INFO 7f6404ff4700> SLIPSTORE::COMM Listening at tcp://ens1f0:5113
1456782455013	<INFO 7f6404ff4700> SLIPSTORE::COMM Connecting to tcp://dco-node142-10g:5104
1456782455016	<INFO 7f6404ff4700> SLIPSTORE::COMM Listening at ipc://server
1456782455019	<INFO 7f6404ff4700> SLIPSTORE::COMM Connecting to ipc://client
1456782455022	<INFO 7f6404ff4700> SLIPSTORE::COMM Listening at tcp://ens1f0:5115
1456782455025	<INFO 7f6404ff4700> SLIPSTORE::COMM Connecting to tcp://dco-node144-10g:5140
1456782456140	<INFO 7f821b289740> SLIPSTORE::CHECKPOINTS NONE FOUND
1456782531829	<INFO 7f821b289740> 2016-02-29 22:48:51 Completed init
1456782588028	<INFO 7f821b289740> 2016-02-29 22:49:48 Completed phase 1 Bytes read 13899523356 Bytes written 7457072412
1456782720280	<INFO 7f821b289740> 2016-02-29 22:52:00 Completed phase 2 Bytes read 21759248952 Bytes written 12770418604
1456782898945	<INFO 7f821b289740> 2016-02-29 22:54:58 Completed phase 3 Bytes read 33724361188 Bytes written 17558677604
1456783068489	<INFO 7f821b289740> 2016-02-29 22:57:48 Completed phase 4 Bytes read 45567039416 Bytes written 22386603788
1456783232023	<INFO 7f821b289740> 2016-02-29 23:00:32 Completed phase 5 Bytes read 57449384828 Bytes written 27450593484
1456783394800	<INFO 7f821b289740> 2016-02-29 23:03:14 Completed phase 6 Bytes read 69567793752 Bytes written 32402847860
1456783564688	<INFO 7f821b289740> 2016-02-29 23:06:04 Completed phase 7 Bytes read 81574467356 Bytes written 37178572444
1456783564691	<INFO 7f821b289740> CORE::PARTITIONS_PROCESSED 86
1456783564693	<INFO 7f821b289740> CORE::BYTES::EDGES_STREAMED 1511351448
1456783564696	<INFO 7f821b289740> CORE::BYTES::UPDATES_OUT 862501384
1456783564699	<INFO 7f821b289740> CORE::BYTES::UPDATES_IN 871644464
1456783564701	<INFO 7f63f8ff9700> CORE::PARTITIONS_PROCESSED 227
1456783564703	<INFO 7f63f97fa700> CORE::PARTITIONS_PROCESSED 225
1456783564706	<INFO 7f63f8ff9700> CORE::BYTES::EDGES_STREAMED 1903732404
1456783564708	<INFO 7f63fb7fe700> CORE::PARTITIONS_PROCESSED 178
1456783564710	<INFO 7f63f9ffb700> CORE::PARTITIONS_PROCESSED 174
1456783564713	<INFO 7f63fa7fc700> CORE::PARTITIONS_PROCESSED 254
1456783564715	<INFO 7f63f97fa700> CORE::BYTES::EDGES_STREAMED 1729094268
1456783564718	<INFO 7f63effff700> CORE::PARTITIONS_PROCESSED 271
1456783564720	<INFO 7f63fa7fc700> CORE::BYTES::EDGES_STREAMED 1969038996
1456783564723	<INFO 7f63faffd700> CORE::PARTITIONS_PROCESSED 185
1456783564725	<INFO 7f63f8ff9700> CORE::BYTES::UPDATES_OUT 1111840944
1456783564727	<INFO 7f63f9ffb700> CORE::BYTES::EDGES_STREAMED 1828597680
1456783564730	<INFO 7f63effff700> CORE::BYTES::EDGES_STREAMED 3480274968
1456783564732	<INFO 7f63fb7fe700> CORE::BYTES::EDGES_STREAMED 1676675112
1456783564735	<INFO 7f63f8ff9700> CORE::BYTES::UPDATES_IN 892136320
1456783564737	<INFO 7f63faffd700> CORE::BYTES::EDGES_STREAMED 1693484436
1456783564740	<INFO 7f63effff700> CORE::BYTES::UPDATES_OUT 1951749920
1456783564742	<INFO 7f63f9ffb700> CORE::BYTES::UPDATES_OUT 1060211848
1456783564745	<INFO 7f63f97fa700> CORE::BYTES::UPDATES_OUT 995263448
1456783564747	<INFO 7f63faffd700> CORE::BYTES::UPDATES_OUT 970799680
1456783564750	<INFO 7f63fa7fc700> CORE::BYTES::UPDATES_OUT 1129254696
1456783564752	<INFO 7f63fb7fe700> CORE::BYTES::UPDATES_OUT 942520544
1456783564755	<INFO 7f63effff700> CORE::BYTES::UPDATES_IN 1419279720
1456783564757	<INFO 7f63f97fa700> CORE::BYTES::UPDATES_IN 985123216
1456783564759	<INFO 7f63fa7fc700> CORE::BYTES::UPDATES_IN 895626312
1456783564763	<INFO 7f63f9ffb700> CORE::BYTES::UPDATES_IN 910415928
1456783564765	<INFO 7f63faffd700> CORE::BYTES::UPDATES_IN 826142440
1456783564767	<INFO 7f63fb7fe700> CORE::BYTES::UPDATES_IN 720291440
1456783564770	<INFO 7f6404ff4700> SLIPSTORE service is exiting
1456783564773	<INFO 7f6404ff4700> SLIPSTORE::HELP_OFFERS_RECVD 98
1456783564775	<INFO 7f6404ff4700> SLIPSTORE::HELP_OFFERS_ACCEPTED 0
1456783564777	<INFO 7f6404ff4700> SLIPSTORE::HELP_ACCEPTANCE_RATIO 0
1456783564780	<INFO 7f6404ff4700> SLIPSTORE::SERVER_BUSY_DISK  725.23 seconds
1456783564782	<INFO 7f6404ff4700> SLIPSTORE::SERVER_BUSY_MEM  0 seconds
1456783564785	<INFO 7f6404ff4700> SLIPSTORE::SERVER_TOTAL  1109.95 seconds
1456783564788	<INFO 7f821b289740> SLIPSTORE::CLIENT::DISK_READ_TIME  254.533 seconds
1456783564790	<INFO 7f821b289740> SLIPSTORE::CLIENT::MEM_READ_TIME  0 seconds
1456783564792	<INFO 7f821b289740> SLIPSTORE::CLIENT::DISK_BYTES_READ 37766480776
1456783564795	<INFO 7f821b289740> SLIPSTORE::CLIENT::MEM_BYTES_READ 0
1456783564797	<INFO 7f821b289740> SLIPSTORE::CLIENT::WRITE_TIME  139.873 seconds
1456783564799	<INFO 7f821b289740> SLIPSTORE::CLIENT::BYTES_WRITTEN 6039797760
1456783564802	<INFO 7f821b289740> SLIPSTORE::CLIENT_BUSY  394.406 seconds
1456783564804	<INFO 7f821b289740> SLIPSTORE::IO::TIME 586.34 seconds
1456783564807	<INFO 7f821b289740> SLIPSTORE::SNAP::TIME 0 seconds
1456783564809	<INFO 7f821b289740> SLIPSTORE::MAX_DISK_USAGE_BYTES 11313102556
1456783565829	<INFO 7f821b289740> CORE::RUSAGE::MAX_RSS_KB 125954664
1456783565833	<INFO 7f821b289740> CORE::RUSAGE::MINFLT 31767867
1456783565837	<INFO 7f821b289740> CORE::RUSAGE::MAJFLT 31
1456783565841	<INFO 7f821b289740> CORE::RUSAGE::MAJFLT 31
1456783565844	<INFO 7f821b289740> CORE::RUSAGE::INBLK 136257528
1456783565848	<INFO 7f821b289740> CORE::RUSAGE::OUBLK 72617664
1456783565851	<INFO 7f821b289740> CORE::UTILS::BYTES_READ 81574467356
1456783565855	<INFO 7f821b289740> CORE::UTILS::BYTES_WRITTEN 37178572444
1456783565859	<INFO 7f821b289740> CORE::UTILS::TILE_COPY_BYTES 8053063680
1456783565862	<INFO 7f821b289740> CORE::TIME::IO_WAIT 358.078 seconds
1456783565866	<INFO 7f821b289740> CORE::TIME_TILE_COPY 0 seconds
1456783565869	<INFO 7f821b289740> CORE::TIME_TILE_MERGE 0 seconds
1456783565873	<INFO 7f821b289740> CORE::TIME_PROCESSING_STOLEN 0 seconds
1456783565877	<INFO 7f821b289740> CORE::TIME_MERGE_WAIT 0 seconds
1456783565880	<INFO 7f821b289740> CORE::TIME_ALL_MC_BARRIER 580.146 seconds
1456783565884	<INFO 7f821b289740> CORE::PHASES 7
1456783565887	<INFO 7f821b289740> CORE::TIME::SETUP 4.34878 seconds
1456783565891	<INFO 7f821b289740> CORE::TIME::WALL 1112.9 seconds
1456783565895	<INFO 7f821b289740> SHUTDOWN
