1461681614290	<INFO 7fb689aeb740> 2016-04-26 16:40:14 STARTUP
1461681614294	<INFO 7fb689aeb740> CORE::GRAPH rmat-28-und_s8
1461681614298	<INFO 7fb689aeb740> CORE::ALGORITHM bfs
1461681614301	<INFO 7fb689aeb740> CORE::VERTEX_STRIPING ON
1461681614305	<INFO 7fb689aeb740> CORE::OPTIMIZED_STATE_LOAD_STORE OFF
1461681614308	<INFO 7fb689aeb740> CORE::BINARY_SEARCH_SUPER_PARTITION ON
1461681614311	<INFO 7fb689aeb740> CORE::SUPER_PARTITION_COMPUTED_FOR_EACH_SCATTER_GATHER_PHASE
1461681614315	<INFO 7fb689aeb740> CORE::EDGE_STRIPING ON
1461681614319	<INFO 7fb689aeb740> CORE::BATCH IO ON
1461681614322	<INFO 7fb689aeb740> 2016-04-26 16:40:14 Blocking memory amount 126701535232
1461681720549	<INFO 7fb689aeb740> 2016-04-26 16:42:00 Done blocking memory
1461681720552	<INFO 7fb689aeb740> SG-DRIVER-ORIGINAL
1461681720556	<INFO 7fb689aeb740> 2016-04-26 16:42:00 START read config parameters
1461681720560	<INFO 7fb689aeb740> PARTITIONING::OLD 1
1461681720564	<INFO 7fb689aeb740> PARTITIONING::BALANCED_PARTITIONS 0
1461681720568	<INFO 7fb689aeb740> CORE::CONFIG::PROCESSORS 8
1461681720572	<INFO 7fb689aeb740> CORE::CONFIG::PHYSICAL_MEMORY 2147483648
1461681720576	<INFO 7fb689aeb740> CORE::CONFIG::VERTICES 268435456
1461681720580	<INFO 7fb689aeb740> CORE::CONFIG::VERTEX_SIZE 8
1461681720583	<INFO 7fb689aeb740> CORE::CONFIG::VERTEX_BUFFER 268435456
1461681720587	<INFO 7fb689aeb740> CORE::CONFIG::EDGES 1073741824
1461681720591	<INFO 7fb689aeb740> CORE::CONFIG::PARTITIONS 64
1461681720595	<INFO 7fb689aeb740> CORE::CONFIG::FANOUT 64
1461681720599	<INFO 7fb689aeb740> CORE::CONFIG::SUPER_PARTITIONS 8
1461681720603	<INFO 7fb689aeb740> CORE::CONFIG::TILES 1
1461681720607	<INFO 7fb689aeb740> CORE::CONFIG::BUFFER_SIZE 375808512
1461681720611	<INFO 7fb689aeb740> CORE::CONFIG::MAX_BUFFERS 4
1461681720615	<INFO 7fb689aeb740> CORE::CONFIG::MAX_STREAMS 4
1461681720618	<INFO 7fb689aeb740> CORE::CONFIG::SUM_OF_OUT_DEGREES_FOR_NEW_PARTITIONS::FIRST_CONSTRAINT 33554432
1461681720622	<INFO 7fb689aeb740> CORE::CONFIG::MAX_EDGES_PER_NEW_PARTITION::SECOND_CONSTRAINT 134217728
1461681720626	<INFO 7fb689aeb740> SLIPSTREAM::EXT_MEM_SHUFFLE OFF
1461681720630	<INFO 7fb689aeb740> 2016-04-26 16:42:00 END read config parameters
1461681722323	<WARNING 7fb689aeb740> Unable to unlink file (stream.0.0.0):No such file or directory
1461681722328	<WARNING 7fb689aeb740> Unable to unlink file (stream.0.1.0):No such file or directory
1461681722332	<WARNING 7fb689aeb740> Unable to unlink file (stream.0.2.0):No such file or directory
1461681722335	<WARNING 7fb689aeb740> Unable to unlink file (stream.0.3.0):No such file or directory
1461681722339	<WARNING 7fb689aeb740> Unable to unlink file (stream.0.4.0):No such file or directory
1461681722342	<WARNING 7fb689aeb740> Unable to unlink file (stream.0.5.0):No such file or directory
1461681722346	<WARNING 7fb689aeb740> Unable to unlink file (stream.0.6.0):No such file or directory
1461681722350	<WARNING 7fb689aeb740> Unable to unlink file (stream.0.7.0):No such file or directory
1461681722353	<WARNING 7fb689aeb740> Unable to unlink file (stream.1.1.0):No such file or directory
1461681722357	<WARNING 7fb689aeb740> Unable to unlink file (stream.1.2.0):No such file or directory
1461681722362	<WARNING 7fb689aeb740> Unable to unlink file (stream.1.3.0):No such file or directory
1461681722365	<WARNING 7fb689aeb740> Unable to unlink file (stream.1.4.0):No such file or directory
1461681722368	<WARNING 7fb689aeb740> Unable to unlink file (stream.1.5.0):No such file or directory
1461681722372	<WARNING 7fb689aeb740> Unable to unlink file (stream.1.6.0):No such file or directory
1461681722374	<WARNING 7fb689aeb740> Unable to unlink file (stream.1.7.0):No such file or directory
1461681722377	<WARNING 7fb689aeb740> Unable to unlink file (stream.2.0.0):No such file or directory
1461681722380	<WARNING 7fb689aeb740> Unable to unlink file (stream.2.1.0):No such file or directory
1461681722383	<WARNING 7fb689aeb740> Unable to unlink file (stream.2.2.0):No such file or directory
1461681722386	<WARNING 7fb689aeb740> Unable to unlink file (stream.2.3.0):No such file or directory
1461681722389	<WARNING 7fb689aeb740> Unable to unlink file (stream.2.4.0):No such file or directory
1461681722393	<WARNING 7fb689aeb740> Unable to unlink file (stream.2.5.0):No such file or directory
1461681722397	<WARNING 7fb689aeb740> Unable to unlink file (stream.2.6.0):No such file or directory
1461681722400	<WARNING 7fb689aeb740> Unable to unlink file (stream.2.7.0):No such file or directory
1461681722403	<WARNING 7fb689aeb740> Unable to unlink file (stream.3.0.0):No such file or directory
1461681722407	<WARNING 7fb689aeb740> Unable to unlink file (stream.3.1.0):No such file or directory
1461681722410	<WARNING 7fb689aeb740> Unable to unlink file (stream.3.2.0):No such file or directory
1461681722413	<WARNING 7fb689aeb740> Unable to unlink file (stream.3.3.0):No such file or directory
1461681722416	<WARNING 7fb689aeb740> Unable to unlink file (stream.3.4.0):No such file or directory
1461681722419	<WARNING 7fb689aeb740> Unable to unlink file (stream.3.5.0):No such file or directory
1461681722422	<WARNING 7fb689aeb740> Unable to unlink file (stream.3.6.0):No such file or directory
1461681722425	<WARNING 7fb689aeb740> Unable to unlink file (stream.3.7.0):No such file or directory
1461681722427	<INFO 7fb689aeb740> SLIPSTORE::ZMQ_THREADS 2
1461681722431	<INFO 7fb689aeb740> SLIPSTORE::COMM Connecting to tcp://dco-node137-10g:5016
1461681722434	<INFO 7fb689aeb740> SLIPSTORE::COMM Connecting to tcp://dco-node138-10g:5034
1461681722437	<INFO 7fb689aeb740> SLIPSTORE::COMM Connecting to tcp://dco-node139-10g:5052
1461681722440	<INFO 7fb689aeb740> SLIPSTORE::COMM Connecting to tcp://dco-node140-10g:5070
1461681722443	<INFO 7fb689aeb740> SLIPSTORE::COMM Connecting to tcp://dco-node141-10g:5088
1461681722446	<INFO 7fb689aeb740> SLIPSTORE::COMM Connecting to tcp://dco-node142-10g:5106
1461681722449	<INFO 7fb689aeb740> SLIPSTORE::COMM Connecting to tcp://dco-node143-10g:5124
1461681722451	<INFO 7fb689aeb740> SLIPSTORE::COMM Connecting to tcp://dco-node144-10g:5142
1461681722455	<INFO 7fb689aeb740> SLIPSTORE::COMM Listening at tcp://ens1f0:5116
1461681722457	<INFO 7fb689aeb740> SLIPSTORE::COMM Listening at tcp://ens1f0:5117
1461681722460	<INFO 7fb689aeb740> SLIPSTORE::COMM Listening at tcp://ens1f0:5118
1461681722463	<INFO 7fb689aeb740> SLIPSTORE::COMM Listening at tcp://ens1f0:5119
1461681722466	<INFO 7fb689aeb740> SLIPSTORE::COMM Listening at tcp://ens1f0:5120
1461681722468	<INFO 7fb689aeb740> SLIPSTORE::COMM Listening at tcp://ens1f0:5121
1461681722471	<INFO 7fb689aeb740> SLIPSTORE::COMM Listening at ipc://client
1461681722473	<INFO 7fb689aeb740> SLIPSTORE::COMM Listening at tcp://ens1f0:5123
1461681722476	<INFO 7fb689aeb740> SLIPSTORE::COMM Connecting to tcp://dco-node137-10g:5016
1461681722479	<INFO 7fb689aeb740> SLIPSTORE::COMM Connecting to tcp://dco-node138-10g:5034
1461681722482	<INFO 7fb689aeb740> SLIPSTORE::COMM Connecting to tcp://dco-node139-10g:5052
1461681722485	<INFO 7fb689aeb740> SLIPSTORE::COMM Connecting to tcp://dco-node140-10g:5070
1461681722488	<INFO 7fb689aeb740> SLIPSTORE::COMM Connecting to tcp://dco-node141-10g:5088
1461681722491	<INFO 7fb689aeb740> SLIPSTORE::COMM Connecting to tcp://dco-node142-10g:5106
1461681722493	<INFO 7fb689aeb740> SLIPSTORE::COMM Connecting to tcp://dco-node143-10g:5124
1461681722496	<INFO 7fb689aeb740> SLIPSTORE::COMM Connecting to tcp://dco-node144-10g:5142
1461681722499	<INFO 7fb689aeb740> SLIPSTORE::COMM Connecting to tcp://dco-node137-10g:5006
1461681722501	<INFO 7fb689aeb740> SLIPSTORE::COMM Connecting to tcp://dco-node138-10g:5024
1461681722504	<INFO 7fb689aeb740> SLIPSTORE::COMM Connecting to tcp://dco-node139-10g:5042
1461681722507	<INFO 7fb689aeb740> SLIPSTORE::COMM Connecting to tcp://dco-node140-10g:5060
1461681722509	<INFO 7fb689aeb740> SLIPSTORE::COMM Connecting to tcp://dco-node141-10g:5078
1461681722512	<INFO 7fb689aeb740> SLIPSTORE::COMM Connecting to tcp://dco-node142-10g:5096
1461681722514	<INFO 7fb689aeb740> SLIPSTORE::COMM Connecting to ipc://server
1461681722517	<INFO 7fb689aeb740> SLIPSTORE::COMM Connecting to tcp://dco-node144-10g:5132
1461681722519	<INFO 7fb689aeb740> SLIPSTORE::COMM Connecting to tcp://dco-node144-10g:5143
1461681722522	<INFO 7fb689aeb740> SLIPSTORE::COMM Listening at tcp://ens1f0:5125
1461681722524	<INFO 7fb689aeb740> SLIPSTORE::COMM Connecting to tcp://dco-node143-10g:5124
1461681722527	<INFO 7fb689aeb740> SLIPSTORE::HELP_POLICY HEURISTIC_NEW
1461681722529	<INFO 7fb689aeb740> SLIPSTORE::SERVER ASYNC
1461681722532	<INFO 7fb689aeb740> SLIPSTORE::MACHINES 8
1461681722534	<INFO 7fb689aeb740> SLIPSTORE::ME 6
1461681722537	<INFO 7fb689aeb740> SLIPSTORE::SLIPCHUNK 4194304
1461681722539	<INFO 7fb689aeb740> SLIPSTORE::QUOTA 18446744073709551615
1461681722541	<INFO 7fb689aeb740> SLIPSTORE::IO PAGECACHE
1461681722544	<INFO 7f986b3fc700> SLIPSTORE::COMM Listening at tcp://ens1f0:5124
1461681722546	<INFO 7f986b3fc700> SLIPSTORE::COMM Listening at tcp://ens1f0:5108
1461681722549	<INFO 7f986b3fc700> SLIPSTORE::COMM Connecting to tcp://dco-node137-10g:5014
1461681722551	<INFO 7f986b3fc700> SLIPSTORE::COMM Listening at tcp://ens1f0:5109
1461681722553	<INFO 7f986b3fc700> SLIPSTORE::COMM Connecting to tcp://dco-node138-10g:5032
1461681722556	<INFO 7f986b3fc700> SLIPSTORE::COMM Listening at tcp://ens1f0:5110
1461681722558	<INFO 7f986b3fc700> SLIPSTORE::COMM Connecting to tcp://dco-node139-10g:5050
1461681722560	<INFO 7f986b3fc700> SLIPSTORE::COMM Listening at tcp://ens1f0:5111
1461681722563	<INFO 7f986b3fc700> SLIPSTORE::COMM Connecting to tcp://dco-node140-10g:5068
1461681722565	<INFO 7f986b3fc700> SLIPSTORE::COMM Listening at tcp://ens1f0:5112
1461681722567	<INFO 7f986b3fc700> SLIPSTORE::COMM Connecting to tcp://dco-node141-10g:5086
1461681722570	<INFO 7f986b3fc700> SLIPSTORE::COMM Listening at tcp://ens1f0:5113
1461681722572	<INFO 7f986b3fc700> SLIPSTORE::COMM Connecting to tcp://dco-node142-10g:5104
1461681722575	<INFO 7f986b3fc700> SLIPSTORE::COMM Listening at ipc://server
1461681722577	<INFO 7f986b3fc700> SLIPSTORE::COMM Connecting to ipc://client
1461681722580	<INFO 7f986b3fc700> SLIPSTORE::COMM Listening at tcp://ens1f0:5115
1461681722582	<INFO 7f986b3fc700> SLIPSTORE::COMM Connecting to tcp://dco-node144-10g:5140
1461681724101	<INFO 7fb689aeb740> SLIPSTORE::CHECKPOINTS NONE FOUND
1461681724103	<INFO 7fb689aeb740> 2016-04-26 16:42:04 Start edge split
1461681828974	<INFO 7fb689aeb740> 2016-04-26 16:43:48 Completed init
1461681830176	<INFO 7fb689aeb740> 2016-04-26 16:43:50 Started gather
1461681834096	<INFO 7fb689aeb740> 2016-04-26 16:43:54 Completed gather
1461681834174	<INFO 7fb689aeb740> 2016-04-26 16:43:54 Started scatter
1461681856968	<INFO 7fb689aeb740> 2016-04-26 16:44:16 Completed scatter
1461681856970	<INFO 7fb689aeb740> 2016-04-26 16:44:16 Started helping 0
1461681900188	<INFO 7fb689aeb740> 2016-04-26 16:45:00 Completed helping 0
1461681900239	<INFO 7fb689aeb740> 2016-04-26 16:45:00 Completed phase 1 Bytes read 26317719608 Bytes written 13235338240
1461681900267	<INFO 7fb689aeb740> 2016-04-26 16:45:00 Started gather
1461681905098	<INFO 7fb689aeb740> 2016-04-26 16:45:05 Completed gather
1461681921726	<INFO 7fb689aeb740> 2016-04-26 16:45:21 Started scatter
1461681946898	<INFO 7fb689aeb740> 2016-04-26 16:45:46 Completed scatter
1461681947075	<INFO 7fb689aeb740> 2016-04-26 16:45:47 Started helping 0
1461682002898	<INFO 7fb689aeb740> 2016-04-26 16:46:42 Completed helping 0
1461682004337	<INFO 7fb689aeb740> 2016-04-26 16:46:44 Completed phase 2 Bytes read 39687275576 Bytes written 18167313808
1461682004360	<INFO 7fb689aeb740> 2016-04-26 16:46:44 Started gather
1461682021982	<INFO 7fb689aeb740> 2016-04-26 16:47:01 Completed gather
1461682022099	<INFO 7fb689aeb740> 2016-04-26 16:47:02 Started helping 0
1461682041721	<INFO 7fb689aeb740> 2016-04-26 16:47:21 Completed helping 0
1461682247300	<INFO 7fb689aeb740> 2016-04-26 16:50:47 Started scatter
1461682276462	<INFO 7fb689aeb740> 2016-04-26 16:51:16 Completed scatter
1461682276593	<INFO 7fb689aeb740> 2016-04-26 16:51:16 Started helping 0
1461682325187	<INFO 7fb689aeb740> 2016-04-26 16:52:05 Completed helping 0
1461682327167	<INFO 7fb689aeb740> 2016-04-26 16:52:07 Completed phase 3 Bytes read 57850742272 Bytes written 22246139048
1461682327192	<INFO 7fb689aeb740> 2016-04-26 16:52:07 Started gather
1461682343551	<INFO 7fb689aeb740> 2016-04-26 16:52:23 Completed gather
1461682343575	<INFO 7fb689aeb740> 2016-04-26 16:52:23 Started helping 0
1461682353721	<INFO 7fb689aeb740> 2016-04-26 16:52:33 Completed helping 0
1461682513735	<INFO 7fb689aeb740> 2016-04-26 16:55:13 Started scatter
1461682537221	<INFO 7fb689aeb740> 2016-04-26 16:55:37 Completed scatter
1461682537638	<INFO 7fb689aeb740> 2016-04-26 16:55:37 Started helping 0
1461682578194	<INFO 7fb689aeb740> 2016-04-26 16:56:18 Completed helping 0
1461682578512	<INFO 7fb689aeb740> 2016-04-26 16:56:18 Completed phase 4 Bytes read 75161058640 Bytes written 22534625576
1461682578535	<INFO 7fb689aeb740> 2016-04-26 16:56:18 Started gather
1461682583569	<INFO 7fb689aeb740> 2016-04-26 16:56:23 Completed gather
1461682608697	<INFO 7fb689aeb740> 2016-04-26 16:56:48 Started scatter
1461682632101	<INFO 7fb689aeb740> 2016-04-26 16:57:12 Completed scatter
1461682632393	<INFO 7fb689aeb740> 2016-04-26 16:57:12 Started helping 0
1461682672357	<INFO 7fb689aeb740> 2016-04-26 16:57:52 Completed helping 0
1461682673336	<INFO 7fb689aeb740> 2016-04-26 16:57:53 Completed phase 5 Bytes read 88546818568 Bytes written 22803114152
1461682673359	<INFO 7fb689aeb740> 2016-04-26 16:57:53 Started gather
1461682679729	<INFO 7fb689aeb740> 2016-04-26 16:57:59 Completed gather
1461682695911	<INFO 7fb689aeb740> 2016-04-26 16:58:15 Started scatter
1461682718920	<INFO 7fb689aeb740> 2016-04-26 16:58:38 Completed scatter
1461682718923	<INFO 7fb689aeb740> 2016-04-26 16:58:38 Started helping 0
1461682760195	<INFO 7fb689aeb740> 2016-04-26 16:59:20 Completed helping 0
1461682760246	<INFO 7fb689aeb740> 2016-04-26 16:59:20 Completed phase 6 Bytes read 101912580544 Bytes written 23071549712
1461682760268	<INFO 7fb689aeb740> 2016-04-26 16:59:20 Started gather
1461682765888	<INFO 7fb689aeb740> 2016-04-26 16:59:25 Completed gather
1461682772573	<INFO 7fb689aeb740> 2016-04-26 16:59:32 Started scatter
1461682796096	<INFO 7fb689aeb740> 2016-04-26 16:59:56 Completed scatter
1461682796198	<INFO 7fb689aeb740> 2016-04-26 16:59:56 Started helping 0
1461682836983	<INFO 7fb689aeb740> 2016-04-26 17:00:36 Completed helping 0
1461682837361	<INFO 7fb689aeb740> 2016-04-26 17:00:37 Completed phase 7 Bytes read 115278289504 Bytes written 23339985168
1461682837364	<INFO 7fb689aeb740> ALGORITHM::BFS::VERTICES_DISCOVERED 12681475
1461682837366	<INFO 7fb689aeb740> ALGORITHM::BFS::EDGES_EXPLORED 1000482421
1461682837369	<INFO 7fb689aeb740> CORE::PARTITIONS_PROCESSED 65
1461682837371	<INFO 7fb689aeb740> CORE::BYTES::EDGES_STREAMED 8672705016
1461682837373	<INFO 7fb689aeb740> CORE::BYTES::UPDATES_OUT 886034288
1461682837376	<INFO 7fb689aeb740> CORE::BYTES::UPDATES_IN 543039840
1461682837378	<INFO 7f9869bf9700> CORE::PARTITIONS_PROCESSED 126
1461682837380	<INFO 7f9869bf9700> CORE::BYTES::EDGES_STREAMED 8507703840
1461682837383	<INFO 7f9869bf9700> CORE::BYTES::UPDATES_OUT 741270912
1461682837385	<INFO 7f9869bf9700> CORE::BYTES::UPDATES_IN 467822184
1461682837387	<INFO 7f986a3fa700> CORE::PARTITIONS_PROCESSED 126
1461682837389	<INFO 7f9868bf7700> CORE::PARTITIONS_PROCESSED 120
1461682837392	<INFO 7f985effd700> CORE::PARTITIONS_PROCESSED 187
1461682837394	<INFO 7f9868bf7700> CORE::BYTES::EDGES_STREAMED 9618889644
1461682837396	<INFO 7f986a3fa700> CORE::BYTES::EDGES_STREAMED 8762162532
1461682837398	<INFO 7f985effd700> CORE::BYTES::EDGES_STREAMED 16103069352
1461682837400	<INFO 7f986a3fa700> CORE::BYTES::UPDATES_OUT 867990920
1461682837403	<INFO 7f9868bf7700> CORE::BYTES::UPDATES_OUT 939289216
1461682837405	<INFO 7f985effd700> CORE::BYTES::UPDATES_OUT 1711638008
1461682837407	<INFO 7f986a3fa700> CORE::BYTES::UPDATES_IN 503256216
1461682837409	<INFO 7f9868bf7700> CORE::BYTES::UPDATES_IN 545924984
1461682837411	<INFO 7f985ffff700> CORE::PARTITIONS_PROCESSED 154
1461682837414	<INFO 7f985f7fe700> CORE::PARTITIONS_PROCESSED 155
1461682837416	<INFO 7f985effd700> CORE::BYTES::UPDATES_IN 958411224
1461682837418	<INFO 7f98693f8700> CORE::PARTITIONS_PROCESSED 166
1461682837421	<INFO 7f985f7fe700> CORE::BYTES::EDGES_STREAMED 9742521444
1461682837423	<INFO 7f985f7fe700> CORE::BYTES::UPDATES_OUT 925231984
1461682837425	<INFO 7f98693f8700> CORE::BYTES::EDGES_STREAMED 9995330256
1461682837427	<INFO 7f985f7fe700> CORE::BYTES::UPDATES_IN 591300512
1461682837430	<INFO 7f985ffff700> CORE::BYTES::EDGES_STREAMED 10196278572
1461682837432	<INFO 7f985ffff700> CORE::BYTES::UPDATES_OUT 933863360
1461682837434	<INFO 7f98693f8700> CORE::BYTES::UPDATES_OUT 998540680
1461682837436	<INFO 7f98693f8700> CORE::BYTES::UPDATES_IN 506324792
1461682837439	<INFO 7f985ffff700> CORE::BYTES::UPDATES_IN 585306200
1461682837441	<INFO 7f986b3fc700> SLIPSTORE service is exiting
1461682837443	<INFO 7f986b3fc700> SLIPSTORE::HELP_OFFERS_RECVD 98
1461682837445	<INFO 7f986b3fc700> SLIPSTORE::HELP_OFFERS_ACCEPTED 0
1461682837448	<INFO 7f986b3fc700> SLIPSTORE::HELP_ACCEPTANCE_RATIO 0
1461682837450	<INFO 7f986b3fc700> SLIPSTORE::SERVER_BUSY_DISK  586.26 seconds
1461682837452	<INFO 7f986b3fc700> SLIPSTORE::SERVER_BUSY_MEM  0.313039 seconds
1461682837454	<INFO 7f986b3fc700> SLIPSTORE::SERVER_TOTAL  1115.01 seconds
1461682837457	<INFO 7fb689aeb740> SLIPSTORE::CLIENT::DISK_READ_TIME  549.884 seconds
1461682837459	<INFO 7fb689aeb740> SLIPSTORE::CLIENT::MEM_READ_TIME  0 seconds
1461682837461	<INFO 7fb689aeb740> SLIPSTORE::CLIENT::DISK_BYTES_READ 105539306596
1461682837463	<INFO 7fb689aeb740> SLIPSTORE::CLIENT::MEM_BYTES_READ 0
1461682837466	<INFO 7fb689aeb740> SLIPSTORE::CLIENT::WRITE_TIME  122.508 seconds
1461682837468	<INFO 7fb689aeb740> SLIPSTORE::CLIENT::BYTES_WRITTEN 2147483648
1461682837470	<INFO 7fb689aeb740> SLIPSTORE::CLIENT_BUSY  672.392 seconds
1461682837472	<INFO 7fb689aeb740> SLIPSTORE::IO::TIME 522.489 seconds
1461682837474	<INFO 7fb689aeb740> SLIPSTORE::SNAP::TIME 0 seconds
1461682837477	<INFO 7fb689aeb740> SLIPSTORE::MAX_DISK_USAGE_BYTES 17626595784
1461682837479	<INFO 7fb689aeb740> CORE::RUSAGE::MAX_RSS_KB 125958936
1461682837481	<INFO 7fb689aeb740> CORE::RUSAGE::MINFLT 36179338
1461682837484	<INFO 7fb689aeb740> CORE::RUSAGE::MAJFLT 6
1461682837486	<INFO 7fb689aeb740> CORE::RUSAGE::MAJFLT 6
1461682837489	<INFO 7fb689aeb740> CORE::RUSAGE::INBLK 212560600
1461682837491	<INFO 7fb689aeb740> CORE::RUSAGE::OUBLK 45589752
1461682837493	<INFO 7fb689aeb740> CORE::UTILS::BYTES_READ 115278289504
1461682837495	<INFO 7fb689aeb740> CORE::UTILS::BYTES_WRITTEN 23339985168
1461682837498	<INFO 7fb689aeb740> CORE::UTILS::TILE_COPY_BYTES 6174015488
1461682837500	<INFO 7fb689aeb740> CORE::TIME::IO_WAIT 577.682 seconds
1461682837502	<INFO 7fb689aeb740> CORE::TIME_TILE_COPY 52.2061 seconds
1461682837504	<INFO 7fb689aeb740> CORE::TIME_TILE_MERGE 0 seconds
1461682837507	<INFO 7fb689aeb740> CORE::TIME_PROCESSING_STOLEN 283.355 seconds
1461682837509	<INFO 7fb689aeb740> CORE::TIME_MERGE_WAIT 4.41786 seconds
1461682837512	<INFO 7fb689aeb740> CORE::OTHER_TIME_ALL_MC_BARRIER 0 seconds
1461682837514	<INFO 7fb689aeb740> CORE::SCATTER_TIME_ALL_MC_BARRIER 4.50719 seconds
1461682837517	<INFO 7fb689aeb740> CORE::GATHER_TIME_ALL_MC_BARRIER 0.0179 seconds
1461682837519	<INFO 7fb689aeb740> CORE::INIT_TIME_ALL_MC_BARRIER 4.29326 seconds
1461682837522	<INFO 7fb689aeb740> CORE::SHUT_DOWN_TIME_ALL_MC_BARRIER 0.004056 seconds
1461682837524	<INFO 7fb689aeb740> CORE::STREAM_SKIP_BEFORE_TIME_ALL_MC_BARRIER 0.233335 seconds
1461682837527	<INFO 7fb689aeb740> CORE::TAKE_CHECKPOINT_BEFORE_TIME_ALL_MC_BARRIER 0 seconds
1461682837529	<INFO 7fb689aeb740> CORE::TAKE_CHECKPOINT_COMPLETE_TIME_ALL_MC_BARRIER 0 seconds
1461682837531	<INFO 7fb689aeb740> CORE::METADATA_WRITE_COMPLETE_TIME_ALL_MC_BARRIER 0 seconds
1461682837534	<INFO 7fb689aeb740> CORE::STREAM_EOF_BEFORE_TIME_ALL_MC_BARRIER 0 seconds
1461682837537	<INFO 7fb689aeb740> CORE::STREAM_EOF_AFTER_TIME_ALL_MC_BARRIER 0 seconds
1461682837539	<INFO 7fb689aeb740> CORE::STATE_LOAD_TIME_ALL_MC_BARRIER 0 seconds
1461682837542	<INFO 7fb689aeb740> CORE::STATE_STORE_TIME_ALL_MC_BARRIER 0 seconds
1461682837544	<INFO 7fb689aeb740> CORE::PHASES 7
1461682837547	<INFO 7fb689aeb740> CORE::TIME::SETUP 3.5654 seconds
1461682837550	<INFO 7fb689aeb740> CORE::TIME::STATE_ITER 0.976634 seconds
1461682837552	<INFO 7fb689aeb740> CORE::TIME::GATHER 520.159 seconds
1461682837555	<INFO 7fb689aeb740> CORE::TIME::SCATTER 486.968 seconds
1461682837558	<INFO 7fb689aeb740> CORE::TIME::WALL 1116.83 seconds
1461682837560	<INFO 7fb689aeb740> SHUTDOWN
