1461708404267	<INFO 7fa64466c740> 2016-04-27 00:06:44 STARTUP
1461708404271	<INFO 7fa64466c740> CORE::GRAPH rmat-28_s8
1461708404275	<INFO 7fa64466c740> CORE::ALGORITHM pagerank
1461708404278	<INFO 7fa64466c740> CORE::VERTEX_STRIPING OFF
1461708404282	<INFO 7fa64466c740> CORE::OPTIMIZED_STATE_LOAD_STORE ON
1461708404286	<INFO 7fa64466c740> CORE::BINARY_SEARCH_SUPER_PARTITION ON
1461708404290	<INFO 7fa64466c740> CORE::SUPER_PARTITION_COMPUTED_FOR_EACH_SCATTER_GATHER_PHASE
1461708404293	<INFO 7fa64466c740> CORE::EDGE_STRIPING ON
1461708404297	<INFO 7fa64466c740> CORE::BATCH IO ON
1461708404301	<INFO 7fa64466c740> 2016-04-27 00:06:44 Blocking memory amount 126701535232
1461708513105	<INFO 7fa64466c740> 2016-04-27 00:08:33 Done blocking memory
1461708513109	<INFO 7fa64466c740> SG-DRIVER-ORIGINAL
1461708513112	<INFO 7fa64466c740> 2016-04-27 00:08:33 START read config parameters
1461708513116	<INFO 7fa64466c740> PARTITIONING::OLD 0
1461708513120	<INFO 7fa64466c740> PARTITIONING::BALANCED_PARTITIONS 0
1461708513124	<INFO 7fa64466c740> CORE::CONFIG::PROCESSORS 8
1461708513128	<INFO 7fa64466c740> CORE::CONFIG::PHYSICAL_MEMORY 2147483648
1461708513131	<INFO 7fa64466c740> CORE::CONFIG::VERTICES 268435456
1461708513135	<INFO 7fa64466c740> CORE::CONFIG::VERTEX_SIZE 12
1461708513139	<INFO 7fa64466c740> CORE::CONFIG::VERTEX_BUFFER 1402204788
1461708513143	<INFO 7fa64466c740> CORE::CONFIG::EDGES 536870912
1461708513146	<INFO 7fa64466c740> CORE::CONFIG::PARTITIONS 64
1461708513150	<INFO 7fa64466c740> CORE::CONFIG::FANOUT 64
1461708513154	<INFO 7fa64466c740> CORE::CONFIG::SUPER_PARTITIONS 8
1461708513157	<INFO 7fa64466c740> CORE::CONFIG::TILES 1
1461708513161	<INFO 7fa64466c740> CORE::CONFIG::BUFFER_SIZE 149054645
1461708513165	<INFO 7fa64466c740> CORE::CONFIG::MAX_BUFFERS 4
1461708513169	<INFO 7fa64466c740> CORE::CONFIG::MAX_STREAMS 4
1461708513173	<INFO 7fa64466c740> CORE::CONFIG::SUM_OF_OUT_DEGREES_FOR_NEW_PARTITIONS::FIRST_CONSTRAINT 536870912
1461708513176	<INFO 7fa64466c740> CORE::CONFIG::MAX_EDGES_PER_NEW_PARTITION::SECOND_CONSTRAINT 536870912
1461708513180	<INFO 7fa64466c740> SLIPSTREAM::EXT_MEM_SHUFFLE OFF
1461708513184	<INFO 7fa64466c740> 2016-04-27 00:08:33 END read config parameters
1461708514919	<WARNING 7fa64466c740> Unable to unlink file (stream.0.0.0):No such file or directory
1461708514923	<WARNING 7fa64466c740> Unable to unlink file (stream.0.1.0):No such file or directory
1461708514927	<WARNING 7fa64466c740> Unable to unlink file (stream.0.2.0):No such file or directory
1461708514931	<WARNING 7fa64466c740> Unable to unlink file (stream.0.3.0):No such file or directory
1461708514935	<WARNING 7fa64466c740> Unable to unlink file (stream.0.4.0):No such file or directory
1461708514939	<WARNING 7fa64466c740> Unable to unlink file (stream.0.5.0):No such file or directory
1461708514943	<WARNING 7fa64466c740> Unable to unlink file (stream.0.6.0):No such file or directory
1461708514948	<WARNING 7fa64466c740> Unable to unlink file (stream.0.7.0):No such file or directory
1461708514952	<WARNING 7fa64466c740> Unable to unlink file (stream.1.1.0):No such file or directory
1461708514956	<WARNING 7fa64466c740> Unable to unlink file (stream.1.2.0):No such file or directory
1461708514960	<WARNING 7fa64466c740> Unable to unlink file (stream.1.3.0):No such file or directory
1461708514964	<WARNING 7fa64466c740> Unable to unlink file (stream.1.4.0):No such file or directory
1461708514968	<WARNING 7fa64466c740> Unable to unlink file (stream.1.5.0):No such file or directory
1461708514973	<WARNING 7fa64466c740> Unable to unlink file (stream.1.6.0):No such file or directory
1461708514977	<WARNING 7fa64466c740> Unable to unlink file (stream.1.7.0):No such file or directory
1461708514980	<WARNING 7fa64466c740> Unable to unlink file (stream.2.0.0):No such file or directory
1461708514984	<WARNING 7fa64466c740> Unable to unlink file (stream.2.1.0):No such file or directory
1461708514988	<WARNING 7fa64466c740> Unable to unlink file (stream.2.2.0):No such file or directory
1461708514992	<WARNING 7fa64466c740> Unable to unlink file (stream.2.3.0):No such file or directory
1461708514995	<WARNING 7fa64466c740> Unable to unlink file (stream.2.4.0):No such file or directory
1461708514999	<WARNING 7fa64466c740> Unable to unlink file (stream.2.5.0):No such file or directory
1461708515002	<WARNING 7fa64466c740> Unable to unlink file (stream.2.6.0):No such file or directory
1461708515006	<WARNING 7fa64466c740> Unable to unlink file (stream.2.7.0):No such file or directory
1461708515009	<WARNING 7fa64466c740> Unable to unlink file (stream.3.0.0):No such file or directory
1461708515012	<WARNING 7fa64466c740> Unable to unlink file (stream.3.1.0):No such file or directory
1461708515017	<WARNING 7fa64466c740> Unable to unlink file (stream.3.2.0):No such file or directory
1461708515020	<WARNING 7fa64466c740> Unable to unlink file (stream.3.3.0):No such file or directory
1461708515024	<WARNING 7fa64466c740> Unable to unlink file (stream.3.4.0):No such file or directory
1461708515028	<WARNING 7fa64466c740> Unable to unlink file (stream.3.5.0):No such file or directory
1461708515031	<WARNING 7fa64466c740> Unable to unlink file (stream.3.6.0):No such file or directory
1461708515034	<WARNING 7fa64466c740> Unable to unlink file (stream.3.7.0):No such file or directory
1461708515037	<INFO 7fa64466c740> SLIPSTORE::ZMQ_THREADS 2
1461708515041	<INFO 7fa64466c740> SLIPSTORE::COMM Connecting to tcp://dco-node137-10g:5016
1461708515044	<INFO 7fa64466c740> SLIPSTORE::COMM Connecting to tcp://dco-node138-10g:5034
1461708515047	<INFO 7fa64466c740> SLIPSTORE::COMM Connecting to tcp://dco-node139-10g:5052
1461708515050	<INFO 7fa64466c740> SLIPSTORE::COMM Connecting to tcp://dco-node140-10g:5070
1461708515054	<INFO 7fa64466c740> SLIPSTORE::COMM Connecting to tcp://dco-node141-10g:5088
1461708515056	<INFO 7fa64466c740> SLIPSTORE::COMM Connecting to tcp://dco-node142-10g:5106
1461708515059	<INFO 7fa64466c740> SLIPSTORE::COMM Connecting to tcp://dco-node143-10g:5124
1461708515062	<INFO 7fa64466c740> SLIPSTORE::COMM Connecting to tcp://dco-node144-10g:5142
1461708515064	<INFO 7fa64466c740> SLIPSTORE::COMM Listening at tcp://ens1f0:5080
1461708515067	<INFO 7fa64466c740> SLIPSTORE::COMM Listening at tcp://ens1f0:5081
1461708515070	<INFO 7fa64466c740> SLIPSTORE::COMM Listening at tcp://ens1f0:5082
1461708515073	<INFO 7fa64466c740> SLIPSTORE::COMM Listening at tcp://ens1f0:5083
1461708515075	<INFO 7fa64466c740> SLIPSTORE::COMM Listening at ipc://client
1461708515078	<INFO 7fa64466c740> SLIPSTORE::COMM Listening at tcp://ens1f0:5085
1461708515081	<INFO 7fa64466c740> SLIPSTORE::COMM Listening at tcp://ens1f0:5086
1461708515084	<INFO 7fa64466c740> SLIPSTORE::COMM Listening at tcp://ens1f0:5087
1461708515086	<INFO 7fa64466c740> SLIPSTORE::COMM Connecting to tcp://dco-node137-10g:5016
1461708515089	<INFO 7fa64466c740> SLIPSTORE::COMM Connecting to tcp://dco-node138-10g:5034
1461708515092	<INFO 7fa64466c740> SLIPSTORE::COMM Connecting to tcp://dco-node139-10g:5052
1461708515095	<INFO 7fa64466c740> SLIPSTORE::COMM Connecting to tcp://dco-node140-10g:5070
1461708515097	<INFO 7fa64466c740> SLIPSTORE::COMM Connecting to tcp://dco-node141-10g:5088
1461708515099	<INFO 7fa64466c740> SLIPSTORE::COMM Connecting to tcp://dco-node142-10g:5106
1461708515102	<INFO 7fa64466c740> SLIPSTORE::COMM Connecting to tcp://dco-node143-10g:5124
1461708515104	<INFO 7fa64466c740> SLIPSTORE::COMM Connecting to tcp://dco-node144-10g:5142
1461708515107	<INFO 7fa64466c740> SLIPSTORE::COMM Connecting to tcp://dco-node137-10g:5004
1461708515109	<INFO 7fa64466c740> SLIPSTORE::COMM Connecting to tcp://dco-node138-10g:5022
1461708515111	<INFO 7fa64466c740> SLIPSTORE::COMM Connecting to tcp://dco-node139-10g:5040
1461708515114	<INFO 7fa64466c740> SLIPSTORE::COMM Connecting to tcp://dco-node140-10g:5058
1461708515116	<INFO 7fa64466c740> SLIPSTORE::COMM Connecting to ipc://server
1461708515119	<INFO 7fa64466c740> SLIPSTORE::COMM Connecting to tcp://dco-node142-10g:5094
1461708515121	<INFO 7fa64466c740> SLIPSTORE::COMM Connecting to tcp://dco-node143-10g:5112
1461708515124	<INFO 7fa64466c740> SLIPSTORE::COMM Connecting to tcp://dco-node144-10g:5130
1461708515126	<INFO 7fa64466c740> SLIPSTORE::COMM Connecting to tcp://dco-node142-10g:5107
1461708515129	<INFO 7fa64466c740> SLIPSTORE::COMM Listening at tcp://ens1f0:5089
1461708515131	<INFO 7fa64466c740> SLIPSTORE::COMM Connecting to tcp://dco-node141-10g:5088
1461708515134	<INFO 7fa64466c740> SLIPSTORE::HELP_POLICY NONE
1461708515136	<INFO 7fa64466c740> SLIPSTORE::SERVER ASYNC
1461708515138	<INFO 7fa64466c740> SLIPSTORE::MACHINES 8
1461708515141	<INFO 7fa64466c740> SLIPSTORE::ME 4
1461708515144	<INFO 7fa64466c740> SLIPSTORE::SLIPCHUNK 4194304
1461708515146	<INFO 7fa64466c740> SLIPSTORE::QUOTA 18446744073709551615
1461708515149	<INFO 7fa64466c740> SLIPSTORE::IO PAGECACHE
1461708515151	<INFO 7f88263f8700> SLIPSTORE::COMM Listening at tcp://ens1f0:5088
1461708515154	<INFO 7f88263f8700> SLIPSTORE::COMM Listening at tcp://ens1f0:5072
1461708515156	<INFO 7f88263f8700> SLIPSTORE::COMM Connecting to tcp://dco-node137-10g:5012
1461708515159	<INFO 7f88263f8700> SLIPSTORE::COMM Listening at tcp://ens1f0:5073
1461708515161	<INFO 7f88263f8700> SLIPSTORE::COMM Connecting to tcp://dco-node138-10g:5030
1461708515163	<INFO 7f88263f8700> SLIPSTORE::COMM Listening at tcp://ens1f0:5074
1461708515166	<INFO 7f88263f8700> SLIPSTORE::COMM Connecting to tcp://dco-node139-10g:5048
1461708515168	<INFO 7f88263f8700> SLIPSTORE::COMM Listening at tcp://ens1f0:5075
1461708515171	<INFO 7f88263f8700> SLIPSTORE::COMM Connecting to tcp://dco-node140-10g:5066
1461708515173	<INFO 7f88263f8700> SLIPSTORE::COMM Listening at ipc://server
1461708515175	<INFO 7f88263f8700> SLIPSTORE::COMM Connecting to ipc://client
1461708515178	<INFO 7f88263f8700> SLIPSTORE::COMM Listening at tcp://ens1f0:5077
1461708515180	<INFO 7f88263f8700> SLIPSTORE::COMM Connecting to tcp://dco-node142-10g:5102
1461708515182	<INFO 7f88263f8700> SLIPSTORE::COMM Listening at tcp://ens1f0:5078
1461708515184	<INFO 7f88263f8700> SLIPSTORE::COMM Connecting to tcp://dco-node143-10g:5120
1461708515187	<INFO 7f88263f8700> SLIPSTORE::COMM Listening at tcp://ens1f0:5079
1461708515190	<INFO 7f88263f8700> SLIPSTORE::COMM Connecting to tcp://dco-node144-10g:5138
1461708515192	<INFO 7fa64466c740> SLIPSTORE::CHECKPOINTS NONE FOUND
1461708515195	<INFO 7fa64466c740> 2016-04-27 00:08:35 Start edge split
1461708566253	<INFO 7fa64466c740> 2016-04-27 00:09:26 Completed init
1461708572410	<INFO 7fa64466c740> 2016-04-27 00:09:32 Started gather
1461708573044	<INFO 7fa64466c740> 2016-04-27 00:09:33 Completed gather
1461708574826	<INFO 7fa64466c740> 2016-04-27 00:09:34 Started scatter
1461708608615	<INFO 7fa64466c740> 2016-04-27 00:10:08 Completed scatter
1461708608638	<INFO 7fa64466c740> 2016-04-27 00:10:08 Completed phase 1 Bytes read 13290181008 Bytes written 6847730064
1461708619153	<INFO 7fa64466c740> 2016-04-27 00:10:19 Started gather
1461708619156	<INFO 7fa64466c740> 2016-04-27 00:10:19 Completed gather
1461708619185	<INFO 7fa64466c740> 2016-04-27 00:10:19 Started gather
1461708667110	<INFO 7fa64466c740> 2016-04-27 00:11:07 Completed gather
1461708669091	<INFO 7fa64466c740> 2016-04-27 00:11:09 Completed phase 2 Bytes read 20137911072 Bytes written 11493882000
1461708682821	<INFO 7fa64466c740> 2016-04-27 00:11:22 Started gather
1461708707168	<INFO 7fa64466c740> 2016-04-27 00:11:47 Completed gather
1461708873122	<INFO 7fa64466c740> 2016-04-27 00:14:33 Started scatter
1461708921174	<INFO 7fa64466c740> 2016-04-27 00:15:21 Completed scatter
1461708921679	<INFO 7fa64466c740> 2016-04-27 00:15:21 Completed phase 3 Bytes read 31254271056 Bytes written 16159078456
1461708936383	<INFO 7fa64466c740> 2016-04-27 00:15:36 Started gather
1461708959806	<INFO 7fa64466c740> 2016-04-27 00:15:59 Completed gather
1461709118994	<INFO 7fa64466c740> 2016-04-27 00:18:38 Started scatter
1461709167305	<INFO 7fa64466c740> 2016-04-27 00:19:27 Completed scatter
1461709168081	<INFO 7fa64466c740> 2016-04-27 00:19:28 Completed phase 4 Bytes read 42389675560 Bytes written 20915812488
1461709182565	<INFO 7fa64466c740> 2016-04-27 00:19:42 Started gather
1461709208910	<INFO 7fa64466c740> 2016-04-27 00:20:08 Completed gather
1461709367949	<INFO 7fa64466c740> 2016-04-27 00:22:47 Started scatter
1461709415555	<INFO 7fa64466c740> 2016-04-27 00:23:35 Completed scatter
1461709416389	<INFO 7fa64466c740> 2016-04-27 00:23:36 Completed phase 5 Bytes read 53616617640 Bytes written 25574316064
1461709430988	<INFO 7fa64466c740> 2016-04-27 00:23:50 Started gather
1461709458895	<INFO 7fa64466c740> 2016-04-27 00:24:18 Completed gather
1461709612380	<INFO 7fa64466c740> 2016-04-27 00:26:52 Started scatter
1461709660032	<INFO 7fa64466c740> 2016-04-27 00:27:40 Completed scatter
1461709661269	<INFO 7fa64466c740> 2016-04-27 00:27:41 Completed phase 6 Bytes read 64745329264 Bytes written 30244914320
1461709675616	<INFO 7fa64466c740> 2016-04-27 00:27:55 Started gather
1461709700991	<INFO 7fa64466c740> 2016-04-27 00:28:20 Completed gather
1461709856812	<INFO 7fa64466c740> 2016-04-27 00:30:56 Started scatter
1461709904958	<INFO 7fa64466c740> 2016-04-27 00:31:44 Completed scatter
1461709906322	<INFO 7fa64466c740> 2016-04-27 00:31:46 Completed phase 7 Bytes read 75886135568 Bytes written 34950135368
1461709911374	<INFO 7fa64466c740> CORE::PARTITIONS_PROCESSED 693
1461709911377	<INFO 7fa64466c740> CORE::BYTES::EDGES_STREAMED 5019263028
1461709911380	<INFO 7fa64466c740> CORE::BYTES::UPDATES_OUT 2880550752
1461709911382	<INFO 7fa64466c740> CORE::BYTES::UPDATES_IN 2413169952
1461709911384	<INFO 7f881bfff700> CORE::PARTITIONS_PROCESSED 552
1461709911386	<INFO 7f881bfff700> CORE::BYTES::EDGES_STREAMED 5010773760
1461709911389	<INFO 7f881bfff700> CORE::BYTES::UPDATES_OUT 2835469648
1461709911391	<INFO 7f881bfff700> CORE::BYTES::UPDATES_IN 2233626840
1461709911393	<INFO 7f8819ffb700> CORE::PARTITIONS_PROCESSED 738
1461709911396	<INFO 7f8824bf5700> CORE::PARTITIONS_PROCESSED 2144
1461709911398	<INFO 7f88253f6700> CORE::PARTITIONS_PROCESSED 548
1461709911400	<INFO 7f881affd700> CORE::PARTITIONS_PROCESSED 1433
1461709911402	<INFO 7f8819ffb700> CORE::BYTES::EDGES_STREAMED 5059832616
1461709911405	<INFO 7f881affd700> CORE::BYTES::EDGES_STREAMED 8539490460
1461709911407	<INFO 7f881a7fc700> CORE::PARTITIONS_PROCESSED 1712
1461709911409	<INFO 7f8824bf5700> CORE::BYTES::EDGES_STREAMED 4702341276
1461709911411	<INFO 7f881b7fe700> CORE::PARTITIONS_PROCESSED 1780
1461709911414	<INFO 7f881affd700> CORE::BYTES::UPDATES_OUT 4800543112
1461709911416	<INFO 7f88253f6700> CORE::BYTES::EDGES_STREAMED 5052745116
1461709911418	<INFO 7f881a7fc700> CORE::BYTES::EDGES_STREAMED 5126364684
1461709911421	<INFO 7f881b7fe700> CORE::BYTES::EDGES_STREAMED 6589689708
1461709911423	<INFO 7f88253f6700> CORE::BYTES::UPDATES_OUT 2893606176
1461709911425	<INFO 7f881a7fc700> CORE::BYTES::UPDATES_OUT 2937524712
1461709911428	<INFO 7f881affd700> CORE::BYTES::UPDATES_IN 4527787392
1461709911430	<INFO 7f8819ffb700> CORE::BYTES::UPDATES_OUT 2924946640
1461709911432	<INFO 7f8824bf5700> CORE::BYTES::UPDATES_OUT 2696196096
1461709911434	<INFO 7f88253f6700> CORE::BYTES::UPDATES_IN 2215381848
1461709911436	<INFO 7f881b7fe700> CORE::BYTES::UPDATES_OUT 3802877520
1461709911438	<INFO 7f881b7fe700> CORE::BYTES::UPDATES_IN 2842470904
1461709911441	<INFO 7f881a7fc700> CORE::BYTES::UPDATES_IN 2552805928
1461709911443	<INFO 7f8824bf5700> CORE::BYTES::UPDATES_IN 2092060024
1461709911445	<INFO 7f8819ffb700> CORE::BYTES::UPDATES_IN 2597083792
1461709911448	<INFO 7f88263f8700> SLIPSTORE service is exiting
1461709911450	<INFO 7f88263f8700> SLIPSTORE::HELP_OFFERS_RECVD 98
1461709911453	<INFO 7f88263f8700> SLIPSTORE::HELP_OFFERS_ACCEPTED 0
1461709911455	<INFO 7f88263f8700> SLIPSTORE::HELP_ACCEPTANCE_RATIO 0
1461709911458	<INFO 7f88263f8700> SLIPSTORE::SERVER_BUSY_DISK  480.969 seconds
1461709911460	<INFO 7f88263f8700> SLIPSTORE::SERVER_BUSY_MEM  0 seconds
1461709911462	<INFO 7f88263f8700> SLIPSTORE::SERVER_TOTAL  1396.43 seconds
1461709911464	<INFO 7fa64466c740> SLIPSTORE::CLIENT::DISK_READ_TIME  392.425 seconds
1461709911466	<INFO 7fa64466c740> SLIPSTORE::CLIENT::MEM_READ_TIME  0 seconds
1461709911469	<INFO 7fa64466c740> SLIPSTORE::CLIENT::DISK_BYTES_READ 75689352484
1461709911471	<INFO 7fa64466c740> SLIPSTORE::CLIENT::MEM_BYTES_READ 0
1461709911473	<INFO 7fa64466c740> SLIPSTORE::CLIENT::WRITE_TIME  149.347 seconds
1461709911476	<INFO 7fa64466c740> SLIPSTORE::CLIENT::BYTES_WRITTEN 2642654112
1461709911478	<INFO 7fa64466c740> SLIPSTORE::CLIENT_BUSY  541.772 seconds
1461709911480	<INFO 7fa64466c740> SLIPSTORE::IO::TIME 455.529 seconds
1461709911482	<INFO 7fa64466c740> SLIPSTORE::SNAP::TIME 0 seconds
1461709911485	<INFO 7fa64466c740> SLIPSTORE::MAX_DISK_USAGE_BYTES 11226942080
1461709912788	<INFO 7fa64466c740> CORE::RUSAGE::MAX_RSS_KB 125961016
1461709912792	<INFO 7fa64466c740> CORE::RUSAGE::MINFLT 37265971
1461709912795	<INFO 7fa64466c740> CORE::RUSAGE::MAJFLT 6
1461709912799	<INFO 7fa64466c740> CORE::RUSAGE::MAJFLT 6
1461709912802	<INFO 7fa64466c740> CORE::RUSAGE::INBLK 146528608
1461709912805	<INFO 7fa64466c740> CORE::RUSAGE::OUBLK 68262472
1461709912809	<INFO 7fa64466c740> CORE::UTILS::BYTES_READ 75886135568
1461709912813	<INFO 7fa64466c740> CORE::UTILS::BYTES_WRITTEN 34950135368
1461709912816	<INFO 7fa64466c740> CORE::UTILS::TILE_COPY_BYTES 2642654112
1461709912820	<INFO 7fa64466c740> CORE::TIME::IO_WAIT 357.952 seconds
1461709912823	<INFO 7fa64466c740> CORE::TIME_TILE_COPY 0 seconds
1461709912827	<INFO 7fa64466c740> CORE::TIME_TILE_MERGE 0 seconds
1461709912830	<INFO 7fa64466c740> CORE::TIME_PROCESSING_STOLEN 0 seconds
1461709912834	<INFO 7fa64466c740> CORE::TIME_MERGE_WAIT 0 seconds
1461709912838	<INFO 7fa64466c740> CORE::OTHER_TIME_ALL_MC_BARRIER 0 seconds
1461709912842	<INFO 7fa64466c740> CORE::SCATTER_TIME_ALL_MC_BARRIER 3.71623 seconds
1461709912846	<INFO 7fa64466c740> CORE::GATHER_TIME_ALL_MC_BARRIER 1.80504 seconds
1461709912849	<INFO 7fa64466c740> CORE::INIT_TIME_ALL_MC_BARRIER 0.52609 seconds
1461709912852	<INFO 7fa64466c740> CORE::SHUT_DOWN_TIME_ALL_MC_BARRIER 0.003762 seconds
1461709912857	<INFO 7fa64466c740> CORE::STREAM_SKIP_BEFORE_TIME_ALL_MC_BARRIER 50.6715 seconds
1461709912860	<INFO 7fa64466c740> CORE::TAKE_CHECKPOINT_BEFORE_TIME_ALL_MC_BARRIER 0 seconds
1461709912864	<INFO 7fa64466c740> CORE::TAKE_CHECKPOINT_COMPLETE_TIME_ALL_MC_BARRIER 0 seconds
1461709912868	<INFO 7fa64466c740> CORE::METADATA_WRITE_COMPLETE_TIME_ALL_MC_BARRIER 0 seconds
1461709912872	<INFO 7fa64466c740> CORE::STREAM_EOF_BEFORE_TIME_ALL_MC_BARRIER 0 seconds
1461709912875	<INFO 7fa64466c740> CORE::STREAM_EOF_AFTER_TIME_ALL_MC_BARRIER 0 seconds
1461709912879	<INFO 7fa64466c740> CORE::STATE_LOAD_TIME_ALL_MC_BARRIER 0 seconds
1461709912883	<INFO 7fa64466c740> CORE::STATE_STORE_TIME_ALL_MC_BARRIER 0 seconds
1461709912886	<INFO 7fa64466c740> CORE::PHASES 7
1461709912890	<INFO 7fa64466c740> CORE::TIME::SETUP 3.43493 seconds
1461709912894	<INFO 7fa64466c740> CORE::TIME::STATE_ITER 37.7351 seconds
1461709912897	<INFO 7fa64466c740> CORE::TIME::GATHER 973.971 seconds
1461709912901	<INFO 7fa64466c740> CORE::TIME::SCATTER 328.078 seconds
1461709912904	<INFO 7fa64466c740> CORE::TIME::WALL 1399.68 seconds
1461709912908	<INFO 7fa64466c740> SHUTDOWN
