1459266608837	<INFO 7f1aecec1740> 2016-03-29 17:50:08 STARTUP
1459266608840	<INFO 7f1aecec1740> CORE::GRAPH rmat-24-und_s8
1459266608845	<INFO 7f1aecec1740> CORE::ALGORITHM bfs
1459266608848	<INFO 7f1aecec1740> CORE::VERTEX_STRIPING OFF
1459266608852	<INFO 7f1aecec1740> 2016-03-29 17:50:08 Blocking memory amount 126701535232
1459266715688	<INFO 7f1aecec1740> 2016-03-29 17:51:55 Done blocking memory
1459266715692	<INFO 7f1aecec1740> SG-DRIVER-ORIGINAL
1459266715696	<INFO 7f1aecec1740> 2016-03-29 17:51:55 START read config parameters
1459266715699	<INFO 7f1aecec1740> PARTITIONING::OLD 1
1459266715703	<INFO 7f1aecec1740> CORE::CONFIG::PROCESSORS 8
1459266715707	<INFO 7f1aecec1740> CORE::CONFIG::PHYSICAL_MEMORY 2147483648
1459266715711	<INFO 7f1aecec1740> CORE::CONFIG::VERTICES 16777216
1459266715714	<INFO 7f1aecec1740> CORE::CONFIG::VERTEX_SIZE 8
1459266715718	<INFO 7f1aecec1740> CORE::CONFIG::VERTEX_BUFFER 16777216
1459266715722	<INFO 7f1aecec1740> CORE::CONFIG::EDGES 67108864
1459266715725	<INFO 7f1aecec1740> CORE::CONFIG::PARTITIONS 64
1459266715729	<INFO 7f1aecec1740> CORE::CONFIG::FANOUT 64
1459266715733	<INFO 7f1aecec1740> CORE::CONFIG::SUPER_PARTITIONS 8
1459266715737	<INFO 7f1aecec1740> CORE::CONFIG::TILES 1
1459266715740	<INFO 7f1aecec1740> CORE::CONFIG::BUFFER_SIZE 426140160
1459266715744	<INFO 7f1aecec1740> CORE::CONFIG::MAX_BUFFERS 4
1459266715748	<INFO 7f1aecec1740> CORE::CONFIG::MAX_STREAMS 4
1459266715752	<INFO 7f1aecec1740> CORE::CONFIG::SUM_OF_OUT_DEGREES_FOR_NEW_PARTITIONS::FIRST_CONSTRAINT 2097152
1459266715755	<INFO 7f1aecec1740> CORE::CONFIG::MAX_EDGES_PER_NEW_PARTITION::SECOND_CONSTRAINT 8388608
1459266715759	<INFO 7f1aecec1740> SLIPSTREAM::EXT_MEM_SHUFFLE OFF
1459266715763	<INFO 7f1aecec1740> 2016-03-29 17:51:55 END read config parameters
1459266717758	<INFO 7f1aecec1740> SLIPSTORE::ZMQ_THREADS 2
1459266717762	<INFO 7f1aecec1740> SLIPSTORE::COMM Connecting to tcp://dco-node137-10g:5016
1459266717766	<INFO 7f1aecec1740> SLIPSTORE::COMM Connecting to tcp://dco-node138-10g:5034
1459266717770	<INFO 7f1aecec1740> SLIPSTORE::COMM Connecting to tcp://dco-node139-10g:5052
1459266717774	<INFO 7f1aecec1740> SLIPSTORE::COMM Connecting to tcp://dco-node140-10g:5070
1459266717778	<INFO 7f1aecec1740> SLIPSTORE::COMM Connecting to tcp://dco-node141-10g:5088
1459266717783	<INFO 7f1aecec1740> SLIPSTORE::COMM Connecting to tcp://dco-node142-10g:5106
1459266717786	<INFO 7f1aecec1740> SLIPSTORE::COMM Connecting to tcp://dco-node143-10g:5124
1459266717791	<INFO 7f1aecec1740> SLIPSTORE::COMM Connecting to tcp://dco-node144-10g:5142
1459266717795	<INFO 7f1aecec1740> SLIPSTORE::COMM Listening at tcp://ens1f0:5116
1459266717799	<INFO 7f1aecec1740> SLIPSTORE::COMM Listening at tcp://ens1f0:5117
1459266717803	<INFO 7f1aecec1740> SLIPSTORE::COMM Listening at tcp://ens1f0:5118
1459266717807	<INFO 7f1aecec1740> SLIPSTORE::COMM Listening at tcp://ens1f0:5119
1459266717810	<INFO 7f1aecec1740> SLIPSTORE::COMM Listening at tcp://ens1f0:5120
1459266717814	<INFO 7f1aecec1740> SLIPSTORE::COMM Listening at tcp://ens1f0:5121
1459266717818	<INFO 7f1aecec1740> SLIPSTORE::COMM Listening at ipc://client
1459266717822	<INFO 7f1aecec1740> SLIPSTORE::COMM Listening at tcp://ens1f0:5123
1459266717825	<INFO 7f1aecec1740> SLIPSTORE::COMM Connecting to tcp://dco-node137-10g:5016
1459266717829	<INFO 7f1aecec1740> SLIPSTORE::COMM Connecting to tcp://dco-node138-10g:5034
1459266717833	<INFO 7f1aecec1740> SLIPSTORE::COMM Connecting to tcp://dco-node139-10g:5052
1459266717837	<INFO 7f1aecec1740> SLIPSTORE::COMM Connecting to tcp://dco-node140-10g:5070
1459266717841	<INFO 7f1aecec1740> SLIPSTORE::COMM Connecting to tcp://dco-node141-10g:5088
1459266717844	<INFO 7f1aecec1740> SLIPSTORE::COMM Connecting to tcp://dco-node142-10g:5106
1459266717848	<INFO 7f1aecec1740> SLIPSTORE::COMM Connecting to tcp://dco-node143-10g:5124
1459266717852	<INFO 7f1aecec1740> SLIPSTORE::COMM Connecting to tcp://dco-node144-10g:5142
1459266717856	<INFO 7f1aecec1740> SLIPSTORE::COMM Connecting to tcp://dco-node137-10g:5006
1459266717859	<INFO 7f1aecec1740> SLIPSTORE::COMM Connecting to tcp://dco-node138-10g:5024
1459266717863	<INFO 7f1aecec1740> SLIPSTORE::COMM Connecting to tcp://dco-node139-10g:5042
1459266717867	<INFO 7f1aecec1740> SLIPSTORE::COMM Connecting to tcp://dco-node140-10g:5060
1459266717871	<INFO 7f1aecec1740> SLIPSTORE::COMM Connecting to tcp://dco-node141-10g:5078
1459266717874	<INFO 7f1aecec1740> SLIPSTORE::COMM Connecting to tcp://dco-node142-10g:5096
1459266717877	<INFO 7f1aecec1740> SLIPSTORE::COMM Connecting to ipc://server
1459266717881	<INFO 7f1aecec1740> SLIPSTORE::COMM Connecting to tcp://dco-node144-10g:5132
1459266717885	<INFO 7f1aecec1740> SLIPSTORE::COMM Connecting to tcp://dco-node144-10g:5143
1459266717889	<INFO 7f1aecec1740> SLIPSTORE::COMM Listening at tcp://ens1f0:5125
1459266717892	<INFO 7f1aecec1740> SLIPSTORE::COMM Connecting to tcp://dco-node143-10g:5124
1459266717896	<INFO 7f1aecec1740> SLIPSTORE::HELP_POLICY HEURISTIC_NEW
1459266717900	<INFO 7f1aecec1740> SLIPSTORE::SERVER ASYNC
1459266717903	<INFO 7f1aecec1740> SLIPSTORE::MACHINES 8
1459266717907	<INFO 7f1aecec1740> SLIPSTORE::ME 6
1459266717911	<INFO 7f1aecec1740> SLIPSTORE::SLIPCHUNK 4194304
1459266717914	<INFO 7f1aecec1740> SLIPSTORE::QUOTA 18446744073709551615
1459266717918	<INFO 7f1aecec1740> SLIPSTORE::IO PAGECACHE
1459266717921	<INFO 7efcce7f9700> SLIPSTORE::COMM Listening at tcp://ens1f0:5124
1459266717924	<INFO 7efcce7f9700> SLIPSTORE::COMM Listening at tcp://ens1f0:5108
1459266717928	<INFO 7efcce7f9700> SLIPSTORE::COMM Connecting to tcp://dco-node137-10g:5014
1459266717931	<INFO 7efcce7f9700> SLIPSTORE::COMM Listening at tcp://ens1f0:5109
1459266717935	<INFO 7efcce7f9700> SLIPSTORE::COMM Connecting to tcp://dco-node138-10g:5032
1459266717938	<INFO 7efcce7f9700> SLIPSTORE::COMM Listening at tcp://ens1f0:5110
1459266717942	<INFO 7efcce7f9700> SLIPSTORE::COMM Connecting to tcp://dco-node139-10g:5050
1459266717946	<INFO 7efcce7f9700> SLIPSTORE::COMM Listening at tcp://ens1f0:5111
1459266717950	<INFO 7efcce7f9700> SLIPSTORE::COMM Connecting to tcp://dco-node140-10g:5068
1459266717954	<INFO 7efcce7f9700> SLIPSTORE::COMM Listening at tcp://ens1f0:5112
1459266717957	<INFO 7efcce7f9700> SLIPSTORE::COMM Connecting to tcp://dco-node141-10g:5086
1459266717961	<INFO 7efcce7f9700> SLIPSTORE::COMM Listening at tcp://ens1f0:5113
1459266717965	<INFO 7efcce7f9700> SLIPSTORE::COMM Connecting to tcp://dco-node142-10g:5104
1459266717968	<INFO 7efcce7f9700> SLIPSTORE::COMM Listening at ipc://server
1459266717972	<INFO 7efcce7f9700> SLIPSTORE::COMM Connecting to ipc://client
1459266717976	<INFO 7efcce7f9700> SLIPSTORE::COMM Listening at tcp://ens1f0:5115
1459266717980	<INFO 7efcce7f9700> SLIPSTORE::COMM Connecting to tcp://dco-node144-10g:5140
1459266719963	<INFO 7f1aecec1740> SLIPSTORE::CHECKPOINTS NONE FOUND
1459266719966	<INFO 7f1aecec1740> 2016-03-29 17:51:59 Start edge split
1459266719969	<INFO 7f1aecec1740> 2016-03-29 17:51:59 Check1
1459266719971	<INFO 7f1aecec1740> 2016-03-29 17:51:59 Check2
1459266719974	<INFO 7f1aecec1740> 2016-03-29 17:51:59 Check3
1459266719977	<INFO 7f1aecec1740> 2016-03-29 17:51:59 Check4
1459266719979	<INFO 7f1aecec1740> 2016-03-29 17:51:59 Check5
1459266719981	<INFO 7f1aecec1740> 2016-03-29 17:51:59 Check7
1459266719983	<INFO 7f1aecec1740> 2016-03-29 17:51:59 CheckA
1459266719986	<INFO 7f1aecec1740> 2016-03-29 17:51:59 CheckB
1459266719988	<INFO 7f1aecec1740> 2016-03-29 17:51:59 CheckC
1459266719990	<INFO 7f1aecec1740> 2016-03-29 17:51:59 CheckD
1459266719993	<INFO 7f1aecec1740> 2016-03-29 17:51:59 CheckE
1459266719996	<INFO 7f1aecec1740> 2016-03-29 17:51:59 CheckF
1459266719998	<INFO 7f1aecec1740> 2016-03-29 17:51:59 CheckG
1459266720000	<INFO 7f1aecec1740> 2016-03-29 17:51:59 CheckH
1459266720003	<INFO 7f1aecec1740> 2016-03-29 17:51:59 CheckI
1459266721824	<INFO 7f1aecec1740> 2016-03-29 17:52:01 CheckJ
1459266721827	<INFO 7f1aecec1740> 2016-03-29 17:52:01 CheckK
1459266721831	<INFO 7f1aecec1740> 2016-03-29 17:52:01 CheckL
1459266721834	<INFO 7f1aecec1740> 2016-03-29 17:52:01 CheckM
1459266721837	<INFO 7f1aecec1740> 2016-03-29 17:52:01 CheckN
1459266722217	<INFO 7f1aecec1740> 2016-03-29 17:52:02 CheckO
1459266722220	<INFO 7f1aecec1740> 2016-03-29 17:52:02 CheckP
1459266722222	<INFO 7f1aecec1740> 2016-03-29 17:52:02 CheckQ
1459266722225	<INFO 7f1aecec1740> 2016-03-29 17:52:02 CheckI
1459266723454	<INFO 7f1aecec1740> 2016-03-29 17:52:03 CheckJ
1459266723457	<INFO 7f1aecec1740> 2016-03-29 17:52:03 CheckK
1459266723459	<INFO 7f1aecec1740> 2016-03-29 17:52:03 CheckL
1459266723462	<INFO 7f1aecec1740> 2016-03-29 17:52:03 CheckM
1459266723464	<INFO 7f1aecec1740> 2016-03-29 17:52:03 CheckN
1459266724639	<INFO 7f1aecec1740> 2016-03-29 17:52:04 CheckO
1459266724642	<INFO 7f1aecec1740> 2016-03-29 17:52:04 CheckP
1459266724645	<INFO 7f1aecec1740> 2016-03-29 17:52:04 CheckQ
1459266724648	<INFO 7f1aecec1740> 2016-03-29 17:52:04 CheckI
1459266724682	<INFO 7f1aecec1740> 2016-03-29 17:52:04 Check8
1459266725782	<INFO 7f1aecec1740> 2016-03-29 17:52:05 Check9
1459266725785	<INFO 7f1aecec1740> 2016-03-29 17:52:05 Completed init
1459266725854	<INFO 7f1aecec1740> 2016-03-29 17:52:05 Started gather
1459266725881	<INFO 7f1aecec1740> 2016-03-29 17:52:05 CheckA
1459266725883	<INFO 7f1aecec1740> 2016-03-29 17:52:05 CheckB
1459266725886	<INFO 7f1aecec1740> 2016-03-29 17:52:05 CheckC
1459266725888	<INFO 7f1aecec1740> 2016-03-29 17:52:05 CheckD
1459266725890	<INFO 7f1aecec1740> 2016-03-29 17:52:05 CheckE
1459266725893	<INFO 7f1aecec1740> 2016-03-29 17:52:05 CheckF
1459266725895	<INFO 7f1aecec1740> 2016-03-29 17:52:05 CheckG
1459266725898	<INFO 7f1aecec1740> 2016-03-29 17:52:05 CheckH
1459266725900	<INFO 7f1aecec1740> 2016-03-29 17:52:05 CheckI
1459266725945	<INFO 7f1aecec1740> 2016-03-29 17:52:05 Completed gather
1459266726080	<INFO 7f1aecec1740> 2016-03-29 17:52:06 Started scatter
1459266726107	<INFO 7f1aecec1740> 2016-03-29 17:52:06 CheckA
1459266726110	<INFO 7f1aecec1740> 2016-03-29 17:52:06 CheckB
1459266726112	<INFO 7f1aecec1740> 2016-03-29 17:52:06 CheckC
1459266726115	<INFO 7f1aecec1740> 2016-03-29 17:52:06 CheckD
1459266726118	<INFO 7f1aecec1740> 2016-03-29 17:52:06 CheckE
1459266726121	<INFO 7f1aecec1740> 2016-03-29 17:52:06 CheckF
1459266726123	<INFO 7f1aecec1740> 2016-03-29 17:52:06 CheckG
1459266726128	<INFO 7f1aecec1740> 2016-03-29 17:52:06 CheckH
1459266726132	<INFO 7f1aecec1740> 2016-03-29 17:52:06 CheckI
1459266726641	<INFO 7f1aecec1740> 2016-03-29 17:52:06 CheckJ
1459266726644	<INFO 7f1aecec1740> 2016-03-29 17:52:06 CheckK
1459266726647	<INFO 7f1aecec1740> 2016-03-29 17:52:06 CheckL
1459266726649	<INFO 7f1aecec1740> 2016-03-29 17:52:06 CheckM
1459266726652	<INFO 7f1aecec1740> 2016-03-29 17:52:06 CheckN
1459266726768	<INFO 7f1aecec1740> 2016-03-29 17:52:06 CheckO
1459266726771	<INFO 7f1aecec1740> 2016-03-29 17:52:06 CheckP
1459266726774	<INFO 7f1aecec1740> 2016-03-29 17:52:06 CheckQ
1459266726776	<INFO 7f1aecec1740> 2016-03-29 17:52:06 CheckI
1459266726778	<INFO 7f1aecec1740> 2016-03-29 17:52:06 Completed scatter
1459266726781	<INFO 7f1aecec1740> 2016-03-29 17:52:06 Started helping 0
1459266726978	<INFO 7f1aecec1740> 2016-03-29 17:52:06 CheckA
1459266726981	<INFO 7f1aecec1740> 2016-03-29 17:52:06 CheckB
1459266726983	<INFO 7f1aecec1740> 2016-03-29 17:52:06 CheckC
1459266726986	<INFO 7f1aecec1740> 2016-03-29 17:52:06 CheckD
1459266726990	<INFO 7f1aecec1740> 2016-03-29 17:52:06 CheckE
1459266726997	<INFO 7f1aecec1740> 2016-03-29 17:52:06 CheckF
1459266727000	<INFO 7f1aecec1740> 2016-03-29 17:52:06 CheckG
1459266727003	<INFO 7f1aecec1740> 2016-03-29 17:52:06 CheckH
1459266727008	<INFO 7f1aecec1740> 2016-03-29 17:52:06 CheckI
1459266727479	<INFO 7f1aecec1740> 2016-03-29 17:52:07 CheckJ
1459266727481	<INFO 7f1aecec1740> 2016-03-29 17:52:07 CheckK
1459266727483	<INFO 7f1aecec1740> 2016-03-29 17:52:07 CheckL
1459266727486	<INFO 7f1aecec1740> 2016-03-29 17:52:07 CheckM
1459266727488	<INFO 7f1aecec1740> 2016-03-29 17:52:07 CheckN
1459266727640	<INFO 7f1aecec1740> 2016-03-29 17:52:07 CheckO
1459266727643	<INFO 7f1aecec1740> 2016-03-29 17:52:07 CheckP
1459266727645	<INFO 7f1aecec1740> 2016-03-29 17:52:07 CheckQ
1459266727648	<INFO 7f1aecec1740> 2016-03-29 17:52:07 CheckI
1459266727650	<INFO 7f1aecec1740> 2016-03-29 17:52:07 Completed helping 0
1459266727698	<INFO 7f1aecec1740> 2016-03-29 17:52:07 Completed phase 1 Bytes read 1618398404 Bytes written 813730004
1459266727724	<INFO 7f1aecec1740> 2016-03-29 17:52:07 Started gather
1459266727752	<INFO 7f1aecec1740> 2016-03-29 17:52:07 CheckA
1459266727755	<INFO 7f1aecec1740> 2016-03-29 17:52:07 CheckB
1459266727757	<INFO 7f1aecec1740> 2016-03-29 17:52:07 CheckC
1459266727760	<INFO 7f1aecec1740> 2016-03-29 17:52:07 CheckD
1459266727762	<INFO 7f1aecec1740> 2016-03-29 17:52:07 CheckE
1459266727764	<INFO 7f1aecec1740> 2016-03-29 17:52:07 CheckF
1459266727767	<INFO 7f1aecec1740> 2016-03-29 17:52:07 CheckG
1459266727769	<INFO 7f1aecec1740> 2016-03-29 17:52:07 CheckH
1459266727771	<INFO 7f1aecec1740> 2016-03-29 17:52:07 CheckI
1459266727773	<INFO 7f1aecec1740> 2016-03-29 17:52:07 CheckJ
1459266727776	<INFO 7f1aecec1740> 2016-03-29 17:52:07 CheckK
1459266727778	<INFO 7f1aecec1740> 2016-03-29 17:52:07 CheckL
1459266727781	<INFO 7f1aecec1740> 2016-03-29 17:52:07 CheckM
1459266727783	<INFO 7f1aecec1740> 2016-03-29 17:52:07 CheckN
1459266727785	<INFO 7f1aecec1740> 2016-03-29 17:52:07 CheckO
1459266727788	<INFO 7f1aecec1740> 2016-03-29 17:52:07 CheckP
1459266727790	<INFO 7f1aecec1740> 2016-03-29 17:52:07 CheckQ
1459266727792	<INFO 7f1aecec1740> 2016-03-29 17:52:07 CheckI
1459266727854	<INFO 7f1aecec1740> 2016-03-29 17:52:07 Completed gather
1459266727934	<INFO 7f1aecec1740> 2016-03-29 17:52:07 Started scatter
1459266727969	<INFO 7f1aecec1740> 2016-03-29 17:52:07 CheckA
1459266727972	<INFO 7f1aecec1740> 2016-03-29 17:52:07 CheckB
1459266727975	<INFO 7f1aecec1740> 2016-03-29 17:52:07 CheckC
1459266727978	<INFO 7f1aecec1740> 2016-03-29 17:52:07 CheckD
1459266727981	<INFO 7f1aecec1740> 2016-03-29 17:52:07 CheckE
1459266727983	<INFO 7f1aecec1740> 2016-03-29 17:52:07 CheckF
1459266727987	<INFO 7f1aecec1740> 2016-03-29 17:52:07 CheckG
1459266727989	<INFO 7f1aecec1740> 2016-03-29 17:52:07 CheckH
1459266727993	<INFO 7f1aecec1740> 2016-03-29 17:52:07 CheckI
1459266728474	<INFO 7f1aecec1740> 2016-03-29 17:52:08 CheckJ
1459266728477	<INFO 7f1aecec1740> 2016-03-29 17:52:08 CheckK
1459266728479	<INFO 7f1aecec1740> 2016-03-29 17:52:08 CheckL
1459266728482	<INFO 7f1aecec1740> 2016-03-29 17:52:08 CheckM
1459266728484	<INFO 7f1aecec1740> 2016-03-29 17:52:08 CheckN
1459266728695	<INFO 7f1aecec1740> 2016-03-29 17:52:08 CheckO
1459266728698	<INFO 7f1aecec1740> 2016-03-29 17:52:08 CheckP
1459266728700	<INFO 7f1aecec1740> 2016-03-29 17:52:08 CheckQ
1459266728703	<INFO 7f1aecec1740> 2016-03-29 17:52:08 CheckI
1459266728705	<INFO 7f1aecec1740> 2016-03-29 17:52:08 Completed scatter
1459266728938	<INFO 7f1aecec1740> 2016-03-29 17:52:08 Started helping 0
1459266729087	<INFO 7f1aecec1740> 2016-03-29 17:52:09 CheckA
1459266729089	<INFO 7f1aecec1740> 2016-03-29 17:52:09 CheckB
1459266729092	<INFO 7f1aecec1740> 2016-03-29 17:52:09 CheckC
1459266729094	<INFO 7f1aecec1740> 2016-03-29 17:52:09 CheckD
1459266729096	<INFO 7f1aecec1740> 2016-03-29 17:52:09 CheckE
1459266729099	<INFO 7f1aecec1740> 2016-03-29 17:52:09 CheckF
1459266729101	<INFO 7f1aecec1740> 2016-03-29 17:52:09 CheckG
1459266729105	<INFO 7f1aecec1740> 2016-03-29 17:52:09 CheckH
1459266729108	<INFO 7f1aecec1740> 2016-03-29 17:52:09 CheckI
1459266729983	<INFO 7f1aecec1740> 2016-03-29 17:52:09 CheckJ
1459266729986	<INFO 7f1aecec1740> 2016-03-29 17:52:09 CheckK
1459266729988	<INFO 7f1aecec1740> 2016-03-29 17:52:09 CheckL
1459266729990	<INFO 7f1aecec1740> 2016-03-29 17:52:09 CheckM
1459266729993	<INFO 7f1aecec1740> 2016-03-29 17:52:09 CheckN
1459266730299	<INFO 7f1aecec1740> 2016-03-29 17:52:10 CheckO
1459266730303	<INFO 7f1aecec1740> 2016-03-29 17:52:10 CheckP
1459266730306	<INFO 7f1aecec1740> 2016-03-29 17:52:10 CheckQ
1459266730308	<INFO 7f1aecec1740> 2016-03-29 17:52:10 CheckI
1459266730311	<INFO 7f1aecec1740> 2016-03-29 17:52:10 Completed helping 0
1459266730822	<INFO 7f1aecec1740> 2016-03-29 17:52:10 Completed phase 2 Bytes read 2432128408 Bytes written 1150108300
1459266730850	<INFO 7f1aecec1740> 2016-03-29 17:52:10 Started gather
1459266730877	<INFO 7f1aecec1740> 2016-03-29 17:52:10 CheckA
1459266730879	<INFO 7f1aecec1740> 2016-03-29 17:52:10 CheckB
1459266730883	<INFO 7f1aecec1740> 2016-03-29 17:52:10 CheckC
1459266730885	<INFO 7f1aecec1740> 2016-03-29 17:52:10 CheckD
1459266730888	<INFO 7f1aecec1740> 2016-03-29 17:52:10 CheckE
1459266730891	<INFO 7f1aecec1740> 2016-03-29 17:52:10 CheckF
1459266730893	<INFO 7f1aecec1740> 2016-03-29 17:52:10 CheckG
1459266730897	<INFO 7f1aecec1740> 2016-03-29 17:52:10 CheckH
1459266730904	<INFO 7f1aecec1740> 2016-03-29 17:52:10 CheckI
1459266731131	<INFO 7f1aecec1740> 2016-03-29 17:52:11 CheckJ
1459266731134	<INFO 7f1aecec1740> 2016-03-29 17:52:11 CheckK
1459266731137	<INFO 7f1aecec1740> 2016-03-29 17:52:11 CheckL
1459266731140	<INFO 7f1aecec1740> 2016-03-29 17:52:11 CheckM
1459266731142	<INFO 7f1aecec1740> 2016-03-29 17:52:11 CheckN
1459266731208	<INFO 7f1aecec1740> 2016-03-29 17:52:11 CheckO
1459266731211	<INFO 7f1aecec1740> 2016-03-29 17:52:11 CheckP
1459266731214	<INFO 7f1aecec1740> 2016-03-29 17:52:11 CheckQ
1459266731217	<INFO 7f1aecec1740> 2016-03-29 17:52:11 CheckI
1459266731387	<INFO 7f1aecec1740> 2016-03-29 17:52:11 Completed gather
1459266731399	<INFO 7f1aecec1740> 2016-03-29 17:52:11 Started helping 0
1459266731521	<INFO 7f1aecec1740> 2016-03-29 17:52:11 CheckA
1459266731525	<INFO 7f1aecec1740> 2016-03-29 17:52:11 CheckB
1459266731531	<INFO 7f1aecec1740> 2016-03-29 17:52:11 CheckC
1459266731535	<INFO 7f1aecec1740> 2016-03-29 17:52:11 CheckD
1459266731538	<INFO 7f1aecec1740> 2016-03-29 17:52:11 CheckE
1459266731543	<INFO 7f1aecec1740> 2016-03-29 17:52:11 CheckF
1459266731546	<INFO 7f1aecec1740> 2016-03-29 17:52:11 CheckG
1459266731550	<INFO 7f1aecec1740> 2016-03-29 17:52:11 CheckH
1459266731555	<INFO 7f1aecec1740> 2016-03-29 17:52:11 CheckI
1459266731673	<INFO 7f1aecec1740> 2016-03-29 17:52:11 CheckJ
1459266731677	<INFO 7f1aecec1740> 2016-03-29 17:52:11 CheckK
1459266731681	<INFO 7f1aecec1740> 2016-03-29 17:52:11 CheckL
1459266731684	<INFO 7f1aecec1740> 2016-03-29 17:52:11 CheckM
1459266731687	<INFO 7f1aecec1740> 2016-03-29 17:52:11 CheckN
1459266731732	<INFO 7f1aecec1740> 2016-03-29 17:52:11 CheckO
1459266731735	<INFO 7f1aecec1740> 2016-03-29 17:52:11 CheckP
1459266731738	<INFO 7f1aecec1740> 2016-03-29 17:52:11 CheckQ
1459266731740	<INFO 7f1aecec1740> 2016-03-29 17:52:11 CheckI
1459266732011	<INFO 7f1aecec1740> 2016-03-29 17:52:12 Completed helping 0
1459266733367	<INFO 7f1aecec1740> 2016-03-29 17:52:13 Started scatter
1459266733393	<INFO 7f1aecec1740> 2016-03-29 17:52:13 CheckA
1459266733396	<INFO 7f1aecec1740> 2016-03-29 17:52:13 CheckB
1459266733401	<INFO 7f1aecec1740> 2016-03-29 17:52:13 CheckC
1459266733404	<INFO 7f1aecec1740> 2016-03-29 17:52:13 CheckD
1459266733407	<INFO 7f1aecec1740> 2016-03-29 17:52:13 CheckE
1459266733411	<INFO 7f1aecec1740> 2016-03-29 17:52:13 CheckF
1459266733416	<INFO 7f1aecec1740> 2016-03-29 17:52:13 CheckG
1459266733418	<INFO 7f1aecec1740> 2016-03-29 17:52:13 CheckH
1459266733421	<INFO 7f1aecec1740> 2016-03-29 17:52:13 CheckI
1459266733892	<INFO 7f1aecec1740> 2016-03-29 17:52:13 CheckJ
1459266733895	<INFO 7f1aecec1740> 2016-03-29 17:52:13 CheckK
1459266733898	<INFO 7f1aecec1740> 2016-03-29 17:52:13 CheckL
1459266733900	<INFO 7f1aecec1740> 2016-03-29 17:52:13 CheckM
1459266733903	<INFO 7f1aecec1740> 2016-03-29 17:52:13 CheckN
1459266734103	<INFO 7f1aecec1740> 2016-03-29 17:52:14 CheckO
1459266734106	<INFO 7f1aecec1740> 2016-03-29 17:52:14 CheckP
1459266734109	<INFO 7f1aecec1740> 2016-03-29 17:52:14 CheckQ
1459266734111	<INFO 7f1aecec1740> 2016-03-29 17:52:14 CheckI
1459266734113	<INFO 7f1aecec1740> 2016-03-29 17:52:14 Completed scatter
1459266734437	<INFO 7f1aecec1740> 2016-03-29 17:52:14 Started helping 0
1459266734628	<INFO 7f1aecec1740> 2016-03-29 17:52:14 CheckA
1459266734631	<INFO 7f1aecec1740> 2016-03-29 17:52:14 CheckB
1459266734633	<INFO 7f1aecec1740> 2016-03-29 17:52:14 CheckC
1459266734635	<INFO 7f1aecec1740> 2016-03-29 17:52:14 CheckD
1459266734638	<INFO 7f1aecec1740> 2016-03-29 17:52:14 CheckE
1459266734640	<INFO 7f1aecec1740> 2016-03-29 17:52:14 CheckF
1459266734642	<INFO 7f1aecec1740> 2016-03-29 17:52:14 CheckG
1459266734645	<INFO 7f1aecec1740> 2016-03-29 17:52:14 CheckH
1459266734647	<INFO 7f1aecec1740> 2016-03-29 17:52:14 CheckI
1459266735474	<INFO 7f1aecec1740> 2016-03-29 17:52:15 CheckJ
1459266735476	<INFO 7f1aecec1740> 2016-03-29 17:52:15 CheckK
1459266735479	<INFO 7f1aecec1740> 2016-03-29 17:52:15 CheckL
1459266735481	<INFO 7f1aecec1740> 2016-03-29 17:52:15 CheckM
1459266735484	<INFO 7f1aecec1740> 2016-03-29 17:52:15 CheckN
1459266735660	<INFO 7f1aecec1740> 2016-03-29 17:52:15 CheckO
1459266735663	<INFO 7f1aecec1740> 2016-03-29 17:52:15 CheckP
1459266735666	<INFO 7f1aecec1740> 2016-03-29 17:52:15 CheckQ
1459266735669	<INFO 7f1aecec1740> 2016-03-29 17:52:15 CheckI
1459266735671	<INFO 7f1aecec1740> 2016-03-29 17:52:15 Completed helping 0
1459266735868	<INFO 7f1aecec1740> 2016-03-29 17:52:15 Completed phase 3 Bytes read 3564821524 Bytes written 1364064012
1459266735895	<INFO 7f1aecec1740> 2016-03-29 17:52:15 Started gather
1459266735924	<INFO 7f1aecec1740> 2016-03-29 17:52:15 CheckA
1459266735928	<INFO 7f1aecec1740> 2016-03-29 17:52:15 CheckB
1459266735933	<INFO 7f1aecec1740> 2016-03-29 17:52:15 CheckC
1459266735937	<INFO 7f1aecec1740> 2016-03-29 17:52:15 CheckD
1459266735941	<INFO 7f1aecec1740> 2016-03-29 17:52:15 CheckE
1459266735945	<INFO 7f1aecec1740> 2016-03-29 17:52:15 CheckF
1459266735950	<INFO 7f1aecec1740> 2016-03-29 17:52:15 CheckG
1459266735953	<INFO 7f1aecec1740> 2016-03-29 17:52:15 CheckH
1459266735955	<INFO 7f1aecec1740> 2016-03-29 17:52:15 CheckI
1459266736152	<INFO 7f1aecec1740> 2016-03-29 17:52:16 CheckJ
1459266736155	<INFO 7f1aecec1740> 2016-03-29 17:52:16 CheckK
1459266736157	<INFO 7f1aecec1740> 2016-03-29 17:52:16 CheckL
1459266736162	<INFO 7f1aecec1740> 2016-03-29 17:52:16 CheckM
1459266736166	<INFO 7f1aecec1740> 2016-03-29 17:52:16 CheckN
1459266736197	<INFO 7f1aecec1740> 2016-03-29 17:52:16 CheckO
1459266736201	<INFO 7f1aecec1740> 2016-03-29 17:52:16 CheckP
1459266736203	<INFO 7f1aecec1740> 2016-03-29 17:52:16 CheckQ
1459266736206	<INFO 7f1aecec1740> 2016-03-29 17:52:16 CheckI
1459266736283	<INFO 7f1aecec1740> 2016-03-29 17:52:16 Completed gather
1459266737573	<INFO 7f1aecec1740> 2016-03-29 17:52:17 Started scatter
1459266737603	<INFO 7f1aecec1740> 2016-03-29 17:52:17 CheckA
1459266737606	<INFO 7f1aecec1740> 2016-03-29 17:52:17 CheckB
1459266737609	<INFO 7f1aecec1740> 2016-03-29 17:52:17 CheckC
1459266737612	<INFO 7f1aecec1740> 2016-03-29 17:52:17 CheckD
1459266737614	<INFO 7f1aecec1740> 2016-03-29 17:52:17 CheckE
1459266737616	<INFO 7f1aecec1740> 2016-03-29 17:52:17 CheckF
1459266737619	<INFO 7f1aecec1740> 2016-03-29 17:52:17 CheckG
1459266737621	<INFO 7f1aecec1740> 2016-03-29 17:52:17 CheckH
1459266737623	<INFO 7f1aecec1740> 2016-03-29 17:52:17 CheckI
1459266738191	<INFO 7f1aecec1740> 2016-03-29 17:52:18 CheckJ
1459266738197	<INFO 7f1aecec1740> 2016-03-29 17:52:18 CheckK
1459266738200	<INFO 7f1aecec1740> 2016-03-29 17:52:18 CheckL
1459266738203	<INFO 7f1aecec1740> 2016-03-29 17:52:18 CheckM
1459266738205	<INFO 7f1aecec1740> 2016-03-29 17:52:18 CheckN
1459266738331	<INFO 7f1aecec1740> 2016-03-29 17:52:18 CheckO
1459266738333	<INFO 7f1aecec1740> 2016-03-29 17:52:18 CheckP
1459266738336	<INFO 7f1aecec1740> 2016-03-29 17:52:18 CheckQ
1459266738339	<INFO 7f1aecec1740> 2016-03-29 17:52:18 CheckI
1459266738342	<INFO 7f1aecec1740> 2016-03-29 17:52:18 Completed scatter
1459266738379	<INFO 7f1aecec1740> 2016-03-29 17:52:18 Started helping 0
1459266738486	<INFO 7f1aecec1740> 2016-03-29 17:52:18 CheckA
1459266738488	<INFO 7f1aecec1740> 2016-03-29 17:52:18 CheckB
1459266738491	<INFO 7f1aecec1740> 2016-03-29 17:52:18 CheckC
1459266738495	<INFO 7f1aecec1740> 2016-03-29 17:52:18 CheckD
1459266738498	<INFO 7f1aecec1740> 2016-03-29 17:52:18 CheckE
1459266738502	<INFO 7f1aecec1740> 2016-03-29 17:52:18 CheckF
1459266738507	<INFO 7f1aecec1740> 2016-03-29 17:52:18 CheckG
1459266738509	<INFO 7f1aecec1740> 2016-03-29 17:52:18 CheckH
1459266738512	<INFO 7f1aecec1740> 2016-03-29 17:52:18 CheckI
1459266738952	<INFO 7f1aecec1740> 2016-03-29 17:52:18 CheckJ
1459266738955	<INFO 7f1aecec1740> 2016-03-29 17:52:18 CheckK
1459266738957	<INFO 7f1aecec1740> 2016-03-29 17:52:18 CheckL
1459266738959	<INFO 7f1aecec1740> 2016-03-29 17:52:18 CheckM
1459266738962	<INFO 7f1aecec1740> 2016-03-29 17:52:18 CheckN
1459266739096	<INFO 7f1aecec1740> 2016-03-29 17:52:19 CheckO
1459266739098	<INFO 7f1aecec1740> 2016-03-29 17:52:19 CheckP
1459266739100	<INFO 7f1aecec1740> 2016-03-29 17:52:19 CheckQ
1459266739103	<INFO 7f1aecec1740> 2016-03-29 17:52:19 CheckI
1459266739105	<INFO 7f1aecec1740> 2016-03-29 17:52:19 Completed helping 0
1459266739171	<INFO 7f1aecec1740> 2016-03-29 17:52:19 Completed phase 4 Bytes read 4575092056 Bytes written 1381674524
1459266739199	<INFO 7f1aecec1740> 2016-03-29 17:52:19 Started gather
1459266739234	<INFO 7f1aecec1740> 2016-03-29 17:52:19 CheckA
1459266739237	<INFO 7f1aecec1740> 2016-03-29 17:52:19 CheckB
1459266739239	<INFO 7f1aecec1740> 2016-03-29 17:52:19 CheckC
1459266739241	<INFO 7f1aecec1740> 2016-03-29 17:52:19 CheckD
1459266739244	<INFO 7f1aecec1740> 2016-03-29 17:52:19 CheckE
1459266739246	<INFO 7f1aecec1740> 2016-03-29 17:52:19 CheckF
1459266739249	<INFO 7f1aecec1740> 2016-03-29 17:52:19 CheckG
1459266739251	<INFO 7f1aecec1740> 2016-03-29 17:52:19 CheckH
1459266739255	<INFO 7f1aecec1740> 2016-03-29 17:52:19 CheckI
1459266739257	<INFO 7f1aecec1740> 2016-03-29 17:52:19 CheckJ
1459266739260	<INFO 7f1aecec1740> 2016-03-29 17:52:19 CheckK
1459266739262	<INFO 7f1aecec1740> 2016-03-29 17:52:19 CheckL
1459266739264	<INFO 7f1aecec1740> 2016-03-29 17:52:19 CheckM
1459266739267	<INFO 7f1aecec1740> 2016-03-29 17:52:19 CheckN
1459266739269	<INFO 7f1aecec1740> 2016-03-29 17:52:19 CheckO
1459266739272	<INFO 7f1aecec1740> 2016-03-29 17:52:19 CheckP
1459266739274	<INFO 7f1aecec1740> 2016-03-29 17:52:19 CheckQ
1459266739276	<INFO 7f1aecec1740> 2016-03-29 17:52:19 CheckI
1459266739356	<INFO 7f1aecec1740> 2016-03-29 17:52:19 Completed gather
1459266739410	<INFO 7f1aecec1740> 2016-03-29 17:52:19 Started scatter
1459266739439	<INFO 7f1aecec1740> 2016-03-29 17:52:19 CheckA
1459266739441	<INFO 7f1aecec1740> 2016-03-29 17:52:19 CheckB
1459266739444	<INFO 7f1aecec1740> 2016-03-29 17:52:19 CheckC
1459266739446	<INFO 7f1aecec1740> 2016-03-29 17:52:19 CheckD
1459266739449	<INFO 7f1aecec1740> 2016-03-29 17:52:19 CheckE
1459266739451	<INFO 7f1aecec1740> 2016-03-29 17:52:19 CheckF
1459266739454	<INFO 7f1aecec1740> 2016-03-29 17:52:19 CheckG
1459266739457	<INFO 7f1aecec1740> 2016-03-29 17:52:19 CheckH
1459266739462	<INFO 7f1aecec1740> 2016-03-29 17:52:19 CheckI
1459266739928	<INFO 7f1aecec1740> 2016-03-29 17:52:19 CheckJ
1459266739931	<INFO 7f1aecec1740> 2016-03-29 17:52:19 CheckK
1459266739937	<INFO 7f1aecec1740> 2016-03-29 17:52:19 CheckL
1459266739940	<INFO 7f1aecec1740> 2016-03-29 17:52:19 CheckM
1459266739942	<INFO 7f1aecec1740> 2016-03-29 17:52:19 CheckN
1459266740058	<INFO 7f1aecec1740> 2016-03-29 17:52:20 CheckO
1459266740060	<INFO 7f1aecec1740> 2016-03-29 17:52:20 CheckP
1459266740064	<INFO 7f1aecec1740> 2016-03-29 17:52:20 CheckQ
1459266740067	<INFO 7f1aecec1740> 2016-03-29 17:52:20 CheckI
1459266740069	<INFO 7f1aecec1740> 2016-03-29 17:52:20 Completed scatter
1459266740079	<INFO 7f1aecec1740> 2016-03-29 17:52:20 Started helping 0
1459266740174	<INFO 7f1aecec1740> 2016-03-29 17:52:20 CheckA
1459266740178	<INFO 7f1aecec1740> 2016-03-29 17:52:20 CheckB
1459266740182	<INFO 7f1aecec1740> 2016-03-29 17:52:20 CheckC
1459266740185	<INFO 7f1aecec1740> 2016-03-29 17:52:20 CheckD
1459266740189	<INFO 7f1aecec1740> 2016-03-29 17:52:20 CheckE
1459266740192	<INFO 7f1aecec1740> 2016-03-29 17:52:20 CheckF
1459266740194	<INFO 7f1aecec1740> 2016-03-29 17:52:20 CheckG
1459266740198	<INFO 7f1aecec1740> 2016-03-29 17:52:20 CheckH
1459266740202	<INFO 7f1aecec1740> 2016-03-29 17:52:20 CheckI
1459266740800	<INFO 7f1aecec1740> 2016-03-29 17:52:20 CheckJ
1459266740803	<INFO 7f1aecec1740> 2016-03-29 17:52:20 CheckK
1459266740805	<INFO 7f1aecec1740> 2016-03-29 17:52:20 CheckL
1459266740808	<INFO 7f1aecec1740> 2016-03-29 17:52:20 CheckM
1459266740811	<INFO 7f1aecec1740> 2016-03-29 17:52:20 CheckN
1459266740995	<INFO 7f1aecec1740> 2016-03-29 17:52:20 CheckO
1459266740997	<INFO 7f1aecec1740> 2016-03-29 17:52:20 CheckP
1459266741000	<INFO 7f1aecec1740> 2016-03-29 17:52:20 CheckQ
1459266741002	<INFO 7f1aecec1740> 2016-03-29 17:52:20 CheckI
1459266741005	<INFO 7f1aecec1740> 2016-03-29 17:52:20 Completed helping 0
1459266741036	<INFO 7f1aecec1740> 2016-03-29 17:52:21 Completed phase 5 Bytes read 5389017388 Bytes written 1398454636
1459266741063	<INFO 7f1aecec1740> 2016-03-29 17:52:21 Started gather
1459266741100	<INFO 7f1aecec1740> 2016-03-29 17:52:21 CheckA
1459266741103	<INFO 7f1aecec1740> 2016-03-29 17:52:21 CheckB
1459266741105	<INFO 7f1aecec1740> 2016-03-29 17:52:21 CheckC
1459266741107	<INFO 7f1aecec1740> 2016-03-29 17:52:21 CheckD
1459266741110	<INFO 7f1aecec1740> 2016-03-29 17:52:21 CheckE
1459266741112	<INFO 7f1aecec1740> 2016-03-29 17:52:21 CheckF
1459266741114	<INFO 7f1aecec1740> 2016-03-29 17:52:21 CheckG
1459266741117	<INFO 7f1aecec1740> 2016-03-29 17:52:21 CheckH
1459266741119	<INFO 7f1aecec1740> 2016-03-29 17:52:21 CheckI
1459266741121	<INFO 7f1aecec1740> 2016-03-29 17:52:21 CheckJ
1459266741124	<INFO 7f1aecec1740> 2016-03-29 17:52:21 CheckK
1459266741126	<INFO 7f1aecec1740> 2016-03-29 17:52:21 CheckL
1459266741129	<INFO 7f1aecec1740> 2016-03-29 17:52:21 CheckM
1459266741131	<INFO 7f1aecec1740> 2016-03-29 17:52:21 CheckN
1459266741133	<INFO 7f1aecec1740> 2016-03-29 17:52:21 CheckO
1459266741136	<INFO 7f1aecec1740> 2016-03-29 17:52:21 CheckP
1459266741138	<INFO 7f1aecec1740> 2016-03-29 17:52:21 CheckQ
1459266741140	<INFO 7f1aecec1740> 2016-03-29 17:52:21 CheckI
1459266741202	<INFO 7f1aecec1740> 2016-03-29 17:52:21 Completed gather
1459266741242	<INFO 7f1aecec1740> 2016-03-29 17:52:21 Started scatter
1459266741274	<INFO 7f1aecec1740> 2016-03-29 17:52:21 CheckA
1459266741277	<INFO 7f1aecec1740> 2016-03-29 17:52:21 CheckB
1459266741280	<INFO 7f1aecec1740> 2016-03-29 17:52:21 CheckC
1459266741282	<INFO 7f1aecec1740> 2016-03-29 17:52:21 CheckD
1459266741287	<INFO 7f1aecec1740> 2016-03-29 17:52:21 CheckE
1459266741290	<INFO 7f1aecec1740> 2016-03-29 17:52:21 CheckF
1459266741292	<INFO 7f1aecec1740> 2016-03-29 17:52:21 CheckG
1459266741295	<INFO 7f1aecec1740> 2016-03-29 17:52:21 CheckH
1459266741298	<INFO 7f1aecec1740> 2016-03-29 17:52:21 CheckI
1459266741865	<INFO 7f1aecec1740> 2016-03-29 17:52:21 CheckJ
1459266741867	<INFO 7f1aecec1740> 2016-03-29 17:52:21 CheckK
1459266741870	<INFO 7f1aecec1740> 2016-03-29 17:52:21 CheckL
1459266741872	<INFO 7f1aecec1740> 2016-03-29 17:52:21 CheckM
1459266741875	<INFO 7f1aecec1740> 2016-03-29 17:52:21 CheckN
1459266741997	<INFO 7f1aecec1740> 2016-03-29 17:52:21 CheckO
1459266742001	<INFO 7f1aecec1740> 2016-03-29 17:52:21 CheckP
1459266742003	<INFO 7f1aecec1740> 2016-03-29 17:52:21 CheckQ
1459266742006	<INFO 7f1aecec1740> 2016-03-29 17:52:21 CheckI
1459266742008	<INFO 7f1aecec1740> 2016-03-29 17:52:21 Completed scatter
1459266742030	<INFO 7f1aecec1740> 2016-03-29 17:52:22 Started helping 0
1459266742179	<INFO 7f1aecec1740> 2016-03-29 17:52:22 CheckA
1459266742181	<INFO 7f1aecec1740> 2016-03-29 17:52:22 CheckB
1459266742184	<INFO 7f1aecec1740> 2016-03-29 17:52:22 CheckC
1459266742186	<INFO 7f1aecec1740> 2016-03-29 17:52:22 CheckD
1459266742189	<INFO 7f1aecec1740> 2016-03-29 17:52:22 CheckE
1459266742191	<INFO 7f1aecec1740> 2016-03-29 17:52:22 CheckF
1459266742193	<INFO 7f1aecec1740> 2016-03-29 17:52:22 CheckG
1459266742196	<INFO 7f1aecec1740> 2016-03-29 17:52:22 CheckH
1459266742198	<INFO 7f1aecec1740> 2016-03-29 17:52:22 CheckI
1459266742689	<INFO 7f1aecec1740> 2016-03-29 17:52:22 CheckJ
1459266742691	<INFO 7f1aecec1740> 2016-03-29 17:52:22 CheckK
1459266742693	<INFO 7f1aecec1740> 2016-03-29 17:52:22 CheckL
1459266742696	<INFO 7f1aecec1740> 2016-03-29 17:52:22 CheckM
1459266742698	<INFO 7f1aecec1740> 2016-03-29 17:52:22 CheckN
1459266742855	<INFO 7f1aecec1740> 2016-03-29 17:52:22 CheckO
1459266742858	<INFO 7f1aecec1740> 2016-03-29 17:52:22 CheckP
1459266742860	<INFO 7f1aecec1740> 2016-03-29 17:52:22 CheckQ
1459266742862	<INFO 7f1aecec1740> 2016-03-29 17:52:22 CheckI
1459266742865	<INFO 7f1aecec1740> 2016-03-29 17:52:22 Completed helping 0
1459266742911	<INFO 7f1aecec1740> 2016-03-29 17:52:22 Completed phase 6 Bytes read 6202112320 Bytes written 1415231868
1459266742937	<INFO 7f1aecec1740> 2016-03-29 17:52:22 Started gather
1459266742967	<INFO 7f1aecec1740> 2016-03-29 17:52:22 CheckA
1459266742969	<INFO 7f1aecec1740> 2016-03-29 17:52:22 CheckB
1459266742972	<INFO 7f1aecec1740> 2016-03-29 17:52:22 CheckC
1459266742974	<INFO 7f1aecec1740> 2016-03-29 17:52:22 CheckD
1459266742977	<INFO 7f1aecec1740> 2016-03-29 17:52:22 CheckE
1459266742979	<INFO 7f1aecec1740> 2016-03-29 17:52:22 CheckF
1459266742981	<INFO 7f1aecec1740> 2016-03-29 17:52:22 CheckG
1459266742983	<INFO 7f1aecec1740> 2016-03-29 17:52:22 CheckH
1459266742986	<INFO 7f1aecec1740> 2016-03-29 17:52:22 CheckI
1459266742988	<INFO 7f1aecec1740> 2016-03-29 17:52:22 CheckJ
1459266742991	<INFO 7f1aecec1740> 2016-03-29 17:52:22 CheckK
1459266742993	<INFO 7f1aecec1740> 2016-03-29 17:52:22 CheckL
1459266742995	<INFO 7f1aecec1740> 2016-03-29 17:52:22 CheckM
1459266742998	<INFO 7f1aecec1740> 2016-03-29 17:52:22 CheckN
1459266743000	<INFO 7f1aecec1740> 2016-03-29 17:52:22 CheckO
1459266743002	<INFO 7f1aecec1740> 2016-03-29 17:52:22 CheckP
1459266743004	<INFO 7f1aecec1740> 2016-03-29 17:52:22 CheckQ
1459266743007	<INFO 7f1aecec1740> 2016-03-29 17:52:22 CheckI
1459266743040	<INFO 7f1aecec1740> 2016-03-29 17:52:23 Completed gather
1459266743163	<INFO 7f1aecec1740> 2016-03-29 17:52:23 Started scatter
1459266743192	<INFO 7f1aecec1740> 2016-03-29 17:52:23 CheckA
1459266743197	<INFO 7f1aecec1740> 2016-03-29 17:52:23 CheckB
1459266743199	<INFO 7f1aecec1740> 2016-03-29 17:52:23 CheckC
1459266743201	<INFO 7f1aecec1740> 2016-03-29 17:52:23 CheckD
1459266743204	<INFO 7f1aecec1740> 2016-03-29 17:52:23 CheckE
1459266743207	<INFO 7f1aecec1740> 2016-03-29 17:52:23 CheckF
1459266743210	<INFO 7f1aecec1740> 2016-03-29 17:52:23 CheckG
1459266743220	<INFO 7f1aecec1740> 2016-03-29 17:52:23 CheckH
1459266743224	<INFO 7f1aecec1740> 2016-03-29 17:52:23 CheckI
1459266743781	<INFO 7f1aecec1740> 2016-03-29 17:52:23 CheckJ
1459266743785	<INFO 7f1aecec1740> 2016-03-29 17:52:23 CheckK
1459266743787	<INFO 7f1aecec1740> 2016-03-29 17:52:23 CheckL
1459266743790	<INFO 7f1aecec1740> 2016-03-29 17:52:23 CheckM
1459266743793	<INFO 7f1aecec1740> 2016-03-29 17:52:23 CheckN
1459266743914	<INFO 7f1aecec1740> 2016-03-29 17:52:23 CheckO
1459266743917	<INFO 7f1aecec1740> 2016-03-29 17:52:23 CheckP
1459266743922	<INFO 7f1aecec1740> 2016-03-29 17:52:23 CheckQ
1459266743924	<INFO 7f1aecec1740> 2016-03-29 17:52:23 CheckI
1459266743927	<INFO 7f1aecec1740> 2016-03-29 17:52:23 Completed scatter
1459266743930	<INFO 7f1aecec1740> 2016-03-29 17:52:23 Started helping 0
1459266744048	<INFO 7f1aecec1740> 2016-03-29 17:52:24 CheckA
1459266744050	<INFO 7f1aecec1740> 2016-03-29 17:52:24 CheckB
1459266744053	<INFO 7f1aecec1740> 2016-03-29 17:52:24 CheckC
1459266744058	<INFO 7f1aecec1740> 2016-03-29 17:52:24 CheckD
1459266744063	<INFO 7f1aecec1740> 2016-03-29 17:52:24 CheckE
1459266744067	<INFO 7f1aecec1740> 2016-03-29 17:52:24 CheckF
1459266744074	<INFO 7f1aecec1740> 2016-03-29 17:52:24 CheckG
1459266744079	<INFO 7f1aecec1740> 2016-03-29 17:52:24 CheckH
1459266744087	<INFO 7f1aecec1740> 2016-03-29 17:52:24 CheckI
1459266744537	<INFO 7f1aecec1740> 2016-03-29 17:52:24 CheckJ
1459266744540	<INFO 7f1aecec1740> 2016-03-29 17:52:24 CheckK
1459266744542	<INFO 7f1aecec1740> 2016-03-29 17:52:24 CheckL
1459266744544	<INFO 7f1aecec1740> 2016-03-29 17:52:24 CheckM
1459266744547	<INFO 7f1aecec1740> 2016-03-29 17:52:24 CheckN
1459266744687	<INFO 7f1aecec1740> 2016-03-29 17:52:24 CheckO
1459266744690	<INFO 7f1aecec1740> 2016-03-29 17:52:24 CheckP
1459266744692	<INFO 7f1aecec1740> 2016-03-29 17:52:24 CheckQ
1459266744695	<INFO 7f1aecec1740> 2016-03-29 17:52:24 CheckI
1459266744697	<INFO 7f1aecec1740> 2016-03-29 17:52:24 Completed helping 0
1459266744763	<INFO 7f1aecec1740> 2016-03-29 17:52:24 Completed phase 7 Bytes read 7015204372 Bytes written 1432009084
1459266744766	<INFO 7f1aecec1740> ALGORITHM::BFS::VERTICES_DISCOVERED 946215
1459266744768	<INFO 7f1aecec1740> ALGORITHM::BFS::EDGES_EXPLORED 52915114
1459266744771	<INFO 7f1aecec1740> CORE::PARTITIONS_PROCESSED 28
1459266744773	<INFO 7f1aecec1740> CORE::BYTES::EDGES_STREAMED 525322140
1459266744776	<INFO 7f1aecec1740> CORE::BYTES::UPDATES_OUT 39066744
1459266744778	<INFO 7f1aecec1740> CORE::BYTES::UPDATES_IN 29901080
1459266744780	<INFO 7efcc27fc700> CORE::PARTITIONS_PROCESSED 53
1459266744782	<INFO 7efccd7f7700> CORE::PARTITIONS_PROCESSED 43
1459266744785	<INFO 7efcc27fc700> CORE::BYTES::EDGES_STREAMED 423375060
1459266744787	<INFO 7efcc37fe700> CORE::PARTITIONS_PROCESSED 43
1459266744789	<INFO 7efcc27fc700> CORE::BYTES::UPDATES_OUT 44015184
1459266744791	<INFO 7efcc3fff700> CORE::PARTITIONS_PROCESSED 59
1459266744794	<INFO 7efcc1ffb700> CORE::PARTITIONS_PROCESSED 61
1459266744796	<INFO 7efcc2ffd700> CORE::PARTITIONS_PROCESSED 52
1459266744798	<INFO 7efcc37fe700> CORE::BYTES::EDGES_STREAMED 490644084
1459266744800	<INFO 7efcc3fff700> CORE::BYTES::EDGES_STREAMED 577776072
1459266744803	<INFO 7efcc27fc700> CORE::BYTES::UPDATES_IN 29436768
1459266744805	<INFO 7efcccff6700> CORE::PARTITIONS_PROCESSED 46
1459266744807	<INFO 7efcc1ffb700> CORE::BYTES::EDGES_STREAMED 853051068
1459266744809	<INFO 7efccd7f7700> CORE::BYTES::EDGES_STREAMED 375704688
1459266744812	<INFO 7efcc1ffb700> CORE::BYTES::UPDATES_OUT 93234200
1459266744814	<INFO 7efcc2ffd700> CORE::BYTES::EDGES_STREAMED 559385268
1459266744816	<INFO 7efcccff6700> CORE::BYTES::EDGES_STREAMED 517305756
1459266744819	<INFO 7efcc1ffb700> CORE::BYTES::UPDATES_IN 68669560
1459266744821	<INFO 7efcc37fe700> CORE::BYTES::UPDATES_OUT 44948320
1459266744823	<INFO 7efcc2ffd700> CORE::BYTES::UPDATES_OUT 43256160
1459266744825	<INFO 7efcc37fe700> CORE::BYTES::UPDATES_IN 33559456
1459266744827	<INFO 7efcc3fff700> CORE::BYTES::UPDATES_OUT 63273240
1459266744830	<INFO 7efccd7f7700> CORE::BYTES::UPDATES_OUT 44246776
1459266744832	<INFO 7efcccff6700> CORE::BYTES::UPDATES_OUT 51280288
1459266744834	<INFO 7efcc3fff700> CORE::BYTES::UPDATES_IN 34854728
1459266744837	<INFO 7efcc2ffd700> CORE::BYTES::UPDATES_IN 29416864
1459266744839	<INFO 7efccd7f7700> CORE::BYTES::UPDATES_IN 21901288
1459266744841	<INFO 7efcccff6700> CORE::BYTES::UPDATES_IN 33299552
1459266744843	<INFO 7efcce7f9700> SLIPSTORE service is exiting
1459266744846	<INFO 7efcce7f9700> SLIPSTORE::HELP_OFFERS_RECVD 98
1459266744848	<INFO 7efcce7f9700> SLIPSTORE::HELP_OFFERS_ACCEPTED 0
1459266744851	<INFO 7efcce7f9700> SLIPSTORE::HELP_ACCEPTANCE_RATIO 0
1459266744853	<INFO 7efcce7f9700> SLIPSTORE::SERVER_BUSY_DISK  17.7438 seconds
1459266744855	<INFO 7efcce7f9700> SLIPSTORE::SERVER_BUSY_MEM  0.022998 seconds
1459266744857	<INFO 7efcce7f9700> SLIPSTORE::SERVER_TOTAL  26.9793 seconds
1459266744860	<INFO 7f1aecec1740> SLIPSTORE::CLIENT::DISK_READ_TIME  15.2252 seconds
1459266744862	<INFO 7f1aecec1740> SLIPSTORE::CLIENT::MEM_READ_TIME  0 seconds
1459266744864	<INFO 7f1aecec1740> SLIPSTORE::CLIENT::DISK_BYTES_READ 5769619184
1459266744866	<INFO 7f1aecec1740> SLIPSTORE::CLIENT::MEM_BYTES_READ 0
1459266744869	<INFO 7f1aecec1740> SLIPSTORE::CLIENT::WRITE_TIME  3.51901 seconds
1459266744871	<INFO 7f1aecec1740> SLIPSTORE::CLIENT::BYTES_WRITTEN 134217728
1459266744873	<INFO 7f1aecec1740> SLIPSTORE::CLIENT_BUSY  18.7442 seconds
1459266744876	<INFO 7f1aecec1740> SLIPSTORE::IO::TIME 10.044 seconds
1459266744878	<INFO 7f1aecec1740> SLIPSTORE::SNAP::TIME 0 seconds
1459266744881	<INFO 7f1aecec1740> SLIPSTORE::MAX_DISK_USAGE_BYTES 1115915900
1459266744883	<INFO 7f1aecec1740> CORE::RUSAGE::MAX_RSS_KB 125948924
1459266744885	<INFO 7f1aecec1740> CORE::RUSAGE::MINFLT 32048257
1459266744888	<INFO 7f1aecec1740> CORE::RUSAGE::MAJFLT 0
1459266744890	<INFO 7f1aecec1740> CORE::RUSAGE::MAJFLT 0
1459266744892	<INFO 7f1aecec1740> CORE::RUSAGE::INBLK 1572864
1459266744894	<INFO 7f1aecec1740> CORE::RUSAGE::OUBLK 2797136
1459266744897	<INFO 7f1aecec1740> CORE::UTILS::BYTES_READ 7015204372
1459266744899	<INFO 7f1aecec1740> CORE::UTILS::BYTES_WRITTEN 1432009084
1459266744902	<INFO 7f1aecec1740> CORE::UTILS::TILE_COPY_BYTES 369098752
1459266744904	<INFO 7f1aecec1740> CORE::TIME::IO_WAIT 16.1355 seconds
1459266744906	<INFO 7f1aecec1740> CORE::TIME_TILE_COPY 1.12774 seconds
1459266744908	<INFO 7f1aecec1740> CORE::TIME_TILE_MERGE 0 seconds
1459266744911	<INFO 7f1aecec1740> CORE::TIME_PROCESSING_STOLEN 5.86633 seconds
1459266744913	<INFO 7f1aecec1740> CORE::TIME_MERGE_WAIT 0.279191 seconds
1459266744915	<INFO 7f1aecec1740> CORE::TIME_ALL_MC_BARRIER 3.55937 seconds
1459266744918	<INFO 7f1aecec1740> CORE::PHASES 7
1459266744920	<INFO 7f1aecec1740> CORE::TIME::SETUP 4.28923 seconds
1459266744922	<INFO 7f1aecec1740> CORE::TIME::WALL 29.0938 seconds
1459266744924	<INFO 7f1aecec1740> SHUTDOWN
