1462383229806	<INFO 7f0507126780> 2016-05-04 19:33:49 STARTUP
1462383229808	<INFO 7f0507126780> CORE::GRAPH rmat-28-und_s8
1462383229810	<INFO 7f0507126780> CORE::ALGORITHM bfs
1462383229813	<INFO 7f0507126780> CORE::VERTEX_STRIPING OFF
1462383229815	<INFO 7f0507126780> CORE::OPTIMIZED_STATE_LOAD_STORE OFF
1462383229817	<INFO 7f0507126780> CORE::LINEAR_SEARCH_SUPER_PARTITION ON
1462383229820	<INFO 7f0507126780> CORE::SUPER_PARTITION_COMPUTED_FOR_EACH_VERTEX
1462383229822	<INFO 7f0507126780> CORE::EDGE_STRIPING ON
1462383229824	<INFO 7f0507126780> CORE::BATCH IO ON
1462383229826	<INFO 7f0507126780> 2016-05-04 19:33:49 Blocking memory amount 126701535232
1462383336466	<INFO 7f0507126780> 2016-05-04 19:35:36 Done blocking memory
1462383336469	<INFO 7f0507126780> SG-DRIVER-ORIGINAL
1462383336471	<INFO 7f0507126780> 2016-05-04 19:35:36 START read config parameters
1462383336473	<INFO 7f0507126780> PARTITIONING::OLD 0
1462383336476	<INFO 7f0507126780> PARTITIONING::BALANCED_PARTITIONS 0
1462383336478	<INFO 7f0507126780> CORE::CONFIG::PROCESSORS 8
1462383336481	<INFO 7f0507126780> CORE::CONFIG::PHYSICAL_MEMORY 2147483648
1462383336484	<INFO 7f0507126780> CORE::CONFIG::VERTICES 268435456
1462383336486	<INFO 7f0507126780> CORE::CONFIG::VERTEX_SIZE 8
1462383336488	<INFO 7f0507126780> CORE::CONFIG::VERTEX_BUFFER 934802392
1462383336491	<INFO 7f0507126780> CORE::CONFIG::EDGES 1073741824
1462383336493	<INFO 7f0507126780> CORE::CONFIG::PARTITIONS 64
1462383336495	<INFO 7f0507126780> CORE::CONFIG::FANOUT 64
1462383336497	<INFO 7f0507126780> CORE::CONFIG::SUPER_PARTITIONS 8
1462383336499	<INFO 7f0507126780> CORE::CONFIG::TILES 1
1462383336502	<INFO 7f0507126780> CORE::CONFIG::BUFFER_SIZE 242535124
1462383336504	<INFO 7f0507126780> CORE::CONFIG::MAX_BUFFERS 4
1462383336506	<INFO 7f0507126780> CORE::CONFIG::MAX_STREAMS 4
1462383336508	<INFO 7f0507126780> CORE::CONFIG::SUM_OF_OUT_DEGREES_FOR_NEW_PARTITIONS::FIRST_CONSTRAINT 1073741824
1462383336511	<INFO 7f0507126780> CORE::CONFIG::MAX_EDGES_PER_NEW_PARTITION::SECOND_CONSTRAINT 1073741824
1462383336513	<INFO 7f0507126780> SLIPSTREAM::EXT_MEM_SHUFFLE OFF
1462383336515	<INFO 7f0507126780> 2016-05-04 19:35:36 END read config parameters
1462383338223	<WARNING 7f0507126780> Unable to unlink file (stream.0.0.0):No such file or directory
1462383338225	<WARNING 7f0507126780> Unable to unlink file (stream.0.1.0):No such file or directory
1462383338227	<WARNING 7f0507126780> Unable to unlink file (stream.0.2.0):No such file or directory
1462383338230	<WARNING 7f0507126780> Unable to unlink file (stream.0.3.0):No such file or directory
1462383338232	<WARNING 7f0507126780> Unable to unlink file (stream.0.4.0):No such file or directory
1462383338234	<WARNING 7f0507126780> Unable to unlink file (stream.0.5.0):No such file or directory
1462383338237	<WARNING 7f0507126780> Unable to unlink file (stream.0.6.0):No such file or directory
1462383338239	<WARNING 7f0507126780> Unable to unlink file (stream.0.7.0):No such file or directory
1462383338241	<WARNING 7f0507126780> Unable to unlink file (stream.1.1.0):No such file or directory
1462383338243	<WARNING 7f0507126780> Unable to unlink file (stream.1.2.0):No such file or directory
1462383338247	<WARNING 7f0507126780> Unable to unlink file (stream.1.3.0):No such file or directory
1462383338249	<WARNING 7f0507126780> Unable to unlink file (stream.1.4.0):No such file or directory
1462383338251	<WARNING 7f0507126780> Unable to unlink file (stream.1.5.0):No such file or directory
1462383338253	<WARNING 7f0507126780> Unable to unlink file (stream.1.6.0):No such file or directory
1462383338256	<WARNING 7f0507126780> Unable to unlink file (stream.1.7.0):No such file or directory
1462383338258	<WARNING 7f0507126780> Unable to unlink file (stream.2.0.0):No such file or directory
1462383338260	<WARNING 7f0507126780> Unable to unlink file (stream.2.1.0):No such file or directory
1462383338263	<WARNING 7f0507126780> Unable to unlink file (stream.2.2.0):No such file or directory
1462383338265	<WARNING 7f0507126780> Unable to unlink file (stream.2.3.0):No such file or directory
1462383338267	<WARNING 7f0507126780> Unable to unlink file (stream.2.4.0):No such file or directory
1462383338269	<WARNING 7f0507126780> Unable to unlink file (stream.2.5.0):No such file or directory
1462383338272	<WARNING 7f0507126780> Unable to unlink file (stream.2.6.0):No such file or directory
1462383338274	<WARNING 7f0507126780> Unable to unlink file (stream.2.7.0):No such file or directory
1462383338277	<WARNING 7f0507126780> Unable to unlink file (stream.3.0.0):No such file or directory
1462383338279	<WARNING 7f0507126780> Unable to unlink file (stream.3.1.0):No such file or directory
1462383338281	<WARNING 7f0507126780> Unable to unlink file (stream.3.2.0):No such file or directory
1462383338283	<WARNING 7f0507126780> Unable to unlink file (stream.3.3.0):No such file or directory
1462383338285	<WARNING 7f0507126780> Unable to unlink file (stream.3.4.0):No such file or directory
1462383338288	<WARNING 7f0507126780> Unable to unlink file (stream.3.5.0):No such file or directory
1462383338290	<WARNING 7f0507126780> Unable to unlink file (stream.3.6.0):No such file or directory
1462383338293	<WARNING 7f0507126780> Unable to unlink file (stream.3.7.0):No such file or directory
1462383338295	<INFO 7f0507126780> SLIPSTORE::ZMQ_THREADS 2
1462383338297	<INFO 7f0507126780> SLIPSTORE::COMM Connecting to tcp://dco-node137-10g:5016
1462383338300	<INFO 7f0507126780> SLIPSTORE::COMM Connecting to tcp://dco-node138-10g:5034
1462383338302	<INFO 7f0507126780> SLIPSTORE::COMM Connecting to tcp://dco-node139-10g:5052
1462383338305	<INFO 7f0507126780> SLIPSTORE::COMM Connecting to tcp://dco-node140-10g:5070
1462383338307	<INFO 7f0507126780> SLIPSTORE::COMM Connecting to tcp://dco-node141-10g:5088
1462383338310	<INFO 7f0507126780> SLIPSTORE::COMM Connecting to tcp://dco-node142-10g:5106
1462383338312	<INFO 7f0507126780> SLIPSTORE::COMM Connecting to tcp://dco-node143-10g:5124
1462383338314	<INFO 7f0507126780> SLIPSTORE::COMM Connecting to tcp://dco-node144-10g:5142
1462383338317	<INFO 7f0507126780> SLIPSTORE::COMM Listening at tcp://p1p1:5134
1462383338319	<INFO 7f0507126780> SLIPSTORE::COMM Listening at tcp://p1p1:5135
1462383338321	<INFO 7f0507126780> SLIPSTORE::COMM Listening at tcp://p1p1:5136
1462383338323	<INFO 7f0507126780> SLIPSTORE::COMM Listening at tcp://p1p1:5137
1462383338326	<INFO 7f0507126780> SLIPSTORE::COMM Listening at tcp://p1p1:5138
1462383338328	<INFO 7f0507126780> SLIPSTORE::COMM Listening at tcp://p1p1:5139
1462383338330	<INFO 7f0507126780> SLIPSTORE::COMM Listening at tcp://p1p1:5140
1462383338332	<INFO 7f0507126780> SLIPSTORE::COMM Listening at ipc://client
1462383338335	<INFO 7f0507126780> SLIPSTORE::COMM Connecting to tcp://dco-node137-10g:5016
1462383338337	<INFO 7f0507126780> SLIPSTORE::COMM Connecting to tcp://dco-node138-10g:5034
1462383338339	<INFO 7f0507126780> SLIPSTORE::COMM Connecting to tcp://dco-node139-10g:5052
1462383338342	<INFO 7f0507126780> SLIPSTORE::COMM Connecting to tcp://dco-node140-10g:5070
1462383338345	<INFO 7f0507126780> SLIPSTORE::COMM Connecting to tcp://dco-node141-10g:5088
1462383338347	<INFO 7f0507126780> SLIPSTORE::COMM Connecting to tcp://dco-node142-10g:5106
1462383338350	<INFO 7f0507126780> SLIPSTORE::COMM Connecting to tcp://dco-node143-10g:5124
1462383338352	<INFO 7f0507126780> SLIPSTORE::COMM Connecting to tcp://dco-node144-10g:5142
1462383338354	<INFO 7f0507126780> SLIPSTORE::COMM Connecting to tcp://dco-node137-10g:5007
1462383338357	<INFO 7f0507126780> SLIPSTORE::COMM Connecting to tcp://dco-node138-10g:5025
1462383338359	<INFO 7f0507126780> SLIPSTORE::COMM Connecting to tcp://dco-node139-10g:5043
1462383338361	<INFO 7f0507126780> SLIPSTORE::COMM Connecting to tcp://dco-node140-10g:5061
1462383338363	<INFO 7f0507126780> SLIPSTORE::COMM Connecting to tcp://dco-node141-10g:5079
1462383338366	<INFO 7f0507126780> SLIPSTORE::COMM Connecting to tcp://dco-node142-10g:5097
1462383338371	<INFO 7f0507126780> SLIPSTORE::COMM Connecting to tcp://dco-node143-10g:5115
1462383338378	<INFO 7f0507126780> SLIPSTORE::COMM Connecting to ipc://server
1462383338381	<INFO 7f0507126780> SLIPSTORE::COMM Connecting to tcp://dco-node137-10g:5017
1462383338387	<INFO 7f0507126780> SLIPSTORE::COMM Listening at tcp://p1p1:5143
1462383338389	<INFO 7f0507126780> SLIPSTORE::COMM Connecting to tcp://dco-node144-10g:5142
1462383338393	<INFO 7f0507126780> SLIPSTORE::HELP_POLICY NONE
1462383338396	<INFO 7f0507126780> SLIPSTORE::SERVER ASYNC
1462383338398	<INFO 7f0507126780> SLIPSTORE::MACHINES 8
1462383338400	<INFO 7f0507126780> SLIPSTORE::ME 7
1462383338403	<INFO 7f0507126780> SLIPSTORE::SLIPCHUNK 4194304
1462383338405	<INFO 7f0507126780> SLIPSTORE::QUOTA 18446744073709551615
1462383338408	<INFO 7f0507126780> SLIPSTORE::IO PAGECACHE
1462383338410	<INFO 7ee6e9bf6700> SLIPSTORE::COMM Listening at tcp://p1p1:5142
1462383338412	<INFO 7ee6e9bf6700> SLIPSTORE::COMM Listening at tcp://p1p1:5126
1462383338414	<INFO 7ee6e9bf6700> SLIPSTORE::COMM Connecting to tcp://dco-node137-10g:5015
1462383338416	<INFO 7ee6e9bf6700> SLIPSTORE::COMM Listening at tcp://p1p1:5127
1462383338418	<INFO 7ee6e9bf6700> SLIPSTORE::COMM Connecting to tcp://dco-node138-10g:5033
1462383338421	<INFO 7ee6e9bf6700> SLIPSTORE::COMM Listening at tcp://p1p1:5128
1462383338423	<INFO 7ee6e9bf6700> SLIPSTORE::COMM Connecting to tcp://dco-node139-10g:5051
1462383338427	<INFO 7ee6e9bf6700> SLIPSTORE::COMM Listening at tcp://p1p1:5129
1462383338429	<INFO 7ee6e9bf6700> SLIPSTORE::COMM Connecting to tcp://dco-node140-10g:5069
1462383338431	<INFO 7ee6e9bf6700> SLIPSTORE::COMM Listening at tcp://p1p1:5130
1462383338434	<INFO 7ee6e9bf6700> SLIPSTORE::COMM Connecting to tcp://dco-node141-10g:5087
1462383338436	<INFO 7ee6e9bf6700> SLIPSTORE::COMM Listening at tcp://p1p1:5131
1462383338438	<INFO 7ee6e9bf6700> SLIPSTORE::COMM Connecting to tcp://dco-node142-10g:5105
1462383338441	<INFO 7ee6e9bf6700> SLIPSTORE::COMM Listening at tcp://p1p1:5132
1462383338443	<INFO 7ee6e9bf6700> SLIPSTORE::COMM Connecting to tcp://dco-node143-10g:5123
1462383338446	<INFO 7ee6e9bf6700> SLIPSTORE::COMM Listening at ipc://server
1462383338448	<INFO 7ee6e9bf6700> SLIPSTORE::COMM Connecting to ipc://client
1462383350131	<INFO 7f0507126780> SLIPSTORE::CHECKPOINTS NONE FOUND
1462383350134	<INFO 7f0507126780> 2016-05-04 19:35:50 Start edge split
1462383520756	<INFO 7f0507126780> 2016-05-04 19:38:40 Completed init
1462383523301	<INFO 7f0507126780> 2016-05-04 19:38:43 Started gather
1462383527966	<INFO 7f0507126780> 2016-05-04 19:38:47 Completed gather
1462383528004	<INFO 7f0507126780> 2016-05-04 19:38:48 Started scatter
1462383610803	<INFO 7f0507126780> 2016-05-04 19:40:10 Completed scatter
1462383610823	<INFO 7f0507126780> 2016-05-04 19:40:10 Completed phase 1 Bytes read 27638026520 Bytes written 14757068264
1462383610843	<INFO 7f0507126780> 2016-05-04 19:40:10 Started gather
1462383615945	<INFO 7f0507126780> 2016-05-04 19:40:15 Completed gather
1462383615983	<INFO 7f0507126780> 2016-05-04 19:40:15 Started scatter
1462383743650	<INFO 7f0507126780> 2016-05-04 19:42:23 Completed scatter
1462383743739	<INFO 7f0507126780> 2016-05-04 19:42:23 Completed phase 2 Bytes read 42395094784 Bytes written 20228296464
1462383743759	<INFO 7f0507126780> 2016-05-04 19:42:23 Started gather
1462383813350	<INFO 7f0507126780> 2016-05-04 19:43:33 Completed gather
1462383820125	<INFO 7f0507126780> 2016-05-04 19:43:40 Started scatter
1462383945025	<INFO 7f0507126780> 2016-05-04 19:45:45 Completed scatter
1462383945182	<INFO 7f0507126780> 2016-05-04 19:45:45 Completed phase 3 Bytes read 61684645224 Bytes written 25085773888
1462383945204	<INFO 7f0507126780> 2016-05-04 19:45:45 Started gather
1462384001403	<INFO 7f0507126780> 2016-05-04 19:46:41 Completed gather
1462384007353	<INFO 7f0507126780> 2016-05-04 19:46:47 Started scatter
1462384091626	<INFO 7f0507126780> 2016-05-04 19:48:11 Completed scatter
1462384091649	<INFO 7f0507126780> 2016-05-04 19:48:11 Completed phase 4 Bytes read 80360444888 Bytes written 26041689528
1462384091672	<INFO 7f0507126780> 2016-05-04 19:48:11 Started gather
1462384097502	<INFO 7f0507126780> 2016-05-04 19:48:17 Completed gather
1462384097577	<INFO 7f0507126780> 2016-05-04 19:48:17 Started scatter
1462384180322	<INFO 7f0507126780> 2016-05-04 19:49:40 Completed scatter
1462384180349	<INFO 7f0507126780> 2016-05-04 19:49:40 Completed phase 5 Bytes read 95134682768 Bytes written 26976546632
1462384180367	<INFO 7f0507126780> 2016-05-04 19:49:40 Started gather
1462384185455	<INFO 7f0507126780> 2016-05-04 19:49:45 Completed gather
1462384185488	<INFO 7f0507126780> 2016-05-04 19:49:45 Started scatter
1462384272452	<INFO 7f0507126780> 2016-05-04 19:51:12 Completed scatter
1462384272472	<INFO 7f0507126780> 2016-05-04 19:51:12 Completed phase 6 Bytes read 109887862112 Bytes written 27911349096
1462384272491	<INFO 7f0507126780> 2016-05-04 19:51:12 Started gather
1462384277863	<INFO 7f0507126780> 2016-05-04 19:51:17 Completed gather
1462384277897	<INFO 7f0507126780> 2016-05-04 19:51:17 Started scatter
1462384364532	<INFO 7f0507126780> 2016-05-04 19:52:44 Completed scatter
1462384364552	<INFO 7f0507126780> 2016-05-04 19:52:44 Completed phase 7 Bytes read 124640986816 Bytes written 28846151488
1462384364555	<INFO 7f0507126780> ALGORITHM::BFS::VERTICES_DISCOVERED 40798634
1462384364559	<INFO 7f0507126780> ALGORITHM::BFS::EDGES_EXPLORED 1073613009
1462384364561	<INFO 7f0507126780> CORE::PARTITIONS_PROCESSED 394
1462384364563	<INFO 7f0507126780> CORE::BYTES::EDGES_STREAMED 11128021596
1462384364565	<INFO 7f0507126780> CORE::BYTES::UPDATES_OUT 1105829800
1462384364568	<INFO 7f0507126780> CORE::BYTES::UPDATES_IN 1000834968
1462384364570	<INFO 7ee6e3fff700> CORE::PARTITIONS_PROCESSED 487
1462384364572	<INFO 7ee6e3fff700> CORE::BYTES::EDGES_STREAMED 12063402408
1462384364575	<INFO 7ee6e3fff700> CORE::BYTES::UPDATES_OUT 1148013216
1462384364577	<INFO 7ee6e3fff700> CORE::BYTES::UPDATES_IN 1046560048
1462384364580	<INFO 7ee6e2ffd700> CORE::PARTITIONS_PROCESSED 263
1462384364582	<INFO 7ee6e37fe700> CORE::PARTITIONS_PROCESSED 48
1462384364584	<INFO 7ee6e27fc700> CORE::PARTITIONS_PROCESSED 246
1462384364587	<INFO 7ee6e2ffd700> CORE::BYTES::EDGES_STREAMED 9659894112
1462384364589	<INFO 7ee6e8bf4700> CORE::PARTITIONS_PROCESSED 399
1462384364592	<INFO 7ee6e1ffb700> CORE::PARTITIONS_PROCESSED 559
1462384364594	<INFO 7ee6e17fa700> CORE::PARTITIONS_PROCESSED 191
1462384364596	<INFO 7ee6e2ffd700> CORE::BYTES::UPDATES_OUT 928584408
1462384364599	<INFO 7ee6e1ffb700> CORE::BYTES::EDGES_STREAMED 9901454400
1462384364601	<INFO 7ee6e2ffd700> CORE::BYTES::UPDATES_IN 988784616
1462384364604	<INFO 7ee6e27fc700> CORE::BYTES::EDGES_STREAMED 9823397316
1462384364606	<INFO 7ee6e37fe700> CORE::BYTES::EDGES_STREAMED 16320829284
1462384364608	<INFO 7ee6e27fc700> CORE::BYTES::UPDATES_OUT 987164568
1462384364610	<INFO 7ee6e8bf4700> CORE::BYTES::EDGES_STREAMED 10853658840
1462384364612	<INFO 7ee6e37fe700> CORE::BYTES::UPDATES_OUT 1541244648
1462384364615	<INFO 7ee6e27fc700> CORE::BYTES::UPDATES_IN 921505112
1462384364617	<INFO 7ee6e17fa700> CORE::BYTES::EDGES_STREAMED 10435613688
1462384364619	<INFO 7ee6e37fe700> CORE::BYTES::UPDATES_IN 1654994736
1462384364622	<INFO 7ee6e1ffb700> CORE::BYTES::UPDATES_OUT 987419416
1462384364624	<INFO 7ee6e8bf4700> CORE::BYTES::UPDATES_OUT 969328800
1462384364626	<INFO 7ee6e17fa700> CORE::BYTES::UPDATES_OUT 921319216
1462384364629	<INFO 7ee6e1ffb700> CORE::BYTES::UPDATES_IN 973101624
1462384364631	<INFO 7ee6e8bf4700> CORE::BYTES::UPDATES_IN 991155264
1462384364633	<INFO 7ee6e17fa700> CORE::BYTES::UPDATES_IN 1011967704
1462384364636	<INFO 7ee6e9bf6700> SLIPSTORE service is exiting
1462384364638	<INFO 7ee6e9bf6700> SLIPSTORE::HELP_OFFERS_RECVD 98
1462384364640	<INFO 7ee6e9bf6700> SLIPSTORE::HELP_OFFERS_ACCEPTED 0
1462384364642	<INFO 7ee6e9bf6700> SLIPSTORE::HELP_ACCEPTANCE_RATIO 0
1462384364645	<INFO 7ee6e9bf6700> SLIPSTORE::SERVER_BUSY_DISK  812.428 seconds
1462384364647	<INFO 7ee6e9bf6700> SLIPSTORE::SERVER_BUSY_MEM  0 seconds
1462384364649	<INFO 7ee6e9bf6700> SLIPSTORE::SERVER_TOTAL  1026.11 seconds
1462384364651	<INFO 7f0507126780> SLIPSTORE::CLIENT::DISK_READ_TIME  708.519 seconds
1462384364654	<INFO 7f0507126780> SLIPSTORE::CLIENT::MEM_READ_TIME  0 seconds
1462384364656	<INFO 7f0507126780> SLIPSTORE::CLIENT::DISK_BYTES_READ 124650829904
1462384364658	<INFO 7f0507126780> SLIPSTORE::CLIENT::MEM_BYTES_READ 0
1462384364660	<INFO 7f0507126780> SLIPSTORE::CLIENT::WRITE_TIME  154.052 seconds
1462384364663	<INFO 7f0507126780> SLIPSTORE::CLIENT::BYTES_WRITTEN 7478419136
1462384364665	<INFO 7f0507126780> SLIPSTORE::CLIENT_BUSY  862.571 seconds
1462384364668	<INFO 7f0507126780> SLIPSTORE::IO::TIME 578.13 seconds
1462384364670	<INFO 7f0507126780> SLIPSTORE::SNAP::TIME 0 seconds
1462384364672	<INFO 7f0507126780> SLIPSTORE::MAX_DISK_USAGE_BYTES 18354748048
1462384364674	<INFO 7f0507126780> CORE::RUSAGE::MAX_RSS_KB 125952664
1462384364677	<INFO 7f0507126780> CORE::RUSAGE::MINFLT 69314333
1462384364679	<INFO 7f0507126780> CORE::RUSAGE::MAJFLT 3
1462384364681	<INFO 7f0507126780> CORE::RUSAGE::MAJFLT 3
1462384364683	<INFO 7f0507126780> CORE::RUSAGE::INBLK 220373488
1462384364685	<INFO 7f0507126780> CORE::RUSAGE::OUBLK 56355024
1462384364687	<INFO 7f0507126780> CORE::UTILS::BYTES_READ 124640986816
1462384364690	<INFO 7f0507126780> CORE::UTILS::BYTES_WRITTEN 28846151488
1462384364692	<INFO 7f0507126780> CORE::UTILS::TILE_COPY_BYTES 13087233488
1462384364694	<INFO 7f0507126780> CORE::TIME::IO_WAIT 523.655 seconds
1462384364696	<INFO 7f0507126780> CORE::TIME_TILE_COPY 0 seconds
1462384364700	<INFO 7f0507126780> CORE::TIME_TILE_MERGE 0 seconds
1462384364702	<INFO 7f0507126780> CORE::TIME_PROCESSING_STOLEN 0 seconds
1462384364705	<INFO 7f0507126780> CORE::TIME_MERGE_WAIT 0 seconds
1462384364707	<INFO 7f0507126780> CORE::OTHER_TIME_ALL_MC_BARRIER 0 seconds
1462384364709	<INFO 7f0507126780> CORE::SCATTER_TIME_ALL_MC_BARRIER 0.016422 seconds
1462384364711	<INFO 7f0507126780> CORE::GATHER_TIME_ALL_MC_BARRIER 0.016235 seconds
1462384364714	<INFO 7f0507126780> CORE::INIT_TIME_ALL_MC_BARRIER 12.1538 seconds
1462384364716	<INFO 7f0507126780> CORE::SHUT_DOWN_TIME_ALL_MC_BARRIER 0.003571 seconds
1462384364718	<INFO 7f0507126780> CORE::STREAM_SKIP_BEFORE_TIME_ALL_MC_BARRIER 0.041768 seconds
1462384364721	<INFO 7f0507126780> CORE::TAKE_CHECKPOINT_BEFORE_TIME_ALL_MC_BARRIER 0 seconds
1462384364724	<INFO 7f0507126780> CORE::TAKE_CHECKPOINT_COMPLETE_TIME_ALL_MC_BARRIER 0 seconds
1462384364726	<INFO 7f0507126780> CORE::METADATA_WRITE_COMPLETE_TIME_ALL_MC_BARRIER 0 seconds
1462384364728	<INFO 7f0507126780> CORE::STREAM_EOF_BEFORE_TIME_ALL_MC_BARRIER 0 seconds
1462384364731	<INFO 7f0507126780> CORE::STREAM_EOF_AFTER_TIME_ALL_MC_BARRIER 0 seconds
1462384364733	<INFO 7f0507126780> CORE::STATE_LOAD_TIME_ALL_MC_BARRIER 0 seconds
1462384364735	<INFO 7f0507126780> CORE::STATE_STORE_TIME_ALL_MC_BARRIER 0 seconds
1462384364737	<INFO 7f0507126780> CORE::PHASES 7
1462384364739	<INFO 7f0507126780> CORE::TIME::SETUP 13.6733 seconds
1462384364742	<INFO 7f0507126780> CORE::TIME::STATE_ITER 2.51179 seconds
1462384364744	<INFO 7f0507126780> CORE::TIME::GATHER 164.8 seconds
1462384364746	<INFO 7f0507126780> CORE::TIME::SCATTER 676.237 seconds
1462384364748	<INFO 7f0507126780> CORE::TIME::WALL 1028.1 seconds
1462384364751	<INFO 7f0507126780> SHUTDOWN
