1463632947758	<INFO 7fa7aac5e780> 2016-05-19 06:42:27 STARTUP
1463632947760	<INFO 7fa7aac5e780> CORE::GRAPH rmat-28-und_s8
1463632947763	<INFO 7fa7aac5e780> CORE::ALGORITHM bfs
1463632947765	<INFO 7fa7aac5e780> CORE::VERTEX_STRIPING ON
1463632947768	<INFO 7fa7aac5e780> CORE::OPTIMIZED_STATE_LOAD_STORE OFF
1463632947770	<INFO 7fa7aac5e780> CORE::BINARY_SEARCH_SUPER_PARTITION ON
1463632947773	<INFO 7fa7aac5e780> CORE::SUPER_PARTITION_COMPUTED_FOR_EACH_SCATTER_GATHER_PHASE
1463632947775	<INFO 7fa7aac5e780> CORE::EDGE_STRIPING ON
1463632947777	<INFO 7fa7aac5e780> CORE::BATCH IO ON
1463632947780	<INFO 7fa7aac5e780> CORE::GRID_PARTITIONING OFF
1463632947782	<INFO 7fa7aac5e780> 2016-05-19 06:42:27 Blocking memory amount 126701535232
1463633058499	<INFO 7fa7aac5e780> 2016-05-19 06:44:18 Done blocking memory
1463633058505	<INFO 7fa7aac5e780> SG-DRIVER-ORIGINAL
1463633058507	<INFO 7fa7aac5e780> 2016-05-19 06:44:18 START read config parameters
1463633058509	<INFO 7fa7aac5e780> PARTITIONING::OLD 1
1463633058512	<INFO 7fa7aac5e780> PARTITIONING::BALANCED_PARTITIONS 0
1463633058514	<INFO 7fa7aac5e780> CORE::CONFIG::PROCESSORS 8
1463633058516	<INFO 7fa7aac5e780> CORE::CONFIG::PHYSICAL_MEMORY 2147483648
1463633058519	<INFO 7fa7aac5e780> CORE::CONFIG::VERTICES 268435456
1463633058522	<INFO 7fa7aac5e780> CORE::CONFIG::VERTEX_SIZE 8
1463633058524	<INFO 7fa7aac5e780> CORE::CONFIG::VERTEX_BUFFER 268435456
1463633058527	<INFO 7fa7aac5e780> CORE::CONFIG::EDGES 1073741824
1463633058530	<INFO 7fa7aac5e780> CORE::CONFIG::PARTITIONS 64
1463633058533	<INFO 7fa7aac5e780> CORE::CONFIG::FANOUT 64
1463633058536	<INFO 7fa7aac5e780> CORE::CONFIG::SUPER_PARTITIONS 8
1463633058538	<INFO 7fa7aac5e780> CORE::CONFIG::MACHINE_ID 0
1463633058540	<INFO 7fa7aac5e780> CORE::CONFIG::TILES 1
1463633058543	<INFO 7fa7aac5e780> CORE::CONFIG::BUFFER_SIZE 375808512
1463633058545	<INFO 7fa7aac5e780> CORE::CONFIG::MAX_BUFFERS 4
1463633058548	<INFO 7fa7aac5e780> CORE::CONFIG::MAX_STREAMS 4
1463633058550	<INFO 7fa7aac5e780> CORE::CONFIG::SUM_OF_OUT_DEGREES_FOR_NEW_PARTITIONS::FIRST_CONSTRAINT 33554432
1463633058553	<INFO 7fa7aac5e780> CORE::CONFIG::MAX_EDGES_PER_NEW_PARTITION::SECOND_CONSTRAINT 134217728
1463633058555	<INFO 7fa7aac5e780> SLIPSTREAM::EXT_MEM_SHUFFLE OFF
1463633058558	<INFO 7fa7aac5e780> 2016-05-19 06:44:18 END read config parameters
1463633060487	<WARNING 7fa7aac5e780> Unable to unlink file (stream.0.0.0):No such file or directory
1463633060490	<WARNING 7fa7aac5e780> Unable to unlink file (stream.0.1.0):No such file or directory
1463633060495	<WARNING 7fa7aac5e780> Unable to unlink file (stream.0.2.0):No such file or directory
1463633060497	<WARNING 7fa7aac5e780> Unable to unlink file (stream.0.3.0):No such file or directory
1463633060500	<WARNING 7fa7aac5e780> Unable to unlink file (stream.0.4.0):No such file or directory
1463633060502	<WARNING 7fa7aac5e780> Unable to unlink file (stream.0.5.0):No such file or directory
1463633060505	<WARNING 7fa7aac5e780> Unable to unlink file (stream.0.6.0):No such file or directory
1463633060507	<WARNING 7fa7aac5e780> Unable to unlink file (stream.0.7.0):No such file or directory
1463633060511	<WARNING 7fa7aac5e780> Unable to unlink file (stream.1.1.0):No such file or directory
1463633060513	<WARNING 7fa7aac5e780> Unable to unlink file (stream.1.2.0):No such file or directory
1463633060516	<WARNING 7fa7aac5e780> Unable to unlink file (stream.1.3.0):No such file or directory
1463633060519	<WARNING 7fa7aac5e780> Unable to unlink file (stream.1.4.0):No such file or directory
1463633060521	<WARNING 7fa7aac5e780> Unable to unlink file (stream.1.5.0):No such file or directory
1463633060523	<WARNING 7fa7aac5e780> Unable to unlink file (stream.1.6.0):No such file or directory
1463633060526	<WARNING 7fa7aac5e780> Unable to unlink file (stream.1.7.0):No such file or directory
1463633060528	<WARNING 7fa7aac5e780> Unable to unlink file (stream.2.0.0):No such file or directory
1463633060530	<WARNING 7fa7aac5e780> Unable to unlink file (stream.2.1.0):No such file or directory
1463633060533	<WARNING 7fa7aac5e780> Unable to unlink file (stream.2.2.0):No such file or directory
1463633060535	<WARNING 7fa7aac5e780> Unable to unlink file (stream.2.3.0):No such file or directory
1463633060537	<WARNING 7fa7aac5e780> Unable to unlink file (stream.2.4.0):No such file or directory
1463633060540	<WARNING 7fa7aac5e780> Unable to unlink file (stream.2.5.0):No such file or directory
1463633060547	<WARNING 7fa7aac5e780> Unable to unlink file (stream.2.6.0):No such file or directory
1463633060569	<WARNING 7fa7aac5e780> Unable to unlink file (stream.2.7.0):No such file or directory
1463633060629	<WARNING 7fa7aac5e780> Unable to unlink file (stream.3.0.0):No such file or directory
1463633060665	<WARNING 7fa7aac5e780> Unable to unlink file (stream.3.1.0):No such file or directory
1463633060693	<WARNING 7fa7aac5e780> Unable to unlink file (stream.3.2.0):No such file or directory
1463633060733	<WARNING 7fa7aac5e780> Unable to unlink file (stream.3.3.0):No such file or directory
1463633060773	<WARNING 7fa7aac5e780> Unable to unlink file (stream.3.4.0):No such file or directory
1463633060837	<WARNING 7fa7aac5e780> Unable to unlink file (stream.3.5.0):No such file or directory
1463633060869	<WARNING 7fa7aac5e780> Unable to unlink file (stream.3.6.0):No such file or directory
1463633060905	<WARNING 7fa7aac5e780> Unable to unlink file (stream.3.7.0):No such file or directory
1463633060937	<INFO 7fa7aac5e780> SLIPSTORE::ZMQ_THREADS 2
1463633060973	<INFO 7fa7aac5e780> SLIPSTORE::COMM Connecting to tcp://dco-node137-10g:5016
1463633060993	<INFO 7fa7aac5e780> SLIPSTORE::COMM Connecting to tcp://dco-node138-10g:5034
1463633061021	<INFO 7fa7aac5e780> SLIPSTORE::COMM Connecting to tcp://dco-node139-10g:5052
1463633061069	<INFO 7fa7aac5e780> SLIPSTORE::COMM Connecting to tcp://dco-node140-10g:5070
1463633061117	<INFO 7fa7aac5e780> SLIPSTORE::COMM Connecting to tcp://dco-node141-10g:5088
1463633061134	<INFO 7fa7aac5e780> SLIPSTORE::COMM Connecting to tcp://dco-node142-10g:5106
1463633061173	<INFO 7fa7aac5e780> SLIPSTORE::COMM Connecting to tcp://dco-node143-10g:5124
1463633061191	<INFO 7fa7aac5e780> SLIPSTORE::COMM Connecting to tcp://dco-node144-10g:5142
1463633061225	<INFO 7fa7aac5e780> SLIPSTORE::COMM Listening at ipc://client
1463633061241	<INFO 7fa7aac5e780> SLIPSTORE::COMM Listening at tcp://p1p1:5009
1463633061301	<INFO 7fa7aac5e780> SLIPSTORE::COMM Listening at tcp://p1p1:5010
1463633061337	<INFO 7fa7aac5e780> SLIPSTORE::COMM Listening at tcp://p1p1:5011
1463633061381	<INFO 7fa7aac5e780> SLIPSTORE::COMM Listening at tcp://p1p1:5012
1463633061409	<INFO 7fa7aac5e780> SLIPSTORE::COMM Listening at tcp://p1p1:5013
1463633061449	<INFO 7fa7aac5e780> SLIPSTORE::COMM Listening at tcp://p1p1:5014
1463633061485	<INFO 7fa7aac5e780> SLIPSTORE::COMM Listening at tcp://p1p1:5015
1463633061521	<INFO 7fa7aac5e780> SLIPSTORE::COMM Connecting to tcp://dco-node137-10g:5016
1463633061558	<INFO 7fa7aac5e780> SLIPSTORE::COMM Connecting to tcp://dco-node138-10g:5034
1463633061613	<INFO 7fa7aac5e780> SLIPSTORE::COMM Connecting to tcp://dco-node139-10g:5052
1463633061646	<INFO 7fa7aac5e780> SLIPSTORE::COMM Connecting to tcp://dco-node140-10g:5070
1463633061685	<INFO 7fa7aac5e780> SLIPSTORE::COMM Connecting to tcp://dco-node141-10g:5088
1463633061729	<INFO 7fa7aac5e780> SLIPSTORE::COMM Connecting to tcp://dco-node142-10g:5106
1463633061738	<INFO 7fa7aac5e780> SLIPSTORE::COMM Connecting to tcp://dco-node143-10g:5124
1463633061758	<INFO 7fa7aac5e780> SLIPSTORE::COMM Connecting to tcp://dco-node144-10g:5142
1463633061764	<INFO 7fa7aac5e780> SLIPSTORE::COMM Connecting to ipc://server
1463633061773	<INFO 7fa7aac5e780> SLIPSTORE::COMM Connecting to tcp://dco-node138-10g:5018
1463633061817	<INFO 7fa7aac5e780> SLIPSTORE::COMM Connecting to tcp://dco-node139-10g:5036
1463633061845	<INFO 7fa7aac5e780> SLIPSTORE::COMM Connecting to tcp://dco-node140-10g:5054
1463633061885	<INFO 7fa7aac5e780> SLIPSTORE::COMM Connecting to tcp://dco-node141-10g:5072
1463633061913	<INFO 7fa7aac5e780> SLIPSTORE::COMM Connecting to tcp://dco-node142-10g:5090
1463633061927	<INFO 7fa7aac5e780> SLIPSTORE::COMM Connecting to tcp://dco-node143-10g:5108
1463633061929	<INFO 7fa7aac5e780> SLIPSTORE::COMM Connecting to tcp://dco-node144-10g:5126
1463633061931	<INFO 7fa7aac5e780> SLIPSTORE::COMM Connecting to tcp://dco-node138-10g:5035
1463633061973	<INFO 7fa7aac5e780> SLIPSTORE::COMM Listening at tcp://p1p1:5017
1463633062017	<INFO 7fa7aac5e780> SLIPSTORE::COMM Connecting to tcp://dco-node137-10g:5016
1463633062066	<INFO 7fa7aac5e780> SLIPSTORE::HELP_POLICY NONE
1463633062083	<INFO 7fa7aac5e780> SLIPSTORE::SERVER ASYNC
1463633062089	<INFO 7fa7aac5e780> SLIPSTORE::MACHINES 8
1463633062091	<INFO 7fa7aac5e780> SLIPSTORE::ME 0
1463633062123	<INFO 7fa7aac5e780> SLIPSTORE::SLIPCHUNK 4194304
1463633062233	<INFO 7fa7aac5e780> SLIPSTORE::QUOTA 18446744073709551615
1463633062318	<INFO 7fa7aac5e780> SLIPSTORE::IO PAGECACHE
1463633062341	<INFO 7f898d7f5700> SLIPSTORE::COMM Listening at tcp://p1p1:5016
1463633062445	<INFO 7f898d7f5700> SLIPSTORE::COMM Listening at ipc://server
1463633062518	<INFO 7f898d7f5700> SLIPSTORE::COMM Connecting to ipc://client
1463633062554	<INFO 7f898d7f5700> SLIPSTORE::COMM Listening at tcp://p1p1:5001
1463633062641	<INFO 7f898d7f5700> SLIPSTORE::COMM Connecting to tcp://dco-node138-10g:5026
1463633062677	<INFO 7f898d7f5700> SLIPSTORE::COMM Listening at tcp://p1p1:5002
1463633062733	<INFO 7f898d7f5700> SLIPSTORE::COMM Connecting to tcp://dco-node139-10g:5044
1463633062769	<INFO 7f898d7f5700> SLIPSTORE::COMM Listening at tcp://p1p1:5003
1463633062829	<INFO 7f898d7f5700> SLIPSTORE::COMM Connecting to tcp://dco-node140-10g:5062
1463633062893	<INFO 7f898d7f5700> SLIPSTORE::COMM Listening at tcp://p1p1:5004
1463633062925	<INFO 7f898d7f5700> SLIPSTORE::COMM Connecting to tcp://dco-node141-10g:5080
1463633062981	<INFO 7f898d7f5700> SLIPSTORE::COMM Listening at tcp://p1p1:5005
1463633063029	<INFO 7f898d7f5700> SLIPSTORE::COMM Connecting to tcp://dco-node142-10g:5098
1463633063064	<INFO 7f898d7f5700> SLIPSTORE::COMM Listening at tcp://p1p1:5006
1463633063067	<INFO 7f898d7f5700> SLIPSTORE::COMM Connecting to tcp://dco-node143-10g:5116
1463633063069	<INFO 7f898d7f5700> SLIPSTORE::COMM Listening at tcp://p1p1:5007
1463633063074	<INFO 7f898d7f5700> SLIPSTORE::COMM Connecting to tcp://dco-node144-10g:5134
1463633063089	<INFO 7fa7aac5e780> SLIPSTORE::CHECKPOINTS NONE FOUND
1463633063104	<INFO 7fa7aac5e780> 2016-05-19 06:44:21 Start edge split
1463633408905	<INFO 7fa7aac5e780> 2016-05-19 06:50:08 Completed init
1463633415385	<INFO 7fa7aac5e780> 2016-05-19 06:50:15 Started gather
1463633423849	<INFO 7fa7aac5e780> 2016-05-19 06:50:23 Completed gather
1463633424545	<INFO 7fa7aac5e780> 2016-05-19 06:50:24 Started scatter
1463633639689	<INFO 7fa7aac5e780> 2016-05-19 06:53:59 Completed scatter
1463633639750	<INFO 7fa7aac5e780> 2016-05-19 06:53:59 Completed phase 1 Bytes read 23328435812 Bytes written 10447804220
1463633639825	<INFO 7fa7aac5e780> 2016-05-19 06:53:59 Started gather
1463633653457	<INFO 7fa7aac5e780> 2016-05-19 06:54:13 Completed gather
1463633655177	<INFO 7fa7aac5e780> 2016-05-19 06:54:15 Started scatter
1463633964329	<INFO 7fa7aac5e780> 2016-05-19 06:59:24 Completed scatter
1463633964584	<INFO 7fa7aac5e780> 2016-05-19 06:59:24 Completed phase 2 Bytes read 33776240032 Bytes written 15656149764
1463633964673	<INFO 7fa7aac5e780> 2016-05-19 06:59:24 Started gather
1463634029085	<INFO 7fa7aac5e780> 2016-05-19 07:00:29 Completed gather
1463634033849	<INFO 7fa7aac5e780> 2016-05-19 07:00:33 Started scatter
1463634314409	<INFO 7fa7aac5e780> 2016-05-19 07:05:14 Completed scatter
1463634314697	<INFO 7fa7aac5e780> 2016-05-19 07:05:14 Completed phase 3 Bytes read 49159684044 Bytes written 19530034324
1463634314881	<INFO 7fa7aac5e780> 2016-05-19 07:05:14 Started gather
1463634363385	<INFO 7fa7aac5e780> 2016-05-19 07:06:03 Completed gather
1463634367573	<INFO 7fa7aac5e780> 2016-05-19 07:06:07 Started scatter
1463634536860	<INFO 7fa7aac5e780> 2016-05-19 07:08:56 Completed scatter
1463634536926	<INFO 7fa7aac5e780> 2016-05-19 07:08:56 Completed phase 4 Bytes read 63208667072 Bytes written 19819685188
1463634537036	<INFO 7fa7aac5e780> 2016-05-19 07:08:57 Started gather
1463634548277	<INFO 7fa7aac5e780> 2016-05-19 07:09:08 Completed gather
1463634551181	<INFO 7fa7aac5e780> 2016-05-19 07:09:11 Started scatter
1463634758809	<INFO 7fa7aac5e780> 2016-05-19 07:12:38 Completed scatter
1463634758873	<INFO 7fa7aac5e780> 2016-05-19 07:12:38 Completed phase 5 Bytes read 73673416404 Bytes written 20088174780
1463634759005	<INFO 7fa7aac5e780> 2016-05-19 07:12:38 Started gather
1463634777185	<INFO 7fa7aac5e780> 2016-05-19 07:12:57 Completed gather
1463634777313	<INFO 7fa7aac5e780> 2016-05-19 07:12:57 Started scatter
1463634992185	<INFO 7fa7aac5e780> 2016-05-19 07:16:32 Completed scatter
1463634992242	<INFO 7fa7aac5e780> 2016-05-19 07:16:32 Completed phase 6 Bytes read 84117004464 Bytes written 20356610340
1463634992293	<INFO 7fa7aac5e780> 2016-05-19 07:16:32 Started gather
1463635004221	<INFO 7fa7aac5e780> 2016-05-19 07:16:44 Completed gather
1463635006695	<INFO 7fa7aac5e780> 2016-05-19 07:16:46 Started scatter
1463635218465	<INFO 7fa7aac5e780> 2016-05-19 07:20:18 Completed scatter
1463635218575	<INFO 7fa7aac5e780> 2016-05-19 07:20:18 Completed phase 7 Bytes read 94560538492 Bytes written 20625045796
1463635218579	<INFO 7fa7aac5e780> ALGORITHM::BFS::VERTICES_DISCOVERED 22239232
1463635218582	<INFO 7fa7aac5e780> ALGORITHM::BFS::EDGES_EXPLORED 3770729818
1463635218584	<INFO 7fa7aac5e780> CORE::PARTITIONS_PROCESSED 284
1463635218586	<INFO 7fa7aac5e780> CORE::BYTES::EDGES_STREAMED 35717470104
1463635218588	<INFO 7fa7aac5e780> CORE::BYTES::UPDATES_OUT 3426884688
1463635218590	<INFO 7fa7aac5e780> CORE::BYTES::UPDATES_IN 3180832200
1463635218593	<INFO 7f8987fff700> CORE::PARTITIONS_PROCESSED 678
1463635218595	<INFO 7f8987fff700> CORE::BYTES::EDGES_STREAMED 37702270428
1463635218597	<INFO 7f8987fff700> CORE::BYTES::UPDATES_OUT 3797256864
1463635218600	<INFO 7f8987fff700> CORE::BYTES::UPDATES_IN 4133879416
1463635218603	<INFO 7f8986ffd700> CORE::PARTITIONS_PROCESSED 827
1463635218606	<INFO 7f8985ffb700> CORE::PARTITIONS_PROCESSED 764
1463635218608	<INFO 7f8986ffd700> CORE::BYTES::EDGES_STREAMED 40115305272
1463635218610	<INFO 7f8985ffb700> CORE::BYTES::EDGES_STREAMED 44899310184
1463635218612	<INFO 7f8986ffd700> CORE::BYTES::UPDATES_OUT 4010123240
1463635218615	<INFO 7f8985ffb700> CORE::BYTES::UPDATES_OUT 4256535128
1463635218617	<INFO 7f8986ffd700> CORE::BYTES::UPDATES_IN 3795900968
1463635218619	<INFO 7f8985ffb700> CORE::BYTES::UPDATES_IN 4118575072
1463635218621	<INFO 7f89877fe700> CORE::PARTITIONS_PROCESSED 633
1463635218624	<INFO 7f89857fa700> CORE::PARTITIONS_PROCESSED 779
1463635218626	<INFO 7f89877fe700> CORE::BYTES::EDGES_STREAMED 32051099976
1463635218629	<INFO 7f89857fa700> CORE::BYTES::EDGES_STREAMED 40855095276
1463635218631	<INFO 7f89877fe700> CORE::BYTES::UPDATES_OUT 2985836864
1463635218634	<INFO 7f8984ff9700> CORE::PARTITIONS_PROCESSED 881
1463635218636	<INFO 7f89867fc700> CORE::PARTITIONS_PROCESSED 604
1463635218640	<INFO 7f89857fa700> CORE::BYTES::UPDATES_OUT 3718433448
1463635218642	<INFO 7f8984ff9700> CORE::BYTES::EDGES_STREAMED 46576255848
1463635218644	<INFO 7f89877fe700> CORE::BYTES::UPDATES_IN 3378478936
1463635218647	<INFO 7f8984ff9700> CORE::BYTES::UPDATES_OUT 4333187360
1463635218649	<INFO 7f89857fa700> CORE::BYTES::UPDATES_IN 3769030096
1463635218652	<INFO 7f8984ff9700> CORE::BYTES::UPDATES_IN 4016642352
1463635218654	<INFO 7f89867fc700> CORE::BYTES::EDGES_STREAMED 38825334432
1463635218658	<INFO 7f89867fc700> CORE::BYTES::UPDATES_OUT 3637580952
1463635218660	<INFO 7f89867fc700> CORE::BYTES::UPDATES_IN 3772499504
1463635218663	<INFO 7f898d7f5700> SLIPSTORE service is exiting
1463635218665	<INFO 7f898d7f5700> SLIPSTORE::HELP_OFFERS_RECVD 98
1463635218668	<INFO 7f898d7f5700> SLIPSTORE::HELP_OFFERS_ACCEPTED 0
1463635218670	<INFO 7f898d7f5700> SLIPSTORE::HELP_ACCEPTANCE_RATIO 0
1463635218673	<INFO 7f898d7f5700> SLIPSTORE::SERVER_BUSY_DISK  985.822 seconds
1463635218675	<INFO 7f898d7f5700> SLIPSTORE::SERVER_BUSY_MEM  0 seconds
1463635218677	<INFO 7f898d7f5700> SLIPSTORE::SERVER_TOTAL  2158.1 seconds
1463635218680	<INFO 7fa7aac5e780> SLIPSTORE::CLIENT::DISK_READ_TIME  1783.6 seconds
1463635218686	<INFO 7fa7aac5e780> SLIPSTORE::CLIENT::MEM_READ_TIME  0 seconds
1463635218689	<INFO 7fa7aac5e780> SLIPSTORE::CLIENT::DISK_BYTES_READ 363425137048
1463635218692	<INFO 7fa7aac5e780> SLIPSTORE::CLIENT::MEM_BYTES_READ 0
1463635218694	<INFO 7fa7aac5e780> SLIPSTORE::CLIENT::WRITE_TIME  354.556 seconds
1463635218697	<INFO 7fa7aac5e780> SLIPSTORE::CLIENT::BYTES_WRITTEN 2147483648
1463635218699	<INFO 7fa7aac5e780> SLIPSTORE::CLIENT_BUSY  2138.16 seconds
1463635218702	<INFO 7fa7aac5e780> SLIPSTORE::IO::TIME 515.191 seconds
1463635218704	<INFO 7fa7aac5e780> SLIPSTORE::SNAP::TIME 0 seconds
1463635218707	<INFO 7fa7aac5e780> SLIPSTORE::MAX_DISK_USAGE_BYTES 15115008556
1463635218709	<INFO 7fa7aac5e780> CORE::RUSAGE::MAX_RSS_KB 125951168
1463635218711	<INFO 7fa7aac5e780> CORE::RUSAGE::MINFLT 80026546
1463635218714	<INFO 7fa7aac5e780> CORE::RUSAGE::MAJFLT 1510264
1463635218716	<INFO 7fa7aac5e780> CORE::RUSAGE::MAJFLT 1510264
1463635218719	<INFO 7fa7aac5e780> CORE::RUSAGE::INBLK 224897040
1463635218722	<INFO 7fa7aac5e780> CORE::RUSAGE::OUBLK 40289968
1463635218725	<INFO 7fa7aac5e780> CORE::UTILS::BYTES_READ 94560538492
1463635218727	<INFO 7fa7aac5e780> CORE::UTILS::BYTES_WRITTEN 20625045796
1463635218730	<INFO 7fa7aac5e780> CORE::UTILS::TILE_COPY_BYTES 3758096384
1463635218733	<INFO 7fa7aac5e780> CORE::TIME::IO_WAIT 1700.73 seconds
1463635218735	<INFO 7fa7aac5e780> CORE::TIME_TILE_COPY 0 seconds
1463635218739	<INFO 7fa7aac5e780> CORE::TIME_TILE_MERGE 0 seconds
1463635218741	<INFO 7fa7aac5e780> CORE::TIME_PROCESSING_STOLEN 0 seconds
1463635218743	<INFO 7fa7aac5e780> CORE::TIME_MERGE_WAIT 0 seconds
1463635218746	<INFO 7fa7aac5e780> CORE::OTHER_TIME_ALL_MC_BARRIER 0 seconds
1463635218749	<INFO 7fa7aac5e780> CORE::SCATTER_TIME_ALL_MC_BARRIER 0.068943 seconds
1463635218752	<INFO 7fa7aac5e780> CORE::GATHER_TIME_ALL_MC_BARRIER 0.074405 seconds
1463635218754	<INFO 7fa7aac5e780> CORE::INIT_TIME_ALL_MC_BARRIER 3.21284 seconds
1463635218757	<INFO 7fa7aac5e780> CORE::SHUT_DOWN_TIME_ALL_MC_BARRIER 0.075218 seconds
1463635218760	<INFO 7fa7aac5e780> CORE::STREAM_SKIP_BEFORE_TIME_ALL_MC_BARRIER 0.606455 seconds
1463635218762	<INFO 7fa7aac5e780> CORE::TAKE_CHECKPOINT_BEFORE_TIME_ALL_MC_BARRIER 0 seconds
1463635218764	<INFO 7fa7aac5e780> CORE::TAKE_CHECKPOINT_COMPLETE_TIME_ALL_MC_BARRIER 0 seconds
1463635218767	<INFO 7fa7aac5e780> CORE::METADATA_WRITE_COMPLETE_TIME_ALL_MC_BARRIER 0 seconds
1463635218769	<INFO 7fa7aac5e780> CORE::STREAM_EOF_BEFORE_TIME_ALL_MC_BARRIER 0 seconds
1463635218773	<INFO 7fa7aac5e780> CORE::STREAM_EOF_AFTER_TIME_ALL_MC_BARRIER 0 seconds
1463635218775	<INFO 7fa7aac5e780> CORE::STATE_LOAD_TIME_ALL_MC_BARRIER 0 seconds
1463635218778	<INFO 7fa7aac5e780> CORE::STATE_STORE_TIME_ALL_MC_BARRIER 0 seconds
1463635218780	<INFO 7fa7aac5e780> CORE::WORK_STEALING_COST_GATHER 0 seconds
1463635218782	<INFO 7fa7aac5e780> CORE::WORK_STEALING_COST_SCATTER 0 seconds
1463635218785	<INFO 7fa7aac5e780> CORE::PHASES 7
1463635218788	<INFO 7fa7aac5e780> CORE::TIME::SETUP 3.28296 seconds
1463635218790	<INFO 7fa7aac5e780> CORE::TIME::INIT_PARTITIONS_TIME 347.189 seconds
1463635218793	<INFO 7fa7aac5e780> CORE::TIME::STATE_ITER 5.83328 seconds
1463635218795	<INFO 7fa7aac5e780> CORE::TIME::GATHER 193.703 seconds
1463635218798	<INFO 7fa7aac5e780> CORE::TIME::SCATTER 1608.96 seconds
1463635218801	<INFO 7fa7aac5e780> CORE::TIME::WALL 2160.16 seconds
1463635218803	<INFO 7fa7aac5e780> SHUTDOWN
