1463391676624	<INFO 7f5f2cdae780> 2016-05-16 11:41:16 STARTUP
1463391676626	<INFO 7f5f2cdae780> CORE::GRAPH rmat-28-und_s8
1463391676628	<INFO 7f5f2cdae780> CORE::ALGORITHM bfs
1463391676631	<INFO 7f5f2cdae780> CORE::VERTEX_STRIPING OFF
1463391676633	<INFO 7f5f2cdae780> CORE::OPTIMIZED_STATE_LOAD_STORE OFF
1463391676635	<INFO 7f5f2cdae780> CORE::BINARY_SEARCH_SUPER_PARTITION ON
1463391676638	<INFO 7f5f2cdae780> CORE::SUPER_PARTITION_COMPUTED_FOR_EACH_SCATTER_GATHER_PHASE
1463391676640	<INFO 7f5f2cdae780> CORE::EDGE_STRIPING ON
1463391676642	<INFO 7f5f2cdae780> CORE::BATCH IO ON
1463391676644	<INFO 7f5f2cdae780> CORE::GRID_PARTITIONING OFF
1463391676646	<INFO 7f5f2cdae780> 2016-05-16 11:41:16 Blocking memory amount 126701535232
1463391783327	<INFO 7f5f2cdae780> 2016-05-16 11:43:03 Done blocking memory
1463391783329	<INFO 7f5f2cdae780> SG-DRIVER-ORIGINAL
1463391783331	<INFO 7f5f2cdae780> 2016-05-16 11:43:03 START read config parameters
1463391783334	<INFO 7f5f2cdae780> PARTITIONING::OLD 0
1463391783336	<INFO 7f5f2cdae780> PARTITIONING::BALANCED_PARTITIONS 0
1463391783338	<INFO 7f5f2cdae780> CORE::CONFIG::PROCESSORS 8
1463391783340	<INFO 7f5f2cdae780> CORE::CONFIG::PHYSICAL_MEMORY 2147483648
1463391783342	<INFO 7f5f2cdae780> CORE::CONFIG::VERTICES 268435456
1463391783345	<INFO 7f5f2cdae780> CORE::CONFIG::VERTEX_SIZE 8
1463391783347	<INFO 7f5f2cdae780> CORE::CONFIG::VERTEX_BUFFER 838303160
1463391783349	<INFO 7f5f2cdae780> CORE::CONFIG::EDGES 1073741824
1463391783351	<INFO 7f5f2cdae780> CORE::CONFIG::PARTITIONS 64
1463391783354	<INFO 7f5f2cdae780> CORE::CONFIG::FANOUT 64
1463391783356	<INFO 7f5f2cdae780> CORE::CONFIG::SUPER_PARTITIONS 8
1463391783358	<INFO 7f5f2cdae780> CORE::CONFIG::MACHINE_ID 7
1463391783360	<INFO 7f5f2cdae780> CORE::CONFIG::TILES 1
1463391783362	<INFO 7f5f2cdae780> CORE::CONFIG::BUFFER_SIZE 261834971
1463391783365	<INFO 7f5f2cdae780> CORE::CONFIG::MAX_BUFFERS 4
1463391783367	<INFO 7f5f2cdae780> CORE::CONFIG::MAX_STREAMS 4
1463391783369	<INFO 7f5f2cdae780> CORE::CONFIG::SUM_OF_OUT_DEGREES_FOR_NEW_PARTITIONS::FIRST_CONSTRAINT 0
1463391783371	<INFO 7f5f2cdae780> CORE::CONFIG::MAX_EDGES_PER_NEW_PARTITION::SECOND_CONSTRAINT 0
1463391783374	<INFO 7f5f2cdae780> SLIPSTREAM::EXT_MEM_SHUFFLE OFF
1463391783376	<INFO 7f5f2cdae780> 2016-05-16 11:43:03 END read config parameters
1463391785079	<WARNING 7f5f2cdae780> Unable to unlink file (stream.0.0.0):No such file or directory
1463391785081	<WARNING 7f5f2cdae780> Unable to unlink file (stream.0.1.0):No such file or directory
1463391785084	<WARNING 7f5f2cdae780> Unable to unlink file (stream.0.2.0):No such file or directory
1463391785086	<WARNING 7f5f2cdae780> Unable to unlink file (stream.0.3.0):No such file or directory
1463391785088	<WARNING 7f5f2cdae780> Unable to unlink file (stream.0.4.0):No such file or directory
1463391785090	<WARNING 7f5f2cdae780> Unable to unlink file (stream.0.5.0):No such file or directory
1463391785093	<WARNING 7f5f2cdae780> Unable to unlink file (stream.0.6.0):No such file or directory
1463391785095	<WARNING 7f5f2cdae780> Unable to unlink file (stream.0.7.0):No such file or directory
1463391785097	<WARNING 7f5f2cdae780> Unable to unlink file (stream.1.1.0):No such file or directory
1463391785100	<WARNING 7f5f2cdae780> Unable to unlink file (stream.1.2.0):No such file or directory
1463391785102	<WARNING 7f5f2cdae780> Unable to unlink file (stream.1.3.0):No such file or directory
1463391785104	<WARNING 7f5f2cdae780> Unable to unlink file (stream.1.4.0):No such file or directory
1463391785109	<WARNING 7f5f2cdae780> Unable to unlink file (stream.1.5.0):No such file or directory
1463391785111	<WARNING 7f5f2cdae780> Unable to unlink file (stream.1.6.0):No such file or directory
1463391785114	<WARNING 7f5f2cdae780> Unable to unlink file (stream.1.7.0):No such file or directory
1463391785116	<WARNING 7f5f2cdae780> Unable to unlink file (stream.2.0.0):No such file or directory
1463391785119	<WARNING 7f5f2cdae780> Unable to unlink file (stream.2.1.0):No such file or directory
1463391785121	<WARNING 7f5f2cdae780> Unable to unlink file (stream.2.2.0):No such file or directory
1463391785125	<WARNING 7f5f2cdae780> Unable to unlink file (stream.2.3.0):No such file or directory
1463391785127	<WARNING 7f5f2cdae780> Unable to unlink file (stream.2.4.0):No such file or directory
1463391785129	<WARNING 7f5f2cdae780> Unable to unlink file (stream.2.5.0):No such file or directory
1463391785131	<WARNING 7f5f2cdae780> Unable to unlink file (stream.2.6.0):No such file or directory
1463391785134	<WARNING 7f5f2cdae780> Unable to unlink file (stream.2.7.0):No such file or directory
1463391785136	<WARNING 7f5f2cdae780> Unable to unlink file (stream.3.0.0):No such file or directory
1463391785138	<WARNING 7f5f2cdae780> Unable to unlink file (stream.3.1.0):No such file or directory
1463391785140	<WARNING 7f5f2cdae780> Unable to unlink file (stream.3.2.0):No such file or directory
1463391785142	<WARNING 7f5f2cdae780> Unable to unlink file (stream.3.3.0):No such file or directory
1463391785144	<WARNING 7f5f2cdae780> Unable to unlink file (stream.3.4.0):No such file or directory
1463391785147	<WARNING 7f5f2cdae780> Unable to unlink file (stream.3.5.0):No such file or directory
1463391785149	<WARNING 7f5f2cdae780> Unable to unlink file (stream.3.6.0):No such file or directory
1463391785151	<WARNING 7f5f2cdae780> Unable to unlink file (stream.3.7.0):No such file or directory
1463391785153	<INFO 7f5f2cdae780> SLIPSTORE::ZMQ_THREADS 2
1463391785156	<INFO 7f5f2cdae780> SLIPSTORE::COMM Connecting to tcp://dco-node137-10g:5016
1463391785159	<INFO 7f5f2cdae780> SLIPSTORE::COMM Connecting to tcp://dco-node138-10g:5034
1463391785161	<INFO 7f5f2cdae780> SLIPSTORE::COMM Connecting to tcp://dco-node139-10g:5052
1463391785163	<INFO 7f5f2cdae780> SLIPSTORE::COMM Connecting to tcp://dco-node140-10g:5070
1463391785166	<INFO 7f5f2cdae780> SLIPSTORE::COMM Connecting to tcp://dco-node141-10g:5088
1463391785168	<INFO 7f5f2cdae780> SLIPSTORE::COMM Connecting to tcp://dco-node142-10g:5106
1463391785170	<INFO 7f5f2cdae780> SLIPSTORE::COMM Connecting to tcp://dco-node143-10g:5124
1463391785173	<INFO 7f5f2cdae780> SLIPSTORE::COMM Connecting to tcp://dco-node144-10g:5142
1463391785175	<INFO 7f5f2cdae780> SLIPSTORE::COMM Listening at tcp://p1p1:5134
1463391785177	<INFO 7f5f2cdae780> SLIPSTORE::COMM Listening at tcp://p1p1:5135
1463391785180	<INFO 7f5f2cdae780> SLIPSTORE::COMM Listening at tcp://p1p1:5136
1463391785182	<INFO 7f5f2cdae780> SLIPSTORE::COMM Listening at tcp://p1p1:5137
1463391785184	<INFO 7f5f2cdae780> SLIPSTORE::COMM Listening at tcp://p1p1:5138
1463391785187	<INFO 7f5f2cdae780> SLIPSTORE::COMM Listening at tcp://p1p1:5139
1463391785189	<INFO 7f5f2cdae780> SLIPSTORE::COMM Listening at tcp://p1p1:5140
1463391785192	<INFO 7f5f2cdae780> SLIPSTORE::COMM Listening at ipc://client
1463391785194	<INFO 7f5f2cdae780> SLIPSTORE::COMM Connecting to tcp://dco-node137-10g:5016
1463391785196	<INFO 7f5f2cdae780> SLIPSTORE::COMM Connecting to tcp://dco-node138-10g:5034
1463391785199	<INFO 7f5f2cdae780> SLIPSTORE::COMM Connecting to tcp://dco-node139-10g:5052
1463391785202	<INFO 7f5f2cdae780> SLIPSTORE::COMM Connecting to tcp://dco-node140-10g:5070
1463391785204	<INFO 7f5f2cdae780> SLIPSTORE::COMM Connecting to tcp://dco-node141-10g:5088
1463391785206	<INFO 7f5f2cdae780> SLIPSTORE::COMM Connecting to tcp://dco-node142-10g:5106
1463391785208	<INFO 7f5f2cdae780> SLIPSTORE::COMM Connecting to tcp://dco-node143-10g:5124
1463391785211	<INFO 7f5f2cdae780> SLIPSTORE::COMM Connecting to tcp://dco-node144-10g:5142
1463391785213	<INFO 7f5f2cdae780> SLIPSTORE::COMM Connecting to tcp://dco-node137-10g:5007
1463391785215	<INFO 7f5f2cdae780> SLIPSTORE::COMM Connecting to tcp://dco-node138-10g:5025
1463391785217	<INFO 7f5f2cdae780> SLIPSTORE::COMM Connecting to tcp://dco-node139-10g:5043
1463391785220	<INFO 7f5f2cdae780> SLIPSTORE::COMM Connecting to tcp://dco-node140-10g:5061
1463391785222	<INFO 7f5f2cdae780> SLIPSTORE::COMM Connecting to tcp://dco-node141-10g:5079
1463391785224	<INFO 7f5f2cdae780> SLIPSTORE::COMM Connecting to tcp://dco-node142-10g:5097
1463391785226	<INFO 7f5f2cdae780> SLIPSTORE::COMM Connecting to tcp://dco-node143-10g:5115
1463391785228	<INFO 7f5f2cdae780> SLIPSTORE::COMM Connecting to ipc://server
1463391785231	<INFO 7f5f2cdae780> SLIPSTORE::COMM Connecting to tcp://dco-node137-10g:5017
1463391785233	<INFO 7f5f2cdae780> SLIPSTORE::COMM Listening at tcp://p1p1:5143
1463391785235	<INFO 7f5f2cdae780> SLIPSTORE::COMM Connecting to tcp://dco-node144-10g:5142
1463391785237	<INFO 7f5f2cdae780> SLIPSTORE::HELP_POLICY NONE
1463391785241	<INFO 7f5f2cdae780> SLIPSTORE::SERVER ASYNC
1463391785243	<INFO 7f5f2cdae780> SLIPSTORE::MACHINES 8
1463391785245	<INFO 7f5f2cdae780> SLIPSTORE::ME 7
1463391785248	<INFO 7f5f2cdae780> SLIPSTORE::SLIPCHUNK 4194304
1463391785250	<INFO 7f5f2cdae780> SLIPSTORE::QUOTA 18446744073709551615
1463391785252	<INFO 7f5f2cdae780> SLIPSTORE::IO PAGECACHE
1463391785255	<INFO 7f410f7fd700> SLIPSTORE::COMM Listening at tcp://p1p1:5142
1463391785257	<INFO 7f410f7fd700> SLIPSTORE::COMM Listening at tcp://p1p1:5126
1463391785259	<INFO 7f410f7fd700> SLIPSTORE::COMM Connecting to tcp://dco-node137-10g:5015
1463391785261	<INFO 7f410f7fd700> SLIPSTORE::COMM Listening at tcp://p1p1:5127
1463391785263	<INFO 7f410f7fd700> SLIPSTORE::COMM Connecting to tcp://dco-node138-10g:5033
1463391785266	<INFO 7f410f7fd700> SLIPSTORE::COMM Listening at tcp://p1p1:5128
1463391785268	<INFO 7f410f7fd700> SLIPSTORE::COMM Connecting to tcp://dco-node139-10g:5051
1463391785270	<INFO 7f410f7fd700> SLIPSTORE::COMM Listening at tcp://p1p1:5129
1463391785272	<INFO 7f410f7fd700> SLIPSTORE::COMM Connecting to tcp://dco-node140-10g:5069
1463391785274	<INFO 7f410f7fd700> SLIPSTORE::COMM Listening at tcp://p1p1:5130
1463391785277	<INFO 7f410f7fd700> SLIPSTORE::COMM Connecting to tcp://dco-node141-10g:5087
1463391785279	<INFO 7f410f7fd700> SLIPSTORE::COMM Listening at tcp://p1p1:5131
1463391785281	<INFO 7f410f7fd700> SLIPSTORE::COMM Connecting to tcp://dco-node142-10g:5105
1463391785283	<INFO 7f410f7fd700> SLIPSTORE::COMM Listening at tcp://p1p1:5132
1463391785286	<INFO 7f410f7fd700> SLIPSTORE::COMM Connecting to tcp://dco-node143-10g:5123
1463391785288	<INFO 7f410f7fd700> SLIPSTORE::COMM Listening at ipc://server
1463391785290	<INFO 7f410f7fd700> SLIPSTORE::COMM Connecting to ipc://client
1463391786565	<INFO 7f5f2cdae780> SLIPSTORE::CHECKPOINTS NONE FOUND
1463391786567	<INFO 7f5f2cdae780> 2016-05-16 11:43:06 Start edge split
1463391949611	<INFO 7f5f2cdae780> 2016-05-16 11:45:49 Completed init
1463391952228	<INFO 7f5f2cdae780> 2016-05-16 11:45:52 Started gather
1463391956909	<INFO 7f5f2cdae780> 2016-05-16 11:45:56 Completed gather
1463391956944	<INFO 7f5f2cdae780> 2016-05-16 11:45:56 Started scatter
1463392035379	<INFO 7f5f2cdae780> 2016-05-16 11:47:15 Completed scatter
1463392035402	<INFO 7f5f2cdae780> 2016-05-16 11:47:15 Completed phase 1 Bytes read 27241522840 Bytes written 14360543968
1463392035423	<INFO 7f5f2cdae780> 2016-05-16 11:47:15 Started gather
1463392040868	<INFO 7f5f2cdae780> 2016-05-16 11:47:20 Completed gather
1463392040906	<INFO 7f5f2cdae780> 2016-05-16 11:47:20 Started scatter
1463392146260	<INFO 7f5f2cdae780> 2016-05-16 11:49:06 Completed scatter
1463392156693	<INFO 7f5f2cdae780> 2016-05-16 11:49:16 Completed phase 2 Bytes read 41602066808 Bytes written 19738035632
1463392156714	<INFO 7f5f2cdae780> 2016-05-16 11:49:16 Started gather
1463392190720	<INFO 7f5f2cdae780> 2016-05-16 11:49:50 Completed gather
1463392197101	<INFO 7f5f2cdae780> 2016-05-16 11:49:57 Started scatter
1463392303872	<INFO 7f5f2cdae780> 2016-05-16 11:51:43 Completed scatter
1463392304004	<INFO 7f5f2cdae780> 2016-05-16 11:51:44 Completed phase 3 Bytes read 60497876264 Bytes written 24346068192
1463392304025	<INFO 7f5f2cdae780> 2016-05-16 11:51:44 Started gather
1463392335329	<INFO 7f5f2cdae780> 2016-05-16 11:52:15 Completed gather
1463392341074	<INFO 7f5f2cdae780> 2016-05-16 11:52:21 Started scatter
1463392410811	<INFO 7f5f2cdae780> 2016-05-16 11:53:30 Completed scatter
1463392410838	<INFO 7f5f2cdae780> 2016-05-16 11:53:30 Completed phase 4 Bytes read 78624226616 Bytes written 25205364552
1463392410859	<INFO 7f5f2cdae780> 2016-05-16 11:53:30 Started gather
1463392415811	<INFO 7f5f2cdae780> 2016-05-16 11:53:35 Completed gather
1463392415883	<INFO 7f5f2cdae780> 2016-05-16 11:53:35 Started scatter
1463392486214	<INFO 7f5f2cdae780> 2016-05-16 11:54:46 Completed scatter
1463392486236	<INFO 7f5f2cdae780> 2016-05-16 11:54:46 Completed phase 5 Bytes read 93001840768 Bytes written 26043719136
1463392486258	<INFO 7f5f2cdae780> 2016-05-16 11:54:46 Started gather
1463392490979	<INFO 7f5f2cdae780> 2016-05-16 11:54:50 Completed gather
1463392491014	<INFO 7f5f2cdae780> 2016-05-16 11:54:51 Started scatter
1463392558528	<INFO 7f5f2cdae780> 2016-05-16 11:55:58 Completed scatter
1463392558558	<INFO 7f5f2cdae780> 2016-05-16 11:55:58 Completed phase 6 Bytes read 107358513144 Bytes written 26882022408
1463392558580	<INFO 7f5f2cdae780> 2016-05-16 11:55:58 Started gather
1463392563543	<INFO 7f5f2cdae780> 2016-05-16 11:56:03 Completed gather
1463392563573	<INFO 7f5f2cdae780> 2016-05-16 11:56:03 Started scatter
1463392631316	<INFO 7f5f2cdae780> 2016-05-16 11:57:11 Completed scatter
1463392631339	<INFO 7f5f2cdae780> 2016-05-16 11:57:11 Completed phase 7 Bytes read 121715134208 Bytes written 27720325568
1463392631341	<INFO 7f5f2cdae780> ALGORITHM::BFS::VERTICES_DISCOVERED 34982653
1463392631344	<INFO 7f5f2cdae780> ALGORITHM::BFS::EDGES_EXPLORED 883714971
1463392631347	<INFO 7f5f2cdae780> CORE::PARTITIONS_PROCESSED 187
1463392631350	<INFO 7f5f2cdae780> CORE::BYTES::EDGES_STREAMED 7932246432
1463392631352	<INFO 7f5f2cdae780> CORE::BYTES::UPDATES_OUT 749538952
1463392631354	<INFO 7f5f2cdae780> CORE::BYTES::UPDATES_IN 759434192
1463392631357	<INFO 7f410d7f9700> CORE::PARTITIONS_PROCESSED 140
1463392631359	<INFO 7f410d7f9700> CORE::BYTES::EDGES_STREAMED 8186298072
1463392631361	<INFO 7f410d7f9700> CORE::BYTES::UPDATES_OUT 772800512
1463392631363	<INFO 7f410d7f9700> CORE::BYTES::UPDATES_IN 774770528
1463392631366	<INFO 7f410cff8700> CORE::PARTITIONS_PROCESSED 335
1463392631368	<INFO 7f410e7fb700> CORE::PARTITIONS_PROCESSED 203
1463392631371	<INFO 7f41037fe700> CORE::PARTITIONS_PROCESSED 285
1463392631373	<INFO 7f410dffa700> CORE::PARTITIONS_PROCESSED 421
1463392631375	<INFO 7f410cff8700> CORE::BYTES::EDGES_STREAMED 8865365592
1463392631377	<INFO 7f4102ffd700> CORE::PARTITIONS_PROCESSED 81
1463392631380	<INFO 7f410cff8700> CORE::BYTES::UPDATES_OUT 830561384
1463392631382	<INFO 7f410dffa700> CORE::BYTES::EDGES_STREAMED 8226770424
1463392631384	<INFO 7f4103fff700> CORE::PARTITIONS_PROCESSED 357
1463392631386	<INFO 7f41037fe700> CORE::BYTES::EDGES_STREAMED 14413322664
1463392631389	<INFO 7f4102ffd700> CORE::BYTES::EDGES_STREAMED 9465677496
1463392631391	<INFO 7f410e7fb700> CORE::BYTES::EDGES_STREAMED 8074805304
1463392631393	<INFO 7f410dffa700> CORE::BYTES::UPDATES_OUT 763772368
1463392631395	<INFO 7f41037fe700> CORE::BYTES::UPDATES_OUT 1424814728
1463392631398	<INFO 7f410dffa700> CORE::BYTES::UPDATES_IN 771234032
1463392631400	<INFO 7f410cff8700> CORE::BYTES::UPDATES_IN 817551968
1463392631402	<INFO 7f41037fe700> CORE::BYTES::UPDATES_IN 1460097880
1463392631404	<INFO 7f410e7fb700> CORE::BYTES::UPDATES_OUT 774761560
1463392631406	<INFO 7f4103fff700> CORE::BYTES::EDGES_STREAMED 9070030176
1463392631409	<INFO 7f4102ffd700> CORE::BYTES::UPDATES_OUT 874602296
1463392631411	<INFO 7f4103fff700> CORE::BYTES::UPDATES_OUT 878867968
1463392631413	<INFO 7f4102ffd700> CORE::BYTES::UPDATES_IN 853298240
1463392631415	<INFO 7f410e7fb700> CORE::BYTES::UPDATES_IN 797829928
1463392631418	<INFO 7f4103fff700> CORE::BYTES::UPDATES_IN 835503000
1463392631420	<INFO 7f410f7fd700> SLIPSTORE service is exiting
1463392631422	<INFO 7f410f7fd700> SLIPSTORE::HELP_OFFERS_RECVD 98
1463392631424	<INFO 7f410f7fd700> SLIPSTORE::HELP_OFFERS_ACCEPTED 0
1463392631427	<INFO 7f410f7fd700> SLIPSTORE::HELP_ACCEPTANCE_RATIO 0
1463392631429	<INFO 7f410f7fd700> SLIPSTORE::SERVER_BUSY_DISK  754.027 seconds
1463392631431	<INFO 7f410f7fd700> SLIPSTORE::SERVER_BUSY_MEM  0 seconds
1463392631433	<INFO 7f410f7fd700> SLIPSTORE::SERVER_TOTAL  846.232 seconds
1463392631436	<INFO 7f5f2cdae780> SLIPSTORE::CLIENT::DISK_READ_TIME  662.512 seconds
1463392631438	<INFO 7f5f2cdae780> SLIPSTORE::CLIENT::MEM_READ_TIME  0 seconds
1463392631440	<INFO 7f5f2cdae780> SLIPSTORE::CLIENT::DISK_BYTES_READ 106063781668
1463392631442	<INFO 7f5f2cdae780> SLIPSTORE::CLIENT::MEM_BYTES_READ 0
1463392631445	<INFO 7f5f2cdae780> SLIPSTORE::CLIENT::WRITE_TIME  152.909 seconds
1463392631447	<INFO 7f5f2cdae780> SLIPSTORE::CLIENT::BYTES_WRITTEN 6706425280
1463392631449	<INFO 7f5f2cdae780> SLIPSTORE::CLIENT_BUSY  815.421 seconds
1463392631451	<INFO 7f5f2cdae780> SLIPSTORE::IO::TIME 544.056 seconds
1463392631454	<INFO 7f5f2cdae780> SLIPSTORE::SNAP::TIME 0 seconds
1463392631456	<INFO 7f5f2cdae780> SLIPSTORE::MAX_DISK_USAGE_BYTES 18057506296
1463392631458	<INFO 7f5f2cdae780> CORE::RUSAGE::MAX_RSS_KB 125937860
1463392631461	<INFO 7f5f2cdae780> CORE::RUSAGE::MINFLT 81722774
1463392631463	<INFO 7f5f2cdae780> CORE::RUSAGE::MAJFLT 3
1463392631465	<INFO 7f5f2cdae780> CORE::RUSAGE::MAJFLT 3
1463392631467	<INFO 7f5f2cdae780> CORE::RUSAGE::INBLK 215040808
1463392631470	<INFO 7f5f2cdae780> CORE::RUSAGE::OUBLK 54152136
1463392631472	<INFO 7f5f2cdae780> CORE::UTILS::BYTES_READ 121715134208
1463392631474	<INFO 7f5f2cdae780> CORE::UTILS::BYTES_WRITTEN 27720325568
1463392631476	<INFO 7f5f2cdae780> CORE::UTILS::TILE_COPY_BYTES 11736244240
1463392631479	<INFO 7f5f2cdae780> CORE::TIME::IO_WAIT 634.964 seconds
1463392631481	<INFO 7f5f2cdae780> CORE::TIME_TILE_COPY 0 seconds
1463392631483	<INFO 7f5f2cdae780> CORE::TIME_TILE_MERGE 0 seconds
1463392631485	<INFO 7f5f2cdae780> CORE::TIME_PROCESSING_STOLEN 0 seconds
1463392631488	<INFO 7f5f2cdae780> CORE::TIME_MERGE_WAIT 0 seconds
1463392631490	<INFO 7f5f2cdae780> CORE::OTHER_TIME_ALL_MC_BARRIER 0 seconds
1463392631492	<INFO 7f5f2cdae780> CORE::SCATTER_TIME_ALL_MC_BARRIER 8.85752 seconds
1463392631494	<INFO 7f5f2cdae780> CORE::GATHER_TIME_ALL_MC_BARRIER 0.015942 seconds
1463392631496	<INFO 7f5f2cdae780> CORE::INIT_TIME_ALL_MC_BARRIER 2.11201 seconds
1463392631499	<INFO 7f5f2cdae780> CORE::SHUT_DOWN_TIME_ALL_MC_BARRIER 0.007793 seconds
1463392631501	<INFO 7f5f2cdae780> CORE::STREAM_SKIP_BEFORE_TIME_ALL_MC_BARRIER 0.036957 seconds
1463392631503	<INFO 7f5f2cdae780> CORE::TAKE_CHECKPOINT_BEFORE_TIME_ALL_MC_BARRIER 0 seconds
1463392631505	<INFO 7f5f2cdae780> CORE::TAKE_CHECKPOINT_COMPLETE_TIME_ALL_MC_BARRIER 0 seconds
1463392631508	<INFO 7f5f2cdae780> CORE::METADATA_WRITE_COMPLETE_TIME_ALL_MC_BARRIER 0 seconds
1463392631510	<INFO 7f5f2cdae780> CORE::STREAM_EOF_BEFORE_TIME_ALL_MC_BARRIER 0 seconds
1463392631513	<INFO 7f5f2cdae780> CORE::STREAM_EOF_AFTER_TIME_ALL_MC_BARRIER 0 seconds
1463392631515	<INFO 7f5f2cdae780> CORE::STATE_LOAD_TIME_ALL_MC_BARRIER 0 seconds
1463392631517	<INFO 7f5f2cdae780> CORE::STATE_STORE_TIME_ALL_MC_BARRIER 0 seconds
1463392631519	<INFO 7f5f2cdae780> CORE::PHASES 7
1463392631522	<INFO 7f5f2cdae780> CORE::TIME::SETUP 3.24836 seconds
1463392631524	<INFO 7f5f2cdae780> CORE::TIME::INIT_PARTITIONS_TIME 163.047 seconds
1463392631526	<INFO 7f5f2cdae780> CORE::TIME::STATE_ITER 2.58608 seconds
1463392631528	<INFO 7f5f2cdae780> CORE::TIME::GATHER 102.415 seconds
1463392631531	<INFO 7f5f2cdae780> CORE::TIME::SCATTER 576.329 seconds
1463392631533	<INFO 7f5f2cdae780> CORE::TIME::WALL 848.026 seconds
1463392631535	<INFO 7f5f2cdae780> SHUTDOWN
