1462381757395	<INFO 7f546cda2780> 2016-05-04 19:09:17 STARTUP
1462381757398	<INFO 7f546cda2780> CORE::GRAPH rmat-28-und_s8
1462381757400	<INFO 7f546cda2780> CORE::ALGORITHM bfs
1462381757402	<INFO 7f546cda2780> CORE::VERTEX_STRIPING ON
1462381757405	<INFO 7f546cda2780> CORE::OPTIMIZED_STATE_LOAD_STORE OFF
1462381757407	<INFO 7f546cda2780> CORE::BINARY_SEARCH_SUPER_PARTITION ON
1462381757409	<INFO 7f546cda2780> CORE::SUPER_PARTITION_COMPUTED_FOR_EACH_SCATTER_GATHER_PHASE
1462381757411	<INFO 7f546cda2780> CORE::EDGE_STRIPING ON
1462381757414	<INFO 7f546cda2780> CORE::BATCH IO ON
1462381757416	<INFO 7f546cda2780> 2016-05-04 19:09:17 Blocking memory amount 126701535232
1462381864403	<INFO 7f546cda2780> 2016-05-04 19:11:04 Done blocking memory
1462381864405	<INFO 7f546cda2780> SG-DRIVER-ORIGINAL
1462381864407	<INFO 7f546cda2780> 2016-05-04 19:11:04 START read config parameters
1462381864410	<INFO 7f546cda2780> PARTITIONING::OLD 1
1462381864412	<INFO 7f546cda2780> PARTITIONING::BALANCED_PARTITIONS 0
1462381864414	<INFO 7f546cda2780> CORE::CONFIG::PROCESSORS 8
1462381864416	<INFO 7f546cda2780> CORE::CONFIG::PHYSICAL_MEMORY 2147483648
1462381864419	<INFO 7f546cda2780> CORE::CONFIG::VERTICES 268435456
1462381864421	<INFO 7f546cda2780> CORE::CONFIG::VERTEX_SIZE 8
1462381864423	<INFO 7f546cda2780> CORE::CONFIG::VERTEX_BUFFER 268435456
1462381864425	<INFO 7f546cda2780> CORE::CONFIG::EDGES 1073741824
1462381864428	<INFO 7f546cda2780> CORE::CONFIG::PARTITIONS 64
1462381864430	<INFO 7f546cda2780> CORE::CONFIG::FANOUT 64
1462381864432	<INFO 7f546cda2780> CORE::CONFIG::SUPER_PARTITIONS 8
1462381864434	<INFO 7f546cda2780> CORE::CONFIG::TILES 1
1462381864437	<INFO 7f546cda2780> CORE::CONFIG::BUFFER_SIZE 375808512
1462381864439	<INFO 7f546cda2780> CORE::CONFIG::MAX_BUFFERS 4
1462381864441	<INFO 7f546cda2780> CORE::CONFIG::MAX_STREAMS 4
1462381864443	<INFO 7f546cda2780> CORE::CONFIG::SUM_OF_OUT_DEGREES_FOR_NEW_PARTITIONS::FIRST_CONSTRAINT 33554432
1462381864445	<INFO 7f546cda2780> CORE::CONFIG::MAX_EDGES_PER_NEW_PARTITION::SECOND_CONSTRAINT 134217728
1462381864448	<INFO 7f546cda2780> SLIPSTREAM::EXT_MEM_SHUFFLE OFF
1462381864450	<INFO 7f546cda2780> 2016-05-04 19:11:04 END read config parameters
1462381866156	<WARNING 7f546cda2780> Unable to unlink file (stream.0.0.0):No such file or directory
1462381866158	<WARNING 7f546cda2780> Unable to unlink file (stream.0.1.0):No such file or directory
1462381866160	<WARNING 7f546cda2780> Unable to unlink file (stream.0.2.0):No such file or directory
1462381866163	<WARNING 7f546cda2780> Unable to unlink file (stream.0.3.0):No such file or directory
1462381866166	<WARNING 7f546cda2780> Unable to unlink file (stream.0.4.0):No such file or directory
1462381866168	<WARNING 7f546cda2780> Unable to unlink file (stream.0.5.0):No such file or directory
1462381866170	<WARNING 7f546cda2780> Unable to unlink file (stream.0.6.0):No such file or directory
1462381866173	<WARNING 7f546cda2780> Unable to unlink file (stream.0.7.0):No such file or directory
1462381866175	<WARNING 7f546cda2780> Unable to unlink file (stream.1.1.0):No such file or directory
1462381866177	<WARNING 7f546cda2780> Unable to unlink file (stream.1.2.0):No such file or directory
1462381866180	<WARNING 7f546cda2780> Unable to unlink file (stream.1.3.0):No such file or directory
1462381866182	<WARNING 7f546cda2780> Unable to unlink file (stream.1.4.0):No such file or directory
1462381866184	<WARNING 7f546cda2780> Unable to unlink file (stream.1.5.0):No such file or directory
1462381866187	<WARNING 7f546cda2780> Unable to unlink file (stream.1.6.0):No such file or directory
1462381866189	<WARNING 7f546cda2780> Unable to unlink file (stream.1.7.0):No such file or directory
1462381866192	<WARNING 7f546cda2780> Unable to unlink file (stream.2.0.0):No such file or directory
1462381866194	<WARNING 7f546cda2780> Unable to unlink file (stream.2.1.0):No such file or directory
1462381866196	<WARNING 7f546cda2780> Unable to unlink file (stream.2.2.0):No such file or directory
1462381866198	<WARNING 7f546cda2780> Unable to unlink file (stream.2.3.0):No such file or directory
1462381866201	<WARNING 7f546cda2780> Unable to unlink file (stream.2.4.0):No such file or directory
1462381866203	<WARNING 7f546cda2780> Unable to unlink file (stream.2.5.0):No such file or directory
1462381866206	<WARNING 7f546cda2780> Unable to unlink file (stream.2.6.0):No such file or directory
1462381866209	<WARNING 7f546cda2780> Unable to unlink file (stream.2.7.0):No such file or directory
1462381866211	<WARNING 7f546cda2780> Unable to unlink file (stream.3.0.0):No such file or directory
1462381866213	<WARNING 7f546cda2780> Unable to unlink file (stream.3.1.0):No such file or directory
1462381866215	<WARNING 7f546cda2780> Unable to unlink file (stream.3.2.0):No such file or directory
1462381866218	<WARNING 7f546cda2780> Unable to unlink file (stream.3.3.0):No such file or directory
1462381866220	<WARNING 7f546cda2780> Unable to unlink file (stream.3.4.0):No such file or directory
1462381866222	<WARNING 7f546cda2780> Unable to unlink file (stream.3.5.0):No such file or directory
1462381866225	<WARNING 7f546cda2780> Unable to unlink file (stream.3.6.0):No such file or directory
1462381866227	<WARNING 7f546cda2780> Unable to unlink file (stream.3.7.0):No such file or directory
1462381866233	<INFO 7f546cda2780> SLIPSTORE::ZMQ_THREADS 2
1462381866235	<INFO 7f546cda2780> SLIPSTORE::COMM Connecting to tcp://dco-node137-10g:5016
1462381866238	<INFO 7f546cda2780> SLIPSTORE::COMM Connecting to tcp://dco-node138-10g:5034
1462381866240	<INFO 7f546cda2780> SLIPSTORE::COMM Connecting to tcp://dco-node139-10g:5052
1462381866242	<INFO 7f546cda2780> SLIPSTORE::COMM Connecting to tcp://dco-node140-10g:5070
1462381866245	<INFO 7f546cda2780> SLIPSTORE::COMM Connecting to tcp://dco-node141-10g:5088
1462381866247	<INFO 7f546cda2780> SLIPSTORE::COMM Connecting to tcp://dco-node142-10g:5106
1462381866249	<INFO 7f546cda2780> SLIPSTORE::COMM Connecting to tcp://dco-node143-10g:5124
1462381866251	<INFO 7f546cda2780> SLIPSTORE::COMM Connecting to tcp://dco-node144-10g:5142
1462381866254	<INFO 7f546cda2780> SLIPSTORE::COMM Listening at tcp://p1p1:5080
1462381866256	<INFO 7f546cda2780> SLIPSTORE::COMM Listening at tcp://p1p1:5081
1462381866258	<INFO 7f546cda2780> SLIPSTORE::COMM Listening at tcp://p1p1:5082
1462381866261	<INFO 7f546cda2780> SLIPSTORE::COMM Listening at tcp://p1p1:5083
1462381866263	<INFO 7f546cda2780> SLIPSTORE::COMM Listening at ipc://client
1462381866266	<INFO 7f546cda2780> SLIPSTORE::COMM Listening at tcp://p1p1:5085
1462381866268	<INFO 7f546cda2780> SLIPSTORE::COMM Listening at tcp://p1p1:5086
1462381866271	<INFO 7f546cda2780> SLIPSTORE::COMM Listening at tcp://p1p1:5087
1462381866273	<INFO 7f546cda2780> SLIPSTORE::COMM Connecting to tcp://dco-node137-10g:5016
1462381866276	<INFO 7f546cda2780> SLIPSTORE::COMM Connecting to tcp://dco-node138-10g:5034
1462381866278	<INFO 7f546cda2780> SLIPSTORE::COMM Connecting to tcp://dco-node139-10g:5052
1462381866281	<INFO 7f546cda2780> SLIPSTORE::COMM Connecting to tcp://dco-node140-10g:5070
1462381866283	<INFO 7f546cda2780> SLIPSTORE::COMM Connecting to tcp://dco-node141-10g:5088
1462381866285	<INFO 7f546cda2780> SLIPSTORE::COMM Connecting to tcp://dco-node142-10g:5106
1462381866288	<INFO 7f546cda2780> SLIPSTORE::COMM Connecting to tcp://dco-node143-10g:5124
1462381866290	<INFO 7f546cda2780> SLIPSTORE::COMM Connecting to tcp://dco-node144-10g:5142
1462381866292	<INFO 7f546cda2780> SLIPSTORE::COMM Connecting to tcp://dco-node137-10g:5004
1462381866294	<INFO 7f546cda2780> SLIPSTORE::COMM Connecting to tcp://dco-node138-10g:5022
1462381866296	<INFO 7f546cda2780> SLIPSTORE::COMM Connecting to tcp://dco-node139-10g:5040
1462381866298	<INFO 7f546cda2780> SLIPSTORE::COMM Connecting to tcp://dco-node140-10g:5058
1462381866300	<INFO 7f546cda2780> SLIPSTORE::COMM Connecting to ipc://server
1462381866302	<INFO 7f546cda2780> SLIPSTORE::COMM Connecting to tcp://dco-node142-10g:5094
1462381866304	<INFO 7f546cda2780> SLIPSTORE::COMM Connecting to tcp://dco-node143-10g:5112
1462381866306	<INFO 7f546cda2780> SLIPSTORE::COMM Connecting to tcp://dco-node144-10g:5130
1462381866308	<INFO 7f546cda2780> SLIPSTORE::COMM Connecting to tcp://dco-node142-10g:5107
1462381866310	<INFO 7f546cda2780> SLIPSTORE::COMM Listening at tcp://p1p1:5089
1462381866312	<INFO 7f546cda2780> SLIPSTORE::COMM Connecting to tcp://dco-node141-10g:5088
1462381866314	<INFO 7f546cda2780> SLIPSTORE::HELP_POLICY NONE
1462381866316	<INFO 7f546cda2780> SLIPSTORE::SERVER ASYNC
1462381866319	<INFO 7f546cda2780> SLIPSTORE::MACHINES 8
1462381866321	<INFO 7f546cda2780> SLIPSTORE::ME 4
1462381866323	<INFO 7f546cda2780> SLIPSTORE::SLIPCHUNK 4194304
1462381866325	<INFO 7f546cda2780> SLIPSTORE::QUOTA 18446744073709551615
1462381866327	<INFO 7f546cda2780> SLIPSTORE::IO PAGECACHE
1462381866330	<INFO 7f364f7fd700> SLIPSTORE::COMM Listening at tcp://p1p1:5088
1462381866332	<INFO 7f364f7fd700> SLIPSTORE::COMM Listening at tcp://p1p1:5072
1462381866334	<INFO 7f364f7fd700> SLIPSTORE::COMM Connecting to tcp://dco-node137-10g:5012
1462381866336	<INFO 7f364f7fd700> SLIPSTORE::COMM Listening at tcp://p1p1:5073
1462381866338	<INFO 7f364f7fd700> SLIPSTORE::COMM Connecting to tcp://dco-node138-10g:5030
1462381866340	<INFO 7f364f7fd700> SLIPSTORE::COMM Listening at tcp://p1p1:5074
1462381866342	<INFO 7f364f7fd700> SLIPSTORE::COMM Connecting to tcp://dco-node139-10g:5048
1462381866345	<INFO 7f364f7fd700> SLIPSTORE::COMM Listening at tcp://p1p1:5075
1462381866347	<INFO 7f364f7fd700> SLIPSTORE::COMM Connecting to tcp://dco-node140-10g:5066
1462381866349	<INFO 7f364f7fd700> SLIPSTORE::COMM Listening at ipc://server
1462381866351	<INFO 7f364f7fd700> SLIPSTORE::COMM Connecting to ipc://client
1462381866353	<INFO 7f364f7fd700> SLIPSTORE::COMM Listening at tcp://p1p1:5077
1462381866355	<INFO 7f364f7fd700> SLIPSTORE::COMM Connecting to tcp://dco-node142-10g:5102
1462381866357	<INFO 7f364f7fd700> SLIPSTORE::COMM Listening at tcp://p1p1:5078
1462381866359	<INFO 7f364f7fd700> SLIPSTORE::COMM Connecting to tcp://dco-node143-10g:5120
1462381866361	<INFO 7f364f7fd700> SLIPSTORE::COMM Listening at tcp://p1p1:5079
1462381866363	<INFO 7f364f7fd700> SLIPSTORE::COMM Connecting to tcp://dco-node144-10g:5138
1462381867056	<INFO 7f546cda2780> SLIPSTORE::CHECKPOINTS NONE FOUND
1462381867058	<INFO 7f546cda2780> 2016-05-04 19:11:07 Start edge split
1462382029027	<INFO 7f546cda2780> 2016-05-04 19:13:49 Completed init
1462382030414	<INFO 7f546cda2780> 2016-05-04 19:13:50 Started gather
1462382033161	<INFO 7f546cda2780> 2016-05-04 19:13:53 Completed gather
1462382033254	<INFO 7f546cda2780> 2016-05-04 19:13:53 Started scatter
1462382079351	<INFO 7f546cda2780> 2016-05-04 19:14:39 Completed scatter
1462382128512	<INFO 7f546cda2780> 2016-05-04 19:15:28 Completed phase 1 Bytes read 26702006816 Bytes written 13821380024
1462382128531	<INFO 7f546cda2780> 2016-05-04 19:15:28 Started gather
1462382131074	<INFO 7f546cda2780> 2016-05-04 19:15:31 Completed gather
1462382131434	<INFO 7f546cda2780> 2016-05-04 19:15:31 Started scatter
1462382207685	<INFO 7f546cda2780> 2016-05-04 19:16:47 Completed scatter
1462382300466	<INFO 7f546cda2780> 2016-05-04 19:18:20 Completed phase 2 Bytes read 40523386840 Bytes written 18826121488
1462382300486	<INFO 7f546cda2780> 2016-05-04 19:18:20 Started gather
1462382320840	<INFO 7f546cda2780> 2016-05-04 19:18:40 Completed gather
1462382346273	<INFO 7f546cda2780> 2016-05-04 19:19:06 Started scatter
1462382422127	<INFO 7f546cda2780> 2016-05-04 19:20:22 Completed scatter
1462382499013	<INFO 7f546cda2780> 2016-05-04 19:21:39 Completed phase 3 Bytes read 59076797776 Bytes written 22995194016
1462382499033	<INFO 7f546cda2780> 2016-05-04 19:21:39 Started gather
1462382514790	<INFO 7f546cda2780> 2016-05-04 19:21:54 Completed gather
1462382536902	<INFO 7f546cda2780> 2016-05-04 19:22:16 Started scatter
1462382583284	<INFO 7f546cda2780> 2016-05-04 19:23:03 Completed scatter
1462382629946	<INFO 7f546cda2780> 2016-05-04 19:23:49 Completed phase 4 Bytes read 76794539776 Bytes written 23284746720
1462382629969	<INFO 7f546cda2780> 2016-05-04 19:23:49 Started gather
1462382632527	<INFO 7f546cda2780> 2016-05-04 19:23:52 Completed gather
1462382632882	<INFO 7f546cda2780> 2016-05-04 19:23:52 Started scatter
1462382679377	<INFO 7f546cda2780> 2016-05-04 19:24:39 Completed scatter
1462382727096	<INFO 7f546cda2780> 2016-05-04 19:25:27 Completed phase 5 Bytes read 90632761952 Bytes written 23553237752
1462382727116	<INFO 7f546cda2780> 2016-05-04 19:25:27 Started gather
1462382729340	<INFO 7f546cda2780> 2016-05-04 19:25:29 Completed gather
1462382729839	<INFO 7f546cda2780> 2016-05-04 19:25:29 Started scatter
1462382775634	<INFO 7f546cda2780> 2016-05-04 19:26:15 Completed scatter
1462382823700	<INFO 7f546cda2780> 2016-05-04 19:27:03 Completed phase 6 Bytes read 104449922456 Bytes written 23821673312
1462382823722	<INFO 7f546cda2780> 2016-05-04 19:27:03 Started gather
1462382826245	<INFO 7f546cda2780> 2016-05-04 19:27:06 Completed gather
1462382826503	<INFO 7f546cda2780> 2016-05-04 19:27:06 Started scatter
1462382872668	<INFO 7f546cda2780> 2016-05-04 19:27:52 Completed scatter
1462382919902	<INFO 7f546cda2780> 2016-05-04 19:28:39 Completed phase 7 Bytes read 118267027488 Bytes written 24090108768
1462382919904	<INFO 7f546cda2780> ALGORITHM::BFS::VERTICES_DISCOVERED 17487636
1462382919907	<INFO 7f546cda2780> ALGORITHM::BFS::EDGES_EXPLORED 1190770688
1462382919909	<INFO 7f546cda2780> CORE::PARTITIONS_PROCESSED 114
1462382919911	<INFO 7f546cda2780> CORE::BYTES::EDGES_STREAMED 10517474712
1462382919913	<INFO 7f546cda2780> CORE::BYTES::UPDATES_OUT 1032965840
1462382919916	<INFO 7f546cda2780> CORE::BYTES::UPDATES_IN 1108660080
1462382919919	<INFO 7f364d7f9700> CORE::PARTITIONS_PROCESSED 290
1462382919921	<INFO 7f364d7f9700> CORE::BYTES::EDGES_STREAMED 12589394964
1462382919923	<INFO 7f364d7f9700> CORE::BYTES::UPDATES_OUT 1168436576
1462382919926	<INFO 7f364cff8700> CORE::PARTITIONS_PROCESSED 211
1462382919928	<INFO 7f364cff8700> CORE::BYTES::EDGES_STREAMED 12044080440
1462382919930	<INFO 7f364d7f9700> CORE::BYTES::UPDATES_IN 1060466528
1462382919932	<INFO 7f364cff8700> CORE::BYTES::UPDATES_OUT 1159347912
1462382919935	<INFO 7f364cff8700> CORE::BYTES::UPDATES_IN 1116052384
1462382919937	<INFO 7f36437fe700> CORE::PARTITIONS_PROCESSED 271
1462382919939	<INFO 7f36437fe700> CORE::BYTES::EDGES_STREAMED 11372018760
1462382919941	<INFO 7f36437fe700> CORE::BYTES::UPDATES_OUT 1022218808
1462382919944	<INFO 7f36437fe700> CORE::BYTES::UPDATES_IN 1146980256
1462382919946	<INFO 7f364e7fb700> CORE::PARTITIONS_PROCESSED 218
1462382919948	<INFO 7f3642ffd700> CORE::PARTITIONS_PROCESSED 331
1462382919950	<INFO 7f3643fff700> CORE::PARTITIONS_PROCESSED 271
1462382919952	<INFO 7f364dffa700> CORE::PARTITIONS_PROCESSED 226
1462382919955	<INFO 7f364dffa700> CORE::BYTES::EDGES_STREAMED 11078223972
1462382919957	<INFO 7f3643fff700> CORE::BYTES::EDGES_STREAMED 12304268064
1462382919959	<INFO 7f364e7fb700> CORE::BYTES::EDGES_STREAMED 10632312996
1462382919961	<INFO 7f3642ffd700> CORE::BYTES::EDGES_STREAMED 19487830512
1462382919964	<INFO 7f364dffa700> CORE::BYTES::UPDATES_OUT 957565760
1462382919966	<INFO 7f364dffa700> CORE::BYTES::UPDATES_IN 1039124784
1462382919968	<INFO 7f3643fff700> CORE::BYTES::UPDATES_OUT 1151272984
1462382919970	<INFO 7f3642ffd700> CORE::BYTES::UPDATES_OUT 1951191016
1462382919973	<INFO 7f364e7fb700> CORE::BYTES::UPDATES_OUT 1083166608
1462382919975	<INFO 7f3642ffd700> CORE::BYTES::UPDATES_IN 1890553848
1462382919977	<INFO 7f3643fff700> CORE::BYTES::UPDATES_IN 1176357728
1462382919979	<INFO 7f364e7fb700> CORE::BYTES::UPDATES_IN 987969896
1462382919982	<INFO 7f364f7fd700> SLIPSTORE service is exiting
1462382919984	<INFO 7f364f7fd700> SLIPSTORE::HELP_OFFERS_RECVD 98
1462382919986	<INFO 7f364f7fd700> SLIPSTORE::HELP_OFFERS_ACCEPTED 0
1462382919988	<INFO 7f364f7fd700> SLIPSTORE::HELP_ACCEPTANCE_RATIO 0
1462382919991	<INFO 7f364f7fd700> SLIPSTORE::SERVER_BUSY_DISK  708.002 seconds
1462382919993	<INFO 7f364f7fd700> SLIPSTORE::SERVER_BUSY_MEM  0 seconds
1462382919995	<INFO 7f364f7fd700> SLIPSTORE::SERVER_TOTAL  1053.72 seconds
1462382919998	<INFO 7f546cda2780> SLIPSTORE::CLIENT::DISK_READ_TIME  478.101 seconds
1462382920000	<INFO 7f546cda2780> SLIPSTORE::CLIENT::MEM_READ_TIME  0 seconds
1462382920003	<INFO 7f546cda2780> SLIPSTORE::CLIENT::DISK_BYTES_READ 126110869908
1462382920005	<INFO 7f546cda2780> SLIPSTORE::CLIENT::MEM_BYTES_READ 0
1462382920007	<INFO 7f546cda2780> SLIPSTORE::CLIENT::WRITE_TIME  117.603 seconds
1462382920010	<INFO 7f546cda2780> SLIPSTORE::CLIENT::BYTES_WRITTEN 2147483648
1462382920012	<INFO 7f546cda2780> SLIPSTORE::CLIENT_BUSY  595.704 seconds
1462382920014	<INFO 7f546cda2780> SLIPSTORE::IO::TIME 550.278 seconds
1462382920017	<INFO 7f546cda2780> SLIPSTORE::SNAP::TIME 0 seconds
1462382920019	<INFO 7f546cda2780> SLIPSTORE::MAX_DISK_USAGE_BYTES 18284975480
1462382920021	<INFO 7f546cda2780> CORE::RUSAGE::MAX_RSS_KB 125940368
1462382920023	<INFO 7f546cda2780> CORE::RUSAGE::MINFLT 52000685
1462382920025	<INFO 7f546cda2780> CORE::RUSAGE::MAJFLT 2
1462382920028	<INFO 7f546cda2780> CORE::RUSAGE::MAJFLT 2
1462382920030	<INFO 7f546cda2780> CORE::RUSAGE::INBLK 220233336
1462382920032	<INFO 7f546cda2780> CORE::RUSAGE::OUBLK 47058920
1462382920034	<INFO 7f546cda2780> CORE::UTILS::BYTES_READ 118267027488
1462382920036	<INFO 7f546cda2780> CORE::UTILS::BYTES_WRITTEN 24090108768
1462382920039	<INFO 7f546cda2780> CORE::UTILS::TILE_COPY_BYTES 3758096384
1462382920041	<INFO 7f546cda2780> CORE::TIME::IO_WAIT 494.064 seconds
1462382920043	<INFO 7f546cda2780> CORE::TIME_TILE_COPY 0 seconds
1462382920046	<INFO 7f546cda2780> CORE::TIME_TILE_MERGE 0 seconds
1462382920049	<INFO 7f546cda2780> CORE::TIME_PROCESSING_STOLEN 0 seconds
1462382920051	<INFO 7f546cda2780> CORE::TIME_MERGE_WAIT 0 seconds
1462382920053	<INFO 7f546cda2780> CORE::OTHER_TIME_ALL_MC_BARRIER 0 seconds
1462382920056	<INFO 7f546cda2780> CORE::SCATTER_TIME_ALL_MC_BARRIER 407.8 seconds
1462382920058	<INFO 7f546cda2780> CORE::GATHER_TIME_ALL_MC_BARRIER 0.015596 seconds
1462382920060	<INFO 7f546cda2780> CORE::INIT_TIME_ALL_MC_BARRIER 1.62652 seconds
1462382920063	<INFO 7f546cda2780> CORE::SHUT_DOWN_TIME_ALL_MC_BARRIER 0.012765 seconds
1462382920065	<INFO 7f546cda2780> CORE::STREAM_SKIP_BEFORE_TIME_ALL_MC_BARRIER 0.205357 seconds
1462382920067	<INFO 7f546cda2780> CORE::TAKE_CHECKPOINT_BEFORE_TIME_ALL_MC_BARRIER 0 seconds
1462382920069	<INFO 7f546cda2780> CORE::TAKE_CHECKPOINT_COMPLETE_TIME_ALL_MC_BARRIER 0 seconds
1462382920072	<INFO 7f546cda2780> CORE::METADATA_WRITE_COMPLETE_TIME_ALL_MC_BARRIER 0 seconds
1462382920074	<INFO 7f546cda2780> CORE::STREAM_EOF_BEFORE_TIME_ALL_MC_BARRIER 0 seconds
1462382920076	<INFO 7f546cda2780> CORE::STREAM_EOF_AFTER_TIME_ALL_MC_BARRIER 0 seconds
1462382920078	<INFO 7f546cda2780> CORE::STATE_LOAD_TIME_ALL_MC_BARRIER 0 seconds
1462382920081	<INFO 7f546cda2780> CORE::STATE_STORE_TIME_ALL_MC_BARRIER 0 seconds
1462382920083	<INFO 7f546cda2780> CORE::PHASES 7
1462382920085	<INFO 7f546cda2780> CORE::TIME::SETUP 2.66906 seconds
1462382920088	<INFO 7f546cda2780> CORE::TIME::STATE_ITER 1.19006 seconds
1462382920090	<INFO 7f546cda2780> CORE::TIME::GATHER 97.9868 seconds
1462382920092	<INFO 7f546cda2780> CORE::TIME::SCATTER 791.443 seconds
1462382920095	<INFO 7f546cda2780> CORE::TIME::WALL 1055.52 seconds
1462382920097	<INFO 7f546cda2780> SHUTDOWN
