1462381757764	<INFO 7feeb038c780> 2016-05-04 19:09:17 STARTUP
1462381757766	<INFO 7feeb038c780> CORE::GRAPH rmat-28-und_s8
1462381757769	<INFO 7feeb038c780> CORE::ALGORITHM bfs
1462381757771	<INFO 7feeb038c780> CORE::VERTEX_STRIPING ON
1462381757773	<INFO 7feeb038c780> CORE::OPTIMIZED_STATE_LOAD_STORE OFF
1462381757775	<INFO 7feeb038c780> CORE::BINARY_SEARCH_SUPER_PARTITION ON
1462381757778	<INFO 7feeb038c780> CORE::SUPER_PARTITION_COMPUTED_FOR_EACH_SCATTER_GATHER_PHASE
1462381757780	<INFO 7feeb038c780> CORE::EDGE_STRIPING ON
1462381757782	<INFO 7feeb038c780> CORE::BATCH IO ON
1462381757784	<INFO 7feeb038c780> 2016-05-04 19:09:17 Blocking memory amount 126701535232
1462381864850	<INFO 7feeb038c780> 2016-05-04 19:11:04 Done blocking memory
1462381864852	<INFO 7feeb038c780> SG-DRIVER-ORIGINAL
1462381864855	<INFO 7feeb038c780> 2016-05-04 19:11:04 START read config parameters
1462381864857	<INFO 7feeb038c780> PARTITIONING::OLD 1
1462381864860	<INFO 7feeb038c780> PARTITIONING::BALANCED_PARTITIONS 0
1462381864862	<INFO 7feeb038c780> CORE::CONFIG::PROCESSORS 8
1462381864864	<INFO 7feeb038c780> CORE::CONFIG::PHYSICAL_MEMORY 2147483648
1462381864867	<INFO 7feeb038c780> CORE::CONFIG::VERTICES 268435456
1462381864869	<INFO 7feeb038c780> CORE::CONFIG::VERTEX_SIZE 8
1462381864871	<INFO 7feeb038c780> CORE::CONFIG::VERTEX_BUFFER 268435456
1462381864873	<INFO 7feeb038c780> CORE::CONFIG::EDGES 1073741824
1462381864876	<INFO 7feeb038c780> CORE::CONFIG::PARTITIONS 64
1462381864878	<INFO 7feeb038c780> CORE::CONFIG::FANOUT 64
1462381864881	<INFO 7feeb038c780> CORE::CONFIG::SUPER_PARTITIONS 8
1462381864883	<INFO 7feeb038c780> CORE::CONFIG::TILES 1
1462381864885	<INFO 7feeb038c780> CORE::CONFIG::BUFFER_SIZE 375808512
1462381864887	<INFO 7feeb038c780> CORE::CONFIG::MAX_BUFFERS 4
1462381864889	<INFO 7feeb038c780> CORE::CONFIG::MAX_STREAMS 4
1462381864892	<INFO 7feeb038c780> CORE::CONFIG::SUM_OF_OUT_DEGREES_FOR_NEW_PARTITIONS::FIRST_CONSTRAINT 33554432
1462381864894	<INFO 7feeb038c780> CORE::CONFIG::MAX_EDGES_PER_NEW_PARTITION::SECOND_CONSTRAINT 134217728
1462381864896	<INFO 7feeb038c780> SLIPSTREAM::EXT_MEM_SHUFFLE OFF
1462381864898	<INFO 7feeb038c780> 2016-05-04 19:11:04 END read config parameters
1462381866605	<WARNING 7feeb038c780> Unable to unlink file (stream.0.0.0):No such file or directory
1462381866608	<WARNING 7feeb038c780> Unable to unlink file (stream.0.1.0):No such file or directory
1462381866610	<WARNING 7feeb038c780> Unable to unlink file (stream.0.2.0):No such file or directory
1462381866612	<WARNING 7feeb038c780> Unable to unlink file (stream.0.3.0):No such file or directory
1462381866615	<WARNING 7feeb038c780> Unable to unlink file (stream.0.4.0):No such file or directory
1462381866617	<WARNING 7feeb038c780> Unable to unlink file (stream.0.5.0):No such file or directory
1462381866619	<WARNING 7feeb038c780> Unable to unlink file (stream.0.6.0):No such file or directory
1462381866622	<WARNING 7feeb038c780> Unable to unlink file (stream.0.7.0):No such file or directory
1462381866624	<WARNING 7feeb038c780> Unable to unlink file (stream.1.1.0):No such file or directory
1462381866626	<WARNING 7feeb038c780> Unable to unlink file (stream.1.2.0):No such file or directory
1462381866628	<WARNING 7feeb038c780> Unable to unlink file (stream.1.3.0):No such file or directory
1462381866631	<WARNING 7feeb038c780> Unable to unlink file (stream.1.4.0):No such file or directory
1462381866637	<WARNING 7feeb038c780> Unable to unlink file (stream.1.5.0):No such file or directory
1462381866639	<WARNING 7feeb038c780> Unable to unlink file (stream.1.6.0):No such file or directory
1462381866641	<WARNING 7feeb038c780> Unable to unlink file (stream.1.7.0):No such file or directory
1462381866643	<WARNING 7feeb038c780> Unable to unlink file (stream.2.0.0):No such file or directory
1462381866645	<WARNING 7feeb038c780> Unable to unlink file (stream.2.1.0):No such file or directory
1462381866648	<WARNING 7feeb038c780> Unable to unlink file (stream.2.2.0):No such file or directory
1462381866650	<WARNING 7feeb038c780> Unable to unlink file (stream.2.3.0):No such file or directory
1462381866652	<WARNING 7feeb038c780> Unable to unlink file (stream.2.4.0):No such file or directory
1462381866654	<WARNING 7feeb038c780> Unable to unlink file (stream.2.5.0):No such file or directory
1462381866656	<WARNING 7feeb038c780> Unable to unlink file (stream.2.6.0):No such file or directory
1462381866658	<WARNING 7feeb038c780> Unable to unlink file (stream.2.7.0):No such file or directory
1462381866660	<WARNING 7feeb038c780> Unable to unlink file (stream.3.0.0):No such file or directory
1462381866662	<WARNING 7feeb038c780> Unable to unlink file (stream.3.1.0):No such file or directory
1462381866664	<WARNING 7feeb038c780> Unable to unlink file (stream.3.2.0):No such file or directory
1462381866670	<WARNING 7feeb038c780> Unable to unlink file (stream.3.3.0):No such file or directory
1462381866672	<WARNING 7feeb038c780> Unable to unlink file (stream.3.4.0):No such file or directory
1462381866674	<WARNING 7feeb038c780> Unable to unlink file (stream.3.5.0):No such file or directory
1462381866677	<WARNING 7feeb038c780> Unable to unlink file (stream.3.6.0):No such file or directory
1462381866678	<WARNING 7feeb038c780> Unable to unlink file (stream.3.7.0):No such file or directory
1462381866681	<INFO 7feeb038c780> SLIPSTORE::ZMQ_THREADS 2
1462381866683	<INFO 7feeb038c780> SLIPSTORE::COMM Connecting to tcp://dco-node137-10g:5016
1462381866685	<INFO 7feeb038c780> SLIPSTORE::COMM Connecting to tcp://dco-node138-10g:5034
1462381866687	<INFO 7feeb038c780> SLIPSTORE::COMM Connecting to tcp://dco-node139-10g:5052
1462381866689	<INFO 7feeb038c780> SLIPSTORE::COMM Connecting to tcp://dco-node140-10g:5070
1462381866691	<INFO 7feeb038c780> SLIPSTORE::COMM Connecting to tcp://dco-node141-10g:5088
1462381866693	<INFO 7feeb038c780> SLIPSTORE::COMM Connecting to tcp://dco-node142-10g:5106
1462381866695	<INFO 7feeb038c780> SLIPSTORE::COMM Connecting to tcp://dco-node143-10g:5124
1462381866697	<INFO 7feeb038c780> SLIPSTORE::COMM Connecting to tcp://dco-node144-10g:5142
1462381866699	<INFO 7feeb038c780> SLIPSTORE::COMM Listening at tcp://p1p1:5134
1462381866702	<INFO 7feeb038c780> SLIPSTORE::COMM Listening at tcp://p1p1:5135
1462381866704	<INFO 7feeb038c780> SLIPSTORE::COMM Listening at tcp://p1p1:5136
1462381866706	<INFO 7feeb038c780> SLIPSTORE::COMM Listening at tcp://p1p1:5137
1462381866708	<INFO 7feeb038c780> SLIPSTORE::COMM Listening at tcp://p1p1:5138
1462381866710	<INFO 7feeb038c780> SLIPSTORE::COMM Listening at tcp://p1p1:5139
1462381866712	<INFO 7feeb038c780> SLIPSTORE::COMM Listening at tcp://p1p1:5140
1462381866714	<INFO 7feeb038c780> SLIPSTORE::COMM Listening at ipc://client
1462381866716	<INFO 7feeb038c780> SLIPSTORE::COMM Connecting to tcp://dco-node137-10g:5016
1462381866718	<INFO 7feeb038c780> SLIPSTORE::COMM Connecting to tcp://dco-node138-10g:5034
1462381866720	<INFO 7feeb038c780> SLIPSTORE::COMM Connecting to tcp://dco-node139-10g:5052
1462381866722	<INFO 7feeb038c780> SLIPSTORE::COMM Connecting to tcp://dco-node140-10g:5070
1462381866724	<INFO 7feeb038c780> SLIPSTORE::COMM Connecting to tcp://dco-node141-10g:5088
1462381866726	<INFO 7feeb038c780> SLIPSTORE::COMM Connecting to tcp://dco-node142-10g:5106
1462381866728	<INFO 7feeb038c780> SLIPSTORE::COMM Connecting to tcp://dco-node143-10g:5124
1462381866730	<INFO 7feeb038c780> SLIPSTORE::COMM Connecting to tcp://dco-node144-10g:5142
1462381866732	<INFO 7feeb038c780> SLIPSTORE::COMM Connecting to tcp://dco-node137-10g:5007
1462381866735	<INFO 7feeb038c780> SLIPSTORE::COMM Connecting to tcp://dco-node138-10g:5025
1462381866737	<INFO 7feeb038c780> SLIPSTORE::COMM Connecting to tcp://dco-node139-10g:5043
1462381866739	<INFO 7feeb038c780> SLIPSTORE::COMM Connecting to tcp://dco-node140-10g:5061
1462381866741	<INFO 7feeb038c780> SLIPSTORE::COMM Connecting to tcp://dco-node141-10g:5079
1462381866743	<INFO 7feeb038c780> SLIPSTORE::COMM Connecting to tcp://dco-node142-10g:5097
1462381866746	<INFO 7feeb038c780> SLIPSTORE::COMM Connecting to tcp://dco-node143-10g:5115
1462381866748	<INFO 7feeb038c780> SLIPSTORE::COMM Connecting to ipc://server
1462381866750	<INFO 7feeb038c780> SLIPSTORE::COMM Connecting to tcp://dco-node137-10g:5017
1462381866752	<INFO 7feeb038c780> SLIPSTORE::COMM Listening at tcp://p1p1:5143
1462381866755	<INFO 7feeb038c780> SLIPSTORE::COMM Connecting to tcp://dco-node144-10g:5142
1462381866757	<INFO 7feeb038c780> SLIPSTORE::HELP_POLICY NONE
1462381866759	<INFO 7feeb038c780> SLIPSTORE::SERVER ASYNC
1462381866761	<INFO 7feeb038c780> SLIPSTORE::MACHINES 8
1462381866763	<INFO 7feeb038c780> SLIPSTORE::ME 7
1462381866765	<INFO 7feeb038c780> SLIPSTORE::SLIPCHUNK 4194304
1462381866767	<INFO 7feeb038c780> SLIPSTORE::QUOTA 18446744073709551615
1462381866769	<INFO 7feeb038c780> SLIPSTORE::IO PAGECACHE
1462381866771	<INFO 7fd092bfa700> SLIPSTORE::COMM Listening at tcp://p1p1:5142
1462381866773	<INFO 7fd092bfa700> SLIPSTORE::COMM Listening at tcp://p1p1:5126
1462381866775	<INFO 7fd092bfa700> SLIPSTORE::COMM Connecting to tcp://dco-node137-10g:5015
1462381866777	<INFO 7fd092bfa700> SLIPSTORE::COMM Listening at tcp://p1p1:5127
1462381866779	<INFO 7fd092bfa700> SLIPSTORE::COMM Connecting to tcp://dco-node138-10g:5033
1462381866781	<INFO 7fd092bfa700> SLIPSTORE::COMM Listening at tcp://p1p1:5128
1462381866783	<INFO 7fd092bfa700> SLIPSTORE::COMM Connecting to tcp://dco-node139-10g:5051
1462381866786	<INFO 7fd092bfa700> SLIPSTORE::COMM Listening at tcp://p1p1:5129
1462381866788	<INFO 7fd092bfa700> SLIPSTORE::COMM Connecting to tcp://dco-node140-10g:5069
1462381866790	<INFO 7fd092bfa700> SLIPSTORE::COMM Listening at tcp://p1p1:5130
1462381866792	<INFO 7fd092bfa700> SLIPSTORE::COMM Connecting to tcp://dco-node141-10g:5087
1462381866794	<INFO 7fd092bfa700> SLIPSTORE::COMM Listening at tcp://p1p1:5131
1462381866796	<INFO 7fd092bfa700> SLIPSTORE::COMM Connecting to tcp://dco-node142-10g:5105
1462381866798	<INFO 7fd092bfa700> SLIPSTORE::COMM Listening at tcp://p1p1:5132
1462381866800	<INFO 7fd092bfa700> SLIPSTORE::COMM Connecting to tcp://dco-node143-10g:5123
1462381866802	<INFO 7fd092bfa700> SLIPSTORE::COMM Listening at ipc://server
1462381866804	<INFO 7fd092bfa700> SLIPSTORE::COMM Connecting to ipc://client
1462381867415	<INFO 7feeb038c780> SLIPSTORE::CHECKPOINTS NONE FOUND
1462381867417	<INFO 7feeb038c780> 2016-05-04 19:11:07 Start edge split
1462382029387	<INFO 7feeb038c780> 2016-05-04 19:13:49 Completed init
1462382030775	<INFO 7feeb038c780> 2016-05-04 19:13:50 Started gather
1462382033414	<INFO 7feeb038c780> 2016-05-04 19:13:53 Completed gather
1462382033614	<INFO 7feeb038c780> 2016-05-04 19:13:53 Started scatter
1462382044903	<INFO 7feeb038c780> 2016-05-04 19:14:04 Completed scatter
1462382128872	<INFO 7feeb038c780> 2016-05-04 19:15:28 Completed phase 1 Bytes read 26389362164 Bytes written 13509134596
1462382128892	<INFO 7feeb038c780> 2016-05-04 19:15:28 Started gather
1462382131739	<INFO 7feeb038c780> 2016-05-04 19:15:31 Completed gather
1462382131795	<INFO 7feeb038c780> 2016-05-04 19:15:31 Started scatter
1462382144368	<INFO 7feeb038c780> 2016-05-04 19:15:44 Completed scatter
1462382300826	<INFO 7feeb038c780> 2016-05-04 19:18:20 Completed phase 2 Bytes read 39898496760 Bytes written 18579168948
1462382300848	<INFO 7feeb038c780> 2016-05-04 19:18:20 Started gather
1462382313126	<INFO 7feeb038c780> 2016-05-04 19:18:33 Completed gather
1462382346634	<INFO 7feeb038c780> 2016-05-04 19:19:06 Started scatter
1462382360233	<INFO 7feeb038c780> 2016-05-04 19:19:20 Completed scatter
1462382499375	<INFO 7feeb038c780> 2016-05-04 19:21:39 Completed phase 3 Bytes read 58204555932 Bytes written 22747094012
1462382499396	<INFO 7feeb038c780> 2016-05-04 19:21:39 Started gather
1462382508771	<INFO 7feeb038c780> 2016-05-04 19:21:48 Completed gather
1462382537270	<INFO 7feeb038c780> 2016-05-04 19:22:17 Started scatter
1462382547861	<INFO 7feeb038c780> 2016-05-04 19:22:27 Completed scatter
1462382630308	<INFO 7feeb038c780> 2016-05-04 19:23:50 Completed phase 4 Bytes read 75608505816 Bytes written 23034961780
1462382630329	<INFO 7feeb038c780> 2016-05-04 19:23:50 Started gather
1462382632927	<INFO 7feeb038c780> 2016-05-04 19:23:52 Completed gather
1462382633245	<INFO 7feeb038c780> 2016-05-04 19:23:53 Started scatter
1462382645317	<INFO 7feeb038c780> 2016-05-04 19:24:05 Completed scatter
1462382727458	<INFO 7feeb038c780> 2016-05-04 19:25:27 Completed phase 5 Bytes read 89132398404 Bytes written 23303449044
1462382727479	<INFO 7feeb038c780> 2016-05-04 19:25:27 Started gather
1462382730063	<INFO 7feeb038c780> 2016-05-04 19:25:30 Completed gather
1462382730200	<INFO 7feeb038c780> 2016-05-04 19:25:30 Started scatter
1462382741020	<INFO 7feeb038c780> 2016-05-04 19:25:41 Completed scatter
1462382824062	<INFO 7feeb038c780> 2016-05-04 19:27:04 Completed phase 6 Bytes read 102636910488 Bytes written 23571884588
1462382824085	<INFO 7feeb038c780> 2016-05-04 19:27:04 Started gather
1462382826747	<INFO 7feeb038c780> 2016-05-04 19:27:06 Completed gather
1462382826865	<INFO 7feeb038c780> 2016-05-04 19:27:06 Started scatter
1462382837742	<INFO 7feeb038c780> 2016-05-04 19:27:17 Completed scatter
1462382920266	<INFO 7feeb038c780> 2016-05-04 19:28:40 Completed phase 7 Bytes read 116141370852 Bytes written 23840320044
1462382920268	<INFO 7feeb038c780> ALGORITHM::BFS::VERTICES_DISCOVERED 8412615
1462382920270	<INFO 7feeb038c780> ALGORITHM::BFS::EDGES_EXPLORED 118757207
1462382920272	<INFO 7feeb038c780> CORE::PARTITIONS_PROCESSED 27
1462382920274	<INFO 7feeb038c780> CORE::BYTES::EDGES_STREAMED 1090751088
1462382920276	<INFO 7feeb038c780> CORE::BYTES::UPDATES_OUT 86192416
1462382920279	<INFO 7feeb038c780> CORE::BYTES::UPDATES_IN 84168152
1462382920282	<INFO 7fd087fff700> CORE::PARTITIONS_PROCESSED 50
1462382920284	<INFO 7fd087fff700> CORE::BYTES::EDGES_STREAMED 1192806444
1462382920286	<INFO 7fd087fff700> CORE::BYTES::UPDATES_OUT 113352696
1462382920288	<INFO 7fd087fff700> CORE::BYTES::UPDATES_IN 113391288
1462382920291	<INFO 7fd0877fe700> CORE::PARTITIONS_PROCESSED 63
1462382920293	<INFO 7fd086ffd700> CORE::PARTITIONS_PROCESSED 64
1462382920295	<INFO 7fd086ffd700> CORE::BYTES::EDGES_STREAMED 1181446092
1462382920297	<INFO 7fd0913f7700> CORE::PARTITIONS_PROCESSED 54
1462382920300	<INFO 7fd0877fe700> CORE::BYTES::EDGES_STREAMED 1199881020
1462382920302	<INFO 7fd0877fe700> CORE::BYTES::UPDATES_OUT 99391224
1462382920304	<INFO 7fd0877fe700> CORE::BYTES::UPDATES_IN 99422760
1462382920306	<INFO 7fd0913f7700> CORE::BYTES::EDGES_STREAMED 1068222300
1462382920309	<INFO 7fd091bf8700> CORE::PARTITIONS_PROCESSED 52
1462382920311	<INFO 7fd0913f7700> CORE::BYTES::UPDATES_OUT 99123512
1462382920313	<INFO 7fd091bf8700> CORE::BYTES::EDGES_STREAMED 1061405916
1462382920315	<INFO 7fd0913f7700> CORE::BYTES::UPDATES_IN 129395624
1462382920318	<INFO 7fd091bf8700> CORE::BYTES::UPDATES_OUT 115951672
1462382920320	<INFO 7fd091bf8700> CORE::BYTES::UPDATES_IN 108114760
1462382920322	<INFO 7fd090bf6700> CORE::PARTITIONS_PROCESSED 66
1462382920324	<INFO 7fd090bf6700> CORE::BYTES::EDGES_STREAMED 1219465356
1462382920327	<INFO 7fd090bf6700> CORE::BYTES::UPDATES_OUT 127406624
1462382920329	<INFO 7fd090bf6700> CORE::BYTES::UPDATES_IN 83452864
1462382920331	<INFO 7fd086ffd700> CORE::BYTES::UPDATES_OUT 132573616
1462382920333	<INFO 7fd086ffd700> CORE::BYTES::UPDATES_IN 99404424
1462382920336	<INFO 7fd0867fc700> CORE::PARTITIONS_PROCESSED 78
1462382920338	<INFO 7fd0867fc700> CORE::BYTES::EDGES_STREAMED 1962309168
1462382920340	<INFO 7fd0867fc700> CORE::BYTES::UPDATES_OUT 176065896
1462382920342	<INFO 7fd0867fc700> CORE::BYTES::UPDATES_IN 232707784
1462382920345	<INFO 7fd092bfa700> SLIPSTORE service is exiting
1462382920347	<INFO 7fd092bfa700> SLIPSTORE::HELP_OFFERS_RECVD 98
1462382920349	<INFO 7fd092bfa700> SLIPSTORE::HELP_OFFERS_ACCEPTED 0
1462382920352	<INFO 7fd092bfa700> SLIPSTORE::HELP_ACCEPTANCE_RATIO 0
1462382920354	<INFO 7fd092bfa700> SLIPSTORE::SERVER_BUSY_DISK  698.21 seconds
1462382920357	<INFO 7fd092bfa700> SLIPSTORE::SERVER_BUSY_MEM  0 seconds
1462382920359	<INFO 7fd092bfa700> SLIPSTORE::SERVER_TOTAL  1053.64 seconds
1462382920361	<INFO 7feeb038c780> SLIPSTORE::CLIENT::DISK_READ_TIME  190.242 seconds
1462382920363	<INFO 7feeb038c780> SLIPSTORE::CLIENT::MEM_READ_TIME  0 seconds
1462382920366	<INFO 7feeb038c780> SLIPSTORE::CLIENT::DISK_BYTES_READ 27493858200
1462382920368	<INFO 7feeb038c780> SLIPSTORE::CLIENT::MEM_BYTES_READ 0
1462382920370	<INFO 7feeb038c780> SLIPSTORE::CLIENT::WRITE_TIME  96.7322 seconds
1462382920372	<INFO 7feeb038c780> SLIPSTORE::CLIENT::BYTES_WRITTEN 2147483648
1462382920375	<INFO 7feeb038c780> SLIPSTORE::CLIENT_BUSY  286.974 seconds
1462382920377	<INFO 7feeb038c780> SLIPSTORE::IO::TIME 541.193 seconds
1462382920379	<INFO 7feeb038c780> SLIPSTORE::SNAP::TIME 0 seconds
1462382920381	<INFO 7feeb038c780> SLIPSTORE::MAX_DISK_USAGE_BYTES 18037623716
1462382920384	<INFO 7feeb038c780> CORE::RUSAGE::MAX_RSS_KB 125943864
1462382920386	<INFO 7feeb038c780> CORE::RUSAGE::MINFLT 41371962
1462382920388	<INFO 7feeb038c780> CORE::RUSAGE::MAJFLT 3
1462382920390	<INFO 7feeb038c780> CORE::RUSAGE::MAJFLT 3
1462382920392	<INFO 7feeb038c780> CORE::RUSAGE::INBLK 216642208
1462382920395	<INFO 7feeb038c780> CORE::RUSAGE::OUBLK 46567296
1462382920397	<INFO 7feeb038c780> CORE::UTILS::BYTES_READ 116141370852
1462382920399	<INFO 7feeb038c780> CORE::UTILS::BYTES_WRITTEN 23840320044
1462382920401	<INFO 7feeb038c780> CORE::UTILS::TILE_COPY_BYTES 3758096384
1462382920404	<INFO 7feeb038c780> CORE::TIME::IO_WAIT 261.268 seconds
1462382920406	<INFO 7feeb038c780> CORE::TIME_TILE_COPY 0 seconds
1462382920408	<INFO 7feeb038c780> CORE::TIME_TILE_MERGE 0 seconds
1462382920410	<INFO 7feeb038c780> CORE::TIME_PROCESSING_STOLEN 0 seconds
1462382920412	<INFO 7feeb038c780> CORE::TIME_MERGE_WAIT 0 seconds
1462382920415	<INFO 7feeb038c780> CORE::OTHER_TIME_ALL_MC_BARRIER 0 seconds
1462382920417	<INFO 7feeb038c780> CORE::SCATTER_TIME_ALL_MC_BARRIER 703.736 seconds
1462382920419	<INFO 7feeb038c780> CORE::GATHER_TIME_ALL_MC_BARRIER 0.015471 seconds
1462382920422	<INFO 7feeb038c780> CORE::INIT_TIME_ALL_MC_BARRIER 1.49924 seconds
1462382920424	<INFO 7feeb038c780> CORE::SHUT_DOWN_TIME_ALL_MC_BARRIER 0.002549 seconds
1462382920426	<INFO 7feeb038c780> CORE::STREAM_SKIP_BEFORE_TIME_ALL_MC_BARRIER 0.05781 seconds
1462382920428	<INFO 7feeb038c780> CORE::TAKE_CHECKPOINT_BEFORE_TIME_ALL_MC_BARRIER 0 seconds
1462382920431	<INFO 7feeb038c780> CORE::TAKE_CHECKPOINT_COMPLETE_TIME_ALL_MC_BARRIER 0 seconds
1462382920433	<INFO 7feeb038c780> CORE::METADATA_WRITE_COMPLETE_TIME_ALL_MC_BARRIER 0 seconds
1462382920435	<INFO 7feeb038c780> CORE::STREAM_EOF_BEFORE_TIME_ALL_MC_BARRIER 0 seconds
1462382920437	<INFO 7feeb038c780> CORE::STREAM_EOF_AFTER_TIME_ALL_MC_BARRIER 0 seconds
1462382920440	<INFO 7feeb038c780> CORE::STATE_LOAD_TIME_ALL_MC_BARRIER 0 seconds
1462382920442	<INFO 7feeb038c780> CORE::STATE_STORE_TIME_ALL_MC_BARRIER 0 seconds
1462382920444	<INFO 7feeb038c780> CORE::PHASES 7
1462382920446	<INFO 7feeb038c780> CORE::TIME::SETUP 2.57444 seconds
1462382920448	<INFO 7feeb038c780> CORE::TIME::STATE_ITER 1.34448 seconds
1462382920451	<INFO 7feeb038c780> CORE::TIME::GATHER 97.8328 seconds
1462382920453	<INFO 7feeb038c780> CORE::TIME::SCATTER 791.446 seconds
1462382920455	<INFO 7feeb038c780> CORE::TIME::WALL 1055.43 seconds
1462382920457	<INFO 7feeb038c780> SHUTDOWN
