1463635783411	<INFO 7f9ada8d6780> 2016-05-19 07:29:43 STARTUP
1463635783413	<INFO 7f9ada8d6780> CORE::GRAPH rmat-28_s8
1463635783416	<INFO 7f9ada8d6780> CORE::ALGORITHM pagerank
1463635783418	<INFO 7f9ada8d6780> CORE::VERTEX_STRIPING ON
1463635783420	<INFO 7f9ada8d6780> CORE::OPTIMIZED_STATE_LOAD_STORE OFF
1463635783423	<INFO 7f9ada8d6780> CORE::BINARY_SEARCH_SUPER_PARTITION ON
1463635783425	<INFO 7f9ada8d6780> CORE::SUPER_PARTITION_COMPUTED_FOR_EACH_SCATTER_GATHER_PHASE
1463635783428	<INFO 7f9ada8d6780> CORE::EDGE_STRIPING ON
1463635783430	<INFO 7f9ada8d6780> CORE::BATCH IO ON
1463635783433	<INFO 7f9ada8d6780> CORE::GRID_PARTITIONING OFF
1463635783435	<INFO 7f9ada8d6780> 2016-05-19 07:29:43 Blocking memory amount 126701535232
1463635890442	<INFO 7f9ada8d6780> 2016-05-19 07:31:30 Done blocking memory
1463635890444	<INFO 7f9ada8d6780> SG-DRIVER-ORIGINAL
1463635890447	<INFO 7f9ada8d6780> 2016-05-19 07:31:30 START read config parameters
1463635890449	<INFO 7f9ada8d6780> PARTITIONING::OLD 1
1463635890451	<INFO 7f9ada8d6780> PARTITIONING::BALANCED_PARTITIONS 0
1463635890454	<INFO 7f9ada8d6780> CORE::CONFIG::PROCESSORS 8
1463635890456	<INFO 7f9ada8d6780> CORE::CONFIG::PHYSICAL_MEMORY 2147483648
1463635890458	<INFO 7f9ada8d6780> CORE::CONFIG::VERTICES 268435456
1463635890461	<INFO 7f9ada8d6780> CORE::CONFIG::VERTEX_SIZE 12
1463635890463	<INFO 7f9ada8d6780> CORE::CONFIG::VERTEX_BUFFER 402653184
1463635890466	<INFO 7f9ada8d6780> CORE::CONFIG::EDGES 536870912
1463635890468	<INFO 7f9ada8d6780> CORE::CONFIG::PARTITIONS 64
1463635890470	<INFO 7f9ada8d6780> CORE::CONFIG::FANOUT 64
1463635890473	<INFO 7f9ada8d6780> CORE::CONFIG::SUPER_PARTITIONS 8
1463635890475	<INFO 7f9ada8d6780> CORE::CONFIG::MACHINE_ID 6
1463635890477	<INFO 7f9ada8d6780> CORE::CONFIG::TILES 1
1463635890480	<INFO 7f9ada8d6780> CORE::CONFIG::BUFFER_SIZE 348964966
1463635890482	<INFO 7f9ada8d6780> CORE::CONFIG::MAX_BUFFERS 4
1463635890485	<INFO 7f9ada8d6780> CORE::CONFIG::MAX_STREAMS 4
1463635890487	<INFO 7f9ada8d6780> CORE::CONFIG::SUM_OF_OUT_DEGREES_FOR_NEW_PARTITIONS::FIRST_CONSTRAINT 33554432
1463635890489	<INFO 7f9ada8d6780> CORE::CONFIG::MAX_EDGES_PER_NEW_PARTITION::SECOND_CONSTRAINT 67108864
1463635890492	<INFO 7f9ada8d6780> SLIPSTREAM::EXT_MEM_SHUFFLE OFF
1463635890494	<INFO 7f9ada8d6780> 2016-05-19 07:31:30 END read config parameters
1463635892194	<WARNING 7f9ada8d6780> Unable to unlink file (stream.0.0.0):No such file or directory
1463635892196	<WARNING 7f9ada8d6780> Unable to unlink file (stream.0.1.0):No such file or directory
1463635892199	<WARNING 7f9ada8d6780> Unable to unlink file (stream.0.2.0):No such file or directory
1463635892201	<WARNING 7f9ada8d6780> Unable to unlink file (stream.0.3.0):No such file or directory
1463635892204	<WARNING 7f9ada8d6780> Unable to unlink file (stream.0.4.0):No such file or directory
1463635892207	<WARNING 7f9ada8d6780> Unable to unlink file (stream.0.5.0):No such file or directory
1463635892210	<WARNING 7f9ada8d6780> Unable to unlink file (stream.0.6.0):No such file or directory
1463635892212	<WARNING 7f9ada8d6780> Unable to unlink file (stream.0.7.0):No such file or directory
1463635892215	<WARNING 7f9ada8d6780> Unable to unlink file (stream.1.1.0):No such file or directory
1463635892218	<WARNING 7f9ada8d6780> Unable to unlink file (stream.1.2.0):No such file or directory
1463635892221	<WARNING 7f9ada8d6780> Unable to unlink file (stream.1.3.0):No such file or directory
1463635892223	<WARNING 7f9ada8d6780> Unable to unlink file (stream.1.4.0):No such file or directory
1463635892226	<WARNING 7f9ada8d6780> Unable to unlink file (stream.1.5.0):No such file or directory
1463635892229	<WARNING 7f9ada8d6780> Unable to unlink file (stream.1.6.0):No such file or directory
1463635892231	<WARNING 7f9ada8d6780> Unable to unlink file (stream.1.7.0):No such file or directory
1463635892233	<WARNING 7f9ada8d6780> Unable to unlink file (stream.2.0.0):No such file or directory
1463635892236	<WARNING 7f9ada8d6780> Unable to unlink file (stream.2.1.0):No such file or directory
1463635892238	<WARNING 7f9ada8d6780> Unable to unlink file (stream.2.2.0):No such file or directory
1463635892240	<WARNING 7f9ada8d6780> Unable to unlink file (stream.2.3.0):No such file or directory
1463635892243	<WARNING 7f9ada8d6780> Unable to unlink file (stream.2.4.0):No such file or directory
1463635892245	<WARNING 7f9ada8d6780> Unable to unlink file (stream.2.5.0):No such file or directory
1463635892247	<WARNING 7f9ada8d6780> Unable to unlink file (stream.2.6.0):No such file or directory
1463635892250	<WARNING 7f9ada8d6780> Unable to unlink file (stream.2.7.0):No such file or directory
1463635892252	<WARNING 7f9ada8d6780> Unable to unlink file (stream.3.0.0):No such file or directory
1463635892254	<WARNING 7f9ada8d6780> Unable to unlink file (stream.3.1.0):No such file or directory
1463635892256	<WARNING 7f9ada8d6780> Unable to unlink file (stream.3.2.0):No such file or directory
1463635892258	<WARNING 7f9ada8d6780> Unable to unlink file (stream.3.3.0):No such file or directory
1463635892260	<WARNING 7f9ada8d6780> Unable to unlink file (stream.3.4.0):No such file or directory
1463635892263	<WARNING 7f9ada8d6780> Unable to unlink file (stream.3.5.0):No such file or directory
1463635892265	<WARNING 7f9ada8d6780> Unable to unlink file (stream.3.6.0):No such file or directory
1463635892267	<WARNING 7f9ada8d6780> Unable to unlink file (stream.3.7.0):No such file or directory
1463635892269	<INFO 7f9ada8d6780> SLIPSTORE::ZMQ_THREADS 2
1463635892271	<INFO 7f9ada8d6780> SLIPSTORE::COMM Connecting to tcp://dco-node137-10g:5016
1463635892273	<INFO 7f9ada8d6780> SLIPSTORE::COMM Connecting to tcp://dco-node138-10g:5034
1463635892275	<INFO 7f9ada8d6780> SLIPSTORE::COMM Connecting to tcp://dco-node139-10g:5052
1463635892278	<INFO 7f9ada8d6780> SLIPSTORE::COMM Connecting to tcp://dco-node140-10g:5070
1463635892280	<INFO 7f9ada8d6780> SLIPSTORE::COMM Connecting to tcp://dco-node141-10g:5088
1463635892282	<INFO 7f9ada8d6780> SLIPSTORE::COMM Connecting to tcp://dco-node142-10g:5106
1463635892284	<INFO 7f9ada8d6780> SLIPSTORE::COMM Connecting to tcp://dco-node143-10g:5124
1463635892286	<INFO 7f9ada8d6780> SLIPSTORE::COMM Connecting to tcp://dco-node144-10g:5142
1463635892288	<INFO 7f9ada8d6780> SLIPSTORE::COMM Listening at tcp://p1p1:5116
1463635892291	<INFO 7f9ada8d6780> SLIPSTORE::COMM Listening at tcp://p1p1:5117
1463635892293	<INFO 7f9ada8d6780> SLIPSTORE::COMM Listening at tcp://p1p1:5118
1463635892295	<INFO 7f9ada8d6780> SLIPSTORE::COMM Listening at tcp://p1p1:5119
1463635892298	<INFO 7f9ada8d6780> SLIPSTORE::COMM Listening at tcp://p1p1:5120
1463635892300	<INFO 7f9ada8d6780> SLIPSTORE::COMM Listening at tcp://p1p1:5121
1463635892302	<INFO 7f9ada8d6780> SLIPSTORE::COMM Listening at ipc://client
1463635892304	<INFO 7f9ada8d6780> SLIPSTORE::COMM Listening at tcp://p1p1:5123
1463635892306	<INFO 7f9ada8d6780> SLIPSTORE::COMM Connecting to tcp://dco-node137-10g:5016
1463635892308	<INFO 7f9ada8d6780> SLIPSTORE::COMM Connecting to tcp://dco-node138-10g:5034
1463635892310	<INFO 7f9ada8d6780> SLIPSTORE::COMM Connecting to tcp://dco-node139-10g:5052
1463635892312	<INFO 7f9ada8d6780> SLIPSTORE::COMM Connecting to tcp://dco-node140-10g:5070
1463635892315	<INFO 7f9ada8d6780> SLIPSTORE::COMM Connecting to tcp://dco-node141-10g:5088
1463635892317	<INFO 7f9ada8d6780> SLIPSTORE::COMM Connecting to tcp://dco-node142-10g:5106
1463635892319	<INFO 7f9ada8d6780> SLIPSTORE::COMM Connecting to tcp://dco-node143-10g:5124
1463635892321	<INFO 7f9ada8d6780> SLIPSTORE::COMM Connecting to tcp://dco-node144-10g:5142
1463635892323	<INFO 7f9ada8d6780> SLIPSTORE::COMM Connecting to tcp://dco-node137-10g:5006
1463635892326	<INFO 7f9ada8d6780> SLIPSTORE::COMM Connecting to tcp://dco-node138-10g:5024
1463635892328	<INFO 7f9ada8d6780> SLIPSTORE::COMM Connecting to tcp://dco-node139-10g:5042
1463635892330	<INFO 7f9ada8d6780> SLIPSTORE::COMM Connecting to tcp://dco-node140-10g:5060
1463635892332	<INFO 7f9ada8d6780> SLIPSTORE::COMM Connecting to tcp://dco-node141-10g:5078
1463635892334	<INFO 7f9ada8d6780> SLIPSTORE::COMM Connecting to tcp://dco-node142-10g:5096
1463635892336	<INFO 7f9ada8d6780> SLIPSTORE::COMM Connecting to ipc://server
1463635892338	<INFO 7f9ada8d6780> SLIPSTORE::COMM Connecting to tcp://dco-node144-10g:5132
1463635892341	<INFO 7f9ada8d6780> SLIPSTORE::COMM Connecting to tcp://dco-node144-10g:5143
1463635892343	<INFO 7f9ada8d6780> SLIPSTORE::COMM Listening at tcp://p1p1:5125
1463635892345	<INFO 7f9ada8d6780> SLIPSTORE::COMM Connecting to tcp://dco-node143-10g:5124
1463635892348	<INFO 7f9ada8d6780> SLIPSTORE::HELP_POLICY NONE
1463635892350	<INFO 7f9ada8d6780> SLIPSTORE::SERVER ASYNC
1463635892353	<INFO 7f9ada8d6780> SLIPSTORE::MACHINES 8
1463635892356	<INFO 7f9ada8d6780> SLIPSTORE::ME 6
1463635892358	<INFO 7f9ada8d6780> SLIPSTORE::SLIPCHUNK 4194304
1463635892361	<INFO 7f9ada8d6780> SLIPSTORE::QUOTA 18446744073709551615
1463635892363	<INFO 7f9ada8d6780> SLIPSTORE::IO PAGECACHE
1463635892365	<INFO 7f7cc53f5700> SLIPSTORE::COMM Listening at tcp://p1p1:5124
1463635892367	<INFO 7f7cc53f5700> SLIPSTORE::COMM Listening at tcp://p1p1:5108
1463635892370	<INFO 7f7cc53f5700> SLIPSTORE::COMM Connecting to tcp://dco-node137-10g:5014
1463635892372	<INFO 7f7cc53f5700> SLIPSTORE::COMM Listening at tcp://p1p1:5109
1463635892374	<INFO 7f7cc53f5700> SLIPSTORE::COMM Connecting to tcp://dco-node138-10g:5032
1463635892377	<INFO 7f7cc53f5700> SLIPSTORE::COMM Listening at tcp://p1p1:5110
1463635892379	<INFO 7f7cc53f5700> SLIPSTORE::COMM Connecting to tcp://dco-node139-10g:5050
1463635892381	<INFO 7f7cc53f5700> SLIPSTORE::COMM Listening at tcp://p1p1:5111
1463635892384	<INFO 7f7cc53f5700> SLIPSTORE::COMM Connecting to tcp://dco-node140-10g:5068
1463635892386	<INFO 7f7cc53f5700> SLIPSTORE::COMM Listening at tcp://p1p1:5112
1463635892388	<INFO 7f7cc53f5700> SLIPSTORE::COMM Connecting to tcp://dco-node141-10g:5086
1463635892390	<INFO 7f7cc53f5700> SLIPSTORE::COMM Listening at tcp://p1p1:5113
1463635892392	<INFO 7f7cc53f5700> SLIPSTORE::COMM Connecting to tcp://dco-node142-10g:5104
1463635892395	<INFO 7f7cc53f5700> SLIPSTORE::COMM Listening at ipc://server
1463635892397	<INFO 7f7cc53f5700> SLIPSTORE::COMM Connecting to ipc://client
1463635892399	<INFO 7f7cc53f5700> SLIPSTORE::COMM Listening at tcp://p1p1:5115
1463635892401	<INFO 7f7cc53f5700> SLIPSTORE::COMM Connecting to tcp://dco-node144-10g:5140
1463635892925	<INFO 7f9ada8d6780> SLIPSTORE::CHECKPOINTS NONE FOUND
1463635892928	<INFO 7f9ada8d6780> 2016-05-19 07:31:32 Start edge split
1463635970465	<INFO 7f9ada8d6780> 2016-05-19 07:32:50 Completed init
1463635972224	<INFO 7f9ada8d6780> 2016-05-19 07:32:52 Started gather
1463635975768	<INFO 7f9ada8d6780> 2016-05-19 07:32:55 Completed gather
1463635975810	<INFO 7f9ada8d6780> 2016-05-19 07:32:55 Started scatter
1463635988572	<INFO 7f9ada8d6780> 2016-05-19 07:33:08 Completed scatter
1463636021051	<INFO 7f9ada8d6780> 2016-05-19 07:33:41 Completed phase 1 Bytes read 13823785320 Bytes written 7381334376
1463636024616	<INFO 7f9ada8d6780> 2016-05-19 07:33:44 Started gather
1463636028216	<INFO 7f9ada8d6780> 2016-05-19 07:33:48 Completed gather
1463636028257	<INFO 7f9ada8d6780> 2016-05-19 07:33:48 Started gather
1463636064430	<INFO 7f9ada8d6780> 2016-05-19 07:34:24 Completed gather
1463636139037	<INFO 7f9ada8d6780> 2016-05-19 07:35:39 Completed phase 2 Bytes read 21607772880 Bytes written 12702461808
1463636144687	<INFO 7f9ada8d6780> 2016-05-19 07:35:44 Started gather
1463636161126	<INFO 7f9ada8d6780> 2016-05-19 07:36:01 Completed gather
1463636186876	<INFO 7f9ada8d6780> 2016-05-19 07:36:26 Started scatter
1463636208463	<INFO 7f9ada8d6780> 2016-05-19 07:36:48 Completed scatter
1463636287387	<INFO 7f9ada8d6780> 2016-05-19 07:38:07 Completed phase 3 Bytes read 33504928320 Bytes written 17881630016
1463636290981	<INFO 7f9ada8d6780> 2016-05-19 07:38:10 Started gather
1463636308020	<INFO 7f9ada8d6780> 2016-05-19 07:38:28 Completed gather
1463636330080	<INFO 7f9ada8d6780> 2016-05-19 07:38:50 Started scatter
1463636351223	<INFO 7f9ada8d6780> 2016-05-19 07:39:11 Completed scatter
1463636431951	<INFO 7f9ada8d6780> 2016-05-19 07:40:31 Completed phase 4 Bytes read 45662777720 Bytes written 22885609928
1463636435629	<INFO 7f9ada8d6780> 2016-05-19 07:40:35 Started gather
1463636452439	<INFO 7f9ada8d6780> 2016-05-19 07:40:52 Completed gather
1463636478090	<INFO 7f9ada8d6780> 2016-05-19 07:41:18 Started scatter
1463636499887	<INFO 7f9ada8d6780> 2016-05-19 07:41:39 Completed scatter
1463636579396	<INFO 7f9ada8d6780> 2016-05-19 07:42:59 Completed phase 5 Bytes read 57645438824 Bytes written 28012514648
1463636583023	<INFO 7f9ada8d6780> 2016-05-19 07:43:03 Started gather
1463636600230	<INFO 7f9ada8d6780> 2016-05-19 07:43:20 Completed gather
1463636624688	<INFO 7f9ada8d6780> 2016-05-19 07:43:44 Started scatter
1463636647392	<INFO 7f9ada8d6780> 2016-05-19 07:44:07 Completed scatter
1463636726043	<INFO 7f9ada8d6780> 2016-05-19 07:45:26 Completed phase 6 Bytes read 69751024736 Bytes written 32936591560
1463636730913	<INFO 7f9ada8d6780> 2016-05-19 07:45:30 Started gather
1463636748257	<INFO 7f9ada8d6780> 2016-05-19 07:45:48 Completed gather
1463636769484	<INFO 7f9ada8d6780> 2016-05-19 07:46:09 Started scatter
1463636791147	<INFO 7f9ada8d6780> 2016-05-19 07:46:31 Completed scatter
1463636872441	<INFO 7f9ada8d6780> 2016-05-19 07:47:52 Completed phase 7 Bytes read 81653782840 Bytes written 38080295440
1463636872443	<INFO 7f9ada8d6780> CORE::PARTITIONS_PROCESSED 83
1463636872446	<INFO 7f9ada8d6780> CORE::BYTES::EDGES_STREAMED 1564289004
1463636872448	<INFO 7f9ada8d6780> CORE::BYTES::UPDATES_OUT 891406472
1463636872451	<INFO 7f9ada8d6780> CORE::BYTES::UPDATES_IN 774535680
1463636872453	<INFO 7f7cb37fe700> CORE::PARTITIONS_PROCESSED 186
1463636872456	<INFO 7f7cb37fe700> CORE::BYTES::EDGES_STREAMED 1678273848
1463636872458	<INFO 7f7cb37fe700> CORE::BYTES::UPDATES_OUT 1001889424
1463636872461	<INFO 7f7cb37fe700> CORE::BYTES::UPDATES_IN 803447800
1463636872464	<INFO 7f7cb3fff700> CORE::PARTITIONS_PROCESSED 182
1463636872466	<INFO 7f7cb3fff700> CORE::BYTES::EDGES_STREAMED 1707620448
1463636872469	<INFO 7f7cb3fff700> CORE::BYTES::UPDATES_OUT 936994624
1463636872472	<INFO 7f7cb3fff700> CORE::BYTES::UPDATES_IN 776534176
1463636872475	<INFO 7f7cb27fc700> CORE::PARTITIONS_PROCESSED 172
1463636872478	<INFO 7f7cb0ff9700> CORE::PARTITIONS_PROCESSED 273
1463636872480	<INFO 7f7cb2ffd700> CORE::PARTITIONS_PROCESSED 253
1463636872483	<INFO 7f7cb17fa700> CORE::PARTITIONS_PROCESSED 226
1463636872485	<INFO 7f7cb1ffb700> CORE::PARTITIONS_PROCESSED 225
1463636872488	<INFO 7f7cb2ffd700> CORE::BYTES::EDGES_STREAMED 1900967796
1463636872490	<INFO 7f7cb27fc700> CORE::BYTES::EDGES_STREAMED 1925882076
1463636872493	<INFO 7f7cb1ffb700> CORE::BYTES::EDGES_STREAMED 1725671724
1463636872495	<INFO 7f7cb0ff9700> CORE::BYTES::EDGES_STREAMED 3585054348
1463636872497	<INFO 7f7cb27fc700> CORE::BYTES::UPDATES_OUT 1121070784
1463636872499	<INFO 7f7cb1ffb700> CORE::BYTES::UPDATES_OUT 960637104
1463636872502	<INFO 7f7cb17fa700> CORE::BYTES::EDGES_STREAMED 1704490068
1463636872504	<INFO 7f7cb2ffd700> CORE::BYTES::UPDATES_OUT 1079183848
1463636872506	<INFO 7f7cb17fa700> CORE::BYTES::UPDATES_OUT 978850400
1463636872509	<INFO 7f7cb2ffd700> CORE::BYTES::UPDATES_IN 1263844280
1463636872511	<INFO 7f7cb27fc700> CORE::BYTES::UPDATES_IN 857623568
1463636872513	<INFO 7f7cb17fa700> CORE::BYTES::UPDATES_IN 839957080
1463636872516	<INFO 7f7cb1ffb700> CORE::BYTES::UPDATES_IN 1168623120
1463636872518	<INFO 7f7cb0ff9700> CORE::BYTES::UPDATES_OUT 2054109808
1463636872520	<INFO 7f7cb0ff9700> CORE::BYTES::UPDATES_IN 1036094136
1463636872523	<INFO 7f7cc53f5700> SLIPSTORE service is exiting
1463636872525	<INFO 7f7cc53f5700> SLIPSTORE::HELP_OFFERS_RECVD 98
1463636872527	<INFO 7f7cc53f5700> SLIPSTORE::HELP_OFFERS_ACCEPTED 0
1463636872530	<INFO 7f7cc53f5700> SLIPSTORE::HELP_ACCEPTANCE_RATIO 0
1463636872532	<INFO 7f7cc53f5700> SLIPSTORE::SERVER_BUSY_DISK  648.206 seconds
1463636872534	<INFO 7f7cc53f5700> SLIPSTORE::SERVER_BUSY_MEM  0 seconds
1463636872537	<INFO 7f7cc53f5700> SLIPSTORE::SERVER_TOTAL  980.212 seconds
1463636872539	<INFO 7f9ada8d6780> SLIPSTORE::CLIENT::DISK_READ_TIME  227.906 seconds
1463636872541	<INFO 7f9ada8d6780> SLIPSTORE::CLIENT::MEM_READ_TIME  0 seconds
1463636872544	<INFO 7f9ada8d6780> SLIPSTORE::CLIENT::DISK_BYTES_READ 37812618076
1463636872546	<INFO 7f9ada8d6780> SLIPSTORE::CLIENT::MEM_BYTES_READ 0
1463636872548	<INFO 7f9ada8d6780> SLIPSTORE::CLIENT::WRITE_TIME  134.928 seconds
1463636872551	<INFO 7f9ada8d6780> SLIPSTORE::CLIENT::BYTES_WRITTEN 6039797760
1463636872553	<INFO 7f9ada8d6780> SLIPSTORE::CLIENT_BUSY  362.834 seconds
1463636872555	<INFO 7f9ada8d6780> SLIPSTORE::IO::TIME 440.03 seconds
1463636872558	<INFO 7f9ada8d6780> SLIPSTORE::SNAP::TIME 0 seconds
1463636872560	<INFO 7f9ada8d6780> SLIPSTORE::MAX_DISK_USAGE_BYTES 11352543032
1463636873421	<INFO 7f9ada8d6780> CORE::RUSAGE::MAX_RSS_KB 125946692
1463636873423	<INFO 7f9ada8d6780> CORE::RUSAGE::MINFLT 44131579
1463636873426	<INFO 7f9ada8d6780> CORE::RUSAGE::MAJFLT 0
1463636873428	<INFO 7f9ada8d6780> CORE::RUSAGE::MAJFLT 0
1463636873431	<INFO 7f9ada8d6780> CORE::RUSAGE::INBLK 129267672
1463636873433	<INFO 7f9ada8d6780> CORE::RUSAGE::OUBLK 74388080
1463636873435	<INFO 7f9ada8d6780> CORE::UTILS::BYTES_READ 81653782840
1463636873438	<INFO 7f9ada8d6780> CORE::UTILS::BYTES_WRITTEN 38080295440
1463636873441	<INFO 7f9ada8d6780> CORE::UTILS::TILE_COPY_BYTES 8053063680
1463636873443	<INFO 7f9ada8d6780> CORE::TIME::IO_WAIT 319.779 seconds
1463636873446	<INFO 7f9ada8d6780> CORE::TIME_TILE_COPY 0 seconds
1463636873448	<INFO 7f9ada8d6780> CORE::TIME_TILE_MERGE 0 seconds
1463636873451	<INFO 7f9ada8d6780> CORE::TIME_PROCESSING_STOLEN 0 seconds
1463636873453	<INFO 7f9ada8d6780> CORE::TIME_MERGE_WAIT 0 seconds
1463636873456	<INFO 7f9ada8d6780> CORE::OTHER_TIME_ALL_MC_BARRIER 0 seconds
1463636873458	<INFO 7f9ada8d6780> CORE::SCATTER_TIME_ALL_MC_BARRIER 422.812 seconds
1463636873461	<INFO 7f9ada8d6780> CORE::GATHER_TIME_ALL_MC_BARRIER 73.9398 seconds
1463636873463	<INFO 7f9ada8d6780> CORE::INIT_TIME_ALL_MC_BARRIER 1.54805 seconds
1463636873466	<INFO 7f9ada8d6780> CORE::SHUT_DOWN_TIME_ALL_MC_BARRIER 0.003341 seconds
1463636873468	<INFO 7f9ada8d6780> CORE::STREAM_SKIP_BEFORE_TIME_ALL_MC_BARRIER 0.370834 seconds
1463636873471	<INFO 7f9ada8d6780> CORE::TAKE_CHECKPOINT_BEFORE_TIME_ALL_MC_BARRIER 0 seconds
1463636873473	<INFO 7f9ada8d6780> CORE::TAKE_CHECKPOINT_COMPLETE_TIME_ALL_MC_BARRIER 0 seconds
1463636873475	<INFO 7f9ada8d6780> CORE::METADATA_WRITE_COMPLETE_TIME_ALL_MC_BARRIER 0 seconds
1463636873478	<INFO 7f9ada8d6780> CORE::STREAM_EOF_BEFORE_TIME_ALL_MC_BARRIER 0 seconds
1463636873480	<INFO 7f9ada8d6780> CORE::STREAM_EOF_AFTER_TIME_ALL_MC_BARRIER 0 seconds
1463636873482	<INFO 7f9ada8d6780> CORE::STATE_LOAD_TIME_ALL_MC_BARRIER 0 seconds
1463636873485	<INFO 7f9ada8d6780> CORE::STATE_STORE_TIME_ALL_MC_BARRIER 0 seconds
1463636873487	<INFO 7f9ada8d6780> CORE::WORK_STEALING_COST_GATHER 0 seconds
1463636873490	<INFO 7f9ada8d6780> CORE::WORK_STEALING_COST_SCATTER 0 seconds
1463636873492	<INFO 7f9ada8d6780> CORE::PHASES 7
1463636873494	<INFO 7f9ada8d6780> CORE::TIME::SETUP 3.46033 seconds
1463636873497	<INFO 7f9ada8d6780> CORE::TIME::INIT_PARTITIONS_TIME 77.5387 seconds
1463636873499	<INFO 7f9ada8d6780> CORE::TIME::STATE_ITER 26.26 seconds
1463636873501	<INFO 7f9ada8d6780> CORE::TIME::GATHER 211.553 seconds
1463636873504	<INFO 7f9ada8d6780> CORE::TIME::SCATTER 663.91 seconds
1463636873506	<INFO 7f9ada8d6780> CORE::TIME::WALL 982.979 seconds
1463636873509	<INFO 7f9ada8d6780> SHUTDOWN
