1457785595309	<INFO 7f34b9542740> 2016-03-12 13:26:35 STARTUP
1457785595313	<INFO 7f34b9542740> CORE::GRAPH rmat-29-und_s8
1457785595317	<INFO 7f34b9542740> CORE::ALGORITHM bfs
1457785595321	<INFO 7f34b9542740> CORE::VERTEX_STRIPING ON
1457785595324	<INFO 7f34b9542740> 2016-03-12 13:26:35 Blocking memory amount 126701535232
1457785702928	<INFO 7f34b9542740> 2016-03-12 13:28:22 Done blocking memory
1457785702932	<INFO 7f34b9542740> SG-DRIVER-ORIGINAL
1457785702936	<INFO 7f34b9542740> CORE::CONFIG::PROCESSORS 8
1457785702940	<INFO 7f34b9542740> CORE::CONFIG::PHYSICAL_MEMORY 2147483648
1457785702944	<INFO 7f34b9542740> CORE::CONFIG::VERTICES 536870912
1457785702948	<INFO 7f34b9542740> CORE::CONFIG::VERTEX_SIZE 8
1457785702952	<INFO 7f34b9542740> CORE::CONFIG::VERTEX_BUFFER 536870912
1457785702956	<INFO 7f34b9542740> CORE::CONFIG::EDGES 2147483648
1457785702960	<INFO 7f34b9542740> CORE::CONFIG::PARTITIONS 64
1457785702964	<INFO 7f34b9542740> CORE::CONFIG::FANOUT 64
1457785702968	<INFO 7f34b9542740> CORE::CONFIG::SUPER_PARTITIONS 8
1457785702972	<INFO 7f34b9542740> CORE::CONFIG::TILES 1
1457785702976	<INFO 7f34b9542740> CORE::CONFIG::BUFFER_SIZE 322121420
1457785702980	<INFO 7f34b9542740> CORE::CONFIG::MAX_BUFFERS 4
1457785702984	<INFO 7f34b9542740> CORE::CONFIG::MAX_STREAMS 4
1457785702988	<INFO 7f34b9542740> SLIPSTREAM::EXT_MEM_SHUFFLE OFF
1457785706019	<INFO 7f34b9542740> SLIPSTORE::ZMQ_THREADS 2
1457785706023	<INFO 7f34b9542740> SLIPSTORE::COMM Connecting to tcp://dco-node137-10g:5016
1457785706026	<INFO 7f34b9542740> SLIPSTORE::COMM Connecting to tcp://dco-node138-10g:5034
1457785706030	<INFO 7f34b9542740> SLIPSTORE::COMM Connecting to tcp://dco-node139-10g:5052
1457785706034	<INFO 7f34b9542740> SLIPSTORE::COMM Connecting to tcp://dco-node140-10g:5070
1457785706038	<INFO 7f34b9542740> SLIPSTORE::COMM Connecting to tcp://dco-node141-10g:5088
1457785706042	<INFO 7f34b9542740> SLIPSTORE::COMM Connecting to tcp://dco-node142-10g:5106
1457785706046	<INFO 7f34b9542740> SLIPSTORE::COMM Connecting to tcp://dco-node143-10g:5124
1457785706049	<INFO 7f34b9542740> SLIPSTORE::COMM Connecting to tcp://dco-node144-10g:5142
1457785706053	<INFO 7f34b9542740> SLIPSTORE::COMM Listening at tcp://ens1f0:5044
1457785706057	<INFO 7f34b9542740> SLIPSTORE::COMM Listening at tcp://ens1f0:5045
1457785706061	<INFO 7f34b9542740> SLIPSTORE::COMM Listening at ipc://client
1457785706065	<INFO 7f34b9542740> SLIPSTORE::COMM Listening at tcp://ens1f0:5047
1457785706069	<INFO 7f34b9542740> SLIPSTORE::COMM Listening at tcp://ens1f0:5048
1457785706072	<INFO 7f34b9542740> SLIPSTORE::COMM Listening at tcp://ens1f0:5049
1457785706076	<INFO 7f34b9542740> SLIPSTORE::COMM Listening at tcp://ens1f0:5050
1457785706080	<INFO 7f34b9542740> SLIPSTORE::COMM Listening at tcp://ens1f0:5051
1457785706083	<INFO 7f34b9542740> SLIPSTORE::COMM Connecting to tcp://dco-node137-10g:5016
1457785706087	<INFO 7f34b9542740> SLIPSTORE::COMM Connecting to tcp://dco-node138-10g:5034
1457785706090	<INFO 7f34b9542740> SLIPSTORE::COMM Connecting to tcp://dco-node139-10g:5052
1457785706095	<INFO 7f34b9542740> SLIPSTORE::COMM Connecting to tcp://dco-node140-10g:5070
1457785706097	<INFO 7f34b9542740> SLIPSTORE::COMM Connecting to tcp://dco-node141-10g:5088
1457785706102	<INFO 7f34b9542740> SLIPSTORE::COMM Connecting to tcp://dco-node142-10g:5106
1457785706105	<INFO 7f34b9542740> SLIPSTORE::COMM Connecting to tcp://dco-node143-10g:5124
1457785706108	<INFO 7f34b9542740> SLIPSTORE::COMM Connecting to tcp://dco-node144-10g:5142
1457785706112	<INFO 7f34b9542740> SLIPSTORE::COMM Connecting to tcp://dco-node137-10g:5002
1457785706115	<INFO 7f34b9542740> SLIPSTORE::COMM Connecting to tcp://dco-node138-10g:5020
1457785706118	<INFO 7f34b9542740> SLIPSTORE::COMM Connecting to ipc://server
1457785706121	<INFO 7f34b9542740> SLIPSTORE::COMM Connecting to tcp://dco-node140-10g:5056
1457785706124	<INFO 7f34b9542740> SLIPSTORE::COMM Connecting to tcp://dco-node141-10g:5074
1457785706127	<INFO 7f34b9542740> SLIPSTORE::COMM Connecting to tcp://dco-node142-10g:5092
1457785706130	<INFO 7f34b9542740> SLIPSTORE::COMM Connecting to tcp://dco-node143-10g:5110
1457785706133	<INFO 7f34b9542740> SLIPSTORE::COMM Connecting to tcp://dco-node144-10g:5128
1457785706136	<INFO 7f34b9542740> SLIPSTORE::COMM Connecting to tcp://dco-node140-10g:5071
1457785706139	<INFO 7f34b9542740> SLIPSTORE::COMM Listening at tcp://ens1f0:5053
1457785706142	<INFO 7f34b9542740> SLIPSTORE::COMM Connecting to tcp://dco-node139-10g:5052
1457785706145	<INFO 7f34b9542740> SLIPSTORE::HELP_POLICY NONE
1457785706148	<INFO 7f34b9542740> SLIPSTORE::SERVER ASYNC
1457785706151	<INFO 7f34b9542740> SLIPSTORE::MACHINES 8
1457785706154	<INFO 7f34b9542740> SLIPSTORE::ME 2
1457785706157	<INFO 7f34b9542740> SLIPSTORE::SLIPCHUNK 4194304
1457785706160	<INFO 7f34b9542740> SLIPSTORE::QUOTA 18446744073709551615
1457785706163	<INFO 7f34b9542740> SLIPSTORE::IO PAGECACHE
1457785706166	<INFO 7f169affb700> SLIPSTORE::COMM Listening at tcp://ens1f0:5052
1457785706169	<INFO 7f169affb700> SLIPSTORE::COMM Listening at tcp://ens1f0:5036
1457785706172	<INFO 7f169affb700> SLIPSTORE::COMM Connecting to tcp://dco-node137-10g:5010
1457785706175	<INFO 7f169affb700> SLIPSTORE::COMM Listening at tcp://ens1f0:5037
1457785706177	<INFO 7f169affb700> SLIPSTORE::COMM Connecting to tcp://dco-node138-10g:5028
1457785706180	<INFO 7f169affb700> SLIPSTORE::COMM Listening at ipc://server
1457785706183	<INFO 7f169affb700> SLIPSTORE::COMM Connecting to ipc://client
1457785706185	<INFO 7f169affb700> SLIPSTORE::COMM Listening at tcp://ens1f0:5039
1457785706188	<INFO 7f169affb700> SLIPSTORE::COMM Connecting to tcp://dco-node140-10g:5064
1457785706190	<INFO 7f169affb700> SLIPSTORE::COMM Listening at tcp://ens1f0:5040
1457785706193	<INFO 7f169affb700> SLIPSTORE::COMM Connecting to tcp://dco-node141-10g:5082
1457785706195	<INFO 7f169affb700> SLIPSTORE::COMM Listening at tcp://ens1f0:5041
1457785706198	<INFO 7f169affb700> SLIPSTORE::COMM Connecting to tcp://dco-node142-10g:5100
1457785706200	<INFO 7f169affb700> SLIPSTORE::COMM Listening at tcp://ens1f0:5042
1457785706203	<INFO 7f169affb700> SLIPSTORE::COMM Connecting to tcp://dco-node143-10g:5118
1457785706205	<INFO 7f169affb700> SLIPSTORE::COMM Listening at tcp://ens1f0:5043
1457785706208	<INFO 7f169affb700> SLIPSTORE::COMM Connecting to tcp://dco-node144-10g:5136
1457785707066	<INFO 7f34b9542740> SLIPSTORE::CHECKPOINTS NONE FOUND
1457786020901	<INFO 7f34b9542740> 2016-03-12 13:33:40 Completed init
1457786022638	<INFO 7f34b9542740> 2016-03-12 13:33:42 Started gather
1457786026577	<INFO 7f34b9542740> 2016-03-12 13:33:46 Completed gather
1457786026622	<INFO 7f34b9542740> 2016-03-12 13:33:46 Started scatter
1457786143102	<INFO 7f34b9542740> 2016-03-12 13:35:43 Completed scatter
1457786245504	<INFO 7f34b9542740> 2016-03-12 13:37:25 Completed phase 1 Bytes read 52582726564 Bytes written 26818966028
1457786245526	<INFO 7f34b9542740> 2016-03-12 13:37:25 Started gather
1457786248903	<INFO 7f34b9542740> 2016-03-12 13:37:28 Completed gather
1457786249396	<INFO 7f34b9542740> 2016-03-12 13:37:29 Started scatter
1457786444352	<INFO 7f34b9542740> 2016-03-12 13:40:44 Completed scatter
1457786651391	<INFO 7f34b9542740> 2016-03-12 13:44:11 Completed phase 2 Bytes read 79401692592 Bytes written 36480607652
1457786651414	<INFO 7f34b9542740> 2016-03-12 13:44:11 Started gather
1457786701495	<INFO 7f34b9542740> 2016-03-12 13:45:01 Completed gather
1457786750040	<INFO 7f34b9542740> 2016-03-12 13:45:50 Started scatter
1457786954789	<INFO 7f34b9542740> 2016-03-12 13:49:14 Completed scatter
1457787109768	<INFO 7f34b9542740> 2016-03-12 13:51:49 Completed phase 3 Bytes read 115339386092 Bytes written 45020514044
1457787109792	<INFO 7f34b9542740> 2016-03-12 13:51:49 Started gather
1457787154672	<INFO 7f34b9542740> 2016-03-12 13:52:34 Completed gather
1457787196302	<INFO 7f34b9542740> 2016-03-12 13:53:16 Started scatter
1457787314983	<INFO 7f34b9542740> 2016-03-12 13:55:14 Completed scatter
1457787412357	<INFO 7f34b9542740> 2016-03-12 13:56:52 Completed phase 4 Bytes read 150155344360 Bytes written 45602591780
1457787412381	<INFO 7f34b9542740> 2016-03-12 13:56:52 Started gather
1457787418680	<INFO 7f34b9542740> 2016-03-12 13:56:58 Completed gather
1457787419867	<INFO 7f34b9542740> 2016-03-12 13:56:59 Started scatter
1457787540619	<INFO 7f34b9542740> 2016-03-12 13:59:00 Completed scatter
1457787638169	<INFO 7f34b9542740> 2016-03-12 14:00:38 Completed phase 5 Bytes read 177013473972 Bytes written 46139571980
1457787638192	<INFO 7f34b9542740> 2016-03-12 14:00:38 Started gather
1457787641841	<INFO 7f34b9542740> 2016-03-12 14:00:41 Completed gather
1457787641884	<INFO 7f34b9542740> 2016-03-12 14:00:41 Started scatter
1457787763274	<INFO 7f34b9542740> 2016-03-12 14:02:43 Completed scatter
1457787857371	<INFO 7f34b9542740> 2016-03-12 14:04:17 Completed phase 6 Bytes read 203826506048 Bytes written 46676443180
1457787857392	<INFO 7f34b9542740> 2016-03-12 14:04:17 Started gather
1457787860672	<INFO 7f34b9542740> 2016-03-12 14:04:20 Completed gather
1457787860743	<INFO 7f34b9542740> 2016-03-12 14:04:20 Started scatter
1457787981726	<INFO 7f34b9542740> 2016-03-12 14:06:21 Completed scatter
1457788079065	<INFO 7f34b9542740> 2016-03-12 14:07:59 Completed phase 7 Bytes read 230639429124 Bytes written 47213314092
1457788079067	<INFO 7f34b9542740> ALGORITHM::BFS::VERTICES_DISCOVERED 33647132
1457788079070	<INFO 7f34b9542740> ALGORITHM::BFS::EDGES_EXPLORED 2381539676
1457788079072	<INFO 7f34b9542740> CORE::PARTITIONS_PROCESSED 204
1457788079075	<INFO 7f34b9542740> CORE::BYTES::EDGES_STREAMED 20090023248
1457788079077	<INFO 7f34b9542740> CORE::BYTES::UPDATES_OUT 1976471976
1457788079080	<INFO 7f34b9542740> CORE::BYTES::UPDATES_IN 1765577960
1457788079083	<INFO 7f168f7fe700> CORE::PARTITIONS_PROCESSED 573
1457788079085	<INFO 7f168f7fe700> CORE::BYTES::EDGES_STREAMED 23903599596
1457788079087	<INFO 7f168f7fe700> CORE::BYTES::UPDATES_OUT 2253520800
1457788079089	<INFO 7f168f7fe700> CORE::BYTES::UPDATES_IN 2422223288
1457788079092	<INFO 7f1699ff9700> CORE::PARTITIONS_PROCESSED 483
1457788079094	<INFO 7f1698ff7700> CORE::PARTITIONS_PROCESSED 627
1457788079096	<INFO 7f1699ff9700> CORE::BYTES::EDGES_STREAMED 22680407448
1457788079098	<INFO 7f168effd700> CORE::PARTITIONS_PROCESSED 569
1457788079101	<INFO 7f16997f8700> CORE::PARTITIONS_PROCESSED 463
1457788079103	<INFO 7f168e7fc700> CORE::PARTITIONS_PROCESSED 692
1457788079105	<INFO 7f168ffff700> CORE::PARTITIONS_PROCESSED 444
1457788079107	<INFO 7f168effd700> CORE::BYTES::EDGES_STREAMED 23725268400
1457788079110	<INFO 7f1699ff9700> CORE::BYTES::UPDATES_OUT 2111223376
1457788079112	<INFO 7f168e7fc700> CORE::BYTES::EDGES_STREAMED 40126627908
1457788079114	<INFO 7f1698ff7700> CORE::BYTES::EDGES_STREAMED 25479534348
1457788079117	<INFO 7f168effd700> CORE::BYTES::UPDATES_OUT 2154958480
1457788079119	<INFO 7f168e7fc700> CORE::BYTES::UPDATES_OUT 3881879560
1457788079121	<INFO 7f16997f8700> CORE::BYTES::EDGES_STREAMED 19954672764
1457788079123	<INFO 7f168effd700> CORE::BYTES::UPDATES_IN 2167492680
1457788079126	<INFO 7f168ffff700> CORE::BYTES::EDGES_STREAMED 24090888312
1457788079128	<INFO 7f1699ff9700> CORE::BYTES::UPDATES_IN 2256651496
1457788079130	<INFO 7f168e7fc700> CORE::BYTES::UPDATES_IN 3828199344
1457788079133	<INFO 7f16997f8700> CORE::BYTES::UPDATES_OUT 1964315352
1457788079135	<INFO 7f1698ff7700> CORE::BYTES::UPDATES_OUT 2432588040
1457788079137	<INFO 7f16997f8700> CORE::BYTES::UPDATES_IN 1890817568
1457788079139	<INFO 7f168ffff700> CORE::BYTES::UPDATES_OUT 2277359824
1457788079142	<INFO 7f1698ff7700> CORE::BYTES::UPDATES_IN 2446260800
1457788079144	<INFO 7f168ffff700> CORE::BYTES::UPDATES_IN 2275094272
1457788079146	<INFO 7f169affb700> SLIPSTORE service is exiting
1457788079149	<INFO 7f169affb700> SLIPSTORE::HELP_OFFERS_RECVD 98
1457788079151	<INFO 7f169affb700> SLIPSTORE::HELP_OFFERS_ACCEPTED 0
1457788079153	<INFO 7f169affb700> SLIPSTORE::HELP_ACCEPTANCE_RATIO 0
1457788079156	<INFO 7f169affb700> SLIPSTORE::SERVER_BUSY_DISK  1665.02 seconds
1457788079158	<INFO 7f169affb700> SLIPSTORE::SERVER_BUSY_MEM  0 seconds
1457788079160	<INFO 7f169affb700> SLIPSTORE::SERVER_TOTAL  2373.02 seconds
1457788079162	<INFO 7f34b9542740> SLIPSTORE::CLIENT::DISK_READ_TIME  1147.55 seconds
1457788079165	<INFO 7f34b9542740> SLIPSTORE::CLIENT::MEM_READ_TIME  0 seconds
1457788079167	<INFO 7f34b9542740> SLIPSTORE::CLIENT::DISK_BYTES_READ 252997509476
1457788079169	<INFO 7f34b9542740> SLIPSTORE::CLIENT::MEM_BYTES_READ 0
1457788079172	<INFO 7f34b9542740> SLIPSTORE::CLIENT::WRITE_TIME  282.231 seconds
1457788079174	<INFO 7f34b9542740> SLIPSTORE::CLIENT::BYTES_WRITTEN 4294967296
1457788079176	<INFO 7f34b9542740> SLIPSTORE::CLIENT_BUSY  1429.78 seconds
1457788079178	<INFO 7f34b9542740> SLIPSTORE::IO::TIME 1464.33 seconds
1457788079181	<INFO 7f34b9542740> SLIPSTORE::SNAP::TIME 0 seconds
1457788079183	<INFO 7f34b9542740> SLIPSTORE::MAX_DISK_USAGE_BYTES 35400822588
1457788079186	<INFO 7f34b9542740> CORE::RUSAGE::MAX_RSS_KB 125954680
1457788079188	<INFO 7f34b9542740> CORE::RUSAGE::MINFLT 37274652
1457788079191	<INFO 7f34b9542740> CORE::RUSAGE::MAJFLT 5
1457788079193	<INFO 7f34b9542740> CORE::RUSAGE::MAJFLT 5
1457788079195	<INFO 7f34b9542740> CORE::RUSAGE::INBLK 436715080
1457788079198	<INFO 7f34b9542740> CORE::RUSAGE::OUBLK 92220120
1457788079200	<INFO 7f34b9542740> CORE::UTILS::BYTES_READ 230639429124
1457788079202	<INFO 7f34b9542740> CORE::UTILS::BYTES_WRITTEN 47213314092
1457788079205	<INFO 7f34b9542740> CORE::UTILS::TILE_COPY_BYTES 7516192768
1457788079207	<INFO 7f34b9542740> CORE::TIME::IO_WAIT 1236.56 seconds
1457788079209	<INFO 7f34b9542740> CORE::TIME_TILE_COPY 0 seconds
1457788079212	<INFO 7f34b9542740> CORE::TIME_TILE_MERGE 0 seconds
1457788079214	<INFO 7f34b9542740> CORE::TIME_PROCESSING_STOLEN 0 seconds
1457788079216	<INFO 7f34b9542740> CORE::TIME_MERGE_WAIT 0 seconds
1457788079219	<INFO 7f34b9542740> CORE::TIME_ALL_MC_BARRIER 851.333 seconds
1457788079221	<INFO 7f34b9542740> CORE::PHASES 7
1457788079223	<INFO 7f34b9542740> CORE::TIME::SETUP 4.15198 seconds
1457788079226	<INFO 7f34b9542740> CORE::TIME::WALL 2376.15 seconds
1457788079228	<INFO 7f34b9542740> SHUTDOWN
