1457785595474	<INFO 7f6b34cbf740> 2016-03-12 13:26:35 STARTUP
1457785595478	<INFO 7f6b34cbf740> CORE::GRAPH rmat-29-und_s8
1457785595483	<INFO 7f6b34cbf740> CORE::ALGORITHM bfs
1457785595486	<INFO 7f6b34cbf740> CORE::VERTEX_STRIPING ON
1457785595490	<INFO 7f6b34cbf740> 2016-03-12 13:26:35 Blocking memory amount 126701535232
1457785703362	<INFO 7f6b34cbf740> 2016-03-12 13:28:23 Done blocking memory
1457785703366	<INFO 7f6b34cbf740> SG-DRIVER-ORIGINAL
1457785703370	<INFO 7f6b34cbf740> CORE::CONFIG::PROCESSORS 8
1457785703374	<INFO 7f6b34cbf740> CORE::CONFIG::PHYSICAL_MEMORY 2147483648
1457785703378	<INFO 7f6b34cbf740> CORE::CONFIG::VERTICES 536870912
1457785703382	<INFO 7f6b34cbf740> CORE::CONFIG::VERTEX_SIZE 8
1457785703386	<INFO 7f6b34cbf740> CORE::CONFIG::VERTEX_BUFFER 536870912
1457785703390	<INFO 7f6b34cbf740> CORE::CONFIG::EDGES 2147483648
1457785703394	<INFO 7f6b34cbf740> CORE::CONFIG::PARTITIONS 64
1457785703398	<INFO 7f6b34cbf740> CORE::CONFIG::FANOUT 64
1457785703402	<INFO 7f6b34cbf740> CORE::CONFIG::SUPER_PARTITIONS 8
1457785703406	<INFO 7f6b34cbf740> CORE::CONFIG::TILES 1
1457785703410	<INFO 7f6b34cbf740> CORE::CONFIG::BUFFER_SIZE 322121420
1457785703414	<INFO 7f6b34cbf740> CORE::CONFIG::MAX_BUFFERS 4
1457785703418	<INFO 7f6b34cbf740> CORE::CONFIG::MAX_STREAMS 4
1457785703422	<INFO 7f6b34cbf740> SLIPSTREAM::EXT_MEM_SHUFFLE OFF
1457785706475	<INFO 7f6b34cbf740> SLIPSTORE::ZMQ_THREADS 2
1457785706479	<INFO 7f6b34cbf740> SLIPSTORE::COMM Connecting to tcp://dco-node137-10g:5016
1457785706483	<INFO 7f6b34cbf740> SLIPSTORE::COMM Connecting to tcp://dco-node138-10g:5034
1457785706487	<INFO 7f6b34cbf740> SLIPSTORE::COMM Connecting to tcp://dco-node139-10g:5052
1457785706491	<INFO 7f6b34cbf740> SLIPSTORE::COMM Connecting to tcp://dco-node140-10g:5070
1457785706496	<INFO 7f6b34cbf740> SLIPSTORE::COMM Connecting to tcp://dco-node141-10g:5088
1457785706499	<INFO 7f6b34cbf740> SLIPSTORE::COMM Connecting to tcp://dco-node142-10g:5106
1457785706504	<INFO 7f6b34cbf740> SLIPSTORE::COMM Connecting to tcp://dco-node143-10g:5124
1457785706508	<INFO 7f6b34cbf740> SLIPSTORE::COMM Connecting to tcp://dco-node144-10g:5142
1457785706512	<INFO 7f6b34cbf740> SLIPSTORE::COMM Listening at tcp://ens1f0:5080
1457785706516	<INFO 7f6b34cbf740> SLIPSTORE::COMM Listening at tcp://ens1f0:5081
1457785706520	<INFO 7f6b34cbf740> SLIPSTORE::COMM Listening at tcp://ens1f0:5082
1457785706524	<INFO 7f6b34cbf740> SLIPSTORE::COMM Listening at tcp://ens1f0:5083
1457785706528	<INFO 7f6b34cbf740> SLIPSTORE::COMM Listening at ipc://client
1457785706533	<INFO 7f6b34cbf740> SLIPSTORE::COMM Listening at tcp://ens1f0:5085
1457785706537	<INFO 7f6b34cbf740> SLIPSTORE::COMM Listening at tcp://ens1f0:5086
1457785706541	<INFO 7f6b34cbf740> SLIPSTORE::COMM Listening at tcp://ens1f0:5087
1457785706545	<INFO 7f6b34cbf740> SLIPSTORE::COMM Connecting to tcp://dco-node137-10g:5016
1457785706549	<INFO 7f6b34cbf740> SLIPSTORE::COMM Connecting to tcp://dco-node138-10g:5034
1457785706553	<INFO 7f6b34cbf740> SLIPSTORE::COMM Connecting to tcp://dco-node139-10g:5052
1457785706558	<INFO 7f6b34cbf740> SLIPSTORE::COMM Connecting to tcp://dco-node140-10g:5070
1457785706562	<INFO 7f6b34cbf740> SLIPSTORE::COMM Connecting to tcp://dco-node141-10g:5088
1457785706566	<INFO 7f6b34cbf740> SLIPSTORE::COMM Connecting to tcp://dco-node142-10g:5106
1457785706570	<INFO 7f6b34cbf740> SLIPSTORE::COMM Connecting to tcp://dco-node143-10g:5124
1457785706574	<INFO 7f6b34cbf740> SLIPSTORE::COMM Connecting to tcp://dco-node144-10g:5142
1457785706577	<INFO 7f6b34cbf740> SLIPSTORE::COMM Connecting to tcp://dco-node137-10g:5004
1457785706581	<INFO 7f6b34cbf740> SLIPSTORE::COMM Connecting to tcp://dco-node138-10g:5022
1457785706586	<INFO 7f6b34cbf740> SLIPSTORE::COMM Connecting to tcp://dco-node139-10g:5040
1457785706590	<INFO 7f6b34cbf740> SLIPSTORE::COMM Connecting to tcp://dco-node140-10g:5058
1457785706594	<INFO 7f6b34cbf740> SLIPSTORE::COMM Connecting to ipc://server
1457785706598	<INFO 7f6b34cbf740> SLIPSTORE::COMM Connecting to tcp://dco-node142-10g:5094
1457785706602	<INFO 7f6b34cbf740> SLIPSTORE::COMM Connecting to tcp://dco-node143-10g:5112
1457785706606	<INFO 7f6b34cbf740> SLIPSTORE::COMM Connecting to tcp://dco-node144-10g:5130
1457785706609	<INFO 7f6b34cbf740> SLIPSTORE::COMM Connecting to tcp://dco-node142-10g:5107
1457785706613	<INFO 7f6b34cbf740> SLIPSTORE::COMM Listening at tcp://ens1f0:5089
1457785706617	<INFO 7f6b34cbf740> SLIPSTORE::COMM Connecting to tcp://dco-node141-10g:5088
1457785706620	<INFO 7f6b34cbf740> SLIPSTORE::HELP_POLICY NONE
1457785706624	<INFO 7f6b34cbf740> SLIPSTORE::SERVER ASYNC
1457785706628	<INFO 7f6b34cbf740> SLIPSTORE::MACHINES 8
1457785706632	<INFO 7f6b34cbf740> SLIPSTORE::ME 4
1457785706636	<INFO 7f6b34cbf740> SLIPSTORE::SLIPCHUNK 4194304
1457785706640	<INFO 7f6b34cbf740> SLIPSTORE::QUOTA 18446744073709551615
1457785706644	<INFO 7f6b34cbf740> SLIPSTORE::IO PAGECACHE
1457785706647	<INFO 7f4d167f9700> SLIPSTORE::COMM Listening at tcp://ens1f0:5088
1457785706651	<INFO 7f4d167f9700> SLIPSTORE::COMM Listening at tcp://ens1f0:5072
1457785706654	<INFO 7f4d167f9700> SLIPSTORE::COMM Connecting to tcp://dco-node137-10g:5012
1457785706658	<INFO 7f4d167f9700> SLIPSTORE::COMM Listening at tcp://ens1f0:5073
1457785706661	<INFO 7f4d167f9700> SLIPSTORE::COMM Connecting to tcp://dco-node138-10g:5030
1457785706665	<INFO 7f4d167f9700> SLIPSTORE::COMM Listening at tcp://ens1f0:5074
1457785706669	<INFO 7f4d167f9700> SLIPSTORE::COMM Connecting to tcp://dco-node139-10g:5048
1457785706673	<INFO 7f4d167f9700> SLIPSTORE::COMM Listening at tcp://ens1f0:5075
1457785706676	<INFO 7f4d167f9700> SLIPSTORE::COMM Connecting to tcp://dco-node140-10g:5066
1457785706680	<INFO 7f4d167f9700> SLIPSTORE::COMM Listening at ipc://server
1457785706685	<INFO 7f4d167f9700> SLIPSTORE::COMM Connecting to ipc://client
1457785706689	<INFO 7f4d167f9700> SLIPSTORE::COMM Listening at tcp://ens1f0:5077
1457785706692	<INFO 7f4d167f9700> SLIPSTORE::COMM Connecting to tcp://dco-node142-10g:5102
1457785706696	<INFO 7f4d167f9700> SLIPSTORE::COMM Listening at tcp://ens1f0:5078
1457785706700	<INFO 7f4d167f9700> SLIPSTORE::COMM Connecting to tcp://dco-node143-10g:5120
1457785706703	<INFO 7f4d167f9700> SLIPSTORE::COMM Listening at tcp://ens1f0:5079
1457785706707	<INFO 7f4d167f9700> SLIPSTORE::COMM Connecting to tcp://dco-node144-10g:5138
1457785707066	<INFO 7f6b34cbf740> SLIPSTORE::CHECKPOINTS NONE FOUND
1457786020900	<INFO 7f6b34cbf740> 2016-03-12 13:33:40 Completed init
1457786022638	<INFO 7f6b34cbf740> 2016-03-12 13:33:42 Started gather
1457786026119	<INFO 7f6b34cbf740> 2016-03-12 13:33:46 Completed gather
1457786026622	<INFO 7f6b34cbf740> 2016-03-12 13:33:46 Started scatter
1457786137847	<INFO 7f6b34cbf740> 2016-03-12 13:35:37 Completed scatter
1457786245504	<INFO 7f6b34cbf740> 2016-03-12 13:37:25 Completed phase 1 Bytes read 52933633516 Bytes written 27170263220
1457786245526	<INFO 7f6b34cbf740> 2016-03-12 13:37:25 Started gather
1457786249011	<INFO 7f6b34cbf740> 2016-03-12 13:37:29 Completed gather
1457786249396	<INFO 7f6b34cbf740> 2016-03-12 13:37:29 Started scatter
1457786442154	<INFO 7f6b34cbf740> 2016-03-12 13:40:42 Completed scatter
1457786651391	<INFO 7f6b34cbf740> 2016-03-12 13:44:11 Completed phase 2 Bytes read 80103896736 Bytes written 36701218444
1457786651414	<INFO 7f6b34cbf740> 2016-03-12 13:44:11 Started gather
1457786700927	<INFO 7f6b34cbf740> 2016-03-12 13:45:00 Completed gather
1457786750040	<INFO 7f6b34cbf740> 2016-03-12 13:45:50 Started scatter
1457786950043	<INFO 7f6b34cbf740> 2016-03-12 13:49:10 Completed scatter
1457787109768	<INFO 7f6b34cbf740> 2016-03-12 13:51:49 Completed phase 3 Bytes read 116261810788 Bytes written 45164263988
1457787109792	<INFO 7f6b34cbf740> 2016-03-12 13:51:49 Started gather
1457787154666	<INFO 7f6b34cbf740> 2016-03-12 13:52:34 Completed gather
1457787196302	<INFO 7f6b34cbf740> 2016-03-12 13:53:16 Started scatter
1457787310077	<INFO 7f6b34cbf740> 2016-03-12 13:55:10 Completed scatter
1457787412357	<INFO 7f6b34cbf740> 2016-03-12 13:56:52 Completed phase 4 Bytes read 151351815160 Bytes written 45741691076
1457787412380	<INFO 7f6b34cbf740> 2016-03-12 13:56:52 Started gather
1457787417259	<INFO 7f6b34cbf740> 2016-03-12 13:56:57 Completed gather
1457787419867	<INFO 7f6b34cbf740> 2016-03-12 13:56:59 Started scatter
1457787534650	<INFO 7f6b34cbf740> 2016-03-12 13:58:54 Completed scatter
1457787638169	<INFO 7f6b34cbf740> 2016-03-12 14:00:38 Completed phase 5 Bytes read 178556201076 Bytes written 46278668244
1457787638192	<INFO 7f6b34cbf740> 2016-03-12 14:00:38 Started gather
1457787641728	<INFO 7f6b34cbf740> 2016-03-12 14:00:41 Completed gather
1457787641884	<INFO 7f6b34cbf740> 2016-03-12 14:00:41 Started scatter
1457787757387	<INFO 7f6b34cbf740> 2016-03-12 14:02:37 Completed scatter
1457787857371	<INFO 7f6b34cbf740> 2016-03-12 14:04:17 Completed phase 6 Bytes read 205720137072 Bytes written 46815539452
1457787857392	<INFO 7f6b34cbf740> 2016-03-12 14:04:17 Started gather
1457787860563	<INFO 7f6b34cbf740> 2016-03-12 14:04:20 Completed gather
1457787860743	<INFO 7f6b34cbf740> 2016-03-12 14:04:20 Started scatter
1457787976341	<INFO 7f6b34cbf740> 2016-03-12 14:06:16 Completed scatter
1457788079065	<INFO 7f6b34cbf740> 2016-03-12 14:07:59 Completed phase 7 Bytes read 232883967108 Bytes written 47352410364
1457788079067	<INFO 7f6b34cbf740> ALGORITHM::BFS::VERTICES_DISCOVERED 33644774
1457788079070	<INFO 7f6b34cbf740> ALGORITHM::BFS::EDGES_EXPLORED 2381488094
1457788079073	<INFO 7f6b34cbf740> CORE::PARTITIONS_PROCESSED 211
1457788079075	<INFO 7f6b34cbf740> CORE::BYTES::EDGES_STREAMED 20097898440
1457788079077	<INFO 7f6b34cbf740> CORE::BYTES::UPDATES_OUT 1951707704
1457788079080	<INFO 7f6b34cbf740> CORE::BYTES::UPDATES_IN 1882943608
1457788079083	<INFO 7f4d0bfff700> CORE::PARTITIONS_PROCESSED 633
1457788079085	<INFO 7f4d0bfff700> CORE::BYTES::EDGES_STREAMED 24809130816
1457788079088	<INFO 7f4d0bfff700> CORE::BYTES::UPDATES_OUT 2333358456
1457788079090	<INFO 7f4d0bfff700> CORE::BYTES::UPDATES_IN 2382159824
1457788079093	<INFO 7f4d14ff6700> CORE::PARTITIONS_PROCESSED 467
1457788079095	<INFO 7f4d14ff6700> CORE::BYTES::EDGES_STREAMED 20352717000
1457788079098	<INFO 7f4d14ff6700> CORE::BYTES::UPDATES_OUT 1992151872
1457788079101	<INFO 7f4d14ff6700> CORE::BYTES::UPDATES_IN 1967460776
1457788079103	<INFO 7f4d157f7700> CORE::PARTITIONS_PROCESSED 464
1457788079106	<INFO 7f4d09ffb700> CORE::PARTITIONS_PROCESSED 692
1457788079109	<INFO 7f4d157f7700> CORE::BYTES::EDGES_STREAMED 22091247348
1457788079111	<INFO 7f4d0a7fc700> CORE::PARTITIONS_PROCESSED 571
1457788079114	<INFO 7f4d09ffb700> CORE::BYTES::EDGES_STREAMED 40933828332
1457788079117	<INFO 7f4d0a7fc700> CORE::BYTES::EDGES_STREAMED 24219374988
1457788079119	<INFO 7f4d157f7700> CORE::BYTES::UPDATES_OUT 2090531280
1457788079121	<INFO 7f4d0a7fc700> CORE::BYTES::UPDATES_OUT 2264034840
1457788079124	<INFO 7f4d0affd700> CORE::PARTITIONS_PROCESSED 571
1457788079127	<INFO 7f4d0a7fc700> CORE::BYTES::UPDATES_IN 2260870704
1457788079129	<INFO 7f4d157f7700> CORE::BYTES::UPDATES_IN 1915937168
1457788079132	<INFO 7f4d0b7fe700> CORE::PARTITIONS_PROCESSED 447
1457788079134	<INFO 7f4d09ffb700> CORE::BYTES::UPDATES_OUT 4044949088
1457788079137	<INFO 7f4d0affd700> CORE::BYTES::EDGES_STREAMED 23407187256
1457788079139	<INFO 7f4d0b7fe700> CORE::BYTES::EDGES_STREAMED 24135326376
1457788079141	<INFO 7f4d09ffb700> CORE::BYTES::UPDATES_IN 4271955208
1457788079143	<INFO 7f4d0affd700> CORE::BYTES::UPDATES_OUT 2091289720
1457788079146	<INFO 7f4d0b7fe700> CORE::BYTES::UPDATES_OUT 2283881792
1457788079149	<INFO 7f4d0affd700> CORE::BYTES::UPDATES_IN 2036414152
1457788079151	<INFO 7f4d0b7fe700> CORE::BYTES::UPDATES_IN 2334163312
1457788079154	<INFO 7f4d167f9700> SLIPSTORE service is exiting
1457788079157	<INFO 7f4d167f9700> SLIPSTORE::HELP_OFFERS_RECVD 98
1457788079159	<INFO 7f4d167f9700> SLIPSTORE::HELP_OFFERS_ACCEPTED 0
1457788079161	<INFO 7f4d167f9700> SLIPSTORE::HELP_ACCEPTANCE_RATIO 0
1457788079163	<INFO 7f4d167f9700> SLIPSTORE::SERVER_BUSY_DISK  1664.11 seconds
1457788079166	<INFO 7f4d167f9700> SLIPSTORE::SERVER_BUSY_MEM  0 seconds
1457788079168	<INFO 7f4d167f9700> SLIPSTORE::SERVER_TOTAL  2372.56 seconds
1457788079171	<INFO 7f6b34cbf740> SLIPSTORE::CLIENT::DISK_READ_TIME  1108.2 seconds
1457788079174	<INFO 7f6b34cbf740> SLIPSTORE::CLIENT::MEM_READ_TIME  0 seconds
1457788079176	<INFO 7f6b34cbf740> SLIPSTORE::CLIENT::DISK_BYTES_READ 253038922652
1457788079179	<INFO 7f6b34cbf740> SLIPSTORE::CLIENT::MEM_BYTES_READ 0
1457788079181	<INFO 7f6b34cbf740> SLIPSTORE::CLIENT::WRITE_TIME  287.599 seconds
1457788079184	<INFO 7f6b34cbf740> SLIPSTORE::CLIENT::BYTES_WRITTEN 4294967296
1457788079186	<INFO 7f6b34cbf740> SLIPSTORE::CLIENT_BUSY  1395.8 seconds
1457788079188	<INFO 7f6b34cbf740> SLIPSTORE::IO::TIME 1461.9 seconds
1457788079191	<INFO 7f6b34cbf740> SLIPSTORE::SNAP::TIME 0 seconds
1457788079194	<INFO 7f6b34cbf740> SLIPSTORE::MAX_DISK_USAGE_BYTES 35621043140
1457788079196	<INFO 7f6b34cbf740> CORE::RUSAGE::MAX_RSS_KB 125954844
1457788079198	<INFO 7f6b34cbf740> CORE::RUSAGE::MINFLT 34447227
1457788079201	<INFO 7f6b34cbf740> CORE::RUSAGE::MAJFLT 5
1457788079204	<INFO 7f6b34cbf740> CORE::RUSAGE::MAJFLT 5
1457788079207	<INFO 7f6b34cbf740> CORE::RUSAGE::INBLK 441032888
1457788079209	<INFO 7f6b34cbf740> CORE::RUSAGE::OUBLK 92500200
1457788079211	<INFO 7f6b34cbf740> CORE::UTILS::BYTES_READ 232883967108
1457788079214	<INFO 7f6b34cbf740> CORE::UTILS::BYTES_WRITTEN 47352410364
1457788079216	<INFO 7f6b34cbf740> CORE::UTILS::TILE_COPY_BYTES 7516192768
1457788079218	<INFO 7f6b34cbf740> CORE::TIME::IO_WAIT 1202.86 seconds
1457788079221	<INFO 7f6b34cbf740> CORE::TIME_TILE_COPY 0 seconds
1457788079223	<INFO 7f6b34cbf740> CORE::TIME_TILE_MERGE 0 seconds
1457788079226	<INFO 7f6b34cbf740> CORE::TIME_PROCESSING_STOLEN 0 seconds
1457788079228	<INFO 7f6b34cbf740> CORE::TIME_MERGE_WAIT 0 seconds
1457788079230	<INFO 7f6b34cbf740> CORE::TIME_ALL_MC_BARRIER 882.647 seconds
1457788079233	<INFO 7f6b34cbf740> CORE::PHASES 7
1457788079236	<INFO 7f6b34cbf740> CORE::TIME::SETUP 3.71495 seconds
1457788079238	<INFO 7f6b34cbf740> CORE::TIME::WALL 2375.72 seconds
1457788079240	<INFO 7f6b34cbf740> SHUTDOWN
