1463350049915	<INFO 7fa00862d780> 2016-05-16 00:07:29 STARTUP
1463350049917	<INFO 7fa00862d780> CORE::GRAPH rmat-28-und_s8
1463350049919	<INFO 7fa00862d780> CORE::ALGORITHM bfs
1463350049922	<INFO 7fa00862d780> CORE::VERTEX_STRIPING ON
1463350049924	<INFO 7fa00862d780> CORE::OPTIMIZED_STATE_LOAD_STORE OFF
1463350049926	<INFO 7fa00862d780> CORE::BINARY_SEARCH_SUPER_PARTITION ON
1463350049928	<INFO 7fa00862d780> CORE::SUPER_PARTITION_COMPUTED_FOR_EACH_SCATTER_GATHER_PHASE
1463350049931	<INFO 7fa00862d780> CORE::EDGE_STRIPING ON
1463350049933	<INFO 7fa00862d780> CORE::BATCH IO ON
1463350049935	<INFO 7fa00862d780> CORE::GRID_PARTITIONING OFF
1463350049937	<INFO 7fa00862d780> 2016-05-16 00:07:29 Blocking memory amount 126701535232
1463350157309	<INFO 7fa00862d780> 2016-05-16 00:09:17 Done blocking memory
1463350157311	<INFO 7fa00862d780> SG-DRIVER-ORIGINAL
1463350157314	<INFO 7fa00862d780> 2016-05-16 00:09:17 START read config parameters
1463350157316	<INFO 7fa00862d780> PARTITIONING::OLD 0
1463350157318	<INFO 7fa00862d780> PARTITIONING::BALANCED_PARTITIONS 0
1463350157320	<INFO 7fa00862d780> CORE::CONFIG::PROCESSORS 8
1463350157322	<INFO 7fa00862d780> CORE::CONFIG::PHYSICAL_MEMORY 2147483648
1463350157325	<INFO 7fa00862d780> CORE::CONFIG::VERTICES 268435456
1463350157327	<INFO 7fa00862d780> CORE::CONFIG::VERTEX_SIZE 8
1463350157329	<INFO 7fa00862d780> CORE::CONFIG::VERTEX_BUFFER 922066808
1463350157332	<INFO 7fa00862d780> CORE::CONFIG::EDGES 1073741824
1463350157334	<INFO 7fa00862d780> CORE::CONFIG::PARTITIONS 64
1463350157336	<INFO 7fa00862d780> CORE::CONFIG::FANOUT 64
1463350157339	<INFO 7fa00862d780> CORE::CONFIG::SUPER_PARTITIONS 8
1463350157341	<INFO 7fa00862d780> CORE::CONFIG::MACHINE_ID 0
1463350157343	<INFO 7fa00862d780> CORE::CONFIG::TILES 1
1463350157345	<INFO 7fa00862d780> CORE::CONFIG::BUFFER_SIZE 245082241
1463350157347	<INFO 7fa00862d780> CORE::CONFIG::MAX_BUFFERS 4
1463350157350	<INFO 7fa00862d780> CORE::CONFIG::MAX_STREAMS 4
1463350157352	<INFO 7fa00862d780> CORE::CONFIG::SUM_OF_OUT_DEGREES_FOR_NEW_PARTITIONS::FIRST_CONSTRAINT 0
1463350157354	<INFO 7fa00862d780> CORE::CONFIG::MAX_EDGES_PER_NEW_PARTITION::SECOND_CONSTRAINT 0
1463350157356	<INFO 7fa00862d780> SLIPSTREAM::EXT_MEM_SHUFFLE OFF
1463350157359	<INFO 7fa00862d780> 2016-05-16 00:09:17 END read config parameters
1463350159057	<WARNING 7fa00862d780> Unable to unlink file (stream.0.0.0):No such file or directory
1463350159060	<WARNING 7fa00862d780> Unable to unlink file (stream.0.1.0):No such file or directory
1463350159062	<WARNING 7fa00862d780> Unable to unlink file (stream.0.2.0):No such file or directory
1463350159064	<WARNING 7fa00862d780> Unable to unlink file (stream.0.3.0):No such file or directory
1463350159066	<WARNING 7fa00862d780> Unable to unlink file (stream.0.4.0):No such file or directory
1463350159069	<WARNING 7fa00862d780> Unable to unlink file (stream.0.5.0):No such file or directory
1463350159071	<WARNING 7fa00862d780> Unable to unlink file (stream.0.6.0):No such file or directory
1463350159073	<WARNING 7fa00862d780> Unable to unlink file (stream.0.7.0):No such file or directory
1463350159075	<WARNING 7fa00862d780> Unable to unlink file (stream.1.1.0):No such file or directory
1463350159078	<WARNING 7fa00862d780> Unable to unlink file (stream.1.2.0):No such file or directory
1463350159080	<WARNING 7fa00862d780> Unable to unlink file (stream.1.3.0):No such file or directory
1463350159082	<WARNING 7fa00862d780> Unable to unlink file (stream.1.4.0):No such file or directory
1463350159084	<WARNING 7fa00862d780> Unable to unlink file (stream.1.5.0):No such file or directory
1463350159086	<WARNING 7fa00862d780> Unable to unlink file (stream.1.6.0):No such file or directory
1463350159088	<WARNING 7fa00862d780> Unable to unlink file (stream.1.7.0):No such file or directory
1463350159091	<WARNING 7fa00862d780> Unable to unlink file (stream.2.0.0):No such file or directory
1463350159093	<WARNING 7fa00862d780> Unable to unlink file (stream.2.1.0):No such file or directory
1463350159095	<WARNING 7fa00862d780> Unable to unlink file (stream.2.2.0):No such file or directory
1463350159097	<WARNING 7fa00862d780> Unable to unlink file (stream.2.3.0):No such file or directory
1463350159099	<WARNING 7fa00862d780> Unable to unlink file (stream.2.4.0):No such file or directory
1463350159101	<WARNING 7fa00862d780> Unable to unlink file (stream.2.5.0):No such file or directory
1463350159103	<WARNING 7fa00862d780> Unable to unlink file (stream.2.6.0):No such file or directory
1463350159105	<WARNING 7fa00862d780> Unable to unlink file (stream.2.7.0):No such file or directory
1463350159108	<WARNING 7fa00862d780> Unable to unlink file (stream.3.0.0):No such file or directory
1463350159110	<WARNING 7fa00862d780> Unable to unlink file (stream.3.1.0):No such file or directory
1463350159113	<WARNING 7fa00862d780> Unable to unlink file (stream.3.2.0):No such file or directory
1463350159115	<WARNING 7fa00862d780> Unable to unlink file (stream.3.3.0):No such file or directory
1463350159117	<WARNING 7fa00862d780> Unable to unlink file (stream.3.4.0):No such file or directory
1463350159119	<WARNING 7fa00862d780> Unable to unlink file (stream.3.5.0):No such file or directory
1463350159121	<WARNING 7fa00862d780> Unable to unlink file (stream.3.6.0):No such file or directory
1463350159123	<WARNING 7fa00862d780> Unable to unlink file (stream.3.7.0):No such file or directory
1463350159125	<INFO 7fa00862d780> SLIPSTORE::ZMQ_THREADS 2
1463350159128	<INFO 7fa00862d780> SLIPSTORE::COMM Connecting to tcp://dco-node137-10g:5016
1463350159130	<INFO 7fa00862d780> SLIPSTORE::COMM Connecting to tcp://dco-node138-10g:5034
1463350159132	<INFO 7fa00862d780> SLIPSTORE::COMM Connecting to tcp://dco-node139-10g:5052
1463350159134	<INFO 7fa00862d780> SLIPSTORE::COMM Connecting to tcp://dco-node140-10g:5070
1463350159136	<INFO 7fa00862d780> SLIPSTORE::COMM Connecting to tcp://dco-node141-10g:5088
1463350159138	<INFO 7fa00862d780> SLIPSTORE::COMM Connecting to tcp://dco-node142-10g:5106
1463350159140	<INFO 7fa00862d780> SLIPSTORE::COMM Connecting to tcp://dco-node143-10g:5124
1463350159143	<INFO 7fa00862d780> SLIPSTORE::COMM Connecting to tcp://dco-node144-10g:5142
1463350159145	<INFO 7fa00862d780> SLIPSTORE::COMM Listening at ipc://client
1463350159147	<INFO 7fa00862d780> SLIPSTORE::COMM Listening at tcp://p1p1:5009
1463350159149	<INFO 7fa00862d780> SLIPSTORE::COMM Listening at tcp://p1p1:5010
1463350159151	<INFO 7fa00862d780> SLIPSTORE::COMM Listening at tcp://p1p1:5011
1463350159153	<INFO 7fa00862d780> SLIPSTORE::COMM Listening at tcp://p1p1:5012
1463350159156	<INFO 7fa00862d780> SLIPSTORE::COMM Listening at tcp://p1p1:5013
1463350159158	<INFO 7fa00862d780> SLIPSTORE::COMM Listening at tcp://p1p1:5014
1463350159160	<INFO 7fa00862d780> SLIPSTORE::COMM Listening at tcp://p1p1:5015
1463350159162	<INFO 7fa00862d780> SLIPSTORE::COMM Connecting to tcp://dco-node137-10g:5016
1463350159164	<INFO 7fa00862d780> SLIPSTORE::COMM Connecting to tcp://dco-node138-10g:5034
1463350159166	<INFO 7fa00862d780> SLIPSTORE::COMM Connecting to tcp://dco-node139-10g:5052
1463350159171	<INFO 7fa00862d780> SLIPSTORE::COMM Connecting to tcp://dco-node140-10g:5070
1463350159173	<INFO 7fa00862d780> SLIPSTORE::COMM Connecting to tcp://dco-node141-10g:5088
1463350159176	<INFO 7fa00862d780> SLIPSTORE::COMM Connecting to tcp://dco-node142-10g:5106
1463350159178	<INFO 7fa00862d780> SLIPSTORE::COMM Connecting to tcp://dco-node143-10g:5124
1463350159180	<INFO 7fa00862d780> SLIPSTORE::COMM Connecting to tcp://dco-node144-10g:5142
1463350159182	<INFO 7fa00862d780> SLIPSTORE::COMM Connecting to ipc://server
1463350159184	<INFO 7fa00862d780> SLIPSTORE::COMM Connecting to tcp://dco-node138-10g:5018
1463350159186	<INFO 7fa00862d780> SLIPSTORE::COMM Connecting to tcp://dco-node139-10g:5036
1463350159188	<INFO 7fa00862d780> SLIPSTORE::COMM Connecting to tcp://dco-node140-10g:5054
1463350159190	<INFO 7fa00862d780> SLIPSTORE::COMM Connecting to tcp://dco-node141-10g:5072
1463350159192	<INFO 7fa00862d780> SLIPSTORE::COMM Connecting to tcp://dco-node142-10g:5090
1463350159195	<INFO 7fa00862d780> SLIPSTORE::COMM Connecting to tcp://dco-node143-10g:5108
1463350159197	<INFO 7fa00862d780> SLIPSTORE::COMM Connecting to tcp://dco-node144-10g:5126
1463350159199	<INFO 7fa00862d780> SLIPSTORE::COMM Connecting to tcp://dco-node138-10g:5035
1463350159201	<INFO 7fa00862d780> SLIPSTORE::COMM Listening at tcp://p1p1:5017
1463350159203	<INFO 7fa00862d780> SLIPSTORE::COMM Connecting to tcp://dco-node137-10g:5016
1463350159206	<INFO 7fa00862d780> SLIPSTORE::HELP_POLICY NONE
1463350159208	<INFO 7fa00862d780> SLIPSTORE::SERVER ASYNC
1463350159210	<INFO 7fa00862d780> SLIPSTORE::MACHINES 8
1463350159212	<INFO 7fa00862d780> SLIPSTORE::ME 0
1463350159214	<INFO 7fa00862d780> SLIPSTORE::SLIPCHUNK 4194304
1463350159217	<INFO 7fa00862d780> SLIPSTORE::QUOTA 18446744073709551615
1463350159219	<INFO 7fa00862d780> SLIPSTORE::IO PAGECACHE
1463350159221	<INFO 7f81eaffb700> SLIPSTORE::COMM Listening at tcp://p1p1:5016
1463350159223	<INFO 7f81eaffb700> SLIPSTORE::COMM Listening at ipc://server
1463350159226	<INFO 7f81eaffb700> SLIPSTORE::COMM Connecting to ipc://client
1463350159228	<INFO 7f81eaffb700> SLIPSTORE::COMM Listening at tcp://p1p1:5001
1463350159231	<INFO 7f81eaffb700> SLIPSTORE::COMM Connecting to tcp://dco-node138-10g:5026
1463350159233	<INFO 7f81eaffb700> SLIPSTORE::COMM Listening at tcp://p1p1:5002
1463350159236	<INFO 7f81eaffb700> SLIPSTORE::COMM Connecting to tcp://dco-node139-10g:5044
1463350159238	<INFO 7f81eaffb700> SLIPSTORE::COMM Listening at tcp://p1p1:5003
1463350159241	<INFO 7f81eaffb700> SLIPSTORE::COMM Connecting to tcp://dco-node140-10g:5062
1463350159243	<INFO 7f81eaffb700> SLIPSTORE::COMM Listening at tcp://p1p1:5004
1463350159246	<INFO 7f81eaffb700> SLIPSTORE::COMM Connecting to tcp://dco-node141-10g:5080
1463350159248	<INFO 7f81eaffb700> SLIPSTORE::COMM Listening at tcp://p1p1:5005
1463350159250	<INFO 7f81eaffb700> SLIPSTORE::COMM Connecting to tcp://dco-node142-10g:5098
1463350159253	<INFO 7f81eaffb700> SLIPSTORE::COMM Listening at tcp://p1p1:5006
1463350159255	<INFO 7f81eaffb700> SLIPSTORE::COMM Connecting to tcp://dco-node143-10g:5116
1463350159258	<INFO 7f81eaffb700> SLIPSTORE::COMM Listening at tcp://p1p1:5007
1463350159261	<INFO 7f81eaffb700> SLIPSTORE::COMM Connecting to tcp://dco-node144-10g:5134
1463350160305	<INFO 7fa00862d780> SLIPSTORE::CHECKPOINTS NONE FOUND
1463350160307	<INFO 7fa00862d780> 2016-05-16 00:09:20 Start edge split
1463350323521	<INFO 7fa00862d780> 2016-05-16 00:12:03 Completed init
1463350324977	<INFO 7fa00862d780> 2016-05-16 00:12:04 Started gather
1463350325071	<INFO 7fa00862d780> 2016-05-16 00:12:05 Completed gather
1463350330018	<INFO 7fa00862d780> 2016-05-16 00:12:10 Started scatter
1463350393704	<INFO 7fa00862d780> 2016-05-16 00:13:13 Completed scatter
1463350397891	<INFO 7fa00862d780> 2016-05-16 00:13:17 Completed phase 1 Bytes read 26049814376 Bytes written 13168874736
1463350397910	<INFO 7fa00862d780> 2016-05-16 00:13:17 Started gather
1463350398021	<INFO 7fa00862d780> 2016-05-16 00:13:18 Completed gather
1463350403890	<INFO 7fa00862d780> 2016-05-16 00:13:23 Started scatter
1463350510713	<INFO 7fa00862d780> 2016-05-16 00:15:10 Completed scatter
1463350514385	<INFO 7fa00862d780> 2016-05-16 00:15:14 Completed phase 2 Bytes read 39218689112 Bytes written 18290607328
1463350514405	<INFO 7fa00862d780> 2016-05-16 00:15:14 Started gather
1463350535853	<INFO 7fa00862d780> 2016-05-16 00:15:35 Completed gather
1463350557170	<INFO 7fa00862d780> 2016-05-16 00:15:57 Started scatter
1463350636468	<INFO 7fa00862d780> 2016-05-16 00:17:16 Completed scatter
1463350665316	<INFO 7fa00862d780> 2016-05-16 00:17:45 Completed phase 3 Bytes read 57237432928 Bytes written 22472079048
1463350665339	<INFO 7fa00862d780> 2016-05-16 00:17:45 Started gather
1463350680242	<INFO 7fa00862d780> 2016-05-16 00:18:00 Completed gather
1463350700044	<INFO 7fa00862d780> 2016-05-16 00:18:20 Started scatter
1463350761964	<INFO 7fa00862d780> 2016-05-16 00:19:21 Completed scatter
1463350768467	<INFO 7fa00862d780> 2016-05-16 00:19:28 Completed phase 4 Bytes read 74315915872 Bytes written 22761023792
1463350768487	<INFO 7fa00862d780> 2016-05-16 00:19:28 Started gather
1463350768591	<INFO 7fa00862d780> 2016-05-16 00:19:28 Completed gather
1463350773867	<INFO 7fa00862d780> 2016-05-16 00:19:33 Started scatter
1463350831215	<INFO 7fa00862d780> 2016-05-16 00:20:31 Completed scatter
1463350841740	<INFO 7fa00862d780> 2016-05-16 00:20:41 Completed phase 5 Bytes read 87501871840 Bytes written 23028978432
1463350841763	<INFO 7fa00862d780> 2016-05-16 00:20:41 Started gather
1463350841853	<INFO 7fa00862d780> 2016-05-16 00:20:41 Completed gather
1463350846684	<INFO 7fa00862d780> 2016-05-16 00:20:46 Started scatter
1463350904111	<INFO 7fa00862d780> 2016-05-16 00:21:44 Completed scatter
1463350914613	<INFO 7fa00862d780> 2016-05-16 00:21:54 Completed phase 6 Bytes read 100666837704 Bytes written 23296879768
1463350914633	<INFO 7fa00862d780> 2016-05-16 00:21:54 Started gather
1463350914723	<INFO 7fa00862d780> 2016-05-16 00:21:54 Completed gather
1463350920908	<INFO 7fa00862d780> 2016-05-16 00:22:00 Started scatter
1463350978326	<INFO 7fa00862d780> 2016-05-16 00:22:58 Completed scatter
1463350988504	<INFO 7fa00862d780> 2016-05-16 00:23:08 Completed phase 7 Bytes read 113831750264 Bytes written 23564781032
1463350988507	<INFO 7fa00862d780> ALGORITHM::BFS::VERTICES_DISCOVERED 1104761
1463350988509	<INFO 7fa00862d780> ALGORITHM::BFS::EDGES_EXPLORED 1095385725
1463350988513	<INFO 7fa00862d780> CORE::PARTITIONS_PROCESSED 133
1463350988515	<INFO 7fa00862d780> CORE::BYTES::EDGES_STREAMED 11101326648
1463350988517	<INFO 7fa00862d780> CORE::BYTES::UPDATES_OUT 1072294584
1463350988519	<INFO 7fa00862d780> CORE::BYTES::UPDATES_IN 823047888
1463350988522	<INFO 7f81de7fc700> CORE::PARTITIONS_PROCESSED 430
1463350988524	<INFO 7f81de7fc700> CORE::BYTES::EDGES_STREAMED 13211486628
1463350988526	<INFO 7f81de7fc700> CORE::BYTES::UPDATES_OUT 1242684928
1463350988529	<INFO 7f81de7fc700> CORE::BYTES::UPDATES_IN 1545186064
1463350988531	<INFO 7f81deffd700> CORE::PARTITIONS_PROCESSED 360
1463350988533	<INFO 7f81deffd700> CORE::BYTES::EDGES_STREAMED 13124370576
1463350988535	<INFO 7f81deffd700> CORE::BYTES::UPDATES_OUT 1200671016
1463350988538	<INFO 7f81deffd700> CORE::BYTES::UPDATES_IN 1098931432
1463350988540	<INFO 7f81e8ff7700> CORE::PARTITIONS_PROCESSED 396
1463350988542	<INFO 7f81e9ff9700> CORE::PARTITIONS_PROCESSED 293
1463350988544	<INFO 7f81dffff700> CORE::PARTITIONS_PROCESSED 279
1463350988548	<INFO 7f81e8ff7700> CORE::BYTES::EDGES_STREAMED 11157614784
1463350988550	<INFO 7f81e8ff7700> CORE::BYTES::UPDATES_OUT 1030627552
1463350988552	<INFO 7f81df7fe700> CORE::PARTITIONS_PROCESSED 361
1463350988554	<INFO 7f81e8ff7700> CORE::BYTES::UPDATES_IN 1160953504
1463350988556	<INFO 7f81df7fe700> CORE::BYTES::EDGES_STREAMED 12761733276
1463350988559	<INFO 7f81e97f8700> CORE::PARTITIONS_PROCESSED 296
1463350988561	<INFO 7f81dffff700> CORE::BYTES::EDGES_STREAMED 10914562260
1463350988563	<INFO 7f81df7fe700> CORE::BYTES::UPDATES_OUT 1282931656
1463350988565	<INFO 7f81df7fe700> CORE::BYTES::UPDATES_IN 1123372176
1463350988568	<INFO 7f81dffff700> CORE::BYTES::UPDATES_OUT 1085683360
1463350988570	<INFO 7f81dffff700> CORE::BYTES::UPDATES_IN 1091722312
1463350988572	<INFO 7f81e97f8700> CORE::BYTES::EDGES_STREAMED 9821730888
1463350988574	<INFO 7f81e9ff9700> CORE::BYTES::EDGES_STREAMED 9919588104
1463350988576	<INFO 7f81e97f8700> CORE::BYTES::UPDATES_OUT 920927712
1463350988579	<INFO 7f81e9ff9700> CORE::BYTES::UPDATES_OUT 927264992
1463350988581	<INFO 7f81e97f8700> CORE::BYTES::UPDATES_IN 960930448
1463350988583	<INFO 7f81e9ff9700> CORE::BYTES::UPDATES_IN 958941976
1463350988585	<INFO 7f81eaffb700> SLIPSTORE service is exiting
1463350988588	<INFO 7f81eaffb700> SLIPSTORE::HELP_OFFERS_RECVD 98
1463350988590	<INFO 7f81eaffb700> SLIPSTORE::HELP_OFFERS_ACCEPTED 0
1463350988592	<INFO 7f81eaffb700> SLIPSTORE::HELP_ACCEPTANCE_RATIO 0
1463350988594	<INFO 7f81eaffb700> SLIPSTORE::SERVER_BUSY_DISK  711.67 seconds
1463350988597	<INFO 7f81eaffb700> SLIPSTORE::SERVER_BUSY_MEM  0 seconds
1463350988599	<INFO 7f81eaffb700> SLIPSTORE::SERVER_TOTAL  829.416 seconds
1463350988601	<INFO 7fa00862d780> SLIPSTORE::CLIENT::DISK_READ_TIME  536.961 seconds
1463350988603	<INFO 7fa00862d780> SLIPSTORE::CLIENT::MEM_READ_TIME  0 seconds
1463350988606	<INFO 7fa00862d780> SLIPSTORE::CLIENT::DISK_BYTES_READ 113842960020
1463350988608	<INFO 7fa00862d780> SLIPSTORE::CLIENT::MEM_BYTES_READ 0
1463350988610	<INFO 7fa00862d780> SLIPSTORE::CLIENT::WRITE_TIME  149.419 seconds
1463350988613	<INFO 7fa00862d780> SLIPSTORE::CLIENT::BYTES_WRITTEN 75565632
1463350988615	<INFO 7fa00862d780> SLIPSTORE::CLIENT_BUSY  686.38 seconds
1463350988618	<INFO 7fa00862d780> SLIPSTORE::IO::TIME 574.492 seconds
1463350988620	<INFO 7fa00862d780> SLIPSTORE::SNAP::TIME 0 seconds
1463350988622	<INFO 7fa00862d780> SLIPSTORE::MAX_DISK_USAGE_BYTES 17750842552
1463350988624	<INFO 7fa00862d780> CORE::RUSAGE::MAX_RSS_KB 125942508
1463350988627	<INFO 7fa00862d780> CORE::RUSAGE::MINFLT 56071712
1463350988629	<INFO 7fa00862d780> CORE::RUSAGE::MAJFLT 3
1463350988632	<INFO 7fa00862d780> CORE::RUSAGE::MAJFLT 3
1463350988634	<INFO 7fa00862d780> CORE::RUSAGE::INBLK 213543688
1463350988636	<INFO 7fa00862d780> CORE::RUSAGE::OUBLK 46030616
1463350988638	<INFO 7fa00862d780> CORE::UTILS::BYTES_READ 113831750264
1463350988641	<INFO 7fa00862d780> CORE::UTILS::BYTES_WRITTEN 23564781032
1463350988643	<INFO 7fa00862d780> CORE::UTILS::TILE_COPY_BYTES 132239856
1463350988646	<INFO 7fa00862d780> CORE::TIME::IO_WAIT 528.313 seconds
1463350988648	<INFO 7fa00862d780> CORE::TIME_TILE_COPY 0 seconds
1463350988651	<INFO 7fa00862d780> CORE::TIME_TILE_MERGE 0 seconds
1463350988653	<INFO 7fa00862d780> CORE::TIME_PROCESSING_STOLEN 0 seconds
1463350988655	<INFO 7fa00862d780> CORE::TIME_MERGE_WAIT 0 seconds
1463350988658	<INFO 7fa00862d780> CORE::OTHER_TIME_ALL_MC_BARRIER 0 seconds
1463350988661	<INFO 7fa00862d780> CORE::SCATTER_TIME_ALL_MC_BARRIER 71.5411 seconds
1463350988663	<INFO 7fa00862d780> CORE::GATHER_TIME_ALL_MC_BARRIER 0.018302 seconds
1463350988666	<INFO 7fa00862d780> CORE::INIT_TIME_ALL_MC_BARRIER 1.60352 seconds
1463350988668	<INFO 7fa00862d780> CORE::SHUT_DOWN_TIME_ALL_MC_BARRIER 0.003514 seconds
1463350988670	<INFO 7fa00862d780> CORE::STREAM_SKIP_BEFORE_TIME_ALL_MC_BARRIER 1.44014 seconds
1463350988673	<INFO 7fa00862d780> CORE::TAKE_CHECKPOINT_BEFORE_TIME_ALL_MC_BARRIER 0 seconds
1463350988675	<INFO 7fa00862d780> CORE::TAKE_CHECKPOINT_COMPLETE_TIME_ALL_MC_BARRIER 0 seconds
1463350988678	<INFO 7fa00862d780> CORE::METADATA_WRITE_COMPLETE_TIME_ALL_MC_BARRIER 0 seconds
1463350988680	<INFO 7fa00862d780> CORE::STREAM_EOF_BEFORE_TIME_ALL_MC_BARRIER 0 seconds
1463350988683	<INFO 7fa00862d780> CORE::STREAM_EOF_AFTER_TIME_ALL_MC_BARRIER 0 seconds
1463350988685	<INFO 7fa00862d780> CORE::STATE_LOAD_TIME_ALL_MC_BARRIER 0 seconds
1463350988687	<INFO 7fa00862d780> CORE::STATE_STORE_TIME_ALL_MC_BARRIER 0 seconds
1463350988690	<INFO 7fa00862d780> CORE::PHASES 7
1463350988692	<INFO 7fa00862d780> CORE::TIME::SETUP 3.00199 seconds
1463350988695	<INFO 7fa00862d780> CORE::TIME::INIT_PARTITIONS_TIME 163.217 seconds
1463350988697	<INFO 7fa00862d780> CORE::TIME::STATE_ITER 0.01983 seconds
1463350988699	<INFO 7fa00862d780> CORE::TIME::GATHER 106.476 seconds
1463350988701	<INFO 7fa00862d780> CORE::TIME::SCATTER 558.226 seconds
1463350988704	<INFO 7fa00862d780> CORE::TIME::WALL 831.205 seconds
1463350988707	<INFO 7fa00862d780> SHUTDOWN
