1463350050090	<INFO 7f125a144780> 2016-05-16 00:07:30 STARTUP
1463350050092	<INFO 7f125a144780> CORE::GRAPH rmat-28-und_s8
1463350050094	<INFO 7f125a144780> CORE::ALGORITHM bfs
1463350050097	<INFO 7f125a144780> CORE::VERTEX_STRIPING ON
1463350050099	<INFO 7f125a144780> CORE::OPTIMIZED_STATE_LOAD_STORE OFF
1463350050101	<INFO 7f125a144780> CORE::BINARY_SEARCH_SUPER_PARTITION ON
1463350050104	<INFO 7f125a144780> CORE::SUPER_PARTITION_COMPUTED_FOR_EACH_SCATTER_GATHER_PHASE
1463350050106	<INFO 7f125a144780> CORE::EDGE_STRIPING ON
1463350050108	<INFO 7f125a144780> CORE::BATCH IO ON
1463350050110	<INFO 7f125a144780> CORE::GRID_PARTITIONING OFF
1463350050113	<INFO 7f125a144780> 2016-05-16 00:07:30 Blocking memory amount 126701535232
1463350156865	<INFO 7f125a144780> 2016-05-16 00:09:16 Done blocking memory
1463350156867	<INFO 7f125a144780> SG-DRIVER-ORIGINAL
1463350156870	<INFO 7f125a144780> 2016-05-16 00:09:16 START read config parameters
1463350156872	<INFO 7f125a144780> PARTITIONING::OLD 0
1463350156874	<INFO 7f125a144780> PARTITIONING::BALANCED_PARTITIONS 0
1463350156876	<INFO 7f125a144780> CORE::CONFIG::PROCESSORS 8
1463350156878	<INFO 7f125a144780> CORE::CONFIG::PHYSICAL_MEMORY 2147483648
1463350156881	<INFO 7f125a144780> CORE::CONFIG::VERTICES 268435456
1463350156883	<INFO 7f125a144780> CORE::CONFIG::VERTEX_SIZE 8
1463350156885	<INFO 7f125a144780> CORE::CONFIG::VERTEX_BUFFER 922066808
1463350156887	<INFO 7f125a144780> CORE::CONFIG::EDGES 1073741824
1463350156889	<INFO 7f125a144780> CORE::CONFIG::PARTITIONS 64
1463350156892	<INFO 7f125a144780> CORE::CONFIG::FANOUT 64
1463350156894	<INFO 7f125a144780> CORE::CONFIG::SUPER_PARTITIONS 8
1463350156896	<INFO 7f125a144780> CORE::CONFIG::MACHINE_ID 4
1463350156898	<INFO 7f125a144780> CORE::CONFIG::TILES 1
1463350156901	<INFO 7f125a144780> CORE::CONFIG::BUFFER_SIZE 245082241
1463350156903	<INFO 7f125a144780> CORE::CONFIG::MAX_BUFFERS 4
1463350156905	<INFO 7f125a144780> CORE::CONFIG::MAX_STREAMS 4
1463350156907	<INFO 7f125a144780> CORE::CONFIG::SUM_OF_OUT_DEGREES_FOR_NEW_PARTITIONS::FIRST_CONSTRAINT 0
1463350156910	<INFO 7f125a144780> CORE::CONFIG::MAX_EDGES_PER_NEW_PARTITION::SECOND_CONSTRAINT 0
1463350156912	<INFO 7f125a144780> SLIPSTREAM::EXT_MEM_SHUFFLE OFF
1463350156914	<INFO 7f125a144780> 2016-05-16 00:09:16 END read config parameters
1463350158605	<WARNING 7f125a144780> Unable to unlink file (stream.0.0.0):No such file or directory
1463350158607	<WARNING 7f125a144780> Unable to unlink file (stream.0.1.0):No such file or directory
1463350158610	<WARNING 7f125a144780> Unable to unlink file (stream.0.2.0):No such file or directory
1463350158612	<WARNING 7f125a144780> Unable to unlink file (stream.0.3.0):No such file or directory
1463350158614	<WARNING 7f125a144780> Unable to unlink file (stream.0.4.0):No such file or directory
1463350158617	<WARNING 7f125a144780> Unable to unlink file (stream.0.5.0):No such file or directory
1463350158619	<WARNING 7f125a144780> Unable to unlink file (stream.0.6.0):No such file or directory
1463350158621	<WARNING 7f125a144780> Unable to unlink file (stream.0.7.0):No such file or directory
1463350158624	<WARNING 7f125a144780> Unable to unlink file (stream.1.1.0):No such file or directory
1463350158626	<WARNING 7f125a144780> Unable to unlink file (stream.1.2.0):No such file or directory
1463350158628	<WARNING 7f125a144780> Unable to unlink file (stream.1.3.0):No such file or directory
1463350158631	<WARNING 7f125a144780> Unable to unlink file (stream.1.4.0):No such file or directory
1463350158633	<WARNING 7f125a144780> Unable to unlink file (stream.1.5.0):No such file or directory
1463350158638	<WARNING 7f125a144780> Unable to unlink file (stream.1.6.0):No such file or directory
1463350158641	<WARNING 7f125a144780> Unable to unlink file (stream.1.7.0):No such file or directory
1463350158644	<WARNING 7f125a144780> Unable to unlink file (stream.2.0.0):No such file or directory
1463350158646	<WARNING 7f125a144780> Unable to unlink file (stream.2.1.0):No such file or directory
1463350158650	<WARNING 7f125a144780> Unable to unlink file (stream.2.2.0):No such file or directory
1463350158653	<WARNING 7f125a144780> Unable to unlink file (stream.2.3.0):No such file or directory
1463350158655	<WARNING 7f125a144780> Unable to unlink file (stream.2.4.0):No such file or directory
1463350158657	<WARNING 7f125a144780> Unable to unlink file (stream.2.5.0):No such file or directory
1463350158659	<WARNING 7f125a144780> Unable to unlink file (stream.2.6.0):No such file or directory
1463350158662	<WARNING 7f125a144780> Unable to unlink file (stream.2.7.0):No such file or directory
1463350158664	<WARNING 7f125a144780> Unable to unlink file (stream.3.0.0):No such file or directory
1463350158666	<WARNING 7f125a144780> Unable to unlink file (stream.3.1.0):No such file or directory
1463350158669	<WARNING 7f125a144780> Unable to unlink file (stream.3.2.0):No such file or directory
1463350158671	<WARNING 7f125a144780> Unable to unlink file (stream.3.3.0):No such file or directory
1463350158673	<WARNING 7f125a144780> Unable to unlink file (stream.3.4.0):No such file or directory
1463350158676	<WARNING 7f125a144780> Unable to unlink file (stream.3.5.0):No such file or directory
1463350158678	<WARNING 7f125a144780> Unable to unlink file (stream.3.6.0):No such file or directory
1463350158680	<WARNING 7f125a144780> Unable to unlink file (stream.3.7.0):No such file or directory
1463350158683	<INFO 7f125a144780> SLIPSTORE::ZMQ_THREADS 2
1463350158685	<INFO 7f125a144780> SLIPSTORE::COMM Connecting to tcp://dco-node137-10g:5016
1463350158687	<INFO 7f125a144780> SLIPSTORE::COMM Connecting to tcp://dco-node138-10g:5034
1463350158690	<INFO 7f125a144780> SLIPSTORE::COMM Connecting to tcp://dco-node139-10g:5052
1463350158692	<INFO 7f125a144780> SLIPSTORE::COMM Connecting to tcp://dco-node140-10g:5070
1463350158695	<INFO 7f125a144780> SLIPSTORE::COMM Connecting to tcp://dco-node141-10g:5088
1463350158697	<INFO 7f125a144780> SLIPSTORE::COMM Connecting to tcp://dco-node142-10g:5106
1463350158699	<INFO 7f125a144780> SLIPSTORE::COMM Connecting to tcp://dco-node143-10g:5124
1463350158702	<INFO 7f125a144780> SLIPSTORE::COMM Connecting to tcp://dco-node144-10g:5142
1463350158705	<INFO 7f125a144780> SLIPSTORE::COMM Listening at tcp://p1p1:5080
1463350158707	<INFO 7f125a144780> SLIPSTORE::COMM Listening at tcp://p1p1:5081
1463350158709	<INFO 7f125a144780> SLIPSTORE::COMM Listening at tcp://p1p1:5082
1463350158712	<INFO 7f125a144780> SLIPSTORE::COMM Listening at tcp://p1p1:5083
1463350158714	<INFO 7f125a144780> SLIPSTORE::COMM Listening at ipc://client
1463350158716	<INFO 7f125a144780> SLIPSTORE::COMM Listening at tcp://p1p1:5085
1463350158718	<INFO 7f125a144780> SLIPSTORE::COMM Listening at tcp://p1p1:5086
1463350158721	<INFO 7f125a144780> SLIPSTORE::COMM Listening at tcp://p1p1:5087
1463350158724	<INFO 7f125a144780> SLIPSTORE::COMM Connecting to tcp://dco-node137-10g:5016
1463350158726	<INFO 7f125a144780> SLIPSTORE::COMM Connecting to tcp://dco-node138-10g:5034
1463350158729	<INFO 7f125a144780> SLIPSTORE::COMM Connecting to tcp://dco-node139-10g:5052
1463350158731	<INFO 7f125a144780> SLIPSTORE::COMM Connecting to tcp://dco-node140-10g:5070
1463350158734	<INFO 7f125a144780> SLIPSTORE::COMM Connecting to tcp://dco-node141-10g:5088
1463350158736	<INFO 7f125a144780> SLIPSTORE::COMM Connecting to tcp://dco-node142-10g:5106
1463350158739	<INFO 7f125a144780> SLIPSTORE::COMM Connecting to tcp://dco-node143-10g:5124
1463350158741	<INFO 7f125a144780> SLIPSTORE::COMM Connecting to tcp://dco-node144-10g:5142
1463350158743	<INFO 7f125a144780> SLIPSTORE::COMM Connecting to tcp://dco-node137-10g:5004
1463350158745	<INFO 7f125a144780> SLIPSTORE::COMM Connecting to tcp://dco-node138-10g:5022
1463350158748	<INFO 7f125a144780> SLIPSTORE::COMM Connecting to tcp://dco-node139-10g:5040
1463350158750	<INFO 7f125a144780> SLIPSTORE::COMM Connecting to tcp://dco-node140-10g:5058
1463350158752	<INFO 7f125a144780> SLIPSTORE::COMM Connecting to ipc://server
1463350158755	<INFO 7f125a144780> SLIPSTORE::COMM Connecting to tcp://dco-node142-10g:5094
1463350158757	<INFO 7f125a144780> SLIPSTORE::COMM Connecting to tcp://dco-node143-10g:5112
1463350158759	<INFO 7f125a144780> SLIPSTORE::COMM Connecting to tcp://dco-node144-10g:5130
1463350158762	<INFO 7f125a144780> SLIPSTORE::COMM Connecting to tcp://dco-node142-10g:5107
1463350158765	<INFO 7f125a144780> SLIPSTORE::COMM Listening at tcp://p1p1:5089
1463350158768	<INFO 7f125a144780> SLIPSTORE::COMM Connecting to tcp://dco-node141-10g:5088
1463350158770	<INFO 7f125a144780> SLIPSTORE::HELP_POLICY NONE
1463350158772	<INFO 7f125a144780> SLIPSTORE::SERVER ASYNC
1463350158774	<INFO 7f125a144780> SLIPSTORE::MACHINES 8
1463350158777	<INFO 7f125a144780> SLIPSTORE::ME 4
1463350158779	<INFO 7f125a144780> SLIPSTORE::SLIPCHUNK 4194304
1463350158781	<INFO 7f125a144780> SLIPSTORE::QUOTA 18446744073709551615
1463350158783	<INFO 7f125a144780> SLIPSTORE::IO PAGECACHE
1463350158785	<INFO 7ef444ff4700> SLIPSTORE::COMM Listening at tcp://p1p1:5088
1463350158787	<INFO 7ef444ff4700> SLIPSTORE::COMM Listening at tcp://p1p1:5072
1463350158791	<INFO 7ef444ff4700> SLIPSTORE::COMM Connecting to tcp://dco-node137-10g:5012
1463350158793	<INFO 7ef444ff4700> SLIPSTORE::COMM Listening at tcp://p1p1:5073
1463350158796	<INFO 7ef444ff4700> SLIPSTORE::COMM Connecting to tcp://dco-node138-10g:5030
1463350158798	<INFO 7ef444ff4700> SLIPSTORE::COMM Listening at tcp://p1p1:5074
1463350158801	<INFO 7ef444ff4700> SLIPSTORE::COMM Connecting to tcp://dco-node139-10g:5048
1463350158803	<INFO 7ef444ff4700> SLIPSTORE::COMM Listening at tcp://p1p1:5075
1463350158807	<INFO 7ef444ff4700> SLIPSTORE::COMM Connecting to tcp://dco-node140-10g:5066
1463350158809	<INFO 7ef444ff4700> SLIPSTORE::COMM Listening at ipc://server
1463350158811	<INFO 7ef444ff4700> SLIPSTORE::COMM Connecting to ipc://client
1463350158813	<INFO 7ef444ff4700> SLIPSTORE::COMM Listening at tcp://p1p1:5077
1463350158815	<INFO 7ef444ff4700> SLIPSTORE::COMM Connecting to tcp://dco-node142-10g:5102
1463350158817	<INFO 7ef444ff4700> SLIPSTORE::COMM Listening at tcp://p1p1:5078
1463350158820	<INFO 7ef444ff4700> SLIPSTORE::COMM Connecting to tcp://dco-node143-10g:5120
1463350158823	<INFO 7ef444ff4700> SLIPSTORE::COMM Listening at tcp://p1p1:5079
1463350158825	<INFO 7ef444ff4700> SLIPSTORE::COMM Connecting to tcp://dco-node144-10g:5138
1463350160508	<INFO 7f125a144780> SLIPSTORE::CHECKPOINTS NONE FOUND
1463350160510	<INFO 7f125a144780> 2016-05-16 00:09:20 Start edge split
1463350323725	<INFO 7f125a144780> 2016-05-16 00:12:03 Completed init
1463350325180	<INFO 7f125a144780> 2016-05-16 00:12:05 Started gather
1463350326795	<INFO 7f125a144780> 2016-05-16 00:12:06 Completed gather
1463350330222	<INFO 7f125a144780> 2016-05-16 00:12:10 Started scatter
1463350393072	<INFO 7f125a144780> 2016-05-16 00:13:13 Completed scatter
1463350398095	<INFO 7f125a144780> 2016-05-16 00:13:18 Completed phase 1 Bytes read 26471007632 Bytes written 13590103288
1463350398113	<INFO 7f125a144780> 2016-05-16 00:13:18 Started gather
1463350399742	<INFO 7f125a144780> 2016-05-16 00:13:19 Completed gather
1463350404093	<INFO 7f125a144780> 2016-05-16 00:13:24 Started scatter
1463350509516	<INFO 7f125a144780> 2016-05-16 00:15:09 Completed scatter
1463350514589	<INFO 7f125a144780> 2016-05-16 00:15:14 Completed phase 2 Bytes read 40061110920 Bytes written 18735420152
1463350514609	<INFO 7f125a144780> 2016-05-16 00:15:14 Started gather
1463350538875	<INFO 7f125a144780> 2016-05-16 00:15:38 Completed gather
1463350557375	<INFO 7f125a144780> 2016-05-16 00:15:57 Started scatter
1463350654818	<INFO 7f125a144780> 2016-05-16 00:17:34 Completed scatter
1463350665522	<INFO 7f125a144780> 2016-05-16 00:17:45 Completed phase 3 Bytes read 58524098072 Bytes written 22923542792
1463350665544	<INFO 7f125a144780> 2016-05-16 00:17:45 Started gather
1463350683879	<INFO 7f125a144780> 2016-05-16 00:18:03 Completed gather
1463350700250	<INFO 7f125a144780> 2016-05-16 00:18:20 Started scatter
1463350764026	<INFO 7f125a144780> 2016-05-16 00:19:24 Completed scatter
1463350768672	<INFO 7f125a144780> 2016-05-16 00:19:28 Completed phase 4 Bytes read 76029891000 Bytes written 23212392328
1463350768692	<INFO 7f125a144780> 2016-05-16 00:19:28 Started gather
1463350770486	<INFO 7f125a144780> 2016-05-16 00:19:30 Completed gather
1463350774072	<INFO 7f125a144780> 2016-05-16 00:19:34 Started scatter
1463350837549	<INFO 7f125a144780> 2016-05-16 00:20:37 Completed scatter
1463350841947	<INFO 7f125a144780> 2016-05-16 00:20:41 Completed phase 5 Bytes read 89636410824 Bytes written 23480878928
1463350841969	<INFO 7f125a144780> 2016-05-16 00:20:41 Started gather
1463350843641	<INFO 7f125a144780> 2016-05-16 00:20:43 Completed gather
1463350846890	<INFO 7f125a144780> 2016-05-16 00:20:46 Started scatter
1463350908157	<INFO 7f125a144780> 2016-05-16 00:21:48 Completed scatter
1463350914819	<INFO 7f125a144780> 2016-05-16 00:21:54 Completed phase 6 Bytes read 103222567712 Bytes written 23749314496
1463350914839	<INFO 7f125a144780> 2016-05-16 00:21:54 Started gather
1463350916432	<INFO 7f125a144780> 2016-05-16 00:21:56 Completed gather
1463350921114	<INFO 7f125a144780> 2016-05-16 00:22:01 Started scatter
1463350982407	<INFO 7f125a144780> 2016-05-16 00:23:02 Completed scatter
1463350988711	<INFO 7f125a144780> 2016-05-16 00:23:08 Completed phase 7 Bytes read 116808673568 Bytes written 24017749952
1463350988714	<INFO 7f125a144780> ALGORITHM::BFS::VERTICES_DISCOVERED 16216578
1463350988716	<INFO 7f125a144780> ALGORITHM::BFS::EDGES_EXPLORED 1075009723
1463350988719	<INFO 7f125a144780> CORE::PARTITIONS_PROCESSED 431
1463350988721	<INFO 7f125a144780> CORE::BYTES::EDGES_STREAMED 10216482660
1463350988724	<INFO 7f125a144780> CORE::BYTES::UPDATES_OUT 993410520
1463350988727	<INFO 7f125a144780> CORE::BYTES::UPDATES_IN 965658984
1463350988730	<INFO 7ef4337fe700> CORE::PARTITIONS_PROCESSED 168
1463350988732	<INFO 7ef4307f8700> CORE::PARTITIONS_PROCESSED 369
1463350988734	<INFO 7ef431ffb700> CORE::PARTITIONS_PROCESSED 547
1463350988736	<INFO 7ef4327fc700> CORE::PARTITIONS_PROCESSED 155
1463350988739	<INFO 7ef432ffd700> CORE::PARTITIONS_PROCESSED 189
1463350988741	<INFO 7ef4317fa700> CORE::PARTITIONS_PROCESSED 192
1463350988743	<INFO 7ef430ff9700> CORE::PARTITIONS_PROCESSED 456
1463350988745	<INFO 7ef4307f8700> CORE::BYTES::EDGES_STREAMED 16321593768
1463350988749	<INFO 7ef431ffb700> CORE::BYTES::EDGES_STREAMED 9295155072
1463350988751	<INFO 7ef4307f8700> CORE::BYTES::UPDATES_OUT 1419259464
1463350988753	<INFO 7ef4337fe700> CORE::BYTES::EDGES_STREAMED 12267084612
1463350988755	<INFO 7ef432ffd700> CORE::BYTES::EDGES_STREAMED 10167649152
1463350988758	<INFO 7ef4337fe700> CORE::BYTES::UPDATES_OUT 1158970472
1463350988760	<INFO 7ef4317fa700> CORE::BYTES::EDGES_STREAMED 9958128372
1463350988762	<INFO 7ef4307f8700> CORE::BYTES::UPDATES_IN 1774756408
1463350988764	<INFO 7ef4337fe700> CORE::BYTES::UPDATES_IN 1061930432
1463350988766	<INFO 7ef431ffb700> CORE::BYTES::UPDATES_OUT 892294280
1463350988769	<INFO 7ef432ffd700> CORE::BYTES::UPDATES_OUT 940109600
1463350988771	<INFO 7ef4317fa700> CORE::BYTES::UPDATES_OUT 923065328
1463350988773	<INFO 7ef430ff9700> CORE::BYTES::EDGES_STREAMED 12041230548
1463350988775	<INFO 7ef432ffd700> CORE::BYTES::UPDATES_IN 977330824
1463350988777	<INFO 7ef431ffb700> CORE::BYTES::UPDATES_IN 863194760
1463350988780	<INFO 7ef4327fc700> CORE::BYTES::EDGES_STREAMED 10034327592
1463350988782	<INFO 7ef4317fa700> CORE::BYTES::UPDATES_IN 930843520
1463350988785	<INFO 7ef430ff9700> CORE::BYTES::UPDATES_OUT 1324819072
1463350988787	<INFO 7ef4327fc700> CORE::BYTES::UPDATES_OUT 948149048
1463350988789	<INFO 7ef430ff9700> CORE::BYTES::UPDATES_IN 1132737368
1463350988791	<INFO 7ef4327fc700> CORE::BYTES::UPDATES_IN 893625488
1463350988794	<INFO 7ef444ff4700> SLIPSTORE service is exiting
1463350988796	<INFO 7ef444ff4700> SLIPSTORE::HELP_OFFERS_RECVD 98
1463350988798	<INFO 7ef444ff4700> SLIPSTORE::HELP_OFFERS_ACCEPTED 0
1463350988800	<INFO 7ef444ff4700> SLIPSTORE::HELP_ACCEPTANCE_RATIO 0
1463350988802	<INFO 7ef444ff4700> SLIPSTORE::SERVER_BUSY_DISK  724.518 seconds
1463350988805	<INFO 7ef444ff4700> SLIPSTORE::SERVER_BUSY_MEM  0 seconds
1463350988807	<INFO 7ef444ff4700> SLIPSTORE::SERVER_TOTAL  830.07 seconds
1463350988809	<INFO 7f125a144780> SLIPSTORE::CLIENT::DISK_READ_TIME  588.088 seconds
1463350988812	<INFO 7f125a144780> SLIPSTORE::CLIENT::MEM_READ_TIME  0 seconds
1463350988814	<INFO 7f125a144780> SLIPSTORE::CLIENT::DISK_BYTES_READ 115390749616
1463350988816	<INFO 7f125a144780> SLIPSTORE::CLIENT::MEM_BYTES_READ 0
1463350988819	<INFO 7f125a144780> SLIPSTORE::CLIENT::WRITE_TIME  141.404 seconds
1463350988821	<INFO 7f125a144780> SLIPSTORE::CLIENT::BYTES_WRITTEN 2025941696
1463350988823	<INFO 7f125a144780> SLIPSTORE::CLIENT_BUSY  729.492 seconds
1463350988825	<INFO 7f125a144780> SLIPSTORE::IO::TIME 591.744 seconds
1463350988828	<INFO 7f125a144780> SLIPSTORE::SNAP::TIME 0 seconds
1463350988830	<INFO 7f125a144780> SLIPSTORE::MAX_DISK_USAGE_BYTES 18194551696
1463350988832	<INFO 7f125a144780> CORE::RUSAGE::MAX_RSS_KB 125952404
1463350988835	<INFO 7f125a144780> CORE::RUSAGE::MINFLT 36009228
1463350988837	<INFO 7f125a144780> CORE::RUSAGE::MAJFLT 2
1463350988839	<INFO 7f125a144780> CORE::RUSAGE::MAJFLT 2
1463350988841	<INFO 7f125a144780> CORE::RUSAGE::INBLK 219080736
1463350988843	<INFO 7f125a144780> CORE::RUSAGE::OUBLK 46914792
1463350988846	<INFO 7f125a144780> CORE::UTILS::BYTES_READ 116808673568
1463350988848	<INFO 7f125a144780> CORE::UTILS::BYTES_WRITTEN 24017749952
1463350988850	<INFO 7f125a144780> CORE::UTILS::TILE_COPY_BYTES 3545397968
1463350988853	<INFO 7f125a144780> CORE::TIME::IO_WAIT 544.703 seconds
1463350988855	<INFO 7f125a144780> CORE::TIME_TILE_COPY 0 seconds
1463350988857	<INFO 7f125a144780> CORE::TIME_TILE_MERGE 0 seconds
1463350988860	<INFO 7f125a144780> CORE::TIME_PROCESSING_STOLEN 0 seconds
1463350988862	<INFO 7f125a144780> CORE::TIME_MERGE_WAIT 0 seconds
1463350988865	<INFO 7f125a144780> CORE::OTHER_TIME_ALL_MC_BARRIER 0 seconds
1463350988867	<INFO 7f125a144780> CORE::SCATTER_TIME_ALL_MC_BARRIER 41.5184 seconds
1463350988869	<INFO 7f125a144780> CORE::GATHER_TIME_ALL_MC_BARRIER 0.018771 seconds
1463350988872	<INFO 7f125a144780> CORE::INIT_TIME_ALL_MC_BARRIER 2.25482 seconds
1463350988874	<INFO 7f125a144780> CORE::SHUT_DOWN_TIME_ALL_MC_BARRIER 0.003512 seconds
1463350988876	<INFO 7f125a144780> CORE::STREAM_SKIP_BEFORE_TIME_ALL_MC_BARRIER 0.742792 seconds
1463350988879	<INFO 7f125a144780> CORE::TAKE_CHECKPOINT_BEFORE_TIME_ALL_MC_BARRIER 0 seconds
1463350988881	<INFO 7f125a144780> CORE::TAKE_CHECKPOINT_COMPLETE_TIME_ALL_MC_BARRIER 0 seconds
1463350988883	<INFO 7f125a144780> CORE::METADATA_WRITE_COMPLETE_TIME_ALL_MC_BARRIER 0 seconds
1463350988886	<INFO 7f125a144780> CORE::STREAM_EOF_BEFORE_TIME_ALL_MC_BARRIER 0 seconds
1463350988888	<INFO 7f125a144780> CORE::STREAM_EOF_AFTER_TIME_ALL_MC_BARRIER 0 seconds
1463350988890	<INFO 7f125a144780> CORE::STATE_LOAD_TIME_ALL_MC_BARRIER 0 seconds
1463350988892	<INFO 7f125a144780> CORE::STATE_STORE_TIME_ALL_MC_BARRIER 0 seconds
1463350988895	<INFO 7f125a144780> CORE::PHASES 7
1463350988897	<INFO 7f125a144780> CORE::TIME::SETUP 3.64918 seconds
1463350988899	<INFO 7f125a144780> CORE::TIME::INIT_PARTITIONS_TIME 163.217 seconds
1463350988902	<INFO 7f125a144780> CORE::TIME::STATE_ITER 0.716915 seconds
1463350988904	<INFO 7f125a144780> CORE::TIME::GATHER 105.779 seconds
1463350988906	<INFO 7f125a144780> CORE::TIME::SCATTER 558.229 seconds
1463350988908	<INFO 7f125a144780> CORE::TIME::WALL 831.856 seconds
1463350988910	<INFO 7f125a144780> SHUTDOWN
