1457378682139	<INFO 7fd6ef02e740> 2016-03-07 20:24:42 STARTUP
1457378682143	<INFO 7fd6ef02e740> CORE::GRAPH rmat-28_s8
1457378682147	<INFO 7fd6ef02e740> CORE::ALGORITHM pagerank
1457378682150	<INFO 7fd6ef02e740> CORE::VERTEX_STRIPING ON
1457378682154	<INFO 7fd6ef02e740> 2016-03-07 20:24:42 Blocking memory amount 126701535232
1457378791497	<INFO 7fd6ef02e740> 2016-03-07 20:26:31 Done blocking memory
1457378791501	<INFO 7fd6ef02e740> SG-DRIVER-ORIGINAL
1457378791504	<INFO 7fd6ef02e740> CORE::CONFIG::PROCESSORS 8
1457378791508	<INFO 7fd6ef02e740> CORE::CONFIG::PHYSICAL_MEMORY 2147483648
1457378791511	<INFO 7fd6ef02e740> CORE::CONFIG::VERTICES 268435456
1457378791515	<INFO 7fd6ef02e740> CORE::CONFIG::VERTEX_SIZE 12
1457378791519	<INFO 7fd6ef02e740> CORE::CONFIG::VERTEX_BUFFER 201326592
1457378791523	<INFO 7fd6ef02e740> CORE::CONFIG::EDGES 536870912
1457378791526	<INFO 7fd6ef02e740> CORE::CONFIG::PARTITIONS 128
1457378791530	<INFO 7fd6ef02e740> CORE::CONFIG::FANOUT 128
1457378791534	<INFO 7fd6ef02e740> CORE::CONFIG::SUPER_PARTITIONS 16
1457378791538	<INFO 7fd6ef02e740> CORE::CONFIG::TILES 1
1457378791542	<INFO 7fd6ef02e740> CORE::CONFIG::BUFFER_SIZE 389229363
1457378791546	<INFO 7fd6ef02e740> CORE::CONFIG::MAX_BUFFERS 4
1457378791549	<INFO 7fd6ef02e740> CORE::CONFIG::MAX_STREAMS 4
1457378791553	<INFO 7fd6ef02e740> SLIPSTREAM::EXT_MEM_SHUFFLE OFF
1457378793465	<WARNING 7fd6ef02e740> Unable to unlink file (stream.0.8.0):No such file or directory
1457378793469	<WARNING 7fd6ef02e740> Unable to unlink file (stream.0.9.0):No such file or directory
1457378793473	<WARNING 7fd6ef02e740> Unable to unlink file (stream.0.10.0):No such file or directory
1457378793477	<WARNING 7fd6ef02e740> Unable to unlink file (stream.0.11.0):No such file or directory
1457378793480	<WARNING 7fd6ef02e740> Unable to unlink file (stream.0.12.0):No such file or directory
1457378793484	<WARNING 7fd6ef02e740> Unable to unlink file (stream.0.13.0):No such file or directory
1457378793488	<WARNING 7fd6ef02e740> Unable to unlink file (stream.0.14.0):No such file or directory
1457378793492	<WARNING 7fd6ef02e740> Unable to unlink file (stream.0.15.0):No such file or directory
1457378793495	<WARNING 7fd6ef02e740> Unable to unlink file (stream.1.8.0):No such file or directory
1457378793499	<WARNING 7fd6ef02e740> Unable to unlink file (stream.1.9.0):No such file or directory
1457378793503	<WARNING 7fd6ef02e740> Unable to unlink file (stream.1.10.0):No such file or directory
1457378793507	<WARNING 7fd6ef02e740> Unable to unlink file (stream.1.11.0):No such file or directory
1457378793510	<WARNING 7fd6ef02e740> Unable to unlink file (stream.1.12.0):No such file or directory
1457378793514	<WARNING 7fd6ef02e740> Unable to unlink file (stream.1.13.0):No such file or directory
1457378793518	<WARNING 7fd6ef02e740> Unable to unlink file (stream.1.14.0):No such file or directory
1457378793522	<WARNING 7fd6ef02e740> Unable to unlink file (stream.1.15.0):No such file or directory
1457378794129	<WARNING 7fd6ef02e740> Unable to unlink file (stream.2.8.0):No such file or directory
1457378794133	<WARNING 7fd6ef02e740> Unable to unlink file (stream.2.9.0):No such file or directory
1457378794137	<WARNING 7fd6ef02e740> Unable to unlink file (stream.2.10.0):No such file or directory
1457378794141	<WARNING 7fd6ef02e740> Unable to unlink file (stream.2.11.0):No such file or directory
1457378794144	<WARNING 7fd6ef02e740> Unable to unlink file (stream.2.12.0):No such file or directory
1457378794148	<WARNING 7fd6ef02e740> Unable to unlink file (stream.2.13.0):No such file or directory
1457378794151	<WARNING 7fd6ef02e740> Unable to unlink file (stream.2.14.0):No such file or directory
1457378794155	<WARNING 7fd6ef02e740> Unable to unlink file (stream.2.15.0):No such file or directory
1457378794754	<WARNING 7fd6ef02e740> Unable to unlink file (stream.3.8.0):No such file or directory
1457378794758	<WARNING 7fd6ef02e740> Unable to unlink file (stream.3.9.0):No such file or directory
1457378794761	<WARNING 7fd6ef02e740> Unable to unlink file (stream.3.10.0):No such file or directory
1457378794767	<WARNING 7fd6ef02e740> Unable to unlink file (stream.3.11.0):No such file or directory
1457378794771	<WARNING 7fd6ef02e740> Unable to unlink file (stream.3.12.0):No such file or directory
1457378794775	<WARNING 7fd6ef02e740> Unable to unlink file (stream.3.13.0):No such file or directory
1457378794779	<WARNING 7fd6ef02e740> Unable to unlink file (stream.3.14.0):No such file or directory
1457378794784	<WARNING 7fd6ef02e740> Unable to unlink file (stream.3.15.0):No such file or directory
1457378794787	<INFO 7fd6ef02e740> SLIPSTORE::ZMQ_THREADS 2
1457378794792	<INFO 7fd6ef02e740> SLIPSTORE::COMM Connecting to tcp://dco-node137-10g:5016
1457378794797	<INFO 7fd6ef02e740> SLIPSTORE::COMM Connecting to tcp://dco-node138-10g:5034
1457378794800	<INFO 7fd6ef02e740> SLIPSTORE::COMM Connecting to tcp://dco-node139-10g:5052
1457378794804	<INFO 7fd6ef02e740> SLIPSTORE::COMM Connecting to tcp://dco-node140-10g:5070
1457378794809	<INFO 7fd6ef02e740> SLIPSTORE::COMM Connecting to tcp://dco-node141-10g:5088
1457378794812	<INFO 7fd6ef02e740> SLIPSTORE::COMM Connecting to tcp://dco-node142-10g:5106
1457378794817	<INFO 7fd6ef02e740> SLIPSTORE::COMM Connecting to tcp://dco-node143-10g:5124
1457378794821	<INFO 7fd6ef02e740> SLIPSTORE::COMM Connecting to tcp://dco-node144-10g:5142
1457378794824	<INFO 7fd6ef02e740> SLIPSTORE::COMM Listening at tcp://ens1f0:5134
1457378794828	<INFO 7fd6ef02e740> SLIPSTORE::COMM Listening at tcp://ens1f0:5135
1457378794832	<INFO 7fd6ef02e740> SLIPSTORE::COMM Listening at tcp://ens1f0:5136
1457378794836	<INFO 7fd6ef02e740> SLIPSTORE::COMM Listening at tcp://ens1f0:5137
1457378794839	<INFO 7fd6ef02e740> SLIPSTORE::COMM Listening at tcp://ens1f0:5138
1457378794842	<INFO 7fd6ef02e740> SLIPSTORE::COMM Listening at tcp://ens1f0:5139
1457378794846	<INFO 7fd6ef02e740> SLIPSTORE::COMM Listening at tcp://ens1f0:5140
1457378794850	<INFO 7fd6ef02e740> SLIPSTORE::COMM Listening at ipc://client
1457378794853	<INFO 7fd6ef02e740> SLIPSTORE::COMM Connecting to tcp://dco-node137-10g:5016
1457378794856	<INFO 7fd6ef02e740> SLIPSTORE::COMM Connecting to tcp://dco-node138-10g:5034
1457378794860	<INFO 7fd6ef02e740> SLIPSTORE::COMM Connecting to tcp://dco-node139-10g:5052
1457378794863	<INFO 7fd6ef02e740> SLIPSTORE::COMM Connecting to tcp://dco-node140-10g:5070
1457378794866	<INFO 7fd6ef02e740> SLIPSTORE::COMM Connecting to tcp://dco-node141-10g:5088
1457378794870	<INFO 7fd6ef02e740> SLIPSTORE::COMM Connecting to tcp://dco-node142-10g:5106
1457378794872	<INFO 7fd6ef02e740> SLIPSTORE::COMM Connecting to tcp://dco-node143-10g:5124
1457378794876	<INFO 7fd6ef02e740> SLIPSTORE::COMM Connecting to tcp://dco-node144-10g:5142
1457378794878	<INFO 7fd6ef02e740> SLIPSTORE::COMM Connecting to tcp://dco-node137-10g:5007
1457378794882	<INFO 7fd6ef02e740> SLIPSTORE::COMM Connecting to tcp://dco-node138-10g:5025
1457378794885	<INFO 7fd6ef02e740> SLIPSTORE::COMM Connecting to tcp://dco-node139-10g:5043
1457378794888	<INFO 7fd6ef02e740> SLIPSTORE::COMM Connecting to tcp://dco-node140-10g:5061
1457378794891	<INFO 7fd6ef02e740> SLIPSTORE::COMM Connecting to tcp://dco-node141-10g:5079
1457378794893	<INFO 7fd6ef02e740> SLIPSTORE::COMM Connecting to tcp://dco-node142-10g:5097
1457378794896	<INFO 7fd6ef02e740> SLIPSTORE::COMM Connecting to tcp://dco-node143-10g:5115
1457378794899	<INFO 7fd6ef02e740> SLIPSTORE::COMM Connecting to ipc://server
1457378794902	<INFO 7fd6ef02e740> SLIPSTORE::COMM Connecting to tcp://dco-node137-10g:5017
1457378794905	<INFO 7fd6ef02e740> SLIPSTORE::COMM Listening at tcp://ens1f0:5143
1457378794908	<INFO 7fd6ef02e740> SLIPSTORE::COMM Connecting to tcp://dco-node144-10g:5142
1457378794911	<INFO 7fd6ef02e740> SLIPSTORE::HELP_POLICY HEURISTIC_NEW
1457378794914	<INFO 7fd6ef02e740> SLIPSTORE::SERVER ASYNC
1457378794917	<INFO 7fd6ef02e740> SLIPSTORE::MACHINES 8
1457378794920	<INFO 7fd6ef02e740> SLIPSTORE::ME 7
1457378794923	<INFO 7fd6ef02e740> SLIPSTORE::SLIPCHUNK 4194304
1457378794926	<INFO 7fd6ef02e740> SLIPSTORE::QUOTA 18446744073709551615
1457378794928	<INFO 7fd6ef02e740> SLIPSTORE::IO PAGECACHE
1457378794931	<INFO 7fb8d8ff4700> SLIPSTORE::COMM Listening at tcp://ens1f0:5142
1457378794933	<INFO 7fb8d8ff4700> SLIPSTORE::COMM Listening at tcp://ens1f0:5126
1457378794936	<INFO 7fb8d8ff4700> SLIPSTORE::COMM Connecting to tcp://dco-node137-10g:5015
1457378794938	<INFO 7fb8d8ff4700> SLIPSTORE::COMM Listening at tcp://ens1f0:5127
1457378794941	<INFO 7fb8d8ff4700> SLIPSTORE::COMM Connecting to tcp://dco-node138-10g:5033
1457378794943	<INFO 7fb8d8ff4700> SLIPSTORE::COMM Listening at tcp://ens1f0:5128
1457378794946	<INFO 7fb8d8ff4700> SLIPSTORE::COMM Connecting to tcp://dco-node139-10g:5051
1457378794949	<INFO 7fb8d8ff4700> SLIPSTORE::COMM Listening at tcp://ens1f0:5129
1457378794952	<INFO 7fb8d8ff4700> SLIPSTORE::COMM Connecting to tcp://dco-node140-10g:5069
1457378794954	<INFO 7fb8d8ff4700> SLIPSTORE::COMM Listening at tcp://ens1f0:5130
1457378794957	<INFO 7fb8d8ff4700> SLIPSTORE::COMM Connecting to tcp://dco-node141-10g:5087
1457378794959	<INFO 7fb8d8ff4700> SLIPSTORE::COMM Listening at tcp://ens1f0:5131
1457378794962	<INFO 7fb8d8ff4700> SLIPSTORE::COMM Connecting to tcp://dco-node142-10g:5105
1457378794965	<INFO 7fb8d8ff4700> SLIPSTORE::COMM Listening at tcp://ens1f0:5132
1457378794967	<INFO 7fb8d8ff4700> SLIPSTORE::COMM Connecting to tcp://dco-node143-10g:5123
1457378794971	<INFO 7fb8d8ff4700> SLIPSTORE::COMM Listening at ipc://server
1457378794973	<INFO 7fb8d8ff4700> SLIPSTORE::COMM Connecting to ipc://client
1457378794975	<INFO 7fd6ef02e740> SLIPSTORE::CHECKPOINTS NONE FOUND
1457378870425	<INFO 7fd6ef02e740> 2016-03-07 20:27:50 Completed init
1457378871748	<INFO 7fd6ef02e740> 2016-03-07 20:27:51 Started gather
1457378873635	<INFO 7fd6ef02e740> 2016-03-07 20:27:53 Completed gather
1457378873638	<INFO 7fd6ef02e740> 2016-03-07 20:27:53 Started gather
1457378875498	<INFO 7fd6ef02e740> 2016-03-07 20:27:55 Completed gather
1457378875654	<INFO 7fd6ef02e740> 2016-03-07 20:27:55 Started scatter
1457378882470	<INFO 7fd6ef02e740> 2016-03-07 20:28:02 Completed scatter
1457378882473	<INFO 7fd6ef02e740> 2016-03-07 20:28:02 Started scatter
1457378889746	<INFO 7fd6ef02e740> 2016-03-07 20:28:09 Completed scatter
1457378889807	<INFO 7fd6ef02e740> 2016-03-07 20:28:09 Started helping 0
1457378914443	<INFO 7fd6ef02e740> 2016-03-07 20:28:34 Completed helping 0
1457378914522	<INFO 7fd6ef02e740> 2016-03-07 20:28:34 Started helping 0
1457378920135	<INFO 7fd6ef02e740> 2016-03-07 20:28:40 Completed helping 0
1457378920215	<INFO 7fd6ef02e740> 2016-03-07 20:28:40 Completed phase 1 Bytes read 13952953176 Bytes written 7233678168
1457378922876	<INFO 7fd6ef02e740> 2016-03-07 20:28:42 Started gather
1457378924086	<INFO 7fd6ef02e740> 2016-03-07 20:28:44 Completed gather
1457378924089	<INFO 7fd6ef02e740> 2016-03-07 20:28:44 Started gather
1457378925409	<INFO 7fd6ef02e740> 2016-03-07 20:28:45 Completed gather
1457378925606	<INFO 7fd6ef02e740> 2016-03-07 20:28:45 Started gather
1457378944474	<INFO 7fd6ef02e740> 2016-03-07 20:29:04 Completed gather
1457378944477	<INFO 7fd6ef02e740> 2016-03-07 20:29:04 Started gather
1457378968228	<INFO 7fd6ef02e740> 2016-03-07 20:29:28 Completed gather
1457378969044	<INFO 7fd6ef02e740> 2016-03-07 20:29:29 Started helping 0
1457379005391	<INFO 7fd6ef02e740> 2016-03-07 20:30:05 Completed helping 0
1457379006587	<INFO 7fd6ef02e740> 2016-03-07 20:30:06 Started helping 0
1457379018326	<INFO 7fd6ef02e740> 2016-03-07 20:30:18 Completed helping 0
1457379019086	<INFO 7fd6ef02e740> 2016-03-07 20:30:19 Completed phase 2 Bytes read 21790611120 Bytes written 12798958320
1457379027221	<INFO 7fd6ef02e740> 2016-03-07 20:30:27 Started gather
1457379036802	<INFO 7fd6ef02e740> 2016-03-07 20:30:36 Completed gather
1457379036805	<INFO 7fd6ef02e740> 2016-03-07 20:30:36 Started gather
1457379043566	<INFO 7fd6ef02e740> 2016-03-07 20:30:43 Completed gather
1457379043581	<INFO 7fd6ef02e740> 2016-03-07 20:30:43 Started helping 0
1457379055689	<INFO 7fd6ef02e740> 2016-03-07 20:30:55 Completed helping 0
1457379069495	<INFO 7fd6ef02e740> 2016-03-07 20:31:09 Started scatter
1457379076190	<INFO 7fd6ef02e740> 2016-03-07 20:31:16 Completed scatter
1457379076195	<INFO 7fd6ef02e740> 2016-03-07 20:31:16 Started scatter
1457379088048	<INFO 7fd6ef02e740> 2016-03-07 20:31:28 Completed scatter
1457379089156	<INFO 7fd6ef02e740> 2016-03-07 20:31:29 Started helping 0
1457379130084	<INFO 7fd6ef02e740> 2016-03-07 20:32:10 Completed helping 0
1457379131321	<INFO 7fd6ef02e740> 2016-03-07 20:32:11 Started helping 0
1457379147712	<INFO 7fd6ef02e740> 2016-03-07 20:32:27 Completed helping 0
1457379148309	<INFO 7fd6ef02e740> 2016-03-07 20:32:28 Completed phase 3 Bytes read 34186916256 Bytes written 18019555480
1457379154825	<INFO 7fd6ef02e740> 2016-03-07 20:32:34 Started gather
1457379165192	<INFO 7fd6ef02e740> 2016-03-07 20:32:45 Completed gather
1457379165195	<INFO 7fd6ef02e740> 2016-03-07 20:32:45 Started gather
1457379171861	<INFO 7fd6ef02e740> 2016-03-07 20:32:51 Completed gather
1457379171894	<INFO 7fd6ef02e740> 2016-03-07 20:32:51 Started helping 0
1457379182044	<INFO 7fd6ef02e740> 2016-03-07 20:33:02 Completed helping 0
1457379182658	<INFO 7fd6ef02e740> 2016-03-07 20:33:02 Started helping 0
1457379191254	<INFO 7fd6ef02e740> 2016-03-07 20:33:11 Completed helping 0
1457379199977	<INFO 7fd6ef02e740> 2016-03-07 20:33:19 Started scatter
1457379206544	<INFO 7fd6ef02e740> 2016-03-07 20:33:26 Completed scatter
1457379206547	<INFO 7fd6ef02e740> 2016-03-07 20:33:26 Started scatter
1457379219433	<INFO 7fd6ef02e740> 2016-03-07 20:33:39 Completed scatter
1457379220010	<INFO 7fd6ef02e740> 2016-03-07 20:33:40 Started helping 0
1457379260780	<INFO 7fd6ef02e740> 2016-03-07 20:34:20 Completed helping 0
1457379262616	<INFO 7fd6ef02e740> 2016-03-07 20:34:22 Started helping 0
1457379277939	<INFO 7fd6ef02e740> 2016-03-07 20:34:37 Completed helping 0
1457379278472	<INFO 7fd6ef02e740> 2016-03-07 20:34:38 Completed phase 4 Bytes read 46641191584 Bytes written 23130089288
1457379284492	<INFO 7fd6ef02e740> 2016-03-07 20:34:44 Started gather
1457379294783	<INFO 7fd6ef02e740> 2016-03-07 20:34:54 Completed gather
1457379294786	<INFO 7fd6ef02e740> 2016-03-07 20:34:54 Started gather
1457379301639	<INFO 7fd6ef02e740> 2016-03-07 20:35:01 Completed gather
1457379301680	<INFO 7fd6ef02e740> 2016-03-07 20:35:01 Started helping 0
1457379313525	<INFO 7fd6ef02e740> 2016-03-07 20:35:13 Completed helping 0
1457379313805	<INFO 7fd6ef02e740> 2016-03-07 20:35:13 Started helping 0
1457379321236	<INFO 7fd6ef02e740> 2016-03-07 20:35:21 Completed helping 0
1457379328929	<INFO 7fd6ef02e740> 2016-03-07 20:35:28 Started scatter
1457379339799	<INFO 7fd6ef02e740> 2016-03-07 20:35:39 Completed scatter
1457379339801	<INFO 7fd6ef02e740> 2016-03-07 20:35:39 Started scatter
1457379358705	<INFO 7fd6ef02e740> 2016-03-07 20:35:58 Completed scatter
1457379359486	<INFO 7fd6ef02e740> 2016-03-07 20:35:59 Started helping 0
1457379392913	<INFO 7fd6ef02e740> 2016-03-07 20:36:32 Completed helping 0
1457379394481	<INFO 7fd6ef02e740> 2016-03-07 20:36:34 Started helping 0
1457379409530	<INFO 7fd6ef02e740> 2016-03-07 20:36:49 Completed helping 0
1457379410508	<INFO 7fd6ef02e740> 2016-03-07 20:36:50 Completed phase 5 Bytes read 58935071912 Bytes written 28143573112
1457379416519	<INFO 7fd6ef02e740> 2016-03-07 20:36:56 Started gather
1457379428553	<INFO 7fd6ef02e740> 2016-03-07 20:37:08 Completed gather
1457379428555	<INFO 7fd6ef02e740> 2016-03-07 20:37:08 Started gather
1457379433814	<INFO 7fd6ef02e740> 2016-03-07 20:37:13 Completed gather
1457379433869	<INFO 7fd6ef02e740> 2016-03-07 20:37:13 Started helping 0
1457379448119	<INFO 7fd6ef02e740> 2016-03-07 20:37:28 Completed helping 0
1457379459982	<INFO 7fd6ef02e740> 2016-03-07 20:37:39 Started scatter
1457379466468	<INFO 7fd6ef02e740> 2016-03-07 20:37:46 Completed scatter
1457379466472	<INFO 7fd6ef02e740> 2016-03-07 20:37:46 Started scatter
1457379477537	<INFO 7fd6ef02e740> 2016-03-07 20:37:57 Completed scatter
1457379478354	<INFO 7fd6ef02e740> 2016-03-07 20:37:58 Started helping 0
1457379522570	<INFO 7fd6ef02e740> 2016-03-07 20:38:42 Completed helping 0
1457379523438	<INFO 7fd6ef02e740> 2016-03-07 20:38:43 Started helping 0
1457379537387	<INFO 7fd6ef02e740> 2016-03-07 20:38:57 Completed helping 0
1457379537946	<INFO 7fd6ef02e740> 2016-03-07 20:38:57 Completed phase 6 Bytes read 71157068080 Bytes written 33423432432
1457379544637	<INFO 7fd6ef02e740> 2016-03-07 20:39:04 Started gather
1457379555754	<INFO 7fd6ef02e740> 2016-03-07 20:39:15 Completed gather
1457379555757	<INFO 7fd6ef02e740> 2016-03-07 20:39:15 Started gather
1457379561928	<INFO 7fd6ef02e740> 2016-03-07 20:39:21 Completed gather
1457379561931	<INFO 7fd6ef02e740> 2016-03-07 20:39:21 Started helping 0
1457379572876	<INFO 7fd6ef02e740> 2016-03-07 20:39:32 Completed helping 0
1457379573878	<INFO 7fd6ef02e740> 2016-03-07 20:39:33 Started helping 0
1457379583234	<INFO 7fd6ef02e740> 2016-03-07 20:39:43 Completed helping 0
1457379591406	<INFO 7fd6ef02e740> 2016-03-07 20:39:51 Started scatter
1457379598772	<INFO 7fd6ef02e740> 2016-03-07 20:39:58 Completed scatter
1457379598774	<INFO 7fd6ef02e740> 2016-03-07 20:39:58 Started scatter
1457379610613	<INFO 7fd6ef02e740> 2016-03-07 20:40:10 Completed scatter
1457379611670	<INFO 7fd6ef02e740> 2016-03-07 20:40:11 Started helping 0
1457379654558	<INFO 7fd6ef02e740> 2016-03-07 20:40:54 Completed helping 0
1457379655577	<INFO 7fd6ef02e740> 2016-03-07 20:40:55 Started helping 0
1457379668911	<INFO 7fd6ef02e740> 2016-03-07 20:41:08 Completed helping 0
1457379670047	<INFO 7fd6ef02e740> 2016-03-07 20:41:10 Completed phase 7 Bytes read 83695771392 Bytes written 38348209448
1457379670049	<INFO 7fd6ef02e740> CORE::PARTITIONS_PROCESSED 339
1457379670052	<INFO 7fd6ef02e740> CORE::BYTES::EDGES_STREAMED 4785840792
1457379670054	<INFO 7fd6ef02e740> CORE::BYTES::UPDATES_OUT 2768589144
1457379670057	<INFO 7fd6ef02e740> CORE::BYTES::UPDATES_IN 1885614032
1457379670059	<INFO 7fb8c3fff700> CORE::PARTITIONS_PROCESSED 923
1457379670061	<INFO 7fb8c3fff700> CORE::BYTES::EDGES_STREAMED 5108308740
1457379670063	<INFO 7fb8c3fff700> CORE::BYTES::UPDATES_OUT 2892303872
1457379670066	<INFO 7fb8c3fff700> CORE::BYTES::UPDATES_IN 2087119360
1457379670068	<INFO 7fb8ce7fc700> CORE::PARTITIONS_PROCESSED 859
1457379670070	<INFO 7fb8ce7fc700> CORE::BYTES::EDGES_STREAMED 5422996668
1457379670073	<INFO 7fb8ce7fc700> CORE::BYTES::UPDATES_OUT 3130176000
1457379670075	<INFO 7fb8ce7fc700> CORE::BYTES::UPDATES_IN 1575011512
1457379670077	<INFO 7fb8cdffb700> CORE::PARTITIONS_PROCESSED 627
1457379670080	<INFO 7fb8cdffb700> CORE::BYTES::EDGES_STREAMED 5150114856
1457379670082	<INFO 7fb8cdffb700> CORE::BYTES::UPDATES_OUT 2935596272
1457379670085	<INFO 7fb8cdffb700> CORE::BYTES::UPDATES_IN 1853266720
1457379670087	<INFO 7fb8ceffd700> CORE::PARTITIONS_PROCESSED 683
1457379670089	<INFO 7fb8cf7fe700> CORE::PARTITIONS_PROCESSED 680
1457379670092	<INFO 7fb8ceffd700> CORE::BYTES::EDGES_STREAMED 3965570784
1457379670094	<INFO 7fb8cd7fa700> CORE::PARTITIONS_PROCESSED 833
1457379670096	<INFO 7fb8ceffd700> CORE::BYTES::UPDATES_OUT 2244854416
1457379670099	<INFO 7fb8cf7fe700> CORE::BYTES::EDGES_STREAMED 4392780576
1457379670101	<INFO 7fb8ccff9700> CORE::PARTITIONS_PROCESSED 816
1457379670103	<INFO 7fb8cf7fe700> CORE::BYTES::UPDATES_OUT 2502020144
1457379670106	<INFO 7fb8ceffd700> CORE::BYTES::UPDATES_IN 1529299792
1457379670108	<INFO 7fb8cd7fa700> CORE::BYTES::EDGES_STREAMED 4249342068
1457379670110	<INFO 7fb8ccff9700> CORE::BYTES::EDGES_STREAMED 4161345732
1457379670113	<INFO 7fb8cd7fa700> CORE::BYTES::UPDATES_OUT 2361121080
1457379670115	<INFO 7fb8ccff9700> CORE::BYTES::UPDATES_OUT 2320917672
1457379670117	<INFO 7fb8cf7fe700> CORE::BYTES::UPDATES_IN 1620021112
1457379670120	<INFO 7fb8ccff9700> CORE::BYTES::UPDATES_IN 1695365616
1457379670123	<INFO 7fb8cd7fa700> CORE::BYTES::UPDATES_IN 1803928648
1457379670125	<INFO 7fb8d8ff4700> SLIPSTORE service is exiting
1457379670127	<INFO 7fb8d8ff4700> SLIPSTORE::HELP_OFFERS_RECVD 196
1457379670130	<INFO 7fb8d8ff4700> SLIPSTORE::HELP_OFFERS_ACCEPTED 0
1457379670132	<INFO 7fb8d8ff4700> SLIPSTORE::HELP_ACCEPTANCE_RATIO 0
1457379670135	<INFO 7fb8d8ff4700> SLIPSTORE::SERVER_BUSY_DISK  705.25 seconds
1457379670137	<INFO 7fb8d8ff4700> SLIPSTORE::SERVER_BUSY_MEM  1.29699 seconds
1457379670139	<INFO 7fb8d8ff4700> SLIPSTORE::SERVER_TOTAL  875.267 seconds
1457379670142	<INFO 7fd6ef02e740> SLIPSTORE::CLIENT::DISK_READ_TIME  610.585 seconds
1457379670144	<INFO 7fd6ef02e740> SLIPSTORE::CLIENT::MEM_READ_TIME  0 seconds
1457379670147	<INFO 7fd6ef02e740> SLIPSTORE::CLIENT::DISK_BYTES_READ 69942191456
1457379670149	<INFO 7fd6ef02e740> SLIPSTORE::CLIENT::MEM_BYTES_READ 0
1457379670151	<INFO 7fd6ef02e740> SLIPSTORE::CLIENT::WRITE_TIME  190.421 seconds
1457379670154	<INFO 7fd6ef02e740> SLIPSTORE::CLIENT::BYTES_WRITTEN 6039797760
1457379670156	<INFO 7fd6ef02e740> SLIPSTORE::CLIENT_BUSY  801.006 seconds
1457379670158	<INFO 7fd6ef02e740> SLIPSTORE::IO::TIME 596.128 seconds
1457379670161	<INFO 7fd6ef02e740> SLIPSTORE::SNAP::TIME 0 seconds
1457379670163	<INFO 7fd6ef02e740> SLIPSTORE::MAX_DISK_USAGE_BYTES 11305577936
1457379671506	<INFO 7fd6ef02e740> CORE::RUSAGE::MAX_RSS_KB 125957144
1457379671510	<INFO 7fd6ef02e740> CORE::RUSAGE::MINFLT 34169648
1457379671513	<INFO 7fd6ef02e740> CORE::RUSAGE::MAJFLT 5
1457379671517	<INFO 7fd6ef02e740> CORE::RUSAGE::MAJFLT 5
1457379671520	<INFO 7fd6ef02e740> CORE::RUSAGE::INBLK 134849776
1457379671523	<INFO 7fd6ef02e740> CORE::RUSAGE::OUBLK 74904880
1457379671527	<INFO 7fd6ef02e740> CORE::UTILS::BYTES_READ 83695771392
1457379671531	<INFO 7fd6ef02e740> CORE::UTILS::BYTES_WRITTEN 38348209448
1457379671535	<INFO 7fd6ef02e740> CORE::UTILS::TILE_COPY_BYTES 12482248704
1457379671538	<INFO 7fd6ef02e740> CORE::TIME::IO_WAIT 737.477 seconds
1457379671541	<INFO 7fd6ef02e740> CORE::TIME_TILE_COPY 99.453 seconds
1457379671545	<INFO 7fd6ef02e740> CORE::TIME_TILE_MERGE 0 seconds
1457379671549	<INFO 7fd6ef02e740> CORE::TIME_PROCESSING_STOLEN 315.317 seconds
1457379671552	<INFO 7fd6ef02e740> CORE::TIME_MERGE_WAIT 22.9224 seconds
1457379671556	<INFO 7fd6ef02e740> CORE::TIME_ALL_MC_BARRIER 3.93128 seconds
1457379671559	<INFO 7fd6ef02e740> CORE::PHASES 7
1457379671563	<INFO 7fd6ef02e740> CORE::TIME::SETUP 4.91764 seconds
1457379671567	<INFO 7fd6ef02e740> CORE::TIME::WALL 880.01 seconds
1457379671570	<INFO 7fd6ef02e740> SHUTDOWN
