1457378682073	<INFO 7fd95b144740> 2016-03-07 20:24:42 STARTUP
1457378682077	<INFO 7fd95b144740> CORE::GRAPH rmat-28_s8
1457378682081	<INFO 7fd95b144740> CORE::ALGORITHM pagerank
1457378682084	<INFO 7fd95b144740> CORE::VERTEX_STRIPING ON
1457378682088	<INFO 7fd95b144740> 2016-03-07 20:24:42 Blocking memory amount 126701535232
1457378789201	<INFO 7fd95b144740> 2016-03-07 20:26:29 Done blocking memory
1457378789205	<INFO 7fd95b144740> SG-DRIVER-ORIGINAL
1457378789208	<INFO 7fd95b144740> CORE::CONFIG::PROCESSORS 8
1457378789212	<INFO 7fd95b144740> CORE::CONFIG::PHYSICAL_MEMORY 2147483648
1457378789216	<INFO 7fd95b144740> CORE::CONFIG::VERTICES 268435456
1457378789220	<INFO 7fd95b144740> CORE::CONFIG::VERTEX_SIZE 12
1457378789224	<INFO 7fd95b144740> CORE::CONFIG::VERTEX_BUFFER 201326592
1457378789228	<INFO 7fd95b144740> CORE::CONFIG::EDGES 536870912
1457378789232	<INFO 7fd95b144740> CORE::CONFIG::PARTITIONS 128
1457378789236	<INFO 7fd95b144740> CORE::CONFIG::FANOUT 128
1457378789240	<INFO 7fd95b144740> CORE::CONFIG::SUPER_PARTITIONS 16
1457378789244	<INFO 7fd95b144740> CORE::CONFIG::TILES 1
1457378789248	<INFO 7fd95b144740> CORE::CONFIG::BUFFER_SIZE 389229363
1457378789252	<INFO 7fd95b144740> CORE::CONFIG::MAX_BUFFERS 4
1457378789255	<INFO 7fd95b144740> CORE::CONFIG::MAX_STREAMS 4
1457378789259	<INFO 7fd95b144740> SLIPSTREAM::EXT_MEM_SHUFFLE OFF
1457378791147	<WARNING 7fd95b144740> Unable to unlink file (stream.0.8.0):No such file or directory
1457378791151	<WARNING 7fd95b144740> Unable to unlink file (stream.0.9.0):No such file or directory
1457378791155	<WARNING 7fd95b144740> Unable to unlink file (stream.0.10.0):No such file or directory
1457378791158	<WARNING 7fd95b144740> Unable to unlink file (stream.0.11.0):No such file or directory
1457378791163	<WARNING 7fd95b144740> Unable to unlink file (stream.0.12.0):No such file or directory
1457378791167	<WARNING 7fd95b144740> Unable to unlink file (stream.0.13.0):No such file or directory
1457378791171	<WARNING 7fd95b144740> Unable to unlink file (stream.0.14.0):No such file or directory
1457378791175	<WARNING 7fd95b144740> Unable to unlink file (stream.0.15.0):No such file or directory
1457378791179	<WARNING 7fd95b144740> Unable to unlink file (stream.1.8.0):No such file or directory
1457378791183	<WARNING 7fd95b144740> Unable to unlink file (stream.1.9.0):No such file or directory
1457378791187	<WARNING 7fd95b144740> Unable to unlink file (stream.1.10.0):No such file or directory
1457378791191	<WARNING 7fd95b144740> Unable to unlink file (stream.1.11.0):No such file or directory
1457378791195	<WARNING 7fd95b144740> Unable to unlink file (stream.1.12.0):No such file or directory
1457378791199	<WARNING 7fd95b144740> Unable to unlink file (stream.1.13.0):No such file or directory
1457378791202	<WARNING 7fd95b144740> Unable to unlink file (stream.1.14.0):No such file or directory
1457378791206	<WARNING 7fd95b144740> Unable to unlink file (stream.1.15.0):No such file or directory
1457378791795	<WARNING 7fd95b144740> Unable to unlink file (stream.2.8.0):No such file or directory
1457378791799	<WARNING 7fd95b144740> Unable to unlink file (stream.2.9.0):No such file or directory
1457378791803	<WARNING 7fd95b144740> Unable to unlink file (stream.2.10.0):No such file or directory
1457378791807	<WARNING 7fd95b144740> Unable to unlink file (stream.2.11.0):No such file or directory
1457378791811	<WARNING 7fd95b144740> Unable to unlink file (stream.2.12.0):No such file or directory
1457378791815	<WARNING 7fd95b144740> Unable to unlink file (stream.2.13.0):No such file or directory
1457378791819	<WARNING 7fd95b144740> Unable to unlink file (stream.2.14.0):No such file or directory
1457378791823	<WARNING 7fd95b144740> Unable to unlink file (stream.2.15.0):No such file or directory
1457378792462	<WARNING 7fd95b144740> Unable to unlink file (stream.3.8.0):No such file or directory
1457378792466	<WARNING 7fd95b144740> Unable to unlink file (stream.3.9.0):No such file or directory
1457378792470	<WARNING 7fd95b144740> Unable to unlink file (stream.3.10.0):No such file or directory
1457378792473	<WARNING 7fd95b144740> Unable to unlink file (stream.3.11.0):No such file or directory
1457378792477	<WARNING 7fd95b144740> Unable to unlink file (stream.3.12.0):No such file or directory
1457378792481	<WARNING 7fd95b144740> Unable to unlink file (stream.3.13.0):No such file or directory
1457378792485	<WARNING 7fd95b144740> Unable to unlink file (stream.3.14.0):No such file or directory
1457378792489	<WARNING 7fd95b144740> Unable to unlink file (stream.3.15.0):No such file or directory
1457378792495	<INFO 7fd95b144740> SLIPSTORE::ZMQ_THREADS 2
1457378792499	<INFO 7fd95b144740> SLIPSTORE::COMM Connecting to tcp://dco-node137-10g:5016
1457378792503	<INFO 7fd95b144740> SLIPSTORE::COMM Connecting to tcp://dco-node138-10g:5034
1457378792508	<INFO 7fd95b144740> SLIPSTORE::COMM Connecting to tcp://dco-node139-10g:5052
1457378792511	<INFO 7fd95b144740> SLIPSTORE::COMM Connecting to tcp://dco-node140-10g:5070
1457378792515	<INFO 7fd95b144740> SLIPSTORE::COMM Connecting to tcp://dco-node141-10g:5088
1457378792519	<INFO 7fd95b144740> SLIPSTORE::COMM Connecting to tcp://dco-node142-10g:5106
1457378792523	<INFO 7fd95b144740> SLIPSTORE::COMM Connecting to tcp://dco-node143-10g:5124
1457378792527	<INFO 7fd95b144740> SLIPSTORE::COMM Connecting to tcp://dco-node144-10g:5142
1457378792531	<INFO 7fd95b144740> SLIPSTORE::COMM Listening at ipc://client
1457378792535	<INFO 7fd95b144740> SLIPSTORE::COMM Listening at tcp://ens1f0:5009
1457378792539	<INFO 7fd95b144740> SLIPSTORE::COMM Listening at tcp://ens1f0:5010
1457378792543	<INFO 7fd95b144740> SLIPSTORE::COMM Listening at tcp://ens1f0:5011
1457378792547	<INFO 7fd95b144740> SLIPSTORE::COMM Listening at tcp://ens1f0:5012
1457378792550	<INFO 7fd95b144740> SLIPSTORE::COMM Listening at tcp://ens1f0:5013
1457378792554	<INFO 7fd95b144740> SLIPSTORE::COMM Listening at tcp://ens1f0:5014
1457378792558	<INFO 7fd95b144740> SLIPSTORE::COMM Listening at tcp://ens1f0:5015
1457378792562	<INFO 7fd95b144740> SLIPSTORE::COMM Connecting to tcp://dco-node137-10g:5016
1457378792565	<INFO 7fd95b144740> SLIPSTORE::COMM Connecting to tcp://dco-node138-10g:5034
1457378792569	<INFO 7fd95b144740> SLIPSTORE::COMM Connecting to tcp://dco-node139-10g:5052
1457378792572	<INFO 7fd95b144740> SLIPSTORE::COMM Connecting to tcp://dco-node140-10g:5070
1457378792576	<INFO 7fd95b144740> SLIPSTORE::COMM Connecting to tcp://dco-node141-10g:5088
1457378792579	<INFO 7fd95b144740> SLIPSTORE::COMM Connecting to tcp://dco-node142-10g:5106
1457378792583	<INFO 7fd95b144740> SLIPSTORE::COMM Connecting to tcp://dco-node143-10g:5124
1457378792587	<INFO 7fd95b144740> SLIPSTORE::COMM Connecting to tcp://dco-node144-10g:5142
1457378792591	<INFO 7fd95b144740> SLIPSTORE::COMM Connecting to ipc://server
1457378792595	<INFO 7fd95b144740> SLIPSTORE::COMM Connecting to tcp://dco-node138-10g:5018
1457378792598	<INFO 7fd95b144740> SLIPSTORE::COMM Connecting to tcp://dco-node139-10g:5036
1457378792602	<INFO 7fd95b144740> SLIPSTORE::COMM Connecting to tcp://dco-node140-10g:5054
1457378792605	<INFO 7fd95b144740> SLIPSTORE::COMM Connecting to tcp://dco-node141-10g:5072
1457378792608	<INFO 7fd95b144740> SLIPSTORE::COMM Connecting to tcp://dco-node142-10g:5090
1457378792612	<INFO 7fd95b144740> SLIPSTORE::COMM Connecting to tcp://dco-node143-10g:5108
1457378792615	<INFO 7fd95b144740> SLIPSTORE::COMM Connecting to tcp://dco-node144-10g:5126
1457378792619	<INFO 7fd95b144740> SLIPSTORE::COMM Connecting to tcp://dco-node138-10g:5035
1457378792622	<INFO 7fd95b144740> SLIPSTORE::COMM Listening at tcp://ens1f0:5017
1457378792625	<INFO 7fd95b144740> SLIPSTORE::COMM Connecting to tcp://dco-node137-10g:5016
1457378792628	<INFO 7fd95b144740> SLIPSTORE::HELP_POLICY HEURISTIC_NEW
1457378792632	<INFO 7fd95b144740> SLIPSTORE::SERVER ASYNC
1457378792635	<INFO 7fd95b144740> SLIPSTORE::MACHINES 8
1457378792638	<INFO 7fd95b144740> SLIPSTORE::ME 0
1457378792641	<INFO 7fd95b144740> SLIPSTORE::SLIPCHUNK 4194304
1457378792644	<INFO 7fd95b144740> SLIPSTORE::QUOTA 18446744073709551615
1457378792647	<INFO 7fd95b144740> SLIPSTORE::IO PAGECACHE
1457378792649	<INFO 7fbb44ff4700> SLIPSTORE::COMM Listening at tcp://ens1f0:5016
1457378792653	<INFO 7fbb44ff4700> SLIPSTORE::COMM Listening at ipc://server
1457378792657	<INFO 7fbb44ff4700> SLIPSTORE::COMM Connecting to ipc://client
1457378792660	<INFO 7fbb44ff4700> SLIPSTORE::COMM Listening at tcp://ens1f0:5001
1457378792663	<INFO 7fbb44ff4700> SLIPSTORE::COMM Connecting to tcp://dco-node138-10g:5026
1457378792665	<INFO 7fbb44ff4700> SLIPSTORE::COMM Listening at tcp://ens1f0:5002
1457378792668	<INFO 7fbb44ff4700> SLIPSTORE::COMM Connecting to tcp://dco-node139-10g:5044
1457378792671	<INFO 7fbb44ff4700> SLIPSTORE::COMM Listening at tcp://ens1f0:5003
1457378792673	<INFO 7fbb44ff4700> SLIPSTORE::COMM Connecting to tcp://dco-node140-10g:5062
1457378792677	<INFO 7fbb44ff4700> SLIPSTORE::COMM Listening at tcp://ens1f0:5004
1457378792680	<INFO 7fbb44ff4700> SLIPSTORE::COMM Connecting to tcp://dco-node141-10g:5080
1457378792682	<INFO 7fbb44ff4700> SLIPSTORE::COMM Listening at tcp://ens1f0:5005
1457378792685	<INFO 7fbb44ff4700> SLIPSTORE::COMM Connecting to tcp://dco-node142-10g:5098
1457378792689	<INFO 7fbb44ff4700> SLIPSTORE::COMM Listening at tcp://ens1f0:5006
1457378792693	<INFO 7fbb44ff4700> SLIPSTORE::COMM Connecting to tcp://dco-node143-10g:5116
1457378792696	<INFO 7fbb44ff4700> SLIPSTORE::COMM Listening at tcp://ens1f0:5007
1457378792699	<INFO 7fbb44ff4700> SLIPSTORE::COMM Connecting to tcp://dco-node144-10g:5134
1457378794960	<INFO 7fd95b144740> SLIPSTORE::CHECKPOINTS NONE FOUND
1457378870426	<INFO 7fd95b144740> 2016-03-07 20:27:50 Completed init
1457378871748	<INFO 7fd95b144740> 2016-03-07 20:27:51 Started gather
1457378873567	<INFO 7fd95b144740> 2016-03-07 20:27:53 Completed gather
1457378873570	<INFO 7fd95b144740> 2016-03-07 20:27:53 Started gather
1457378875532	<INFO 7fd95b144740> 2016-03-07 20:27:55 Completed gather
1457378875654	<INFO 7fd95b144740> 2016-03-07 20:27:55 Started scatter
1457378914463	<INFO 7fd95b144740> 2016-03-07 20:28:34 Completed scatter
1457378914466	<INFO 7fd95b144740> 2016-03-07 20:28:34 Started scatter
1457378920091	<INFO 7fd95b144740> 2016-03-07 20:28:40 Completed scatter
1457378920215	<INFO 7fd95b144740> 2016-03-07 20:28:40 Completed phase 1 Bytes read 13829076864 Bytes written 7109801856
1457378922877	<INFO 7fd95b144740> 2016-03-07 20:28:42 Started gather
1457378924199	<INFO 7fd95b144740> 2016-03-07 20:28:44 Completed gather
1457378924203	<INFO 7fd95b144740> 2016-03-07 20:28:44 Started gather
1457378925534	<INFO 7fd95b144740> 2016-03-07 20:28:45 Completed gather
1457378925607	<INFO 7fd95b144740> 2016-03-07 20:28:45 Started gather
1457379007925	<INFO 7fd95b144740> 2016-03-07 20:30:07 Completed gather
1457379007930	<INFO 7fd95b144740> 2016-03-07 20:30:07 Started gather
1457379019031	<INFO 7fd95b144740> 2016-03-07 20:30:19 Completed gather
1457379019086	<INFO 7fd95b144740> 2016-03-07 20:30:19 Completed phase 2 Bytes read 21542858496 Bytes written 12706823944
1457379027221	<INFO 7fd95b144740> 2016-03-07 20:30:27 Started gather
1457379060000	<INFO 7fd95b144740> 2016-03-07 20:30:59 Completed gather
1457379060003	<INFO 7fd95b144740> 2016-03-07 20:30:59 Started gather
1457379061931	<INFO 7fd95b144740> 2016-03-07 20:31:01 Completed gather
1457379069495	<INFO 7fd95b144740> 2016-03-07 20:31:09 Started scatter
1457379130084	<INFO 7fd95b144740> 2016-03-07 20:32:10 Completed scatter
1457379130089	<INFO 7fd95b144740> 2016-03-07 20:32:10 Started scatter
1457379147592	<INFO 7fd95b144740> 2016-03-07 20:32:27 Completed scatter
1457379148309	<INFO 7fd95b144740> 2016-03-07 20:32:28 Completed phase 3 Bytes read 33847029256 Bytes written 17730737304
1457379154825	<INFO 7fd95b144740> 2016-03-07 20:32:34 Started gather
1457379190419	<INFO 7fd95b144740> 2016-03-07 20:33:10 Completed gather
1457379190422	<INFO 7fd95b144740> 2016-03-07 20:33:10 Started gather
1457379192385	<INFO 7fd95b144740> 2016-03-07 20:33:12 Completed gather
1457379199977	<INFO 7fd95b144740> 2016-03-07 20:33:19 Started scatter
1457379260780	<INFO 7fd95b144740> 2016-03-07 20:34:20 Completed scatter
1457379260783	<INFO 7fd95b144740> 2016-03-07 20:34:20 Started scatter
1457379277939	<INFO 7fd95b144740> 2016-03-07 20:34:37 Completed scatter
1457379278472	<INFO 7fd95b144740> 2016-03-07 20:34:38 Completed phase 4 Bytes read 45980744472 Bytes written 22771072824
1457379284492	<INFO 7fd95b144740> 2016-03-07 20:34:44 Started gather
1457379318188	<INFO 7fd95b144740> 2016-03-07 20:35:18 Completed gather
1457379318191	<INFO 7fd95b144740> 2016-03-07 20:35:18 Started gather
1457379321487	<INFO 7fd95b144740> 2016-03-07 20:35:21 Completed gather
1457379328929	<INFO 7fd95b144740> 2016-03-07 20:35:28 Started scatter
1457379392878	<INFO 7fd95b144740> 2016-03-07 20:36:32 Completed scatter
1457379392881	<INFO 7fd95b144740> 2016-03-07 20:36:32 Started scatter
1457379409587	<INFO 7fd95b144740> 2016-03-07 20:36:49 Completed scatter
1457379410509	<INFO 7fd95b144740> 2016-03-07 20:36:50 Completed phase 5 Bytes read 58080550200 Bytes written 28037934488
1457379416519	<INFO 7fd95b144740> 2016-03-07 20:36:56 Started gather
1457379449700	<INFO 7fd95b144740> 2016-03-07 20:37:29 Completed gather
1457379449704	<INFO 7fd95b144740> 2016-03-07 20:37:29 Started gather
1457379452515	<INFO 7fd95b144740> 2016-03-07 20:37:32 Completed gather
1457379459982	<INFO 7fd95b144740> 2016-03-07 20:37:39 Started scatter
1457379522122	<INFO 7fd95b144740> 2016-03-07 20:38:42 Completed scatter
1457379522125	<INFO 7fd95b144740> 2016-03-07 20:38:42 Started scatter
1457379537387	<INFO 7fd95b144740> 2016-03-07 20:38:57 Completed scatter
1457379537946	<INFO 7fd95b144740> 2016-03-07 20:38:57 Completed phase 6 Bytes read 70432047896 Bytes written 33206821608
1457379544636	<INFO 7fd95b144740> 2016-03-07 20:39:04 Started gather
1457379575062	<INFO 7fd95b144740> 2016-03-07 20:39:35 Completed gather
1457379575066	<INFO 7fd95b144740> 2016-03-07 20:39:35 Started gather
1457379583987	<INFO 7fd95b144740> 2016-03-07 20:39:43 Completed gather
1457379591407	<INFO 7fd95b144740> 2016-03-07 20:39:51 Started scatter
1457379654558	<INFO 7fd95b144740> 2016-03-07 20:40:54 Completed scatter
1457379654561	<INFO 7fd95b144740> 2016-03-07 20:40:54 Started scatter
1457379669467	<INFO 7fd95b144740> 2016-03-07 20:41:09 Completed scatter
1457379670048	<INFO 7fd95b144740> 2016-03-07 20:41:10 Completed phase 7 Bytes read 82735902696 Bytes written 38510319552
1457379670050	<INFO 7fd95b144740> CORE::PARTITIONS_PROCESSED 807
1457379670052	<INFO 7fd95b144740> CORE::BYTES::EDGES_STREAMED 7964071476
1457379670055	<INFO 7fd95b144740> CORE::BYTES::UPDATES_OUT 4484366792
1457379670057	<INFO 7fd95b144740> CORE::BYTES::UPDATES_IN 5160786256
1457379670060	<INFO 7fbb33fff700> CORE::PARTITIONS_PROCESSED 2156
1457379670062	<INFO 7fbb33fff700> CORE::BYTES::EDGES_STREAMED 8261919960
1457379670064	<INFO 7fbb33fff700> CORE::BYTES::UPDATES_OUT 4587569992
1457379670067	<INFO 7fbb33fff700> CORE::BYTES::UPDATES_IN 5734410088
1457379670069	<INFO 7fbb3cff9700> CORE::PARTITIONS_PROCESSED 1927
1457379670071	<INFO 7fbb3e7fc700> CORE::PARTITIONS_PROCESSED 2042
1457379670074	<INFO 7fbb3f7fe700> CORE::PARTITIONS_PROCESSED 1462
1457379670076	<INFO 7fbb3d7fa700> CORE::PARTITIONS_PROCESSED 1895
1457379670078	<INFO 7fbb3f7fe700> CORE::BYTES::EDGES_STREAMED 6992521320
1457379670080	<INFO 7fbb3effd700> CORE::PARTITIONS_PROCESSED 1590
1457379670083	<INFO 7fbb3d7fa700> CORE::BYTES::EDGES_STREAMED 6917848452
1457379670085	<INFO 7fbb3e7fc700> CORE::BYTES::EDGES_STREAMED 7976644812
1457379670088	<INFO 7fbb3dffb700> CORE::PARTITIONS_PROCESSED 1433
1457379670090	<INFO 7fbb3f7fe700> CORE::BYTES::UPDATES_OUT 3967966104
1457379670092	<INFO 7fbb3cff9700> CORE::BYTES::EDGES_STREAMED 6963422940
1457379670095	<INFO 7fbb3e7fc700> CORE::BYTES::UPDATES_OUT 4585872400
1457379670097	<INFO 7fbb3d7fa700> CORE::BYTES::UPDATES_OUT 3932601800
1457379670099	<INFO 7fbb3dffb700> CORE::BYTES::EDGES_STREAMED 8273100024
1457379670101	<INFO 7fbb3cff9700> CORE::BYTES::UPDATES_OUT 3920666928
1457379670104	<INFO 7fbb3effd700> CORE::BYTES::EDGES_STREAMED 6457340232
1457379670106	<INFO 7fbb3d7fa700> CORE::BYTES::UPDATES_IN 5162042448
1457379670109	<INFO 7fbb3cff9700> CORE::BYTES::UPDATES_IN 4955279328
1457379670111	<INFO 7fbb3dffb700> CORE::BYTES::UPDATES_OUT 4819316848
1457379670114	<INFO 7fbb3f7fe700> CORE::BYTES::UPDATES_IN 3430130384
1457379670116	<INFO 7fbb3dffb700> CORE::BYTES::UPDATES_IN 4877173896
1457379670119	<INFO 7fbb3effd700> CORE::BYTES::UPDATES_OUT 3665245736
1457379670121	<INFO 7fbb3e7fc700> CORE::BYTES::UPDATES_IN 4792033952
1457379670124	<INFO 7fbb3effd700> CORE::BYTES::UPDATES_IN 4499928896
1457379670126	<INFO 7fbb44ff4700> SLIPSTORE service is exiting
1457379670129	<INFO 7fbb44ff4700> SLIPSTORE::HELP_OFFERS_RECVD 196
1457379670131	<INFO 7fbb44ff4700> SLIPSTORE::HELP_OFFERS_ACCEPTED 97
1457379670134	<INFO 7fbb44ff4700> SLIPSTORE::HELP_ACCEPTANCE_RATIO 0.494898
1457379670136	<INFO 7fbb44ff4700> SLIPSTORE::SERVER_BUSY_DISK  703.678 seconds
1457379670139	<INFO 7fbb44ff4700> SLIPSTORE::SERVER_BUSY_MEM  0 seconds
1457379670141	<INFO 7fbb44ff4700> SLIPSTORE::SERVER_TOTAL  877.559 seconds
1457379670143	<INFO 7fd95b144740> SLIPSTORE::CLIENT::DISK_READ_TIME  598.484 seconds
1457379670146	<INFO 7fd95b144740> SLIPSTORE::CLIENT::MEM_READ_TIME  32.503 seconds
1457379670148	<INFO 7fd95b144740> SLIPSTORE::CLIENT::DISK_BYTES_READ 112687676888
1457379670151	<INFO 7fd95b144740> SLIPSTORE::CLIENT::MEM_BYTES_READ 8254390272
1457379670153	<INFO 7fd95b144740> SLIPSTORE::CLIENT::WRITE_TIME  199.776 seconds
1457379670155	<INFO 7fd95b144740> SLIPSTORE::CLIENT::BYTES_WRITTEN 6039797760
1457379670158	<INFO 7fd95b144740> SLIPSTORE::CLIENT_BUSY  830.763 seconds
1457379670160	<INFO 7fd95b144740> SLIPSTORE::IO::TIME 596.701 seconds
1457379670163	<INFO 7fd95b144740> SLIPSTORE::SNAP::TIME 0 seconds
1457379670165	<INFO 7fd95b144740> SLIPSTORE::MAX_DISK_USAGE_BYTES 11205340248
1457379671538	<INFO 7fd95b144740> CORE::RUSAGE::MAX_RSS_KB 125979484
1457379671542	<INFO 7fd95b144740> CORE::RUSAGE::MINFLT 33362301
1457379671546	<INFO 7fd95b144740> CORE::RUSAGE::MAJFLT 5
1457379671550	<INFO 7fd95b144740> CORE::RUSAGE::MAJFLT 5
1457379671553	<INFO 7fd95b144740> CORE::RUSAGE::INBLK 134257232
1457379671558	<INFO 7fd95b144740> CORE::RUSAGE::OUBLK 75221432
1457379671562	<INFO 7fd95b144740> CORE::UTILS::BYTES_READ 82735902696
1457379671565	<INFO 7fd95b144740> CORE::UTILS::BYTES_WRITTEN 38510319552
1457379671570	<INFO 7fd95b144740> CORE::UTILS::TILE_COPY_BYTES 16307453952
1457379671574	<INFO 7fd95b144740> CORE::TIME::IO_WAIT 746.291 seconds
1457379671577	<INFO 7fd95b144740> CORE::TIME_TILE_COPY 0 seconds
1457379671580	<INFO 7fd95b144740> CORE::TIME_TILE_MERGE 33.4697 seconds
1457379671584	<INFO 7fd95b144740> CORE::TIME_PROCESSING_STOLEN 0 seconds
1457379671588	<INFO 7fd95b144740> CORE::TIME_MERGE_WAIT 0.403477 seconds
1457379671592	<INFO 7fd95b144740> CORE::TIME_ALL_MC_BARRIER 7.82039 seconds
1457379671596	<INFO 7fd95b144740> CORE::PHASES 7
1457379671599	<INFO 7fd95b144740> CORE::TIME::SETUP 7.24577 seconds
1457379671603	<INFO 7fd95b144740> CORE::TIME::WALL 882.337 seconds
1457379671607	<INFO 7fd95b144740> SHUTDOWN
