1463395400313	<INFO 7fa3f2984780> 2016-05-16 12:43:20 STARTUP
1463395400315	<INFO 7fa3f2984780> CORE::GRAPH rmat-28_s8
1463395400317	<INFO 7fa3f2984780> CORE::ALGORITHM pagerank
1463395400320	<INFO 7fa3f2984780> CORE::VERTEX_STRIPING ON
1463395400322	<INFO 7fa3f2984780> CORE::OPTIMIZED_STATE_LOAD_STORE OFF
1463395400324	<INFO 7fa3f2984780> CORE::BINARY_SEARCH_SUPER_PARTITION ON
1463395400326	<INFO 7fa3f2984780> CORE::SUPER_PARTITION_COMPUTED_FOR_EACH_SCATTER_GATHER_PHASE
1463395400328	<INFO 7fa3f2984780> CORE::EDGE_STRIPING ON
1463395400331	<INFO 7fa3f2984780> CORE::BATCH IO ON
1463395400333	<INFO 7fa3f2984780> CORE::GRID_PARTITIONING OFF
1463395400336	<INFO 7fa3f2984780> 2016-05-16 12:43:20 Blocking memory amount 126701535232
1463395506632	<INFO 7fa3f2984780> 2016-05-16 12:45:06 Done blocking memory
1463395506634	<INFO 7fa3f2984780> SG-DRIVER-ORIGINAL
1463395506636	<INFO 7fa3f2984780> 2016-05-16 12:45:06 START read config parameters
1463395506638	<INFO 7fa3f2984780> PARTITIONING::OLD 0
1463395506641	<INFO 7fa3f2984780> PARTITIONING::BALANCED_PARTITIONS 0
1463395506643	<INFO 7fa3f2984780> CORE::CONFIG::PROCESSORS 8
1463395506646	<INFO 7fa3f2984780> CORE::CONFIG::PHYSICAL_MEMORY 2147483648
1463395506648	<INFO 7fa3f2984780> CORE::CONFIG::VERTICES 268435456
1463395506650	<INFO 7fa3f2984780> CORE::CONFIG::VERTEX_SIZE 12
1463395506652	<INFO 7fa3f2984780> CORE::CONFIG::VERTEX_BUFFER 1088806140
1463395506654	<INFO 7fa3f2984780> CORE::CONFIG::EDGES 536870912
1463395506657	<INFO 7fa3f2984780> CORE::CONFIG::PARTITIONS 64
1463395506659	<INFO 7fa3f2984780> CORE::CONFIG::FANOUT 64
1463395506662	<INFO 7fa3f2984780> CORE::CONFIG::SUPER_PARTITIONS 8
1463395506664	<INFO 7fa3f2984780> CORE::CONFIG::MACHINE_ID 2
1463395506666	<INFO 7fa3f2984780> CORE::CONFIG::TILES 1
1463395506668	<INFO 7fa3f2984780> CORE::CONFIG::BUFFER_SIZE 211734375
1463395506672	<INFO 7fa3f2984780> CORE::CONFIG::MAX_BUFFERS 4
1463395506674	<INFO 7fa3f2984780> CORE::CONFIG::MAX_STREAMS 4
1463395506676	<INFO 7fa3f2984780> CORE::CONFIG::SUM_OF_OUT_DEGREES_FOR_NEW_PARTITIONS::FIRST_CONSTRAINT 0
1463395506678	<INFO 7fa3f2984780> CORE::CONFIG::MAX_EDGES_PER_NEW_PARTITION::SECOND_CONSTRAINT 0
1463395506681	<INFO 7fa3f2984780> SLIPSTREAM::EXT_MEM_SHUFFLE OFF
1463395506683	<INFO 7fa3f2984780> 2016-05-16 12:45:06 END read config parameters
1463395508377	<WARNING 7fa3f2984780> Unable to unlink file (stream.0.0.0):No such file or directory
1463395508380	<WARNING 7fa3f2984780> Unable to unlink file (stream.0.1.0):No such file or directory
1463395508382	<WARNING 7fa3f2984780> Unable to unlink file (stream.0.2.0):No such file or directory
1463395508384	<WARNING 7fa3f2984780> Unable to unlink file (stream.0.3.0):No such file or directory
1463395508386	<WARNING 7fa3f2984780> Unable to unlink file (stream.0.4.0):No such file or directory
1463395508389	<WARNING 7fa3f2984780> Unable to unlink file (stream.0.5.0):No such file or directory
1463395508392	<WARNING 7fa3f2984780> Unable to unlink file (stream.0.6.0):No such file or directory
1463395508394	<WARNING 7fa3f2984780> Unable to unlink file (stream.0.7.0):No such file or directory
1463395508396	<WARNING 7fa3f2984780> Unable to unlink file (stream.1.1.0):No such file or directory
1463395508398	<WARNING 7fa3f2984780> Unable to unlink file (stream.1.2.0):No such file or directory
1463395508400	<WARNING 7fa3f2984780> Unable to unlink file (stream.1.3.0):No such file or directory
1463395508403	<WARNING 7fa3f2984780> Unable to unlink file (stream.1.4.0):No such file or directory
1463395508405	<WARNING 7fa3f2984780> Unable to unlink file (stream.1.5.0):No such file or directory
1463395508407	<WARNING 7fa3f2984780> Unable to unlink file (stream.1.6.0):No such file or directory
1463395508409	<WARNING 7fa3f2984780> Unable to unlink file (stream.1.7.0):No such file or directory
1463395508411	<WARNING 7fa3f2984780> Unable to unlink file (stream.2.0.0):No such file or directory
1463395508413	<WARNING 7fa3f2984780> Unable to unlink file (stream.2.1.0):No such file or directory
1463395508415	<WARNING 7fa3f2984780> Unable to unlink file (stream.2.2.0):No such file or directory
1463395508418	<WARNING 7fa3f2984780> Unable to unlink file (stream.2.3.0):No such file or directory
1463395508419	<WARNING 7fa3f2984780> Unable to unlink file (stream.2.4.0):No such file or directory
1463395508422	<WARNING 7fa3f2984780> Unable to unlink file (stream.2.5.0):No such file or directory
1463395508424	<WARNING 7fa3f2984780> Unable to unlink file (stream.2.6.0):No such file or directory
1463395508426	<WARNING 7fa3f2984780> Unable to unlink file (stream.2.7.0):No such file or directory
1463395508428	<WARNING 7fa3f2984780> Unable to unlink file (stream.3.0.0):No such file or directory
1463395508430	<WARNING 7fa3f2984780> Unable to unlink file (stream.3.1.0):No such file or directory
1463395508432	<WARNING 7fa3f2984780> Unable to unlink file (stream.3.2.0):No such file or directory
1463395508434	<WARNING 7fa3f2984780> Unable to unlink file (stream.3.3.0):No such file or directory
1463395508436	<WARNING 7fa3f2984780> Unable to unlink file (stream.3.4.0):No such file or directory
1463395508438	<WARNING 7fa3f2984780> Unable to unlink file (stream.3.5.0):No such file or directory
1463395508440	<WARNING 7fa3f2984780> Unable to unlink file (stream.3.6.0):No such file or directory
1463395508442	<WARNING 7fa3f2984780> Unable to unlink file (stream.3.7.0):No such file or directory
1463395508443	<INFO 7fa3f2984780> SLIPSTORE::ZMQ_THREADS 2
1463395508446	<INFO 7fa3f2984780> SLIPSTORE::COMM Connecting to tcp://dco-node137-10g:5016
1463395508448	<INFO 7fa3f2984780> SLIPSTORE::COMM Connecting to tcp://dco-node138-10g:5034
1463395508450	<INFO 7fa3f2984780> SLIPSTORE::COMM Connecting to tcp://dco-node139-10g:5052
1463395508452	<INFO 7fa3f2984780> SLIPSTORE::COMM Connecting to tcp://dco-node140-10g:5070
1463395508454	<INFO 7fa3f2984780> SLIPSTORE::COMM Connecting to tcp://dco-node141-10g:5088
1463395508456	<INFO 7fa3f2984780> SLIPSTORE::COMM Connecting to tcp://dco-node142-10g:5106
1463395508458	<INFO 7fa3f2984780> SLIPSTORE::COMM Connecting to tcp://dco-node143-10g:5124
1463395508460	<INFO 7fa3f2984780> SLIPSTORE::COMM Connecting to tcp://dco-node144-10g:5142
1463395508462	<INFO 7fa3f2984780> SLIPSTORE::COMM Listening at tcp://p1p1:5044
1463395508463	<INFO 7fa3f2984780> SLIPSTORE::COMM Listening at tcp://p1p1:5045
1463395508466	<INFO 7fa3f2984780> SLIPSTORE::COMM Listening at ipc://client
1463395508468	<INFO 7fa3f2984780> SLIPSTORE::COMM Listening at tcp://p1p1:5047
1463395508470	<INFO 7fa3f2984780> SLIPSTORE::COMM Listening at tcp://p1p1:5048
1463395508472	<INFO 7fa3f2984780> SLIPSTORE::COMM Listening at tcp://p1p1:5049
1463395508474	<INFO 7fa3f2984780> SLIPSTORE::COMM Listening at tcp://p1p1:5050
1463395508476	<INFO 7fa3f2984780> SLIPSTORE::COMM Listening at tcp://p1p1:5051
1463395508478	<INFO 7fa3f2984780> SLIPSTORE::COMM Connecting to tcp://dco-node137-10g:5016
1463395508480	<INFO 7fa3f2984780> SLIPSTORE::COMM Connecting to tcp://dco-node138-10g:5034
1463395508482	<INFO 7fa3f2984780> SLIPSTORE::COMM Connecting to tcp://dco-node139-10g:5052
1463395508484	<INFO 7fa3f2984780> SLIPSTORE::COMM Connecting to tcp://dco-node140-10g:5070
1463395508485	<INFO 7fa3f2984780> SLIPSTORE::COMM Connecting to tcp://dco-node141-10g:5088
1463395508487	<INFO 7fa3f2984780> SLIPSTORE::COMM Connecting to tcp://dco-node142-10g:5106
1463395508489	<INFO 7fa3f2984780> SLIPSTORE::COMM Connecting to tcp://dco-node143-10g:5124
1463395508491	<INFO 7fa3f2984780> SLIPSTORE::COMM Connecting to tcp://dco-node144-10g:5142
1463395508493	<INFO 7fa3f2984780> SLIPSTORE::COMM Connecting to tcp://dco-node137-10g:5002
1463395508495	<INFO 7fa3f2984780> SLIPSTORE::COMM Connecting to tcp://dco-node138-10g:5020
1463395508497	<INFO 7fa3f2984780> SLIPSTORE::COMM Connecting to ipc://server
1463395508500	<INFO 7fa3f2984780> SLIPSTORE::COMM Connecting to tcp://dco-node140-10g:5056
1463395508502	<INFO 7fa3f2984780> SLIPSTORE::COMM Connecting to tcp://dco-node141-10g:5074
1463395508504	<INFO 7fa3f2984780> SLIPSTORE::COMM Connecting to tcp://dco-node142-10g:5092
1463395508506	<INFO 7fa3f2984780> SLIPSTORE::COMM Connecting to tcp://dco-node143-10g:5110
1463395508508	<INFO 7fa3f2984780> SLIPSTORE::COMM Connecting to tcp://dco-node144-10g:5128
1463395508510	<INFO 7fa3f2984780> SLIPSTORE::COMM Connecting to tcp://dco-node140-10g:5071
1463395508512	<INFO 7fa3f2984780> SLIPSTORE::COMM Listening at tcp://p1p1:5053
1463395508514	<INFO 7fa3f2984780> SLIPSTORE::COMM Connecting to tcp://dco-node139-10g:5052
1463395508516	<INFO 7fa3f2984780> SLIPSTORE::HELP_POLICY NONE
1463395508518	<INFO 7fa3f2984780> SLIPSTORE::SERVER ASYNC
1463395508520	<INFO 7fa3f2984780> SLIPSTORE::MACHINES 8
1463395508522	<INFO 7fa3f2984780> SLIPSTORE::ME 2
1463395508524	<INFO 7fa3f2984780> SLIPSTORE::SLIPCHUNK 4194304
1463395508526	<INFO 7fa3f2984780> SLIPSTORE::QUOTA 18446744073709551615
1463395508528	<INFO 7fa3f2984780> SLIPSTORE::IO PAGECACHE
1463395508530	<INFO 7f85d57f5700> SLIPSTORE::COMM Listening at tcp://p1p1:5052
1463395508532	<INFO 7f85d57f5700> SLIPSTORE::COMM Listening at tcp://p1p1:5036
1463395508534	<INFO 7f85d57f5700> SLIPSTORE::COMM Connecting to tcp://dco-node137-10g:5010
1463395508536	<INFO 7f85d57f5700> SLIPSTORE::COMM Listening at tcp://p1p1:5037
1463395508538	<INFO 7f85d57f5700> SLIPSTORE::COMM Connecting to tcp://dco-node138-10g:5028
1463395508540	<INFO 7f85d57f5700> SLIPSTORE::COMM Listening at ipc://server
1463395508542	<INFO 7f85d57f5700> SLIPSTORE::COMM Connecting to ipc://client
1463395508544	<INFO 7f85d57f5700> SLIPSTORE::COMM Listening at tcp://p1p1:5039
1463395508546	<INFO 7f85d57f5700> SLIPSTORE::COMM Connecting to tcp://dco-node140-10g:5064
1463395508548	<INFO 7f85d57f5700> SLIPSTORE::COMM Listening at tcp://p1p1:5040
1463395508551	<INFO 7f85d57f5700> SLIPSTORE::COMM Connecting to tcp://dco-node141-10g:5082
1463395508553	<INFO 7f85d57f5700> SLIPSTORE::COMM Listening at tcp://p1p1:5041
1463395508555	<INFO 7f85d57f5700> SLIPSTORE::COMM Connecting to tcp://dco-node142-10g:5100
1463395508558	<INFO 7f85d57f5700> SLIPSTORE::COMM Listening at tcp://p1p1:5042
1463395508560	<INFO 7f85d57f5700> SLIPSTORE::COMM Connecting to tcp://dco-node143-10g:5118
1463395508562	<INFO 7f85d57f5700> SLIPSTORE::COMM Listening at tcp://p1p1:5043
1463395508565	<INFO 7f85d57f5700> SLIPSTORE::COMM Connecting to tcp://dco-node144-10g:5136
1463395509743	<INFO 7fa3f2984780> SLIPSTORE::CHECKPOINTS NONE FOUND
1463395509746	<INFO 7fa3f2984780> 2016-05-16 12:45:09 Start edge split
1463395593207	<INFO 7fa3f2984780> 2016-05-16 12:46:33 Completed init
1463395595357	<INFO 7fa3f2984780> 2016-05-16 12:46:35 Started gather
1463395596900	<INFO 7fa3f2984780> 2016-05-16 12:46:36 Completed gather
1463395602658	<INFO 7fa3f2984780> 2016-05-16 12:46:42 Started scatter
1463395634268	<INFO 7fa3f2984780> 2016-05-16 12:47:14 Completed scatter
1463395637742	<INFO 7fa3f2984780> 2016-05-16 12:47:17 Completed phase 1 Bytes read 13805824216 Bytes written 7363373272
1463395644444	<INFO 7fa3f2984780> 2016-05-16 12:47:24 Started gather
1463395646007	<INFO 7fa3f2984780> 2016-05-16 12:47:26 Completed gather
1463395651167	<INFO 7fa3f2984780> 2016-05-16 12:47:31 Started gather
1463395724198	<INFO 7fa3f2984780> 2016-05-16 12:48:44 Completed gather
1463395727342	<INFO 7fa3f2984780> 2016-05-16 12:48:47 Completed phase 2 Bytes read 21574332076 Bytes written 12825129884
1463395734893	<INFO 7fa3f2984780> 2016-05-16 12:48:54 Started gather
1463395754820	<INFO 7fa3f2984780> 2016-05-16 12:49:14 Completed gather
1463395770211	<INFO 7fa3f2984780> 2016-05-16 12:49:30 Started scatter
1463395840173	<INFO 7fa3f2984780> 2016-05-16 12:50:40 Completed scatter
1463395840840	<INFO 7fa3f2984780> 2016-05-16 12:50:40 Completed phase 3 Bytes read 33589192784 Bytes written 17805683964
1463395847330	<INFO 7fa3f2984780> 2016-05-16 12:50:47 Started gather
1463395869514	<INFO 7fa3f2984780> 2016-05-16 12:51:09 Completed gather
1463395884677	<INFO 7fa3f2984780> 2016-05-16 12:51:24 Started scatter
1463395955844	<INFO 7fa3f2984780> 2016-05-16 12:52:35 Completed scatter
1463395957472	<INFO 7fa3f2984780> 2016-05-16 12:52:37 Completed phase 4 Bytes read 45527985548 Bytes written 22881016460
1463395964033	<INFO 7fa3f2984780> 2016-05-16 12:52:44 Started gather
1463395986154	<INFO 7fa3f2984780> 2016-05-16 12:53:06 Completed gather
1463396003020	<INFO 7fa3f2984780> 2016-05-16 12:53:23 Started scatter
1463396072336	<INFO 7fa3f2984780> 2016-05-16 12:54:32 Completed scatter
1463396075766	<INFO 7fa3f2984780> 2016-05-16 12:54:35 Completed phase 5 Bytes read 57561556728 Bytes written 27897615924
1463396082448	<INFO 7fa3f2984780> 2016-05-16 12:54:42 Started gather
1463396105227	<INFO 7fa3f2984780> 2016-05-16 12:55:05 Completed gather
1463396120582	<INFO 7fa3f2984780> 2016-05-16 12:55:20 Started scatter
1463396190261	<INFO 7fa3f2984780> 2016-05-16 12:56:30 Completed scatter
1463396191037	<INFO 7fa3f2984780> 2016-05-16 12:56:31 Completed phase 6 Bytes read 69536394876 Bytes written 32942032020
1463396197794	<INFO 7fa3f2984780> 2016-05-16 12:56:37 Started gather
1463396219466	<INFO 7fa3f2984780> 2016-05-16 12:56:59 Completed gather
1463396233508	<INFO 7fa3f2984780> 2016-05-16 12:57:13 Started scatter
1463396301758	<INFO 7fa3f2984780> 2016-05-16 12:58:21 Completed scatter
1463396303801	<INFO 7fa3f2984780> 2016-05-16 12:58:23 Completed phase 7 Bytes read 81539049656 Bytes written 38040518676
1463396303803	<INFO 7fa3f2984780> CORE::PARTITIONS_PROCESSED 508
1463396303805	<INFO 7fa3f2984780> CORE::BYTES::EDGES_STREAMED 5510616564
1463396303808	<INFO 7fa3f2984780> CORE::BYTES::UPDATES_OUT 3158211496
1463396303810	<INFO 7fa3f2984780> CORE::BYTES::UPDATES_IN 2581681488
1463396303813	<INFO 7f85ca7fc700> CORE::PARTITIONS_PROCESSED 1099
1463396303815	<INFO 7f85c97fa700> CORE::PARTITIONS_PROCESSED 1342
1463396303817	<INFO 7f85cb7fe700> CORE::PARTITIONS_PROCESSED 1425
1463396303819	<INFO 7f85c8ff9700> CORE::PARTITIONS_PROCESSED 593
1463396303822	<INFO 7f85c9ffb700> CORE::PARTITIONS_PROCESSED 1019
1463396303824	<INFO 7f85caffd700> CORE::PARTITIONS_PROCESSED 714
1463396303826	<INFO 7f85ca7fc700> CORE::BYTES::EDGES_STREAMED 8436658680
1463396303829	<INFO 7f85cbfff700> CORE::PARTITIONS_PROCESSED 660
1463396303831	<INFO 7f85cb7fe700> CORE::BYTES::EDGES_STREAMED 5111853840
1463396303833	<INFO 7f85ca7fc700> CORE::BYTES::UPDATES_OUT 4845765904
1463396303835	<INFO 7f85caffd700> CORE::BYTES::EDGES_STREAMED 5199367968
1463396303838	<INFO 7f85c97fa700> CORE::BYTES::EDGES_STREAMED 5632896468
1463396303840	<INFO 7f85c8ff9700> CORE::BYTES::EDGES_STREAMED 6341681880
1463396303842	<INFO 7f85c9ffb700> CORE::BYTES::EDGES_STREAMED 7277705208
1463396303844	<INFO 7f85cb7fe700> CORE::BYTES::UPDATES_OUT 2909501496
1463396303846	<INFO 7f85cbfff700> CORE::BYTES::EDGES_STREAMED 5518636080
1463396303849	<INFO 7f85caffd700> CORE::BYTES::UPDATES_OUT 2970309816
1463396303851	<INFO 7f85c8ff9700> CORE::BYTES::UPDATES_OUT 3609773768
1463396303853	<INFO 7f85caffd700> CORE::BYTES::UPDATES_IN 2471133400
1463396303855	<INFO 7f85ca7fc700> CORE::BYTES::UPDATES_IN 3852409696
1463396303857	<INFO 7f85c9ffb700> CORE::BYTES::UPDATES_OUT 4169187360
1463396303860	<INFO 7f85cbfff700> CORE::BYTES::UPDATES_OUT 3159961872
1463396303862	<INFO 7f85c8ff9700> CORE::BYTES::UPDATES_IN 2684121328
1463396303864	<INFO 7f85c9ffb700> CORE::BYTES::UPDATES_IN 3969189208
1463396303866	<INFO 7f85c97fa700> CORE::BYTES::UPDATES_OUT 3194097824
1463396303868	<INFO 7f85c97fa700> CORE::BYTES::UPDATES_IN 2547835056
1463396303870	<INFO 7f85cb7fe700> CORE::BYTES::UPDATES_IN 2511999152
1463396303873	<INFO 7f85cbfff700> CORE::BYTES::UPDATES_IN 2730434432
1463396303875	<INFO 7f85d57f5700> SLIPSTORE service is exiting
1463396303877	<INFO 7f85d57f5700> SLIPSTORE::HELP_OFFERS_RECVD 98
1463396303880	<INFO 7f85d57f5700> SLIPSTORE::HELP_OFFERS_ACCEPTED 0
1463396303882	<INFO 7f85d57f5700> SLIPSTORE::HELP_ACCEPTANCE_RATIO 0
1463396303884	<INFO 7f85d57f5700> SLIPSTORE::SERVER_BUSY_DISK  665.439 seconds
1463396303886	<INFO 7f85d57f5700> SLIPSTORE::SERVER_BUSY_MEM  0 seconds
1463396303888	<INFO 7f85d57f5700> SLIPSTORE::SERVER_TOTAL  795.391 seconds
1463396303891	<INFO 7fa3f2984780> SLIPSTORE::CLIENT::DISK_READ_TIME  458.78 seconds
1463396303893	<INFO 7fa3f2984780> SLIPSTORE::CLIENT::MEM_READ_TIME  0 seconds
1463396303896	<INFO 7fa3f2984780> SLIPSTORE::CLIENT::DISK_BYTES_READ 83959620644
1463396303898	<INFO 7fa3f2984780> SLIPSTORE::CLIENT::MEM_BYTES_READ 0
1463396303900	<INFO 7fa3f2984780> SLIPSTORE::CLIENT::WRITE_TIME  202.345 seconds
1463396303902	<INFO 7fa3f2984780> SLIPSTORE::CLIENT::BYTES_WRITTEN 3932841240
1463396303904	<INFO 7fa3f2984780> SLIPSTORE::CLIENT_BUSY  661.125 seconds
1463396303907	<INFO 7fa3f2984780> SLIPSTORE::IO::TIME 474.645 seconds
1463396303909	<INFO 7fa3f2984780> SLIPSTORE::SNAP::TIME 0 seconds
1463396303911	<INFO 7fa3f2984780> SLIPSTORE::MAX_DISK_USAGE_BYTES 11246456164
1463396305356	<INFO 7fa3f2984780> CORE::RUSAGE::MAX_RSS_KB 125936940
1463396305358	<INFO 7fa3f2984780> CORE::RUSAGE::MINFLT 56191701
1463396305361	<INFO 7fa3f2984780> CORE::RUSAGE::MAJFLT 3
1463396305363	<INFO 7fa3f2984780> CORE::RUSAGE::MAJFLT 3
1463396305366	<INFO 7fa3f2984780> CORE::RUSAGE::INBLK 140171256
1463396305368	<INFO 7fa3f2984780> CORE::RUSAGE::OUBLK 74306504
1463396305370	<INFO 7fa3f2984780> CORE::UTILS::BYTES_READ 81539049656
1463396305372	<INFO 7fa3f2984780> CORE::UTILS::BYTES_WRITTEN 38040518676
1463396305374	<INFO 7fa3f2984780> CORE::UTILS::TILE_COPY_BYTES 5243788320
1463396305377	<INFO 7fa3f2984780> CORE::TIME::IO_WAIT 468.335 seconds
1463396305379	<INFO 7fa3f2984780> CORE::TIME_TILE_COPY 0 seconds
1463396305381	<INFO 7fa3f2984780> CORE::TIME_TILE_MERGE 0 seconds
1463396305383	<INFO 7fa3f2984780> CORE::TIME_PROCESSING_STOLEN 0 seconds
1463396305386	<INFO 7fa3f2984780> CORE::TIME_MERGE_WAIT 0 seconds
1463396305389	<INFO 7fa3f2984780> CORE::OTHER_TIME_ALL_MC_BARRIER 0 seconds
1463396305392	<INFO 7fa3f2984780> CORE::SCATTER_TIME_ALL_MC_BARRIER 9.56338 seconds
1463396305394	<INFO 7fa3f2984780> CORE::GATHER_TIME_ALL_MC_BARRIER 2.80339 seconds
1463396305396	<INFO 7fa3f2984780> CORE::INIT_TIME_ALL_MC_BARRIER 1.72326 seconds
1463396305398	<INFO 7fa3f2984780> CORE::SHUT_DOWN_TIME_ALL_MC_BARRIER 0.005782 seconds
1463396305401	<INFO 7fa3f2984780> CORE::STREAM_SKIP_BEFORE_TIME_ALL_MC_BARRIER 31.4133 seconds
1463396305403	<INFO 7fa3f2984780> CORE::TAKE_CHECKPOINT_BEFORE_TIME_ALL_MC_BARRIER 0 seconds
1463396305405	<INFO 7fa3f2984780> CORE::TAKE_CHECKPOINT_COMPLETE_TIME_ALL_MC_BARRIER 0 seconds
1463396305407	<INFO 7fa3f2984780> CORE::METADATA_WRITE_COMPLETE_TIME_ALL_MC_BARRIER 0 seconds
1463396305410	<INFO 7fa3f2984780> CORE::STREAM_EOF_BEFORE_TIME_ALL_MC_BARRIER 0 seconds
1463396305412	<INFO 7fa3f2984780> CORE::STREAM_EOF_AFTER_TIME_ALL_MC_BARRIER 0 seconds
1463396305414	<INFO 7fa3f2984780> CORE::STATE_LOAD_TIME_ALL_MC_BARRIER 0 seconds
1463396305417	<INFO 7fa3f2984780> CORE::STATE_STORE_TIME_ALL_MC_BARRIER 0 seconds
1463396305420	<INFO 7fa3f2984780> CORE::PHASES 7
1463396305422	<INFO 7fa3f2984780> CORE::TIME::SETUP 4.66441 seconds
1463396305424	<INFO 7fa3f2984780> CORE::TIME::INIT_PARTITIONS_TIME 83.4648 seconds
1463396305427	<INFO 7fa3f2984780> CORE::TIME::STATE_ITER 11.3567 seconds
1463396305429	<INFO 7fa3f2984780> CORE::TIME::GATHER 230.908 seconds
1463396305431	<INFO 7fa3f2984780> CORE::TIME::SCATTER 468.068 seconds
1463396305434	<INFO 7fa3f2984780> CORE::TIME::WALL 798.725 seconds
1463396305436	<INFO 7fa3f2984780> SHUTDOWN
