1463395400663	<INFO 7f7e949a6780> 2016-05-16 12:43:20 STARTUP
1463395400665	<INFO 7f7e949a6780> CORE::GRAPH rmat-28_s8
1463395400667	<INFO 7f7e949a6780> CORE::ALGORITHM pagerank
1463395400670	<INFO 7f7e949a6780> CORE::VERTEX_STRIPING ON
1463395400672	<INFO 7f7e949a6780> CORE::OPTIMIZED_STATE_LOAD_STORE OFF
1463395400674	<INFO 7f7e949a6780> CORE::BINARY_SEARCH_SUPER_PARTITION ON
1463395400676	<INFO 7f7e949a6780> CORE::SUPER_PARTITION_COMPUTED_FOR_EACH_SCATTER_GATHER_PHASE
1463395400679	<INFO 7f7e949a6780> CORE::EDGE_STRIPING ON
1463395400681	<INFO 7f7e949a6780> CORE::BATCH IO ON
1463395400683	<INFO 7f7e949a6780> CORE::GRID_PARTITIONING OFF
1463395400685	<INFO 7f7e949a6780> 2016-05-16 12:43:20 Blocking memory amount 126701535232
1463395507869	<INFO 7f7e949a6780> 2016-05-16 12:45:07 Done blocking memory
1463395507871	<INFO 7f7e949a6780> SG-DRIVER-ORIGINAL
1463395507873	<INFO 7f7e949a6780> 2016-05-16 12:45:07 START read config parameters
1463395507875	<INFO 7f7e949a6780> PARTITIONING::OLD 0
1463395507877	<INFO 7f7e949a6780> PARTITIONING::BALANCED_PARTITIONS 0
1463395507880	<INFO 7f7e949a6780> CORE::CONFIG::PROCESSORS 8
1463395507882	<INFO 7f7e949a6780> CORE::CONFIG::PHYSICAL_MEMORY 2147483648
1463395507884	<INFO 7f7e949a6780> CORE::CONFIG::VERTICES 268435456
1463395507886	<INFO 7f7e949a6780> CORE::CONFIG::VERTEX_SIZE 12
1463395507888	<INFO 7f7e949a6780> CORE::CONFIG::VERTEX_BUFFER 1088806140
1463395507891	<INFO 7f7e949a6780> CORE::CONFIG::EDGES 536870912
1463395507893	<INFO 7f7e949a6780> CORE::CONFIG::PARTITIONS 64
1463395507895	<INFO 7f7e949a6780> CORE::CONFIG::FANOUT 64
1463395507898	<INFO 7f7e949a6780> CORE::CONFIG::SUPER_PARTITIONS 8
1463395507901	<INFO 7f7e949a6780> CORE::CONFIG::MACHINE_ID 1
1463395507903	<INFO 7f7e949a6780> CORE::CONFIG::TILES 1
1463395507905	<INFO 7f7e949a6780> CORE::CONFIG::BUFFER_SIZE 211734375
1463395507907	<INFO 7f7e949a6780> CORE::CONFIG::MAX_BUFFERS 4
1463395507909	<INFO 7f7e949a6780> CORE::CONFIG::MAX_STREAMS 4
1463395507912	<INFO 7f7e949a6780> CORE::CONFIG::SUM_OF_OUT_DEGREES_FOR_NEW_PARTITIONS::FIRST_CONSTRAINT 0
1463395507915	<INFO 7f7e949a6780> CORE::CONFIG::MAX_EDGES_PER_NEW_PARTITION::SECOND_CONSTRAINT 0
1463395507917	<INFO 7f7e949a6780> SLIPSTREAM::EXT_MEM_SHUFFLE OFF
1463395507919	<INFO 7f7e949a6780> 2016-05-16 12:45:07 END read config parameters
1463395509621	<WARNING 7f7e949a6780> Unable to unlink file (stream.0.0.0):No such file or directory
1463395509623	<WARNING 7f7e949a6780> Unable to unlink file (stream.0.1.0):No such file or directory
1463395509625	<WARNING 7f7e949a6780> Unable to unlink file (stream.0.2.0):No such file or directory
1463395509628	<WARNING 7f7e949a6780> Unable to unlink file (stream.0.3.0):No such file or directory
1463395509630	<WARNING 7f7e949a6780> Unable to unlink file (stream.0.4.0):No such file or directory
1463395509632	<WARNING 7f7e949a6780> Unable to unlink file (stream.0.5.0):No such file or directory
1463395509634	<WARNING 7f7e949a6780> Unable to unlink file (stream.0.6.0):No such file or directory
1463395509637	<WARNING 7f7e949a6780> Unable to unlink file (stream.0.7.0):No such file or directory
1463395509639	<WARNING 7f7e949a6780> Unable to unlink file (stream.1.1.0):No such file or directory
1463395509641	<WARNING 7f7e949a6780> Unable to unlink file (stream.1.2.0):No such file or directory
1463395509643	<WARNING 7f7e949a6780> Unable to unlink file (stream.1.3.0):No such file or directory
1463395509646	<WARNING 7f7e949a6780> Unable to unlink file (stream.1.4.0):No such file or directory
1463395509648	<WARNING 7f7e949a6780> Unable to unlink file (stream.1.5.0):No such file or directory
1463395509650	<WARNING 7f7e949a6780> Unable to unlink file (stream.1.6.0):No such file or directory
1463395509652	<WARNING 7f7e949a6780> Unable to unlink file (stream.1.7.0):No such file or directory
1463395509654	<WARNING 7f7e949a6780> Unable to unlink file (stream.2.0.0):No such file or directory
1463395509656	<WARNING 7f7e949a6780> Unable to unlink file (stream.2.1.0):No such file or directory
1463395509658	<WARNING 7f7e949a6780> Unable to unlink file (stream.2.2.0):No such file or directory
1463395509660	<WARNING 7f7e949a6780> Unable to unlink file (stream.2.3.0):No such file or directory
1463395509662	<WARNING 7f7e949a6780> Unable to unlink file (stream.2.4.0):No such file or directory
1463395509664	<WARNING 7f7e949a6780> Unable to unlink file (stream.2.5.0):No such file or directory
1463395509666	<WARNING 7f7e949a6780> Unable to unlink file (stream.2.6.0):No such file or directory
1463395509668	<WARNING 7f7e949a6780> Unable to unlink file (stream.2.7.0):No such file or directory
1463395509670	<WARNING 7f7e949a6780> Unable to unlink file (stream.3.0.0):No such file or directory
1463395509672	<WARNING 7f7e949a6780> Unable to unlink file (stream.3.1.0):No such file or directory
1463395509675	<WARNING 7f7e949a6780> Unable to unlink file (stream.3.2.0):No such file or directory
1463395509677	<WARNING 7f7e949a6780> Unable to unlink file (stream.3.3.0):No such file or directory
1463395509679	<WARNING 7f7e949a6780> Unable to unlink file (stream.3.4.0):No such file or directory
1463395509681	<WARNING 7f7e949a6780> Unable to unlink file (stream.3.5.0):No such file or directory
1463395509683	<WARNING 7f7e949a6780> Unable to unlink file (stream.3.6.0):No such file or directory
1463395509685	<WARNING 7f7e949a6780> Unable to unlink file (stream.3.7.0):No such file or directory
1463395509687	<INFO 7f7e949a6780> SLIPSTORE::ZMQ_THREADS 2
1463395509689	<INFO 7f7e949a6780> SLIPSTORE::COMM Connecting to tcp://dco-node137-10g:5016
1463395509691	<INFO 7f7e949a6780> SLIPSTORE::COMM Connecting to tcp://dco-node138-10g:5034
1463395509693	<INFO 7f7e949a6780> SLIPSTORE::COMM Connecting to tcp://dco-node139-10g:5052
1463395509695	<INFO 7f7e949a6780> SLIPSTORE::COMM Connecting to tcp://dco-node140-10g:5070
1463395509697	<INFO 7f7e949a6780> SLIPSTORE::COMM Connecting to tcp://dco-node141-10g:5088
1463395509699	<INFO 7f7e949a6780> SLIPSTORE::COMM Connecting to tcp://dco-node142-10g:5106
1463395509701	<INFO 7f7e949a6780> SLIPSTORE::COMM Connecting to tcp://dco-node143-10g:5124
1463395509704	<INFO 7f7e949a6780> SLIPSTORE::COMM Connecting to tcp://dco-node144-10g:5142
1463395509706	<INFO 7f7e949a6780> SLIPSTORE::COMM Listening at tcp://p1p1:5026
1463395509708	<INFO 7f7e949a6780> SLIPSTORE::COMM Listening at ipc://client
1463395509710	<INFO 7f7e949a6780> SLIPSTORE::COMM Listening at tcp://p1p1:5028
1463395509712	<INFO 7f7e949a6780> SLIPSTORE::COMM Listening at tcp://p1p1:5029
1463395509714	<INFO 7f7e949a6780> SLIPSTORE::COMM Listening at tcp://p1p1:5030
1463395509716	<INFO 7f7e949a6780> SLIPSTORE::COMM Listening at tcp://p1p1:5031
1463395509718	<INFO 7f7e949a6780> SLIPSTORE::COMM Listening at tcp://p1p1:5032
1463395509720	<INFO 7f7e949a6780> SLIPSTORE::COMM Listening at tcp://p1p1:5033
1463395509722	<INFO 7f7e949a6780> SLIPSTORE::COMM Connecting to tcp://dco-node137-10g:5016
1463395509724	<INFO 7f7e949a6780> SLIPSTORE::COMM Connecting to tcp://dco-node138-10g:5034
1463395509726	<INFO 7f7e949a6780> SLIPSTORE::COMM Connecting to tcp://dco-node139-10g:5052
1463395509728	<INFO 7f7e949a6780> SLIPSTORE::COMM Connecting to tcp://dco-node140-10g:5070
1463395509731	<INFO 7f7e949a6780> SLIPSTORE::COMM Connecting to tcp://dco-node141-10g:5088
1463395509733	<INFO 7f7e949a6780> SLIPSTORE::COMM Connecting to tcp://dco-node142-10g:5106
1463395509735	<INFO 7f7e949a6780> SLIPSTORE::COMM Connecting to tcp://dco-node143-10g:5124
1463395509737	<INFO 7f7e949a6780> SLIPSTORE::COMM Connecting to tcp://dco-node144-10g:5142
1463395509739	<INFO 7f7e949a6780> SLIPSTORE::COMM Connecting to tcp://dco-node137-10g:5001
1463395509741	<INFO 7f7e949a6780> SLIPSTORE::COMM Connecting to ipc://server
1463395509743	<INFO 7f7e949a6780> SLIPSTORE::COMM Connecting to tcp://dco-node139-10g:5037
1463395509745	<INFO 7f7e949a6780> SLIPSTORE::COMM Connecting to tcp://dco-node140-10g:5055
1463395509747	<INFO 7f7e949a6780> SLIPSTORE::COMM Connecting to tcp://dco-node141-10g:5073
1463395509749	<INFO 7f7e949a6780> SLIPSTORE::COMM Connecting to tcp://dco-node142-10g:5091
1463395509751	<INFO 7f7e949a6780> SLIPSTORE::COMM Connecting to tcp://dco-node143-10g:5109
1463395509753	<INFO 7f7e949a6780> SLIPSTORE::COMM Connecting to tcp://dco-node144-10g:5127
1463395509755	<INFO 7f7e949a6780> SLIPSTORE::COMM Connecting to tcp://dco-node139-10g:5053
1463395509757	<INFO 7f7e949a6780> SLIPSTORE::COMM Listening at tcp://p1p1:5035
1463395509759	<INFO 7f7e949a6780> SLIPSTORE::COMM Connecting to tcp://dco-node138-10g:5034
1463395509761	<INFO 7f7e949a6780> SLIPSTORE::HELP_POLICY NONE
1463395509763	<INFO 7f7e949a6780> SLIPSTORE::SERVER ASYNC
1463395509765	<INFO 7f7e949a6780> SLIPSTORE::MACHINES 8
1463395509767	<INFO 7f7e949a6780> SLIPSTORE::ME 1
1463395509770	<INFO 7f7e949a6780> SLIPSTORE::SLIPCHUNK 4194304
1463395509773	<INFO 7f7e949a6780> SLIPSTORE::QUOTA 18446744073709551615
1463395509775	<INFO 7f7e949a6780> SLIPSTORE::IO PAGECACHE
1463395509777	<INFO 7f60773fc700> SLIPSTORE::COMM Listening at tcp://p1p1:5034
1463395509779	<INFO 7f60773fc700> SLIPSTORE::COMM Listening at tcp://p1p1:5018
1463395509781	<INFO 7f60773fc700> SLIPSTORE::COMM Connecting to tcp://dco-node137-10g:5009
1463395509783	<INFO 7f60773fc700> SLIPSTORE::COMM Listening at ipc://server
1463395509785	<INFO 7f60773fc700> SLIPSTORE::COMM Connecting to ipc://client
1463395509787	<INFO 7f60773fc700> SLIPSTORE::COMM Listening at tcp://p1p1:5020
1463395509789	<INFO 7f60773fc700> SLIPSTORE::COMM Connecting to tcp://dco-node139-10g:5045
1463395509791	<INFO 7f60773fc700> SLIPSTORE::COMM Listening at tcp://p1p1:5021
1463395509793	<INFO 7f60773fc700> SLIPSTORE::COMM Connecting to tcp://dco-node140-10g:5063
1463395509795	<INFO 7f60773fc700> SLIPSTORE::COMM Listening at tcp://p1p1:5022
1463395509797	<INFO 7f60773fc700> SLIPSTORE::COMM Connecting to tcp://dco-node141-10g:5081
1463395509799	<INFO 7f60773fc700> SLIPSTORE::COMM Listening at tcp://p1p1:5023
1463395509801	<INFO 7f60773fc700> SLIPSTORE::COMM Connecting to tcp://dco-node142-10g:5099
1463395509803	<INFO 7f60773fc700> SLIPSTORE::COMM Listening at tcp://p1p1:5024
1463395509805	<INFO 7f60773fc700> SLIPSTORE::COMM Connecting to tcp://dco-node143-10g:5117
1463395509807	<INFO 7f60773fc700> SLIPSTORE::COMM Listening at tcp://p1p1:5025
1463395509810	<INFO 7f60773fc700> SLIPSTORE::COMM Connecting to tcp://dco-node144-10g:5135
1463395510087	<INFO 7f7e949a6780> SLIPSTORE::CHECKPOINTS NONE FOUND
1463395510090	<INFO 7f7e949a6780> 2016-05-16 12:45:10 Start edge split
1463395593553	<INFO 7f7e949a6780> 2016-05-16 12:46:33 Completed init
1463395595701	<INFO 7f7e949a6780> 2016-05-16 12:46:35 Started gather
1463395596352	<INFO 7f7e949a6780> 2016-05-16 12:46:36 Completed gather
1463395603004	<INFO 7f7e949a6780> 2016-05-16 12:46:43 Started scatter
1463395634865	<INFO 7f7e949a6780> 2016-05-16 12:47:14 Completed scatter
1463395638088	<INFO 7f7e949a6780> 2016-05-16 12:47:18 Completed phase 1 Bytes read 13890685848 Bytes written 7448234904
1463395644789	<INFO 7f7e949a6780> 2016-05-16 12:47:24 Started gather
1463395645525	<INFO 7f7e949a6780> 2016-05-16 12:47:25 Completed gather
1463395651512	<INFO 7f7e949a6780> 2016-05-16 12:47:31 Started gather
1463395724079	<INFO 7f7e949a6780> 2016-05-16 12:48:44 Completed gather
1463395727688	<INFO 7f7e949a6780> 2016-05-16 12:48:47 Completed phase 2 Bytes read 21741744792 Bytes written 13023413096
1463395735239	<INFO 7f7e949a6780> 2016-05-16 12:48:55 Started gather
1463395754141	<INFO 7f7e949a6780> 2016-05-16 12:49:14 Completed gather
1463395770556	<INFO 7f7e949a6780> 2016-05-16 12:49:30 Started scatter
1463395839598	<INFO 7f7e949a6780> 2016-05-16 12:50:39 Completed scatter
1463395841187	<INFO 7f7e949a6780> 2016-05-16 12:50:41 Completed phase 3 Bytes read 33959509808 Bytes written 18245844256
1463395847675	<INFO 7f7e949a6780> 2016-05-16 12:50:47 Started gather
1463395869723	<INFO 7f7e949a6780> 2016-05-16 12:51:09 Completed gather
1463395885022	<INFO 7f7e949a6780> 2016-05-16 12:51:25 Started scatter
1463395955622	<INFO 7f7e949a6780> 2016-05-16 12:52:35 Completed scatter
1463395957818	<INFO 7f7e949a6780> 2016-05-16 12:52:37 Completed phase 4 Bytes read 46227351832 Bytes written 23287989136
1463395964379	<INFO 7f7e949a6780> 2016-05-16 12:52:44 Started gather
1463395986628	<INFO 7f7e949a6780> 2016-05-16 12:53:06 Completed gather
1463396003367	<INFO 7f7e949a6780> 2016-05-16 12:53:23 Started scatter
1463396072558	<INFO 7f7e949a6780> 2016-05-16 12:54:32 Completed scatter
1463396076113	<INFO 7f7e949a6780> 2016-05-16 12:54:36 Completed phase 5 Bytes read 58314907576 Bytes written 28411119544
1463396082794	<INFO 7f7e949a6780> 2016-05-16 12:54:42 Started gather
1463396105173	<INFO 7f7e949a6780> 2016-05-16 12:55:05 Completed gather
1463396120930	<INFO 7f7e949a6780> 2016-05-16 12:55:20 Started scatter
1463396189721	<INFO 7f7e949a6780> 2016-05-16 12:56:29 Completed scatter
1463396191384	<INFO 7f7e949a6780> 2016-05-16 12:56:31 Completed phase 6 Bytes read 70483448848 Bytes written 33423439080
1463396198142	<INFO 7f7e949a6780> 2016-05-16 12:56:38 Started gather
1463396219589	<INFO 7f7e949a6780> 2016-05-16 12:56:59 Completed gather
1463396233856	<INFO 7f7e949a6780> 2016-05-16 12:57:13 Started scatter
1463396303038	<INFO 7f7e949a6780> 2016-05-16 12:58:23 Completed scatter
1463396304148	<INFO 7f7e949a6780> 2016-05-16 12:58:24 Completed phase 7 Bytes read 82541179248 Bytes written 38600383496
1463396304150	<INFO 7f7e949a6780> CORE::PARTITIONS_PROCESSED 1304
1463396304152	<INFO 7f7e949a6780> CORE::BYTES::EDGES_STREAMED 6208497180
1463396304154	<INFO 7f7e949a6780> CORE::BYTES::UPDATES_OUT 3540102608
1463396304157	<INFO 7f7e949a6780> CORE::BYTES::UPDATES_IN 2882823704
1463396304159	<INFO 7f6075bf9700> CORE::PARTITIONS_PROCESSED 1250
1463396304162	<INFO 7f60753f8700> CORE::PARTITIONS_PROCESSED 1288
1463396304164	<INFO 7f606bfff700> CORE::PARTITIONS_PROCESSED 125
1463396304166	<INFO 7f60763fa700> CORE::PARTITIONS_PROCESSED 900
1463396304168	<INFO 7f6074bf7700> CORE::PARTITIONS_PROCESSED 1507
1463396304170	<INFO 7f60753f8700> CORE::BYTES::EDGES_STREAMED 6239513856
1463396304173	<INFO 7f606affd700> CORE::PARTITIONS_PROCESSED 852
1463396304175	<INFO 7f606b7fe700> CORE::PARTITIONS_PROCESSED 774
1463396304177	<INFO 7f60763fa700> CORE::BYTES::EDGES_STREAMED 6308528832
1463396304180	<INFO 7f6075bf9700> CORE::BYTES::EDGES_STREAMED 6220649184
1463396304183	<INFO 7f60753f8700> CORE::BYTES::UPDATES_OUT 3577182496
1463396304185	<INFO 7f60763fa700> CORE::BYTES::UPDATES_OUT 3600693552
1463396304187	<INFO 7f606b7fe700> CORE::BYTES::EDGES_STREAMED 5950190316
1463396304189	<INFO 7f60753f8700> CORE::BYTES::UPDATES_IN 2925311288
1463396304192	<INFO 7f606bfff700> CORE::BYTES::EDGES_STREAMED 9639624936
1463396304194	<INFO 7f6074bf7700> CORE::BYTES::EDGES_STREAMED 6993680568
1463396304196	<INFO 7f606affd700> CORE::BYTES::EDGES_STREAMED 5987158596
1463396304199	<INFO 7f6075bf9700> CORE::BYTES::UPDATES_OUT 3567717280
1463396304201	<INFO 7f60763fa700> CORE::BYTES::UPDATES_IN 3019630256
1463396304203	<INFO 7f606bfff700> CORE::BYTES::UPDATES_OUT 5493763008
1463396304206	<INFO 7f606b7fe700> CORE::BYTES::UPDATES_OUT 3425751424
1463396304208	<INFO 7f606affd700> CORE::BYTES::UPDATES_OUT 3388051688
1463396304210	<INFO 7f6075bf9700> CORE::BYTES::UPDATES_IN 2943247416
1463396304213	<INFO 7f6074bf7700> CORE::BYTES::UPDATES_OUT 4005505640
1463396304215	<INFO 7f606affd700> CORE::BYTES::UPDATES_IN 2987959680
1463396304217	<INFO 7f606bfff700> CORE::BYTES::UPDATES_IN 4913237080
1463396304220	<INFO 7f606b7fe700> CORE::BYTES::UPDATES_IN 2945490136
1463396304222	<INFO 7f6074bf7700> CORE::BYTES::UPDATES_IN 2879526200
1463396304224	<INFO 7f60773fc700> SLIPSTORE service is exiting
1463396304227	<INFO 7f60773fc700> SLIPSTORE::HELP_OFFERS_RECVD 98
1463396304229	<INFO 7f60773fc700> SLIPSTORE::HELP_OFFERS_ACCEPTED 0
1463396304231	<INFO 7f60773fc700> SLIPSTORE::HELP_ACCEPTANCE_RATIO 0
1463396304233	<INFO 7f60773fc700> SLIPSTORE::SERVER_BUSY_DISK  666.266 seconds
1463396304235	<INFO 7f60773fc700> SLIPSTORE::SERVER_BUSY_MEM  0 seconds
1463396304238	<INFO 7f60773fc700> SLIPSTORE::SERVER_TOTAL  794.497 seconds
1463396304240	<INFO 7f7e949a6780> SLIPSTORE::CLIENT::DISK_READ_TIME  457.858 seconds
1463396304242	<INFO 7f7e949a6780> SLIPSTORE::CLIENT::MEM_READ_TIME  0 seconds
1463396304244	<INFO 7f7e949a6780> SLIPSTORE::CLIENT::DISK_BYTES_READ 87609054568
1463396304247	<INFO 7f7e949a6780> SLIPSTORE::CLIENT::MEM_BYTES_READ 0
1463396304249	<INFO 7f7e949a6780> SLIPSTORE::CLIENT::WRITE_TIME  189.153 seconds
1463396304251	<INFO 7f7e949a6780> SLIPSTORE::CLIENT::BYTES_WRITTEN 1512512280
1463396304253	<INFO 7f7e949a6780> SLIPSTORE::CLIENT_BUSY  647.011 seconds
1463396304256	<INFO 7f7e949a6780> SLIPSTORE::IO::TIME 486.583 seconds
1463396304258	<INFO 7f7e949a6780> SLIPSTORE::SNAP::TIME 0 seconds
1463396304260	<INFO 7f7e949a6780> SLIPSTORE::MAX_DISK_USAGE_BYTES 11462193944
1463396305718	<INFO 7f7e949a6780> CORE::RUSAGE::MAX_RSS_KB 125963052
1463396305720	<INFO 7f7e949a6780> CORE::RUSAGE::MINFLT 41603875
1463396305722	<INFO 7f7e949a6780> CORE::RUSAGE::MAJFLT 3
1463396305724	<INFO 7f7e949a6780> CORE::RUSAGE::MAJFLT 3
1463396305727	<INFO 7f7e949a6780> CORE::RUSAGE::INBLK 142308768
1463396305729	<INFO 7f7e949a6780> CORE::RUSAGE::OUBLK 75398960
1463396305731	<INFO 7f7e949a6780> CORE::UTILS::BYTES_READ 82541179248
1463396305733	<INFO 7f7e949a6780> CORE::UTILS::BYTES_WRITTEN 38600383496
1463396305736	<INFO 7f7e949a6780> CORE::UTILS::TILE_COPY_BYTES 2016683040
1463396305738	<INFO 7f7e949a6780> CORE::TIME::IO_WAIT 460.439 seconds
1463396305740	<INFO 7f7e949a6780> CORE::TIME_TILE_COPY 0 seconds
1463396305742	<INFO 7f7e949a6780> CORE::TIME_TILE_MERGE 0 seconds
1463396305744	<INFO 7f7e949a6780> CORE::TIME_PROCESSING_STOLEN 0 seconds
1463396305747	<INFO 7f7e949a6780> CORE::TIME_MERGE_WAIT 0 seconds
1463396305749	<INFO 7f7e949a6780> CORE::OTHER_TIME_ALL_MC_BARRIER 0 seconds
1463396305752	<INFO 7f7e949a6780> CORE::SCATTER_TIME_ALL_MC_BARRIER 11.496 seconds
1463396305754	<INFO 7f7e949a6780> CORE::GATHER_TIME_ALL_MC_BARRIER 3.11443 seconds
1463396305756	<INFO 7f7e949a6780> CORE::INIT_TIME_ALL_MC_BARRIER 0.640355 seconds
1463396305758	<INFO 7f7e949a6780> CORE::SHUT_DOWN_TIME_ALL_MC_BARRIER 0.005883 seconds
1463396305760	<INFO 7f7e949a6780> CORE::STREAM_SKIP_BEFORE_TIME_ALL_MC_BARRIER 38.5443 seconds
1463396305763	<INFO 7f7e949a6780> CORE::TAKE_CHECKPOINT_BEFORE_TIME_ALL_MC_BARRIER 0 seconds
1463396305765	<INFO 7f7e949a6780> CORE::TAKE_CHECKPOINT_COMPLETE_TIME_ALL_MC_BARRIER 0 seconds
1463396305768	<INFO 7f7e949a6780> CORE::METADATA_WRITE_COMPLETE_TIME_ALL_MC_BARRIER 0 seconds
1463396305770	<INFO 7f7e949a6780> CORE::STREAM_EOF_BEFORE_TIME_ALL_MC_BARRIER 0 seconds
1463396305772	<INFO 7f7e949a6780> CORE::STREAM_EOF_AFTER_TIME_ALL_MC_BARRIER 0 seconds
1463396305774	<INFO 7f7e949a6780> CORE::STATE_LOAD_TIME_ALL_MC_BARRIER 0 seconds
1463396305776	<INFO 7f7e949a6780> CORE::STATE_STORE_TIME_ALL_MC_BARRIER 0 seconds
1463396305778	<INFO 7f7e949a6780> CORE::PHASES 7
1463396305781	<INFO 7f7e949a6780> CORE::TIME::SETUP 3.7865 seconds
1463396305783	<INFO 7f7e949a6780> CORE::TIME::INIT_PARTITIONS_TIME 83.465 seconds
1463396305785	<INFO 7f7e949a6780> CORE::TIME::STATE_ITER 4.22591 seconds
1463396305787	<INFO 7f7e949a6780> CORE::TIME::GATHER 238.04 seconds
1463396305790	<INFO 7f7e949a6780> CORE::TIME::SCATTER 468.069 seconds
1463396305792	<INFO 7f7e949a6780> CORE::TIME::WALL 797.849 seconds
1463396305794	<INFO 7f7e949a6780> SHUTDOWN
