1457425253147	<INFO 7efd8b518740> 2016-03-08 09:20:53 STARTUP
1457425253151	<INFO 7efd8b518740> CORE::GRAPH rmat-30_s8
1457425253155	<INFO 7efd8b518740> CORE::ALGORITHM pagerank
1457425253159	<INFO 7efd8b518740> CORE::VERTEX_STRIPING ON
1457425253162	<INFO 7efd8b518740> 2016-03-08 09:20:53 Blocking memory amount 126701535232
1457425360338	<INFO 7efd8b518740> 2016-03-08 09:22:40 Done blocking memory
1457425360342	<INFO 7efd8b518740> SG-DRIVER-ORIGINAL
1457425360346	<INFO 7efd8b518740> CORE::CONFIG::PROCESSORS 8
1457425360349	<INFO 7efd8b518740> CORE::CONFIG::PHYSICAL_MEMORY 2147483648
1457425360353	<INFO 7efd8b518740> CORE::CONFIG::VERTICES 1073741824
1457425360357	<INFO 7efd8b518740> CORE::CONFIG::VERTEX_SIZE 12
1457425360360	<INFO 7efd8b518740> CORE::CONFIG::VERTEX_BUFFER 1610612736
1457425360365	<INFO 7efd8b518740> CORE::CONFIG::EDGES 2147483648
1457425360368	<INFO 7efd8b518740> CORE::CONFIG::PARTITIONS 64
1457425360372	<INFO 7efd8b518740> CORE::CONFIG::FANOUT 64
1457425360376	<INFO 7efd8b518740> CORE::CONFIG::SUPER_PARTITIONS 8
1457425360380	<INFO 7efd8b518740> CORE::CONFIG::TILES 1
1457425360383	<INFO 7efd8b518740> CORE::CONFIG::BUFFER_SIZE 107373056
1457425360387	<INFO 7efd8b518740> CORE::CONFIG::MAX_BUFFERS 4
1457425360391	<INFO 7efd8b518740> CORE::CONFIG::MAX_STREAMS 4
1457425360394	<INFO 7efd8b518740> SLIPSTREAM::EXT_MEM_SHUFFLE OFF
1457425363722	<INFO 7efd8b518740> SLIPSTORE::ZMQ_THREADS 2
1457425363726	<INFO 7efd8b518740> SLIPSTORE::COMM Connecting to tcp://dco-node137-10g:5016
1457425363730	<INFO 7efd8b518740> SLIPSTORE::COMM Connecting to tcp://dco-node138-10g:5034
1457425363734	<INFO 7efd8b518740> SLIPSTORE::COMM Connecting to tcp://dco-node139-10g:5052
1457425363738	<INFO 7efd8b518740> SLIPSTORE::COMM Connecting to tcp://dco-node140-10g:5070
1457425363742	<INFO 7efd8b518740> SLIPSTORE::COMM Connecting to tcp://dco-node141-10g:5088
1457425363746	<INFO 7efd8b518740> SLIPSTORE::COMM Connecting to tcp://dco-node142-10g:5106
1457425363750	<INFO 7efd8b518740> SLIPSTORE::COMM Connecting to tcp://dco-node143-10g:5124
1457425363754	<INFO 7efd8b518740> SLIPSTORE::COMM Connecting to tcp://dco-node144-10g:5142
1457425363758	<INFO 7efd8b518740> SLIPSTORE::COMM Listening at tcp://ens1f0:5044
1457425363762	<INFO 7efd8b518740> SLIPSTORE::COMM Listening at tcp://ens1f0:5045
1457425363766	<INFO 7efd8b518740> SLIPSTORE::COMM Listening at ipc://client
1457425363771	<INFO 7efd8b518740> SLIPSTORE::COMM Listening at tcp://ens1f0:5047
1457425363775	<INFO 7efd8b518740> SLIPSTORE::COMM Listening at tcp://ens1f0:5048
1457425363779	<INFO 7efd8b518740> SLIPSTORE::COMM Listening at tcp://ens1f0:5049
1457425363782	<INFO 7efd8b518740> SLIPSTORE::COMM Listening at tcp://ens1f0:5050
1457425363786	<INFO 7efd8b518740> SLIPSTORE::COMM Listening at tcp://ens1f0:5051
1457425363790	<INFO 7efd8b518740> SLIPSTORE::COMM Connecting to tcp://dco-node137-10g:5016
1457425363793	<INFO 7efd8b518740> SLIPSTORE::COMM Connecting to tcp://dco-node138-10g:5034
1457425363797	<INFO 7efd8b518740> SLIPSTORE::COMM Connecting to tcp://dco-node139-10g:5052
1457425363800	<INFO 7efd8b518740> SLIPSTORE::COMM Connecting to tcp://dco-node140-10g:5070
1457425363804	<INFO 7efd8b518740> SLIPSTORE::COMM Connecting to tcp://dco-node141-10g:5088
1457425363808	<INFO 7efd8b518740> SLIPSTORE::COMM Connecting to tcp://dco-node142-10g:5106
1457425363811	<INFO 7efd8b518740> SLIPSTORE::COMM Connecting to tcp://dco-node143-10g:5124
1457425363815	<INFO 7efd8b518740> SLIPSTORE::COMM Connecting to tcp://dco-node144-10g:5142
1457425363819	<INFO 7efd8b518740> SLIPSTORE::COMM Connecting to tcp://dco-node137-10g:5002
1457425363822	<INFO 7efd8b518740> SLIPSTORE::COMM Connecting to tcp://dco-node138-10g:5020
1457425363826	<INFO 7efd8b518740> SLIPSTORE::COMM Connecting to ipc://server
1457425363829	<INFO 7efd8b518740> SLIPSTORE::COMM Connecting to tcp://dco-node140-10g:5056
1457425363833	<INFO 7efd8b518740> SLIPSTORE::COMM Connecting to tcp://dco-node141-10g:5074
1457425363837	<INFO 7efd8b518740> SLIPSTORE::COMM Connecting to tcp://dco-node142-10g:5092
1457425363840	<INFO 7efd8b518740> SLIPSTORE::COMM Connecting to tcp://dco-node143-10g:5110
1457425363844	<INFO 7efd8b518740> SLIPSTORE::COMM Connecting to tcp://dco-node144-10g:5128
1457425363847	<INFO 7efd8b518740> SLIPSTORE::COMM Connecting to tcp://dco-node140-10g:5071
1457425363851	<INFO 7efd8b518740> SLIPSTORE::COMM Listening at tcp://ens1f0:5053
1457425363854	<INFO 7efd8b518740> SLIPSTORE::COMM Connecting to tcp://dco-node139-10g:5052
1457425363858	<INFO 7efd8b518740> SLIPSTORE::HELP_POLICY HEURISTIC_NEW
1457425363861	<INFO 7efd8b518740> SLIPSTORE::SERVER ASYNC
1457425363865	<INFO 7efd8b518740> SLIPSTORE::MACHINES 8
1457425363868	<INFO 7efd8b518740> SLIPSTORE::ME 2
1457425363871	<INFO 7efd8b518740> SLIPSTORE::SLIPCHUNK 4194304
1457425363875	<INFO 7efd8b518740> SLIPSTORE::QUOTA 18446744073709551615
1457425363879	<INFO 7efd8b518740> SLIPSTORE::IO PAGECACHE
1457425363883	<INFO 7edf753f5700> SLIPSTORE::COMM Listening at tcp://ens1f0:5052
1457425363886	<INFO 7edf753f5700> SLIPSTORE::COMM Listening at tcp://ens1f0:5036
1457425363889	<INFO 7edf753f5700> SLIPSTORE::COMM Connecting to tcp://dco-node137-10g:5010
1457425363892	<INFO 7edf753f5700> SLIPSTORE::COMM Listening at tcp://ens1f0:5037
1457425363896	<INFO 7edf753f5700> SLIPSTORE::COMM Connecting to tcp://dco-node138-10g:5028
1457425363900	<INFO 7edf753f5700> SLIPSTORE::COMM Listening at ipc://server
1457425363904	<INFO 7edf753f5700> SLIPSTORE::COMM Connecting to ipc://client
1457425363908	<INFO 7edf753f5700> SLIPSTORE::COMM Listening at tcp://ens1f0:5039
1457425363912	<INFO 7edf753f5700> SLIPSTORE::COMM Connecting to tcp://dco-node140-10g:5064
1457425363915	<INFO 7edf753f5700> SLIPSTORE::COMM Listening at tcp://ens1f0:5040
1457425363918	<INFO 7edf753f5700> SLIPSTORE::COMM Connecting to tcp://dco-node141-10g:5082
1457425363921	<INFO 7edf753f5700> SLIPSTORE::COMM Listening at tcp://ens1f0:5041
1457425363925	<INFO 7edf753f5700> SLIPSTORE::COMM Connecting to tcp://dco-node142-10g:5100
1457425363928	<INFO 7edf753f5700> SLIPSTORE::COMM Listening at tcp://ens1f0:5042
1457425363931	<INFO 7edf753f5700> SLIPSTORE::COMM Connecting to tcp://dco-node143-10g:5118
1457425363935	<INFO 7edf753f5700> SLIPSTORE::COMM Listening at tcp://ens1f0:5043
1457425363939	<INFO 7edf753f5700> SLIPSTORE::COMM Connecting to tcp://dco-node144-10g:5136
1457425364987	<INFO 7efd8b518740> SLIPSTORE::CHECKPOINTS NONE FOUND
1457425841335	<INFO 7efd8b518740> 2016-03-08 09:30:41 Completed init
1457425846867	<INFO 7efd8b518740> 2016-03-08 09:30:46 Started gather
1457425858628	<INFO 7efd8b518740> 2016-03-08 09:30:58 Completed gather
1457425858989	<INFO 7efd8b518740> 2016-03-08 09:30:58 Started scatter
1457426015506	<INFO 7efd8b518740> 2016-03-08 09:33:35 Completed scatter
1457426026615	<INFO 7efd8b518740> 2016-03-08 09:33:46 Completed phase 1 Bytes read 56682595428 Bytes written 29906158692
1457426037916	<INFO 7efd8b518740> 2016-03-08 09:33:57 Started gather
1457426048939	<INFO 7efd8b518740> 2016-03-08 09:34:08 Completed gather
1457426049083	<INFO 7efd8b518740> 2016-03-08 09:34:09 Started gather
1457426530687	<INFO 7efd8b518740> 2016-03-08 09:42:10 Completed gather
1457426547024	<INFO 7efd8b518740> 2016-03-08 09:42:27 Completed phase 2 Bytes read 89004673224 Bytes written 51988928172
1457426576175	<INFO 7efd8b518740> 2016-03-08 09:42:56 Started gather
1457426695215	<INFO 7efd8b518740> 2016-03-08 09:44:55 Completed gather
1457426746744	<INFO 7efd8b518740> 2016-03-08 09:45:46 Started scatter
1457427220917	<INFO 7efd8b518740> 2016-03-08 09:53:40 Completed scatter
1457427233928	<INFO 7efd8b518740> 2016-03-08 09:53:53 Completed phase 3 Bytes read 139584315252 Bytes written 72049969612
1457427258898	<INFO 7efd8b518740> 2016-03-08 09:54:18 Started gather
1457427388488	<INFO 7efd8b518740> 2016-03-08 09:56:28 Completed gather
1457427421727	<INFO 7efd8b518740> 2016-03-08 09:57:01 Started scatter
1457427881709	<INFO 7efd8b518740> 2016-03-08 10:04:41 Completed scatter
1457427884458	<INFO 7efd8b518740> 2016-03-08 10:04:44 Completed phase 4 Bytes read 189551515384 Bytes written 91958068700
1457427913625	<INFO 7efd8b518740> 2016-03-08 10:05:13 Started gather
1457428045262	<INFO 7efd8b518740> 2016-03-08 10:07:25 Completed gather
1457428078937	<INFO 7efd8b518740> 2016-03-08 10:07:58 Started scatter
1457428541630	<INFO 7efd8b518740> 2016-03-08 10:15:41 Completed scatter
1457428549254	<INFO 7efd8b518740> 2016-03-08 10:15:49 Completed phase 5 Bytes read 239567099756 Bytes written 111992112316
1457428580016	<INFO 7efd8b518740> 2016-03-08 10:16:20 Started gather
1457428708108	<INFO 7efd8b518740> 2016-03-08 10:18:28 Completed gather
1457428743670	<INFO 7efd8b518740> 2016-03-08 10:19:03 Started scatter
1457429203741	<INFO 7efd8b518740> 2016-03-08 10:26:43 Completed scatter
1457429213160	<INFO 7efd8b518740> 2016-03-08 10:26:53 Completed phase 6 Bytes read 289708628656 Bytes written 132010616148
1457429240680	<INFO 7efd8b518740> 2016-03-08 10:27:20 Started gather
1457429365725	<INFO 7efd8b518740> 2016-03-08 10:29:25 Completed gather
1457429407328	<INFO 7efd8b518740> 2016-03-08 10:30:07 Started scatter
1457429873702	<INFO 7efd8b518740> 2016-03-08 10:37:53 Completed scatter
1457429885931	<INFO 7efd8b518740> 2016-03-08 10:38:05 Completed phase 7 Bytes read 339834617772 Bytes written 151826172452
1457429885934	<INFO 7efd8b518740> CORE::PARTITIONS_PROCESSED 2862
1457429885937	<INFO 7efd8b518740> CORE::BYTES::EDGES_STREAMED 20681606460
1457429885939	<INFO 7efd8b518740> CORE::BYTES::UPDATES_OUT 11850237968
1457429885941	<INFO 7efd8b518740> CORE::BYTES::UPDATES_IN 9076173688
1457429885944	<INFO 7edf617fa700> CORE::PARTITIONS_PROCESSED 8197
1457429885946	<INFO 7edf617fa700> CORE::BYTES::EDGES_STREAMED 24154485732
1457429885949	<INFO 7edf617fa700> CORE::BYTES::UPDATES_OUT 13609093632
1457429885951	<INFO 7edf61ffb700> CORE::PARTITIONS_PROCESSED 8192
1457429885953	<INFO 7edf617fa700> CORE::BYTES::UPDATES_IN 12275462792
1457429885956	<INFO 7edf63fff700> CORE::PARTITIONS_PROCESSED 6821
1457429885958	<INFO 7edf627fc700> CORE::PARTITIONS_PROCESSED 6384
1457429885961	<INFO 7edf62ffd700> CORE::PARTITIONS_PROCESSED 8949
1457429885963	<INFO 7edf60ff9700> CORE::PARTITIONS_PROCESSED 10008
1457429885965	<INFO 7edf627fc700> CORE::BYTES::EDGES_STREAMED 24162799104
1457429885969	<INFO 7edf63fff700> CORE::BYTES::EDGES_STREAMED 21455398440
1457429885971	<INFO 7edf61ffb700> CORE::BYTES::EDGES_STREAMED 24199189884
1457429885973	<INFO 7edf627fc700> CORE::BYTES::UPDATES_OUT 13874396448
1457429885976	<INFO 7edf637fe700> CORE::PARTITIONS_PROCESSED 6827
1457429885978	<INFO 7edf63fff700> CORE::BYTES::UPDATES_OUT 12275207824
1457429885980	<INFO 7edf60ff9700> CORE::BYTES::EDGES_STREAMED 40103410620
1457429885982	<INFO 7edf63fff700> CORE::BYTES::UPDATES_IN 10963028336
1457429885985	<INFO 7edf637fe700> CORE::BYTES::EDGES_STREAMED 21294404976
1457429885987	<INFO 7edf61ffb700> CORE::BYTES::UPDATES_OUT 13693944288
1457429885989	<INFO 7edf627fc700> CORE::BYTES::UPDATES_IN 11375227120
1457429885992	<INFO 7edf61ffb700> CORE::BYTES::UPDATES_IN 12077442832
1457429885994	<INFO 7edf60ff9700> CORE::BYTES::UPDATES_OUT 23154643768
1457429885996	<INFO 7edf62ffd700> CORE::BYTES::EDGES_STREAMED 23996920788
1457429885999	<INFO 7edf637fe700> CORE::BYTES::UPDATES_OUT 11998336312
1457429886001	<INFO 7edf62ffd700> CORE::BYTES::UPDATES_OUT 13857406048
1457429886003	<INFO 7edf637fe700> CORE::BYTES::UPDATES_IN 10388954424
1457429886006	<INFO 7edf62ffd700> CORE::BYTES::UPDATES_IN 12294545384
1457429886008	<INFO 7edf60ff9700> CORE::BYTES::UPDATES_IN 16810864664
1457429886010	<INFO 7edf753f5700> SLIPSTORE service is exiting
1457429886013	<INFO 7edf753f5700> SLIPSTORE::HELP_OFFERS_RECVD 98
1457429886015	<INFO 7edf753f5700> SLIPSTORE::HELP_OFFERS_ACCEPTED 4
1457429886018	<INFO 7edf753f5700> SLIPSTORE::HELP_ACCEPTANCE_RATIO 0.0408163
1457429886020	<INFO 7edf753f5700> SLIPSTORE::SERVER_BUSY_DISK  3177.76 seconds
1457429886022	<INFO 7edf753f5700> SLIPSTORE::SERVER_BUSY_MEM  0 seconds
1457429886025	<INFO 7edf753f5700> SLIPSTORE::SERVER_TOTAL  4522.19 seconds
1457429886027	<INFO 7efd8b518740> SLIPSTORE::CLIENT::DISK_READ_TIME  2729.39 seconds
1457429886029	<INFO 7efd8b518740> SLIPSTORE::CLIENT::MEM_READ_TIME  0 seconds
1457429886032	<INFO 7efd8b518740> SLIPSTORE::CLIENT::DISK_BYTES_READ 353715573464
1457429886034	<INFO 7efd8b518740> SLIPSTORE::CLIENT::MEM_BYTES_READ 0
1457429886036	<INFO 7efd8b518740> SLIPSTORE::CLIENT::WRITE_TIME  1502.17 seconds
1457429886038	<INFO 7efd8b518740> SLIPSTORE::CLIENT::BYTES_WRITTEN 24159191040
1457429886041	<INFO 7efd8b518740> SLIPSTORE::CLIENT_BUSY  4231.56 seconds
1457429886043	<INFO 7efd8b518740> SLIPSTORE::IO::TIME 2667.74 seconds
1457429886046	<INFO 7efd8b518740> SLIPSTORE::SNAP::TIME 0 seconds
1457429886048	<INFO 7efd8b518740> SLIPSTORE::MAX_DISK_USAGE_BYTES 45546477228
1457429886883	<INFO 7efd8b518740> CORE::RUSAGE::MAX_RSS_KB 125953476
1457429886886	<INFO 7efd8b518740> CORE::RUSAGE::MINFLT 45725736
1457429886888	<INFO 7efd8b518740> CORE::RUSAGE::MAJFLT 24
1457429886891	<INFO 7efd8b518740> CORE::RUSAGE::MAJFLT 24
1457429886893	<INFO 7efd8b518740> CORE::RUSAGE::INBLK 603577424
1457429886895	<INFO 7efd8b518740> CORE::RUSAGE::OUBLK 296550560
1457429886898	<INFO 7efd8b518740> CORE::UTILS::BYTES_READ 339834617772
1457429886900	<INFO 7efd8b518740> CORE::UTILS::BYTES_WRITTEN 151826172452
1457429886903	<INFO 7efd8b518740> CORE::UTILS::TILE_COPY_BYTES 32212254720
1457429886905	<INFO 7efd8b518740> CORE::TIME::IO_WAIT 3872.55 seconds
1457429886907	<INFO 7efd8b518740> CORE::TIME_TILE_COPY 0 seconds
1457429886910	<INFO 7efd8b518740> CORE::TIME_TILE_MERGE 0 seconds
1457429886912	<INFO 7efd8b518740> CORE::TIME_PROCESSING_STOLEN 0 seconds
1457429886914	<INFO 7efd8b518740> CORE::TIME_MERGE_WAIT 0 seconds
1457429886917	<INFO 7efd8b518740> CORE::TIME_ALL_MC_BARRIER 97.1219 seconds
1457429886919	<INFO 7efd8b518740> CORE::PHASES 7
1457429886921	<INFO 7efd8b518740> CORE::TIME::SETUP 5.5981 seconds
1457429886924	<INFO 7efd8b518740> CORE::TIME::WALL 4526.55 seconds
1457429886926	<INFO 7efd8b518740> SHUTDOWN
