1457425253206	<INFO 7f4157b03740> 2016-03-08 09:20:53 STARTUP
1457425253211	<INFO 7f4157b03740> CORE::GRAPH rmat-30_s8
1457425253215	<INFO 7f4157b03740> CORE::ALGORITHM pagerank
1457425253219	<INFO 7f4157b03740> CORE::VERTEX_STRIPING ON
1457425253223	<INFO 7f4157b03740> 2016-03-08 09:20:53 Blocking memory amount 126701535232
1457425361246	<INFO 7f4157b03740> 2016-03-08 09:22:41 Done blocking memory
1457425361250	<INFO 7f4157b03740> SG-DRIVER-ORIGINAL
1457425361254	<INFO 7f4157b03740> CORE::CONFIG::PROCESSORS 8
1457425361258	<INFO 7f4157b03740> CORE::CONFIG::PHYSICAL_MEMORY 2147483648
1457425361261	<INFO 7f4157b03740> CORE::CONFIG::VERTICES 1073741824
1457425361265	<INFO 7f4157b03740> CORE::CONFIG::VERTEX_SIZE 12
1457425361269	<INFO 7f4157b03740> CORE::CONFIG::VERTEX_BUFFER 1610612736
1457425361273	<INFO 7f4157b03740> CORE::CONFIG::EDGES 2147483648
1457425361277	<INFO 7f4157b03740> CORE::CONFIG::PARTITIONS 64
1457425361282	<INFO 7f4157b03740> CORE::CONFIG::FANOUT 64
1457425361286	<INFO 7f4157b03740> CORE::CONFIG::SUPER_PARTITIONS 8
1457425361290	<INFO 7f4157b03740> CORE::CONFIG::TILES 1
1457425361293	<INFO 7f4157b03740> CORE::CONFIG::BUFFER_SIZE 107373056
1457425361297	<INFO 7f4157b03740> CORE::CONFIG::MAX_BUFFERS 4
1457425361301	<INFO 7f4157b03740> CORE::CONFIG::MAX_STREAMS 4
1457425361305	<INFO 7f4157b03740> SLIPSTREAM::EXT_MEM_SHUFFLE OFF
1457425364571	<INFO 7f4157b03740> SLIPSTORE::ZMQ_THREADS 2
1457425364576	<INFO 7f4157b03740> SLIPSTORE::COMM Connecting to tcp://dco-node137-10g:5016
1457425364579	<INFO 7f4157b03740> SLIPSTORE::COMM Connecting to tcp://dco-node138-10g:5034
1457425364583	<INFO 7f4157b03740> SLIPSTORE::COMM Connecting to tcp://dco-node139-10g:5052
1457425364587	<INFO 7f4157b03740> SLIPSTORE::COMM Connecting to tcp://dco-node140-10g:5070
1457425364591	<INFO 7f4157b03740> SLIPSTORE::COMM Connecting to tcp://dco-node141-10g:5088
1457425364596	<INFO 7f4157b03740> SLIPSTORE::COMM Connecting to tcp://dco-node142-10g:5106
1457425364600	<INFO 7f4157b03740> SLIPSTORE::COMM Connecting to tcp://dco-node143-10g:5124
1457425364604	<INFO 7f4157b03740> SLIPSTORE::COMM Connecting to tcp://dco-node144-10g:5142
1457425364608	<INFO 7f4157b03740> SLIPSTORE::COMM Listening at tcp://ens1f0:5098
1457425364612	<INFO 7f4157b03740> SLIPSTORE::COMM Listening at tcp://ens1f0:5099
1457425364616	<INFO 7f4157b03740> SLIPSTORE::COMM Listening at tcp://ens1f0:5100
1457425364620	<INFO 7f4157b03740> SLIPSTORE::COMM Listening at tcp://ens1f0:5101
1457425364624	<INFO 7f4157b03740> SLIPSTORE::COMM Listening at tcp://ens1f0:5102
1457425364629	<INFO 7f4157b03740> SLIPSTORE::COMM Listening at ipc://client
1457425364633	<INFO 7f4157b03740> SLIPSTORE::COMM Listening at tcp://ens1f0:5104
1457425364636	<INFO 7f4157b03740> SLIPSTORE::COMM Listening at tcp://ens1f0:5105
1457425364641	<INFO 7f4157b03740> SLIPSTORE::COMM Connecting to tcp://dco-node137-10g:5016
1457425364645	<INFO 7f4157b03740> SLIPSTORE::COMM Connecting to tcp://dco-node138-10g:5034
1457425364648	<INFO 7f4157b03740> SLIPSTORE::COMM Connecting to tcp://dco-node139-10g:5052
1457425364653	<INFO 7f4157b03740> SLIPSTORE::COMM Connecting to tcp://dco-node140-10g:5070
1457425364657	<INFO 7f4157b03740> SLIPSTORE::COMM Connecting to tcp://dco-node141-10g:5088
1457425364661	<INFO 7f4157b03740> SLIPSTORE::COMM Connecting to tcp://dco-node142-10g:5106
1457425364665	<INFO 7f4157b03740> SLIPSTORE::COMM Connecting to tcp://dco-node143-10g:5124
1457425364669	<INFO 7f4157b03740> SLIPSTORE::COMM Connecting to tcp://dco-node144-10g:5142
1457425364673	<INFO 7f4157b03740> SLIPSTORE::COMM Connecting to tcp://dco-node137-10g:5005
1457425364676	<INFO 7f4157b03740> SLIPSTORE::COMM Connecting to tcp://dco-node138-10g:5023
1457425364679	<INFO 7f4157b03740> SLIPSTORE::COMM Connecting to tcp://dco-node139-10g:5041
1457425364683	<INFO 7f4157b03740> SLIPSTORE::COMM Connecting to tcp://dco-node140-10g:5059
1457425364686	<INFO 7f4157b03740> SLIPSTORE::COMM Connecting to tcp://dco-node141-10g:5077
1457425364691	<INFO 7f4157b03740> SLIPSTORE::COMM Connecting to ipc://server
1457425364695	<INFO 7f4157b03740> SLIPSTORE::COMM Connecting to tcp://dco-node143-10g:5113
1457425364698	<INFO 7f4157b03740> SLIPSTORE::COMM Connecting to tcp://dco-node144-10g:5131
1457425364702	<INFO 7f4157b03740> SLIPSTORE::COMM Connecting to tcp://dco-node143-10g:5125
1457425364706	<INFO 7f4157b03740> SLIPSTORE::COMM Listening at tcp://ens1f0:5107
1457425364710	<INFO 7f4157b03740> SLIPSTORE::COMM Connecting to tcp://dco-node142-10g:5106
1457425364714	<INFO 7f4157b03740> SLIPSTORE::HELP_POLICY HEURISTIC_NEW
1457425364717	<INFO 7f4157b03740> SLIPSTORE::SERVER ASYNC
1457425364720	<INFO 7f4157b03740> SLIPSTORE::MACHINES 8
1457425364724	<INFO 7f4157b03740> SLIPSTORE::ME 5
1457425364728	<INFO 7f4157b03740> SLIPSTORE::SLIPCHUNK 4194304
1457425364731	<INFO 7f4157b03740> SLIPSTORE::QUOTA 18446744073709551615
1457425364734	<INFO 7f4157b03740> SLIPSTORE::IO PAGECACHE
1457425364737	<INFO 7f23397f5700> SLIPSTORE::COMM Listening at tcp://ens1f0:5106
1457425364740	<INFO 7f23397f5700> SLIPSTORE::COMM Listening at tcp://ens1f0:5090
1457425364743	<INFO 7f23397f5700> SLIPSTORE::COMM Connecting to tcp://dco-node137-10g:5013
1457425364746	<INFO 7f23397f5700> SLIPSTORE::COMM Listening at tcp://ens1f0:5091
1457425364749	<INFO 7f23397f5700> SLIPSTORE::COMM Connecting to tcp://dco-node138-10g:5031
1457425364753	<INFO 7f23397f5700> SLIPSTORE::COMM Listening at tcp://ens1f0:5092
1457425364756	<INFO 7f23397f5700> SLIPSTORE::COMM Connecting to tcp://dco-node139-10g:5049
1457425364759	<INFO 7f23397f5700> SLIPSTORE::COMM Listening at tcp://ens1f0:5093
1457425364763	<INFO 7f23397f5700> SLIPSTORE::COMM Connecting to tcp://dco-node140-10g:5067
1457425364766	<INFO 7f23397f5700> SLIPSTORE::COMM Listening at tcp://ens1f0:5094
1457425364770	<INFO 7f23397f5700> SLIPSTORE::COMM Connecting to tcp://dco-node141-10g:5085
1457425364774	<INFO 7f23397f5700> SLIPSTORE::COMM Listening at ipc://server
1457425364778	<INFO 7f23397f5700> SLIPSTORE::COMM Connecting to ipc://client
1457425364781	<INFO 7f23397f5700> SLIPSTORE::COMM Listening at tcp://ens1f0:5096
1457425364786	<INFO 7f23397f5700> SLIPSTORE::COMM Connecting to tcp://dco-node143-10g:5121
1457425364789	<INFO 7f23397f5700> SLIPSTORE::COMM Listening at tcp://ens1f0:5097
1457425364793	<INFO 7f23397f5700> SLIPSTORE::COMM Connecting to tcp://dco-node144-10g:5139
1457425364986	<INFO 7f4157b03740> SLIPSTORE::CHECKPOINTS NONE FOUND
1457425841336	<INFO 7f4157b03740> 2016-03-08 09:30:41 Completed init
1457425846868	<INFO 7f4157b03740> 2016-03-08 09:30:46 Started gather
1457425858753	<INFO 7f4157b03740> 2016-03-08 09:30:58 Completed gather
1457425858989	<INFO 7f4157b03740> 2016-03-08 09:30:58 Started scatter
1457425918912	<INFO 7f4157b03740> 2016-03-08 09:31:58 Completed scatter
1457425918947	<INFO 7f4157b03740> 2016-03-08 09:31:58 Started helping 0
1457426026396	<INFO 7f4157b03740> 2016-03-08 09:33:46 Completed helping 0
1457426026616	<INFO 7f4157b03740> 2016-03-08 09:33:46 Completed phase 1 Bytes read 55345861836 Bytes written 28569425100
1457426037917	<INFO 7f4157b03740> 2016-03-08 09:33:57 Started gather
1457426048831	<INFO 7f4157b03740> 2016-03-08 09:34:08 Completed gather
1457426049084	<INFO 7f4157b03740> 2016-03-08 09:34:09 Started gather
1457426257094	<INFO 7f4157b03740> 2016-03-08 09:37:37 Completed gather
1457426257120	<INFO 7f4157b03740> 2016-03-08 09:37:37 Started helping 0
1457426537712	<INFO 7f4157b03740> 2016-03-08 09:42:17 Completed helping 0
1457426547024	<INFO 7f4157b03740> 2016-03-08 09:42:27 Completed phase 2 Bytes read 86331206040 Bytes written 50730146268
1457426576174	<INFO 7f4157b03740> 2016-03-08 09:42:56 Started gather
1457426653118	<INFO 7f4157b03740> 2016-03-08 09:44:13 Completed gather
1457426653240	<INFO 7f4157b03740> 2016-03-08 09:44:13 Started helping 0
1457426726439	<INFO 7f4157b03740> 2016-03-08 09:45:26 Completed helping 0
1457426746743	<INFO 7f4157b03740> 2016-03-08 09:45:46 Started scatter
1457426916831	<INFO 7f4157b03740> 2016-03-08 09:48:36 Completed scatter
1457426917294	<INFO 7f4157b03740> 2016-03-08 09:48:37 Started helping 0
1457427217255	<INFO 7f4157b03740> 2016-03-08 09:53:37 Completed helping 0
1457427233930	<INFO 7f4157b03740> 2016-03-08 09:53:53 Completed phase 3 Bytes read 135652066164 Bytes written 71177972476
1457427258898	<INFO 7f4157b03740> 2016-03-08 09:54:18 Started gather
1457427336569	<INFO 7f4157b03740> 2016-03-08 09:55:36 Completed gather
1457427336632	<INFO 7f4157b03740> 2016-03-08 09:55:36 Started helping 0
1457427401685	<INFO 7f4157b03740> 2016-03-08 09:56:41 Completed helping 0
1457427421727	<INFO 7f4157b03740> 2016-03-08 09:57:01 Started scatter
1457427588680	<INFO 7f4157b03740> 2016-03-08 09:59:48 Completed scatter
1457427588952	<INFO 7f4157b03740> 2016-03-08 09:59:48 Started helping 0
1457427877637	<INFO 7f4157b03740> 2016-03-08 10:04:37 Completed helping 0
1457427884458	<INFO 7f4157b03740> 2016-03-08 10:04:44 Completed phase 4 Bytes read 184669317472 Bytes written 91597962596
1457427913625	<INFO 7f4157b03740> 2016-03-08 10:05:13 Started gather
1457427994180	<INFO 7f4157b03740> 2016-03-08 10:06:34 Completed gather
1457427994288	<INFO 7f4157b03740> 2016-03-08 10:06:34 Started helping 0
1457428059036	<INFO 7f4157b03740> 2016-03-08 10:07:39 Completed helping 0
1457428078937	<INFO 7f4157b03740> 2016-03-08 10:07:58 Started scatter
1457428249774	<INFO 7f4157b03740> 2016-03-08 10:10:49 Completed scatter
1457428250492	<INFO 7f4157b03740> 2016-03-08 10:10:50 Started helping 0
1457428536986	<INFO 7f4157b03740> 2016-03-08 10:15:36 Completed helping 0
1457428549253	<INFO 7f4157b03740> 2016-03-08 10:15:49 Completed phase 5 Bytes read 233860059284 Bytes written 112311001044
1457428580016	<INFO 7f4157b03740> 2016-03-08 10:16:20 Started gather
1457428660716	<INFO 7f4157b03740> 2016-03-08 10:17:40 Completed gather
1457428660776	<INFO 7f4157b03740> 2016-03-08 10:17:40 Started helping 0
1457428723528	<INFO 7f4157b03740> 2016-03-08 10:18:43 Completed helping 0
1457428743670	<INFO 7f4157b03740> 2016-03-08 10:19:03 Started scatter
1457428911786	<INFO 7f4157b03740> 2016-03-08 10:21:51 Completed scatter
1457428912026	<INFO 7f4157b03740> 2016-03-08 10:21:52 Started helping 0
1457429199984	<INFO 7f4157b03740> 2016-03-08 10:26:39 Completed helping 0
1457429213159	<INFO 7f4157b03740> 2016-03-08 10:26:53 Completed phase 6 Bytes read 283343849424 Bytes written 132661813804
1457429240679	<INFO 7f4157b03740> 2016-03-08 10:27:20 Started gather
1457429319872	<INFO 7f4157b03740> 2016-03-08 10:28:39 Completed gather
1457429319976	<INFO 7f4157b03740> 2016-03-08 10:28:39 Started helping 0
1457429387349	<INFO 7f4157b03740> 2016-03-08 10:29:47 Completed helping 0
1457429407329	<INFO 7f4157b03740> 2016-03-08 10:30:07 Started scatter
1457429582025	<INFO 7f4157b03740> 2016-03-08 10:33:02 Completed scatter
1457429583512	<INFO 7f4157b03740> 2016-03-08 10:33:03 Started helping 0
1457429868916	<INFO 7f4157b03740> 2016-03-08 10:37:48 Completed helping 0
1457429885931	<INFO 7f4157b03740> 2016-03-08 10:38:05 Completed phase 7 Bytes read 332465413876 Bytes written 153530133028
1457429885934	<INFO 7f4157b03740> CORE::PARTITIONS_PROCESSED 1954
1457429885936	<INFO 7f4157b03740> CORE::BYTES::EDGES_STREAMED 16844793624
1457429885939	<INFO 7f4157b03740> CORE::BYTES::UPDATES_OUT 9705856792
1457429885941	<INFO 7f4157b03740> CORE::BYTES::UPDATES_IN 6176783848
1457429885943	<INFO 7f232effd700> CORE::PARTITIONS_PROCESSED 6153
1457429885945	<INFO 7f232effd700> CORE::BYTES::EDGES_STREAMED 19530075204
1457429885948	<INFO 7f232effd700> CORE::BYTES::UPDATES_OUT 11031462504
1457429885950	<INFO 7f232effd700> CORE::BYTES::UPDATES_IN 8441628360
1457429885952	<INFO 7f232cff9700> CORE::PARTITIONS_PROCESSED 6776
1457429885955	<INFO 7f232d7fa700> CORE::PARTITIONS_PROCESSED 5566
1457429885957	<INFO 7f232f7fe700> CORE::PARTITIONS_PROCESSED 4642
1457429885959	<INFO 7f232dffb700> CORE::PARTITIONS_PROCESSED 5563
1457429885962	<INFO 7f232ffff700> CORE::PARTITIONS_PROCESSED 4554
1457429885964	<INFO 7f232e7fc700> CORE::PARTITIONS_PROCESSED 4344
1457429885966	<INFO 7f232f7fe700> CORE::BYTES::EDGES_STREAMED 16681212456
1457429885968	<INFO 7f232e7fc700> CORE::BYTES::EDGES_STREAMED 18947134524
1457429885971	<INFO 7f232ffff700> CORE::BYTES::EDGES_STREAMED 17096784792
1457429885973	<INFO 7f232d7fa700> CORE::BYTES::EDGES_STREAMED 18681477624
1457429885975	<INFO 7f232f7fe700> CORE::BYTES::UPDATES_OUT 9465103136
1457429885978	<INFO 7f232cff9700> CORE::BYTES::EDGES_STREAMED 30700637964
1457429885980	<INFO 7f232ffff700> CORE::BYTES::UPDATES_OUT 9791716208
1457429885982	<INFO 7f232d7fa700> CORE::BYTES::UPDATES_OUT 10647000160
1457429885985	<INFO 7f232f7fe700> CORE::BYTES::UPDATES_IN 7081386392
1457429885987	<INFO 7f232cff9700> CORE::BYTES::UPDATES_OUT 17907978928
1457429885989	<INFO 7f232dffb700> CORE::BYTES::EDGES_STREAMED 18889769100
1457429885991	<INFO 7f232d7fa700> CORE::BYTES::UPDATES_IN 7576517672
1457429885994	<INFO 7f232e7fc700> CORE::BYTES::UPDATES_OUT 10890275320
1457429885996	<INFO 7f232ffff700> CORE::BYTES::UPDATES_IN 7034640704
1457429885998	<INFO 7f232cff9700> CORE::BYTES::UPDATES_IN 11307470728
1457429886001	<INFO 7f232dffb700> CORE::BYTES::UPDATES_OUT 10947773112
1457429886003	<INFO 7f232e7fc700> CORE::BYTES::UPDATES_IN 7693501560
1457429886006	<INFO 7f232dffb700> CORE::BYTES::UPDATES_IN 8832742160
1457429886008	<INFO 7f23397f5700> SLIPSTORE service is exiting
1457429886010	<INFO 7f23397f5700> SLIPSTORE::HELP_OFFERS_RECVD 98
1457429886012	<INFO 7f23397f5700> SLIPSTORE::HELP_OFFERS_ACCEPTED 0
1457429886015	<INFO 7f23397f5700> SLIPSTORE::HELP_ACCEPTANCE_RATIO 0
1457429886017	<INFO 7f23397f5700> SLIPSTORE::SERVER_BUSY_DISK  3130.62 seconds
1457429886020	<INFO 7f23397f5700> SLIPSTORE::SERVER_BUSY_MEM  5.90969 seconds
1457429886022	<INFO 7f23397f5700> SLIPSTORE::SERVER_TOTAL  4521.34 seconds
1457429886024	<INFO 7f4157b03740> SLIPSTORE::CLIENT::DISK_READ_TIME  2924.37 seconds
1457429886027	<INFO 7f4157b03740> SLIPSTORE::CLIENT::MEM_READ_TIME  0 seconds
1457429886029	<INFO 7f4157b03740> SLIPSTORE::CLIENT::DISK_BYTES_READ 299249616916
1457429886032	<INFO 7f4157b03740> SLIPSTORE::CLIENT::MEM_BYTES_READ 0
1457429886034	<INFO 7f4157b03740> SLIPSTORE::CLIENT::WRITE_TIME  1380.1 seconds
1457429886037	<INFO 7f4157b03740> SLIPSTORE::CLIENT::BYTES_WRITTEN 24159191040
1457429886039	<INFO 7f4157b03740> SLIPSTORE::CLIENT_BUSY  4304.47 seconds
1457429886041	<INFO 7f4157b03740> SLIPSTORE::IO::TIME 2616.58 seconds
1457429886044	<INFO 7f4157b03740> SLIPSTORE::SNAP::TIME 0 seconds
1457429886046	<INFO 7f4157b03740> SLIPSTORE::MAX_DISK_USAGE_BYTES 44605906116
1457429886104	<INFO 7f4157b03740> CORE::RUSAGE::MAX_RSS_KB 125959804
1457429886106	<INFO 7f4157b03740> CORE::RUSAGE::MINFLT 40141088
1457429886109	<INFO 7f4157b03740> CORE::RUSAGE::MAJFLT 48
1457429886111	<INFO 7f4157b03740> CORE::RUSAGE::MAJFLT 48
1457429886114	<INFO 7f4157b03740> CORE::RUSAGE::INBLK 589486304
1457429886116	<INFO 7f4157b03740> CORE::RUSAGE::OUBLK 299878712
1457429886119	<INFO 7f4157b03740> CORE::UTILS::BYTES_READ 332465413876
1457429886121	<INFO 7f4157b03740> CORE::UTILS::BYTES_WRITTEN 153530133028
1457429886124	<INFO 7f4157b03740> CORE::UTILS::TILE_COPY_BYTES 51539607552
1457429886126	<INFO 7f4157b03740> CORE::TIME::IO_WAIT 4020.05 seconds
1457429886129	<INFO 7f4157b03740> CORE::TIME_TILE_COPY 533.247 seconds
1457429886132	<INFO 7f4157b03740> CORE::TIME_TILE_MERGE 0 seconds
1457429886134	<INFO 7f4157b03740> CORE::TIME_PROCESSING_STOLEN 1596.52 seconds
1457429886137	<INFO 7f4157b03740> CORE::TIME_MERGE_WAIT 39.7786 seconds
1457429886140	<INFO 7f4157b03740> CORE::TIME_ALL_MC_BARRIER 75.2787 seconds
1457429886143	<INFO 7f4157b03740> CORE::PHASES 7
1457429886145	<INFO 7f4157b03740> CORE::TIME::SETUP 3.90938 seconds
1457429886148	<INFO 7f4157b03740> CORE::TIME::WALL 4524.86 seconds
1457429886151	<INFO 7f4157b03740> SHUTDOWN
