1456775415560	<INFO 7f1f3fe43740> 2016-02-29 20:50:15 STARTUP
1456775415563	<INFO 7f1f3fe43740> CORE::GRAPH rmat-28_s8
1456775415567	<INFO 7f1f3fe43740> CORE::ALGORITHM pagerank
1456775415571	<INFO 7f1f3fe43740> CORE::VERTEX_STRIPING ON
1456775415575	<INFO 7f1f3fe43740> 2016-02-29 20:50:15 Blocking memory amount 126701535232
1456775521844	<INFO 7f1f3fe43740> 2016-02-29 20:52:01 Done blocking memory
1456775521849	<INFO 7f1f3fe43740> SG-DRIVER-ORIGINAL
1456775521852	<INFO 7f1f3fe43740> CORE::CONFIG::PROCESSORS 8
1456775521856	<INFO 7f1f3fe43740> CORE::CONFIG::PHYSICAL_MEMORY 2147483648
1456775521860	<INFO 7f1f3fe43740> CORE::CONFIG::VERTICES 268435456
1456775521863	<INFO 7f1f3fe43740> CORE::CONFIG::VERTEX_SIZE 12
1456775521867	<INFO 7f1f3fe43740> CORE::CONFIG::VERTEX_BUFFER 25165824
1456775521871	<INFO 7f1f3fe43740> CORE::CONFIG::EDGES 536870912
1456775521875	<INFO 7f1f3fe43740> CORE::CONFIG::PARTITIONS 1024
1456775521878	<INFO 7f1f3fe43740> CORE::CONFIG::FANOUT 1024
1456775521883	<INFO 7f1f3fe43740> CORE::CONFIG::SUPER_PARTITIONS 128
1456775521886	<INFO 7f1f3fe43740> CORE::CONFIG::TILES 1
1456775521890	<INFO 7f1f3fe43740> CORE::CONFIG::BUFFER_SIZE 424448614
1456775521894	<INFO 7f1f3fe43740> CORE::CONFIG::MAX_BUFFERS 4
1456775521898	<INFO 7f1f3fe43740> CORE::CONFIG::MAX_STREAMS 4
1456775521902	<INFO 7f1f3fe43740> SLIPSTREAM::EXT_MEM_SHUFFLE OFF
1456775523649	<WARNING 7f1f3fe43740> Unable to unlink file (stream.0.0.0):No such file or directory
1456775523653	<WARNING 7f1f3fe43740> Unable to unlink file (stream.0.1.0):No such file or directory
1456775523657	<WARNING 7f1f3fe43740> Unable to unlink file (stream.0.2.0):No such file or directory
1456775523661	<WARNING 7f1f3fe43740> Unable to unlink file (stream.0.3.0):No such file or directory
1456775523665	<WARNING 7f1f3fe43740> Unable to unlink file (stream.0.4.0):No such file or directory
1456775523669	<WARNING 7f1f3fe43740> Unable to unlink file (stream.0.5.0):No such file or directory
1456775523673	<WARNING 7f1f3fe43740> Unable to unlink file (stream.0.6.0):No such file or directory
1456775523676	<WARNING 7f1f3fe43740> Unable to unlink file (stream.0.7.0):No such file or directory
1456775523680	<WARNING 7f1f3fe43740> Unable to unlink file (stream.0.8.0):No such file or directory
1456775523684	<WARNING 7f1f3fe43740> Unable to unlink file (stream.0.9.0):No such file or directory
1456775523688	<WARNING 7f1f3fe43740> Unable to unlink file (stream.0.10.0):No such file or directory
1456775523691	<WARNING 7f1f3fe43740> Unable to unlink file (stream.0.11.0):No such file or directory
1456775523695	<WARNING 7f1f3fe43740> Unable to unlink file (stream.0.12.0):No such file or directory
1456775523699	<WARNING 7f1f3fe43740> Unable to unlink file (stream.0.13.0):No such file or directory
1456775523702	<WARNING 7f1f3fe43740> Unable to unlink file (stream.0.14.0):No such file or directory
1456775523705	<WARNING 7f1f3fe43740> Unable to unlink file (stream.0.15.0):No such file or directory
1456775523709	<WARNING 7f1f3fe43740> Unable to unlink file (stream.0.16.0):No such file or directory
1456775523712	<WARNING 7f1f3fe43740> Unable to unlink file (stream.0.17.0):No such file or directory
1456775523716	<WARNING 7f1f3fe43740> Unable to unlink file (stream.0.18.0):No such file or directory
1456775523719	<WARNING 7f1f3fe43740> Unable to unlink file (stream.0.19.0):No such file or directory
1456775523723	<WARNING 7f1f3fe43740> Unable to unlink file (stream.0.20.0):No such file or directory
1456775523727	<WARNING 7f1f3fe43740> Unable to unlink file (stream.0.21.0):No such file or directory
1456775523731	<WARNING 7f1f3fe43740> Unable to unlink file (stream.0.22.0):No such file or directory
1456775523734	<WARNING 7f1f3fe43740> Unable to unlink file (stream.0.23.0):No such file or directory
1456775523737	<WARNING 7f1f3fe43740> Unable to unlink file (stream.0.24.0):No such file or directory
1456775523741	<WARNING 7f1f3fe43740> Unable to unlink file (stream.0.25.0):No such file or directory
1456775523744	<WARNING 7f1f3fe43740> Unable to unlink file (stream.0.26.0):No such file or directory
1456775523747	<WARNING 7f1f3fe43740> Unable to unlink file (stream.0.27.0):No such file or directory
1456775523751	<WARNING 7f1f3fe43740> Unable to unlink file (stream.0.28.0):No such file or directory
1456775523754	<WARNING 7f1f3fe43740> Unable to unlink file (stream.0.29.0):No such file or directory
1456775523757	<WARNING 7f1f3fe43740> Unable to unlink file (stream.0.30.0):No such file or directory
1456775523760	<WARNING 7f1f3fe43740> Unable to unlink file (stream.0.31.0):No such file or directory
1456775523763	<WARNING 7f1f3fe43740> Unable to unlink file (stream.0.32.0):No such file or directory
1456775523766	<WARNING 7f1f3fe43740> Unable to unlink file (stream.0.33.0):No such file or directory
1456775523770	<WARNING 7f1f3fe43740> Unable to unlink file (stream.0.34.0):No such file or directory
1456775523773	<WARNING 7f1f3fe43740> Unable to unlink file (stream.0.35.0):No such file or directory
1456775523777	<WARNING 7f1f3fe43740> Unable to unlink file (stream.0.36.0):No such file or directory
1456775523779	<WARNING 7f1f3fe43740> Unable to unlink file (stream.0.37.0):No such file or directory
1456775523782	<WARNING 7f1f3fe43740> Unable to unlink file (stream.0.38.0):No such file or directory
1456775523785	<WARNING 7f1f3fe43740> Unable to unlink file (stream.0.39.0):No such file or directory
1456775523788	<WARNING 7f1f3fe43740> Unable to unlink file (stream.0.40.0):No such file or directory
1456775523791	<WARNING 7f1f3fe43740> Unable to unlink file (stream.0.41.0):No such file or directory
1456775523795	<WARNING 7f1f3fe43740> Unable to unlink file (stream.0.42.0):No such file or directory
1456775523798	<WARNING 7f1f3fe43740> Unable to unlink file (stream.0.43.0):No such file or directory
1456775523801	<WARNING 7f1f3fe43740> Unable to unlink file (stream.0.44.0):No such file or directory
1456775523803	<WARNING 7f1f3fe43740> Unable to unlink file (stream.0.45.0):No such file or directory
1456775523806	<WARNING 7f1f3fe43740> Unable to unlink file (stream.0.46.0):No such file or directory
1456775523808	<WARNING 7f1f3fe43740> Unable to unlink file (stream.0.47.0):No such file or directory
1456775523811	<WARNING 7f1f3fe43740> Unable to unlink file (stream.0.48.0):No such file or directory
1456775523815	<WARNING 7f1f3fe43740> Unable to unlink file (stream.0.49.0):No such file or directory
1456775523818	<WARNING 7f1f3fe43740> Unable to unlink file (stream.0.50.0):No such file or directory
1456775523820	<WARNING 7f1f3fe43740> Unable to unlink file (stream.0.51.0):No such file or directory
1456775523823	<WARNING 7f1f3fe43740> Unable to unlink file (stream.0.52.0):No such file or directory
1456775523826	<WARNING 7f1f3fe43740> Unable to unlink file (stream.0.53.0):No such file or directory
1456775523828	<WARNING 7f1f3fe43740> Unable to unlink file (stream.0.54.0):No such file or directory
1456775523832	<WARNING 7f1f3fe43740> Unable to unlink file (stream.0.55.0):No such file or directory
1456775523835	<WARNING 7f1f3fe43740> Unable to unlink file (stream.0.56.0):No such file or directory
1456775523839	<WARNING 7f1f3fe43740> Unable to unlink file (stream.0.57.0):No such file or directory
1456775523842	<WARNING 7f1f3fe43740> Unable to unlink file (stream.0.58.0):No such file or directory
1456775523846	<WARNING 7f1f3fe43740> Unable to unlink file (stream.0.59.0):No such file or directory
1456775523849	<WARNING 7f1f3fe43740> Unable to unlink file (stream.0.60.0):No such file or directory
1456775523853	<WARNING 7f1f3fe43740> Unable to unlink file (stream.0.61.0):No such file or directory
1456775523856	<WARNING 7f1f3fe43740> Unable to unlink file (stream.0.62.0):No such file or directory
1456775523859	<WARNING 7f1f3fe43740> Unable to unlink file (stream.0.63.0):No such file or directory
1456775523862	<WARNING 7f1f3fe43740> Unable to unlink file (stream.0.64.0):No such file or directory
1456775523865	<WARNING 7f1f3fe43740> Unable to unlink file (stream.0.65.0):No such file or directory
1456775523868	<WARNING 7f1f3fe43740> Unable to unlink file (stream.0.66.0):No such file or directory
1456775523870	<WARNING 7f1f3fe43740> Unable to unlink file (stream.0.67.0):No such file or directory
1456775523872	<WARNING 7f1f3fe43740> Unable to unlink file (stream.0.68.0):No such file or directory
1456775523875	<WARNING 7f1f3fe43740> Unable to unlink file (stream.0.69.0):No such file or directory
1456775523877	<WARNING 7f1f3fe43740> Unable to unlink file (stream.0.70.0):No such file or directory
1456775523880	<WARNING 7f1f3fe43740> Unable to unlink file (stream.0.71.0):No such file or directory
1456775523883	<WARNING 7f1f3fe43740> Unable to unlink file (stream.0.72.0):No such file or directory
1456775523886	<WARNING 7f1f3fe43740> Unable to unlink file (stream.0.73.0):No such file or directory
1456775523888	<WARNING 7f1f3fe43740> Unable to unlink file (stream.0.74.0):No such file or directory
1456775523891	<WARNING 7f1f3fe43740> Unable to unlink file (stream.0.75.0):No such file or directory
1456775523894	<WARNING 7f1f3fe43740> Unable to unlink file (stream.0.76.0):No such file or directory
1456775523897	<WARNING 7f1f3fe43740> Unable to unlink file (stream.0.77.0):No such file or directory
1456775523899	<WARNING 7f1f3fe43740> Unable to unlink file (stream.0.78.0):No such file or directory
1456775523903	<WARNING 7f1f3fe43740> Unable to unlink file (stream.0.79.0):No such file or directory
1456775523905	<WARNING 7f1f3fe43740> Unable to unlink file (stream.0.80.0):No such file or directory
1456775523909	<WARNING 7f1f3fe43740> Unable to unlink file (stream.0.81.0):No such file or directory
1456775523911	<WARNING 7f1f3fe43740> Unable to unlink file (stream.0.82.0):No such file or directory
1456775523914	<WARNING 7f1f3fe43740> Unable to unlink file (stream.0.83.0):No such file or directory
1456775523917	<WARNING 7f1f3fe43740> Unable to unlink file (stream.0.84.0):No such file or directory
1456775523920	<WARNING 7f1f3fe43740> Unable to unlink file (stream.0.85.0):No such file or directory
1456775523923	<WARNING 7f1f3fe43740> Unable to unlink file (stream.0.86.0):No such file or directory
1456775523925	<WARNING 7f1f3fe43740> Unable to unlink file (stream.0.87.0):No such file or directory
1456775523929	<WARNING 7f1f3fe43740> Unable to unlink file (stream.0.88.0):No such file or directory
1456775523933	<WARNING 7f1f3fe43740> Unable to unlink file (stream.0.89.0):No such file or directory
1456775523936	<WARNING 7f1f3fe43740> Unable to unlink file (stream.0.90.0):No such file or directory
1456775523940	<WARNING 7f1f3fe43740> Unable to unlink file (stream.0.91.0):No such file or directory
1456775523944	<WARNING 7f1f3fe43740> Unable to unlink file (stream.0.92.0):No such file or directory
1456775523947	<WARNING 7f1f3fe43740> Unable to unlink file (stream.0.93.0):No such file or directory
1456775523951	<WARNING 7f1f3fe43740> Unable to unlink file (stream.0.94.0):No such file or directory
1456775523953	<WARNING 7f1f3fe43740> Unable to unlink file (stream.0.95.0):No such file or directory
1456775523956	<WARNING 7f1f3fe43740> Unable to unlink file (stream.0.96.0):No such file or directory
1456775523959	<WARNING 7f1f3fe43740> Unable to unlink file (stream.0.97.0):No such file or directory
1456775523962	<WARNING 7f1f3fe43740> Unable to unlink file (stream.0.98.0):No such file or directory
1456775523966	<WARNING 7f1f3fe43740> Unable to unlink file (stream.0.99.0):No such file or directory
1456775523970	<WARNING 7f1f3fe43740> Unable to unlink file (stream.0.100.0):No such file or directory
1456775523972	<WARNING 7f1f3fe43740> Unable to unlink file (stream.0.101.0):No such file or directory
1456775523975	<WARNING 7f1f3fe43740> Unable to unlink file (stream.0.102.0):No such file or directory
1456775523978	<WARNING 7f1f3fe43740> Unable to unlink file (stream.0.103.0):No such file or directory
1456775523981	<WARNING 7f1f3fe43740> Unable to unlink file (stream.0.104.0):No such file or directory
1456775523985	<WARNING 7f1f3fe43740> Unable to unlink file (stream.0.105.0):No such file or directory
1456775523988	<WARNING 7f1f3fe43740> Unable to unlink file (stream.0.106.0):No such file or directory
1456775523992	<WARNING 7f1f3fe43740> Unable to unlink file (stream.0.107.0):No such file or directory
1456775523995	<WARNING 7f1f3fe43740> Unable to unlink file (stream.0.108.0):No such file or directory
1456775523997	<WARNING 7f1f3fe43740> Unable to unlink file (stream.0.109.0):No such file or directory
1456775524000	<WARNING 7f1f3fe43740> Unable to unlink file (stream.0.110.0):No such file or directory
1456775524004	<WARNING 7f1f3fe43740> Unable to unlink file (stream.0.111.0):No such file or directory
1456775524006	<WARNING 7f1f3fe43740> Unable to unlink file (stream.0.112.0):No such file or directory
1456775524009	<WARNING 7f1f3fe43740> Unable to unlink file (stream.0.113.0):No such file or directory
1456775524012	<WARNING 7f1f3fe43740> Unable to unlink file (stream.0.114.0):No such file or directory
1456775524016	<WARNING 7f1f3fe43740> Unable to unlink file (stream.0.115.0):No such file or directory
1456775524019	<WARNING 7f1f3fe43740> Unable to unlink file (stream.0.116.0):No such file or directory
1456775524023	<WARNING 7f1f3fe43740> Unable to unlink file (stream.0.117.0):No such file or directory
1456775524026	<WARNING 7f1f3fe43740> Unable to unlink file (stream.0.118.0):No such file or directory
1456775524030	<WARNING 7f1f3fe43740> Unable to unlink file (stream.0.119.0):No such file or directory
1456775524032	<WARNING 7f1f3fe43740> Unable to unlink file (stream.0.120.0):No such file or directory
1456775524035	<WARNING 7f1f3fe43740> Unable to unlink file (stream.0.121.0):No such file or directory
1456775524039	<WARNING 7f1f3fe43740> Unable to unlink file (stream.0.122.0):No such file or directory
1456775524043	<WARNING 7f1f3fe43740> Unable to unlink file (stream.0.123.0):No such file or directory
1456775524046	<WARNING 7f1f3fe43740> Unable to unlink file (stream.0.124.0):No such file or directory
1456775524048	<WARNING 7f1f3fe43740> Unable to unlink file (stream.0.125.0):No such file or directory
1456775524051	<WARNING 7f1f3fe43740> Unable to unlink file (stream.0.126.0):No such file or directory
1456775524053	<WARNING 7f1f3fe43740> Unable to unlink file (stream.0.127.0):No such file or directory
1456775524056	<WARNING 7f1f3fe43740> Unable to unlink file (stream.1.1.0):No such file or directory
1456775524059	<WARNING 7f1f3fe43740> Unable to unlink file (stream.1.2.0):No such file or directory
1456775524062	<WARNING 7f1f3fe43740> Unable to unlink file (stream.1.3.0):No such file or directory
1456775524065	<WARNING 7f1f3fe43740> Unable to unlink file (stream.1.4.0):No such file or directory
1456775524069	<WARNING 7f1f3fe43740> Unable to unlink file (stream.1.5.0):No such file or directory
1456775524071	<WARNING 7f1f3fe43740> Unable to unlink file (stream.1.6.0):No such file or directory
1456775524073	<WARNING 7f1f3fe43740> Unable to unlink file (stream.1.7.0):No such file or directory
1456775524076	<WARNING 7f1f3fe43740> Unable to unlink file (stream.1.8.0):No such file or directory
1456775524079	<WARNING 7f1f3fe43740> Unable to unlink file (stream.1.9.0):No such file or directory
1456775524083	<WARNING 7f1f3fe43740> Unable to unlink file (stream.1.10.0):No such file or directory
1456775524085	<WARNING 7f1f3fe43740> Unable to unlink file (stream.1.11.0):No such file or directory
1456775524088	<WARNING 7f1f3fe43740> Unable to unlink file (stream.1.12.0):No such file or directory
1456775524090	<WARNING 7f1f3fe43740> Unable to unlink file (stream.1.13.0):No such file or directory
1456775524093	<WARNING 7f1f3fe43740> Unable to unlink file (stream.1.14.0):No such file or directory
1456775524097	<WARNING 7f1f3fe43740> Unable to unlink file (stream.1.15.0):No such file or directory
1456775524100	<WARNING 7f1f3fe43740> Unable to unlink file (stream.1.16.0):No such file or directory
1456775524102	<WARNING 7f1f3fe43740> Unable to unlink file (stream.1.17.0):No such file or directory
1456775524105	<WARNING 7f1f3fe43740> Unable to unlink file (stream.1.18.0):No such file or directory
1456775524107	<WARNING 7f1f3fe43740> Unable to unlink file (stream.1.19.0):No such file or directory
1456775524109	<WARNING 7f1f3fe43740> Unable to unlink file (stream.1.20.0):No such file or directory
1456775524113	<WARNING 7f1f3fe43740> Unable to unlink file (stream.1.21.0):No such file or directory
1456775524115	<WARNING 7f1f3fe43740> Unable to unlink file (stream.1.22.0):No such file or directory
1456775524118	<WARNING 7f1f3fe43740> Unable to unlink file (stream.1.23.0):No such file or directory
1456775524121	<WARNING 7f1f3fe43740> Unable to unlink file (stream.1.24.0):No such file or directory
1456775524123	<WARNING 7f1f3fe43740> Unable to unlink file (stream.1.25.0):No such file or directory
1456775524126	<WARNING 7f1f3fe43740> Unable to unlink file (stream.1.26.0):No such file or directory
1456775524129	<WARNING 7f1f3fe43740> Unable to unlink file (stream.1.27.0):No such file or directory
1456775524132	<WARNING 7f1f3fe43740> Unable to unlink file (stream.1.28.0):No such file or directory
1456775524134	<WARNING 7f1f3fe43740> Unable to unlink file (stream.1.29.0):No such file or directory
1456775524137	<WARNING 7f1f3fe43740> Unable to unlink file (stream.1.30.0):No such file or directory
1456775524139	<WARNING 7f1f3fe43740> Unable to unlink file (stream.1.31.0):No such file or directory
1456775524142	<WARNING 7f1f3fe43740> Unable to unlink file (stream.1.32.0):No such file or directory
1456775524144	<WARNING 7f1f3fe43740> Unable to unlink file (stream.1.33.0):No such file or directory
1456775524148	<WARNING 7f1f3fe43740> Unable to unlink file (stream.1.34.0):No such file or directory
1456775524150	<WARNING 7f1f3fe43740> Unable to unlink file (stream.1.35.0):No such file or directory
1456775524154	<WARNING 7f1f3fe43740> Unable to unlink file (stream.1.36.0):No such file or directory
1456775524156	<WARNING 7f1f3fe43740> Unable to unlink file (stream.1.37.0):No such file or directory
1456775524159	<WARNING 7f1f3fe43740> Unable to unlink file (stream.1.38.0):No such file or directory
1456775524161	<WARNING 7f1f3fe43740> Unable to unlink file (stream.1.39.0):No such file or directory
1456775524164	<WARNING 7f1f3fe43740> Unable to unlink file (stream.1.40.0):No such file or directory
1456775524166	<WARNING 7f1f3fe43740> Unable to unlink file (stream.1.41.0):No such file or directory
1456775524169	<WARNING 7f1f3fe43740> Unable to unlink file (stream.1.42.0):No such file or directory
1456775524171	<WARNING 7f1f3fe43740> Unable to unlink file (stream.1.43.0):No such file or directory
1456775524173	<WARNING 7f1f3fe43740> Unable to unlink file (stream.1.44.0):No such file or directory
1456775524176	<WARNING 7f1f3fe43740> Unable to unlink file (stream.1.45.0):No such file or directory
1456775524178	<WARNING 7f1f3fe43740> Unable to unlink file (stream.1.46.0):No such file or directory
1456775524180	<WARNING 7f1f3fe43740> Unable to unlink file (stream.1.47.0):No such file or directory
1456775524182	<WARNING 7f1f3fe43740> Unable to unlink file (stream.1.48.0):No such file or directory
1456775524185	<WARNING 7f1f3fe43740> Unable to unlink file (stream.1.49.0):No such file or directory
1456775524188	<WARNING 7f1f3fe43740> Unable to unlink file (stream.1.50.0):No such file or directory
1456775524190	<WARNING 7f1f3fe43740> Unable to unlink file (stream.1.51.0):No such file or directory
1456775524192	<WARNING 7f1f3fe43740> Unable to unlink file (stream.1.52.0):No such file or directory
1456775524195	<WARNING 7f1f3fe43740> Unable to unlink file (stream.1.53.0):No such file or directory
1456775524198	<WARNING 7f1f3fe43740> Unable to unlink file (stream.1.54.0):No such file or directory
1456775524201	<WARNING 7f1f3fe43740> Unable to unlink file (stream.1.55.0):No such file or directory
1456775524203	<WARNING 7f1f3fe43740> Unable to unlink file (stream.1.56.0):No such file or directory
1456775524206	<WARNING 7f1f3fe43740> Unable to unlink file (stream.1.57.0):No such file or directory
1456775524208	<WARNING 7f1f3fe43740> Unable to unlink file (stream.1.58.0):No such file or directory
1456775524212	<WARNING 7f1f3fe43740> Unable to unlink file (stream.1.59.0):No such file or directory
1456775524214	<WARNING 7f1f3fe43740> Unable to unlink file (stream.1.60.0):No such file or directory
1456775524216	<WARNING 7f1f3fe43740> Unable to unlink file (stream.1.61.0):No such file or directory
1456775524219	<WARNING 7f1f3fe43740> Unable to unlink file (stream.1.62.0):No such file or directory
1456775524222	<WARNING 7f1f3fe43740> Unable to unlink file (stream.1.63.0):No such file or directory
1456775524225	<WARNING 7f1f3fe43740> Unable to unlink file (stream.1.64.0):No such file or directory
1456775524228	<WARNING 7f1f3fe43740> Unable to unlink file (stream.1.65.0):No such file or directory
1456775524230	<WARNING 7f1f3fe43740> Unable to unlink file (stream.1.66.0):No such file or directory
1456775524232	<WARNING 7f1f3fe43740> Unable to unlink file (stream.1.67.0):No such file or directory
1456775524235	<WARNING 7f1f3fe43740> Unable to unlink file (stream.1.68.0):No such file or directory
1456775524238	<WARNING 7f1f3fe43740> Unable to unlink file (stream.1.69.0):No such file or directory
1456775524240	<WARNING 7f1f3fe43740> Unable to unlink file (stream.1.70.0):No such file or directory
1456775524242	<WARNING 7f1f3fe43740> Unable to unlink file (stream.1.71.0):No such file or directory
1456775524245	<WARNING 7f1f3fe43740> Unable to unlink file (stream.1.72.0):No such file or directory
1456775524249	<WARNING 7f1f3fe43740> Unable to unlink file (stream.1.73.0):No such file or directory
1456775524251	<WARNING 7f1f3fe43740> Unable to unlink file (stream.1.74.0):No such file or directory
1456775524255	<WARNING 7f1f3fe43740> Unable to unlink file (stream.1.75.0):No such file or directory
1456775524257	<WARNING 7f1f3fe43740> Unable to unlink file (stream.1.76.0):No such file or directory
1456775524261	<WARNING 7f1f3fe43740> Unable to unlink file (stream.1.77.0):No such file or directory
1456775524264	<WARNING 7f1f3fe43740> Unable to unlink file (stream.1.78.0):No such file or directory
1456775524267	<WARNING 7f1f3fe43740> Unable to unlink file (stream.1.79.0):No such file or directory
1456775524269	<WARNING 7f1f3fe43740> Unable to unlink file (stream.1.80.0):No such file or directory
1456775524272	<WARNING 7f1f3fe43740> Unable to unlink file (stream.1.81.0):No such file or directory
1456775524275	<WARNING 7f1f3fe43740> Unable to unlink file (stream.1.82.0):No such file or directory
1456775524279	<WARNING 7f1f3fe43740> Unable to unlink file (stream.1.83.0):No such file or directory
1456775524283	<WARNING 7f1f3fe43740> Unable to unlink file (stream.1.84.0):No such file or directory
1456775524287	<WARNING 7f1f3fe43740> Unable to unlink file (stream.1.85.0):No such file or directory
1456775524290	<WARNING 7f1f3fe43740> Unable to unlink file (stream.1.86.0):No such file or directory
1456775524294	<WARNING 7f1f3fe43740> Unable to unlink file (stream.1.87.0):No such file or directory
1456775524298	<WARNING 7f1f3fe43740> Unable to unlink file (stream.1.88.0):No such file or directory
1456775524301	<WARNING 7f1f3fe43740> Unable to unlink file (stream.1.89.0):No such file or directory
1456775524304	<WARNING 7f1f3fe43740> Unable to unlink file (stream.1.90.0):No such file or directory
1456775524306	<WARNING 7f1f3fe43740> Unable to unlink file (stream.1.91.0):No such file or directory
1456775524308	<WARNING 7f1f3fe43740> Unable to unlink file (stream.1.92.0):No such file or directory
1456775524311	<WARNING 7f1f3fe43740> Unable to unlink file (stream.1.93.0):No such file or directory
1456775524315	<WARNING 7f1f3fe43740> Unable to unlink file (stream.1.94.0):No such file or directory
1456775524318	<WARNING 7f1f3fe43740> Unable to unlink file (stream.1.95.0):No such file or directory
1456775524321	<WARNING 7f1f3fe43740> Unable to unlink file (stream.1.96.0):No such file or directory
1456775524323	<WARNING 7f1f3fe43740> Unable to unlink file (stream.1.97.0):No such file or directory
1456775524325	<WARNING 7f1f3fe43740> Unable to unlink file (stream.1.98.0):No such file or directory
1456775524327	<WARNING 7f1f3fe43740> Unable to unlink file (stream.1.99.0):No such file or directory
1456775524330	<WARNING 7f1f3fe43740> Unable to unlink file (stream.1.100.0):No such file or directory
1456775524333	<WARNING 7f1f3fe43740> Unable to unlink file (stream.1.101.0):No such file or directory
1456775524336	<WARNING 7f1f3fe43740> Unable to unlink file (stream.1.102.0):No such file or directory
1456775524339	<WARNING 7f1f3fe43740> Unable to unlink file (stream.1.103.0):No such file or directory
1456775524343	<WARNING 7f1f3fe43740> Unable to unlink file (stream.1.104.0):No such file or directory
1456775524347	<WARNING 7f1f3fe43740> Unable to unlink file (stream.1.105.0):No such file or directory
1456775524350	<WARNING 7f1f3fe43740> Unable to unlink file (stream.1.106.0):No such file or directory
1456775524354	<WARNING 7f1f3fe43740> Unable to unlink file (stream.1.107.0):No such file or directory
1456775524357	<WARNING 7f1f3fe43740> Unable to unlink file (stream.1.108.0):No such file or directory
1456775524360	<WARNING 7f1f3fe43740> Unable to unlink file (stream.1.109.0):No such file or directory
1456775524362	<WARNING 7f1f3fe43740> Unable to unlink file (stream.1.110.0):No such file or directory
1456775524364	<WARNING 7f1f3fe43740> Unable to unlink file (stream.1.111.0):No such file or directory
1456775524367	<WARNING 7f1f3fe43740> Unable to unlink file (stream.1.112.0):No such file or directory
1456775524370	<WARNING 7f1f3fe43740> Unable to unlink file (stream.1.113.0):No such file or directory
1456775524373	<WARNING 7f1f3fe43740> Unable to unlink file (stream.1.114.0):No such file or directory
1456775524377	<WARNING 7f1f3fe43740> Unable to unlink file (stream.1.115.0):No such file or directory
1456775524380	<WARNING 7f1f3fe43740> Unable to unlink file (stream.1.116.0):No such file or directory
1456775524383	<WARNING 7f1f3fe43740> Unable to unlink file (stream.1.117.0):No such file or directory
1456775524386	<WARNING 7f1f3fe43740> Unable to unlink file (stream.1.118.0):No such file or directory
1456775524389	<WARNING 7f1f3fe43740> Unable to unlink file (stream.1.119.0):No such file or directory
1456775524391	<WARNING 7f1f3fe43740> Unable to unlink file (stream.1.120.0):No such file or directory
1456775524393	<WARNING 7f1f3fe43740> Unable to unlink file (stream.1.121.0):No such file or directory
1456775524397	<WARNING 7f1f3fe43740> Unable to unlink file (stream.1.122.0):No such file or directory
1456775524399	<WARNING 7f1f3fe43740> Unable to unlink file (stream.1.123.0):No such file or directory
1456775524401	<WARNING 7f1f3fe43740> Unable to unlink file (stream.1.124.0):No such file or directory
1456775524403	<WARNING 7f1f3fe43740> Unable to unlink file (stream.1.125.0):No such file or directory
1456775524406	<WARNING 7f1f3fe43740> Unable to unlink file (stream.1.126.0):No such file or directory
1456775524409	<WARNING 7f1f3fe43740> Unable to unlink file (stream.1.127.0):No such file or directory
1456775524411	<WARNING 7f1f3fe43740> Unable to unlink file (stream.2.0.0):No such file or directory
1456775524413	<WARNING 7f1f3fe43740> Unable to unlink file (stream.2.1.0):No such file or directory
1456775524415	<WARNING 7f1f3fe43740> Unable to unlink file (stream.2.2.0):No such file or directory
1456775524418	<WARNING 7f1f3fe43740> Unable to unlink file (stream.2.3.0):No such file or directory
1456775524421	<WARNING 7f1f3fe43740> Unable to unlink file (stream.2.4.0):No such file or directory
1456775524424	<WARNING 7f1f3fe43740> Unable to unlink file (stream.2.5.0):No such file or directory
1456775524426	<WARNING 7f1f3fe43740> Unable to unlink file (stream.2.6.0):No such file or directory
1456775524429	<WARNING 7f1f3fe43740> Unable to unlink file (stream.2.7.0):No such file or directory
1456775524432	<WARNING 7f1f3fe43740> Unable to unlink file (stream.2.8.0):No such file or directory
1456775524435	<WARNING 7f1f3fe43740> Unable to unlink file (stream.2.9.0):No such file or directory
1456775524439	<WARNING 7f1f3fe43740> Unable to unlink file (stream.2.10.0):No such file or directory
1456775524441	<WARNING 7f1f3fe43740> Unable to unlink file (stream.2.11.0):No such file or directory
1456775524444	<WARNING 7f1f3fe43740> Unable to unlink file (stream.2.12.0):No such file or directory
1456775524448	<WARNING 7f1f3fe43740> Unable to unlink file (stream.2.13.0):No such file or directory
1456775524451	<WARNING 7f1f3fe43740> Unable to unlink file (stream.2.14.0):No such file or directory
1456775524454	<WARNING 7f1f3fe43740> Unable to unlink file (stream.2.15.0):No such file or directory
1456775524457	<WARNING 7f1f3fe43740> Unable to unlink file (stream.2.16.0):No such file or directory
1456775524459	<WARNING 7f1f3fe43740> Unable to unlink file (stream.2.17.0):No such file or directory
1456775524462	<WARNING 7f1f3fe43740> Unable to unlink file (stream.2.18.0):No such file or directory
1456775524465	<WARNING 7f1f3fe43740> Unable to unlink file (stream.2.19.0):No such file or directory
1456775524467	<WARNING 7f1f3fe43740> Unable to unlink file (stream.2.20.0):No such file or directory
1456775524469	<WARNING 7f1f3fe43740> Unable to unlink file (stream.2.21.0):No such file or directory
1456775524472	<WARNING 7f1f3fe43740> Unable to unlink file (stream.2.22.0):No such file or directory
1456775524474	<WARNING 7f1f3fe43740> Unable to unlink file (stream.2.23.0):No such file or directory
1456775524477	<WARNING 7f1f3fe43740> Unable to unlink file (stream.2.24.0):No such file or directory
1456775524481	<WARNING 7f1f3fe43740> Unable to unlink file (stream.2.25.0):No such file or directory
1456775524483	<WARNING 7f1f3fe43740> Unable to unlink file (stream.2.26.0):No such file or directory
1456775524487	<WARNING 7f1f3fe43740> Unable to unlink file (stream.2.27.0):No such file or directory
1456775524490	<WARNING 7f1f3fe43740> Unable to unlink file (stream.2.28.0):No such file or directory
1456775524493	<WARNING 7f1f3fe43740> Unable to unlink file (stream.2.29.0):No such file or directory
1456775524497	<WARNING 7f1f3fe43740> Unable to unlink file (stream.2.30.0):No such file or directory
1456775524500	<WARNING 7f1f3fe43740> Unable to unlink file (stream.2.31.0):No such file or directory
1456775524503	<WARNING 7f1f3fe43740> Unable to unlink file (stream.2.32.0):No such file or directory
1456775524506	<WARNING 7f1f3fe43740> Unable to unlink file (stream.2.33.0):No such file or directory
1456775524509	<WARNING 7f1f3fe43740> Unable to unlink file (stream.2.34.0):No such file or directory
1456775524511	<WARNING 7f1f3fe43740> Unable to unlink file (stream.2.35.0):No such file or directory
1456775524514	<WARNING 7f1f3fe43740> Unable to unlink file (stream.2.36.0):No such file or directory
1456775524516	<WARNING 7f1f3fe43740> Unable to unlink file (stream.2.37.0):No such file or directory
1456775524519	<WARNING 7f1f3fe43740> Unable to unlink file (stream.2.38.0):No such file or directory
1456775524522	<WARNING 7f1f3fe43740> Unable to unlink file (stream.2.39.0):No such file or directory
1456775524525	<WARNING 7f1f3fe43740> Unable to unlink file (stream.2.40.0):No such file or directory
1456775524528	<WARNING 7f1f3fe43740> Unable to unlink file (stream.2.41.0):No such file or directory
1456775524530	<WARNING 7f1f3fe43740> Unable to unlink file (stream.2.42.0):No such file or directory
1456775524534	<WARNING 7f1f3fe43740> Unable to unlink file (stream.2.43.0):No such file or directory
1456775524536	<WARNING 7f1f3fe43740> Unable to unlink file (stream.2.44.0):No such file or directory
1456775524539	<WARNING 7f1f3fe43740> Unable to unlink file (stream.2.45.0):No such file or directory
1456775524542	<WARNING 7f1f3fe43740> Unable to unlink file (stream.2.46.0):No such file or directory
1456775524545	<WARNING 7f1f3fe43740> Unable to unlink file (stream.2.47.0):No such file or directory
1456775524547	<WARNING 7f1f3fe43740> Unable to unlink file (stream.2.48.0):No such file or directory
1456775524550	<WARNING 7f1f3fe43740> Unable to unlink file (stream.2.49.0):No such file or directory
1456775524553	<WARNING 7f1f3fe43740> Unable to unlink file (stream.2.50.0):No such file or directory
1456775524556	<WARNING 7f1f3fe43740> Unable to unlink file (stream.2.51.0):No such file or directory
1456775524559	<WARNING 7f1f3fe43740> Unable to unlink file (stream.2.52.0):No such file or directory
1456775524561	<WARNING 7f1f3fe43740> Unable to unlink file (stream.2.53.0):No such file or directory
1456775524564	<WARNING 7f1f3fe43740> Unable to unlink file (stream.2.54.0):No such file or directory
1456775524566	<WARNING 7f1f3fe43740> Unable to unlink file (stream.2.55.0):No such file or directory
1456775524568	<WARNING 7f1f3fe43740> Unable to unlink file (stream.2.56.0):No such file or directory
1456775524571	<WARNING 7f1f3fe43740> Unable to unlink file (stream.2.57.0):No such file or directory
1456775524575	<WARNING 7f1f3fe43740> Unable to unlink file (stream.2.58.0):No such file or directory
1456775524577	<WARNING 7f1f3fe43740> Unable to unlink file (stream.2.59.0):No such file or directory
1456775524579	<WARNING 7f1f3fe43740> Unable to unlink file (stream.2.60.0):No such file or directory
1456775524581	<WARNING 7f1f3fe43740> Unable to unlink file (stream.2.61.0):No such file or directory
1456775524584	<WARNING 7f1f3fe43740> Unable to unlink file (stream.2.62.0):No such file or directory
1456775524587	<WARNING 7f1f3fe43740> Unable to unlink file (stream.2.63.0):No such file or directory
1456775524590	<WARNING 7f1f3fe43740> Unable to unlink file (stream.2.64.0):No such file or directory
1456775524593	<WARNING 7f1f3fe43740> Unable to unlink file (stream.2.65.0):No such file or directory
1456775524596	<WARNING 7f1f3fe43740> Unable to unlink file (stream.2.66.0):No such file or directory
1456775524598	<WARNING 7f1f3fe43740> Unable to unlink file (stream.2.67.0):No such file or directory
1456775524601	<WARNING 7f1f3fe43740> Unable to unlink file (stream.2.68.0):No such file or directory
1456775524604	<WARNING 7f1f3fe43740> Unable to unlink file (stream.2.69.0):No such file or directory
1456775524607	<WARNING 7f1f3fe43740> Unable to unlink file (stream.2.70.0):No such file or directory
1456775524609	<WARNING 7f1f3fe43740> Unable to unlink file (stream.2.71.0):No such file or directory
1456775524612	<WARNING 7f1f3fe43740> Unable to unlink file (stream.2.72.0):No such file or directory
1456775524614	<WARNING 7f1f3fe43740> Unable to unlink file (stream.2.73.0):No such file or directory
1456775524616	<WARNING 7f1f3fe43740> Unable to unlink file (stream.2.74.0):No such file or directory
1456775524618	<WARNING 7f1f3fe43740> Unable to unlink file (stream.2.75.0):No such file or directory
1456775524621	<WARNING 7f1f3fe43740> Unable to unlink file (stream.2.76.0):No such file or directory
1456775524624	<WARNING 7f1f3fe43740> Unable to unlink file (stream.2.77.0):No such file or directory
1456775524627	<WARNING 7f1f3fe43740> Unable to unlink file (stream.2.78.0):No such file or directory
1456775524629	<WARNING 7f1f3fe43740> Unable to unlink file (stream.2.79.0):No such file or directory
1456775524631	<WARNING 7f1f3fe43740> Unable to unlink file (stream.2.80.0):No such file or directory
1456775524635	<WARNING 7f1f3fe43740> Unable to unlink file (stream.2.81.0):No such file or directory
1456775524638	<WARNING 7f1f3fe43740> Unable to unlink file (stream.2.82.0):No such file or directory
1456775524640	<WARNING 7f1f3fe43740> Unable to unlink file (stream.2.83.0):No such file or directory
1456775524642	<WARNING 7f1f3fe43740> Unable to unlink file (stream.2.84.0):No such file or directory
1456775524645	<WARNING 7f1f3fe43740> Unable to unlink file (stream.2.85.0):No such file or directory
1456775524649	<WARNING 7f1f3fe43740> Unable to unlink file (stream.2.86.0):No such file or directory
1456775524651	<WARNING 7f1f3fe43740> Unable to unlink file (stream.2.87.0):No such file or directory
1456775524654	<WARNING 7f1f3fe43740> Unable to unlink file (stream.2.88.0):No such file or directory
1456775524658	<WARNING 7f1f3fe43740> Unable to unlink file (stream.2.89.0):No such file or directory
1456775524661	<WARNING 7f1f3fe43740> Unable to unlink file (stream.2.90.0):No such file or directory
1456775524663	<WARNING 7f1f3fe43740> Unable to unlink file (stream.2.91.0):No such file or directory
1456775524666	<WARNING 7f1f3fe43740> Unable to unlink file (stream.2.92.0):No such file or directory
1456775524669	<WARNING 7f1f3fe43740> Unable to unlink file (stream.2.93.0):No such file or directory
1456775524672	<WARNING 7f1f3fe43740> Unable to unlink file (stream.2.94.0):No such file or directory
1456775524674	<WARNING 7f1f3fe43740> Unable to unlink file (stream.2.95.0):No such file or directory
1456775524676	<WARNING 7f1f3fe43740> Unable to unlink file (stream.2.96.0):No such file or directory
1456775524679	<WARNING 7f1f3fe43740> Unable to unlink file (stream.2.97.0):No such file or directory
1456775524682	<WARNING 7f1f3fe43740> Unable to unlink file (stream.2.98.0):No such file or directory
1456775524684	<WARNING 7f1f3fe43740> Unable to unlink file (stream.2.99.0):No such file or directory
1456775524686	<WARNING 7f1f3fe43740> Unable to unlink file (stream.2.100.0):No such file or directory
1456775524689	<WARNING 7f1f3fe43740> Unable to unlink file (stream.2.101.0):No such file or directory
1456775524691	<WARNING 7f1f3fe43740> Unable to unlink file (stream.2.102.0):No such file or directory
1456775524694	<WARNING 7f1f3fe43740> Unable to unlink file (stream.2.103.0):No such file or directory
1456775524697	<WARNING 7f1f3fe43740> Unable to unlink file (stream.2.104.0):No such file or directory
1456775524699	<WARNING 7f1f3fe43740> Unable to unlink file (stream.2.105.0):No such file or directory
1456775524701	<WARNING 7f1f3fe43740> Unable to unlink file (stream.2.106.0):No such file or directory
1456775524703	<WARNING 7f1f3fe43740> Unable to unlink file (stream.2.107.0):No such file or directory
1456775524707	<WARNING 7f1f3fe43740> Unable to unlink file (stream.2.108.0):No such file or directory
1456775524710	<WARNING 7f1f3fe43740> Unable to unlink file (stream.2.109.0):No such file or directory
1456775524713	<WARNING 7f1f3fe43740> Unable to unlink file (stream.2.110.0):No such file or directory
1456775524715	<WARNING 7f1f3fe43740> Unable to unlink file (stream.2.111.0):No such file or directory
1456775524717	<WARNING 7f1f3fe43740> Unable to unlink file (stream.2.112.0):No such file or directory
1456775524720	<WARNING 7f1f3fe43740> Unable to unlink file (stream.2.113.0):No such file or directory
1456775524722	<WARNING 7f1f3fe43740> Unable to unlink file (stream.2.114.0):No such file or directory
1456775524724	<WARNING 7f1f3fe43740> Unable to unlink file (stream.2.115.0):No such file or directory
1456775524727	<WARNING 7f1f3fe43740> Unable to unlink file (stream.2.116.0):No such file or directory
1456775524730	<WARNING 7f1f3fe43740> Unable to unlink file (stream.2.117.0):No such file or directory
1456775524732	<WARNING 7f1f3fe43740> Unable to unlink file (stream.2.118.0):No such file or directory
1456775524735	<WARNING 7f1f3fe43740> Unable to unlink file (stream.2.119.0):No such file or directory
1456775524737	<WARNING 7f1f3fe43740> Unable to unlink file (stream.2.120.0):No such file or directory
1456775524740	<WARNING 7f1f3fe43740> Unable to unlink file (stream.2.121.0):No such file or directory
1456775524742	<WARNING 7f1f3fe43740> Unable to unlink file (stream.2.122.0):No such file or directory
1456775524744	<WARNING 7f1f3fe43740> Unable to unlink file (stream.2.123.0):No such file or directory
1456775524746	<WARNING 7f1f3fe43740> Unable to unlink file (stream.2.124.0):No such file or directory
1456775524749	<WARNING 7f1f3fe43740> Unable to unlink file (stream.2.125.0):No such file or directory
1456775524752	<WARNING 7f1f3fe43740> Unable to unlink file (stream.2.126.0):No such file or directory
1456775524755	<WARNING 7f1f3fe43740> Unable to unlink file (stream.2.127.0):No such file or directory
1456775524758	<WARNING 7f1f3fe43740> Unable to unlink file (stream.3.0.0):No such file or directory
1456775524761	<WARNING 7f1f3fe43740> Unable to unlink file (stream.3.1.0):No such file or directory
1456775524763	<WARNING 7f1f3fe43740> Unable to unlink file (stream.3.2.0):No such file or directory
1456775524766	<WARNING 7f1f3fe43740> Unable to unlink file (stream.3.3.0):No such file or directory
1456775524769	<WARNING 7f1f3fe43740> Unable to unlink file (stream.3.4.0):No such file or directory
1456775524772	<WARNING 7f1f3fe43740> Unable to unlink file (stream.3.5.0):No such file or directory
1456775524774	<WARNING 7f1f3fe43740> Unable to unlink file (stream.3.6.0):No such file or directory
1456775524776	<WARNING 7f1f3fe43740> Unable to unlink file (stream.3.7.0):No such file or directory
1456775524779	<WARNING 7f1f3fe43740> Unable to unlink file (stream.3.8.0):No such file or directory
1456775524782	<WARNING 7f1f3fe43740> Unable to unlink file (stream.3.9.0):No such file or directory
1456775524785	<WARNING 7f1f3fe43740> Unable to unlink file (stream.3.10.0):No such file or directory
1456775524787	<WARNING 7f1f3fe43740> Unable to unlink file (stream.3.11.0):No such file or directory
1456775524789	<WARNING 7f1f3fe43740> Unable to unlink file (stream.3.12.0):No such file or directory
1456775524791	<WARNING 7f1f3fe43740> Unable to unlink file (stream.3.13.0):No such file or directory
1456775524794	<WARNING 7f1f3fe43740> Unable to unlink file (stream.3.14.0):No such file or directory
1456775524796	<WARNING 7f1f3fe43740> Unable to unlink file (stream.3.15.0):No such file or directory
1456775524799	<WARNING 7f1f3fe43740> Unable to unlink file (stream.3.16.0):No such file or directory
1456775524801	<WARNING 7f1f3fe43740> Unable to unlink file (stream.3.17.0):No such file or directory
1456775524804	<WARNING 7f1f3fe43740> Unable to unlink file (stream.3.18.0):No such file or directory
1456775524807	<WARNING 7f1f3fe43740> Unable to unlink file (stream.3.19.0):No such file or directory
1456775524810	<WARNING 7f1f3fe43740> Unable to unlink file (stream.3.20.0):No such file or directory
1456775524813	<WARNING 7f1f3fe43740> Unable to unlink file (stream.3.21.0):No such file or directory
1456775524815	<WARNING 7f1f3fe43740> Unable to unlink file (stream.3.22.0):No such file or directory
1456775524817	<WARNING 7f1f3fe43740> Unable to unlink file (stream.3.23.0):No such file or directory
1456775524819	<WARNING 7f1f3fe43740> Unable to unlink file (stream.3.24.0):No such file or directory
1456775524821	<WARNING 7f1f3fe43740> Unable to unlink file (stream.3.25.0):No such file or directory
1456775524825	<WARNING 7f1f3fe43740> Unable to unlink file (stream.3.26.0):No such file or directory
1456775524828	<WARNING 7f1f3fe43740> Unable to unlink file (stream.3.27.0):No such file or directory
1456775524831	<WARNING 7f1f3fe43740> Unable to unlink file (stream.3.28.0):No such file or directory
1456775524834	<WARNING 7f1f3fe43740> Unable to unlink file (stream.3.29.0):No such file or directory
1456775524837	<WARNING 7f1f3fe43740> Unable to unlink file (stream.3.30.0):No such file or directory
1456775524840	<WARNING 7f1f3fe43740> Unable to unlink file (stream.3.31.0):No such file or directory
1456775524843	<WARNING 7f1f3fe43740> Unable to unlink file (stream.3.32.0):No such file or directory
1456775524846	<WARNING 7f1f3fe43740> Unable to unlink file (stream.3.33.0):No such file or directory
1456775524849	<WARNING 7f1f3fe43740> Unable to unlink file (stream.3.34.0):No such file or directory
1456775524852	<WARNING 7f1f3fe43740> Unable to unlink file (stream.3.35.0):No such file or directory
1456775524854	<WARNING 7f1f3fe43740> Unable to unlink file (stream.3.36.0):No such file or directory
1456775524858	<WARNING 7f1f3fe43740> Unable to unlink file (stream.3.37.0):No such file or directory
1456775524861	<WARNING 7f1f3fe43740> Unable to unlink file (stream.3.38.0):No such file or directory
1456775524864	<WARNING 7f1f3fe43740> Unable to unlink file (stream.3.39.0):No such file or directory
1456775524866	<WARNING 7f1f3fe43740> Unable to unlink file (stream.3.40.0):No such file or directory
1456775524868	<WARNING 7f1f3fe43740> Unable to unlink file (stream.3.41.0):No such file or directory
1456775524872	<WARNING 7f1f3fe43740> Unable to unlink file (stream.3.42.0):No such file or directory
1456775524875	<WARNING 7f1f3fe43740> Unable to unlink file (stream.3.43.0):No such file or directory
1456775524877	<WARNING 7f1f3fe43740> Unable to unlink file (stream.3.44.0):No such file or directory
1456775524879	<WARNING 7f1f3fe43740> Unable to unlink file (stream.3.45.0):No such file or directory
1456775524882	<WARNING 7f1f3fe43740> Unable to unlink file (stream.3.46.0):No such file or directory
1456775524885	<WARNING 7f1f3fe43740> Unable to unlink file (stream.3.47.0):No such file or directory
1456775524887	<WARNING 7f1f3fe43740> Unable to unlink file (stream.3.48.0):No such file or directory
1456775524889	<WARNING 7f1f3fe43740> Unable to unlink file (stream.3.49.0):No such file or directory
1456775524892	<WARNING 7f1f3fe43740> Unable to unlink file (stream.3.50.0):No such file or directory
1456775524894	<WARNING 7f1f3fe43740> Unable to unlink file (stream.3.51.0):No such file or directory
1456775524897	<WARNING 7f1f3fe43740> Unable to unlink file (stream.3.52.0):No such file or directory
1456775524900	<WARNING 7f1f3fe43740> Unable to unlink file (stream.3.53.0):No such file or directory
1456775524903	<WARNING 7f1f3fe43740> Unable to unlink file (stream.3.54.0):No such file or directory
1456775524905	<WARNING 7f1f3fe43740> Unable to unlink file (stream.3.55.0):No such file or directory
1456775524908	<WARNING 7f1f3fe43740> Unable to unlink file (stream.3.56.0):No such file or directory
1456775524911	<WARNING 7f1f3fe43740> Unable to unlink file (stream.3.57.0):No such file or directory
1456775524915	<WARNING 7f1f3fe43740> Unable to unlink file (stream.3.58.0):No such file or directory
1456775524918	<WARNING 7f1f3fe43740> Unable to unlink file (stream.3.59.0):No such file or directory
1456775524921	<WARNING 7f1f3fe43740> Unable to unlink file (stream.3.60.0):No such file or directory
1456775524924	<WARNING 7f1f3fe43740> Unable to unlink file (stream.3.61.0):No such file or directory
1456775524927	<WARNING 7f1f3fe43740> Unable to unlink file (stream.3.62.0):No such file or directory
1456775524930	<WARNING 7f1f3fe43740> Unable to unlink file (stream.3.63.0):No such file or directory
1456775524933	<WARNING 7f1f3fe43740> Unable to unlink file (stream.3.64.0):No such file or directory
1456775524935	<WARNING 7f1f3fe43740> Unable to unlink file (stream.3.65.0):No such file or directory
1456775524937	<WARNING 7f1f3fe43740> Unable to unlink file (stream.3.66.0):No such file or directory
1456775524939	<WARNING 7f1f3fe43740> Unable to unlink file (stream.3.67.0):No such file or directory
1456775524943	<WARNING 7f1f3fe43740> Unable to unlink file (stream.3.68.0):No such file or directory
1456775524946	<WARNING 7f1f3fe43740> Unable to unlink file (stream.3.69.0):No such file or directory
1456775524949	<WARNING 7f1f3fe43740> Unable to unlink file (stream.3.70.0):No such file or directory
1456775524951	<WARNING 7f1f3fe43740> Unable to unlink file (stream.3.71.0):No such file or directory
1456775524954	<WARNING 7f1f3fe43740> Unable to unlink file (stream.3.72.0):No such file or directory
1456775524957	<WARNING 7f1f3fe43740> Unable to unlink file (stream.3.73.0):No such file or directory
1456775524960	<WARNING 7f1f3fe43740> Unable to unlink file (stream.3.74.0):No such file or directory
1456775524964	<WARNING 7f1f3fe43740> Unable to unlink file (stream.3.75.0):No such file or directory
1456775524967	<WARNING 7f1f3fe43740> Unable to unlink file (stream.3.76.0):No such file or directory
1456775524970	<WARNING 7f1f3fe43740> Unable to unlink file (stream.3.77.0):No such file or directory
1456775524973	<WARNING 7f1f3fe43740> Unable to unlink file (stream.3.78.0):No such file or directory
1456775524976	<WARNING 7f1f3fe43740> Unable to unlink file (stream.3.79.0):No such file or directory
1456775524979	<WARNING 7f1f3fe43740> Unable to unlink file (stream.3.80.0):No such file or directory
1456775524982	<WARNING 7f1f3fe43740> Unable to unlink file (stream.3.81.0):No such file or directory
1456775524985	<WARNING 7f1f3fe43740> Unable to unlink file (stream.3.82.0):No such file or directory
1456775524988	<WARNING 7f1f3fe43740> Unable to unlink file (stream.3.83.0):No such file or directory
1456775524990	<WARNING 7f1f3fe43740> Unable to unlink file (stream.3.84.0):No such file or directory
1456775524993	<WARNING 7f1f3fe43740> Unable to unlink file (stream.3.85.0):No such file or directory
1456775524996	<WARNING 7f1f3fe43740> Unable to unlink file (stream.3.86.0):No such file or directory
1456775525000	<WARNING 7f1f3fe43740> Unable to unlink file (stream.3.87.0):No such file or directory
1456775525003	<WARNING 7f1f3fe43740> Unable to unlink file (stream.3.88.0):No such file or directory
1456775525006	<WARNING 7f1f3fe43740> Unable to unlink file (stream.3.89.0):No such file or directory
1456775525009	<WARNING 7f1f3fe43740> Unable to unlink file (stream.3.90.0):No such file or directory
1456775525011	<WARNING 7f1f3fe43740> Unable to unlink file (stream.3.91.0):No such file or directory
1456775525014	<WARNING 7f1f3fe43740> Unable to unlink file (stream.3.92.0):No such file or directory
1456775525017	<WARNING 7f1f3fe43740> Unable to unlink file (stream.3.93.0):No such file or directory
1456775525020	<WARNING 7f1f3fe43740> Unable to unlink file (stream.3.94.0):No such file or directory
1456775525023	<WARNING 7f1f3fe43740> Unable to unlink file (stream.3.95.0):No such file or directory
1456775525026	<WARNING 7f1f3fe43740> Unable to unlink file (stream.3.96.0):No such file or directory
1456775525028	<WARNING 7f1f3fe43740> Unable to unlink file (stream.3.97.0):No such file or directory
1456775525030	<WARNING 7f1f3fe43740> Unable to unlink file (stream.3.98.0):No such file or directory
1456775525032	<WARNING 7f1f3fe43740> Unable to unlink file (stream.3.99.0):No such file or directory
1456775525035	<WARNING 7f1f3fe43740> Unable to unlink file (stream.3.100.0):No such file or directory
1456775525038	<WARNING 7f1f3fe43740> Unable to unlink file (stream.3.101.0):No such file or directory
1456775525040	<WARNING 7f1f3fe43740> Unable to unlink file (stream.3.102.0):No such file or directory
1456775525043	<WARNING 7f1f3fe43740> Unable to unlink file (stream.3.103.0):No such file or directory
1456775525045	<WARNING 7f1f3fe43740> Unable to unlink file (stream.3.104.0):No such file or directory
1456775525047	<WARNING 7f1f3fe43740> Unable to unlink file (stream.3.105.0):No such file or directory
1456775525050	<WARNING 7f1f3fe43740> Unable to unlink file (stream.3.106.0):No such file or directory
1456775525053	<WARNING 7f1f3fe43740> Unable to unlink file (stream.3.107.0):No such file or directory
1456775525055	<WARNING 7f1f3fe43740> Unable to unlink file (stream.3.108.0):No such file or directory
1456775525058	<WARNING 7f1f3fe43740> Unable to unlink file (stream.3.109.0):No such file or directory
1456775525061	<WARNING 7f1f3fe43740> Unable to unlink file (stream.3.110.0):No such file or directory
1456775525064	<WARNING 7f1f3fe43740> Unable to unlink file (stream.3.111.0):No such file or directory
1456775525067	<WARNING 7f1f3fe43740> Unable to unlink file (stream.3.112.0):No such file or directory
1456775525070	<WARNING 7f1f3fe43740> Unable to unlink file (stream.3.113.0):No such file or directory
1456775525072	<WARNING 7f1f3fe43740> Unable to unlink file (stream.3.114.0):No such file or directory
1456775525075	<WARNING 7f1f3fe43740> Unable to unlink file (stream.3.115.0):No such file or directory
1456775525078	<WARNING 7f1f3fe43740> Unable to unlink file (stream.3.116.0):No such file or directory
1456775525081	<WARNING 7f1f3fe43740> Unable to unlink file (stream.3.117.0):No such file or directory
1456775525084	<WARNING 7f1f3fe43740> Unable to unlink file (stream.3.118.0):No such file or directory
1456775525087	<WARNING 7f1f3fe43740> Unable to unlink file (stream.3.119.0):No such file or directory
1456775525090	<WARNING 7f1f3fe43740> Unable to unlink file (stream.3.120.0):No such file or directory
1456775525092	<WARNING 7f1f3fe43740> Unable to unlink file (stream.3.121.0):No such file or directory
1456775525095	<WARNING 7f1f3fe43740> Unable to unlink file (stream.3.122.0):No such file or directory
1456775525098	<WARNING 7f1f3fe43740> Unable to unlink file (stream.3.123.0):No such file or directory
1456775525101	<WARNING 7f1f3fe43740> Unable to unlink file (stream.3.124.0):No such file or directory
1456775525104	<WARNING 7f1f3fe43740> Unable to unlink file (stream.3.125.0):No such file or directory
1456775525107	<WARNING 7f1f3fe43740> Unable to unlink file (stream.3.126.0):No such file or directory
1456775525109	<WARNING 7f1f3fe43740> Unable to unlink file (stream.3.127.0):No such file or directory
1456775525113	<INFO 7f1f3fe43740> SLIPSTORE::ZMQ_THREADS 2
1456775525116	<INFO 7f1f3fe43740> SLIPSTORE::COMM Connecting to tcp://dco-node137-10g:5016
1456775525118	<INFO 7f1f3fe43740> SLIPSTORE::COMM Connecting to tcp://dco-node138-10g:5034
1456775525122	<INFO 7f1f3fe43740> SLIPSTORE::COMM Connecting to tcp://dco-node139-10g:5052
1456775525124	<INFO 7f1f3fe43740> SLIPSTORE::COMM Connecting to tcp://dco-node140-10g:5070
1456775525127	<INFO 7f1f3fe43740> SLIPSTORE::COMM Connecting to tcp://dco-node141-10g:5088
1456775525129	<INFO 7f1f3fe43740> SLIPSTORE::COMM Connecting to tcp://dco-node142-10g:5106
1456775525132	<INFO 7f1f3fe43740> SLIPSTORE::COMM Connecting to tcp://dco-node143-10g:5124
1456775525135	<INFO 7f1f3fe43740> SLIPSTORE::COMM Connecting to tcp://dco-node144-10g:5142
1456775525138	<INFO 7f1f3fe43740> SLIPSTORE::COMM Listening at tcp://ens1f0:5098
1456775525141	<INFO 7f1f3fe43740> SLIPSTORE::COMM Listening at tcp://ens1f0:5099
1456775525144	<INFO 7f1f3fe43740> SLIPSTORE::COMM Listening at tcp://ens1f0:5100
1456775525147	<INFO 7f1f3fe43740> SLIPSTORE::COMM Listening at tcp://ens1f0:5101
1456775525150	<INFO 7f1f3fe43740> SLIPSTORE::COMM Listening at tcp://ens1f0:5102
1456775525153	<INFO 7f1f3fe43740> SLIPSTORE::COMM Listening at ipc://client
1456775525156	<INFO 7f1f3fe43740> SLIPSTORE::COMM Listening at tcp://ens1f0:5104
1456775525159	<INFO 7f1f3fe43740> SLIPSTORE::COMM Listening at tcp://ens1f0:5105
1456775525163	<INFO 7f1f3fe43740> SLIPSTORE::COMM Connecting to tcp://dco-node137-10g:5016
1456775525166	<INFO 7f1f3fe43740> SLIPSTORE::COMM Connecting to tcp://dco-node138-10g:5034
1456775525168	<INFO 7f1f3fe43740> SLIPSTORE::COMM Connecting to tcp://dco-node139-10g:5052
1456775525171	<INFO 7f1f3fe43740> SLIPSTORE::COMM Connecting to tcp://dco-node140-10g:5070
1456775525173	<INFO 7f1f3fe43740> SLIPSTORE::COMM Connecting to tcp://dco-node141-10g:5088
1456775525176	<INFO 7f1f3fe43740> SLIPSTORE::COMM Connecting to tcp://dco-node142-10g:5106
1456775525179	<INFO 7f1f3fe43740> SLIPSTORE::COMM Connecting to tcp://dco-node143-10g:5124
1456775525182	<INFO 7f1f3fe43740> SLIPSTORE::COMM Connecting to tcp://dco-node144-10g:5142
1456775525185	<INFO 7f1f3fe43740> SLIPSTORE::COMM Connecting to tcp://dco-node137-10g:5005
1456775525189	<INFO 7f1f3fe43740> SLIPSTORE::COMM Connecting to tcp://dco-node138-10g:5023
1456775525192	<INFO 7f1f3fe43740> SLIPSTORE::COMM Connecting to tcp://dco-node139-10g:5041
1456775525195	<INFO 7f1f3fe43740> SLIPSTORE::COMM Connecting to tcp://dco-node140-10g:5059
1456775525198	<INFO 7f1f3fe43740> SLIPSTORE::COMM Connecting to tcp://dco-node141-10g:5077
1456775525200	<INFO 7f1f3fe43740> SLIPSTORE::COMM Connecting to ipc://server
1456775525203	<INFO 7f1f3fe43740> SLIPSTORE::COMM Connecting to tcp://dco-node143-10g:5113
1456775525206	<INFO 7f1f3fe43740> SLIPSTORE::COMM Connecting to tcp://dco-node144-10g:5131
1456775525209	<INFO 7f1f3fe43740> SLIPSTORE::COMM Connecting to tcp://dco-node143-10g:5125
1456775525211	<INFO 7f1f3fe43740> SLIPSTORE::COMM Listening at tcp://ens1f0:5107
1456775525213	<INFO 7f1f3fe43740> SLIPSTORE::COMM Connecting to tcp://dco-node142-10g:5106
1456775525215	<INFO 7f1f3fe43740> SLIPSTORE::HELP_POLICY NONE
1456775525218	<INFO 7f1f3fe43740> SLIPSTORE::SERVER ASYNC
1456775525222	<INFO 7f1f3fe43740> SLIPSTORE::MACHINES 8
1456775525224	<INFO 7f1f3fe43740> SLIPSTORE::ME 5
1456775525227	<INFO 7f1f3fe43740> SLIPSTORE::SLIPCHUNK 4194304
1456775525229	<INFO 7f1f3fe43740> SLIPSTORE::QUOTA 18446744073709551615
1456775525231	<INFO 7f1f3fe43740> SLIPSTORE::IO PAGECACHE
1456775525233	<INFO 7f0121bf6700> SLIPSTORE::COMM Listening at tcp://ens1f0:5106
1456775525236	<INFO 7f0121bf6700> SLIPSTORE::COMM Listening at tcp://ens1f0:5090
1456775525239	<INFO 7f0121bf6700> SLIPSTORE::COMM Connecting to tcp://dco-node137-10g:5013
1456775525242	<INFO 7f0121bf6700> SLIPSTORE::COMM Listening at tcp://ens1f0:5091
1456775525244	<INFO 7f0121bf6700> SLIPSTORE::COMM Connecting to tcp://dco-node138-10g:5031
1456775525247	<INFO 7f0121bf6700> SLIPSTORE::COMM Listening at tcp://ens1f0:5092
1456775525250	<INFO 7f0121bf6700> SLIPSTORE::COMM Connecting to tcp://dco-node139-10g:5049
1456775525253	<INFO 7f0121bf6700> SLIPSTORE::COMM Listening at tcp://ens1f0:5093
1456775525256	<INFO 7f0121bf6700> SLIPSTORE::COMM Connecting to tcp://dco-node140-10g:5067
1456775525259	<INFO 7f0121bf6700> SLIPSTORE::COMM Listening at tcp://ens1f0:5094
1456775525262	<INFO 7f0121bf6700> SLIPSTORE::COMM Connecting to tcp://dco-node141-10g:5085
1456775525264	<INFO 7f0121bf6700> SLIPSTORE::COMM Listening at ipc://server
1456775525266	<INFO 7f0121bf6700> SLIPSTORE::COMM Connecting to ipc://client
1456775525268	<INFO 7f0121bf6700> SLIPSTORE::COMM Listening at tcp://ens1f0:5096
1456775525271	<INFO 7f0121bf6700> SLIPSTORE::COMM Connecting to tcp://dco-node143-10g:5121
1456775525273	<INFO 7f0121bf6700> SLIPSTORE::COMM Listening at tcp://ens1f0:5097
1456775525276	<INFO 7f0121bf6700> SLIPSTORE::COMM Connecting to tcp://dco-node144-10g:5139
1456775526160	<INFO 7f1f3fe43740> SLIPSTORE::CHECKPOINTS NONE FOUND
1456775596916	<INFO 7f1f3fe43740> 2016-02-29 20:53:16 Completed init
1456775615595	<INFO 7f1f3fe43740> 2016-02-29 20:53:35 Completed phase 1 Bytes read 8517850092 Bytes written 6498876300
1456775640559	<INFO 7f1f3fe43740> 2016-02-29 20:54:00 Completed phase 2 Bytes read 10995902424 Bytes written 8365986084
1456775677301	<INFO 7f1f3fe43740> 2016-02-29 20:54:37 Completed phase 3 Bytes read 13941720324 Bytes written 10320508692
1456775706893	<INFO 7f1f3fe43740> 2016-02-29 20:55:06 Completed phase 4 Bytes read 16892237848 Bytes written 12230864708
1456775736738	<INFO 7f1f3fe43740> 2016-02-29 20:55:36 Completed phase 5 Bytes read 19816744452 Bytes written 14205719820
1456775766388	<INFO 7f1f3fe43740> 2016-02-29 20:56:06 Completed phase 6 Bytes read 22748278176 Bytes written 16149342996
1456775795627	<INFO 7f1f3fe43740> 2016-02-29 20:56:35 Completed phase 7 Bytes read 25697678308 Bytes written 17984769100
1456775795629	<INFO 7f1f3fe43740> CORE::PARTITIONS_PROCESSED 314
1456775795632	<INFO 7f1f3fe43740> CORE::BYTES::EDGES_STREAMED 648184644
1456775795634	<INFO 7f1f3fe43740> CORE::BYTES::UPDATES_OUT 373967544
1456775795637	<INFO 7f1f3fe43740> CORE::BYTES::UPDATES_IN 118277072
1456775795639	<INFO 7f011b7fe700> CORE::PARTITIONS_PROCESSED 756
1456775795641	<INFO 7f011b7fe700> CORE::BYTES::EDGES_STREAMED 637176744
1456775795644	<INFO 7f011b7fe700> CORE::BYTES::UPDATES_OUT 369245736
1456775795646	<INFO 7f011b7fe700> CORE::BYTES::UPDATES_IN 82004184
1456775795648	<INFO 7f0119ffb700> CORE::PARTITIONS_PROCESSED 731
1456775795651	<INFO 7f011a7fc700> CORE::PARTITIONS_PROCESSED 672
1456775795653	<INFO 7f01197fa700> CORE::PARTITIONS_PROCESSED 846
1456775795655	<INFO 7f0120bf4700> CORE::PARTITIONS_PROCESSED 630
1456775795657	<INFO 7f011affd700> CORE::PARTITIONS_PROCESSED 533
1456775795660	<INFO 7f01197fa700> CORE::BYTES::EDGES_STREAMED 637099428
1456775795662	<INFO 7f01197fa700> CORE::BYTES::UPDATES_OUT 363082048
1456775795665	<INFO 7f011affd700> CORE::BYTES::EDGES_STREAMED 699345252
1456775795667	<INFO 7f01197fa700> CORE::BYTES::UPDATES_IN 114373232
1456775795669	<INFO 7f011affd700> CORE::BYTES::UPDATES_OUT 395058000
1456775795672	<INFO 7f0119ffb700> CORE::BYTES::EDGES_STREAMED 665023644
1456775795674	<INFO 7f011bfff700> CORE::PARTITIONS_PROCESSED 638
1456775795676	<INFO 7f0120bf4700> CORE::BYTES::EDGES_STREAMED 647709984
1456775795679	<INFO 7f011bfff700> CORE::BYTES::EDGES_STREAMED 624380484
1456775795681	<INFO 7f011a7fc700> CORE::BYTES::EDGES_STREAMED 710027616
1456775795684	<INFO 7f011affd700> CORE::BYTES::UPDATES_IN 76240152
1456775795686	<INFO 7f0120bf4700> CORE::BYTES::UPDATES_OUT 369075792
1456775795688	<INFO 7f0119ffb700> CORE::BYTES::UPDATES_OUT 385709272
1456775795691	<INFO 7f011a7fc700> CORE::BYTES::UPDATES_OUT 401004512
1456775795693	<INFO 7f011bfff700> CORE::BYTES::UPDATES_OUT 353684408
1456775795695	<INFO 7f0120bf4700> CORE::BYTES::UPDATES_IN 98503512
1456775795698	<INFO 7f0119ffb700> CORE::BYTES::UPDATES_IN 118194120
1456775795700	<INFO 7f011a7fc700> CORE::BYTES::UPDATES_IN 82698816
1456775795702	<INFO 7f011bfff700> CORE::BYTES::UPDATES_IN 103739152
1456775795705	<INFO 7f0121bf6700> SLIPSTORE service is exiting
1456775795707	<INFO 7f0121bf6700> SLIPSTORE::HELP_OFFERS_RECVD 1568
1456775795709	<INFO 7f0121bf6700> SLIPSTORE::HELP_OFFERS_ACCEPTED 0
1456775795711	<INFO 7f0121bf6700> SLIPSTORE::HELP_ACCEPTANCE_RATIO 0
1456775795714	<INFO 7f0121bf6700> SLIPSTORE::SERVER_BUSY_DISK  175.617 seconds
1456775795716	<INFO 7f0121bf6700> SLIPSTORE::SERVER_BUSY_MEM  0 seconds
1456775795718	<INFO 7f0121bf6700> SLIPSTORE::SERVER_TOTAL  271.938 seconds
1456775795721	<INFO 7f1f3fe43740> SLIPSTORE::CLIENT::DISK_READ_TIME  102.319 seconds
1456775795723	<INFO 7f1f3fe43740> SLIPSTORE::CLIENT::MEM_READ_TIME  0 seconds
1456775795725	<INFO 7f1f3fe43740> SLIPSTORE::CLIENT::DISK_BYTES_READ 15030394076
1456775795728	<INFO 7f1f3fe43740> SLIPSTORE::CLIENT::MEM_BYTES_READ 0
1456775795730	<INFO 7f1f3fe43740> SLIPSTORE::CLIENT::WRITE_TIME  47.3081 seconds
1456775795732	<INFO 7f1f3fe43740> SLIPSTORE::CLIENT::BYTES_WRITTEN 3019898880
1456775795735	<INFO 7f1f3fe43740> SLIPSTORE::CLIENT_BUSY  149.627 seconds
1456775795737	<INFO 7f1f3fe43740> SLIPSTORE::IO::TIME 105.412 seconds
1456775795740	<INFO 7f1f3fe43740> SLIPSTORE::SNAP::TIME 0 seconds
1456775795742	<INFO 7f1f3fe43740> SLIPSTORE::MAX_DISK_USAGE_BYTES 8020746580
1456775796632	<INFO 7f1f3fe43740> CORE::RUSAGE::MAX_RSS_KB 125949264
1456775796635	<INFO 7f1f3fe43740> CORE::RUSAGE::MINFLT 32401448
1456775796639	<INFO 7f1f3fe43740> CORE::RUSAGE::MAJFLT 16
1456775796643	<INFO 7f1f3fe43740> CORE::RUSAGE::MAJFLT 16
1456775796647	<INFO 7f1f3fe43740> CORE::RUSAGE::INBLK 15704456
1456775796651	<INFO 7f1f3fe43740> CORE::RUSAGE::OUBLK 35144904
1456775796655	<INFO 7f1f3fe43740> CORE::UTILS::BYTES_READ 25697678308
1456775796658	<INFO 7f1f3fe43740> CORE::UTILS::BYTES_WRITTEN 17984769100
1456775796662	<INFO 7f1f3fe43740> CORE::UTILS::TILE_COPY_BYTES 2768240640
1456775796666	<INFO 7f1f3fe43740> CORE::TIME::IO_WAIT 126.011 seconds
1456775796670	<INFO 7f1f3fe43740> CORE::TIME_TILE_COPY 0 seconds
1456775796674	<INFO 7f1f3fe43740> CORE::TIME_TILE_MERGE 0 seconds
1456775796677	<INFO 7f1f3fe43740> CORE::TIME_PROCESSING_STOLEN 0 seconds
1456775796680	<INFO 7f1f3fe43740> CORE::TIME_MERGE_WAIT 0 seconds
1456775796684	<INFO 7f1f3fe43740> CORE::TIME_ALL_MC_BARRIER 85.4513 seconds
1456775796687	<INFO 7f1f3fe43740> CORE::PHASES 7
1456775796690	<INFO 7f1f3fe43740> CORE::TIME::SETUP 5.31715 seconds
1456775796694	<INFO 7f1f3fe43740> CORE::TIME::WALL 274.788 seconds
1456775796697	<INFO 7f1f3fe43740> SHUTDOWN
