1462401436304	<INFO 7f61d19b8780> 2016-05-05 00:37:16 STARTUP
1462401436307	<INFO 7f61d19b8780> CORE::GRAPH rmat-28_s8
1462401436309	<INFO 7f61d19b8780> CORE::ALGORITHM pagerank
1462401436311	<INFO 7f61d19b8780> CORE::VERTEX_STRIPING OFF
1462401436313	<INFO 7f61d19b8780> CORE::OPTIMIZED_STATE_LOAD_STORE OFF
1462401436316	<INFO 7f61d19b8780> CORE::BINARY_SEARCH_SUPER_PARTITION ON
1462401436318	<INFO 7f61d19b8780> CORE::SUPER_PARTITION_COMPUTED_FOR_EACH_VERTEX
1462401436320	<INFO 7f61d19b8780> CORE::EDGE_STRIPING ON
1462401436322	<INFO 7f61d19b8780> CORE::BATCH IO ON
1462401436325	<INFO 7f61d19b8780> 2016-05-05 00:37:16 Blocking memory amount 126701535232
1462401544403	<INFO 7f61d19b8780> 2016-05-05 00:39:04 Done blocking memory
1462401544405	<INFO 7f61d19b8780> SG-DRIVER-ORIGINAL
1462401544407	<INFO 7f61d19b8780> 2016-05-05 00:39:04 START read config parameters
1462401544410	<INFO 7f61d19b8780> PARTITIONING::OLD 0
1462401544412	<INFO 7f61d19b8780> PARTITIONING::BALANCED_PARTITIONS 1
1462401544414	<INFO 7f61d19b8780> CORE::CONFIG::PROCESSORS 8
1462401544417	<INFO 7f61d19b8780> CORE::CONFIG::PHYSICAL_MEMORY 2147483648
1462401544419	<INFO 7f61d19b8780> CORE::CONFIG::VERTICES 268435456
1462401544421	<INFO 7f61d19b8780> CORE::CONFIG::VERTEX_SIZE 12
1462401544423	<INFO 7f61d19b8780> CORE::CONFIG::VERTEX_BUFFER 1402204788
1462401544426	<INFO 7f61d19b8780> CORE::CONFIG::EDGES 536870912
1462401544428	<INFO 7f61d19b8780> CORE::CONFIG::PARTITIONS 64
1462401544430	<INFO 7f61d19b8780> CORE::CONFIG::FANOUT 64
1462401544432	<INFO 7f61d19b8780> CORE::CONFIG::SUPER_PARTITIONS 8
1462401544435	<INFO 7f61d19b8780> CORE::CONFIG::TILES 1
1462401544437	<INFO 7f61d19b8780> CORE::CONFIG::BUFFER_SIZE 149054645
1462401544440	<INFO 7f61d19b8780> CORE::CONFIG::MAX_BUFFERS 4
1462401544442	<INFO 7f61d19b8780> CORE::CONFIG::MAX_STREAMS 4
1462401544444	<INFO 7f61d19b8780> CORE::CONFIG::SUM_OF_OUT_DEGREES_FOR_NEW_PARTITIONS::FIRST_CONSTRAINT 536870912
1462401544446	<INFO 7f61d19b8780> CORE::CONFIG::MAX_EDGES_PER_NEW_PARTITION::SECOND_CONSTRAINT 536870912
1462401544448	<INFO 7f61d19b8780> SLIPSTREAM::EXT_MEM_SHUFFLE OFF
1462401544451	<INFO 7f61d19b8780> 2016-05-05 00:39:04 END read config parameters
1462401546167	<WARNING 7f61d19b8780> Unable to unlink file (stream.0.0.0):No such file or directory
1462401546170	<WARNING 7f61d19b8780> Unable to unlink file (stream.0.1.0):No such file or directory
1462401546172	<WARNING 7f61d19b8780> Unable to unlink file (stream.0.2.0):No such file or directory
1462401546174	<WARNING 7f61d19b8780> Unable to unlink file (stream.0.3.0):No such file or directory
1462401546177	<WARNING 7f61d19b8780> Unable to unlink file (stream.0.4.0):No such file or directory
1462401546179	<WARNING 7f61d19b8780> Unable to unlink file (stream.0.5.0):No such file or directory
1462401546181	<WARNING 7f61d19b8780> Unable to unlink file (stream.0.6.0):No such file or directory
1462401546183	<WARNING 7f61d19b8780> Unable to unlink file (stream.0.7.0):No such file or directory
1462401546185	<WARNING 7f61d19b8780> Unable to unlink file (stream.1.1.0):No such file or directory
1462401546188	<WARNING 7f61d19b8780> Unable to unlink file (stream.1.2.0):No such file or directory
1462401546190	<WARNING 7f61d19b8780> Unable to unlink file (stream.1.3.0):No such file or directory
1462401546192	<WARNING 7f61d19b8780> Unable to unlink file (stream.1.4.0):No such file or directory
1462401546196	<WARNING 7f61d19b8780> Unable to unlink file (stream.1.5.0):No such file or directory
1462401546199	<WARNING 7f61d19b8780> Unable to unlink file (stream.1.6.0):No such file or directory
1462401546201	<WARNING 7f61d19b8780> Unable to unlink file (stream.1.7.0):No such file or directory
1462401546204	<WARNING 7f61d19b8780> Unable to unlink file (stream.2.0.0):No such file or directory
1462401546206	<WARNING 7f61d19b8780> Unable to unlink file (stream.2.1.0):No such file or directory
1462401546208	<WARNING 7f61d19b8780> Unable to unlink file (stream.2.2.0):No such file or directory
1462401546210	<WARNING 7f61d19b8780> Unable to unlink file (stream.2.3.0):No such file or directory
1462401546216	<WARNING 7f61d19b8780> Unable to unlink file (stream.2.4.0):No such file or directory
1462401546218	<WARNING 7f61d19b8780> Unable to unlink file (stream.2.5.0):No such file or directory
1462401546220	<WARNING 7f61d19b8780> Unable to unlink file (stream.2.6.0):No such file or directory
1462401546223	<WARNING 7f61d19b8780> Unable to unlink file (stream.2.7.0):No such file or directory
1462401546225	<WARNING 7f61d19b8780> Unable to unlink file (stream.3.0.0):No such file or directory
1462401546227	<WARNING 7f61d19b8780> Unable to unlink file (stream.3.1.0):No such file or directory
1462401546229	<WARNING 7f61d19b8780> Unable to unlink file (stream.3.2.0):No such file or directory
1462401546231	<WARNING 7f61d19b8780> Unable to unlink file (stream.3.3.0):No such file or directory
1462401546233	<WARNING 7f61d19b8780> Unable to unlink file (stream.3.4.0):No such file or directory
1462401546235	<WARNING 7f61d19b8780> Unable to unlink file (stream.3.5.0):No such file or directory
1462401546237	<WARNING 7f61d19b8780> Unable to unlink file (stream.3.6.0):No such file or directory
1462401546240	<WARNING 7f61d19b8780> Unable to unlink file (stream.3.7.0):No such file or directory
1462401546242	<INFO 7f61d19b8780> SLIPSTORE::ZMQ_THREADS 2
1462401546244	<INFO 7f61d19b8780> SLIPSTORE::COMM Connecting to tcp://dco-node137-10g:5016
1462401546246	<INFO 7f61d19b8780> SLIPSTORE::COMM Connecting to tcp://dco-node138-10g:5034
1462401546248	<INFO 7f61d19b8780> SLIPSTORE::COMM Connecting to tcp://dco-node139-10g:5052
1462401546250	<INFO 7f61d19b8780> SLIPSTORE::COMM Connecting to tcp://dco-node140-10g:5070
1462401546252	<INFO 7f61d19b8780> SLIPSTORE::COMM Connecting to tcp://dco-node141-10g:5088
1462401546254	<INFO 7f61d19b8780> SLIPSTORE::COMM Connecting to tcp://dco-node142-10g:5106
1462401546257	<INFO 7f61d19b8780> SLIPSTORE::COMM Connecting to tcp://dco-node143-10g:5124
1462401546259	<INFO 7f61d19b8780> SLIPSTORE::COMM Connecting to tcp://dco-node144-10g:5142
1462401546261	<INFO 7f61d19b8780> SLIPSTORE::COMM Listening at tcp://p1p1:5134
1462401546263	<INFO 7f61d19b8780> SLIPSTORE::COMM Listening at tcp://p1p1:5135
1462401546265	<INFO 7f61d19b8780> SLIPSTORE::COMM Listening at tcp://p1p1:5136
1462401546267	<INFO 7f61d19b8780> SLIPSTORE::COMM Listening at tcp://p1p1:5137
1462401546269	<INFO 7f61d19b8780> SLIPSTORE::COMM Listening at tcp://p1p1:5138
1462401546271	<INFO 7f61d19b8780> SLIPSTORE::COMM Listening at tcp://p1p1:5139
1462401546273	<INFO 7f61d19b8780> SLIPSTORE::COMM Listening at tcp://p1p1:5140
1462401546275	<INFO 7f61d19b8780> SLIPSTORE::COMM Listening at ipc://client
1462401546277	<INFO 7f61d19b8780> SLIPSTORE::COMM Connecting to tcp://dco-node137-10g:5016
1462401546279	<INFO 7f61d19b8780> SLIPSTORE::COMM Connecting to tcp://dco-node138-10g:5034
1462401546281	<INFO 7f61d19b8780> SLIPSTORE::COMM Connecting to tcp://dco-node139-10g:5052
1462401546284	<INFO 7f61d19b8780> SLIPSTORE::COMM Connecting to tcp://dco-node140-10g:5070
1462401546286	<INFO 7f61d19b8780> SLIPSTORE::COMM Connecting to tcp://dco-node141-10g:5088
1462401546288	<INFO 7f61d19b8780> SLIPSTORE::COMM Connecting to tcp://dco-node142-10g:5106
1462401546290	<INFO 7f61d19b8780> SLIPSTORE::COMM Connecting to tcp://dco-node143-10g:5124
1462401546292	<INFO 7f61d19b8780> SLIPSTORE::COMM Connecting to tcp://dco-node144-10g:5142
1462401546294	<INFO 7f61d19b8780> SLIPSTORE::COMM Connecting to tcp://dco-node137-10g:5007
1462401546296	<INFO 7f61d19b8780> SLIPSTORE::COMM Connecting to tcp://dco-node138-10g:5025
1462401546298	<INFO 7f61d19b8780> SLIPSTORE::COMM Connecting to tcp://dco-node139-10g:5043
1462401546300	<INFO 7f61d19b8780> SLIPSTORE::COMM Connecting to tcp://dco-node140-10g:5061
1462401546302	<INFO 7f61d19b8780> SLIPSTORE::COMM Connecting to tcp://dco-node141-10g:5079
1462401546304	<INFO 7f61d19b8780> SLIPSTORE::COMM Connecting to tcp://dco-node142-10g:5097
1462401546306	<INFO 7f61d19b8780> SLIPSTORE::COMM Connecting to tcp://dco-node143-10g:5115
1462401546308	<INFO 7f61d19b8780> SLIPSTORE::COMM Connecting to ipc://server
1462401546311	<INFO 7f61d19b8780> SLIPSTORE::COMM Connecting to tcp://dco-node137-10g:5017
1462401546312	<INFO 7f61d19b8780> SLIPSTORE::COMM Listening at tcp://p1p1:5143
1462401546315	<INFO 7f61d19b8780> SLIPSTORE::COMM Connecting to tcp://dco-node144-10g:5142
1462401546317	<INFO 7f61d19b8780> SLIPSTORE::HELP_POLICY NONE
1462401546318	<INFO 7f61d19b8780> SLIPSTORE::SERVER ASYNC
1462401546321	<INFO 7f61d19b8780> SLIPSTORE::MACHINES 8
1462401546323	<INFO 7f61d19b8780> SLIPSTORE::ME 7
1462401546325	<INFO 7f61d19b8780> SLIPSTORE::SLIPCHUNK 4194304
1462401546327	<INFO 7f61d19b8780> SLIPSTORE::QUOTA 18446744073709551615
1462401546330	<INFO 7f61d19b8780> SLIPSTORE::IO PAGECACHE
1462401546332	<INFO 7f43b3fff700> SLIPSTORE::COMM Listening at tcp://p1p1:5142
1462401546334	<INFO 7f43b3fff700> SLIPSTORE::COMM Listening at tcp://p1p1:5126
1462401546336	<INFO 7f43b3fff700> SLIPSTORE::COMM Connecting to tcp://dco-node137-10g:5015
1462401546338	<INFO 7f43b3fff700> SLIPSTORE::COMM Listening at tcp://p1p1:5127
1462401546341	<INFO 7f43b3fff700> SLIPSTORE::COMM Connecting to tcp://dco-node138-10g:5033
1462401546343	<INFO 7f43b3fff700> SLIPSTORE::COMM Listening at tcp://p1p1:5128
1462401546345	<INFO 7f43b3fff700> SLIPSTORE::COMM Connecting to tcp://dco-node139-10g:5051
1462401546347	<INFO 7f43b3fff700> SLIPSTORE::COMM Listening at tcp://p1p1:5129
1462401546350	<INFO 7f43b3fff700> SLIPSTORE::COMM Connecting to tcp://dco-node140-10g:5069
1462401546352	<INFO 7f43b3fff700> SLIPSTORE::COMM Listening at tcp://p1p1:5130
1462401546354	<INFO 7f43b3fff700> SLIPSTORE::COMM Connecting to tcp://dco-node141-10g:5087
1462401546356	<INFO 7f43b3fff700> SLIPSTORE::COMM Listening at tcp://p1p1:5131
1462401546358	<INFO 7f43b3fff700> SLIPSTORE::COMM Connecting to tcp://dco-node142-10g:5105
1462401546360	<INFO 7f43b3fff700> SLIPSTORE::COMM Listening at tcp://p1p1:5132
1462401546362	<INFO 7f43b3fff700> SLIPSTORE::COMM Connecting to tcp://dco-node143-10g:5123
1462401546364	<INFO 7f43b3fff700> SLIPSTORE::COMM Listening at ipc://server
1462401546366	<INFO 7f43b3fff700> SLIPSTORE::COMM Connecting to ipc://client
1462401546383	<INFO 7f61d19b8780> SLIPSTORE::CHECKPOINTS NONE FOUND
1462401546385	<INFO 7f61d19b8780> 2016-05-05 00:39:06 Start edge split
1462401638532	<INFO 7f61d19b8780> 2016-05-05 00:40:38 Completed init
1462401642982	<INFO 7f61d19b8780> 2016-05-05 00:40:42 Started gather
1462401650226	<INFO 7f61d19b8780> 2016-05-05 00:40:50 Completed gather
1462401650264	<INFO 7f61d19b8780> 2016-05-05 00:40:50 Started scatter
1462401710023	<INFO 7f61d19b8780> 2016-05-05 00:41:50 Completed scatter
1462401710046	<INFO 7f61d19b8780> 2016-05-05 00:41:50 Completed phase 1 Bytes read 15619768116 Bytes written 9177317172
1462401717492	<INFO 7f61d19b8780> 2016-05-05 00:41:57 Started gather
1462401724730	<INFO 7f61d19b8780> 2016-05-05 00:42:04 Completed gather
1462401724761	<INFO 7f61d19b8780> 2016-05-05 00:42:04 Started gather
1462401830670	<INFO 7f61d19b8780> 2016-05-05 00:43:50 Completed gather
1462401830707	<INFO 7f61d19b8780> 2016-05-05 00:43:50 Completed phase 2 Bytes read 26199290076 Bytes written 17481753848
1462401839225	<INFO 7f61d19b8780> 2016-05-05 00:43:59 Started gather
1462401911691	<INFO 7f61d19b8780> 2016-05-05 00:45:11 Completed gather
1462401918016	<INFO 7f61d19b8780> 2016-05-05 00:45:18 Started scatter
1462402016825	<INFO 7f61d19b8780> 2016-05-05 00:46:56 Completed scatter
1462402016969	<INFO 7f61d19b8780> 2016-05-05 00:46:56 Completed phase 3 Bytes read 40876634348 Bytes written 24407777704
1462402026235	<INFO 7f61d19b8780> 2016-05-05 00:47:06 Started gather
1462402097486	<INFO 7f61d19b8780> 2016-05-05 00:48:17 Completed gather
1462402103604	<INFO 7f61d19b8780> 2016-05-05 00:48:23 Started scatter
1462402202909	<INFO 7f61d19b8780> 2016-05-05 00:50:02 Completed scatter
1462402203037	<INFO 7f61d19b8780> 2016-05-05 00:50:03 Completed phase 4 Bytes read 55577770588 Bytes written 31409286064
1462402212206	<INFO 7f61d19b8780> 2016-05-05 00:50:12 Started gather
1462402283622	<INFO 7f61d19b8780> 2016-05-05 00:51:23 Completed gather
1462402289751	<INFO 7f61d19b8780> 2016-05-05 00:51:29 Started scatter
1462402385626	<INFO 7f61d19b8780> 2016-05-05 00:53:05 Completed scatter
1462402385750	<INFO 7f61d19b8780> 2016-05-05 00:53:05 Completed phase 5 Bytes read 70354391332 Bytes written 38399671704
1462402394058	<INFO 7f61d19b8780> 2016-05-05 00:53:14 Started gather
1462402463979	<INFO 7f61d19b8780> 2016-05-05 00:54:23 Completed gather
1462402470123	<INFO 7f61d19b8780> 2016-05-05 00:54:30 Started scatter
1462402568376	<INFO 7f61d19b8780> 2016-05-05 00:56:08 Completed scatter
1462402568529	<INFO 7f61d19b8780> 2016-05-05 00:56:08 Completed phase 6 Bytes read 85119889356 Bytes written 45384819480
1462402577448	<INFO 7f61d19b8780> 2016-05-05 00:56:17 Started gather
1462402648180	<INFO 7f61d19b8780> 2016-05-05 00:57:28 Completed gather
1462402654293	<INFO 7f61d19b8780> 2016-05-05 00:57:34 Started scatter
1462402748966	<INFO 7f61d19b8780> 2016-05-05 00:59:08 Completed scatter
1462402749094	<INFO 7f61d19b8780> 2016-05-05 00:59:09 Completed phase 7 Bytes read 99880149516 Bytes written 52395388096
1462402749097	<INFO 7f61d19b8780> CORE::PARTITIONS_PROCESSED 1119
1462402749099	<INFO 7f61d19b8780> CORE::BYTES::EDGES_STREAMED 5499073656
1462402749102	<INFO 7f61d19b8780> CORE::BYTES::UPDATES_OUT 3106701752
1462402749104	<INFO 7f61d19b8780> CORE::BYTES::UPDATES_IN 2506816920
1462402749106	<INFO 7f43b17fa700> CORE::PARTITIONS_PROCESSED 1229
1462402749109	<INFO 7f43b17fa700> CORE::BYTES::EDGES_STREAMED 5599032780
1462402749111	<INFO 7f43b17fa700> CORE::BYTES::UPDATES_OUT 3324838800
1462402749113	<INFO 7f43b17fa700> CORE::BYTES::UPDATES_IN 2747386152
1462402749116	<INFO 7f43b2ffd700> CORE::PARTITIONS_PROCESSED 1167
1462402749118	<INFO 7f43a7fff700> CORE::PARTITIONS_PROCESSED 1271
1462402749120	<INFO 7f43a7fff700> CORE::BYTES::EDGES_STREAMED 5669015316
1462402749123	<INFO 7f43b27fc700> CORE::PARTITIONS_PROCESSED 1124
1462402749125	<INFO 7f43b2ffd700> CORE::BYTES::EDGES_STREAMED 5762800992
1462402749128	<INFO 7f43b0ff9700> CORE::PARTITIONS_PROCESSED 1144
1462402749130	<INFO 7f43b1ffb700> CORE::PARTITIONS_PROCESSED 1259
1462402749132	<INFO 7f43b27fc700> CORE::BYTES::EDGES_STREAMED 5754260064
1462402749134	<INFO 7f43a7fff700> CORE::BYTES::UPDATES_OUT 3254140856
1462402749136	<INFO 7f43a77fe700> CORE::PARTITIONS_PROCESSED 1287
1462402749139	<INFO 7f43a77fe700> CORE::BYTES::EDGES_STREAMED 5540747628
1462402749141	<INFO 7f43b0ff9700> CORE::BYTES::EDGES_STREAMED 5708912604
1462402749144	<INFO 7f43b2ffd700> CORE::BYTES::UPDATES_OUT 3217549496
1462402749147	<INFO 7f43a77fe700> CORE::BYTES::UPDATES_OUT 3291572088
1462402749150	<INFO 7f43b1ffb700> CORE::BYTES::EDGES_STREAMED 5560416660
1462402749152	<INFO 7f43b2ffd700> CORE::BYTES::UPDATES_IN 2608731208
1462402749154	<INFO 7f43a77fe700> CORE::BYTES::UPDATES_IN 2884392520
1462402749156	<INFO 7f43a7fff700> CORE::BYTES::UPDATES_IN 2847371200
1462402749158	<INFO 7f43b27fc700> CORE::BYTES::UPDATES_OUT 3318242848
1462402749161	<INFO 7f43b1ffb700> CORE::BYTES::UPDATES_OUT 3099115144
1462402749163	<INFO 7f43b27fc700> CORE::BYTES::UPDATES_IN 2513206064
1462402749165	<INFO 7f43b0ff9700> CORE::BYTES::UPDATES_OUT 3155987416
1462402749168	<INFO 7f43b1ffb700> CORE::BYTES::UPDATES_IN 2815712024
1462402749170	<INFO 7f43b0ff9700> CORE::BYTES::UPDATES_IN 2550369032
1462402749172	<INFO 7f43b3fff700> SLIPSTORE service is exiting
1462402749175	<INFO 7f43b3fff700> SLIPSTORE::HELP_OFFERS_RECVD 98
1462402749178	<INFO 7f43b3fff700> SLIPSTORE::HELP_OFFERS_ACCEPTED 0
1462402749180	<INFO 7f43b3fff700> SLIPSTORE::HELP_ACCEPTANCE_RATIO 0
1462402749182	<INFO 7f43b3fff700> SLIPSTORE::SERVER_BUSY_DISK  826.492 seconds
1462402749184	<INFO 7f43b3fff700> SLIPSTORE::SERVER_BUSY_MEM  0 seconds
1462402749187	<INFO 7f43b3fff700> SLIPSTORE::SERVER_TOTAL  1202.9 seconds
1462402749189	<INFO 7f61d19b8780> SLIPSTORE::CLIENT::DISK_READ_TIME  675.48 seconds
1462402749192	<INFO 7f61d19b8780> SLIPSTORE::CLIENT::MEM_READ_TIME  0 seconds
1462402749194	<INFO 7f61d19b8780> SLIPSTORE::CLIENT::DISK_BYTES_READ 100954128324
1462402749196	<INFO 7f61d19b8780> SLIPSTORE::CLIENT::MEM_BYTES_READ 0
1462402749199	<INFO 7f61d19b8780> SLIPSTORE::CLIENT::WRITE_TIME  208.224 seconds
1462402749201	<INFO 7f61d19b8780> SLIPSTORE::CLIENT::BYTES_WRITTEN 21033071820
1462402749203	<INFO 7f61d19b8780> SLIPSTORE::CLIENT_BUSY  883.705 seconds
1462402749206	<INFO 7f61d19b8780> SLIPSTORE::IO::TIME 520.023 seconds
1462402749209	<INFO 7f61d19b8780> SLIPSTORE::SNAP::TIME 0 seconds
1462402749211	<INFO 7f61d19b8780> SLIPSTORE::MAX_DISK_USAGE_BYTES 11981271424
1462402750364	<INFO 7f61d19b8780> CORE::RUSAGE::MAX_RSS_KB 125946572
1462402750366	<INFO 7f61d19b8780> CORE::RUSAGE::MINFLT 72957252
1462402750368	<INFO 7f61d19b8780> CORE::RUSAGE::MAJFLT 4
1462402750371	<INFO 7f61d19b8780> CORE::RUSAGE::MAJFLT 4
1462402750373	<INFO 7f61d19b8780> CORE::RUSAGE::INBLK 145618160
1462402750375	<INFO 7f61d19b8780> CORE::RUSAGE::OUBLK 102344776
1462402750378	<INFO 7f61d19b8780> CORE::UTILS::BYTES_READ 99880149516
1462402750380	<INFO 7f61d19b8780> CORE::UTILS::BYTES_WRITTEN 52395388096
1462402750382	<INFO 7f61d19b8780> CORE::UTILS::TILE_COPY_BYTES 28044095760
1462402750384	<INFO 7f61d19b8780> CORE::TIME::IO_WAIT 613.877 seconds
1462402750386	<INFO 7f61d19b8780> CORE::TIME_TILE_COPY 0 seconds
1462402750389	<INFO 7f61d19b8780> CORE::TIME_TILE_MERGE 0 seconds
1462402750392	<INFO 7f61d19b8780> CORE::TIME_PROCESSING_STOLEN 0 seconds
1462402750394	<INFO 7f61d19b8780> CORE::TIME_MERGE_WAIT 0 seconds
1462402750396	<INFO 7f61d19b8780> CORE::OTHER_TIME_ALL_MC_BARRIER 0 seconds
1462402750399	<INFO 7f61d19b8780> CORE::SCATTER_TIME_ALL_MC_BARRIER 0.014234 seconds
1462402750401	<INFO 7f61d19b8780> CORE::GATHER_TIME_ALL_MC_BARRIER 0.03688 seconds
1462402750404	<INFO 7f61d19b8780> CORE::INIT_TIME_ALL_MC_BARRIER 0.525046 seconds
1462402750408	<INFO 7f61d19b8780> CORE::SHUT_DOWN_TIME_ALL_MC_BARRIER 0.00847 seconds
1462402750410	<INFO 7f61d19b8780> CORE::STREAM_SKIP_BEFORE_TIME_ALL_MC_BARRIER 0.170851 seconds
1462402750412	<INFO 7f61d19b8780> CORE::TAKE_CHECKPOINT_BEFORE_TIME_ALL_MC_BARRIER 0 seconds
1462402750414	<INFO 7f61d19b8780> CORE::TAKE_CHECKPOINT_COMPLETE_TIME_ALL_MC_BARRIER 0 seconds
1462402750417	<INFO 7f61d19b8780> CORE::METADATA_WRITE_COMPLETE_TIME_ALL_MC_BARRIER 0 seconds
1462402750419	<INFO 7f61d19b8780> CORE::STREAM_EOF_BEFORE_TIME_ALL_MC_BARRIER 0 seconds
1462402750421	<INFO 7f61d19b8780> CORE::STREAM_EOF_AFTER_TIME_ALL_MC_BARRIER 0 seconds
1462402750423	<INFO 7f61d19b8780> CORE::STATE_LOAD_TIME_ALL_MC_BARRIER 0 seconds
1462402750426	<INFO 7f61d19b8780> CORE::STATE_STORE_TIME_ALL_MC_BARRIER 0 seconds
1462402750428	<INFO 7f61d19b8780> CORE::PHASES 7
1462402750430	<INFO 7f61d19b8780> CORE::TIME::SETUP 3.24664 seconds
1462402750432	<INFO 7f61d19b8780> CORE::TIME::STATE_ITER 55.7945 seconds
1462402750435	<INFO 7f61d19b8780> CORE::TIME::GATHER 401.296 seconds
1462402750437	<INFO 7f61d19b8780> CORE::TIME::SCATTER 653.215 seconds
1462402750439	<INFO 7f61d19b8780> CORE::TIME::WALL 1205.96 seconds
1462402750441	<INFO 7f61d19b8780> SHUTDOWN
