1462394353823	<INFO 7fa7fb9f4780> 2016-05-04 22:39:13 STARTUP
1462394353825	<INFO 7fa7fb9f4780> CORE::GRAPH rmat-28_s8
1462394353827	<INFO 7fa7fb9f4780> CORE::ALGORITHM pagerank
1462394353830	<INFO 7fa7fb9f4780> CORE::VERTEX_STRIPING OFF
1462394353832	<INFO 7fa7fb9f4780> CORE::OPTIMIZED_STATE_LOAD_STORE ON
1462394353834	<INFO 7fa7fb9f4780> CORE::BINARY_SEARCH_SUPER_PARTITION ON
1462394353836	<INFO 7fa7fb9f4780> CORE::SUPER_PARTITION_COMPUTED_FOR_EACH_SCATTER_GATHER_PHASE
1462394353839	<INFO 7fa7fb9f4780> CORE::BATCH IO OFF
1462394353841	<INFO 7fa7fb9f4780> 2016-05-04 22:39:13 Blocking memory amount 126701535232
1462394461525	<INFO 7fa7fb9f4780> 2016-05-04 22:41:01 Done blocking memory
1462394461528	<INFO 7fa7fb9f4780> SG-DRIVER-ORIGINAL
1462394461530	<INFO 7fa7fb9f4780> 2016-05-04 22:41:01 START read config parameters
1462394461532	<INFO 7fa7fb9f4780> PARTITIONING::OLD 0
1462394461535	<INFO 7fa7fb9f4780> PARTITIONING::BALANCED_PARTITIONS 0
1462394461537	<INFO 7fa7fb9f4780> CORE::CONFIG::PROCESSORS 8
1462394461539	<INFO 7fa7fb9f4780> CORE::CONFIG::PHYSICAL_MEMORY 2147483648
1462394461542	<INFO 7fa7fb9f4780> CORE::CONFIG::VERTICES 268435456
1462394461545	<INFO 7fa7fb9f4780> CORE::CONFIG::VERTEX_SIZE 12
1462394461547	<INFO 7fa7fb9f4780> CORE::CONFIG::VERTEX_BUFFER 1402204788
1462394461549	<INFO 7fa7fb9f4780> CORE::CONFIG::EDGES 536870912
1462394461551	<INFO 7fa7fb9f4780> CORE::CONFIG::PARTITIONS 64
1462394461554	<INFO 7fa7fb9f4780> CORE::CONFIG::FANOUT 64
1462394461556	<INFO 7fa7fb9f4780> CORE::CONFIG::SUPER_PARTITIONS 8
1462394461558	<INFO 7fa7fb9f4780> CORE::CONFIG::TILES 1
1462394461560	<INFO 7fa7fb9f4780> CORE::CONFIG::BUFFER_SIZE 149054645
1462394461563	<INFO 7fa7fb9f4780> CORE::CONFIG::MAX_BUFFERS 4
1462394461565	<INFO 7fa7fb9f4780> CORE::CONFIG::MAX_STREAMS 4
1462394461567	<INFO 7fa7fb9f4780> CORE::CONFIG::SUM_OF_OUT_DEGREES_FOR_NEW_PARTITIONS::FIRST_CONSTRAINT 536870912
1462394461569	<INFO 7fa7fb9f4780> CORE::CONFIG::MAX_EDGES_PER_NEW_PARTITION::SECOND_CONSTRAINT 536870912
1462394461571	<INFO 7fa7fb9f4780> SLIPSTREAM::EXT_MEM_SHUFFLE OFF
1462394461574	<INFO 7fa7fb9f4780> 2016-05-04 22:41:01 END read config parameters
1462394463264	<WARNING 7fa7fb9f4780> Unable to unlink file (stream.0.0.0):No such file or directory
1462394463267	<WARNING 7fa7fb9f4780> Unable to unlink file (stream.0.1.0):No such file or directory
1462394463269	<WARNING 7fa7fb9f4780> Unable to unlink file (stream.0.2.0):No such file or directory
1462394463272	<WARNING 7fa7fb9f4780> Unable to unlink file (stream.0.3.0):No such file or directory
1462394463275	<WARNING 7fa7fb9f4780> Unable to unlink file (stream.0.4.0):No such file or directory
1462394463277	<WARNING 7fa7fb9f4780> Unable to unlink file (stream.0.5.0):No such file or directory
1462394463280	<WARNING 7fa7fb9f4780> Unable to unlink file (stream.0.6.0):No such file or directory
1462394463283	<WARNING 7fa7fb9f4780> Unable to unlink file (stream.0.7.0):No such file or directory
1462394463285	<WARNING 7fa7fb9f4780> Unable to unlink file (stream.1.1.0):No such file or directory
1462394463288	<WARNING 7fa7fb9f4780> Unable to unlink file (stream.1.2.0):No such file or directory
1462394463291	<WARNING 7fa7fb9f4780> Unable to unlink file (stream.1.3.0):No such file or directory
1462394463293	<WARNING 7fa7fb9f4780> Unable to unlink file (stream.1.4.0):No such file or directory
1462394463296	<WARNING 7fa7fb9f4780> Unable to unlink file (stream.1.5.0):No such file or directory
1462394463298	<WARNING 7fa7fb9f4780> Unable to unlink file (stream.1.6.0):No such file or directory
1462394463301	<WARNING 7fa7fb9f4780> Unable to unlink file (stream.1.7.0):No such file or directory
1462394463303	<WARNING 7fa7fb9f4780> Unable to unlink file (stream.2.0.0):No such file or directory
1462394463306	<WARNING 7fa7fb9f4780> Unable to unlink file (stream.2.1.0):No such file or directory
1462394463308	<WARNING 7fa7fb9f4780> Unable to unlink file (stream.2.2.0):No such file or directory
1462394463310	<WARNING 7fa7fb9f4780> Unable to unlink file (stream.2.3.0):No such file or directory
1462394463312	<WARNING 7fa7fb9f4780> Unable to unlink file (stream.2.4.0):No such file or directory
1462394463315	<WARNING 7fa7fb9f4780> Unable to unlink file (stream.2.5.0):No such file or directory
1462394463317	<WARNING 7fa7fb9f4780> Unable to unlink file (stream.2.6.0):No such file or directory
1462394463320	<WARNING 7fa7fb9f4780> Unable to unlink file (stream.2.7.0):No such file or directory
1462394463322	<WARNING 7fa7fb9f4780> Unable to unlink file (stream.3.0.0):No such file or directory
1462394463324	<WARNING 7fa7fb9f4780> Unable to unlink file (stream.3.1.0):No such file or directory
1462394463327	<WARNING 7fa7fb9f4780> Unable to unlink file (stream.3.2.0):No such file or directory
1462394463329	<WARNING 7fa7fb9f4780> Unable to unlink file (stream.3.3.0):No such file or directory
1462394463331	<WARNING 7fa7fb9f4780> Unable to unlink file (stream.3.4.0):No such file or directory
1462394463333	<WARNING 7fa7fb9f4780> Unable to unlink file (stream.3.5.0):No such file or directory
1462394463336	<WARNING 7fa7fb9f4780> Unable to unlink file (stream.3.6.0):No such file or directory
1462394463338	<WARNING 7fa7fb9f4780> Unable to unlink file (stream.3.7.0):No such file or directory
1462394463340	<INFO 7fa7fb9f4780> SLIPSTORE::ZMQ_THREADS 2
1462394463342	<INFO 7fa7fb9f4780> SLIPSTORE::COMM Connecting to tcp://dco-node137-10g:5016
1462394463344	<INFO 7fa7fb9f4780> SLIPSTORE::COMM Connecting to tcp://dco-node138-10g:5034
1462394463346	<INFO 7fa7fb9f4780> SLIPSTORE::COMM Connecting to tcp://dco-node139-10g:5052
1462394463348	<INFO 7fa7fb9f4780> SLIPSTORE::COMM Connecting to tcp://dco-node140-10g:5070
1462394463350	<INFO 7fa7fb9f4780> SLIPSTORE::COMM Connecting to tcp://dco-node141-10g:5088
1462394463353	<INFO 7fa7fb9f4780> SLIPSTORE::COMM Connecting to tcp://dco-node142-10g:5106
1462394463355	<INFO 7fa7fb9f4780> SLIPSTORE::COMM Connecting to tcp://dco-node143-10g:5124
1462394463357	<INFO 7fa7fb9f4780> SLIPSTORE::COMM Connecting to tcp://dco-node144-10g:5142
1462394463359	<INFO 7fa7fb9f4780> SLIPSTORE::COMM Listening at tcp://p1p1:5062
1462394463361	<INFO 7fa7fb9f4780> SLIPSTORE::COMM Listening at tcp://p1p1:5063
1462394463364	<INFO 7fa7fb9f4780> SLIPSTORE::COMM Listening at tcp://p1p1:5064
1462394463366	<INFO 7fa7fb9f4780> SLIPSTORE::COMM Listening at ipc://client
1462394463368	<INFO 7fa7fb9f4780> SLIPSTORE::COMM Listening at tcp://p1p1:5066
1462394463370	<INFO 7fa7fb9f4780> SLIPSTORE::COMM Listening at tcp://p1p1:5067
1462394463374	<INFO 7fa7fb9f4780> SLIPSTORE::COMM Listening at tcp://p1p1:5068
1462394463376	<INFO 7fa7fb9f4780> SLIPSTORE::COMM Listening at tcp://p1p1:5069
1462394463378	<INFO 7fa7fb9f4780> SLIPSTORE::COMM Connecting to tcp://dco-node137-10g:5016
1462394463380	<INFO 7fa7fb9f4780> SLIPSTORE::COMM Connecting to tcp://dco-node138-10g:5034
1462394463382	<INFO 7fa7fb9f4780> SLIPSTORE::COMM Connecting to tcp://dco-node139-10g:5052
1462394463385	<INFO 7fa7fb9f4780> SLIPSTORE::COMM Connecting to tcp://dco-node140-10g:5070
1462394463388	<INFO 7fa7fb9f4780> SLIPSTORE::COMM Connecting to tcp://dco-node141-10g:5088
1462394463390	<INFO 7fa7fb9f4780> SLIPSTORE::COMM Connecting to tcp://dco-node142-10g:5106
1462394463394	<INFO 7fa7fb9f4780> SLIPSTORE::COMM Connecting to tcp://dco-node143-10g:5124
1462394463396	<INFO 7fa7fb9f4780> SLIPSTORE::COMM Connecting to tcp://dco-node144-10g:5142
1462394463398	<INFO 7fa7fb9f4780> SLIPSTORE::COMM Connecting to tcp://dco-node137-10g:5003
1462394463400	<INFO 7fa7fb9f4780> SLIPSTORE::COMM Connecting to tcp://dco-node138-10g:5021
1462394463402	<INFO 7fa7fb9f4780> SLIPSTORE::COMM Connecting to tcp://dco-node139-10g:5039
1462394463405	<INFO 7fa7fb9f4780> SLIPSTORE::COMM Connecting to ipc://server
1462394463407	<INFO 7fa7fb9f4780> SLIPSTORE::COMM Connecting to tcp://dco-node141-10g:5075
1462394463409	<INFO 7fa7fb9f4780> SLIPSTORE::COMM Connecting to tcp://dco-node142-10g:5093
1462394463411	<INFO 7fa7fb9f4780> SLIPSTORE::COMM Connecting to tcp://dco-node143-10g:5111
1462394463414	<INFO 7fa7fb9f4780> SLIPSTORE::COMM Connecting to tcp://dco-node144-10g:5129
1462394463416	<INFO 7fa7fb9f4780> SLIPSTORE::COMM Connecting to tcp://dco-node141-10g:5089
1462394463418	<INFO 7fa7fb9f4780> SLIPSTORE::COMM Listening at tcp://p1p1:5071
1462394463420	<INFO 7fa7fb9f4780> SLIPSTORE::COMM Connecting to tcp://dco-node140-10g:5070
1462394463423	<INFO 7fa7fb9f4780> SLIPSTORE::HELP_POLICY NONE
1462394463425	<INFO 7fa7fb9f4780> SLIPSTORE::SERVER ASYNC
1462394463427	<INFO 7fa7fb9f4780> SLIPSTORE::MACHINES 8
1462394463429	<INFO 7fa7fb9f4780> SLIPSTORE::ME 3
1462394463431	<INFO 7fa7fb9f4780> SLIPSTORE::SLIPCHUNK 4194304
1462394463433	<INFO 7fa7fb9f4780> SLIPSTORE::QUOTA 18446744073709551615
1462394463435	<INFO 7fa7fb9f4780> SLIPSTORE::IO PAGECACHE
1462394463438	<INFO 7f89f0bf8700> SLIPSTORE::COMM Listening at tcp://p1p1:5070
1462394463440	<INFO 7f89f0bf8700> SLIPSTORE::COMM Listening at tcp://p1p1:5054
1462394463442	<INFO 7f89f0bf8700> SLIPSTORE::COMM Connecting to tcp://dco-node137-10g:5011
1462394463444	<INFO 7f89f0bf8700> SLIPSTORE::COMM Listening at tcp://p1p1:5055
1462394463447	<INFO 7f89f0bf8700> SLIPSTORE::COMM Connecting to tcp://dco-node138-10g:5029
1462394463449	<INFO 7f89f0bf8700> SLIPSTORE::COMM Listening at tcp://p1p1:5056
1462394463451	<INFO 7f89f0bf8700> SLIPSTORE::COMM Connecting to tcp://dco-node139-10g:5047
1462394463453	<INFO 7f89f0bf8700> SLIPSTORE::COMM Listening at ipc://server
1462394463456	<INFO 7f89f0bf8700> SLIPSTORE::COMM Connecting to ipc://client
1462394463458	<INFO 7f89f0bf8700> SLIPSTORE::COMM Listening at tcp://p1p1:5058
1462394463460	<INFO 7f89f0bf8700> SLIPSTORE::COMM Connecting to tcp://dco-node141-10g:5083
1462394463463	<INFO 7f89f0bf8700> SLIPSTORE::COMM Listening at tcp://p1p1:5059
1462394463465	<INFO 7f89f0bf8700> SLIPSTORE::COMM Connecting to tcp://dco-node142-10g:5101
1462394463468	<INFO 7f89f0bf8700> SLIPSTORE::COMM Listening at tcp://p1p1:5060
1462394463470	<INFO 7f89f0bf8700> SLIPSTORE::COMM Connecting to tcp://dco-node143-10g:5119
1462394463472	<INFO 7f89f0bf8700> SLIPSTORE::COMM Listening at tcp://p1p1:5061
1462394463474	<INFO 7f89f0bf8700> SLIPSTORE::COMM Connecting to tcp://dco-node144-10g:5137
1462394463480	<INFO 7fa7fb9f4780> SLIPSTORE::CHECKPOINTS NONE FOUND
1462394463482	<INFO 7fa7fb9f4780> 2016-05-04 22:41:03 Start edge split
1462394590270	<INFO 7fa7fb9f4780> 2016-05-04 22:43:10 Completed init
1462394595072	<INFO 7fa7fb9f4780> 2016-05-04 22:43:15 Started gather
1462394595873	<INFO 7fa7fb9f4780> 2016-05-04 22:43:15 Completed gather
1462394599623	<INFO 7fa7fb9f4780> 2016-05-04 22:43:19 Started scatter
1462394634515	<INFO 7fa7fb9f4780> 2016-05-04 22:43:54 Completed scatter
1462394635708	<INFO 7fa7fb9f4780> 2016-05-04 22:43:55 Completed phase 1 Bytes read 13121029320 Bytes written 6678578376
1462394645331	<INFO 7fa7fb9f4780> 2016-05-04 22:44:05 Started gather
1462394645334	<INFO 7fa7fb9f4780> 2016-05-04 22:44:05 Completed gather
1462394645357	<INFO 7fa7fb9f4780> 2016-05-04 22:44:05 Started gather
1462394755927	<INFO 7fa7fb9f4780> 2016-05-04 22:45:55 Completed gather
1462394759194	<INFO 7fa7fb9f4780> 2016-05-04 22:45:59 Completed phase 2 Bytes read 19799607696 Bytes written 11209956696
1462394774232	<INFO 7fa7fb9f4780> 2016-05-04 22:46:14 Started gather
1462394798455	<INFO 7fa7fb9f4780> 2016-05-04 22:46:38 Completed gather
1462394806406	<INFO 7fa7fb9f4780> 2016-05-04 22:46:46 Started scatter
1462394915379	<INFO 7fa7fb9f4780> 2016-05-04 22:48:35 Completed scatter
1462394919770	<INFO 7fa7fb9f4780> 2016-05-04 22:48:39 Completed phase 3 Bytes read 30772971144 Bytes written 15741335016
1462394932636	<INFO 7fa7fb9f4780> 2016-05-04 22:48:52 Started gather
1462394955878	<INFO 7fa7fb9f4780> 2016-05-04 22:49:15 Completed gather
1462394965370	<INFO 7fa7fb9f4780> 2016-05-04 22:49:25 Started scatter
1462395072361	<INFO 7fa7fb9f4780> 2016-05-04 22:51:12 Completed scatter
1462395074912	<INFO 7fa7fb9f4780> 2016-05-04 22:51:14 Completed phase 4 Bytes read 41746334592 Bytes written 20272713336
1462395087743	<INFO 7fa7fb9f4780> 2016-05-04 22:51:27 Started gather
1462395111048	<INFO 7fa7fb9f4780> 2016-05-04 22:51:51 Completed gather
1462395120487	<INFO 7fa7fb9f4780> 2016-05-04 22:52:00 Started scatter
1462395225137	<INFO 7fa7fb9f4780> 2016-05-04 22:53:45 Completed scatter
1462395230002	<INFO 7fa7fb9f4780> 2016-05-04 22:53:50 Completed phase 5 Bytes read 52719698040 Bytes written 24804091656
1462395242754	<INFO 7fa7fb9f4780> 2016-05-04 22:54:02 Started gather
1462395267119	<INFO 7fa7fb9f4780> 2016-05-04 22:54:27 Completed gather
1462395274868	<INFO 7fa7fb9f4780> 2016-05-04 22:54:34 Started scatter
1462395378351	<INFO 7fa7fb9f4780> 2016-05-04 22:56:18 Completed scatter
1462395381951	<INFO 7fa7fb9f4780> 2016-05-04 22:56:21 Completed phase 6 Bytes read 63693061488 Bytes written 29335469976
1462395395004	<INFO 7fa7fb9f4780> 2016-05-04 22:56:35 Started gather
1462395418985	<INFO 7fa7fb9f4780> 2016-05-04 22:56:58 Completed gather
1462395427771	<INFO 7fa7fb9f4780> 2016-05-04 22:57:07 Started scatter
1462395525475	<INFO 7fa7fb9f4780> 2016-05-04 22:58:45 Completed scatter
1462395531861	<INFO 7fa7fb9f4780> 2016-05-04 22:58:51 Completed phase 7 Bytes read 74666424936 Bytes written 33866848296
1462395531879	<INFO 7fa7fb9f4780> CORE::PARTITIONS_PROCESSED 589
1462395531882	<INFO 7fa7fb9f4780> CORE::BYTES::EDGES_STREAMED 4964114676
1462395531884	<INFO 7fa7fb9f4780> CORE::BYTES::UPDATES_OUT 2823676688
1462395531886	<INFO 7fa7fb9f4780> CORE::BYTES::UPDATES_IN 2207152600
1462395531888	<INFO 7f89d5ffb700> CORE::PARTITIONS_PROCESSED 1678
1462395531891	<INFO 7f89d5ffb700> CORE::BYTES::EDGES_STREAMED 6787096968
1462395531893	<INFO 7f89d5ffb700> CORE::BYTES::UPDATES_OUT 3913273808
1462395531895	<INFO 7f89d5ffb700> CORE::BYTES::UPDATES_IN 2595066264
1462395531897	<INFO 7f89d57fa700> CORE::PARTITIONS_PROCESSED 1556
1462395531899	<INFO 7f89d57fa700> CORE::BYTES::EDGES_STREAMED 7798001364
1462395531901	<INFO 7f89d57fa700> CORE::BYTES::UPDATES_OUT 4539262392
1462395531903	<INFO 7f89d57fa700> CORE::BYTES::UPDATES_IN 3677089408
1462395531906	<INFO 7f89d6ffd700> CORE::PARTITIONS_PROCESSED 1943
1462395531908	<INFO 7f89d67fc700> CORE::PARTITIONS_PROCESSED 573
1462395531910	<INFO 7f89d77fe700> CORE::PARTITIONS_PROCESSED 850
1462395531912	<INFO 7f89d6ffd700> CORE::BYTES::EDGES_STREAMED 4361812296
1462395531915	<INFO 7f89d47f8700> CORE::PARTITIONS_PROCESSED 548
1462395531917	<INFO 7f89d67fc700> CORE::BYTES::EDGES_STREAMED 4987181112
1462395531919	<INFO 7f89d77fe700> CORE::BYTES::EDGES_STREAMED 4936110768
1462395531922	<INFO 7f89d4ff9700> CORE::PARTITIONS_PROCESSED 1543
1462395531924	<INFO 7f89d47f8700> CORE::BYTES::EDGES_STREAMED 5940126444
1462395531926	<INFO 7f89d77fe700> CORE::BYTES::UPDATES_OUT 2808917920
1462395531928	<INFO 7f89d67fc700> CORE::BYTES::UPDATES_OUT 2842472264
1462395531931	<INFO 7f89d47f8700> CORE::BYTES::UPDATES_OUT 3292878296
1462395531933	<INFO 7f89d77fe700> CORE::BYTES::UPDATES_IN 2389752144
1462395531935	<INFO 7f89d4ff9700> CORE::BYTES::EDGES_STREAMED 5319452268
1462395531937	<INFO 7f89d67fc700> CORE::BYTES::UPDATES_IN 2239244064
1462395531940	<INFO 7f89d6ffd700> CORE::BYTES::UPDATES_OUT 2523253240
1462395531942	<INFO 7f89d4ff9700> CORE::BYTES::UPDATES_OUT 3024205904
1462395531944	<INFO 7f89d47f8700> CORE::BYTES::UPDATES_IN 3609421208
1462395531946	<INFO 7f89d6ffd700> CORE::BYTES::UPDATES_IN 2079164656
1462395531949	<INFO 7f89d4ff9700> CORE::BYTES::UPDATES_IN 2677035016
1462395531951	<INFO 7f89f0bf8700> SLIPSTORE service is exiting
1462395531953	<INFO 7f89f0bf8700> SLIPSTORE::HELP_OFFERS_RECVD 98
1462395531955	<INFO 7f89f0bf8700> SLIPSTORE::HELP_OFFERS_ACCEPTED 0
1462395531957	<INFO 7f89f0bf8700> SLIPSTORE::HELP_ACCEPTANCE_RATIO 0
1462395531959	<INFO 7f89f0bf8700> SLIPSTORE::SERVER_BUSY_DISK  476.655 seconds
1462395531962	<INFO 7f89f0bf8700> SLIPSTORE::SERVER_BUSY_MEM  0 seconds
1462395531964	<INFO 7f89f0bf8700> SLIPSTORE::SERVER_TOTAL  1068.6 seconds
1462395531966	<INFO 7fa7fb9f4780> SLIPSTORE::CLIENT::DISK_READ_TIME  510.289 seconds
1462395531968	<INFO 7fa7fb9f4780> SLIPSTORE::CLIENT::MEM_READ_TIME  0 seconds
1462395531970	<INFO 7fa7fb9f4780> SLIPSTORE::CLIENT::DISK_BYTES_READ 74666424936
1462395531972	<INFO 7fa7fb9f4780> SLIPSTORE::CLIENT::MEM_BYTES_READ 0
1462395531975	<INFO 7fa7fb9f4780> SLIPSTORE::CLIENT::WRITE_TIME  417.249 seconds
1462395531977	<INFO 7fa7fb9f4780> SLIPSTORE::CLIENT::BYTES_WRITTEN 33866544192
1462395531979	<INFO 7fa7fb9f4780> SLIPSTORE::CLIENT_BUSY  927.537 seconds
1462395531981	<INFO 7fa7fb9f4780> SLIPSTORE::IO::TIME 314.284 seconds
1462395531983	<INFO 7fa7fb9f4780> SLIPSTORE::SNAP::TIME 0 seconds
1462395531986	<INFO 7fa7fb9f4780> SLIPSTORE::MAX_DISK_USAGE_BYTES 10973363448
1462395533560	<INFO 7fa7fb9f4780> CORE::RUSAGE::MAX_RSS_KB 125873064
1462395533564	<INFO 7fa7fb9f4780> CORE::RUSAGE::MINFLT 66530472
1462395533566	<INFO 7fa7fb9f4780> CORE::RUSAGE::MAJFLT 3
1462395533568	<INFO 7fa7fb9f4780> CORE::RUSAGE::MAJFLT 3
1462395533571	<INFO 7fa7fb9f4780> CORE::RUSAGE::INBLK 142312128
1462395533573	<INFO 7fa7fb9f4780> CORE::RUSAGE::OUBLK 66149000
1462395533576	<INFO 7fa7fb9f4780> CORE::UTILS::BYTES_READ 74666424936
1462395533578	<INFO 7fa7fb9f4780> CORE::UTILS::BYTES_WRITTEN 33866848296
1462395533580	<INFO 7fa7fb9f4780> CORE::UTILS::TILE_COPY_BYTES 1656152736
1462395533583	<INFO 7fa7fb9f4780> CORE::TIME::IO_WAIT 779.306 seconds
1462395533586	<INFO 7fa7fb9f4780> CORE::TIME_TILE_COPY 0 seconds
1462395533588	<INFO 7fa7fb9f4780> CORE::TIME_TILE_MERGE 0 seconds
1462395533590	<INFO 7fa7fb9f4780> CORE::TIME_PROCESSING_STOLEN 0 seconds
1462395533593	<INFO 7fa7fb9f4780> CORE::TIME_MERGE_WAIT 0 seconds
1462395533595	<INFO 7fa7fb9f4780> CORE::OTHER_TIME_ALL_MC_BARRIER 0 seconds
1462395533597	<INFO 7fa7fb9f4780> CORE::SCATTER_TIME_ALL_MC_BARRIER 19.1208 seconds
1462395533599	<INFO 7fa7fb9f4780> CORE::GATHER_TIME_ALL_MC_BARRIER 3.09199 seconds
1462395533602	<INFO 7fa7fb9f4780> CORE::INIT_TIME_ALL_MC_BARRIER 2.87394 seconds
1462395533604	<INFO 7fa7fb9f4780> CORE::SHUT_DOWN_TIME_ALL_MC_BARRIER 0.032339 seconds
1462395533606	<INFO 7fa7fb9f4780> CORE::STREAM_SKIP_BEFORE_TIME_ALL_MC_BARRIER 67.6672 seconds
1462395533609	<INFO 7fa7fb9f4780> CORE::TAKE_CHECKPOINT_BEFORE_TIME_ALL_MC_BARRIER 0 seconds
1462395533611	<INFO 7fa7fb9f4780> CORE::TAKE_CHECKPOINT_COMPLETE_TIME_ALL_MC_BARRIER 0 seconds
1462395533613	<INFO 7fa7fb9f4780> CORE::METADATA_WRITE_COMPLETE_TIME_ALL_MC_BARRIER 0 seconds
1462395533616	<INFO 7fa7fb9f4780> CORE::STREAM_EOF_BEFORE_TIME_ALL_MC_BARRIER 0 seconds
1462395533618	<INFO 7fa7fb9f4780> CORE::STREAM_EOF_AFTER_TIME_ALL_MC_BARRIER 0 seconds
1462395533620	<INFO 7fa7fb9f4780> CORE::STATE_LOAD_TIME_ALL_MC_BARRIER 0 seconds
1462395533623	<INFO 7fa7fb9f4780> CORE::STATE_STORE_TIME_ALL_MC_BARRIER 0 seconds
1462395533625	<INFO 7fa7fb9f4780> CORE::PHASES 7
1462395533627	<INFO 7fa7fb9f4780> CORE::TIME::SETUP 3.63517 seconds
1462395533630	<INFO 7fa7fb9f4780> CORE::TIME::STATE_ITER 13.1803 seconds
1462395533632	<INFO 7fa7fb9f4780> CORE::TIME::GATHER 234.747 seconds
1462395533634	<INFO 7fa7fb9f4780> CORE::TIME::SCATTER 693.405 seconds
1462395533636	<INFO 7fa7fb9f4780> CORE::TIME::WALL 1072.04 seconds
1462395533639	<INFO 7fa7fb9f4780> SHUTDOWN
