1462007536920	<INFO 7f2947d3a740> 2016-04-30 11:12:16 STARTUP
1462007536923	<INFO 7f2947d3a740> CORE::GRAPH rmat-28_s8
1462007536927	<INFO 7f2947d3a740> CORE::ALGORITHM pagerank
1462007536930	<INFO 7f2947d3a740> CORE::VERTEX_STRIPING OFF
1462007536933	<INFO 7f2947d3a740> CORE::OPTIMIZED_STATE_LOAD_STORE ON
1462007536937	<INFO 7f2947d3a740> CORE::BINARY_SEARCH_SUPER_PARTITION ON
1462007536940	<INFO 7f2947d3a740> CORE::SUPER_PARTITION_COMPUTED_FOR_EACH_SCATTER_GATHER_PHASE
1462007536944	<INFO 7f2947d3a740> CORE::BATCH IO OFF
1462007536947	<INFO 7f2947d3a740> 2016-04-30 11:12:16 Blocking memory amount 126701535232
1462007642654	<INFO 7f2947d3a740> 2016-04-30 11:14:02 Done blocking memory
1462007642658	<INFO 7f2947d3a740> SG-DRIVER-ORIGINAL
1462007642662	<INFO 7f2947d3a740> 2016-04-30 11:14:02 START read config parameters
1462007642666	<INFO 7f2947d3a740> PARTITIONING::OLD 0
1462007642669	<INFO 7f2947d3a740> PARTITIONING::BALANCED_PARTITIONS 0
1462007642673	<INFO 7f2947d3a740> CORE::CONFIG::PROCESSORS 8
1462007642677	<INFO 7f2947d3a740> CORE::CONFIG::PHYSICAL_MEMORY 2147483648
1462007642681	<INFO 7f2947d3a740> CORE::CONFIG::VERTICES 268435456
1462007642684	<INFO 7f2947d3a740> CORE::CONFIG::VERTEX_SIZE 12
1462007642688	<INFO 7f2947d3a740> CORE::CONFIG::VERTEX_BUFFER 1402204788
1462007642692	<INFO 7f2947d3a740> CORE::CONFIG::EDGES 536870912
1462007642696	<INFO 7f2947d3a740> CORE::CONFIG::PARTITIONS 64
1462007642699	<INFO 7f2947d3a740> CORE::CONFIG::FANOUT 64
1462007642703	<INFO 7f2947d3a740> CORE::CONFIG::SUPER_PARTITIONS 8
1462007642707	<INFO 7f2947d3a740> CORE::CONFIG::TILES 1
1462007642711	<INFO 7f2947d3a740> CORE::CONFIG::BUFFER_SIZE 149054645
1462007642714	<INFO 7f2947d3a740> CORE::CONFIG::MAX_BUFFERS 4
1462007642718	<INFO 7f2947d3a740> CORE::CONFIG::MAX_STREAMS 4
1462007642722	<INFO 7f2947d3a740> CORE::CONFIG::SUM_OF_OUT_DEGREES_FOR_NEW_PARTITIONS::FIRST_CONSTRAINT 536870912
1462007642726	<INFO 7f2947d3a740> CORE::CONFIG::MAX_EDGES_PER_NEW_PARTITION::SECOND_CONSTRAINT 536870912
1462007642730	<INFO 7f2947d3a740> SLIPSTREAM::EXT_MEM_SHUFFLE OFF
1462007642734	<INFO 7f2947d3a740> 2016-04-30 11:14:02 END read config parameters
1462007644418	<WARNING 7f2947d3a740> Unable to unlink file (stream.0.0.0):No such file or directory
1462007644422	<WARNING 7f2947d3a740> Unable to unlink file (stream.0.1.0):No such file or directory
1462007644426	<WARNING 7f2947d3a740> Unable to unlink file (stream.0.2.0):No such file or directory
1462007644430	<WARNING 7f2947d3a740> Unable to unlink file (stream.0.3.0):No such file or directory
1462007644434	<WARNING 7f2947d3a740> Unable to unlink file (stream.0.4.0):No such file or directory
1462007644438	<WARNING 7f2947d3a740> Unable to unlink file (stream.0.5.0):No such file or directory
1462007644443	<WARNING 7f2947d3a740> Unable to unlink file (stream.0.6.0):No such file or directory
1462007644447	<WARNING 7f2947d3a740> Unable to unlink file (stream.0.7.0):No such file or directory
1462007644450	<WARNING 7f2947d3a740> Unable to unlink file (stream.1.1.0):No such file or directory
1462007644455	<WARNING 7f2947d3a740> Unable to unlink file (stream.1.2.0):No such file or directory
1462007644459	<WARNING 7f2947d3a740> Unable to unlink file (stream.1.3.0):No such file or directory
1462007644463	<WARNING 7f2947d3a740> Unable to unlink file (stream.1.4.0):No such file or directory
1462007644467	<WARNING 7f2947d3a740> Unable to unlink file (stream.1.5.0):No such file or directory
1462007644470	<WARNING 7f2947d3a740> Unable to unlink file (stream.1.6.0):No such file or directory
1462007644474	<WARNING 7f2947d3a740> Unable to unlink file (stream.1.7.0):No such file or directory
1462007644478	<WARNING 7f2947d3a740> Unable to unlink file (stream.2.0.0):No such file or directory
1462007644482	<WARNING 7f2947d3a740> Unable to unlink file (stream.2.1.0):No such file or directory
1462007644486	<WARNING 7f2947d3a740> Unable to unlink file (stream.2.2.0):No such file or directory
1462007644489	<WARNING 7f2947d3a740> Unable to unlink file (stream.2.3.0):No such file or directory
1462007644493	<WARNING 7f2947d3a740> Unable to unlink file (stream.2.4.0):No such file or directory
1462007644496	<WARNING 7f2947d3a740> Unable to unlink file (stream.2.5.0):No such file or directory
1462007644501	<WARNING 7f2947d3a740> Unable to unlink file (stream.2.6.0):No such file or directory
1462007644504	<WARNING 7f2947d3a740> Unable to unlink file (stream.2.7.0):No such file or directory
1462007644508	<WARNING 7f2947d3a740> Unable to unlink file (stream.3.0.0):No such file or directory
1462007644511	<WARNING 7f2947d3a740> Unable to unlink file (stream.3.1.0):No such file or directory
1462007644514	<WARNING 7f2947d3a740> Unable to unlink file (stream.3.2.0):No such file or directory
1462007644518	<WARNING 7f2947d3a740> Unable to unlink file (stream.3.3.0):No such file or directory
1462007644521	<WARNING 7f2947d3a740> Unable to unlink file (stream.3.4.0):No such file or directory
1462007644525	<WARNING 7f2947d3a740> Unable to unlink file (stream.3.5.0):No such file or directory
1462007644529	<WARNING 7f2947d3a740> Unable to unlink file (stream.3.6.0):No such file or directory
1462007644532	<WARNING 7f2947d3a740> Unable to unlink file (stream.3.7.0):No such file or directory
1462007644536	<INFO 7f2947d3a740> SLIPSTORE::ZMQ_THREADS 2
1462007644539	<INFO 7f2947d3a740> SLIPSTORE::COMM Connecting to tcp://dco-node137-10g:5016
1462007644542	<INFO 7f2947d3a740> SLIPSTORE::COMM Connecting to tcp://dco-node138-10g:5034
1462007644546	<INFO 7f2947d3a740> SLIPSTORE::COMM Connecting to tcp://dco-node139-10g:5052
1462007644549	<INFO 7f2947d3a740> SLIPSTORE::COMM Connecting to tcp://dco-node140-10g:5070
1462007644552	<INFO 7f2947d3a740> SLIPSTORE::COMM Connecting to tcp://dco-node141-10g:5088
1462007644555	<INFO 7f2947d3a740> SLIPSTORE::COMM Connecting to tcp://dco-node142-10g:5106
1462007644559	<INFO 7f2947d3a740> SLIPSTORE::COMM Connecting to tcp://dco-node143-10g:5124
1462007644562	<INFO 7f2947d3a740> SLIPSTORE::COMM Connecting to tcp://dco-node144-10g:5142
1462007644565	<INFO 7f2947d3a740> SLIPSTORE::COMM Listening at ipc://client
1462007644569	<INFO 7f2947d3a740> SLIPSTORE::COMM Listening at tcp://ens1f0:5009
1462007644572	<INFO 7f2947d3a740> SLIPSTORE::COMM Listening at tcp://ens1f0:5010
1462007644575	<INFO 7f2947d3a740> SLIPSTORE::COMM Listening at tcp://ens1f0:5011
1462007644578	<INFO 7f2947d3a740> SLIPSTORE::COMM Listening at tcp://ens1f0:5012
1462007644581	<INFO 7f2947d3a740> SLIPSTORE::COMM Listening at tcp://ens1f0:5013
1462007644584	<INFO 7f2947d3a740> SLIPSTORE::COMM Listening at tcp://ens1f0:5014
1462007644586	<INFO 7f2947d3a740> SLIPSTORE::COMM Listening at tcp://ens1f0:5015
1462007644589	<INFO 7f2947d3a740> SLIPSTORE::COMM Connecting to tcp://dco-node137-10g:5016
1462007644592	<INFO 7f2947d3a740> SLIPSTORE::COMM Connecting to tcp://dco-node138-10g:5034
1462007644595	<INFO 7f2947d3a740> SLIPSTORE::COMM Connecting to tcp://dco-node139-10g:5052
1462007644597	<INFO 7f2947d3a740> SLIPSTORE::COMM Connecting to tcp://dco-node140-10g:5070
1462007644600	<INFO 7f2947d3a740> SLIPSTORE::COMM Connecting to tcp://dco-node141-10g:5088
1462007644602	<INFO 7f2947d3a740> SLIPSTORE::COMM Connecting to tcp://dco-node142-10g:5106
1462007644605	<INFO 7f2947d3a740> SLIPSTORE::COMM Connecting to tcp://dco-node143-10g:5124
1462007644608	<INFO 7f2947d3a740> SLIPSTORE::COMM Connecting to tcp://dco-node144-10g:5142
1462007644611	<INFO 7f2947d3a740> SLIPSTORE::COMM Connecting to ipc://server
1462007644613	<INFO 7f2947d3a740> SLIPSTORE::COMM Connecting to tcp://dco-node138-10g:5018
1462007644616	<INFO 7f2947d3a740> SLIPSTORE::COMM Connecting to tcp://dco-node139-10g:5036
1462007644618	<INFO 7f2947d3a740> SLIPSTORE::COMM Connecting to tcp://dco-node140-10g:5054
1462007644621	<INFO 7f2947d3a740> SLIPSTORE::COMM Connecting to tcp://dco-node141-10g:5072
1462007644623	<INFO 7f2947d3a740> SLIPSTORE::COMM Connecting to tcp://dco-node142-10g:5090
1462007644626	<INFO 7f2947d3a740> SLIPSTORE::COMM Connecting to tcp://dco-node143-10g:5108
1462007644628	<INFO 7f2947d3a740> SLIPSTORE::COMM Connecting to tcp://dco-node144-10g:5126
1462007644631	<INFO 7f2947d3a740> SLIPSTORE::COMM Connecting to tcp://dco-node138-10g:5035
1462007644633	<INFO 7f2947d3a740> SLIPSTORE::COMM Listening at tcp://ens1f0:5017
1462007644636	<INFO 7f2947d3a740> SLIPSTORE::COMM Connecting to tcp://dco-node137-10g:5016
1462007644638	<INFO 7f2947d3a740> SLIPSTORE::HELP_POLICY NONE
1462007644641	<INFO 7f2947d3a740> SLIPSTORE::SERVER ASYNC
1462007644643	<INFO 7f2947d3a740> SLIPSTORE::MACHINES 8
1462007644646	<INFO 7f2947d3a740> SLIPSTORE::ME 0
1462007644649	<INFO 7f2947d3a740> SLIPSTORE::SLIPCHUNK 4194304
1462007644651	<INFO 7f2947d3a740> SLIPSTORE::QUOTA 18446744073709551615
1462007644654	<INFO 7f2947d3a740> SLIPSTORE::IO PAGECACHE
1462007644657	<INFO 7f0b2bfff700> SLIPSTORE::COMM Listening at tcp://ens1f0:5016
1462007644659	<INFO 7f0b2bfff700> SLIPSTORE::COMM Listening at ipc://server
1462007644662	<INFO 7f0b2bfff700> SLIPSTORE::COMM Connecting to ipc://client
1462007644665	<INFO 7f0b2bfff700> SLIPSTORE::COMM Listening at tcp://ens1f0:5001
1462007644667	<INFO 7f0b2bfff700> SLIPSTORE::COMM Connecting to tcp://dco-node138-10g:5026
1462007644670	<INFO 7f0b2bfff700> SLIPSTORE::COMM Listening at tcp://ens1f0:5002
1462007644672	<INFO 7f0b2bfff700> SLIPSTORE::COMM Connecting to tcp://dco-node139-10g:5044
1462007644674	<INFO 7f0b2bfff700> SLIPSTORE::COMM Listening at tcp://ens1f0:5003
1462007644677	<INFO 7f0b2bfff700> SLIPSTORE::COMM Connecting to tcp://dco-node140-10g:5062
1462007644679	<INFO 7f0b2bfff700> SLIPSTORE::COMM Listening at tcp://ens1f0:5004
1462007644682	<INFO 7f0b2bfff700> SLIPSTORE::COMM Connecting to tcp://dco-node141-10g:5080
1462007644684	<INFO 7f0b2bfff700> SLIPSTORE::COMM Listening at tcp://ens1f0:5005
1462007644687	<INFO 7f0b2bfff700> SLIPSTORE::COMM Connecting to tcp://dco-node142-10g:5098
1462007644689	<INFO 7f0b2bfff700> SLIPSTORE::COMM Listening at tcp://ens1f0:5006
1462007644692	<INFO 7f0b2bfff700> SLIPSTORE::COMM Connecting to tcp://dco-node143-10g:5116
1462007644694	<INFO 7f0b2bfff700> SLIPSTORE::COMM Listening at tcp://ens1f0:5007
1462007644696	<INFO 7f0b2bfff700> SLIPSTORE::COMM Connecting to tcp://dco-node144-10g:5134
1462007646617	<INFO 7f2947d3a740> SLIPSTORE::CHECKPOINTS NONE FOUND
1462007646621	<INFO 7f2947d3a740> 2016-04-30 11:14:06 Start edge split
1462007700025	<INFO 7f2947d3a740> 2016-04-30 11:15:00 Completed init
1462007705564	<INFO 7f2947d3a740> 2016-04-30 11:15:05 Started gather
1462007705587	<INFO 7f2947d3a740> 2016-04-30 11:15:05 Completed gather
1462007707876	<INFO 7f2947d3a740> 2016-04-30 11:15:07 Started scatter
1462007738157	<INFO 7f2947d3a740> 2016-04-30 11:15:38 Completed scatter
1462007739089	<INFO 7f2947d3a740> 2016-04-30 11:15:39 Completed phase 1 Bytes read 12898910592 Bytes written 6456459648
1462007749864	<INFO 7f2947d3a740> 2016-04-30 11:15:49 Started gather
1462007749866	<INFO 7f2947d3a740> 2016-04-30 11:15:49 Completed gather
1462007749893	<INFO 7f2947d3a740> 2016-04-30 11:15:49 Started gather
1462007797846	<INFO 7f2947d3a740> 2016-04-30 11:16:37 Completed gather
1462007799268	<INFO 7f2947d3a740> 2016-04-30 11:16:39 Completed phase 2 Bytes read 19355370240 Bytes written 10765234916
1462007814178	<INFO 7f2947d3a740> 2016-04-30 11:16:54 Started gather
1462007835409	<INFO 7f2947d3a740> 2016-04-30 11:17:15 Completed gather
1462007930414	<INFO 7f2947d3a740> 2016-04-30 11:18:50 Started scatter
1462007978734	<INFO 7f2947d3a740> 2016-04-30 11:19:38 Completed scatter
1462007979010	<INFO 7f2947d3a740> 2016-04-30 11:19:39 Completed phase 3 Bytes read 30107107064 Bytes written 15074010184
1462007992897	<INFO 7f2947d3a740> 2016-04-30 11:19:52 Started gather
1462008013883	<INFO 7f2947d3a740> 2016-04-30 11:20:13 Completed gather
1462008100465	<INFO 7f2947d3a740> 2016-04-30 11:21:40 Started scatter
1462008150113	<INFO 7f2947d3a740> 2016-04-30 11:22:30 Completed scatter
1462008150312	<INFO 7f2947d3a740> 2016-04-30 11:22:30 Completed phase 4 Bytes read 40858843888 Bytes written 19382785452
1462008164900	<INFO 7f2947d3a740> 2016-04-30 11:22:44 Started gather
1462008185723	<INFO 7f2947d3a740> 2016-04-30 11:23:05 Completed gather
1462008279654	<INFO 7f2947d3a740> 2016-04-30 11:24:39 Started scatter
1462008327354	<INFO 7f2947d3a740> 2016-04-30 11:25:27 Completed scatter
1462008328597	<INFO 7f2947d3a740> 2016-04-30 11:25:28 Completed phase 5 Bytes read 51610580712 Bytes written 23691560720
1462008342296	<INFO 7f2947d3a740> 2016-04-30 11:25:42 Started gather
1462008363208	<INFO 7f2947d3a740> 2016-04-30 11:26:03 Completed gather
1462008454676	<INFO 7f2947d3a740> 2016-04-30 11:27:34 Started scatter
1462008503754	<INFO 7f2947d3a740> 2016-04-30 11:28:23 Completed scatter
1462008504531	<INFO 7f2947d3a740> 2016-04-30 11:28:24 Completed phase 6 Bytes read 62362317536 Bytes written 28000335988
1462008520414	<INFO 7f2947d3a740> 2016-04-30 11:28:40 Started gather
1462008541501	<INFO 7f2947d3a740> 2016-04-30 11:29:01 Completed gather
1462008629438	<INFO 7f2947d3a740> 2016-04-30 11:30:29 Started scatter
1462008679359	<INFO 7f2947d3a740> 2016-04-30 11:31:19 Completed scatter
1462008679693	<INFO 7f2947d3a740> 2016-04-30 11:31:19 Completed phase 7 Bytes read 73114054360 Bytes written 32309111256
1462008684410	<INFO 7f2947d3a740> CORE::PARTITIONS_PROCESSED 486
1462008684412	<INFO 7f2947d3a740> CORE::BYTES::EDGES_STREAMED 4530094212
1462008684415	<INFO 7f2947d3a740> CORE::BYTES::UPDATES_OUT 2599604936
1462008684417	<INFO 7f2947d3a740> CORE::BYTES::UPDATES_IN 2310572320
1462008684419	<INFO 7f0b1ffff700> CORE::PARTITIONS_PROCESSED 1305
1462008684421	<INFO 7f0b1ffff700> CORE::BYTES::EDGES_STREAMED 5282119392
1462008684424	<INFO 7f0b1ffff700> CORE::BYTES::UPDATES_OUT 2937552344
1462008684426	<INFO 7f0b1ffff700> CORE::BYTES::UPDATES_IN 2594209600
1462008684428	<INFO 7f0b297fa700> CORE::PARTITIONS_PROCESSED 1016
1462008684431	<INFO 7f0b297fa700> CORE::BYTES::EDGES_STREAMED 5318946468
1462008684433	<INFO 7f0b297fa700> CORE::BYTES::UPDATES_OUT 3036277248
1462008684435	<INFO 7f0b297fa700> CORE::BYTES::UPDATES_IN 2531243456
1462008684438	<INFO 7f0b1f7fe700> CORE::PARTITIONS_PROCESSED 1595
1462008684440	<INFO 7f0b2a7fc700> CORE::PARTITIONS_PROCESSED 1088
1462008684442	<INFO 7f0b29ffb700> CORE::PARTITIONS_PROCESSED 1453
1462008684444	<INFO 7f0b2affd700> CORE::PARTITIONS_PROCESSED 1032
1462008684447	<INFO 7f0b28ff9700> CORE::PARTITIONS_PROCESSED 1305
1462008684449	<INFO 7f0b2affd700> CORE::BYTES::EDGES_STREAMED 4944231900
1462008684452	<INFO 7f0b29ffb700> CORE::BYTES::EDGES_STREAMED 5483727132
1462008684454	<INFO 7f0b2affd700> CORE::BYTES::UPDATES_OUT 2834572344
1462008684456	<INFO 7f0b28ff9700> CORE::BYTES::EDGES_STREAMED 5082265980
1462008684458	<INFO 7f0b29ffb700> CORE::BYTES::UPDATES_OUT 3145404328
1462008684461	<INFO 7f0b2affd700> CORE::BYTES::UPDATES_IN 2098593640
1462008684463	<INFO 7f0b1f7fe700> CORE::BYTES::EDGES_STREAMED 9641784012
1462008684465	<INFO 7f0b2a7fc700> CORE::BYTES::EDGES_STREAMED 4817561796
1462008684467	<INFO 7f0b29ffb700> CORE::BYTES::UPDATES_IN 2497845568
1462008684470	<INFO 7f0b28ff9700> CORE::BYTES::UPDATES_OUT 2914363184
1462008684472	<INFO 7f0b1f7fe700> CORE::BYTES::UPDATES_OUT 5585029608
1462008684474	<INFO 7f0b2a7fc700> CORE::BYTES::UPDATES_OUT 2719042232
1462008684476	<INFO 7f0b1f7fe700> CORE::BYTES::UPDATES_IN 4671662632
1462008684479	<INFO 7f0b28ff9700> CORE::BYTES::UPDATES_IN 2443538984
1462008684481	<INFO 7f0b2a7fc700> CORE::BYTES::UPDATES_IN 2328719680
1462008685420	<INFO 7f0b2bfff700> SLIPSTORE service is exiting
1462008685423	<INFO 7f0b2bfff700> SLIPSTORE::HELP_OFFERS_RECVD 98
1462008685426	<INFO 7f0b2bfff700> SLIPSTORE::HELP_OFFERS_ACCEPTED 0
1462008685430	<INFO 7f0b2bfff700> SLIPSTORE::HELP_ACCEPTANCE_RATIO 0
1462008685432	<INFO 7f0b2bfff700> SLIPSTORE::SERVER_BUSY_DISK  333.599 seconds
1462008685435	<INFO 7f0b2bfff700> SLIPSTORE::SERVER_BUSY_MEM  0 seconds
1462008685438	<INFO 7f0b2bfff700> SLIPSTORE::SERVER_TOTAL  1040.97 seconds
1462008685442	<INFO 7f2947d3a740> SLIPSTORE::CLIENT::DISK_READ_TIME  369.052 seconds
1462008685445	<INFO 7f2947d3a740> SLIPSTORE::CLIENT::MEM_READ_TIME  0 seconds
1462008685448	<INFO 7f2947d3a740> SLIPSTORE::CLIENT::DISK_BYTES_READ 73114054360
1462008685451	<INFO 7f2947d3a740> SLIPSTORE::CLIENT::MEM_BYTES_READ 0
1462008685454	<INFO 7f2947d3a740> SLIPSTORE::CLIENT::WRITE_TIME  149.762 seconds
1462008685457	<INFO 7f2947d3a740> SLIPSTORE::CLIENT::BYTES_WRITTEN 32308783812
1462008685460	<INFO 7f2947d3a740> SLIPSTORE::CLIENT_BUSY  518.816 seconds
1462008685464	<INFO 7f2947d3a740> SLIPSTORE::IO::TIME 345.166 seconds
1462008685466	<INFO 7f2947d3a740> SLIPSTORE::SNAP::TIME 0 seconds
1462008685469	<INFO 7f2947d3a740> SLIPSTORE::MAX_DISK_USAGE_BYTES 10751736824
1462008686454	<INFO 7f2947d3a740> CORE::RUSAGE::MAX_RSS_KB 125872636
1462008686458	<INFO 7f2947d3a740> CORE::RUSAGE::MINFLT 31466260
1462008686462	<INFO 7f2947d3a740> CORE::RUSAGE::MAJFLT 1
1462008686465	<INFO 7f2947d3a740> CORE::RUSAGE::MAJFLT 1
1462008686469	<INFO 7f2947d3a740> CORE::RUSAGE::INBLK 142295648
1462008686473	<INFO 7f2947d3a740> CORE::RUSAGE::OUBLK 63103784
1462008686476	<INFO 7f2947d3a740> CORE::UTILS::BYTES_READ 73114054360
1462008686480	<INFO 7f2947d3a740> CORE::UTILS::BYTES_WRITTEN 32309111256
1462008686483	<INFO 7f2947d3a740> CORE::UTILS::TILE_COPY_BYTES 94486644
1462008686487	<INFO 7f2947d3a740> CORE::TIME::IO_WAIT 375.526 seconds
1462008686491	<INFO 7f2947d3a740> CORE::TIME_TILE_COPY 0 seconds
1462008686495	<INFO 7f2947d3a740> CORE::TIME_TILE_MERGE 0 seconds
1462008686498	<INFO 7f2947d3a740> CORE::TIME_PROCESSING_STOLEN 0 seconds
1462008686502	<INFO 7f2947d3a740> CORE::TIME_MERGE_WAIT 0 seconds
1462008686506	<INFO 7f2947d3a740> CORE::OTHER_TIME_ALL_MC_BARRIER 0 seconds
1462008686510	<INFO 7f2947d3a740> CORE::SCATTER_TIME_ALL_MC_BARRIER 2.28073 seconds
1462008686514	<INFO 7f2947d3a740> CORE::GATHER_TIME_ALL_MC_BARRIER 0.972004 seconds
1462008686517	<INFO 7f2947d3a740> CORE::INIT_TIME_ALL_MC_BARRIER 2.77241 seconds
1462008686521	<INFO 7f2947d3a740> CORE::SHUT_DOWN_TIME_ALL_MC_BARRIER 1.00779 seconds
1462008686524	<INFO 7f2947d3a740> CORE::STREAM_SKIP_BEFORE_TIME_ALL_MC_BARRIER 73.4604 seconds
1462008686528	<INFO 7f2947d3a740> CORE::TAKE_CHECKPOINT_BEFORE_TIME_ALL_MC_BARRIER 0 seconds
1462008686531	<INFO 7f2947d3a740> CORE::TAKE_CHECKPOINT_COMPLETE_TIME_ALL_MC_BARRIER 0 seconds
1462008686535	<INFO 7f2947d3a740> CORE::METADATA_WRITE_COMPLETE_TIME_ALL_MC_BARRIER 0 seconds
1462008686539	<INFO 7f2947d3a740> CORE::STREAM_EOF_BEFORE_TIME_ALL_MC_BARRIER 0 seconds
1462008686542	<INFO 7f2947d3a740> CORE::STREAM_EOF_AFTER_TIME_ALL_MC_BARRIER 0 seconds
1462008686546	<INFO 7f2947d3a740> CORE::STATE_LOAD_TIME_ALL_MC_BARRIER 0 seconds
1462008686550	<INFO 7f2947d3a740> CORE::STATE_STORE_TIME_ALL_MC_BARRIER 0 seconds
1462008686554	<INFO 7f2947d3a740> CORE::PHASES 7
1462008686558	<INFO 7f2947d3a740> CORE::TIME::SETUP 6.00623 seconds
1462008686561	<INFO 7f2947d3a740> CORE::TIME::STATE_ITER 15.6854 seconds
1462008686565	<INFO 7f2947d3a740> CORE::TIME::GATHER 635.731 seconds
1462008686569	<INFO 7f2947d3a740> CORE::TIME::SCATTER 327.954 seconds
1462008686573	<INFO 7f2947d3a740> CORE::TIME::WALL 1043.8 seconds
1462008686576	<INFO 7f2947d3a740> SHUTDOWN
