1462405661433	<INFO 7f59d40b6780> 2016-05-05 01:47:41 STARTUP
1462405661435	<INFO 7f59d40b6780> CORE::GRAPH rmat-28_s8
1462405661437	<INFO 7f59d40b6780> CORE::ALGORITHM pagerank
1462405661440	<INFO 7f59d40b6780> CORE::VERTEX_STRIPING OFF
1462405661442	<INFO 7f59d40b6780> CORE::OPTIMIZED_STATE_LOAD_STORE ON
1462405661444	<INFO 7f59d40b6780> CORE::BINARY_SEARCH_SUPER_PARTITION ON
1462405661446	<INFO 7f59d40b6780> CORE::SUPER_PARTITION_COMPUTED_FOR_EACH_SCATTER_GATHER_PHASE
1462405661449	<INFO 7f59d40b6780> CORE::EDGE_STRIPING ON
1462405661451	<INFO 7f59d40b6780> CORE::BATCH IO ON
1462405661453	<INFO 7f59d40b6780> 2016-05-05 01:47:41 Blocking memory amount 126701535232
1462405768571	<INFO 7f59d40b6780> 2016-05-05 01:49:28 Done blocking memory
1462405768573	<INFO 7f59d40b6780> SG-DRIVER-ORIGINAL
1462405768575	<INFO 7f59d40b6780> 2016-05-05 01:49:28 START read config parameters
1462405768578	<INFO 7f59d40b6780> PARTITIONING::OLD 0
1462405768580	<INFO 7f59d40b6780> PARTITIONING::BALANCED_PARTITIONS 0
1462405768582	<INFO 7f59d40b6780> CORE::CONFIG::PROCESSORS 8
1462405768584	<INFO 7f59d40b6780> CORE::CONFIG::PHYSICAL_MEMORY 2147483648
1462405768587	<INFO 7f59d40b6780> CORE::CONFIG::VERTICES 268435456
1462405768590	<INFO 7f59d40b6780> CORE::CONFIG::VERTEX_SIZE 12
1462405768592	<INFO 7f59d40b6780> CORE::CONFIG::VERTEX_BUFFER 1306428636
1462405768595	<INFO 7f59d40b6780> CORE::CONFIG::EDGES 536870912
1462405768597	<INFO 7f59d40b6780> CORE::CONFIG::PARTITIONS 64
1462405768599	<INFO 7f59d40b6780> CORE::CONFIG::FANOUT 64
1462405768601	<INFO 7f59d40b6780> CORE::CONFIG::SUPER_PARTITIONS 8
1462405768604	<INFO 7f59d40b6780> CORE::CONFIG::TILES 1
1462405768606	<INFO 7f59d40b6780> CORE::CONFIG::BUFFER_SIZE 168209876
1462405768608	<INFO 7f59d40b6780> CORE::CONFIG::MAX_BUFFERS 4
1462405768610	<INFO 7f59d40b6780> CORE::CONFIG::MAX_STREAMS 4
1462405768613	<INFO 7f59d40b6780> CORE::CONFIG::SUM_OF_OUT_DEGREES_FOR_NEW_PARTITIONS::FIRST_CONSTRAINT 0
1462405768616	<INFO 7f59d40b6780> CORE::CONFIG::MAX_EDGES_PER_NEW_PARTITION::SECOND_CONSTRAINT 0
1462405768618	<INFO 7f59d40b6780> SLIPSTREAM::EXT_MEM_SHUFFLE OFF
1462405768621	<INFO 7f59d40b6780> 2016-05-05 01:49:28 END read config parameters
1462405770319	<WARNING 7f59d40b6780> Unable to unlink file (stream.0.0.0):No such file or directory
1462405770322	<WARNING 7f59d40b6780> Unable to unlink file (stream.0.1.0):No such file or directory
1462405770324	<WARNING 7f59d40b6780> Unable to unlink file (stream.0.2.0):No such file or directory
1462405770327	<WARNING 7f59d40b6780> Unable to unlink file (stream.0.3.0):No such file or directory
1462405770329	<WARNING 7f59d40b6780> Unable to unlink file (stream.0.4.0):No such file or directory
1462405770331	<WARNING 7f59d40b6780> Unable to unlink file (stream.0.5.0):No such file or directory
1462405770333	<WARNING 7f59d40b6780> Unable to unlink file (stream.0.6.0):No such file or directory
1462405770336	<WARNING 7f59d40b6780> Unable to unlink file (stream.0.7.0):No such file or directory
1462405770338	<WARNING 7f59d40b6780> Unable to unlink file (stream.1.1.0):No such file or directory
1462405770340	<WARNING 7f59d40b6780> Unable to unlink file (stream.1.2.0):No such file or directory
1462405770343	<WARNING 7f59d40b6780> Unable to unlink file (stream.1.3.0):No such file or directory
1462405770345	<WARNING 7f59d40b6780> Unable to unlink file (stream.1.4.0):No such file or directory
1462405770347	<WARNING 7f59d40b6780> Unable to unlink file (stream.1.5.0):No such file or directory
1462405770349	<WARNING 7f59d40b6780> Unable to unlink file (stream.1.6.0):No such file or directory
1462405770351	<WARNING 7f59d40b6780> Unable to unlink file (stream.1.7.0):No such file or directory
1462405770353	<WARNING 7f59d40b6780> Unable to unlink file (stream.2.0.0):No such file or directory
1462405770356	<WARNING 7f59d40b6780> Unable to unlink file (stream.2.1.0):No such file or directory
1462405770358	<WARNING 7f59d40b6780> Unable to unlink file (stream.2.2.0):No such file or directory
1462405770360	<WARNING 7f59d40b6780> Unable to unlink file (stream.2.3.0):No such file or directory
1462405770362	<WARNING 7f59d40b6780> Unable to unlink file (stream.2.4.0):No such file or directory
1462405770364	<WARNING 7f59d40b6780> Unable to unlink file (stream.2.5.0):No such file or directory
1462405770367	<WARNING 7f59d40b6780> Unable to unlink file (stream.2.6.0):No such file or directory
1462405770369	<WARNING 7f59d40b6780> Unable to unlink file (stream.2.7.0):No such file or directory
1462405770371	<WARNING 7f59d40b6780> Unable to unlink file (stream.3.0.0):No such file or directory
1462405770373	<WARNING 7f59d40b6780> Unable to unlink file (stream.3.1.0):No such file or directory
1462405770375	<WARNING 7f59d40b6780> Unable to unlink file (stream.3.2.0):No such file or directory
1462405770377	<WARNING 7f59d40b6780> Unable to unlink file (stream.3.3.0):No such file or directory
1462405770380	<WARNING 7f59d40b6780> Unable to unlink file (stream.3.4.0):No such file or directory
1462405770382	<WARNING 7f59d40b6780> Unable to unlink file (stream.3.5.0):No such file or directory
1462405770384	<WARNING 7f59d40b6780> Unable to unlink file (stream.3.6.0):No such file or directory
1462405770386	<WARNING 7f59d40b6780> Unable to unlink file (stream.3.7.0):No such file or directory
1462405770388	<INFO 7f59d40b6780> SLIPSTORE::ZMQ_THREADS 2
1462405770390	<INFO 7f59d40b6780> SLIPSTORE::COMM Connecting to tcp://dco-node137-10g:5016
1462405770392	<INFO 7f59d40b6780> SLIPSTORE::COMM Connecting to tcp://dco-node138-10g:5034
1462405770394	<INFO 7f59d40b6780> SLIPSTORE::COMM Connecting to tcp://dco-node139-10g:5052
1462405770397	<INFO 7f59d40b6780> SLIPSTORE::COMM Connecting to tcp://dco-node140-10g:5070
1462405770399	<INFO 7f59d40b6780> SLIPSTORE::COMM Connecting to tcp://dco-node141-10g:5088
1462405770401	<INFO 7f59d40b6780> SLIPSTORE::COMM Connecting to tcp://dco-node142-10g:5106
1462405770403	<INFO 7f59d40b6780> SLIPSTORE::COMM Connecting to tcp://dco-node143-10g:5124
1462405770405	<INFO 7f59d40b6780> SLIPSTORE::COMM Connecting to tcp://dco-node144-10g:5142
1462405770407	<INFO 7f59d40b6780> SLIPSTORE::COMM Listening at tcp://p1p1:5080
1462405770409	<INFO 7f59d40b6780> SLIPSTORE::COMM Listening at tcp://p1p1:5081
1462405770412	<INFO 7f59d40b6780> SLIPSTORE::COMM Listening at tcp://p1p1:5082
1462405770414	<INFO 7f59d40b6780> SLIPSTORE::COMM Listening at tcp://p1p1:5083
1462405770416	<INFO 7f59d40b6780> SLIPSTORE::COMM Listening at ipc://client
1462405770418	<INFO 7f59d40b6780> SLIPSTORE::COMM Listening at tcp://p1p1:5085
1462405770420	<INFO 7f59d40b6780> SLIPSTORE::COMM Listening at tcp://p1p1:5086
1462405770422	<INFO 7f59d40b6780> SLIPSTORE::COMM Listening at tcp://p1p1:5087
1462405770424	<INFO 7f59d40b6780> SLIPSTORE::COMM Connecting to tcp://dco-node137-10g:5016
1462405770426	<INFO 7f59d40b6780> SLIPSTORE::COMM Connecting to tcp://dco-node138-10g:5034
1462405770429	<INFO 7f59d40b6780> SLIPSTORE::COMM Connecting to tcp://dco-node139-10g:5052
1462405770431	<INFO 7f59d40b6780> SLIPSTORE::COMM Connecting to tcp://dco-node140-10g:5070
1462405770433	<INFO 7f59d40b6780> SLIPSTORE::COMM Connecting to tcp://dco-node141-10g:5088
1462405770435	<INFO 7f59d40b6780> SLIPSTORE::COMM Connecting to tcp://dco-node142-10g:5106
1462405770437	<INFO 7f59d40b6780> SLIPSTORE::COMM Connecting to tcp://dco-node143-10g:5124
1462405770439	<INFO 7f59d40b6780> SLIPSTORE::COMM Connecting to tcp://dco-node144-10g:5142
1462405770441	<INFO 7f59d40b6780> SLIPSTORE::COMM Connecting to tcp://dco-node137-10g:5004
1462405770443	<INFO 7f59d40b6780> SLIPSTORE::COMM Connecting to tcp://dco-node138-10g:5022
1462405770446	<INFO 7f59d40b6780> SLIPSTORE::COMM Connecting to tcp://dco-node139-10g:5040
1462405770448	<INFO 7f59d40b6780> SLIPSTORE::COMM Connecting to tcp://dco-node140-10g:5058
1462405770450	<INFO 7f59d40b6780> SLIPSTORE::COMM Connecting to ipc://server
1462405770452	<INFO 7f59d40b6780> SLIPSTORE::COMM Connecting to tcp://dco-node142-10g:5094
1462405770454	<INFO 7f59d40b6780> SLIPSTORE::COMM Connecting to tcp://dco-node143-10g:5112
1462405770456	<INFO 7f59d40b6780> SLIPSTORE::COMM Connecting to tcp://dco-node144-10g:5130
1462405770458	<INFO 7f59d40b6780> SLIPSTORE::COMM Connecting to tcp://dco-node142-10g:5107
1462405770460	<INFO 7f59d40b6780> SLIPSTORE::COMM Listening at tcp://p1p1:5089
1462405770462	<INFO 7f59d40b6780> SLIPSTORE::COMM Connecting to tcp://dco-node141-10g:5088
1462405770464	<INFO 7f59d40b6780> SLIPSTORE::HELP_POLICY NONE
1462405770467	<INFO 7f59d40b6780> SLIPSTORE::SERVER ASYNC
1462405770469	<INFO 7f59d40b6780> SLIPSTORE::MACHINES 8
1462405770472	<INFO 7f59d40b6780> SLIPSTORE::ME 4
1462405770474	<INFO 7f59d40b6780> SLIPSTORE::SLIPCHUNK 4194304
1462405770476	<INFO 7f59d40b6780> SLIPSTORE::QUOTA 18446744073709551615
1462405770479	<INFO 7f59d40b6780> SLIPSTORE::IO PAGECACHE
1462405770481	<INFO 7f3bb67f9700> SLIPSTORE::COMM Listening at tcp://p1p1:5088
1462405770483	<INFO 7f3bb67f9700> SLIPSTORE::COMM Listening at tcp://p1p1:5072
1462405770486	<INFO 7f3bb67f9700> SLIPSTORE::COMM Connecting to tcp://dco-node137-10g:5012
1462405770488	<INFO 7f3bb67f9700> SLIPSTORE::COMM Listening at tcp://p1p1:5073
1462405770490	<INFO 7f3bb67f9700> SLIPSTORE::COMM Connecting to tcp://dco-node138-10g:5030
1462405770492	<INFO 7f3bb67f9700> SLIPSTORE::COMM Listening at tcp://p1p1:5074
1462405770495	<INFO 7f3bb67f9700> SLIPSTORE::COMM Connecting to tcp://dco-node139-10g:5048
1462405770497	<INFO 7f3bb67f9700> SLIPSTORE::COMM Listening at tcp://p1p1:5075
1462405770499	<INFO 7f3bb67f9700> SLIPSTORE::COMM Connecting to tcp://dco-node140-10g:5066
1462405770502	<INFO 7f3bb67f9700> SLIPSTORE::COMM Listening at ipc://server
1462405770504	<INFO 7f3bb67f9700> SLIPSTORE::COMM Connecting to ipc://client
1462405770506	<INFO 7f3bb67f9700> SLIPSTORE::COMM Listening at tcp://p1p1:5077
1462405770508	<INFO 7f3bb67f9700> SLIPSTORE::COMM Connecting to tcp://dco-node142-10g:5102
1462405770510	<INFO 7f3bb67f9700> SLIPSTORE::COMM Listening at tcp://p1p1:5078
1462405770513	<INFO 7f3bb67f9700> SLIPSTORE::COMM Connecting to tcp://dco-node143-10g:5120
1462405770515	<INFO 7f3bb67f9700> SLIPSTORE::COMM Listening at tcp://p1p1:5079
1462405770517	<INFO 7f3bb67f9700> SLIPSTORE::COMM Connecting to tcp://dco-node144-10g:5138
1462405771165	<INFO 7f59d40b6780> SLIPSTORE::CHECKPOINTS NONE FOUND
1462405771167	<INFO 7f59d40b6780> 2016-05-05 01:49:31 Start edge split
1462405858833	<INFO 7f59d40b6780> 2016-05-05 01:50:58 Completed init
1462405863120	<INFO 7f59d40b6780> 2016-05-05 01:51:03 Started gather
1462405864126	<INFO 7f59d40b6780> 2016-05-05 01:51:04 Completed gather
1462405866832	<INFO 7f59d40b6780> 2016-05-05 01:51:06 Started scatter
1462405899586	<INFO 7f59d40b6780> 2016-05-05 01:51:39 Completed scatter
1462405900894	<INFO 7f59d40b6780> 2016-05-05 01:51:40 Completed phase 1 Bytes read 13168658532 Bytes written 6726207588
1462405907902	<INFO 7f59d40b6780> 2016-05-05 01:51:47 Started gather
1462405907906	<INFO 7f59d40b6780> 2016-05-05 01:51:47 Completed gather
1462405907929	<INFO 7f59d40b6780> 2016-05-05 01:51:47 Started gather
1462405979551	<INFO 7f59d40b6780> 2016-05-05 01:52:59 Completed gather
1462405982067	<INFO 7f59d40b6780> 2016-05-05 01:53:02 Completed phase 2 Bytes read 19894866120 Bytes written 11434035476
1462405993203	<INFO 7f59d40b6780> 2016-05-05 01:53:13 Started gather
1462406015725	<INFO 7f59d40b6780> 2016-05-05 01:53:35 Completed gather
1462406023928	<INFO 7f59d40b6780> 2016-05-05 01:53:43 Started scatter
1462406092739	<INFO 7f59d40b6780> 2016-05-05 01:54:52 Completed scatter
1462406097015	<INFO 7f59d40b6780> 2016-05-05 01:54:57 Completed phase 3 Bytes read 30970451444 Bytes written 16075545036
1462406108935	<INFO 7f59d40b6780> 2016-05-05 01:55:08 Started gather
1462406132271	<INFO 7f59d40b6780> 2016-05-05 01:55:32 Completed gather
1462406139636	<INFO 7f59d40b6780> 2016-05-05 01:55:39 Started scatter
1462406207761	<INFO 7f59d40b6780> 2016-05-05 01:56:47 Completed scatter
1462406210258	<INFO 7f59d40b6780> 2016-05-05 01:56:50 Completed phase 4 Bytes read 41979718440 Bytes written 20712870932
1462406222343	<INFO 7f59d40b6780> 2016-05-05 01:57:02 Started gather
1462406245589	<INFO 7f59d40b6780> 2016-05-05 01:57:25 Completed gather
1462406252900	<INFO 7f59d40b6780> 2016-05-05 01:57:32 Started scatter
1462406321714	<INFO 7f59d40b6780> 2016-05-05 01:58:41 Completed scatter
1462406323827	<INFO 7f59d40b6780> 2016-05-05 01:58:43 Completed phase 5 Bytes read 52984801772 Bytes written 25411342116
1462406336289	<INFO 7f59d40b6780> 2016-05-05 01:58:56 Started gather
1462406360367	<INFO 7f59d40b6780> 2016-05-05 01:59:20 Completed gather
1462406366845	<INFO 7f59d40b6780> 2016-05-05 01:59:26 Started scatter
1462406435724	<INFO 7f59d40b6780> 2016-05-05 02:00:35 Completed scatter
1462406439205	<INFO 7f59d40b6780> 2016-05-05 02:00:39 Completed phase 6 Bytes read 64051030392 Bytes written 30094780924
1462406451065	<INFO 7f59d40b6780> 2016-05-05 02:00:51 Started gather
1462406474702	<INFO 7f59d40b6780> 2016-05-05 02:01:14 Completed gather
1462406481326	<INFO 7f59d40b6780> 2016-05-05 02:01:21 Started scatter
1462406550982	<INFO 7f59d40b6780> 2016-05-05 02:02:30 Completed scatter
1462406553437	<INFO 7f59d40b6780> 2016-05-05 02:02:33 Completed phase 7 Bytes read 75102226636 Bytes written 34895629700
1462406553485	<INFO 7f59d40b6780> CORE::PARTITIONS_PROCESSED 654
1462406553489	<INFO 7f59d40b6780> CORE::BYTES::EDGES_STREAMED 5381968752
1462406553491	<INFO 7f59d40b6780> CORE::BYTES::UPDATES_OUT 3078966000
1462406553493	<INFO 7f59d40b6780> CORE::BYTES::UPDATES_IN 2669528336
1462406553496	<INFO 7f3babfff700> CORE::PARTITIONS_PROCESSED 1120
1462406553498	<INFO 7f3baa7fc700> CORE::PARTITIONS_PROCESSED 1505
1462406553500	<INFO 7f3babfff700> CORE::BYTES::EDGES_STREAMED 4772675136
1462406553502	<INFO 7f3baa7fc700> CORE::BYTES::EDGES_STREAMED 5062717788
1462406553504	<INFO 7f3babfff700> CORE::BYTES::UPDATES_OUT 2728644704
1462406553506	<INFO 7f3baa7fc700> CORE::BYTES::UPDATES_OUT 2898918816
1462406553509	<INFO 7f3babfff700> CORE::BYTES::UPDATES_IN 2340023960
1462406553512	<INFO 7f3baa7fc700> CORE::BYTES::UPDATES_IN 2109251136
1462406553514	<INFO 7f3bab7fe700> CORE::PARTITIONS_PROCESSED 1240
1462406553516	<INFO 7f3ba9ffb700> CORE::PARTITIONS_PROCESSED 600
1462406553518	<INFO 7f3bb57f7700> CORE::PARTITIONS_PROCESSED 649
1462406553521	<INFO 7f3baaffd700> CORE::PARTITIONS_PROCESSED 1165
1462406553523	<INFO 7f3bb4ff6700> CORE::PARTITIONS_PROCESSED 1387
1462406553525	<INFO 7f3ba9ffb700> CORE::BYTES::EDGES_STREAMED 5807363076
1462406553528	<INFO 7f3baaffd700> CORE::BYTES::EDGES_STREAMED 6686991960
1462406553530	<INFO 7f3bb57f7700> CORE::BYTES::EDGES_STREAMED 5509890888
1462406553533	<INFO 7f3bb4ff6700> CORE::BYTES::EDGES_STREAMED 4511769540
1462406553535	<INFO 7f3ba9ffb700> CORE::BYTES::UPDATES_OUT 3230856232
1462406553537	<INFO 7f3bab7fe700> CORE::BYTES::EDGES_STREAMED 7677664116
1462406553539	<INFO 7f3ba9ffb700> CORE::BYTES::UPDATES_IN 2305958048
1462406553542	<INFO 7f3bb4ff6700> CORE::BYTES::UPDATES_OUT 2601882224
1462406553544	<INFO 7f3baaffd700> CORE::BYTES::UPDATES_OUT 3860295056
1462406553547	<INFO 7f3bab7fe700> CORE::BYTES::UPDATES_OUT 4388696192
1462406553549	<INFO 7f3baaffd700> CORE::BYTES::UPDATES_IN 3200952640
1462406553552	<INFO 7f3bb57f7700> CORE::BYTES::UPDATES_OUT 3160907208
1462406553555	<INFO 7f3bab7fe700> CORE::BYTES::UPDATES_IN 4168322240
1462406553557	<INFO 7f3bb4ff6700> CORE::BYTES::UPDATES_IN 2173420880
1462406553559	<INFO 7f3bb57f7700> CORE::BYTES::UPDATES_IN 2655090360
1462406553562	<INFO 7f3bb67f9700> SLIPSTORE service is exiting
1462406553564	<INFO 7f3bb67f9700> SLIPSTORE::HELP_OFFERS_RECVD 98
1462406553566	<INFO 7f3bb67f9700> SLIPSTORE::HELP_OFFERS_ACCEPTED 0
1462406553568	<INFO 7f3bb67f9700> SLIPSTORE::HELP_ACCEPTANCE_RATIO 0
1462406553571	<INFO 7f3bb67f9700> SLIPSTORE::SERVER_BUSY_DISK  637.485 seconds
1462406553573	<INFO 7f3bb67f9700> SLIPSTORE::SERVER_BUSY_MEM  0 seconds
1462406553575	<INFO 7f3bb67f9700> SLIPSTORE::SERVER_TOTAL  783.108 seconds
1462406553578	<INFO 7f59d40b6780> SLIPSTORE::CLIENT::DISK_READ_TIME  480.099 seconds
1462406553580	<INFO 7f59d40b6780> SLIPSTORE::CLIENT::MEM_READ_TIME  0 seconds
1462406553582	<INFO 7f59d40b6780> SLIPSTORE::CLIENT::DISK_BYTES_READ 75947442164
1462406553584	<INFO 7f59d40b6780> SLIPSTORE::CLIENT::MEM_BYTES_READ 0
1462406553587	<INFO 7f59d40b6780> SLIPSTORE::CLIENT::WRITE_TIME  193.326 seconds
1462406553589	<INFO 7f59d40b6780> SLIPSTORE::CLIENT::BYTES_WRITTEN 2509151064
1462406553592	<INFO 7f59d40b6780> SLIPSTORE::CLIENT_BUSY  673.425 seconds
1462406553594	<INFO 7f59d40b6780> SLIPSTORE::IO::TIME 450.752 seconds
1462406553596	<INFO 7f59d40b6780> SLIPSTORE::SNAP::TIME 0 seconds
1462406553599	<INFO 7f59d40b6780> SLIPSTORE::MAX_DISK_USAGE_BYTES 11168606212
1462406555184	<INFO 7f59d40b6780> CORE::RUSAGE::MAX_RSS_KB 125940560
1462406555187	<INFO 7f59d40b6780> CORE::RUSAGE::MINFLT 56015101
1462406555189	<INFO 7f59d40b6780> CORE::RUSAGE::MAJFLT 3
1462406555191	<INFO 7f59d40b6780> CORE::RUSAGE::MAJFLT 3
1462406555193	<INFO 7f59d40b6780> CORE::RUSAGE::INBLK 142733456
1462406555195	<INFO 7f59d40b6780> CORE::RUSAGE::OUBLK 68164680
1462406555198	<INFO 7f59d40b6780> CORE::UTILS::BYTES_READ 75102226636
1462406555201	<INFO 7f59d40b6780> CORE::UTILS::BYTES_WRITTEN 34895629700
1462406555204	<INFO 7f59d40b6780> CORE::UTILS::TILE_COPY_BYTES 2509151064
1462406555206	<INFO 7f59d40b6780> CORE::TIME::IO_WAIT 498.983 seconds
1462406555208	<INFO 7f59d40b6780> CORE::TIME_TILE_COPY 0 seconds
1462406555210	<INFO 7f59d40b6780> CORE::TIME_TILE_MERGE 0 seconds
1462406555212	<INFO 7f59d40b6780> CORE::TIME_PROCESSING_STOLEN 0 seconds
1462406555215	<INFO 7f59d40b6780> CORE::TIME_MERGE_WAIT 0 seconds
1462406555217	<INFO 7f59d40b6780> CORE::OTHER_TIME_ALL_MC_BARRIER 0 seconds
1462406555219	<INFO 7f59d40b6780> CORE::SCATTER_TIME_ALL_MC_BARRIER 13.7404 seconds
1462406555222	<INFO 7f59d40b6780> CORE::GATHER_TIME_ALL_MC_BARRIER 2.10843 seconds
1462406555224	<INFO 7f59d40b6780> CORE::INIT_TIME_ALL_MC_BARRIER 1.0375 seconds
1462406555226	<INFO 7f59d40b6780> CORE::SHUT_DOWN_TIME_ALL_MC_BARRIER 0.002796 seconds
1462406555229	<INFO 7f59d40b6780> CORE::STREAM_SKIP_BEFORE_TIME_ALL_MC_BARRIER 52.3438 seconds
1462406555231	<INFO 7f59d40b6780> CORE::TAKE_CHECKPOINT_BEFORE_TIME_ALL_MC_BARRIER 0 seconds
1462406555234	<INFO 7f59d40b6780> CORE::TAKE_CHECKPOINT_COMPLETE_TIME_ALL_MC_BARRIER 0 seconds
1462406555236	<INFO 7f59d40b6780> CORE::METADATA_WRITE_COMPLETE_TIME_ALL_MC_BARRIER 0 seconds
1462406555238	<INFO 7f59d40b6780> CORE::STREAM_EOF_BEFORE_TIME_ALL_MC_BARRIER 0 seconds
1462406555241	<INFO 7f59d40b6780> CORE::STREAM_EOF_AFTER_TIME_ALL_MC_BARRIER 0 seconds
1462406555243	<INFO 7f59d40b6780> CORE::STATE_LOAD_TIME_ALL_MC_BARRIER 0 seconds
1462406555245	<INFO 7f59d40b6780> CORE::STATE_STORE_TIME_ALL_MC_BARRIER 0 seconds
1462406555247	<INFO 7f59d40b6780> CORE::PHASES 7
1462406555250	<INFO 7f59d40b6780> CORE::TIME::SETUP 4.2915 seconds
1462406555252	<INFO 7f59d40b6780> CORE::TIME::STATE_ITER 18.293 seconds
1462406555254	<INFO 7f59d40b6780> CORE::TIME::GATHER 208.853 seconds
1462406555256	<INFO 7f59d40b6780> CORE::TIME::SCATTER 467.192 seconds
1462406555259	<INFO 7f59d40b6780> CORE::TIME::WALL 786.613 seconds
1462406555261	<INFO 7f59d40b6780> SHUTDOWN
